Phantom already exists, skipping: cuboid_phantom_3_normal.npy

################################################################################
Running cuboid=normal scenario=G2 N_ANGLES=3, K=3
view   0 | SOD= 570.046 mm | SDD= 696.006 mm | M= 1.221 | incident=0.2470°
[[ 119.47323    -557.34204      -7.        ]
 [ -25.864782    123.32077      -7.        ]
 [   0.14616601    0.03186934    0.        ]
 [   0.            0.            0.1496    ]]
          image          x1          y1  area1          x2          y2  area2          x3          y3  area3
0  proj_000.png  501.449809  210.914867    787  447.716954  434.892241    696  501.432398  666.011480    784
1  proj_001.png  334.078762  218.084388    711  616.575067  437.286863    746  334.080056  653.978933    712
2  proj_002.png  585.867503  219.578801    717  356.848249  437.878080    771  585.864903  651.377437    718

============================================================
Iteration 0
============================================================
Theta offsets (Unity frame):
  Source   : dSx=   0.000, dSy=   0.000, dSz=   0.000  (mm)
  Object   : dOx=   0.000, dOy=   0.000, dOz=   0.000  (mm)
  Object offset: offset_x=   0.000, offset_z=   0.000  (mm)
  Detector : dDx=   0.000, dDy=   0.000, dDz=   0.000  (mm)
  Obj Stage rotY :    0.000 deg
============================================================

Unity geometry (world coordinates):
  Source   : x=  -2.000, y=  47.000, z=   0.000
  Object   : x=  14.000, y=  32.000, z= 592.000
  Detector : x=   1.000, y=  47.000, z= 696.000
  Obj rotY :   0.0000 deg
view   0 | SOD= 592.406 mm | SDD= 696.006 mm | M= 1.175 | incident=0.2470°
[[ -16.     -592.      -15.    ]
 [ -13.      104.      -15.    ]
 [   0.1496    0.        0.    ]
 [   0.        0.        0.1496]]
Residual vector length: 27, Jacobian shape: (27, 6)
view   0 | SOD= 571.600 mm | SDD= 696.006 mm | M= 1.218 | incident=0.2470°
[[ 128.0188     -557.0412       -6.5145187 ]
 [ -25.711565    121.77542      -6.5145187 ]
 [   0.14576142    0.03367147    0.        ]
 [   0.            0.            0.1496    ]]

iter 00 cost=76380.162389 -> 444.143873 |dtheta|=3.008415e+01  lambda=0.000e+00

============================================================
Iteration 1
============================================================
Theta offsets (Unity frame):
  Source   : dSx=   0.000, dSy=   0.000, dSz=   0.000  (mm)
  Object   : dOx= -14.316, dOy=   8.485, dOz= -21.376  (mm)
  Object offset: offset_x=  -1.041, offset_z=   0.938  (mm)
  Detector : dDx=   0.000, dDy=   0.000, dDz=   0.000  (mm)
  Obj Stage rotY :   13.007 deg
============================================================

Unity geometry (world coordinates):
  Source   : x=  -2.000, y=  47.000, z=   0.000
  Object   : x=  -0.316, y=  40.485, z= 570.624
  Detector : x=   1.000, y=  47.000, z= 696.000
  Obj rotY :   0.0000 deg
view   0 | SOD= 571.600 mm | SDD= 696.006 mm | M= 1.218 | incident=0.2470°
[[ 128.0188     -557.0412       -6.5145187 ]
 [ -25.711565    121.77542      -6.5145187 ]
 [   0.14576142    0.03367147    0.        ]
 [   0.            0.            0.1496    ]]
Residual vector length: 27, Jacobian shape: (27, 6)
view   0 | SOD= 569.000 mm | SDD= 696.006 mm | M= 1.223 | incident=0.2470°
[[ 130.02174    -553.9001       -7.101856  ]
 [ -28.320057    123.85568      -7.101856  ]
 [   0.14552914    0.03466167    0.        ]
 [   0.            0.            0.1496    ]]

iter 01 cost=444.143873 -> 93.317673 |dtheta|=2.342013e+00  lambda=1.000e-06

============================================================
Iteration 2
============================================================
Theta offsets (Unity frame):
  Source   : dSx=   0.000, dSy=   0.000, dSz=   0.000  (mm)
  Object   : dOx= -13.807, dOy=   7.898, dOz= -23.327  (mm)
  Object offset: offset_x=  -0.341, offset_z=   0.280  (mm)
  Detector : dDx=   0.000, dDy=   0.000, dDz=   0.000  (mm)
  Obj Stage rotY :   13.397 deg
============================================================

Unity geometry (world coordinates):
  Source   : x=  -2.000, y=  47.000, z=   0.000
  Object   : x=   0.193, y=  39.898, z= 568.673
  Detector : x=   1.000, y=  47.000, z= 696.000
  Obj rotY :   0.0000 deg
view   0 | SOD= 569.000 mm | SDD= 696.006 mm | M= 1.223 | incident=0.2470°
[[ 130.02174    -553.9001       -7.101856  ]
 [ -28.320057    123.85568      -7.101856  ]
 [   0.14552914    0.03466167    0.        ]
 [   0.            0.            0.1496    ]]
Residual vector length: 27, Jacobian shape: (27, 6)
view   0 | SOD= 569.437 mm | SDD= 696.006 mm | M= 1.222 | incident=0.2470°
[[ 122.674286   -556.02234      -6.979969  ]
 [ -27.05083     123.6889       -6.979969  ]
 [   0.14595743    0.03281142    0.        ]
 [   0.            0.            0.1496    ]]

iter 02 cost=93.317673 -> 10.593731 |dtheta|=1.180815e+00  lambda=1.000e-06

============================================================
Iteration 3
============================================================
Theta offsets (Unity frame):
  Source   : dSx=   0.000, dSy=   0.000, dSz=   0.000  (mm)
  Object   : dOx= -13.880, dOy=   8.020, dOz= -22.601  (mm)
  Object offset: offset_x=   0.144, offset_z=  -0.009  (mm)
  Detector : dDx=   0.000, dDy=   0.000, dDz=   0.000  (mm)
  Obj Stage rotY :   12.670 deg
============================================================

Unity geometry (world coordinates):
  Source   : x=  -2.000, y=  47.000, z=   0.000
  Object   : x=   0.120, y=  40.020, z= 569.399
  Detector : x=   1.000, y=  47.000, z= 696.000
  Obj rotY :   0.0000 deg
view   0 | SOD= 569.437 mm | SDD= 696.006 mm | M= 1.222 | incident=0.2470°
[[ 122.674286   -556.02234      -6.979969  ]
 [ -27.05083     123.6889       -6.979969  ]
 [   0.14595743    0.03281142    0.        ]
 [   0.            0.            0.1496    ]]
Residual vector length: 27, Jacobian shape: (27, 6)
view   0 | SOD= 570.220 mm | SDD= 696.006 mm | M= 1.221 | incident=0.2470°
[[ 121.32517    -557.1198       -6.9819145 ]
 [ -26.272442    123.0566       -6.9819145 ]
 [   0.14605938    0.03235457    0.        ]
 [   0.            0.            0.1496    ]]

iter 03 cost=10.593731 -> 1.385782 |dtheta|=8.189608e-01  lambda=1.000e-06

============================================================
Iteration 4
============================================================
Theta offsets (Unity frame):
  Source   : dSx=   0.000, dSy=   0.000, dSz=   0.000  (mm)
  Object   : dOx= -14.012, dOy=   8.018, dOz= -21.819  (mm)
  Object offset: offset_x=   0.048, offset_z=  -0.007  (mm)
  Detector : dDx=   0.000, dDy=   0.000, dDz=   0.000  (mm)
  Obj Stage rotY :   12.490 deg
============================================================

Unity geometry (world coordinates):
  Source   : x=  -2.000, y=  47.000, z=   0.000
  Object   : x=  -0.012, y=  40.018, z= 570.181
  Detector : x=   1.000, y=  47.000, z= 696.000
  Obj rotY :   0.0000 deg
view   0 | SOD= 570.220 mm | SDD= 696.006 mm | M= 1.221 | incident=0.2470°
[[ 121.32517    -557.1198       -6.9819145 ]
 [ -26.272442    123.0566       -6.9819145 ]
 [   0.14605938    0.03235457    0.        ]
 [   0.            0.            0.1496    ]]
Residual vector length: 27, Jacobian shape: (27, 6)
view   0 | SOD= 569.976 mm | SDD= 696.006 mm | M= 1.221 | incident=0.2470°
[[ 119.920685   -557.1742       -7.002716  ]
 [ -25.972828    123.36979      -7.002716  ]
 [   0.14613995    0.03198864    0.        ]
 [   0.            0.            0.1496    ]]

iter 04 cost=1.385782 -> 0.153770 |dtheta|=2.902917e-01  lambda=1.000e-06

============================================================
Iteration 5
============================================================
Theta offsets (Unity frame):
  Source   : dSx=   0.000, dSy=   0.000, dSz=   0.000  (mm)
  Object   : dOx= -14.001, dOy=   7.997, dOz= -22.064  (mm)
  Object offset: offset_x=  -0.007, offset_z=  -0.006  (mm)
  Detector : dDx=   0.000, dDy=   0.000, dDz=   0.000  (mm)
  Obj Stage rotY :   12.347 deg
============================================================

Unity geometry (world coordinates):
  Source   : x=  -2.000, y=  47.000, z=   0.000
  Object   : x=  -0.001, y=  39.997, z= 569.936
  Detector : x=   1.000, y=  47.000, z= 696.000
  Obj rotY :   0.0000 deg
view   0 | SOD= 569.976 mm | SDD= 696.006 mm | M= 1.221 | incident=0.2470°
[[ 119.920685   -557.1742       -7.002716  ]
 [ -25.972828    123.36979      -7.002716  ]
 [   0.14613995    0.03198864    0.        ]
 [   0.            0.            0.1496    ]]
Residual vector length: 27, Jacobian shape: (27, 6)
view   0 | SOD= 570.136 mm | SDD= 696.006 mm | M= 1.221 | incident=0.2470°
[[ 119.446526   -557.43945      -7.0049896 ]
 [ -25.840374    123.23425      -7.0049896 ]
 [   0.14616841    0.03185837    0.        ]
 [   0.            0.            0.1496    ]]

iter 05 cost=0.153770 -> 0.043998 |dtheta|=1.697282e-01  lambda=1.000e-06

============================================================
Iteration 6
============================================================
Theta offsets (Unity frame):
  Source   : dSx=   0.000, dSy=   0.000, dSz=   0.000  (mm)
  Object   : dOx= -14.002, dOy=   7.995, dOz= -21.903  (mm)
  Object offset: offset_x=   0.006, offset_z=  -0.008  (mm)
  Detector : dDx=   0.000, dDy=   0.000, dDz=   0.000  (mm)
  Obj Stage rotY :   12.296 deg
============================================================

Unity geometry (world coordinates):
  Source   : x=  -2.000, y=  47.000, z=   0.000
  Object   : x=  -0.002, y=  39.995, z= 570.097
  Detector : x=   1.000, y=  47.000, z= 696.000
  Obj rotY :   0.0000 deg
view   0 | SOD= 570.136 mm | SDD= 696.006 mm | M= 1.221 | incident=0.2470°
[[ 119.446526   -557.43945      -7.0049896 ]
 [ -25.840374    123.23425      -7.0049896 ]
 [   0.14616841    0.03185837    0.        ]
 [   0.            0.            0.1496    ]]
Residual vector length: 27, Jacobian shape: (27, 6)
view   0 | SOD= 570.060 mm | SDD= 696.006 mm | M= 1.221 | incident=0.2470°
[[ 119.41862    -557.3674       -7.001053  ]
 [ -25.850988    123.31006      -7.001053  ]
 [   0.14616922    0.03185466    0.        ]
 [   0.            0.            0.1496    ]]

iter 06 cost=0.043998 -> 0.045364 |dtheta|=8.073516e-02  lambda=1.000e-06

============================================================
Iteration 7
============================================================
Theta offsets (Unity frame):
  Source   : dSx=   0.000, dSy=   0.000, dSz=   0.000  (mm)
  Object   : dOx= -14.002, dOy=   7.995, dOz= -21.903  (mm)
  Object offset: offset_x=   0.006, offset_z=  -0.008  (mm)
  Detector : dDx=   0.000, dDy=   0.000, dDz=   0.000  (mm)
  Obj Stage rotY :   12.296 deg
============================================================

Unity geometry (world coordinates):
  Source   : x=  -2.000, y=  47.000, z=   0.000
  Object   : x=  -0.002, y=  39.995, z= 570.097
  Detector : x=   1.000, y=  47.000, z= 696.000
  Obj rotY :   0.0000 deg
view   0 | SOD= 570.136 mm | SDD= 696.006 mm | M= 1.221 | incident=0.2470°
[[ 119.446526   -557.43945      -7.0049896 ]
 [ -25.840374    123.23425      -7.0049896 ]
 [   0.14616841    0.03185837    0.        ]
 [   0.            0.            0.1496    ]]
Residual vector length: 27, Jacobian shape: (27, 6)
view   0 | SOD= 570.060 mm | SDD= 696.006 mm | M= 1.221 | incident=0.2470°
[[ 119.41862    -557.3674       -7.001053  ]
 [ -25.850988    123.31006      -7.001053  ]
 [   0.14616922    0.03185466    0.        ]
 [   0.            0.            0.1496    ]]

iter 07 cost=0.043998 -> 0.045364 |dtheta|=8.073509e-02  lambda=5.000e-06

============================================================
Iteration 8
============================================================
Theta offsets (Unity frame):
  Source   : dSx=   0.000, dSy=   0.000, dSz=   0.000  (mm)
  Object   : dOx= -14.002, dOy=   7.995, dOz= -21.903  (mm)
  Object offset: offset_x=   0.006, offset_z=  -0.008  (mm)
  Detector : dDx=   0.000, dDy=   0.000, dDz=   0.000  (mm)
  Obj Stage rotY :   12.296 deg
============================================================

Unity geometry (world coordinates):
  Source   : x=  -2.000, y=  47.000, z=   0.000
  Object   : x=  -0.002, y=  39.995, z= 570.097
  Detector : x=   1.000, y=  47.000, z= 696.000
  Obj rotY :   0.0000 deg
view   0 | SOD= 570.136 mm | SDD= 696.006 mm | M= 1.221 | incident=0.2470°
[[ 119.446526   -557.43945      -7.0049896 ]
 [ -25.840374    123.23425      -7.0049896 ]
 [   0.14616841    0.03185837    0.        ]
 [   0.            0.            0.1496    ]]
Residual vector length: 27, Jacobian shape: (27, 6)
view   0 | SOD= 570.060 mm | SDD= 696.006 mm | M= 1.221 | incident=0.2470°
[[ 119.41862    -557.3674       -7.001053  ]
 [ -25.850988    123.31006      -7.001053  ]
 [   0.14616922    0.03185466    0.        ]
 [   0.            0.            0.1496    ]]

iter 08 cost=0.043998 -> 0.045364 |dtheta|=8.073471e-02  lambda=2.500e-05

============================================================
Iteration 9
============================================================
Theta offsets (Unity frame):
  Source   : dSx=   0.000, dSy=   0.000, dSz=   0.000  (mm)
  Object   : dOx= -14.002, dOy=   7.995, dOz= -21.903  (mm)
  Object offset: offset_x=   0.006, offset_z=  -0.008  (mm)
  Detector : dDx=   0.000, dDy=   0.000, dDz=   0.000  (mm)
  Obj Stage rotY :   12.296 deg
============================================================

Unity geometry (world coordinates):
  Source   : x=  -2.000, y=  47.000, z=   0.000
  Object   : x=  -0.002, y=  39.995, z= 570.097
  Detector : x=   1.000, y=  47.000, z= 696.000
  Obj rotY :   0.0000 deg
view   0 | SOD= 570.136 mm | SDD= 696.006 mm | M= 1.221 | incident=0.2470°
[[ 119.446526   -557.43945      -7.0049896 ]
 [ -25.840374    123.23425      -7.0049896 ]
 [   0.14616841    0.03185837    0.        ]
 [   0.            0.            0.1496    ]]
Residual vector length: 27, Jacobian shape: (27, 6)
view   0 | SOD= 570.060 mm | SDD= 696.006 mm | M= 1.221 | incident=0.2470°
[[ 119.41862    -557.3674       -7.001053  ]
 [ -25.850988    123.31006      -7.001053  ]
 [   0.14616922    0.03185466    0.        ]
 [   0.            0.            0.1496    ]]

iter 09 cost=0.043998 -> 0.045364 |dtheta|=8.073282e-02  lambda=1.250e-04

============================================================
Iteration 10
============================================================
Theta offsets (Unity frame):
  Source   : dSx=   0.000, dSy=   0.000, dSz=   0.000  (mm)
  Object   : dOx= -14.002, dOy=   7.995, dOz= -21.903  (mm)
  Object offset: offset_x=   0.006, offset_z=  -0.008  (mm)
  Detector : dDx=   0.000, dDy=   0.000, dDz=   0.000  (mm)
  Obj Stage rotY :   12.296 deg
============================================================

Unity geometry (world coordinates):
  Source   : x=  -2.000, y=  47.000, z=   0.000
  Object   : x=  -0.002, y=  39.995, z= 570.097
  Detector : x=   1.000, y=  47.000, z= 696.000
  Obj rotY :   0.0000 deg
view   0 | SOD= 570.136 mm | SDD= 696.006 mm | M= 1.221 | incident=0.2470°
[[ 119.446526   -557.43945      -7.0049896 ]
 [ -25.840374    123.23425      -7.0049896 ]
 [   0.14616841    0.03185837    0.        ]
 [   0.            0.            0.1496    ]]
Residual vector length: 27, Jacobian shape: (27, 6)
view   0 | SOD= 570.060 mm | SDD= 696.006 mm | M= 1.221 | incident=0.2470°
[[ 119.418625   -557.36743      -7.001053  ]
 [ -25.850975    123.31         -7.001053  ]
 [   0.14616922    0.03185466    0.        ]
 [   0.            0.            0.1496    ]]

iter 10 cost=0.043998 -> 0.045364 |dtheta|=8.072339e-02  lambda=6.250e-04

============================================================
Iteration 11
============================================================
Theta offsets (Unity frame):
  Source   : dSx=   0.000, dSy=   0.000, dSz=   0.000  (mm)
  Object   : dOx= -14.002, dOy=   7.995, dOz= -21.903  (mm)
  Object offset: offset_x=   0.006, offset_z=  -0.008  (mm)
  Detector : dDx=   0.000, dDy=   0.000, dDz=   0.000  (mm)
  Obj Stage rotY :   12.296 deg
============================================================

Unity geometry (world coordinates):
  Source   : x=  -2.000, y=  47.000, z=   0.000
  Object   : x=  -0.002, y=  39.995, z= 570.097
  Detector : x=   1.000, y=  47.000, z= 696.000
  Obj rotY :   0.0000 deg
view   0 | SOD= 570.136 mm | SDD= 696.006 mm | M= 1.221 | incident=0.2470°
[[ 119.446526   -557.43945      -7.0049896 ]
 [ -25.840374    123.23425      -7.0049896 ]
 [   0.14616841    0.03185837    0.        ]
 [   0.            0.            0.1496    ]]
Residual vector length: 27, Jacobian shape: (27, 6)
view   0 | SOD= 570.060 mm | SDD= 696.006 mm | M= 1.221 | incident=0.2470°
[[ 119.41861    -557.36743      -7.0010567 ]
 [ -25.850971    123.31         -7.0010567 ]
 [   0.14616922    0.03185465    0.        ]
 [   0.            0.            0.1496    ]]

iter 11 cost=0.043998 -> 0.045364 |dtheta|=8.067626e-02  lambda=3.125e-03

============================================================
Iteration 12
============================================================
Theta offsets (Unity frame):
  Source   : dSx=   0.000, dSy=   0.000, dSz=   0.000  (mm)
  Object   : dOx= -14.002, dOy=   7.995, dOz= -21.903  (mm)
  Object offset: offset_x=   0.006, offset_z=  -0.008  (mm)
  Detector : dDx=   0.000, dDy=   0.000, dDz=   0.000  (mm)
  Obj Stage rotY :   12.296 deg
============================================================

Unity geometry (world coordinates):
  Source   : x=  -2.000, y=  47.000, z=   0.000
  Object   : x=  -0.002, y=  39.995, z= 570.097
  Detector : x=   1.000, y=  47.000, z= 696.000
  Obj rotY :   0.0000 deg
view   0 | SOD= 570.136 mm | SDD= 696.006 mm | M= 1.221 | incident=0.2470°
[[ 119.446526   -557.43945      -7.0049896 ]
 [ -25.840374    123.23425      -7.0049896 ]
 [   0.14616841    0.03185837    0.        ]
 [   0.            0.            0.1496    ]]
Residual vector length: 27, Jacobian shape: (27, 6)
view   0 | SOD= 570.060 mm | SDD= 696.006 mm | M= 1.221 | incident=0.2470°
[[ 119.418594   -557.3677       -7.0010605 ]
 [ -25.8509      123.30977      -7.0010605 ]
 [   0.14616923    0.03185463    0.        ]
 [   0.            0.            0.1496    ]]

iter 12 cost=0.043998 -> 0.045364 |dtheta|=8.044146e-02  lambda=1.562e-02

============================================================
Iteration 13
============================================================
Theta offsets (Unity frame):
  Source   : dSx=   0.000, dSy=   0.000, dSz=   0.000  (mm)
  Object   : dOx= -14.002, dOy=   7.995, dOz= -21.903  (mm)
  Object offset: offset_x=   0.006, offset_z=  -0.008  (mm)
  Detector : dDx=   0.000, dDy=   0.000, dDz=   0.000  (mm)
  Obj Stage rotY :   12.296 deg
============================================================

Unity geometry (world coordinates):
  Source   : x=  -2.000, y=  47.000, z=   0.000
  Object   : x=  -0.002, y=  39.995, z= 570.097
  Detector : x=   1.000, y=  47.000, z= 696.000
  Obj rotY :   0.0000 deg
view   0 | SOD= 570.136 mm | SDD= 696.006 mm | M= 1.221 | incident=0.2470°
[[ 119.446526   -557.43945      -7.0049896 ]
 [ -25.840374    123.23425      -7.0049896 ]
 [   0.14616841    0.03185837    0.        ]
 [   0.            0.            0.1496    ]]
Residual vector length: 27, Jacobian shape: (27, 6)
view   0 | SOD= 570.061 mm | SDD= 696.006 mm | M= 1.221 | incident=0.2470°
[[ 119.418495   -557.36896      -7.001095  ]
 [ -25.850544    123.30859      -7.001095  ]
 [   0.14616925    0.03185453    0.        ]
 [   0.            0.            0.1496    ]]

iter 13 cost=0.043998 -> 0.045364 |dtheta|=7.928799e-02  lambda=7.812e-02

============================================================
Iteration 14
============================================================
Theta offsets (Unity frame):
  Source   : dSx=   0.000, dSy=   0.000, dSz=   0.000  (mm)
  Object   : dOx= -14.002, dOy=   7.995, dOz= -21.903  (mm)
  Object offset: offset_x=   0.006, offset_z=  -0.008  (mm)
  Detector : dDx=   0.000, dDy=   0.000, dDz=   0.000  (mm)
  Obj Stage rotY :   12.296 deg
============================================================

Unity geometry (world coordinates):
  Source   : x=  -2.000, y=  47.000, z=   0.000
  Object   : x=  -0.002, y=  39.995, z= 570.097
  Detector : x=   1.000, y=  47.000, z= 696.000
  Obj rotY :   0.0000 deg
view   0 | SOD= 570.136 mm | SDD= 696.006 mm | M= 1.221 | incident=0.2470°
[[ 119.446526   -557.43945      -7.0049896 ]
 [ -25.840374    123.23425      -7.0049896 ]
 [   0.14616841    0.03185837    0.        ]
 [   0.            0.            0.1496    ]]
Residual vector length: 27, Jacobian shape: (27, 6)
view   0 | SOD= 570.067 mm | SDD= 696.006 mm | M= 1.221 | incident=0.2470°
[[ 119.41802    -557.3745       -7.0012436 ]
 [ -25.848967    123.30344      -7.0012436 ]
 [   0.14616933    0.03185409    0.        ]
 [   0.            0.            0.1496    ]]

iter 14 cost=0.043998 -> 0.045364 |dtheta|=7.399180e-02  lambda=3.906e-01

============================================================
Iteration 15
============================================================
Theta offsets (Unity frame):
  Source   : dSx=   0.000, dSy=   0.000, dSz=   0.000  (mm)
  Object   : dOx= -14.002, dOy=   7.995, dOz= -21.903  (mm)
  Object offset: offset_x=   0.006, offset_z=  -0.008  (mm)
  Detector : dDx=   0.000, dDy=   0.000, dDz=   0.000  (mm)
  Obj Stage rotY :   12.296 deg
============================================================

Unity geometry (world coordinates):
  Source   : x=  -2.000, y=  47.000, z=   0.000
  Object   : x=  -0.002, y=  39.995, z= 570.097
  Detector : x=   1.000, y=  47.000, z= 696.000
  Obj rotY :   0.0000 deg
view   0 | SOD= 570.136 mm | SDD= 696.006 mm | M= 1.221 | incident=0.2470°
[[ 119.446526   -557.43945      -7.0049896 ]
 [ -25.840374    123.23425      -7.0049896 ]
 [   0.14616841    0.03185837    0.        ]
 [   0.            0.            0.1496    ]]
Residual vector length: 27, Jacobian shape: (27, 6)
view   0 | SOD= 570.086 mm | SDD= 696.006 mm | M= 1.221 | incident=0.2470°
[[ 119.4167     -557.39404      -7.0017624 ]
 [ -25.84353     123.28537      -7.0017624 ]
 [   0.14616966    0.03185264    0.        ]
 [   0.            0.            0.1496    ]]

iter 15 cost=0.043998 -> 0.042666 |dtheta|=5.559445e-02  lambda=1.953e+00

============================================================
Iteration 16
============================================================
Theta offsets (Unity frame):
  Source   : dSx=   0.000, dSy=   0.000, dSz=   0.000  (mm)
  Object   : dOx= -14.001, dOy=   7.998, dOz= -21.958  (mm)
  Object offset: offset_x=   0.002, offset_z=  -0.003  (mm)
  Detector : dDx=   0.000, dDy=   0.000, dDz=   0.000  (mm)
  Obj Stage rotY :   12.293 deg
============================================================

Unity geometry (world coordinates):
  Source   : x=  -2.000, y=  47.000, z=   0.000
  Object   : x=  -0.001, y=  39.998, z= 570.042
  Detector : x=   1.000, y=  47.000, z= 696.000
  Obj rotY :   0.0000 deg
view   0 | SOD= 570.086 mm | SDD= 696.006 mm | M= 1.221 | incident=0.2470°
[[ 119.4167     -557.39404      -7.0017624 ]
 [ -25.84353     123.28537      -7.0017624 ]
 [   0.14616966    0.03185264    0.        ]
 [   0.            0.            0.1496    ]]
Residual vector length: 27, Jacobian shape: (27, 6)
view   0 | SOD= 570.067 mm | SDD= 696.006 mm | M= 1.221 | incident=0.2470°
[[ 119.39831    -557.3792       -7.0033684 ]
 [ -25.842905    123.30428      -7.0033684 ]
 [   0.14617054    0.03184856    0.        ]
 [   0.            0.            0.1496    ]]

iter 16 cost=0.042666 -> 0.031374 |dtheta|=1.839922e-02  lambda=6.510e-01

============================================================
Iteration 17
============================================================
Theta offsets (Unity frame):
  Source   : dSx=   0.000, dSy=   0.000, dSz=   0.000  (mm)
  Object   : dOx= -14.002, dOy=   7.997, dOz= -21.976  (mm)
  Object offset: offset_x=   0.002, offset_z=  -0.003  (mm)
  Detector : dDx=   0.000, dDy=   0.000, dDz=   0.000  (mm)
  Obj Stage rotY :   12.292 deg
============================================================

Unity geometry (world coordinates):
  Source   : x=  -2.000, y=  47.000, z=   0.000
  Object   : x=  -0.002, y=  39.997, z= 570.024
  Detector : x=   1.000, y=  47.000, z= 696.000
  Obj rotY :   0.0000 deg
view   0 | SOD= 570.067 mm | SDD= 696.006 mm | M= 1.221 | incident=0.2470°
[[ 119.39831    -557.3792       -7.0033684 ]
 [ -25.842905    123.30428      -7.0033684 ]
 [   0.14617054    0.03184856    0.        ]
 [   0.            0.            0.1496    ]]
Residual vector length: 27, Jacobian shape: (27, 6)
view   0 | SOD= 570.069 mm | SDD= 696.006 mm | M= 1.221 | incident=0.2470°
[[ 119.36848    -557.3872       -7.001728  ]
 [ -25.833532    123.30464      -7.001728  ]
 [   0.14617239    0.03184014    0.        ]
 [   0.            0.            0.1496    ]]

iter 17 cost=0.031374 -> 0.041565 |dtheta|=4.211013e-03  lambda=2.170e-01

============================================================
Iteration 18
============================================================
Theta offsets (Unity frame):
  Source   : dSx=   0.000, dSy=   0.000, dSz=   0.000  (mm)
  Object   : dOx= -14.002, dOy=   7.997, dOz= -21.976  (mm)
  Object offset: offset_x=   0.002, offset_z=  -0.003  (mm)
  Detector : dDx=   0.000, dDy=   0.000, dDz=   0.000  (mm)
  Obj Stage rotY :   12.292 deg
============================================================

Unity geometry (world coordinates):
  Source   : x=  -2.000, y=  47.000, z=   0.000
  Object   : x=  -0.002, y=  39.997, z= 570.024
  Detector : x=   1.000, y=  47.000, z= 696.000
  Obj rotY :   0.0000 deg
view   0 | SOD= 570.067 mm | SDD= 696.006 mm | M= 1.221 | incident=0.2470°
[[ 119.39831    -557.3792       -7.0033684 ]
 [ -25.842905    123.30428      -7.0033684 ]
 [   0.14617054    0.03184856    0.        ]
 [   0.            0.            0.1496    ]]
Residual vector length: 27, Jacobian shape: (27, 6)
view   0 | SOD= 570.069 mm | SDD= 696.006 mm | M= 1.221 | incident=0.2470°
[[ 119.36873    -557.3871       -7.001728  ]
 [ -25.833618    123.30469      -7.001728  ]
 [   0.14617236    0.03184021    0.        ]
 [   0.            0.            0.1496    ]]

iter 18 cost=0.031374 -> 0.041565 |dtheta|=4.171461e-03  lambda=1.085e+00

============================================================
Iteration 19
============================================================
Theta offsets (Unity frame):
  Source   : dSx=   0.000, dSy=   0.000, dSz=   0.000  (mm)
  Object   : dOx= -14.002, dOy=   7.997, dOz= -21.976  (mm)
  Object offset: offset_x=   0.002, offset_z=  -0.003  (mm)
  Detector : dDx=   0.000, dDy=   0.000, dDz=   0.000  (mm)
  Obj Stage rotY :   12.292 deg
============================================================

Unity geometry (world coordinates):
  Source   : x=  -2.000, y=  47.000, z=   0.000
  Object   : x=  -0.002, y=  39.997, z= 570.024
  Detector : x=   1.000, y=  47.000, z= 696.000
  Obj rotY :   0.0000 deg
view   0 | SOD= 570.067 mm | SDD= 696.006 mm | M= 1.221 | incident=0.2470°
[[ 119.39831    -557.3792       -7.0033684 ]
 [ -25.842905    123.30428      -7.0033684 ]
 [   0.14617054    0.03184856    0.        ]
 [   0.            0.            0.1496    ]]
Residual vector length: 27, Jacobian shape: (27, 6)
view   0 | SOD= 570.068 mm | SDD= 696.006 mm | M= 1.221 | incident=0.2470°
[[ 119.37004    -557.38654      -7.0017395 ]
 [ -25.834034    123.30485      -7.0017395 ]
 [   0.14617229    0.03184059    0.        ]
 [   0.            0.            0.1496    ]]

iter 19 cost=0.031374 -> 0.041565 |dtheta|=4.003292e-03  lambda=5.425e+00

============================================================
Iteration 20
============================================================
Theta offsets (Unity frame):
  Source   : dSx=   0.000, dSy=   0.000, dSz=   0.000  (mm)
  Object   : dOx= -14.002, dOy=   7.997, dOz= -21.976  (mm)
  Object offset: offset_x=   0.002, offset_z=  -0.003  (mm)
  Detector : dDx=   0.000, dDy=   0.000, dDz=   0.000  (mm)
  Obj Stage rotY :   12.292 deg
============================================================

Unity geometry (world coordinates):
  Source   : x=  -2.000, y=  47.000, z=   0.000
  Object   : x=  -0.002, y=  39.997, z= 570.024
  Detector : x=   1.000, y=  47.000, z= 696.000
  Obj rotY :   0.0000 deg
view   0 | SOD= 570.067 mm | SDD= 696.006 mm | M= 1.221 | incident=0.2470°
[[ 119.39831    -557.3792       -7.0033684 ]
 [ -25.842905    123.30428      -7.0033684 ]
 [   0.14617054    0.03184856    0.        ]
 [   0.            0.            0.1496    ]]
Residual vector length: 27, Jacobian shape: (27, 6)
view   0 | SOD= 570.068 mm | SDD= 696.006 mm | M= 1.221 | incident=0.2470°
[[ 119.37565    -557.385        -7.001812  ]
 [ -25.835598    123.30483      -7.001812  ]
 [   0.14617196    0.03184212    0.        ]
 [   0.            0.            0.1496    ]]

iter 20 cost=0.031374 -> 0.036377 |dtheta|=3.403431e-03  lambda=2.713e+01

============================================================
Iteration 21
============================================================
Theta offsets (Unity frame):
  Source   : dSx=   0.000, dSy=   0.000, dSz=   0.000  (mm)
  Object   : dOx= -14.002, dOy=   7.997, dOz= -21.976  (mm)
  Object offset: offset_x=   0.002, offset_z=  -0.003  (mm)
  Detector : dDx=   0.000, dDy=   0.000, dDz=   0.000  (mm)
  Obj Stage rotY :   12.292 deg
============================================================

Unity geometry (world coordinates):
  Source   : x=  -2.000, y=  47.000, z=   0.000
  Object   : x=  -0.002, y=  39.997, z= 570.024
  Detector : x=   1.000, y=  47.000, z= 696.000
  Obj rotY :   0.0000 deg
view   0 | SOD= 570.067 mm | SDD= 696.006 mm | M= 1.221 | incident=0.2470°
[[ 119.39831    -557.3792       -7.0033684 ]
 [ -25.842905    123.30428      -7.0033684 ]
 [   0.14617054    0.03184856    0.        ]
 [   0.            0.            0.1496    ]]
Residual vector length: 27, Jacobian shape: (27, 6)
view   0 | SOD= 570.068 mm | SDD= 696.006 mm | M= 1.221 | incident=0.2470°
[[ 119.38752    -557.38214      -7.002083  ]
 [ -25.838955    123.3045       -7.002083  ]
 [   0.14617124    0.03184539    0.        ]
 [   0.            0.            0.1496    ]]

iter 21 cost=0.031374 -> 0.031086 |dtheta|=2.148871e-03  lambda=1.356e+02

============================================================
Iteration 22
============================================================
Theta offsets (Unity frame):
  Source   : dSx=   0.000, dSy=   0.000, dSz=   0.000  (mm)
  Object   : dOx= -14.002, dOy=   7.998, dOz= -21.976  (mm)
  Object offset: offset_x=   0.001, offset_z=  -0.003  (mm)
  Detector : dDx=   0.000, dDy=   0.000, dDz=   0.000  (mm)
  Obj Stage rotY :   12.291 deg
============================================================

Unity geometry (world coordinates):
  Source   : x=  -2.000, y=  47.000, z=   0.000
  Object   : x=  -0.002, y=  39.998, z= 570.024
  Detector : x=   1.000, y=  47.000, z= 696.000
  Obj rotY :   0.0000 deg
view   0 | SOD= 570.068 mm | SDD= 696.006 mm | M= 1.221 | incident=0.2470°
[[ 119.38752    -557.38214      -7.002083  ]
 [ -25.838955    123.3045       -7.002083  ]
 [   0.14617124    0.03184539    0.        ]
 [   0.            0.            0.1496    ]]
Residual vector length: 27, Jacobian shape: (27, 6)
view   0 | SOD= 570.067 mm | SDD= 696.006 mm | M= 1.221 | incident=0.2470°
[[ 119.39639    -557.37976      -7.0026703 ]
 [ -25.84091     123.30452      -7.0026703 ]
 [   0.14617074    0.03184772    0.        ]
 [   0.            0.            0.1496    ]]

iter 22 cost=0.031086 -> 0.026917 |dtheta|=1.525572e-03  lambda=4.521e+01

============================================================
Iteration 23
============================================================
Theta offsets (Unity frame):
  Source   : dSx=   0.000, dSy=   0.000, dSz=   0.000  (mm)
  Object   : dOx= -14.002, dOy=   7.997, dOz= -21.977  (mm)
  Object offset: offset_x=   0.001, offset_z=  -0.002  (mm)
  Detector : dDx=   0.000, dDy=   0.000, dDz=   0.000  (mm)
  Obj Stage rotY :   12.292 deg
============================================================

Unity geometry (world coordinates):
  Source   : x=  -2.000, y=  47.000, z=   0.000
  Object   : x=  -0.002, y=  39.997, z= 570.023
  Detector : x=   1.000, y=  47.000, z= 696.000
  Obj rotY :   0.0000 deg
view   0 | SOD= 570.067 mm | SDD= 696.006 mm | M= 1.221 | incident=0.2470°
[[ 119.39639    -557.37976      -7.0026703 ]
 [ -25.84091     123.30452      -7.0026703 ]
 [   0.14617074    0.03184772    0.        ]
 [   0.            0.            0.1496    ]]
Residual vector length: 27, Jacobian shape: (27, 6)
view   0 | SOD= 570.068 mm | SDD= 696.006 mm | M= 1.221 | incident=0.2470°
[[ 119.40705    -557.37775      -7.0015717 ]
 [ -25.844158    123.30359      -7.0015717 ]
 [   0.14617008    0.0318507     0.        ]
 [   0.            0.            0.1496    ]]

iter 23 cost=0.026917 -> 0.041404 |dtheta|=2.926207e-03  lambda=1.507e+01

============================================================
Iteration 24
============================================================
Theta offsets (Unity frame):
  Source   : dSx=   0.000, dSy=   0.000, dSz=   0.000  (mm)
  Object   : dOx= -14.002, dOy=   7.997, dOz= -21.977  (mm)
  Object offset: offset_x=   0.001, offset_z=  -0.002  (mm)
  Detector : dDx=   0.000, dDy=   0.000, dDz=   0.000  (mm)
  Obj Stage rotY :   12.292 deg
============================================================

Unity geometry (world coordinates):
  Source   : x=  -2.000, y=  47.000, z=   0.000
  Object   : x=  -0.002, y=  39.997, z= 570.023
  Detector : x=   1.000, y=  47.000, z= 696.000
  Obj rotY :   0.0000 deg
view   0 | SOD= 570.067 mm | SDD= 696.006 mm | M= 1.221 | incident=0.2470°
[[ 119.39639    -557.37976      -7.0026703 ]
 [ -25.84091     123.30452      -7.0026703 ]
 [   0.14617074    0.03184772    0.        ]
 [   0.            0.            0.1496    ]]
Residual vector length: 27, Jacobian shape: (27, 6)
view   0 | SOD= 570.067 mm | SDD= 696.006 mm | M= 1.221 | incident=0.2470°
[[ 119.403076   -557.37756      -7.001644  ]
 [ -25.84341     123.3048       -7.001644  ]
 [   0.1461703     0.03184969    0.        ]
 [   0.            0.            0.1496    ]]

iter 24 cost=0.026917 -> 0.041404 |dtheta|=2.126356e-03  lambda=7.535e+01

============================================================
Iteration 25
============================================================
Theta offsets (Unity frame):
  Source   : dSx=   0.000, dSy=   0.000, dSz=   0.000  (mm)
  Object   : dOx= -14.002, dOy=   7.997, dOz= -21.977  (mm)
  Object offset: offset_x=   0.001, offset_z=  -0.002  (mm)
  Detector : dDx=   0.000, dDy=   0.000, dDz=   0.000  (mm)
  Obj Stage rotY :   12.292 deg
============================================================

Unity geometry (world coordinates):
  Source   : x=  -2.000, y=  47.000, z=   0.000
  Object   : x=  -0.002, y=  39.997, z= 570.023
  Detector : x=   1.000, y=  47.000, z= 696.000
  Obj rotY :   0.0000 deg
view   0 | SOD= 570.067 mm | SDD= 696.006 mm | M= 1.221 | incident=0.2470°
[[ 119.39639    -557.37976      -7.0026703 ]
 [ -25.84091     123.30452      -7.0026703 ]
 [   0.14617074    0.03184772    0.        ]
 [   0.            0.            0.1496    ]]
Residual vector length: 27, Jacobian shape: (27, 6)
view   0 | SOD= 570.067 mm | SDD= 696.006 mm | M= 1.221 | incident=0.2470°
[[ 119.39872    -557.37866      -7.0019684 ]
 [ -25.842093    123.30489      -7.0019684 ]
 [   0.14617057    0.03184847    0.        ]
 [   0.            0.            0.1496    ]]

iter 25 cost=0.026917 -> 0.037116 |dtheta|=1.287222e-03  lambda=3.768e+02

============================================================
Iteration 26
============================================================
Theta offsets (Unity frame):
  Source   : dSx=   0.000, dSy=   0.000, dSz=   0.000  (mm)
  Object   : dOx= -14.002, dOy=   7.997, dOz= -21.977  (mm)
  Object offset: offset_x=   0.001, offset_z=  -0.002  (mm)
  Detector : dDx=   0.000, dDy=   0.000, dDz=   0.000  (mm)
  Obj Stage rotY :   12.292 deg
============================================================

Unity geometry (world coordinates):
  Source   : x=  -2.000, y=  47.000, z=   0.000
  Object   : x=  -0.002, y=  39.997, z= 570.023
  Detector : x=   1.000, y=  47.000, z= 696.000
  Obj rotY :   0.0000 deg
view   0 | SOD= 570.067 mm | SDD= 696.006 mm | M= 1.221 | incident=0.2470°
[[ 119.39639    -557.37976      -7.0026703 ]
 [ -25.84091     123.30452      -7.0026703 ]
 [   0.14617074    0.03184772    0.        ]
 [   0.            0.            0.1496    ]]
Residual vector length: 27, Jacobian shape: (27, 6)
view   0 | SOD= 570.067 mm | SDD= 696.006 mm | M= 1.221 | incident=0.2470°
[[ 119.39689    -557.37946      -7.0024033 ]
 [ -25.841272    123.304695     -7.0024033 ]
 [   0.14617069    0.03184791    0.        ]
 [   0.            0.            0.1496    ]]

iter 26 cost=0.026917 -> 0.029664 |dtheta|=4.595193e-04  lambda=1.884e+03

============================================================
Iteration 27
============================================================
Theta offsets (Unity frame):
  Source   : dSx=   0.000, dSy=   0.000, dSz=   0.000  (mm)
  Object   : dOx= -14.002, dOy=   7.997, dOz= -21.977  (mm)
  Object offset: offset_x=   0.001, offset_z=  -0.002  (mm)
  Detector : dDx=   0.000, dDy=   0.000, dDz=   0.000  (mm)
  Obj Stage rotY :   12.292 deg
============================================================

Unity geometry (world coordinates):
  Source   : x=  -2.000, y=  47.000, z=   0.000
  Object   : x=  -0.002, y=  39.997, z= 570.023
  Detector : x=   1.000, y=  47.000, z= 696.000
  Obj rotY :   0.0000 deg
view   0 | SOD= 570.067 mm | SDD= 696.006 mm | M= 1.221 | incident=0.2470°
[[ 119.39639    -557.37976      -7.0026703 ]
 [ -25.84091     123.30452      -7.0026703 ]
 [   0.14617074    0.03184772    0.        ]
 [   0.            0.            0.1496    ]]
Residual vector length: 27, Jacobian shape: (27, 6)
view   0 | SOD= 570.067 mm | SDD= 696.006 mm | M= 1.221 | incident=0.2470°
[[ 119.39649    -557.3797       -7.0026054 ]
 [ -25.840994    123.304565     -7.0026054 ]
 [   0.14617072    0.03184776    0.        ]
 [   0.            0.            0.1496    ]]

iter 27 cost=0.026917 -> 0.029411 |dtheta|=1.097041e-04  lambda=9.419e+03

============================================================
Iteration 28
============================================================
Theta offsets (Unity frame):
  Source   : dSx=   0.000, dSy=   0.000, dSz=   0.000  (mm)
  Object   : dOx= -14.002, dOy=   7.997, dOz= -21.977  (mm)
  Object offset: offset_x=   0.001, offset_z=  -0.002  (mm)
  Detector : dDx=   0.000, dDy=   0.000, dDz=   0.000  (mm)
  Obj Stage rotY :   12.292 deg
============================================================

Unity geometry (world coordinates):
  Source   : x=  -2.000, y=  47.000, z=   0.000
  Object   : x=  -0.002, y=  39.997, z= 570.023
  Detector : x=   1.000, y=  47.000, z= 696.000
  Obj rotY :   0.0000 deg
view   0 | SOD= 570.067 mm | SDD= 696.006 mm | M= 1.221 | incident=0.2470°
[[ 119.39639    -557.37976      -7.0026703 ]
 [ -25.84091     123.30452      -7.0026703 ]
 [   0.14617074    0.03184772    0.        ]
 [   0.            0.            0.1496    ]]
Residual vector length: 27, Jacobian shape: (27, 6)
view   0 | SOD= 570.067 mm | SDD= 696.006 mm | M= 1.221 | incident=0.2470°
[[ 119.396416   -557.37976      -7.002655  ]
 [ -25.840925    123.30452      -7.002655  ]
 [   0.14617074    0.03184773    0.        ]
 [   0.            0.            0.1496    ]]

iter 28 cost=0.026917 -> 0.026917 |dtheta|=2.283486e-05  lambda=4.710e+04

============================================================
Iteration 29
============================================================
Theta offsets (Unity frame):
  Source   : dSx=   0.000, dSy=   0.000, dSz=   0.000  (mm)
  Object   : dOx= -14.002, dOy=   7.997, dOz= -21.977  (mm)
  Object offset: offset_x=   0.001, offset_z=  -0.002  (mm)
  Detector : dDx=   0.000, dDy=   0.000, dDz=   0.000  (mm)
  Obj Stage rotY :   12.292 deg
============================================================

Unity geometry (world coordinates):
  Source   : x=  -2.000, y=  47.000, z=   0.000
  Object   : x=  -0.002, y=  39.997, z= 570.023
  Detector : x=   1.000, y=  47.000, z= 696.000
  Obj rotY :   0.0000 deg
view   0 | SOD= 570.067 mm | SDD= 696.006 mm | M= 1.221 | incident=0.2470°
[[ 119.39639    -557.37976      -7.0026703 ]
 [ -25.84091     123.30452      -7.0026703 ]
 [   0.14617074    0.03184772    0.        ]
 [   0.            0.            0.1496    ]]
Residual vector length: 27, Jacobian shape: (27, 6)
view   0 | SOD= 570.067 mm | SDD= 696.006 mm | M= 1.221 | incident=0.2470°
[[ 119.39639    -557.37976      -7.0026665 ]
 [ -25.840914    123.30452      -7.0026665 ]
 [   0.14617074    0.03184772    0.        ]
 [   0.            0.            0.1496    ]]

iter 29 cost=0.026917 -> 0.026917 |dtheta|=4.604593e-06  lambda=2.355e+05

============================================================
Iteration 30
============================================================
Theta offsets (Unity frame):
  Source   : dSx=   0.000, dSy=   0.000, dSz=   0.000  (mm)
  Object   : dOx= -14.002, dOy=   7.997, dOz= -21.977  (mm)
  Object offset: offset_x=   0.001, offset_z=  -0.002  (mm)
  Detector : dDx=   0.000, dDy=   0.000, dDz=   0.000  (mm)
  Obj Stage rotY :   12.292 deg
============================================================

Unity geometry (world coordinates):
  Source   : x=  -2.000, y=  47.000, z=   0.000
  Object   : x=  -0.002, y=  39.997, z= 570.023
  Detector : x=   1.000, y=  47.000, z= 696.000
  Obj rotY :   0.0000 deg
view   0 | SOD= 570.067 mm | SDD= 696.006 mm | M= 1.221 | incident=0.2470°
[[ 119.39639    -557.37976      -7.0026703 ]
 [ -25.84091     123.30452      -7.0026703 ]
 [   0.14617074    0.03184772    0.        ]
 [   0.            0.            0.1496    ]]
Residual vector length: 27, Jacobian shape: (27, 6)
view   0 | SOD= 570.067 mm | SDD= 696.006 mm | M= 1.221 | incident=0.2470°
[[ 119.39639    -557.37976      -7.0026703 ]
 [ -25.840912    123.30452      -7.0026703 ]
 [   0.14617074    0.03184772    0.        ]
 [   0.            0.            0.1496    ]]

iter 30 cost=0.026917 -> 0.026917 |dtheta|=1.085978e-06  lambda=1.000e+06

============================================================
Iteration 31
============================================================
Theta offsets (Unity frame):
  Source   : dSx=   0.000, dSy=   0.000, dSz=   0.000  (mm)
  Object   : dOx= -14.002, dOy=   7.997, dOz= -21.977  (mm)
  Object offset: offset_x=   0.001, offset_z=  -0.002  (mm)
  Detector : dDx=   0.000, dDy=   0.000, dDz=   0.000  (mm)
  Obj Stage rotY :   12.292 deg
============================================================

Unity geometry (world coordinates):
  Source   : x=  -2.000, y=  47.000, z=   0.000
  Object   : x=  -0.002, y=  39.997, z= 570.023
  Detector : x=   1.000, y=  47.000, z= 696.000
  Obj rotY :   0.0000 deg
view   0 | SOD= 570.067 mm | SDD= 696.006 mm | M= 1.221 | incident=0.2470°
[[ 119.39639    -557.37976      -7.0026703 ]
 [ -25.84091     123.30452      -7.0026703 ]
 [   0.14617074    0.03184772    0.        ]
 [   0.            0.            0.1496    ]]
Residual vector length: 27, Jacobian shape: (27, 6)
view   0 | SOD= 570.067 mm | SDD= 696.006 mm | M= 1.221 | incident=0.2470°
[[ 119.39639    -557.37976      -7.0026703 ]
 [ -25.840912    123.30452      -7.0026703 ]
 [   0.14617074    0.03184772    0.        ]
 [   0.            0.            0.1496    ]]

iter 31 cost=0.026917 -> 0.026917 |dtheta|=1.085978e-06  lambda=1.000e+06

============================================================
Iteration 32
============================================================
Theta offsets (Unity frame):
  Source   : dSx=   0.000, dSy=   0.000, dSz=   0.000  (mm)
  Object   : dOx= -14.002, dOy=   7.997, dOz= -21.977  (mm)
  Object offset: offset_x=   0.001, offset_z=  -0.002  (mm)
  Detector : dDx=   0.000, dDy=   0.000, dDz=   0.000  (mm)
  Obj Stage rotY :   12.292 deg
============================================================

Unity geometry (world coordinates):
  Source   : x=  -2.000, y=  47.000, z=   0.000
  Object   : x=  -0.002, y=  39.997, z= 570.023
  Detector : x=   1.000, y=  47.000, z= 696.000
  Obj rotY :   0.0000 deg
view   0 | SOD= 570.067 mm | SDD= 696.006 mm | M= 1.221 | incident=0.2470°
[[ 119.39639    -557.37976      -7.0026703 ]
 [ -25.84091     123.30452      -7.0026703 ]
 [   0.14617074    0.03184772    0.        ]
 [   0.            0.            0.1496    ]]
Residual vector length: 27, Jacobian shape: (27, 6)
view   0 | SOD= 570.067 mm | SDD= 696.006 mm | M= 1.221 | incident=0.2470°
[[ 119.39639    -557.37976      -7.0026703 ]
 [ -25.840912    123.30452      -7.0026703 ]
 [   0.14617074    0.03184772    0.        ]
 [   0.            0.            0.1496    ]]

iter 32 cost=0.026917 -> 0.026917 |dtheta|=1.085978e-06  lambda=1.000e+06

============================================================
Iteration 33
============================================================
Theta offsets (Unity frame):
  Source   : dSx=   0.000, dSy=   0.000, dSz=   0.000  (mm)
  Object   : dOx= -14.002, dOy=   7.997, dOz= -21.977  (mm)
  Object offset: offset_x=   0.001, offset_z=  -0.002  (mm)
  Detector : dDx=   0.000, dDy=   0.000, dDz=   0.000  (mm)
  Obj Stage rotY :   12.292 deg
============================================================

Unity geometry (world coordinates):
  Source   : x=  -2.000, y=  47.000, z=   0.000
  Object   : x=  -0.002, y=  39.997, z= 570.023
  Detector : x=   1.000, y=  47.000, z= 696.000
  Obj rotY :   0.0000 deg
view   0 | SOD= 570.067 mm | SDD= 696.006 mm | M= 1.221 | incident=0.2470°
[[ 119.39639    -557.37976      -7.0026703 ]
 [ -25.84091     123.30452      -7.0026703 ]
 [   0.14617074    0.03184772    0.        ]
 [   0.            0.            0.1496    ]]
Residual vector length: 27, Jacobian shape: (27, 6)
view   0 | SOD= 570.067 mm | SDD= 696.006 mm | M= 1.221 | incident=0.2470°
[[ 119.39639    -557.37976      -7.0026703 ]
 [ -25.840912    123.30452      -7.0026703 ]
 [   0.14617074    0.03184772    0.        ]
 [   0.            0.            0.1496    ]]

iter 33 cost=0.026917 -> 0.026917 |dtheta|=1.085978e-06  lambda=1.000e+06

============================================================
Iteration 34
============================================================
Theta offsets (Unity frame):
  Source   : dSx=   0.000, dSy=   0.000, dSz=   0.000  (mm)
  Object   : dOx= -14.002, dOy=   7.997, dOz= -21.977  (mm)
  Object offset: offset_x=   0.001, offset_z=  -0.002  (mm)
  Detector : dDx=   0.000, dDy=   0.000, dDz=   0.000  (mm)
  Obj Stage rotY :   12.292 deg
============================================================

Unity geometry (world coordinates):
  Source   : x=  -2.000, y=  47.000, z=   0.000
  Object   : x=  -0.002, y=  39.997, z= 570.023
  Detector : x=   1.000, y=  47.000, z= 696.000
  Obj rotY :   0.0000 deg
view   0 | SOD= 570.067 mm | SDD= 696.006 mm | M= 1.221 | incident=0.2470°
[[ 119.39639    -557.37976      -7.0026703 ]
 [ -25.84091     123.30452      -7.0026703 ]
 [   0.14617074    0.03184772    0.        ]
 [   0.            0.            0.1496    ]]
Residual vector length: 27, Jacobian shape: (27, 6)
view   0 | SOD= 570.067 mm | SDD= 696.006 mm | M= 1.221 | incident=0.2470°
[[ 119.39639    -557.37976      -7.0026703 ]
 [ -25.840912    123.30452      -7.0026703 ]
 [   0.14617074    0.03184772    0.        ]
 [   0.            0.            0.1496    ]]

iter 34 cost=0.026917 -> 0.026917 |dtheta|=1.085978e-06  lambda=1.000e+06

============================================================
Iteration 35
============================================================
Theta offsets (Unity frame):
  Source   : dSx=   0.000, dSy=   0.000, dSz=   0.000  (mm)
  Object   : dOx= -14.002, dOy=   7.997, dOz= -21.977  (mm)
  Object offset: offset_x=   0.001, offset_z=  -0.002  (mm)
  Detector : dDx=   0.000, dDy=   0.000, dDz=   0.000  (mm)
  Obj Stage rotY :   12.292 deg
============================================================

Unity geometry (world coordinates):
  Source   : x=  -2.000, y=  47.000, z=   0.000
  Object   : x=  -0.002, y=  39.997, z= 570.023
  Detector : x=   1.000, y=  47.000, z= 696.000
  Obj rotY :   0.0000 deg
view   0 | SOD= 570.067 mm | SDD= 696.006 mm | M= 1.221 | incident=0.2470°
[[ 119.39639    -557.37976      -7.0026703 ]
 [ -25.84091     123.30452      -7.0026703 ]
 [   0.14617074    0.03184772    0.        ]
 [   0.            0.            0.1496    ]]
Residual vector length: 27, Jacobian shape: (27, 6)
view   0 | SOD= 570.067 mm | SDD= 696.006 mm | M= 1.221 | incident=0.2470°
[[ 119.39639    -557.37976      -7.0026703 ]
 [ -25.840912    123.30452      -7.0026703 ]
 [   0.14617074    0.03184772    0.        ]
 [   0.            0.            0.1496    ]]

iter 35 cost=0.026917 -> 0.026917 |dtheta|=1.085978e-06  lambda=1.000e+06

============================================================
Iteration 36
============================================================
Theta offsets (Unity frame):
  Source   : dSx=   0.000, dSy=   0.000, dSz=   0.000  (mm)
  Object   : dOx= -14.002, dOy=   7.997, dOz= -21.977  (mm)
  Object offset: offset_x=   0.001, offset_z=  -0.002  (mm)
  Detector : dDx=   0.000, dDy=   0.000, dDz=   0.000  (mm)
  Obj Stage rotY :   12.292 deg
============================================================

Unity geometry (world coordinates):
  Source   : x=  -2.000, y=  47.000, z=   0.000
  Object   : x=  -0.002, y=  39.997, z= 570.023
  Detector : x=   1.000, y=  47.000, z= 696.000
  Obj rotY :   0.0000 deg
view   0 | SOD= 570.067 mm | SDD= 696.006 mm | M= 1.221 | incident=0.2470°
[[ 119.39639    -557.37976      -7.0026703 ]
 [ -25.84091     123.30452      -7.0026703 ]
 [   0.14617074    0.03184772    0.        ]
 [   0.            0.            0.1496    ]]
Residual vector length: 27, Jacobian shape: (27, 6)
view   0 | SOD= 570.067 mm | SDD= 696.006 mm | M= 1.221 | incident=0.2470°
[[ 119.39639    -557.37976      -7.0026703 ]
 [ -25.840912    123.30452      -7.0026703 ]
 [   0.14617074    0.03184772    0.        ]
 [   0.            0.            0.1496    ]]

iter 36 cost=0.026917 -> 0.026917 |dtheta|=1.085978e-06  lambda=1.000e+06
Stalled.

Estimated theta:
  dSx: +0.000000
  dSy: +0.000000
  dOx: -14.002227
  dOy: +7.997330
  dOz: -21.976820
  dDx: +0.000000
  dDy: +0.000000
  dDz: +0.000000
alpha: +1.229152e+01 deg)
offset_x: +0.001004
offset_z: -0.002377

Final cost table:
Fake theta: [  0.    0.  -14.    8.  -22.    0.    0.    0.   12.3   0.    0. ]
Final estimated theta: [  0.           0.         -14.00222747   7.99732961 -21.97681984
   0.           0.           0.          12.29152269   0.00100437
  -0.00237727]
Diff from Expected: [ 0.          0.         -0.00222747 -0.00267039  0.02318016  0.
  0.          0.         -0.0084775   0.00100437 -0.00237727]
################################################################################

