Phantom already exists, skipping: cuboid_phantom_3_normal.npy

################################################################################
Running cuboid=normal scenario=G1 N_ANGLES=36, K=3
view   0 | SOD= 570.551 mm | SDD= 705.315 mm | M= 1.236 | incident=3.4990°
[[  81.309204  -564.17444    -25.       ]
 [ -18.649195   132.69592     18.       ]
 [   0.1481441    0.0208203    0.       ]
 [   0.           0.           0.1496   ]]
           image          x1         y1  area1          x2          y2  area2          x3          y3  area3
0   proj_000.png  512.759305  75.099256    806  438.338008  292.280505    713  512.735589  535.090226    798
1   proj_001.png  485.758025  75.000000    810  463.618715  292.086592    716  485.713930  535.460199    804
2   proj_002.png  458.500000  75.000000    808  489.296765  292.088608    711  458.500000  535.500000    806
3   proj_003.png  431.681988  75.052174    805  514.500000  292.277311    714  431.642145  535.024938    802
4   proj_004.png  406.308365  75.108614    801  538.580195  292.651325    717  406.279302  534.224439    802
5   proj_005.png  383.155194  75.065081    799  560.883978  293.252762    724  383.137500  532.895000    800
6   proj_006.png  363.000000  75.168766    794  580.845839  293.930423    733  362.955000  531.270000    800
7   proj_007.png  346.456274  75.313054    789  597.736698  294.717599    733  346.422250  529.329962    791
8   proj_008.png  334.019405  75.301423    773  611.000000  295.767253    739  334.012887  527.141753    776
9   proj_009.png  326.039012  75.401821    769  620.307898  296.866131    747  326.075325  524.859740    770
10  proj_010.png  322.776596  75.500000    752  625.240053  297.935013    754  322.763228  522.349206    756
11  proj_011.png  323.854278  75.568182    748  625.802111  299.114776    758  323.909695  520.042497    753
12  proj_012.png  329.609823  75.660300    733  621.635046  300.183136    759  329.624829  517.656207    733
13  proj_013.png  339.582524  75.751734    721  612.925684  301.306389    767  339.580468  515.480055    727
14  proj_014.png  353.575071  75.866856    706  599.824147  302.425197    762  353.603641  513.462185    714
15  proj_015.png  371.042553  75.906383    705  582.603604  303.310167    777  371.093484  511.657224    706
16  proj_016.png  391.450785  75.980029    701  561.823907  304.141388    778  391.379066  510.284300    707
17  proj_017.png  413.957924  76.042076    713  538.381071  304.687422    803  413.970711  509.104603    717
18  proj_018.png  438.396624  76.129395    711  512.769231  305.189826    806  438.315202  508.384937    717
19  proj_019.png  463.600840  76.141457    714  485.702206  305.310049    816  463.625348  507.991643    718
20  proj_020.png  489.287324  76.083099    710  458.519065  305.393604    813  489.267882  508.053296    713
21  proj_021.png  514.469014  76.108451    710  431.628395  305.135802    810  514.472145  508.437326    718
22  proj_022.png  538.520280  76.047552    715  406.345342  304.628571    805  538.557263  509.286313    716
23  proj_023.png  560.930652  75.972261    721  383.134253  304.020075    797  560.858921  510.438451    723
24  proj_024.png  580.847945  75.916438    730  362.988651  303.244641    793  580.836066  511.893443    732
25  proj_025.png  597.760218  75.848774    734  346.472152  302.325316    790  597.724559  513.656716    737
26  proj_026.png  611.005420  75.787263    738  334.012870  301.223938    777  611.018868  515.746631    742
27  proj_027.png  620.336474  75.705249    743  326.050781  300.161458    768  620.330667  517.965333    750
28  proj_028.png  625.224599  75.598930    748  322.747036  299.011858    759  625.260292  520.296149    753
29  proj_029.png  625.816976  75.500000    754  323.866489  297.851802    749  625.876640  522.755906    762
30  proj_030.png  621.740789  75.343421    760  329.615804  296.640327    734  621.660131  525.125490    765
31  proj_031.png  612.913838  75.289817    766  339.630194  295.598338    722  612.918075  527.400520    769
32  proj_032.png  599.756510  75.171875    768  353.584615  294.637762    715  599.829205  529.688396    767
33  proj_033.png  582.556848  75.140827    774  371.066572  293.770538    706  582.528883  531.496791    779
34  proj_034.png  561.859335  75.101023    782  391.408511  293.156028    705  561.858238  533.113665    783
35  proj_035.png  538.406484  75.108479    802  413.947961  292.575246    711  538.398241  534.266332    796

============================================================
Iteration 0
============================================================
Theta offsets (Unity frame):
  Source   : dSx=   0.000, dSy=   0.000, dSz=   0.000  (mm)
  Object   : dOx=   0.000, dOy=   0.000, dOz=   0.000  (mm)
  Object offset: offset_x=   0.000, offset_z=   0.000  (mm)
  Detector : dDx=   0.000, dDy=   0.000, dDz=   0.000  (mm)
  Obj Stage rotY :    0.000 deg
============================================================

Unity geometry (world coordinates):
  Source   : x=   2.000, y=  45.000, z=   0.000
  Object   : x=   6.000, y=  18.000, z= 585.000
  Detector : x=   0.000, y=   2.000, z= 704.000
  Obj rotY :   0.0000 deg
view   0 | SOD= 585.636 mm | SDD= 705.315 mm | M= 1.204 | incident=3.4990°
[[  -4.     -585.      -27.    ]
 [  -6.      119.       16.    ]
 [   0.1496    0.        0.    ]
 [   0.        0.        0.1496]]
Residual vector length: 324, Jacobian shape: (324, 6)
view   0 | SOD= 573.912 mm | SDD= 705.315 mm | M= 1.229 | incident=3.4990°
[[  52.103207   -570.9906      -25.10493   ]
 [ -10.970095    130.18109      17.89507   ]
 [   0.14903586    0.01297968    0.        ]
 [   0.            0.            0.1496    ]]

iter 00 cost=163652.534461 -> 3138.002014 |dtheta|=1.421178e+01  lambda=1.000e-04

============================================================
Iteration 1
============================================================
Theta offsets (Unity frame):
  Source   : dSx=   0.000, dSy=   0.000, dSz=   0.000  (mm)
  Object   : dOx=  -6.141, dOy=   1.895, dOz= -11.655  (mm)
  Object offset: offset_x=  -0.225, offset_z=   0.013  (mm)
  Detector : dDx=   0.000, dDy=   0.000, dDz=   0.000  (mm)
  Obj Stage rotY :    4.977 deg
============================================================

Unity geometry (world coordinates):
  Source   : x=   2.000, y=  45.000, z=   0.000
  Object   : x=  -0.141, y=  19.895, z= 573.345
  Detector : x=   0.000, y=   2.000, z= 704.000
  Obj rotY :   0.0000 deg
view   0 | SOD= 573.912 mm | SDD= 705.315 mm | M= 1.229 | incident=3.4990°
[[  52.103207   -570.9906      -25.10493   ]
 [ -10.970095    130.18109      17.89507   ]
 [   0.14903586    0.01297968    0.        ]
 [   0.            0.            0.1496    ]]
Residual vector length: 324, Jacobian shape: (324, 6)
view   0 | SOD= 571.308 mm | SDD= 705.315 mm | M= 1.235 | incident=3.4990°
[[  68.92621    -566.58344     -25.005146  ]
 [ -15.478484    132.34137      17.994854  ]
 [   0.14857127    0.01751392    0.        ]
 [   0.            0.            0.1496    ]]

iter 01 cost=3138.002014 -> 507.336121 |dtheta|=3.180394e+00  lambda=3.333e-05

============================================================
Iteration 2
============================================================
Theta offsets (Unity frame):
  Source   : dSx=   0.000, dSy=   0.000, dSz=   0.000  (mm)
  Object   : dOx=  -5.995, dOy=   1.995, dOz= -14.306  (mm)
  Object offset: offset_x=  -0.127, offset_z=   0.062  (mm)
  Detector : dDx=   0.000, dDy=   0.000, dDz=   0.000  (mm)
  Obj Stage rotY :    6.723 deg
============================================================

Unity geometry (world coordinates):
  Source   : x=   2.000, y=  45.000, z=   0.000
  Object   : x=   0.005, y=  19.995, z= 570.694
  Detector : x=   0.000, y=   2.000, z= 704.000
  Obj rotY :   0.0000 deg
view   0 | SOD= 571.308 mm | SDD= 705.315 mm | M= 1.235 | incident=3.4990°
[[  68.92621    -566.58344     -25.005146  ]
 [ -15.478484    132.34137      17.994854  ]
 [   0.14857127    0.01751392    0.        ]
 [   0.            0.            0.1496    ]]
Residual vector length: 324, Jacobian shape: (324, 6)
view   0 | SOD= 570.394 mm | SDD= 705.315 mm | M= 1.237 | incident=3.4990°
[[  75.91055    -564.76764     -24.999516  ]
 [ -17.322784    133.03429      18.000484  ]
 [   0.148338      0.01939067    0.        ]
 [   0.            0.            0.1496    ]]

iter 02 cost=507.336121 -> 94.323544 |dtheta|=1.144313e+00  lambda=1.111e-05

============================================================
Iteration 3
============================================================
Theta offsets (Unity frame):
  Source   : dSx=   0.000, dSy=   0.000, dSz=   0.000  (mm)
  Object   : dOx=  -6.003, dOy=   2.000, dOz= -15.189  (mm)
  Object offset: offset_x=  -0.063, offset_z=   0.031  (mm)
  Detector : dDx=   0.000, dDy=   0.000, dDz=   0.000  (mm)
  Obj Stage rotY :    7.447 deg
============================================================

Unity geometry (world coordinates):
  Source   : x=   2.000, y=  45.000, z=   0.000
  Object   : x=  -0.003, y=  20.000, z= 569.811
  Detector : x=   0.000, y=   2.000, z= 704.000
  Obj rotY :   0.0000 deg
view   0 | SOD= 570.394 mm | SDD= 705.315 mm | M= 1.237 | incident=3.4990°
[[  75.91055    -564.76764     -24.999516  ]
 [ -17.322784    133.03429      18.000484  ]
 [   0.148338      0.01939067    0.        ]
 [   0.            0.            0.1496    ]]
Residual vector length: 324, Jacobian shape: (324, 6)
view   0 | SOD= 570.486 mm | SDD= 705.315 mm | M= 1.236 | incident=3.4990°
[[  79.2572     -564.40045     -24.998566  ]
 [ -18.159367    132.82982      18.001434  ]
 [   0.14821903    0.02027994    0.        ]
 [   0.            0.            0.1496    ]]

iter 03 cost=94.323544 -> 14.759796 |dtheta|=3.643675e-01  lambda=3.704e-06

============================================================
Iteration 4
============================================================
Theta offsets (Unity frame):
  Source   : dSx=   0.000, dSy=   0.000, dSz=   0.000  (mm)
  Object   : dOx=  -5.996, dOy=   2.001, dOz= -15.078  (mm)
  Object offset: offset_x=  -0.019, offset_z=   0.012  (mm)
  Detector : dDx=   0.000, dDy=   0.000, dDz=   0.000  (mm)
  Obj Stage rotY :    7.791 deg
============================================================

Unity geometry (world coordinates):
  Source   : x=   2.000, y=  45.000, z=   0.000
  Object   : x=   0.004, y=  20.001, z= 569.922
  Detector : x=   0.000, y=   2.000, z= 704.000
  Obj rotY :   0.0000 deg
view   0 | SOD= 570.486 mm | SDD= 705.315 mm | M= 1.236 | incident=3.4990°
[[  79.2572     -564.40045     -24.998566  ]
 [ -18.159367    132.82982      18.001434  ]
 [   0.14821903    0.02027994    0.        ]
 [   0.            0.            0.1496    ]]
Residual vector length: 324, Jacobian shape: (324, 6)
view   0 | SOD= 570.486 mm | SDD= 705.315 mm | M= 1.236 | incident=3.4990°
[[  80.48319    -564.2264      -24.996908  ]
 [ -18.457798    132.78917      18.003092  ]
 [   0.14817435    0.02060401    0.        ]
 [   0.            0.            0.1496    ]]

iter 04 cost=14.759796 -> 3.062556 |dtheta|=1.266240e-01  lambda=1.235e-06

============================================================
Iteration 5
============================================================
Theta offsets (Unity frame):
  Source   : dSx=   0.000, dSy=   0.000, dSz=   0.000  (mm)
  Object   : dOx=  -5.999, dOy=   2.003, dOz= -15.068  (mm)
  Object offset: offset_x=  -0.008, offset_z=   0.002  (mm)
  Detector : dDx=   0.000, dDy=   0.000, dDz=   0.000  (mm)
  Obj Stage rotY :    7.916 deg
============================================================

Unity geometry (world coordinates):
  Source   : x=   2.000, y=  45.000, z=   0.000
  Object   : x=   0.001, y=  20.003, z= 569.932
  Detector : x=   0.000, y=   2.000, z= 704.000
  Obj rotY :   0.0000 deg
view   0 | SOD= 570.486 mm | SDD= 705.315 mm | M= 1.236 | incident=3.4990°
[[  80.48319    -564.2264      -24.996908  ]
 [ -18.457798    132.78917      18.003092  ]
 [   0.14817435    0.02060401    0.        ]
 [   0.            0.            0.1496    ]]
Residual vector length: 324, Jacobian shape: (324, 6)
view   0 | SOD= 570.518 mm | SDD= 705.315 mm | M= 1.236 | incident=3.4990°
[[  80.95662    -564.1912      -24.998476  ]
 [ -18.564556    132.74174      18.001524  ]
 [   0.14815713    0.02072735    0.        ]
 [   0.            0.            0.1496    ]]

iter 05 cost=3.062556 -> 1.177257 |dtheta|=5.796543e-02  lambda=1.000e-06

============================================================
Iteration 6
============================================================
Theta offsets (Unity frame):
  Source   : dSx=   0.000, dSy=   0.000, dSz=   0.000  (mm)
  Object   : dOx=  -6.001, dOy=   2.002, dOz= -15.035  (mm)
  Object offset: offset_x=  -0.005, offset_z=   0.002  (mm)
  Detector : dDx=   0.000, dDy=   0.000, dDz=   0.000  (mm)
  Obj Stage rotY :    7.964 deg
============================================================

Unity geometry (world coordinates):
  Source   : x=   2.000, y=  45.000, z=   0.000
  Object   : x=  -0.001, y=  20.002, z= 569.965
  Detector : x=   0.000, y=   2.000, z= 704.000
  Obj rotY :   0.0000 deg
view   0 | SOD= 570.518 mm | SDD= 705.315 mm | M= 1.236 | incident=3.4990°
[[  80.95662    -564.1912      -24.998476  ]
 [ -18.564556    132.74174      18.001524  ]
 [   0.14815713    0.02072735    0.        ]
 [   0.            0.            0.1496    ]]
Residual vector length: 324, Jacobian shape: (324, 6)
view   0 | SOD= 570.525 mm | SDD= 705.315 mm | M= 1.236 | incident=3.4990°
[[  81.20089    -564.16364     -24.998644  ]
 [ -18.624447    132.72585      18.001356  ]
 [   0.14814807    0.02079201    0.        ]
 [   0.            0.            0.1496    ]]

iter 06 cost=1.177257 -> 0.760796 |dtheta|=2.692660e-02  lambda=1.000e-06

============================================================
Iteration 7
============================================================
Theta offsets (Unity frame):
  Source   : dSx=   0.000, dSy=   0.000, dSz=   0.000  (mm)
  Object   : dOx=  -6.000, dOy=   2.001, dOz= -15.026  (mm)
  Object offset: offset_x=  -0.003, offset_z=  -0.000  (mm)
  Detector : dDx=   0.000, dDy=   0.000, dDz=   0.000  (mm)
  Obj Stage rotY :    7.989 deg
============================================================

Unity geometry (world coordinates):
  Source   : x=   2.000, y=  45.000, z=   0.000
  Object   : x=   0.000, y=  20.001, z= 569.974
  Detector : x=   0.000, y=   2.000, z= 704.000
  Obj rotY :   0.0000 deg
view   0 | SOD= 570.525 mm | SDD= 705.315 mm | M= 1.236 | incident=3.4990°
[[  81.20089    -564.16364     -24.998644  ]
 [ -18.624447    132.72585      18.001356  ]
 [   0.14814807    0.02079201    0.        ]
 [   0.            0.            0.1496    ]]
Residual vector length: 324, Jacobian shape: (324, 6)
view   0 | SOD= 570.527 mm | SDD= 705.315 mm | M= 1.236 | incident=3.4990°
[[  81.27573    -564.1541      -24.998692  ]
 [ -18.644512    132.72173      18.001308  ]
 [   0.14814524    0.02081218    0.        ]
 [   0.            0.            0.1496    ]]

iter 07 cost=0.760796 -> 0.732263 |dtheta|=8.131051e-03  lambda=1.000e-06

============================================================
Iteration 8
============================================================
Theta offsets (Unity frame):
  Source   : dSx=   0.000, dSy=   0.000, dSz=   0.000  (mm)
  Object   : dOx=  -5.999, dOy=   2.001, dOz= -15.024  (mm)
  Object offset: offset_x=  -0.002, offset_z=  -0.001  (mm)
  Detector : dDx=   0.000, dDy=   0.000, dDz=   0.000  (mm)
  Obj Stage rotY :    7.997 deg
============================================================

Unity geometry (world coordinates):
  Source   : x=   2.000, y=  45.000, z=   0.000
  Object   : x=   0.001, y=  20.001, z= 569.976
  Detector : x=   0.000, y=   2.000, z= 704.000
  Obj rotY :   0.0000 deg
view   0 | SOD= 570.527 mm | SDD= 705.315 mm | M= 1.236 | incident=3.4990°
[[  81.27573    -564.1541      -24.998692  ]
 [ -18.644512    132.72173      18.001308  ]
 [   0.14814524    0.02081218    0.        ]
 [   0.            0.            0.1496    ]]
Residual vector length: 324, Jacobian shape: (324, 6)
view   0 | SOD= 570.524 mm | SDD= 705.315 mm | M= 1.236 | incident=3.4990°
[[  81.28145    -564.1503      -24.998587  ]
 [ -18.646729    132.72438      18.001413  ]
 [   0.148145      0.02081387    0.        ]
 [   0.            0.            0.1496    ]]

iter 08 cost=0.732263 -> 0.725095 |dtheta|=2.764404e-03  lambda=1.000e-06

============================================================
Iteration 9
============================================================
Theta offsets (Unity frame):
  Source   : dSx=   0.000, dSy=   0.000, dSz=   0.000  (mm)
  Object   : dOx=  -5.999, dOy=   2.001, dOz= -15.027  (mm)
  Object offset: offset_x=  -0.001, offset_z=  -0.001  (mm)
  Detector : dDx=   0.000, dDy=   0.000, dDz=   0.000  (mm)
  Obj Stage rotY :    7.998 deg
============================================================

Unity geometry (world coordinates):
  Source   : x=   2.000, y=  45.000, z=   0.000
  Object   : x=   0.001, y=  20.001, z= 569.973
  Detector : x=   0.000, y=   2.000, z= 704.000
  Obj rotY :   0.0000 deg
view   0 | SOD= 570.524 mm | SDD= 705.315 mm | M= 1.236 | incident=3.4990°
[[  81.28145    -564.1503      -24.998587  ]
 [ -18.646729    132.72438      18.001413  ]
 [   0.148145      0.02081387    0.        ]
 [   0.            0.            0.1496    ]]
Residual vector length: 324, Jacobian shape: (324, 6)
view   0 | SOD= 570.523 mm | SDD= 705.315 mm | M= 1.236 | incident=3.4990°
[[  81.291405   -564.1487      -24.99856   ]
 [ -18.648817    132.72432      18.00144   ]
 [   0.14814465    0.02081643    0.        ]
 [   0.            0.            0.1496    ]]

iter 09 cost=0.725095 -> 0.738352 |dtheta|=1.098516e-03  lambda=1.000e-06

============================================================
Iteration 10
============================================================
Theta offsets (Unity frame):
  Source   : dSx=   0.000, dSy=   0.000, dSz=   0.000  (mm)
  Object   : dOx=  -5.999, dOy=   2.001, dOz= -15.027  (mm)
  Object offset: offset_x=  -0.001, offset_z=  -0.001  (mm)
  Detector : dDx=   0.000, dDy=   0.000, dDz=   0.000  (mm)
  Obj Stage rotY :    7.998 deg
============================================================

Unity geometry (world coordinates):
  Source   : x=   2.000, y=  45.000, z=   0.000
  Object   : x=   0.001, y=  20.001, z= 569.973
  Detector : x=   0.000, y=   2.000, z= 704.000
  Obj rotY :   0.0000 deg
view   0 | SOD= 570.524 mm | SDD= 705.315 mm | M= 1.236 | incident=3.4990°
[[  81.28145    -564.1503      -24.998587  ]
 [ -18.646729    132.72438      18.001413  ]
 [   0.148145      0.02081387    0.        ]
 [   0.            0.            0.1496    ]]
Residual vector length: 324, Jacobian shape: (324, 6)
view   0 | SOD= 570.523 mm | SDD= 705.315 mm | M= 1.236 | incident=3.4990°
[[  81.291405   -564.1487      -24.99856   ]
 [ -18.648817    132.72432      18.00144   ]
 [   0.14814465    0.02081643    0.        ]
 [   0.            0.            0.1496    ]]

iter 10 cost=0.725095 -> 0.738352 |dtheta|=1.098516e-03  lambda=5.000e-06

============================================================
Iteration 11
============================================================
Theta offsets (Unity frame):
  Source   : dSx=   0.000, dSy=   0.000, dSz=   0.000  (mm)
  Object   : dOx=  -5.999, dOy=   2.001, dOz= -15.027  (mm)
  Object offset: offset_x=  -0.001, offset_z=  -0.001  (mm)
  Detector : dDx=   0.000, dDy=   0.000, dDz=   0.000  (mm)
  Obj Stage rotY :    7.998 deg
============================================================

Unity geometry (world coordinates):
  Source   : x=   2.000, y=  45.000, z=   0.000
  Object   : x=   0.001, y=  20.001, z= 569.973
  Detector : x=   0.000, y=   2.000, z= 704.000
  Obj rotY :   0.0000 deg
view   0 | SOD= 570.524 mm | SDD= 705.315 mm | M= 1.236 | incident=3.4990°
[[  81.28145    -564.1503      -24.998587  ]
 [ -18.646729    132.72438      18.001413  ]
 [   0.148145      0.02081387    0.        ]
 [   0.            0.            0.1496    ]]
Residual vector length: 324, Jacobian shape: (324, 6)
view   0 | SOD= 570.523 mm | SDD= 705.315 mm | M= 1.236 | incident=3.4990°
[[  81.291405   -564.1487      -24.99856   ]
 [ -18.648817    132.72432      18.00144   ]
 [   0.14814465    0.02081643    0.        ]
 [   0.            0.            0.1496    ]]

iter 11 cost=0.725095 -> 0.738352 |dtheta|=1.098516e-03  lambda=2.500e-05

============================================================
Iteration 12
============================================================
Theta offsets (Unity frame):
  Source   : dSx=   0.000, dSy=   0.000, dSz=   0.000  (mm)
  Object   : dOx=  -5.999, dOy=   2.001, dOz= -15.027  (mm)
  Object offset: offset_x=  -0.001, offset_z=  -0.001  (mm)
  Detector : dDx=   0.000, dDy=   0.000, dDz=   0.000  (mm)
  Obj Stage rotY :    7.998 deg
============================================================

Unity geometry (world coordinates):
  Source   : x=   2.000, y=  45.000, z=   0.000
  Object   : x=   0.001, y=  20.001, z= 569.973
  Detector : x=   0.000, y=   2.000, z= 704.000
  Obj rotY :   0.0000 deg
view   0 | SOD= 570.524 mm | SDD= 705.315 mm | M= 1.236 | incident=3.4990°
[[  81.28145    -564.1503      -24.998587  ]
 [ -18.646729    132.72438      18.001413  ]
 [   0.148145      0.02081387    0.        ]
 [   0.            0.            0.1496    ]]
Residual vector length: 324, Jacobian shape: (324, 6)
view   0 | SOD= 570.523 mm | SDD= 705.315 mm | M= 1.236 | incident=3.4990°
[[  81.291405   -564.1487      -24.99856   ]
 [ -18.648817    132.72432      18.00144   ]
 [   0.14814465    0.02081643    0.        ]
 [   0.            0.            0.1496    ]]

iter 12 cost=0.725095 -> 0.738352 |dtheta|=1.098516e-03  lambda=1.250e-04

============================================================
Iteration 13
============================================================
Theta offsets (Unity frame):
  Source   : dSx=   0.000, dSy=   0.000, dSz=   0.000  (mm)
  Object   : dOx=  -5.999, dOy=   2.001, dOz= -15.027  (mm)
  Object offset: offset_x=  -0.001, offset_z=  -0.001  (mm)
  Detector : dDx=   0.000, dDy=   0.000, dDz=   0.000  (mm)
  Obj Stage rotY :    7.998 deg
============================================================

Unity geometry (world coordinates):
  Source   : x=   2.000, y=  45.000, z=   0.000
  Object   : x=   0.001, y=  20.001, z= 569.973
  Detector : x=   0.000, y=   2.000, z= 704.000
  Obj rotY :   0.0000 deg
view   0 | SOD= 570.524 mm | SDD= 705.315 mm | M= 1.236 | incident=3.4990°
[[  81.28145    -564.1503      -24.998587  ]
 [ -18.646729    132.72438      18.001413  ]
 [   0.148145      0.02081387    0.        ]
 [   0.            0.            0.1496    ]]
Residual vector length: 324, Jacobian shape: (324, 6)
view   0 | SOD= 570.523 mm | SDD= 705.315 mm | M= 1.236 | incident=3.4990°
[[  81.291405   -564.1487      -24.99856   ]
 [ -18.648817    132.72432      18.00144   ]
 [   0.14814465    0.02081643    0.        ]
 [   0.            0.            0.1496    ]]

iter 13 cost=0.725095 -> 0.738352 |dtheta|=1.098515e-03  lambda=6.250e-04

============================================================
Iteration 14
============================================================
Theta offsets (Unity frame):
  Source   : dSx=   0.000, dSy=   0.000, dSz=   0.000  (mm)
  Object   : dOx=  -5.999, dOy=   2.001, dOz= -15.027  (mm)
  Object offset: offset_x=  -0.001, offset_z=  -0.001  (mm)
  Detector : dDx=   0.000, dDy=   0.000, dDz=   0.000  (mm)
  Obj Stage rotY :    7.998 deg
============================================================

Unity geometry (world coordinates):
  Source   : x=   2.000, y=  45.000, z=   0.000
  Object   : x=   0.001, y=  20.001, z= 569.973
  Detector : x=   0.000, y=   2.000, z= 704.000
  Obj rotY :   0.0000 deg
view   0 | SOD= 570.524 mm | SDD= 705.315 mm | M= 1.236 | incident=3.4990°
[[  81.28145    -564.1503      -24.998587  ]
 [ -18.646729    132.72438      18.001413  ]
 [   0.148145      0.02081387    0.        ]
 [   0.            0.            0.1496    ]]
Residual vector length: 324, Jacobian shape: (324, 6)
view   0 | SOD= 570.523 mm | SDD= 705.315 mm | M= 1.236 | incident=3.4990°
[[  81.291405   -564.1487      -24.99856   ]
 [ -18.648817    132.72432      18.00144   ]
 [   0.14814465    0.02081643    0.        ]
 [   0.            0.            0.1496    ]]

iter 14 cost=0.725095 -> 0.738352 |dtheta|=1.098509e-03  lambda=3.125e-03

============================================================
Iteration 15
============================================================
Theta offsets (Unity frame):
  Source   : dSx=   0.000, dSy=   0.000, dSz=   0.000  (mm)
  Object   : dOx=  -5.999, dOy=   2.001, dOz= -15.027  (mm)
  Object offset: offset_x=  -0.001, offset_z=  -0.001  (mm)
  Detector : dDx=   0.000, dDy=   0.000, dDz=   0.000  (mm)
  Obj Stage rotY :    7.998 deg
============================================================

Unity geometry (world coordinates):
  Source   : x=   2.000, y=  45.000, z=   0.000
  Object   : x=   0.001, y=  20.001, z= 569.973
  Detector : x=   0.000, y=   2.000, z= 704.000
  Obj rotY :   0.0000 deg
view   0 | SOD= 570.524 mm | SDD= 705.315 mm | M= 1.236 | incident=3.4990°
[[  81.28145    -564.1503      -24.998587  ]
 [ -18.646729    132.72438      18.001413  ]
 [   0.148145      0.02081387    0.        ]
 [   0.            0.            0.1496    ]]
Residual vector length: 324, Jacobian shape: (324, 6)
view   0 | SOD= 570.523 mm | SDD= 705.315 mm | M= 1.236 | incident=3.4990°
[[  81.291405   -564.1487      -24.99856   ]
 [ -18.648817    132.72432      18.00144   ]
 [   0.14814465    0.02081643    0.        ]
 [   0.            0.            0.1496    ]]

iter 15 cost=0.725095 -> 0.738352 |dtheta|=1.098479e-03  lambda=1.562e-02

============================================================
Iteration 16
============================================================
Theta offsets (Unity frame):
  Source   : dSx=   0.000, dSy=   0.000, dSz=   0.000  (mm)
  Object   : dOx=  -5.999, dOy=   2.001, dOz= -15.027  (mm)
  Object offset: offset_x=  -0.001, offset_z=  -0.001  (mm)
  Detector : dDx=   0.000, dDy=   0.000, dDz=   0.000  (mm)
  Obj Stage rotY :    7.998 deg
============================================================

Unity geometry (world coordinates):
  Source   : x=   2.000, y=  45.000, z=   0.000
  Object   : x=   0.001, y=  20.001, z= 569.973
  Detector : x=   0.000, y=   2.000, z= 704.000
  Obj rotY :   0.0000 deg
view   0 | SOD= 570.524 mm | SDD= 705.315 mm | M= 1.236 | incident=3.4990°
[[  81.28145    -564.1503      -24.998587  ]
 [ -18.646729    132.72438      18.001413  ]
 [   0.148145      0.02081387    0.        ]
 [   0.            0.            0.1496    ]]
Residual vector length: 324, Jacobian shape: (324, 6)
view   0 | SOD= 570.523 mm | SDD= 705.315 mm | M= 1.236 | incident=3.4990°
[[  81.291405   -564.1487      -24.99856   ]
 [ -18.648817    132.72432      18.00144   ]
 [   0.14814465    0.02081643    0.        ]
 [   0.            0.            0.1496    ]]

iter 16 cost=0.725095 -> 0.738352 |dtheta|=1.098330e-03  lambda=7.812e-02

============================================================
Iteration 17
============================================================
Theta offsets (Unity frame):
  Source   : dSx=   0.000, dSy=   0.000, dSz=   0.000  (mm)
  Object   : dOx=  -5.999, dOy=   2.001, dOz= -15.027  (mm)
  Object offset: offset_x=  -0.001, offset_z=  -0.001  (mm)
  Detector : dDx=   0.000, dDy=   0.000, dDz=   0.000  (mm)
  Obj Stage rotY :    7.998 deg
============================================================

Unity geometry (world coordinates):
  Source   : x=   2.000, y=  45.000, z=   0.000
  Object   : x=   0.001, y=  20.001, z= 569.973
  Detector : x=   0.000, y=   2.000, z= 704.000
  Obj rotY :   0.0000 deg
view   0 | SOD= 570.524 mm | SDD= 705.315 mm | M= 1.236 | incident=3.4990°
[[  81.28145    -564.1503      -24.998587  ]
 [ -18.646729    132.72438      18.001413  ]
 [   0.148145      0.02081387    0.        ]
 [   0.            0.            0.1496    ]]
Residual vector length: 324, Jacobian shape: (324, 6)
view   0 | SOD= 570.523 mm | SDD= 705.315 mm | M= 1.236 | incident=3.4990°
[[  81.2914     -564.1487      -24.99856   ]
 [ -18.648817    132.72432      18.00144   ]
 [   0.14814465    0.02081643    0.        ]
 [   0.            0.            0.1496    ]]

iter 17 cost=0.725095 -> 0.738352 |dtheta|=1.097588e-03  lambda=3.906e-01

============================================================
Iteration 18
============================================================
Theta offsets (Unity frame):
  Source   : dSx=   0.000, dSy=   0.000, dSz=   0.000  (mm)
  Object   : dOx=  -5.999, dOy=   2.001, dOz= -15.027  (mm)
  Object offset: offset_x=  -0.001, offset_z=  -0.001  (mm)
  Detector : dDx=   0.000, dDy=   0.000, dDz=   0.000  (mm)
  Obj Stage rotY :    7.998 deg
============================================================

Unity geometry (world coordinates):
  Source   : x=   2.000, y=  45.000, z=   0.000
  Object   : x=   0.001, y=  20.001, z= 569.973
  Detector : x=   0.000, y=   2.000, z= 704.000
  Obj rotY :   0.0000 deg
view   0 | SOD= 570.524 mm | SDD= 705.315 mm | M= 1.236 | incident=3.4990°
[[  81.28145    -564.1503      -24.998587  ]
 [ -18.646729    132.72438      18.001413  ]
 [   0.148145      0.02081387    0.        ]
 [   0.            0.            0.1496    ]]
Residual vector length: 324, Jacobian shape: (324, 6)
view   0 | SOD= 570.523 mm | SDD= 705.315 mm | M= 1.236 | incident=3.4990°
[[  81.29139    -564.1487      -24.99856   ]
 [ -18.648813    132.72432      18.00144   ]
 [   0.14814465    0.02081643    0.        ]
 [   0.            0.            0.1496    ]]

iter 18 cost=0.725095 -> 0.738352 |dtheta|=1.093974e-03  lambda=1.953e+00

============================================================
Iteration 19
============================================================
Theta offsets (Unity frame):
  Source   : dSx=   0.000, dSy=   0.000, dSz=   0.000  (mm)
  Object   : dOx=  -5.999, dOy=   2.001, dOz= -15.027  (mm)
  Object offset: offset_x=  -0.001, offset_z=  -0.001  (mm)
  Detector : dDx=   0.000, dDy=   0.000, dDz=   0.000  (mm)
  Obj Stage rotY :    7.998 deg
============================================================

Unity geometry (world coordinates):
  Source   : x=   2.000, y=  45.000, z=   0.000
  Object   : x=   0.001, y=  20.001, z= 569.973
  Detector : x=   0.000, y=   2.000, z= 704.000
  Obj rotY :   0.0000 deg
view   0 | SOD= 570.524 mm | SDD= 705.315 mm | M= 1.236 | incident=3.4990°
[[  81.28145    -564.1503      -24.998587  ]
 [ -18.646729    132.72438      18.001413  ]
 [   0.148145      0.02081387    0.        ]
 [   0.            0.            0.1496    ]]
Residual vector length: 324, Jacobian shape: (324, 6)
view   0 | SOD= 570.523 mm | SDD= 705.315 mm | M= 1.236 | incident=3.4990°
[[  81.29133    -564.1487      -24.998562  ]
 [ -18.648798    132.72433      18.001438  ]
 [   0.14814465    0.02081641    0.        ]
 [   0.            0.            0.1496    ]]

iter 19 cost=0.725095 -> 0.742508 |dtheta|=1.077952e-03  lambda=9.766e+00

============================================================
Iteration 20
============================================================
Theta offsets (Unity frame):
  Source   : dSx=   0.000, dSy=   0.000, dSz=   0.000  (mm)
  Object   : dOx=  -5.999, dOy=   2.001, dOz= -15.027  (mm)
  Object offset: offset_x=  -0.001, offset_z=  -0.001  (mm)
  Detector : dDx=   0.000, dDy=   0.000, dDz=   0.000  (mm)
  Obj Stage rotY :    7.998 deg
============================================================

Unity geometry (world coordinates):
  Source   : x=   2.000, y=  45.000, z=   0.000
  Object   : x=   0.001, y=  20.001, z= 569.973
  Detector : x=   0.000, y=   2.000, z= 704.000
  Obj rotY :   0.0000 deg
view   0 | SOD= 570.524 mm | SDD= 705.315 mm | M= 1.236 | incident=3.4990°
[[  81.28145    -564.1503      -24.998587  ]
 [ -18.646729    132.72438      18.001413  ]
 [   0.148145      0.02081387    0.        ]
 [   0.            0.            0.1496    ]]
Residual vector length: 324, Jacobian shape: (324, 6)
view   0 | SOD= 570.523 mm | SDD= 705.315 mm | M= 1.236 | incident=3.4990°
[[  81.29104    -564.1488      -24.998566  ]
 [ -18.648708    132.72421      18.001434  ]
 [   0.14814466    0.02081633    0.        ]
 [   0.            0.            0.1496    ]]

iter 20 cost=0.725095 -> 0.739310 |dtheta|=1.024627e-03  lambda=4.883e+01

============================================================
Iteration 21
============================================================
Theta offsets (Unity frame):
  Source   : dSx=   0.000, dSy=   0.000, dSz=   0.000  (mm)
  Object   : dOx=  -5.999, dOy=   2.001, dOz= -15.027  (mm)
  Object offset: offset_x=  -0.001, offset_z=  -0.001  (mm)
  Detector : dDx=   0.000, dDy=   0.000, dDz=   0.000  (mm)
  Obj Stage rotY :    7.998 deg
============================================================

Unity geometry (world coordinates):
  Source   : x=   2.000, y=  45.000, z=   0.000
  Object   : x=   0.001, y=  20.001, z= 569.973
  Detector : x=   0.000, y=   2.000, z= 704.000
  Obj rotY :   0.0000 deg
view   0 | SOD= 570.524 mm | SDD= 705.315 mm | M= 1.236 | incident=3.4990°
[[  81.28145    -564.1503      -24.998587  ]
 [ -18.646729    132.72438      18.001413  ]
 [   0.148145      0.02081387    0.        ]
 [   0.            0.            0.1496    ]]
Residual vector length: 324, Jacobian shape: (324, 6)
view   0 | SOD= 570.524 mm | SDD= 705.315 mm | M= 1.236 | incident=3.4990°
[[  81.2898    -564.1491     -24.998571 ]
 [ -18.648386   132.72414     18.001429 ]
 [   0.1481447    0.020816     0.       ]
 [   0.           0.           0.1496   ]]

iter 21 cost=0.725095 -> 0.734433 |dtheta|=8.858936e-04  lambda=2.441e+02

============================================================
Iteration 22
============================================================
Theta offsets (Unity frame):
  Source   : dSx=   0.000, dSy=   0.000, dSz=   0.000  (mm)
  Object   : dOx=  -5.999, dOy=   2.001, dOz= -15.027  (mm)
  Object offset: offset_x=  -0.001, offset_z=  -0.001  (mm)
  Detector : dDx=   0.000, dDy=   0.000, dDz=   0.000  (mm)
  Obj Stage rotY :    7.998 deg
============================================================

Unity geometry (world coordinates):
  Source   : x=   2.000, y=  45.000, z=   0.000
  Object   : x=   0.001, y=  20.001, z= 569.973
  Detector : x=   0.000, y=   2.000, z= 704.000
  Obj rotY :   0.0000 deg
view   0 | SOD= 570.524 mm | SDD= 705.315 mm | M= 1.236 | incident=3.4990°
[[  81.28145    -564.1503      -24.998587  ]
 [ -18.646729    132.72438      18.001413  ]
 [   0.148145      0.02081387    0.        ]
 [   0.            0.            0.1496    ]]
Residual vector length: 324, Jacobian shape: (324, 6)
view   0 | SOD= 570.524 mm | SDD= 705.315 mm | M= 1.236 | incident=3.4990°
[[  81.28658    -564.14966     -24.998577  ]
 [ -18.647625    132.72418      18.001423  ]
 [   0.14814483    0.02081515    0.        ]
 [   0.            0.            0.1496    ]]

iter 22 cost=0.725095 -> 0.731625 |dtheta|=5.758209e-04  lambda=1.221e+03

============================================================
Iteration 23
============================================================
Theta offsets (Unity frame):
  Source   : dSx=   0.000, dSy=   0.000, dSz=   0.000  (mm)
  Object   : dOx=  -5.999, dOy=   2.001, dOz= -15.027  (mm)
  Object offset: offset_x=  -0.001, offset_z=  -0.001  (mm)
  Detector : dDx=   0.000, dDy=   0.000, dDz=   0.000  (mm)
  Obj Stage rotY :    7.998 deg
============================================================

Unity geometry (world coordinates):
  Source   : x=   2.000, y=  45.000, z=   0.000
  Object   : x=   0.001, y=  20.001, z= 569.973
  Detector : x=   0.000, y=   2.000, z= 704.000
  Obj rotY :   0.0000 deg
view   0 | SOD= 570.524 mm | SDD= 705.315 mm | M= 1.236 | incident=3.4990°
[[  81.28145    -564.1503      -24.998587  ]
 [ -18.646729    132.72438      18.001413  ]
 [   0.148145      0.02081387    0.        ]
 [   0.            0.            0.1496    ]]
Residual vector length: 324, Jacobian shape: (324, 6)
view   0 | SOD= 570.524 mm | SDD= 705.315 mm | M= 1.236 | incident=3.4990°
[[  81.28331    -564.15015     -24.998583  ]
 [ -18.646955    132.72427      18.001417  ]
 [   0.14814495    0.02081431    0.        ]
 [   0.            0.            0.1496    ]]

iter 23 cost=0.725095 -> 0.729113 |dtheta|=2.493181e-04  lambda=6.104e+03

============================================================
Iteration 24
============================================================
Theta offsets (Unity frame):
  Source   : dSx=   0.000, dSy=   0.000, dSz=   0.000  (mm)
  Object   : dOx=  -5.999, dOy=   2.001, dOz= -15.027  (mm)
  Object offset: offset_x=  -0.001, offset_z=  -0.001  (mm)
  Detector : dDx=   0.000, dDy=   0.000, dDz=   0.000  (mm)
  Obj Stage rotY :    7.998 deg
============================================================

Unity geometry (world coordinates):
  Source   : x=   2.000, y=  45.000, z=   0.000
  Object   : x=   0.001, y=  20.001, z= 569.973
  Detector : x=   0.000, y=   2.000, z= 704.000
  Obj rotY :   0.0000 deg
view   0 | SOD= 570.524 mm | SDD= 705.315 mm | M= 1.236 | incident=3.4990°
[[  81.28145    -564.1503      -24.998587  ]
 [ -18.646729    132.72438      18.001413  ]
 [   0.148145      0.02081387    0.        ]
 [   0.            0.            0.1496    ]]
Residual vector length: 324, Jacobian shape: (324, 6)
view   0 | SOD= 570.524 mm | SDD= 705.315 mm | M= 1.236 | incident=3.4990°
[[  81.28191    -564.15027     -24.998585  ]
 [ -18.646769    132.72437      18.001415  ]
 [   0.14814499    0.02081398    0.        ]
 [   0.            0.            0.1496    ]]

iter 24 cost=0.725095 -> 0.730077 |dtheta|=7.277466e-05  lambda=3.052e+04

============================================================
Iteration 25
============================================================
Theta offsets (Unity frame):
  Source   : dSx=   0.000, dSy=   0.000, dSz=   0.000  (mm)
  Object   : dOx=  -5.999, dOy=   2.001, dOz= -15.027  (mm)
  Object offset: offset_x=  -0.001, offset_z=  -0.001  (mm)
  Detector : dDx=   0.000, dDy=   0.000, dDz=   0.000  (mm)
  Obj Stage rotY :    7.998 deg
============================================================

Unity geometry (world coordinates):
  Source   : x=   2.000, y=  45.000, z=   0.000
  Object   : x=   0.001, y=  20.001, z= 569.973
  Detector : x=   0.000, y=   2.000, z= 704.000
  Obj rotY :   0.0000 deg
view   0 | SOD= 570.524 mm | SDD= 705.315 mm | M= 1.236 | incident=3.4990°
[[  81.28145    -564.1503      -24.998587  ]
 [ -18.646729    132.72438      18.001413  ]
 [   0.148145      0.02081387    0.        ]
 [   0.            0.            0.1496    ]]
Residual vector length: 324, Jacobian shape: (324, 6)
view   0 | SOD= 570.524 mm | SDD= 705.315 mm | M= 1.236 | incident=3.4990°
[[  81.28155    -564.1503      -24.998587  ]
 [ -18.646736    132.72437      18.001413  ]
 [   0.148145      0.02081389    0.        ]
 [   0.            0.            0.1496    ]]

iter 25 cost=0.725095 -> 0.721596 |dtheta|=1.625492e-05  lambda=1.526e+05

============================================================
Iteration 26
============================================================
Theta offsets (Unity frame):
  Source   : dSx=   0.000, dSy=   0.000, dSz=   0.000  (mm)
  Object   : dOx=  -5.999, dOy=   2.001, dOz= -15.027  (mm)
  Object offset: offset_x=  -0.001, offset_z=  -0.001  (mm)
  Detector : dDx=   0.000, dDy=   0.000, dDz=   0.000  (mm)
  Obj Stage rotY :    7.998 deg
============================================================

Unity geometry (world coordinates):
  Source   : x=   2.000, y=  45.000, z=   0.000
  Object   : x=   0.001, y=  20.001, z= 569.973
  Detector : x=   0.000, y=   2.000, z= 704.000
  Obj rotY :   0.0000 deg
view   0 | SOD= 570.524 mm | SDD= 705.315 mm | M= 1.236 | incident=3.4990°
[[  81.28155    -564.1503      -24.998587  ]
 [ -18.646736    132.72437      18.001413  ]
 [   0.148145      0.02081389    0.        ]
 [   0.            0.            0.1496    ]]
Residual vector length: 324, Jacobian shape: (324, 6)
view   0 | SOD= 570.524 mm | SDD= 705.315 mm | M= 1.236 | incident=3.4990°
[[  81.28181    -564.15027     -24.998589  ]
 [ -18.646763    132.72437      18.001411  ]
 [   0.14814499    0.02081395    0.        ]
 [   0.            0.            0.1496    ]]

iter 26 cost=0.721596 -> 0.726580 |dtheta|=3.978234e-05  lambda=5.086e+04

============================================================
Iteration 27
============================================================
Theta offsets (Unity frame):
  Source   : dSx=   0.000, dSy=   0.000, dSz=   0.000  (mm)
  Object   : dOx=  -5.999, dOy=   2.001, dOz= -15.027  (mm)
  Object offset: offset_x=  -0.001, offset_z=  -0.001  (mm)
  Detector : dDx=   0.000, dDy=   0.000, dDz=   0.000  (mm)
  Obj Stage rotY :    7.998 deg
============================================================

Unity geometry (world coordinates):
  Source   : x=   2.000, y=  45.000, z=   0.000
  Object   : x=   0.001, y=  20.001, z= 569.973
  Detector : x=   0.000, y=   2.000, z= 704.000
  Obj rotY :   0.0000 deg
view   0 | SOD= 570.524 mm | SDD= 705.315 mm | M= 1.236 | incident=3.4990°
[[  81.28155    -564.1503      -24.998587  ]
 [ -18.646736    132.72437      18.001413  ]
 [   0.148145      0.02081389    0.        ]
 [   0.            0.            0.1496    ]]
Residual vector length: 324, Jacobian shape: (324, 6)
view   0 | SOD= 570.524 mm | SDD= 705.315 mm | M= 1.236 | incident=3.4990°
[[  81.2816     -564.1503      -24.998587  ]
 [ -18.646742    132.72437      18.001413  ]
 [   0.148145      0.02081391    0.        ]
 [   0.            0.            0.1496    ]]

iter 27 cost=0.721596 -> 0.722455 |dtheta|=8.494217e-06  lambda=2.543e+05

============================================================
Iteration 28
============================================================
Theta offsets (Unity frame):
  Source   : dSx=   0.000, dSy=   0.000, dSz=   0.000  (mm)
  Object   : dOx=  -5.999, dOy=   2.001, dOz= -15.027  (mm)
  Object offset: offset_x=  -0.001, offset_z=  -0.001  (mm)
  Detector : dDx=   0.000, dDy=   0.000, dDz=   0.000  (mm)
  Obj Stage rotY :    7.998 deg
============================================================

Unity geometry (world coordinates):
  Source   : x=   2.000, y=  45.000, z=   0.000
  Object   : x=   0.001, y=  20.001, z= 569.973
  Detector : x=   0.000, y=   2.000, z= 704.000
  Obj rotY :   0.0000 deg
view   0 | SOD= 570.524 mm | SDD= 705.315 mm | M= 1.236 | incident=3.4990°
[[  81.28155    -564.1503      -24.998587  ]
 [ -18.646736    132.72437      18.001413  ]
 [   0.148145      0.02081389    0.        ]
 [   0.            0.            0.1496    ]]
Residual vector length: 324, Jacobian shape: (324, 6)
view   0 | SOD= 570.524 mm | SDD= 705.315 mm | M= 1.236 | incident=3.4990°
[[  81.28156   -564.1503     -24.998587 ]
 [ -18.646738   132.72437     18.001413 ]
 [   0.148145     0.0208139    0.       ]
 [   0.           0.           0.1496   ]]

iter 28 cost=0.721596 -> 0.723162 |dtheta|=2.188335e-06  lambda=1.000e+06

============================================================
Iteration 29
============================================================
Theta offsets (Unity frame):
  Source   : dSx=   0.000, dSy=   0.000, dSz=   0.000  (mm)
  Object   : dOx=  -5.999, dOy=   2.001, dOz= -15.027  (mm)
  Object offset: offset_x=  -0.001, offset_z=  -0.001  (mm)
  Detector : dDx=   0.000, dDy=   0.000, dDz=   0.000  (mm)
  Obj Stage rotY :    7.998 deg
============================================================

Unity geometry (world coordinates):
  Source   : x=   2.000, y=  45.000, z=   0.000
  Object   : x=   0.001, y=  20.001, z= 569.973
  Detector : x=   0.000, y=   2.000, z= 704.000
  Obj rotY :   0.0000 deg
view   0 | SOD= 570.524 mm | SDD= 705.315 mm | M= 1.236 | incident=3.4990°
[[  81.28155    -564.1503      -24.998587  ]
 [ -18.646736    132.72437      18.001413  ]
 [   0.148145      0.02081389    0.        ]
 [   0.            0.            0.1496    ]]
Residual vector length: 324, Jacobian shape: (324, 6)
view   0 | SOD= 570.524 mm | SDD= 705.315 mm | M= 1.236 | incident=3.4990°
[[  81.28156   -564.1503     -24.998587 ]
 [ -18.646738   132.72437     18.001413 ]
 [   0.148145     0.0208139    0.       ]
 [   0.           0.           0.1496   ]]

iter 29 cost=0.721596 -> 0.723162 |dtheta|=2.188335e-06  lambda=1.000e+06

============================================================
Iteration 30
============================================================
Theta offsets (Unity frame):
  Source   : dSx=   0.000, dSy=   0.000, dSz=   0.000  (mm)
  Object   : dOx=  -5.999, dOy=   2.001, dOz= -15.027  (mm)
  Object offset: offset_x=  -0.001, offset_z=  -0.001  (mm)
  Detector : dDx=   0.000, dDy=   0.000, dDz=   0.000  (mm)
  Obj Stage rotY :    7.998 deg
============================================================

Unity geometry (world coordinates):
  Source   : x=   2.000, y=  45.000, z=   0.000
  Object   : x=   0.001, y=  20.001, z= 569.973
  Detector : x=   0.000, y=   2.000, z= 704.000
  Obj rotY :   0.0000 deg
view   0 | SOD= 570.524 mm | SDD= 705.315 mm | M= 1.236 | incident=3.4990°
[[  81.28155    -564.1503      -24.998587  ]
 [ -18.646736    132.72437      18.001413  ]
 [   0.148145      0.02081389    0.        ]
 [   0.            0.            0.1496    ]]
Residual vector length: 324, Jacobian shape: (324, 6)
view   0 | SOD= 570.524 mm | SDD= 705.315 mm | M= 1.236 | incident=3.4990°
[[  81.28156   -564.1503     -24.998587 ]
 [ -18.646738   132.72437     18.001413 ]
 [   0.148145     0.0208139    0.       ]
 [   0.           0.           0.1496   ]]

iter 30 cost=0.721596 -> 0.723162 |dtheta|=2.188335e-06  lambda=1.000e+06

============================================================
Iteration 31
============================================================
Theta offsets (Unity frame):
  Source   : dSx=   0.000, dSy=   0.000, dSz=   0.000  (mm)
  Object   : dOx=  -5.999, dOy=   2.001, dOz= -15.027  (mm)
  Object offset: offset_x=  -0.001, offset_z=  -0.001  (mm)
  Detector : dDx=   0.000, dDy=   0.000, dDz=   0.000  (mm)
  Obj Stage rotY :    7.998 deg
============================================================

Unity geometry (world coordinates):
  Source   : x=   2.000, y=  45.000, z=   0.000
  Object   : x=   0.001, y=  20.001, z= 569.973
  Detector : x=   0.000, y=   2.000, z= 704.000
  Obj rotY :   0.0000 deg
view   0 | SOD= 570.524 mm | SDD= 705.315 mm | M= 1.236 | incident=3.4990°
[[  81.28155    -564.1503      -24.998587  ]
 [ -18.646736    132.72437      18.001413  ]
 [   0.148145      0.02081389    0.        ]
 [   0.            0.            0.1496    ]]
Residual vector length: 324, Jacobian shape: (324, 6)
view   0 | SOD= 570.524 mm | SDD= 705.315 mm | M= 1.236 | incident=3.4990°
[[  81.28156   -564.1503     -24.998587 ]
 [ -18.646738   132.72437     18.001413 ]
 [   0.148145     0.0208139    0.       ]
 [   0.           0.           0.1496   ]]

iter 31 cost=0.721596 -> 0.723162 |dtheta|=2.188335e-06  lambda=1.000e+06

============================================================
Iteration 32
============================================================
Theta offsets (Unity frame):
  Source   : dSx=   0.000, dSy=   0.000, dSz=   0.000  (mm)
  Object   : dOx=  -5.999, dOy=   2.001, dOz= -15.027  (mm)
  Object offset: offset_x=  -0.001, offset_z=  -0.001  (mm)
  Detector : dDx=   0.000, dDy=   0.000, dDz=   0.000  (mm)
  Obj Stage rotY :    7.998 deg
============================================================

Unity geometry (world coordinates):
  Source   : x=   2.000, y=  45.000, z=   0.000
  Object   : x=   0.001, y=  20.001, z= 569.973
  Detector : x=   0.000, y=   2.000, z= 704.000
  Obj rotY :   0.0000 deg
view   0 | SOD= 570.524 mm | SDD= 705.315 mm | M= 1.236 | incident=3.4990°
[[  81.28155    -564.1503      -24.998587  ]
 [ -18.646736    132.72437      18.001413  ]
 [   0.148145      0.02081389    0.        ]
 [   0.            0.            0.1496    ]]
Residual vector length: 324, Jacobian shape: (324, 6)
view   0 | SOD= 570.524 mm | SDD= 705.315 mm | M= 1.236 | incident=3.4990°
[[  81.28156   -564.1503     -24.998587 ]
 [ -18.646738   132.72437     18.001413 ]
 [   0.148145     0.0208139    0.       ]
 [   0.           0.           0.1496   ]]

iter 32 cost=0.721596 -> 0.723162 |dtheta|=2.188335e-06  lambda=1.000e+06

============================================================
Iteration 33
============================================================
Theta offsets (Unity frame):
  Source   : dSx=   0.000, dSy=   0.000, dSz=   0.000  (mm)
  Object   : dOx=  -5.999, dOy=   2.001, dOz= -15.027  (mm)
  Object offset: offset_x=  -0.001, offset_z=  -0.001  (mm)
  Detector : dDx=   0.000, dDy=   0.000, dDz=   0.000  (mm)
  Obj Stage rotY :    7.998 deg
============================================================

Unity geometry (world coordinates):
  Source   : x=   2.000, y=  45.000, z=   0.000
  Object   : x=   0.001, y=  20.001, z= 569.973
  Detector : x=   0.000, y=   2.000, z= 704.000
  Obj rotY :   0.0000 deg
view   0 | SOD= 570.524 mm | SDD= 705.315 mm | M= 1.236 | incident=3.4990°
[[  81.28155    -564.1503      -24.998587  ]
 [ -18.646736    132.72437      18.001413  ]
 [   0.148145      0.02081389    0.        ]
 [   0.            0.            0.1496    ]]
Residual vector length: 324, Jacobian shape: (324, 6)
view   0 | SOD= 570.524 mm | SDD= 705.315 mm | M= 1.236 | incident=3.4990°
[[  81.28156   -564.1503     -24.998587 ]
 [ -18.646738   132.72437     18.001413 ]
 [   0.148145     0.0208139    0.       ]
 [   0.           0.           0.1496   ]]

iter 33 cost=0.721596 -> 0.723162 |dtheta|=2.188335e-06  lambda=1.000e+06

============================================================
Iteration 34
============================================================
Theta offsets (Unity frame):
  Source   : dSx=   0.000, dSy=   0.000, dSz=   0.000  (mm)
  Object   : dOx=  -5.999, dOy=   2.001, dOz= -15.027  (mm)
  Object offset: offset_x=  -0.001, offset_z=  -0.001  (mm)
  Detector : dDx=   0.000, dDy=   0.000, dDz=   0.000  (mm)
  Obj Stage rotY :    7.998 deg
============================================================

Unity geometry (world coordinates):
  Source   : x=   2.000, y=  45.000, z=   0.000
  Object   : x=   0.001, y=  20.001, z= 569.973
  Detector : x=   0.000, y=   2.000, z= 704.000
  Obj rotY :   0.0000 deg
view   0 | SOD= 570.524 mm | SDD= 705.315 mm | M= 1.236 | incident=3.4990°
[[  81.28155    -564.1503      -24.998587  ]
 [ -18.646736    132.72437      18.001413  ]
 [   0.148145      0.02081389    0.        ]
 [   0.            0.            0.1496    ]]
Residual vector length: 324, Jacobian shape: (324, 6)
view   0 | SOD= 570.524 mm | SDD= 705.315 mm | M= 1.236 | incident=3.4990°
[[  81.28156   -564.1503     -24.998587 ]
 [ -18.646738   132.72437     18.001413 ]
 [   0.148145     0.0208139    0.       ]
 [   0.           0.           0.1496   ]]

iter 34 cost=0.721596 -> 0.723162 |dtheta|=2.188335e-06  lambda=1.000e+06
Stalled.

Estimated theta:
  dSx: +0.000000
  dSy: +0.000000
  dOx: -5.999180
  dOy: +2.001414
  dOz: -15.026769
  dDx: +0.000000
  dDy: +0.000000
  dDz: +0.000000
alpha: +7.997524e+00 deg)
offset_x: -0.001424
offset_z: -0.001040

Final cost table:
Fake theta: [  0.   0.  -6.   2. -15.   0.   0.   0.   8.   0.   0.]
Final estimated theta: [  0.           0.          -5.9991796    2.00141362 -15.02676915
   0.           0.           0.           7.9975239   -0.00142356
  -0.00103994]
Diff from Expected: [ 0.          0.          0.0008204   0.00141362 -0.02676915  0.
  0.          0.         -0.0024761  -0.00142356 -0.00103994]
################################################################################

