Phantom already exists, skipping: cuboid_phantom_3_normal.npy

################################################################################
Running cuboid=normal scenario=G3 N_ANGLES=36, K=3
view   0 | SOD= 570.464 mm | SDD= 705.315 mm | M= 1.236 | incident=3.4990°
[[ 138.86055    -552.827       -23.        ]
 [ -34.584156    129.47562      20.        ]
 [   0.14509286    0.03644481    0.        ]
 [   0.            0.            0.1496    ]]
           image          x1         y1  area1          x2          y2  area2          x3          y3  area3
0   proj_000.png  513.482121  57.951911    811  469.647059  276.141457    714  513.457143  518.352795    805
1   proj_001.png  486.213317  57.876695    811  495.270687  276.049088    713  486.254364  518.465087    802
2   proj_002.png  459.007528  57.920954    797  520.639944  276.189873    711  459.073566  518.235661    802
3   proj_003.png  432.992500  58.018750    800  545.380556  276.437500    720  432.980124  517.618634    805
4   proj_004.png  408.840852  58.087719    798  568.520223  276.838215    717  408.753731  516.446517    804
5   proj_005.png  387.411250  58.282500    800  589.500000  277.460165    728  387.334582  515.078652    801
6   proj_006.png  369.346784  58.359395    793  607.658402  278.285124    726  369.322377  513.238938    791
7   proj_007.png  355.100000  58.566667    780  622.537940  279.089431    738  355.080769  511.229487    780
8   proj_008.png  345.192458  58.803641    769  633.536290  280.059140    744  345.241915  509.027167    773
9   proj_009.png  340.027741  58.903567    757  640.263648  281.066578    751  340.044619  506.803150    762
10  proj_010.png  339.331565  59.045093    754  642.696570  282.130607    758  339.229333  504.449333    750
11  proj_011.png  343.326087  59.232337    736  640.382895  283.132895    760  343.307588  502.168022    738
12  proj_012.png  351.511628  59.482900    731  633.517740  284.160315    761  351.560274  499.973973    730
13  proj_013.png  363.842917  59.569425    713  622.154746  285.224967    769  363.907821  498.022346    716
14  proj_014.png  380.035511  59.696023    704  606.588846  286.084306    771  380.005666  496.226629    706
15  proj_015.png  399.305832  59.810811    703  587.283140  286.884170    777  399.277075  494.614627    711
16  proj_016.png  421.112835  59.932299    709  564.685139  287.516373    794  421.079320  493.500000    706
17  proj_017.png  444.624473  60.015471    711  540.001253  287.979950    798  444.657382  492.583565    718
18  proj_018.png  469.607595  60.104079    711  513.444307  288.300743    808  469.680614  492.132497    717
19  proj_019.png  495.308555  60.115007    713  486.253086  288.318519    810  495.262570  491.998603    716
20  proj_020.png  520.690577  60.097046    711  459.059701  288.186567    804  520.667598  492.307263    716
21  proj_021.png  545.427577  60.000000    718  432.988848  287.812887    807  545.432961  492.825419    716
22  proj_022.png  568.530726  59.903631    716  408.795766  287.341220    803  568.525730  493.774687    719
23  proj_023.png  589.504841  59.630705    723  387.418023  286.604506    799  589.523352  495.295330    728
24  proj_024.png  607.653793  59.655172    725  369.365482  285.832487    788  607.686731  496.733242    731
25  proj_025.png  622.500000  59.500000    732  355.109974  284.918159    782  622.504775  498.559345    733
26  proj_026.png  633.510204  59.439456    735  345.241915  283.934023    773  633.567204  500.705645    744
27  proj_027.png  640.260985  59.189081    751  340.027668  282.845850    759  640.259603  502.989404    755
28  proj_028.png  642.745383  58.993404    758  339.289125  281.781167    754  642.708995  505.220899    756
29  proj_029.png  640.394737  58.888158    760  343.351902  280.736413    736  640.348344  507.662252    755
30  proj_030.png  633.557162  58.767411    761  351.582873  279.698895    724  633.525424  509.960887    767
31  proj_031.png  622.138381  58.462141    766  363.878830  278.732591    718  622.151948  512.009091    770
32  proj_032.png  606.585621  58.223529    765  380.070621  277.944915    708  606.556714  513.945241    767
33  proj_033.png  587.284794  58.163660    776  399.279037  277.280453    706  587.283715  515.638677    786
34  proj_034.png  564.778344  58.049682    785  421.134181  276.639831    708  564.802281  516.911280    789
35  proj_035.png  539.979950  57.998747    798  444.601116  276.358438    717  539.981108  517.769521    794

============================================================
Iteration 0
============================================================
Theta offsets (Unity frame):
  Source   : dSx=   0.000, dSy=   0.000, dSz=   0.000  (mm)
  Object   : dOx=   0.000, dOy=   0.000, dOz=   0.000  (mm)
  Object offset: offset_x=   0.000, offset_z=   0.000  (mm)
  Detector : dDx=   0.000, dDy=   0.000, dDz=   0.000  (mm)
  Obj Stage rotY :    0.000 deg
============================================================

Unity geometry (world coordinates):
  Source   : x=   0.000, y=  43.000, z=   0.000
  Object   : x=   8.000, y=  14.000, z= 595.000
  Detector : x=  -2.000, y=   0.000, z= 704.000
  Obj rotY :   0.0000 deg
view   0 | SOD= 595.760 mm | SDD= 705.315 mm | M= 1.184 | incident=3.4990°
[[  -8.     -595.      -29.    ]
 [ -10.      109.       14.    ]
 [   0.1496    0.        0.    ]
 [   0.        0.        0.1496]]
Residual vector length: 324, Jacobian shape: (324, 6)
view   0 | SOD= 575.406 mm | SDD= 705.315 mm | M= 1.226 | incident=3.4990°
[[  82.434975   -569.0025      -23.074574  ]
 [ -19.46808     127.58616      19.925426  ]
 [   0.14808542    0.0212337     0.        ]
 [   0.            0.            0.1496    ]]

iter 00 cost=384425.133574 -> 11291.354938 |dtheta|=2.398647e+01  lambda=1.000e-04

============================================================
Iteration 1
============================================================
Theta offsets (Unity frame):
  Source   : dSx=   0.000, dSy=   0.000, dSz=   0.000  (mm)
  Object   : dOx=  -8.055, dOy=   5.925, dOz= -20.202  (mm)
  Object offset: offset_x=  -0.783, offset_z=   0.145  (mm)
  Detector : dDx=   0.000, dDy=   0.000, dDz=   0.000  (mm)
  Obj Stage rotY :    8.160 deg
============================================================

Unity geometry (world coordinates):
  Source   : x=   0.000, y=  43.000, z=   0.000
  Object   : x=  -0.055, y=  19.925, z= 574.798
  Detector : x=  -2.000, y=   0.000, z= 704.000
  Obj rotY :   0.0000 deg
view   0 | SOD= 575.406 mm | SDD= 705.315 mm | M= 1.226 | incident=3.4990°
[[  82.434975   -569.0025      -23.074574  ]
 [ -19.46808     127.58616      19.925426  ]
 [   0.14808542    0.0212337     0.        ]
 [   0.            0.            0.1496    ]]
Residual vector length: 324, Jacobian shape: (324, 6)
view   0 | SOD= 571.890 mm | SDD= 705.315 mm | M= 1.233 | incident=3.4990°
[[ 116.98626    -559.32166     -23.06164   ]
 [ -28.726       129.43663      19.93836   ]
 [   0.14644791    0.03054781    0.        ]
 [   0.            0.            0.1496    ]]

iter 01 cost=11291.354938 -> 1737.316699 |dtheta|=4.926696e+00  lambda=3.333e-05

============================================================
Iteration 2
============================================================
Theta offsets (Unity frame):
  Source   : dSx=   0.000, dSy=   0.000, dSz=   0.000  (mm)
  Object   : dOx=  -7.976, dOy=   5.938, dOz= -23.503  (mm)
  Object offset: offset_x=  -0.334, offset_z=  -0.072  (mm)
  Detector : dDx=   0.000, dDy=   0.000, dDz=   0.000  (mm)
  Obj Stage rotY :   11.782 deg
============================================================

Unity geometry (world coordinates):
  Source   : x=   0.000, y=  43.000, z=   0.000
  Object   : x=   0.024, y=  19.938, z= 571.497
  Detector : x=  -2.000, y=   0.000, z= 704.000
  Obj rotY :   0.0000 deg
view   0 | SOD= 571.890 mm | SDD= 705.315 mm | M= 1.233 | incident=3.4990°
[[ 116.98626    -559.32166     -23.06164   ]
 [ -28.726       129.43663      19.93836   ]
 [   0.14644791    0.03054781    0.        ]
 [   0.            0.            0.1496    ]]
Residual vector length: 324, Jacobian shape: (324, 6)
view   0 | SOD= 570.623 mm | SDD= 705.315 mm | M= 1.236 | incident=3.4990°
[[ 130.23323    -555.08563     -23.01497   ]
 [ -32.278675    129.90332      19.98503   ]
 [   0.14565709    0.03411998    0.        ]
 [   0.            0.            0.1496    ]]

iter 02 cost=1737.316699 -> 269.375689 |dtheta|=1.938423e+00  lambda=1.111e-05

============================================================
Iteration 3
============================================================
Theta offsets (Unity frame):
  Source   : dSx=   0.000, dSy=   0.000, dSz=   0.000  (mm)
  Object   : dOx=  -8.020, dOy=   5.985, dOz= -24.831  (mm)
  Object offset: offset_x=  -0.179, offset_z=  -0.011  (mm)
  Detector : dDx=   0.000, dDy=   0.000, dDz=   0.000  (mm)
  Obj Stage rotY :   13.184 deg
============================================================

Unity geometry (world coordinates):
  Source   : x=   0.000, y=  43.000, z=   0.000
  Object   : x=  -0.020, y=  19.985, z= 570.169
  Detector : x=  -2.000, y=   0.000, z= 704.000
  Obj rotY :   0.0000 deg
view   0 | SOD= 570.623 mm | SDD= 705.315 mm | M= 1.236 | incident=3.4990°
[[ 130.23323    -555.08563     -23.01497   ]
 [ -32.278675    129.90332      19.98503   ]
 [   0.14565709    0.03411998    0.        ]
 [   0.            0.            0.1496    ]]
Residual vector length: 324, Jacobian shape: (324, 6)
view   0 | SOD= 570.381 mm | SDD= 705.315 mm | M= 1.237 | incident=3.4990°
[[ 134.99084    -553.69977     -23.001463  ]
 [ -33.627518    129.81166      19.998537  ]
 [   0.14534679    0.03541848    0.        ]
 [   0.            0.            0.1496    ]]

iter 03 cost=269.375689 -> 53.285505 |dtheta|=5.778341e-01  lambda=3.704e-06

============================================================
Iteration 4
============================================================
Theta offsets (Unity frame):
  Source   : dSx=   0.000, dSy=   0.000, dSz=   0.000  (mm)
  Object   : dOx=  -8.003, dOy=   5.999, dOz= -25.070  (mm)
  Object offset: offset_x=  -0.059, offset_z=  -0.012  (mm)
  Detector : dDx=   0.000, dDy=   0.000, dDz=   0.000  (mm)
  Obj Stage rotY :   13.695 deg
============================================================

Unity geometry (world coordinates):
  Source   : x=   0.000, y=  43.000, z=   0.000
  Object   : x=  -0.003, y=  19.999, z= 569.930
  Detector : x=  -2.000, y=   0.000, z= 704.000
  Obj rotY :   0.0000 deg
view   0 | SOD= 570.381 mm | SDD= 705.315 mm | M= 1.237 | incident=3.4990°
[[ 134.99084    -553.69977     -23.001463  ]
 [ -33.627518    129.81166      19.998537  ]
 [   0.14534679    0.03541848    0.        ]
 [   0.            0.            0.1496    ]]
Residual vector length: 324, Jacobian shape: (324, 6)
view   0 | SOD= 570.454 mm | SDD= 705.315 mm | M= 1.236 | incident=3.4990°
[[ 137.15845    -553.24207     -23.00057   ]
 [ -34.168667    129.59541      19.99943   ]
 [   0.14520521    0.0359945     0.        ]
 [   0.            0.            0.1496    ]]

iter 04 cost=53.285505 -> 10.821963 |dtheta|=2.390979e-01  lambda=1.235e-06

============================================================
Iteration 5
============================================================
Theta offsets (Unity frame):
  Source   : dSx=   0.000, dSy=   0.000, dSz=   0.000  (mm)
  Object   : dOx=  -7.998, dOy=   5.999, dOz= -25.009  (mm)
  Object offset: offset_x=  -0.018, offset_z=  -0.001  (mm)
  Detector : dDx=   0.000, dDy=   0.000, dDz=   0.000  (mm)
  Obj Stage rotY :   13.922 deg
============================================================

Unity geometry (world coordinates):
  Source   : x=   0.000, y=  43.000, z=   0.000
  Object   : x=   0.002, y=  19.999, z= 569.991
  Detector : x=  -2.000, y=   0.000, z= 704.000
  Obj rotY :   0.0000 deg
view   0 | SOD= 570.454 mm | SDD= 705.315 mm | M= 1.236 | incident=3.4990°
[[ 137.15845    -553.24207     -23.00057   ]
 [ -34.168667    129.59541      19.99943   ]
 [   0.14520521    0.0359945     0.        ]
 [   0.            0.            0.1496    ]]
Residual vector length: 324, Jacobian shape: (324, 6)
view   0 | SOD= 570.495 mm | SDD= 705.315 mm | M= 1.236 | incident=3.4990°
[[ 138.19086    -553.02655     -23.00046   ]
 [ -34.41186     129.48961      19.99954   ]
 [   0.14513771    0.03626575    0.        ]
 [   0.            0.            0.1496    ]]

iter 05 cost=10.821963 -> 2.622080 |dtheta|=1.144752e-01  lambda=1.000e-06

============================================================
Iteration 6
============================================================
Theta offsets (Unity frame):
  Source   : dSx=   0.000, dSy=   0.000, dSz=   0.000  (mm)
  Object   : dOx=  -8.000, dOy=   6.000, dOz= -24.971  (mm)
  Object offset: offset_x=  -0.005, offset_z=   0.002  (mm)
  Detector : dDx=   0.000, dDy=   0.000, dDz=   0.000  (mm)
  Obj Stage rotY :   14.029 deg
============================================================

Unity geometry (world coordinates):
  Source   : x=   0.000, y=  43.000, z=   0.000
  Object   : x=  -0.000, y=  20.000, z= 570.029
  Detector : x=  -2.000, y=   0.000, z= 704.000
  Obj rotY :   0.0000 deg
view   0 | SOD= 570.495 mm | SDD= 705.315 mm | M= 1.236 | incident=3.4990°
[[ 138.19086    -553.02655     -23.00046   ]
 [ -34.41186     129.48961      19.99954   ]
 [   0.14513771    0.03626575    0.        ]
 [   0.            0.            0.1496    ]]
Residual vector length: 324, Jacobian shape: (324, 6)
view   0 | SOD= 570.476 mm | SDD= 705.315 mm | M= 1.236 | incident=3.4990°
[[ 138.58333    -552.90936     -23.00086   ]
 [ -34.515484    129.48112      19.99914   ]
 [   0.14511131    0.03637125    0.        ]
 [   0.            0.            0.1496    ]]

iter 06 cost=2.622080 -> 1.250652 |dtheta|=4.535847e-02  lambda=1.000e-06

============================================================
Iteration 7
============================================================
Theta offsets (Unity frame):
  Source   : dSx=   0.000, dSy=   0.000, dSz=   0.000  (mm)
  Object   : dOx=  -8.001, dOy=   5.999, dOz= -24.988  (mm)
  Object offset: offset_x=   0.001, offset_z=   0.000  (mm)
  Detector : dDx=   0.000, dDy=   0.000, dDz=   0.000  (mm)
  Obj Stage rotY :   14.071 deg
============================================================

Unity geometry (world coordinates):
  Source   : x=   0.000, y=  43.000, z=   0.000
  Object   : x=  -0.001, y=  19.999, z= 570.012
  Detector : x=  -2.000, y=   0.000, z= 704.000
  Obj rotY :   0.0000 deg
view   0 | SOD= 570.476 mm | SDD= 705.315 mm | M= 1.236 | incident=3.4990°
[[ 138.58333    -552.90936     -23.00086   ]
 [ -34.515484    129.48112      19.99914   ]
 [   0.14511131    0.03637125    0.        ]
 [   0.            0.            0.1496    ]]
Residual vector length: 324, Jacobian shape: (324, 6)
view   0 | SOD= 570.471 mm | SDD= 705.315 mm | M= 1.236 | incident=3.4990°
[[ 138.75719    -552.8605      -23.00038   ]
 [ -34.55663     129.47543      19.99962   ]
 [   0.14509985    0.03641697    0.        ]
 [   0.            0.            0.1496    ]]

iter 07 cost=1.250652 -> 0.997639 |dtheta|=1.871543e-02  lambda=1.000e-06

============================================================
Iteration 8
============================================================
Theta offsets (Unity frame):
  Source   : dSx=   0.000, dSy=   0.000, dSz=   0.000  (mm)
  Object   : dOx=  -8.002, dOy=   6.000, dOz= -24.993  (mm)
  Object offset: offset_x=   0.001, offset_z=  -0.000  (mm)
  Detector : dDx=   0.000, dDy=   0.000, dDz=   0.000  (mm)
  Obj Stage rotY :   14.089 deg
============================================================

Unity geometry (world coordinates):
  Source   : x=   0.000, y=  43.000, z=   0.000
  Object   : x=  -0.002, y=  20.000, z= 570.007
  Detector : x=  -2.000, y=   0.000, z= 704.000
  Obj rotY :   0.0000 deg
view   0 | SOD= 570.471 mm | SDD= 705.315 mm | M= 1.236 | incident=3.4990°
[[ 138.75719    -552.8605      -23.00038   ]
 [ -34.55663     129.47543      19.99962   ]
 [   0.14509985    0.03641697    0.        ]
 [   0.            0.            0.1496    ]]
Residual vector length: 324, Jacobian shape: (324, 6)
view   0 | SOD= 570.459 mm | SDD= 705.315 mm | M= 1.236 | incident=3.4990°
[[ 138.8414     -552.8268      -22.9999    ]
 [ -34.5792      129.48204      20.0001    ]
 [   0.14509414    0.03643968    0.        ]
 [   0.            0.            0.1496    ]]

iter 08 cost=0.997639 -> 0.964628 |dtheta|=1.516014e-02  lambda=1.000e-06

============================================================
Iteration 9
============================================================
Theta offsets (Unity frame):
  Source   : dSx=   0.000, dSy=   0.000, dSz=   0.000  (mm)
  Object   : dOx=  -8.001, dOy=   6.000, dOz= -25.005  (mm)
  Object offset: offset_x=  -0.000, offset_z=  -0.000  (mm)
  Detector : dDx=   0.000, dDy=   0.000, dDz=   0.000  (mm)
  Obj Stage rotY :   14.098 deg
============================================================

Unity geometry (world coordinates):
  Source   : x=   0.000, y=  43.000, z=   0.000
  Object   : x=  -0.001, y=  20.000, z= 569.995
  Detector : x=  -2.000, y=   0.000, z= 704.000
  Obj rotY :   0.0000 deg
view   0 | SOD= 570.459 mm | SDD= 705.315 mm | M= 1.236 | incident=3.4990°
[[ 138.8414     -552.8268      -22.9999    ]
 [ -34.5792      129.48204      20.0001    ]
 [   0.14509414    0.03643968    0.        ]
 [   0.            0.            0.1496    ]]
Residual vector length: 324, Jacobian shape: (324, 6)
view   0 | SOD= 570.456 mm | SDD= 705.315 mm | M= 1.236 | incident=3.4990°
[[ 138.8702     -552.81683     -22.999792  ]
 [ -34.58693     129.4827       20.000208  ]
 [   0.14509219    0.03644744    0.        ]
 [   0.            0.            0.1496    ]]

iter 09 cost=0.964628 -> 0.986359 |dtheta|=5.060452e-03  lambda=1.000e-06

============================================================
Iteration 10
============================================================
Theta offsets (Unity frame):
  Source   : dSx=   0.000, dSy=   0.000, dSz=   0.000  (mm)
  Object   : dOx=  -8.001, dOy=   6.000, dOz= -25.005  (mm)
  Object offset: offset_x=  -0.000, offset_z=  -0.000  (mm)
  Detector : dDx=   0.000, dDy=   0.000, dDz=   0.000  (mm)
  Obj Stage rotY :   14.098 deg
============================================================

Unity geometry (world coordinates):
  Source   : x=   0.000, y=  43.000, z=   0.000
  Object   : x=  -0.001, y=  20.000, z= 569.995
  Detector : x=  -2.000, y=   0.000, z= 704.000
  Obj rotY :   0.0000 deg
view   0 | SOD= 570.459 mm | SDD= 705.315 mm | M= 1.236 | incident=3.4990°
[[ 138.8414     -552.8268      -22.9999    ]
 [ -34.5792      129.48204      20.0001    ]
 [   0.14509414    0.03643968    0.        ]
 [   0.            0.            0.1496    ]]
Residual vector length: 324, Jacobian shape: (324, 6)
view   0 | SOD= 570.456 mm | SDD= 705.315 mm | M= 1.236 | incident=3.4990°
[[ 138.8702     -552.81683     -22.999792  ]
 [ -34.58693     129.4827       20.000208  ]
 [   0.14509219    0.03644744    0.        ]
 [   0.            0.            0.1496    ]]

iter 10 cost=0.964628 -> 0.986359 |dtheta|=5.060452e-03  lambda=5.000e-06

============================================================
Iteration 11
============================================================
Theta offsets (Unity frame):
  Source   : dSx=   0.000, dSy=   0.000, dSz=   0.000  (mm)
  Object   : dOx=  -8.001, dOy=   6.000, dOz= -25.005  (mm)
  Object offset: offset_x=  -0.000, offset_z=  -0.000  (mm)
  Detector : dDx=   0.000, dDy=   0.000, dDz=   0.000  (mm)
  Obj Stage rotY :   14.098 deg
============================================================

Unity geometry (world coordinates):
  Source   : x=   0.000, y=  43.000, z=   0.000
  Object   : x=  -0.001, y=  20.000, z= 569.995
  Detector : x=  -2.000, y=   0.000, z= 704.000
  Obj rotY :   0.0000 deg
view   0 | SOD= 570.459 mm | SDD= 705.315 mm | M= 1.236 | incident=3.4990°
[[ 138.8414     -552.8268      -22.9999    ]
 [ -34.5792      129.48204      20.0001    ]
 [   0.14509414    0.03643968    0.        ]
 [   0.            0.            0.1496    ]]
Residual vector length: 324, Jacobian shape: (324, 6)
view   0 | SOD= 570.456 mm | SDD= 705.315 mm | M= 1.236 | incident=3.4990°
[[ 138.8702     -552.81683     -22.999792  ]
 [ -34.58693     129.4827       20.000208  ]
 [   0.14509219    0.03644744    0.        ]
 [   0.            0.            0.1496    ]]

iter 11 cost=0.964628 -> 0.986359 |dtheta|=5.060451e-03  lambda=2.500e-05

============================================================
Iteration 12
============================================================
Theta offsets (Unity frame):
  Source   : dSx=   0.000, dSy=   0.000, dSz=   0.000  (mm)
  Object   : dOx=  -8.001, dOy=   6.000, dOz= -25.005  (mm)
  Object offset: offset_x=  -0.000, offset_z=  -0.000  (mm)
  Detector : dDx=   0.000, dDy=   0.000, dDz=   0.000  (mm)
  Obj Stage rotY :   14.098 deg
============================================================

Unity geometry (world coordinates):
  Source   : x=   0.000, y=  43.000, z=   0.000
  Object   : x=  -0.001, y=  20.000, z= 569.995
  Detector : x=  -2.000, y=   0.000, z= 704.000
  Obj rotY :   0.0000 deg
view   0 | SOD= 570.459 mm | SDD= 705.315 mm | M= 1.236 | incident=3.4990°
[[ 138.8414     -552.8268      -22.9999    ]
 [ -34.5792      129.48204      20.0001    ]
 [   0.14509414    0.03643968    0.        ]
 [   0.            0.            0.1496    ]]
Residual vector length: 324, Jacobian shape: (324, 6)
view   0 | SOD= 570.456 mm | SDD= 705.315 mm | M= 1.236 | incident=3.4990°
[[ 138.8702     -552.81683     -22.999792  ]
 [ -34.58693     129.4827       20.000208  ]
 [   0.14509219    0.03644744    0.        ]
 [   0.            0.            0.1496    ]]

iter 12 cost=0.964628 -> 0.986359 |dtheta|=5.060447e-03  lambda=1.250e-04

============================================================
Iteration 13
============================================================
Theta offsets (Unity frame):
  Source   : dSx=   0.000, dSy=   0.000, dSz=   0.000  (mm)
  Object   : dOx=  -8.001, dOy=   6.000, dOz= -25.005  (mm)
  Object offset: offset_x=  -0.000, offset_z=  -0.000  (mm)
  Detector : dDx=   0.000, dDy=   0.000, dDz=   0.000  (mm)
  Obj Stage rotY :   14.098 deg
============================================================

Unity geometry (world coordinates):
  Source   : x=   0.000, y=  43.000, z=   0.000
  Object   : x=  -0.001, y=  20.000, z= 569.995
  Detector : x=  -2.000, y=   0.000, z= 704.000
  Obj rotY :   0.0000 deg
view   0 | SOD= 570.459 mm | SDD= 705.315 mm | M= 1.236 | incident=3.4990°
[[ 138.8414     -552.8268      -22.9999    ]
 [ -34.5792      129.48204      20.0001    ]
 [   0.14509414    0.03643968    0.        ]
 [   0.            0.            0.1496    ]]
Residual vector length: 324, Jacobian shape: (324, 6)
view   0 | SOD= 570.456 mm | SDD= 705.315 mm | M= 1.236 | incident=3.4990°
[[ 138.8702     -552.81683     -22.999792  ]
 [ -34.58693     129.4827       20.000208  ]
 [   0.14509219    0.03644744    0.        ]
 [   0.            0.            0.1496    ]]

iter 13 cost=0.964628 -> 0.986359 |dtheta|=5.060423e-03  lambda=6.250e-04

============================================================
Iteration 14
============================================================
Theta offsets (Unity frame):
  Source   : dSx=   0.000, dSy=   0.000, dSz=   0.000  (mm)
  Object   : dOx=  -8.001, dOy=   6.000, dOz= -25.005  (mm)
  Object offset: offset_x=  -0.000, offset_z=  -0.000  (mm)
  Detector : dDx=   0.000, dDy=   0.000, dDz=   0.000  (mm)
  Obj Stage rotY :   14.098 deg
============================================================

Unity geometry (world coordinates):
  Source   : x=   0.000, y=  43.000, z=   0.000
  Object   : x=  -0.001, y=  20.000, z= 569.995
  Detector : x=  -2.000, y=   0.000, z= 704.000
  Obj rotY :   0.0000 deg
view   0 | SOD= 570.459 mm | SDD= 705.315 mm | M= 1.236 | incident=3.4990°
[[ 138.8414     -552.8268      -22.9999    ]
 [ -34.5792      129.48204      20.0001    ]
 [   0.14509414    0.03643968    0.        ]
 [   0.            0.            0.1496    ]]
Residual vector length: 324, Jacobian shape: (324, 6)
view   0 | SOD= 570.456 mm | SDD= 705.315 mm | M= 1.236 | incident=3.4990°
[[ 138.8702     -552.81683     -22.999792  ]
 [ -34.58693     129.4827       20.000208  ]
 [   0.14509219    0.03644744    0.        ]
 [   0.            0.            0.1496    ]]

iter 14 cost=0.964628 -> 0.986359 |dtheta|=5.060304e-03  lambda=3.125e-03

============================================================
Iteration 15
============================================================
Theta offsets (Unity frame):
  Source   : dSx=   0.000, dSy=   0.000, dSz=   0.000  (mm)
  Object   : dOx=  -8.001, dOy=   6.000, dOz= -25.005  (mm)
  Object offset: offset_x=  -0.000, offset_z=  -0.000  (mm)
  Detector : dDx=   0.000, dDy=   0.000, dDz=   0.000  (mm)
  Obj Stage rotY :   14.098 deg
============================================================

Unity geometry (world coordinates):
  Source   : x=   0.000, y=  43.000, z=   0.000
  Object   : x=  -0.001, y=  20.000, z= 569.995
  Detector : x=  -2.000, y=   0.000, z= 704.000
  Obj rotY :   0.0000 deg
view   0 | SOD= 570.459 mm | SDD= 705.315 mm | M= 1.236 | incident=3.4990°
[[ 138.8414     -552.8268      -22.9999    ]
 [ -34.5792      129.48204      20.0001    ]
 [   0.14509414    0.03643968    0.        ]
 [   0.            0.            0.1496    ]]
Residual vector length: 324, Jacobian shape: (324, 6)
view   0 | SOD= 570.456 mm | SDD= 705.315 mm | M= 1.236 | incident=3.4990°
[[ 138.8702     -552.81683     -22.999792  ]
 [ -34.58693     129.4827       20.000208  ]
 [   0.14509219    0.03644744    0.        ]
 [   0.            0.            0.1496    ]]

iter 15 cost=0.964628 -> 0.986359 |dtheta|=5.059709e-03  lambda=1.562e-02

============================================================
Iteration 16
============================================================
Theta offsets (Unity frame):
  Source   : dSx=   0.000, dSy=   0.000, dSz=   0.000  (mm)
  Object   : dOx=  -8.001, dOy=   6.000, dOz= -25.005  (mm)
  Object offset: offset_x=  -0.000, offset_z=  -0.000  (mm)
  Detector : dDx=   0.000, dDy=   0.000, dDz=   0.000  (mm)
  Obj Stage rotY :   14.098 deg
============================================================

Unity geometry (world coordinates):
  Source   : x=   0.000, y=  43.000, z=   0.000
  Object   : x=  -0.001, y=  20.000, z= 569.995
  Detector : x=  -2.000, y=   0.000, z= 704.000
  Obj rotY :   0.0000 deg
view   0 | SOD= 570.459 mm | SDD= 705.315 mm | M= 1.236 | incident=3.4990°
[[ 138.8414     -552.8268      -22.9999    ]
 [ -34.5792      129.48204      20.0001    ]
 [   0.14509414    0.03643968    0.        ]
 [   0.            0.            0.1496    ]]
Residual vector length: 324, Jacobian shape: (324, 6)
view   0 | SOD= 570.456 mm | SDD= 705.315 mm | M= 1.236 | incident=3.4990°
[[ 138.8702     -552.81683     -22.999792  ]
 [ -34.58693     129.4827       20.000208  ]
 [   0.14509219    0.03644744    0.        ]
 [   0.            0.            0.1496    ]]

iter 16 cost=0.964628 -> 0.986359 |dtheta|=5.056740e-03  lambda=7.812e-02

============================================================
Iteration 17
============================================================
Theta offsets (Unity frame):
  Source   : dSx=   0.000, dSy=   0.000, dSz=   0.000  (mm)
  Object   : dOx=  -8.001, dOy=   6.000, dOz= -25.005  (mm)
  Object offset: offset_x=  -0.000, offset_z=  -0.000  (mm)
  Detector : dDx=   0.000, dDy=   0.000, dDz=   0.000  (mm)
  Obj Stage rotY :   14.098 deg
============================================================

Unity geometry (world coordinates):
  Source   : x=   0.000, y=  43.000, z=   0.000
  Object   : x=  -0.001, y=  20.000, z= 569.995
  Detector : x=  -2.000, y=   0.000, z= 704.000
  Obj rotY :   0.0000 deg
view   0 | SOD= 570.459 mm | SDD= 705.315 mm | M= 1.236 | incident=3.4990°
[[ 138.8414     -552.8268      -22.9999    ]
 [ -34.5792      129.48204      20.0001    ]
 [   0.14509414    0.03643968    0.        ]
 [   0.            0.            0.1496    ]]
Residual vector length: 324, Jacobian shape: (324, 6)
view   0 | SOD= 570.456 mm | SDD= 705.315 mm | M= 1.236 | incident=3.4990°
[[ 138.87018    -552.81683     -22.999794  ]
 [ -34.586926    129.4827       20.000206  ]
 [   0.14509219    0.03644744    0.        ]
 [   0.            0.            0.1496    ]]

iter 17 cost=0.964628 -> 0.986359 |dtheta|=5.041986e-03  lambda=3.906e-01

============================================================
Iteration 18
============================================================
Theta offsets (Unity frame):
  Source   : dSx=   0.000, dSy=   0.000, dSz=   0.000  (mm)
  Object   : dOx=  -8.001, dOy=   6.000, dOz= -25.005  (mm)
  Object offset: offset_x=  -0.000, offset_z=  -0.000  (mm)
  Detector : dDx=   0.000, dDy=   0.000, dDz=   0.000  (mm)
  Obj Stage rotY :   14.098 deg
============================================================

Unity geometry (world coordinates):
  Source   : x=   0.000, y=  43.000, z=   0.000
  Object   : x=  -0.001, y=  20.000, z= 569.995
  Detector : x=  -2.000, y=   0.000, z= 704.000
  Obj rotY :   0.0000 deg
view   0 | SOD= 570.459 mm | SDD= 705.315 mm | M= 1.236 | incident=3.4990°
[[ 138.8414     -552.8268      -22.9999    ]
 [ -34.5792      129.48204      20.0001    ]
 [   0.14509414    0.03643968    0.        ]
 [   0.            0.            0.1496    ]]
Residual vector length: 324, Jacobian shape: (324, 6)
view   0 | SOD= 570.456 mm | SDD= 705.315 mm | M= 1.236 | incident=3.4990°
[[ 138.87012    -552.81696     -22.999796  ]
 [ -34.586876    129.48257      20.000204  ]
 [   0.14509219    0.03644742    0.        ]
 [   0.            0.            0.1496    ]]

iter 18 cost=0.964628 -> 0.986359 |dtheta|=4.970456e-03  lambda=1.953e+00

============================================================
Iteration 19
============================================================
Theta offsets (Unity frame):
  Source   : dSx=   0.000, dSy=   0.000, dSz=   0.000  (mm)
  Object   : dOx=  -8.001, dOy=   6.000, dOz= -25.005  (mm)
  Object offset: offset_x=  -0.000, offset_z=  -0.000  (mm)
  Detector : dDx=   0.000, dDy=   0.000, dDz=   0.000  (mm)
  Obj Stage rotY :   14.098 deg
============================================================

Unity geometry (world coordinates):
  Source   : x=   0.000, y=  43.000, z=   0.000
  Object   : x=  -0.001, y=  20.000, z= 569.995
  Detector : x=  -2.000, y=   0.000, z= 704.000
  Obj rotY :   0.0000 deg
view   0 | SOD= 570.459 mm | SDD= 705.315 mm | M= 1.236 | incident=3.4990°
[[ 138.8414     -552.8268      -22.9999    ]
 [ -34.5792      129.48204      20.0001    ]
 [   0.14509414    0.03643968    0.        ]
 [   0.            0.            0.1496    ]]
Residual vector length: 324, Jacobian shape: (324, 6)
view   0 | SOD= 570.457 mm | SDD= 705.315 mm | M= 1.236 | incident=3.4990°
[[ 138.86984    -552.81744     -22.999811  ]
 [ -34.586697    129.48224      20.000189  ]
 [   0.14509222    0.03644732    0.        ]
 [   0.            0.            0.1496    ]]

iter 19 cost=0.964628 -> 0.979716 |dtheta|=4.661219e-03  lambda=9.766e+00

============================================================
Iteration 20
============================================================
Theta offsets (Unity frame):
  Source   : dSx=   0.000, dSy=   0.000, dSz=   0.000  (mm)
  Object   : dOx=  -8.001, dOy=   6.000, dOz= -25.005  (mm)
  Object offset: offset_x=  -0.000, offset_z=  -0.000  (mm)
  Detector : dDx=   0.000, dDy=   0.000, dDz=   0.000  (mm)
  Obj Stage rotY :   14.098 deg
============================================================

Unity geometry (world coordinates):
  Source   : x=   0.000, y=  43.000, z=   0.000
  Object   : x=  -0.001, y=  20.000, z= 569.995
  Detector : x=  -2.000, y=   0.000, z= 704.000
  Obj rotY :   0.0000 deg
view   0 | SOD= 570.459 mm | SDD= 705.315 mm | M= 1.236 | incident=3.4990°
[[ 138.8414     -552.8268      -22.9999    ]
 [ -34.5792      129.48204      20.0001    ]
 [   0.14509414    0.03643968    0.        ]
 [   0.            0.            0.1496    ]]
Residual vector length: 324, Jacobian shape: (324, 6)
view   0 | SOD= 570.458 mm | SDD= 705.315 mm | M= 1.236 | incident=3.4990°
[[ 138.86847    -552.8189      -22.999855  ]
 [ -34.586033    129.4813       20.000145  ]
 [   0.14509232    0.03644689    0.        ]
 [   0.            0.            0.1496    ]]

iter 20 cost=0.964628 -> 0.985121 |dtheta|=3.786288e-03  lambda=4.883e+01

============================================================
Iteration 21
============================================================
Theta offsets (Unity frame):
  Source   : dSx=   0.000, dSy=   0.000, dSz=   0.000  (mm)
  Object   : dOx=  -8.001, dOy=   6.000, dOz= -25.005  (mm)
  Object offset: offset_x=  -0.000, offset_z=  -0.000  (mm)
  Detector : dDx=   0.000, dDy=   0.000, dDz=   0.000  (mm)
  Obj Stage rotY :   14.098 deg
============================================================

Unity geometry (world coordinates):
  Source   : x=   0.000, y=  43.000, z=   0.000
  Object   : x=  -0.001, y=  20.000, z= 569.995
  Detector : x=  -2.000, y=   0.000, z= 704.000
  Obj rotY :   0.0000 deg
view   0 | SOD= 570.459 mm | SDD= 705.315 mm | M= 1.236 | incident=3.4990°
[[ 138.8414     -552.8268      -22.9999    ]
 [ -34.5792      129.48204      20.0001    ]
 [   0.14509414    0.03643968    0.        ]
 [   0.            0.            0.1496    ]]
Residual vector length: 324, Jacobian shape: (324, 6)
view   0 | SOD= 570.459 mm | SDD= 705.315 mm | M= 1.236 | incident=3.4990°
[[ 138.86319    -552.82166     -22.999912  ]
 [ -34.584293    129.4803       20.000088  ]
 [   0.14509271    0.0364454     0.        ]
 [   0.            0.            0.1496    ]]

iter 21 cost=0.964628 -> 0.979566 |dtheta|=2.643366e-03  lambda=2.441e+02

============================================================
Iteration 22
============================================================
Theta offsets (Unity frame):
  Source   : dSx=   0.000, dSy=   0.000, dSz=   0.000  (mm)
  Object   : dOx=  -8.001, dOy=   6.000, dOz= -25.005  (mm)
  Object offset: offset_x=  -0.000, offset_z=  -0.000  (mm)
  Detector : dDx=   0.000, dDy=   0.000, dDz=   0.000  (mm)
  Obj Stage rotY :   14.098 deg
============================================================

Unity geometry (world coordinates):
  Source   : x=   0.000, y=  43.000, z=   0.000
  Object   : x=  -0.001, y=  20.000, z= 569.995
  Detector : x=  -2.000, y=   0.000, z= 704.000
  Obj rotY :   0.0000 deg
view   0 | SOD= 570.459 mm | SDD= 705.315 mm | M= 1.236 | incident=3.4990°
[[ 138.8414     -552.8268      -22.9999    ]
 [ -34.5792      129.48204      20.0001    ]
 [   0.14509414    0.03643968    0.        ]
 [   0.            0.            0.1496    ]]
Residual vector length: 324, Jacobian shape: (324, 6)
view   0 | SOD= 570.460 mm | SDD= 705.315 mm | M= 1.236 | incident=3.4990°
[[ 138.85248    -552.8247      -22.999939  ]
 [ -34.581535    129.48065      20.000061  ]
 [   0.14509343    0.03644253    0.        ]
 [   0.            0.            0.1496    ]]

iter 22 cost=0.964628 -> 0.962541 |dtheta|=1.460928e-03  lambda=1.221e+03

============================================================
Iteration 23
============================================================
Theta offsets (Unity frame):
  Source   : dSx=   0.000, dSy=   0.000, dSz=   0.000  (mm)
  Object   : dOx=  -8.001, dOy=   6.000, dOz= -25.005  (mm)
  Object offset: offset_x=  -0.000, offset_z=   0.001  (mm)
  Detector : dDx=   0.000, dDy=   0.000, dDz=   0.000  (mm)
  Obj Stage rotY :   14.099 deg
============================================================

Unity geometry (world coordinates):
  Source   : x=   0.000, y=  43.000, z=   0.000
  Object   : x=  -0.001, y=  20.000, z= 569.995
  Detector : x=  -2.000, y=   0.000, z= 704.000
  Obj rotY :   0.0000 deg
view   0 | SOD= 570.460 mm | SDD= 705.315 mm | M= 1.236 | incident=3.4990°
[[ 138.85248    -552.8247      -22.999939  ]
 [ -34.581535    129.48065      20.000061  ]
 [   0.14509343    0.03644253    0.        ]
 [   0.            0.            0.1496    ]]
Residual vector length: 324, Jacobian shape: (324, 6)
view   0 | SOD= 570.459 mm | SDD= 705.315 mm | M= 1.236 | incident=3.4990°
[[ 138.85349    -552.8241      -23.000008  ]
 [ -34.581425    129.48105      19.999992  ]
 [   0.14509338    0.03644272    0.        ]
 [   0.            0.            0.1496    ]]

iter 23 cost=0.962541 -> 0.952009 |dtheta|=6.708357e-04  lambda=4.069e+02

============================================================
Iteration 24
============================================================
Theta offsets (Unity frame):
  Source   : dSx=   0.000, dSy=   0.000, dSz=   0.000  (mm)
  Object   : dOx=  -8.001, dOy=   6.000, dOz= -25.005  (mm)
  Object offset: offset_x=  -0.001, offset_z=   0.001  (mm)
  Detector : dDx=   0.000, dDy=   0.000, dDz=   0.000  (mm)
  Obj Stage rotY :   14.099 deg
============================================================

Unity geometry (world coordinates):
  Source   : x=   0.000, y=  43.000, z=   0.000
  Object   : x=  -0.001, y=  20.000, z= 569.995
  Detector : x=  -2.000, y=   0.000, z= 704.000
  Obj rotY :   0.0000 deg
view   0 | SOD= 570.459 mm | SDD= 705.315 mm | M= 1.236 | incident=3.4990°
[[ 138.85349    -552.8241      -23.000008  ]
 [ -34.581425    129.48105      19.999992  ]
 [   0.14509338    0.03644272    0.        ]
 [   0.            0.            0.1496    ]]
Residual vector length: 324, Jacobian shape: (324, 6)
view   0 | SOD= 570.458 mm | SDD= 705.315 mm | M= 1.236 | incident=3.4990°
[[ 138.85257    -552.82324     -22.99998   ]
 [ -34.581425    129.48213      20.00002   ]
 [   0.14509343    0.03644253    0.        ]
 [   0.            0.            0.1496    ]]

iter 24 cost=0.952009 -> 0.972304 |dtheta|=1.334575e-03  lambda=1.356e+02

============================================================
Iteration 25
============================================================
Theta offsets (Unity frame):
  Source   : dSx=   0.000, dSy=   0.000, dSz=   0.000  (mm)
  Object   : dOx=  -8.001, dOy=   6.000, dOz= -25.005  (mm)
  Object offset: offset_x=  -0.001, offset_z=   0.001  (mm)
  Detector : dDx=   0.000, dDy=   0.000, dDz=   0.000  (mm)
  Obj Stage rotY :   14.099 deg
============================================================

Unity geometry (world coordinates):
  Source   : x=   0.000, y=  43.000, z=   0.000
  Object   : x=  -0.001, y=  20.000, z= 569.995
  Detector : x=  -2.000, y=   0.000, z= 704.000
  Obj rotY :   0.0000 deg
view   0 | SOD= 570.459 mm | SDD= 705.315 mm | M= 1.236 | incident=3.4990°
[[ 138.85349    -552.8241      -23.000008  ]
 [ -34.581425    129.48105      19.999992  ]
 [   0.14509338    0.03644272    0.        ]
 [   0.            0.            0.1496    ]]
Residual vector length: 324, Jacobian shape: (324, 6)
view   0 | SOD= 570.459 mm | SDD= 705.315 mm | M= 1.236 | incident=3.4990°
[[ 138.85303    -552.82404     -23.000013  ]
 [ -34.581306    129.48128      19.999987  ]
 [   0.14509341    0.0364426     0.        ]
 [   0.            0.            0.1496    ]]

iter 25 cost=0.952009 -> 0.963523 |dtheta|=4.223796e-04  lambda=6.782e+02

============================================================
Iteration 26
============================================================
Theta offsets (Unity frame):
  Source   : dSx=   0.000, dSy=   0.000, dSz=   0.000  (mm)
  Object   : dOx=  -8.001, dOy=   6.000, dOz= -25.005  (mm)
  Object offset: offset_x=  -0.001, offset_z=   0.001  (mm)
  Detector : dDx=   0.000, dDy=   0.000, dDz=   0.000  (mm)
  Obj Stage rotY :   14.099 deg
============================================================

Unity geometry (world coordinates):
  Source   : x=   0.000, y=  43.000, z=   0.000
  Object   : x=  -0.001, y=  20.000, z= 569.995
  Detector : x=  -2.000, y=   0.000, z= 704.000
  Obj rotY :   0.0000 deg
view   0 | SOD= 570.459 mm | SDD= 705.315 mm | M= 1.236 | incident=3.4990°
[[ 138.85349    -552.8241      -23.000008  ]
 [ -34.581425    129.48105      19.999992  ]
 [   0.14509338    0.03644272    0.        ]
 [   0.            0.            0.1496    ]]
Residual vector length: 324, Jacobian shape: (324, 6)
view   0 | SOD= 570.459 mm | SDD= 705.315 mm | M= 1.236 | incident=3.4990°
[[ 138.85338    -552.8242      -23.000015  ]
 [ -34.581356    129.481        19.999985  ]
 [   0.14509338    0.03644269    0.        ]
 [   0.            0.            0.1496    ]]

iter 26 cost=0.952009 -> 0.962772 |dtheta|=1.572191e-04  lambda=3.391e+03

============================================================
Iteration 27
============================================================
Theta offsets (Unity frame):
  Source   : dSx=   0.000, dSy=   0.000, dSz=   0.000  (mm)
  Object   : dOx=  -8.001, dOy=   6.000, dOz= -25.005  (mm)
  Object offset: offset_x=  -0.001, offset_z=   0.001  (mm)
  Detector : dDx=   0.000, dDy=   0.000, dDz=   0.000  (mm)
  Obj Stage rotY :   14.099 deg
============================================================

Unity geometry (world coordinates):
  Source   : x=   0.000, y=  43.000, z=   0.000
  Object   : x=  -0.001, y=  20.000, z= 569.995
  Detector : x=  -2.000, y=   0.000, z= 704.000
  Obj rotY :   0.0000 deg
view   0 | SOD= 570.459 mm | SDD= 705.315 mm | M= 1.236 | incident=3.4990°
[[ 138.85349    -552.8241      -23.000008  ]
 [ -34.581425    129.48105      19.999992  ]
 [   0.14509338    0.03644272    0.        ]
 [   0.            0.            0.1496    ]]
Residual vector length: 324, Jacobian shape: (324, 6)
view   0 | SOD= 570.459 mm | SDD= 705.315 mm | M= 1.236 | incident=3.4990°
[[ 138.85349    -552.82416     -23.000011  ]
 [ -34.5814      129.481        19.999989  ]
 [   0.14509338    0.03644272    0.        ]
 [   0.            0.            0.1496    ]]

iter 27 cost=0.952009 -> 0.955801 |dtheta|=5.144663e-05  lambda=1.695e+04

============================================================
Iteration 28
============================================================
Theta offsets (Unity frame):
  Source   : dSx=   0.000, dSy=   0.000, dSz=   0.000  (mm)
  Object   : dOx=  -8.001, dOy=   6.000, dOz= -25.005  (mm)
  Object offset: offset_x=  -0.001, offset_z=   0.001  (mm)
  Detector : dDx=   0.000, dDy=   0.000, dDz=   0.000  (mm)
  Obj Stage rotY :   14.099 deg
============================================================

Unity geometry (world coordinates):
  Source   : x=   0.000, y=  43.000, z=   0.000
  Object   : x=  -0.001, y=  20.000, z= 569.995
  Detector : x=  -2.000, y=   0.000, z= 704.000
  Obj rotY :   0.0000 deg
view   0 | SOD= 570.459 mm | SDD= 705.315 mm | M= 1.236 | incident=3.4990°
[[ 138.85349    -552.8241      -23.000008  ]
 [ -34.581425    129.48105      19.999992  ]
 [   0.14509338    0.03644272    0.        ]
 [   0.            0.            0.1496    ]]
Residual vector length: 324, Jacobian shape: (324, 6)
view   0 | SOD= 570.459 mm | SDD= 705.315 mm | M= 1.236 | incident=3.4990°
[[ 138.8535     -552.82416     -23.000008  ]
 [ -34.58141     129.481        19.999992  ]
 [   0.14509338    0.03644272    0.        ]
 [   0.            0.            0.1496    ]]

iter 28 cost=0.952009 -> 0.952009 |dtheta|=1.214946e-05  lambda=8.477e+04

============================================================
Iteration 29
============================================================
Theta offsets (Unity frame):
  Source   : dSx=   0.000, dSy=   0.000, dSz=   0.000  (mm)
  Object   : dOx=  -8.001, dOy=   6.000, dOz= -25.005  (mm)
  Object offset: offset_x=  -0.001, offset_z=   0.001  (mm)
  Detector : dDx=   0.000, dDy=   0.000, dDz=   0.000  (mm)
  Obj Stage rotY :   14.099 deg
============================================================

Unity geometry (world coordinates):
  Source   : x=   0.000, y=  43.000, z=   0.000
  Object   : x=  -0.001, y=  20.000, z= 569.995
  Detector : x=  -2.000, y=   0.000, z= 704.000
  Obj rotY :   0.0000 deg
view   0 | SOD= 570.459 mm | SDD= 705.315 mm | M= 1.236 | incident=3.4990°
[[ 138.85349    -552.8241      -23.000008  ]
 [ -34.581425    129.48105      19.999992  ]
 [   0.14509338    0.03644272    0.        ]
 [   0.            0.            0.1496    ]]
Residual vector length: 324, Jacobian shape: (324, 6)
view   0 | SOD= 570.459 mm | SDD= 705.315 mm | M= 1.236 | incident=3.4990°
[[ 138.85349    -552.8241      -23.000008  ]
 [ -34.581425    129.48105      19.999992  ]
 [   0.14509338    0.03644272    0.        ]
 [   0.            0.            0.1496    ]]

iter 29 cost=0.952009 -> 0.952009 |dtheta|=2.525344e-06  lambda=4.239e+05

============================================================
Iteration 30
============================================================
Theta offsets (Unity frame):
  Source   : dSx=   0.000, dSy=   0.000, dSz=   0.000  (mm)
  Object   : dOx=  -8.001, dOy=   6.000, dOz= -25.005  (mm)
  Object offset: offset_x=  -0.001, offset_z=   0.001  (mm)
  Detector : dDx=   0.000, dDy=   0.000, dDz=   0.000  (mm)
  Obj Stage rotY :   14.099 deg
============================================================

Unity geometry (world coordinates):
  Source   : x=   0.000, y=  43.000, z=   0.000
  Object   : x=  -0.001, y=  20.000, z= 569.995
  Detector : x=  -2.000, y=   0.000, z= 704.000
  Obj rotY :   0.0000 deg
view   0 | SOD= 570.459 mm | SDD= 705.315 mm | M= 1.236 | incident=3.4990°
[[ 138.85349    -552.8241      -23.000008  ]
 [ -34.581425    129.48105      19.999992  ]
 [   0.14509338    0.03644272    0.        ]
 [   0.            0.            0.1496    ]]
Residual vector length: 324, Jacobian shape: (324, 6)
view   0 | SOD= 570.459 mm | SDD= 705.315 mm | M= 1.236 | incident=3.4990°
[[ 138.85349    -552.8241      -23.000008  ]
 [ -34.581425    129.48105      19.999992  ]
 [   0.14509338    0.03644272    0.        ]
 [   0.            0.            0.1496    ]]

iter 30 cost=0.952009 -> 0.952009 |dtheta|=1.076530e-06  lambda=1.000e+06

============================================================
Iteration 31
============================================================
Theta offsets (Unity frame):
  Source   : dSx=   0.000, dSy=   0.000, dSz=   0.000  (mm)
  Object   : dOx=  -8.001, dOy=   6.000, dOz= -25.005  (mm)
  Object offset: offset_x=  -0.001, offset_z=   0.001  (mm)
  Detector : dDx=   0.000, dDy=   0.000, dDz=   0.000  (mm)
  Obj Stage rotY :   14.099 deg
============================================================

Unity geometry (world coordinates):
  Source   : x=   0.000, y=  43.000, z=   0.000
  Object   : x=  -0.001, y=  20.000, z= 569.995
  Detector : x=  -2.000, y=   0.000, z= 704.000
  Obj rotY :   0.0000 deg
view   0 | SOD= 570.459 mm | SDD= 705.315 mm | M= 1.236 | incident=3.4990°
[[ 138.85349    -552.8241      -23.000008  ]
 [ -34.581425    129.48105      19.999992  ]
 [   0.14509338    0.03644272    0.        ]
 [   0.            0.            0.1496    ]]
Residual vector length: 324, Jacobian shape: (324, 6)
view   0 | SOD= 570.459 mm | SDD= 705.315 mm | M= 1.236 | incident=3.4990°
[[ 138.85349    -552.8241      -23.000008  ]
 [ -34.581425    129.48105      19.999992  ]
 [   0.14509338    0.03644272    0.        ]
 [   0.            0.            0.1496    ]]

iter 31 cost=0.952009 -> 0.952009 |dtheta|=1.076530e-06  lambda=1.000e+06

============================================================
Iteration 32
============================================================
Theta offsets (Unity frame):
  Source   : dSx=   0.000, dSy=   0.000, dSz=   0.000  (mm)
  Object   : dOx=  -8.001, dOy=   6.000, dOz= -25.005  (mm)
  Object offset: offset_x=  -0.001, offset_z=   0.001  (mm)
  Detector : dDx=   0.000, dDy=   0.000, dDz=   0.000  (mm)
  Obj Stage rotY :   14.099 deg
============================================================

Unity geometry (world coordinates):
  Source   : x=   0.000, y=  43.000, z=   0.000
  Object   : x=  -0.001, y=  20.000, z= 569.995
  Detector : x=  -2.000, y=   0.000, z= 704.000
  Obj rotY :   0.0000 deg
view   0 | SOD= 570.459 mm | SDD= 705.315 mm | M= 1.236 | incident=3.4990°
[[ 138.85349    -552.8241      -23.000008  ]
 [ -34.581425    129.48105      19.999992  ]
 [   0.14509338    0.03644272    0.        ]
 [   0.            0.            0.1496    ]]
Residual vector length: 324, Jacobian shape: (324, 6)
view   0 | SOD= 570.459 mm | SDD= 705.315 mm | M= 1.236 | incident=3.4990°
[[ 138.85349    -552.8241      -23.000008  ]
 [ -34.581425    129.48105      19.999992  ]
 [   0.14509338    0.03644272    0.        ]
 [   0.            0.            0.1496    ]]

iter 32 cost=0.952009 -> 0.952009 |dtheta|=1.076530e-06  lambda=1.000e+06

============================================================
Iteration 33
============================================================
Theta offsets (Unity frame):
  Source   : dSx=   0.000, dSy=   0.000, dSz=   0.000  (mm)
  Object   : dOx=  -8.001, dOy=   6.000, dOz= -25.005  (mm)
  Object offset: offset_x=  -0.001, offset_z=   0.001  (mm)
  Detector : dDx=   0.000, dDy=   0.000, dDz=   0.000  (mm)
  Obj Stage rotY :   14.099 deg
============================================================

Unity geometry (world coordinates):
  Source   : x=   0.000, y=  43.000, z=   0.000
  Object   : x=  -0.001, y=  20.000, z= 569.995
  Detector : x=  -2.000, y=   0.000, z= 704.000
  Obj rotY :   0.0000 deg
view   0 | SOD= 570.459 mm | SDD= 705.315 mm | M= 1.236 | incident=3.4990°
[[ 138.85349    -552.8241      -23.000008  ]
 [ -34.581425    129.48105      19.999992  ]
 [   0.14509338    0.03644272    0.        ]
 [   0.            0.            0.1496    ]]
Residual vector length: 324, Jacobian shape: (324, 6)
view   0 | SOD= 570.459 mm | SDD= 705.315 mm | M= 1.236 | incident=3.4990°
[[ 138.85349    -552.8241      -23.000008  ]
 [ -34.581425    129.48105      19.999992  ]
 [   0.14509338    0.03644272    0.        ]
 [   0.            0.            0.1496    ]]

iter 33 cost=0.952009 -> 0.952009 |dtheta|=1.076530e-06  lambda=1.000e+06

============================================================
Iteration 34
============================================================
Theta offsets (Unity frame):
  Source   : dSx=   0.000, dSy=   0.000, dSz=   0.000  (mm)
  Object   : dOx=  -8.001, dOy=   6.000, dOz= -25.005  (mm)
  Object offset: offset_x=  -0.001, offset_z=   0.001  (mm)
  Detector : dDx=   0.000, dDy=   0.000, dDz=   0.000  (mm)
  Obj Stage rotY :   14.099 deg
============================================================

Unity geometry (world coordinates):
  Source   : x=   0.000, y=  43.000, z=   0.000
  Object   : x=  -0.001, y=  20.000, z= 569.995
  Detector : x=  -2.000, y=   0.000, z= 704.000
  Obj rotY :   0.0000 deg
view   0 | SOD= 570.459 mm | SDD= 705.315 mm | M= 1.236 | incident=3.4990°
[[ 138.85349    -552.8241      -23.000008  ]
 [ -34.581425    129.48105      19.999992  ]
 [   0.14509338    0.03644272    0.        ]
 [   0.            0.            0.1496    ]]
Residual vector length: 324, Jacobian shape: (324, 6)
view   0 | SOD= 570.459 mm | SDD= 705.315 mm | M= 1.236 | incident=3.4990°
[[ 138.85349    -552.8241      -23.000008  ]
 [ -34.581425    129.48105      19.999992  ]
 [   0.14509338    0.03644272    0.        ]
 [   0.            0.            0.1496    ]]

iter 34 cost=0.952009 -> 0.952009 |dtheta|=1.076530e-06  lambda=1.000e+06

============================================================
Iteration 35
============================================================
Theta offsets (Unity frame):
  Source   : dSx=   0.000, dSy=   0.000, dSz=   0.000  (mm)
  Object   : dOx=  -8.001, dOy=   6.000, dOz= -25.005  (mm)
  Object offset: offset_x=  -0.001, offset_z=   0.001  (mm)
  Detector : dDx=   0.000, dDy=   0.000, dDz=   0.000  (mm)
  Obj Stage rotY :   14.099 deg
============================================================

Unity geometry (world coordinates):
  Source   : x=   0.000, y=  43.000, z=   0.000
  Object   : x=  -0.001, y=  20.000, z= 569.995
  Detector : x=  -2.000, y=   0.000, z= 704.000
  Obj rotY :   0.0000 deg
view   0 | SOD= 570.459 mm | SDD= 705.315 mm | M= 1.236 | incident=3.4990°
[[ 138.85349    -552.8241      -23.000008  ]
 [ -34.581425    129.48105      19.999992  ]
 [   0.14509338    0.03644272    0.        ]
 [   0.            0.            0.1496    ]]
Residual vector length: 324, Jacobian shape: (324, 6)
view   0 | SOD= 570.459 mm | SDD= 705.315 mm | M= 1.236 | incident=3.4990°
[[ 138.85349    -552.8241      -23.000008  ]
 [ -34.581425    129.48105      19.999992  ]
 [   0.14509338    0.03644272    0.        ]
 [   0.            0.            0.1496    ]]

iter 35 cost=0.952009 -> 0.952009 |dtheta|=1.076530e-06  lambda=1.000e+06

============================================================
Iteration 36
============================================================
Theta offsets (Unity frame):
  Source   : dSx=   0.000, dSy=   0.000, dSz=   0.000  (mm)
  Object   : dOx=  -8.001, dOy=   6.000, dOz= -25.005  (mm)
  Object offset: offset_x=  -0.001, offset_z=   0.001  (mm)
  Detector : dDx=   0.000, dDy=   0.000, dDz=   0.000  (mm)
  Obj Stage rotY :   14.099 deg
============================================================

Unity geometry (world coordinates):
  Source   : x=   0.000, y=  43.000, z=   0.000
  Object   : x=  -0.001, y=  20.000, z= 569.995
  Detector : x=  -2.000, y=   0.000, z= 704.000
  Obj rotY :   0.0000 deg
view   0 | SOD= 570.459 mm | SDD= 705.315 mm | M= 1.236 | incident=3.4990°
[[ 138.85349    -552.8241      -23.000008  ]
 [ -34.581425    129.48105      19.999992  ]
 [   0.14509338    0.03644272    0.        ]
 [   0.            0.            0.1496    ]]
Residual vector length: 324, Jacobian shape: (324, 6)
view   0 | SOD= 570.459 mm | SDD= 705.315 mm | M= 1.236 | incident=3.4990°
[[ 138.85349    -552.8241      -23.000008  ]
 [ -34.581425    129.48105      19.999992  ]
 [   0.14509338    0.03644272    0.        ]
 [   0.            0.            0.1496    ]]

iter 36 cost=0.952009 -> 0.952009 |dtheta|=1.076530e-06  lambda=1.000e+06
Stalled.

Estimated theta:
  dSx: +0.000000
  dSy: +0.000000
  dOx: -8.001049
  dOy: +5.999993
  dOz: -25.005183
  dDx: +0.000000
  dDy: +0.000000
  dDz: +0.000000
alpha: +1.409918e+01 deg)
offset_x: -0.000999
offset_z: +0.000631

Final cost table:
Fake theta: [  0.    0.   -8.    6.  -25.    0.    0.    0.   14.1   0.    0. ]
Final estimated theta: [  0.           0.          -8.0010489    5.99999332 -25.00518312
   0.           0.           0.          14.09917756  -0.00099915
   0.00063084]
Diff from Expected: [ 0.          0.         -0.0010489  -0.00000668 -0.00518312  0.
  0.          0.         -0.00082283 -0.00099915  0.00063084]
################################################################################

