Phantom already exists, skipping: cuboid_phantom_3_normal.npy

################################################################################
Running cuboid=normal scenario=G0 N_ANGLES=9, K=3
view   0 | SOD= 570.548 mm | SDD= 675.501 mm | M= 1.184 | incident=3.8197°
[[  98.97946    -561.3404      -25.        ]
 [ -18.05941     102.420006     20.        ]
 [   0.14732724    0.02597777    0.        ]
 [   0.            0.            0.1496    ]]
          image          x1         y1  area1          x2          y2  area2          x3          y3  area3
0  proj_000.png  509.668464  62.415094    742  447.264840  270.255708    657  509.696477  502.943089    738
1  proj_001.png  408.164402  62.395380    736  542.980243  270.805471    658  408.180217  501.737127    738
2  proj_002.png  341.500000  62.695531    716  610.186391  273.917160    676  341.464986  494.749300    714
3  proj_003.png  340.377976  63.072917    672  617.373752  278.261056    701  340.340774  485.805060    672
4  proj_004.png  401.862866  63.322034    649  557.357542  281.745810    716  401.818740  478.806452    651
5  proj_005.png  496.130769  63.335385    650  457.691790  282.826380    743  496.144158  477.003035    659
6  proj_006.png  582.584203  63.219076    671  367.761317  280.641975    729  582.563798  480.949555    674
7  proj_007.png  622.434783  62.920290    690  332.195402  276.576149    696  622.443001  489.108225    693
8  proj_008.png  594.817797  62.535311    708  364.706154  272.480000    650  594.826705  497.961648    704

============================================================
Iteration 0
============================================================
Theta offsets (Unity frame):
  Source   : dSx=   0.000, dSy=   0.000, dSz=   0.000  (mm)
  Object   : dOx=   0.000, dOy=   0.000, dOz=   0.000  (mm)
  Object offset: offset_x=   0.000, offset_z=   0.000  (mm)
  Detector : dDx=   0.000, dDy=   0.000, dDz=   0.000  (mm)
  Obj Stage rotY :    0.000 deg
============================================================

Unity geometry (world coordinates):
  Source   : x=   0.000, y=  45.000, z=   0.000
  Object   : x=  10.000, y=  15.000, z= 589.000
  Detector : x=   0.000, y=   0.000, z= 674.000
  Obj rotY :   0.0000 deg
view   0 | SOD= 589.848 mm | SDD= 675.501 mm | M= 1.145 | incident=3.8197°
[[ -10.     -589.      -30.    ]
 [ -10.       85.       15.    ]
 [   0.1496    0.        0.    ]
 [   0.        0.        0.1496]]
Residual vector length: 81, Jacobian shape: (81, 6)
view   0 | SOD= 578.414 mm | SDD= 675.501 mm | M= 1.168 | incident=3.8197°
[[  63.72514    -574.3304      -25.425673  ]
 [ -11.016102     95.51268      19.574327  ]
 [   0.14867733    0.01658945    0.        ]
 [   0.            0.            0.1496    ]]

iter 00 cost=103579.458628 -> 1489.715658 |dtheta|=1.690068e+01  lambda=1.000e+00

============================================================
Iteration 1
============================================================
Theta offsets (Unity frame):
  Source   : dSx=   0.000, dSy=   0.000, dSz=   0.000  (mm)
  Object   : dOx=  -9.964, dOy=   4.574, dOz= -11.171  (mm)
  Object offset: offset_x=   0.321, offset_z=   0.025  (mm)
  Detector : dDx=   0.000, dDy=   0.000, dDz=   0.000  (mm)
  Obj Stage rotY :    6.367 deg
============================================================

Unity geometry (world coordinates):
  Source   : x=   0.000, y=  45.000, z=   0.000
  Object   : x=   0.036, y=  19.574, z= 577.829
  Detector : x=   0.000, y=   0.000, z= 674.000
  Obj rotY :   0.0000 deg
view   0 | SOD= 578.414 mm | SDD= 675.501 mm | M= 1.168 | incident=3.8197°
[[  63.72514    -574.3304      -25.425673  ]
 [ -11.016102     95.51268      19.574327  ]
 [   0.14867733    0.01658945    0.        ]
 [   0.            0.            0.1496    ]]
Residual vector length: 81, Jacobian shape: (81, 6)
view   0 | SOD= 573.481 mm | SDD= 675.501 mm | M= 1.178 | incident=3.8197°
[[  87.04672    -566.2769      -25.169222  ]
 [ -15.296088     99.9077       19.830778  ]
 [   0.14786531    0.02271585    0.        ]
 [   0.            0.            0.1496    ]]

iter 01 cost=1489.715658 -> 191.675539 |dtheta|=5.353921e+00  lambda=3.333e-01

============================================================
Iteration 2
============================================================
Theta offsets (Unity frame):
  Source   : dSx=   0.000, dSy=   0.000, dSz=   0.000  (mm)
  Object   : dOx=  -9.954, dOy=   4.831, dOz= -15.945  (mm)
  Object offset: offset_x=  -0.098, offset_z=  -0.127  (mm)
  Detector : dDx=   0.000, dDy=   0.000, dDz=   0.000  (mm)
  Obj Stage rotY :    8.734 deg
============================================================

Unity geometry (world coordinates):
  Source   : x=   0.000, y=  45.000, z=   0.000
  Object   : x=   0.046, y=  19.831, z= 573.055
  Detector : x=   0.000, y=   0.000, z= 674.000
  Obj rotY :   0.0000 deg
view   0 | SOD= 573.481 mm | SDD= 675.501 mm | M= 1.178 | incident=3.8197°
[[  87.04672    -566.2769      -25.169222  ]
 [ -15.296088     99.9077       19.830778  ]
 [   0.14786531    0.02271585    0.        ]
 [   0.            0.            0.1496    ]]
Residual vector length: 81, Jacobian shape: (81, 6)
view   0 | SOD= 570.807 mm | SDD= 675.501 mm | M= 1.183 | incident=3.8197°
[[  94.81542   -562.3202     -25.033363 ]
 [ -17.269072   102.29478     19.966637 ]
 [   0.1475169    0.0248781    0.       ]
 [   0.           0.           0.1496   ]]

iter 02 cost=191.675539 -> 15.152263 |dtheta|=2.931652e+00  lambda=1.111e-01

============================================================
Iteration 3
============================================================
Theta offsets (Unity frame):
  Source   : dSx=   0.000, dSy=   0.000, dSz=   0.000  (mm)
  Object   : dOx=  -9.971, dOy=   4.967, dOz= -18.747  (mm)
  Object offset: offset_x=  -0.011, offset_z=   0.004  (mm)
  Detector : dDx=   0.000, dDy=   0.000, dDz=   0.000  (mm)
  Obj Stage rotY :    9.573 deg
============================================================

Unity geometry (world coordinates):
  Source   : x=   0.000, y=  45.000, z=   0.000
  Object   : x=   0.029, y=  19.967, z= 570.253
  Detector : x=   0.000, y=   0.000, z= 674.000
  Obj rotY :   0.0000 deg
view   0 | SOD= 570.807 mm | SDD= 675.501 mm | M= 1.183 | incident=3.8197°
[[  94.81542   -562.3202     -25.033363 ]
 [ -17.269072   102.29478     19.966637 ]
 [   0.1475169    0.0248781    0.       ]
 [   0.           0.           0.1496   ]]
Residual vector length: 81, Jacobian shape: (81, 6)
view   0 | SOD= 570.414 mm | SDD= 675.501 mm | M= 1.184 | incident=3.8197°
[[  97.332565   -561.4919      -24.996523  ]
 [ -17.765985    102.60778      20.003477  ]
 [   0.14740252    0.0255471     0.        ]
 [   0.            0.            0.1496    ]]

iter 03 cost=15.152263 -> 2.403217 |dtheta|=4.598557e-01  lambda=3.704e-02

============================================================
Iteration 4
============================================================
Theta offsets (Unity frame):
  Source   : dSx=   0.000, dSy=   0.000, dSz=   0.000  (mm)
  Object   : dOx= -10.004, dOy=   5.003, dOz= -19.122  (mm)
  Object offset: offset_x=  -0.013, offset_z=  -0.012  (mm)
  Detector : dDx=   0.000, dDy=   0.000, dDz=   0.000  (mm)
  Obj Stage rotY :    9.833 deg
============================================================

Unity geometry (world coordinates):
  Source   : x=   0.000, y=  45.000, z=   0.000
  Object   : x=  -0.004, y=  20.003, z= 569.878
  Detector : x=   0.000, y=   0.000, z= 674.000
  Obj rotY :   0.0000 deg
view   0 | SOD= 570.414 mm | SDD= 675.501 mm | M= 1.184 | incident=3.8197°
[[  97.332565   -561.4919      -24.996523  ]
 [ -17.765985    102.60778      20.003477  ]
 [   0.14740252    0.0255471     0.        ]
 [   0.            0.            0.1496    ]]
Residual vector length: 81, Jacobian shape: (81, 6)
view   0 | SOD= 570.555 mm | SDD= 675.501 mm | M= 1.184 | incident=3.8197°
[[  98.188194   -561.4868      -24.999954  ]
 [ -17.900167    102.44052      20.000046  ]
 [   0.14736429    0.02576679    0.        ]
 [   0.            0.            0.1496    ]]

iter 04 cost=2.403217 -> 0.727508 |dtheta|=1.623255e-01  lambda=1.235e-02

============================================================
Iteration 5
============================================================
Theta offsets (Unity frame):
  Source   : dSx=   0.000, dSy=   0.000, dSz=   0.000  (mm)
  Object   : dOx= -10.004, dOy=   5.000, dOz= -18.985  (mm)
  Object offset: offset_x=  -0.007, offset_z=  -0.008  (mm)
  Detector : dDx=   0.000, dDy=   0.000, dDz=   0.000  (mm)
  Obj Stage rotY :    9.918 deg
============================================================

Unity geometry (world coordinates):
  Source   : x=   0.000, y=  45.000, z=   0.000
  Object   : x=  -0.004, y=  20.000, z= 570.015
  Detector : x=   0.000, y=   0.000, z= 674.000
  Obj rotY :   0.0000 deg
view   0 | SOD= 570.555 mm | SDD= 675.501 mm | M= 1.184 | incident=3.8197°
[[  98.188194   -561.4868      -24.999954  ]
 [ -17.900167    102.44052      20.000046  ]
 [   0.14736429    0.02576679    0.        ]
 [   0.            0.            0.1496    ]]
Residual vector length: 81, Jacobian shape: (81, 6)
view   0 | SOD= 570.638 mm | SDD= 675.501 mm | M= 1.184 | incident=3.8197°
[[  98.66072    -561.4883      -25.001703  ]
 [ -17.97914     102.342354     19.998297  ]
 [   0.14734283    0.0258892     0.        ]
 [   0.            0.            0.1496    ]]

iter 05 cost=0.727508 -> 0.285342 |dtheta|=8.796926e-02  lambda=4.115e-03

============================================================
Iteration 6
============================================================
Theta offsets (Unity frame):
  Source   : dSx=   0.000, dSy=   0.000, dSz=   0.000  (mm)
  Object   : dOx= -10.003, dOy=   4.998, dOz= -18.912  (mm)
  Object offset: offset_x=   0.000, offset_z=   0.002  (mm)
  Detector : dDx=   0.000, dDy=   0.000, dDz=   0.000  (mm)
  Obj Stage rotY :    9.966 deg
============================================================

Unity geometry (world coordinates):
  Source   : x=   0.000, y=  45.000, z=   0.000
  Object   : x=  -0.003, y=  19.998, z= 570.088
  Detector : x=   0.000, y=   0.000, z= 674.000
  Obj rotY :   0.0000 deg
view   0 | SOD= 570.638 mm | SDD= 675.501 mm | M= 1.184 | incident=3.8197°
[[  98.66072    -561.4883      -25.001703  ]
 [ -17.97914     102.342354     19.998297  ]
 [   0.14734283    0.0258892     0.        ]
 [   0.            0.            0.1496    ]]
Residual vector length: 81, Jacobian shape: (81, 6)
view   0 | SOD= 570.600 mm | SDD= 675.501 mm | M= 1.184 | incident=3.8197°
[[  98.81256    -561.42255     -24.999943  ]
 [ -18.011763    102.375656     20.000057  ]
 [   0.14733563    0.02593015    0.        ]
 [   0.            0.            0.1496    ]]

iter 06 cost=0.285342 -> 0.219014 |dtheta|=4.228692e-02  lambda=1.372e-03

============================================================
Iteration 7
============================================================
Theta offsets (Unity frame):
  Source   : dSx=   0.000, dSy=   0.000, dSz=   0.000  (mm)
  Object   : dOx= -10.003, dOy=   5.000, dOz= -18.951  (mm)
  Object offset: offset_x=  -0.003, offset_z=   0.003  (mm)
  Detector : dDx=   0.000, dDy=   0.000, dDz=   0.000  (mm)
  Obj Stage rotY :    9.981 deg
============================================================

Unity geometry (world coordinates):
  Source   : x=   0.000, y=  45.000, z=   0.000
  Object   : x=  -0.003, y=  20.000, z= 570.049
  Detector : x=   0.000, y=   0.000, z= 674.000
  Obj rotY :   0.0000 deg
view   0 | SOD= 570.600 mm | SDD= 675.501 mm | M= 1.184 | incident=3.8197°
[[  98.81256    -561.42255     -24.999943  ]
 [ -18.011763    102.375656     20.000057  ]
 [   0.14733563    0.02593015    0.        ]
 [   0.            0.            0.1496    ]]
Residual vector length: 81, Jacobian shape: (81, 6)
view   0 | SOD= 570.618 mm | SDD= 675.501 mm | M= 1.184 | incident=3.8197°
[[  98.84929    -561.4349      -25.001045  ]
 [ -18.01338     102.3566       19.998955  ]
 [   0.14733413    0.02593866    0.        ]
 [   0.            0.            0.1496    ]]

iter 07 cost=0.219014 -> 0.206464 |dtheta|=1.646424e-02  lambda=4.572e-04

============================================================
Iteration 8
============================================================
Theta offsets (Unity frame):
  Source   : dSx=   0.000, dSy=   0.000, dSz=   0.000  (mm)
  Object   : dOx= -10.002, dOy=   4.999, dOz= -18.935  (mm)
  Object offset: offset_x=  -0.005, offset_z=   0.005  (mm)
  Detector : dDx=   0.000, dDy=   0.000, dDz=   0.000  (mm)
  Obj Stage rotY :    9.985 deg
============================================================

Unity geometry (world coordinates):
  Source   : x=   0.000, y=  45.000, z=   0.000
  Object   : x=  -0.002, y=  19.999, z= 570.065
  Detector : x=   0.000, y=   0.000, z= 674.000
  Obj rotY :   0.0000 deg
view   0 | SOD= 570.618 mm | SDD= 675.501 mm | M= 1.184 | incident=3.8197°
[[  98.84929    -561.4349      -25.001045  ]
 [ -18.01338     102.3566       19.998955  ]
 [   0.14733413    0.02593866    0.        ]
 [   0.            0.            0.1496    ]]
Residual vector length: 81, Jacobian shape: (81, 6)
view   0 | SOD= 570.599 mm | SDD= 675.501 mm | M= 1.184 | incident=3.8197°
[[  98.89191    -561.4079      -24.999512  ]
 [ -18.024536    102.37409      20.000488  ]
 [   0.14733203    0.02595059    0.        ]
 [   0.            0.            0.1496    ]]

iter 08 cost=0.206464 -> 0.195839 |dtheta|=2.002466e-02  lambda=1.524e-04

============================================================
Iteration 9
============================================================
Theta offsets (Unity frame):
  Source   : dSx=   0.000, dSy=   0.000, dSz=   0.000  (mm)
  Object   : dOx= -10.002, dOy=   5.000, dOz= -18.954  (mm)
  Object offset: offset_x=  -0.005, offset_z=   0.006  (mm)
  Detector : dDx=   0.000, dDy=   0.000, dDz=   0.000  (mm)
  Obj Stage rotY :    9.989 deg
============================================================

Unity geometry (world coordinates):
  Source   : x=   0.000, y=  45.000, z=   0.000
  Object   : x=  -0.002, y=  20.000, z= 570.046
  Detector : x=   0.000, y=   0.000, z= 674.000
  Obj rotY :   0.0000 deg
view   0 | SOD= 570.599 mm | SDD= 675.501 mm | M= 1.184 | incident=3.8197°
[[  98.89191    -561.4079      -24.999512  ]
 [ -18.024536    102.37409      20.000488  ]
 [   0.14733203    0.02595059    0.        ]
 [   0.            0.            0.1496    ]]
Residual vector length: 81, Jacobian shape: (81, 6)
view   0 | SOD= 570.613 mm | SDD= 675.501 mm | M= 1.184 | incident=3.8197°
[[  98.916824   -561.4179      -25.000782  ]
 [ -18.02656     102.35936      19.999218  ]
 [   0.14733097    0.02595657    0.        ]
 [   0.            0.            0.1496    ]]

iter 09 cost=0.195839 -> 0.186426 |dtheta|=1.442747e-02  lambda=5.081e-05

============================================================
Iteration 10
============================================================
Theta offsets (Unity frame):
  Source   : dSx=   0.000, dSy=   0.000, dSz=   0.000  (mm)
  Object   : dOx= -10.002, dOy=   4.999, dOz= -18.940  (mm)
  Object offset: offset_x=  -0.005, offset_z=   0.006  (mm)
  Detector : dDx=   0.000, dDy=   0.000, dDz=   0.000  (mm)
  Obj Stage rotY :    9.992 deg
============================================================

Unity geometry (world coordinates):
  Source   : x=   0.000, y=  45.000, z=   0.000
  Object   : x=  -0.002, y=  19.999, z= 570.060
  Detector : x=   0.000, y=   0.000, z= 674.000
  Obj rotY :   0.0000 deg
view   0 | SOD= 570.613 mm | SDD= 675.501 mm | M= 1.184 | incident=3.8197°
[[  98.916824   -561.4179      -25.000782  ]
 [ -18.02656     102.35936      19.999218  ]
 [   0.14733097    0.02595657    0.        ]
 [   0.            0.            0.1496    ]]
Residual vector length: 81, Jacobian shape: (81, 6)
view   0 | SOD= 570.603 mm | SDD= 675.501 mm | M= 1.184 | incident=3.8197°
[[  98.91497    -561.4073      -25.000088  ]
 [ -18.02872     102.36989      19.999912  ]
 [   0.14733097    0.02595664    0.        ]
 [   0.            0.            0.1496    ]]

iter 10 cost=0.186426 -> 0.199660 |dtheta|=1.096965e-02  lambda=1.694e-05

============================================================
Iteration 11
============================================================
Theta offsets (Unity frame):
  Source   : dSx=   0.000, dSy=   0.000, dSz=   0.000  (mm)
  Object   : dOx= -10.002, dOy=   4.999, dOz= -18.940  (mm)
  Object offset: offset_x=  -0.005, offset_z=   0.006  (mm)
  Detector : dDx=   0.000, dDy=   0.000, dDz=   0.000  (mm)
  Obj Stage rotY :    9.992 deg
============================================================

Unity geometry (world coordinates):
  Source   : x=   0.000, y=  45.000, z=   0.000
  Object   : x=  -0.002, y=  19.999, z= 570.060
  Detector : x=   0.000, y=   0.000, z= 674.000
  Obj rotY :   0.0000 deg
view   0 | SOD= 570.613 mm | SDD= 675.501 mm | M= 1.184 | incident=3.8197°
[[  98.916824   -561.4179      -25.000782  ]
 [ -18.02656     102.35936      19.999218  ]
 [   0.14733097    0.02595657    0.        ]
 [   0.            0.            0.1496    ]]
Residual vector length: 81, Jacobian shape: (81, 6)
view   0 | SOD= 570.603 mm | SDD= 675.501 mm | M= 1.184 | incident=3.8197°
[[  98.91497    -561.4073      -25.000088  ]
 [ -18.02872     102.36989      19.999912  ]
 [   0.14733097    0.02595664    0.        ]
 [   0.            0.            0.1496    ]]

iter 11 cost=0.186426 -> 0.199660 |dtheta|=1.096960e-02  lambda=8.468e-05

============================================================
Iteration 12
============================================================
Theta offsets (Unity frame):
  Source   : dSx=   0.000, dSy=   0.000, dSz=   0.000  (mm)
  Object   : dOx= -10.002, dOy=   4.999, dOz= -18.940  (mm)
  Object offset: offset_x=  -0.005, offset_z=   0.006  (mm)
  Detector : dDx=   0.000, dDy=   0.000, dDz=   0.000  (mm)
  Obj Stage rotY :    9.992 deg
============================================================

Unity geometry (world coordinates):
  Source   : x=   0.000, y=  45.000, z=   0.000
  Object   : x=  -0.002, y=  19.999, z= 570.060
  Detector : x=   0.000, y=   0.000, z= 674.000
  Obj rotY :   0.0000 deg
view   0 | SOD= 570.613 mm | SDD= 675.501 mm | M= 1.184 | incident=3.8197°
[[  98.916824   -561.4179      -25.000782  ]
 [ -18.02656     102.35936      19.999218  ]
 [   0.14733097    0.02595657    0.        ]
 [   0.            0.            0.1496    ]]
Residual vector length: 81, Jacobian shape: (81, 6)
view   0 | SOD= 570.603 mm | SDD= 675.501 mm | M= 1.184 | incident=3.8197°
[[  98.91497    -561.4073      -25.000088  ]
 [ -18.02872     102.36989      19.999912  ]
 [   0.14733097    0.02595664    0.        ]
 [   0.            0.            0.1496    ]]

iter 12 cost=0.186426 -> 0.199660 |dtheta|=1.096937e-02  lambda=4.234e-04

============================================================
Iteration 13
============================================================
Theta offsets (Unity frame):
  Source   : dSx=   0.000, dSy=   0.000, dSz=   0.000  (mm)
  Object   : dOx= -10.002, dOy=   4.999, dOz= -18.940  (mm)
  Object offset: offset_x=  -0.005, offset_z=   0.006  (mm)
  Detector : dDx=   0.000, dDy=   0.000, dDz=   0.000  (mm)
  Obj Stage rotY :    9.992 deg
============================================================

Unity geometry (world coordinates):
  Source   : x=   0.000, y=  45.000, z=   0.000
  Object   : x=  -0.002, y=  19.999, z= 570.060
  Detector : x=   0.000, y=   0.000, z= 674.000
  Obj rotY :   0.0000 deg
view   0 | SOD= 570.613 mm | SDD= 675.501 mm | M= 1.184 | incident=3.8197°
[[  98.916824   -561.4179      -25.000782  ]
 [ -18.02656     102.35936      19.999218  ]
 [   0.14733097    0.02595657    0.        ]
 [   0.            0.            0.1496    ]]
Residual vector length: 81, Jacobian shape: (81, 6)
view   0 | SOD= 570.603 mm | SDD= 675.501 mm | M= 1.184 | incident=3.8197°
[[  98.91497    -561.4073      -25.000088  ]
 [ -18.02872     102.36989      19.999912  ]
 [   0.14733097    0.02595664    0.        ]
 [   0.            0.            0.1496    ]]

iter 13 cost=0.186426 -> 0.199660 |dtheta|=1.096819e-02  lambda=2.117e-03

============================================================
Iteration 14
============================================================
Theta offsets (Unity frame):
  Source   : dSx=   0.000, dSy=   0.000, dSz=   0.000  (mm)
  Object   : dOx= -10.002, dOy=   4.999, dOz= -18.940  (mm)
  Object offset: offset_x=  -0.005, offset_z=   0.006  (mm)
  Detector : dDx=   0.000, dDy=   0.000, dDz=   0.000  (mm)
  Obj Stage rotY :    9.992 deg
============================================================

Unity geometry (world coordinates):
  Source   : x=   0.000, y=  45.000, z=   0.000
  Object   : x=  -0.002, y=  19.999, z= 570.060
  Detector : x=   0.000, y=   0.000, z= 674.000
  Obj rotY :   0.0000 deg
view   0 | SOD= 570.613 mm | SDD= 675.501 mm | M= 1.184 | incident=3.8197°
[[  98.916824   -561.4179      -25.000782  ]
 [ -18.02656     102.35936      19.999218  ]
 [   0.14733097    0.02595657    0.        ]
 [   0.            0.            0.1496    ]]
Residual vector length: 81, Jacobian shape: (81, 6)
view   0 | SOD= 570.603 mm | SDD= 675.501 mm | M= 1.184 | incident=3.8197°
[[  98.91497    -561.4073      -25.000088  ]
 [ -18.02872     102.36989      19.999912  ]
 [   0.14733097    0.02595664    0.        ]
 [   0.            0.            0.1496    ]]

iter 14 cost=0.186426 -> 0.199660 |dtheta|=1.096229e-02  lambda=1.058e-02

============================================================
Iteration 15
============================================================
Theta offsets (Unity frame):
  Source   : dSx=   0.000, dSy=   0.000, dSz=   0.000  (mm)
  Object   : dOx= -10.002, dOy=   4.999, dOz= -18.940  (mm)
  Object offset: offset_x=  -0.005, offset_z=   0.006  (mm)
  Detector : dDx=   0.000, dDy=   0.000, dDz=   0.000  (mm)
  Obj Stage rotY :    9.992 deg
============================================================

Unity geometry (world coordinates):
  Source   : x=   0.000, y=  45.000, z=   0.000
  Object   : x=  -0.002, y=  19.999, z= 570.060
  Detector : x=   0.000, y=   0.000, z= 674.000
  Obj rotY :   0.0000 deg
view   0 | SOD= 570.613 mm | SDD= 675.501 mm | M= 1.184 | incident=3.8197°
[[  98.916824   -561.4179      -25.000782  ]
 [ -18.02656     102.35936      19.999218  ]
 [   0.14733097    0.02595657    0.        ]
 [   0.            0.            0.1496    ]]
Residual vector length: 81, Jacobian shape: (81, 6)
view   0 | SOD= 570.603 mm | SDD= 675.501 mm | M= 1.184 | incident=3.8197°
[[  98.914986   -561.40735     -25.00009   ]
 [ -18.028713    102.36983      19.99991   ]
 [   0.14733097    0.02595664    0.        ]
 [   0.            0.            0.1496    ]]

iter 15 cost=0.186426 -> 0.199660 |dtheta|=1.093291e-02  lambda=5.292e-02

============================================================
Iteration 16
============================================================
Theta offsets (Unity frame):
  Source   : dSx=   0.000, dSy=   0.000, dSz=   0.000  (mm)
  Object   : dOx= -10.002, dOy=   4.999, dOz= -18.940  (mm)
  Object offset: offset_x=  -0.005, offset_z=   0.006  (mm)
  Detector : dDx=   0.000, dDy=   0.000, dDz=   0.000  (mm)
  Obj Stage rotY :    9.992 deg
============================================================

Unity geometry (world coordinates):
  Source   : x=   0.000, y=  45.000, z=   0.000
  Object   : x=  -0.002, y=  19.999, z= 570.060
  Detector : x=   0.000, y=   0.000, z= 674.000
  Obj rotY :   0.0000 deg
view   0 | SOD= 570.613 mm | SDD= 675.501 mm | M= 1.184 | incident=3.8197°
[[  98.916824   -561.4179      -25.000782  ]
 [ -18.02656     102.35936      19.999218  ]
 [   0.14733097    0.02595657    0.        ]
 [   0.            0.            0.1496    ]]
Residual vector length: 81, Jacobian shape: (81, 6)
view   0 | SOD= 570.603 mm | SDD= 675.501 mm | M= 1.184 | incident=3.8197°
[[  98.91504    -561.4075      -25.000095  ]
 [ -18.028702    102.369705     19.999905  ]
 [   0.14733095    0.02595665    0.        ]
 [   0.            0.            0.1496    ]]

iter 16 cost=0.186426 -> 0.199660 |dtheta|=1.078834e-02  lambda=2.646e-01

============================================================
Iteration 17
============================================================
Theta offsets (Unity frame):
  Source   : dSx=   0.000, dSy=   0.000, dSz=   0.000  (mm)
  Object   : dOx= -10.002, dOy=   4.999, dOz= -18.940  (mm)
  Object offset: offset_x=  -0.005, offset_z=   0.006  (mm)
  Detector : dDx=   0.000, dDy=   0.000, dDz=   0.000  (mm)
  Obj Stage rotY :    9.992 deg
============================================================

Unity geometry (world coordinates):
  Source   : x=   0.000, y=  45.000, z=   0.000
  Object   : x=  -0.002, y=  19.999, z= 570.060
  Detector : x=   0.000, y=   0.000, z= 674.000
  Obj rotY :   0.0000 deg
view   0 | SOD= 570.613 mm | SDD= 675.501 mm | M= 1.184 | incident=3.8197°
[[  98.916824   -561.4179      -25.000782  ]
 [ -18.02656     102.35936      19.999218  ]
 [   0.14733097    0.02595657    0.        ]
 [   0.            0.            0.1496    ]]
Residual vector length: 81, Jacobian shape: (81, 6)
view   0 | SOD= 570.603 mm | SDD= 675.501 mm | M= 1.184 | incident=3.8197°
[[  98.91531    -561.40814     -25.000126  ]
 [ -18.028635    102.36903      19.999874  ]
 [   0.14733095    0.0259567     0.        ]
 [   0.            0.            0.1496    ]]

iter 17 cost=0.186426 -> 0.199660 |dtheta|=1.011976e-02  lambda=1.323e+00

============================================================
Iteration 18
============================================================
Theta offsets (Unity frame):
  Source   : dSx=   0.000, dSy=   0.000, dSz=   0.000  (mm)
  Object   : dOx= -10.002, dOy=   4.999, dOz= -18.940  (mm)
  Object offset: offset_x=  -0.005, offset_z=   0.006  (mm)
  Detector : dDx=   0.000, dDy=   0.000, dDz=   0.000  (mm)
  Obj Stage rotY :    9.992 deg
============================================================

Unity geometry (world coordinates):
  Source   : x=   0.000, y=  45.000, z=   0.000
  Object   : x=  -0.002, y=  19.999, z= 570.060
  Detector : x=   0.000, y=   0.000, z= 674.000
  Obj rotY :   0.0000 deg
view   0 | SOD= 570.613 mm | SDD= 675.501 mm | M= 1.184 | incident=3.8197°
[[  98.916824   -561.4179      -25.000782  ]
 [ -18.02656     102.35936      19.999218  ]
 [   0.14733097    0.02595657    0.        ]
 [   0.            0.            0.1496    ]]
Residual vector length: 81, Jacobian shape: (81, 6)
view   0 | SOD= 570.606 mm | SDD= 675.501 mm | M= 1.184 | incident=3.8197°
[[  98.91628    -561.4105      -25.000237  ]
 [ -18.028374    102.36654      19.999763  ]
 [   0.14733092    0.02595685    0.        ]
 [   0.            0.            0.1496    ]]

iter 18 cost=0.186426 -> 0.197124 |dtheta|=7.733413e-03  lambda=6.615e+00

============================================================
Iteration 19
============================================================
Theta offsets (Unity frame):
  Source   : dSx=   0.000, dSy=   0.000, dSz=   0.000  (mm)
  Object   : dOx= -10.002, dOy=   4.999, dOz= -18.940  (mm)
  Object offset: offset_x=  -0.005, offset_z=   0.006  (mm)
  Detector : dDx=   0.000, dDy=   0.000, dDz=   0.000  (mm)
  Obj Stage rotY :    9.992 deg
============================================================

Unity geometry (world coordinates):
  Source   : x=   0.000, y=  45.000, z=   0.000
  Object   : x=  -0.002, y=  19.999, z= 570.060
  Detector : x=   0.000, y=   0.000, z= 674.000
  Obj rotY :   0.0000 deg
view   0 | SOD= 570.613 mm | SDD= 675.501 mm | M= 1.184 | incident=3.8197°
[[  98.916824   -561.4179      -25.000782  ]
 [ -18.02656     102.35936      19.999218  ]
 [   0.14733097    0.02595657    0.        ]
 [   0.            0.            0.1496    ]]
Residual vector length: 81, Jacobian shape: (81, 6)
view   0 | SOD= 570.610 mm | SDD= 675.501 mm | M= 1.184 | incident=3.8197°
[[  98.91777    -561.4146      -25.00043   ]
 [ -18.027872    102.36223      19.99957   ]
 [   0.14733088    0.02595707    0.        ]
 [   0.            0.            0.1496    ]]

iter 19 cost=0.186426 -> 0.187058 |dtheta|=3.607816e-03  lambda=3.308e+01

============================================================
Iteration 20
============================================================
Theta offsets (Unity frame):
  Source   : dSx=   0.000, dSy=   0.000, dSz=   0.000  (mm)
  Object   : dOx= -10.002, dOy=   4.999, dOz= -18.940  (mm)
  Object offset: offset_x=  -0.005, offset_z=   0.006  (mm)
  Detector : dDx=   0.000, dDy=   0.000, dDz=   0.000  (mm)
  Obj Stage rotY :    9.992 deg
============================================================

Unity geometry (world coordinates):
  Source   : x=   0.000, y=  45.000, z=   0.000
  Object   : x=  -0.002, y=  19.999, z= 570.060
  Detector : x=   0.000, y=   0.000, z= 674.000
  Obj rotY :   0.0000 deg
view   0 | SOD= 570.613 mm | SDD= 675.501 mm | M= 1.184 | incident=3.8197°
[[  98.916824   -561.4179      -25.000782  ]
 [ -18.02656     102.35936      19.999218  ]
 [   0.14733097    0.02595657    0.        ]
 [   0.            0.            0.1496    ]]
Residual vector length: 81, Jacobian shape: (81, 6)
view   0 | SOD= 570.613 mm | SDD= 675.501 mm | M= 1.184 | incident=3.8197°
[[  98.91794   -561.4173     -25.000557 ]
 [ -18.027374   102.35965     19.999443 ]
 [   0.1473309    0.025957     0.       ]
 [   0.           0.           0.1496   ]]

iter 20 cost=0.186426 -> 0.184630 |dtheta|=1.193085e-03  lambda=1.654e+02

============================================================
Iteration 21
============================================================
Theta offsets (Unity frame):
  Source   : dSx=   0.000, dSy=   0.000, dSz=   0.000  (mm)
  Object   : dOx= -10.002, dOy=   4.999, dOz= -18.941  (mm)
  Object offset: offset_x=  -0.005, offset_z=   0.006  (mm)
  Detector : dDx=   0.000, dDy=   0.000, dDz=   0.000  (mm)
  Obj Stage rotY :    9.992 deg
============================================================

Unity geometry (world coordinates):
  Source   : x=   0.000, y=  45.000, z=   0.000
  Object   : x=  -0.002, y=  19.999, z= 570.059
  Detector : x=   0.000, y=   0.000, z= 674.000
  Obj rotY :   0.0000 deg
view   0 | SOD= 570.613 mm | SDD= 675.501 mm | M= 1.184 | incident=3.8197°
[[  98.91794   -561.4173     -25.000557 ]
 [ -18.027374   102.35965     19.999443 ]
 [   0.1473309    0.025957     0.       ]
 [   0.           0.           0.1496   ]]
Residual vector length: 81, Jacobian shape: (81, 6)
view   0 | SOD= 570.611 mm | SDD= 675.501 mm | M= 1.184 | incident=3.8197°
[[  98.91426    -561.4155      -25.000347  ]
 [ -18.026655    102.36219      19.999653  ]
 [   0.14733107    0.02595603    0.        ]
 [   0.            0.            0.1496    ]]

iter 21 cost=0.184630 -> 0.196877 |dtheta|=1.865493e-03  lambda=5.513e+01

============================================================
Iteration 22
============================================================
Theta offsets (Unity frame):
  Source   : dSx=   0.000, dSy=   0.000, dSz=   0.000  (mm)
  Object   : dOx= -10.002, dOy=   4.999, dOz= -18.941  (mm)
  Object offset: offset_x=  -0.005, offset_z=   0.006  (mm)
  Detector : dDx=   0.000, dDy=   0.000, dDz=   0.000  (mm)
  Obj Stage rotY :    9.992 deg
============================================================

Unity geometry (world coordinates):
  Source   : x=   0.000, y=  45.000, z=   0.000
  Object   : x=  -0.002, y=  19.999, z= 570.059
  Detector : x=   0.000, y=   0.000, z= 674.000
  Obj rotY :   0.0000 deg
view   0 | SOD= 570.613 mm | SDD= 675.501 mm | M= 1.184 | incident=3.8197°
[[  98.91794   -561.4173     -25.000557 ]
 [ -18.027374   102.35965     19.999443 ]
 [   0.1473309    0.025957     0.       ]
 [   0.           0.           0.1496   ]]
Residual vector length: 81, Jacobian shape: (81, 6)
view   0 | SOD= 570.612 mm | SDD= 675.501 mm | M= 1.184 | incident=3.8197°
[[  98.9161     -561.4166      -25.000427  ]
 [ -18.026829    102.36073      19.999573  ]
 [   0.147331      0.02595647    0.        ]
 [   0.            0.            0.1496    ]]

iter 22 cost=0.184630 -> 0.196101 |dtheta|=7.882969e-04  lambda=2.756e+02

============================================================
Iteration 23
============================================================
Theta offsets (Unity frame):
  Source   : dSx=   0.000, dSy=   0.000, dSz=   0.000  (mm)
  Object   : dOx= -10.002, dOy=   4.999, dOz= -18.941  (mm)
  Object offset: offset_x=  -0.005, offset_z=   0.006  (mm)
  Detector : dDx=   0.000, dDy=   0.000, dDz=   0.000  (mm)
  Obj Stage rotY :    9.992 deg
============================================================

Unity geometry (world coordinates):
  Source   : x=   0.000, y=  45.000, z=   0.000
  Object   : x=  -0.002, y=  19.999, z= 570.059
  Detector : x=   0.000, y=   0.000, z= 674.000
  Obj rotY :   0.0000 deg
view   0 | SOD= 570.613 mm | SDD= 675.501 mm | M= 1.184 | incident=3.8197°
[[  98.91794   -561.4173     -25.000557 ]
 [ -18.027374   102.35965     19.999443 ]
 [   0.1473309    0.025957     0.       ]
 [   0.           0.           0.1496   ]]
Residual vector length: 81, Jacobian shape: (81, 6)
view   0 | SOD= 570.613 mm | SDD= 675.501 mm | M= 1.184 | incident=3.8197°
[[  98.917336   -561.41693     -25.000486  ]
 [ -18.027124    102.36012      19.999514  ]
 [   0.14733094    0.02595681    0.        ]
 [   0.            0.            0.1496    ]]

iter 23 cost=0.184630 -> 0.180766 |dtheta|=4.025021e-04  lambda=1.378e+03

============================================================
Iteration 24
============================================================
Theta offsets (Unity frame):
  Source   : dSx=   0.000, dSy=   0.000, dSz=   0.000  (mm)
  Object   : dOx= -10.002, dOy=   5.000, dOz= -18.941  (mm)
  Object offset: offset_x=  -0.005, offset_z=   0.006  (mm)
  Detector : dDx=   0.000, dDy=   0.000, dDz=   0.000  (mm)
  Obj Stage rotY :    9.992 deg
============================================================

Unity geometry (world coordinates):
  Source   : x=   0.000, y=  45.000, z=   0.000
  Object   : x=  -0.002, y=  20.000, z= 570.059
  Detector : x=   0.000, y=   0.000, z= 674.000
  Obj rotY :   0.0000 deg
view   0 | SOD= 570.613 mm | SDD= 675.501 mm | M= 1.184 | incident=3.8197°
[[  98.917336   -561.41693     -25.000486  ]
 [ -18.027124    102.36012      19.999514  ]
 [   0.14733094    0.02595681    0.        ]
 [   0.            0.            0.1496    ]]
Residual vector length: 81, Jacobian shape: (81, 6)
view   0 | SOD= 570.612 mm | SDD= 675.501 mm | M= 1.184 | incident=3.8197°
[[  98.91171    -561.4172      -25.000435  ]
 [ -18.02631     102.361015     19.999565  ]
 [   0.14733118    0.02595538    0.        ]
 [   0.            0.            0.1496    ]]

iter 24 cost=0.180766 -> 0.196815 |dtheta|=7.627561e-04  lambda=4.594e+02

============================================================
Iteration 25
============================================================
Theta offsets (Unity frame):
  Source   : dSx=   0.000, dSy=   0.000, dSz=   0.000  (mm)
  Object   : dOx= -10.002, dOy=   5.000, dOz= -18.941  (mm)
  Object offset: offset_x=  -0.005, offset_z=   0.006  (mm)
  Detector : dDx=   0.000, dDy=   0.000, dDz=   0.000  (mm)
  Obj Stage rotY :    9.992 deg
============================================================

Unity geometry (world coordinates):
  Source   : x=   0.000, y=  45.000, z=   0.000
  Object   : x=  -0.002, y=  20.000, z= 570.059
  Detector : x=   0.000, y=   0.000, z= 674.000
  Obj rotY :   0.0000 deg
view   0 | SOD= 570.613 mm | SDD= 675.501 mm | M= 1.184 | incident=3.8197°
[[  98.917336   -561.41693     -25.000486  ]
 [ -18.027124    102.36012      19.999514  ]
 [   0.14733094    0.02595681    0.        ]
 [   0.            0.            0.1496    ]]
Residual vector length: 81, Jacobian shape: (81, 6)
view   0 | SOD= 570.612 mm | SDD= 675.501 mm | M= 1.184 | incident=3.8197°
[[  98.915565   -561.417       -25.00047   ]
 [ -18.026926    102.360405     19.99953   ]
 [   0.14733101    0.02595638    0.        ]
 [   0.            0.            0.1496    ]]

iter 25 cost=0.180766 -> 0.194794 |dtheta|=2.830268e-04  lambda=2.297e+03

============================================================
Iteration 26
============================================================
Theta offsets (Unity frame):
  Source   : dSx=   0.000, dSy=   0.000, dSz=   0.000  (mm)
  Object   : dOx= -10.002, dOy=   5.000, dOz= -18.941  (mm)
  Object offset: offset_x=  -0.005, offset_z=   0.006  (mm)
  Detector : dDx=   0.000, dDy=   0.000, dDz=   0.000  (mm)
  Obj Stage rotY :    9.992 deg
============================================================

Unity geometry (world coordinates):
  Source   : x=   0.000, y=  45.000, z=   0.000
  Object   : x=  -0.002, y=  20.000, z= 570.059
  Detector : x=   0.000, y=   0.000, z= 674.000
  Obj rotY :   0.0000 deg
view   0 | SOD= 570.613 mm | SDD= 675.501 mm | M= 1.184 | incident=3.8197°
[[  98.917336   -561.41693     -25.000486  ]
 [ -18.027124    102.36012      19.999514  ]
 [   0.14733094    0.02595681    0.        ]
 [   0.            0.            0.1496    ]]
Residual vector length: 81, Jacobian shape: (81, 6)
view   0 | SOD= 570.612 mm | SDD= 675.501 mm | M= 1.184 | incident=3.8197°
[[  98.9169     -561.4169      -25.000483  ]
 [ -18.027098    102.36025      19.999517  ]
 [   0.14733095    0.02595671    0.        ]
 [   0.            0.            0.1496    ]]

iter 26 cost=0.180766 -> 0.183263 |dtheta|=7.677065e-05  lambda=1.148e+04

============================================================
Iteration 27
============================================================
Theta offsets (Unity frame):
  Source   : dSx=   0.000, dSy=   0.000, dSz=   0.000  (mm)
  Object   : dOx= -10.002, dOy=   5.000, dOz= -18.941  (mm)
  Object offset: offset_x=  -0.005, offset_z=   0.006  (mm)
  Detector : dDx=   0.000, dDy=   0.000, dDz=   0.000  (mm)
  Obj Stage rotY :    9.992 deg
============================================================

Unity geometry (world coordinates):
  Source   : x=   0.000, y=  45.000, z=   0.000
  Object   : x=  -0.002, y=  20.000, z= 570.059
  Detector : x=   0.000, y=   0.000, z= 674.000
  Obj rotY :   0.0000 deg
view   0 | SOD= 570.613 mm | SDD= 675.501 mm | M= 1.184 | incident=3.8197°
[[  98.917336   -561.41693     -25.000486  ]
 [ -18.027124    102.36012      19.999514  ]
 [   0.14733094    0.02595681    0.        ]
 [   0.            0.            0.1496    ]]
Residual vector length: 81, Jacobian shape: (81, 6)
view   0 | SOD= 570.612 mm | SDD= 675.501 mm | M= 1.184 | incident=3.8197°
[[  98.917244   -561.41693     -25.000486  ]
 [ -18.027115    102.36013      19.999514  ]
 [   0.14733094    0.02595679    0.        ]
 [   0.            0.            0.1496    ]]

iter 27 cost=0.180766 -> 0.180766 |dtheta|=1.668305e-05  lambda=5.742e+04

============================================================
Iteration 28
============================================================
Theta offsets (Unity frame):
  Source   : dSx=   0.000, dSy=   0.000, dSz=   0.000  (mm)
  Object   : dOx= -10.002, dOy=   5.000, dOz= -18.941  (mm)
  Object offset: offset_x=  -0.005, offset_z=   0.006  (mm)
  Detector : dDx=   0.000, dDy=   0.000, dDz=   0.000  (mm)
  Obj Stage rotY :    9.992 deg
============================================================

Unity geometry (world coordinates):
  Source   : x=   0.000, y=  45.000, z=   0.000
  Object   : x=  -0.002, y=  20.000, z= 570.059
  Detector : x=   0.000, y=   0.000, z= 674.000
  Obj rotY :   0.0000 deg
view   0 | SOD= 570.613 mm | SDD= 675.501 mm | M= 1.184 | incident=3.8197°
[[  98.917336   -561.41693     -25.000486  ]
 [ -18.027124    102.36012      19.999514  ]
 [   0.14733094    0.02595681    0.        ]
 [   0.            0.            0.1496    ]]
Residual vector length: 81, Jacobian shape: (81, 6)
view   0 | SOD= 570.613 mm | SDD= 675.501 mm | M= 1.184 | incident=3.8197°
[[  98.91731    -561.41693     -25.000486  ]
 [ -18.027122    102.36012      19.999514  ]
 [   0.14733094    0.02595681    0.        ]
 [   0.            0.            0.1496    ]]

iter 28 cost=0.180766 -> 0.180766 |dtheta|=3.396764e-06  lambda=2.871e+05

============================================================
Iteration 29
============================================================
Theta offsets (Unity frame):
  Source   : dSx=   0.000, dSy=   0.000, dSz=   0.000  (mm)
  Object   : dOx= -10.002, dOy=   5.000, dOz= -18.941  (mm)
  Object offset: offset_x=  -0.005, offset_z=   0.006  (mm)
  Detector : dDx=   0.000, dDy=   0.000, dDz=   0.000  (mm)
  Obj Stage rotY :    9.992 deg
============================================================

Unity geometry (world coordinates):
  Source   : x=   0.000, y=  45.000, z=   0.000
  Object   : x=  -0.002, y=  20.000, z= 570.059
  Detector : x=   0.000, y=   0.000, z= 674.000
  Obj rotY :   0.0000 deg
view   0 | SOD= 570.613 mm | SDD= 675.501 mm | M= 1.184 | incident=3.8197°
[[  98.917336   -561.41693     -25.000486  ]
 [ -18.027124    102.36012      19.999514  ]
 [   0.14733094    0.02595681    0.        ]
 [   0.            0.            0.1496    ]]
Residual vector length: 81, Jacobian shape: (81, 6)
view   0 | SOD= 570.613 mm | SDD= 675.501 mm | M= 1.184 | incident=3.8197°
[[  98.91733    -561.41693     -25.000486  ]
 [ -18.027124    102.36012      19.999514  ]
 [   0.14733094    0.02595681    0.        ]
 [   0.            0.            0.1496    ]]

iter 29 cost=0.180766 -> 0.180766 |dtheta|=9.784404e-07  lambda=1.000e+06
Converged.

Estimated theta:
  dSx: +0.000000
  dSy: +0.000000
  dOx: -10.002073
  dOy: +4.999513
  dOz: -18.941245
  dDx: +0.000000
  dDy: +0.000000
  dDz: +0.000000
alpha: +9.991850e+00 deg)
offset_x: -0.004540
offset_z: +0.005802

Final cost table:
Fake theta: [  0.   0. -10.   5. -19.   0.   0.   0.  10.   0.   0.]
Final estimated theta: [  0.           0.         -10.00207294   4.999513   -18.94124454
   0.           0.           0.           9.99185022  -0.00454001
   0.00580164]
Diff from Expected: [ 0.          0.         -0.00207294 -0.000487    0.05875546  0.
  0.          0.         -0.00814978 -0.00454001  0.00580164]
################################################################################

