Phantom already exists, skipping: cuboid_phantom_3_normal.npy

################################################################################
Running cuboid=normal scenario=G1 N_ANGLES=6, K=3
view   0 | SOD= 570.551 mm | SDD= 705.315 mm | M= 1.236 | incident=3.4990°
[[  81.309204  -564.17444    -25.       ]
 [ -18.649195   132.69592     18.       ]
 [   0.1481441    0.0208203    0.       ]
 [   0.           0.           0.1496   ]]
          image          x1         y1  area1          x2          y2  area2          x3          y3  area3
0  proj_000.png  512.759305  75.099256    806  438.338008  292.280505    713  512.735589  535.090226    798
1  proj_001.png  363.000000  75.168766    794  580.845839  293.930423    733  362.955000  531.270000    800
2  proj_002.png  329.609823  75.660300    733  621.635046  300.183136    759  329.624829  517.656207    733
3  proj_003.png  438.396624  76.129395    711  512.769231  305.189826    806  438.315202  508.384937    717
4  proj_004.png  580.847945  75.916438    730  362.988651  303.244641    793  580.836066  511.893443    732
5  proj_005.png  621.740789  75.343421    760  329.615804  296.640327    734  621.660131  525.125490    765

============================================================
Iteration 0
============================================================
Theta offsets (Unity frame):
  Source   : dSx=   0.000, dSy=   0.000, dSz=   0.000  (mm)
  Object   : dOx=   0.000, dOy=   0.000, dOz=   0.000  (mm)
  Object offset: offset_x=   0.000, offset_z=   0.000  (mm)
  Detector : dDx=   0.000, dDy=   0.000, dDz=   0.000  (mm)
  Obj Stage rotY :    0.000 deg
============================================================

Unity geometry (world coordinates):
  Source   : x=   2.000, y=  45.000, z=   0.000
  Object   : x=   6.000, y=  18.000, z= 585.000
  Detector : x=   0.000, y=   2.000, z= 704.000
  Obj rotY :   0.0000 deg
view   0 | SOD= 585.636 mm | SDD= 705.315 mm | M= 1.204 | incident=3.4990°
[[  -4.     -585.      -27.    ]
 [  -6.      119.       16.    ]
 [   0.1496    0.        0.    ]
 [   0.        0.        0.1496]]
Residual vector length: 54, Jacobian shape: (54, 6)
view   0 | SOD= 577.244 mm | SDD= 705.315 mm | M= 1.222 | incident=3.4990°
[[  57.423374   -573.82056     -25.367695  ]
 [ -11.449648    126.80525      17.632305  ]
 [   0.14892335    0.01421244    0.        ]
 [   0.            0.            0.1496    ]]

iter 00 cost=27412.929060 -> 585.445795 |dtheta|=1.179499e+01  lambda=1.000e+00

============================================================
Iteration 1
============================================================
Theta offsets (Unity frame):
  Source   : dSx=   0.000, dSy=   0.000, dSz=   0.000  (mm)
  Object   : dOx=  -6.079, dOy=   1.632, dOz=  -8.334  (mm)
  Object offset: offset_x=  -0.570, offset_z=   0.015  (mm)
  Detector : dDx=   0.000, dDy=   0.000, dDz=   0.000  (mm)
  Obj Stage rotY :    5.451 deg
============================================================

Unity geometry (world coordinates):
  Source   : x=   2.000, y=  45.000, z=   0.000
  Object   : x=  -0.079, y=  19.632, z= 576.666
  Detector : x=   0.000, y=   2.000, z= 704.000
  Obj rotY :   0.0000 deg
view   0 | SOD= 577.244 mm | SDD= 705.315 mm | M= 1.222 | incident=3.4990°
[[  57.423374   -573.82056     -25.367695  ]
 [ -11.449648    126.80525      17.632305  ]
 [   0.14892335    0.01421244    0.        ]
 [   0.            0.            0.1496    ]]
Residual vector length: 54, Jacobian shape: (54, 6)
view   0 | SOD= 571.882 mm | SDD= 705.315 mm | M= 1.233 | incident=3.4990°
[[  75.44431    -566.3333      -24.978434  ]
 [ -17.0794      131.56306      18.021566  ]
 [   0.14835764    0.01923982    0.        ]
 [   0.            0.            0.1496    ]]

iter 01 cost=585.445795 -> 35.495168 |dtheta|=5.751659e+00  lambda=3.333e-01

============================================================
Iteration 2
============================================================
Theta offsets (Unity frame):
  Source   : dSx=   0.000, dSy=   0.000, dSz=   0.000  (mm)
  Object   : dOx=  -5.925, dOy=   2.022, dOz= -13.709  (mm)
  Object offset: offset_x=  -0.058, offset_z=   0.042  (mm)
  Detector : dDx=   0.000, dDy=   0.000, dDz=   0.000  (mm)
  Obj Stage rotY :    7.389 deg
============================================================

Unity geometry (world coordinates):
  Source   : x=   2.000, y=  45.000, z=   0.000
  Object   : x=   0.075, y=  20.022, z= 571.291
  Detector : x=   0.000, y=   2.000, z= 704.000
  Obj rotY :   0.0000 deg
view   0 | SOD= 571.882 mm | SDD= 705.315 mm | M= 1.233 | incident=3.4990°
[[  75.44431    -566.3333      -24.978434  ]
 [ -17.0794      131.56306      18.021566  ]
 [   0.14835764    0.01923982    0.        ]
 [   0.            0.            0.1496    ]]
Residual vector length: 54, Jacobian shape: (54, 6)
view   0 | SOD= 570.508 mm | SDD= 705.315 mm | M= 1.236 | incident=3.4990°
[[  79.68926    -564.36176     -24.993578  ]
 [ -18.240671    132.79657      18.006422  ]
 [   0.14820407    0.02038908    0.        ]
 [   0.            0.            0.1496    ]]

iter 02 cost=35.495168 -> 1.837010 |dtheta|=1.424615e+00  lambda=1.111e-01

============================================================
Iteration 3
============================================================
Theta offsets (Unity frame):
  Source   : dSx=   0.000, dSy=   0.000, dSz=   0.000  (mm)
  Object   : dOx=  -6.001, dOy=   2.006, dOz= -15.060  (mm)
  Object offset: offset_x=  -0.027, offset_z=   0.016  (mm)
  Detector : dDx=   0.000, dDy=   0.000, dDz=   0.000  (mm)
  Obj Stage rotY :    7.833 deg
============================================================

Unity geometry (world coordinates):
  Source   : x=   2.000, y=  45.000, z=   0.000
  Object   : x=  -0.001, y=  20.006, z= 569.940
  Detector : x=   0.000, y=   2.000, z= 704.000
  Obj rotY :   0.0000 deg
view   0 | SOD= 570.508 mm | SDD= 705.315 mm | M= 1.236 | incident=3.4990°
[[  79.68926    -564.36176     -24.993578  ]
 [ -18.240671    132.79657      18.006422  ]
 [   0.14820407    0.02038908    0.        ]
 [   0.            0.            0.1496    ]]
Residual vector length: 54, Jacobian shape: (54, 6)
view   0 | SOD= 570.555 mm | SDD= 705.315 mm | M= 1.236 | incident=3.4990°
[[  80.97125    -564.227       -24.996267  ]
 [ -18.56185     132.70428      18.003733  ]
 [   0.14815678    0.02072988    0.        ]
 [   0.            0.            0.1496    ]]

iter 03 cost=1.837010 -> 0.353005 |dtheta|=1.445551e-01  lambda=3.704e-02

============================================================
Iteration 4
============================================================
Theta offsets (Unity frame):
  Source   : dSx=   0.000, dSy=   0.000, dSz=   0.000  (mm)
  Object   : dOx=  -6.002, dOy=   2.004, dOz= -15.006  (mm)
  Object offset: offset_x=  -0.004, offset_z=   0.010  (mm)
  Detector : dDx=   0.000, dDy=   0.000, dDz=   0.000  (mm)
  Obj Stage rotY :    7.965 deg
============================================================

Unity geometry (world coordinates):
  Source   : x=   2.000, y=  45.000, z=   0.000
  Object   : x=  -0.002, y=  20.004, z= 569.994
  Detector : x=   0.000, y=   2.000, z= 704.000
  Obj rotY :   0.0000 deg
view   0 | SOD= 570.555 mm | SDD= 705.315 mm | M= 1.236 | incident=3.4990°
[[  80.97125    -564.227       -24.996267  ]
 [ -18.56185     132.70428      18.003733  ]
 [   0.14815678    0.02072988    0.        ]
 [   0.            0.            0.1496    ]]
Residual vector length: 54, Jacobian shape: (54, 6)
view   0 | SOD= 570.514 mm | SDD= 705.315 mm | M= 1.236 | incident=3.4990°
[[  81.34458    -564.13153     -24.998281  ]
 [ -18.665382    132.73143      18.001719  ]
 [   0.14814256    0.02083126    0.        ]
 [   0.            0.            0.1496    ]]

iter 04 cost=0.353005 -> 0.124872 |dtheta|=5.265052e-02  lambda=1.235e-02

============================================================
Iteration 5
============================================================
Theta offsets (Unity frame):
  Source   : dSx=   0.000, dSy=   0.000, dSz=   0.000  (mm)
  Object   : dOx=  -6.000, dOy=   2.002, dOz= -15.040  (mm)
  Object offset: offset_x=   0.001, offset_z=   0.002  (mm)
  Detector : dDx=   0.000, dDy=   0.000, dDz=   0.000  (mm)
  Obj Stage rotY :    8.004 deg
============================================================

Unity geometry (world coordinates):
  Source   : x=   2.000, y=  45.000, z=   0.000
  Object   : x=   0.000, y=  20.002, z= 569.960
  Detector : x=   0.000, y=   2.000, z= 704.000
  Obj rotY :   0.0000 deg
view   0 | SOD= 570.514 mm | SDD= 705.315 mm | M= 1.236 | incident=3.4990°
[[  81.34458    -564.13153     -24.998281  ]
 [ -18.665382    132.73143      18.001719  ]
 [   0.14814256    0.02083126    0.        ]
 [   0.            0.            0.1496    ]]
Residual vector length: 54, Jacobian shape: (54, 6)
view   0 | SOD= 570.529 mm | SDD= 705.315 mm | M= 1.236 | incident=3.4990°
[[  81.36333    -564.1435      -24.998508  ]
 [ -18.665987    132.71674      18.001492  ]
 [   0.14814198    0.02083537    0.        ]
 [   0.            0.            0.1496    ]]

iter 05 cost=0.124872 -> 0.117119 |dtheta|=1.505653e-02  lambda=4.115e-03

============================================================
Iteration 6
============================================================
Theta offsets (Unity frame):
  Source   : dSx=   0.000, dSy=   0.000, dSz=   0.000  (mm)
  Object   : dOx=  -6.001, dOy=   2.001, dOz= -15.025  (mm)
  Object offset: offset_x=   0.002, offset_z=   0.002  (mm)
  Detector : dDx=   0.000, dDy=   0.000, dDz=   0.000  (mm)
  Obj Stage rotY :    8.006 deg
============================================================

Unity geometry (world coordinates):
  Source   : x=   2.000, y=  45.000, z=   0.000
  Object   : x=  -0.001, y=  20.001, z= 569.975
  Detector : x=   0.000, y=   2.000, z= 704.000
  Obj rotY :   0.0000 deg
view   0 | SOD= 570.529 mm | SDD= 705.315 mm | M= 1.236 | incident=3.4990°
[[  81.36333    -564.1435      -24.998508  ]
 [ -18.665987    132.71674      18.001492  ]
 [   0.14814198    0.02083537    0.        ]
 [   0.            0.            0.1496    ]]
Residual vector length: 54, Jacobian shape: (54, 6)
view   0 | SOD= 570.543 mm | SDD= 705.315 mm | M= 1.236 | incident=3.4990°
[[  81.34563    -564.1609      -24.999329  ]
 [ -18.658894    132.70288      18.000671  ]
 [   0.14814273    0.0208301     0.        ]
 [   0.            0.            0.1496    ]]

iter 06 cost=0.117119 -> 0.121255 |dtheta|=1.377197e-02  lambda=1.372e-03

============================================================
Iteration 7
============================================================
Theta offsets (Unity frame):
  Source   : dSx=   0.000, dSy=   0.000, dSz=   0.000  (mm)
  Object   : dOx=  -6.001, dOy=   2.001, dOz= -15.025  (mm)
  Object offset: offset_x=   0.002, offset_z=   0.002  (mm)
  Detector : dDx=   0.000, dDy=   0.000, dDz=   0.000  (mm)
  Obj Stage rotY :    8.006 deg
============================================================

Unity geometry (world coordinates):
  Source   : x=   2.000, y=  45.000, z=   0.000
  Object   : x=  -0.001, y=  20.001, z= 569.975
  Detector : x=   0.000, y=   2.000, z= 704.000
  Obj rotY :   0.0000 deg
view   0 | SOD= 570.529 mm | SDD= 705.315 mm | M= 1.236 | incident=3.4990°
[[  81.36333    -564.1435      -24.998508  ]
 [ -18.665987    132.71674      18.001492  ]
 [   0.14814198    0.02083537    0.        ]
 [   0.            0.            0.1496    ]]
Residual vector length: 54, Jacobian shape: (54, 6)
view   0 | SOD= 570.543 mm | SDD= 705.315 mm | M= 1.236 | incident=3.4990°
[[  81.34563    -564.1609      -24.999329  ]
 [ -18.658894    132.70288      18.000671  ]
 [   0.14814273    0.0208301     0.        ]
 [   0.            0.            0.1496    ]]

iter 07 cost=0.117119 -> 0.121255 |dtheta|=1.376691e-02  lambda=6.859e-03

============================================================
Iteration 8
============================================================
Theta offsets (Unity frame):
  Source   : dSx=   0.000, dSy=   0.000, dSz=   0.000  (mm)
  Object   : dOx=  -6.001, dOy=   2.001, dOz= -15.025  (mm)
  Object offset: offset_x=   0.002, offset_z=   0.002  (mm)
  Detector : dDx=   0.000, dDy=   0.000, dDz=   0.000  (mm)
  Obj Stage rotY :    8.006 deg
============================================================

Unity geometry (world coordinates):
  Source   : x=   2.000, y=  45.000, z=   0.000
  Object   : x=  -0.001, y=  20.001, z= 569.975
  Detector : x=   0.000, y=   2.000, z= 704.000
  Obj rotY :   0.0000 deg
view   0 | SOD= 570.529 mm | SDD= 705.315 mm | M= 1.236 | incident=3.4990°
[[  81.36333    -564.1435      -24.998508  ]
 [ -18.665987    132.71674      18.001492  ]
 [   0.14814198    0.02083537    0.        ]
 [   0.            0.            0.1496    ]]
Residual vector length: 54, Jacobian shape: (54, 6)
view   0 | SOD= 570.543 mm | SDD= 705.315 mm | M= 1.236 | incident=3.4990°
[[  81.34562    -564.1609      -24.999327  ]
 [ -18.658892    132.70288      18.000673  ]
 [   0.14814273    0.0208301     0.        ]
 [   0.            0.            0.1496    ]]

iter 08 cost=0.117119 -> 0.121255 |dtheta|=1.374167e-02  lambda=3.429e-02

============================================================
Iteration 9
============================================================
Theta offsets (Unity frame):
  Source   : dSx=   0.000, dSy=   0.000, dSz=   0.000  (mm)
  Object   : dOx=  -6.001, dOy=   2.001, dOz= -15.025  (mm)
  Object offset: offset_x=   0.002, offset_z=   0.002  (mm)
  Detector : dDx=   0.000, dDy=   0.000, dDz=   0.000  (mm)
  Obj Stage rotY :    8.006 deg
============================================================

Unity geometry (world coordinates):
  Source   : x=   2.000, y=  45.000, z=   0.000
  Object   : x=  -0.001, y=  20.001, z= 569.975
  Detector : x=   0.000, y=   2.000, z= 704.000
  Obj rotY :   0.0000 deg
view   0 | SOD= 570.529 mm | SDD= 705.315 mm | M= 1.236 | incident=3.4990°
[[  81.36333    -564.1435      -24.998508  ]
 [ -18.665987    132.71674      18.001492  ]
 [   0.14814198    0.02083537    0.        ]
 [   0.            0.            0.1496    ]]
Residual vector length: 54, Jacobian shape: (54, 6)
view   0 | SOD= 570.543 mm | SDD= 705.315 mm | M= 1.236 | incident=3.4990°
[[  81.34556    -564.16077     -24.999323  ]
 [ -18.658897    132.703        18.000677  ]
 [   0.14814273    0.02083009    0.        ]
 [   0.            0.            0.1496    ]]

iter 09 cost=0.117119 -> 0.121255 |dtheta|=1.361692e-02  lambda=1.715e-01

============================================================
Iteration 10
============================================================
Theta offsets (Unity frame):
  Source   : dSx=   0.000, dSy=   0.000, dSz=   0.000  (mm)
  Object   : dOx=  -6.001, dOy=   2.001, dOz= -15.025  (mm)
  Object offset: offset_x=   0.002, offset_z=   0.002  (mm)
  Detector : dDx=   0.000, dDy=   0.000, dDz=   0.000  (mm)
  Obj Stage rotY :    8.006 deg
============================================================

Unity geometry (world coordinates):
  Source   : x=   2.000, y=  45.000, z=   0.000
  Object   : x=  -0.001, y=  20.001, z= 569.975
  Detector : x=   0.000, y=   2.000, z= 704.000
  Obj rotY :   0.0000 deg
view   0 | SOD= 570.529 mm | SDD= 705.315 mm | M= 1.236 | incident=3.4990°
[[  81.36333    -564.1435      -24.998508  ]
 [ -18.665987    132.71674      18.001492  ]
 [   0.14814198    0.02083537    0.        ]
 [   0.            0.            0.1496    ]]
Residual vector length: 54, Jacobian shape: (54, 6)
view   0 | SOD= 570.543 mm | SDD= 705.315 mm | M= 1.236 | incident=3.4990°
[[  81.34526    -564.1602      -24.9993    ]
 [ -18.658937    132.70361      18.0007    ]
 [   0.14814274    0.02083003    0.        ]
 [   0.            0.            0.1496    ]]

iter 10 cost=0.117119 -> 0.121255 |dtheta|=1.302785e-02  lambda=8.573e-01

============================================================
Iteration 11
============================================================
Theta offsets (Unity frame):
  Source   : dSx=   0.000, dSy=   0.000, dSz=   0.000  (mm)
  Object   : dOx=  -6.001, dOy=   2.001, dOz= -15.025  (mm)
  Object offset: offset_x=   0.002, offset_z=   0.002  (mm)
  Detector : dDx=   0.000, dDy=   0.000, dDz=   0.000  (mm)
  Obj Stage rotY :    8.006 deg
============================================================

Unity geometry (world coordinates):
  Source   : x=   2.000, y=  45.000, z=   0.000
  Object   : x=  -0.001, y=  20.001, z= 569.975
  Detector : x=   0.000, y=   2.000, z= 704.000
  Obj rotY :   0.0000 deg
view   0 | SOD= 570.529 mm | SDD= 705.315 mm | M= 1.236 | incident=3.4990°
[[  81.36333    -564.1435      -24.998508  ]
 [ -18.665987    132.71674      18.001492  ]
 [   0.14814198    0.02083537    0.        ]
 [   0.            0.            0.1496    ]]
Residual vector length: 54, Jacobian shape: (54, 6)
view   0 | SOD= 570.540 mm | SDD= 705.315 mm | M= 1.236 | incident=3.4990°
[[  81.344185   -564.1579      -24.99921   ]
 [ -18.659119    132.70605      18.00079   ]
 [   0.14814276    0.02082984    0.        ]
 [   0.            0.            0.1496    ]]

iter 11 cost=0.117119 -> 0.117913 |dtheta|=1.074934e-02  lambda=4.287e+00

============================================================
Iteration 12
============================================================
Theta offsets (Unity frame):
  Source   : dSx=   0.000, dSy=   0.000, dSz=   0.000  (mm)
  Object   : dOx=  -6.001, dOy=   2.001, dOz= -15.025  (mm)
  Object offset: offset_x=   0.002, offset_z=   0.002  (mm)
  Detector : dDx=   0.000, dDy=   0.000, dDz=   0.000  (mm)
  Obj Stage rotY :    8.006 deg
============================================================

Unity geometry (world coordinates):
  Source   : x=   2.000, y=  45.000, z=   0.000
  Object   : x=  -0.001, y=  20.001, z= 569.975
  Detector : x=   0.000, y=   2.000, z= 704.000
  Obj rotY :   0.0000 deg
view   0 | SOD= 570.529 mm | SDD= 705.315 mm | M= 1.236 | incident=3.4990°
[[  81.36333    -564.1435      -24.998508  ]
 [ -18.665987    132.71674      18.001492  ]
 [   0.14814198    0.02083537    0.        ]
 [   0.            0.            0.1496    ]]
Residual vector length: 54, Jacobian shape: (54, 6)
view   0 | SOD= 570.535 mm | SDD= 705.315 mm | M= 1.236 | incident=3.4990°
[[  81.34279    -564.15295     -24.999018  ]
 [ -18.659708    132.71109      18.000982  ]
 [   0.14814278    0.02082967    0.        ]
 [   0.            0.            0.1496    ]]

iter 12 cost=0.117119 -> 0.117332 |dtheta|=6.057704e-03  lambda=2.143e+01

============================================================
Iteration 13
============================================================
Theta offsets (Unity frame):
  Source   : dSx=   0.000, dSy=   0.000, dSz=   0.000  (mm)
  Object   : dOx=  -6.001, dOy=   2.001, dOz= -15.025  (mm)
  Object offset: offset_x=   0.002, offset_z=   0.002  (mm)
  Detector : dDx=   0.000, dDy=   0.000, dDz=   0.000  (mm)
  Obj Stage rotY :    8.006 deg
============================================================

Unity geometry (world coordinates):
  Source   : x=   2.000, y=  45.000, z=   0.000
  Object   : x=  -0.001, y=  20.001, z= 569.975
  Detector : x=   0.000, y=   2.000, z= 704.000
  Obj rotY :   0.0000 deg
view   0 | SOD= 570.529 mm | SDD= 705.315 mm | M= 1.236 | incident=3.4990°
[[  81.36333    -564.1435      -24.998508  ]
 [ -18.665987    132.71674      18.001492  ]
 [   0.14814198    0.02083537    0.        ]
 [   0.            0.            0.1496    ]]
Residual vector length: 54, Jacobian shape: (54, 6)
view   0 | SOD= 570.531 mm | SDD= 705.315 mm | M= 1.236 | incident=3.4990°
[[  81.34628    -564.1485      -24.998852  ]
 [ -18.6613      132.71481      18.001148  ]
 [   0.14814264    0.02083075    0.        ]
 [   0.            0.            0.1496    ]]

iter 13 cost=0.117119 -> 0.119070 |dtheta|=2.744608e-03  lambda=1.072e+02

============================================================
Iteration 14
============================================================
Theta offsets (Unity frame):
  Source   : dSx=   0.000, dSy=   0.000, dSz=   0.000  (mm)
  Object   : dOx=  -6.001, dOy=   2.001, dOz= -15.025  (mm)
  Object offset: offset_x=   0.002, offset_z=   0.002  (mm)
  Detector : dDx=   0.000, dDy=   0.000, dDz=   0.000  (mm)
  Obj Stage rotY :    8.006 deg
============================================================

Unity geometry (world coordinates):
  Source   : x=   2.000, y=  45.000, z=   0.000
  Object   : x=  -0.001, y=  20.001, z= 569.975
  Detector : x=   0.000, y=   2.000, z= 704.000
  Obj rotY :   0.0000 deg
view   0 | SOD= 570.529 mm | SDD= 705.315 mm | M= 1.236 | incident=3.4990°
[[  81.36333    -564.1435      -24.998508  ]
 [ -18.665987    132.71674      18.001492  ]
 [   0.14814198    0.02083537    0.        ]
 [   0.            0.            0.1496    ]]
Residual vector length: 54, Jacobian shape: (54, 6)
view   0 | SOD= 570.530 mm | SDD= 705.315 mm | M= 1.236 | incident=3.4990°
[[  81.35551    -564.1456      -24.998732  ]
 [ -18.663862    132.71599      18.001268  ]
 [   0.14814228    0.02083326    0.        ]
 [   0.            0.            0.1496    ]]

iter 14 cost=0.117119 -> 0.121306 |dtheta|=1.297483e-03  lambda=5.358e+02

============================================================
Iteration 15
============================================================
Theta offsets (Unity frame):
  Source   : dSx=   0.000, dSy=   0.000, dSz=   0.000  (mm)
  Object   : dOx=  -6.001, dOy=   2.001, dOz= -15.025  (mm)
  Object offset: offset_x=   0.002, offset_z=   0.002  (mm)
  Detector : dDx=   0.000, dDy=   0.000, dDz=   0.000  (mm)
  Obj Stage rotY :    8.006 deg
============================================================

Unity geometry (world coordinates):
  Source   : x=   2.000, y=  45.000, z=   0.000
  Object   : x=  -0.001, y=  20.001, z= 569.975
  Detector : x=   0.000, y=   2.000, z= 704.000
  Obj rotY :   0.0000 deg
view   0 | SOD= 570.529 mm | SDD= 705.315 mm | M= 1.236 | incident=3.4990°
[[  81.36333    -564.1435      -24.998508  ]
 [ -18.665987    132.71674      18.001492  ]
 [   0.14814198    0.02083537    0.        ]
 [   0.            0.            0.1496    ]]
Residual vector length: 54, Jacobian shape: (54, 6)
view   0 | SOD= 570.529 mm | SDD= 705.315 mm | M= 1.236 | incident=3.4990°
[[  81.36131    -564.1441      -24.998608  ]
 [ -18.665403    132.71645      18.001392  ]
 [   0.14814205    0.02083482    0.        ]
 [   0.            0.            0.1496    ]]

iter 15 cost=0.117119 -> 0.117958 |dtheta|=4.759818e-04  lambda=2.679e+03

============================================================
Iteration 16
============================================================
Theta offsets (Unity frame):
  Source   : dSx=   0.000, dSy=   0.000, dSz=   0.000  (mm)
  Object   : dOx=  -6.001, dOy=   2.001, dOz= -15.025  (mm)
  Object offset: offset_x=   0.002, offset_z=   0.002  (mm)
  Detector : dDx=   0.000, dDy=   0.000, dDz=   0.000  (mm)
  Obj Stage rotY :    8.006 deg
============================================================

Unity geometry (world coordinates):
  Source   : x=   2.000, y=  45.000, z=   0.000
  Object   : x=  -0.001, y=  20.001, z= 569.975
  Detector : x=   0.000, y=   2.000, z= 704.000
  Obj rotY :   0.0000 deg
view   0 | SOD= 570.529 mm | SDD= 705.315 mm | M= 1.236 | incident=3.4990°
[[  81.36333    -564.1435      -24.998508  ]
 [ -18.665987    132.71674      18.001492  ]
 [   0.14814198    0.02083537    0.        ]
 [   0.            0.            0.1496    ]]
Residual vector length: 54, Jacobian shape: (54, 6)
view   0 | SOD= 570.529 mm | SDD= 705.315 mm | M= 1.236 | incident=3.4990°
[[  81.36291    -564.1436      -24.998535  ]
 [ -18.665863    132.71669      18.001465  ]
 [   0.148142      0.02083525    0.        ]
 [   0.            0.            0.1496    ]]

iter 16 cost=0.117119 -> 0.116748 |dtheta|=1.216756e-04  lambda=1.340e+04

============================================================
Iteration 17
============================================================
Theta offsets (Unity frame):
  Source   : dSx=   0.000, dSy=   0.000, dSz=   0.000  (mm)
  Object   : dOx=  -6.001, dOy=   2.001, dOz= -15.025  (mm)
  Object offset: offset_x=   0.001, offset_z=   0.002  (mm)
  Detector : dDx=   0.000, dDy=   0.000, dDz=   0.000  (mm)
  Obj Stage rotY :    8.006 deg
============================================================

Unity geometry (world coordinates):
  Source   : x=   2.000, y=  45.000, z=   0.000
  Object   : x=  -0.001, y=  20.001, z= 569.975
  Detector : x=   0.000, y=   2.000, z= 704.000
  Obj rotY :   0.0000 deg
view   0 | SOD= 570.529 mm | SDD= 705.315 mm | M= 1.236 | incident=3.4990°
[[  81.36291    -564.1436      -24.998535  ]
 [ -18.665863    132.71669      18.001465  ]
 [   0.148142      0.02083525    0.        ]
 [   0.            0.            0.1496    ]]
Residual vector length: 54, Jacobian shape: (54, 6)
view   0 | SOD= 570.529 mm | SDD= 705.315 mm | M= 1.236 | incident=3.4990°
[[  81.36229    -564.14386     -24.998592  ]
 [ -18.665648    132.71654      18.001408  ]
 [   0.14814202    0.02083508    0.        ]
 [   0.            0.            0.1496    ]]

iter 17 cost=0.116748 -> 0.116748 |dtheta|=1.530060e-04  lambda=4.465e+03

============================================================
Iteration 18
============================================================
Theta offsets (Unity frame):
  Source   : dSx=   0.000, dSy=   0.000, dSz=   0.000  (mm)
  Object   : dOx=  -6.001, dOy=   2.001, dOz= -15.025  (mm)
  Object offset: offset_x=   0.001, offset_z=   0.002  (mm)
  Detector : dDx=   0.000, dDy=   0.000, dDz=   0.000  (mm)
  Obj Stage rotY :    8.006 deg
============================================================

Unity geometry (world coordinates):
  Source   : x=   2.000, y=  45.000, z=   0.000
  Object   : x=  -0.001, y=  20.001, z= 569.975
  Detector : x=   0.000, y=   2.000, z= 704.000
  Obj rotY :   0.0000 deg
view   0 | SOD= 570.529 mm | SDD= 705.315 mm | M= 1.236 | incident=3.4990°
[[  81.36291    -564.1436      -24.998535  ]
 [ -18.665863    132.71669      18.001465  ]
 [   0.148142      0.02083525    0.        ]
 [   0.            0.            0.1496    ]]
Residual vector length: 54, Jacobian shape: (54, 6)
view   0 | SOD= 570.529 mm | SDD= 705.315 mm | M= 1.236 | incident=3.4990°
[[  81.362785   -564.1437      -24.998549  ]
 [ -18.665813    132.71663      18.001451  ]
 [   0.14814201    0.02083522    0.        ]
 [   0.            0.            0.1496    ]]

iter 18 cost=0.116748 -> 0.116748 |dtheta|=3.579609e-05  lambda=2.233e+04

============================================================
Iteration 19
============================================================
Theta offsets (Unity frame):
  Source   : dSx=   0.000, dSy=   0.000, dSz=   0.000  (mm)
  Object   : dOx=  -6.001, dOy=   2.001, dOz= -15.025  (mm)
  Object offset: offset_x=   0.001, offset_z=   0.002  (mm)
  Detector : dDx=   0.000, dDy=   0.000, dDz=   0.000  (mm)
  Obj Stage rotY :    8.006 deg
============================================================

Unity geometry (world coordinates):
  Source   : x=   2.000, y=  45.000, z=   0.000
  Object   : x=  -0.001, y=  20.001, z= 569.975
  Detector : x=   0.000, y=   2.000, z= 704.000
  Obj rotY :   0.0000 deg
view   0 | SOD= 570.529 mm | SDD= 705.315 mm | M= 1.236 | incident=3.4990°
[[  81.36291    -564.1436      -24.998535  ]
 [ -18.665863    132.71669      18.001465  ]
 [   0.148142      0.02083525    0.        ]
 [   0.            0.            0.1496    ]]
Residual vector length: 54, Jacobian shape: (54, 6)
view   0 | SOD= 570.529 mm | SDD= 705.315 mm | M= 1.236 | incident=3.4990°
[[  81.36288    -564.1436      -24.998537  ]
 [ -18.665854    132.71669      18.001463  ]
 [   0.148142      0.02083525    0.        ]
 [   0.            0.            0.1496    ]]

iter 19 cost=0.116748 -> 0.117484 |dtheta|=7.429600e-06  lambda=1.116e+05

============================================================
Iteration 20
============================================================
Theta offsets (Unity frame):
  Source   : dSx=   0.000, dSy=   0.000, dSz=   0.000  (mm)
  Object   : dOx=  -6.001, dOy=   2.001, dOz= -15.025  (mm)
  Object offset: offset_x=   0.001, offset_z=   0.002  (mm)
  Detector : dDx=   0.000, dDy=   0.000, dDz=   0.000  (mm)
  Obj Stage rotY :    8.006 deg
============================================================

Unity geometry (world coordinates):
  Source   : x=   2.000, y=  45.000, z=   0.000
  Object   : x=  -0.001, y=  20.001, z= 569.975
  Detector : x=   0.000, y=   2.000, z= 704.000
  Obj rotY :   0.0000 deg
view   0 | SOD= 570.529 mm | SDD= 705.315 mm | M= 1.236 | incident=3.4990°
[[  81.36291    -564.1436      -24.998535  ]
 [ -18.665863    132.71669      18.001465  ]
 [   0.148142      0.02083525    0.        ]
 [   0.            0.            0.1496    ]]
Residual vector length: 54, Jacobian shape: (54, 6)
view   0 | SOD= 570.529 mm | SDD= 705.315 mm | M= 1.236 | incident=3.4990°
[[  81.3629     -564.1436      -24.998535  ]
 [ -18.665861    132.71669      18.001465  ]
 [   0.148142      0.02083525    0.        ]
 [   0.            0.            0.1496    ]]

iter 20 cost=0.116748 -> 0.117484 |dtheta|=1.497394e-06  lambda=5.582e+05

============================================================
Iteration 21
============================================================
Theta offsets (Unity frame):
  Source   : dSx=   0.000, dSy=   0.000, dSz=   0.000  (mm)
  Object   : dOx=  -6.001, dOy=   2.001, dOz= -15.025  (mm)
  Object offset: offset_x=   0.001, offset_z=   0.002  (mm)
  Detector : dDx=   0.000, dDy=   0.000, dDz=   0.000  (mm)
  Obj Stage rotY :    8.006 deg
============================================================

Unity geometry (world coordinates):
  Source   : x=   2.000, y=  45.000, z=   0.000
  Object   : x=  -0.001, y=  20.001, z= 569.975
  Detector : x=   0.000, y=   2.000, z= 704.000
  Obj rotY :   0.0000 deg
view   0 | SOD= 570.529 mm | SDD= 705.315 mm | M= 1.236 | incident=3.4990°
[[  81.36291    -564.1436      -24.998535  ]
 [ -18.665863    132.71669      18.001465  ]
 [   0.148142      0.02083525    0.        ]
 [   0.            0.            0.1496    ]]
Residual vector length: 54, Jacobian shape: (54, 6)
view   0 | SOD= 570.529 mm | SDD= 705.315 mm | M= 1.236 | incident=3.4990°
[[  81.3629     -564.1436      -24.998535  ]
 [ -18.665861    132.71669      18.001465  ]
 [   0.148142      0.02083525    0.        ]
 [   0.            0.            0.1496    ]]

iter 21 cost=0.116748 -> 0.116748 |dtheta|=8.365056e-07  lambda=1.000e+06
Converged.

Estimated theta:
  dSx: +0.000000
  dSy: +0.000000
  dOx: -6.001417
  dOy: +2.001466
  dOz: -15.024885
  dDx: +0.000000
  dDy: +0.000000
  dDz: +0.000000
alpha: +8.005786e+00 deg)
offset_x: +0.001498
offset_z: +0.002036

Final cost table:
Fake theta: [  0.   0.  -6.   2. -15.   0.   0.   0.   8.   0.   0.]
Final estimated theta: [  0.           0.          -6.00141673   2.00146572 -15.0248847
   0.           0.           0.           8.00578558   0.00149757
   0.00203592]
Diff from Expected: [ 0.          0.         -0.00141673  0.00146572 -0.0248847   0.
  0.          0.          0.00578558  0.00149757  0.00203592]
################################################################################

