Phantom already exists, skipping: cuboid_phantom_3_normal.npy

################################################################################
Running cuboid=normal scenario=G2 N_ANGLES=24, K=3
view   0 | SOD= 570.046 mm | SDD= 696.006 mm | M= 1.221 | incident=0.2470°
[[ 119.47323    -557.34204      -7.        ]
 [ -25.864782    123.32077      -7.        ]
 [   0.14616601    0.03186934    0.        ]
 [   0.            0.            0.1496    ]]
           image          x1          y1  area1          x2          y2  area2          x3          y3  area3
0   proj_000.png  501.449809  210.914867    787  447.716954  434.892241    696  501.432398  666.011480    784
1   proj_001.png  461.091024  210.896334    791  485.655172  434.906609    696  461.095178  666.112944    788
2   proj_002.png  421.589354  211.144487    789  522.816356  434.929699    697  421.600756  665.695214    794
3   proj_003.png  385.984655  211.892583    782  557.000000  435.163818    702  385.996173  664.531888    784
4   proj_004.png  356.833118  212.805951    773  585.877266  435.456067    717  356.852713  662.922481    774
5   proj_005.png  336.173456  214.000000    761  607.586926  435.781641    719  336.159686  660.893979    764
6   proj_006.png  325.321285  215.341365    747  620.500000  436.402204    726  325.286676  658.566622    743
7   proj_007.png  324.690314  216.628922    733  623.717949  436.775978    741  324.686649  656.313351    734
8   proj_008.png  334.078762  218.084388    711  616.575067  437.286863    746  334.080056  653.978933    712
9   proj_009.png  352.688218  219.165230    696  599.434316  437.737265    746  352.637807  652.005772    693
10  proj_010.png  379.226415  220.182874    689  573.164690  438.085639    759  379.184058  650.343478    690
11  proj_011.png  411.500000  220.934097    698  539.719231  438.356410    780  411.500000  649.102857    700
12  proj_012.png  447.773963  221.310443    699  501.483544  438.500000    790  447.785714  648.464286    700
13  proj_013.png  485.711238  221.357041    703  461.114754  438.539723    793  485.675676  648.392603    703
14  proj_014.png  522.837644  221.071839    696  421.573770  438.452711    793  522.834770  648.808908    696
15  proj_015.png  557.020029  220.492132    699  385.984655  438.107417    782  557.022792  649.841880    702
16  proj_016.png  585.867503  219.578801    717  356.848249  437.878080    771  585.864903  651.377437    718
17  proj_017.png  607.604426  218.479945    723  336.142480  437.437995    758  607.585062  653.385892    723
18  proj_018.png  620.543836  217.186301    730  325.293011  436.939516    744  620.517100  655.488372    731
19  proj_019.png  623.733871  215.818548    744  324.637483  436.497948    731  623.720805  657.778523    745
20  proj_020.png  616.584574  214.416779    739  334.080395  436.042313    709  616.593583  660.094920    748
21  proj_021.png  599.445783  213.180723    747  352.717546  435.593438    701  599.428188  662.242953    745
22  proj_022.png  573.152833  212.077734    759  379.189229  435.250364    687  573.135884  664.043536    758
23  proj_023.png  539.727273  211.368758    781  411.500000  435.000000    698  539.766150  665.220930    774

============================================================
Iteration 0
============================================================
Theta offsets (Unity frame):
  Source   : dSx=   0.000, dSy=   0.000, dSz=   0.000  (mm)
  Object   : dOx=   0.000, dOy=   0.000, dOz=   0.000  (mm)
  Object offset: offset_x=   0.000, offset_z=   0.000  (mm)
  Detector : dDx=   0.000, dDy=   0.000, dDz=   0.000  (mm)
  Obj Stage rotY :    0.000 deg
============================================================

Unity geometry (world coordinates):
  Source   : x=  -2.000, y=  47.000, z=   0.000
  Object   : x=  14.000, y=  32.000, z= 592.000
  Detector : x=   1.000, y=  47.000, z= 696.000
  Obj rotY :   0.0000 deg
view   0 | SOD= 592.406 mm | SDD= 696.006 mm | M= 1.175 | incident=0.2470°
[[ -16.     -592.      -15.    ]
 [ -13.      104.      -15.    ]
 [   0.1496    0.        0.    ]
 [   0.        0.        0.1496]]
Residual vector length: 216, Jacobian shape: (216, 6)
view   0 | SOD= 578.136 mm | SDD= 696.006 mm | M= 1.204 | incident=0.2470°
[[  95.18187    -570.2022       -7.137966  ]
 [ -18.305473    116.48958      -7.137966  ]
 [   0.14749138    0.025029      0.        ]
 [   0.            0.            0.1496    ]]

iter 00 cost=609990.018838 -> 3422.332892 |dtheta|=2.365064e+01  lambda=0.000e+00

============================================================
Iteration 1
============================================================
Theta offsets (Unity frame):
  Source   : dSx=   0.000, dSy=   0.000, dSz=   0.000  (mm)
  Object   : dOx= -14.537, dOy=   7.862, dOz= -13.909  (mm)
  Object offset: offset_x=   0.095, offset_z=  -0.002  (mm)
  Detector : dDx=   0.000, dDy=   0.000, dDz=   0.000  (mm)
  Obj Stage rotY :    9.631 deg
============================================================

Unity geometry (world coordinates):
  Source   : x=  -2.000, y=  47.000, z=   0.000
  Object   : x=  -0.537, y=  39.862, z= 578.091
  Detector : x=   1.000, y=  47.000, z= 696.000
  Obj rotY :   0.0000 deg
view   0 | SOD= 578.136 mm | SDD= 696.006 mm | M= 1.204 | incident=0.2470°
[[  95.18187    -570.2022       -7.137966  ]
 [ -18.305473    116.48958      -7.137966  ]
 [   0.14749138    0.025029      0.        ]
 [   0.            0.            0.1496    ]]
Residual vector length: 216, Jacobian shape: (216, 6)
view   0 | SOD= 571.065 mm | SDD= 696.006 mm | M= 1.219 | incident=0.2470°
[[ 115.14673    -559.29193      -6.9869194 ]
 [ -24.62691     122.535255     -6.9869194 ]
 [   0.14642145    0.03067443    0.        ]
 [   0.            0.            0.1496    ]]

iter 01 cost=3422.332892 -> 73.956423 |dtheta|=7.519087e+00  lambda=1.000e-06

============================================================
Iteration 2
============================================================
Theta offsets (Unity frame):
  Source   : dSx=   0.000, dSy=   0.000, dSz=   0.000  (mm)
  Object   : dOx= -14.036, dOy=   8.013, dOz= -21.078  (mm)
  Object offset: offset_x=   0.015, offset_z=   0.097  (mm)
  Detector : dDx=   0.000, dDy=   0.000, dDz=   0.000  (mm)
  Obj Stage rotY :   11.832 deg
============================================================

Unity geometry (world coordinates):
  Source   : x=  -2.000, y=  47.000, z=   0.000
  Object   : x=  -0.036, y=  40.013, z= 570.922
  Detector : x=   1.000, y=  47.000, z= 696.000
  Obj rotY :   0.0000 deg
view   0 | SOD= 571.065 mm | SDD= 696.006 mm | M= 1.219 | incident=0.2470°
[[ 115.14673    -559.29193      -6.9869194 ]
 [ -24.62691     122.535255     -6.9869194 ]
 [   0.14642145    0.03067443    0.        ]
 [   0.            0.            0.1496    ]]
Residual vector length: 216, Jacobian shape: (216, 6)
view   0 | SOD= 570.092 mm | SDD= 696.006 mm | M= 1.221 | incident=0.2470°
[[ 117.44417    -557.81964      -6.998787  ]
 [ -25.395342    123.37187      -6.998787  ]
 [   0.14628197    0.03133281    0.        ]
 [   0.            0.            0.1496    ]]

iter 02 cost=73.956423 -> 11.187309 |dtheta|=9.501378e-01  lambda=1.000e-06

============================================================
Iteration 3
============================================================
Theta offsets (Unity frame):
  Source   : dSx=   0.000, dSy=   0.000, dSz=   0.000  (mm)
  Object   : dOx= -14.013, dOy=   8.001, dOz= -21.990  (mm)
  Object offset: offset_x=   0.006, offset_z=   0.036  (mm)
  Detector : dDx=   0.000, dDy=   0.000, dDz=   0.000  (mm)
  Obj Stage rotY :   12.090 deg
============================================================

Unity geometry (world coordinates):
  Source   : x=  -2.000, y=  47.000, z=   0.000
  Object   : x=  -0.013, y=  40.001, z= 570.010
  Detector : x=   1.000, y=  47.000, z= 696.000
  Obj rotY :   0.0000 deg
view   0 | SOD= 570.092 mm | SDD= 696.006 mm | M= 1.221 | incident=0.2470°
[[ 117.44417    -557.81964      -6.998787  ]
 [ -25.395342    123.37187      -6.998787  ]
 [   0.14628197    0.03133281    0.        ]
 [   0.            0.            0.1496    ]]
Residual vector length: 216, Jacobian shape: (216, 6)
view   0 | SOD= 570.086 mm | SDD= 696.006 mm | M= 1.221 | incident=0.2470°
[[ 118.72165    -557.54266      -7.0036087 ]
 [ -25.697481    123.31572      -7.0036087 ]
 [   0.1462089     0.03167202    0.        ]
 [   0.            0.            0.1496    ]]

iter 03 cost=11.187309 -> 1.802771 |dtheta|=1.384500e-01  lambda=1.000e-06

============================================================
Iteration 4
============================================================
Theta offsets (Unity frame):
  Source   : dSx=   0.000, dSy=   0.000, dSz=   0.000  (mm)
  Object   : dOx= -13.996, dOy=   7.996, dOz= -21.970  (mm)
  Object offset: offset_x=   0.003, offset_z=   0.009  (mm)
  Detector : dDx=   0.000, dDy=   0.000, dDz=   0.000  (mm)
  Obj Stage rotY :   12.223 deg
============================================================

Unity geometry (world coordinates):
  Source   : x=  -2.000, y=  47.000, z=   0.000
  Object   : x=   0.004, y=  39.996, z= 570.030
  Detector : x=   1.000, y=  47.000, z= 696.000
  Obj rotY :   0.0000 deg
view   0 | SOD= 570.086 mm | SDD= 696.006 mm | M= 1.221 | incident=0.2470°
[[ 118.72165    -557.54266      -7.0036087 ]
 [ -25.697481    123.31572      -7.0036087 ]
 [   0.1462089     0.03167202    0.        ]
 [   0.            0.            0.1496    ]]
Residual vector length: 216, Jacobian shape: (216, 6)
view   0 | SOD= 570.030 mm | SDD= 696.006 mm | M= 1.221 | incident=0.2470°
[[ 119.19675    -557.3843       -7.0006065 ]
 [ -25.801641    123.35094      -7.0006065 ]
 [   0.1461819     0.03179641    0.        ]
 [   0.            0.            0.1496    ]]

iter 04 cost=1.802771 -> 0.670354 |dtheta|=6.977674e-02  lambda=1.000e-06

============================================================
Iteration 5
============================================================
Theta offsets (Unity frame):
  Source   : dSx=   0.000, dSy=   0.000, dSz=   0.000  (mm)
  Object   : dOx= -14.003, dOy=   7.999, dOz= -22.018  (mm)
  Object offset: offset_x=  -0.002, offset_z=   0.002  (mm)
  Detector : dDx=   0.000, dDy=   0.000, dDz=   0.000  (mm)
  Obj Stage rotY :   12.271 deg
============================================================

Unity geometry (world coordinates):
  Source   : x=  -2.000, y=  47.000, z=   0.000
  Object   : x=  -0.003, y=  39.999, z= 569.982
  Detector : x=   1.000, y=  47.000, z= 696.000
  Obj rotY :   0.0000 deg
view   0 | SOD= 570.030 mm | SDD= 696.006 mm | M= 1.221 | incident=0.2470°
[[ 119.19675    -557.3843       -7.0006065 ]
 [ -25.801641    123.35094      -7.0006065 ]
 [   0.1461819     0.03179641    0.        ]
 [   0.            0.            0.1496    ]]
Residual vector length: 216, Jacobian shape: (216, 6)
view   0 | SOD= 570.033 mm | SDD= 696.006 mm | M= 1.221 | incident=0.2470°
[[ 119.38667    -557.3471       -7.000702  ]
 [ -25.846655    123.33806      -7.000702  ]
 [   0.14617091    0.03184687    0.        ]
 [   0.            0.            0.1496    ]]

iter 05 cost=0.670354 -> 0.479403 |dtheta|=2.035098e-02  lambda=1.000e-06

============================================================
Iteration 6
============================================================
Theta offsets (Unity frame):
  Source   : dSx=   0.000, dSy=   0.000, dSz=   0.000  (mm)
  Object   : dOx= -14.000, dOy=   7.999, dOz= -22.015  (mm)
  Object offset: offset_x=  -0.002, offset_z=   0.002  (mm)
  Detector : dDx=   0.000, dDy=   0.000, dDz=   0.000  (mm)
  Obj Stage rotY :   12.291 deg
============================================================

Unity geometry (world coordinates):
  Source   : x=  -2.000, y=  47.000, z=   0.000
  Object   : x=   0.000, y=  39.999, z= 569.985
  Detector : x=   1.000, y=  47.000, z= 696.000
  Obj rotY :   0.0000 deg
view   0 | SOD= 570.033 mm | SDD= 696.006 mm | M= 1.221 | incident=0.2470°
[[ 119.38667    -557.3471       -7.000702  ]
 [ -25.846655    123.33806      -7.000702  ]
 [   0.14617091    0.03184687    0.        ]
 [   0.            0.            0.1496    ]]
Residual vector length: 216, Jacobian shape: (216, 6)
view   0 | SOD= 570.036 mm | SDD= 696.006 mm | M= 1.221 | incident=0.2470°
[[ 119.39987    -557.34717      -7.000576  ]
 [ -25.848661    123.33477      -7.000576  ]
 [   0.1461702     0.03185013    0.        ]
 [   0.            0.            0.1496    ]]

iter 06 cost=0.479403 -> 0.489953 |dtheta|=3.094106e-03  lambda=1.000e-06

============================================================
Iteration 7
============================================================
Theta offsets (Unity frame):
  Source   : dSx=   0.000, dSy=   0.000, dSz=   0.000  (mm)
  Object   : dOx= -14.000, dOy=   7.999, dOz= -22.015  (mm)
  Object offset: offset_x=  -0.002, offset_z=   0.002  (mm)
  Detector : dDx=   0.000, dDy=   0.000, dDz=   0.000  (mm)
  Obj Stage rotY :   12.291 deg
============================================================

Unity geometry (world coordinates):
  Source   : x=  -2.000, y=  47.000, z=   0.000
  Object   : x=   0.000, y=  39.999, z= 569.985
  Detector : x=   1.000, y=  47.000, z= 696.000
  Obj rotY :   0.0000 deg
view   0 | SOD= 570.033 mm | SDD= 696.006 mm | M= 1.221 | incident=0.2470°
[[ 119.38667    -557.3471       -7.000702  ]
 [ -25.846655    123.33806      -7.000702  ]
 [   0.14617091    0.03184687    0.        ]
 [   0.            0.            0.1496    ]]
Residual vector length: 216, Jacobian shape: (216, 6)
view   0 | SOD= 570.036 mm | SDD= 696.006 mm | M= 1.221 | incident=0.2470°
[[ 119.39987    -557.34717      -7.000576  ]
 [ -25.848661    123.33477      -7.000576  ]
 [   0.1461702     0.03185013    0.        ]
 [   0.            0.            0.1496    ]]

iter 07 cost=0.479403 -> 0.489953 |dtheta|=3.094106e-03  lambda=5.000e-06

============================================================
Iteration 8
============================================================
Theta offsets (Unity frame):
  Source   : dSx=   0.000, dSy=   0.000, dSz=   0.000  (mm)
  Object   : dOx= -14.000, dOy=   7.999, dOz= -22.015  (mm)
  Object offset: offset_x=  -0.002, offset_z=   0.002  (mm)
  Detector : dDx=   0.000, dDy=   0.000, dDz=   0.000  (mm)
  Obj Stage rotY :   12.291 deg
============================================================

Unity geometry (world coordinates):
  Source   : x=  -2.000, y=  47.000, z=   0.000
  Object   : x=   0.000, y=  39.999, z= 569.985
  Detector : x=   1.000, y=  47.000, z= 696.000
  Obj rotY :   0.0000 deg
view   0 | SOD= 570.033 mm | SDD= 696.006 mm | M= 1.221 | incident=0.2470°
[[ 119.38667    -557.3471       -7.000702  ]
 [ -25.846655    123.33806      -7.000702  ]
 [   0.14617091    0.03184687    0.        ]
 [   0.            0.            0.1496    ]]
Residual vector length: 216, Jacobian shape: (216, 6)
view   0 | SOD= 570.036 mm | SDD= 696.006 mm | M= 1.221 | incident=0.2470°
[[ 119.39987    -557.34717      -7.000576  ]
 [ -25.848661    123.33477      -7.000576  ]
 [   0.1461702     0.03185013    0.        ]
 [   0.            0.            0.1496    ]]

iter 08 cost=0.479403 -> 0.489953 |dtheta|=3.094105e-03  lambda=2.500e-05

============================================================
Iteration 9
============================================================
Theta offsets (Unity frame):
  Source   : dSx=   0.000, dSy=   0.000, dSz=   0.000  (mm)
  Object   : dOx= -14.000, dOy=   7.999, dOz= -22.015  (mm)
  Object offset: offset_x=  -0.002, offset_z=   0.002  (mm)
  Detector : dDx=   0.000, dDy=   0.000, dDz=   0.000  (mm)
  Obj Stage rotY :   12.291 deg
============================================================

Unity geometry (world coordinates):
  Source   : x=  -2.000, y=  47.000, z=   0.000
  Object   : x=   0.000, y=  39.999, z= 569.985
  Detector : x=   1.000, y=  47.000, z= 696.000
  Obj rotY :   0.0000 deg
view   0 | SOD= 570.033 mm | SDD= 696.006 mm | M= 1.221 | incident=0.2470°
[[ 119.38667    -557.3471       -7.000702  ]
 [ -25.846655    123.33806      -7.000702  ]
 [   0.14617091    0.03184687    0.        ]
 [   0.            0.            0.1496    ]]
Residual vector length: 216, Jacobian shape: (216, 6)
view   0 | SOD= 570.036 mm | SDD= 696.006 mm | M= 1.221 | incident=0.2470°
[[ 119.39987    -557.34717      -7.000576  ]
 [ -25.848661    123.33477      -7.000576  ]
 [   0.1461702     0.03185013    0.        ]
 [   0.            0.            0.1496    ]]

iter 09 cost=0.479403 -> 0.489953 |dtheta|=3.094100e-03  lambda=1.250e-04

============================================================
Iteration 10
============================================================
Theta offsets (Unity frame):
  Source   : dSx=   0.000, dSy=   0.000, dSz=   0.000  (mm)
  Object   : dOx= -14.000, dOy=   7.999, dOz= -22.015  (mm)
  Object offset: offset_x=  -0.002, offset_z=   0.002  (mm)
  Detector : dDx=   0.000, dDy=   0.000, dDz=   0.000  (mm)
  Obj Stage rotY :   12.291 deg
============================================================

Unity geometry (world coordinates):
  Source   : x=  -2.000, y=  47.000, z=   0.000
  Object   : x=   0.000, y=  39.999, z= 569.985
  Detector : x=   1.000, y=  47.000, z= 696.000
  Obj rotY :   0.0000 deg
view   0 | SOD= 570.033 mm | SDD= 696.006 mm | M= 1.221 | incident=0.2470°
[[ 119.38667    -557.3471       -7.000702  ]
 [ -25.846655    123.33806      -7.000702  ]
 [   0.14617091    0.03184687    0.        ]
 [   0.            0.            0.1496    ]]
Residual vector length: 216, Jacobian shape: (216, 6)
view   0 | SOD= 570.036 mm | SDD= 696.006 mm | M= 1.221 | incident=0.2470°
[[ 119.39987    -557.34717      -7.000576  ]
 [ -25.848661    123.33477      -7.000576  ]
 [   0.1461702     0.03185013    0.        ]
 [   0.            0.            0.1496    ]]

iter 10 cost=0.479403 -> 0.489953 |dtheta|=3.094078e-03  lambda=6.250e-04

============================================================
Iteration 11
============================================================
Theta offsets (Unity frame):
  Source   : dSx=   0.000, dSy=   0.000, dSz=   0.000  (mm)
  Object   : dOx= -14.000, dOy=   7.999, dOz= -22.015  (mm)
  Object offset: offset_x=  -0.002, offset_z=   0.002  (mm)
  Detector : dDx=   0.000, dDy=   0.000, dDz=   0.000  (mm)
  Obj Stage rotY :   12.291 deg
============================================================

Unity geometry (world coordinates):
  Source   : x=  -2.000, y=  47.000, z=   0.000
  Object   : x=   0.000, y=  39.999, z= 569.985
  Detector : x=   1.000, y=  47.000, z= 696.000
  Obj rotY :   0.0000 deg
view   0 | SOD= 570.033 mm | SDD= 696.006 mm | M= 1.221 | incident=0.2470°
[[ 119.38667    -557.3471       -7.000702  ]
 [ -25.846655    123.33806      -7.000702  ]
 [   0.14617091    0.03184687    0.        ]
 [   0.            0.            0.1496    ]]
Residual vector length: 216, Jacobian shape: (216, 6)
view   0 | SOD= 570.036 mm | SDD= 696.006 mm | M= 1.221 | incident=0.2470°
[[ 119.39987    -557.34717      -7.000576  ]
 [ -25.848661    123.33477      -7.000576  ]
 [   0.1461702     0.03185013    0.        ]
 [   0.            0.            0.1496    ]]

iter 11 cost=0.479403 -> 0.489953 |dtheta|=3.093965e-03  lambda=3.125e-03

============================================================
Iteration 12
============================================================
Theta offsets (Unity frame):
  Source   : dSx=   0.000, dSy=   0.000, dSz=   0.000  (mm)
  Object   : dOx= -14.000, dOy=   7.999, dOz= -22.015  (mm)
  Object offset: offset_x=  -0.002, offset_z=   0.002  (mm)
  Detector : dDx=   0.000, dDy=   0.000, dDz=   0.000  (mm)
  Obj Stage rotY :   12.291 deg
============================================================

Unity geometry (world coordinates):
  Source   : x=  -2.000, y=  47.000, z=   0.000
  Object   : x=   0.000, y=  39.999, z= 569.985
  Detector : x=   1.000, y=  47.000, z= 696.000
  Obj rotY :   0.0000 deg
view   0 | SOD= 570.033 mm | SDD= 696.006 mm | M= 1.221 | incident=0.2470°
[[ 119.38667    -557.3471       -7.000702  ]
 [ -25.846655    123.33806      -7.000702  ]
 [   0.14617091    0.03184687    0.        ]
 [   0.            0.            0.1496    ]]
Residual vector length: 216, Jacobian shape: (216, 6)
view   0 | SOD= 570.036 mm | SDD= 696.006 mm | M= 1.221 | incident=0.2470°
[[ 119.39987    -557.34717      -7.000576  ]
 [ -25.848661    123.33477      -7.000576  ]
 [   0.1461702     0.03185013    0.        ]
 [   0.            0.            0.1496    ]]

iter 12 cost=0.479403 -> 0.489953 |dtheta|=3.093400e-03  lambda=1.562e-02

============================================================
Iteration 13
============================================================
Theta offsets (Unity frame):
  Source   : dSx=   0.000, dSy=   0.000, dSz=   0.000  (mm)
  Object   : dOx= -14.000, dOy=   7.999, dOz= -22.015  (mm)
  Object offset: offset_x=  -0.002, offset_z=   0.002  (mm)
  Detector : dDx=   0.000, dDy=   0.000, dDz=   0.000  (mm)
  Obj Stage rotY :   12.291 deg
============================================================

Unity geometry (world coordinates):
  Source   : x=  -2.000, y=  47.000, z=   0.000
  Object   : x=   0.000, y=  39.999, z= 569.985
  Detector : x=   1.000, y=  47.000, z= 696.000
  Obj rotY :   0.0000 deg
view   0 | SOD= 570.033 mm | SDD= 696.006 mm | M= 1.221 | incident=0.2470°
[[ 119.38667    -557.3471       -7.000702  ]
 [ -25.846655    123.33806      -7.000702  ]
 [   0.14617091    0.03184687    0.        ]
 [   0.            0.            0.1496    ]]
Residual vector length: 216, Jacobian shape: (216, 6)
view   0 | SOD= 570.036 mm | SDD= 696.006 mm | M= 1.221 | incident=0.2470°
[[ 119.399864   -557.34717      -7.000576  ]
 [ -25.84866     123.33477      -7.000576  ]
 [   0.1461702     0.03185013    0.        ]
 [   0.            0.            0.1496    ]]

iter 13 cost=0.479403 -> 0.489953 |dtheta|=3.090579e-03  lambda=7.812e-02

============================================================
Iteration 14
============================================================
Theta offsets (Unity frame):
  Source   : dSx=   0.000, dSy=   0.000, dSz=   0.000  (mm)
  Object   : dOx= -14.000, dOy=   7.999, dOz= -22.015  (mm)
  Object offset: offset_x=  -0.002, offset_z=   0.002  (mm)
  Detector : dDx=   0.000, dDy=   0.000, dDz=   0.000  (mm)
  Obj Stage rotY :   12.291 deg
============================================================

Unity geometry (world coordinates):
  Source   : x=  -2.000, y=  47.000, z=   0.000
  Object   : x=   0.000, y=  39.999, z= 569.985
  Detector : x=   1.000, y=  47.000, z= 696.000
  Obj rotY :   0.0000 deg
view   0 | SOD= 570.033 mm | SDD= 696.006 mm | M= 1.221 | incident=0.2470°
[[ 119.38667    -557.3471       -7.000702  ]
 [ -25.846655    123.33806      -7.000702  ]
 [   0.14617091    0.03184687    0.        ]
 [   0.            0.            0.1496    ]]
Residual vector length: 216, Jacobian shape: (216, 6)
view   0 | SOD= 570.036 mm | SDD= 696.006 mm | M= 1.221 | incident=0.2470°
[[ 119.399864   -557.34717      -7.000576  ]
 [ -25.84866     123.33477      -7.000576  ]
 [   0.1461702     0.03185013    0.        ]
 [   0.            0.            0.1496    ]]

iter 14 cost=0.479403 -> 0.489953 |dtheta|=3.076583e-03  lambda=3.906e-01

============================================================
Iteration 15
============================================================
Theta offsets (Unity frame):
  Source   : dSx=   0.000, dSy=   0.000, dSz=   0.000  (mm)
  Object   : dOx= -14.000, dOy=   7.999, dOz= -22.015  (mm)
  Object offset: offset_x=  -0.002, offset_z=   0.002  (mm)
  Detector : dDx=   0.000, dDy=   0.000, dDz=   0.000  (mm)
  Obj Stage rotY :   12.291 deg
============================================================

Unity geometry (world coordinates):
  Source   : x=  -2.000, y=  47.000, z=   0.000
  Object   : x=   0.000, y=  39.999, z= 569.985
  Detector : x=   1.000, y=  47.000, z= 696.000
  Obj rotY :   0.0000 deg
view   0 | SOD= 570.033 mm | SDD= 696.006 mm | M= 1.221 | incident=0.2470°
[[ 119.38667    -557.3471       -7.000702  ]
 [ -25.846655    123.33806      -7.000702  ]
 [   0.14617091    0.03184687    0.        ]
 [   0.            0.            0.1496    ]]
Residual vector length: 216, Jacobian shape: (216, 6)
view   0 | SOD= 570.036 mm | SDD= 696.006 mm | M= 1.221 | incident=0.2470°
[[ 119.39982    -557.3471       -7.000576  ]
 [ -25.848663    123.33483      -7.000576  ]
 [   0.14617021    0.03185012    0.        ]
 [   0.            0.            0.1496    ]]

iter 15 cost=0.479403 -> 0.489953 |dtheta|=3.009186e-03  lambda=1.953e+00

============================================================
Iteration 16
============================================================
Theta offsets (Unity frame):
  Source   : dSx=   0.000, dSy=   0.000, dSz=   0.000  (mm)
  Object   : dOx= -14.000, dOy=   7.999, dOz= -22.015  (mm)
  Object offset: offset_x=  -0.002, offset_z=   0.002  (mm)
  Detector : dDx=   0.000, dDy=   0.000, dDz=   0.000  (mm)
  Obj Stage rotY :   12.291 deg
============================================================

Unity geometry (world coordinates):
  Source   : x=  -2.000, y=  47.000, z=   0.000
  Object   : x=   0.000, y=  39.999, z= 569.985
  Detector : x=   1.000, y=  47.000, z= 696.000
  Obj rotY :   0.0000 deg
view   0 | SOD= 570.033 mm | SDD= 696.006 mm | M= 1.221 | incident=0.2470°
[[ 119.38667    -557.3471       -7.000702  ]
 [ -25.846655    123.33806      -7.000702  ]
 [   0.14617091    0.03184687    0.        ]
 [   0.            0.            0.1496    ]]
Residual vector length: 216, Jacobian shape: (216, 6)
view   0 | SOD= 570.036 mm | SDD= 696.006 mm | M= 1.221 | incident=0.2470°
[[ 119.39959    -557.34674      -7.0005684 ]
 [ -25.848703    123.3352       -7.0005684 ]
 [   0.14617021    0.03185008    0.        ]
 [   0.            0.            0.1496    ]]

iter 16 cost=0.479403 -> 0.489730 |dtheta|=2.726560e-03  lambda=9.766e+00

============================================================
Iteration 17
============================================================
Theta offsets (Unity frame):
  Source   : dSx=   0.000, dSy=   0.000, dSz=   0.000  (mm)
  Object   : dOx= -14.000, dOy=   7.999, dOz= -22.015  (mm)
  Object offset: offset_x=  -0.002, offset_z=   0.002  (mm)
  Detector : dDx=   0.000, dDy=   0.000, dDz=   0.000  (mm)
  Obj Stage rotY :   12.291 deg
============================================================

Unity geometry (world coordinates):
  Source   : x=  -2.000, y=  47.000, z=   0.000
  Object   : x=   0.000, y=  39.999, z= 569.985
  Detector : x=   1.000, y=  47.000, z= 696.000
  Obj rotY :   0.0000 deg
view   0 | SOD= 570.033 mm | SDD= 696.006 mm | M= 1.221 | incident=0.2470°
[[ 119.38667    -557.3471       -7.000702  ]
 [ -25.846655    123.33806      -7.000702  ]
 [   0.14617091    0.03184687    0.        ]
 [   0.            0.            0.1496    ]]
Residual vector length: 216, Jacobian shape: (216, 6)
view   0 | SOD= 570.035 mm | SDD= 696.006 mm | M= 1.221 | incident=0.2470°
[[ 119.39878    -557.34607      -7.000557  ]
 [ -25.848732    123.33607      -7.000557  ]
 [   0.14617026    0.03184991    0.        ]
 [   0.            0.            0.1496    ]]

iter 17 cost=0.479403 -> 0.489730 |dtheta|=2.009816e-03  lambda=4.883e+01

============================================================
Iteration 18
============================================================
Theta offsets (Unity frame):
  Source   : dSx=   0.000, dSy=   0.000, dSz=   0.000  (mm)
  Object   : dOx= -14.000, dOy=   7.999, dOz= -22.015  (mm)
  Object offset: offset_x=  -0.002, offset_z=   0.002  (mm)
  Detector : dDx=   0.000, dDy=   0.000, dDz=   0.000  (mm)
  Obj Stage rotY :   12.291 deg
============================================================

Unity geometry (world coordinates):
  Source   : x=  -2.000, y=  47.000, z=   0.000
  Object   : x=   0.000, y=  39.999, z= 569.985
  Detector : x=   1.000, y=  47.000, z= 696.000
  Obj rotY :   0.0000 deg
view   0 | SOD= 570.033 mm | SDD= 696.006 mm | M= 1.221 | incident=0.2470°
[[ 119.38667    -557.3471       -7.000702  ]
 [ -25.846655    123.33806      -7.000702  ]
 [   0.14617091    0.03184687    0.        ]
 [   0.            0.            0.1496    ]]
Residual vector length: 216, Jacobian shape: (216, 6)
view   0 | SOD= 570.034 mm | SDD= 696.006 mm | M= 1.221 | incident=0.2470°
[[ 119.39649    -557.34564      -7.0005493 ]
 [ -25.848433    123.33707      -7.0005493 ]
 [   0.14617038    0.03184936    0.        ]
 [   0.            0.            0.1496    ]]

iter 18 cost=0.479403 -> 0.491904 |dtheta|=1.326256e-03  lambda=2.441e+02

============================================================
Iteration 19
============================================================
Theta offsets (Unity frame):
  Source   : dSx=   0.000, dSy=   0.000, dSz=   0.000  (mm)
  Object   : dOx= -14.000, dOy=   7.999, dOz= -22.015  (mm)
  Object offset: offset_x=  -0.002, offset_z=   0.002  (mm)
  Detector : dDx=   0.000, dDy=   0.000, dDz=   0.000  (mm)
  Obj Stage rotY :   12.291 deg
============================================================

Unity geometry (world coordinates):
  Source   : x=  -2.000, y=  47.000, z=   0.000
  Object   : x=   0.000, y=  39.999, z= 569.985
  Detector : x=   1.000, y=  47.000, z= 696.000
  Obj rotY :   0.0000 deg
view   0 | SOD= 570.033 mm | SDD= 696.006 mm | M= 1.221 | incident=0.2470°
[[ 119.38667    -557.3471       -7.000702  ]
 [ -25.846655    123.33806      -7.000702  ]
 [   0.14617091    0.03184687    0.        ]
 [   0.            0.            0.1496    ]]
Residual vector length: 216, Jacobian shape: (216, 6)
view   0 | SOD= 570.033 mm | SDD= 696.006 mm | M= 1.221 | incident=0.2470°
[[ 119.39197    -557.3461       -7.0005646 ]
 [ -25.847519    123.33769      -7.0005646 ]
 [   0.14617063    0.03184819    0.        ]
 [   0.            0.            0.1496    ]]

iter 19 cost=0.479403 -> 0.486803 |dtheta|=8.064177e-04  lambda=1.221e+03

============================================================
Iteration 20
============================================================
Theta offsets (Unity frame):
  Source   : dSx=   0.000, dSy=   0.000, dSz=   0.000  (mm)
  Object   : dOx= -14.000, dOy=   7.999, dOz= -22.015  (mm)
  Object offset: offset_x=  -0.002, offset_z=   0.002  (mm)
  Detector : dDx=   0.000, dDy=   0.000, dDz=   0.000  (mm)
  Obj Stage rotY :   12.291 deg
============================================================

Unity geometry (world coordinates):
  Source   : x=  -2.000, y=  47.000, z=   0.000
  Object   : x=   0.000, y=  39.999, z= 569.985
  Detector : x=   1.000, y=  47.000, z= 696.000
  Obj rotY :   0.0000 deg
view   0 | SOD= 570.033 mm | SDD= 696.006 mm | M= 1.221 | incident=0.2470°
[[ 119.38667    -557.3471       -7.000702  ]
 [ -25.846655    123.33806      -7.000702  ]
 [   0.14617091    0.03184687    0.        ]
 [   0.            0.            0.1496    ]]
Residual vector length: 216, Jacobian shape: (216, 6)
view   0 | SOD= 570.033 mm | SDD= 696.006 mm | M= 1.221 | incident=0.2470°
[[ 119.38834    -557.34686      -7.000622  ]
 [ -25.84681     123.337906     -7.000622  ]
 [   0.14617082    0.03184726    0.        ]
 [   0.            0.            0.1496    ]]

iter 20 cost=0.479403 -> 0.474785 |dtheta|=3.520366e-04  lambda=6.104e+03

============================================================
Iteration 21
============================================================
Theta offsets (Unity frame):
  Source   : dSx=   0.000, dSy=   0.000, dSz=   0.000  (mm)
  Object   : dOx= -14.000, dOy=   7.999, dOz= -22.015  (mm)
  Object offset: offset_x=  -0.002, offset_z=   0.002  (mm)
  Detector : dDx=   0.000, dDy=   0.000, dDz=   0.000  (mm)
  Obj Stage rotY :   12.291 deg
============================================================

Unity geometry (world coordinates):
  Source   : x=  -2.000, y=  47.000, z=   0.000
  Object   : x=  -0.000, y=  39.999, z= 569.985
  Detector : x=   1.000, y=  47.000, z= 696.000
  Obj rotY :   0.0000 deg
view   0 | SOD= 570.033 mm | SDD= 696.006 mm | M= 1.221 | incident=0.2470°
[[ 119.38834    -557.34686      -7.000622  ]
 [ -25.84681     123.337906     -7.000622  ]
 [   0.14617082    0.03184726    0.        ]
 [   0.            0.            0.1496    ]]
Residual vector length: 216, Jacobian shape: (216, 6)
view   0 | SOD= 570.033 mm | SDD= 696.006 mm | M= 1.221 | incident=0.2470°
[[ 119.39097    -557.3463       -7.0005646 ]
 [ -25.847746    123.33771      -7.0005646 ]
 [   0.14617066    0.03184802    0.        ]
 [   0.            0.            0.1496    ]]

iter 21 cost=0.474785 -> 0.480181 |dtheta|=5.751990e-04  lambda=2.035e+03

============================================================
Iteration 22
============================================================
Theta offsets (Unity frame):
  Source   : dSx=   0.000, dSy=   0.000, dSz=   0.000  (mm)
  Object   : dOx= -14.000, dOy=   7.999, dOz= -22.015  (mm)
  Object offset: offset_x=  -0.002, offset_z=   0.002  (mm)
  Detector : dDx=   0.000, dDy=   0.000, dDz=   0.000  (mm)
  Obj Stage rotY :   12.291 deg
============================================================

Unity geometry (world coordinates):
  Source   : x=  -2.000, y=  47.000, z=   0.000
  Object   : x=  -0.000, y=  39.999, z= 569.985
  Detector : x=   1.000, y=  47.000, z= 696.000
  Obj rotY :   0.0000 deg
view   0 | SOD= 570.033 mm | SDD= 696.006 mm | M= 1.221 | incident=0.2470°
[[ 119.38834    -557.34686      -7.000622  ]
 [ -25.84681     123.337906     -7.000622  ]
 [   0.14617082    0.03184726    0.        ]
 [   0.            0.            0.1496    ]]
Residual vector length: 216, Jacobian shape: (216, 6)
view   0 | SOD= 570.033 mm | SDD= 696.006 mm | M= 1.221 | incident=0.2470°
[[ 119.38893    -557.34674      -7.000595  ]
 [ -25.847069    123.337845     -7.000595  ]
 [   0.1461708     0.03184744    0.        ]
 [   0.            0.            0.1496    ]]

iter 22 cost=0.474785 -> 0.478269 |dtheta|=1.994344e-04  lambda=1.017e+04

============================================================
Iteration 23
============================================================
Theta offsets (Unity frame):
  Source   : dSx=   0.000, dSy=   0.000, dSz=   0.000  (mm)
  Object   : dOx= -14.000, dOy=   7.999, dOz= -22.015  (mm)
  Object offset: offset_x=  -0.002, offset_z=   0.002  (mm)
  Detector : dDx=   0.000, dDy=   0.000, dDz=   0.000  (mm)
  Obj Stage rotY :   12.291 deg
============================================================

Unity geometry (world coordinates):
  Source   : x=  -2.000, y=  47.000, z=   0.000
  Object   : x=  -0.000, y=  39.999, z= 569.985
  Detector : x=   1.000, y=  47.000, z= 696.000
  Obj rotY :   0.0000 deg
view   0 | SOD= 570.033 mm | SDD= 696.006 mm | M= 1.221 | incident=0.2470°
[[ 119.38834    -557.34686      -7.000622  ]
 [ -25.84681     123.337906     -7.000622  ]
 [   0.14617082    0.03184726    0.        ]
 [   0.            0.            0.1496    ]]
Residual vector length: 216, Jacobian shape: (216, 6)
view   0 | SOD= 570.033 mm | SDD= 696.006 mm | M= 1.221 | incident=0.2470°
[[ 119.38846    -557.34686      -7.000614  ]
 [ -25.846865    123.33789      -7.000614  ]
 [   0.14617082    0.03184729    0.        ]
 [   0.            0.            0.1496    ]]

iter 23 cost=0.474785 -> 0.474968 |dtheta|=4.835473e-05  lambda=5.086e+04

============================================================
Iteration 24
============================================================
Theta offsets (Unity frame):
  Source   : dSx=   0.000, dSy=   0.000, dSz=   0.000  (mm)
  Object   : dOx= -14.000, dOy=   7.999, dOz= -22.015  (mm)
  Object offset: offset_x=  -0.002, offset_z=   0.002  (mm)
  Detector : dDx=   0.000, dDy=   0.000, dDz=   0.000  (mm)
  Obj Stage rotY :   12.291 deg
============================================================

Unity geometry (world coordinates):
  Source   : x=  -2.000, y=  47.000, z=   0.000
  Object   : x=  -0.000, y=  39.999, z= 569.985
  Detector : x=   1.000, y=  47.000, z= 696.000
  Obj rotY :   0.0000 deg
view   0 | SOD= 570.033 mm | SDD= 696.006 mm | M= 1.221 | incident=0.2470°
[[ 119.38834    -557.34686      -7.000622  ]
 [ -25.84681     123.337906     -7.000622  ]
 [   0.14617082    0.03184726    0.        ]
 [   0.            0.            0.1496    ]]
Residual vector length: 216, Jacobian shape: (216, 6)
view   0 | SOD= 570.033 mm | SDD= 696.006 mm | M= 1.221 | incident=0.2470°
[[ 119.38837    -557.34686      -7.000622  ]
 [ -25.84682     123.3379       -7.000622  ]
 [   0.14617082    0.03184726    0.        ]
 [   0.            0.            0.1496    ]]

iter 24 cost=0.474785 -> 0.474785 |dtheta|=1.012258e-05  lambda=2.543e+05

============================================================
Iteration 25
============================================================
Theta offsets (Unity frame):
  Source   : dSx=   0.000, dSy=   0.000, dSz=   0.000  (mm)
  Object   : dOx= -14.000, dOy=   7.999, dOz= -22.015  (mm)
  Object offset: offset_x=  -0.002, offset_z=   0.002  (mm)
  Detector : dDx=   0.000, dDy=   0.000, dDz=   0.000  (mm)
  Obj Stage rotY :   12.291 deg
============================================================

Unity geometry (world coordinates):
  Source   : x=  -2.000, y=  47.000, z=   0.000
  Object   : x=  -0.000, y=  39.999, z= 569.985
  Detector : x=   1.000, y=  47.000, z= 696.000
  Obj rotY :   0.0000 deg
view   0 | SOD= 570.033 mm | SDD= 696.006 mm | M= 1.221 | incident=0.2470°
[[ 119.38834    -557.34686      -7.000622  ]
 [ -25.84681     123.337906     -7.000622  ]
 [   0.14617082    0.03184726    0.        ]
 [   0.            0.            0.1496    ]]
Residual vector length: 216, Jacobian shape: (216, 6)
view   0 | SOD= 570.033 mm | SDD= 696.006 mm | M= 1.221 | incident=0.2470°
[[ 119.38834    -557.34686      -7.000622  ]
 [ -25.846811    123.337906     -7.000622  ]
 [   0.14617082    0.03184726    0.        ]
 [   0.            0.            0.1496    ]]

iter 25 cost=0.474785 -> 0.474785 |dtheta|=2.597161e-06  lambda=1.000e+06

============================================================
Iteration 26
============================================================
Theta offsets (Unity frame):
  Source   : dSx=   0.000, dSy=   0.000, dSz=   0.000  (mm)
  Object   : dOx= -14.000, dOy=   7.999, dOz= -22.015  (mm)
  Object offset: offset_x=  -0.002, offset_z=   0.002  (mm)
  Detector : dDx=   0.000, dDy=   0.000, dDz=   0.000  (mm)
  Obj Stage rotY :   12.291 deg
============================================================

Unity geometry (world coordinates):
  Source   : x=  -2.000, y=  47.000, z=   0.000
  Object   : x=  -0.000, y=  39.999, z= 569.985
  Detector : x=   1.000, y=  47.000, z= 696.000
  Obj rotY :   0.0000 deg
view   0 | SOD= 570.033 mm | SDD= 696.006 mm | M= 1.221 | incident=0.2470°
[[ 119.38834    -557.34686      -7.000622  ]
 [ -25.84681     123.337906     -7.000622  ]
 [   0.14617082    0.03184726    0.        ]
 [   0.            0.            0.1496    ]]
Residual vector length: 216, Jacobian shape: (216, 6)
view   0 | SOD= 570.033 mm | SDD= 696.006 mm | M= 1.221 | incident=0.2470°
[[ 119.38834    -557.34686      -7.000622  ]
 [ -25.846811    123.337906     -7.000622  ]
 [   0.14617082    0.03184726    0.        ]
 [   0.            0.            0.1496    ]]

iter 26 cost=0.474785 -> 0.474785 |dtheta|=2.597161e-06  lambda=1.000e+06

============================================================
Iteration 27
============================================================
Theta offsets (Unity frame):
  Source   : dSx=   0.000, dSy=   0.000, dSz=   0.000  (mm)
  Object   : dOx= -14.000, dOy=   7.999, dOz= -22.015  (mm)
  Object offset: offset_x=  -0.002, offset_z=   0.002  (mm)
  Detector : dDx=   0.000, dDy=   0.000, dDz=   0.000  (mm)
  Obj Stage rotY :   12.291 deg
============================================================

Unity geometry (world coordinates):
  Source   : x=  -2.000, y=  47.000, z=   0.000
  Object   : x=  -0.000, y=  39.999, z= 569.985
  Detector : x=   1.000, y=  47.000, z= 696.000
  Obj rotY :   0.0000 deg
view   0 | SOD= 570.033 mm | SDD= 696.006 mm | M= 1.221 | incident=0.2470°
[[ 119.38834    -557.34686      -7.000622  ]
 [ -25.84681     123.337906     -7.000622  ]
 [   0.14617082    0.03184726    0.        ]
 [   0.            0.            0.1496    ]]
Residual vector length: 216, Jacobian shape: (216, 6)
view   0 | SOD= 570.033 mm | SDD= 696.006 mm | M= 1.221 | incident=0.2470°
[[ 119.38834    -557.34686      -7.000622  ]
 [ -25.846811    123.337906     -7.000622  ]
 [   0.14617082    0.03184726    0.        ]
 [   0.            0.            0.1496    ]]

iter 27 cost=0.474785 -> 0.474785 |dtheta|=2.597161e-06  lambda=1.000e+06

============================================================
Iteration 28
============================================================
Theta offsets (Unity frame):
  Source   : dSx=   0.000, dSy=   0.000, dSz=   0.000  (mm)
  Object   : dOx= -14.000, dOy=   7.999, dOz= -22.015  (mm)
  Object offset: offset_x=  -0.002, offset_z=   0.002  (mm)
  Detector : dDx=   0.000, dDy=   0.000, dDz=   0.000  (mm)
  Obj Stage rotY :   12.291 deg
============================================================

Unity geometry (world coordinates):
  Source   : x=  -2.000, y=  47.000, z=   0.000
  Object   : x=  -0.000, y=  39.999, z= 569.985
  Detector : x=   1.000, y=  47.000, z= 696.000
  Obj rotY :   0.0000 deg
view   0 | SOD= 570.033 mm | SDD= 696.006 mm | M= 1.221 | incident=0.2470°
[[ 119.38834    -557.34686      -7.000622  ]
 [ -25.84681     123.337906     -7.000622  ]
 [   0.14617082    0.03184726    0.        ]
 [   0.            0.            0.1496    ]]
Residual vector length: 216, Jacobian shape: (216, 6)
view   0 | SOD= 570.033 mm | SDD= 696.006 mm | M= 1.221 | incident=0.2470°
[[ 119.38834    -557.34686      -7.000622  ]
 [ -25.846811    123.337906     -7.000622  ]
 [   0.14617082    0.03184726    0.        ]
 [   0.            0.            0.1496    ]]

iter 28 cost=0.474785 -> 0.474785 |dtheta|=2.597161e-06  lambda=1.000e+06

============================================================
Iteration 29
============================================================
Theta offsets (Unity frame):
  Source   : dSx=   0.000, dSy=   0.000, dSz=   0.000  (mm)
  Object   : dOx= -14.000, dOy=   7.999, dOz= -22.015  (mm)
  Object offset: offset_x=  -0.002, offset_z=   0.002  (mm)
  Detector : dDx=   0.000, dDy=   0.000, dDz=   0.000  (mm)
  Obj Stage rotY :   12.291 deg
============================================================

Unity geometry (world coordinates):
  Source   : x=  -2.000, y=  47.000, z=   0.000
  Object   : x=  -0.000, y=  39.999, z= 569.985
  Detector : x=   1.000, y=  47.000, z= 696.000
  Obj rotY :   0.0000 deg
view   0 | SOD= 570.033 mm | SDD= 696.006 mm | M= 1.221 | incident=0.2470°
[[ 119.38834    -557.34686      -7.000622  ]
 [ -25.84681     123.337906     -7.000622  ]
 [   0.14617082    0.03184726    0.        ]
 [   0.            0.            0.1496    ]]
Residual vector length: 216, Jacobian shape: (216, 6)
view   0 | SOD= 570.033 mm | SDD= 696.006 mm | M= 1.221 | incident=0.2470°
[[ 119.38834    -557.34686      -7.000622  ]
 [ -25.846811    123.337906     -7.000622  ]
 [   0.14617082    0.03184726    0.        ]
 [   0.            0.            0.1496    ]]

iter 29 cost=0.474785 -> 0.474785 |dtheta|=2.597161e-06  lambda=1.000e+06

============================================================
Iteration 30
============================================================
Theta offsets (Unity frame):
  Source   : dSx=   0.000, dSy=   0.000, dSz=   0.000  (mm)
  Object   : dOx= -14.000, dOy=   7.999, dOz= -22.015  (mm)
  Object offset: offset_x=  -0.002, offset_z=   0.002  (mm)
  Detector : dDx=   0.000, dDy=   0.000, dDz=   0.000  (mm)
  Obj Stage rotY :   12.291 deg
============================================================

Unity geometry (world coordinates):
  Source   : x=  -2.000, y=  47.000, z=   0.000
  Object   : x=  -0.000, y=  39.999, z= 569.985
  Detector : x=   1.000, y=  47.000, z= 696.000
  Obj rotY :   0.0000 deg
view   0 | SOD= 570.033 mm | SDD= 696.006 mm | M= 1.221 | incident=0.2470°
[[ 119.38834    -557.34686      -7.000622  ]
 [ -25.84681     123.337906     -7.000622  ]
 [   0.14617082    0.03184726    0.        ]
 [   0.            0.            0.1496    ]]
Residual vector length: 216, Jacobian shape: (216, 6)
view   0 | SOD= 570.033 mm | SDD= 696.006 mm | M= 1.221 | incident=0.2470°
[[ 119.38834    -557.34686      -7.000622  ]
 [ -25.846811    123.337906     -7.000622  ]
 [   0.14617082    0.03184726    0.        ]
 [   0.            0.            0.1496    ]]

iter 30 cost=0.474785 -> 0.474785 |dtheta|=2.597161e-06  lambda=1.000e+06

============================================================
Iteration 31
============================================================
Theta offsets (Unity frame):
  Source   : dSx=   0.000, dSy=   0.000, dSz=   0.000  (mm)
  Object   : dOx= -14.000, dOy=   7.999, dOz= -22.015  (mm)
  Object offset: offset_x=  -0.002, offset_z=   0.002  (mm)
  Detector : dDx=   0.000, dDy=   0.000, dDz=   0.000  (mm)
  Obj Stage rotY :   12.291 deg
============================================================

Unity geometry (world coordinates):
  Source   : x=  -2.000, y=  47.000, z=   0.000
  Object   : x=  -0.000, y=  39.999, z= 569.985
  Detector : x=   1.000, y=  47.000, z= 696.000
  Obj rotY :   0.0000 deg
view   0 | SOD= 570.033 mm | SDD= 696.006 mm | M= 1.221 | incident=0.2470°
[[ 119.38834    -557.34686      -7.000622  ]
 [ -25.84681     123.337906     -7.000622  ]
 [   0.14617082    0.03184726    0.        ]
 [   0.            0.            0.1496    ]]
Residual vector length: 216, Jacobian shape: (216, 6)
view   0 | SOD= 570.033 mm | SDD= 696.006 mm | M= 1.221 | incident=0.2470°
[[ 119.38834    -557.34686      -7.000622  ]
 [ -25.846811    123.337906     -7.000622  ]
 [   0.14617082    0.03184726    0.        ]
 [   0.            0.            0.1496    ]]

iter 31 cost=0.474785 -> 0.474785 |dtheta|=2.597161e-06  lambda=1.000e+06
Stalled.

Estimated theta:
  dSx: +0.000000
  dSy: +0.000000
  dOx: -14.000021
  dOy: +7.999377
  dOz: -22.014739
  dDx: +0.000000
  dDy: +0.000000
  dDz: +0.000000
alpha: +1.229134e+01 deg)
offset_x: -0.002147
offset_z: +0.001625

Final cost table:
Fake theta: [  0.    0.  -14.    8.  -22.    0.    0.    0.   12.3   0.    0. ]
Final estimated theta: [  0.           0.         -14.00002061   7.99937741 -22.01473883
   0.           0.           0.          12.29134163  -0.00214698
   0.00162501]
Diff from Expected: [ 0.          0.         -0.00002061 -0.00062259 -0.01473883  0.
  0.          0.         -0.00865856 -0.00214698  0.00162501]
################################################################################

