Phantom already exists, skipping: cuboid_phantom_3_normal.npy

################################################################################
Running cuboid=normal scenario=G0 N_ANGLES=3, K=3
view   0 | SOD= 570.548 mm | SDD= 675.501 mm | M= 1.184 | incident=3.8197°
[[  98.97946    -561.3404      -25.        ]
 [ -18.05941     102.420006     20.        ]
 [   0.14732724    0.02597777    0.        ]
 [   0.            0.            0.1496    ]]
          image          x1         y1  area1          x2          y2  area2          x3          y3  area3
0  proj_000.png  509.668464  62.415094    742  447.264840  270.255708    657  509.696477  502.943089    738
1  proj_001.png  340.377976  63.072917    672  617.373752  278.261056    701  340.340774  485.805060    672
2  proj_002.png  582.584203  63.219076    671  367.761317  280.641975    729  582.563798  480.949555    674

============================================================
Iteration 0
============================================================
Theta offsets (Unity frame):
  Source   : dSx=   0.000, dSy=   0.000, dSz=   0.000  (mm)
  Object   : dOx=   0.000, dOy=   0.000, dOz=   0.000  (mm)
  Object offset: offset_x=   0.000, offset_z=   0.000  (mm)
  Detector : dDx=   0.000, dDy=   0.000, dDz=   0.000  (mm)
  Obj Stage rotY :    0.000 deg
============================================================

Unity geometry (world coordinates):
  Source   : x=   0.000, y=  45.000, z=   0.000
  Object   : x=  10.000, y=  15.000, z= 589.000
  Detector : x=   0.000, y=   0.000, z= 674.000
  Obj rotY :   0.0000 deg
view   0 | SOD= 589.848 mm | SDD= 675.501 mm | M= 1.145 | incident=3.8197°
[[ -10.     -589.      -30.    ]
 [ -10.       85.       15.    ]
 [   0.1496    0.        0.    ]
 [   0.        0.        0.1496]]
Residual vector length: 27, Jacobian shape: (27, 6)
view   0 | SOD= 579.300 mm | SDD= 675.501 mm | M= 1.166 | incident=3.8197°
[[  86.603676   -572.2131      -25.703728  ]
 [ -15.320618     94.03573      19.296272  ]
 [   0.14787956    0.02262296    0.        ]
 [   0.            0.            0.1496    ]]

iter 00 cost=34626.358554 -> 436.938327 |dtheta|=1.712554e+01  lambda=1.000e-04

============================================================
Iteration 1
============================================================
Theta offsets (Unity frame):
  Source   : dSx=   0.000, dSy=   0.000, dSz=   0.000  (mm)
  Object   : dOx=  -9.156, dOy=   4.296, dOz= -10.729  (mm)
  Object offset: offset_x=   0.080, offset_z=   0.458  (mm)
  Detector : dDx=   0.000, dDy=   0.000, dDz=   0.000  (mm)
  Obj Stage rotY :    8.698 deg
============================================================

Unity geometry (world coordinates):
  Source   : x=   0.000, y=  45.000, z=   0.000
  Object   : x=   0.844, y=  19.296, z= 578.271
  Detector : x=   0.000, y=   0.000, z= 674.000
  Obj rotY :   0.0000 deg
view   0 | SOD= 579.300 mm | SDD= 675.501 mm | M= 1.166 | incident=3.8197°
[[  86.603676   -572.2131      -25.703728  ]
 [ -15.320618     94.03573      19.296272  ]
 [   0.14787956    0.02262296    0.        ]
 [   0.            0.            0.1496    ]]
Residual vector length: 27, Jacobian shape: (27, 6)
view   0 | SOD= 569.186 mm | SDD= 675.501 mm | M= 1.187 | incident=3.8197°
[[  94.66786    -560.6983      -25.065178  ]
 [ -17.723804    103.86477      19.934822  ]
 [   0.1475054     0.02494628    0.        ]
 [   0.            0.            0.1496    ]]

iter 01 cost=436.938327 -> 22.731842 |dtheta|=9.824216e+00  lambda=3.333e-05

============================================================
Iteration 2
============================================================
Theta offsets (Unity frame):
  Source   : dSx=   0.000, dSy=   0.000, dSz=   0.000  (mm)
  Object   : dOx= -10.039, dOy=   4.935, dOz= -20.443  (mm)
  Object offset: offset_x=   0.195, offset_z=   0.077  (mm)
  Detector : dDx=   0.000, dDy=   0.000, dDz=   0.000  (mm)
  Obj Stage rotY :    9.599 deg
============================================================

Unity geometry (world coordinates):
  Source   : x=   0.000, y=  45.000, z=   0.000
  Object   : x=  -0.039, y=  19.935, z= 568.557
  Detector : x=   0.000, y=   0.000, z= 674.000
  Obj rotY :   0.0000 deg
view   0 | SOD= 569.186 mm | SDD= 675.501 mm | M= 1.187 | incident=3.8197°
[[  94.66786    -560.6983      -25.065178  ]
 [ -17.723804    103.86477      19.934822  ]
 [   0.1475054     0.02494628    0.        ]
 [   0.            0.            0.1496    ]]
Residual vector length: 27, Jacobian shape: (27, 6)
view   0 | SOD= 570.132 mm | SDD= 675.501 mm | M= 1.185 | incident=3.8197°
[[  97.085075   -561.2496      -24.982101  ]
 [ -17.781042    102.89029      20.017899  ]
 [   0.14741147    0.02549551    0.        ]
 [   0.            0.            0.1496    ]]

iter 02 cost=22.731842 -> 1.214489 |dtheta|=1.074961e+00  lambda=1.111e-05

============================================================
Iteration 3
============================================================
Theta offsets (Unity frame):
  Source   : dSx=   0.000, dSy=   0.000, dSz=   0.000  (mm)
  Object   : dOx= -10.007, dOy=   5.018, dOz= -19.416  (mm)
  Object offset: offset_x=  -0.007, offset_z=   0.000  (mm)
  Detector : dDx=   0.000, dDy=   0.000, dDz=   0.000  (mm)
  Obj Stage rotY :    9.813 deg
============================================================

Unity geometry (world coordinates):
  Source   : x=   0.000, y=  45.000, z=   0.000
  Object   : x=  -0.007, y=  20.018, z= 569.584
  Detector : x=   0.000, y=   0.000, z= 674.000
  Obj rotY :   0.0000 deg
view   0 | SOD= 570.132 mm | SDD= 675.501 mm | M= 1.185 | incident=3.8197°
[[  97.085075   -561.2496      -24.982101  ]
 [ -17.781042    102.89029      20.017899  ]
 [   0.14741147    0.02549551    0.        ]
 [   0.            0.            0.1496    ]]
Residual vector length: 27, Jacobian shape: (27, 6)
view   0 | SOD= 570.435 mm | SDD= 675.501 mm | M= 1.184 | incident=3.8197°
[[  98.627686   -561.28796     -24.99621   ]
 [ -18.015383    102.54216      20.00379   ]
 [   0.1473427     0.02588992    0.        ]
 [   0.            0.            0.1496    ]]

iter 03 cost=1.214489 -> 0.137119 |dtheta|=3.392281e-01  lambda=3.704e-06

============================================================
Iteration 4
============================================================
Theta offsets (Unity frame):
  Source   : dSx=   0.000, dSy=   0.000, dSz=   0.000  (mm)
  Object   : dOx= -10.004, dOy=   5.004, dOz= -19.114  (mm)
  Object offset: offset_x=   0.002, offset_z=   0.001  (mm)
  Detector : dDx=   0.000, dDy=   0.000, dDz=   0.000  (mm)
  Obj Stage rotY :    9.966 deg
============================================================

Unity geometry (world coordinates):
  Source   : x=   0.000, y=  45.000, z=   0.000
  Object   : x=  -0.004, y=  20.004, z= 569.886
  Detector : x=   0.000, y=   0.000, z= 674.000
  Obj rotY :   0.0000 deg
view   0 | SOD= 570.435 mm | SDD= 675.501 mm | M= 1.184 | incident=3.8197°
[[  98.627686   -561.28796     -24.99621   ]
 [ -18.015383    102.54216      20.00379   ]
 [   0.1473427     0.02588992    0.        ]
 [   0.            0.            0.1496    ]]
Residual vector length: 27, Jacobian shape: (27, 6)
view   0 | SOD= 570.529 mm | SDD= 675.501 mm | M= 1.184 | incident=3.8197°
[[  98.94718    -561.3272      -24.998339  ]
 [ -18.052921    102.440056     20.001661  ]
 [   0.14732875    0.02596916    0.        ]
 [   0.            0.            0.1496    ]]

iter 04 cost=0.137119 -> 0.036376 |dtheta|=1.015863e-01  lambda=1.235e-06

============================================================
Iteration 5
============================================================
Theta offsets (Unity frame):
  Source   : dSx=   0.000, dSy=   0.000, dSz=   0.000  (mm)
  Object   : dOx= -10.003, dOy=   5.002, dOz= -19.017  (mm)
  Object offset: offset_x=  -0.000, offset_z=  -0.002  (mm)
  Detector : dDx=   0.000, dDy=   0.000, dDz=   0.000  (mm)
  Obj Stage rotY :    9.997 deg
============================================================

Unity geometry (world coordinates):
  Source   : x=   0.000, y=  45.000, z=   0.000
  Object   : x=  -0.003, y=  20.002, z= 569.983
  Detector : x=   0.000, y=   0.000, z= 674.000
  Obj rotY :   0.0000 deg
view   0 | SOD= 570.529 mm | SDD= 675.501 mm | M= 1.184 | incident=3.8197°
[[  98.94718    -561.3272      -24.998339  ]
 [ -18.052921    102.440056     20.001661  ]
 [   0.14732875    0.02596916    0.        ]
 [   0.            0.            0.1496    ]]
Residual vector length: 27, Jacobian shape: (27, 6)
view   0 | SOD= 570.526 mm | SDD= 675.501 mm | M= 1.184 | incident=3.8197°
[[  99.01973    -561.3106      -24.999653  ]
 [ -18.066597    102.44142      20.000347  ]
 [   0.14732538    0.0259883     0.        ]
 [   0.            0.            0.1496    ]]

iter 05 cost=0.036376 -> 0.032587 |dtheta|=9.065566e-03  lambda=1.000e-06

============================================================
Iteration 6
============================================================
Theta offsets (Unity frame):
  Source   : dSx=   0.000, dSy=   0.000, dSz=   0.000  (mm)
  Object   : dOx= -10.001, dOy=   5.000, dOz= -19.020  (mm)
  Object offset: offset_x=  -0.003, offset_z=  -0.002  (mm)
  Detector : dDx=   0.000, dDy=   0.000, dDz=   0.000  (mm)
  Obj Stage rotY :   10.004 deg
============================================================

Unity geometry (world coordinates):
  Source   : x=   0.000, y=  45.000, z=   0.000
  Object   : x=  -0.001, y=  20.000, z= 569.980
  Detector : x=   0.000, y=   0.000, z= 674.000
  Obj rotY :   0.0000 deg
view   0 | SOD= 570.526 mm | SDD= 675.501 mm | M= 1.184 | incident=3.8197°
[[  99.01973    -561.3106      -24.999653  ]
 [ -18.066597    102.44142      20.000347  ]
 [   0.14732538    0.0259883     0.        ]
 [   0.            0.            0.1496    ]]
Residual vector length: 27, Jacobian shape: (27, 6)
view   0 | SOD= 570.545 mm | SDD= 675.501 mm | M= 1.184 | incident=3.8197°
[[  99.06306    -561.32245     -25.00013   ]
 [ -18.071283    102.421135     19.99987   ]
 [   0.1473235     0.02599896    0.        ]
 [   0.            0.            0.1496    ]]

iter 06 cost=0.032587 -> 0.030382 |dtheta|=2.036983e-02  lambda=1.000e-06

============================================================
Iteration 7
============================================================
Theta offsets (Unity frame):
  Source   : dSx=   0.000, dSy=   0.000, dSz=   0.000  (mm)
  Object   : dOx= -10.002, dOy=   5.000, dOz= -19.000  (mm)
  Object offset: offset_x=  -0.002, offset_z=  -0.003  (mm)
  Detector : dDx=   0.000, dDy=   0.000, dDz=   0.000  (mm)
  Obj Stage rotY :   10.008 deg
============================================================

Unity geometry (world coordinates):
  Source   : x=   0.000, y=  45.000, z=   0.000
  Object   : x=  -0.002, y=  20.000, z= 570.000
  Detector : x=   0.000, y=   0.000, z= 674.000
  Obj rotY :   0.0000 deg
view   0 | SOD= 570.545 mm | SDD= 675.501 mm | M= 1.184 | incident=3.8197°
[[  99.06306    -561.32245     -25.00013   ]
 [ -18.071283    102.421135     19.99987   ]
 [   0.1473235     0.02599896    0.        ]
 [   0.            0.            0.1496    ]]
Residual vector length: 27, Jacobian shape: (27, 6)
view   0 | SOD= 570.571 mm | SDD= 675.501 mm | M= 1.184 | incident=3.8197°
[[  99.02438    -561.3559      -25.001162  ]
 [ -18.059732    102.39652      19.998838  ]
 [   0.14732547    0.02598781    0.        ]
 [   0.            0.            0.1496    ]]

iter 07 cost=0.030382 -> 0.032006 |dtheta|=2.576643e-02  lambda=1.000e-06

============================================================
Iteration 8
============================================================
Theta offsets (Unity frame):
  Source   : dSx=   0.000, dSy=   0.000, dSz=   0.000  (mm)
  Object   : dOx= -10.002, dOy=   5.000, dOz= -19.000  (mm)
  Object offset: offset_x=  -0.002, offset_z=  -0.003  (mm)
  Detector : dDx=   0.000, dDy=   0.000, dDz=   0.000  (mm)
  Obj Stage rotY :   10.008 deg
============================================================

Unity geometry (world coordinates):
  Source   : x=   0.000, y=  45.000, z=   0.000
  Object   : x=  -0.002, y=  20.000, z= 570.000
  Detector : x=   0.000, y=   0.000, z= 674.000
  Obj rotY :   0.0000 deg
view   0 | SOD= 570.545 mm | SDD= 675.501 mm | M= 1.184 | incident=3.8197°
[[  99.06306    -561.32245     -25.00013   ]
 [ -18.071283    102.421135     19.99987   ]
 [   0.1473235     0.02599896    0.        ]
 [   0.            0.            0.1496    ]]
Residual vector length: 27, Jacobian shape: (27, 6)
view   0 | SOD= 570.571 mm | SDD= 675.501 mm | M= 1.184 | incident=3.8197°
[[  99.02438    -561.3559      -25.001162  ]
 [ -18.059732    102.39652      19.998838  ]
 [   0.14732547    0.02598781    0.        ]
 [   0.            0.            0.1496    ]]

iter 08 cost=0.030382 -> 0.032006 |dtheta|=2.576641e-02  lambda=5.000e-06

============================================================
Iteration 9
============================================================
Theta offsets (Unity frame):
  Source   : dSx=   0.000, dSy=   0.000, dSz=   0.000  (mm)
  Object   : dOx= -10.002, dOy=   5.000, dOz= -19.000  (mm)
  Object offset: offset_x=  -0.002, offset_z=  -0.003  (mm)
  Detector : dDx=   0.000, dDy=   0.000, dDz=   0.000  (mm)
  Obj Stage rotY :   10.008 deg
============================================================

Unity geometry (world coordinates):
  Source   : x=   0.000, y=  45.000, z=   0.000
  Object   : x=  -0.002, y=  20.000, z= 570.000
  Detector : x=   0.000, y=   0.000, z= 674.000
  Obj rotY :   0.0000 deg
view   0 | SOD= 570.545 mm | SDD= 675.501 mm | M= 1.184 | incident=3.8197°
[[  99.06306    -561.32245     -25.00013   ]
 [ -18.071283    102.421135     19.99987   ]
 [   0.1473235     0.02599896    0.        ]
 [   0.            0.            0.1496    ]]
Residual vector length: 27, Jacobian shape: (27, 6)
view   0 | SOD= 570.571 mm | SDD= 675.501 mm | M= 1.184 | incident=3.8197°
[[  99.02438    -561.3559      -25.001162  ]
 [ -18.059732    102.39652      19.998838  ]
 [   0.14732547    0.02598781    0.        ]
 [   0.            0.            0.1496    ]]

iter 09 cost=0.030382 -> 0.032006 |dtheta|=2.576631e-02  lambda=2.500e-05

============================================================
Iteration 10
============================================================
Theta offsets (Unity frame):
  Source   : dSx=   0.000, dSy=   0.000, dSz=   0.000  (mm)
  Object   : dOx= -10.002, dOy=   5.000, dOz= -19.000  (mm)
  Object offset: offset_x=  -0.002, offset_z=  -0.003  (mm)
  Detector : dDx=   0.000, dDy=   0.000, dDz=   0.000  (mm)
  Obj Stage rotY :   10.008 deg
============================================================

Unity geometry (world coordinates):
  Source   : x=   0.000, y=  45.000, z=   0.000
  Object   : x=  -0.002, y=  20.000, z= 570.000
  Detector : x=   0.000, y=   0.000, z= 674.000
  Obj rotY :   0.0000 deg
view   0 | SOD= 570.545 mm | SDD= 675.501 mm | M= 1.184 | incident=3.8197°
[[  99.06306    -561.32245     -25.00013   ]
 [ -18.071283    102.421135     19.99987   ]
 [   0.1473235     0.02599896    0.        ]
 [   0.            0.            0.1496    ]]
Residual vector length: 27, Jacobian shape: (27, 6)
view   0 | SOD= 570.571 mm | SDD= 675.501 mm | M= 1.184 | incident=3.8197°
[[  99.02438    -561.3559      -25.001162  ]
 [ -18.059732    102.39652      19.998838  ]
 [   0.14732547    0.02598781    0.        ]
 [   0.            0.            0.1496    ]]

iter 10 cost=0.030382 -> 0.032006 |dtheta|=2.576578e-02  lambda=1.250e-04

============================================================
Iteration 11
============================================================
Theta offsets (Unity frame):
  Source   : dSx=   0.000, dSy=   0.000, dSz=   0.000  (mm)
  Object   : dOx= -10.002, dOy=   5.000, dOz= -19.000  (mm)
  Object offset: offset_x=  -0.002, offset_z=  -0.003  (mm)
  Detector : dDx=   0.000, dDy=   0.000, dDz=   0.000  (mm)
  Obj Stage rotY :   10.008 deg
============================================================

Unity geometry (world coordinates):
  Source   : x=   0.000, y=  45.000, z=   0.000
  Object   : x=  -0.002, y=  20.000, z= 570.000
  Detector : x=   0.000, y=   0.000, z= 674.000
  Obj rotY :   0.0000 deg
view   0 | SOD= 570.545 mm | SDD= 675.501 mm | M= 1.184 | incident=3.8197°
[[  99.06306    -561.32245     -25.00013   ]
 [ -18.071283    102.421135     19.99987   ]
 [   0.1473235     0.02599896    0.        ]
 [   0.            0.            0.1496    ]]
Residual vector length: 27, Jacobian shape: (27, 6)
view   0 | SOD= 570.571 mm | SDD= 675.501 mm | M= 1.184 | incident=3.8197°
[[  99.02438    -561.3559      -25.001162  ]
 [ -18.059732    102.39652      19.998838  ]
 [   0.14732547    0.02598781    0.        ]
 [   0.            0.            0.1496    ]]

iter 11 cost=0.030382 -> 0.032006 |dtheta|=2.576313e-02  lambda=6.250e-04

============================================================
Iteration 12
============================================================
Theta offsets (Unity frame):
  Source   : dSx=   0.000, dSy=   0.000, dSz=   0.000  (mm)
  Object   : dOx= -10.002, dOy=   5.000, dOz= -19.000  (mm)
  Object offset: offset_x=  -0.002, offset_z=  -0.003  (mm)
  Detector : dDx=   0.000, dDy=   0.000, dDz=   0.000  (mm)
  Obj Stage rotY :   10.008 deg
============================================================

Unity geometry (world coordinates):
  Source   : x=   0.000, y=  45.000, z=   0.000
  Object   : x=  -0.002, y=  20.000, z= 570.000
  Detector : x=   0.000, y=   0.000, z= 674.000
  Obj rotY :   0.0000 deg
view   0 | SOD= 570.545 mm | SDD= 675.501 mm | M= 1.184 | incident=3.8197°
[[  99.06306    -561.32245     -25.00013   ]
 [ -18.071283    102.421135     19.99987   ]
 [   0.1473235     0.02599896    0.        ]
 [   0.            0.            0.1496    ]]
Residual vector length: 27, Jacobian shape: (27, 6)
view   0 | SOD= 570.571 mm | SDD= 675.501 mm | M= 1.184 | incident=3.8197°
[[  99.02437    -561.35596     -25.001162  ]
 [ -18.059729    102.39652      19.998838  ]
 [   0.14732547    0.02598781    0.        ]
 [   0.            0.            0.1496    ]]

iter 12 cost=0.030382 -> 0.032006 |dtheta|=2.574991e-02  lambda=3.125e-03

============================================================
Iteration 13
============================================================
Theta offsets (Unity frame):
  Source   : dSx=   0.000, dSy=   0.000, dSz=   0.000  (mm)
  Object   : dOx= -10.002, dOy=   5.000, dOz= -19.000  (mm)
  Object offset: offset_x=  -0.002, offset_z=  -0.003  (mm)
  Detector : dDx=   0.000, dDy=   0.000, dDz=   0.000  (mm)
  Obj Stage rotY :   10.008 deg
============================================================

Unity geometry (world coordinates):
  Source   : x=   0.000, y=  45.000, z=   0.000
  Object   : x=  -0.002, y=  20.000, z= 570.000
  Detector : x=   0.000, y=   0.000, z= 674.000
  Obj rotY :   0.0000 deg
view   0 | SOD= 570.545 mm | SDD= 675.501 mm | M= 1.184 | incident=3.8197°
[[  99.06306    -561.32245     -25.00013   ]
 [ -18.071283    102.421135     19.99987   ]
 [   0.1473235     0.02599896    0.        ]
 [   0.            0.            0.1496    ]]
Residual vector length: 27, Jacobian shape: (27, 6)
view   0 | SOD= 570.571 mm | SDD= 675.501 mm | M= 1.184 | incident=3.8197°
[[  99.02428    -561.35583     -25.00116   ]
 [ -18.059732    102.396645     19.99884   ]
 [   0.14732547    0.02598779    0.        ]
 [   0.            0.            0.1496    ]]

iter 13 cost=0.030382 -> 0.032006 |dtheta|=2.568402e-02  lambda=1.562e-02

============================================================
Iteration 14
============================================================
Theta offsets (Unity frame):
  Source   : dSx=   0.000, dSy=   0.000, dSz=   0.000  (mm)
  Object   : dOx= -10.002, dOy=   5.000, dOz= -19.000  (mm)
  Object offset: offset_x=  -0.002, offset_z=  -0.003  (mm)
  Detector : dDx=   0.000, dDy=   0.000, dDz=   0.000  (mm)
  Obj Stage rotY :   10.008 deg
============================================================

Unity geometry (world coordinates):
  Source   : x=   0.000, y=  45.000, z=   0.000
  Object   : x=  -0.002, y=  20.000, z= 570.000
  Detector : x=   0.000, y=   0.000, z= 674.000
  Obj rotY :   0.0000 deg
view   0 | SOD= 570.545 mm | SDD= 675.501 mm | M= 1.184 | incident=3.8197°
[[  99.06306    -561.32245     -25.00013   ]
 [ -18.071283    102.421135     19.99987   ]
 [   0.1473235     0.02599896    0.        ]
 [   0.            0.            0.1496    ]]
Residual vector length: 27, Jacobian shape: (27, 6)
view   0 | SOD= 570.571 mm | SDD= 675.501 mm | M= 1.184 | incident=3.8197°
[[  99.023865   -561.3556      -25.001146  ]
 [ -18.0597      102.396965     19.998854  ]
 [   0.14732549    0.02598769    0.        ]
 [   0.            0.            0.1496    ]]

iter 14 cost=0.030382 -> 0.032006 |dtheta|=2.536023e-02  lambda=7.812e-02

============================================================
Iteration 15
============================================================
Theta offsets (Unity frame):
  Source   : dSx=   0.000, dSy=   0.000, dSz=   0.000  (mm)
  Object   : dOx= -10.002, dOy=   5.000, dOz= -19.000  (mm)
  Object offset: offset_x=  -0.002, offset_z=  -0.003  (mm)
  Detector : dDx=   0.000, dDy=   0.000, dDz=   0.000  (mm)
  Obj Stage rotY :   10.008 deg
============================================================

Unity geometry (world coordinates):
  Source   : x=   0.000, y=  45.000, z=   0.000
  Object   : x=  -0.002, y=  20.000, z= 570.000
  Detector : x=   0.000, y=   0.000, z= 674.000
  Obj rotY :   0.0000 deg
view   0 | SOD= 570.545 mm | SDD= 675.501 mm | M= 1.184 | incident=3.8197°
[[  99.06306    -561.32245     -25.00013   ]
 [ -18.071283    102.421135     19.99987   ]
 [   0.1473235     0.02599896    0.        ]
 [   0.            0.            0.1496    ]]
Residual vector length: 27, Jacobian shape: (27, 6)
view   0 | SOD= 570.569 mm | SDD= 675.501 mm | M= 1.184 | incident=3.8197°
[[  99.021965   -561.3543      -25.00109   ]
 [ -18.059591    102.39859      19.99891   ]
 [   0.14732558    0.02598724    0.        ]
 [   0.            0.            0.1496    ]]

iter 15 cost=0.030382 -> 0.032006 |dtheta|=2.387088e-02  lambda=3.906e-01

============================================================
Iteration 16
============================================================
Theta offsets (Unity frame):
  Source   : dSx=   0.000, dSy=   0.000, dSz=   0.000  (mm)
  Object   : dOx= -10.002, dOy=   5.000, dOz= -19.000  (mm)
  Object offset: offset_x=  -0.002, offset_z=  -0.003  (mm)
  Detector : dDx=   0.000, dDy=   0.000, dDz=   0.000  (mm)
  Obj Stage rotY :   10.008 deg
============================================================

Unity geometry (world coordinates):
  Source   : x=   0.000, y=  45.000, z=   0.000
  Object   : x=  -0.002, y=  20.000, z= 570.000
  Detector : x=   0.000, y=   0.000, z= 674.000
  Obj rotY :   0.0000 deg
view   0 | SOD= 570.545 mm | SDD= 675.501 mm | M= 1.184 | incident=3.8197°
[[  99.06306    -561.32245     -25.00013   ]
 [ -18.071283    102.421135     19.99987   ]
 [   0.1473235     0.02599896    0.        ]
 [   0.            0.            0.1496    ]]
Residual vector length: 27, Jacobian shape: (27, 6)
view   0 | SOD= 570.563 mm | SDD= 675.501 mm | M= 1.184 | incident=3.8197°
[[  99.015625   -561.3497      -25.000883  ]
 [ -18.059298    102.40441      19.999117  ]
 [   0.14732583    0.02598577    0.        ]
 [   0.            0.            0.1496    ]]

iter 16 cost=0.030382 -> 0.027623 |dtheta|=1.867730e-02  lambda=1.953e+00

============================================================
Iteration 17
============================================================
Theta offsets (Unity frame):
  Source   : dSx=   0.000, dSy=   0.000, dSz=   0.000  (mm)
  Object   : dOx= -10.001, dOy=   4.999, dOz= -18.982  (mm)
  Object offset: offset_x=  -0.002, offset_z=  -0.002  (mm)
  Detector : dDx=   0.000, dDy=   0.000, dDz=   0.000  (mm)
  Obj Stage rotY :   10.003 deg
============================================================

Unity geometry (world coordinates):
  Source   : x=   0.000, y=  45.000, z=   0.000
  Object   : x=  -0.001, y=  19.999, z= 570.018
  Detector : x=   0.000, y=   0.000, z= 674.000
  Obj rotY :   0.0000 deg
view   0 | SOD= 570.563 mm | SDD= 675.501 mm | M= 1.184 | incident=3.8197°
[[  99.015625   -561.3497      -25.000883  ]
 [ -18.059298    102.40441      19.999117  ]
 [   0.14732583    0.02598577    0.        ]
 [   0.            0.            0.1496    ]]
Residual vector length: 27, Jacobian shape: (27, 6)
view   0 | SOD= 570.538 mm | SDD= 675.501 mm | M= 1.184 | incident=3.8197°
[[  99.0166     -561.3237      -25.00032   ]
 [ -18.061672    102.42977      19.99968   ]
 [   0.1473257     0.02598651    0.        ]
 [   0.            0.            0.1496    ]]

iter 17 cost=0.027623 -> 0.027192 |dtheta|=2.473314e-02  lambda=6.510e-01

============================================================
Iteration 18
============================================================
Theta offsets (Unity frame):
  Source   : dSx=   0.000, dSy=   0.000, dSz=   0.000  (mm)
  Object   : dOx= -10.002, dOy=   5.000, dOz= -19.007  (mm)
  Object offset: offset_x=  -0.003, offset_z=  -0.003  (mm)
  Detector : dDx=   0.000, dDy=   0.000, dDz=   0.000  (mm)
  Obj Stage rotY :   10.003 deg
============================================================

Unity geometry (world coordinates):
  Source   : x=   0.000, y=  45.000, z=   0.000
  Object   : x=  -0.002, y=  20.000, z= 569.993
  Detector : x=   0.000, y=   0.000, z= 674.000
  Obj rotY :   0.0000 deg
view   0 | SOD= 570.538 mm | SDD= 675.501 mm | M= 1.184 | incident=3.8197°
[[  99.0166     -561.3237      -25.00032   ]
 [ -18.061672    102.42977      19.99968   ]
 [   0.1473257     0.02598651    0.        ]
 [   0.            0.            0.1496    ]]
Residual vector length: 27, Jacobian shape: (27, 6)
view   0 | SOD= 570.559 mm | SDD= 675.501 mm | M= 1.184 | incident=3.8197°
[[  99.03712    -561.3409      -25.001495  ]
 [ -18.063833    102.40857      19.998505  ]
 [   0.14732482    0.02599155    0.        ]
 [   0.            0.            0.1496    ]]

iter 18 cost=0.027192 -> 0.033973 |dtheta|=1.916164e-02  lambda=2.170e-01

============================================================
Iteration 19
============================================================
Theta offsets (Unity frame):
  Source   : dSx=   0.000, dSy=   0.000, dSz=   0.000  (mm)
  Object   : dOx= -10.002, dOy=   5.000, dOz= -19.007  (mm)
  Object offset: offset_x=  -0.003, offset_z=  -0.003  (mm)
  Detector : dDx=   0.000, dDy=   0.000, dDz=   0.000  (mm)
  Obj Stage rotY :   10.003 deg
============================================================

Unity geometry (world coordinates):
  Source   : x=   0.000, y=  45.000, z=   0.000
  Object   : x=  -0.002, y=  20.000, z= 569.993
  Detector : x=   0.000, y=   0.000, z= 674.000
  Obj rotY :   0.0000 deg
view   0 | SOD= 570.538 mm | SDD= 675.501 mm | M= 1.184 | incident=3.8197°
[[  99.0166     -561.3237      -25.00032   ]
 [ -18.061672    102.42977      19.99968   ]
 [   0.1473257     0.02598651    0.        ]
 [   0.            0.            0.1496    ]]
Residual vector length: 27, Jacobian shape: (27, 6)
view   0 | SOD= 570.556 mm | SDD= 675.501 mm | M= 1.184 | incident=3.8197°
[[  99.03451    -561.33875     -25.00139   ]
 [ -18.06379     102.41118      19.99861   ]
 [   0.14732492    0.02599096    0.        ]
 [   0.            0.            0.1496    ]]

iter 19 cost=0.027192 -> 0.033973 |dtheta|=1.667016e-02  lambda=1.085e+00

============================================================
Iteration 20
============================================================
Theta offsets (Unity frame):
  Source   : dSx=   0.000, dSy=   0.000, dSz=   0.000  (mm)
  Object   : dOx= -10.002, dOy=   5.000, dOz= -19.007  (mm)
  Object offset: offset_x=  -0.003, offset_z=  -0.003  (mm)
  Detector : dDx=   0.000, dDy=   0.000, dDz=   0.000  (mm)
  Obj Stage rotY :   10.003 deg
============================================================

Unity geometry (world coordinates):
  Source   : x=   0.000, y=  45.000, z=   0.000
  Object   : x=  -0.002, y=  20.000, z= 569.993
  Detector : x=   0.000, y=   0.000, z= 674.000
  Obj rotY :   0.0000 deg
view   0 | SOD= 570.538 mm | SDD= 675.501 mm | M= 1.184 | incident=3.8197°
[[  99.0166     -561.3237      -25.00032   ]
 [ -18.061672    102.42977      19.99968   ]
 [   0.1473257     0.02598651    0.        ]
 [   0.            0.            0.1496    ]]
Residual vector length: 27, Jacobian shape: (27, 6)
view   0 | SOD= 570.549 mm | SDD= 675.501 mm | M= 1.184 | incident=3.8197°
[[  99.02762    -561.3331      -25.001118  ]
 [ -18.063667    102.418076     19.998882  ]
 [   0.14732519    0.0259894     0.        ]
 [   0.            0.            0.1496    ]]

iter 20 cost=0.027192 -> 0.034240 |dtheta|=1.014853e-02  lambda=5.425e+00

============================================================
Iteration 21
============================================================
Theta offsets (Unity frame):
  Source   : dSx=   0.000, dSy=   0.000, dSz=   0.000  (mm)
  Object   : dOx= -10.002, dOy=   5.000, dOz= -19.007  (mm)
  Object offset: offset_x=  -0.003, offset_z=  -0.003  (mm)
  Detector : dDx=   0.000, dDy=   0.000, dDz=   0.000  (mm)
  Obj Stage rotY :   10.003 deg
============================================================

Unity geometry (world coordinates):
  Source   : x=   0.000, y=  45.000, z=   0.000
  Object   : x=  -0.002, y=  20.000, z= 569.993
  Detector : x=   0.000, y=   0.000, z= 674.000
  Obj rotY :   0.0000 deg
view   0 | SOD= 570.538 mm | SDD= 675.501 mm | M= 1.184 | incident=3.8197°
[[  99.0166     -561.3237      -25.00032   ]
 [ -18.061672    102.42977      19.99968   ]
 [   0.1473257     0.02598651    0.        ]
 [   0.            0.            0.1496    ]]
Residual vector length: 27, Jacobian shape: (27, 6)
view   0 | SOD= 570.542 mm | SDD= 675.501 mm | M= 1.184 | incident=3.8197°
[[  99.02046    -561.3274      -25.000832  ]
 [ -18.063444    102.42512      19.999168  ]
 [   0.14732547    0.02598776    0.        ]
 [   0.            0.            0.1496    ]]

iter 21 cost=0.027192 -> 0.033996 |dtheta|=3.676521e-03  lambda=2.713e+01

============================================================
Iteration 22
============================================================
Theta offsets (Unity frame):
  Source   : dSx=   0.000, dSy=   0.000, dSz=   0.000  (mm)
  Object   : dOx= -10.002, dOy=   5.000, dOz= -19.007  (mm)
  Object offset: offset_x=  -0.003, offset_z=  -0.003  (mm)
  Detector : dDx=   0.000, dDy=   0.000, dDz=   0.000  (mm)
  Obj Stage rotY :   10.003 deg
============================================================

Unity geometry (world coordinates):
  Source   : x=   0.000, y=  45.000, z=   0.000
  Object   : x=  -0.002, y=  20.000, z= 569.993
  Detector : x=   0.000, y=   0.000, z= 674.000
  Obj rotY :   0.0000 deg
view   0 | SOD= 570.538 mm | SDD= 675.501 mm | M= 1.184 | incident=3.8197°
[[  99.0166     -561.3237      -25.00032   ]
 [ -18.061672    102.42977      19.99968   ]
 [   0.1473257     0.02598651    0.        ]
 [   0.            0.            0.1496    ]]
Residual vector length: 27, Jacobian shape: (27, 6)
view   0 | SOD= 570.539 mm | SDD= 675.501 mm | M= 1.184 | incident=3.8197°
[[  99.01735    -561.325       -25.000671  ]
 [ -18.063026    102.42811      19.999329  ]
 [   0.14732562    0.02598698    0.        ]
 [   0.            0.            0.1496    ]]

iter 22 cost=0.027192 -> 0.031226 |dtheta|=1.431709e-03  lambda=1.356e+02

============================================================
Iteration 23
============================================================
Theta offsets (Unity frame):
  Source   : dSx=   0.000, dSy=   0.000, dSz=   0.000  (mm)
  Object   : dOx= -10.002, dOy=   5.000, dOz= -19.007  (mm)
  Object offset: offset_x=  -0.003, offset_z=  -0.003  (mm)
  Detector : dDx=   0.000, dDy=   0.000, dDz=   0.000  (mm)
  Obj Stage rotY :   10.003 deg
============================================================

Unity geometry (world coordinates):
  Source   : x=   0.000, y=  45.000, z=   0.000
  Object   : x=  -0.002, y=  20.000, z= 569.993
  Detector : x=   0.000, y=   0.000, z= 674.000
  Obj rotY :   0.0000 deg
view   0 | SOD= 570.538 mm | SDD= 675.501 mm | M= 1.184 | incident=3.8197°
[[  99.0166     -561.3237      -25.00032   ]
 [ -18.061672    102.42977      19.99968   ]
 [   0.1473257     0.02598651    0.        ]
 [   0.            0.            0.1496    ]]
Residual vector length: 27, Jacobian shape: (27, 6)
view   0 | SOD= 570.539 mm | SDD= 675.501 mm | M= 1.184 | incident=3.8197°
[[  99.01662    -561.3242      -25.000511  ]
 [ -18.062351    102.42915      19.999489  ]
 [   0.14732566    0.02598667    0.        ]
 [   0.            0.            0.1496    ]]

iter 23 cost=0.027192 -> 0.029545 |dtheta|=6.582041e-04  lambda=6.782e+02

============================================================
Iteration 24
============================================================
Theta offsets (Unity frame):
  Source   : dSx=   0.000, dSy=   0.000, dSz=   0.000  (mm)
  Object   : dOx= -10.002, dOy=   5.000, dOz= -19.007  (mm)
  Object offset: offset_x=  -0.003, offset_z=  -0.003  (mm)
  Detector : dDx=   0.000, dDy=   0.000, dDz=   0.000  (mm)
  Obj Stage rotY :   10.003 deg
============================================================

Unity geometry (world coordinates):
  Source   : x=   0.000, y=  45.000, z=   0.000
  Object   : x=  -0.002, y=  20.000, z= 569.993
  Detector : x=   0.000, y=   0.000, z= 674.000
  Obj rotY :   0.0000 deg
view   0 | SOD= 570.538 mm | SDD= 675.501 mm | M= 1.184 | incident=3.8197°
[[  99.0166     -561.3237      -25.00032   ]
 [ -18.061672    102.42977      19.99968   ]
 [   0.1473257     0.02598651    0.        ]
 [   0.            0.            0.1496    ]]
Residual vector length: 27, Jacobian shape: (27, 6)
view   0 | SOD= 570.538 mm | SDD= 675.501 mm | M= 1.184 | incident=3.8197°
[[  99.01659    -561.32385     -25.000381  ]
 [ -18.061874    102.42961      19.999619  ]
 [   0.1473257     0.02598655    0.        ]
 [   0.            0.            0.1496    ]]

iter 24 cost=0.027192 -> 0.030401 |dtheta|=1.968597e-04  lambda=3.391e+03

============================================================
Iteration 25
============================================================
Theta offsets (Unity frame):
  Source   : dSx=   0.000, dSy=   0.000, dSz=   0.000  (mm)
  Object   : dOx= -10.002, dOy=   5.000, dOz= -19.007  (mm)
  Object offset: offset_x=  -0.003, offset_z=  -0.003  (mm)
  Detector : dDx=   0.000, dDy=   0.000, dDz=   0.000  (mm)
  Obj Stage rotY :   10.003 deg
============================================================

Unity geometry (world coordinates):
  Source   : x=   0.000, y=  45.000, z=   0.000
  Object   : x=  -0.002, y=  20.000, z= 569.993
  Detector : x=   0.000, y=   0.000, z= 674.000
  Obj rotY :   0.0000 deg
view   0 | SOD= 570.538 mm | SDD= 675.501 mm | M= 1.184 | incident=3.8197°
[[  99.0166     -561.3237      -25.00032   ]
 [ -18.061672    102.42977      19.99968   ]
 [   0.1473257     0.02598651    0.        ]
 [   0.            0.            0.1496    ]]
Residual vector length: 27, Jacobian shape: (27, 6)
view   0 | SOD= 570.538 mm | SDD= 675.501 mm | M= 1.184 | incident=3.8197°
[[  99.016594   -561.3237      -25.000336  ]
 [ -18.061722    102.42976      19.999664  ]
 [   0.1473257     0.02598652    0.        ]
 [   0.            0.            0.1496    ]]

iter 25 cost=0.027192 -> 0.027192 |dtheta|=4.394917e-05  lambda=1.695e+04

============================================================
Iteration 26
============================================================
Theta offsets (Unity frame):
  Source   : dSx=   0.000, dSy=   0.000, dSz=   0.000  (mm)
  Object   : dOx= -10.002, dOy=   5.000, dOz= -19.007  (mm)
  Object offset: offset_x=  -0.003, offset_z=  -0.003  (mm)
  Detector : dDx=   0.000, dDy=   0.000, dDz=   0.000  (mm)
  Obj Stage rotY :   10.003 deg
============================================================

Unity geometry (world coordinates):
  Source   : x=   0.000, y=  45.000, z=   0.000
  Object   : x=  -0.002, y=  20.000, z= 569.993
  Detector : x=   0.000, y=   0.000, z= 674.000
  Obj rotY :   0.0000 deg
view   0 | SOD= 570.538 mm | SDD= 675.501 mm | M= 1.184 | incident=3.8197°
[[  99.0166     -561.3237      -25.00032   ]
 [ -18.061672    102.42977      19.99968   ]
 [   0.1473257     0.02598651    0.        ]
 [   0.            0.            0.1496    ]]
Residual vector length: 27, Jacobian shape: (27, 6)
view   0 | SOD= 570.538 mm | SDD= 675.501 mm | M= 1.184 | incident=3.8197°
[[  99.0166     -561.3237      -25.000324  ]
 [ -18.061682    102.42977      19.999676  ]
 [   0.1473257     0.02598651    0.        ]
 [   0.            0.            0.1496    ]]

iter 26 cost=0.027192 -> 0.027192 |dtheta|=9.001514e-06  lambda=8.477e+04

============================================================
Iteration 27
============================================================
Theta offsets (Unity frame):
  Source   : dSx=   0.000, dSy=   0.000, dSz=   0.000  (mm)
  Object   : dOx= -10.002, dOy=   5.000, dOz= -19.007  (mm)
  Object offset: offset_x=  -0.003, offset_z=  -0.003  (mm)
  Detector : dDx=   0.000, dDy=   0.000, dDz=   0.000  (mm)
  Obj Stage rotY :   10.003 deg
============================================================

Unity geometry (world coordinates):
  Source   : x=   0.000, y=  45.000, z=   0.000
  Object   : x=  -0.002, y=  20.000, z= 569.993
  Detector : x=   0.000, y=   0.000, z= 674.000
  Obj rotY :   0.0000 deg
view   0 | SOD= 570.538 mm | SDD= 675.501 mm | M= 1.184 | incident=3.8197°
[[  99.0166     -561.3237      -25.00032   ]
 [ -18.061672    102.42977      19.99968   ]
 [   0.1473257     0.02598651    0.        ]
 [   0.            0.            0.1496    ]]
Residual vector length: 27, Jacobian shape: (27, 6)
view   0 | SOD= 570.538 mm | SDD= 675.501 mm | M= 1.184 | incident=3.8197°
[[  99.0166     -561.3237      -25.00032   ]
 [ -18.061674    102.42977      19.99968   ]
 [   0.1473257     0.02598651    0.        ]
 [   0.            0.            0.1496    ]]

iter 27 cost=0.027192 -> 0.027192 |dtheta|=1.809037e-06  lambda=4.239e+05

============================================================
Iteration 28
============================================================
Theta offsets (Unity frame):
  Source   : dSx=   0.000, dSy=   0.000, dSz=   0.000  (mm)
  Object   : dOx= -10.002, dOy=   5.000, dOz= -19.007  (mm)
  Object offset: offset_x=  -0.003, offset_z=  -0.003  (mm)
  Detector : dDx=   0.000, dDy=   0.000, dDz=   0.000  (mm)
  Obj Stage rotY :   10.003 deg
============================================================

Unity geometry (world coordinates):
  Source   : x=   0.000, y=  45.000, z=   0.000
  Object   : x=  -0.002, y=  20.000, z= 569.993
  Detector : x=   0.000, y=   0.000, z= 674.000
  Obj rotY :   0.0000 deg
view   0 | SOD= 570.538 mm | SDD= 675.501 mm | M= 1.184 | incident=3.8197°
[[  99.0166     -561.3237      -25.00032   ]
 [ -18.061672    102.42977      19.99968   ]
 [   0.1473257     0.02598651    0.        ]
 [   0.            0.            0.1496    ]]
Residual vector length: 27, Jacobian shape: (27, 6)
view   0 | SOD= 570.538 mm | SDD= 675.501 mm | M= 1.184 | incident=3.8197°
[[  99.0166     -561.3237      -25.00032   ]
 [ -18.061674    102.42977      19.99968   ]
 [   0.1473257     0.02598651    0.        ]
 [   0.            0.            0.1496    ]]

iter 28 cost=0.027192 -> 0.027192 |dtheta|=7.673061e-07  lambda=1.000e+06
Converged.

Estimated theta:
  dSx: +0.000000
  dSy: +0.000000
  dOx: -10.002441
  dOy: +4.999679
  dOz: -19.007000
  dDx: +0.000000
  dDy: +0.000000
  dDz: +0.000000
alpha: +1.000340e+01 deg)
offset_x: -0.003201
offset_z: -0.002998

Final cost table:
Fake theta: [  0.   0. -10.   5. -19.   0.   0.   0.  10.   0.   0.]
Final estimated theta: [  0.           0.         -10.00244149   4.99967902 -19.00700037
   0.           0.           0.          10.00340142  -0.00320101
  -0.00299849]
Diff from Expected: [ 0.          0.         -0.00244149 -0.00032098 -0.00700037  0.
  0.          0.          0.00340142 -0.00320101 -0.00299849]
################################################################################

