Phantom already exists, skipping: cuboid_phantom_3_normal.npy

################################################################################
Running cuboid=normal scenario=G4 N_ANGLES=3, K=3
view   0 | SOD= 570.594 mm | SDD= 809.425 mm | M= 1.419 | incident=3.4005°
[[  33.809837   -568.99725     -26.        ]
 [ -13.700238    237.60535      22.        ]
 [   0.14935194    0.00861158    0.        ]
 [   0.            0.            0.1496    ]]
          image          x1         y1  area1          x2          y2  area2          x3          y3  area3
0  proj_000.png  533.171402  48.863636   1056  419.646237  297.692473    930  533.187739  576.432950   1044
1  proj_001.png  304.867420  49.180884    973  646.696215  306.503984   1004  304.859775  557.881269    977
2  proj_002.png  586.331230  49.378549    951  357.500475  311.181387   1053  586.252075  548.963693    964

============================================================
Iteration 0
============================================================
Theta offsets (Unity frame):
  Source   : dSx=   0.000, dSy=   0.000, dSz=   0.000  (mm)
  Object   : dOx=   0.000, dOy=   0.000, dOz=   0.000  (mm)
  Object offset: offset_x=   0.000, offset_z=   0.000  (mm)
  Detector : dDx=   0.000, dDy=   0.000, dDz=   0.000  (mm)
  Obj Stage rotY :    0.000 deg
============================================================

Unity geometry (world coordinates):
  Source   : x=   1.000, y=  46.000, z=   0.000
  Object   : x=  12.000, y=  17.000, z= 583.000
  Detector : x=   0.000, y=  -2.000, z= 808.000
  Obj rotY :   0.0000 deg
view   0 | SOD= 583.824 mm | SDD= 809.425 mm | M= 1.386 | incident=3.4005°
[[ -11.     -583.      -29.    ]
 [ -12.      225.       19.    ]
 [   0.1496    0.        0.    ]
 [   0.        0.        0.1496]]
Residual vector length: 27, Jacobian shape: (27, 6)
view   0 | SOD= 572.656 mm | SDD= 809.425 mm | M= 1.413 | incident=3.4005°
[[  20.878963   -571.6815      -26.05407   ]
 [  -8.154388    235.79733      21.94593   ]
 [   0.14950994    0.00519045    0.        ]
 [   0.            0.            0.1496    ]]

iter 00 cost=59387.058298 -> 120.641737 |dtheta|=1.672373e+01  lambda=1.000e-04

============================================================
Iteration 1
============================================================
Theta offsets (Unity frame):
  Source   : dSx=   0.000, dSy=   0.000, dSz=   0.000  (mm)
  Object   : dOx= -12.233, dOy=   2.946, dOz= -10.832  (mm)
  Object offset: offset_x=   0.202, offset_z=  -0.106  (mm)
  Detector : dDx=   0.000, dDy=   0.000, dDz=   0.000  (mm)
  Obj Stage rotY :    1.988 deg
============================================================

Unity geometry (world coordinates):
  Source   : x=   1.000, y=  46.000, z=   0.000
  Object   : x=  -0.233, y=  19.946, z= 572.168
  Detector : x=   0.000, y=  -2.000, z= 808.000
  Obj rotY :   0.0000 deg
view   0 | SOD= 572.656 mm | SDD= 809.425 mm | M= 1.413 | incident=3.4005°
[[  20.878963   -571.6815      -26.05407   ]
 [  -8.154388    235.79733      21.94593   ]
 [   0.14950994    0.00519045    0.        ]
 [   0.            0.            0.1496    ]]
Residual vector length: 27, Jacobian shape: (27, 6)
view   0 | SOD= 571.262 mm | SDD= 809.425 mm | M= 1.417 | incident=3.4005°
[[  28.461218   -569.9585      -26.038746  ]
 [ -11.404291    237.05806      21.961254  ]
 [   0.14942682    0.00719611    0.        ]
 [   0.            0.            0.1496    ]]

iter 01 cost=120.641737 -> 13.597070 |dtheta|=1.723048e+00  lambda=3.333e-05

============================================================
Iteration 2
============================================================
Theta offsets (Unity frame):
  Source   : dSx=   0.000, dSy=   0.000, dSz=   0.000  (mm)
  Object   : dOx= -12.043, dOy=   2.961, dOz= -12.348  (mm)
  Object offset: offset_x=   0.031, offset_z=   0.016  (mm)
  Detector : dDx=   0.000, dDy=   0.000, dDz=   0.000  (mm)
  Obj Stage rotY :    2.757 deg
============================================================

Unity geometry (world coordinates):
  Source   : x=   1.000, y=  46.000, z=   0.000
  Object   : x=  -0.043, y=  19.961, z= 570.652
  Detector : x=   0.000, y=  -2.000, z= 808.000
  Obj rotY :   0.0000 deg
view   0 | SOD= 571.262 mm | SDD= 809.425 mm | M= 1.417 | incident=3.4005°
[[  28.461218   -569.9585      -26.038746  ]
 [ -11.404291    237.05806      21.961254  ]
 [   0.14942682    0.00719611    0.        ]
 [   0.            0.            0.1496    ]]
Residual vector length: 27, Jacobian shape: (27, 6)
view   0 | SOD= 570.558 mm | SDD= 809.425 mm | M= 1.419 | incident=3.4005°
[[  32.36504    -569.0458      -25.99896   ]
 [ -13.100184    237.67471      22.00104   ]
 [   0.14937328    0.00823295    0.        ]
 [   0.            0.            0.1496    ]]

iter 02 cost=13.597070 -> 0.982693 |dtheta|=7.871694e-01  lambda=1.111e-05

============================================================
Iteration 3
============================================================
Theta offsets (Unity frame):
  Source   : dSx=   0.000, dSy=   0.000, dSz=   0.000  (mm)
  Object   : dOx= -12.011, dOy=   3.001, dOz= -13.025  (mm)
  Object offset: offset_x=   0.012, offset_z=  -0.011  (mm)
  Detector : dDx=   0.000, dDy=   0.000, dDz=   0.000  (mm)
  Obj Stage rotY :    3.155 deg
============================================================

Unity geometry (world coordinates):
  Source   : x=   1.000, y=  46.000, z=   0.000
  Object   : x=  -0.011, y=  20.001, z= 569.975
  Detector : x=   0.000, y=  -2.000, z= 808.000
  Obj rotY :   0.0000 deg
view   0 | SOD= 570.558 mm | SDD= 809.425 mm | M= 1.419 | incident=3.4005°
[[  32.36504    -569.0458      -25.99896   ]
 [ -13.100184    237.67471      22.00104   ]
 [   0.14937328    0.00823295    0.        ]
 [   0.            0.            0.1496    ]]
Residual vector length: 27, Jacobian shape: (27, 6)
view   0 | SOD= 570.578 mm | SDD= 809.425 mm | M= 1.419 | incident=3.4005°
[[  33.356792   -569.008       -26.000504  ]
 [ -13.511101    237.6322       21.999496  ]
 [   0.14935875    0.00849267    0.        ]
 [   0.            0.            0.1496    ]]

iter 03 cost=0.982693 -> 0.237209 |dtheta|=1.017243e-01  lambda=3.704e-06

============================================================
Iteration 4
============================================================
Theta offsets (Unity frame):
  Source   : dSx=   0.000, dSy=   0.000, dSz=   0.000  (mm)
  Object   : dOx= -12.002, dOy=   2.999, dOz= -13.020  (mm)
  Object offset: offset_x=   0.001, offset_z=   0.004  (mm)
  Detector : dDx=   0.000, dDy=   0.000, dDz=   0.000  (mm)
  Obj Stage rotY :    3.254 deg
============================================================

Unity geometry (world coordinates):
  Source   : x=   1.000, y=  46.000, z=   0.000
  Object   : x=  -0.002, y=  19.999, z= 569.980
  Detector : x=   0.000, y=  -2.000, z= 808.000
  Obj rotY :   0.0000 deg
view   0 | SOD= 570.578 mm | SDD= 809.425 mm | M= 1.419 | incident=3.4005°
[[  33.356792   -569.008       -26.000504  ]
 [ -13.511101    237.6322       21.999496  ]
 [   0.14935875    0.00849267    0.        ]
 [   0.            0.            0.1496    ]]
Residual vector length: 27, Jacobian shape: (27, 6)
view   0 | SOD= 570.479 mm | SDD= 809.425 mm | M= 1.419 | incident=3.4005°
[[  33.711964   -568.8883      -25.994013  ]
 [ -13.662875    237.72226      22.005987  ]
 [   0.14935337    0.00858654    0.        ]
 [   0.            0.            0.1496    ]]

iter 04 cost=0.237209 -> 0.139507 |dtheta|=1.014385e-01  lambda=1.235e-06

============================================================
Iteration 5
============================================================
Theta offsets (Unity frame):
  Source   : dSx=   0.000, dSy=   0.000, dSz=   0.000  (mm)
  Object   : dOx= -12.003, dOy=   3.006, dOz= -13.114  (mm)
  Object offset: offset_x=  -0.001, offset_z=  -0.000  (mm)
  Detector : dDx=   0.000, dDy=   0.000, dDz=   0.000  (mm)
  Obj Stage rotY :    3.290 deg
============================================================

Unity geometry (world coordinates):
  Source   : x=   1.000, y=  46.000, z=   0.000
  Object   : x=  -0.003, y=  20.006, z= 569.886
  Detector : x=   0.000, y=  -2.000, z= 808.000
  Obj rotY :   0.0000 deg
view   0 | SOD= 570.479 mm | SDD= 809.425 mm | M= 1.419 | incident=3.4005°
[[  33.711964   -568.8883      -25.994013  ]
 [ -13.662875    237.72226      22.005987  ]
 [   0.14935337    0.00858654    0.        ]
 [   0.            0.            0.1496    ]]
Residual vector length: 27, Jacobian shape: (27, 6)
view   0 | SOD= 570.491 mm | SDD= 809.425 mm | M= 1.419 | incident=3.4005°
[[  33.70862    -568.9002      -25.996294  ]
 [ -13.671067    237.71011      22.003706  ]
 [   0.14935333    0.00858743    0.        ]
 [   0.            0.            0.1496    ]]

iter 05 cost=0.139507 -> 0.123761 |dtheta|=1.390635e-02  lambda=1.000e-06

============================================================
Iteration 6
============================================================
Theta offsets (Unity frame):
  Source   : dSx=   0.000, dSy=   0.000, dSz=   0.000  (mm)
  Object   : dOx= -12.000, dOy=   3.004, dOz= -13.102  (mm)
  Object offset: offset_x=   0.003, offset_z=  -0.001  (mm)
  Detector : dDx=   0.000, dDy=   0.000, dDz=   0.000  (mm)
  Obj Stage rotY :    3.291 deg
============================================================

Unity geometry (world coordinates):
  Source   : x=   1.000, y=  46.000, z=   0.000
  Object   : x=  -0.000, y=  20.004, z= 569.898
  Detector : x=   0.000, y=  -2.000, z= 808.000
  Obj rotY :   0.0000 deg
view   0 | SOD= 570.491 mm | SDD= 809.425 mm | M= 1.419 | incident=3.4005°
[[  33.70862    -568.9002      -25.996294  ]
 [ -13.671067    237.71011      22.003706  ]
 [   0.14935333    0.00858743    0.        ]
 [   0.            0.            0.1496    ]]
Residual vector length: 27, Jacobian shape: (27, 6)
view   0 | SOD= 570.477 mm | SDD= 809.425 mm | M= 1.419 | incident=3.4005°
[[  33.71886    -568.8863      -25.994873  ]
 [ -13.668562    237.72353      22.005127  ]
 [   0.14935324    0.00858887    0.        ]
 [   0.            0.            0.1496    ]]

iter 06 cost=0.123761 -> 0.132230 |dtheta|=1.196823e-02  lambda=1.000e-06

============================================================
Iteration 7
============================================================
Theta offsets (Unity frame):
  Source   : dSx=   0.000, dSy=   0.000, dSz=   0.000  (mm)
  Object   : dOx= -12.000, dOy=   3.004, dOz= -13.102  (mm)
  Object offset: offset_x=   0.003, offset_z=  -0.001  (mm)
  Detector : dDx=   0.000, dDy=   0.000, dDz=   0.000  (mm)
  Obj Stage rotY :    3.291 deg
============================================================

Unity geometry (world coordinates):
  Source   : x=   1.000, y=  46.000, z=   0.000
  Object   : x=  -0.000, y=  20.004, z= 569.898
  Detector : x=   0.000, y=  -2.000, z= 808.000
  Obj rotY :   0.0000 deg
view   0 | SOD= 570.491 mm | SDD= 809.425 mm | M= 1.419 | incident=3.4005°
[[  33.70862    -568.9002      -25.996294  ]
 [ -13.671067    237.71011      22.003706  ]
 [   0.14935333    0.00858743    0.        ]
 [   0.            0.            0.1496    ]]
Residual vector length: 27, Jacobian shape: (27, 6)
view   0 | SOD= 570.477 mm | SDD= 809.425 mm | M= 1.419 | incident=3.4005°
[[  33.71886    -568.8863      -25.994873  ]
 [ -13.668562    237.72353      22.005127  ]
 [   0.14935324    0.00858887    0.        ]
 [   0.            0.            0.1496    ]]

iter 07 cost=0.123761 -> 0.132230 |dtheta|=1.196822e-02  lambda=5.000e-06

============================================================
Iteration 8
============================================================
Theta offsets (Unity frame):
  Source   : dSx=   0.000, dSy=   0.000, dSz=   0.000  (mm)
  Object   : dOx= -12.000, dOy=   3.004, dOz= -13.102  (mm)
  Object offset: offset_x=   0.003, offset_z=  -0.001  (mm)
  Detector : dDx=   0.000, dDy=   0.000, dDz=   0.000  (mm)
  Obj Stage rotY :    3.291 deg
============================================================

Unity geometry (world coordinates):
  Source   : x=   1.000, y=  46.000, z=   0.000
  Object   : x=  -0.000, y=  20.004, z= 569.898
  Detector : x=   0.000, y=  -2.000, z= 808.000
  Obj rotY :   0.0000 deg
view   0 | SOD= 570.491 mm | SDD= 809.425 mm | M= 1.419 | incident=3.4005°
[[  33.70862    -568.9002      -25.996294  ]
 [ -13.671067    237.71011      22.003706  ]
 [   0.14935333    0.00858743    0.        ]
 [   0.            0.            0.1496    ]]
Residual vector length: 27, Jacobian shape: (27, 6)
view   0 | SOD= 570.477 mm | SDD= 809.425 mm | M= 1.419 | incident=3.4005°
[[  33.71886    -568.8863      -25.994873  ]
 [ -13.668562    237.72353      22.005127  ]
 [   0.14935324    0.00858887    0.        ]
 [   0.            0.            0.1496    ]]

iter 08 cost=0.123761 -> 0.132230 |dtheta|=1.196821e-02  lambda=2.500e-05

============================================================
Iteration 9
============================================================
Theta offsets (Unity frame):
  Source   : dSx=   0.000, dSy=   0.000, dSz=   0.000  (mm)
  Object   : dOx= -12.000, dOy=   3.004, dOz= -13.102  (mm)
  Object offset: offset_x=   0.003, offset_z=  -0.001  (mm)
  Detector : dDx=   0.000, dDy=   0.000, dDz=   0.000  (mm)
  Obj Stage rotY :    3.291 deg
============================================================

Unity geometry (world coordinates):
  Source   : x=   1.000, y=  46.000, z=   0.000
  Object   : x=  -0.000, y=  20.004, z= 569.898
  Detector : x=   0.000, y=  -2.000, z= 808.000
  Obj rotY :   0.0000 deg
view   0 | SOD= 570.491 mm | SDD= 809.425 mm | M= 1.419 | incident=3.4005°
[[  33.70862    -568.9002      -25.996294  ]
 [ -13.671067    237.71011      22.003706  ]
 [   0.14935333    0.00858743    0.        ]
 [   0.            0.            0.1496    ]]
Residual vector length: 27, Jacobian shape: (27, 6)
view   0 | SOD= 570.477 mm | SDD= 809.425 mm | M= 1.419 | incident=3.4005°
[[  33.71886    -568.8863      -25.994873  ]
 [ -13.668562    237.72353      22.005127  ]
 [   0.14935324    0.00858887    0.        ]
 [   0.            0.            0.1496    ]]

iter 09 cost=0.123761 -> 0.132230 |dtheta|=1.196812e-02  lambda=1.250e-04

============================================================
Iteration 10
============================================================
Theta offsets (Unity frame):
  Source   : dSx=   0.000, dSy=   0.000, dSz=   0.000  (mm)
  Object   : dOx= -12.000, dOy=   3.004, dOz= -13.102  (mm)
  Object offset: offset_x=   0.003, offset_z=  -0.001  (mm)
  Detector : dDx=   0.000, dDy=   0.000, dDz=   0.000  (mm)
  Obj Stage rotY :    3.291 deg
============================================================

Unity geometry (world coordinates):
  Source   : x=   1.000, y=  46.000, z=   0.000
  Object   : x=  -0.000, y=  20.004, z= 569.898
  Detector : x=   0.000, y=  -2.000, z= 808.000
  Obj rotY :   0.0000 deg
view   0 | SOD= 570.491 mm | SDD= 809.425 mm | M= 1.419 | incident=3.4005°
[[  33.70862    -568.9002      -25.996294  ]
 [ -13.671067    237.71011      22.003706  ]
 [   0.14935333    0.00858743    0.        ]
 [   0.            0.            0.1496    ]]
Residual vector length: 27, Jacobian shape: (27, 6)
view   0 | SOD= 570.477 mm | SDD= 809.425 mm | M= 1.419 | incident=3.4005°
[[  33.71886    -568.8863      -25.994873  ]
 [ -13.668562    237.72353      22.005127  ]
 [   0.14935324    0.00858887    0.        ]
 [   0.            0.            0.1496    ]]

iter 10 cost=0.123761 -> 0.132230 |dtheta|=1.196769e-02  lambda=6.250e-04

============================================================
Iteration 11
============================================================
Theta offsets (Unity frame):
  Source   : dSx=   0.000, dSy=   0.000, dSz=   0.000  (mm)
  Object   : dOx= -12.000, dOy=   3.004, dOz= -13.102  (mm)
  Object offset: offset_x=   0.003, offset_z=  -0.001  (mm)
  Detector : dDx=   0.000, dDy=   0.000, dDz=   0.000  (mm)
  Obj Stage rotY :    3.291 deg
============================================================

Unity geometry (world coordinates):
  Source   : x=   1.000, y=  46.000, z=   0.000
  Object   : x=  -0.000, y=  20.004, z= 569.898
  Detector : x=   0.000, y=  -2.000, z= 808.000
  Obj rotY :   0.0000 deg
view   0 | SOD= 570.491 mm | SDD= 809.425 mm | M= 1.419 | incident=3.4005°
[[  33.70862    -568.9002      -25.996294  ]
 [ -13.671067    237.71011      22.003706  ]
 [   0.14935333    0.00858743    0.        ]
 [   0.            0.            0.1496    ]]
Residual vector length: 27, Jacobian shape: (27, 6)
view   0 | SOD= 570.477 mm | SDD= 809.425 mm | M= 1.419 | incident=3.4005°
[[  33.71886    -568.8863      -25.994873  ]
 [ -13.668562    237.72353      22.005127  ]
 [   0.14935324    0.00858887    0.        ]
 [   0.            0.            0.1496    ]]

iter 11 cost=0.123761 -> 0.132230 |dtheta|=1.196556e-02  lambda=3.125e-03

============================================================
Iteration 12
============================================================
Theta offsets (Unity frame):
  Source   : dSx=   0.000, dSy=   0.000, dSz=   0.000  (mm)
  Object   : dOx= -12.000, dOy=   3.004, dOz= -13.102  (mm)
  Object offset: offset_x=   0.003, offset_z=  -0.001  (mm)
  Detector : dDx=   0.000, dDy=   0.000, dDz=   0.000  (mm)
  Obj Stage rotY :    3.291 deg
============================================================

Unity geometry (world coordinates):
  Source   : x=   1.000, y=  46.000, z=   0.000
  Object   : x=  -0.000, y=  20.004, z= 569.898
  Detector : x=   0.000, y=  -2.000, z= 808.000
  Obj rotY :   0.0000 deg
view   0 | SOD= 570.491 mm | SDD= 809.425 mm | M= 1.419 | incident=3.4005°
[[  33.70862    -568.9002      -25.996294  ]
 [ -13.671067    237.71011      22.003706  ]
 [   0.14935333    0.00858743    0.        ]
 [   0.            0.            0.1496    ]]
Residual vector length: 27, Jacobian shape: (27, 6)
view   0 | SOD= 570.477 mm | SDD= 809.425 mm | M= 1.419 | incident=3.4005°
[[  33.718853   -568.8863      -25.994873  ]
 [ -13.66856     237.72353      22.005127  ]
 [   0.14935324    0.00858887    0.        ]
 [   0.            0.            0.1496    ]]

iter 12 cost=0.123761 -> 0.132230 |dtheta|=1.195489e-02  lambda=1.562e-02

============================================================
Iteration 13
============================================================
Theta offsets (Unity frame):
  Source   : dSx=   0.000, dSy=   0.000, dSz=   0.000  (mm)
  Object   : dOx= -12.000, dOy=   3.004, dOz= -13.102  (mm)
  Object offset: offset_x=   0.003, offset_z=  -0.001  (mm)
  Detector : dDx=   0.000, dDy=   0.000, dDz=   0.000  (mm)
  Obj Stage rotY :    3.291 deg
============================================================

Unity geometry (world coordinates):
  Source   : x=   1.000, y=  46.000, z=   0.000
  Object   : x=  -0.000, y=  20.004, z= 569.898
  Detector : x=   0.000, y=  -2.000, z= 808.000
  Obj rotY :   0.0000 deg
view   0 | SOD= 570.491 mm | SDD= 809.425 mm | M= 1.419 | incident=3.4005°
[[  33.70862    -568.9002      -25.996294  ]
 [ -13.671067    237.71011      22.003706  ]
 [   0.14935333    0.00858743    0.        ]
 [   0.            0.            0.1496    ]]
Residual vector length: 27, Jacobian shape: (27, 6)
view   0 | SOD= 570.477 mm | SDD= 809.425 mm | M= 1.419 | incident=3.4004°
[[  33.718834   -568.8864      -25.994877  ]
 [ -13.668549    237.72346      22.005123  ]
 [   0.14935324    0.00858886    0.        ]
 [   0.            0.            0.1496    ]]

iter 13 cost=0.123761 -> 0.132230 |dtheta|=1.190210e-02  lambda=7.812e-02

============================================================
Iteration 14
============================================================
Theta offsets (Unity frame):
  Source   : dSx=   0.000, dSy=   0.000, dSz=   0.000  (mm)
  Object   : dOx= -12.000, dOy=   3.004, dOz= -13.102  (mm)
  Object offset: offset_x=   0.003, offset_z=  -0.001  (mm)
  Detector : dDx=   0.000, dDy=   0.000, dDz=   0.000  (mm)
  Obj Stage rotY :    3.291 deg
============================================================

Unity geometry (world coordinates):
  Source   : x=   1.000, y=  46.000, z=   0.000
  Object   : x=  -0.000, y=  20.004, z= 569.898
  Detector : x=   0.000, y=  -2.000, z= 808.000
  Obj rotY :   0.0000 deg
view   0 | SOD= 570.491 mm | SDD= 809.425 mm | M= 1.419 | incident=3.4005°
[[  33.70862    -568.9002      -25.996294  ]
 [ -13.671067    237.71011      22.003706  ]
 [   0.14935333    0.00858743    0.        ]
 [   0.            0.            0.1496    ]]
Residual vector length: 27, Jacobian shape: (27, 6)
view   0 | SOD= 570.478 mm | SDD= 809.425 mm | M= 1.419 | incident=3.4005°
[[  33.718735   -568.8867      -25.994892  ]
 [ -13.668493    237.72316      22.005108  ]
 [   0.14935325    0.00858883    0.        ]
 [   0.            0.            0.1496    ]]

iter 14 cost=0.123761 -> 0.132230 |dtheta|=1.165064e-02  lambda=3.906e-01

============================================================
Iteration 15
============================================================
Theta offsets (Unity frame):
  Source   : dSx=   0.000, dSy=   0.000, dSz=   0.000  (mm)
  Object   : dOx= -12.000, dOy=   3.004, dOz= -13.102  (mm)
  Object offset: offset_x=   0.003, offset_z=  -0.001  (mm)
  Detector : dDx=   0.000, dDy=   0.000, dDz=   0.000  (mm)
  Obj Stage rotY :    3.291 deg
============================================================

Unity geometry (world coordinates):
  Source   : x=   1.000, y=  46.000, z=   0.000
  Object   : x=  -0.000, y=  20.004, z= 569.898
  Detector : x=   0.000, y=  -2.000, z= 808.000
  Obj rotY :   0.0000 deg
view   0 | SOD= 570.491 mm | SDD= 809.425 mm | M= 1.419 | incident=3.4005°
[[  33.70862    -568.9002      -25.996294  ]
 [ -13.671067    237.71011      22.003706  ]
 [   0.14935333    0.00858743    0.        ]
 [   0.            0.            0.1496    ]]
Residual vector length: 27, Jacobian shape: (27, 6)
view   0 | SOD= 570.479 mm | SDD= 809.425 mm | M= 1.419 | incident=3.4005°
[[  33.71837    -568.88806     -25.994959  ]
 [ -13.668285    237.72182      22.005041  ]
 [   0.14935325    0.00858873    0.        ]
 [   0.            0.            0.1496    ]]

iter 15 cost=0.123761 -> 0.132230 |dtheta|=1.064620e-02  lambda=1.953e+00

============================================================
Iteration 16
============================================================
Theta offsets (Unity frame):
  Source   : dSx=   0.000, dSy=   0.000, dSz=   0.000  (mm)
  Object   : dOx= -12.000, dOy=   3.004, dOz= -13.102  (mm)
  Object offset: offset_x=   0.003, offset_z=  -0.001  (mm)
  Detector : dDx=   0.000, dDy=   0.000, dDz=   0.000  (mm)
  Obj Stage rotY :    3.291 deg
============================================================

Unity geometry (world coordinates):
  Source   : x=   1.000, y=  46.000, z=   0.000
  Object   : x=  -0.000, y=  20.004, z= 569.898
  Detector : x=   0.000, y=  -2.000, z= 808.000
  Obj rotY :   0.0000 deg
view   0 | SOD= 570.491 mm | SDD= 809.425 mm | M= 1.419 | incident=3.4005°
[[  33.70862    -568.9002      -25.996294  ]
 [ -13.671067    237.71011      22.003706  ]
 [   0.14935333    0.00858743    0.        ]
 [   0.            0.            0.1496    ]]
Residual vector length: 27, Jacobian shape: (27, 6)
view   0 | SOD= 570.482 mm | SDD= 809.425 mm | M= 1.419 | incident=3.4004°
[[  33.71794    -568.8914      -25.995127  ]
 [ -13.668054    237.71854      22.004873  ]
 [   0.14935325    0.0085886     0.        ]
 [   0.            0.            0.1496    ]]

iter 16 cost=0.123761 -> 0.132230 |dtheta|=8.459199e-03  lambda=9.766e+00

============================================================
Iteration 17
============================================================
Theta offsets (Unity frame):
  Source   : dSx=   0.000, dSy=   0.000, dSz=   0.000  (mm)
  Object   : dOx= -12.000, dOy=   3.004, dOz= -13.102  (mm)
  Object offset: offset_x=   0.003, offset_z=  -0.001  (mm)
  Detector : dDx=   0.000, dDy=   0.000, dDz=   0.000  (mm)
  Obj Stage rotY :    3.291 deg
============================================================

Unity geometry (world coordinates):
  Source   : x=   1.000, y=  46.000, z=   0.000
  Object   : x=  -0.000, y=  20.004, z= 569.898
  Detector : x=   0.000, y=  -2.000, z= 808.000
  Obj rotY :   0.0000 deg
view   0 | SOD= 570.491 mm | SDD= 809.425 mm | M= 1.419 | incident=3.4005°
[[  33.70862    -568.9002      -25.996294  ]
 [ -13.671067    237.71011      22.003706  ]
 [   0.14935333    0.00858743    0.        ]
 [   0.            0.            0.1496    ]]
Residual vector length: 27, Jacobian shape: (27, 6)
view   0 | SOD= 570.486 mm | SDD= 809.425 mm | M= 1.419 | incident=3.4005°
[[  33.719276   -568.8948      -25.995306  ]
 [ -13.669023    237.715        22.004694  ]
 [   0.14935324    0.00858903    0.        ]
 [   0.            0.            0.1496    ]]

iter 17 cost=0.123761 -> 0.132016 |dtheta|=6.671408e-03  lambda=4.883e+01

============================================================
Iteration 18
============================================================
Theta offsets (Unity frame):
  Source   : dSx=   0.000, dSy=   0.000, dSz=   0.000  (mm)
  Object   : dOx= -12.000, dOy=   3.004, dOz= -13.102  (mm)
  Object offset: offset_x=   0.003, offset_z=  -0.001  (mm)
  Detector : dDx=   0.000, dDy=   0.000, dDz=   0.000  (mm)
  Obj Stage rotY :    3.291 deg
============================================================

Unity geometry (world coordinates):
  Source   : x=   1.000, y=  46.000, z=   0.000
  Object   : x=  -0.000, y=  20.004, z= 569.898
  Detector : x=   0.000, y=  -2.000, z= 808.000
  Obj rotY :   0.0000 deg
view   0 | SOD= 570.491 mm | SDD= 809.425 mm | M= 1.419 | incident=3.4005°
[[  33.70862    -568.9002      -25.996294  ]
 [ -13.671067    237.71011      22.003706  ]
 [   0.14935333    0.00858743    0.        ]
 [   0.            0.            0.1496    ]]
Residual vector length: 27, Jacobian shape: (27, 6)
view   0 | SOD= 570.488 mm | SDD= 809.425 mm | M= 1.419 | incident=3.4005°
[[  33.71919    -568.8972      -25.995464  ]
 [ -13.670564    237.71246      22.004536  ]
 [   0.14935322    0.0085893     0.        ]
 [   0.            0.            0.1496    ]]

iter 18 cost=0.123761 -> 0.145597 |dtheta|=4.597423e-03  lambda=2.441e+02

============================================================
Iteration 19
============================================================
Theta offsets (Unity frame):
  Source   : dSx=   0.000, dSy=   0.000, dSz=   0.000  (mm)
  Object   : dOx= -12.000, dOy=   3.004, dOz= -13.102  (mm)
  Object offset: offset_x=   0.003, offset_z=  -0.001  (mm)
  Detector : dDx=   0.000, dDy=   0.000, dDz=   0.000  (mm)
  Obj Stage rotY :    3.291 deg
============================================================

Unity geometry (world coordinates):
  Source   : x=   1.000, y=  46.000, z=   0.000
  Object   : x=  -0.000, y=  20.004, z= 569.898
  Detector : x=   0.000, y=  -2.000, z= 808.000
  Obj rotY :   0.0000 deg
view   0 | SOD= 570.491 mm | SDD= 809.425 mm | M= 1.419 | incident=3.4005°
[[  33.70862    -568.9002      -25.996294  ]
 [ -13.671067    237.71011      22.003706  ]
 [   0.14935333    0.00858743    0.        ]
 [   0.            0.            0.1496    ]]
Residual vector length: 27, Jacobian shape: (27, 6)
view   0 | SOD= 570.490 mm | SDD= 809.425 mm | M= 1.419 | incident=3.4005°
[[  33.71415    -568.8992      -25.995811  ]
 [ -13.671022    237.71078      22.004189  ]
 [   0.14935327    0.00858845    0.        ]
 [   0.            0.            0.1496    ]]

iter 19 cost=0.123761 -> 0.157071 |dtheta|=1.969959e-03  lambda=1.221e+03

============================================================
Iteration 20
============================================================
Theta offsets (Unity frame):
  Source   : dSx=   0.000, dSy=   0.000, dSz=   0.000  (mm)
  Object   : dOx= -12.000, dOy=   3.004, dOz= -13.102  (mm)
  Object offset: offset_x=   0.003, offset_z=  -0.001  (mm)
  Detector : dDx=   0.000, dDy=   0.000, dDz=   0.000  (mm)
  Obj Stage rotY :    3.291 deg
============================================================

Unity geometry (world coordinates):
  Source   : x=   1.000, y=  46.000, z=   0.000
  Object   : x=  -0.000, y=  20.004, z= 569.898
  Detector : x=   0.000, y=  -2.000, z= 808.000
  Obj rotY :   0.0000 deg
view   0 | SOD= 570.491 mm | SDD= 809.425 mm | M= 1.419 | incident=3.4005°
[[  33.70862    -568.9002      -25.996294  ]
 [ -13.671067    237.71011      22.003706  ]
 [   0.14935333    0.00858743    0.        ]
 [   0.            0.            0.1496    ]]
Residual vector length: 27, Jacobian shape: (27, 6)
view   0 | SOD= 570.490 mm | SDD= 809.425 mm | M= 1.419 | incident=3.4005°
[[  33.71021    -568.8999      -25.996143  ]
 [ -13.671064    237.7103       22.003857  ]
 [   0.14935331    0.00858773    0.        ]
 [   0.            0.            0.1496    ]]

iter 20 cost=0.123761 -> 0.128633 |dtheta|=5.292685e-04  lambda=6.104e+03

============================================================
Iteration 21
============================================================
Theta offsets (Unity frame):
  Source   : dSx=   0.000, dSy=   0.000, dSz=   0.000  (mm)
  Object   : dOx= -12.000, dOy=   3.004, dOz= -13.102  (mm)
  Object offset: offset_x=   0.003, offset_z=  -0.001  (mm)
  Detector : dDx=   0.000, dDy=   0.000, dDz=   0.000  (mm)
  Obj Stage rotY :    3.291 deg
============================================================

Unity geometry (world coordinates):
  Source   : x=   1.000, y=  46.000, z=   0.000
  Object   : x=  -0.000, y=  20.004, z= 569.898
  Detector : x=   0.000, y=  -2.000, z= 808.000
  Obj rotY :   0.0000 deg
view   0 | SOD= 570.491 mm | SDD= 809.425 mm | M= 1.419 | incident=3.4005°
[[  33.70862    -568.9002      -25.996294  ]
 [ -13.671067    237.71011      22.003706  ]
 [   0.14935333    0.00858743    0.        ]
 [   0.            0.            0.1496    ]]
Residual vector length: 27, Jacobian shape: (27, 6)
view   0 | SOD= 570.490 mm | SDD= 809.425 mm | M= 1.419 | incident=3.4005°
[[  33.708965   -568.9001      -25.99626   ]
 [ -13.671069    237.71017      22.00374   ]
 [   0.14935333    0.0085875     0.        ]
 [   0.            0.            0.1496    ]]

iter 21 cost=0.123761 -> 0.124938 |dtheta|=1.141970e-04  lambda=3.052e+04

============================================================
Iteration 22
============================================================
Theta offsets (Unity frame):
  Source   : dSx=   0.000, dSy=   0.000, dSz=   0.000  (mm)
  Object   : dOx= -12.000, dOy=   3.004, dOz= -13.102  (mm)
  Object offset: offset_x=   0.003, offset_z=  -0.001  (mm)
  Detector : dDx=   0.000, dDy=   0.000, dDz=   0.000  (mm)
  Obj Stage rotY :    3.291 deg
============================================================

Unity geometry (world coordinates):
  Source   : x=   1.000, y=  46.000, z=   0.000
  Object   : x=  -0.000, y=  20.004, z= 569.898
  Detector : x=   0.000, y=  -2.000, z= 808.000
  Obj rotY :   0.0000 deg
view   0 | SOD= 570.491 mm | SDD= 809.425 mm | M= 1.419 | incident=3.4005°
[[  33.70862    -568.9002      -25.996294  ]
 [ -13.671067    237.71011      22.003706  ]
 [   0.14935333    0.00858743    0.        ]
 [   0.            0.            0.1496    ]]
Residual vector length: 27, Jacobian shape: (27, 6)
view   0 | SOD= 570.491 mm | SDD= 809.425 mm | M= 1.419 | incident=3.4005°
[[  33.708687   -568.90015     -25.996286  ]
 [ -13.67107     237.71017      22.003714  ]
 [   0.14935333    0.00858745    0.        ]
 [   0.            0.            0.1496    ]]

iter 22 cost=0.123761 -> 0.124938 |dtheta|=2.321153e-05  lambda=1.526e+05

============================================================
Iteration 23
============================================================
Theta offsets (Unity frame):
  Source   : dSx=   0.000, dSy=   0.000, dSz=   0.000  (mm)
  Object   : dOx= -12.000, dOy=   3.004, dOz= -13.102  (mm)
  Object offset: offset_x=   0.003, offset_z=  -0.001  (mm)
  Detector : dDx=   0.000, dDy=   0.000, dDz=   0.000  (mm)
  Obj Stage rotY :    3.291 deg
============================================================

Unity geometry (world coordinates):
  Source   : x=   1.000, y=  46.000, z=   0.000
  Object   : x=  -0.000, y=  20.004, z= 569.898
  Detector : x=   0.000, y=  -2.000, z= 808.000
  Obj rotY :   0.0000 deg
view   0 | SOD= 570.491 mm | SDD= 809.425 mm | M= 1.419 | incident=3.4005°
[[  33.70862    -568.9002      -25.996294  ]
 [ -13.671067    237.71011      22.003706  ]
 [   0.14935333    0.00858743    0.        ]
 [   0.            0.            0.1496    ]]
Residual vector length: 27, Jacobian shape: (27, 6)
view   0 | SOD= 570.491 mm | SDD= 809.425 mm | M= 1.419 | incident=3.4005°
[[  33.70863    -568.9002      -25.996292  ]
 [ -13.671067    237.71011      22.003708  ]
 [   0.14935333    0.00858744    0.        ]
 [   0.            0.            0.1496    ]]

iter 23 cost=0.123761 -> 0.123761 |dtheta|=4.657538e-06  lambda=7.629e+05

============================================================
Iteration 24
============================================================
Theta offsets (Unity frame):
  Source   : dSx=   0.000, dSy=   0.000, dSz=   0.000  (mm)
  Object   : dOx= -12.000, dOy=   3.004, dOz= -13.102  (mm)
  Object offset: offset_x=   0.003, offset_z=  -0.001  (mm)
  Detector : dDx=   0.000, dDy=   0.000, dDz=   0.000  (mm)
  Obj Stage rotY :    3.291 deg
============================================================

Unity geometry (world coordinates):
  Source   : x=   1.000, y=  46.000, z=   0.000
  Object   : x=  -0.000, y=  20.004, z= 569.898
  Detector : x=   0.000, y=  -2.000, z= 808.000
  Obj rotY :   0.0000 deg
view   0 | SOD= 570.491 mm | SDD= 809.425 mm | M= 1.419 | incident=3.4005°
[[  33.70862    -568.9002      -25.996294  ]
 [ -13.671067    237.71011      22.003706  ]
 [   0.14935333    0.00858743    0.        ]
 [   0.            0.            0.1496    ]]
Residual vector length: 27, Jacobian shape: (27, 6)
view   0 | SOD= 570.491 mm | SDD= 809.425 mm | M= 1.419 | incident=3.4005°
[[  33.708626   -568.9002      -25.996292  ]
 [ -13.671067    237.71011      22.003708  ]
 [   0.14935333    0.00858744    0.        ]
 [   0.            0.            0.1496    ]]

iter 24 cost=0.123761 -> 0.123761 |dtheta|=3.554111e-06  lambda=1.000e+06

============================================================
Iteration 25
============================================================
Theta offsets (Unity frame):
  Source   : dSx=   0.000, dSy=   0.000, dSz=   0.000  (mm)
  Object   : dOx= -12.000, dOy=   3.004, dOz= -13.102  (mm)
  Object offset: offset_x=   0.003, offset_z=  -0.001  (mm)
  Detector : dDx=   0.000, dDy=   0.000, dDz=   0.000  (mm)
  Obj Stage rotY :    3.291 deg
============================================================

Unity geometry (world coordinates):
  Source   : x=   1.000, y=  46.000, z=   0.000
  Object   : x=  -0.000, y=  20.004, z= 569.898
  Detector : x=   0.000, y=  -2.000, z= 808.000
  Obj rotY :   0.0000 deg
view   0 | SOD= 570.491 mm | SDD= 809.425 mm | M= 1.419 | incident=3.4005°
[[  33.70862    -568.9002      -25.996294  ]
 [ -13.671067    237.71011      22.003706  ]
 [   0.14935333    0.00858743    0.        ]
 [   0.            0.            0.1496    ]]
Residual vector length: 27, Jacobian shape: (27, 6)
view   0 | SOD= 570.491 mm | SDD= 809.425 mm | M= 1.419 | incident=3.4005°
[[  33.708626   -568.9002      -25.996292  ]
 [ -13.671067    237.71011      22.003708  ]
 [   0.14935333    0.00858744    0.        ]
 [   0.            0.            0.1496    ]]

iter 25 cost=0.123761 -> 0.123761 |dtheta|=3.554111e-06  lambda=1.000e+06

============================================================
Iteration 26
============================================================
Theta offsets (Unity frame):
  Source   : dSx=   0.000, dSy=   0.000, dSz=   0.000  (mm)
  Object   : dOx= -12.000, dOy=   3.004, dOz= -13.102  (mm)
  Object offset: offset_x=   0.003, offset_z=  -0.001  (mm)
  Detector : dDx=   0.000, dDy=   0.000, dDz=   0.000  (mm)
  Obj Stage rotY :    3.291 deg
============================================================

Unity geometry (world coordinates):
  Source   : x=   1.000, y=  46.000, z=   0.000
  Object   : x=  -0.000, y=  20.004, z= 569.898
  Detector : x=   0.000, y=  -2.000, z= 808.000
  Obj rotY :   0.0000 deg
view   0 | SOD= 570.491 mm | SDD= 809.425 mm | M= 1.419 | incident=3.4005°
[[  33.70862    -568.9002      -25.996294  ]
 [ -13.671067    237.71011      22.003706  ]
 [   0.14935333    0.00858743    0.        ]
 [   0.            0.            0.1496    ]]
Residual vector length: 27, Jacobian shape: (27, 6)
view   0 | SOD= 570.491 mm | SDD= 809.425 mm | M= 1.419 | incident=3.4005°
[[  33.708626   -568.9002      -25.996292  ]
 [ -13.671067    237.71011      22.003708  ]
 [   0.14935333    0.00858744    0.        ]
 [   0.            0.            0.1496    ]]

iter 26 cost=0.123761 -> 0.123761 |dtheta|=3.554111e-06  lambda=1.000e+06

============================================================
Iteration 27
============================================================
Theta offsets (Unity frame):
  Source   : dSx=   0.000, dSy=   0.000, dSz=   0.000  (mm)
  Object   : dOx= -12.000, dOy=   3.004, dOz= -13.102  (mm)
  Object offset: offset_x=   0.003, offset_z=  -0.001  (mm)
  Detector : dDx=   0.000, dDy=   0.000, dDz=   0.000  (mm)
  Obj Stage rotY :    3.291 deg
============================================================

Unity geometry (world coordinates):
  Source   : x=   1.000, y=  46.000, z=   0.000
  Object   : x=  -0.000, y=  20.004, z= 569.898
  Detector : x=   0.000, y=  -2.000, z= 808.000
  Obj rotY :   0.0000 deg
view   0 | SOD= 570.491 mm | SDD= 809.425 mm | M= 1.419 | incident=3.4005°
[[  33.70862    -568.9002      -25.996294  ]
 [ -13.671067    237.71011      22.003706  ]
 [   0.14935333    0.00858743    0.        ]
 [   0.            0.            0.1496    ]]
Residual vector length: 27, Jacobian shape: (27, 6)
view   0 | SOD= 570.491 mm | SDD= 809.425 mm | M= 1.419 | incident=3.4005°
[[  33.708626   -568.9002      -25.996292  ]
 [ -13.671067    237.71011      22.003708  ]
 [   0.14935333    0.00858744    0.        ]
 [   0.            0.            0.1496    ]]

iter 27 cost=0.123761 -> 0.123761 |dtheta|=3.554111e-06  lambda=1.000e+06

============================================================
Iteration 28
============================================================
Theta offsets (Unity frame):
  Source   : dSx=   0.000, dSy=   0.000, dSz=   0.000  (mm)
  Object   : dOx= -12.000, dOy=   3.004, dOz= -13.102  (mm)
  Object offset: offset_x=   0.003, offset_z=  -0.001  (mm)
  Detector : dDx=   0.000, dDy=   0.000, dDz=   0.000  (mm)
  Obj Stage rotY :    3.291 deg
============================================================

Unity geometry (world coordinates):
  Source   : x=   1.000, y=  46.000, z=   0.000
  Object   : x=  -0.000, y=  20.004, z= 569.898
  Detector : x=   0.000, y=  -2.000, z= 808.000
  Obj rotY :   0.0000 deg
view   0 | SOD= 570.491 mm | SDD= 809.425 mm | M= 1.419 | incident=3.4005°
[[  33.70862    -568.9002      -25.996294  ]
 [ -13.671067    237.71011      22.003706  ]
 [   0.14935333    0.00858743    0.        ]
 [   0.            0.            0.1496    ]]
Residual vector length: 27, Jacobian shape: (27, 6)
view   0 | SOD= 570.491 mm | SDD= 809.425 mm | M= 1.419 | incident=3.4005°
[[  33.708626   -568.9002      -25.996292  ]
 [ -13.671067    237.71011      22.003708  ]
 [   0.14935333    0.00858744    0.        ]
 [   0.            0.            0.1496    ]]

iter 28 cost=0.123761 -> 0.123761 |dtheta|=3.554111e-06  lambda=1.000e+06

============================================================
Iteration 29
============================================================
Theta offsets (Unity frame):
  Source   : dSx=   0.000, dSy=   0.000, dSz=   0.000  (mm)
  Object   : dOx= -12.000, dOy=   3.004, dOz= -13.102  (mm)
  Object offset: offset_x=   0.003, offset_z=  -0.001  (mm)
  Detector : dDx=   0.000, dDy=   0.000, dDz=   0.000  (mm)
  Obj Stage rotY :    3.291 deg
============================================================

Unity geometry (world coordinates):
  Source   : x=   1.000, y=  46.000, z=   0.000
  Object   : x=  -0.000, y=  20.004, z= 569.898
  Detector : x=   0.000, y=  -2.000, z= 808.000
  Obj rotY :   0.0000 deg
view   0 | SOD= 570.491 mm | SDD= 809.425 mm | M= 1.419 | incident=3.4005°
[[  33.70862    -568.9002      -25.996294  ]
 [ -13.671067    237.71011      22.003706  ]
 [   0.14935333    0.00858743    0.        ]
 [   0.            0.            0.1496    ]]
Residual vector length: 27, Jacobian shape: (27, 6)
view   0 | SOD= 570.491 mm | SDD= 809.425 mm | M= 1.419 | incident=3.4005°
[[  33.708626   -568.9002      -25.996292  ]
 [ -13.671067    237.71011      22.003708  ]
 [   0.14935333    0.00858744    0.        ]
 [   0.            0.            0.1496    ]]

iter 29 cost=0.123761 -> 0.123761 |dtheta|=3.554111e-06  lambda=1.000e+06

============================================================
Iteration 30
============================================================
Theta offsets (Unity frame):
  Source   : dSx=   0.000, dSy=   0.000, dSz=   0.000  (mm)
  Object   : dOx= -12.000, dOy=   3.004, dOz= -13.102  (mm)
  Object offset: offset_x=   0.003, offset_z=  -0.001  (mm)
  Detector : dDx=   0.000, dDy=   0.000, dDz=   0.000  (mm)
  Obj Stage rotY :    3.291 deg
============================================================

Unity geometry (world coordinates):
  Source   : x=   1.000, y=  46.000, z=   0.000
  Object   : x=  -0.000, y=  20.004, z= 569.898
  Detector : x=   0.000, y=  -2.000, z= 808.000
  Obj rotY :   0.0000 deg
view   0 | SOD= 570.491 mm | SDD= 809.425 mm | M= 1.419 | incident=3.4005°
[[  33.70862    -568.9002      -25.996294  ]
 [ -13.671067    237.71011      22.003706  ]
 [   0.14935333    0.00858743    0.        ]
 [   0.            0.            0.1496    ]]
Residual vector length: 27, Jacobian shape: (27, 6)
view   0 | SOD= 570.491 mm | SDD= 809.425 mm | M= 1.419 | incident=3.4005°
[[  33.708626   -568.9002      -25.996292  ]
 [ -13.671067    237.71011      22.003708  ]
 [   0.14935333    0.00858744    0.        ]
 [   0.            0.            0.1496    ]]

iter 30 cost=0.123761 -> 0.123761 |dtheta|=3.554111e-06  lambda=1.000e+06
Stalled.

Estimated theta:
  dSx: +0.000000
  dSy: +0.000000
  dOx: -12.000051
  dOy: +3.003707
  dOz: -13.101689
  dDx: +0.000000
  dDy: +0.000000
  dDz: +0.000000
alpha: +3.290738e+00 deg)
offset_x: +0.003388
offset_z: -0.001250

Final cost table:
Fake theta: [  0.    0.  -12.    3.  -13.    0.    0.    0.    3.3   0.    0. ]
Final estimated theta: [  0.           0.         -12.00005058   3.00370675 -13.1016886
   0.           0.           0.           3.29073789   0.00338807
  -0.00124995]
Diff from Expected: [ 0.          0.         -0.00005058  0.00370675 -0.1016886   0.
  0.          0.         -0.00926206  0.00338807 -0.00124995]
################################################################################

