Phantom already exists, skipping: cuboid_phantom_3_normal.npy

################################################################################
Running cuboid=normal scenario=G1 N_ANGLES=3, K=3
view   0 | SOD= 570.551 mm | SDD= 705.315 mm | M= 1.236 | incident=3.4990°
[[  81.309204  -564.17444    -25.       ]
 [ -18.649195   132.69592     18.       ]
 [   0.1481441    0.0208203    0.       ]
 [   0.           0.           0.1496   ]]
          image          x1         y1  area1          x2          y2  area2          x3          y3  area3
0  proj_000.png  512.759305  75.099256    806  438.338008  292.280505    713  512.735589  535.090226    798
1  proj_001.png  329.609823  75.660300    733  621.635046  300.183136    759  329.624829  517.656207    733
2  proj_002.png  580.847945  75.916438    730  362.988651  303.244641    793  580.836066  511.893443    732

============================================================
Iteration 0
============================================================
Theta offsets (Unity frame):
  Source   : dSx=   0.000, dSy=   0.000, dSz=   0.000  (mm)
  Object   : dOx=   0.000, dOy=   0.000, dOz=   0.000  (mm)
  Object offset: offset_x=   0.000, offset_z=   0.000  (mm)
  Detector : dDx=   0.000, dDy=   0.000, dDz=   0.000  (mm)
  Obj Stage rotY :    0.000 deg
============================================================

Unity geometry (world coordinates):
  Source   : x=   2.000, y=  45.000, z=   0.000
  Object   : x=   6.000, y=  18.000, z= 585.000
  Detector : x=   0.000, y=   2.000, z= 704.000
  Obj rotY :   0.0000 deg
view   0 | SOD= 585.636 mm | SDD= 705.315 mm | M= 1.204 | incident=3.4990°
[[  -4.     -585.      -27.    ]
 [  -6.      119.       16.    ]
 [   0.1496    0.        0.    ]
 [   0.        0.        0.1496]]
Residual vector length: 27, Jacobian shape: (27, 6)
view   0 | SOD= 574.752 mm | SDD= 705.315 mm | M= 1.227 | incident=3.4990°
[[  38.31776    -572.9292      -24.969038  ]
 [  -6.860949    129.6225       18.030962  ]
 [   0.14931831    0.00917628    0.        ]
 [   0.            0.            0.1496    ]]

iter 00 cost=13730.985870 -> 632.197543 |dtheta|=1.312894e+01  lambda=1.000e-04

============================================================
Iteration 1
============================================================
Theta offsets (Unity frame):
  Source   : dSx=   0.000, dSy=   0.000, dSz=   0.000  (mm)
  Object   : dOx=  -6.088, dOy=   2.031, dOz= -10.853  (mm)
  Object offset: offset_x=  -1.015, offset_z=   0.053  (mm)
  Detector : dDx=   0.000, dDy=   0.000, dDz=   0.000  (mm)
  Obj Stage rotY :    3.517 deg
============================================================

Unity geometry (world coordinates):
  Source   : x=   2.000, y=  45.000, z=   0.000
  Object   : x=  -0.088, y=  20.031, z= 574.147
  Detector : x=   0.000, y=   2.000, z= 704.000
  Obj rotY :   0.0000 deg
view   0 | SOD= 574.752 mm | SDD= 705.315 mm | M= 1.227 | incident=3.4990°
[[  38.31776    -572.9292      -24.969038  ]
 [  -6.860949    129.6225       18.030962  ]
 [   0.14931831    0.00917628    0.        ]
 [   0.            0.            0.1496    ]]
Residual vector length: 27, Jacobian shape: (27, 6)
view   0 | SOD= 572.125 mm | SDD= 705.315 mm | M= 1.233 | incident=3.4990°
[[  69.81585    -567.3008      -24.96178   ]
 [ -15.837405    131.47212      18.03822   ]
 [   0.14853974    0.01777933    0.        ]
 [   0.            0.            0.1496    ]]

iter 01 cost=632.197543 -> 61.870287 |dtheta|=4.222071e+00  lambda=3.333e-05

============================================================
Iteration 2
============================================================
Theta offsets (Unity frame):
  Source   : dSx=   0.000, dSy=   0.000, dSz=   0.000  (mm)
  Object   : dOx=  -5.860, dOy=   2.038, dOz= -13.267  (mm)
  Object offset: offset_x=  -0.040, offset_z=  -0.155  (mm)
  Detector : dDx=   0.000, dDy=   0.000, dDz=   0.000  (mm)
  Obj Stage rotY :    6.825 deg
============================================================

Unity geometry (world coordinates):
  Source   : x=   2.000, y=  45.000, z=   0.000
  Object   : x=   0.140, y=  20.038, z= 571.733
  Detector : x=   0.000, y=   2.000, z= 704.000
  Obj rotY :   0.0000 deg
view   0 | SOD= 572.125 mm | SDD= 705.315 mm | M= 1.233 | incident=3.4990°
[[  69.81585    -567.3008      -24.96178   ]
 [ -15.837405    131.47212      18.03822   ]
 [   0.14853974    0.01777933    0.        ]
 [   0.            0.            0.1496    ]]
Residual vector length: 27, Jacobian shape: (27, 6)
view   0 | SOD= 570.682 mm | SDD= 705.315 mm | M= 1.236 | incident=3.4990°
[[  80.65487    -564.3979      -25.056002  ]
 [ -18.565882    132.5779       17.943998  ]
 [   0.14816606    0.02066348    0.        ]
 [   0.            0.            0.1496    ]]

iter 02 cost=61.870287 -> 5.711475 |dtheta|=2.041848e+00  lambda=1.111e-05

============================================================
Iteration 3
============================================================
Theta offsets (Unity frame):
  Source   : dSx=   0.000, dSy=   0.000, dSz=   0.000  (mm)
  Object   : dOx=  -5.889, dOy=   1.944, dOz= -14.959  (mm)
  Object offset: offset_x=  -0.035, offset_z=   0.087  (mm)
  Detector : dDx=   0.000, dDy=   0.000, dDz=   0.000  (mm)
  Obj Stage rotY :    7.939 deg
============================================================

Unity geometry (world coordinates):
  Source   : x=   2.000, y=  45.000, z=   0.000
  Object   : x=   0.111, y=  19.944, z= 570.041
  Detector : x=   0.000, y=   2.000, z= 704.000
  Obj rotY :   0.0000 deg
view   0 | SOD= 570.682 mm | SDD= 705.315 mm | M= 1.236 | incident=3.4990°
[[  80.65487    -564.3979      -25.056002  ]
 [ -18.565882    132.5779       17.943998  ]
 [   0.14816606    0.02066348    0.        ]
 [   0.            0.            0.1496    ]]
Residual vector length: 27, Jacobian shape: (27, 6)
view   0 | SOD= 570.575 mm | SDD= 705.315 mm | M= 1.236 | incident=3.4990°
[[  80.91773    -564.2543      -24.999937  ]
 [ -18.547272    132.68672      18.000063  ]
 [   0.1481588     0.02071541    0.        ]
 [   0.            0.            0.1496    ]]

iter 03 cost=5.711475 -> 0.166542 |dtheta|=1.515684e-01  lambda=3.704e-06

============================================================
Iteration 4
============================================================
Theta offsets (Unity frame):
  Source   : dSx=   0.000, dSy=   0.000, dSz=   0.000  (mm)
  Object   : dOx=  -5.999, dOy=   2.000, dOz= -14.991  (mm)
  Object offset: offset_x=  -0.005, offset_z=   0.014  (mm)
  Detector : dDx=   0.000, dDy=   0.000, dDz=   0.000  (mm)
  Obj Stage rotY :    7.959 deg
============================================================

Unity geometry (world coordinates):
  Source   : x=   2.000, y=  45.000, z=   0.000
  Object   : x=   0.001, y=  20.000, z= 570.009
  Detector : x=   0.000, y=   2.000, z= 704.000
  Obj rotY :   0.0000 deg
view   0 | SOD= 570.575 mm | SDD= 705.315 mm | M= 1.236 | incident=3.4990°
[[  80.91773    -564.2543      -24.999937  ]
 [ -18.547272    132.68672      18.000063  ]
 [   0.1481588     0.02071541    0.        ]
 [   0.            0.            0.1496    ]]
Residual vector length: 27, Jacobian shape: (27, 6)
view   0 | SOD= 570.522 mm | SDD= 705.315 mm | M= 1.236 | incident=3.4990°
[[  81.45986    -564.123       -24.998827  ]
 [ -18.694054    132.71931      18.001173  ]
 [   0.14813825    0.02086186    0.        ]
 [   0.            0.            0.1496    ]]

iter 04 cost=0.166542 -> 0.059301 |dtheta|=7.153095e-02  lambda=1.235e-06

============================================================
Iteration 5
============================================================
Theta offsets (Unity frame):
  Source   : dSx=   0.000, dSy=   0.000, dSz=   0.000  (mm)
  Object   : dOx=  -6.004, dOy=   2.001, dOz= -15.030  (mm)
  Object offset: offset_x=   0.007, offset_z=   0.001  (mm)
  Detector : dDx=   0.000, dDy=   0.000, dDz=   0.000  (mm)
  Obj Stage rotY :    8.016 deg
============================================================

Unity geometry (world coordinates):
  Source   : x=   2.000, y=  45.000, z=   0.000
  Object   : x=  -0.004, y=  20.001, z= 569.970
  Detector : x=   0.000, y=   2.000, z= 704.000
  Obj rotY :   0.0000 deg
view   0 | SOD= 570.522 mm | SDD= 705.315 mm | M= 1.236 | incident=3.4990°
[[  81.45986    -564.123       -24.998827  ]
 [ -18.694054    132.71931      18.001173  ]
 [   0.14813825    0.02086186    0.        ]
 [   0.            0.            0.1496    ]]
Residual vector length: 27, Jacobian shape: (27, 6)
view   0 | SOD= 570.505 mm | SDD= 705.315 mm | M= 1.236 | incident=3.4990°
[[  81.30561    -564.12775     -24.998241  ]
 [ -18.652138    132.74272      18.001759  ]
 [   0.14814413    0.02082016    0.        ]
 [   0.            0.            0.1496    ]]

iter 05 cost=0.059301 -> 0.042538 |dtheta|=2.683024e-02  lambda=1.000e-06

============================================================
Iteration 6
============================================================
Theta offsets (Unity frame):
  Source   : dSx=   0.000, dSy=   0.000, dSz=   0.000  (mm)
  Object   : dOx=  -6.002, dOy=   2.002, dOz= -15.050  (mm)
  Object offset: offset_x=  -0.001, offset_z=   0.003  (mm)
  Detector : dDx=   0.000, dDy=   0.000, dDz=   0.000  (mm)
  Obj Stage rotY :    8.000 deg
============================================================

Unity geometry (world coordinates):
  Source   : x=   2.000, y=  45.000, z=   0.000
  Object   : x=  -0.002, y=  20.002, z= 569.950
  Detector : x=   0.000, y=   2.000, z= 704.000
  Obj rotY :   0.0000 deg
view   0 | SOD= 570.505 mm | SDD= 705.315 mm | M= 1.236 | incident=3.4990°
[[  81.30561    -564.12775     -24.998241  ]
 [ -18.652138    132.74272      18.001759  ]
 [   0.14814413    0.02082016    0.        ]
 [   0.            0.            0.1496    ]]
Residual vector length: 27, Jacobian shape: (27, 6)
view   0 | SOD= 570.530 mm | SDD= 705.315 mm | M= 1.236 | incident=3.4990°
[[  81.32404    -564.151       -24.998259  ]
 [ -18.652054    132.71684      18.001741  ]
 [   0.14814357    0.02082406    0.        ]
 [   0.            0.            0.1496    ]]

iter 06 cost=0.042538 -> 0.045812 |dtheta|=2.544200e-02  lambda=1.000e-06

============================================================
Iteration 7
============================================================
Theta offsets (Unity frame):
  Source   : dSx=   0.000, dSy=   0.000, dSz=   0.000  (mm)
  Object   : dOx=  -6.002, dOy=   2.002, dOz= -15.050  (mm)
  Object offset: offset_x=  -0.001, offset_z=   0.003  (mm)
  Detector : dDx=   0.000, dDy=   0.000, dDz=   0.000  (mm)
  Obj Stage rotY :    8.000 deg
============================================================

Unity geometry (world coordinates):
  Source   : x=   2.000, y=  45.000, z=   0.000
  Object   : x=  -0.002, y=  20.002, z= 569.950
  Detector : x=   0.000, y=   2.000, z= 704.000
  Obj rotY :   0.0000 deg
view   0 | SOD= 570.505 mm | SDD= 705.315 mm | M= 1.236 | incident=3.4990°
[[  81.30561    -564.12775     -24.998241  ]
 [ -18.652138    132.74272      18.001759  ]
 [   0.14814413    0.02082016    0.        ]
 [   0.            0.            0.1496    ]]
Residual vector length: 27, Jacobian shape: (27, 6)
view   0 | SOD= 570.530 mm | SDD= 705.315 mm | M= 1.236 | incident=3.4990°
[[  81.32404    -564.151       -24.998259  ]
 [ -18.652054    132.71684      18.001741  ]
 [   0.14814357    0.02082406    0.        ]
 [   0.            0.            0.1496    ]]

iter 07 cost=0.042538 -> 0.045812 |dtheta|=2.544198e-02  lambda=5.000e-06

============================================================
Iteration 8
============================================================
Theta offsets (Unity frame):
  Source   : dSx=   0.000, dSy=   0.000, dSz=   0.000  (mm)
  Object   : dOx=  -6.002, dOy=   2.002, dOz= -15.050  (mm)
  Object offset: offset_x=  -0.001, offset_z=   0.003  (mm)
  Detector : dDx=   0.000, dDy=   0.000, dDz=   0.000  (mm)
  Obj Stage rotY :    8.000 deg
============================================================

Unity geometry (world coordinates):
  Source   : x=   2.000, y=  45.000, z=   0.000
  Object   : x=  -0.002, y=  20.002, z= 569.950
  Detector : x=   0.000, y=   2.000, z= 704.000
  Obj rotY :   0.0000 deg
view   0 | SOD= 570.505 mm | SDD= 705.315 mm | M= 1.236 | incident=3.4990°
[[  81.30561    -564.12775     -24.998241  ]
 [ -18.652138    132.74272      18.001759  ]
 [   0.14814413    0.02082016    0.        ]
 [   0.            0.            0.1496    ]]
Residual vector length: 27, Jacobian shape: (27, 6)
view   0 | SOD= 570.530 mm | SDD= 705.315 mm | M= 1.236 | incident=3.4990°
[[  81.32404    -564.151       -24.998259  ]
 [ -18.652054    132.71684      18.001741  ]
 [   0.14814357    0.02082406    0.        ]
 [   0.            0.            0.1496    ]]

iter 08 cost=0.042538 -> 0.045812 |dtheta|=2.544187e-02  lambda=2.500e-05

============================================================
Iteration 9
============================================================
Theta offsets (Unity frame):
  Source   : dSx=   0.000, dSy=   0.000, dSz=   0.000  (mm)
  Object   : dOx=  -6.002, dOy=   2.002, dOz= -15.050  (mm)
  Object offset: offset_x=  -0.001, offset_z=   0.003  (mm)
  Detector : dDx=   0.000, dDy=   0.000, dDz=   0.000  (mm)
  Obj Stage rotY :    8.000 deg
============================================================

Unity geometry (world coordinates):
  Source   : x=   2.000, y=  45.000, z=   0.000
  Object   : x=  -0.002, y=  20.002, z= 569.950
  Detector : x=   0.000, y=   2.000, z= 704.000
  Obj rotY :   0.0000 deg
view   0 | SOD= 570.505 mm | SDD= 705.315 mm | M= 1.236 | incident=3.4990°
[[  81.30561    -564.12775     -24.998241  ]
 [ -18.652138    132.74272      18.001759  ]
 [   0.14814413    0.02082016    0.        ]
 [   0.            0.            0.1496    ]]
Residual vector length: 27, Jacobian shape: (27, 6)
view   0 | SOD= 570.530 mm | SDD= 705.315 mm | M= 1.236 | incident=3.4990°
[[  81.32404    -564.151       -24.998259  ]
 [ -18.652054    132.71684      18.001741  ]
 [   0.14814357    0.02082406    0.        ]
 [   0.            0.            0.1496    ]]

iter 09 cost=0.042538 -> 0.045812 |dtheta|=2.544134e-02  lambda=1.250e-04

============================================================
Iteration 10
============================================================
Theta offsets (Unity frame):
  Source   : dSx=   0.000, dSy=   0.000, dSz=   0.000  (mm)
  Object   : dOx=  -6.002, dOy=   2.002, dOz= -15.050  (mm)
  Object offset: offset_x=  -0.001, offset_z=   0.003  (mm)
  Detector : dDx=   0.000, dDy=   0.000, dDz=   0.000  (mm)
  Obj Stage rotY :    8.000 deg
============================================================

Unity geometry (world coordinates):
  Source   : x=   2.000, y=  45.000, z=   0.000
  Object   : x=  -0.002, y=  20.002, z= 569.950
  Detector : x=   0.000, y=   2.000, z= 704.000
  Obj rotY :   0.0000 deg
view   0 | SOD= 570.505 mm | SDD= 705.315 mm | M= 1.236 | incident=3.4990°
[[  81.30561    -564.12775     -24.998241  ]
 [ -18.652138    132.74272      18.001759  ]
 [   0.14814413    0.02082016    0.        ]
 [   0.            0.            0.1496    ]]
Residual vector length: 27, Jacobian shape: (27, 6)
view   0 | SOD= 570.530 mm | SDD= 705.315 mm | M= 1.236 | incident=3.4990°
[[  81.32404    -564.151       -24.998259  ]
 [ -18.652052    132.71684      18.001741  ]
 [   0.14814357    0.02082406    0.        ]
 [   0.            0.            0.1496    ]]

iter 10 cost=0.042538 -> 0.045812 |dtheta|=2.543870e-02  lambda=6.250e-04

============================================================
Iteration 11
============================================================
Theta offsets (Unity frame):
  Source   : dSx=   0.000, dSy=   0.000, dSz=   0.000  (mm)
  Object   : dOx=  -6.002, dOy=   2.002, dOz= -15.050  (mm)
  Object offset: offset_x=  -0.001, offset_z=   0.003  (mm)
  Detector : dDx=   0.000, dDy=   0.000, dDz=   0.000  (mm)
  Obj Stage rotY :    8.000 deg
============================================================

Unity geometry (world coordinates):
  Source   : x=   2.000, y=  45.000, z=   0.000
  Object   : x=  -0.002, y=  20.002, z= 569.950
  Detector : x=   0.000, y=   2.000, z= 704.000
  Obj rotY :   0.0000 deg
view   0 | SOD= 570.505 mm | SDD= 705.315 mm | M= 1.236 | incident=3.4990°
[[  81.30561    -564.12775     -24.998241  ]
 [ -18.652138    132.74272      18.001759  ]
 [   0.14814413    0.02082016    0.        ]
 [   0.            0.            0.1496    ]]
Residual vector length: 27, Jacobian shape: (27, 6)
view   0 | SOD= 570.530 mm | SDD= 705.315 mm | M= 1.236 | incident=3.4990°
[[  81.324036   -564.151       -24.998257  ]
 [ -18.652052    132.71684      18.001743  ]
 [   0.14814357    0.02082406    0.        ]
 [   0.            0.            0.1496    ]]

iter 11 cost=0.042538 -> 0.045812 |dtheta|=2.542548e-02  lambda=3.125e-03

============================================================
Iteration 12
============================================================
Theta offsets (Unity frame):
  Source   : dSx=   0.000, dSy=   0.000, dSz=   0.000  (mm)
  Object   : dOx=  -6.002, dOy=   2.002, dOz= -15.050  (mm)
  Object offset: offset_x=  -0.001, offset_z=   0.003  (mm)
  Detector : dDx=   0.000, dDy=   0.000, dDz=   0.000  (mm)
  Obj Stage rotY :    8.000 deg
============================================================

Unity geometry (world coordinates):
  Source   : x=   2.000, y=  45.000, z=   0.000
  Object   : x=  -0.002, y=  20.002, z= 569.950
  Detector : x=   0.000, y=   2.000, z= 704.000
  Obj rotY :   0.0000 deg
view   0 | SOD= 570.505 mm | SDD= 705.315 mm | M= 1.236 | incident=3.4990°
[[  81.30561    -564.12775     -24.998241  ]
 [ -18.652138    132.74272      18.001759  ]
 [   0.14814413    0.02082016    0.        ]
 [   0.            0.            0.1496    ]]
Residual vector length: 27, Jacobian shape: (27, 6)
view   0 | SOD= 570.530 mm | SDD= 705.315 mm | M= 1.236 | incident=3.4990°
[[  81.324005   -564.15094     -24.998255  ]
 [ -18.652056    132.7169       18.001745  ]
 [   0.14814357    0.02082405    0.        ]
 [   0.            0.            0.1496    ]]

iter 12 cost=0.042538 -> 0.045812 |dtheta|=2.535959e-02  lambda=1.562e-02

============================================================
Iteration 13
============================================================
Theta offsets (Unity frame):
  Source   : dSx=   0.000, dSy=   0.000, dSz=   0.000  (mm)
  Object   : dOx=  -6.002, dOy=   2.002, dOz= -15.050  (mm)
  Object offset: offset_x=  -0.001, offset_z=   0.003  (mm)
  Detector : dDx=   0.000, dDy=   0.000, dDz=   0.000  (mm)
  Obj Stage rotY :    8.000 deg
============================================================

Unity geometry (world coordinates):
  Source   : x=   2.000, y=  45.000, z=   0.000
  Object   : x=  -0.002, y=  20.002, z= 569.950
  Detector : x=   0.000, y=   2.000, z= 704.000
  Obj rotY :   0.0000 deg
view   0 | SOD= 570.505 mm | SDD= 705.315 mm | M= 1.236 | incident=3.4990°
[[  81.30561    -564.12775     -24.998241  ]
 [ -18.652138    132.74272      18.001759  ]
 [   0.14814413    0.02082016    0.        ]
 [   0.            0.            0.1496    ]]
Residual vector length: 27, Jacobian shape: (27, 6)
view   0 | SOD= 570.530 mm | SDD= 705.315 mm | M= 1.236 | incident=3.4990°
[[  81.32384    -564.15063     -24.998241  ]
 [ -18.652073    132.71721      18.001759  ]
 [   0.14814357    0.02082402    0.        ]
 [   0.            0.            0.1496    ]]

iter 13 cost=0.042538 -> 0.045812 |dtheta|=2.503524e-02  lambda=7.812e-02

============================================================
Iteration 14
============================================================
Theta offsets (Unity frame):
  Source   : dSx=   0.000, dSy=   0.000, dSz=   0.000  (mm)
  Object   : dOx=  -6.002, dOy=   2.002, dOz= -15.050  (mm)
  Object offset: offset_x=  -0.001, offset_z=   0.003  (mm)
  Detector : dDx=   0.000, dDy=   0.000, dDz=   0.000  (mm)
  Obj Stage rotY :    8.000 deg
============================================================

Unity geometry (world coordinates):
  Source   : x=   2.000, y=  45.000, z=   0.000
  Object   : x=  -0.002, y=  20.002, z= 569.950
  Detector : x=   0.000, y=   2.000, z= 704.000
  Obj rotY :   0.0000 deg
view   0 | SOD= 570.505 mm | SDD= 705.315 mm | M= 1.236 | incident=3.4990°
[[  81.30561    -564.12775     -24.998241  ]
 [ -18.652138    132.74272      18.001759  ]
 [   0.14814413    0.02082016    0.        ]
 [   0.            0.            0.1496    ]]
Residual vector length: 27, Jacobian shape: (27, 6)
view   0 | SOD= 570.528 mm | SDD= 705.315 mm | M= 1.236 | incident=3.4990°
[[  81.32303    -564.14923     -24.998182  ]
 [ -18.652174    132.71873      18.001818  ]
 [   0.1481436     0.02082387    0.        ]
 [   0.            0.            0.1496    ]]

iter 14 cost=0.042538 -> 0.045812 |dtheta|=2.353086e-02  lambda=3.906e-01

============================================================
Iteration 15
============================================================
Theta offsets (Unity frame):
  Source   : dSx=   0.000, dSy=   0.000, dSz=   0.000  (mm)
  Object   : dOx=  -6.002, dOy=   2.002, dOz= -15.050  (mm)
  Object offset: offset_x=  -0.001, offset_z=   0.003  (mm)
  Detector : dDx=   0.000, dDy=   0.000, dDz=   0.000  (mm)
  Obj Stage rotY :    8.000 deg
============================================================

Unity geometry (world coordinates):
  Source   : x=   2.000, y=  45.000, z=   0.000
  Object   : x=  -0.002, y=  20.002, z= 569.950
  Detector : x=   0.000, y=   2.000, z= 704.000
  Obj rotY :   0.0000 deg
view   0 | SOD= 570.505 mm | SDD= 705.315 mm | M= 1.236 | incident=3.4990°
[[  81.30561    -564.12775     -24.998241  ]
 [ -18.652138    132.74272      18.001759  ]
 [   0.14814413    0.02082016    0.        ]
 [   0.            0.            0.1496    ]]
Residual vector length: 27, Jacobian shape: (27, 6)
view   0 | SOD= 570.523 mm | SDD= 705.315 mm | M= 1.236 | incident=3.4990°
[[  81.32011    -564.144       -24.997967  ]
 [ -18.652546    132.72435      18.002033  ]
 [   0.14814368    0.02082333    0.        ]
 [   0.            0.            0.1496    ]]

iter 15 cost=0.042538 -> 0.045706 |dtheta|=1.810084e-02  lambda=1.953e+00

============================================================
Iteration 16
============================================================
Theta offsets (Unity frame):
  Source   : dSx=   0.000, dSy=   0.000, dSz=   0.000  (mm)
  Object   : dOx=  -6.002, dOy=   2.002, dOz= -15.050  (mm)
  Object offset: offset_x=  -0.001, offset_z=   0.003  (mm)
  Detector : dDx=   0.000, dDy=   0.000, dDz=   0.000  (mm)
  Obj Stage rotY :    8.000 deg
============================================================

Unity geometry (world coordinates):
  Source   : x=   2.000, y=  45.000, z=   0.000
  Object   : x=  -0.002, y=  20.002, z= 569.950
  Detector : x=   0.000, y=   2.000, z= 704.000
  Obj rotY :   0.0000 deg
view   0 | SOD= 570.505 mm | SDD= 705.315 mm | M= 1.236 | incident=3.4990°
[[  81.30561    -564.12775     -24.998241  ]
 [ -18.652138    132.74272      18.001759  ]
 [   0.14814413    0.02082016    0.        ]
 [   0.            0.            0.1496    ]]
Residual vector length: 27, Jacobian shape: (27, 6)
view   0 | SOD= 570.513 mm | SDD= 705.315 mm | M= 1.236 | incident=3.4990°
[[  81.31483    -564.13477     -24.997593  ]
 [ -18.653168    132.73425      18.002407  ]
 [   0.14814381    0.02082234    0.        ]
 [   0.            0.            0.1496    ]]

iter 16 cost=0.042538 -> 0.047160 |dtheta|=8.457390e-03  lambda=9.766e+00

============================================================
Iteration 17
============================================================
Theta offsets (Unity frame):
  Source   : dSx=   0.000, dSy=   0.000, dSz=   0.000  (mm)
  Object   : dOx=  -6.002, dOy=   2.002, dOz= -15.050  (mm)
  Object offset: offset_x=  -0.001, offset_z=   0.003  (mm)
  Detector : dDx=   0.000, dDy=   0.000, dDz=   0.000  (mm)
  Obj Stage rotY :    8.000 deg
============================================================

Unity geometry (world coordinates):
  Source   : x=   2.000, y=  45.000, z=   0.000
  Object   : x=  -0.002, y=  20.002, z= 569.950
  Detector : x=   0.000, y=   2.000, z= 704.000
  Obj rotY :   0.0000 deg
view   0 | SOD= 570.505 mm | SDD= 705.315 mm | M= 1.236 | incident=3.4990°
[[  81.30561    -564.12775     -24.998241  ]
 [ -18.652138    132.74272      18.001759  ]
 [   0.14814413    0.02082016    0.        ]
 [   0.            0.            0.1496    ]]
Residual vector length: 27, Jacobian shape: (27, 6)
view   0 | SOD= 570.507 mm | SDD= 705.315 mm | M= 1.236 | incident=3.4990°
[[  81.31099    -564.12897     -24.997406  ]
 [ -18.65342     132.74057      18.002594  ]
 [   0.14814392    0.02082157    0.        ]
 [   0.            0.            0.1496    ]]

iter 17 cost=0.042538 -> 0.050936 |dtheta|=2.536236e-03  lambda=4.883e+01

============================================================
Iteration 18
============================================================
Theta offsets (Unity frame):
  Source   : dSx=   0.000, dSy=   0.000, dSz=   0.000  (mm)
  Object   : dOx=  -6.002, dOy=   2.002, dOz= -15.050  (mm)
  Object offset: offset_x=  -0.001, offset_z=   0.003  (mm)
  Detector : dDx=   0.000, dDy=   0.000, dDz=   0.000  (mm)
  Obj Stage rotY :    8.000 deg
============================================================

Unity geometry (world coordinates):
  Source   : x=   2.000, y=  45.000, z=   0.000
  Object   : x=  -0.002, y=  20.002, z= 569.950
  Detector : x=   0.000, y=   2.000, z= 704.000
  Obj rotY :   0.0000 deg
view   0 | SOD= 570.505 mm | SDD= 705.315 mm | M= 1.236 | incident=3.4990°
[[  81.30561    -564.12775     -24.998241  ]
 [ -18.652138    132.74272      18.001759  ]
 [   0.14814413    0.02082016    0.        ]
 [   0.            0.            0.1496    ]]
Residual vector length: 27, Jacobian shape: (27, 6)
view   0 | SOD= 570.505 mm | SDD= 705.315 mm | M= 1.236 | incident=3.4990°
[[  81.30842    -564.12756     -24.997538  ]
 [ -18.653044    132.74234      18.002462  ]
 [   0.148144      0.02082095    0.        ]
 [   0.            0.            0.1496    ]]

iter 18 cost=0.042538 -> 0.050936 |dtheta|=9.853469e-04  lambda=2.441e+02

============================================================
Iteration 19
============================================================
Theta offsets (Unity frame):
  Source   : dSx=   0.000, dSy=   0.000, dSz=   0.000  (mm)
  Object   : dOx=  -6.002, dOy=   2.002, dOz= -15.050  (mm)
  Object offset: offset_x=  -0.001, offset_z=   0.003  (mm)
  Detector : dDx=   0.000, dDy=   0.000, dDz=   0.000  (mm)
  Obj Stage rotY :    8.000 deg
============================================================

Unity geometry (world coordinates):
  Source   : x=   2.000, y=  45.000, z=   0.000
  Object   : x=  -0.002, y=  20.002, z= 569.950
  Detector : x=   0.000, y=   2.000, z= 704.000
  Obj rotY :   0.0000 deg
view   0 | SOD= 570.505 mm | SDD= 705.315 mm | M= 1.236 | incident=3.4990°
[[  81.30561    -564.12775     -24.998241  ]
 [ -18.652138    132.74272      18.001759  ]
 [   0.14814413    0.02082016    0.        ]
 [   0.            0.            0.1496    ]]
Residual vector length: 27, Jacobian shape: (27, 6)
view   0 | SOD= 570.505 mm | SDD= 705.315 mm | M= 1.236 | incident=3.4990°
[[  81.30648    -564.12756     -24.997902  ]
 [ -18.652493    132.74274      18.002098  ]
 [   0.14814408    0.02082042    0.        ]
 [   0.            0.            0.1496    ]]

iter 19 cost=0.042538 -> 0.047944 |dtheta|=4.156957e-04  lambda=1.221e+03

============================================================
Iteration 20
============================================================
Theta offsets (Unity frame):
  Source   : dSx=   0.000, dSy=   0.000, dSz=   0.000  (mm)
  Object   : dOx=  -6.002, dOy=   2.002, dOz= -15.050  (mm)
  Object offset: offset_x=  -0.001, offset_z=   0.003  (mm)
  Detector : dDx=   0.000, dDy=   0.000, dDz=   0.000  (mm)
  Obj Stage rotY :    8.000 deg
============================================================

Unity geometry (world coordinates):
  Source   : x=   2.000, y=  45.000, z=   0.000
  Object   : x=  -0.002, y=  20.002, z= 569.950
  Detector : x=   0.000, y=   2.000, z= 704.000
  Obj rotY :   0.0000 deg
view   0 | SOD= 570.505 mm | SDD= 705.315 mm | M= 1.236 | incident=3.4990°
[[  81.30561    -564.12775     -24.998241  ]
 [ -18.652138    132.74272      18.001759  ]
 [   0.14814413    0.02082016    0.        ]
 [   0.            0.            0.1496    ]]
Residual vector length: 27, Jacobian shape: (27, 6)
view   0 | SOD= 570.505 mm | SDD= 705.315 mm | M= 1.236 | incident=3.4990°
[[  81.3058     -564.12775     -24.998146  ]
 [ -18.652224    132.7427       18.001854  ]
 [   0.14814411    0.02082022    0.        ]
 [   0.            0.            0.1496    ]]

iter 20 cost=0.042538 -> 0.047802 |dtheta|=1.144640e-04  lambda=6.104e+03

============================================================
Iteration 21
============================================================
Theta offsets (Unity frame):
  Source   : dSx=   0.000, dSy=   0.000, dSz=   0.000  (mm)
  Object   : dOx=  -6.002, dOy=   2.002, dOz= -15.050  (mm)
  Object offset: offset_x=  -0.001, offset_z=   0.003  (mm)
  Detector : dDx=   0.000, dDy=   0.000, dDz=   0.000  (mm)
  Obj Stage rotY :    8.000 deg
============================================================

Unity geometry (world coordinates):
  Source   : x=   2.000, y=  45.000, z=   0.000
  Object   : x=  -0.002, y=  20.002, z= 569.950
  Detector : x=   0.000, y=   2.000, z= 704.000
  Obj rotY :   0.0000 deg
view   0 | SOD= 570.505 mm | SDD= 705.315 mm | M= 1.236 | incident=3.4990°
[[  81.30561    -564.12775     -24.998241  ]
 [ -18.652138    132.74272      18.001759  ]
 [   0.14814413    0.02082016    0.        ]
 [   0.            0.            0.1496    ]]
Residual vector length: 27, Jacobian shape: (27, 6)
view   0 | SOD= 570.505 mm | SDD= 705.315 mm | M= 1.236 | incident=3.4990°
[[  81.30564    -564.1277      -24.99822   ]
 [ -18.652164    132.74278      18.00178   ]
 [   0.14814413    0.02082017    0.        ]
 [   0.            0.            0.1496    ]]

iter 21 cost=0.042538 -> 0.043480 |dtheta|=2.485582e-05  lambda=3.052e+04

============================================================
Iteration 22
============================================================
Theta offsets (Unity frame):
  Source   : dSx=   0.000, dSy=   0.000, dSz=   0.000  (mm)
  Object   : dOx=  -6.002, dOy=   2.002, dOz= -15.050  (mm)
  Object offset: offset_x=  -0.001, offset_z=   0.003  (mm)
  Detector : dDx=   0.000, dDy=   0.000, dDz=   0.000  (mm)
  Obj Stage rotY :    8.000 deg
============================================================

Unity geometry (world coordinates):
  Source   : x=   2.000, y=  45.000, z=   0.000
  Object   : x=  -0.002, y=  20.002, z= 569.950
  Detector : x=   0.000, y=   2.000, z= 704.000
  Obj rotY :   0.0000 deg
view   0 | SOD= 570.505 mm | SDD= 705.315 mm | M= 1.236 | incident=3.4990°
[[  81.30561    -564.12775     -24.998241  ]
 [ -18.652138    132.74272      18.001759  ]
 [   0.14814413    0.02082016    0.        ]
 [   0.            0.            0.1496    ]]
Residual vector length: 27, Jacobian shape: (27, 6)
view   0 | SOD= 570.505 mm | SDD= 705.315 mm | M= 1.236 | incident=3.4990°
[[  81.30561    -564.1277      -24.998238  ]
 [ -18.652151    132.74278      18.001762  ]
 [   0.14814413    0.02082016    0.        ]
 [   0.            0.            0.1496    ]]

iter 22 cost=0.042538 -> 0.042538 |dtheta|=5.058879e-06  lambda=1.526e+05

============================================================
Iteration 23
============================================================
Theta offsets (Unity frame):
  Source   : dSx=   0.000, dSy=   0.000, dSz=   0.000  (mm)
  Object   : dOx=  -6.002, dOy=   2.002, dOz= -15.050  (mm)
  Object offset: offset_x=  -0.001, offset_z=   0.003  (mm)
  Detector : dDx=   0.000, dDy=   0.000, dDz=   0.000  (mm)
  Obj Stage rotY :    8.000 deg
============================================================

Unity geometry (world coordinates):
  Source   : x=   2.000, y=  45.000, z=   0.000
  Object   : x=  -0.002, y=  20.002, z= 569.950
  Detector : x=   0.000, y=   2.000, z= 704.000
  Obj rotY :   0.0000 deg
view   0 | SOD= 570.505 mm | SDD= 705.315 mm | M= 1.236 | incident=3.4990°
[[  81.30561    -564.12775     -24.998241  ]
 [ -18.652138    132.74272      18.001759  ]
 [   0.14814413    0.02082016    0.        ]
 [   0.            0.            0.1496    ]]
Residual vector length: 27, Jacobian shape: (27, 6)
view   0 | SOD= 570.505 mm | SDD= 705.315 mm | M= 1.236 | incident=3.4990°
[[  81.30561    -564.12775     -24.998241  ]
 [ -18.65214     132.74272      18.001759  ]
 [   0.14814413    0.02082016    0.        ]
 [   0.            0.            0.1496    ]]

iter 23 cost=0.042538 -> 0.042538 |dtheta|=1.015367e-06  lambda=7.629e+05

============================================================
Iteration 24
============================================================
Theta offsets (Unity frame):
  Source   : dSx=   0.000, dSy=   0.000, dSz=   0.000  (mm)
  Object   : dOx=  -6.002, dOy=   2.002, dOz= -15.050  (mm)
  Object offset: offset_x=  -0.001, offset_z=   0.003  (mm)
  Detector : dDx=   0.000, dDy=   0.000, dDz=   0.000  (mm)
  Obj Stage rotY :    8.000 deg
============================================================

Unity geometry (world coordinates):
  Source   : x=   2.000, y=  45.000, z=   0.000
  Object   : x=  -0.002, y=  20.002, z= 569.950
  Detector : x=   0.000, y=   2.000, z= 704.000
  Obj rotY :   0.0000 deg
view   0 | SOD= 570.505 mm | SDD= 705.315 mm | M= 1.236 | incident=3.4990°
[[  81.30561    -564.12775     -24.998241  ]
 [ -18.652138    132.74272      18.001759  ]
 [   0.14814413    0.02082016    0.        ]
 [   0.            0.            0.1496    ]]
Residual vector length: 27, Jacobian shape: (27, 6)
view   0 | SOD= 570.505 mm | SDD= 705.315 mm | M= 1.236 | incident=3.4990°
[[  81.30561    -564.12775     -24.998241  ]
 [ -18.652138    132.74272      18.001759  ]
 [   0.14814413    0.02082016    0.        ]
 [   0.            0.            0.1496    ]]

iter 24 cost=0.042538 -> 0.042538 |dtheta|=7.748268e-07  lambda=1.000e+06
Converged.

Estimated theta:
  dSx: +0.000000
  dSy: +0.000000
  dOx: -6.002465
  dOy: +2.001759
  dOz: -15.049844
  dDx: +0.000000
  dDy: +0.000000
  dDz: +0.000000
alpha: +7.999947e+00 deg)
offset_x: -0.001009
offset_z: +0.003083

Final cost table:
Fake theta: [  0.   0.  -6.   2. -15.   0.   0.   0.   8.   0.   0.]
Final estimated theta: [  0.           0.          -6.00246494   2.0017587  -15.04984389
   0.           0.           0.           7.99994665  -0.00100949
   0.00308349]
Diff from Expected: [ 0.          0.         -0.00246494  0.0017587  -0.04984389  0.
  0.          0.         -0.00005335 -0.00100949  0.00308349]
################################################################################

