Phantom already exists, skipping: cuboid_phantom_3_normal.npy

################################################################################
Running cuboid=normal scenario=G3 N_ANGLES=9, K=3
view   0 | SOD= 570.464 mm | SDD= 705.315 mm | M= 1.236 | incident=3.4990°
[[ 138.86055    -552.827       -23.        ]
 [ -34.584156    129.47562      20.        ]
 [   0.14509286    0.03644481    0.        ]
 [   0.            0.            0.1496    ]]
          image          x1         y1  area1          x2          y2  area2          x3          y3  area3
0  proj_000.png  513.482121  57.951911    811  469.647059  276.141457    714  513.457143  518.352795    805
1  proj_001.png  408.840852  58.087719    798  568.520223  276.838215    717  408.753731  516.446517    804
2  proj_002.png  345.192458  58.803641    769  633.536290  280.059140    744  345.241915  509.027167    773
3  proj_003.png  351.511628  59.482900    731  633.517740  284.160315    761  351.560274  499.973973    730
4  proj_004.png  421.112835  59.932299    709  564.685139  287.516373    794  421.079320  493.500000    706
5  proj_005.png  520.690577  60.097046    711  459.059701  288.186567    804  520.667598  492.307263    716
6  proj_006.png  607.653793  59.655172    725  369.365482  285.832487    788  607.686731  496.733242    731
7  proj_007.png  642.745383  58.993404    758  339.289125  281.781167    754  642.708995  505.220899    756
8  proj_008.png  606.585621  58.223529    765  380.070621  277.944915    708  606.556714  513.945241    767

============================================================
Iteration 0
============================================================
Theta offsets (Unity frame):
  Source   : dSx=   0.000, dSy=   0.000, dSz=   0.000  (mm)
  Object   : dOx=   0.000, dOy=   0.000, dOz=   0.000  (mm)
  Object offset: offset_x=   0.000, offset_z=   0.000  (mm)
  Detector : dDx=   0.000, dDy=   0.000, dDz=   0.000  (mm)
  Obj Stage rotY :    0.000 deg
============================================================

Unity geometry (world coordinates):
  Source   : x=   0.000, y=  43.000, z=   0.000
  Object   : x=   8.000, y=  14.000, z= 595.000
  Detector : x=  -2.000, y=   0.000, z= 704.000
  Obj rotY :   0.0000 deg
view   0 | SOD= 595.760 mm | SDD= 705.315 mm | M= 1.184 | incident=3.4990°
[[  -8.     -595.      -29.    ]
 [ -10.      109.       14.    ]
 [   0.1496    0.        0.    ]
 [   0.        0.        0.1496]]
Residual vector length: 81, Jacobian shape: (81, 6)
view   0 | SOD= 578.481 mm | SDD= 705.315 mm | M= 1.219 | incident=3.4990°
[[  75.360756   -573.0848      -23.11634   ]
 [ -17.4547      124.772835     19.88366   ]
 [   0.14834958    0.01930184    0.        ]
 [   0.            0.            0.1496    ]]

iter 00 cost=96104.476441 -> 4094.238186 |dtheta|=2.127451e+01  lambda=1.000e-04

============================================================
Iteration 1
============================================================
Theta offsets (Unity frame):
  Source   : dSx=   0.000, dSy=   0.000, dSz=   0.000  (mm)
  Object   : dOx=  -8.538, dOy=   5.884, dOz= -17.031  (mm)
  Object offset: offset_x=  -0.251, offset_z=   0.049  (mm)
  Detector : dDx=   0.000, dDy=   0.000, dDz=   0.000  (mm)
  Obj Stage rotY :    7.413 deg
============================================================

Unity geometry (world coordinates):
  Source   : x=   0.000, y=  43.000, z=   0.000
  Object   : x=  -0.538, y=  19.884, z= 577.969
  Detector : x=  -2.000, y=   0.000, z= 704.000
  Obj rotY :   0.0000 deg
view   0 | SOD= 578.481 mm | SDD= 705.315 mm | M= 1.219 | incident=3.4990°
[[  75.360756   -573.0848      -23.11634   ]
 [ -17.4547      124.772835     19.88366   ]
 [   0.14834958    0.01930184    0.        ]
 [   0.            0.            0.1496    ]]
Residual vector length: 81, Jacobian shape: (81, 6)
view   0 | SOD= 570.818 mm | SDD= 705.315 mm | M= 1.236 | incident=3.4990°
[[ 114.63531    -558.7128      -23.066029  ]
 [ -28.558       130.5735       19.933971  ]
 [   0.14655861    0.03001222    0.        ]
 [   0.            0.            0.1496    ]]

iter 01 cost=4094.238186 -> 500.825139 |dtheta|=8.850494e+00  lambda=3.333e-05

============================================================
Iteration 2
============================================================
Theta offsets (Unity frame):
  Source   : dSx=   0.000, dSy=   0.000, dSz=   0.000  (mm)
  Object   : dOx=  -7.923, dOy=   5.934, dOz= -24.818  (mm)
  Object offset: offset_x=  -0.295, offset_z=   0.170  (mm)
  Detector : dDx=   0.000, dDy=   0.000, dDz=   0.000  (mm)
  Obj Stage rotY :   11.573 deg
============================================================

Unity geometry (world coordinates):
  Source   : x=   0.000, y=  43.000, z=   0.000
  Object   : x=   0.077, y=  19.934, z= 570.182
  Detector : x=  -2.000, y=   0.000, z= 704.000
  Obj rotY :   0.0000 deg
view   0 | SOD= 570.818 mm | SDD= 705.315 mm | M= 1.236 | incident=3.4990°
[[ 114.63531    -558.7128      -23.066029  ]
 [ -28.558       130.5735       19.933971  ]
 [   0.14655861    0.03001222    0.        ]
 [   0.            0.            0.1496    ]]
Residual vector length: 81, Jacobian shape: (81, 6)
view   0 | SOD= 570.333 mm | SDD= 705.315 mm | M= 1.237 | incident=3.4990°
[[ 130.22153    -554.7917      -22.989548  ]
 [ -32.313423    130.19182      20.010452  ]
 [   0.14565594    0.03412488    0.        ]
 [   0.            0.            0.1496    ]]

iter 02 cost=500.825139 -> 71.934846 |dtheta|=1.658855e+00  lambda=1.111e-05

============================================================
Iteration 3
============================================================
Theta offsets (Unity frame):
  Source   : dSx=   0.000, dSy=   0.000, dSz=   0.000  (mm)
  Object   : dOx=  -8.001, dOy=   6.010, dOz= -25.157  (mm)
  Object offset: offset_x=  -0.235, offset_z=   0.027  (mm)
  Detector : dDx=   0.000, dDy=   0.000, dDz=   0.000  (mm)
  Obj Stage rotY :   13.186 deg
============================================================

Unity geometry (world coordinates):
  Source   : x=   0.000, y=  43.000, z=   0.000
  Object   : x=  -0.001, y=  20.010, z= 569.843
  Detector : x=  -2.000, y=   0.000, z= 704.000
  Obj rotY :   0.0000 deg
view   0 | SOD= 570.333 mm | SDD= 705.315 mm | M= 1.237 | incident=3.4990°
[[ 130.22153    -554.7917      -22.989548  ]
 [ -32.313423    130.19182      20.010452  ]
 [   0.14565594    0.03412488    0.        ]
 [   0.            0.            0.1496    ]]
Residual vector length: 81, Jacobian shape: (81, 6)
view   0 | SOD= 570.433 mm | SDD= 705.315 mm | M= 1.236 | incident=3.4990°
[[ 134.4766     -553.87787     -23.00634   ]
 [ -33.411266    129.81332      19.99366   ]
 [   0.14538456    0.03526315    0.        ]
 [   0.            0.            0.1496    ]]

iter 03 cost=71.934846 -> 19.286239 |dtheta|=4.727763e-01  lambda=3.704e-06

============================================================
Iteration 4
============================================================
Theta offsets (Unity frame):
  Source   : dSx=   0.000, dSy=   0.000, dSz=   0.000  (mm)
  Object   : dOx=  -8.013, dOy=   5.994, dOz= -25.068  (mm)
  Object offset: offset_x=  -0.116, offset_z=   0.037  (mm)
  Detector : dDx=   0.000, dDy=   0.000, dDz=   0.000  (mm)
  Obj Stage rotY :   13.634 deg
============================================================

Unity geometry (world coordinates):
  Source   : x=   0.000, y=  43.000, z=   0.000
  Object   : x=  -0.013, y=  19.994, z= 569.932
  Detector : x=  -2.000, y=   0.000, z= 704.000
  Obj rotY :   0.0000 deg
view   0 | SOD= 570.433 mm | SDD= 705.315 mm | M= 1.236 | incident=3.4990°
[[ 134.4766     -553.87787     -23.00634   ]
 [ -33.411266    129.81332      19.99366   ]
 [   0.14538456    0.03526315    0.        ]
 [   0.            0.            0.1496    ]]
Residual vector length: 81, Jacobian shape: (81, 6)
view   0 | SOD= 570.667 mm | SDD= 705.315 mm | M= 1.236 | incident=3.4990°
[[ 137.34343    -553.415       -23.01529   ]
 [ -34.14487     129.38206      19.98471   ]
 [   0.14519672    0.03602877    0.        ]
 [   0.            0.            0.1496    ]]

iter 04 cost=19.286239 -> 2.607720 |dtheta|=4.032958e-01  lambda=1.235e-06

============================================================
Iteration 5
============================================================
Theta offsets (Unity frame):
  Source   : dSx=   0.000, dSy=   0.000, dSz=   0.000  (mm)
  Object   : dOx=  -7.996, dOy=   5.985, dOz= -24.818  (mm)
  Object offset: offset_x=  -0.024, offset_z=   0.021  (mm)
  Detector : dDx=   0.000, dDy=   0.000, dDz=   0.000  (mm)
  Obj Stage rotY :   13.936 deg
============================================================

Unity geometry (world coordinates):
  Source   : x=   0.000, y=  43.000, z=   0.000
  Object   : x=   0.004, y=  19.985, z= 570.182
  Detector : x=  -2.000, y=   0.000, z= 704.000
  Obj rotY :   0.0000 deg
view   0 | SOD= 570.667 mm | SDD= 705.315 mm | M= 1.236 | incident=3.4990°
[[ 137.34343    -553.415       -23.01529   ]
 [ -34.14487     129.38206      19.98471   ]
 [   0.14519672    0.03602877    0.        ]
 [   0.            0.            0.1496    ]]
Residual vector length: 81, Jacobian shape: (81, 6)
view   0 | SOD= 570.595 mm | SDD= 705.315 mm | M= 1.236 | incident=3.4990°
[[ 138.18736    -553.13086     -23.007572  ]
 [ -34.372795    129.39607      19.992428  ]
 [   0.14513998    0.0362567     0.        ]
 [   0.            0.            0.1496    ]]

iter 05 cost=2.607720 -> 0.755303 |dtheta|=1.073863e-01  lambda=1.000e-06

============================================================
Iteration 6
============================================================
Theta offsets (Unity frame):
  Source   : dSx=   0.000, dSy=   0.000, dSz=   0.000  (mm)
  Object   : dOx=  -7.999, dOy=   5.992, dOz= -24.872  (mm)
  Object offset: offset_x=  -0.013, offset_z=   0.003  (mm)
  Detector : dDx=   0.000, dDy=   0.000, dDz=   0.000  (mm)
  Obj Stage rotY :   14.026 deg
============================================================

Unity geometry (world coordinates):
  Source   : x=   0.000, y=  43.000, z=   0.000
  Object   : x=   0.001, y=  19.992, z= 570.128
  Detector : x=  -2.000, y=   0.000, z= 704.000
  Obj rotY :   0.0000 deg
view   0 | SOD= 570.595 mm | SDD= 705.315 mm | M= 1.236 | incident=3.4990°
[[ 138.18736    -553.13086     -23.007572  ]
 [ -34.372795    129.39607      19.992428  ]
 [   0.14513998    0.0362567     0.        ]
 [   0.            0.            0.1496    ]]
Residual vector length: 81, Jacobian shape: (81, 6)
view   0 | SOD= 570.520 mm | SDD= 705.315 mm | M= 1.236 | incident=3.4990°
[[ 138.73622    -552.91595     -23.00283   ]
 [ -34.531033    129.4318       19.99717   ]
 [   0.14510232    0.03640707    0.        ]
 [   0.            0.            0.1496    ]]

iter 06 cost=0.755303 -> 0.234777 |dtheta|=9.713025e-02  lambda=1.000e-06

============================================================
Iteration 7
============================================================
Theta offsets (Unity frame):
  Source   : dSx=   0.000, dSy=   0.000, dSz=   0.000  (mm)
  Object   : dOx=  -8.003, dOy=   5.997, dOz= -24.948  (mm)
  Object offset: offset_x=  -0.003, offset_z=   0.004  (mm)
  Detector : dDx=   0.000, dDy=   0.000, dDz=   0.000  (mm)
  Obj Stage rotY :   14.085 deg
============================================================

Unity geometry (world coordinates):
  Source   : x=   0.000, y=  43.000, z=   0.000
  Object   : x=  -0.003, y=  19.997, z= 570.052
  Detector : x=  -2.000, y=   0.000, z= 704.000
  Obj rotY :   0.0000 deg
view   0 | SOD= 570.520 mm | SDD= 705.315 mm | M= 1.236 | incident=3.4990°
[[ 138.73622    -552.91595     -23.00283   ]
 [ -34.531033    129.4318       19.99717   ]
 [   0.14510232    0.03640707    0.        ]
 [   0.            0.            0.1496    ]]
Residual vector length: 81, Jacobian shape: (81, 6)
view   0 | SOD= 570.502 mm | SDD= 705.315 mm | M= 1.236 | incident=3.4990°
[[ 138.76257    -552.8909      -23.002523  ]
 [ -34.54273     129.44717      19.997477  ]
 [   0.1451003     0.03641516    0.        ]
 [   0.            0.            0.1496    ]]

iter 07 cost=0.234777 -> 0.249603 |dtheta|=1.736013e-02  lambda=1.000e-06

============================================================
Iteration 8
============================================================
Theta offsets (Unity frame):
  Source   : dSx=   0.000, dSy=   0.000, dSz=   0.000  (mm)
  Object   : dOx=  -8.003, dOy=   5.997, dOz= -24.948  (mm)
  Object offset: offset_x=  -0.003, offset_z=   0.004  (mm)
  Detector : dDx=   0.000, dDy=   0.000, dDz=   0.000  (mm)
  Obj Stage rotY :   14.085 deg
============================================================

Unity geometry (world coordinates):
  Source   : x=   0.000, y=  43.000, z=   0.000
  Object   : x=  -0.003, y=  19.997, z= 570.052
  Detector : x=  -2.000, y=   0.000, z= 704.000
  Obj rotY :   0.0000 deg
view   0 | SOD= 570.520 mm | SDD= 705.315 mm | M= 1.236 | incident=3.4990°
[[ 138.73622    -552.91595     -23.00283   ]
 [ -34.531033    129.4318       19.99717   ]
 [   0.14510232    0.03640707    0.        ]
 [   0.            0.            0.1496    ]]
Residual vector length: 81, Jacobian shape: (81, 6)
view   0 | SOD= 570.502 mm | SDD= 705.315 mm | M= 1.236 | incident=3.4990°
[[ 138.76257    -552.8909      -23.002523  ]
 [ -34.54273     129.44717      19.997477  ]
 [   0.1451003     0.03641516    0.        ]
 [   0.            0.            0.1496    ]]

iter 08 cost=0.234777 -> 0.249603 |dtheta|=1.736012e-02  lambda=5.000e-06

============================================================
Iteration 9
============================================================
Theta offsets (Unity frame):
  Source   : dSx=   0.000, dSy=   0.000, dSz=   0.000  (mm)
  Object   : dOx=  -8.003, dOy=   5.997, dOz= -24.948  (mm)
  Object offset: offset_x=  -0.003, offset_z=   0.004  (mm)
  Detector : dDx=   0.000, dDy=   0.000, dDz=   0.000  (mm)
  Obj Stage rotY :   14.085 deg
============================================================

Unity geometry (world coordinates):
  Source   : x=   0.000, y=  43.000, z=   0.000
  Object   : x=  -0.003, y=  19.997, z= 570.052
  Detector : x=  -2.000, y=   0.000, z= 704.000
  Obj rotY :   0.0000 deg
view   0 | SOD= 570.520 mm | SDD= 705.315 mm | M= 1.236 | incident=3.4990°
[[ 138.73622    -552.91595     -23.00283   ]
 [ -34.531033    129.4318       19.99717   ]
 [   0.14510232    0.03640707    0.        ]
 [   0.            0.            0.1496    ]]
Residual vector length: 81, Jacobian shape: (81, 6)
view   0 | SOD= 570.502 mm | SDD= 705.315 mm | M= 1.236 | incident=3.4990°
[[ 138.76257    -552.8909      -23.002523  ]
 [ -34.54273     129.44717      19.997477  ]
 [   0.1451003     0.03641516    0.        ]
 [   0.            0.            0.1496    ]]

iter 09 cost=0.234777 -> 0.249603 |dtheta|=1.736011e-02  lambda=2.500e-05

============================================================
Iteration 10
============================================================
Theta offsets (Unity frame):
  Source   : dSx=   0.000, dSy=   0.000, dSz=   0.000  (mm)
  Object   : dOx=  -8.003, dOy=   5.997, dOz= -24.948  (mm)
  Object offset: offset_x=  -0.003, offset_z=   0.004  (mm)
  Detector : dDx=   0.000, dDy=   0.000, dDz=   0.000  (mm)
  Obj Stage rotY :   14.085 deg
============================================================

Unity geometry (world coordinates):
  Source   : x=   0.000, y=  43.000, z=   0.000
  Object   : x=  -0.003, y=  19.997, z= 570.052
  Detector : x=  -2.000, y=   0.000, z= 704.000
  Obj rotY :   0.0000 deg
view   0 | SOD= 570.520 mm | SDD= 705.315 mm | M= 1.236 | incident=3.4990°
[[ 138.73622    -552.91595     -23.00283   ]
 [ -34.531033    129.4318       19.99717   ]
 [   0.14510232    0.03640707    0.        ]
 [   0.            0.            0.1496    ]]
Residual vector length: 81, Jacobian shape: (81, 6)
view   0 | SOD= 570.502 mm | SDD= 705.315 mm | M= 1.236 | incident=3.4990°
[[ 138.76257    -552.8909      -23.002523  ]
 [ -34.54273     129.44717      19.997477  ]
 [   0.1451003     0.03641516    0.        ]
 [   0.            0.            0.1496    ]]

iter 10 cost=0.234777 -> 0.249603 |dtheta|=1.736004e-02  lambda=1.250e-04

============================================================
Iteration 11
============================================================
Theta offsets (Unity frame):
  Source   : dSx=   0.000, dSy=   0.000, dSz=   0.000  (mm)
  Object   : dOx=  -8.003, dOy=   5.997, dOz= -24.948  (mm)
  Object offset: offset_x=  -0.003, offset_z=   0.004  (mm)
  Detector : dDx=   0.000, dDy=   0.000, dDz=   0.000  (mm)
  Obj Stage rotY :   14.085 deg
============================================================

Unity geometry (world coordinates):
  Source   : x=   0.000, y=  43.000, z=   0.000
  Object   : x=  -0.003, y=  19.997, z= 570.052
  Detector : x=  -2.000, y=   0.000, z= 704.000
  Obj rotY :   0.0000 deg
view   0 | SOD= 570.520 mm | SDD= 705.315 mm | M= 1.236 | incident=3.4990°
[[ 138.73622    -552.91595     -23.00283   ]
 [ -34.531033    129.4318       19.99717   ]
 [   0.14510232    0.03640707    0.        ]
 [   0.            0.            0.1496    ]]
Residual vector length: 81, Jacobian shape: (81, 6)
view   0 | SOD= 570.502 mm | SDD= 705.315 mm | M= 1.236 | incident=3.4990°
[[ 138.76257    -552.8909      -23.002523  ]
 [ -34.54273     129.44717      19.997477  ]
 [   0.1451003     0.03641516    0.        ]
 [   0.            0.            0.1496    ]]

iter 11 cost=0.234777 -> 0.249603 |dtheta|=1.735967e-02  lambda=6.250e-04

============================================================
Iteration 12
============================================================
Theta offsets (Unity frame):
  Source   : dSx=   0.000, dSy=   0.000, dSz=   0.000  (mm)
  Object   : dOx=  -8.003, dOy=   5.997, dOz= -24.948  (mm)
  Object offset: offset_x=  -0.003, offset_z=   0.004  (mm)
  Detector : dDx=   0.000, dDy=   0.000, dDz=   0.000  (mm)
  Obj Stage rotY :   14.085 deg
============================================================

Unity geometry (world coordinates):
  Source   : x=   0.000, y=  43.000, z=   0.000
  Object   : x=  -0.003, y=  19.997, z= 570.052
  Detector : x=  -2.000, y=   0.000, z= 704.000
  Obj rotY :   0.0000 deg
view   0 | SOD= 570.520 mm | SDD= 705.315 mm | M= 1.236 | incident=3.4990°
[[ 138.73622    -552.91595     -23.00283   ]
 [ -34.531033    129.4318       19.99717   ]
 [   0.14510232    0.03640707    0.        ]
 [   0.            0.            0.1496    ]]
Residual vector length: 81, Jacobian shape: (81, 6)
view   0 | SOD= 570.502 mm | SDD= 705.315 mm | M= 1.236 | incident=3.4990°
[[ 138.76259    -552.891       -23.002523  ]
 [ -34.542713    129.44711      19.997477  ]
 [   0.1451003     0.03641516    0.        ]
 [   0.            0.            0.1496    ]]

iter 12 cost=0.234777 -> 0.249603 |dtheta|=1.735785e-02  lambda=3.125e-03

============================================================
Iteration 13
============================================================
Theta offsets (Unity frame):
  Source   : dSx=   0.000, dSy=   0.000, dSz=   0.000  (mm)
  Object   : dOx=  -8.003, dOy=   5.997, dOz= -24.948  (mm)
  Object offset: offset_x=  -0.003, offset_z=   0.004  (mm)
  Detector : dDx=   0.000, dDy=   0.000, dDz=   0.000  (mm)
  Obj Stage rotY :   14.085 deg
============================================================

Unity geometry (world coordinates):
  Source   : x=   0.000, y=  43.000, z=   0.000
  Object   : x=  -0.003, y=  19.997, z= 570.052
  Detector : x=  -2.000, y=   0.000, z= 704.000
  Obj rotY :   0.0000 deg
view   0 | SOD= 570.520 mm | SDD= 705.315 mm | M= 1.236 | incident=3.4990°
[[ 138.73622    -552.91595     -23.00283   ]
 [ -34.531033    129.4318       19.99717   ]
 [   0.14510232    0.03640707    0.        ]
 [   0.            0.            0.1496    ]]
Residual vector length: 81, Jacobian shape: (81, 6)
view   0 | SOD= 570.502 mm | SDD= 705.315 mm | M= 1.236 | incident=3.4990°
[[ 138.76257    -552.891       -23.002525  ]
 [ -34.542713    129.44711      19.997475  ]
 [   0.1451003     0.03641516    0.        ]
 [   0.            0.            0.1496    ]]

iter 13 cost=0.234777 -> 0.249603 |dtheta|=1.734877e-02  lambda=1.562e-02

============================================================
Iteration 14
============================================================
Theta offsets (Unity frame):
  Source   : dSx=   0.000, dSy=   0.000, dSz=   0.000  (mm)
  Object   : dOx=  -8.003, dOy=   5.997, dOz= -24.948  (mm)
  Object offset: offset_x=  -0.003, offset_z=   0.004  (mm)
  Detector : dDx=   0.000, dDy=   0.000, dDz=   0.000  (mm)
  Obj Stage rotY :   14.085 deg
============================================================

Unity geometry (world coordinates):
  Source   : x=   0.000, y=  43.000, z=   0.000
  Object   : x=  -0.003, y=  19.997, z= 570.052
  Detector : x=  -2.000, y=   0.000, z= 704.000
  Obj rotY :   0.0000 deg
view   0 | SOD= 570.520 mm | SDD= 705.315 mm | M= 1.236 | incident=3.4990°
[[ 138.73622    -552.91595     -23.00283   ]
 [ -34.531033    129.4318       19.99717   ]
 [   0.14510232    0.03640707    0.        ]
 [   0.            0.            0.1496    ]]
Residual vector length: 81, Jacobian shape: (81, 6)
view   0 | SOD= 570.502 mm | SDD= 705.315 mm | M= 1.236 | incident=3.4990°
[[ 138.76254    -552.891       -23.002525  ]
 [ -34.5427      129.44711      19.997475  ]
 [   0.1451003     0.03641515    0.        ]
 [   0.            0.            0.1496    ]]

iter 14 cost=0.234777 -> 0.249603 |dtheta|=1.730349e-02  lambda=7.812e-02

============================================================
Iteration 15
============================================================
Theta offsets (Unity frame):
  Source   : dSx=   0.000, dSy=   0.000, dSz=   0.000  (mm)
  Object   : dOx=  -8.003, dOy=   5.997, dOz= -24.948  (mm)
  Object offset: offset_x=  -0.003, offset_z=   0.004  (mm)
  Detector : dDx=   0.000, dDy=   0.000, dDz=   0.000  (mm)
  Obj Stage rotY :   14.085 deg
============================================================

Unity geometry (world coordinates):
  Source   : x=   0.000, y=  43.000, z=   0.000
  Object   : x=  -0.003, y=  19.997, z= 570.052
  Detector : x=  -2.000, y=   0.000, z= 704.000
  Obj rotY :   0.0000 deg
view   0 | SOD= 570.520 mm | SDD= 705.315 mm | M= 1.236 | incident=3.4990°
[[ 138.73622    -552.91595     -23.00283   ]
 [ -34.531033    129.4318       19.99717   ]
 [   0.14510232    0.03640707    0.        ]
 [   0.            0.            0.1496    ]]
Residual vector length: 81, Jacobian shape: (81, 6)
view   0 | SOD= 570.502 mm | SDD= 705.315 mm | M= 1.236 | incident=3.4990°
[[ 138.76244    -552.8913      -23.002535  ]
 [ -34.5426      129.4469       19.997465  ]
 [   0.14510031    0.0364151     0.        ]
 [   0.            0.            0.1496    ]]

iter 15 cost=0.234777 -> 0.249603 |dtheta|=1.708072e-02  lambda=3.906e-01

============================================================
Iteration 16
============================================================
Theta offsets (Unity frame):
  Source   : dSx=   0.000, dSy=   0.000, dSz=   0.000  (mm)
  Object   : dOx=  -8.003, dOy=   5.997, dOz= -24.948  (mm)
  Object offset: offset_x=  -0.003, offset_z=   0.004  (mm)
  Detector : dDx=   0.000, dDy=   0.000, dDz=   0.000  (mm)
  Obj Stage rotY :   14.085 deg
============================================================

Unity geometry (world coordinates):
  Source   : x=   0.000, y=  43.000, z=   0.000
  Object   : x=  -0.003, y=  19.997, z= 570.052
  Detector : x=  -2.000, y=   0.000, z= 704.000
  Obj rotY :   0.0000 deg
view   0 | SOD= 570.520 mm | SDD= 705.315 mm | M= 1.236 | incident=3.4990°
[[ 138.73622    -552.91595     -23.00283   ]
 [ -34.531033    129.4318       19.99717   ]
 [   0.14510232    0.03640707    0.        ]
 [   0.            0.            0.1496    ]]
Residual vector length: 81, Jacobian shape: (81, 6)
view   0 | SOD= 570.503 mm | SDD= 705.315 mm | M= 1.236 | incident=3.4990°
[[ 138.76192    -552.89246     -23.002579  ]
 [ -34.542137    129.44594      19.997421  ]
 [   0.14510036    0.0364149     0.        ]
 [   0.            0.            0.1496    ]]

iter 16 cost=0.234777 -> 0.247249 |dtheta|=1.605032e-02  lambda=1.953e+00

============================================================
Iteration 17
============================================================
Theta offsets (Unity frame):
  Source   : dSx=   0.000, dSy=   0.000, dSz=   0.000  (mm)
  Object   : dOx=  -8.003, dOy=   5.997, dOz= -24.948  (mm)
  Object offset: offset_x=  -0.003, offset_z=   0.004  (mm)
  Detector : dDx=   0.000, dDy=   0.000, dDz=   0.000  (mm)
  Obj Stage rotY :   14.085 deg
============================================================

Unity geometry (world coordinates):
  Source   : x=   0.000, y=  43.000, z=   0.000
  Object   : x=  -0.003, y=  19.997, z= 570.052
  Detector : x=  -2.000, y=   0.000, z= 704.000
  Obj rotY :   0.0000 deg
view   0 | SOD= 570.520 mm | SDD= 705.315 mm | M= 1.236 | incident=3.4990°
[[ 138.73622    -552.91595     -23.00283   ]
 [ -34.531033    129.4318       19.99717   ]
 [   0.14510232    0.03640707    0.        ]
 [   0.            0.            0.1496    ]]
Residual vector length: 81, Jacobian shape: (81, 6)
view   0 | SOD= 570.507 mm | SDD= 705.315 mm | M= 1.236 | incident=3.4990°
[[ 138.75993    -552.89685     -23.002731  ]
 [ -34.540432    129.44247      19.997269  ]
 [   0.14510056    0.03641411    0.        ]
 [   0.            0.            0.1496    ]]

iter 17 cost=0.234777 -> 0.242939 |dtheta|=1.237252e-02  lambda=9.766e+00

============================================================
Iteration 18
============================================================
Theta offsets (Unity frame):
  Source   : dSx=   0.000, dSy=   0.000, dSz=   0.000  (mm)
  Object   : dOx=  -8.003, dOy=   5.997, dOz= -24.948  (mm)
  Object offset: offset_x=  -0.003, offset_z=   0.004  (mm)
  Detector : dDx=   0.000, dDy=   0.000, dDz=   0.000  (mm)
  Obj Stage rotY :   14.085 deg
============================================================

Unity geometry (world coordinates):
  Source   : x=   0.000, y=  43.000, z=   0.000
  Object   : x=  -0.003, y=  19.997, z= 570.052
  Detector : x=  -2.000, y=   0.000, z= 704.000
  Obj rotY :   0.0000 deg
view   0 | SOD= 570.520 mm | SDD= 705.315 mm | M= 1.236 | incident=3.4990°
[[ 138.73622    -552.91595     -23.00283   ]
 [ -34.531033    129.4318       19.99717   ]
 [   0.14510232    0.03640707    0.        ]
 [   0.            0.            0.1496    ]]
Residual vector length: 81, Jacobian shape: (81, 6)
view   0 | SOD= 570.514 mm | SDD= 705.315 mm | M= 1.236 | incident=3.4990°
[[ 138.75494    -552.9049      -23.002995  ]
 [ -34.537098    129.43654      19.997005  ]
 [   0.14510101    0.03641234    0.        ]
 [   0.            0.            0.1496    ]]

iter 18 cost=0.234777 -> 0.242846 |dtheta|=6.053254e-03  lambda=4.883e+01

============================================================
Iteration 19
============================================================
Theta offsets (Unity frame):
  Source   : dSx=   0.000, dSy=   0.000, dSz=   0.000  (mm)
  Object   : dOx=  -8.003, dOy=   5.997, dOz= -24.948  (mm)
  Object offset: offset_x=  -0.003, offset_z=   0.004  (mm)
  Detector : dDx=   0.000, dDy=   0.000, dDz=   0.000  (mm)
  Obj Stage rotY :   14.085 deg
============================================================

Unity geometry (world coordinates):
  Source   : x=   0.000, y=  43.000, z=   0.000
  Object   : x=  -0.003, y=  19.997, z= 570.052
  Detector : x=  -2.000, y=   0.000, z= 704.000
  Obj rotY :   0.0000 deg
view   0 | SOD= 570.520 mm | SDD= 705.315 mm | M= 1.236 | incident=3.4990°
[[ 138.73622    -552.91595     -23.00283   ]
 [ -34.531033    129.4318       19.99717   ]
 [   0.14510232    0.03640707    0.        ]
 [   0.            0.            0.1496    ]]
Residual vector length: 81, Jacobian shape: (81, 6)
view   0 | SOD= 570.518 mm | SDD= 705.315 mm | M= 1.236 | incident=3.4990°
[[ 138.74689    -552.91113     -23.003138  ]
 [ -34.53388     129.43317      19.996862  ]
 [   0.1451016     0.03640994    0.        ]
 [   0.            0.            0.1496    ]]

iter 19 cost=0.234777 -> 0.240412 |dtheta|=2.384677e-03  lambda=2.441e+02

============================================================
Iteration 20
============================================================
Theta offsets (Unity frame):
  Source   : dSx=   0.000, dSy=   0.000, dSz=   0.000  (mm)
  Object   : dOx=  -8.003, dOy=   5.997, dOz= -24.948  (mm)
  Object offset: offset_x=  -0.003, offset_z=   0.004  (mm)
  Detector : dDx=   0.000, dDy=   0.000, dDz=   0.000  (mm)
  Obj Stage rotY :   14.085 deg
============================================================

Unity geometry (world coordinates):
  Source   : x=   0.000, y=  43.000, z=   0.000
  Object   : x=  -0.003, y=  19.997, z= 570.052
  Detector : x=  -2.000, y=   0.000, z= 704.000
  Obj rotY :   0.0000 deg
view   0 | SOD= 570.520 mm | SDD= 705.315 mm | M= 1.236 | incident=3.4990°
[[ 138.73622    -552.91595     -23.00283   ]
 [ -34.531033    129.4318       19.99717   ]
 [   0.14510232    0.03640707    0.        ]
 [   0.            0.            0.1496    ]]
Residual vector length: 81, Jacobian shape: (81, 6)
view   0 | SOD= 570.519 mm | SDD= 705.315 mm | M= 1.236 | incident=3.4990°
[[ 138.73982    -552.91437     -23.003088  ]
 [ -34.531933    129.43224      19.996912  ]
 [   0.14510208    0.03640803    0.        ]
 [   0.            0.            0.1496    ]]

iter 20 cost=0.234777 -> 0.239957 |dtheta|=1.098395e-03  lambda=1.221e+03

============================================================
Iteration 21
============================================================
Theta offsets (Unity frame):
  Source   : dSx=   0.000, dSy=   0.000, dSz=   0.000  (mm)
  Object   : dOx=  -8.003, dOy=   5.997, dOz= -24.948  (mm)
  Object offset: offset_x=  -0.003, offset_z=   0.004  (mm)
  Detector : dDx=   0.000, dDy=   0.000, dDz=   0.000  (mm)
  Obj Stage rotY :   14.085 deg
============================================================

Unity geometry (world coordinates):
  Source   : x=   0.000, y=  43.000, z=   0.000
  Object   : x=  -0.003, y=  19.997, z= 570.052
  Detector : x=  -2.000, y=   0.000, z= 704.000
  Obj rotY :   0.0000 deg
view   0 | SOD= 570.520 mm | SDD= 705.315 mm | M= 1.236 | incident=3.4990°
[[ 138.73622    -552.91595     -23.00283   ]
 [ -34.531033    129.4318       19.99717   ]
 [   0.14510232    0.03640707    0.        ]
 [   0.            0.            0.1496    ]]
Residual vector length: 81, Jacobian shape: (81, 6)
view   0 | SOD= 570.520 mm | SDD= 705.315 mm | M= 1.236 | incident=3.4990°
[[ 138.73705    -552.9156      -23.00294   ]
 [ -34.53126     129.43192      19.99706   ]
 [   0.14510226    0.0364073     0.        ]
 [   0.            0.            0.1496    ]]

iter 21 cost=0.234777 -> 0.236946 |dtheta|=3.713670e-04  lambda=6.104e+03

============================================================
Iteration 22
============================================================
Theta offsets (Unity frame):
  Source   : dSx=   0.000, dSy=   0.000, dSz=   0.000  (mm)
  Object   : dOx=  -8.003, dOy=   5.997, dOz= -24.948  (mm)
  Object offset: offset_x=  -0.003, offset_z=   0.004  (mm)
  Detector : dDx=   0.000, dDy=   0.000, dDz=   0.000  (mm)
  Obj Stage rotY :   14.085 deg
============================================================

Unity geometry (world coordinates):
  Source   : x=   0.000, y=  43.000, z=   0.000
  Object   : x=  -0.003, y=  19.997, z= 570.052
  Detector : x=  -2.000, y=   0.000, z= 704.000
  Obj rotY :   0.0000 deg
view   0 | SOD= 570.520 mm | SDD= 705.315 mm | M= 1.236 | incident=3.4990°
[[ 138.73622    -552.91595     -23.00283   ]
 [ -34.531033    129.4318       19.99717   ]
 [   0.14510232    0.03640707    0.        ]
 [   0.            0.            0.1496    ]]
Residual vector length: 81, Jacobian shape: (81, 6)
view   0 | SOD= 570.520 mm | SDD= 705.315 mm | M= 1.236 | incident=3.4990°
[[ 138.73639    -552.9159      -23.002857  ]
 [ -34.53109     129.43184      19.997143  ]
 [   0.1451023     0.03640712    0.        ]
 [   0.            0.            0.1496    ]]

iter 22 cost=0.234777 -> 0.238062 |dtheta|=8.782851e-05  lambda=3.052e+04

============================================================
Iteration 23
============================================================
Theta offsets (Unity frame):
  Source   : dSx=   0.000, dSy=   0.000, dSz=   0.000  (mm)
  Object   : dOx=  -8.003, dOy=   5.997, dOz= -24.948  (mm)
  Object offset: offset_x=  -0.003, offset_z=   0.004  (mm)
  Detector : dDx=   0.000, dDy=   0.000, dDz=   0.000  (mm)
  Obj Stage rotY :   14.085 deg
============================================================

Unity geometry (world coordinates):
  Source   : x=   0.000, y=  43.000, z=   0.000
  Object   : x=  -0.003, y=  19.997, z= 570.052
  Detector : x=  -2.000, y=   0.000, z= 704.000
  Obj rotY :   0.0000 deg
view   0 | SOD= 570.520 mm | SDD= 705.315 mm | M= 1.236 | incident=3.4990°
[[ 138.73622    -552.91595     -23.00283   ]
 [ -34.531033    129.4318       19.99717   ]
 [   0.14510232    0.03640707    0.        ]
 [   0.            0.            0.1496    ]]
Residual vector length: 81, Jacobian shape: (81, 6)
view   0 | SOD= 570.520 mm | SDD= 705.315 mm | M= 1.236 | incident=3.4990°
[[ 138.73627    -552.91595     -23.002836  ]
 [ -34.53104     129.43178      19.997164  ]
 [   0.14510232    0.03640708    0.        ]
 [   0.            0.            0.1496    ]]

iter 23 cost=0.234777 -> 0.234777 |dtheta|=1.825002e-05  lambda=1.526e+05

============================================================
Iteration 24
============================================================
Theta offsets (Unity frame):
  Source   : dSx=   0.000, dSy=   0.000, dSz=   0.000  (mm)
  Object   : dOx=  -8.003, dOy=   5.997, dOz= -24.948  (mm)
  Object offset: offset_x=  -0.003, offset_z=   0.004  (mm)
  Detector : dDx=   0.000, dDy=   0.000, dDz=   0.000  (mm)
  Obj Stage rotY :   14.085 deg
============================================================

Unity geometry (world coordinates):
  Source   : x=   0.000, y=  43.000, z=   0.000
  Object   : x=  -0.003, y=  19.997, z= 570.052
  Detector : x=  -2.000, y=   0.000, z= 704.000
  Obj rotY :   0.0000 deg
view   0 | SOD= 570.520 mm | SDD= 705.315 mm | M= 1.236 | incident=3.4990°
[[ 138.73622    -552.91595     -23.00283   ]
 [ -34.531033    129.4318       19.99717   ]
 [   0.14510232    0.03640707    0.        ]
 [   0.            0.            0.1496    ]]
Residual vector length: 81, Jacobian shape: (81, 6)
view   0 | SOD= 570.520 mm | SDD= 705.315 mm | M= 1.236 | incident=3.4990°
[[ 138.73624    -552.91595     -23.00283   ]
 [ -34.531036    129.43178      19.99717   ]
 [   0.14510232    0.03640707    0.        ]
 [   0.            0.            0.1496    ]]

iter 24 cost=0.234777 -> 0.234777 |dtheta|=3.678836e-06  lambda=7.629e+05

============================================================
Iteration 25
============================================================
Theta offsets (Unity frame):
  Source   : dSx=   0.000, dSy=   0.000, dSz=   0.000  (mm)
  Object   : dOx=  -8.003, dOy=   5.997, dOz= -24.948  (mm)
  Object offset: offset_x=  -0.003, offset_z=   0.004  (mm)
  Detector : dDx=   0.000, dDy=   0.000, dDz=   0.000  (mm)
  Obj Stage rotY :   14.085 deg
============================================================

Unity geometry (world coordinates):
  Source   : x=   0.000, y=  43.000, z=   0.000
  Object   : x=  -0.003, y=  19.997, z= 570.052
  Detector : x=  -2.000, y=   0.000, z= 704.000
  Obj rotY :   0.0000 deg
view   0 | SOD= 570.520 mm | SDD= 705.315 mm | M= 1.236 | incident=3.4990°
[[ 138.73622    -552.91595     -23.00283   ]
 [ -34.531033    129.4318       19.99717   ]
 [   0.14510232    0.03640707    0.        ]
 [   0.            0.            0.1496    ]]
Residual vector length: 81, Jacobian shape: (81, 6)
view   0 | SOD= 570.520 mm | SDD= 705.315 mm | M= 1.236 | incident=3.4990°
[[ 138.73624    -552.91595     -23.00283   ]
 [ -34.531033    129.43178      19.99717   ]
 [   0.14510232    0.03640707    0.        ]
 [   0.            0.            0.1496    ]]

iter 25 cost=0.234777 -> 0.234777 |dtheta|=2.808045e-06  lambda=1.000e+06

============================================================
Iteration 26
============================================================
Theta offsets (Unity frame):
  Source   : dSx=   0.000, dSy=   0.000, dSz=   0.000  (mm)
  Object   : dOx=  -8.003, dOy=   5.997, dOz= -24.948  (mm)
  Object offset: offset_x=  -0.003, offset_z=   0.004  (mm)
  Detector : dDx=   0.000, dDy=   0.000, dDz=   0.000  (mm)
  Obj Stage rotY :   14.085 deg
============================================================

Unity geometry (world coordinates):
  Source   : x=   0.000, y=  43.000, z=   0.000
  Object   : x=  -0.003, y=  19.997, z= 570.052
  Detector : x=  -2.000, y=   0.000, z= 704.000
  Obj rotY :   0.0000 deg
view   0 | SOD= 570.520 mm | SDD= 705.315 mm | M= 1.236 | incident=3.4990°
[[ 138.73622    -552.91595     -23.00283   ]
 [ -34.531033    129.4318       19.99717   ]
 [   0.14510232    0.03640707    0.        ]
 [   0.            0.            0.1496    ]]
Residual vector length: 81, Jacobian shape: (81, 6)
view   0 | SOD= 570.520 mm | SDD= 705.315 mm | M= 1.236 | incident=3.4990°
[[ 138.73624    -552.91595     -23.00283   ]
 [ -34.531033    129.43178      19.99717   ]
 [   0.14510232    0.03640707    0.        ]
 [   0.            0.            0.1496    ]]

iter 26 cost=0.234777 -> 0.234777 |dtheta|=2.808045e-06  lambda=1.000e+06

============================================================
Iteration 27
============================================================
Theta offsets (Unity frame):
  Source   : dSx=   0.000, dSy=   0.000, dSz=   0.000  (mm)
  Object   : dOx=  -8.003, dOy=   5.997, dOz= -24.948  (mm)
  Object offset: offset_x=  -0.003, offset_z=   0.004  (mm)
  Detector : dDx=   0.000, dDy=   0.000, dDz=   0.000  (mm)
  Obj Stage rotY :   14.085 deg
============================================================

Unity geometry (world coordinates):
  Source   : x=   0.000, y=  43.000, z=   0.000
  Object   : x=  -0.003, y=  19.997, z= 570.052
  Detector : x=  -2.000, y=   0.000, z= 704.000
  Obj rotY :   0.0000 deg
view   0 | SOD= 570.520 mm | SDD= 705.315 mm | M= 1.236 | incident=3.4990°
[[ 138.73622    -552.91595     -23.00283   ]
 [ -34.531033    129.4318       19.99717   ]
 [   0.14510232    0.03640707    0.        ]
 [   0.            0.            0.1496    ]]
Residual vector length: 81, Jacobian shape: (81, 6)
view   0 | SOD= 570.520 mm | SDD= 705.315 mm | M= 1.236 | incident=3.4990°
[[ 138.73624    -552.91595     -23.00283   ]
 [ -34.531033    129.43178      19.99717   ]
 [   0.14510232    0.03640707    0.        ]
 [   0.            0.            0.1496    ]]

iter 27 cost=0.234777 -> 0.234777 |dtheta|=2.808045e-06  lambda=1.000e+06

============================================================
Iteration 28
============================================================
Theta offsets (Unity frame):
  Source   : dSx=   0.000, dSy=   0.000, dSz=   0.000  (mm)
  Object   : dOx=  -8.003, dOy=   5.997, dOz= -24.948  (mm)
  Object offset: offset_x=  -0.003, offset_z=   0.004  (mm)
  Detector : dDx=   0.000, dDy=   0.000, dDz=   0.000  (mm)
  Obj Stage rotY :   14.085 deg
============================================================

Unity geometry (world coordinates):
  Source   : x=   0.000, y=  43.000, z=   0.000
  Object   : x=  -0.003, y=  19.997, z= 570.052
  Detector : x=  -2.000, y=   0.000, z= 704.000
  Obj rotY :   0.0000 deg
view   0 | SOD= 570.520 mm | SDD= 705.315 mm | M= 1.236 | incident=3.4990°
[[ 138.73622    -552.91595     -23.00283   ]
 [ -34.531033    129.4318       19.99717   ]
 [   0.14510232    0.03640707    0.        ]
 [   0.            0.            0.1496    ]]
Residual vector length: 81, Jacobian shape: (81, 6)
view   0 | SOD= 570.520 mm | SDD= 705.315 mm | M= 1.236 | incident=3.4990°
[[ 138.73624    -552.91595     -23.00283   ]
 [ -34.531033    129.43178      19.99717   ]
 [   0.14510232    0.03640707    0.        ]
 [   0.            0.            0.1496    ]]

iter 28 cost=0.234777 -> 0.234777 |dtheta|=2.808045e-06  lambda=1.000e+06

============================================================
Iteration 29
============================================================
Theta offsets (Unity frame):
  Source   : dSx=   0.000, dSy=   0.000, dSz=   0.000  (mm)
  Object   : dOx=  -8.003, dOy=   5.997, dOz= -24.948  (mm)
  Object offset: offset_x=  -0.003, offset_z=   0.004  (mm)
  Detector : dDx=   0.000, dDy=   0.000, dDz=   0.000  (mm)
  Obj Stage rotY :   14.085 deg
============================================================

Unity geometry (world coordinates):
  Source   : x=   0.000, y=  43.000, z=   0.000
  Object   : x=  -0.003, y=  19.997, z= 570.052
  Detector : x=  -2.000, y=   0.000, z= 704.000
  Obj rotY :   0.0000 deg
view   0 | SOD= 570.520 mm | SDD= 705.315 mm | M= 1.236 | incident=3.4990°
[[ 138.73622    -552.91595     -23.00283   ]
 [ -34.531033    129.4318       19.99717   ]
 [   0.14510232    0.03640707    0.        ]
 [   0.            0.            0.1496    ]]
Residual vector length: 81, Jacobian shape: (81, 6)
view   0 | SOD= 570.520 mm | SDD= 705.315 mm | M= 1.236 | incident=3.4990°
[[ 138.73624    -552.91595     -23.00283   ]
 [ -34.531033    129.43178      19.99717   ]
 [   0.14510232    0.03640707    0.        ]
 [   0.            0.            0.1496    ]]

iter 29 cost=0.234777 -> 0.234777 |dtheta|=2.808045e-06  lambda=1.000e+06

============================================================
Iteration 30
============================================================
Theta offsets (Unity frame):
  Source   : dSx=   0.000, dSy=   0.000, dSz=   0.000  (mm)
  Object   : dOx=  -8.003, dOy=   5.997, dOz= -24.948  (mm)
  Object offset: offset_x=  -0.003, offset_z=   0.004  (mm)
  Detector : dDx=   0.000, dDy=   0.000, dDz=   0.000  (mm)
  Obj Stage rotY :   14.085 deg
============================================================

Unity geometry (world coordinates):
  Source   : x=   0.000, y=  43.000, z=   0.000
  Object   : x=  -0.003, y=  19.997, z= 570.052
  Detector : x=  -2.000, y=   0.000, z= 704.000
  Obj rotY :   0.0000 deg
view   0 | SOD= 570.520 mm | SDD= 705.315 mm | M= 1.236 | incident=3.4990°
[[ 138.73622    -552.91595     -23.00283   ]
 [ -34.531033    129.4318       19.99717   ]
 [   0.14510232    0.03640707    0.        ]
 [   0.            0.            0.1496    ]]
Residual vector length: 81, Jacobian shape: (81, 6)
view   0 | SOD= 570.520 mm | SDD= 705.315 mm | M= 1.236 | incident=3.4990°
[[ 138.73624    -552.91595     -23.00283   ]
 [ -34.531033    129.43178      19.99717   ]
 [   0.14510232    0.03640707    0.        ]
 [   0.            0.            0.1496    ]]

iter 30 cost=0.234777 -> 0.234777 |dtheta|=2.808045e-06  lambda=1.000e+06

============================================================
Iteration 31
============================================================
Theta offsets (Unity frame):
  Source   : dSx=   0.000, dSy=   0.000, dSz=   0.000  (mm)
  Object   : dOx=  -8.003, dOy=   5.997, dOz= -24.948  (mm)
  Object offset: offset_x=  -0.003, offset_z=   0.004  (mm)
  Detector : dDx=   0.000, dDy=   0.000, dDz=   0.000  (mm)
  Obj Stage rotY :   14.085 deg
============================================================

Unity geometry (world coordinates):
  Source   : x=   0.000, y=  43.000, z=   0.000
  Object   : x=  -0.003, y=  19.997, z= 570.052
  Detector : x=  -2.000, y=   0.000, z= 704.000
  Obj rotY :   0.0000 deg
view   0 | SOD= 570.520 mm | SDD= 705.315 mm | M= 1.236 | incident=3.4990°
[[ 138.73622    -552.91595     -23.00283   ]
 [ -34.531033    129.4318       19.99717   ]
 [   0.14510232    0.03640707    0.        ]
 [   0.            0.            0.1496    ]]
Residual vector length: 81, Jacobian shape: (81, 6)
view   0 | SOD= 570.520 mm | SDD= 705.315 mm | M= 1.236 | incident=3.4990°
[[ 138.73624    -552.91595     -23.00283   ]
 [ -34.531033    129.43178      19.99717   ]
 [   0.14510232    0.03640707    0.        ]
 [   0.            0.            0.1496    ]]

iter 31 cost=0.234777 -> 0.234777 |dtheta|=2.808045e-06  lambda=1.000e+06
Stalled.

Estimated theta:
  dSx: +0.000000
  dSy: +0.000000
  dOx: -8.003479
  dOy: +5.997170
  dOz: -24.948324
  dDx: +0.000000
  dDy: +0.000000
  dDz: +0.000000
alpha: +1.408510e+01 deg)
offset_x: -0.002530
offset_z: +0.004296

Final cost table:
Fake theta: [  0.    0.   -8.    6.  -25.    0.    0.    0.   14.1   0.    0. ]
Final estimated theta: [  0.           0.          -8.00347861   5.99716975 -24.94832373
   0.           0.           0.          14.08509905  -0.00252954
   0.00429578]
Diff from Expected: [ 0.          0.         -0.00347861 -0.00283025  0.05167627  0.
  0.          0.         -0.01490133 -0.00252954  0.00429578]
################################################################################

