Phantom already exists, skipping: cuboid_phantom_3_normal.npy

################################################################################
Running cuboid=normal scenario=G2 N_ANGLES=6, K=3
view   0 | SOD= 570.046 mm | SDD= 696.006 mm | M= 1.221 | incident=0.2470°
[[ 119.47323    -557.34204      -7.        ]
 [ -25.864782    123.32077      -7.        ]
 [   0.14616601    0.03186934    0.        ]
 [   0.            0.            0.1496    ]]
          image          x1          y1  area1          x2          y2  area2          x3          y3  area3
0  proj_000.png  501.449809  210.914867    787  447.716954  434.892241    696  501.432398  666.011480    784
1  proj_001.png  356.833118  212.805951    773  585.877266  435.456067    717  356.852713  662.922481    774
2  proj_002.png  334.078762  218.084388    711  616.575067  437.286863    746  334.080056  653.978933    712
3  proj_003.png  447.773963  221.310443    699  501.483544  438.500000    790  447.785714  648.464286    700
4  proj_004.png  585.867503  219.578801    717  356.848249  437.878080    771  585.864903  651.377437    718
5  proj_005.png  616.584574  214.416779    739  334.080395  436.042313    709  616.593583  660.094920    748

============================================================
Iteration 0
============================================================
Theta offsets (Unity frame):
  Source   : dSx=   0.000, dSy=   0.000, dSz=   0.000  (mm)
  Object   : dOx=   0.000, dOy=   0.000, dOz=   0.000  (mm)
  Object offset: offset_x=   0.000, offset_z=   0.000  (mm)
  Detector : dDx=   0.000, dDy=   0.000, dDz=   0.000  (mm)
  Obj Stage rotY :    0.000 deg
============================================================

Unity geometry (world coordinates):
  Source   : x=  -2.000, y=  47.000, z=   0.000
  Object   : x=  14.000, y=  32.000, z= 592.000
  Detector : x=   1.000, y=  47.000, z= 696.000
  Obj rotY :   0.0000 deg
view   0 | SOD= 592.406 mm | SDD= 696.006 mm | M= 1.175 | incident=0.2470°
[[ -16.     -592.      -15.    ]
 [ -13.      104.      -15.    ]
 [   0.1496    0.        0.    ]
 [   0.        0.        0.1496]]
Residual vector length: 54, Jacobian shape: (54, 6)
view   0 | SOD= 578.354 mm | SDD= 696.006 mm | M= 1.203 | incident=0.2470°
[[ 138.21529    -561.5509       -7.1402206 ]
 [ -27.287666    114.4918       -7.1402206 ]
 [   0.1451543     0.03619929    0.        ]
 [   0.            0.            0.1496    ]]

iter 00 cost=152667.334041 -> 647.963589 |dtheta|=2.589487e+01  lambda=1.000e-04

============================================================
Iteration 1
============================================================
Theta offsets (Unity frame):
  Source   : dSx=   0.000, dSy=   0.000, dSz=   0.000  (mm)
  Object   : dOx= -14.494, dOy=   7.860, dOz= -14.221  (mm)
  Object offset: offset_x=   0.267, offset_z=   0.529  (mm)
  Detector : dDx=   0.000, dDy=   0.000, dDz=   0.000  (mm)
  Obj Stage rotY :   14.003 deg
============================================================

Unity geometry (world coordinates):
  Source   : x=  -2.000, y=  47.000, z=   0.000
  Object   : x=  -0.494, y=  39.860, z= 577.779
  Detector : x=   1.000, y=  47.000, z= 696.000
  Obj rotY :   0.0000 deg
view   0 | SOD= 578.354 mm | SDD= 696.006 mm | M= 1.203 | incident=0.2470°
[[ 138.21529    -561.5509       -7.1402206 ]
 [ -27.287666    114.4918       -7.1402206 ]
 [   0.1451543     0.03619929    0.        ]
 [   0.            0.            0.1496    ]]
Residual vector length: 54, Jacobian shape: (54, 6)
view   0 | SOD= 571.180 mm | SDD= 696.006 mm | M= 1.219 | incident=0.2470°
[[ 126.17422   -557.0259      -7.0227013]
 [ -27.07381    121.89975     -7.0227013]
 [   0.1457853    0.0335679    0.       ]
 [   0.           0.           0.1496   ]]

iter 01 cost=647.963589 -> 29.318218 |dtheta|=6.831038e+00  lambda=3.333e-05

============================================================
Iteration 2
============================================================
Theta offsets (Unity frame):
  Source   : dSx=   0.000, dSy=   0.000, dSz=   0.000  (mm)
  Object   : dOx= -13.959, dOy=   7.977, dOz= -20.929  (mm)
  Object offset: offset_x=  -0.010, offset_z=   0.063  (mm)
  Detector : dDx=   0.000, dDy=   0.000, dDz=   0.000  (mm)
  Obj Stage rotY :   12.967 deg
============================================================

Unity geometry (world coordinates):
  Source   : x=  -2.000, y=  47.000, z=   0.000
  Object   : x=   0.041, y=  39.977, z= 571.071
  Detector : x=   1.000, y=  47.000, z= 696.000
  Obj rotY :   0.0000 deg
view   0 | SOD= 571.180 mm | SDD= 696.006 mm | M= 1.219 | incident=0.2470°
[[ 126.17422   -557.0259      -7.0227013]
 [ -27.07381    121.89975     -7.0227013]
 [   0.1457853    0.0335679    0.       ]
 [   0.           0.           0.1496   ]]
Residual vector length: 54, Jacobian shape: (54, 6)
view   0 | SOD= 569.957 mm | SDD= 696.006 mm | M= 1.221 | incident=0.2470°
[[ 121.180824   -556.8817       -7.0146255 ]
 [ -26.333246    123.31283      -7.0146255 ]
 [   0.14606334    0.03233663    0.        ]
 [   0.            0.            0.1496    ]]

iter 02 cost=29.318218 -> 2.874044 |dtheta|=1.281695e+00  lambda=1.111e-05

============================================================
Iteration 3
============================================================
Theta offsets (Unity frame):
  Source   : dSx=   0.000, dSy=   0.000, dSz=   0.000  (mm)
  Object   : dOx= -13.982, dOy=   7.985, dOz= -22.114  (mm)
  Object offset: offset_x=   0.039, offset_z=   0.025  (mm)
  Detector : dDx=   0.000, dDy=   0.000, dDz=   0.000  (mm)
  Obj Stage rotY :   12.483 deg
============================================================

Unity geometry (world coordinates):
  Source   : x=  -2.000, y=  47.000, z=   0.000
  Object   : x=   0.018, y=  39.985, z= 569.886
  Detector : x=   1.000, y=  47.000, z= 696.000
  Obj rotY :   0.0000 deg
view   0 | SOD= 569.957 mm | SDD= 696.006 mm | M= 1.221 | incident=0.2470°
[[ 121.180824   -556.8817       -7.0146255 ]
 [ -26.333246    123.31283      -7.0146255 ]
 [   0.14606334    0.03233663    0.        ]
 [   0.            0.            0.1496    ]]
Residual vector length: 54, Jacobian shape: (54, 6)
view   0 | SOD= 570.199 mm | SDD= 696.006 mm | M= 1.221 | incident=0.2470°
[[ 119.94816    -557.39557      -7.00066   ]
 [ -25.92688     123.15233      -7.00066   ]
 [   0.14614083    0.03198467    0.        ]
 [   0.            0.            0.1496    ]]

iter 03 cost=2.874044 -> 0.465418 |dtheta|=2.927638e-01  lambda=3.704e-06

============================================================
Iteration 4
============================================================
Theta offsets (Unity frame):
  Source   : dSx=   0.000, dSy=   0.000, dSz=   0.000  (mm)
  Object   : dOx= -13.999, dOy=   7.999, dOz= -21.861  (mm)
  Object offset: offset_x=  -0.004, offset_z=   0.013  (mm)
  Detector : dDx=   0.000, dDy=   0.000, dDz=   0.000  (mm)
  Obj Stage rotY :   12.345 deg
============================================================

Unity geometry (world coordinates):
  Source   : x=  -2.000, y=  47.000, z=   0.000
  Object   : x=   0.001, y=  39.999, z= 570.139
  Detector : x=   1.000, y=  47.000, z= 696.000
  Obj rotY :   0.0000 deg
view   0 | SOD= 570.199 mm | SDD= 696.006 mm | M= 1.221 | incident=0.2470°
[[ 119.94816    -557.39557      -7.00066   ]
 [ -25.92688     123.15233      -7.00066   ]
 [   0.14614083    0.03198467    0.        ]
 [   0.            0.            0.1496    ]]
Residual vector length: 54, Jacobian shape: (54, 6)
view   0 | SOD= 570.075 mm | SDD= 696.006 mm | M= 1.221 | incident=0.2470°
[[ 119.45447    -557.3751       -7.0032425 ]
 [ -25.8533      123.29412      -7.0032425 ]
 [   0.14616743    0.03186285    0.        ]
 [   0.            0.            0.1496    ]]

iter 04 cost=0.465418 -> 0.115348 |dtheta|=1.242704e-01  lambda=1.235e-06

============================================================
Iteration 5
============================================================
Theta offsets (Unity frame):
  Source   : dSx=   0.000, dSy=   0.000, dSz=   0.000  (mm)
  Object   : dOx= -13.992, dOy=   7.997, dOz= -21.975  (mm)
  Object offset: offset_x=  -0.008, offset_z=   0.003  (mm)
  Detector : dDx=   0.000, dDy=   0.000, dDz=   0.000  (mm)
  Obj Stage rotY :   12.297 deg
============================================================

Unity geometry (world coordinates):
  Source   : x=  -2.000, y=  47.000, z=   0.000
  Object   : x=   0.008, y=  39.997, z= 570.025
  Detector : x=   1.000, y=  47.000, z= 696.000
  Obj rotY :   0.0000 deg
view   0 | SOD= 570.075 mm | SDD= 696.006 mm | M= 1.221 | incident=0.2470°
[[ 119.45447    -557.3751       -7.0032425 ]
 [ -25.8533      123.29412      -7.0032425 ]
 [   0.14616743    0.03186285    0.        ]
 [   0.            0.            0.1496    ]]
Residual vector length: 54, Jacobian shape: (54, 6)
view   0 | SOD= 570.068 mm | SDD= 696.006 mm | M= 1.221 | incident=0.2470°
[[ 119.439964   -557.3716       -7.002651  ]
 [ -25.84808     123.30191      -7.002651  ]
 [   0.14616835    0.03185862    0.        ]
 [   0.            0.            0.1496    ]]

iter 05 cost=0.115348 -> 0.077256 |dtheta|=1.044295e-02  lambda=1.000e-06

============================================================
Iteration 6
============================================================
Theta offsets (Unity frame):
  Source   : dSx=   0.000, dSy=   0.000, dSz=   0.000  (mm)
  Object   : dOx= -14.000, dOy=   7.997, dOz= -21.980  (mm)
  Object offset: offset_x=  -0.003, offset_z=   0.002  (mm)
  Detector : dDx=   0.000, dDy=   0.000, dDz=   0.000  (mm)
  Obj Stage rotY :   12.296 deg
============================================================

Unity geometry (world coordinates):
  Source   : x=  -2.000, y=  47.000, z=   0.000
  Object   : x=   0.000, y=  39.997, z= 570.020
  Detector : x=   1.000, y=  47.000, z= 696.000
  Obj rotY :   0.0000 deg
view   0 | SOD= 570.068 mm | SDD= 696.006 mm | M= 1.221 | incident=0.2470°
[[ 119.439964   -557.3716       -7.002651  ]
 [ -25.84808     123.30191      -7.002651  ]
 [   0.14616835    0.03185862    0.        ]
 [   0.            0.            0.1496    ]]
Residual vector length: 54, Jacobian shape: (54, 6)
view   0 | SOD= 570.058 mm | SDD= 696.006 mm | M= 1.221 | incident=0.2470°
[[ 119.36418    -557.3773       -7.002228  ]
 [ -25.832504    123.31567      -7.002228  ]
 [   0.14617263    0.031839      0.        ]
 [   0.            0.            0.1496    ]]

iter 06 cost=0.077256 -> 0.070353 |dtheta|=1.104787e-02  lambda=1.000e-06

============================================================
Iteration 7
============================================================
Theta offsets (Unity frame):
  Source   : dSx=   0.000, dSy=   0.000, dSz=   0.000  (mm)
  Object   : dOx= -14.002, dOy=   7.998, dOz= -21.987  (mm)
  Object offset: offset_x=  -0.003, offset_z=  -0.001  (mm)
  Detector : dDx=   0.000, dDy=   0.000, dDz=   0.000  (mm)
  Obj Stage rotY :   12.288 deg
============================================================

Unity geometry (world coordinates):
  Source   : x=  -2.000, y=  47.000, z=   0.000
  Object   : x=  -0.002, y=  39.998, z= 570.013
  Detector : x=   1.000, y=  47.000, z= 696.000
  Obj rotY :   0.0000 deg
view   0 | SOD= 570.058 mm | SDD= 696.006 mm | M= 1.221 | incident=0.2470°
[[ 119.36418    -557.3773       -7.002228  ]
 [ -25.832504    123.31567      -7.002228  ]
 [   0.14617263    0.031839      0.        ]
 [   0.            0.            0.1496    ]]
Residual vector length: 54, Jacobian shape: (54, 6)
view   0 | SOD= 570.070 mm | SDD= 696.006 mm | M= 1.221 | incident=0.2470°
[[ 119.42956    -557.37555      -7.0028534 ]
 [ -25.847427    123.30029      -7.0028534 ]
 [   0.14616887    0.03185624    0.        ]
 [   0.            0.            0.1496    ]]

iter 07 cost=0.070353 -> 0.069338 |dtheta|=1.317288e-02  lambda=1.000e-06

============================================================
Iteration 8
============================================================
Theta offsets (Unity frame):
  Source   : dSx=   0.000, dSy=   0.000, dSz=   0.000  (mm)
  Object   : dOx= -14.001, dOy=   7.997, dOz= -21.976  (mm)
  Object offset: offset_x=  -0.000, offset_z=  -0.000  (mm)
  Detector : dDx=   0.000, dDy=   0.000, dDz=   0.000  (mm)
  Obj Stage rotY :   12.295 deg
============================================================

Unity geometry (world coordinates):
  Source   : x=  -2.000, y=  47.000, z=   0.000
  Object   : x=  -0.001, y=  39.997, z= 570.024
  Detector : x=   1.000, y=  47.000, z= 696.000
  Obj rotY :   0.0000 deg
view   0 | SOD= 570.070 mm | SDD= 696.006 mm | M= 1.221 | incident=0.2470°
[[ 119.42956    -557.37555      -7.0028534 ]
 [ -25.847427    123.30029      -7.0028534 ]
 [   0.14616887    0.03185624    0.        ]
 [   0.            0.            0.1496    ]]
Residual vector length: 54, Jacobian shape: (54, 6)
view   0 | SOD= 570.056 mm | SDD= 696.006 mm | M= 1.221 | incident=0.2470°
[[ 119.39266    -557.3688       -7.0017357 ]
 [ -25.842136    123.316055     -7.0017357 ]
 [   0.14617085    0.03184718    0.        ]
 [   0.            0.            0.1496    ]]

iter 08 cost=0.069338 -> 0.075284 |dtheta|=1.409307e-02  lambda=1.000e-06

============================================================
Iteration 9
============================================================
Theta offsets (Unity frame):
  Source   : dSx=   0.000, dSy=   0.000, dSz=   0.000  (mm)
  Object   : dOx= -14.001, dOy=   7.997, dOz= -21.976  (mm)
  Object offset: offset_x=  -0.000, offset_z=  -0.000  (mm)
  Detector : dDx=   0.000, dDy=   0.000, dDz=   0.000  (mm)
  Obj Stage rotY :   12.295 deg
============================================================

Unity geometry (world coordinates):
  Source   : x=  -2.000, y=  47.000, z=   0.000
  Object   : x=  -0.001, y=  39.997, z= 570.024
  Detector : x=   1.000, y=  47.000, z= 696.000
  Obj rotY :   0.0000 deg
view   0 | SOD= 570.070 mm | SDD= 696.006 mm | M= 1.221 | incident=0.2470°
[[ 119.42956    -557.37555      -7.0028534 ]
 [ -25.847427    123.30029      -7.0028534 ]
 [   0.14616887    0.03185624    0.        ]
 [   0.            0.            0.1496    ]]
Residual vector length: 54, Jacobian shape: (54, 6)
view   0 | SOD= 570.056 mm | SDD= 696.006 mm | M= 1.221 | incident=0.2470°
[[ 119.39266    -557.3688       -7.0017357 ]
 [ -25.842136    123.316055     -7.0017357 ]
 [   0.14617085    0.03184718    0.        ]
 [   0.            0.            0.1496    ]]

iter 09 cost=0.069338 -> 0.075284 |dtheta|=1.409306e-02  lambda=5.000e-06

============================================================
Iteration 10
============================================================
Theta offsets (Unity frame):
  Source   : dSx=   0.000, dSy=   0.000, dSz=   0.000  (mm)
  Object   : dOx= -14.001, dOy=   7.997, dOz= -21.976  (mm)
  Object offset: offset_x=  -0.000, offset_z=  -0.000  (mm)
  Detector : dDx=   0.000, dDy=   0.000, dDz=   0.000  (mm)
  Obj Stage rotY :   12.295 deg
============================================================

Unity geometry (world coordinates):
  Source   : x=  -2.000, y=  47.000, z=   0.000
  Object   : x=  -0.001, y=  39.997, z= 570.024
  Detector : x=   1.000, y=  47.000, z= 696.000
  Obj rotY :   0.0000 deg
view   0 | SOD= 570.070 mm | SDD= 696.006 mm | M= 1.221 | incident=0.2470°
[[ 119.42956    -557.37555      -7.0028534 ]
 [ -25.847427    123.30029      -7.0028534 ]
 [   0.14616887    0.03185624    0.        ]
 [   0.            0.            0.1496    ]]
Residual vector length: 54, Jacobian shape: (54, 6)
view   0 | SOD= 570.056 mm | SDD= 696.006 mm | M= 1.221 | incident=0.2470°
[[ 119.39266    -557.3688       -7.0017357 ]
 [ -25.842136    123.316055     -7.0017357 ]
 [   0.14617085    0.03184718    0.        ]
 [   0.            0.            0.1496    ]]

iter 10 cost=0.069338 -> 0.075284 |dtheta|=1.409304e-02  lambda=2.500e-05

============================================================
Iteration 11
============================================================
Theta offsets (Unity frame):
  Source   : dSx=   0.000, dSy=   0.000, dSz=   0.000  (mm)
  Object   : dOx= -14.001, dOy=   7.997, dOz= -21.976  (mm)
  Object offset: offset_x=  -0.000, offset_z=  -0.000  (mm)
  Detector : dDx=   0.000, dDy=   0.000, dDz=   0.000  (mm)
  Obj Stage rotY :   12.295 deg
============================================================

Unity geometry (world coordinates):
  Source   : x=  -2.000, y=  47.000, z=   0.000
  Object   : x=  -0.001, y=  39.997, z= 570.024
  Detector : x=   1.000, y=  47.000, z= 696.000
  Obj rotY :   0.0000 deg
view   0 | SOD= 570.070 mm | SDD= 696.006 mm | M= 1.221 | incident=0.2470°
[[ 119.42956    -557.37555      -7.0028534 ]
 [ -25.847427    123.30029      -7.0028534 ]
 [   0.14616887    0.03185624    0.        ]
 [   0.            0.            0.1496    ]]
Residual vector length: 54, Jacobian shape: (54, 6)
view   0 | SOD= 570.056 mm | SDD= 696.006 mm | M= 1.221 | incident=0.2470°
[[ 119.39266    -557.3688       -7.0017357 ]
 [ -25.842136    123.316055     -7.0017357 ]
 [   0.14617085    0.03184718    0.        ]
 [   0.            0.            0.1496    ]]

iter 11 cost=0.069338 -> 0.075284 |dtheta|=1.409293e-02  lambda=1.250e-04

============================================================
Iteration 12
============================================================
Theta offsets (Unity frame):
  Source   : dSx=   0.000, dSy=   0.000, dSz=   0.000  (mm)
  Object   : dOx= -14.001, dOy=   7.997, dOz= -21.976  (mm)
  Object offset: offset_x=  -0.000, offset_z=  -0.000  (mm)
  Detector : dDx=   0.000, dDy=   0.000, dDz=   0.000  (mm)
  Obj Stage rotY :   12.295 deg
============================================================

Unity geometry (world coordinates):
  Source   : x=  -2.000, y=  47.000, z=   0.000
  Object   : x=  -0.001, y=  39.997, z= 570.024
  Detector : x=   1.000, y=  47.000, z= 696.000
  Obj rotY :   0.0000 deg
view   0 | SOD= 570.070 mm | SDD= 696.006 mm | M= 1.221 | incident=0.2470°
[[ 119.42956    -557.37555      -7.0028534 ]
 [ -25.847427    123.30029      -7.0028534 ]
 [   0.14616887    0.03185624    0.        ]
 [   0.            0.            0.1496    ]]
Residual vector length: 54, Jacobian shape: (54, 6)
view   0 | SOD= 570.056 mm | SDD= 696.006 mm | M= 1.221 | incident=0.2470°
[[ 119.39266    -557.3688       -7.0017357 ]
 [ -25.842136    123.316055     -7.0017357 ]
 [   0.14617085    0.03184718    0.        ]
 [   0.            0.            0.1496    ]]

iter 12 cost=0.069338 -> 0.075284 |dtheta|=1.409237e-02  lambda=6.250e-04

============================================================
Iteration 13
============================================================
Theta offsets (Unity frame):
  Source   : dSx=   0.000, dSy=   0.000, dSz=   0.000  (mm)
  Object   : dOx= -14.001, dOy=   7.997, dOz= -21.976  (mm)
  Object offset: offset_x=  -0.000, offset_z=  -0.000  (mm)
  Detector : dDx=   0.000, dDy=   0.000, dDz=   0.000  (mm)
  Obj Stage rotY :   12.295 deg
============================================================

Unity geometry (world coordinates):
  Source   : x=  -2.000, y=  47.000, z=   0.000
  Object   : x=  -0.001, y=  39.997, z= 570.024
  Detector : x=   1.000, y=  47.000, z= 696.000
  Obj rotY :   0.0000 deg
view   0 | SOD= 570.070 mm | SDD= 696.006 mm | M= 1.221 | incident=0.2470°
[[ 119.42956    -557.37555      -7.0028534 ]
 [ -25.847427    123.30029      -7.0028534 ]
 [   0.14616887    0.03185624    0.        ]
 [   0.            0.            0.1496    ]]
Residual vector length: 54, Jacobian shape: (54, 6)
view   0 | SOD= 570.056 mm | SDD= 696.006 mm | M= 1.221 | incident=0.2470°
[[ 119.39267    -557.3688       -7.0017357 ]
 [ -25.842136    123.316055     -7.0017357 ]
 [   0.14617085    0.03184718    0.        ]
 [   0.            0.            0.1496    ]]

iter 13 cost=0.069338 -> 0.075284 |dtheta|=1.408957e-02  lambda=3.125e-03

============================================================
Iteration 14
============================================================
Theta offsets (Unity frame):
  Source   : dSx=   0.000, dSy=   0.000, dSz=   0.000  (mm)
  Object   : dOx= -14.001, dOy=   7.997, dOz= -21.976  (mm)
  Object offset: offset_x=  -0.000, offset_z=  -0.000  (mm)
  Detector : dDx=   0.000, dDy=   0.000, dDz=   0.000  (mm)
  Obj Stage rotY :   12.295 deg
============================================================

Unity geometry (world coordinates):
  Source   : x=  -2.000, y=  47.000, z=   0.000
  Object   : x=  -0.001, y=  39.997, z= 570.024
  Detector : x=   1.000, y=  47.000, z= 696.000
  Obj rotY :   0.0000 deg
view   0 | SOD= 570.070 mm | SDD= 696.006 mm | M= 1.221 | incident=0.2470°
[[ 119.42956    -557.37555      -7.0028534 ]
 [ -25.847427    123.30029      -7.0028534 ]
 [   0.14616887    0.03185624    0.        ]
 [   0.            0.            0.1496    ]]
Residual vector length: 54, Jacobian shape: (54, 6)
view   0 | SOD= 570.056 mm | SDD= 696.006 mm | M= 1.221 | incident=0.2470°
[[ 119.39268    -557.3688       -7.0017357 ]
 [ -25.842138    123.316055     -7.0017357 ]
 [   0.14617085    0.03184719    0.        ]
 [   0.            0.            0.1496    ]]

iter 14 cost=0.069338 -> 0.075284 |dtheta|=1.407561e-02  lambda=1.562e-02

============================================================
Iteration 15
============================================================
Theta offsets (Unity frame):
  Source   : dSx=   0.000, dSy=   0.000, dSz=   0.000  (mm)
  Object   : dOx= -14.001, dOy=   7.997, dOz= -21.976  (mm)
  Object offset: offset_x=  -0.000, offset_z=  -0.000  (mm)
  Detector : dDx=   0.000, dDy=   0.000, dDz=   0.000  (mm)
  Obj Stage rotY :   12.295 deg
============================================================

Unity geometry (world coordinates):
  Source   : x=  -2.000, y=  47.000, z=   0.000
  Object   : x=  -0.001, y=  39.997, z= 570.024
  Detector : x=   1.000, y=  47.000, z= 696.000
  Obj rotY :   0.0000 deg
view   0 | SOD= 570.070 mm | SDD= 696.006 mm | M= 1.221 | incident=0.2470°
[[ 119.42956    -557.37555      -7.0028534 ]
 [ -25.847427    123.30029      -7.0028534 ]
 [   0.14616887    0.03185624    0.        ]
 [   0.            0.            0.1496    ]]
Residual vector length: 54, Jacobian shape: (54, 6)
view   0 | SOD= 570.056 mm | SDD= 696.006 mm | M= 1.221 | incident=0.2470°
[[ 119.39274    -557.36884      -7.0017395 ]
 [ -25.842136    123.315994     -7.0017395 ]
 [   0.14617084    0.0318472     0.        ]
 [   0.            0.            0.1496    ]]

iter 15 cost=0.069338 -> 0.075284 |dtheta|=1.400626e-02  lambda=7.812e-02

============================================================
Iteration 16
============================================================
Theta offsets (Unity frame):
  Source   : dSx=   0.000, dSy=   0.000, dSz=   0.000  (mm)
  Object   : dOx= -14.001, dOy=   7.997, dOz= -21.976  (mm)
  Object offset: offset_x=  -0.000, offset_z=  -0.000  (mm)
  Detector : dDx=   0.000, dDy=   0.000, dDz=   0.000  (mm)
  Obj Stage rotY :   12.295 deg
============================================================

Unity geometry (world coordinates):
  Source   : x=  -2.000, y=  47.000, z=   0.000
  Object   : x=  -0.001, y=  39.997, z= 570.024
  Detector : x=   1.000, y=  47.000, z= 696.000
  Obj rotY :   0.0000 deg
view   0 | SOD= 570.070 mm | SDD= 696.006 mm | M= 1.221 | incident=0.2470°
[[ 119.42956    -557.37555      -7.0028534 ]
 [ -25.847427    123.30029      -7.0028534 ]
 [   0.14616887    0.03185624    0.        ]
 [   0.            0.            0.1496    ]]
Residual vector length: 54, Jacobian shape: (54, 6)
view   0 | SOD= 570.056 mm | SDD= 696.006 mm | M= 1.221 | incident=0.2470°
[[ 119.393036   -557.36914      -7.001747  ]
 [ -25.842108    123.31563      -7.001747  ]
 [   0.14617082    0.03184725    0.        ]
 [   0.            0.            0.1496    ]]

iter 16 cost=0.069338 -> 0.075284 |dtheta|=1.367014e-02  lambda=3.906e-01

============================================================
Iteration 17
============================================================
Theta offsets (Unity frame):
  Source   : dSx=   0.000, dSy=   0.000, dSz=   0.000  (mm)
  Object   : dOx= -14.001, dOy=   7.997, dOz= -21.976  (mm)
  Object offset: offset_x=  -0.000, offset_z=  -0.000  (mm)
  Detector : dDx=   0.000, dDy=   0.000, dDz=   0.000  (mm)
  Obj Stage rotY :   12.295 deg
============================================================

Unity geometry (world coordinates):
  Source   : x=  -2.000, y=  47.000, z=   0.000
  Object   : x=  -0.001, y=  39.997, z= 570.024
  Detector : x=   1.000, y=  47.000, z= 696.000
  Obj rotY :   0.0000 deg
view   0 | SOD= 570.070 mm | SDD= 696.006 mm | M= 1.221 | incident=0.2470°
[[ 119.42956    -557.37555      -7.0028534 ]
 [ -25.847427    123.30029      -7.0028534 ]
 [   0.14616887    0.03185624    0.        ]
 [   0.            0.            0.1496    ]]
Residual vector length: 54, Jacobian shape: (54, 6)
view   0 | SOD= 570.058 mm | SDD= 696.006 mm | M= 1.221 | incident=0.2470°
[[ 119.39433    -557.37036      -7.001789  ]
 [ -25.842016    123.31415      -7.001789  ]
 [   0.14617078    0.03184751    0.        ]
 [   0.            0.            0.1496    ]]

iter 17 cost=0.069338 -> 0.075370 |dtheta|=1.221916e-02  lambda=1.953e+00

============================================================
Iteration 18
============================================================
Theta offsets (Unity frame):
  Source   : dSx=   0.000, dSy=   0.000, dSz=   0.000  (mm)
  Object   : dOx= -14.001, dOy=   7.997, dOz= -21.976  (mm)
  Object offset: offset_x=  -0.000, offset_z=  -0.000  (mm)
  Detector : dDx=   0.000, dDy=   0.000, dDz=   0.000  (mm)
  Obj Stage rotY :   12.295 deg
============================================================

Unity geometry (world coordinates):
  Source   : x=  -2.000, y=  47.000, z=   0.000
  Object   : x=  -0.001, y=  39.997, z= 570.024
  Detector : x=   1.000, y=  47.000, z= 696.000
  Obj rotY :   0.0000 deg
view   0 | SOD= 570.070 mm | SDD= 696.006 mm | M= 1.221 | incident=0.2470°
[[ 119.42956    -557.37555      -7.0028534 ]
 [ -25.847427    123.30029      -7.0028534 ]
 [   0.14616887    0.03185624    0.        ]
 [   0.            0.            0.1496    ]]
Residual vector length: 54, Jacobian shape: (54, 6)
view   0 | SOD= 570.062 mm | SDD= 696.006 mm | M= 1.221 | incident=0.2470°
[[ 119.39847    -557.3738       -7.0019035 ]
 [ -25.841854    123.30988      -7.0019035 ]
 [   0.14617059    0.03184837    0.        ]
 [   0.            0.            0.1496    ]]

iter 18 cost=0.069338 -> 0.076127 |dtheta|=8.143609e-03  lambda=9.766e+00

============================================================
Iteration 19
============================================================
Theta offsets (Unity frame):
  Source   : dSx=   0.000, dSy=   0.000, dSz=   0.000  (mm)
  Object   : dOx= -14.001, dOy=   7.997, dOz= -21.976  (mm)
  Object offset: offset_x=  -0.000, offset_z=  -0.000  (mm)
  Detector : dDx=   0.000, dDy=   0.000, dDz=   0.000  (mm)
  Obj Stage rotY :   12.295 deg
============================================================

Unity geometry (world coordinates):
  Source   : x=  -2.000, y=  47.000, z=   0.000
  Object   : x=  -0.001, y=  39.997, z= 570.024
  Detector : x=   1.000, y=  47.000, z= 696.000
  Obj rotY :   0.0000 deg
view   0 | SOD= 570.070 mm | SDD= 696.006 mm | M= 1.221 | incident=0.2470°
[[ 119.42956    -557.37555      -7.0028534 ]
 [ -25.847427    123.30029      -7.0028534 ]
 [   0.14616887    0.03185624    0.        ]
 [   0.            0.            0.1496    ]]
Residual vector length: 54, Jacobian shape: (54, 6)
view   0 | SOD= 570.067 mm | SDD= 696.006 mm | M= 1.221 | incident=0.2470°
[[ 119.406334   -557.37714      -7.00206   ]
 [ -25.842394    123.30472      -7.00206   ]
 [   0.1461702     0.03185017    0.        ]
 [   0.            0.            0.1496    ]]

iter 19 cost=0.069338 -> 0.076262 |dtheta|=3.705025e-03  lambda=4.883e+01

============================================================
Iteration 20
============================================================
Theta offsets (Unity frame):
  Source   : dSx=   0.000, dSy=   0.000, dSz=   0.000  (mm)
  Object   : dOx= -14.001, dOy=   7.997, dOz= -21.976  (mm)
  Object offset: offset_x=  -0.000, offset_z=  -0.000  (mm)
  Detector : dDx=   0.000, dDy=   0.000, dDz=   0.000  (mm)
  Obj Stage rotY :   12.295 deg
============================================================

Unity geometry (world coordinates):
  Source   : x=  -2.000, y=  47.000, z=   0.000
  Object   : x=  -0.001, y=  39.997, z= 570.024
  Detector : x=   1.000, y=  47.000, z= 696.000
  Obj rotY :   0.0000 deg
view   0 | SOD= 570.070 mm | SDD= 696.006 mm | M= 1.221 | incident=0.2470°
[[ 119.42956    -557.37555      -7.0028534 ]
 [ -25.847427    123.30029      -7.0028534 ]
 [   0.14616887    0.03185624    0.        ]
 [   0.            0.            0.1496    ]]
Residual vector length: 54, Jacobian shape: (54, 6)
view   0 | SOD= 570.069 mm | SDD= 696.006 mm | M= 1.221 | incident=0.2470°
[[ 119.417625   -557.3769       -7.002224  ]
 [ -25.844576    123.30208      -7.002224  ]
 [   0.14616957    0.03185306    0.        ]
 [   0.            0.            0.1496    ]]

iter 20 cost=0.069338 -> 0.067886 |dtheta|=1.657218e-03  lambda=2.441e+02

============================================================
Iteration 21
============================================================
Theta offsets (Unity frame):
  Source   : dSx=   0.000, dSy=   0.000, dSz=   0.000  (mm)
  Object   : dOx= -14.001, dOy=   7.998, dOz= -21.977  (mm)
  Object offset: offset_x=  -0.001, offset_z=  -0.001  (mm)
  Detector : dDx=   0.000, dDy=   0.000, dDz=   0.000  (mm)
  Obj Stage rotY :   12.294 deg
============================================================

Unity geometry (world coordinates):
  Source   : x=  -2.000, y=  47.000, z=   0.000
  Object   : x=  -0.001, y=  39.998, z= 570.023
  Detector : x=   1.000, y=  47.000, z= 696.000
  Obj rotY :   0.0000 deg
view   0 | SOD= 570.069 mm | SDD= 696.006 mm | M= 1.221 | incident=0.2470°
[[ 119.417625   -557.3769       -7.002224  ]
 [ -25.844576    123.30208      -7.002224  ]
 [   0.14616957    0.03185306    0.        ]
 [   0.            0.            0.1496    ]]
Residual vector length: 54, Jacobian shape: (54, 6)
view   0 | SOD= 570.067 mm | SDD= 696.006 mm | M= 1.221 | incident=0.2470°
[[ 119.39861    -557.3794       -7.002857  ]
 [ -25.84111     123.30442      -7.002857  ]
 [   0.14617062    0.03184824    0.        ]
 [   0.            0.            0.1496    ]]

iter 21 cost=0.067886 -> 0.069433 |dtheta|=2.330331e-03  lambda=8.138e+01

============================================================
Iteration 22
============================================================
Theta offsets (Unity frame):
  Source   : dSx=   0.000, dSy=   0.000, dSz=   0.000  (mm)
  Object   : dOx= -14.001, dOy=   7.998, dOz= -21.977  (mm)
  Object offset: offset_x=  -0.001, offset_z=  -0.001  (mm)
  Detector : dDx=   0.000, dDy=   0.000, dDz=   0.000  (mm)
  Obj Stage rotY :   12.294 deg
============================================================

Unity geometry (world coordinates):
  Source   : x=  -2.000, y=  47.000, z=   0.000
  Object   : x=  -0.001, y=  39.998, z= 570.023
  Detector : x=   1.000, y=  47.000, z= 696.000
  Obj rotY :   0.0000 deg
view   0 | SOD= 570.069 mm | SDD= 696.006 mm | M= 1.221 | incident=0.2470°
[[ 119.417625   -557.3769       -7.002224  ]
 [ -25.844576    123.30208      -7.002224  ]
 [   0.14616957    0.03185306    0.        ]
 [   0.            0.            0.1496    ]]
Residual vector length: 54, Jacobian shape: (54, 6)
view   0 | SOD= 570.068 mm | SDD= 696.006 mm | M= 1.221 | incident=0.2470°
[[ 119.40909    -557.3781       -7.002743  ]
 [ -25.843143    123.30299      -7.002743  ]
 [   0.14617004    0.03185093    0.        ]
 [   0.            0.            0.1496    ]]

iter 22 cost=0.067886 -> 0.067304 |dtheta|=1.102944e-03  lambda=4.069e+02

============================================================
Iteration 23
============================================================
Theta offsets (Unity frame):
  Source   : dSx=   0.000, dSy=   0.000, dSz=   0.000  (mm)
  Object   : dOx= -14.001, dOy=   7.997, dOz= -21.977  (mm)
  Object offset: offset_x=  -0.001, offset_z=  -0.001  (mm)
  Detector : dDx=   0.000, dDy=   0.000, dDz=   0.000  (mm)
  Obj Stage rotY :   12.293 deg
============================================================

Unity geometry (world coordinates):
  Source   : x=  -2.000, y=  47.000, z=   0.000
  Object   : x=  -0.001, y=  39.997, z= 570.023
  Detector : x=   1.000, y=  47.000, z= 696.000
  Obj rotY :   0.0000 deg
view   0 | SOD= 570.068 mm | SDD= 696.006 mm | M= 1.221 | incident=0.2470°
[[ 119.40909    -557.3781       -7.002743  ]
 [ -25.843143    123.30299      -7.002743  ]
 [   0.14617004    0.03185093    0.        ]
 [   0.            0.            0.1496    ]]
Residual vector length: 54, Jacobian shape: (54, 6)
view   0 | SOD= 570.067 mm | SDD= 696.006 mm | M= 1.221 | incident=0.2470°
[[ 119.40625    -557.3778       -7.0024414 ]
 [ -25.842007    123.30418      -7.0024414 ]
 [   0.14617021    0.03185007    0.        ]
 [   0.            0.            0.1496    ]]

iter 23 cost=0.067304 -> 0.062147 |dtheta|=1.045371e-03  lambda=1.356e+02

============================================================
Iteration 24
============================================================
Theta offsets (Unity frame):
  Source   : dSx=   0.000, dSy=   0.000, dSz=   0.000  (mm)
  Object   : dOx= -14.001, dOy=   7.998, dOz= -21.978  (mm)
  Object offset: offset_x=  -0.001, offset_z=  -0.001  (mm)
  Detector : dDx=   0.000, dDy=   0.000, dDz=   0.000  (mm)
  Obj Stage rotY :   12.292 deg
============================================================

Unity geometry (world coordinates):
  Source   : x=  -2.000, y=  47.000, z=   0.000
  Object   : x=  -0.001, y=  39.998, z= 570.022
  Detector : x=   1.000, y=  47.000, z= 696.000
  Obj rotY :   0.0000 deg
view   0 | SOD= 570.067 mm | SDD= 696.006 mm | M= 1.221 | incident=0.2470°
[[ 119.40625    -557.3778       -7.0024414 ]
 [ -25.842007    123.30418      -7.0024414 ]
 [   0.14617021    0.03185007    0.        ]
 [   0.            0.            0.1496    ]]
Residual vector length: 54, Jacobian shape: (54, 6)
view   0 | SOD= 570.067 mm | SDD= 696.006 mm | M= 1.221 | incident=0.2470°
[[ 119.423355   -557.3733       -7.0025864 ]
 [ -25.846756    123.303986     -7.0025864 ]
 [   0.1461692     0.03185476    0.        ]
 [   0.            0.            0.1496    ]]

iter 24 cost=0.062147 -> 0.063304 |dtheta|=2.150052e-03  lambda=4.521e+01

============================================================
Iteration 25
============================================================
Theta offsets (Unity frame):
  Source   : dSx=   0.000, dSy=   0.000, dSz=   0.000  (mm)
  Object   : dOx= -14.001, dOy=   7.998, dOz= -21.978  (mm)
  Object offset: offset_x=  -0.001, offset_z=  -0.001  (mm)
  Detector : dDx=   0.000, dDy=   0.000, dDz=   0.000  (mm)
  Obj Stage rotY :   12.292 deg
============================================================

Unity geometry (world coordinates):
  Source   : x=  -2.000, y=  47.000, z=   0.000
  Object   : x=  -0.001, y=  39.998, z= 570.022
  Detector : x=   1.000, y=  47.000, z= 696.000
  Obj rotY :   0.0000 deg
view   0 | SOD= 570.067 mm | SDD= 696.006 mm | M= 1.221 | incident=0.2470°
[[ 119.40625    -557.3778       -7.0024414 ]
 [ -25.842007    123.30418      -7.0024414 ]
 [   0.14617021    0.03185007    0.        ]
 [   0.            0.            0.1496    ]]
Residual vector length: 54, Jacobian shape: (54, 6)
view   0 | SOD= 570.067 mm | SDD= 696.006 mm | M= 1.221 | incident=0.2470°
[[ 119.41625    -557.37555      -7.0025864 ]
 [ -25.844833    123.3037       -7.0025864 ]
 [   0.14616962    0.03185283    0.        ]
 [   0.            0.            0.1496    ]]

iter 25 cost=0.062147 -> 0.068543 |dtheta|=1.189138e-03  lambda=2.261e+02

============================================================
Iteration 26
============================================================
Theta offsets (Unity frame):
  Source   : dSx=   0.000, dSy=   0.000, dSz=   0.000  (mm)
  Object   : dOx= -14.001, dOy=   7.998, dOz= -21.978  (mm)
  Object offset: offset_x=  -0.001, offset_z=  -0.001  (mm)
  Detector : dDx=   0.000, dDy=   0.000, dDz=   0.000  (mm)
  Obj Stage rotY :   12.292 deg
============================================================

Unity geometry (world coordinates):
  Source   : x=  -2.000, y=  47.000, z=   0.000
  Object   : x=  -0.001, y=  39.998, z= 570.022
  Detector : x=   1.000, y=  47.000, z= 696.000
  Obj rotY :   0.0000 deg
view   0 | SOD= 570.067 mm | SDD= 696.006 mm | M= 1.221 | incident=0.2470°
[[ 119.40625    -557.3778       -7.0024414 ]
 [ -25.842007    123.30418      -7.0024414 ]
 [   0.14617021    0.03185007    0.        ]
 [   0.            0.            0.1496    ]]
Residual vector length: 54, Jacobian shape: (54, 6)
view   0 | SOD= 570.067 mm | SDD= 696.006 mm | M= 1.221 | incident=0.2470°
[[ 119.409386   -557.37714      -7.002533  ]
 [ -25.842997    123.30396      -7.002533  ]
 [   0.14617002    0.03185096    0.        ]
 [   0.            0.            0.1496    ]]

iter 26 cost=0.062147 -> 0.069742 |dtheta|=4.193462e-04  lambda=1.130e+03

============================================================
Iteration 27
============================================================
Theta offsets (Unity frame):
  Source   : dSx=   0.000, dSy=   0.000, dSz=   0.000  (mm)
  Object   : dOx= -14.001, dOy=   7.998, dOz= -21.978  (mm)
  Object offset: offset_x=  -0.001, offset_z=  -0.001  (mm)
  Detector : dDx=   0.000, dDy=   0.000, dDz=   0.000  (mm)
  Obj Stage rotY :   12.292 deg
============================================================

Unity geometry (world coordinates):
  Source   : x=  -2.000, y=  47.000, z=   0.000
  Object   : x=  -0.001, y=  39.998, z= 570.022
  Detector : x=   1.000, y=  47.000, z= 696.000
  Obj rotY :   0.0000 deg
view   0 | SOD= 570.067 mm | SDD= 696.006 mm | M= 1.221 | incident=0.2470°
[[ 119.40625    -557.3778       -7.0024414 ]
 [ -25.842007    123.30418      -7.0024414 ]
 [   0.14617021    0.03185007    0.        ]
 [   0.            0.            0.1496    ]]
Residual vector length: 54, Jacobian shape: (54, 6)
view   0 | SOD= 570.067 mm | SDD= 696.006 mm | M= 1.221 | incident=0.2470°
[[ 119.406944   -557.3776       -7.0024757 ]
 [ -25.84225     123.30412      -7.0024757 ]
 [   0.14617017    0.03185027    0.        ]
 [   0.            0.            0.1496    ]]

iter 27 cost=0.062147 -> 0.067639 |dtheta|=1.077421e-04  lambda=5.651e+03

============================================================
Iteration 28
============================================================
Theta offsets (Unity frame):
  Source   : dSx=   0.000, dSy=   0.000, dSz=   0.000  (mm)
  Object   : dOx= -14.001, dOy=   7.998, dOz= -21.978  (mm)
  Object offset: offset_x=  -0.001, offset_z=  -0.001  (mm)
  Detector : dDx=   0.000, dDy=   0.000, dDz=   0.000  (mm)
  Obj Stage rotY :   12.292 deg
============================================================

Unity geometry (world coordinates):
  Source   : x=  -2.000, y=  47.000, z=   0.000
  Object   : x=  -0.001, y=  39.998, z= 570.022
  Detector : x=   1.000, y=  47.000, z= 696.000
  Obj rotY :   0.0000 deg
view   0 | SOD= 570.067 mm | SDD= 696.006 mm | M= 1.221 | incident=0.2470°
[[ 119.40625    -557.3778       -7.0024414 ]
 [ -25.842007    123.30418      -7.0024414 ]
 [   0.14617021    0.03185007    0.        ]
 [   0.            0.            0.1496    ]]
Residual vector length: 54, Jacobian shape: (54, 6)
view   0 | SOD= 570.067 mm | SDD= 696.006 mm | M= 1.221 | incident=0.2470°
[[ 119.406395   -557.37775      -7.002449  ]
 [ -25.842058    123.30416      -7.002449  ]
 [   0.14617021    0.03185011    0.        ]
 [   0.            0.            0.1496    ]]

iter 28 cost=0.062147 -> 0.061574 |dtheta|=2.327540e-05  lambda=2.826e+04

============================================================
Iteration 29
============================================================
Theta offsets (Unity frame):
  Source   : dSx=   0.000, dSy=   0.000, dSz=   0.000  (mm)
  Object   : dOx= -14.001, dOy=   7.998, dOz= -21.978  (mm)
  Object offset: offset_x=  -0.001, offset_z=  -0.001  (mm)
  Detector : dDx=   0.000, dDy=   0.000, dDz=   0.000  (mm)
  Obj Stage rotY :   12.292 deg
============================================================

Unity geometry (world coordinates):
  Source   : x=  -2.000, y=  47.000, z=   0.000
  Object   : x=  -0.001, y=  39.998, z= 570.022
  Detector : x=   1.000, y=  47.000, z= 696.000
  Obj rotY :   0.0000 deg
view   0 | SOD= 570.067 mm | SDD= 696.006 mm | M= 1.221 | incident=0.2470°
[[ 119.406395   -557.37775      -7.002449  ]
 [ -25.842058    123.30416      -7.002449  ]
 [   0.14617021    0.03185011    0.        ]
 [   0.            0.            0.1496    ]]
Residual vector length: 54, Jacobian shape: (54, 6)
view   0 | SOD= 570.067 mm | SDD= 696.006 mm | M= 1.221 | incident=0.2470°
[[ 119.40675    -557.3777       -7.002472  ]
 [ -25.842188    123.30414      -7.002472  ]
 [   0.14617018    0.03185022    0.        ]
 [   0.            0.            0.1496    ]]

iter 29 cost=0.061574 -> 0.067639 |dtheta|=6.123423e-05  lambda=9.419e+03

============================================================
Iteration 30
============================================================
Theta offsets (Unity frame):
  Source   : dSx=   0.000, dSy=   0.000, dSz=   0.000  (mm)
  Object   : dOx= -14.001, dOy=   7.998, dOz= -21.978  (mm)
  Object offset: offset_x=  -0.001, offset_z=  -0.001  (mm)
  Detector : dDx=   0.000, dDy=   0.000, dDz=   0.000  (mm)
  Obj Stage rotY :   12.292 deg
============================================================

Unity geometry (world coordinates):
  Source   : x=  -2.000, y=  47.000, z=   0.000
  Object   : x=  -0.001, y=  39.998, z= 570.022
  Detector : x=   1.000, y=  47.000, z= 696.000
  Obj rotY :   0.0000 deg
view   0 | SOD= 570.067 mm | SDD= 696.006 mm | M= 1.221 | incident=0.2470°
[[ 119.406395   -557.37775      -7.002449  ]
 [ -25.842058    123.30416      -7.002449  ]
 [   0.14617021    0.03185011    0.        ]
 [   0.            0.            0.1496    ]]
Residual vector length: 54, Jacobian shape: (54, 6)
view   0 | SOD= 570.067 mm | SDD= 696.006 mm | M= 1.221 | incident=0.2470°
[[ 119.40646    -557.37775      -7.0024567 ]
 [ -25.842085    123.30416      -7.0024567 ]
 [   0.1461702     0.03185013    0.        ]
 [   0.            0.            0.1496    ]]

iter 30 cost=0.061574 -> 0.064492 |dtheta|=1.283585e-05  lambda=4.710e+04

============================================================
Iteration 31
============================================================
Theta offsets (Unity frame):
  Source   : dSx=   0.000, dSy=   0.000, dSz=   0.000  (mm)
  Object   : dOx= -14.001, dOy=   7.998, dOz= -21.978  (mm)
  Object offset: offset_x=  -0.001, offset_z=  -0.001  (mm)
  Detector : dDx=   0.000, dDy=   0.000, dDz=   0.000  (mm)
  Obj Stage rotY :   12.292 deg
============================================================

Unity geometry (world coordinates):
  Source   : x=  -2.000, y=  47.000, z=   0.000
  Object   : x=  -0.001, y=  39.998, z= 570.022
  Detector : x=   1.000, y=  47.000, z= 696.000
  Obj rotY :   0.0000 deg
view   0 | SOD= 570.067 mm | SDD= 696.006 mm | M= 1.221 | incident=0.2470°
[[ 119.406395   -557.37775      -7.002449  ]
 [ -25.842058    123.30416      -7.002449  ]
 [   0.14617021    0.03185011    0.        ]
 [   0.            0.            0.1496    ]]
Residual vector length: 54, Jacobian shape: (54, 6)
view   0 | SOD= 570.067 mm | SDD= 696.006 mm | M= 1.221 | incident=0.2470°
[[ 119.40641    -557.37775      -7.002453  ]
 [ -25.842064    123.30416      -7.002453  ]
 [   0.14617021    0.03185012    0.        ]
 [   0.            0.            0.1496    ]]

iter 31 cost=0.061574 -> 0.062147 |dtheta|=2.593207e-06  lambda=2.355e+05

============================================================
Iteration 32
============================================================
Theta offsets (Unity frame):
  Source   : dSx=   0.000, dSy=   0.000, dSz=   0.000  (mm)
  Object   : dOx= -14.001, dOy=   7.998, dOz= -21.978  (mm)
  Object offset: offset_x=  -0.001, offset_z=  -0.001  (mm)
  Detector : dDx=   0.000, dDy=   0.000, dDz=   0.000  (mm)
  Obj Stage rotY :   12.292 deg
============================================================

Unity geometry (world coordinates):
  Source   : x=  -2.000, y=  47.000, z=   0.000
  Object   : x=  -0.001, y=  39.998, z= 570.022
  Detector : x=   1.000, y=  47.000, z= 696.000
  Obj rotY :   0.0000 deg
view   0 | SOD= 570.067 mm | SDD= 696.006 mm | M= 1.221 | incident=0.2470°
[[ 119.406395   -557.37775      -7.002449  ]
 [ -25.842058    123.30416      -7.002449  ]
 [   0.14617021    0.03185011    0.        ]
 [   0.            0.            0.1496    ]]
Residual vector length: 54, Jacobian shape: (54, 6)
view   0 | SOD= 570.067 mm | SDD= 696.006 mm | M= 1.221 | incident=0.2470°
[[ 119.406395   -557.37775      -7.002449  ]
 [ -25.842058    123.30416      -7.002449  ]
 [   0.14617021    0.03185011    0.        ]
 [   0.            0.            0.1496    ]]

iter 32 cost=0.061574 -> 0.061574 |dtheta|=6.118324e-07  lambda=1.000e+06
Converged.

Estimated theta:
  dSx: +0.000000
  dSy: +0.000000
  dOx: -14.001265
  dOy: +7.997550
  dOz: -21.977851
  dDx: +0.000000
  dDy: +0.000000
  dDz: +0.000000
alpha: +1.229246e+01 deg)
offset_x: -0.000825
offset_z: -0.001218

Final cost table:
Fake theta: [  0.    0.  -14.    8.  -22.    0.    0.    0.   12.3   0.    0. ]
Final estimated theta: [  0.           0.         -14.00126464   7.99754957 -21.97785107
   0.           0.           0.          12.29246113  -0.00082486
  -0.00121785]
Diff from Expected: [ 0.          0.         -0.00126464 -0.00245043  0.02214893  0.
  0.          0.         -0.00753906 -0.00082486 -0.00121785]
################################################################################

