
################################################################################
Running scenario=Scan11 Projections=360 Used=36, K=5


============================================================
Iteration 0
============================================================
delta offsets (Unity frame):
  Source   : dSx=   0.000, dSy=   0.000, dSz=   0.000  (mm)
  Object   : dOx=   0.000, dOy=   0.000, dOz=   0.000  (mm)
  Object offset: offset_x=   0.000, offset_z=   0.000  (mm)
  Detector : dDx=   0.000, dDy=   0.000, dDz=   0.000  (mm)
  Obj Stage rotY :    0.000 deg
============================================================

Unity geometry (world coordinates):
  Source   : x=   0.000, y=  29.997, z=   0.000
  Object   : x=   0.541, y=  20.000, z= 600.000
  Detector : x=  -6.002, y=  33.656, z= 959.000
  Obj rotY :  -4.5698 deg

Initial calibration:
  Source   : x=   0.000, y=   0.000, z=   0.000
  Object   : x=   0.000, y=   0.000, z=   0.000
  Detector : x=  25.318, y=   6.310, z=  40.001

After Calibration: 

Unity geometry (world coordinates):
  Source   : x=   0.000, y=  29.997, z=   0.000
  Object   : x=   0.541, y=  20.000, z= 600.000
  Detector : x=  19.316, y=  39.966, z= 999.001
  Obj rotY :  -4.5698 deg
view   0 | SOD= 600.084 mm | SDD= 999.237 mm | M= 1.665 | incident=1.2464°
[[ -48.342674   -598.04956      -9.997368  ]
 [  50.50566     396.23645     -19.965702  ]
 [   0.14912441   -0.01191922    0.        ]
 [   0.            0.            0.1496    ]]
Residual vector length: 540, Jacobian shape: (540, 6)
view   0 | SOD= 642.582 mm | SDD= 999.237 mm | M= 1.555 | incident=1.2464°
[[ -73.837616   -638.3189       -2.8341446 ]
 [  42.368332    354.0882      -12.802479  ]
 [   0.1488934    -0.01452298    0.        ]
 [   0.            0.            0.1496    ]]
/vol/home/s3777103/Documents/workspace/Thesis/AutoCalibration/gauss_newton_real.py:319: FutureWarning: The behavior of DataFrame concatenation with empty or all-NA entries is deprecated. In a future version, this will no longer exclude empty or all-NA columns when determining the result dtypes. To retain the old behavior, exclude the relevant entries before the concat operation.
  df_r0 = pd.concat([df_r0, df_iter], ignore_index=True)

iter 00 cost=2301055.971798 -> 323064.629935 |ddelta|=3.669780e+01  lambda=1.000e-02

============================================================
Iteration 1
============================================================
delta offsets (Unity frame):
  Source   : dSx=   0.000, dSy=   0.000, dSz=   0.000  (mm)
  Object   : dOx=   0.258, dOy=   7.163, dOz=  33.014  (mm)
  Object offset: offset_x=   9.936, offset_z=  10.283  (mm)
  Detector : dDx=   0.000, dDy=   0.000, dDz=   0.000  (mm)
  Obj Stage rotY :   -1.001 deg
============================================================

Unity geometry (world coordinates):
  Source   : x=   0.000, y=  29.997, z=   0.000
  Object   : x=   0.799, y=  27.163, z= 633.014
  Detector : x=  -6.002, y=  33.656, z= 959.000
  Obj rotY :  -4.5698 deg

Initial calibration:
  Source   : x=   0.000, y=   0.000, z=   0.000
  Object   : x=   0.000, y=   0.000, z=   0.000
  Detector : x=  25.318, y=   6.310, z=  40.001

After Calibration: 

Unity geometry (world coordinates):
  Source   : x=   0.000, y=  29.997, z=   0.000
  Object   : x=   0.799, y=  27.163, z= 633.014
  Detector : x=  19.316, y=  39.966, z= 999.001
  Obj rotY :  -4.5698 deg
view   0 | SOD= 642.582 mm | SDD= 999.237 mm | M= 1.555 | incident=1.2464°
[[ -73.837616   -638.3189       -2.8341446 ]
 [  42.368332    354.0882      -12.802479  ]
 [   0.1488934    -0.01452298    0.        ]
 [   0.            0.            0.1496    ]]
Residual vector length: 540, Jacobian shape: (540, 6)
view   0 | SOD= 629.741 mm | SDD= 999.237 mm | M= 1.587 | incident=1.2464°
[[ -33.45488    -628.80786      -7.4264107 ]
 [  18.004993    369.05365     -17.394745  ]
 [   0.14952248   -0.00481512    0.        ]
 [   0.            0.            0.1496    ]]

iter 01 cost=323064.629935 -> 104415.733174 |ddelta|=1.630227e+01  lambda=3.333e-03

============================================================
Iteration 2
============================================================
delta offsets (Unity frame):
  Source   : dSx=   0.000, dSy=   0.000, dSz=   0.000  (mm)
  Object   : dOx=  -0.258, dOy=   2.571, dOz=  18.121  (mm)
  Object offset: offset_x=  11.964, offset_z=  12.431  (mm)
  Detector : dDx=   0.000, dDy=   0.000, dDz=   0.000  (mm)
  Obj Stage rotY :    2.725 deg
============================================================

Unity geometry (world coordinates):
  Source   : x=   0.000, y=  29.997, z=   0.000
  Object   : x=   0.283, y=  22.571, z= 618.121
  Detector : x=  -6.002, y=  33.656, z= 959.000
  Obj rotY :  -4.5698 deg

Initial calibration:
  Source   : x=   0.000, y=   0.000, z=   0.000
  Object   : x=   0.000, y=   0.000, z=   0.000
  Detector : x=  25.318, y=   6.310, z=  40.001

After Calibration: 

Unity geometry (world coordinates):
  Source   : x=   0.000, y=  29.997, z=   0.000
  Object   : x=   0.283, y=  22.571, z= 618.121
  Detector : x=  19.316, y=  39.966, z= 999.001
  Obj rotY :  -4.5698 deg
view   0 | SOD= 629.741 mm | SDD= 999.237 mm | M= 1.587 | incident=1.2464°
[[ -33.45488    -628.80786      -7.4264107 ]
 [  18.004993    369.05365     -17.394745  ]
 [   0.14952248   -0.00481512    0.        ]
 [   0.            0.            0.1496    ]]
Residual vector length: 540, Jacobian shape: (540, 6)
view   0 | SOD= 627.661 mm | SDD= 999.237 mm | M= 1.592 | incident=1.2464°
[[ -13.23638    -627.50433      -4.574585  ]
 [   4.4626327   371.5264      -14.542919  ]
 [   0.1495998     0.00024205    0.        ]
 [   0.            0.            0.1496    ]]

iter 02 cost=104415.733174 -> 58783.292227 |ddelta|=4.632694e+00  lambda=1.111e-03

============================================================
Iteration 3
============================================================
delta offsets (Unity frame):
  Source   : dSx=   0.000, dSy=   0.000, dSz=   0.000  (mm)
  Object   : dOx=  -0.094, dOy=   5.423, dOz=  15.266  (mm)
  Object offset: offset_x=  12.789, offset_z=  13.278  (mm)
  Detector : dDx=   0.000, dDy=   0.000, dDz=   0.000  (mm)
  Obj Stage rotY :    4.663 deg
============================================================

Unity geometry (world coordinates):
  Source   : x=   0.000, y=  29.997, z=   0.000
  Object   : x=   0.446, y=  25.423, z= 615.266
  Detector : x=  -6.002, y=  33.656, z= 959.000
  Obj rotY :  -4.5698 deg

Initial calibration:
  Source   : x=   0.000, y=   0.000, z=   0.000
  Object   : x=   0.000, y=   0.000, z=   0.000
  Detector : x=  25.318, y=   6.310, z=  40.001

After Calibration: 

Unity geometry (world coordinates):
  Source   : x=   0.000, y=  29.997, z=   0.000
  Object   : x=   0.446, y=  25.423, z= 615.266
  Detector : x=  19.316, y=  39.966, z= 999.001
  Obj rotY :  -4.5698 deg
view   0 | SOD= 627.661 mm | SDD= 999.237 mm | M= 1.592 | incident=1.2464°
[[ -13.23638    -627.50433      -4.574585  ]
 [   4.4626327   371.5264      -14.542919  ]
 [   0.1495998     0.00024205    0.        ]
 [   0.            0.            0.1496    ]]
Residual vector length: 540, Jacobian shape: (540, 6)
view   0 | SOD= 627.783 mm | SDD= 999.237 mm | M= 1.592 | incident=1.2464°
[[   7.786928   -627.7014       -6.4627533 ]
 [  -9.172666    371.34213     -16.431087  ]
 [   0.14950141    0.00543027    0.        ]
 [   0.            0.            0.1496    ]]

iter 03 cost=58783.292227 -> 42717.909027 |ddelta|=2.880420e+00  lambda=3.704e-04

============================================================
Iteration 4
============================================================
delta offsets (Unity frame):
  Source   : dSx=   0.000, dSy=   0.000, dSz=   0.000  (mm)
  Object   : dOx=   0.094, dOy=   3.535, dOz=  14.849  (mm)
  Object offset: offset_x=  13.309, offset_z=  13.826  (mm)
  Detector : dDx=   0.000, dDy=   0.000, dDz=   0.000  (mm)
  Obj Stage rotY :    6.650 deg
============================================================

Unity geometry (world coordinates):
  Source   : x=   0.000, y=  29.997, z=   0.000
  Object   : x=   0.635, y=  23.535, z= 614.849
  Detector : x=  -6.002, y=  33.656, z= 959.000
  Obj rotY :  -4.5698 deg

Initial calibration:
  Source   : x=   0.000, y=   0.000, z=   0.000
  Object   : x=   0.000, y=   0.000, z=   0.000
  Detector : x=  25.318, y=   6.310, z=  40.001

After Calibration: 

Unity geometry (world coordinates):
  Source   : x=   0.000, y=  29.997, z=   0.000
  Object   : x=   0.635, y=  23.535, z= 614.849
  Detector : x=  19.316, y=  39.966, z= 999.001
  Obj rotY :  -4.5698 deg
view   0 | SOD= 627.783 mm | SDD= 999.237 mm | M= 1.592 | incident=1.2464°
[[   7.786928   -627.7014       -6.4627533 ]
 [  -9.172666    371.34213     -16.431087  ]
 [   0.14950141    0.00543027    0.        ]
 [   0.            0.            0.1496    ]]
Residual vector length: 540, Jacobian shape: (540, 6)
view   0 | SOD= 627.839 mm | SDD= 999.237 mm | M= 1.592 | incident=1.2464°
[[  17.956419   -627.56256      -5.0102024 ]
 [ -15.507072    371.06445     -14.978537  ]
 [   0.14939128    0.00789959    0.        ]
 [   0.            0.            0.1496    ]]

iter 04 cost=42717.909027 -> 39476.104808 |ddelta|=1.769740e+00  lambda=1.235e-04

============================================================
Iteration 5
============================================================
delta offsets (Unity frame):
  Source   : dSx=   0.000, dSy=   0.000, dSz=   0.000  (mm)
  Object   : dOx=   0.040, dOy=   4.987, dOz=  14.716  (mm)
  Object offset: offset_x=  13.551, offset_z=  14.043  (mm)
  Detector : dDx=   0.000, dDy=   0.000, dDz=   0.000  (mm)
  Obj Stage rotY :    7.597 deg
============================================================

Unity geometry (world coordinates):
  Source   : x=   0.000, y=  29.997, z=   0.000
  Object   : x=   0.581, y=  24.987, z= 614.716
  Detector : x=  -6.002, y=  33.656, z= 959.000
  Obj rotY :  -4.5698 deg

Initial calibration:
  Source   : x=   0.000, y=   0.000, z=   0.000
  Object   : x=   0.000, y=   0.000, z=   0.000
  Detector : x=  25.318, y=   6.310, z=  40.001

After Calibration: 

Unity geometry (world coordinates):
  Source   : x=   0.000, y=  29.997, z=   0.000
  Object   : x=   0.581, y=  24.987, z= 614.716
  Detector : x=  19.316, y=  39.966, z= 999.001
  Obj rotY :  -4.5698 deg
view   0 | SOD= 627.839 mm | SDD= 999.237 mm | M= 1.592 | incident=1.2464°
[[  17.956419   -627.56256      -5.0102024 ]
 [ -15.507072    371.06445     -14.978537  ]
 [   0.14939128    0.00789959    0.        ]
 [   0.            0.            0.1496    ]]
Residual vector length: 540, Jacobian shape: (540, 6)
view   0 | SOD= 628.855 mm | SDD= 999.237 mm | M= 1.589 | incident=1.2464°
[[  27.672094  -628.214       -6.3211994]
 [ -21.020685   369.78635    -16.289534 ]
 [   0.1492534    0.0101775    0.       ]
 [   0.           0.           0.1496   ]]

iter 05 cost=39476.104808 -> 38820.970292 |ddelta|=2.008523e+00  lambda=4.115e-05

============================================================
Iteration 6
============================================================
delta offsets (Unity frame):
  Source   : dSx=   0.000, dSy=   0.000, dSz=   0.000  (mm)
  Object   : dOx=  -0.131, dOy=   3.676, dOz=  15.929  (mm)
  Object offset: offset_x=  13.661, offset_z=  13.844  (mm)
  Detector : dDx=   0.000, dDy=   0.000, dDz=   0.000  (mm)
  Obj Stage rotY :    8.471 deg
============================================================

Unity geometry (world coordinates):
  Source   : x=   0.000, y=  29.997, z=   0.000
  Object   : x=   0.410, y=  23.676, z= 615.929
  Detector : x=  -6.002, y=  33.656, z= 959.000
  Obj rotY :  -4.5698 deg

Initial calibration:
  Source   : x=   0.000, y=   0.000, z=   0.000
  Object   : x=   0.000, y=   0.000, z=   0.000
  Detector : x=  25.318, y=   6.310, z=  40.001

After Calibration: 

Unity geometry (world coordinates):
  Source   : x=   0.000, y=  29.997, z=   0.000
  Object   : x=   0.410, y=  23.676, z= 615.929
  Detector : x=  19.316, y=  39.966, z= 999.001
  Obj rotY :  -4.5698 deg
view   0 | SOD= 628.855 mm | SDD= 999.237 mm | M= 1.589 | incident=1.2464°
[[  27.672094  -628.214       -6.3211994]
 [ -21.020685   369.78635    -16.289534 ]
 [   0.1492534    0.0101775    0.       ]
 [   0.           0.           0.1496   ]]
Residual vector length: 540, Jacobian shape: (540, 6)
view   0 | SOD= 627.504 mm | SDD= 999.237 mm | M= 1.592 | incident=1.2464°
[[  37.608593   -626.3546       -5.1670685 ]
 [ -27.352686    370.71893     -15.135403  ]
 [   0.14906758    0.01261011    0.        ]
 [   0.            0.            0.1496    ]]

iter 06 cost=38820.970292 -> 36736.624099 |ddelta|=2.441497e+00  lambda=1.372e-05

============================================================
Iteration 7
============================================================
delta offsets (Unity frame):
  Source   : dSx=   0.000, dSy=   0.000, dSz=   0.000  (mm)
  Object   : dOx=   0.083, dOy=   4.830, dOz=  14.072  (mm)
  Object offset: offset_x=  13.599, offset_z=  14.352  (mm)
  Detector : dDx=   0.000, dDy=   0.000, dDz=   0.000  (mm)
  Obj Stage rotY :    9.405 deg
============================================================

Unity geometry (world coordinates):
  Source   : x=   0.000, y=  29.997, z=   0.000
  Object   : x=   0.623, y=  24.830, z= 614.072
  Detector : x=  -6.002, y=  33.656, z= 959.000
  Obj rotY :  -4.5698 deg

Initial calibration:
  Source   : x=   0.000, y=   0.000, z=   0.000
  Object   : x=   0.000, y=   0.000, z=   0.000
  Detector : x=  25.318, y=   6.310, z=  40.001

After Calibration: 

Unity geometry (world coordinates):
  Source   : x=   0.000, y=  29.997, z=   0.000
  Object   : x=   0.623, y=  24.830, z= 614.072
  Detector : x=  19.316, y=  39.966, z= 999.001
  Obj rotY :  -4.5698 deg
view   0 | SOD= 627.504 mm | SDD= 999.237 mm | M= 1.592 | incident=1.2464°
[[  37.608593   -626.3546       -5.1670685 ]
 [ -27.352686    370.71893     -15.135403  ]
 [   0.14906758    0.01261011    0.        ]
 [   0.            0.            0.1496    ]]
Residual vector length: 540, Jacobian shape: (540, 6)
view   0 | SOD= 626.843 mm | SDD= 999.237 mm | M= 1.594 | incident=1.2464°
[[  39.604923   -625.55963      -6.2128925 ]
 [ -28.134222    371.32904     -16.181227  ]
 [   0.14903188    0.01302541    0.        ]
 [   0.            0.            0.1496    ]]

iter 07 cost=36736.624099 -> 36923.490081 |ddelta|=1.194128e+00  lambda=4.572e-06

============================================================
Iteration 8
============================================================
delta offsets (Unity frame):
  Source   : dSx=   0.000, dSy=   0.000, dSz=   0.000  (mm)
  Object   : dOx=   0.083, dOy=   4.830, dOz=  14.072  (mm)
  Object offset: offset_x=  13.599, offset_z=  14.352  (mm)
  Detector : dDx=   0.000, dDy=   0.000, dDz=   0.000  (mm)
  Obj Stage rotY :    9.405 deg
============================================================

Unity geometry (world coordinates):
  Source   : x=   0.000, y=  29.997, z=   0.000
  Object   : x=   0.623, y=  24.830, z= 614.072
  Detector : x=  -6.002, y=  33.656, z= 959.000
  Obj rotY :  -4.5698 deg

Initial calibration:
  Source   : x=   0.000, y=   0.000, z=   0.000
  Object   : x=   0.000, y=   0.000, z=   0.000
  Detector : x=  25.318, y=   6.310, z=  40.001

After Calibration: 

Unity geometry (world coordinates):
  Source   : x=   0.000, y=  29.997, z=   0.000
  Object   : x=   0.623, y=  24.830, z= 614.072
  Detector : x=  19.316, y=  39.966, z= 999.001
  Obj rotY :  -4.5698 deg
view   0 | SOD= 627.504 mm | SDD= 999.237 mm | M= 1.592 | incident=1.2464°
[[  37.608593   -626.3546       -5.1670685 ]
 [ -27.352686    370.71893     -15.135403  ]
 [   0.14906758    0.01261011    0.        ]
 [   0.            0.            0.1496    ]]
Residual vector length: 540, Jacobian shape: (540, 6)
view   0 | SOD= 626.843 mm | SDD= 999.237 mm | M= 1.594 | incident=1.2464°
[[  39.604923   -625.55963      -6.2128925 ]
 [ -28.134222    371.32904     -16.181227  ]
 [   0.14903188    0.01302541    0.        ]
 [   0.            0.            0.1496    ]]

iter 08 cost=36736.624099 -> 36923.490081 |ddelta|=1.194128e+00  lambda=2.286e-05

============================================================
Iteration 9
============================================================
delta offsets (Unity frame):
  Source   : dSx=   0.000, dSy=   0.000, dSz=   0.000  (mm)
  Object   : dOx=   0.083, dOy=   4.830, dOz=  14.072  (mm)
  Object offset: offset_x=  13.599, offset_z=  14.352  (mm)
  Detector : dDx=   0.000, dDy=   0.000, dDz=   0.000  (mm)
  Obj Stage rotY :    9.405 deg
============================================================

Unity geometry (world coordinates):
  Source   : x=   0.000, y=  29.997, z=   0.000
  Object   : x=   0.623, y=  24.830, z= 614.072
  Detector : x=  -6.002, y=  33.656, z= 959.000
  Obj rotY :  -4.5698 deg

Initial calibration:
  Source   : x=   0.000, y=   0.000, z=   0.000
  Object   : x=   0.000, y=   0.000, z=   0.000
  Detector : x=  25.318, y=   6.310, z=  40.001

After Calibration: 

Unity geometry (world coordinates):
  Source   : x=   0.000, y=  29.997, z=   0.000
  Object   : x=   0.623, y=  24.830, z= 614.072
  Detector : x=  19.316, y=  39.966, z= 999.001
  Obj rotY :  -4.5698 deg
view   0 | SOD= 627.504 mm | SDD= 999.237 mm | M= 1.592 | incident=1.2464°
[[  37.608593   -626.3546       -5.1670685 ]
 [ -27.352686    370.71893     -15.135403  ]
 [   0.14906758    0.01261011    0.        ]
 [   0.            0.            0.1496    ]]
Residual vector length: 540, Jacobian shape: (540, 6)
view   0 | SOD= 626.843 mm | SDD= 999.237 mm | M= 1.594 | incident=1.2464°
[[  39.604923   -625.55963      -6.2128925 ]
 [ -28.13422     371.32904     -16.181227  ]
 [   0.14903188    0.01302541    0.        ]
 [   0.            0.            0.1496    ]]

iter 09 cost=36736.624099 -> 36923.490081 |ddelta|=1.194128e+00  lambda=1.143e-04

============================================================
Iteration 10
============================================================
delta offsets (Unity frame):
  Source   : dSx=   0.000, dSy=   0.000, dSz=   0.000  (mm)
  Object   : dOx=   0.083, dOy=   4.830, dOz=  14.072  (mm)
  Object offset: offset_x=  13.599, offset_z=  14.352  (mm)
  Detector : dDx=   0.000, dDy=   0.000, dDz=   0.000  (mm)
  Obj Stage rotY :    9.405 deg
============================================================

Unity geometry (world coordinates):
  Source   : x=   0.000, y=  29.997, z=   0.000
  Object   : x=   0.623, y=  24.830, z= 614.072
  Detector : x=  -6.002, y=  33.656, z= 959.000
  Obj rotY :  -4.5698 deg

Initial calibration:
  Source   : x=   0.000, y=   0.000, z=   0.000
  Object   : x=   0.000, y=   0.000, z=   0.000
  Detector : x=  25.318, y=   6.310, z=  40.001

After Calibration: 

Unity geometry (world coordinates):
  Source   : x=   0.000, y=  29.997, z=   0.000
  Object   : x=   0.623, y=  24.830, z= 614.072
  Detector : x=  19.316, y=  39.966, z= 999.001
  Obj rotY :  -4.5698 deg
view   0 | SOD= 627.504 mm | SDD= 999.237 mm | M= 1.592 | incident=1.2464°
[[  37.608593   -626.3546       -5.1670685 ]
 [ -27.352686    370.71893     -15.135403  ]
 [   0.14906758    0.01261011    0.        ]
 [   0.            0.            0.1496    ]]
Residual vector length: 540, Jacobian shape: (540, 6)
view   0 | SOD= 626.843 mm | SDD= 999.237 mm | M= 1.594 | incident=1.2464°
[[  39.604923   -625.55963      -6.2128925 ]
 [ -28.13422     371.32904     -16.181227  ]
 [   0.14903188    0.01302541    0.        ]
 [   0.            0.            0.1496    ]]

iter 10 cost=36736.624099 -> 36923.490081 |ddelta|=1.194127e+00  lambda=5.716e-04

============================================================
Iteration 11
============================================================
delta offsets (Unity frame):
  Source   : dSx=   0.000, dSy=   0.000, dSz=   0.000  (mm)
  Object   : dOx=   0.083, dOy=   4.830, dOz=  14.072  (mm)
  Object offset: offset_x=  13.599, offset_z=  14.352  (mm)
  Detector : dDx=   0.000, dDy=   0.000, dDz=   0.000  (mm)
  Obj Stage rotY :    9.405 deg
============================================================

Unity geometry (world coordinates):
  Source   : x=   0.000, y=  29.997, z=   0.000
  Object   : x=   0.623, y=  24.830, z= 614.072
  Detector : x=  -6.002, y=  33.656, z= 959.000
  Obj rotY :  -4.5698 deg

Initial calibration:
  Source   : x=   0.000, y=   0.000, z=   0.000
  Object   : x=   0.000, y=   0.000, z=   0.000
  Detector : x=  25.318, y=   6.310, z=  40.001

After Calibration: 

Unity geometry (world coordinates):
  Source   : x=   0.000, y=  29.997, z=   0.000
  Object   : x=   0.623, y=  24.830, z= 614.072
  Detector : x=  19.316, y=  39.966, z= 999.001
  Obj rotY :  -4.5698 deg
view   0 | SOD= 627.504 mm | SDD= 999.237 mm | M= 1.592 | incident=1.2464°
[[  37.608593   -626.3546       -5.1670685 ]
 [ -27.352686    370.71893     -15.135403  ]
 [   0.14906758    0.01261011    0.        ]
 [   0.            0.            0.1496    ]]
Residual vector length: 540, Jacobian shape: (540, 6)
view   0 | SOD= 626.843 mm | SDD= 999.237 mm | M= 1.594 | incident=1.2464°
[[  39.60492    -625.55963      -6.2128925 ]
 [ -28.13422     371.32904     -16.181227  ]
 [   0.14903188    0.0130254     0.        ]
 [   0.            0.            0.1496    ]]

iter 11 cost=36736.624099 -> 36923.490081 |ddelta|=1.194124e+00  lambda=2.858e-03

============================================================
Iteration 12
============================================================
delta offsets (Unity frame):
  Source   : dSx=   0.000, dSy=   0.000, dSz=   0.000  (mm)
  Object   : dOx=   0.083, dOy=   4.830, dOz=  14.072  (mm)
  Object offset: offset_x=  13.599, offset_z=  14.352  (mm)
  Detector : dDx=   0.000, dDy=   0.000, dDz=   0.000  (mm)
  Obj Stage rotY :    9.405 deg
============================================================

Unity geometry (world coordinates):
  Source   : x=   0.000, y=  29.997, z=   0.000
  Object   : x=   0.623, y=  24.830, z= 614.072
  Detector : x=  -6.002, y=  33.656, z= 959.000
  Obj rotY :  -4.5698 deg

Initial calibration:
  Source   : x=   0.000, y=   0.000, z=   0.000
  Object   : x=   0.000, y=   0.000, z=   0.000
  Detector : x=  25.318, y=   6.310, z=  40.001

After Calibration: 

Unity geometry (world coordinates):
  Source   : x=   0.000, y=  29.997, z=   0.000
  Object   : x=   0.623, y=  24.830, z= 614.072
  Detector : x=  19.316, y=  39.966, z= 999.001
  Obj rotY :  -4.5698 deg
view   0 | SOD= 627.504 mm | SDD= 999.237 mm | M= 1.592 | incident=1.2464°
[[  37.608593   -626.3546       -5.1670685 ]
 [ -27.352686    370.71893     -15.135403  ]
 [   0.14906758    0.01261011    0.        ]
 [   0.            0.            0.1496    ]]
Residual vector length: 540, Jacobian shape: (540, 6)
view   0 | SOD= 626.843 mm | SDD= 999.237 mm | M= 1.594 | incident=1.2464°
[[  39.604916   -625.5597       -6.2128906 ]
 [ -28.134212    371.32898     -16.181225  ]
 [   0.14903188    0.0130254     0.        ]
 [   0.            0.            0.1496    ]]

iter 12 cost=36736.624099 -> 36923.059620 |ddelta|=1.194108e+00  lambda=1.429e-02

============================================================
Iteration 13
============================================================
delta offsets (Unity frame):
  Source   : dSx=   0.000, dSy=   0.000, dSz=   0.000  (mm)
  Object   : dOx=   0.083, dOy=   4.830, dOz=  14.072  (mm)
  Object offset: offset_x=  13.599, offset_z=  14.352  (mm)
  Detector : dDx=   0.000, dDy=   0.000, dDz=   0.000  (mm)
  Obj Stage rotY :    9.405 deg
============================================================

Unity geometry (world coordinates):
  Source   : x=   0.000, y=  29.997, z=   0.000
  Object   : x=   0.623, y=  24.830, z= 614.072
  Detector : x=  -6.002, y=  33.656, z= 959.000
  Obj rotY :  -4.5698 deg

Initial calibration:
  Source   : x=   0.000, y=   0.000, z=   0.000
  Object   : x=   0.000, y=   0.000, z=   0.000
  Detector : x=  25.318, y=   6.310, z=  40.001

After Calibration: 

Unity geometry (world coordinates):
  Source   : x=   0.000, y=  29.997, z=   0.000
  Object   : x=   0.623, y=  24.830, z= 614.072
  Detector : x=  19.316, y=  39.966, z= 999.001
  Obj rotY :  -4.5698 deg
view   0 | SOD= 627.504 mm | SDD= 999.237 mm | M= 1.592 | incident=1.2464°
[[  37.608593   -626.3546       -5.1670685 ]
 [ -27.352686    370.71893     -15.135403  ]
 [   0.14906758    0.01261011    0.        ]
 [   0.            0.            0.1496    ]]
Residual vector length: 540, Jacobian shape: (540, 6)
view   0 | SOD= 626.843 mm | SDD= 999.237 mm | M= 1.594 | incident=1.2464°
[[  39.604897   -625.56         -6.212887  ]
 [ -28.13417     371.32867     -16.181221  ]
 [   0.14903188    0.01302539    0.        ]
 [   0.            0.            0.1496    ]]

iter 13 cost=36736.624099 -> 36924.677634 |ddelta|=1.194025e+00  lambda=7.144e-02

============================================================
Iteration 14
============================================================
delta offsets (Unity frame):
  Source   : dSx=   0.000, dSy=   0.000, dSz=   0.000  (mm)
  Object   : dOx=   0.083, dOy=   4.830, dOz=  14.072  (mm)
  Object offset: offset_x=  13.599, offset_z=  14.352  (mm)
  Detector : dDx=   0.000, dDy=   0.000, dDz=   0.000  (mm)
  Obj Stage rotY :    9.405 deg
============================================================

Unity geometry (world coordinates):
  Source   : x=   0.000, y=  29.997, z=   0.000
  Object   : x=   0.623, y=  24.830, z= 614.072
  Detector : x=  -6.002, y=  33.656, z= 959.000
  Obj rotY :  -4.5698 deg

Initial calibration:
  Source   : x=   0.000, y=   0.000, z=   0.000
  Object   : x=   0.000, y=   0.000, z=   0.000
  Detector : x=  25.318, y=   6.310, z=  40.001

After Calibration: 

Unity geometry (world coordinates):
  Source   : x=   0.000, y=  29.997, z=   0.000
  Object   : x=   0.623, y=  24.830, z= 614.072
  Detector : x=  19.316, y=  39.966, z= 999.001
  Obj rotY :  -4.5698 deg
view   0 | SOD= 627.504 mm | SDD= 999.237 mm | M= 1.592 | incident=1.2464°
[[  37.608593   -626.3546       -5.1670685 ]
 [ -27.352686    370.71893     -15.135403  ]
 [   0.14906758    0.01261011    0.        ]
 [   0.            0.            0.1496    ]]
Residual vector length: 540, Jacobian shape: (540, 6)
view   0 | SOD= 626.845 mm | SDD= 999.237 mm | M= 1.594 | incident=1.2464°
[[  39.604763   -625.5613       -6.21286   ]
 [ -28.133984    371.32748     -16.181194  ]
 [   0.14903188    0.01302535    0.        ]
 [   0.            0.            0.1496    ]]

iter 14 cost=36736.624099 -> 36921.018141 |ddelta|=1.193613e+00  lambda=3.572e-01

============================================================
Iteration 15
============================================================
delta offsets (Unity frame):
  Source   : dSx=   0.000, dSy=   0.000, dSz=   0.000  (mm)
  Object   : dOx=   0.083, dOy=   4.830, dOz=  14.072  (mm)
  Object offset: offset_x=  13.599, offset_z=  14.352  (mm)
  Detector : dDx=   0.000, dDy=   0.000, dDz=   0.000  (mm)
  Obj Stage rotY :    9.405 deg
============================================================

Unity geometry (world coordinates):
  Source   : x=   0.000, y=  29.997, z=   0.000
  Object   : x=   0.623, y=  24.830, z= 614.072
  Detector : x=  -6.002, y=  33.656, z= 959.000
  Obj rotY :  -4.5698 deg

Initial calibration:
  Source   : x=   0.000, y=   0.000, z=   0.000
  Object   : x=   0.000, y=   0.000, z=   0.000
  Detector : x=  25.318, y=   6.310, z=  40.001

After Calibration: 

Unity geometry (world coordinates):
  Source   : x=   0.000, y=  29.997, z=   0.000
  Object   : x=   0.623, y=  24.830, z= 614.072
  Detector : x=  19.316, y=  39.966, z= 999.001
  Obj rotY :  -4.5698 deg
view   0 | SOD= 627.504 mm | SDD= 999.237 mm | M= 1.592 | incident=1.2464°
[[  37.608593   -626.3546       -5.1670685 ]
 [ -27.352686    370.71893     -15.135403  ]
 [   0.14906758    0.01261011    0.        ]
 [   0.            0.            0.1496    ]]
Residual vector length: 540, Jacobian shape: (540, 6)
view   0 | SOD= 626.851 mm | SDD= 999.237 mm | M= 1.594 | incident=1.2464°
[[  39.60407    -625.5674       -6.2127266 ]
 [ -28.133032    371.3214      -16.18106   ]
 [   0.14903189    0.0130251     0.        ]
 [   0.            0.            0.1496    ]]

iter 15 cost=36736.624099 -> 36923.541973 |ddelta|=1.191605e+00  lambda=1.786e+00

============================================================
Iteration 16
============================================================
delta offsets (Unity frame):
  Source   : dSx=   0.000, dSy=   0.000, dSz=   0.000  (mm)
  Object   : dOx=   0.083, dOy=   4.830, dOz=  14.072  (mm)
  Object offset: offset_x=  13.599, offset_z=  14.352  (mm)
  Detector : dDx=   0.000, dDy=   0.000, dDz=   0.000  (mm)
  Obj Stage rotY :    9.405 deg
============================================================

Unity geometry (world coordinates):
  Source   : x=   0.000, y=  29.997, z=   0.000
  Object   : x=   0.623, y=  24.830, z= 614.072
  Detector : x=  -6.002, y=  33.656, z= 959.000
  Obj rotY :  -4.5698 deg

Initial calibration:
  Source   : x=   0.000, y=   0.000, z=   0.000
  Object   : x=   0.000, y=   0.000, z=   0.000
  Detector : x=  25.318, y=   6.310, z=  40.001

After Calibration: 

Unity geometry (world coordinates):
  Source   : x=   0.000, y=  29.997, z=   0.000
  Object   : x=   0.623, y=  24.830, z= 614.072
  Detector : x=  19.316, y=  39.966, z= 999.001
  Obj rotY :  -4.5698 deg
view   0 | SOD= 627.504 mm | SDD= 999.237 mm | M= 1.592 | incident=1.2464°
[[  37.608593   -626.3546       -5.1670685 ]
 [ -27.352686    370.71893     -15.135403  ]
 [   0.14906758    0.01261011    0.        ]
 [   0.            0.            0.1496    ]]
Residual vector length: 540, Jacobian shape: (540, 6)
view   0 | SOD= 626.878 mm | SDD= 999.237 mm | M= 1.594 | incident=1.2464°
[[  39.599686   -625.5955       -6.212059  ]
 [ -28.12799     371.29395     -16.180393  ]
 [   0.14903203    0.01302369    0.        ]
 [   0.            0.            0.1496    ]]

iter 16 cost=36736.624099 -> 36907.850924 |ddelta|=1.182674e+00  lambda=8.931e+00

============================================================
Iteration 17
============================================================
delta offsets (Unity frame):
  Source   : dSx=   0.000, dSy=   0.000, dSz=   0.000  (mm)
  Object   : dOx=   0.083, dOy=   4.830, dOz=  14.072  (mm)
  Object offset: offset_x=  13.599, offset_z=  14.352  (mm)
  Detector : dDx=   0.000, dDy=   0.000, dDz=   0.000  (mm)
  Obj Stage rotY :    9.405 deg
============================================================

Unity geometry (world coordinates):
  Source   : x=   0.000, y=  29.997, z=   0.000
  Object   : x=   0.623, y=  24.830, z= 614.072
  Detector : x=  -6.002, y=  33.656, z= 959.000
  Obj rotY :  -4.5698 deg

Initial calibration:
  Source   : x=   0.000, y=   0.000, z=   0.000
  Object   : x=   0.000, y=   0.000, z=   0.000
  Detector : x=  25.318, y=   6.310, z=  40.001

After Calibration: 

Unity geometry (world coordinates):
  Source   : x=   0.000, y=  29.997, z=   0.000
  Object   : x=   0.623, y=  24.830, z= 614.072
  Detector : x=  19.316, y=  39.966, z= 999.001
  Obj rotY :  -4.5698 deg
view   0 | SOD= 627.504 mm | SDD= 999.237 mm | M= 1.592 | incident=1.2464°
[[  37.608593   -626.3546       -5.1670685 ]
 [ -27.352686    370.71893     -15.135403  ]
 [   0.14906758    0.01261011    0.        ]
 [   0.            0.            0.1496    ]]
Residual vector length: 540, Jacobian shape: (540, 6)
view   0 | SOD= 626.974 mm | SDD= 999.237 mm | M= 1.594 | incident=1.2464°
[[  39.563965   -625.6933       -6.2086105 ]
 [ -28.098625    371.2006      -16.176945  ]
 [   0.14903288    0.01301396    0.        ]
 [   0.            0.            0.1496    ]]

iter 17 cost=36736.624099 -> 36842.460113 |ddelta|=1.154796e+00  lambda=4.465e+01

============================================================
Iteration 18
============================================================
delta offsets (Unity frame):
  Source   : dSx=   0.000, dSy=   0.000, dSz=   0.000  (mm)
  Object   : dOx=   0.083, dOy=   4.830, dOz=  14.072  (mm)
  Object offset: offset_x=  13.599, offset_z=  14.352  (mm)
  Detector : dDx=   0.000, dDy=   0.000, dDz=   0.000  (mm)
  Obj Stage rotY :    9.405 deg
============================================================

Unity geometry (world coordinates):
  Source   : x=   0.000, y=  29.997, z=   0.000
  Object   : x=   0.623, y=  24.830, z= 614.072
  Detector : x=  -6.002, y=  33.656, z= 959.000
  Obj rotY :  -4.5698 deg

Initial calibration:
  Source   : x=   0.000, y=   0.000, z=   0.000
  Object   : x=   0.000, y=   0.000, z=   0.000
  Detector : x=  25.318, y=   6.310, z=  40.001

After Calibration: 

Unity geometry (world coordinates):
  Source   : x=   0.000, y=  29.997, z=   0.000
  Object   : x=   0.623, y=  24.830, z= 614.072
  Detector : x=  19.316, y=  39.966, z= 999.001
  Obj rotY :  -4.5698 deg
view   0 | SOD= 627.504 mm | SDD= 999.237 mm | M= 1.592 | incident=1.2464°
[[  37.608593   -626.3546       -5.1670685 ]
 [ -27.352686    370.71893     -15.135403  ]
 [   0.14906758    0.01261011    0.        ]
 [   0.            0.            0.1496    ]]
Residual vector length: 540, Jacobian shape: (540, 6)
view   0 | SOD= 627.131 mm | SDD= 999.237 mm | M= 1.593 | incident=1.2464°
[[  39.33558    -625.8652       -6.1908646 ]
 [ -27.95223     371.05408     -16.159199  ]
 [   0.14903775    0.01295793    0.        ]
 [   0.            0.            0.1496    ]]

iter 18 cost=36736.624099 -> 36595.981574 |ddelta|=1.108550e+00  lambda=2.233e+02

============================================================
Iteration 19
============================================================
delta offsets (Unity frame):
  Source   : dSx=   0.000, dSy=   0.000, dSz=   0.000  (mm)
  Object   : dOx=  -0.198, dOy=   3.807, dOz=  13.966  (mm)
  Object offset: offset_x=  13.602, offset_z=  14.083  (mm)
  Detector : dDx=   0.000, dDy=   0.000, dDz=   0.000  (mm)
  Obj Stage rotY :    9.539 deg
============================================================

Unity geometry (world coordinates):
  Source   : x=   0.000, y=  29.997, z=   0.000
  Object   : x=   0.343, y=  23.807, z= 613.966
  Detector : x=  -6.002, y=  33.656, z= 959.000
  Obj rotY :  -4.5698 deg

Initial calibration:
  Source   : x=   0.000, y=   0.000, z=   0.000
  Object   : x=   0.000, y=   0.000, z=   0.000
  Detector : x=  25.318, y=   6.310, z=  40.001

After Calibration: 

Unity geometry (world coordinates):
  Source   : x=   0.000, y=  29.997, z=   0.000
  Object   : x=   0.343, y=  23.807, z= 613.966
  Detector : x=  19.316, y=  39.966, z= 999.001
  Obj rotY :  -4.5698 deg
view   0 | SOD= 627.131 mm | SDD= 999.237 mm | M= 1.593 | incident=1.2464°
[[  39.33558    -625.8652       -6.1908646 ]
 [ -27.95223     371.05408     -16.159199  ]
 [   0.14903775    0.01295793    0.        ]
 [   0.            0.            0.1496    ]]
Residual vector length: 540, Jacobian shape: (540, 6)
view   0 | SOD= 628.321 mm | SDD= 999.237 mm | M= 1.590 | incident=1.2464°
[[  35.381832   -627.30194      -5.2274    ]
 [ -25.957191    370.00104     -15.195734  ]
 [   0.1491124     0.01206855    0.        ]
 [   0.            0.            0.1496    ]]

iter 19 cost=36595.981574 -> 36693.004890 |ddelta|=1.478966e+00  lambda=7.442e+01

============================================================
Iteration 20
============================================================
delta offsets (Unity frame):
  Source   : dSx=   0.000, dSy=   0.000, dSz=   0.000  (mm)
  Object   : dOx=  -0.198, dOy=   3.807, dOz=  13.966  (mm)
  Object offset: offset_x=  13.602, offset_z=  14.083  (mm)
  Detector : dDx=   0.000, dDy=   0.000, dDz=   0.000  (mm)
  Obj Stage rotY :    9.539 deg
============================================================

Unity geometry (world coordinates):
  Source   : x=   0.000, y=  29.997, z=   0.000
  Object   : x=   0.343, y=  23.807, z= 613.966
  Detector : x=  -6.002, y=  33.656, z= 959.000
  Obj rotY :  -4.5698 deg

Initial calibration:
  Source   : x=   0.000, y=   0.000, z=   0.000
  Object   : x=   0.000, y=   0.000, z=   0.000
  Detector : x=  25.318, y=   6.310, z=  40.001

After Calibration: 

Unity geometry (world coordinates):
  Source   : x=   0.000, y=  29.997, z=   0.000
  Object   : x=   0.343, y=  23.807, z= 613.966
  Detector : x=  19.316, y=  39.966, z= 999.001
  Obj rotY :  -4.5698 deg
view   0 | SOD= 627.131 mm | SDD= 999.237 mm | M= 1.593 | incident=1.2464°
[[  39.33558    -625.8652       -6.1908646 ]
 [ -27.95223     371.05408     -16.159199  ]
 [   0.14903775    0.01295793    0.        ]
 [   0.            0.            0.1496    ]]
Residual vector length: 540, Jacobian shape: (540, 6)
view   0 | SOD= 627.681 mm | SDD= 999.237 mm | M= 1.592 | incident=1.2464°
[[  36.314384   -626.60785      -5.2484436 ]
 [ -26.553055    370.59995     -15.216778  ]
 [   0.14909373    0.01229707    0.        ]
 [   0.            0.            0.1496    ]]

iter 20 cost=36595.981574 -> 36311.152232 |ddelta|=1.128167e+00  lambda=3.721e+02

============================================================
Iteration 21
============================================================
delta offsets (Unity frame):
  Source   : dSx=   0.000, dSy=   0.000, dSz=   0.000  (mm)
  Object   : dOx=   0.189, dOy=   4.749, dOz=  14.308  (mm)
  Object offset: offset_x=  13.491, offset_z=  14.284  (mm)
  Detector : dDx=   0.000, dDy=   0.000, dDz=   0.000  (mm)
  Obj Stage rotY :    9.285 deg
============================================================

Unity geometry (world coordinates):
  Source   : x=   0.000, y=  29.997, z=   0.000
  Object   : x=   0.730, y=  24.749, z= 614.308
  Detector : x=  -6.002, y=  33.656, z= 959.000
  Obj rotY :  -4.5698 deg

Initial calibration:
  Source   : x=   0.000, y=   0.000, z=   0.000
  Object   : x=   0.000, y=   0.000, z=   0.000
  Detector : x=  25.318, y=   6.310, z=  40.001

After Calibration: 

Unity geometry (world coordinates):
  Source   : x=   0.000, y=  29.997, z=   0.000
  Object   : x=   0.730, y=  24.749, z= 614.308
  Detector : x=  19.316, y=  39.966, z= 999.001
  Obj rotY :  -4.5698 deg
view   0 | SOD= 627.681 mm | SDD= 999.237 mm | M= 1.592 | incident=1.2464°
[[  36.314384   -626.60785      -5.2484436 ]
 [ -26.553055    370.59995     -15.216778  ]
 [   0.14909373    0.01229707    0.        ]
 [   0.            0.            0.1496    ]]
Residual vector length: 540, Jacobian shape: (540, 6)
view   0 | SOD= 627.959 mm | SDD= 999.237 mm | M= 1.591 | incident=1.2464°
[[  40.094585   -626.64575      -6.282398  ]
 [ -28.493021    370.18494     -16.250732  ]
 [   0.14902073    0.01315225    0.        ]
 [   0.            0.            0.1496    ]]

iter 21 cost=36311.152232 -> 38438.305878 |ddelta|=1.423396e+00  lambda=1.240e+02

============================================================
Iteration 22
============================================================
delta offsets (Unity frame):
  Source   : dSx=   0.000, dSy=   0.000, dSz=   0.000  (mm)
  Object   : dOx=   0.189, dOy=   4.749, dOz=  14.308  (mm)
  Object offset: offset_x=  13.491, offset_z=  14.284  (mm)
  Detector : dDx=   0.000, dDy=   0.000, dDz=   0.000  (mm)
  Obj Stage rotY :    9.285 deg
============================================================

Unity geometry (world coordinates):
  Source   : x=   0.000, y=  29.997, z=   0.000
  Object   : x=   0.730, y=  24.749, z= 614.308
  Detector : x=  -6.002, y=  33.656, z= 959.000
  Obj rotY :  -4.5698 deg

Initial calibration:
  Source   : x=   0.000, y=   0.000, z=   0.000
  Object   : x=   0.000, y=   0.000, z=   0.000
  Detector : x=  25.318, y=   6.310, z=  40.001

After Calibration: 

Unity geometry (world coordinates):
  Source   : x=   0.000, y=  29.997, z=   0.000
  Object   : x=   0.730, y=  24.749, z= 614.308
  Detector : x=  19.316, y=  39.966, z= 999.001
  Obj rotY :  -4.5698 deg
view   0 | SOD= 627.681 mm | SDD= 999.237 mm | M= 1.592 | incident=1.2464°
[[  36.314384   -626.60785      -5.2484436 ]
 [ -26.553055    370.59995     -15.216778  ]
 [   0.14909373    0.01229707    0.        ]
 [   0.            0.            0.1496    ]]
Residual vector length: 540, Jacobian shape: (540, 6)
view   0 | SOD= 627.539 mm | SDD= 999.237 mm | M= 1.592 | incident=1.2464°
[[  38.773205   -626.3093       -6.228895  ]
 [ -27.746439    370.66147     -16.19723   ]
 [   0.14904769    0.01284309    0.        ]
 [   0.            0.            0.1496    ]]

iter 22 cost=36311.152232 -> 37599.667166 |ddelta|=1.203887e+00  lambda=6.202e+02

============================================================
Iteration 23
============================================================
delta offsets (Unity frame):
  Source   : dSx=   0.000, dSy=   0.000, dSz=   0.000  (mm)
  Object   : dOx=   0.189, dOy=   4.749, dOz=  14.308  (mm)
  Object offset: offset_x=  13.491, offset_z=  14.284  (mm)
  Detector : dDx=   0.000, dDy=   0.000, dDz=   0.000  (mm)
  Obj Stage rotY :    9.285 deg
============================================================

Unity geometry (world coordinates):
  Source   : x=   0.000, y=  29.997, z=   0.000
  Object   : x=   0.730, y=  24.749, z= 614.308
  Detector : x=  -6.002, y=  33.656, z= 959.000
  Obj rotY :  -4.5698 deg

Initial calibration:
  Source   : x=   0.000, y=   0.000, z=   0.000
  Object   : x=   0.000, y=   0.000, z=   0.000
  Detector : x=  25.318, y=   6.310, z=  40.001

After Calibration: 

Unity geometry (world coordinates):
  Source   : x=   0.000, y=  29.997, z=   0.000
  Object   : x=   0.730, y=  24.749, z= 614.308
  Detector : x=  19.316, y=  39.966, z= 999.001
  Obj rotY :  -4.5698 deg
view   0 | SOD= 627.681 mm | SDD= 999.237 mm | M= 1.592 | incident=1.2464°
[[  36.314384   -626.60785      -5.2484436 ]
 [ -26.553055    370.59995     -15.216778  ]
 [   0.14909373    0.01229707    0.        ]
 [   0.            0.            0.1496    ]]
Residual vector length: 540, Jacobian shape: (540, 6)
view   0 | SOD= 627.491 mm | SDD= 999.237 mm | M= 1.592 | incident=1.2464°
[[  37.41011    -626.3455       -6.0263577 ]
 [ -26.95423     370.76672     -15.994692  ]
 [   0.1490751     0.01252087    0.        ]
 [   0.            0.            0.1496    ]]

iter 23 cost=36311.152232 -> 35102.863936 |ddelta|=9.221694e-01  lambda=3.101e+03

============================================================
Iteration 24
============================================================
delta offsets (Unity frame):
  Source   : dSx=   0.000, dSy=   0.000, dSz=   0.000  (mm)
  Object   : dOx=  -0.183, dOy=   3.971, dOz=  14.354  (mm)
  Object offset: offset_x=  13.710, offset_z=  14.062  (mm)
  Detector : dDx=   0.000, dDy=   0.000, dDz=   0.000  (mm)
  Obj Stage rotY :    9.371 deg
============================================================

Unity geometry (world coordinates):
  Source   : x=   0.000, y=  29.997, z=   0.000
  Object   : x=   0.357, y=  23.971, z= 614.354
  Detector : x=  -6.002, y=  33.656, z= 959.000
  Obj rotY :  -4.5698 deg

Initial calibration:
  Source   : x=   0.000, y=   0.000, z=   0.000
  Object   : x=   0.000, y=   0.000, z=   0.000
  Detector : x=  25.318, y=   6.310, z=  40.001

After Calibration: 

Unity geometry (world coordinates):
  Source   : x=   0.000, y=  29.997, z=   0.000
  Object   : x=   0.357, y=  23.971, z= 614.354
  Detector : x=  19.316, y=  39.966, z= 999.001
  Obj rotY :  -4.5698 deg
view   0 | SOD= 627.491 mm | SDD= 999.237 mm | M= 1.592 | incident=1.2464°
[[  37.41011    -626.3455       -6.0263577 ]
 [ -26.95423     370.76672     -15.994692  ]
 [   0.1490751     0.01252087    0.        ]
 [   0.            0.            0.1496    ]]
Residual vector length: 540, Jacobian shape: (540, 6)
view   0 | SOD= 627.495 mm | SDD= 999.237 mm | M= 1.592 | incident=1.2464°
[[  37.83501    -626.33075      -5.340748  ]
 [ -27.548964    370.7152      -15.309082  ]
 [   0.14906223    0.01267331    0.        ]
 [   0.            0.            0.1496    ]]

iter 24 cost=35102.863936 -> 35296.609433 |ddelta|=7.651745e-01  lambda=1.034e+03

============================================================
Iteration 25
============================================================
delta offsets (Unity frame):
  Source   : dSx=   0.000, dSy=   0.000, dSz=   0.000  (mm)
  Object   : dOx=  -0.183, dOy=   3.971, dOz=  14.354  (mm)
  Object offset: offset_x=  13.710, offset_z=  14.062  (mm)
  Detector : dDx=   0.000, dDy=   0.000, dDz=   0.000  (mm)
  Obj Stage rotY :    9.371 deg
============================================================

Unity geometry (world coordinates):
  Source   : x=   0.000, y=  29.997, z=   0.000
  Object   : x=   0.357, y=  23.971, z= 614.354
  Detector : x=  -6.002, y=  33.656, z= 959.000
  Obj rotY :  -4.5698 deg

Initial calibration:
  Source   : x=   0.000, y=   0.000, z=   0.000
  Object   : x=   0.000, y=   0.000, z=   0.000
  Detector : x=  25.318, y=   6.310, z=  40.001

After Calibration: 

Unity geometry (world coordinates):
  Source   : x=   0.000, y=  29.997, z=   0.000
  Object   : x=   0.357, y=  23.971, z= 614.354
  Detector : x=  19.316, y=  39.966, z= 999.001
  Obj rotY :  -4.5698 deg
view   0 | SOD= 627.491 mm | SDD= 999.237 mm | M= 1.592 | incident=1.2464°
[[  37.41011    -626.3455       -6.0263577 ]
 [ -26.95423     370.76672     -15.994692  ]
 [   0.1490751     0.01252087    0.        ]
 [   0.            0.            0.1496    ]]
Residual vector length: 540, Jacobian shape: (540, 6)
view   0 | SOD= 627.462 mm | SDD= 999.237 mm | M= 1.593 | incident=1.2464°
[[  37.473343   -626.3175       -5.5362034 ]
 [ -27.2558      370.77115     -15.504538  ]
 [   0.14907052    0.01257541    0.        ]
 [   0.            0.            0.1496    ]]

iter 25 cost=35102.863936 -> 34018.361591 |ddelta|=5.442184e-01  lambda=5.168e+03

============================================================
Iteration 26
============================================================
delta offsets (Unity frame):
  Source   : dSx=   0.000, dSy=   0.000, dSz=   0.000  (mm)
  Object   : dOx=   0.038, dOy=   4.461, dOz=  14.378  (mm)
  Object offset: offset_x=  13.657, offset_z=  14.006  (mm)
  Detector : dDx=   0.000, dDy=   0.000, dDz=   0.000  (mm)
  Obj Stage rotY :    9.392 deg
============================================================

Unity geometry (world coordinates):
  Source   : x=   0.000, y=  29.997, z=   0.000
  Object   : x=   0.579, y=  24.461, z= 614.378
  Detector : x=  -6.002, y=  33.656, z= 959.000
  Obj rotY :  -4.5698 deg

Initial calibration:
  Source   : x=   0.000, y=   0.000, z=   0.000
  Object   : x=   0.000, y=   0.000, z=   0.000
  Detector : x=  25.318, y=   6.310, z=  40.001

After Calibration: 

Unity geometry (world coordinates):
  Source   : x=   0.000, y=  29.997, z=   0.000
  Object   : x=   0.579, y=  24.461, z= 614.378
  Detector : x=  19.316, y=  39.966, z= 999.001
  Obj rotY :  -4.5698 deg
view   0 | SOD= 627.462 mm | SDD= 999.237 mm | M= 1.593 | incident=1.2464°
[[  37.473343   -626.3175       -5.5362034 ]
 [ -27.2558      370.77115     -15.504538  ]
 [   0.14907052    0.01257541    0.        ]
 [   0.            0.            0.1496    ]]
Residual vector length: 540, Jacobian shape: (540, 6)
view   0 | SOD= 627.660 mm | SDD= 999.237 mm | M= 1.592 | incident=1.2464°
[[  38.4851     -626.4518       -5.853508  ]
 [ -27.684858    370.5423      -15.821842  ]
 [   0.14905219    0.01279081    0.        ]
 [   0.            0.            0.1496    ]]

iter 26 cost=34018.361591 -> 33801.369357 |ddelta|=3.855980e-01  lambda=1.723e+03

============================================================
Iteration 27
============================================================
delta offsets (Unity frame):
  Source   : dSx=   0.000, dSy=   0.000, dSz=   0.000  (mm)
  Object   : dOx=  -0.071, dOy=   4.144, dOz=  14.408  (mm)
  Object offset: offset_x=  13.662, offset_z=  14.174  (mm)
  Detector : dDx=   0.000, dDy=   0.000, dDz=   0.000  (mm)
  Obj Stage rotY :    9.475 deg
============================================================

Unity geometry (world coordinates):
  Source   : x=   0.000, y=  29.997, z=   0.000
  Object   : x=   0.470, y=  24.144, z= 614.408
  Detector : x=  -6.002, y=  33.656, z= 959.000
  Obj rotY :  -4.5698 deg

Initial calibration:
  Source   : x=   0.000, y=   0.000, z=   0.000
  Object   : x=   0.000, y=   0.000, z=   0.000
  Detector : x=  25.318, y=   6.310, z=  40.001

After Calibration: 

Unity geometry (world coordinates):
  Source   : x=   0.000, y=  29.997, z=   0.000
  Object   : x=   0.470, y=  24.144, z= 614.408
  Detector : x=  19.316, y=  39.966, z= 999.001
  Obj rotY :  -4.5698 deg
view   0 | SOD= 627.660 mm | SDD= 999.237 mm | M= 1.592 | incident=1.2464°
[[  38.4851     -626.4518       -5.853508  ]
 [ -27.684858    370.5423      -15.821842  ]
 [   0.14905219    0.01279081    0.        ]
 [   0.            0.            0.1496    ]]
Residual vector length: 540, Jacobian shape: (540, 6)
view   0 | SOD= 627.804 mm | SDD= 999.237 mm | M= 1.592 | incident=1.2464°
[[  43.76067    -626.25323      -5.4709435 ]
 [ -30.771187    370.15063     -15.439278  ]
 [   0.14893964    0.01404083    0.        ]
 [   0.            0.            0.1496    ]]

iter 27 cost=33801.369357 -> 34199.255294 |ddelta|=6.555079e-01  lambda=5.742e+02

============================================================
Iteration 28
============================================================
delta offsets (Unity frame):
  Source   : dSx=   0.000, dSy=   0.000, dSz=   0.000  (mm)
  Object   : dOx=  -0.071, dOy=   4.144, dOz=  14.408  (mm)
  Object offset: offset_x=  13.662, offset_z=  14.174  (mm)
  Detector : dDx=   0.000, dDy=   0.000, dDz=   0.000  (mm)
  Obj Stage rotY :    9.475 deg
============================================================

Unity geometry (world coordinates):
  Source   : x=   0.000, y=  29.997, z=   0.000
  Object   : x=   0.470, y=  24.144, z= 614.408
  Detector : x=  -6.002, y=  33.656, z= 959.000
  Obj rotY :  -4.5698 deg

Initial calibration:
  Source   : x=   0.000, y=   0.000, z=   0.000
  Object   : x=   0.000, y=   0.000, z=   0.000
  Detector : x=  25.318, y=   6.310, z=  40.001

After Calibration: 

Unity geometry (world coordinates):
  Source   : x=   0.000, y=  29.997, z=   0.000
  Object   : x=   0.470, y=  24.144, z= 614.408
  Detector : x=  19.316, y=  39.966, z= 999.001
  Obj rotY :  -4.5698 deg
view   0 | SOD= 627.660 mm | SDD= 999.237 mm | M= 1.592 | incident=1.2464°
[[  38.4851     -626.4518       -5.853508  ]
 [ -27.684858    370.5423      -15.821842  ]
 [   0.14905219    0.01279081    0.        ]
 [   0.            0.            0.1496    ]]
Residual vector length: 540, Jacobian shape: (540, 6)
view   0 | SOD= 627.718 mm | SDD= 999.237 mm | M= 1.592 | incident=1.2464°
[[  40.408054   -626.3917       -5.5533543 ]
 [ -28.800062    370.39606     -15.521688  ]
 [   0.14901252    0.01324501    0.        ]
 [   0.            0.            0.1496    ]]

iter 28 cost=33801.369357 -> 33798.688173 |ddelta|=3.850333e-01  lambda=2.871e+03

============================================================
Iteration 29
============================================================
delta offsets (Unity frame):
  Source   : dSx=   0.000, dSy=   0.000, dSz=   0.000  (mm)
  Object   : dOx=   0.038, dOy=   4.444, dOz=  14.433  (mm)
  Object offset: offset_x=  13.542, offset_z=  14.200  (mm)
  Detector : dDx=   0.000, dDy=   0.000, dDz=   0.000  (mm)
  Obj Stage rotY :    9.649 deg
============================================================

Unity geometry (world coordinates):
  Source   : x=   0.000, y=  29.997, z=   0.000
  Object   : x=   0.579, y=  24.444, z= 614.433
  Detector : x=  -6.002, y=  33.656, z= 959.000
  Obj rotY :  -4.5698 deg

Initial calibration:
  Source   : x=   0.000, y=   0.000, z=   0.000
  Object   : x=   0.000, y=   0.000, z=   0.000
  Detector : x=  25.318, y=   6.310, z=  40.001

After Calibration: 

Unity geometry (world coordinates):
  Source   : x=   0.000, y=  29.997, z=   0.000
  Object   : x=   0.579, y=  24.444, z= 614.433
  Detector : x=  19.316, y=  39.966, z= 999.001
  Obj rotY :  -4.5698 deg
view   0 | SOD= 627.718 mm | SDD= 999.237 mm | M= 1.592 | incident=1.2464°
[[  40.408054   -626.3917       -5.5533543 ]
 [ -28.800062    370.39606     -15.521688  ]
 [   0.14901252    0.01324501    0.        ]
 [   0.            0.            0.1496    ]]
Residual vector length: 540, Jacobian shape: (540, 6)
view   0 | SOD= 627.478 mm | SDD= 999.237 mm | M= 1.592 | incident=1.2464°
[[  39.398247   -626.21185      -5.912491  ]
 [ -28.321531    370.67816     -15.880825  ]
 [   0.14903213    0.01302251    0.        ]
 [   0.            0.            0.1496    ]]

iter 29 cost=33798.688173 -> 34407.868950 |ddelta|=5.183850e-01  lambda=9.571e+02

============================================================
Iteration 30
============================================================
delta offsets (Unity frame):
  Source   : dSx=   0.000, dSy=   0.000, dSz=   0.000  (mm)
  Object   : dOx=   0.038, dOy=   4.444, dOz=  14.433  (mm)
  Object offset: offset_x=  13.542, offset_z=  14.200  (mm)
  Detector : dDx=   0.000, dDy=   0.000, dDz=   0.000  (mm)
  Obj Stage rotY :    9.649 deg
============================================================

Unity geometry (world coordinates):
  Source   : x=   0.000, y=  29.997, z=   0.000
  Object   : x=   0.579, y=  24.444, z= 614.433
  Detector : x=  -6.002, y=  33.656, z= 959.000
  Obj rotY :  -4.5698 deg

Initial calibration:
  Source   : x=   0.000, y=   0.000, z=   0.000
  Object   : x=   0.000, y=   0.000, z=   0.000
  Detector : x=  25.318, y=   6.310, z=  40.001

After Calibration: 

Unity geometry (world coordinates):
  Source   : x=   0.000, y=  29.997, z=   0.000
  Object   : x=   0.579, y=  24.444, z= 614.433
  Detector : x=  19.316, y=  39.966, z= 999.001
  Obj rotY :  -4.5698 deg
view   0 | SOD= 627.718 mm | SDD= 999.237 mm | M= 1.592 | incident=1.2464°
[[  40.408054   -626.3917       -5.5533543 ]
 [ -28.800062    370.39606     -15.521688  ]
 [   0.14901252    0.01324501    0.        ]
 [   0.            0.            0.1496    ]]
Residual vector length: 540, Jacobian shape: (540, 6)
view   0 | SOD= 627.573 mm | SDD= 999.237 mm | M= 1.592 | incident=1.2464°
[[  40.11496    -626.26276      -5.794338  ]
 [ -28.707167    370.5518      -15.762672  ]
 [   0.14901763    0.01318731    0.        ]
 [   0.            0.            0.1496    ]]

iter 30 cost=33798.688173 -> 33729.755461 |ddelta|=3.411687e-01  lambda=4.785e+03

============================================================
Iteration 31
============================================================
delta offsets (Unity frame):
  Source   : dSx=   0.000, dSy=   0.000, dSz=   0.000  (mm)
  Object   : dOx=  -0.078, dOy=   4.203, dOz=  14.428  (mm)
  Object offset: offset_x=  13.707, offset_z=  14.070  (mm)
  Detector : dDx=   0.000, dDy=   0.000, dDz=   0.000  (mm)
  Obj Stage rotY :    9.627 deg
============================================================

Unity geometry (world coordinates):
  Source   : x=   0.000, y=  29.997, z=   0.000
  Object   : x=   0.462, y=  24.203, z= 614.428
  Detector : x=  -6.002, y=  33.656, z= 959.000
  Obj rotY :  -4.5698 deg

Initial calibration:
  Source   : x=   0.000, y=   0.000, z=   0.000
  Object   : x=   0.000, y=   0.000, z=   0.000
  Detector : x=  25.318, y=   6.310, z=  40.001

After Calibration: 

Unity geometry (world coordinates):
  Source   : x=   0.000, y=  29.997, z=   0.000
  Object   : x=   0.462, y=  24.203, z= 614.428
  Detector : x=  19.316, y=  39.966, z= 999.001
  Obj rotY :  -4.5698 deg
view   0 | SOD= 627.573 mm | SDD= 999.237 mm | M= 1.592 | incident=1.2464°
[[  40.11496    -626.26276      -5.794338  ]
 [ -28.707167    370.5518      -15.762672  ]
 [   0.14901763    0.01318731    0.        ]
 [   0.            0.            0.1496    ]]
Residual vector length: 540, Jacobian shape: (540, 6)
view   0 | SOD= 627.643 mm | SDD= 999.237 mm | M= 1.592 | incident=1.2464°
[[  41.48207    -626.24554      -5.5623283 ]
 [ -29.679438    370.40466     -15.530663  ]
 [   0.14898627    0.01353702    0.        ]
 [   0.            0.            0.1496    ]]

iter 31 cost=33729.755461 -> 33706.651847 |ddelta|=2.992172e-01  lambda=1.595e+03

============================================================
Iteration 32
============================================================
delta offsets (Unity frame):
  Source   : dSx=   0.000, dSy=   0.000, dSz=   0.000  (mm)
  Object   : dOx=   0.025, dOy=   4.435, dOz=  14.415  (mm)
  Object offset: offset_x=  13.707, offset_z=  14.153  (mm)
  Detector : dDx=   0.000, dDy=   0.000, dDz=   0.000  (mm)
  Obj Stage rotY :    9.762 deg
============================================================

Unity geometry (world coordinates):
  Source   : x=   0.000, y=  29.997, z=   0.000
  Object   : x=   0.565, y=  24.435, z= 614.415
  Detector : x=  -6.002, y=  33.656, z= 959.000
  Obj rotY :  -4.5698 deg

Initial calibration:
  Source   : x=   0.000, y=   0.000, z=   0.000
  Object   : x=   0.000, y=   0.000, z=   0.000
  Detector : x=  25.318, y=   6.310, z=  40.001

After Calibration: 

Unity geometry (world coordinates):
  Source   : x=   0.000, y=  29.997, z=   0.000
  Object   : x=   0.565, y=  24.435, z= 614.415
  Detector : x=  19.316, y=  39.966, z= 999.001
  Obj rotY :  -4.5698 deg
view   0 | SOD= 627.643 mm | SDD= 999.237 mm | M= 1.592 | incident=1.2464°
[[  41.48207    -626.24554      -5.5623283 ]
 [ -29.679438    370.40466     -15.530663  ]
 [   0.14898627    0.01353702    0.        ]
 [   0.            0.            0.1496    ]]
Residual vector length: 540, Jacobian shape: (540, 6)
view   0 | SOD= 627.843 mm | SDD= 999.237 mm | M= 1.592 | incident=1.2464°
[[  35.292713   -626.82245      -5.894806  ]
 [ -25.644482    370.50513     -15.86314   ]
 [   0.14911726    0.01200847    0.        ]
 [   0.            0.            0.1496    ]]

iter 32 cost=33706.651847 -> 34108.922921 |ddelta|=7.133248e-01  lambda=5.317e+02

============================================================
Iteration 33
============================================================
delta offsets (Unity frame):
  Source   : dSx=   0.000, dSy=   0.000, dSz=   0.000  (mm)
  Object   : dOx=   0.025, dOy=   4.435, dOz=  14.415  (mm)
  Object offset: offset_x=  13.707, offset_z=  14.153  (mm)
  Detector : dDx=   0.000, dDy=   0.000, dDz=   0.000  (mm)
  Obj Stage rotY :    9.762 deg
============================================================

Unity geometry (world coordinates):
  Source   : x=   0.000, y=  29.997, z=   0.000
  Object   : x=   0.565, y=  24.435, z= 614.415
  Detector : x=  -6.002, y=  33.656, z= 959.000
  Obj rotY :  -4.5698 deg

Initial calibration:
  Source   : x=   0.000, y=   0.000, z=   0.000
  Object   : x=   0.000, y=   0.000, z=   0.000
  Detector : x=  25.318, y=   6.310, z=  40.001

After Calibration: 

Unity geometry (world coordinates):
  Source   : x=   0.000, y=  29.997, z=   0.000
  Object   : x=   0.565, y=  24.435, z= 614.415
  Detector : x=  19.316, y=  39.966, z= 999.001
  Obj rotY :  -4.5698 deg
view   0 | SOD= 627.643 mm | SDD= 999.237 mm | M= 1.592 | incident=1.2464°
[[  41.48207    -626.24554      -5.5623283 ]
 [ -29.679438    370.40466     -15.530663  ]
 [   0.14898627    0.01353702    0.        ]
 [   0.            0.            0.1496    ]]
Residual vector length: 540, Jacobian shape: (540, 6)
view   0 | SOD= 627.724 mm | SDD= 999.237 mm | M= 1.592 | incident=1.2464°
[[  39.394      -626.4591       -5.822838  ]
 [ -28.150799    370.44275     -15.791172  ]
 [   0.14903441    0.01299635    0.        ]
 [   0.            0.            0.1496    ]]

iter 33 cost=33706.651847 -> 33662.438415 |ddelta|=3.613589e-01  lambda=2.659e+03

============================================================
Iteration 34
============================================================
delta offsets (Unity frame):
  Source   : dSx=   0.000, dSy=   0.000, dSz=   0.000  (mm)
  Object   : dOx=  -0.075, dOy=   4.175, dOz=  14.454  (mm)
  Object offset: offset_x=  13.625, offset_z=  14.189  (mm)
  Detector : dDx=   0.000, dDy=   0.000, dDz=   0.000  (mm)
  Obj Stage rotY :    9.554 deg
============================================================

Unity geometry (world coordinates):
  Source   : x=   0.000, y=  29.997, z=   0.000
  Object   : x=   0.466, y=  24.175, z= 614.454
  Detector : x=  -6.002, y=  33.656, z= 959.000
  Obj rotY :  -4.5698 deg

Initial calibration:
  Source   : x=   0.000, y=   0.000, z=   0.000
  Object   : x=   0.000, y=   0.000, z=   0.000
  Detector : x=  25.318, y=   6.310, z=  40.001

After Calibration: 

Unity geometry (world coordinates):
  Source   : x=   0.000, y=  29.997, z=   0.000
  Object   : x=   0.466, y=  24.175, z= 614.454
  Detector : x=  19.316, y=  39.966, z= 999.001
  Obj rotY :  -4.5698 deg
view   0 | SOD= 627.724 mm | SDD= 999.237 mm | M= 1.592 | incident=1.2464°
[[  39.394      -626.4591       -5.822838  ]
 [ -28.150799    370.44275     -15.791172  ]
 [   0.14903441    0.01299635    0.        ]
 [   0.            0.            0.1496    ]]
Residual vector length: 540, Jacobian shape: (540, 6)
view   0 | SOD= 627.705 mm | SDD= 999.237 mm | M= 1.592 | incident=1.2464°
[[  38.445045   -626.5021       -5.5361195 ]
 [ -27.778894    370.48843     -15.504454  ]
 [   0.1490515     0.01279888    0.        ]
 [   0.            0.            0.1496    ]]

iter 34 cost=33662.438415 -> 33816.064726 |ddelta|=3.174168e-01  lambda=8.862e+02

============================================================
Iteration 35
============================================================
delta offsets (Unity frame):
  Source   : dSx=   0.000, dSy=   0.000, dSz=   0.000  (mm)
  Object   : dOx=  -0.075, dOy=   4.175, dOz=  14.454  (mm)
  Object offset: offset_x=  13.625, offset_z=  14.189  (mm)
  Detector : dDx=   0.000, dDy=   0.000, dDz=   0.000  (mm)
  Obj Stage rotY :    9.554 deg
============================================================

Unity geometry (world coordinates):
  Source   : x=   0.000, y=  29.997, z=   0.000
  Object   : x=   0.466, y=  24.175, z= 614.454
  Detector : x=  -6.002, y=  33.656, z= 959.000
  Obj rotY :  -4.5698 deg

Initial calibration:
  Source   : x=   0.000, y=   0.000, z=   0.000
  Object   : x=   0.000, y=   0.000, z=   0.000
  Detector : x=  25.318, y=   6.310, z=  40.001

After Calibration: 

Unity geometry (world coordinates):
  Source   : x=   0.000, y=  29.997, z=   0.000
  Object   : x=   0.466, y=  24.175, z= 614.454
  Detector : x=  19.316, y=  39.966, z= 999.001
  Obj rotY :  -4.5698 deg
view   0 | SOD= 627.724 mm | SDD= 999.237 mm | M= 1.592 | incident=1.2464°
[[  39.394      -626.4591       -5.822838  ]
 [ -28.150799    370.44275     -15.791172  ]
 [   0.14903441    0.01299635    0.        ]
 [   0.            0.            0.1496    ]]
Residual vector length: 540, Jacobian shape: (540, 6)
view   0 | SOD= 627.715 mm | SDD= 999.237 mm | M= 1.592 | incident=1.2464°
[[  39.014923   -626.4765       -5.6181145 ]
 [ -28.076527    370.456       -15.586449  ]
 [   0.1490403     0.01292858    0.        ]
 [   0.            0.            0.1496    ]]

iter 35 cost=33662.438415 -> 33610.643165 |ddelta|=2.221457e-01  lambda=4.431e+03

============================================================
Iteration 36
============================================================
delta offsets (Unity frame):
  Source   : dSx=   0.000, dSy=   0.000, dSz=   0.000  (mm)
  Object   : dOx=   0.006, dOy=   4.379, dOz=  14.453  (mm)
  Object offset: offset_x=  13.639, offset_z=  14.183  (mm)
  Detector : dDx=   0.000, dDy=   0.000, dDz=   0.000  (mm)
  Obj Stage rotY :    9.528 deg
============================================================

Unity geometry (world coordinates):
  Source   : x=   0.000, y=  29.997, z=   0.000
  Object   : x=   0.547, y=  24.379, z= 614.453
  Detector : x=  -6.002, y=  33.656, z= 959.000
  Obj rotY :  -4.5698 deg

Initial calibration:
  Source   : x=   0.000, y=   0.000, z=   0.000
  Object   : x=   0.000, y=   0.000, z=   0.000
  Detector : x=  25.318, y=   6.310, z=  40.001

After Calibration: 

Unity geometry (world coordinates):
  Source   : x=   0.000, y=  29.997, z=   0.000
  Object   : x=   0.547, y=  24.379, z= 614.453
  Detector : x=  19.316, y=  39.966, z= 999.001
  Obj rotY :  -4.5698 deg
view   0 | SOD= 627.715 mm | SDD= 999.237 mm | M= 1.592 | incident=1.2464°
[[  39.014923   -626.4765       -5.6181145 ]
 [ -28.076527    370.456       -15.586449  ]
 [   0.1490403     0.01292858    0.        ]
 [   0.            0.            0.1496    ]]
Residual vector length: 540, Jacobian shape: (540, 6)
view   0 | SOD= 627.710 mm | SDD= 999.237 mm | M= 1.592 | incident=1.2464°
[[  40.248173   -626.3914       -5.8026237 ]
 [ -28.780025    370.40884     -15.770958  ]
 [   0.1490149     0.01321811    0.        ]
 [   0.            0.            0.1496    ]]

iter 36 cost=33610.643165 -> 33690.277826 |ddelta|=2.410347e-01  lambda=1.477e+03

============================================================
Iteration 37
============================================================
delta offsets (Unity frame):
  Source   : dSx=   0.000, dSy=   0.000, dSz=   0.000  (mm)
  Object   : dOx=   0.006, dOy=   4.379, dOz=  14.453  (mm)
  Object offset: offset_x=  13.639, offset_z=  14.183  (mm)
  Detector : dDx=   0.000, dDy=   0.000, dDz=   0.000  (mm)
  Obj Stage rotY :    9.528 deg
============================================================

Unity geometry (world coordinates):
  Source   : x=   0.000, y=  29.997, z=   0.000
  Object   : x=   0.547, y=  24.379, z= 614.453
  Detector : x=  -6.002, y=  33.656, z= 959.000
  Obj rotY :  -4.5698 deg

Initial calibration:
  Source   : x=   0.000, y=   0.000, z=   0.000
  Object   : x=   0.000, y=   0.000, z=   0.000
  Detector : x=  25.318, y=   6.310, z=  40.001

After Calibration: 

Unity geometry (world coordinates):
  Source   : x=   0.000, y=  29.997, z=   0.000
  Object   : x=   0.547, y=  24.379, z= 614.453
  Detector : x=  19.316, y=  39.966, z= 999.001
  Obj rotY :  -4.5698 deg
view   0 | SOD= 627.715 mm | SDD= 999.237 mm | M= 1.592 | incident=1.2464°
[[  39.014923   -626.4765       -5.6181145 ]
 [ -28.076527    370.456       -15.586449  ]
 [   0.1490403     0.01292858    0.        ]
 [   0.            0.            0.1496    ]]
Residual vector length: 540, Jacobian shape: (540, 6)
view   0 | SOD= 627.705 mm | SDD= 999.237 mm | M= 1.592 | incident=1.2464°
[[  39.378807   -626.44275      -5.731739  ]
 [ -28.2683      370.4522      -15.700073  ]
 [   0.14903307    0.01301165    0.        ]
 [   0.            0.            0.1496    ]]

iter 37 cost=33610.643165 -> 33487.542478 |ddelta|=1.319994e-01  lambda=7.385e+03

============================================================
Iteration 38
============================================================
delta offsets (Unity frame):
  Source   : dSx=   0.000, dSy=   0.000, dSz=   0.000  (mm)
  Object   : dOx=  -0.041, dOy=   4.266, dOz=  14.458  (mm)
  Object offset: offset_x=  13.672, offset_z=  14.170  (mm)
  Detector : dDx=   0.000, dDy=   0.000, dDz=   0.000  (mm)
  Obj Stage rotY :    9.559 deg
============================================================

Unity geometry (world coordinates):
  Source   : x=   0.000, y=  29.997, z=   0.000
  Object   : x=   0.499, y=  24.266, z= 614.458
  Detector : x=  -6.002, y=  33.656, z= 959.000
  Obj rotY :  -4.5698 deg

Initial calibration:
  Source   : x=   0.000, y=   0.000, z=   0.000
  Object   : x=   0.000, y=   0.000, z=   0.000
  Detector : x=  25.318, y=   6.310, z=  40.001

After Calibration: 

Unity geometry (world coordinates):
  Source   : x=   0.000, y=  29.997, z=   0.000
  Object   : x=   0.499, y=  24.266, z= 614.458
  Detector : x=  19.316, y=  39.966, z= 999.001
  Obj rotY :  -4.5698 deg
view   0 | SOD= 627.705 mm | SDD= 999.237 mm | M= 1.592 | incident=1.2464°
[[  39.378807   -626.44275      -5.731739  ]
 [ -28.2683      370.4522      -15.700073  ]
 [   0.14903307    0.01301165    0.        ]
 [   0.            0.            0.1496    ]]
Residual vector length: 540, Jacobian shape: (540, 6)
view   0 | SOD= 627.643 mm | SDD= 999.237 mm | M= 1.592 | incident=1.2464°
[[  37.82883    -626.4764       -5.664215  ]
 [ -27.164764    370.59506     -15.632549  ]
 [   0.14906718    0.01261494    0.        ]
 [   0.            0.            0.1496    ]]

iter 38 cost=33487.542478 -> 33675.586991 |ddelta|=2.467887e-01  lambda=2.462e+03

============================================================
Iteration 39
============================================================
delta offsets (Unity frame):
  Source   : dSx=   0.000, dSy=   0.000, dSz=   0.000  (mm)
  Object   : dOx=  -0.041, dOy=   4.266, dOz=  14.458  (mm)
  Object offset: offset_x=  13.672, offset_z=  14.170  (mm)
  Detector : dDx=   0.000, dDy=   0.000, dDz=   0.000  (mm)
  Obj Stage rotY :    9.559 deg
============================================================

Unity geometry (world coordinates):
  Source   : x=   0.000, y=  29.997, z=   0.000
  Object   : x=   0.499, y=  24.266, z= 614.458
  Detector : x=  -6.002, y=  33.656, z= 959.000
  Obj rotY :  -4.5698 deg

Initial calibration:
  Source   : x=   0.000, y=   0.000, z=   0.000
  Object   : x=   0.000, y=   0.000, z=   0.000
  Detector : x=  25.318, y=   6.310, z=  40.001

After Calibration: 

Unity geometry (world coordinates):
  Source   : x=   0.000, y=  29.997, z=   0.000
  Object   : x=   0.499, y=  24.266, z= 614.458
  Detector : x=  19.316, y=  39.966, z= 999.001
  Obj rotY :  -4.5698 deg
view   0 | SOD= 627.705 mm | SDD= 999.237 mm | M= 1.592 | incident=1.2464°
[[  39.378807   -626.44275      -5.731739  ]
 [ -28.2683      370.4522      -15.700073  ]
 [   0.14903307    0.01301165    0.        ]
 [   0.            0.            0.1496    ]]
Residual vector length: 540, Jacobian shape: (540, 6)
view   0 | SOD= 627.685 mm | SDD= 999.237 mm | M= 1.592 | incident=1.2464°
[[  39.023956   -626.4448       -5.699747  ]
 [ -27.95653     370.49515     -15.668081  ]
 [   0.14904174    0.01291199    0.        ]
 [   0.            0.            0.1496    ]]

iter 39 cost=33487.542478 -> 33562.516565 |ddelta|=1.055444e-01  lambda=1.231e+04

============================================================
Iteration 40
============================================================
delta offsets (Unity frame):
  Source   : dSx=   0.000, dSy=   0.000, dSz=   0.000  (mm)
  Object   : dOx=  -0.041, dOy=   4.266, dOz=  14.458  (mm)
  Object offset: offset_x=  13.672, offset_z=  14.170  (mm)
  Detector : dDx=   0.000, dDy=   0.000, dDz=   0.000  (mm)
  Obj Stage rotY :    9.559 deg
============================================================

Unity geometry (world coordinates):
  Source   : x=   0.000, y=  29.997, z=   0.000
  Object   : x=   0.499, y=  24.266, z= 614.458
  Detector : x=  -6.002, y=  33.656, z= 959.000
  Obj rotY :  -4.5698 deg

Initial calibration:
  Source   : x=   0.000, y=   0.000, z=   0.000
  Object   : x=   0.000, y=   0.000, z=   0.000
  Detector : x=  25.318, y=   6.310, z=  40.001

After Calibration: 

Unity geometry (world coordinates):
  Source   : x=   0.000, y=  29.997, z=   0.000
  Object   : x=   0.499, y=  24.266, z= 614.458
  Detector : x=  19.316, y=  39.966, z= 999.001
  Obj rotY :  -4.5698 deg
view   0 | SOD= 627.705 mm | SDD= 999.237 mm | M= 1.592 | incident=1.2464°
[[  39.378807   -626.44275      -5.731739  ]
 [ -28.2683      370.4522      -15.700073  ]
 [   0.14903307    0.01301165    0.        ]
 [   0.            0.            0.1496    ]]
Residual vector length: 540, Jacobian shape: (540, 6)
view   0 | SOD= 627.699 mm | SDD= 999.237 mm | M= 1.592 | incident=1.2464°
[[  39.31098    -626.4406       -5.7230263 ]
 [ -28.19666     370.46378     -15.69136   ]
 [   0.14903489    0.0129908     0.        ]
 [   0.            0.            0.1496    ]]

iter 40 cost=33487.542478 -> 33494.317661 |ddelta|=3.051827e-02  lambda=6.154e+04

============================================================
Iteration 41
============================================================
delta offsets (Unity frame):
  Source   : dSx=   0.000, dSy=   0.000, dSz=   0.000  (mm)
  Object   : dOx=  -0.041, dOy=   4.266, dOz=  14.458  (mm)
  Object offset: offset_x=  13.672, offset_z=  14.170  (mm)
  Detector : dDx=   0.000, dDy=   0.000, dDz=   0.000  (mm)
  Obj Stage rotY :    9.559 deg
============================================================

Unity geometry (world coordinates):
  Source   : x=   0.000, y=  29.997, z=   0.000
  Object   : x=   0.499, y=  24.266, z= 614.458
  Detector : x=  -6.002, y=  33.656, z= 959.000
  Obj rotY :  -4.5698 deg

Initial calibration:
  Source   : x=   0.000, y=   0.000, z=   0.000
  Object   : x=   0.000, y=   0.000, z=   0.000
  Detector : x=  25.318, y=   6.310, z=  40.001

After Calibration: 

Unity geometry (world coordinates):
  Source   : x=   0.000, y=  29.997, z=   0.000
  Object   : x=   0.499, y=  24.266, z= 614.458
  Detector : x=  19.316, y=  39.966, z= 999.001
  Obj rotY :  -4.5698 deg
view   0 | SOD= 627.705 mm | SDD= 999.237 mm | M= 1.592 | incident=1.2464°
[[  39.378807   -626.44275      -5.731739  ]
 [ -28.2683      370.4522      -15.700073  ]
 [   0.14903307    0.01301165    0.        ]
 [   0.            0.            0.1496    ]]
Residual vector length: 540, Jacobian shape: (540, 6)
view   0 | SOD= 627.704 mm | SDD= 999.237 mm | M= 1.592 | incident=1.2464°
[[  39.365612   -626.442        -5.729862  ]
 [ -28.2534      370.4548      -15.698196  ]
 [   0.14903344    0.01300745    0.        ]
 [   0.            0.            0.1496    ]]

iter 41 cost=33487.542478 -> 33488.354098 |ddelta|=6.757544e-03  lambda=3.077e+05

============================================================
Iteration 42
============================================================
delta offsets (Unity frame):
  Source   : dSx=   0.000, dSy=   0.000, dSz=   0.000  (mm)
  Object   : dOx=  -0.041, dOy=   4.266, dOz=  14.458  (mm)
  Object offset: offset_x=  13.672, offset_z=  14.170  (mm)
  Detector : dDx=   0.000, dDy=   0.000, dDz=   0.000  (mm)
  Obj Stage rotY :    9.559 deg
============================================================

Unity geometry (world coordinates):
  Source   : x=   0.000, y=  29.997, z=   0.000
  Object   : x=   0.499, y=  24.266, z= 614.458
  Detector : x=  -6.002, y=  33.656, z= 959.000
  Obj rotY :  -4.5698 deg

Initial calibration:
  Source   : x=   0.000, y=   0.000, z=   0.000
  Object   : x=   0.000, y=   0.000, z=   0.000
  Detector : x=  25.318, y=   6.310, z=  40.001

After Calibration: 

Unity geometry (world coordinates):
  Source   : x=   0.000, y=  29.997, z=   0.000
  Object   : x=   0.499, y=  24.266, z= 614.458
  Detector : x=  19.316, y=  39.966, z= 999.001
  Obj rotY :  -4.5698 deg
view   0 | SOD= 627.705 mm | SDD= 999.237 mm | M= 1.592 | incident=1.2464°
[[  39.378807   -626.44275      -5.731739  ]
 [ -28.2683      370.4522      -15.700073  ]
 [   0.14903307    0.01301165    0.        ]
 [   0.            0.            0.1496    ]]
Residual vector length: 540, Jacobian shape: (540, 6)
view   0 | SOD= 627.705 mm | SDD= 999.237 mm | M= 1.592 | incident=1.2464°
[[  39.37477    -626.4425       -5.7311535 ]
 [ -28.26368     370.453       -15.699488  ]
 [   0.14903319    0.01301035    0.        ]
 [   0.            0.            0.1496    ]]

iter 42 cost=33487.542478 -> 33482.068238 |ddelta|=2.119329e-03  lambda=1.000e+06

============================================================
Iteration 43
============================================================
delta offsets (Unity frame):
  Source   : dSx=   0.000, dSy=   0.000, dSz=   0.000  (mm)
  Object   : dOx=  -0.041, dOy=   4.266, dOz=  14.458  (mm)
  Object offset: offset_x=  13.670, offset_z=  14.170  (mm)
  Detector : dDx=   0.000, dDy=   0.000, dDz=   0.000  (mm)
  Obj Stage rotY :    9.559 deg
============================================================

Unity geometry (world coordinates):
  Source   : x=   0.000, y=  29.997, z=   0.000
  Object   : x=   0.500, y=  24.266, z= 614.458
  Detector : x=  -6.002, y=  33.656, z= 959.000
  Obj rotY :  -4.5698 deg

Initial calibration:
  Source   : x=   0.000, y=   0.000, z=   0.000
  Object   : x=   0.000, y=   0.000, z=   0.000
  Detector : x=  25.318, y=   6.310, z=  40.001

After Calibration: 

Unity geometry (world coordinates):
  Source   : x=   0.000, y=  29.997, z=   0.000
  Object   : x=   0.500, y=  24.266, z= 614.458
  Detector : x=  19.316, y=  39.966, z= 999.001
  Obj rotY :  -4.5698 deg
view   0 | SOD= 627.705 mm | SDD= 999.237 mm | M= 1.592 | incident=1.2464°
[[  39.37477    -626.4425       -5.7311535 ]
 [ -28.26368     370.453       -15.699488  ]
 [   0.14903319    0.01301035    0.        ]
 [   0.            0.            0.1496    ]]
Residual vector length: 540, Jacobian shape: (540, 6)
view   0 | SOD= 627.703 mm | SDD= 999.237 mm | M= 1.592 | incident=1.2464°
[[  39.381      -626.4407       -5.7294407 ]
 [ -28.260508    370.45465     -15.697775  ]
 [   0.14903314    0.01301081    0.        ]
 [   0.            0.            0.1496    ]]

iter 43 cost=33482.068238 -> 33492.036251 |ddelta|=5.973039e-03  lambda=3.333e+05

============================================================
Iteration 44
============================================================
delta offsets (Unity frame):
  Source   : dSx=   0.000, dSy=   0.000, dSz=   0.000  (mm)
  Object   : dOx=  -0.041, dOy=   4.266, dOz=  14.458  (mm)
  Object offset: offset_x=  13.670, offset_z=  14.170  (mm)
  Detector : dDx=   0.000, dDy=   0.000, dDz=   0.000  (mm)
  Obj Stage rotY :    9.559 deg
============================================================

Unity geometry (world coordinates):
  Source   : x=   0.000, y=  29.997, z=   0.000
  Object   : x=   0.500, y=  24.266, z= 614.458
  Detector : x=  -6.002, y=  33.656, z= 959.000
  Obj rotY :  -4.5698 deg

Initial calibration:
  Source   : x=   0.000, y=   0.000, z=   0.000
  Object   : x=   0.000, y=   0.000, z=   0.000
  Detector : x=  25.318, y=   6.310, z=  40.001

After Calibration: 

Unity geometry (world coordinates):
  Source   : x=   0.000, y=  29.997, z=   0.000
  Object   : x=   0.500, y=  24.266, z= 614.458
  Detector : x=  19.316, y=  39.966, z= 999.001
  Obj rotY :  -4.5698 deg
view   0 | SOD= 627.705 mm | SDD= 999.237 mm | M= 1.592 | incident=1.2464°
[[  39.37477    -626.4425       -5.7311535 ]
 [ -28.26368     370.453       -15.699488  ]
 [   0.14903319    0.01301035    0.        ]
 [   0.            0.            0.1496    ]]
Residual vector length: 540, Jacobian shape: (540, 6)
view   0 | SOD= 627.704 mm | SDD= 999.237 mm | M= 1.592 | incident=1.2464°
[[  39.37689    -626.44183      -5.7305756 ]
 [ -28.262604    370.4536      -15.69891   ]
 [   0.14903317    0.01301051    0.        ]
 [   0.            0.            0.1496    ]]

iter 44 cost=33482.068238 -> 33493.074222 |ddelta|=2.027997e-03  lambda=1.000e+06

============================================================
Iteration 45
============================================================
delta offsets (Unity frame):
  Source   : dSx=   0.000, dSy=   0.000, dSz=   0.000  (mm)
  Object   : dOx=  -0.041, dOy=   4.266, dOz=  14.458  (mm)
  Object offset: offset_x=  13.670, offset_z=  14.170  (mm)
  Detector : dDx=   0.000, dDy=   0.000, dDz=   0.000  (mm)
  Obj Stage rotY :    9.559 deg
============================================================

Unity geometry (world coordinates):
  Source   : x=   0.000, y=  29.997, z=   0.000
  Object   : x=   0.500, y=  24.266, z= 614.458
  Detector : x=  -6.002, y=  33.656, z= 959.000
  Obj rotY :  -4.5698 deg

Initial calibration:
  Source   : x=   0.000, y=   0.000, z=   0.000
  Object   : x=   0.000, y=   0.000, z=   0.000
  Detector : x=  25.318, y=   6.310, z=  40.001

After Calibration: 

Unity geometry (world coordinates):
  Source   : x=   0.000, y=  29.997, z=   0.000
  Object   : x=   0.500, y=  24.266, z= 614.458
  Detector : x=  19.316, y=  39.966, z= 999.001
  Obj rotY :  -4.5698 deg
view   0 | SOD= 627.705 mm | SDD= 999.237 mm | M= 1.592 | incident=1.2464°
[[  39.37477    -626.4425       -5.7311535 ]
 [ -28.26368     370.453       -15.699488  ]
 [   0.14903319    0.01301035    0.        ]
 [   0.            0.            0.1496    ]]
Residual vector length: 540, Jacobian shape: (540, 6)
view   0 | SOD= 627.704 mm | SDD= 999.237 mm | M= 1.592 | incident=1.2464°
[[  39.37689    -626.44183      -5.7305756 ]
 [ -28.262604    370.4536      -15.69891   ]
 [   0.14903317    0.01301051    0.        ]
 [   0.            0.            0.1496    ]]

iter 45 cost=33482.068238 -> 33493.074222 |ddelta|=2.027997e-03  lambda=1.000e+06

============================================================
Iteration 46
============================================================
delta offsets (Unity frame):
  Source   : dSx=   0.000, dSy=   0.000, dSz=   0.000  (mm)
  Object   : dOx=  -0.041, dOy=   4.266, dOz=  14.458  (mm)
  Object offset: offset_x=  13.670, offset_z=  14.170  (mm)
  Detector : dDx=   0.000, dDy=   0.000, dDz=   0.000  (mm)
  Obj Stage rotY :    9.559 deg
============================================================

Unity geometry (world coordinates):
  Source   : x=   0.000, y=  29.997, z=   0.000
  Object   : x=   0.500, y=  24.266, z= 614.458
  Detector : x=  -6.002, y=  33.656, z= 959.000
  Obj rotY :  -4.5698 deg

Initial calibration:
  Source   : x=   0.000, y=   0.000, z=   0.000
  Object   : x=   0.000, y=   0.000, z=   0.000
  Detector : x=  25.318, y=   6.310, z=  40.001

After Calibration: 

Unity geometry (world coordinates):
  Source   : x=   0.000, y=  29.997, z=   0.000
  Object   : x=   0.500, y=  24.266, z= 614.458
  Detector : x=  19.316, y=  39.966, z= 999.001
  Obj rotY :  -4.5698 deg
view   0 | SOD= 627.705 mm | SDD= 999.237 mm | M= 1.592 | incident=1.2464°
[[  39.37477    -626.4425       -5.7311535 ]
 [ -28.26368     370.453       -15.699488  ]
 [   0.14903319    0.01301035    0.        ]
 [   0.            0.            0.1496    ]]
Residual vector length: 540, Jacobian shape: (540, 6)
view   0 | SOD= 627.704 mm | SDD= 999.237 mm | M= 1.592 | incident=1.2464°
[[  39.37689    -626.44183      -5.7305756 ]
 [ -28.262604    370.4536      -15.69891   ]
 [   0.14903317    0.01301051    0.        ]
 [   0.            0.            0.1496    ]]

iter 46 cost=33482.068238 -> 33493.074222 |ddelta|=2.027997e-03  lambda=1.000e+06

============================================================
Iteration 47
============================================================
delta offsets (Unity frame):
  Source   : dSx=   0.000, dSy=   0.000, dSz=   0.000  (mm)
  Object   : dOx=  -0.041, dOy=   4.266, dOz=  14.458  (mm)
  Object offset: offset_x=  13.670, offset_z=  14.170  (mm)
  Detector : dDx=   0.000, dDy=   0.000, dDz=   0.000  (mm)
  Obj Stage rotY :    9.559 deg
============================================================

Unity geometry (world coordinates):
  Source   : x=   0.000, y=  29.997, z=   0.000
  Object   : x=   0.500, y=  24.266, z= 614.458
  Detector : x=  -6.002, y=  33.656, z= 959.000
  Obj rotY :  -4.5698 deg

Initial calibration:
  Source   : x=   0.000, y=   0.000, z=   0.000
  Object   : x=   0.000, y=   0.000, z=   0.000
  Detector : x=  25.318, y=   6.310, z=  40.001

After Calibration: 

Unity geometry (world coordinates):
  Source   : x=   0.000, y=  29.997, z=   0.000
  Object   : x=   0.500, y=  24.266, z= 614.458
  Detector : x=  19.316, y=  39.966, z= 999.001
  Obj rotY :  -4.5698 deg
view   0 | SOD= 627.705 mm | SDD= 999.237 mm | M= 1.592 | incident=1.2464°
[[  39.37477    -626.4425       -5.7311535 ]
 [ -28.26368     370.453       -15.699488  ]
 [   0.14903319    0.01301035    0.        ]
 [   0.            0.            0.1496    ]]
Residual vector length: 540, Jacobian shape: (540, 6)
view   0 | SOD= 627.704 mm | SDD= 999.237 mm | M= 1.592 | incident=1.2464°
[[  39.37689    -626.44183      -5.7305756 ]
 [ -28.262604    370.4536      -15.69891   ]
 [   0.14903317    0.01301051    0.        ]
 [   0.            0.            0.1496    ]]

iter 47 cost=33482.068238 -> 33493.074222 |ddelta|=2.027997e-03  lambda=1.000e+06

============================================================
Iteration 48
============================================================
delta offsets (Unity frame):
  Source   : dSx=   0.000, dSy=   0.000, dSz=   0.000  (mm)
  Object   : dOx=  -0.041, dOy=   4.266, dOz=  14.458  (mm)
  Object offset: offset_x=  13.670, offset_z=  14.170  (mm)
  Detector : dDx=   0.000, dDy=   0.000, dDz=   0.000  (mm)
  Obj Stage rotY :    9.559 deg
============================================================

Unity geometry (world coordinates):
  Source   : x=   0.000, y=  29.997, z=   0.000
  Object   : x=   0.500, y=  24.266, z= 614.458
  Detector : x=  -6.002, y=  33.656, z= 959.000
  Obj rotY :  -4.5698 deg

Initial calibration:
  Source   : x=   0.000, y=   0.000, z=   0.000
  Object   : x=   0.000, y=   0.000, z=   0.000
  Detector : x=  25.318, y=   6.310, z=  40.001

After Calibration: 

Unity geometry (world coordinates):
  Source   : x=   0.000, y=  29.997, z=   0.000
  Object   : x=   0.500, y=  24.266, z= 614.458
  Detector : x=  19.316, y=  39.966, z= 999.001
  Obj rotY :  -4.5698 deg
view   0 | SOD= 627.705 mm | SDD= 999.237 mm | M= 1.592 | incident=1.2464°
[[  39.37477    -626.4425       -5.7311535 ]
 [ -28.26368     370.453       -15.699488  ]
 [   0.14903319    0.01301035    0.        ]
 [   0.            0.            0.1496    ]]
Residual vector length: 540, Jacobian shape: (540, 6)
view   0 | SOD= 627.704 mm | SDD= 999.237 mm | M= 1.592 | incident=1.2464°
[[  39.37689    -626.44183      -5.7305756 ]
 [ -28.262604    370.4536      -15.69891   ]
 [   0.14903317    0.01301051    0.        ]
 [   0.            0.            0.1496    ]]

iter 48 cost=33482.068238 -> 33493.074222 |ddelta|=2.027997e-03  lambda=1.000e+06

============================================================
Iteration 49
============================================================
delta offsets (Unity frame):
  Source   : dSx=   0.000, dSy=   0.000, dSz=   0.000  (mm)
  Object   : dOx=  -0.041, dOy=   4.266, dOz=  14.458  (mm)
  Object offset: offset_x=  13.670, offset_z=  14.170  (mm)
  Detector : dDx=   0.000, dDy=   0.000, dDz=   0.000  (mm)
  Obj Stage rotY :    9.559 deg
============================================================

Unity geometry (world coordinates):
  Source   : x=   0.000, y=  29.997, z=   0.000
  Object   : x=   0.500, y=  24.266, z= 614.458
  Detector : x=  -6.002, y=  33.656, z= 959.000
  Obj rotY :  -4.5698 deg

Initial calibration:
  Source   : x=   0.000, y=   0.000, z=   0.000
  Object   : x=   0.000, y=   0.000, z=   0.000
  Detector : x=  25.318, y=   6.310, z=  40.001

After Calibration: 

Unity geometry (world coordinates):
  Source   : x=   0.000, y=  29.997, z=   0.000
  Object   : x=   0.500, y=  24.266, z= 614.458
  Detector : x=  19.316, y=  39.966, z= 999.001
  Obj rotY :  -4.5698 deg
view   0 | SOD= 627.705 mm | SDD= 999.237 mm | M= 1.592 | incident=1.2464°
[[  39.37477    -626.4425       -5.7311535 ]
 [ -28.26368     370.453       -15.699488  ]
 [   0.14903319    0.01301035    0.        ]
 [   0.            0.            0.1496    ]]
Residual vector length: 540, Jacobian shape: (540, 6)
view   0 | SOD= 627.704 mm | SDD= 999.237 mm | M= 1.592 | incident=1.2464°
[[  39.37689    -626.44183      -5.7305756 ]
 [ -28.262604    370.4536      -15.69891   ]
 [   0.14903317    0.01301051    0.        ]
 [   0.            0.            0.1496    ]]

iter 49 cost=33482.068238 -> 33493.074222 |ddelta|=2.027997e-03  lambda=1.000e+06

============================================================
Iteration 50
============================================================
delta offsets (Unity frame):
  Source   : dSx=   0.000, dSy=   0.000, dSz=   0.000  (mm)
  Object   : dOx=  -0.041, dOy=   4.266, dOz=  14.458  (mm)
  Object offset: offset_x=  13.670, offset_z=  14.170  (mm)
  Detector : dDx=   0.000, dDy=   0.000, dDz=   0.000  (mm)
  Obj Stage rotY :    9.559 deg
============================================================

Unity geometry (world coordinates):
  Source   : x=   0.000, y=  29.997, z=   0.000
  Object   : x=   0.500, y=  24.266, z= 614.458
  Detector : x=  -6.002, y=  33.656, z= 959.000
  Obj rotY :  -4.5698 deg

Initial calibration:
  Source   : x=   0.000, y=   0.000, z=   0.000
  Object   : x=   0.000, y=   0.000, z=   0.000
  Detector : x=  25.318, y=   6.310, z=  40.001

After Calibration: 

Unity geometry (world coordinates):
  Source   : x=   0.000, y=  29.997, z=   0.000
  Object   : x=   0.500, y=  24.266, z= 614.458
  Detector : x=  19.316, y=  39.966, z= 999.001
  Obj rotY :  -4.5698 deg
view   0 | SOD= 627.705 mm | SDD= 999.237 mm | M= 1.592 | incident=1.2464°
[[  39.37477    -626.4425       -5.7311535 ]
 [ -28.26368     370.453       -15.699488  ]
 [   0.14903319    0.01301035    0.        ]
 [   0.            0.            0.1496    ]]
Residual vector length: 540, Jacobian shape: (540, 6)
view   0 | SOD= 627.704 mm | SDD= 999.237 mm | M= 1.592 | incident=1.2464°
[[  39.37689    -626.44183      -5.7305756 ]
 [ -28.262604    370.4536      -15.69891   ]
 [   0.14903317    0.01301051    0.        ]
 [   0.            0.            0.1496    ]]

iter 50 cost=33482.068238 -> 33493.074222 |ddelta|=2.027997e-03  lambda=1.000e+06
Stalled.

Estimated delta:
  dSx: +0.000000
  dSy: +0.000000
  dOx: -0.040614
  dOy: +4.266215
  dOz: +14.457924
  dDx: +0.000000
  dDy: +0.000000
  dDz: +0.000000
alpha: +9.559002e+00 deg)
offset_x: +13.669702
offset_z: +14.169542

Final cost table:
Final estimated delta: [ 0.          0.         -0.04061371  4.26621457 14.45792359  0.
  0.          0.          9.55900198 13.66970193 14.16954175]
################################################################################

