
################################################################################
Running scenario=Scan11 Projections=360 Used=30, K=5


============================================================
Iteration 0
============================================================
delta offsets (Unity frame):
  Source   : dSx=   0.000, dSy=   0.000, dSz=   0.000  (mm)
  Object   : dOx=   0.000, dOy=   0.000, dOz=   0.000  (mm)
  Object offset: offset_x=   0.000, offset_z=   0.000  (mm)
  Detector : dDx=   0.000, dDy=   0.000, dDz=   0.000  (mm)
  Obj Stage rotY :    0.000 deg
============================================================

Unity geometry (world coordinates):
  Source   : x=   0.000, y=  29.997, z=   0.000
  Object   : x=   0.541, y=  20.000, z= 600.000
  Detector : x=  -6.002, y=  33.656, z= 959.000
  Obj rotY :  -4.5698 deg

Initial calibration:
  Source   : x=   0.000, y=   0.000, z=   0.000
  Object   : x=   0.000, y=   0.000, z=   0.000
  Detector : x=  25.318, y=   6.310, z=  40.001

After Calibration: 

Unity geometry (world coordinates):
  Source   : x=   0.000, y=  29.997, z=   0.000
  Object   : x=   0.541, y=  20.000, z= 600.000
  Detector : x=  19.316, y=  39.966, z= 999.001
  Obj rotY :  -4.5698 deg
view   0 | SOD= 600.084 mm | SDD= 999.237 mm | M= 1.665 | incident=1.2464°
[[ -48.342674   -598.04956      -9.997368  ]
 [  50.50566     396.23645     -19.965702  ]
 [   0.14912441   -0.01191922    0.        ]
 [   0.            0.            0.1496    ]]
Residual vector length: 450, Jacobian shape: (450, 6)
view   0 | SOD= 637.369 mm | SDD= 999.237 mm | M= 1.568 | incident=1.2464°
[[ -35.069984   -636.394        -3.4274635 ]
 [  21.959326    361.16473     -13.395798  ]
 [   0.14949328   -0.0056497     0.        ]
 [   0.            0.            0.1496    ]]
/vol/home/s3777103/Documents/workspace/Thesis/AutoCalibration/gauss_newton_real.py:319: FutureWarning: The behavior of DataFrame concatenation with empty or all-NA entries is deprecated. In a future version, this will no longer exclude empty or all-NA columns when determining the result dtypes. To retain the old behavior, exclude the relevant entries before the concat operation.
  df_r0 = pd.concat([df_r0, df_iter], ignore_index=True)

iter 00 cost=1919394.887261 -> 215397.300674 |ddelta|=3.140194e+01  lambda=1.000e-02

============================================================
Iteration 1
============================================================
delta offsets (Unity frame):
  Source   : dSx=   0.000, dSy=   0.000, dSz=   0.000  (mm)
  Object   : dOx=   0.180, dOy=   6.570, dOz=  26.905  (mm)
  Object offset: offset_x=   9.433, offset_z=  11.147  (mm)
  Detector : dDx=   0.000, dDy=   0.000, dDz=   0.000  (mm)
  Obj Stage rotY :    2.406 deg
============================================================

Unity geometry (world coordinates):
  Source   : x=   0.000, y=  29.997, z=   0.000
  Object   : x=   0.721, y=  26.570, z= 626.905
  Detector : x=  -6.002, y=  33.656, z= 959.000
  Obj rotY :  -4.5698 deg

Initial calibration:
  Source   : x=   0.000, y=   0.000, z=   0.000
  Object   : x=   0.000, y=   0.000, z=   0.000
  Detector : x=  25.318, y=   6.310, z=  40.001

After Calibration: 

Unity geometry (world coordinates):
  Source   : x=   0.000, y=  29.997, z=   0.000
  Object   : x=   0.721, y=  26.570, z= 626.905
  Detector : x=  19.316, y=  39.966, z= 999.001
  Obj rotY :  -4.5698 deg
view   0 | SOD= 637.369 mm | SDD= 999.237 mm | M= 1.568 | incident=1.2464°
[[ -35.069984   -636.394        -3.4274635 ]
 [  21.959326    361.16473     -13.395798  ]
 [   0.14949328   -0.0056497     0.        ]
 [   0.            0.            0.1496    ]]
Residual vector length: 450, Jacobian shape: (450, 6)
view   0 | SOD= 631.624 mm | SDD= 999.237 mm | M= 1.582 | incident=1.2464°
[[  -9.831817   -631.50354      -7.4608116 ]
 [   3.7218828   367.59204     -17.429146  ]
 [   0.14959751    0.00086277    0.        ]
 [   0.            0.            0.1496    ]]

iter 01 cost=215397.300674 -> 78102.124216 |ddelta|=9.510339e+00  lambda=3.333e-03

============================================================
Iteration 2
============================================================
delta offsets (Unity frame):
  Source   : dSx=   0.000, dSy=   0.000, dSz=   0.000  (mm)
  Object   : dOx=  -0.116, dOy=   2.537, dOz=  19.339  (mm)
  Object offset: offset_x=  12.044, offset_z=  13.098  (mm)
  Detector : dDx=   0.000, dDy=   0.000, dDz=   0.000  (mm)
  Obj Stage rotY :    4.900 deg
============================================================

Unity geometry (world coordinates):
  Source   : x=   0.000, y=  29.997, z=   0.000
  Object   : x=   0.424, y=  22.537, z= 619.339
  Detector : x=  -6.002, y=  33.656, z= 959.000
  Obj rotY :  -4.5698 deg

Initial calibration:
  Source   : x=   0.000, y=   0.000, z=   0.000
  Object   : x=   0.000, y=   0.000, z=   0.000
  Detector : x=  25.318, y=   6.310, z=  40.001

After Calibration: 

Unity geometry (world coordinates):
  Source   : x=   0.000, y=  29.997, z=   0.000
  Object   : x=   0.424, y=  22.537, z= 619.339
  Detector : x=  19.316, y=  39.966, z= 999.001
  Obj rotY :  -4.5698 deg
view   0 | SOD= 631.624 mm | SDD= 999.237 mm | M= 1.582 | incident=1.2464°
[[  -9.831817   -631.50354      -7.4608116 ]
 [   3.7218828   367.59204     -17.429146  ]
 [   0.14959751    0.00086277    0.        ]
 [   0.            0.            0.1496    ]]
Residual vector length: 450, Jacobian shape: (450, 6)
view   0 | SOD= 627.079 mm | SDD= 999.237 mm | M= 1.593 | incident=1.2464°
[[  -4.466681   -627.0455       -4.6711082 ]
 [  -0.772704    372.13522     -14.639442  ]
 [   0.14958172    0.00233895    0.        ]
 [   0.            0.            0.1496    ]]

iter 02 cost=78102.124216 -> 47270.096870 |ddelta|=5.939617e+00  lambda=1.111e-03

============================================================
Iteration 3
============================================================
delta offsets (Unity frame):
  Source   : dSx=   0.000, dSy=   0.000, dSz=   0.000  (mm)
  Object   : dOx=   0.164, dOy=   5.326, dOz=  14.195  (mm)
  Object offset: offset_x=  12.510, offset_z=  13.744  (mm)
  Detector : dDx=   0.000, dDy=   0.000, dDz=   0.000  (mm)
  Obj Stage rotY :    5.466 deg
============================================================

Unity geometry (world coordinates):
  Source   : x=   0.000, y=  29.997, z=   0.000
  Object   : x=   0.705, y=  25.326, z= 614.195
  Detector : x=  -6.002, y=  33.656, z= 959.000
  Obj rotY :  -4.5698 deg

Initial calibration:
  Source   : x=   0.000, y=   0.000, z=   0.000
  Object   : x=   0.000, y=   0.000, z=   0.000
  Detector : x=  25.318, y=   6.310, z=  40.001

After Calibration: 

Unity geometry (world coordinates):
  Source   : x=   0.000, y=  29.997, z=   0.000
  Object   : x=   0.705, y=  25.326, z= 614.195
  Detector : x=  19.316, y=  39.966, z= 999.001
  Obj rotY :  -4.5698 deg
view   0 | SOD= 627.079 mm | SDD= 999.237 mm | M= 1.593 | incident=1.2464°
[[  -4.466681   -627.0455       -4.6711082 ]
 [  -0.772704    372.13522     -14.639442  ]
 [   0.14958172    0.00233895    0.        ]
 [   0.            0.            0.1496    ]]
Residual vector length: 450, Jacobian shape: (450, 6)
view   0 | SOD= 631.073 mm | SDD= 999.237 mm | M= 1.583 | incident=1.2464°
[[   4.5948706  -631.0219       -6.5877438 ]
 [  -7.2389827   368.0955      -16.556078  ]
 [   0.1495273     0.00466319    0.        ]
 [   0.            0.            0.1496    ]]

iter 03 cost=47270.096870 -> 39268.033561 |ddelta|=4.275328e+00  lambda=3.704e-04

============================================================
Iteration 4
============================================================
delta offsets (Unity frame):
  Source   : dSx=   0.000, dSy=   0.000, dSz=   0.000  (mm)
  Object   : dOx=   0.073, dOy=   3.410, dOz=  17.781  (mm)
  Object offset: offset_x=  13.376, offset_z=  14.188  (mm)
  Detector : dDx=   0.000, dDy=   0.000, dDz=   0.000  (mm)
  Obj Stage rotY :    6.356 deg
============================================================

Unity geometry (world coordinates):
  Source   : x=   0.000, y=  29.997, z=   0.000
  Object   : x=   0.614, y=  23.410, z= 617.781
  Detector : x=  -6.002, y=  33.656, z= 959.000
  Obj rotY :  -4.5698 deg

Initial calibration:
  Source   : x=   0.000, y=   0.000, z=   0.000
  Object   : x=   0.000, y=   0.000, z=   0.000
  Detector : x=  25.318, y=   6.310, z=  40.001

After Calibration: 

Unity geometry (world coordinates):
  Source   : x=   0.000, y=  29.997, z=   0.000
  Object   : x=   0.614, y=  23.410, z= 617.781
  Detector : x=  19.316, y=  39.966, z= 999.001
  Obj rotY :  -4.5698 deg
view   0 | SOD= 631.073 mm | SDD= 999.237 mm | M= 1.583 | incident=1.2464°
[[   4.5948706  -631.0219       -6.5877438 ]
 [  -7.2389827   368.0955      -16.556078  ]
 [   0.1495273     0.00466319    0.        ]
 [   0.            0.            0.1496    ]]
Residual vector length: 450, Jacobian shape: (450, 6)
view   0 | SOD= 627.515 mm | SDD= 999.237 mm | M= 1.592 | incident=1.2464°
[[  18.511312   -627.2228       -4.921829  ]
 [ -15.552584    371.3839      -14.890163  ]
 [   0.14938651    0.00798941    0.        ]
 [   0.            0.            0.1496    ]]

iter 04 cost=39268.033561 -> 36241.990557 |ddelta|=4.219630e+00  lambda=1.235e-04

============================================================
Iteration 5
============================================================
delta offsets (Unity frame):
  Source   : dSx=   0.000, dSy=   0.000, dSz=   0.000  (mm)
  Object   : dOx=   0.145, dOy=   5.076, dOz=  14.125  (mm)
  Object offset: offset_x=  13.231, offset_z=  14.291  (mm)
  Detector : dDx=   0.000, dDy=   0.000, dDz=   0.000  (mm)
  Obj Stage rotY :    7.631 deg
============================================================

Unity geometry (world coordinates):
  Source   : x=   0.000, y=  29.997, z=   0.000
  Object   : x=   0.685, y=  25.076, z= 614.125
  Detector : x=  -6.002, y=  33.656, z= 959.000
  Obj rotY :  -4.5698 deg

Initial calibration:
  Source   : x=   0.000, y=   0.000, z=   0.000
  Object   : x=   0.000, y=   0.000, z=   0.000
  Detector : x=  25.318, y=   6.310, z=  40.001

After Calibration: 

Unity geometry (world coordinates):
  Source   : x=   0.000, y=  29.997, z=   0.000
  Object   : x=   0.685, y=  25.076, z= 614.125
  Detector : x=  19.316, y=  39.966, z= 999.001
  Obj rotY :  -4.5698 deg
view   0 | SOD= 627.515 mm | SDD= 999.237 mm | M= 1.592 | incident=1.2464°
[[  18.511312   -627.2228       -4.921829  ]
 [ -15.552584    371.3839      -14.890163  ]
 [   0.14938651    0.00798941    0.        ]
 [   0.            0.            0.1496    ]]
Residual vector length: 450, Jacobian shape: (450, 6)
view   0 | SOD= 629.249 mm | SDD= 999.237 mm | M= 1.588 | incident=1.2464°
[[  19.090523   -628.9258       -6.529331  ]
 [ -16.01077     369.645       -16.497665  ]
 [   0.14937814    0.00814459    0.        ]
 [   0.            0.            0.1496    ]]

iter 05 cost=36241.990557 -> 37847.345973 |ddelta|=2.666490e+00  lambda=4.115e-05

============================================================
Iteration 6
============================================================
delta offsets (Unity frame):
  Source   : dSx=   0.000, dSy=   0.000, dSz=   0.000  (mm)
  Object   : dOx=   0.145, dOy=   5.076, dOz=  14.125  (mm)
  Object offset: offset_x=  13.231, offset_z=  14.291  (mm)
  Detector : dDx=   0.000, dDy=   0.000, dDz=   0.000  (mm)
  Obj Stage rotY :    7.631 deg
============================================================

Unity geometry (world coordinates):
  Source   : x=   0.000, y=  29.997, z=   0.000
  Object   : x=   0.685, y=  25.076, z= 614.125
  Detector : x=  -6.002, y=  33.656, z= 959.000
  Obj rotY :  -4.5698 deg

Initial calibration:
  Source   : x=   0.000, y=   0.000, z=   0.000
  Object   : x=   0.000, y=   0.000, z=   0.000
  Detector : x=  25.318, y=   6.310, z=  40.001

After Calibration: 

Unity geometry (world coordinates):
  Source   : x=   0.000, y=  29.997, z=   0.000
  Object   : x=   0.685, y=  25.076, z= 614.125
  Detector : x=  19.316, y=  39.966, z= 999.001
  Obj rotY :  -4.5698 deg
view   0 | SOD= 627.515 mm | SDD= 999.237 mm | M= 1.592 | incident=1.2464°
[[  18.511312   -627.2228       -4.921829  ]
 [ -15.552584    371.3839      -14.890163  ]
 [   0.14938651    0.00798941    0.        ]
 [   0.            0.            0.1496    ]]
Residual vector length: 450, Jacobian shape: (450, 6)
view   0 | SOD= 629.249 mm | SDD= 999.237 mm | M= 1.588 | incident=1.2464°
[[  19.090525   -628.9258       -6.529331  ]
 [ -16.01077     369.645       -16.497665  ]
 [   0.14937814    0.00814459    0.        ]
 [   0.            0.            0.1496    ]]

iter 06 cost=36241.990557 -> 37846.808844 |ddelta|=2.666486e+00  lambda=2.058e-04

============================================================
Iteration 7
============================================================
delta offsets (Unity frame):
  Source   : dSx=   0.000, dSy=   0.000, dSz=   0.000  (mm)
  Object   : dOx=   0.145, dOy=   5.076, dOz=  14.125  (mm)
  Object offset: offset_x=  13.231, offset_z=  14.291  (mm)
  Detector : dDx=   0.000, dDy=   0.000, dDz=   0.000  (mm)
  Obj Stage rotY :    7.631 deg
============================================================

Unity geometry (world coordinates):
  Source   : x=   0.000, y=  29.997, z=   0.000
  Object   : x=   0.685, y=  25.076, z= 614.125
  Detector : x=  -6.002, y=  33.656, z= 959.000
  Obj rotY :  -4.5698 deg

Initial calibration:
  Source   : x=   0.000, y=   0.000, z=   0.000
  Object   : x=   0.000, y=   0.000, z=   0.000
  Detector : x=  25.318, y=   6.310, z=  40.001

After Calibration: 

Unity geometry (world coordinates):
  Source   : x=   0.000, y=  29.997, z=   0.000
  Object   : x=   0.685, y=  25.076, z= 614.125
  Detector : x=  19.316, y=  39.966, z= 999.001
  Obj rotY :  -4.5698 deg
view   0 | SOD= 627.515 mm | SDD= 999.237 mm | M= 1.592 | incident=1.2464°
[[  18.511312   -627.2228       -4.921829  ]
 [ -15.552584    371.3839      -14.890163  ]
 [   0.14938651    0.00798941    0.        ]
 [   0.            0.            0.1496    ]]
Residual vector length: 450, Jacobian shape: (450, 6)
view   0 | SOD= 629.249 mm | SDD= 999.237 mm | M= 1.588 | incident=1.2464°
[[  19.090523   -628.9257       -6.529331  ]
 [ -16.010773    369.64505     -16.497665  ]
 [   0.14937814    0.00814459    0.        ]
 [   0.            0.            0.1496    ]]

iter 07 cost=36241.990557 -> 37847.345973 |ddelta|=2.666466e+00  lambda=1.029e-03

============================================================
Iteration 8
============================================================
delta offsets (Unity frame):
  Source   : dSx=   0.000, dSy=   0.000, dSz=   0.000  (mm)
  Object   : dOx=   0.145, dOy=   5.076, dOz=  14.125  (mm)
  Object offset: offset_x=  13.231, offset_z=  14.291  (mm)
  Detector : dDx=   0.000, dDy=   0.000, dDz=   0.000  (mm)
  Obj Stage rotY :    7.631 deg
============================================================

Unity geometry (world coordinates):
  Source   : x=   0.000, y=  29.997, z=   0.000
  Object   : x=   0.685, y=  25.076, z= 614.125
  Detector : x=  -6.002, y=  33.656, z= 959.000
  Obj rotY :  -4.5698 deg

Initial calibration:
  Source   : x=   0.000, y=   0.000, z=   0.000
  Object   : x=   0.000, y=   0.000, z=   0.000
  Detector : x=  25.318, y=   6.310, z=  40.001

After Calibration: 

Unity geometry (world coordinates):
  Source   : x=   0.000, y=  29.997, z=   0.000
  Object   : x=   0.685, y=  25.076, z= 614.125
  Detector : x=  19.316, y=  39.966, z= 999.001
  Obj rotY :  -4.5698 deg
view   0 | SOD= 627.515 mm | SDD= 999.237 mm | M= 1.592 | incident=1.2464°
[[  18.511312   -627.2228       -4.921829  ]
 [ -15.552584    371.3839      -14.890163  ]
 [   0.14938651    0.00798941    0.        ]
 [   0.            0.            0.1496    ]]
Residual vector length: 450, Jacobian shape: (450, 6)
view   0 | SOD= 629.249 mm | SDD= 999.237 mm | M= 1.588 | incident=1.2464°
[[  19.090527   -628.9256       -6.5293293 ]
 [ -16.01078     369.64517     -16.497663  ]
 [   0.14937814    0.0081446     0.        ]
 [   0.            0.            0.1496    ]]

iter 08 cost=36241.990557 -> 37847.345973 |ddelta|=2.666366e+00  lambda=5.144e-03

============================================================
Iteration 9
============================================================
delta offsets (Unity frame):
  Source   : dSx=   0.000, dSy=   0.000, dSz=   0.000  (mm)
  Object   : dOx=   0.145, dOy=   5.076, dOz=  14.125  (mm)
  Object offset: offset_x=  13.231, offset_z=  14.291  (mm)
  Detector : dDx=   0.000, dDy=   0.000, dDz=   0.000  (mm)
  Obj Stage rotY :    7.631 deg
============================================================

Unity geometry (world coordinates):
  Source   : x=   0.000, y=  29.997, z=   0.000
  Object   : x=   0.685, y=  25.076, z= 614.125
  Detector : x=  -6.002, y=  33.656, z= 959.000
  Obj rotY :  -4.5698 deg

Initial calibration:
  Source   : x=   0.000, y=   0.000, z=   0.000
  Object   : x=   0.000, y=   0.000, z=   0.000
  Detector : x=  25.318, y=   6.310, z=  40.001

After Calibration: 

Unity geometry (world coordinates):
  Source   : x=   0.000, y=  29.997, z=   0.000
  Object   : x=   0.685, y=  25.076, z= 614.125
  Detector : x=  19.316, y=  39.966, z= 999.001
  Obj rotY :  -4.5698 deg
view   0 | SOD= 627.515 mm | SDD= 999.237 mm | M= 1.592 | incident=1.2464°
[[  18.511312   -627.2228       -4.921829  ]
 [ -15.552584    371.3839      -14.890163  ]
 [   0.14938651    0.00798941    0.        ]
 [   0.            0.            0.1496    ]]
Residual vector length: 450, Jacobian shape: (450, 6)
view   0 | SOD= 629.249 mm | SDD= 999.237 mm | M= 1.588 | incident=1.2464°
[[  19.090544   -628.925        -6.5293236 ]
 [ -16.010815    369.64578     -16.497658  ]
 [   0.14937812    0.0081446     0.        ]
 [   0.            0.            0.1496    ]]

iter 09 cost=36241.990557 -> 37846.643973 |ddelta|=2.665868e+00  lambda=2.572e-02

============================================================
Iteration 10
============================================================
delta offsets (Unity frame):
  Source   : dSx=   0.000, dSy=   0.000, dSz=   0.000  (mm)
  Object   : dOx=   0.145, dOy=   5.076, dOz=  14.125  (mm)
  Object offset: offset_x=  13.231, offset_z=  14.291  (mm)
  Detector : dDx=   0.000, dDy=   0.000, dDz=   0.000  (mm)
  Obj Stage rotY :    7.631 deg
============================================================

Unity geometry (world coordinates):
  Source   : x=   0.000, y=  29.997, z=   0.000
  Object   : x=   0.685, y=  25.076, z= 614.125
  Detector : x=  -6.002, y=  33.656, z= 959.000
  Obj rotY :  -4.5698 deg

Initial calibration:
  Source   : x=   0.000, y=   0.000, z=   0.000
  Object   : x=   0.000, y=   0.000, z=   0.000
  Detector : x=  25.318, y=   6.310, z=  40.001

After Calibration: 

Unity geometry (world coordinates):
  Source   : x=   0.000, y=  29.997, z=   0.000
  Object   : x=   0.685, y=  25.076, z= 614.125
  Detector : x=  19.316, y=  39.966, z= 999.001
  Obj rotY :  -4.5698 deg
view   0 | SOD= 627.515 mm | SDD= 999.237 mm | M= 1.592 | incident=1.2464°
[[  18.511312   -627.2228       -4.921829  ]
 [ -15.552584    371.3839      -14.890163  ]
 [   0.14938651    0.00798941    0.        ]
 [   0.            0.            0.1496    ]]
Residual vector length: 450, Jacobian shape: (450, 6)
view   0 | SOD= 629.245 mm | SDD= 999.237 mm | M= 1.588 | incident=1.2464°
[[  19.090622   -628.92175      -6.529295  ]
 [ -16.011       369.64902     -16.49763   ]
 [   0.14937812    0.00814464    0.        ]
 [   0.            0.            0.1496    ]]

iter 10 cost=36241.990557 -> 37848.017481 |ddelta|=2.663382e+00  lambda=1.286e-01

============================================================
Iteration 11
============================================================
delta offsets (Unity frame):
  Source   : dSx=   0.000, dSy=   0.000, dSz=   0.000  (mm)
  Object   : dOx=   0.145, dOy=   5.076, dOz=  14.125  (mm)
  Object offset: offset_x=  13.231, offset_z=  14.291  (mm)
  Detector : dDx=   0.000, dDy=   0.000, dDz=   0.000  (mm)
  Obj Stage rotY :    7.631 deg
============================================================

Unity geometry (world coordinates):
  Source   : x=   0.000, y=  29.997, z=   0.000
  Object   : x=   0.685, y=  25.076, z= 614.125
  Detector : x=  -6.002, y=  33.656, z= 959.000
  Obj rotY :  -4.5698 deg

Initial calibration:
  Source   : x=   0.000, y=   0.000, z=   0.000
  Object   : x=   0.000, y=   0.000, z=   0.000
  Detector : x=  25.318, y=   6.310, z=  40.001

After Calibration: 

Unity geometry (world coordinates):
  Source   : x=   0.000, y=  29.997, z=   0.000
  Object   : x=   0.685, y=  25.076, z= 614.125
  Detector : x=  19.316, y=  39.966, z= 999.001
  Obj rotY :  -4.5698 deg
view   0 | SOD= 627.515 mm | SDD= 999.237 mm | M= 1.592 | incident=1.2464°
[[  18.511312   -627.2228       -4.921829  ]
 [ -15.552584    371.3839      -14.890163  ]
 [   0.14938651    0.00798941    0.        ]
 [   0.            0.            0.1496    ]]
Residual vector length: 450, Jacobian shape: (450, 6)
view   0 | SOD= 629.229 mm | SDD= 999.237 mm | M= 1.588 | incident=1.2464°
[[  19.091007   -628.90564      -6.529152  ]
 [ -16.011915    369.66504     -16.497486  ]
 [   0.14937812    0.00814484    0.        ]
 [   0.            0.            0.1496    ]]

iter 11 cost=36241.990557 -> 37847.740096 |ddelta|=2.651085e+00  lambda=6.430e-01

============================================================
Iteration 12
============================================================
delta offsets (Unity frame):
  Source   : dSx=   0.000, dSy=   0.000, dSz=   0.000  (mm)
  Object   : dOx=   0.145, dOy=   5.076, dOz=  14.125  (mm)
  Object offset: offset_x=  13.231, offset_z=  14.291  (mm)
  Detector : dDx=   0.000, dDy=   0.000, dDz=   0.000  (mm)
  Obj Stage rotY :    7.631 deg
============================================================

Unity geometry (world coordinates):
  Source   : x=   0.000, y=  29.997, z=   0.000
  Object   : x=   0.685, y=  25.076, z= 614.125
  Detector : x=  -6.002, y=  33.656, z= 959.000
  Obj rotY :  -4.5698 deg

Initial calibration:
  Source   : x=   0.000, y=   0.000, z=   0.000
  Object   : x=   0.000, y=   0.000, z=   0.000
  Detector : x=  25.318, y=   6.310, z=  40.001

After Calibration: 

Unity geometry (world coordinates):
  Source   : x=   0.000, y=  29.997, z=   0.000
  Object   : x=   0.685, y=  25.076, z= 614.125
  Detector : x=  19.316, y=  39.966, z= 999.001
  Obj rotY :  -4.5698 deg
view   0 | SOD= 627.515 mm | SDD= 999.237 mm | M= 1.592 | incident=1.2464°
[[  18.511312   -627.2228       -4.921829  ]
 [ -15.552584    371.3839      -14.890163  ]
 [   0.14938651    0.00798941    0.        ]
 [   0.            0.            0.1496    ]]
Residual vector length: 450, Jacobian shape: (450, 6)
view   0 | SOD= 629.152 mm | SDD= 999.237 mm | M= 1.588 | incident=1.2464°
[[  19.092813   -628.82874      -6.528446  ]
 [ -16.01627     369.74173     -16.49678   ]
 [   0.14937806    0.00814576    0.        ]
 [   0.            0.            0.1496    ]]

iter 12 cost=36241.990557 -> 37831.340807 |ddelta|=2.592799e+00  lambda=3.215e+00

============================================================
Iteration 13
============================================================
delta offsets (Unity frame):
  Source   : dSx=   0.000, dSy=   0.000, dSz=   0.000  (mm)
  Object   : dOx=   0.145, dOy=   5.076, dOz=  14.125  (mm)
  Object offset: offset_x=  13.231, offset_z=  14.291  (mm)
  Detector : dDx=   0.000, dDy=   0.000, dDz=   0.000  (mm)
  Obj Stage rotY :    7.631 deg
============================================================

Unity geometry (world coordinates):
  Source   : x=   0.000, y=  29.997, z=   0.000
  Object   : x=   0.685, y=  25.076, z= 614.125
  Detector : x=  -6.002, y=  33.656, z= 959.000
  Obj rotY :  -4.5698 deg

Initial calibration:
  Source   : x=   0.000, y=   0.000, z=   0.000
  Object   : x=   0.000, y=   0.000, z=   0.000
  Detector : x=  25.318, y=   6.310, z=  40.001

After Calibration: 

Unity geometry (world coordinates):
  Source   : x=   0.000, y=  29.997, z=   0.000
  Object   : x=   0.685, y=  25.076, z= 614.125
  Detector : x=  19.316, y=  39.966, z= 999.001
  Obj rotY :  -4.5698 deg
view   0 | SOD= 627.515 mm | SDD= 999.237 mm | M= 1.592 | incident=1.2464°
[[  18.511312   -627.2228       -4.921829  ]
 [ -15.552584    371.3839      -14.890163  ]
 [   0.14938651    0.00798941    0.        ]
 [   0.            0.            0.1496    ]]
Residual vector length: 450, Jacobian shape: (450, 6)
view   0 | SOD= 628.840 mm | SDD= 999.237 mm | M= 1.589 | incident=1.2464°
[[  19.099524   -628.5161       -6.5251083 ]
 [ -16.033573    370.05356     -16.493443  ]
 [   0.14937787    0.00814935    0.        ]
 [   0.            0.            0.1496    ]]

iter 13 cost=36241.990557 -> 37742.493888 |ddelta|=2.364997e+00  lambda=1.608e+01

============================================================
Iteration 14
============================================================
delta offsets (Unity frame):
  Source   : dSx=   0.000, dSy=   0.000, dSz=   0.000  (mm)
  Object   : dOx=   0.145, dOy=   5.076, dOz=  14.125  (mm)
  Object offset: offset_x=  13.231, offset_z=  14.291  (mm)
  Detector : dDx=   0.000, dDy=   0.000, dDz=   0.000  (mm)
  Obj Stage rotY :    7.631 deg
============================================================

Unity geometry (world coordinates):
  Source   : x=   0.000, y=  29.997, z=   0.000
  Object   : x=   0.685, y=  25.076, z= 614.125
  Detector : x=  -6.002, y=  33.656, z= 959.000
  Obj rotY :  -4.5698 deg

Initial calibration:
  Source   : x=   0.000, y=   0.000, z=   0.000
  Object   : x=   0.000, y=   0.000, z=   0.000
  Detector : x=  25.318, y=   6.310, z=  40.001

After Calibration: 

Unity geometry (world coordinates):
  Source   : x=   0.000, y=  29.997, z=   0.000
  Object   : x=   0.685, y=  25.076, z= 614.125
  Detector : x=  19.316, y=  39.966, z= 999.001
  Obj rotY :  -4.5698 deg
view   0 | SOD= 627.515 mm | SDD= 999.237 mm | M= 1.592 | incident=1.2464°
[[  18.511312   -627.2228       -4.921829  ]
 [ -15.552584    371.3839      -14.890163  ]
 [   0.14938651    0.00798941    0.        ]
 [   0.            0.            0.1496    ]]
Residual vector length: 450, Jacobian shape: (450, 6)
view   0 | SOD= 628.099 mm | SDD= 999.237 mm | M= 1.591 | incident=1.2464°
[[  19.107267   -627.7747       -6.510645  ]
 [ -16.069408    370.79343     -16.47898   ]
 [   0.14937751    0.00815587    0.        ]
 [   0.            0.            0.1496    ]]

iter 14 cost=36241.990557 -> 37571.132589 |ddelta|=1.906426e+00  lambda=8.038e+01

============================================================
Iteration 15
============================================================
delta offsets (Unity frame):
  Source   : dSx=   0.000, dSy=   0.000, dSz=   0.000  (mm)
  Object   : dOx=   0.145, dOy=   5.076, dOz=  14.125  (mm)
  Object offset: offset_x=  13.231, offset_z=  14.291  (mm)
  Detector : dDx=   0.000, dDy=   0.000, dDz=   0.000  (mm)
  Obj Stage rotY :    7.631 deg
============================================================

Unity geometry (world coordinates):
  Source   : x=   0.000, y=  29.997, z=   0.000
  Object   : x=   0.685, y=  25.076, z= 614.125
  Detector : x=  -6.002, y=  33.656, z= 959.000
  Obj rotY :  -4.5698 deg

Initial calibration:
  Source   : x=   0.000, y=   0.000, z=   0.000
  Object   : x=   0.000, y=   0.000, z=   0.000
  Detector : x=  25.318, y=   6.310, z=  40.001

After Calibration: 

Unity geometry (world coordinates):
  Source   : x=   0.000, y=  29.997, z=   0.000
  Object   : x=   0.685, y=  25.076, z= 614.125
  Detector : x=  19.316, y=  39.966, z= 999.001
  Obj rotY :  -4.5698 deg
view   0 | SOD= 627.515 mm | SDD= 999.237 mm | M= 1.592 | incident=1.2464°
[[  18.511312   -627.2228       -4.921829  ]
 [ -15.552584    371.3839      -14.890163  ]
 [   0.14938651    0.00798941    0.        ]
 [   0.            0.            0.1496    ]]
Residual vector length: 450, Jacobian shape: (450, 6)
view   0 | SOD= 627.467 mm | SDD= 999.237 mm | M= 1.592 | incident=1.2464°
[[  19.07081    -627.1442       -6.4491806 ]
 [ -16.070864    371.4251      -16.417515  ]
 [   0.1493778     0.00815064    0.        ]
 [   0.            0.            0.1496    ]]

iter 15 cost=36241.990557 -> 36695.481387 |ddelta|=1.617728e+00  lambda=4.019e+02

============================================================
Iteration 16
============================================================
delta offsets (Unity frame):
  Source   : dSx=   0.000, dSy=   0.000, dSz=   0.000  (mm)
  Object   : dOx=   0.145, dOy=   5.076, dOz=  14.125  (mm)
  Object offset: offset_x=  13.231, offset_z=  14.291  (mm)
  Detector : dDx=   0.000, dDy=   0.000, dDz=   0.000  (mm)
  Obj Stage rotY :    7.631 deg
============================================================

Unity geometry (world coordinates):
  Source   : x=   0.000, y=  29.997, z=   0.000
  Object   : x=   0.685, y=  25.076, z= 614.125
  Detector : x=  -6.002, y=  33.656, z= 959.000
  Obj rotY :  -4.5698 deg

Initial calibration:
  Source   : x=   0.000, y=   0.000, z=   0.000
  Object   : x=   0.000, y=   0.000, z=   0.000
  Detector : x=  25.318, y=   6.310, z=  40.001

After Calibration: 

Unity geometry (world coordinates):
  Source   : x=   0.000, y=  29.997, z=   0.000
  Object   : x=   0.685, y=  25.076, z= 614.125
  Detector : x=  19.316, y=  39.966, z= 999.001
  Obj rotY :  -4.5698 deg
view   0 | SOD= 627.515 mm | SDD= 999.237 mm | M= 1.592 | incident=1.2464°
[[  18.511312   -627.2228       -4.921829  ]
 [ -15.552584    371.3839      -14.890163  ]
 [   0.14938651    0.00798941    0.        ]
 [   0.            0.            0.1496    ]]
Residual vector length: 450, Jacobian shape: (450, 6)
view   0 | SOD= 627.342 mm | SDD= 999.237 mm | M= 1.593 | incident=1.2464°
[[  18.950356   -627.0249       -6.209236  ]
 [ -15.984434    371.5517      -16.17757   ]
 [   0.14937949    0.00811969    0.        ]
 [   0.            0.            0.1496    ]]

iter 16 cost=36241.990557 -> 33621.555141 |ddelta|=1.332943e+00  lambda=2.009e+03

============================================================
Iteration 17
============================================================
delta offsets (Unity frame):
  Source   : dSx=   0.000, dSy=   0.000, dSz=   0.000  (mm)
  Object   : dOx=   0.043, dOy=   3.788, dOz=  14.188  (mm)
  Object offset: offset_x=  13.449, offset_z=  14.057  (mm)
  Detector : dDx=   0.000, dDy=   0.000, dDz=   0.000  (mm)
  Obj Stage rotY :    7.681 deg
============================================================

Unity geometry (world coordinates):
  Source   : x=   0.000, y=  29.997, z=   0.000
  Object   : x=   0.584, y=  23.788, z= 614.188
  Detector : x=  -6.002, y=  33.656, z= 959.000
  Obj rotY :  -4.5698 deg

Initial calibration:
  Source   : x=   0.000, y=   0.000, z=   0.000
  Object   : x=   0.000, y=   0.000, z=   0.000
  Detector : x=  25.318, y=   6.310, z=  40.001

After Calibration: 

Unity geometry (world coordinates):
  Source   : x=   0.000, y=  29.997, z=   0.000
  Object   : x=   0.584, y=  23.788, z= 614.188
  Detector : x=  19.316, y=  39.966, z= 999.001
  Obj rotY :  -4.5698 deg
view   0 | SOD= 627.342 mm | SDD= 999.237 mm | M= 1.593 | incident=1.2464°
[[  18.950356   -627.0249       -6.209236  ]
 [ -15.984434    371.5517      -16.17757   ]
 [   0.14937949    0.00811969    0.        ]
 [   0.            0.            0.1496    ]]
Residual vector length: 450, Jacobian shape: (450, 6)
view   0 | SOD= 627.654 mm | SDD= 999.237 mm | M= 1.592 | incident=1.2464°
[[  24.80693    -627.14215      -5.1313953 ]
 [ -19.28847     371.07187     -15.09973   ]
 [   0.1492987     0.00948992    0.        ]
 [   0.            0.            0.1496    ]]

iter 17 cost=33621.555141 -> 33635.089750 |ddelta|=1.321153e+00  lambda=6.698e+02

============================================================
Iteration 18
============================================================
delta offsets (Unity frame):
  Source   : dSx=   0.000, dSy=   0.000, dSz=   0.000  (mm)
  Object   : dOx=   0.043, dOy=   3.788, dOz=  14.188  (mm)
  Object offset: offset_x=  13.449, offset_z=  14.057  (mm)
  Detector : dDx=   0.000, dDy=   0.000, dDz=   0.000  (mm)
  Obj Stage rotY :    7.681 deg
============================================================

Unity geometry (world coordinates):
  Source   : x=   0.000, y=  29.997, z=   0.000
  Object   : x=   0.584, y=  23.788, z= 614.188
  Detector : x=  -6.002, y=  33.656, z= 959.000
  Obj rotY :  -4.5698 deg

Initial calibration:
  Source   : x=   0.000, y=   0.000, z=   0.000
  Object   : x=   0.000, y=   0.000, z=   0.000
  Detector : x=  25.318, y=   6.310, z=  40.001

After Calibration: 

Unity geometry (world coordinates):
  Source   : x=   0.000, y=  29.997, z=   0.000
  Object   : x=   0.584, y=  23.788, z= 614.188
  Detector : x=  19.316, y=  39.966, z= 999.001
  Obj rotY :  -4.5698 deg
view   0 | SOD= 627.342 mm | SDD= 999.237 mm | M= 1.593 | incident=1.2464°
[[  18.950356   -627.0249       -6.209236  ]
 [ -15.984434    371.5517      -16.17757   ]
 [   0.14937949    0.00811969    0.        ]
 [   0.            0.            0.1496    ]]
Residual vector length: 450, Jacobian shape: (450, 6)
view   0 | SOD= 627.672 mm | SDD= 999.237 mm | M= 1.592 | incident=1.2464°
[[  20.953667  -627.29877     -5.390995 ]
 [ -17.040928   371.16614    -15.359329 ]
 [   0.1493539    0.0085774    0.       ]
 [   0.           0.           0.1496   ]]

iter 18 cost=33621.555141 -> 31595.615747 |ddelta|=9.333165e-01  lambda=3.349e+03

============================================================
Iteration 19
============================================================
delta offsets (Unity frame):
  Source   : dSx=   0.000, dSy=   0.000, dSz=   0.000  (mm)
  Object   : dOx=   0.148, dOy=   4.606, dOz=  14.165  (mm)
  Object offset: offset_x=  13.253, offset_z=  14.405  (mm)
  Detector : dDx=   0.000, dDy=   0.000, dDz=   0.000  (mm)
  Obj Stage rotY :    7.857 deg
============================================================

Unity geometry (world coordinates):
  Source   : x=   0.000, y=  29.997, z=   0.000
  Object   : x=   0.689, y=  24.606, z= 614.165
  Detector : x=  -6.002, y=  33.656, z= 959.000
  Obj rotY :  -4.5698 deg

Initial calibration:
  Source   : x=   0.000, y=   0.000, z=   0.000
  Object   : x=   0.000, y=   0.000, z=   0.000
  Detector : x=  25.318, y=   6.310, z=  40.001

After Calibration: 

Unity geometry (world coordinates):
  Source   : x=   0.000, y=  29.997, z=   0.000
  Object   : x=   0.689, y=  24.606, z= 614.165
  Detector : x=  19.316, y=  39.966, z= 999.001
  Obj rotY :  -4.5698 deg
view   0 | SOD= 627.672 mm | SDD= 999.237 mm | M= 1.592 | incident=1.2464°
[[  20.953667  -627.29877     -5.390995 ]
 [ -17.040928   371.16614    -15.359329 ]
 [   0.1493539    0.0085774    0.       ]
 [   0.           0.           0.1496   ]]
Residual vector length: 450, Jacobian shape: (450, 6)
view   0 | SOD= 627.682 mm | SDD= 999.237 mm | M= 1.592 | incident=1.2464°
[[  20.188272   -627.32715      -6.1520653 ]
 [ -16.567677    371.18408     -16.1204    ]
 [   0.14936443    0.00839211    0.        ]
 [   0.            0.            0.1496    ]]

iter 19 cost=31595.615747 -> 32725.959803 |ddelta|=8.284206e-01  lambda=1.116e+03

============================================================
Iteration 20
============================================================
delta offsets (Unity frame):
  Source   : dSx=   0.000, dSy=   0.000, dSz=   0.000  (mm)
  Object   : dOx=   0.148, dOy=   4.606, dOz=  14.165  (mm)
  Object offset: offset_x=  13.253, offset_z=  14.405  (mm)
  Detector : dDx=   0.000, dDy=   0.000, dDz=   0.000  (mm)
  Obj Stage rotY :    7.857 deg
============================================================

Unity geometry (world coordinates):
  Source   : x=   0.000, y=  29.997, z=   0.000
  Object   : x=   0.689, y=  24.606, z= 614.165
  Detector : x=  -6.002, y=  33.656, z= 959.000
  Obj rotY :  -4.5698 deg

Initial calibration:
  Source   : x=   0.000, y=   0.000, z=   0.000
  Object   : x=   0.000, y=   0.000, z=   0.000
  Detector : x=  25.318, y=   6.310, z=  40.001

After Calibration: 

Unity geometry (world coordinates):
  Source   : x=   0.000, y=  29.997, z=   0.000
  Object   : x=   0.689, y=  24.606, z= 614.165
  Detector : x=  19.316, y=  39.966, z= 999.001
  Obj rotY :  -4.5698 deg
view   0 | SOD= 627.672 mm | SDD= 999.237 mm | M= 1.592 | incident=1.2464°
[[  20.953667  -627.29877     -5.390995 ]
 [ -17.040928   371.16614    -15.359329 ]
 [   0.1493539    0.0085774    0.       ]
 [   0.           0.           0.1496   ]]
Residual vector length: 450, Jacobian shape: (450, 6)
view   0 | SOD= 627.674 mm | SDD= 999.237 mm | M= 1.592 | incident=1.2464°
[[  20.852476   -627.3002       -5.8486576 ]
 [ -16.964882    371.17145     -15.816992  ]
 [   0.14935543    0.00855089    0.        ]
 [   0.            0.            0.1496    ]]

iter 20 cost=31595.615747 -> 30899.578681 |ddelta|=4.908139e-01  lambda=5.582e+03

============================================================
Iteration 21
============================================================
delta offsets (Unity frame):
  Source   : dSx=   0.000, dSy=   0.000, dSz=   0.000  (mm)
  Object   : dOx=   0.019, dOy=   4.149, dOz=  14.178  (mm)
  Object offset: offset_x=  13.373, offset_z=  14.400  (mm)
  Detector : dDx=   0.000, dDy=   0.000, dDz=   0.000  (mm)
  Obj Stage rotY :    7.847 deg
============================================================

Unity geometry (world coordinates):
  Source   : x=   0.000, y=  29.997, z=   0.000
  Object   : x=   0.560, y=  24.149, z= 614.178
  Detector : x=  -6.002, y=  33.656, z= 959.000
  Obj rotY :  -4.5698 deg

Initial calibration:
  Source   : x=   0.000, y=   0.000, z=   0.000
  Object   : x=   0.000, y=   0.000, z=   0.000
  Detector : x=  25.318, y=   6.310, z=  40.001

After Calibration: 

Unity geometry (world coordinates):
  Source   : x=   0.000, y=  29.997, z=   0.000
  Object   : x=   0.560, y=  24.149, z= 614.178
  Detector : x=  19.316, y=  39.966, z= 999.001
  Obj rotY :  -4.5698 deg
view   0 | SOD= 627.674 mm | SDD= 999.237 mm | M= 1.592 | incident=1.2464°
[[  20.852476   -627.3002       -5.8486576 ]
 [ -16.964882    371.17145     -15.816992  ]
 [   0.14935543    0.00855089    0.        ]
 [   0.            0.            0.1496    ]]
Residual vector length: 450, Jacobian shape: (450, 6)
view   0 | SOD= 627.759 mm | SDD= 999.237 mm | M= 1.592 | incident=1.2464°
[[  24.720217   -627.2485       -5.46957   ]
 [ -19.367085    370.96594     -15.437904  ]
 [   0.14929877    0.00948871    0.        ]
 [   0.            0.            0.1496    ]]

iter 21 cost=30899.578681 -> 30889.354008 |ddelta|=5.418951e-01  lambda=1.861e+03

============================================================
Iteration 22
============================================================
delta offsets (Unity frame):
  Source   : dSx=   0.000, dSy=   0.000, dSz=   0.000  (mm)
  Object   : dOx=   0.137, dOy=   4.528, dOz=  14.245  (mm)
  Object offset: offset_x=  13.331, offset_z=  14.416  (mm)
  Detector : dDx=   0.000, dDy=   0.000, dDz=   0.000  (mm)
  Obj Stage rotY :    8.206 deg
============================================================

Unity geometry (world coordinates):
  Source   : x=   0.000, y=  29.997, z=   0.000
  Object   : x=   0.677, y=  24.528, z= 614.245
  Detector : x=  -6.002, y=  33.656, z= 959.000
  Obj rotY :  -4.5698 deg

Initial calibration:
  Source   : x=   0.000, y=   0.000, z=   0.000
  Object   : x=   0.000, y=   0.000, z=   0.000
  Detector : x=  25.318, y=   6.310, z=  40.001

After Calibration: 

Unity geometry (world coordinates):
  Source   : x=   0.000, y=  29.997, z=   0.000
  Object   : x=   0.677, y=  24.528, z= 614.245
  Detector : x=  19.316, y=  39.966, z= 999.001
  Obj rotY :  -4.5698 deg
view   0 | SOD= 627.759 mm | SDD= 999.237 mm | M= 1.592 | incident=1.2464°
[[  24.720217   -627.2485       -5.46957   ]
 [ -19.367085    370.96594     -15.437904  ]
 [   0.14929877    0.00948871    0.        ]
 [   0.            0.            0.1496    ]]
Residual vector length: 450, Jacobian shape: (450, 6)
view   0 | SOD= 627.566 mm | SDD= 999.237 mm | M= 1.592 | incident=1.2464°
[[  27.03695    -626.95386      -6.105879  ]
 [ -20.699621    371.09268     -16.074213  ]
 [   0.14926308    0.0100345     0.        ]
 [   0.            0.            0.1496    ]]

iter 22 cost=30889.354008 -> 32281.600538 |ddelta|=7.853696e-01  lambda=6.202e+02

============================================================
Iteration 23
============================================================
delta offsets (Unity frame):
  Source   : dSx=   0.000, dSy=   0.000, dSz=   0.000  (mm)
  Object   : dOx=   0.137, dOy=   4.528, dOz=  14.245  (mm)
  Object offset: offset_x=  13.331, offset_z=  14.416  (mm)
  Detector : dDx=   0.000, dDy=   0.000, dDz=   0.000  (mm)
  Obj Stage rotY :    8.206 deg
============================================================

Unity geometry (world coordinates):
  Source   : x=   0.000, y=  29.997, z=   0.000
  Object   : x=   0.677, y=  24.528, z= 614.245
  Detector : x=  -6.002, y=  33.656, z= 959.000
  Obj rotY :  -4.5698 deg

Initial calibration:
  Source   : x=   0.000, y=   0.000, z=   0.000
  Object   : x=   0.000, y=   0.000, z=   0.000
  Detector : x=  25.318, y=   6.310, z=  40.001

After Calibration: 

Unity geometry (world coordinates):
  Source   : x=   0.000, y=  29.997, z=   0.000
  Object   : x=   0.677, y=  24.528, z= 614.245
  Detector : x=  19.316, y=  39.966, z= 999.001
  Obj rotY :  -4.5698 deg
view   0 | SOD= 627.759 mm | SDD= 999.237 mm | M= 1.592 | incident=1.2464°
[[  24.720217   -627.2485       -5.46957   ]
 [ -19.367085    370.96594     -15.437904  ]
 [   0.14929877    0.00948871    0.        ]
 [   0.            0.            0.1496    ]]
Residual vector length: 450, Jacobian shape: (450, 6)
view   0 | SOD= 627.593 mm | SDD= 999.237 mm | M= 1.592 | incident=1.2464°
[[  25.562197   -627.0438       -5.9232597 ]
 [ -19.814308    371.1128      -15.891594  ]
 [   0.14928639    0.00968153    0.        ]
 [   0.            0.            0.1496    ]]

iter 23 cost=30889.354008 -> 30976.315801 |ddelta|=5.343564e-01  lambda=3.101e+03

============================================================
Iteration 24
============================================================
delta offsets (Unity frame):
  Source   : dSx=   0.000, dSy=   0.000, dSz=   0.000  (mm)
  Object   : dOx=   0.137, dOy=   4.528, dOz=  14.245  (mm)
  Object offset: offset_x=  13.331, offset_z=  14.416  (mm)
  Detector : dDx=   0.000, dDy=   0.000, dDz=   0.000  (mm)
  Obj Stage rotY :    8.206 deg
============================================================

Unity geometry (world coordinates):
  Source   : x=   0.000, y=  29.997, z=   0.000
  Object   : x=   0.677, y=  24.528, z= 614.245
  Detector : x=  -6.002, y=  33.656, z= 959.000
  Obj rotY :  -4.5698 deg

Initial calibration:
  Source   : x=   0.000, y=   0.000, z=   0.000
  Object   : x=   0.000, y=   0.000, z=   0.000
  Detector : x=  25.318, y=   6.310, z=  40.001

After Calibration: 

Unity geometry (world coordinates):
  Source   : x=   0.000, y=  29.997, z=   0.000
  Object   : x=   0.677, y=  24.528, z= 614.245
  Detector : x=  19.316, y=  39.966, z= 999.001
  Obj rotY :  -4.5698 deg
view   0 | SOD= 627.759 mm | SDD= 999.237 mm | M= 1.592 | incident=1.2464°
[[  24.720217   -627.2485       -5.46957   ]
 [ -19.367085    370.96594     -15.437904  ]
 [   0.14929877    0.00948871    0.        ]
 [   0.            0.            0.1496    ]]
Residual vector length: 450, Jacobian shape: (450, 6)
view   0 | SOD= 627.695 mm | SDD= 999.237 mm | M= 1.592 | incident=1.2464°
[[  24.947361   -627.1736       -5.6567764 ]
 [ -19.464434    371.02643     -15.625111  ]
 [   0.14929569    0.00953724    0.        ]
 [   0.            0.            0.1496    ]]

iter 24 cost=30889.354008 -> 30380.634457 |ddelta|=2.144940e-01  lambda=1.550e+04

============================================================
Iteration 25
============================================================
delta offsets (Unity frame):
  Source   : dSx=   0.000, dSy=   0.000, dSz=   0.000  (mm)
  Object   : dOx=   0.070, dOy=   4.341, dOz=  14.248  (mm)
  Object offset: offset_x=  13.376, offset_z=  14.351  (mm)
  Detector : dDx=   0.000, dDy=   0.000, dDz=   0.000  (mm)
  Obj Stage rotY :    8.225 deg
============================================================

Unity geometry (world coordinates):
  Source   : x=   0.000, y=  29.997, z=   0.000
  Object   : x=   0.611, y=  24.341, z= 614.248
  Detector : x=  -6.002, y=  33.656, z= 959.000
  Obj rotY :  -4.5698 deg

Initial calibration:
  Source   : x=   0.000, y=   0.000, z=   0.000
  Object   : x=   0.000, y=   0.000, z=   0.000
  Detector : x=  25.318, y=   6.310, z=  40.001

After Calibration: 

Unity geometry (world coordinates):
  Source   : x=   0.000, y=  29.997, z=   0.000
  Object   : x=   0.611, y=  24.341, z= 614.248
  Detector : x=  19.316, y=  39.966, z= 999.001
  Obj rotY :  -4.5698 deg
view   0 | SOD= 627.695 mm | SDD= 999.237 mm | M= 1.592 | incident=1.2464°
[[  24.947361   -627.1736       -5.6567764 ]
 [ -19.464434    371.02643     -15.625111  ]
 [   0.14929569    0.00953724    0.        ]
 [   0.            0.            0.1496    ]]
Residual vector length: 450, Jacobian shape: (450, 6)
view   0 | SOD= 627.794 mm | SDD= 999.237 mm | M= 1.592 | incident=1.2464°
[[  26.040136   -627.228        -5.70339   ]
 [ -19.982353    370.89902     -15.671724  ]
 [   0.1492801     0.00977814    0.        ]
 [   0.            0.            0.1496    ]]

iter 25 cost=30380.634457 -> 30366.009738 |ddelta|=1.576147e-01  lambda=5.168e+03

============================================================
Iteration 26
============================================================
delta offsets (Unity frame):
  Source   : dSx=   0.000, dSy=   0.000, dSz=   0.000  (mm)
  Object   : dOx=   0.070, dOy=   4.294, dOz=  14.256  (mm)
  Object offset: offset_x=  13.295, offset_z=  14.438  (mm)
  Detector : dDx=   0.000, dDy=   0.000, dDz=   0.000  (mm)
  Obj Stage rotY :    8.317 deg
============================================================

Unity geometry (world coordinates):
  Source   : x=   0.000, y=  29.997, z=   0.000
  Object   : x=   0.610, y=  24.294, z= 614.256
  Detector : x=  -6.002, y=  33.656, z= 959.000
  Obj rotY :  -4.5698 deg

Initial calibration:
  Source   : x=   0.000, y=   0.000, z=   0.000
  Object   : x=   0.000, y=   0.000, z=   0.000
  Detector : x=  25.318, y=   6.310, z=  40.001

After Calibration: 

Unity geometry (world coordinates):
  Source   : x=   0.000, y=  29.997, z=   0.000
  Object   : x=   0.610, y=  24.294, z= 614.256
  Detector : x=  19.316, y=  39.966, z= 999.001
  Obj rotY :  -4.5698 deg
view   0 | SOD= 627.794 mm | SDD= 999.237 mm | M= 1.592 | incident=1.2464°
[[  26.040136   -627.228        -5.70339   ]
 [ -19.982353    370.89902     -15.671724  ]
 [   0.1492801     0.00977814    0.        ]
 [   0.            0.            0.1496    ]]
Residual vector length: 450, Jacobian shape: (450, 6)
view   0 | SOD= 627.881 mm | SDD= 999.237 mm | M= 1.591 | incident=1.2464°
[[  29.359438   -627.1687       -5.6701775 ]
 [ -21.733944    370.71164     -15.638512  ]
 [   0.14922848    0.01053651    0.        ]
 [   0.            0.            0.1496    ]]

iter 26 cost=30366.009738 -> 30533.532050 |ddelta|=3.402651e-01  lambda=1.723e+03

============================================================
Iteration 27
============================================================
delta offsets (Unity frame):
  Source   : dSx=   0.000, dSy=   0.000, dSz=   0.000  (mm)
  Object   : dOx=   0.070, dOy=   4.294, dOz=  14.256  (mm)
  Object offset: offset_x=  13.295, offset_z=  14.438  (mm)
  Detector : dDx=   0.000, dDy=   0.000, dDz=   0.000  (mm)
  Obj Stage rotY :    8.317 deg
============================================================

Unity geometry (world coordinates):
  Source   : x=   0.000, y=  29.997, z=   0.000
  Object   : x=   0.610, y=  24.294, z= 614.256
  Detector : x=  -6.002, y=  33.656, z= 959.000
  Obj rotY :  -4.5698 deg

Initial calibration:
  Source   : x=   0.000, y=   0.000, z=   0.000
  Object   : x=   0.000, y=   0.000, z=   0.000
  Detector : x=  25.318, y=   6.310, z=  40.001

After Calibration: 

Unity geometry (world coordinates):
  Source   : x=   0.000, y=  29.997, z=   0.000
  Object   : x=   0.610, y=  24.294, z= 614.256
  Detector : x=  19.316, y=  39.966, z= 999.001
  Obj rotY :  -4.5698 deg
view   0 | SOD= 627.794 mm | SDD= 999.237 mm | M= 1.592 | incident=1.2464°
[[  26.040136   -627.228        -5.70339   ]
 [ -19.982353    370.89902     -15.671724  ]
 [   0.1492801     0.00977814    0.        ]
 [   0.            0.            0.1496    ]]
Residual vector length: 450, Jacobian shape: (450, 6)
view   0 | SOD= 627.851 mm | SDD= 999.237 mm | M= 1.592 | incident=1.2464°
[[  26.884012   -627.249        -5.6938515 ]
 [ -20.351631    370.82135     -15.662186  ]
 [   0.1492681     0.00995958    0.        ]
 [   0.            0.            0.1496    ]]

iter 27 cost=30366.009738 -> 30483.855477 |ddelta|=1.185138e-01  lambda=8.614e+03

============================================================
Iteration 28
============================================================
delta offsets (Unity frame):
  Source   : dSx=   0.000, dSy=   0.000, dSz=   0.000  (mm)
  Object   : dOx=   0.070, dOy=   4.294, dOz=  14.256  (mm)
  Object offset: offset_x=  13.295, offset_z=  14.438  (mm)
  Detector : dDx=   0.000, dDy=   0.000, dDz=   0.000  (mm)
  Obj Stage rotY :    8.317 deg
============================================================

Unity geometry (world coordinates):
  Source   : x=   0.000, y=  29.997, z=   0.000
  Object   : x=   0.610, y=  24.294, z= 614.256
  Detector : x=  -6.002, y=  33.656, z= 959.000
  Obj rotY :  -4.5698 deg

Initial calibration:
  Source   : x=   0.000, y=   0.000, z=   0.000
  Object   : x=   0.000, y=   0.000, z=   0.000
  Detector : x=  25.318, y=   6.310, z=  40.001

After Calibration: 

Unity geometry (world coordinates):
  Source   : x=   0.000, y=  29.997, z=   0.000
  Object   : x=   0.610, y=  24.294, z= 614.256
  Detector : x=  19.316, y=  39.966, z= 999.001
  Obj rotY :  -4.5698 deg
view   0 | SOD= 627.794 mm | SDD= 999.237 mm | M= 1.592 | incident=1.2464°
[[  26.040136   -627.228        -5.70339   ]
 [ -19.982353    370.89902     -15.671724  ]
 [   0.1492801     0.00977814    0.        ]
 [   0.            0.            0.1496    ]]
Residual vector length: 450, Jacobian shape: (450, 6)
view   0 | SOD= 627.812 mm | SDD= 999.237 mm | M= 1.592 | incident=1.2464°
[[  26.227165   -627.238        -5.702217  ]
 [ -20.048689    370.87735     -15.670551  ]
 [   0.14927761    0.00981604    0.        ]
 [   0.            0.            0.1496    ]]

iter 28 cost=30366.009738 -> 30391.610053 |ddelta|=3.353575e-02  lambda=4.307e+04

============================================================
Iteration 29
============================================================
delta offsets (Unity frame):
  Source   : dSx=   0.000, dSy=   0.000, dSz=   0.000  (mm)
  Object   : dOx=   0.070, dOy=   4.294, dOz=  14.256  (mm)
  Object offset: offset_x=  13.295, offset_z=  14.438  (mm)
  Detector : dDx=   0.000, dDy=   0.000, dDz=   0.000  (mm)
  Obj Stage rotY :    8.317 deg
============================================================

Unity geometry (world coordinates):
  Source   : x=   0.000, y=  29.997, z=   0.000
  Object   : x=   0.610, y=  24.294, z= 614.256
  Detector : x=  -6.002, y=  33.656, z= 959.000
  Obj rotY :  -4.5698 deg

Initial calibration:
  Source   : x=   0.000, y=   0.000, z=   0.000
  Object   : x=   0.000, y=   0.000, z=   0.000
  Detector : x=  25.318, y=   6.310, z=  40.001

After Calibration: 

Unity geometry (world coordinates):
  Source   : x=   0.000, y=  29.997, z=   0.000
  Object   : x=   0.610, y=  24.294, z= 614.256
  Detector : x=  19.316, y=  39.966, z= 999.001
  Obj rotY :  -4.5698 deg
view   0 | SOD= 627.794 mm | SDD= 999.237 mm | M= 1.592 | incident=1.2464°
[[  26.040136   -627.228        -5.70339   ]
 [ -19.982353    370.89902     -15.671724  ]
 [   0.1492801     0.00977814    0.        ]
 [   0.            0.            0.1496    ]]
Residual vector length: 450, Jacobian shape: (450, 6)
view   0 | SOD= 627.798 mm | SDD= 999.237 mm | M= 1.592 | incident=1.2464°
[[  26.078787  -627.23035     -5.703249 ]
 [ -19.994877   370.89432    -15.671583 ]
 [   0.1492796    0.0097858    0.       ]
 [   0.           0.           0.1496   ]]

iter 29 cost=30366.009738 -> 30357.944593 |ddelta|=7.466596e-03  lambda=2.153e+05

============================================================
Iteration 30
============================================================
delta offsets (Unity frame):
  Source   : dSx=   0.000, dSy=   0.000, dSz=   0.000  (mm)
  Object   : dOx=   0.069, dOy=   4.294, dOz=  14.256  (mm)
  Object offset: offset_x=  13.289, offset_z=  14.442  (mm)
  Detector : dDx=   0.000, dDy=   0.000, dDz=   0.000  (mm)
  Obj Stage rotY :    8.320 deg
============================================================

Unity geometry (world coordinates):
  Source   : x=   0.000, y=  29.997, z=   0.000
  Object   : x=   0.609, y=  24.294, z= 614.256
  Detector : x=  -6.002, y=  33.656, z= 959.000
  Obj rotY :  -4.5698 deg

Initial calibration:
  Source   : x=   0.000, y=   0.000, z=   0.000
  Object   : x=   0.000, y=   0.000, z=   0.000
  Detector : x=  25.318, y=   6.310, z=  40.001

After Calibration: 

Unity geometry (world coordinates):
  Source   : x=   0.000, y=  29.997, z=   0.000
  Object   : x=   0.609, y=  24.294, z= 614.256
  Detector : x=  19.316, y=  39.966, z= 999.001
  Obj rotY :  -4.5698 deg
view   0 | SOD= 627.798 mm | SDD= 999.237 mm | M= 1.592 | incident=1.2464°
[[  26.078787  -627.23035     -5.703249 ]
 [ -19.994877   370.89432    -15.671583 ]
 [   0.1492796    0.0097858    0.       ]
 [   0.           0.           0.1496   ]]
Residual vector length: 450, Jacobian shape: (450, 6)
view   0 | SOD= 627.801 mm | SDD= 999.237 mm | M= 1.592 | incident=1.2464°
[[  26.130222   -627.2308       -5.7013187 ]
 [ -20.004025    370.8911      -15.669653  ]
 [   0.149279      0.00979486    0.        ]
 [   0.            0.            0.1496    ]]

iter 30 cost=30357.944593 -> 30343.114685 |ddelta|=1.326842e-02  lambda=7.178e+04

============================================================
Iteration 31
============================================================
delta offsets (Unity frame):
  Source   : dSx=   0.000, dSy=   0.000, dSz=   0.000  (mm)
  Object   : dOx=   0.068, dOy=   4.296, dOz=  14.256  (mm)
  Object offset: offset_x=  13.276, offset_z=  14.443  (mm)
  Detector : dDx=   0.000, dDy=   0.000, dDz=   0.000  (mm)
  Obj Stage rotY :    8.324 deg
============================================================

Unity geometry (world coordinates):
  Source   : x=   0.000, y=  29.997, z=   0.000
  Object   : x=   0.608, y=  24.296, z= 614.256
  Detector : x=  -6.002, y=  33.656, z= 959.000
  Obj rotY :  -4.5698 deg

Initial calibration:
  Source   : x=   0.000, y=   0.000, z=   0.000
  Object   : x=   0.000, y=   0.000, z=   0.000
  Detector : x=  25.318, y=   6.310, z=  40.001

After Calibration: 

Unity geometry (world coordinates):
  Source   : x=   0.000, y=  29.997, z=   0.000
  Object   : x=   0.608, y=  24.296, z= 614.256
  Detector : x=  19.316, y=  39.966, z= 999.001
  Obj rotY :  -4.5698 deg
view   0 | SOD= 627.801 mm | SDD= 999.237 mm | M= 1.592 | incident=1.2464°
[[  26.130222   -627.2308       -5.7013187 ]
 [ -20.004025    370.8911      -15.669653  ]
 [   0.149279      0.00979486    0.        ]
 [   0.            0.            0.1496    ]]
Residual vector length: 450, Jacobian shape: (450, 6)
view   0 | SOD= 627.809 mm | SDD= 999.237 mm | M= 1.592 | incident=1.2464°
[[  26.414183   -627.22675      -5.695307  ]
 [ -20.19151     370.87323     -15.663641  ]
 [   0.14927436    0.00986537    0.        ]
 [   0.            0.            0.1496    ]]

iter 31 cost=30343.114685 -> 30348.332100 |ddelta|=3.125335e-02  lambda=2.393e+04

============================================================
Iteration 32
============================================================
delta offsets (Unity frame):
  Source   : dSx=   0.000, dSy=   0.000, dSz=   0.000  (mm)
  Object   : dOx=   0.068, dOy=   4.296, dOz=  14.256  (mm)
  Object offset: offset_x=  13.276, offset_z=  14.443  (mm)
  Detector : dDx=   0.000, dDy=   0.000, dDz=   0.000  (mm)
  Obj Stage rotY :    8.324 deg
============================================================

Unity geometry (world coordinates):
  Source   : x=   0.000, y=  29.997, z=   0.000
  Object   : x=   0.608, y=  24.296, z= 614.256
  Detector : x=  -6.002, y=  33.656, z= 959.000
  Obj rotY :  -4.5698 deg

Initial calibration:
  Source   : x=   0.000, y=   0.000, z=   0.000
  Object   : x=   0.000, y=   0.000, z=   0.000
  Detector : x=  25.318, y=   6.310, z=  40.001

After Calibration: 

Unity geometry (world coordinates):
  Source   : x=   0.000, y=  29.997, z=   0.000
  Object   : x=   0.608, y=  24.296, z= 614.256
  Detector : x=  19.316, y=  39.966, z= 999.001
  Obj rotY :  -4.5698 deg
view   0 | SOD= 627.801 mm | SDD= 999.237 mm | M= 1.592 | incident=1.2464°
[[  26.130222   -627.2308       -5.7013187 ]
 [ -20.004025    370.8911      -15.669653  ]
 [   0.149279      0.00979486    0.        ]
 [   0.            0.            0.1496    ]]
Residual vector length: 450, Jacobian shape: (450, 6)
view   0 | SOD= 627.803 mm | SDD= 999.237 mm | M= 1.592 | incident=1.2464°
[[  26.18728    -627.2302       -5.699827  ]
 [ -20.042904    370.8872      -15.668161  ]
 [   0.14927806    0.00980921    0.        ]
 [   0.            0.            0.1496    ]]

iter 32 cost=30343.114685 -> 30349.206097 |ddelta|=6.805731e-03  lambda=1.196e+05

============================================================
Iteration 33
============================================================
delta offsets (Unity frame):
  Source   : dSx=   0.000, dSy=   0.000, dSz=   0.000  (mm)
  Object   : dOx=   0.068, dOy=   4.296, dOz=  14.256  (mm)
  Object offset: offset_x=  13.276, offset_z=  14.443  (mm)
  Detector : dDx=   0.000, dDy=   0.000, dDz=   0.000  (mm)
  Obj Stage rotY :    8.324 deg
============================================================

Unity geometry (world coordinates):
  Source   : x=   0.000, y=  29.997, z=   0.000
  Object   : x=   0.608, y=  24.296, z= 614.256
  Detector : x=  -6.002, y=  33.656, z= 959.000
  Obj rotY :  -4.5698 deg

Initial calibration:
  Source   : x=   0.000, y=   0.000, z=   0.000
  Object   : x=   0.000, y=   0.000, z=   0.000
  Detector : x=  25.318, y=   6.310, z=  40.001

After Calibration: 

Unity geometry (world coordinates):
  Source   : x=   0.000, y=  29.997, z=   0.000
  Object   : x=   0.608, y=  24.296, z= 614.256
  Detector : x=  19.316, y=  39.966, z= 999.001
  Obj rotY :  -4.5698 deg
view   0 | SOD= 627.801 mm | SDD= 999.237 mm | M= 1.592 | incident=1.2464°
[[  26.130222   -627.2308       -5.7013187 ]
 [ -20.004025    370.8911      -15.669653  ]
 [   0.149279      0.00979486    0.        ]
 [   0.            0.            0.1496    ]]
Residual vector length: 450, Jacobian shape: (450, 6)
view   0 | SOD= 627.801 mm | SDD= 999.237 mm | M= 1.592 | incident=1.2464°
[[  26.141636   -627.2307       -5.701006  ]
 [ -20.011864    370.89026     -15.66934   ]
 [   0.14927882    0.00979774    0.        ]
 [   0.            0.            0.1496    ]]

iter 33 cost=30343.114685 -> 30342.025037 |ddelta|=1.393172e-03  lambda=5.982e+05

============================================================
Iteration 34
============================================================
delta offsets (Unity frame):
  Source   : dSx=   0.000, dSy=   0.000, dSz=   0.000  (mm)
  Object   : dOx=   0.068, dOy=   4.296, dOz=  14.256  (mm)
  Object offset: offset_x=  13.277, offset_z=  14.444  (mm)
  Detector : dDx=   0.000, dDy=   0.000, dDz=   0.000  (mm)
  Obj Stage rotY :    8.325 deg
============================================================

Unity geometry (world coordinates):
  Source   : x=   0.000, y=  29.997, z=   0.000
  Object   : x=   0.608, y=  24.296, z= 614.256
  Detector : x=  -6.002, y=  33.656, z= 959.000
  Obj rotY :  -4.5698 deg

Initial calibration:
  Source   : x=   0.000, y=   0.000, z=   0.000
  Object   : x=   0.000, y=   0.000, z=   0.000
  Detector : x=  25.318, y=   6.310, z=  40.001

After Calibration: 

Unity geometry (world coordinates):
  Source   : x=   0.000, y=  29.997, z=   0.000
  Object   : x=   0.608, y=  24.296, z= 614.256
  Detector : x=  19.316, y=  39.966, z= 999.001
  Obj rotY :  -4.5698 deg
view   0 | SOD= 627.801 mm | SDD= 999.237 mm | M= 1.592 | incident=1.2464°
[[  26.141636   -627.2307       -5.701006  ]
 [ -20.011864    370.89026     -15.66934   ]
 [   0.14927882    0.00979774    0.        ]
 [   0.            0.            0.1496    ]]
Residual vector length: 450, Jacobian shape: (450, 6)
view   0 | SOD= 627.803 mm | SDD= 999.237 mm | M= 1.592 | incident=1.2464°
[[  26.195072   -627.2308       -5.7003    ]
 [ -20.048355    370.88605     -15.668634  ]
 [   0.14927793    0.00981119    0.        ]
 [   0.            0.            0.1496    ]]

iter 34 cost=30342.025037 -> 30350.743929 |ddelta|=6.462566e-03  lambda=1.994e+05

============================================================
Iteration 35
============================================================
delta offsets (Unity frame):
  Source   : dSx=   0.000, dSy=   0.000, dSz=   0.000  (mm)
  Object   : dOx=   0.068, dOy=   4.296, dOz=  14.256  (mm)
  Object offset: offset_x=  13.277, offset_z=  14.444  (mm)
  Detector : dDx=   0.000, dDy=   0.000, dDz=   0.000  (mm)
  Obj Stage rotY :    8.325 deg
============================================================

Unity geometry (world coordinates):
  Source   : x=   0.000, y=  29.997, z=   0.000
  Object   : x=   0.608, y=  24.296, z= 614.256
  Detector : x=  -6.002, y=  33.656, z= 959.000
  Obj rotY :  -4.5698 deg

Initial calibration:
  Source   : x=   0.000, y=   0.000, z=   0.000
  Object   : x=   0.000, y=   0.000, z=   0.000
  Detector : x=  25.318, y=   6.310, z=  40.001

After Calibration: 

Unity geometry (world coordinates):
  Source   : x=   0.000, y=  29.997, z=   0.000
  Object   : x=   0.608, y=  24.296, z= 614.256
  Detector : x=  19.316, y=  39.966, z= 999.001
  Obj rotY :  -4.5698 deg
view   0 | SOD= 627.801 mm | SDD= 999.237 mm | M= 1.592 | incident=1.2464°
[[  26.141636   -627.2307       -5.701006  ]
 [ -20.011864    370.89026     -15.66934   ]
 [   0.14927882    0.00979774    0.        ]
 [   0.            0.            0.1496    ]]
Residual vector length: 450, Jacobian shape: (450, 6)
view   0 | SOD= 627.802 mm | SDD= 999.237 mm | M= 1.592 | incident=1.2464°
[[  26.152327   -627.23065      -5.700859  ]
 [ -20.019217    370.8895      -15.669193  ]
 [   0.14927864    0.00980044    0.        ]
 [   0.            0.            0.1496    ]]

iter 35 cost=30342.025037 -> 30335.970997 |ddelta|=1.313812e-03  lambda=9.969e+05

============================================================
Iteration 36
============================================================
delta offsets (Unity frame):
  Source   : dSx=   0.000, dSy=   0.000, dSz=   0.000  (mm)
  Object   : dOx=   0.068, dOy=   4.297, dOz=  14.256  (mm)
  Object offset: offset_x=  13.278, offset_z=  14.444  (mm)
  Detector : dDx=   0.000, dDy=   0.000, dDz=   0.000  (mm)
  Obj Stage rotY :    8.326 deg
============================================================

Unity geometry (world coordinates):
  Source   : x=   0.000, y=  29.997, z=   0.000
  Object   : x=   0.608, y=  24.297, z= 614.256
  Detector : x=  -6.002, y=  33.656, z= 959.000
  Obj rotY :  -4.5698 deg

Initial calibration:
  Source   : x=   0.000, y=   0.000, z=   0.000
  Object   : x=   0.000, y=   0.000, z=   0.000
  Detector : x=  25.318, y=   6.310, z=  40.001

After Calibration: 

Unity geometry (world coordinates):
  Source   : x=   0.000, y=  29.997, z=   0.000
  Object   : x=   0.608, y=  24.297, z= 614.256
  Detector : x=  19.316, y=  39.966, z= 999.001
  Obj rotY :  -4.5698 deg
view   0 | SOD= 627.802 mm | SDD= 999.237 mm | M= 1.592 | incident=1.2464°
[[  26.152327   -627.23065      -5.700859  ]
 [ -20.019217    370.8895      -15.669193  ]
 [   0.14927864    0.00980044    0.        ]
 [   0.            0.            0.1496    ]]
Residual vector length: 450, Jacobian shape: (450, 6)
view   0 | SOD= 627.802 mm | SDD= 999.237 mm | M= 1.592 | incident=1.2464°
[[  26.17554    -627.23035      -5.700552  ]
 [ -20.035551    370.88797     -15.668886  ]
 [   0.14927825    0.00980635    0.        ]
 [   0.            0.            0.1496    ]]

iter 36 cost=30335.970997 -> 30341.392374 |ddelta|=2.813569e-03  lambda=3.323e+05

============================================================
Iteration 37
============================================================
delta offsets (Unity frame):
  Source   : dSx=   0.000, dSy=   0.000, dSz=   0.000  (mm)
  Object   : dOx=   0.068, dOy=   4.297, dOz=  14.256  (mm)
  Object offset: offset_x=  13.278, offset_z=  14.444  (mm)
  Detector : dDx=   0.000, dDy=   0.000, dDz=   0.000  (mm)
  Obj Stage rotY :    8.326 deg
============================================================

Unity geometry (world coordinates):
  Source   : x=   0.000, y=  29.997, z=   0.000
  Object   : x=   0.608, y=  24.297, z= 614.256
  Detector : x=  -6.002, y=  33.656, z= 959.000
  Obj rotY :  -4.5698 deg

Initial calibration:
  Source   : x=   0.000, y=   0.000, z=   0.000
  Object   : x=   0.000, y=   0.000, z=   0.000
  Detector : x=  25.318, y=   6.310, z=  40.001

After Calibration: 

Unity geometry (world coordinates):
  Source   : x=   0.000, y=  29.997, z=   0.000
  Object   : x=   0.608, y=  24.297, z= 614.256
  Detector : x=  19.316, y=  39.966, z= 999.001
  Obj rotY :  -4.5698 deg
view   0 | SOD= 627.802 mm | SDD= 999.237 mm | M= 1.592 | incident=1.2464°
[[  26.152327   -627.23065      -5.700859  ]
 [ -20.019217    370.8895      -15.669193  ]
 [   0.14927864    0.00980044    0.        ]
 [   0.            0.            0.1496    ]]
Residual vector length: 450, Jacobian shape: (450, 6)
view   0 | SOD= 627.802 mm | SDD= 999.237 mm | M= 1.592 | incident=1.2464°
[[  26.160044  -627.2306      -5.700756 ]
 [ -20.024658   370.88895    -15.66909  ]
 [   0.1492785    0.0098024    0.       ]
 [   0.           0.           0.1496   ]]

iter 37 cost=30335.970997 -> 30335.865805 |ddelta|=9.415915e-04  lambda=1.000e+06

============================================================
Iteration 38
============================================================
delta offsets (Unity frame):
  Source   : dSx=   0.000, dSy=   0.000, dSz=   0.000  (mm)
  Object   : dOx=   0.068, dOy=   4.297, dOz=  14.256  (mm)
  Object offset: offset_x=  13.278, offset_z=  14.444  (mm)
  Detector : dDx=   0.000, dDy=   0.000, dDz=   0.000  (mm)
  Obj Stage rotY :    8.327 deg
============================================================

Unity geometry (world coordinates):
  Source   : x=   0.000, y=  29.997, z=   0.000
  Object   : x=   0.608, y=  24.297, z= 614.256
  Detector : x=  -6.002, y=  33.656, z= 959.000
  Obj rotY :  -4.5698 deg

Initial calibration:
  Source   : x=   0.000, y=   0.000, z=   0.000
  Object   : x=   0.000, y=   0.000, z=   0.000
  Detector : x=  25.318, y=   6.310, z=  40.001

After Calibration: 

Unity geometry (world coordinates):
  Source   : x=   0.000, y=  29.997, z=   0.000
  Object   : x=   0.608, y=  24.297, z= 614.256
  Detector : x=  19.316, y=  39.966, z= 999.001
  Obj rotY :  -4.5698 deg
view   0 | SOD= 627.802 mm | SDD= 999.237 mm | M= 1.592 | incident=1.2464°
[[  26.160044  -627.2306      -5.700756 ]
 [ -20.024658   370.88895    -15.66909  ]
 [   0.1492785    0.0098024    0.       ]
 [   0.           0.           0.1496   ]]
Residual vector length: 450, Jacobian shape: (450, 6)
view   0 | SOD= 627.802 mm | SDD= 999.237 mm | M= 1.592 | incident=1.2464°
[[  26.184076   -627.22955      -5.700485  ]
 [ -20.04188     370.88812     -15.668819  ]
 [   0.1492781     0.00980857    0.        ]
 [   0.            0.            0.1496    ]]

iter 38 cost=30335.865805 -> 30336.523850 |ddelta|=3.107139e-03  lambda=3.333e+05

============================================================
Iteration 39
============================================================
delta offsets (Unity frame):
  Source   : dSx=   0.000, dSy=   0.000, dSz=   0.000  (mm)
  Object   : dOx=   0.068, dOy=   4.297, dOz=  14.256  (mm)
  Object offset: offset_x=  13.278, offset_z=  14.444  (mm)
  Detector : dDx=   0.000, dDy=   0.000, dDz=   0.000  (mm)
  Obj Stage rotY :    8.327 deg
============================================================

Unity geometry (world coordinates):
  Source   : x=   0.000, y=  29.997, z=   0.000
  Object   : x=   0.608, y=  24.297, z= 614.256
  Detector : x=  -6.002, y=  33.656, z= 959.000
  Obj rotY :  -4.5698 deg

Initial calibration:
  Source   : x=   0.000, y=   0.000, z=   0.000
  Object   : x=   0.000, y=   0.000, z=   0.000
  Detector : x=  25.318, y=   6.310, z=  40.001

After Calibration: 

Unity geometry (world coordinates):
  Source   : x=   0.000, y=  29.997, z=   0.000
  Object   : x=   0.608, y=  24.297, z= 614.256
  Detector : x=  19.316, y=  39.966, z= 999.001
  Obj rotY :  -4.5698 deg
view   0 | SOD= 627.802 mm | SDD= 999.237 mm | M= 1.592 | incident=1.2464°
[[  26.160044  -627.2306      -5.700756 ]
 [ -20.024658   370.88895    -15.66909  ]
 [   0.1492785    0.0098024    0.       ]
 [   0.           0.           0.1496   ]]
Residual vector length: 450, Jacobian shape: (450, 6)
view   0 | SOD= 627.802 mm | SDD= 999.237 mm | M= 1.592 | incident=1.2464°
[[  26.168049   -627.2302       -5.7006645 ]
 [ -20.030418    370.88867     -15.668999  ]
 [   0.14927837    0.00980446    0.        ]
 [   0.            0.            0.1496    ]]

iter 39 cost=30335.865805 -> 30343.547163 |ddelta|=1.043352e-03  lambda=1.000e+06

============================================================
Iteration 40
============================================================
delta offsets (Unity frame):
  Source   : dSx=   0.000, dSy=   0.000, dSz=   0.000  (mm)
  Object   : dOx=   0.068, dOy=   4.297, dOz=  14.256  (mm)
  Object offset: offset_x=  13.278, offset_z=  14.444  (mm)
  Detector : dDx=   0.000, dDy=   0.000, dDz=   0.000  (mm)
  Obj Stage rotY :    8.327 deg
============================================================

Unity geometry (world coordinates):
  Source   : x=   0.000, y=  29.997, z=   0.000
  Object   : x=   0.608, y=  24.297, z= 614.256
  Detector : x=  -6.002, y=  33.656, z= 959.000
  Obj rotY :  -4.5698 deg

Initial calibration:
  Source   : x=   0.000, y=   0.000, z=   0.000
  Object   : x=   0.000, y=   0.000, z=   0.000
  Detector : x=  25.318, y=   6.310, z=  40.001

After Calibration: 

Unity geometry (world coordinates):
  Source   : x=   0.000, y=  29.997, z=   0.000
  Object   : x=   0.608, y=  24.297, z= 614.256
  Detector : x=  19.316, y=  39.966, z= 999.001
  Obj rotY :  -4.5698 deg
view   0 | SOD= 627.802 mm | SDD= 999.237 mm | M= 1.592 | incident=1.2464°
[[  26.160044  -627.2306      -5.700756 ]
 [ -20.024658   370.88895    -15.66909  ]
 [   0.1492785    0.0098024    0.       ]
 [   0.           0.           0.1496   ]]
Residual vector length: 450, Jacobian shape: (450, 6)
view   0 | SOD= 627.802 mm | SDD= 999.237 mm | M= 1.592 | incident=1.2464°
[[  26.168049   -627.2302       -5.7006645 ]
 [ -20.030418    370.88867     -15.668999  ]
 [   0.14927837    0.00980446    0.        ]
 [   0.            0.            0.1496    ]]

iter 40 cost=30335.865805 -> 30343.547163 |ddelta|=1.043352e-03  lambda=1.000e+06

============================================================
Iteration 41
============================================================
delta offsets (Unity frame):
  Source   : dSx=   0.000, dSy=   0.000, dSz=   0.000  (mm)
  Object   : dOx=   0.068, dOy=   4.297, dOz=  14.256  (mm)
  Object offset: offset_x=  13.278, offset_z=  14.444  (mm)
  Detector : dDx=   0.000, dDy=   0.000, dDz=   0.000  (mm)
  Obj Stage rotY :    8.327 deg
============================================================

Unity geometry (world coordinates):
  Source   : x=   0.000, y=  29.997, z=   0.000
  Object   : x=   0.608, y=  24.297, z= 614.256
  Detector : x=  -6.002, y=  33.656, z= 959.000
  Obj rotY :  -4.5698 deg

Initial calibration:
  Source   : x=   0.000, y=   0.000, z=   0.000
  Object   : x=   0.000, y=   0.000, z=   0.000
  Detector : x=  25.318, y=   6.310, z=  40.001

After Calibration: 

Unity geometry (world coordinates):
  Source   : x=   0.000, y=  29.997, z=   0.000
  Object   : x=   0.608, y=  24.297, z= 614.256
  Detector : x=  19.316, y=  39.966, z= 999.001
  Obj rotY :  -4.5698 deg
view   0 | SOD= 627.802 mm | SDD= 999.237 mm | M= 1.592 | incident=1.2464°
[[  26.160044  -627.2306      -5.700756 ]
 [ -20.024658   370.88895    -15.66909  ]
 [   0.1492785    0.0098024    0.       ]
 [   0.           0.           0.1496   ]]
Residual vector length: 450, Jacobian shape: (450, 6)
view   0 | SOD= 627.802 mm | SDD= 999.237 mm | M= 1.592 | incident=1.2464°
[[  26.168049   -627.2302       -5.7006645 ]
 [ -20.030418    370.88867     -15.668999  ]
 [   0.14927837    0.00980446    0.        ]
 [   0.            0.            0.1496    ]]

iter 41 cost=30335.865805 -> 30343.547163 |ddelta|=1.043352e-03  lambda=1.000e+06

============================================================
Iteration 42
============================================================
delta offsets (Unity frame):
  Source   : dSx=   0.000, dSy=   0.000, dSz=   0.000  (mm)
  Object   : dOx=   0.068, dOy=   4.297, dOz=  14.256  (mm)
  Object offset: offset_x=  13.278, offset_z=  14.444  (mm)
  Detector : dDx=   0.000, dDy=   0.000, dDz=   0.000  (mm)
  Obj Stage rotY :    8.327 deg
============================================================

Unity geometry (world coordinates):
  Source   : x=   0.000, y=  29.997, z=   0.000
  Object   : x=   0.608, y=  24.297, z= 614.256
  Detector : x=  -6.002, y=  33.656, z= 959.000
  Obj rotY :  -4.5698 deg

Initial calibration:
  Source   : x=   0.000, y=   0.000, z=   0.000
  Object   : x=   0.000, y=   0.000, z=   0.000
  Detector : x=  25.318, y=   6.310, z=  40.001

After Calibration: 

Unity geometry (world coordinates):
  Source   : x=   0.000, y=  29.997, z=   0.000
  Object   : x=   0.608, y=  24.297, z= 614.256
  Detector : x=  19.316, y=  39.966, z= 999.001
  Obj rotY :  -4.5698 deg
view   0 | SOD= 627.802 mm | SDD= 999.237 mm | M= 1.592 | incident=1.2464°
[[  26.160044  -627.2306      -5.700756 ]
 [ -20.024658   370.88895    -15.66909  ]
 [   0.1492785    0.0098024    0.       ]
 [   0.           0.           0.1496   ]]
Residual vector length: 450, Jacobian shape: (450, 6)
view   0 | SOD= 627.802 mm | SDD= 999.237 mm | M= 1.592 | incident=1.2464°
[[  26.168049   -627.2302       -5.7006645 ]
 [ -20.030418    370.88867     -15.668999  ]
 [   0.14927837    0.00980446    0.        ]
 [   0.            0.            0.1496    ]]

iter 42 cost=30335.865805 -> 30343.547163 |ddelta|=1.043352e-03  lambda=1.000e+06

============================================================
Iteration 43
============================================================
delta offsets (Unity frame):
  Source   : dSx=   0.000, dSy=   0.000, dSz=   0.000  (mm)
  Object   : dOx=   0.068, dOy=   4.297, dOz=  14.256  (mm)
  Object offset: offset_x=  13.278, offset_z=  14.444  (mm)
  Detector : dDx=   0.000, dDy=   0.000, dDz=   0.000  (mm)
  Obj Stage rotY :    8.327 deg
============================================================

Unity geometry (world coordinates):
  Source   : x=   0.000, y=  29.997, z=   0.000
  Object   : x=   0.608, y=  24.297, z= 614.256
  Detector : x=  -6.002, y=  33.656, z= 959.000
  Obj rotY :  -4.5698 deg

Initial calibration:
  Source   : x=   0.000, y=   0.000, z=   0.000
  Object   : x=   0.000, y=   0.000, z=   0.000
  Detector : x=  25.318, y=   6.310, z=  40.001

After Calibration: 

Unity geometry (world coordinates):
  Source   : x=   0.000, y=  29.997, z=   0.000
  Object   : x=   0.608, y=  24.297, z= 614.256
  Detector : x=  19.316, y=  39.966, z= 999.001
  Obj rotY :  -4.5698 deg
view   0 | SOD= 627.802 mm | SDD= 999.237 mm | M= 1.592 | incident=1.2464°
[[  26.160044  -627.2306      -5.700756 ]
 [ -20.024658   370.88895    -15.66909  ]
 [   0.1492785    0.0098024    0.       ]
 [   0.           0.           0.1496   ]]
Residual vector length: 450, Jacobian shape: (450, 6)
view   0 | SOD= 627.802 mm | SDD= 999.237 mm | M= 1.592 | incident=1.2464°
[[  26.168049   -627.2302       -5.7006645 ]
 [ -20.030418    370.88867     -15.668999  ]
 [   0.14927837    0.00980446    0.        ]
 [   0.            0.            0.1496    ]]

iter 43 cost=30335.865805 -> 30343.547163 |ddelta|=1.043352e-03  lambda=1.000e+06

============================================================
Iteration 44
============================================================
delta offsets (Unity frame):
  Source   : dSx=   0.000, dSy=   0.000, dSz=   0.000  (mm)
  Object   : dOx=   0.068, dOy=   4.297, dOz=  14.256  (mm)
  Object offset: offset_x=  13.278, offset_z=  14.444  (mm)
  Detector : dDx=   0.000, dDy=   0.000, dDz=   0.000  (mm)
  Obj Stage rotY :    8.327 deg
============================================================

Unity geometry (world coordinates):
  Source   : x=   0.000, y=  29.997, z=   0.000
  Object   : x=   0.608, y=  24.297, z= 614.256
  Detector : x=  -6.002, y=  33.656, z= 959.000
  Obj rotY :  -4.5698 deg

Initial calibration:
  Source   : x=   0.000, y=   0.000, z=   0.000
  Object   : x=   0.000, y=   0.000, z=   0.000
  Detector : x=  25.318, y=   6.310, z=  40.001

After Calibration: 

Unity geometry (world coordinates):
  Source   : x=   0.000, y=  29.997, z=   0.000
  Object   : x=   0.608, y=  24.297, z= 614.256
  Detector : x=  19.316, y=  39.966, z= 999.001
  Obj rotY :  -4.5698 deg
view   0 | SOD= 627.802 mm | SDD= 999.237 mm | M= 1.592 | incident=1.2464°
[[  26.160044  -627.2306      -5.700756 ]
 [ -20.024658   370.88895    -15.66909  ]
 [   0.1492785    0.0098024    0.       ]
 [   0.           0.           0.1496   ]]
Residual vector length: 450, Jacobian shape: (450, 6)
view   0 | SOD= 627.802 mm | SDD= 999.237 mm | M= 1.592 | incident=1.2464°
[[  26.168049   -627.2302       -5.7006645 ]
 [ -20.030418    370.88867     -15.668999  ]
 [   0.14927837    0.00980446    0.        ]
 [   0.            0.            0.1496    ]]

iter 44 cost=30335.865805 -> 30343.547163 |ddelta|=1.043352e-03  lambda=1.000e+06

============================================================
Iteration 45
============================================================
delta offsets (Unity frame):
  Source   : dSx=   0.000, dSy=   0.000, dSz=   0.000  (mm)
  Object   : dOx=   0.068, dOy=   4.297, dOz=  14.256  (mm)
  Object offset: offset_x=  13.278, offset_z=  14.444  (mm)
  Detector : dDx=   0.000, dDy=   0.000, dDz=   0.000  (mm)
  Obj Stage rotY :    8.327 deg
============================================================

Unity geometry (world coordinates):
  Source   : x=   0.000, y=  29.997, z=   0.000
  Object   : x=   0.608, y=  24.297, z= 614.256
  Detector : x=  -6.002, y=  33.656, z= 959.000
  Obj rotY :  -4.5698 deg

Initial calibration:
  Source   : x=   0.000, y=   0.000, z=   0.000
  Object   : x=   0.000, y=   0.000, z=   0.000
  Detector : x=  25.318, y=   6.310, z=  40.001

After Calibration: 

Unity geometry (world coordinates):
  Source   : x=   0.000, y=  29.997, z=   0.000
  Object   : x=   0.608, y=  24.297, z= 614.256
  Detector : x=  19.316, y=  39.966, z= 999.001
  Obj rotY :  -4.5698 deg
view   0 | SOD= 627.802 mm | SDD= 999.237 mm | M= 1.592 | incident=1.2464°
[[  26.160044  -627.2306      -5.700756 ]
 [ -20.024658   370.88895    -15.66909  ]
 [   0.1492785    0.0098024    0.       ]
 [   0.           0.           0.1496   ]]
Residual vector length: 450, Jacobian shape: (450, 6)
view   0 | SOD= 627.802 mm | SDD= 999.237 mm | M= 1.592 | incident=1.2464°
[[  26.168049   -627.2302       -5.7006645 ]
 [ -20.030418    370.88867     -15.668999  ]
 [   0.14927837    0.00980446    0.        ]
 [   0.            0.            0.1496    ]]

iter 45 cost=30335.865805 -> 30343.547163 |ddelta|=1.043352e-03  lambda=1.000e+06
Stalled.

Estimated delta:
  dSx: +0.000000
  dSy: +0.000000
  dOx: +0.067901
  dOy: +4.296612
  dOz: +14.256418
  dDx: +0.000000
  dDy: +0.000000
  dDz: +0.000000
alpha: +8.326769e+00 deg)
offset_x: +13.278337
offset_z: +14.444226

Final cost table:
Final estimated delta: [ 0.          0.          0.06790139  4.29661213 14.25641842  0.
  0.          0.          8.32676865 13.27833712 14.44422609]
################################################################################

