Phantom already exists, skipping: cuboid_phantom_3_normal.npy

################################################################################
Running cuboid=normal scenario=G0 N_ANGLES=5, K=3
view   0 | SOD= 570.548 mm | SDD= 675.501 mm | M= 1.184 | incident=3.8197°
[[  98.97946    -561.3404      -25.        ]
 [ -18.05941     102.420006     20.        ]
 [   0.14732724    0.02597777    0.        ]
 [   0.            0.            0.1496    ]]
          image          x1         y1  area1          x2          y2  area2          x3          y3  area3
0  proj_000.png  509.668464  62.415094    742  447.264840  270.255708    657  509.696477  502.943089    738
1  proj_001.png  350.129032  62.582048    713  600.901639  273.105812    671  350.060140  496.502098    715
2  proj_002.png  371.165635  63.243034    646  588.491501  280.647309    706  371.150077  481.099541    653
3  proj_003.png  534.001531  63.336907    653  417.500000  282.382114    738  534.019578  477.912651    664
4  proj_004.png  622.500717  62.969871    697  333.406433  275.788012    684  622.500000  491.000000    696

============================================================
Iteration 0
============================================================
Theta offsets (Unity frame):
  Source   : dSx=   0.000, dSy=   0.000, dSz=   0.000  (mm)
  Object   : dOx=   0.000, dOy=   0.000, dOz=   0.000  (mm)
  Object offset: offset_x=   0.000, offset_z=   0.000  (mm)
  Detector : dDx=   0.000, dDy=   0.000, dDz=   0.000  (mm)
  Obj Stage rotY :    0.000 deg
============================================================

Unity geometry (world coordinates):
  Source   : x=   0.000, y=  45.000, z=   0.000
  Object   : x=  10.000, y=  15.000, z= 589.000
  Detector : x=   0.000, y=   0.000, z= 674.000
  Obj rotY :   0.0000 deg
view   0 | SOD= 589.848 mm | SDD= 675.501 mm | M= 1.145 | incident=3.8197°
[[ -10.     -589.      -30.    ]
 [ -10.       85.       15.    ]
 [   0.1496    0.        0.    ]
 [   0.        0.        0.1496]]
Residual vector length: 45, Jacobian shape: (45, 6)
view   0 | SOD= 581.285 mm | SDD= 675.501 mm | M= 1.162 | incident=3.8197°
[[  86.184845   -574.2812      -25.800491  ]
 [ -13.820537     92.258354     19.199509  ]
 [   0.14794408    0.02219704    0.        ]
 [   0.            0.            0.1496    ]]

iter 00 cost=57571.284605 -> 746.858766 |dtheta|=1.586493e+01  lambda=0.000e+00

============================================================
Iteration 1
============================================================
Theta offsets (Unity frame):
  Source   : dSx=   0.000, dSy=   0.000, dSz=   0.000  (mm)
  Object   : dOx= -10.135, dOy=   4.200, dOz=  -7.620  (mm)
  Object offset: offset_x=   0.114, offset_z=  -0.667  (mm)
  Detector : dDx=   0.000, dDy=   0.000, dDz=   0.000  (mm)
  Obj Stage rotY :    8.533 deg
============================================================

Unity geometry (world coordinates):
  Source   : x=   0.000, y=  45.000, z=   0.000
  Object   : x=  -0.135, y=  19.200, z= 581.380
  Detector : x=   0.000, y=   0.000, z= 674.000
  Obj rotY :   0.0000 deg
view   0 | SOD= 581.285 mm | SDD= 675.501 mm | M= 1.162 | incident=3.8197°
[[  86.184845   -574.2812      -25.800491  ]
 [ -13.820537     92.258354     19.199509  ]
 [   0.14794408    0.02219704    0.        ]
 [   0.            0.            0.1496    ]]
Residual vector length: 45, Jacobian shape: (45, 6)
view   0 | SOD= 569.826 mm | SDD= 675.501 mm | M= 1.185 | incident=3.8197°
[[ 100.16094    -560.397       -24.994778  ]
 [ -18.49288     103.076675     20.005222  ]
 [   0.14726359    0.02633622    0.        ]
 [   0.            0.            0.1496    ]]

iter 01 cost=746.858766 -> 28.310016 |dtheta|=1.232718e+01  lambda=0.000e+00

============================================================
Iteration 2
============================================================
Theta offsets (Unity frame):
  Source   : dSx=   0.000, dSy=   0.000, dSz=   0.000  (mm)
  Object   : dOx=  -9.803, dOy=   5.005, dOz= -19.787  (mm)
  Object offset: offset_x=  -0.139, offset_z=   0.064  (mm)
  Detector : dDx=   0.000, dDy=   0.000, dDz=   0.000  (mm)
  Obj Stage rotY :   10.139 deg
============================================================

Unity geometry (world coordinates):
  Source   : x=   0.000, y=  45.000, z=   0.000
  Object   : x=   0.197, y=  20.005, z= 569.213
  Detector : x=   0.000, y=   0.000, z= 674.000
  Obj rotY :   0.0000 deg
view   0 | SOD= 569.826 mm | SDD= 675.501 mm | M= 1.185 | incident=3.8197°
[[ 100.16094    -560.397       -24.994778  ]
 [ -18.49288     103.076675     20.005222  ]
 [   0.14726359    0.02633622    0.        ]
 [   0.            0.            0.1496    ]]
Residual vector length: 45, Jacobian shape: (45, 6)
view   0 | SOD= 570.347 mm | SDD= 675.501 mm | M= 1.184 | incident=3.8197°
[[  99.47133    -561.04913     -24.999876  ]
 [ -18.16261     102.606064     20.000124  ]
 [   0.1473039     0.02610985    0.        ]
 [   0.            0.            0.1496    ]]

iter 02 cost=28.310016 -> 0.752694 |dtheta|=6.376526e-01  lambda=0.000e+00

============================================================
Iteration 3
============================================================
Theta offsets (Unity frame):
  Source   : dSx=   0.000, dSy=   0.000, dSz=   0.000  (mm)
  Object   : dOx=  -9.997, dOy=   5.000, dOz= -19.200  (mm)
  Object offset: offset_x=  -0.027, offset_z=  -0.001  (mm)
  Detector : dDx=   0.000, dDy=   0.000, dDz=   0.000  (mm)
  Obj Stage rotY :   10.051 deg
============================================================

Unity geometry (world coordinates):
  Source   : x=   0.000, y=  45.000, z=   0.000
  Object   : x=   0.003, y=  20.000, z= 569.800
  Detector : x=   0.000, y=   0.000, z= 674.000
  Obj rotY :   0.0000 deg
view   0 | SOD= 570.347 mm | SDD= 675.501 mm | M= 1.184 | incident=3.8197°
[[  99.47133    -561.04913     -24.999876  ]
 [ -18.16261     102.606064     20.000124  ]
 [   0.1473039     0.02610985    0.        ]
 [   0.            0.            0.1496    ]]
Residual vector length: 45, Jacobian shape: (45, 6)
view   0 | SOD= 570.540 mm | SDD= 675.501 mm | M= 1.184 | incident=3.8197°
[[  99.1663     -561.2993      -25.004585  ]
 [ -18.102444    102.42053      19.995415  ]
 [   0.14731823    0.02602879    0.        ]
 [   0.            0.            0.1496    ]]

iter 03 cost=0.752694 -> 0.157469 |dtheta|=1.993962e-01  lambda=0.000e+00

============================================================
Iteration 4
============================================================
Theta offsets (Unity frame):
  Source   : dSx=   0.000, dSy=   0.000, dSz=   0.000  (mm)
  Object   : dOx=  -9.995, dOy=   4.995, dOz= -19.005  (mm)
  Object offset: offset_x=   0.001, offset_z=  -0.003  (mm)
  Detector : dDx=   0.000, dDy=   0.000, dDz=   0.000  (mm)
  Obj Stage rotY :   10.020 deg
============================================================

Unity geometry (world coordinates):
  Source   : x=   0.000, y=  45.000, z=   0.000
  Object   : x=   0.005, y=  19.995, z= 569.995
  Detector : x=   0.000, y=   0.000, z= 674.000
  Obj rotY :   0.0000 deg
view   0 | SOD= 570.540 mm | SDD= 675.501 mm | M= 1.184 | incident=3.8197°
[[  99.1663     -561.2993      -25.004585  ]
 [ -18.102444    102.42053      19.995415  ]
 [   0.14731823    0.02602879    0.        ]
 [   0.            0.            0.1496    ]]
Residual vector length: 45, Jacobian shape: (45, 6)
view   0 | SOD= 570.592 mm | SDD= 675.501 mm | M= 1.184 | incident=3.8197°
[[  99.04436    -561.3733      -25.005926  ]
 [ -18.06169     102.37529      19.994074  ]
 [   0.1473246     0.02599268    0.        ]
 [   0.            0.            0.1496    ]]

iter 04 cost=0.157469 -> 0.099956 |dtheta|=5.426293e-02  lambda=0.000e+00

============================================================
Iteration 5
============================================================
Theta offsets (Unity frame):
  Source   : dSx=   0.000, dSy=   0.000, dSz=   0.000  (mm)
  Object   : dOx= -10.000, dOy=   4.994, dOz= -18.953  (mm)
  Object offset: offset_x=  -0.001, offset_z=  -0.003  (mm)
  Detector : dDx=   0.000, dDy=   0.000, dDz=   0.000  (mm)
  Obj Stage rotY :   10.006 deg
============================================================

Unity geometry (world coordinates):
  Source   : x=   0.000, y=  45.000, z=   0.000
  Object   : x=  -0.000, y=  19.994, z= 570.047
  Detector : x=   0.000, y=   0.000, z= 674.000
  Obj rotY :   0.0000 deg
view   0 | SOD= 570.592 mm | SDD= 675.501 mm | M= 1.184 | incident=3.8197°
[[  99.04436    -561.3733      -25.005926  ]
 [ -18.06169     102.37529      19.994074  ]
 [   0.1473246     0.02599268    0.        ]
 [   0.            0.            0.1496    ]]
Residual vector length: 45, Jacobian shape: (45, 6)
view   0 | SOD= 570.574 mm | SDD= 675.501 mm | M= 1.184 | incident=3.8197°
[[  98.91936    -561.37726     -25.005142  ]
 [ -18.039255    102.39735      19.994858  ]
 [   0.14733037    0.02595995    0.        ]
 [   0.            0.            0.1496    ]]

iter 05 cost=0.099956 -> 0.113683 |dtheta|=2.109461e-02  lambda=0.000e+00

============================================================
Iteration 6
============================================================
Theta offsets (Unity frame):
  Source   : dSx=   0.000, dSy=   0.000, dSz=   0.000  (mm)
  Object   : dOx= -10.000, dOy=   4.994, dOz= -18.953  (mm)
  Object offset: offset_x=  -0.001, offset_z=  -0.003  (mm)
  Detector : dDx=   0.000, dDy=   0.000, dDz=   0.000  (mm)
  Obj Stage rotY :   10.006 deg
============================================================

Unity geometry (world coordinates):
  Source   : x=   0.000, y=  45.000, z=   0.000
  Object   : x=  -0.000, y=  19.994, z= 570.047
  Detector : x=   0.000, y=   0.000, z= 674.000
  Obj rotY :   0.0000 deg
view   0 | SOD= 570.592 mm | SDD= 675.501 mm | M= 1.184 | incident=3.8197°
[[  99.04436    -561.3733      -25.005926  ]
 [ -18.06169     102.37529      19.994074  ]
 [   0.1473246     0.02599268    0.        ]
 [   0.            0.            0.1496    ]]
Residual vector length: 45, Jacobian shape: (45, 6)
view   0 | SOD= 570.574 mm | SDD= 675.501 mm | M= 1.184 | incident=3.8197°
[[  98.91936    -561.37726     -25.005142  ]
 [ -18.039255    102.39735      19.994858  ]
 [   0.14733037    0.02595995    0.        ]
 [   0.            0.            0.1496    ]]

iter 06 cost=0.099956 -> 0.113683 |dtheta|=2.109461e-02  lambda=0.000e+00

============================================================
Iteration 7
============================================================
Theta offsets (Unity frame):
  Source   : dSx=   0.000, dSy=   0.000, dSz=   0.000  (mm)
  Object   : dOx= -10.000, dOy=   4.994, dOz= -18.953  (mm)
  Object offset: offset_x=  -0.001, offset_z=  -0.003  (mm)
  Detector : dDx=   0.000, dDy=   0.000, dDz=   0.000  (mm)
  Obj Stage rotY :   10.006 deg
============================================================

Unity geometry (world coordinates):
  Source   : x=   0.000, y=  45.000, z=   0.000
  Object   : x=  -0.000, y=  19.994, z= 570.047
  Detector : x=   0.000, y=   0.000, z= 674.000
  Obj rotY :   0.0000 deg
view   0 | SOD= 570.592 mm | SDD= 675.501 mm | M= 1.184 | incident=3.8197°
[[  99.04436    -561.3733      -25.005926  ]
 [ -18.06169     102.37529      19.994074  ]
 [   0.1473246     0.02599268    0.        ]
 [   0.            0.            0.1496    ]]
Residual vector length: 45, Jacobian shape: (45, 6)
view   0 | SOD= 570.574 mm | SDD= 675.501 mm | M= 1.184 | incident=3.8197°
[[  98.91936    -561.37726     -25.005142  ]
 [ -18.039255    102.39735      19.994858  ]
 [   0.14733037    0.02595995    0.        ]
 [   0.            0.            0.1496    ]]

iter 07 cost=0.099956 -> 0.113683 |dtheta|=2.109461e-02  lambda=0.000e+00

============================================================
Iteration 8
============================================================
Theta offsets (Unity frame):
  Source   : dSx=   0.000, dSy=   0.000, dSz=   0.000  (mm)
  Object   : dOx= -10.000, dOy=   4.994, dOz= -18.953  (mm)
  Object offset: offset_x=  -0.001, offset_z=  -0.003  (mm)
  Detector : dDx=   0.000, dDy=   0.000, dDz=   0.000  (mm)
  Obj Stage rotY :   10.006 deg
============================================================

Unity geometry (world coordinates):
  Source   : x=   0.000, y=  45.000, z=   0.000
  Object   : x=  -0.000, y=  19.994, z= 570.047
  Detector : x=   0.000, y=   0.000, z= 674.000
  Obj rotY :   0.0000 deg
view   0 | SOD= 570.592 mm | SDD= 675.501 mm | M= 1.184 | incident=3.8197°
[[  99.04436    -561.3733      -25.005926  ]
 [ -18.06169     102.37529      19.994074  ]
 [   0.1473246     0.02599268    0.        ]
 [   0.            0.            0.1496    ]]
Residual vector length: 45, Jacobian shape: (45, 6)
view   0 | SOD= 570.574 mm | SDD= 675.501 mm | M= 1.184 | incident=3.8197°
[[  98.91936    -561.37726     -25.005142  ]
 [ -18.039255    102.39735      19.994858  ]
 [   0.14733037    0.02595995    0.        ]
 [   0.            0.            0.1496    ]]

iter 08 cost=0.099956 -> 0.113683 |dtheta|=2.109461e-02  lambda=0.000e+00

============================================================
Iteration 9
============================================================
Theta offsets (Unity frame):
  Source   : dSx=   0.000, dSy=   0.000, dSz=   0.000  (mm)
  Object   : dOx= -10.000, dOy=   4.994, dOz= -18.953  (mm)
  Object offset: offset_x=  -0.001, offset_z=  -0.003  (mm)
  Detector : dDx=   0.000, dDy=   0.000, dDz=   0.000  (mm)
  Obj Stage rotY :   10.006 deg
============================================================

Unity geometry (world coordinates):
  Source   : x=   0.000, y=  45.000, z=   0.000
  Object   : x=  -0.000, y=  19.994, z= 570.047
  Detector : x=   0.000, y=   0.000, z= 674.000
  Obj rotY :   0.0000 deg
view   0 | SOD= 570.592 mm | SDD= 675.501 mm | M= 1.184 | incident=3.8197°
[[  99.04436    -561.3733      -25.005926  ]
 [ -18.06169     102.37529      19.994074  ]
 [   0.1473246     0.02599268    0.        ]
 [   0.            0.            0.1496    ]]
Residual vector length: 45, Jacobian shape: (45, 6)
view   0 | SOD= 570.574 mm | SDD= 675.501 mm | M= 1.184 | incident=3.8197°
[[  98.91936    -561.37726     -25.005142  ]
 [ -18.039255    102.39735      19.994858  ]
 [   0.14733037    0.02595995    0.        ]
 [   0.            0.            0.1496    ]]

iter 09 cost=0.099956 -> 0.113683 |dtheta|=2.109461e-02  lambda=0.000e+00

============================================================
Iteration 10
============================================================
Theta offsets (Unity frame):
  Source   : dSx=   0.000, dSy=   0.000, dSz=   0.000  (mm)
  Object   : dOx= -10.000, dOy=   4.994, dOz= -18.953  (mm)
  Object offset: offset_x=  -0.001, offset_z=  -0.003  (mm)
  Detector : dDx=   0.000, dDy=   0.000, dDz=   0.000  (mm)
  Obj Stage rotY :   10.006 deg
============================================================

Unity geometry (world coordinates):
  Source   : x=   0.000, y=  45.000, z=   0.000
  Object   : x=  -0.000, y=  19.994, z= 570.047
  Detector : x=   0.000, y=   0.000, z= 674.000
  Obj rotY :   0.0000 deg
view   0 | SOD= 570.592 mm | SDD= 675.501 mm | M= 1.184 | incident=3.8197°
[[  99.04436    -561.3733      -25.005926  ]
 [ -18.06169     102.37529      19.994074  ]
 [   0.1473246     0.02599268    0.        ]
 [   0.            0.            0.1496    ]]
Residual vector length: 45, Jacobian shape: (45, 6)
view   0 | SOD= 570.574 mm | SDD= 675.501 mm | M= 1.184 | incident=3.8197°
[[  98.91936    -561.37726     -25.005142  ]
 [ -18.039255    102.39735      19.994858  ]
 [   0.14733037    0.02595995    0.        ]
 [   0.            0.            0.1496    ]]

iter 10 cost=0.099956 -> 0.113683 |dtheta|=2.109461e-02  lambda=0.000e+00

============================================================
Iteration 11
============================================================
Theta offsets (Unity frame):
  Source   : dSx=   0.000, dSy=   0.000, dSz=   0.000  (mm)
  Object   : dOx= -10.000, dOy=   4.994, dOz= -18.953  (mm)
  Object offset: offset_x=  -0.001, offset_z=  -0.003  (mm)
  Detector : dDx=   0.000, dDy=   0.000, dDz=   0.000  (mm)
  Obj Stage rotY :   10.006 deg
============================================================

Unity geometry (world coordinates):
  Source   : x=   0.000, y=  45.000, z=   0.000
  Object   : x=  -0.000, y=  19.994, z= 570.047
  Detector : x=   0.000, y=   0.000, z= 674.000
  Obj rotY :   0.0000 deg
view   0 | SOD= 570.592 mm | SDD= 675.501 mm | M= 1.184 | incident=3.8197°
[[  99.04436    -561.3733      -25.005926  ]
 [ -18.06169     102.37529      19.994074  ]
 [   0.1473246     0.02599268    0.        ]
 [   0.            0.            0.1496    ]]
Residual vector length: 45, Jacobian shape: (45, 6)
view   0 | SOD= 570.574 mm | SDD= 675.501 mm | M= 1.184 | incident=3.8197°
[[  98.91936    -561.37726     -25.005142  ]
 [ -18.039255    102.39735      19.994858  ]
 [   0.14733037    0.02595995    0.        ]
 [   0.            0.            0.1496    ]]

iter 11 cost=0.099956 -> 0.113683 |dtheta|=2.109461e-02  lambda=0.000e+00
Stalled.

Estimated theta:
  dSx: +0.000000
  dSy: +0.000000
  dOx: -10.000004
  dOy: +4.994074
  dOz: -18.952982
  dDx: +0.000000
  dDy: +0.000000
  dDz: +0.000000
alpha: +1.000580e+01 deg)
offset_x: -0.000508
offset_z: -0.003327

Final cost table:
Fake theta: [  0.   0. -10.   5. -19.   0.   0.   0.  10.   0.   0.]
Final estimated theta: [  0.           0.         -10.00000407   4.99407449 -18.95298185
   0.           0.           0.          10.0057989   -0.00050806
  -0.00332728]
Diff from Expected: [ 0.          0.         -0.00000407 -0.00592551  0.04701815  0.
  0.          0.          0.0057989  -0.00050806 -0.00332728]
################################################################################

