Phantom already exists, skipping: cuboid_phantom_3_normal.npy

################################################################################
Running cuboid=normal scenario=G1 N_ANGLES=10, K=3
view   0 | SOD= 570.551 mm | SDD= 705.315 mm | M= 1.236 | incident=3.4990°
[[  81.309204  -564.17444    -25.       ]
 [ -18.649195   132.69592     18.       ]
 [   0.1481441    0.0208203    0.       ]
 [   0.           0.           0.1496   ]]
          image          x1         y1  area1          x2          y2  area2          x3          y3  area3
0  proj_000.png  512.759305  75.099256    806  438.338008  292.280505    713  512.735589  535.090226    798
1  proj_001.png  416.128911  75.108886    799  529.133240  292.485273    713  416.250000  534.600746    804
2  proj_002.png  343.670064  75.244586    785  600.710204  294.970068    735  343.673496  528.907810    781
3  proj_003.png  323.232310  75.578104    749  626.061089  298.879150    753  323.205607  520.551402    749
4  proj_004.png  360.232295  75.869688    706  593.302717  302.886158    773  360.259520  512.678420    709
5  proj_005.png  438.396624  76.129395    711  512.769231  305.189826    806  438.315202  508.384937    717
6  proj_006.png  529.054469  76.062849    716  416.187578  304.781366    805  529.069638  508.821727    718
7  proj_007.png  600.670748  75.817687    735  343.649100  302.024422    778  600.688347  514.040650    738
8  proj_008.png  626.056878  75.531746    756  323.282667  297.986667    750  626.038108  522.258870    761
9  proj_009.png  593.313878  75.136187    771  360.254597  294.323904    707  593.332041  530.343669    774

============================================================
Iteration 0
============================================================
Theta offsets (Unity frame):
  Source   : dSx=   0.000, dSy=   0.000, dSz=   0.000  (mm)
  Object   : dOx=   0.000, dOy=   0.000, dOz=   0.000  (mm)
  Object offset: offset_x=   0.000, offset_z=   0.000  (mm)
  Detector : dDx=   0.000, dDy=   0.000, dDz=   0.000  (mm)
  Obj Stage rotY :    0.000 deg
============================================================

Unity geometry (world coordinates):
  Source   : x=   2.000, y=  45.000, z=   0.000
  Object   : x=   6.000, y=  18.000, z= 585.000
  Detector : x=   0.000, y=   2.000, z= 704.000
  Obj rotY :   0.0000 deg
view   0 | SOD= 585.636 mm | SDD= 705.315 mm | M= 1.204 | incident=3.4990°
[[  -4.     -585.      -27.    ]
 [  -6.      119.       16.    ]
 [   0.1496    0.        0.    ]
 [   0.        0.        0.1496]]
Residual vector length: 90, Jacobian shape: (90, 6)
view   0 | SOD= 580.898 mm | SDD= 705.315 mm | M= 1.214 | incident=3.4990°
[[  57.97145    -577.4394      -25.41002   ]
 [ -11.276573    123.14942      17.58998   ]
 [   0.14891572    0.01429215    0.        ]
 [   0.            0.            0.1496    ]]

iter 00 cost=45531.863345 -> 1428.031860 |dtheta|=9.663387e+00  lambda=0.000e+00

============================================================
Iteration 1
============================================================
Theta offsets (Unity frame):
  Source   : dSx=   0.000, dSy=   0.000, dSz=   0.000  (mm)
  Object   : dOx=  -6.276, dOy=   1.590, dOz=  -4.620  (mm)
  Object offset: offset_x=  -0.265, offset_z=  -0.043  (mm)
  Detector : dDx=   0.000, dDy=   0.000, dDz=   0.000  (mm)
  Obj Stage rotY :    5.482 deg
============================================================

Unity geometry (world coordinates):
  Source   : x=   2.000, y=  45.000, z=   0.000
  Object   : x=  -0.276, y=  19.590, z= 580.380
  Detector : x=   0.000, y=   2.000, z= 704.000
  Obj rotY :   0.0000 deg
view   0 | SOD= 580.898 mm | SDD= 705.315 mm | M= 1.214 | incident=3.4990°
[[  57.97145    -577.4394      -25.41002   ]
 [ -11.276573    123.14942      17.58998   ]
 [   0.14891572    0.01429215    0.        ]
 [   0.            0.            0.1496    ]]
Residual vector length: 90, Jacobian shape: (90, 6)
view   0 | SOD= 570.878 mm | SDD= 705.315 mm | M= 1.235 | incident=3.4990°
[[  69.0509     -566.13416     -25.021902  ]
 [ -15.6464615   132.75522      17.978098  ]
 [   0.14856392    0.01757613    0.        ]
 [   0.            0.            0.1496    ]]

iter 01 cost=1428.031860 -> 142.782580 |dtheta|=1.008149e+01  lambda=0.000e+00

============================================================
Iteration 2
============================================================
Theta offsets (Unity frame):
  Source   : dSx=   0.000, dSy=   0.000, dSz=   0.000  (mm)
  Object   : dOx=  -6.025, dOy=   1.978, dOz= -14.609  (mm)
  Object offset: offset_x=  -0.034, offset_z=  -0.066  (mm)
  Detector : dDx=   0.000, dDy=   0.000, dDz=   0.000  (mm)
  Obj Stage rotY :    6.747 deg
============================================================

Unity geometry (world coordinates):
  Source   : x=   2.000, y=  45.000, z=   0.000
  Object   : x=  -0.025, y=  19.978, z= 570.391
  Detector : x=   0.000, y=   2.000, z= 704.000
  Obj rotY :   0.0000 deg
view   0 | SOD= 570.878 mm | SDD= 705.315 mm | M= 1.235 | incident=3.4990°
[[  69.0509     -566.13416     -25.021902  ]
 [ -15.6464615   132.75522      17.978098  ]
 [   0.14856392    0.01757613    0.        ]
 [   0.            0.            0.1496    ]]
Residual vector length: 90, Jacobian shape: (90, 6)
view   0 | SOD= 570.548 mm | SDD= 705.315 mm | M= 1.236 | incident=3.4990°
[[  75.58736    -564.9666      -24.980947  ]
 [ -17.303476    132.881        18.019053  ]
 [   0.1483475     0.01931786    0.        ]
 [   0.            0.            0.1496    ]]

iter 02 cost=142.782580 -> 33.364253 |dtheta|=7.582599e-01  lambda=0.000e+00

============================================================
Iteration 3
============================================================
Theta offsets (Unity frame):
  Source   : dSx=   0.000, dSy=   0.000, dSz=   0.000  (mm)
  Object   : dOx=  -5.984, dOy=   2.019, dOz= -14.954  (mm)
  Object offset: offset_x=  -0.017, offset_z=  -0.049  (mm)
  Detector : dDx=   0.000, dDy=   0.000, dDz=   0.000  (mm)
  Obj Stage rotY :    7.419 deg
============================================================

Unity geometry (world coordinates):
  Source   : x=   2.000, y=  45.000, z=   0.000
  Object   : x=   0.016, y=  20.019, z= 570.046
  Detector : x=   0.000, y=   2.000, z= 704.000
  Obj rotY :   0.0000 deg
view   0 | SOD= 570.548 mm | SDD= 705.315 mm | M= 1.236 | incident=3.4990°
[[  75.58736    -564.9666      -24.980947  ]
 [ -17.303476    132.881        18.019053  ]
 [   0.1483475     0.01931786    0.        ]
 [   0.            0.            0.1496    ]]
Residual vector length: 90, Jacobian shape: (90, 6)
view   0 | SOD= 570.635 mm | SDD= 705.315 mm | M= 1.236 | incident=3.4990°
[[  79.510994   -564.51556     -25.000418  ]
 [ -18.208633    132.67226      17.999582  ]
 [   0.14821021    0.02034437    0.        ]
 [   0.            0.            0.1496    ]]

iter 03 cost=33.364253 -> 3.925934 |dtheta|=4.022721e-01  lambda=0.000e+00

============================================================
Iteration 4
============================================================
Theta offsets (Unity frame):
  Source   : dSx=   0.000, dSy=   0.000, dSz=   0.000  (mm)
  Object   : dOx=  -5.998, dOy=   2.000, dOz= -14.909  (mm)
  Object offset: offset_x=  -0.005, offset_z=  -0.007  (mm)
  Detector : dDx=   0.000, dDy=   0.000, dDz=   0.000  (mm)
  Obj Stage rotY :    7.816 deg
============================================================

Unity geometry (world coordinates):
  Source   : x=   2.000, y=  45.000, z=   0.000
  Object   : x=   0.002, y=  20.000, z= 570.091
  Detector : x=   0.000, y=   2.000, z= 704.000
  Obj rotY :   0.0000 deg
view   0 | SOD= 570.635 mm | SDD= 705.315 mm | M= 1.236 | incident=3.4990°
[[  79.510994   -564.51556     -25.000418  ]
 [ -18.208633    132.67226      17.999582  ]
 [   0.14821021    0.02034437    0.        ]
 [   0.            0.            0.1496    ]]
Residual vector length: 90, Jacobian shape: (90, 6)
view   0 | SOD= 570.603 mm | SDD= 705.315 mm | M= 1.236 | incident=3.4990°
[[  80.59484    -564.3289      -25.006556  ]
 [ -18.47787     132.66794      17.993444  ]
 [   0.14817044    0.02063201    0.        ]
 [   0.            0.            0.1496    ]]

iter 04 cost=3.925934 -> 0.845511 |dtheta|=1.175666e-01  lambda=0.000e+00

============================================================
Iteration 5
============================================================
Theta offsets (Unity frame):
  Source   : dSx=   0.000, dSy=   0.000, dSz=   0.000  (mm)
  Object   : dOx=  -5.989, dOy=   1.993, dOz= -14.945  (mm)
  Object offset: offset_x=  -0.006, offset_z=  -0.003  (mm)
  Detector : dDx=   0.000, dDy=   0.000, dDz=   0.000  (mm)
  Obj Stage rotY :    7.927 deg
============================================================

Unity geometry (world coordinates):
  Source   : x=   2.000, y=  45.000, z=   0.000
  Object   : x=   0.011, y=  19.993, z= 570.055
  Detector : x=   0.000, y=   2.000, z= 704.000
  Obj rotY :   0.0000 deg
view   0 | SOD= 570.603 mm | SDD= 705.315 mm | M= 1.236 | incident=3.4990°
[[  80.59484    -564.3289      -25.006556  ]
 [ -18.47787     132.66794      17.993444  ]
 [   0.14817044    0.02063201    0.        ]
 [   0.            0.            0.1496    ]]
Residual vector length: 90, Jacobian shape: (90, 6)
view   0 | SOD= 570.577 mm | SDD= 705.315 mm | M= 1.236 | incident=3.4990°
[[  81.04608    -564.23804     -25.00127   ]
 [ -18.57889     132.68008      17.99873   ]
 [   0.14815405    0.02074941    0.        ]
 [   0.            0.            0.1496    ]]

iter 05 cost=0.845511 -> 0.286553 |dtheta|=5.571275e-02  lambda=0.000e+00

============================================================
Iteration 6
============================================================
Theta offsets (Unity frame):
  Source   : dSx=   0.000, dSy=   0.000, dSz=   0.000  (mm)
  Object   : dOx=  -6.001, dOy=   1.999, dOz= -14.975  (mm)
  Object offset: offset_x=  -0.003, offset_z=   0.000  (mm)
  Detector : dDx=   0.000, dDy=   0.000, dDz=   0.000  (mm)
  Obj Stage rotY :    7.973 deg
============================================================

Unity geometry (world coordinates):
  Source   : x=   2.000, y=  45.000, z=   0.000
  Object   : x=  -0.001, y=  19.999, z= 570.025
  Detector : x=   0.000, y=   2.000, z= 704.000
  Obj rotY :   0.0000 deg
view   0 | SOD= 570.577 mm | SDD= 705.315 mm | M= 1.236 | incident=3.4990°
[[  81.04608    -564.23804     -25.00127   ]
 [ -18.57889     132.68008      17.99873   ]
 [   0.14815405    0.02074941    0.        ]
 [   0.            0.            0.1496    ]]
Residual vector length: 90, Jacobian shape: (90, 6)
view   0 | SOD= 570.587 mm | SDD= 705.315 mm | M= 1.236 | incident=3.4990°
[[  81.25597    -564.2184      -25.003277  ]
 [ -18.630938    132.66225      17.996723  ]
 [   0.14814624    0.0208051     0.        ]
 [   0.            0.            0.1496    ]]

iter 06 cost=0.286553 -> 0.238706 |dtheta|=2.414298e-02  lambda=0.000e+00

============================================================
Iteration 7
============================================================
Theta offsets (Unity frame):
  Source   : dSx=   0.000, dSy=   0.000, dSz=   0.000  (mm)
  Object   : dOx=  -6.000, dOy=   1.997, dOz= -14.965  (mm)
  Object offset: offset_x=   0.001, offset_z=   0.000  (mm)
  Detector : dDx=   0.000, dDy=   0.000, dDz=   0.000  (mm)
  Obj Stage rotY :    7.994 deg
============================================================

Unity geometry (world coordinates):
  Source   : x=   2.000, y=  45.000, z=   0.000
  Object   : x=  -0.000, y=  19.997, z= 570.035
  Detector : x=   0.000, y=   2.000, z= 704.000
  Obj rotY :   0.0000 deg
view   0 | SOD= 570.587 mm | SDD= 705.315 mm | M= 1.236 | incident=3.4990°
[[  81.25597    -564.2184      -25.003277  ]
 [ -18.630938    132.66225      17.996723  ]
 [   0.14814624    0.0208051     0.        ]
 [   0.            0.            0.1496    ]]
Residual vector length: 90, Jacobian shape: (90, 6)
view   0 | SOD= 570.594 mm | SDD= 705.315 mm | M= 1.236 | incident=3.4990°
[[  81.26964    -564.223       -25.003029  ]
 [ -18.631243    132.65561      17.996971  ]
 [   0.14814582    0.02080807    0.        ]
 [   0.            0.            0.1496    ]]

iter 07 cost=0.238706 -> 0.229225 |dtheta|=6.710496e-03  lambda=0.000e+00

============================================================
Iteration 8
============================================================
Theta offsets (Unity frame):
  Source   : dSx=   0.000, dSy=   0.000, dSz=   0.000  (mm)
  Object   : dOx=  -6.001, dOy=   1.997, dOz= -14.958  (mm)
  Object offset: offset_x=  -0.001, offset_z=   0.001  (mm)
  Detector : dDx=   0.000, dDy=   0.000, dDz=   0.000  (mm)
  Obj Stage rotY :    7.995 deg
============================================================

Unity geometry (world coordinates):
  Source   : x=   2.000, y=  45.000, z=   0.000
  Object   : x=  -0.001, y=  19.997, z= 570.042
  Detector : x=   0.000, y=   2.000, z= 704.000
  Obj rotY :   0.0000 deg
view   0 | SOD= 570.594 mm | SDD= 705.315 mm | M= 1.236 | incident=3.4990°
[[  81.26964    -564.223       -25.003029  ]
 [ -18.631243    132.65561      17.996971  ]
 [   0.14814582    0.02080807    0.        ]
 [   0.            0.            0.1496    ]]
Residual vector length: 90, Jacobian shape: (90, 6)
view   0 | SOD= 570.596 mm | SDD= 705.315 mm | M= 1.236 | incident=3.4990°
[[  81.34264    -564.2148      -25.003428  ]
 [ -18.648117    132.65096      17.996572  ]
 [   0.14814314    0.02082717    0.        ]
 [   0.            0.            0.1496    ]]

iter 08 cost=0.229225 -> 0.213753 |dtheta|=8.185086e-03  lambda=0.000e+00

============================================================
Iteration 9
============================================================
Theta offsets (Unity frame):
  Source   : dSx=   0.000, dSy=   0.000, dSz=   0.000  (mm)
  Object   : dOx=  -6.000, dOy=   1.997, dOz= -14.955  (mm)
  Object offset: offset_x=  -0.001, offset_z=  -0.001  (mm)
  Detector : dDx=   0.000, dDy=   0.000, dDz=   0.000  (mm)
  Obj Stage rotY :    8.003 deg
============================================================

Unity geometry (world coordinates):
  Source   : x=   2.000, y=  45.000, z=   0.000
  Object   : x=  -0.000, y=  19.997, z= 570.045
  Detector : x=   0.000, y=   2.000, z= 704.000
  Obj rotY :   0.0000 deg
view   0 | SOD= 570.596 mm | SDD= 705.315 mm | M= 1.236 | incident=3.4990°
[[  81.34264    -564.2148      -25.003428  ]
 [ -18.648117    132.65096      17.996572  ]
 [   0.14814314    0.02082717    0.        ]
 [   0.            0.            0.1496    ]]
Residual vector length: 90, Jacobian shape: (90, 6)
view   0 | SOD= 570.587 mm | SDD= 705.315 mm | M= 1.236 | incident=3.4990°
[[  81.34005    -564.20575     -25.003382  ]
 [ -18.649818    132.66008      17.996618  ]
 [   0.14814316    0.02082699    0.        ]
 [   0.            0.            0.1496    ]]

iter 09 cost=0.213753 -> 0.221589 |dtheta|=8.877992e-03  lambda=0.000e+00

============================================================
Iteration 10
============================================================
Theta offsets (Unity frame):
  Source   : dSx=   0.000, dSy=   0.000, dSz=   0.000  (mm)
  Object   : dOx=  -6.000, dOy=   1.997, dOz= -14.955  (mm)
  Object offset: offset_x=  -0.001, offset_z=  -0.001  (mm)
  Detector : dDx=   0.000, dDy=   0.000, dDz=   0.000  (mm)
  Obj Stage rotY :    8.003 deg
============================================================

Unity geometry (world coordinates):
  Source   : x=   2.000, y=  45.000, z=   0.000
  Object   : x=  -0.000, y=  19.997, z= 570.045
  Detector : x=   0.000, y=   2.000, z= 704.000
  Obj rotY :   0.0000 deg
view   0 | SOD= 570.596 mm | SDD= 705.315 mm | M= 1.236 | incident=3.4990°
[[  81.34264    -564.2148      -25.003428  ]
 [ -18.648117    132.65096      17.996572  ]
 [   0.14814314    0.02082717    0.        ]
 [   0.            0.            0.1496    ]]
Residual vector length: 90, Jacobian shape: (90, 6)
view   0 | SOD= 570.587 mm | SDD= 705.315 mm | M= 1.236 | incident=3.4990°
[[  81.34005    -564.20575     -25.003382  ]
 [ -18.649818    132.66008      17.996618  ]
 [   0.14814316    0.02082699    0.        ]
 [   0.            0.            0.1496    ]]

iter 10 cost=0.213753 -> 0.221589 |dtheta|=8.877992e-03  lambda=0.000e+00

============================================================
Iteration 11
============================================================
Theta offsets (Unity frame):
  Source   : dSx=   0.000, dSy=   0.000, dSz=   0.000  (mm)
  Object   : dOx=  -6.000, dOy=   1.997, dOz= -14.955  (mm)
  Object offset: offset_x=  -0.001, offset_z=  -0.001  (mm)
  Detector : dDx=   0.000, dDy=   0.000, dDz=   0.000  (mm)
  Obj Stage rotY :    8.003 deg
============================================================

Unity geometry (world coordinates):
  Source   : x=   2.000, y=  45.000, z=   0.000
  Object   : x=  -0.000, y=  19.997, z= 570.045
  Detector : x=   0.000, y=   2.000, z= 704.000
  Obj rotY :   0.0000 deg
view   0 | SOD= 570.596 mm | SDD= 705.315 mm | M= 1.236 | incident=3.4990°
[[  81.34264    -564.2148      -25.003428  ]
 [ -18.648117    132.65096      17.996572  ]
 [   0.14814314    0.02082717    0.        ]
 [   0.            0.            0.1496    ]]
Residual vector length: 90, Jacobian shape: (90, 6)
view   0 | SOD= 570.587 mm | SDD= 705.315 mm | M= 1.236 | incident=3.4990°
[[  81.34005    -564.20575     -25.003382  ]
 [ -18.649818    132.66008      17.996618  ]
 [   0.14814316    0.02082699    0.        ]
 [   0.            0.            0.1496    ]]

iter 11 cost=0.213753 -> 0.221589 |dtheta|=8.877992e-03  lambda=0.000e+00

============================================================
Iteration 12
============================================================
Theta offsets (Unity frame):
  Source   : dSx=   0.000, dSy=   0.000, dSz=   0.000  (mm)
  Object   : dOx=  -6.000, dOy=   1.997, dOz= -14.955  (mm)
  Object offset: offset_x=  -0.001, offset_z=  -0.001  (mm)
  Detector : dDx=   0.000, dDy=   0.000, dDz=   0.000  (mm)
  Obj Stage rotY :    8.003 deg
============================================================

Unity geometry (world coordinates):
  Source   : x=   2.000, y=  45.000, z=   0.000
  Object   : x=  -0.000, y=  19.997, z= 570.045
  Detector : x=   0.000, y=   2.000, z= 704.000
  Obj rotY :   0.0000 deg
view   0 | SOD= 570.596 mm | SDD= 705.315 mm | M= 1.236 | incident=3.4990°
[[  81.34264    -564.2148      -25.003428  ]
 [ -18.648117    132.65096      17.996572  ]
 [   0.14814314    0.02082717    0.        ]
 [   0.            0.            0.1496    ]]
Residual vector length: 90, Jacobian shape: (90, 6)
view   0 | SOD= 570.587 mm | SDD= 705.315 mm | M= 1.236 | incident=3.4990°
[[  81.34005    -564.20575     -25.003382  ]
 [ -18.649818    132.66008      17.996618  ]
 [   0.14814316    0.02082699    0.        ]
 [   0.            0.            0.1496    ]]

iter 12 cost=0.213753 -> 0.221589 |dtheta|=8.877992e-03  lambda=0.000e+00

============================================================
Iteration 13
============================================================
Theta offsets (Unity frame):
  Source   : dSx=   0.000, dSy=   0.000, dSz=   0.000  (mm)
  Object   : dOx=  -6.000, dOy=   1.997, dOz= -14.955  (mm)
  Object offset: offset_x=  -0.001, offset_z=  -0.001  (mm)
  Detector : dDx=   0.000, dDy=   0.000, dDz=   0.000  (mm)
  Obj Stage rotY :    8.003 deg
============================================================

Unity geometry (world coordinates):
  Source   : x=   2.000, y=  45.000, z=   0.000
  Object   : x=  -0.000, y=  19.997, z= 570.045
  Detector : x=   0.000, y=   2.000, z= 704.000
  Obj rotY :   0.0000 deg
view   0 | SOD= 570.596 mm | SDD= 705.315 mm | M= 1.236 | incident=3.4990°
[[  81.34264    -564.2148      -25.003428  ]
 [ -18.648117    132.65096      17.996572  ]
 [   0.14814314    0.02082717    0.        ]
 [   0.            0.            0.1496    ]]
Residual vector length: 90, Jacobian shape: (90, 6)
view   0 | SOD= 570.587 mm | SDD= 705.315 mm | M= 1.236 | incident=3.4990°
[[  81.34005    -564.20575     -25.003382  ]
 [ -18.649818    132.66008      17.996618  ]
 [   0.14814316    0.02082699    0.        ]
 [   0.            0.            0.1496    ]]

iter 13 cost=0.213753 -> 0.221589 |dtheta|=8.877992e-03  lambda=0.000e+00

============================================================
Iteration 14
============================================================
Theta offsets (Unity frame):
  Source   : dSx=   0.000, dSy=   0.000, dSz=   0.000  (mm)
  Object   : dOx=  -6.000, dOy=   1.997, dOz= -14.955  (mm)
  Object offset: offset_x=  -0.001, offset_z=  -0.001  (mm)
  Detector : dDx=   0.000, dDy=   0.000, dDz=   0.000  (mm)
  Obj Stage rotY :    8.003 deg
============================================================

Unity geometry (world coordinates):
  Source   : x=   2.000, y=  45.000, z=   0.000
  Object   : x=  -0.000, y=  19.997, z= 570.045
  Detector : x=   0.000, y=   2.000, z= 704.000
  Obj rotY :   0.0000 deg
view   0 | SOD= 570.596 mm | SDD= 705.315 mm | M= 1.236 | incident=3.4990°
[[  81.34264    -564.2148      -25.003428  ]
 [ -18.648117    132.65096      17.996572  ]
 [   0.14814314    0.02082717    0.        ]
 [   0.            0.            0.1496    ]]
Residual vector length: 90, Jacobian shape: (90, 6)
view   0 | SOD= 570.587 mm | SDD= 705.315 mm | M= 1.236 | incident=3.4990°
[[  81.34005    -564.20575     -25.003382  ]
 [ -18.649818    132.66008      17.996618  ]
 [   0.14814316    0.02082699    0.        ]
 [   0.            0.            0.1496    ]]

iter 14 cost=0.213753 -> 0.221589 |dtheta|=8.877992e-03  lambda=0.000e+00

============================================================
Iteration 15
============================================================
Theta offsets (Unity frame):
  Source   : dSx=   0.000, dSy=   0.000, dSz=   0.000  (mm)
  Object   : dOx=  -6.000, dOy=   1.997, dOz= -14.955  (mm)
  Object offset: offset_x=  -0.001, offset_z=  -0.001  (mm)
  Detector : dDx=   0.000, dDy=   0.000, dDz=   0.000  (mm)
  Obj Stage rotY :    8.003 deg
============================================================

Unity geometry (world coordinates):
  Source   : x=   2.000, y=  45.000, z=   0.000
  Object   : x=  -0.000, y=  19.997, z= 570.045
  Detector : x=   0.000, y=   2.000, z= 704.000
  Obj rotY :   0.0000 deg
view   0 | SOD= 570.596 mm | SDD= 705.315 mm | M= 1.236 | incident=3.4990°
[[  81.34264    -564.2148      -25.003428  ]
 [ -18.648117    132.65096      17.996572  ]
 [   0.14814314    0.02082717    0.        ]
 [   0.            0.            0.1496    ]]
Residual vector length: 90, Jacobian shape: (90, 6)
view   0 | SOD= 570.587 mm | SDD= 705.315 mm | M= 1.236 | incident=3.4990°
[[  81.34005    -564.20575     -25.003382  ]
 [ -18.649818    132.66008      17.996618  ]
 [   0.14814316    0.02082699    0.        ]
 [   0.            0.            0.1496    ]]

iter 15 cost=0.213753 -> 0.221589 |dtheta|=8.877992e-03  lambda=0.000e+00
Stalled.

Estimated theta:
  dSx: +0.000000
  dSy: +0.000000
  dOx: -6.000117
  dOy: +1.996572
  dOz: -14.954761
  dDx: +0.000000
  dDy: +0.000000
  dDz: +0.000000
alpha: +8.002660e+00 deg)
offset_x: -0.000912
offset_z: -0.000563

Final cost table:
Fake theta: [  0.   0.  -6.   2. -15.   0.   0.   0.   8.   0.   0.]
Final estimated theta: [  0.           0.          -6.00011708   1.99657209 -14.95476075
   0.           0.           0.           8.0026605   -0.00091228
  -0.00056253]
Diff from Expected: [ 0.          0.         -0.00011708 -0.00342791  0.04523925  0.
  0.          0.          0.0026605  -0.00091228 -0.00056253]
################################################################################

