Phantom already exists, skipping: cuboid_phantom_3_normal.npy

################################################################################
Running cuboid=normal scenario=G2 N_ANGLES=15, K=3
view   0 | SOD= 570.046 mm | SDD= 696.006 mm | M= 1.221 | incident=0.2470°
[[ 119.47323    -557.34204      -7.        ]
 [ -25.864782    123.32077      -7.        ]
 [   0.14616601    0.03186934    0.        ]
 [   0.            0.            0.1496    ]]
           image          x1          y1  area1          x2          y2  area2          x3          y3  area3
0   proj_000.png  501.449809  210.914867    787  447.716954  434.892241    696  501.432398  666.011480    784
1   proj_001.png  437.077411  210.980964    788  508.282200  434.917511    691  437.089172  665.964331    785
2   proj_002.png  379.582586  211.985915    781  563.318310  435.278873    710  379.605598  664.222646    786
3   proj_003.png  339.639108  213.839895    762  603.937673  435.767313    722  339.639108  661.160105    762
4   proj_004.png  323.891129  215.838710    744  623.016282  436.512890    737  323.937838  657.605405    740
5   proj_005.png  334.078762  218.084388    711  616.575067  437.286863    746  334.080056  653.978933    712
6   proj_006.png  367.709724  219.878084    689  584.679045  437.928382    754  367.679767  650.934498    687
7   proj_007.png  418.535920  221.000000    696  532.480405  438.456384    791  418.535920  649.000000    696
8   proj_008.png  478.162857  221.378571    700  469.212045  438.537014    797  478.140200  648.380544    699
9   proj_009.png  537.043165  220.772662    695  406.726811  438.354511    787  537.074820  649.280576    695
10  proj_010.png  585.867503  219.578801    717  356.848249  437.878080    771  585.864903  651.377437    718
11  proj_011.png  616.517241  217.598621    725  328.472074  437.106383    752  616.526027  654.526027    730
12  proj_012.png  623.061828  215.536290    744  325.678177  436.411602    724  623.096904  658.261104    743
13  proj_013.png  603.605369  213.378523    745  348.349858  435.674221    706  603.606906  661.836653    753
14  proj_014.png  560.481046  211.843137    765  391.521106  435.120815    687  560.477243  664.728218    769

============================================================
Iteration 0
============================================================
Theta offsets (Unity frame):
  Source   : dSx=   0.000, dSy=   0.000, dSz=   0.000  (mm)
  Object   : dOx=   0.000, dOy=   0.000, dOz=   0.000  (mm)
  Object offset: offset_x=   0.000, offset_z=   0.000  (mm)
  Detector : dDx=   0.000, dDy=   0.000, dDz=   0.000  (mm)
  Obj Stage rotY :    0.000 deg
============================================================

Unity geometry (world coordinates):
  Source   : x=  -2.000, y=  47.000, z=   0.000
  Object   : x=  14.000, y=  32.000, z= 592.000
  Detector : x=   1.000, y=  47.000, z= 696.000
  Obj rotY :   0.0000 deg
view   0 | SOD= 592.406 mm | SDD= 696.006 mm | M= 1.175 | incident=0.2470°
[[ -16.     -592.      -15.    ]
 [ -13.      104.      -15.    ]
 [   0.1496    0.        0.    ]
 [   0.        0.        0.1496]]
Residual vector length: 135, Jacobian shape: (135, 6)
view   0 | SOD= 576.833 mm | SDD= 696.006 mm | M= 1.207 | incident=0.2470°
[[  60.812664   -573.5741       -7.103607  ]
 [ -11.258313    118.69084      -7.103607  ]
 [   0.14872764    0.01613219    0.        ]
 [   0.            0.            0.1496    ]]

iter 00 cost=381135.866825 -> 5431.470102 |dtheta|=2.315095e+01  lambda=0.000e+00

============================================================
Iteration 1
============================================================
Theta offsets (Unity frame):
  Source   : dSx=   0.000, dSy=   0.000, dSz=   0.000  (mm)
  Object   : dOx= -14.404, dOy=   7.896, dOz= -15.092  (mm)
  Object offset: offset_x=  -0.203, offset_z=  -0.121  (mm)
  Detector : dDx=   0.000, dDy=   0.000, dDz=   0.000  (mm)
  Obj Stage rotY :    6.191 deg
============================================================

Unity geometry (world coordinates):
  Source   : x=  -2.000, y=  47.000, z=   0.000
  Object   : x=  -0.404, y=  39.896, z= 576.908
  Detector : x=   1.000, y=  47.000, z= 696.000
  Obj rotY :   0.0000 deg
view   0 | SOD= 576.833 mm | SDD= 696.006 mm | M= 1.207 | incident=0.2470°
[[  60.812664   -573.5741       -7.103607  ]
 [ -11.258313    118.69084      -7.103607  ]
 [   0.14872764    0.01613219    0.        ]
 [   0.            0.            0.1496    ]]
Residual vector length: 135, Jacobian shape: (135, 6)
view   0 | SOD= 571.644 mm | SDD= 696.006 mm | M= 1.218 | incident=0.2470°
[[ 103.65885    -562.1225       -7.106903  ]
 [ -21.467888    122.544075     -7.106903  ]
 [   0.1470453     0.02752887    0.        ]
 [   0.            0.            0.1496    ]]

iter 01 cost=5431.470102 -> 428.249194 |dtheta|=6.956336e+00  lambda=0.000e+00

============================================================
Iteration 2
============================================================
Theta offsets (Unity frame):
  Source   : dSx=   0.000, dSy=   0.000, dSz=   0.000  (mm)
  Object   : dOx= -14.089, dOy=   7.893, dOz= -20.455  (mm)
  Object offset: offset_x=  -0.360, offset_z=   0.053  (mm)
  Detector : dDx=   0.000, dDy=   0.000, dDz=   0.000  (mm)
  Obj Stage rotY :   10.604 deg
============================================================

Unity geometry (world coordinates):
  Source   : x=  -2.000, y=  47.000, z=   0.000
  Object   : x=  -0.089, y=  39.893, z= 571.545
  Detector : x=   1.000, y=  47.000, z= 696.000
  Obj rotY :   0.0000 deg
view   0 | SOD= 571.644 mm | SDD= 696.006 mm | M= 1.218 | incident=0.2470°
[[ 103.65885    -562.1225       -7.106903  ]
 [ -21.467888    122.544075     -7.106903  ]
 [   0.1470453     0.02752887    0.        ]
 [   0.            0.            0.1496    ]]
Residual vector length: 135, Jacobian shape: (135, 6)
view   0 | SOD= 569.827 mm | SDD= 696.006 mm | M= 1.221 | incident=0.2470°
[[ 112.220665   -558.62366      -6.9901123 ]
 [ -24.20765     123.88081      -6.9901123 ]
 [   0.14657012    0.02995601    0.        ]
 [   0.            0.            0.1496    ]]

iter 02 cost=428.249194 -> 76.525783 |dtheta|=1.961823e+00  lambda=0.000e+00

============================================================
Iteration 3
============================================================
Theta offsets (Unity frame):
  Source   : dSx=   0.000, dSy=   0.000, dSz=   0.000  (mm)
  Object   : dOx= -13.982, dOy=   8.010, dOz= -22.141  (mm)
  Object offset: offset_x=  -0.107, offset_z=  -0.078  (mm)
  Detector : dDx=   0.000, dDy=   0.000, dDz=   0.000  (mm)
  Obj Stage rotY :   11.551 deg
============================================================

Unity geometry (world coordinates):
  Source   : x=  -2.000, y=  47.000, z=   0.000
  Object   : x=   0.018, y=  40.010, z= 569.859
  Detector : x=   1.000, y=  47.000, z= 696.000
  Obj rotY :   0.0000 deg
view   0 | SOD= 569.827 mm | SDD= 696.006 mm | M= 1.221 | incident=0.2470°
[[ 112.220665   -558.62366      -6.9901123 ]
 [ -24.20765     123.88081      -6.9901123 ]
 [   0.14657012    0.02995601    0.        ]
 [   0.            0.            0.1496    ]]
Residual vector length: 135, Jacobian shape: (135, 6)
view   0 | SOD= 570.246 mm | SDD= 696.006 mm | M= 1.221 | incident=0.2470°
[[ 116.4379     -558.188        -7.010006  ]
 [ -25.112286    123.27261      -7.010006  ]
 [   0.146341      0.03105593    0.        ]
 [   0.            0.            0.1496    ]]

iter 03 cost=76.525783 -> 13.854241 |dtheta|=5.592946e-01  lambda=0.000e+00

============================================================
Iteration 4
============================================================
Theta offsets (Unity frame):
  Source   : dSx=   0.000, dSy=   0.000, dSz=   0.000  (mm)
  Object   : dOx= -14.005, dOy=   7.990, dOz= -21.806  (mm)
  Object offset: offset_x=  -0.021, offset_z=   0.006  (mm)
  Detector : dDx=   0.000, dDy=   0.000, dDz=   0.000  (mm)
  Obj Stage rotY :   11.981 deg
============================================================

Unity geometry (world coordinates):
  Source   : x=  -2.000, y=  47.000, z=   0.000
  Object   : x=  -0.005, y=  39.990, z= 570.194
  Detector : x=   1.000, y=  47.000, z= 696.000
  Obj rotY :   0.0000 deg
view   0 | SOD= 570.246 mm | SDD= 696.006 mm | M= 1.221 | incident=0.2470°
[[ 116.4379     -558.188        -7.010006  ]
 [ -25.112286    123.27261      -7.010006  ]
 [   0.146341      0.03105593    0.        ]
 [   0.            0.            0.1496    ]]
Residual vector length: 135, Jacobian shape: (135, 6)
view   0 | SOD= 570.143 mm | SDD= 696.006 mm | M= 1.221 | incident=0.2470°
[[ 118.063225   -557.7416       -6.9999847 ]
 [ -25.50837     123.29603      -6.9999847 ]
 [   0.1462482     0.03149002    0.        ]
 [   0.            0.            0.1496    ]]

iter 04 cost=13.854241 -> 3.393899 |dtheta|=2.009459e-01  lambda=0.000e+00

============================================================
Iteration 5
============================================================
Theta offsets (Unity frame):
  Source   : dSx=   0.000, dSy=   0.000, dSz=   0.000  (mm)
  Object   : dOx= -13.998, dOy=   8.000, dOz= -21.913  (mm)
  Object offset: offset_x=  -0.018, offset_z=   0.010  (mm)
  Detector : dDx=   0.000, dDy=   0.000, dDz=   0.000  (mm)
  Obj Stage rotY :   12.151 deg
============================================================

Unity geometry (world coordinates):
  Source   : x=  -2.000, y=  47.000, z=   0.000
  Object   : x=   0.002, y=  40.000, z= 570.087
  Detector : x=   1.000, y=  47.000, z= 696.000
  Obj rotY :   0.0000 deg
view   0 | SOD= 570.143 mm | SDD= 696.006 mm | M= 1.221 | incident=0.2470°
[[ 118.063225   -557.7416       -6.9999847 ]
 [ -25.50837     123.29603      -6.9999847 ]
 [   0.1462482     0.03149002    0.        ]
 [   0.            0.            0.1496    ]]
Residual vector length: 135, Jacobian shape: (135, 6)
view   0 | SOD= 570.057 mm | SDD= 696.006 mm | M= 1.221 | incident=0.2470°
[[ 118.828606   -557.4901       -7.002266  ]
 [ -25.708235    123.34329      -7.002266  ]
 [   0.14620343    0.0316973     0.        ]
 [   0.            0.            0.1496    ]]

iter 05 cost=3.393899 -> 0.796878 |dtheta|=1.159107e-01  lambda=0.000e+00

============================================================
Iteration 6
============================================================
Theta offsets (Unity frame):
  Source   : dSx=   0.000, dSy=   0.000, dSz=   0.000  (mm)
  Object   : dOx= -14.001, dOy=   7.998, dOz= -21.995  (mm)
  Object offset: offset_x=  -0.009, offset_z=   0.005  (mm)
  Detector : dDx=   0.000, dDy=   0.000, dDz=   0.000  (mm)
  Obj Stage rotY :   12.233 deg
============================================================

Unity geometry (world coordinates):
  Source   : x=  -2.000, y=  47.000, z=   0.000
  Object   : x=  -0.001, y=  39.998, z= 570.005
  Detector : x=   1.000, y=  47.000, z= 696.000
  Obj rotY :   0.0000 deg
view   0 | SOD= 570.057 mm | SDD= 696.006 mm | M= 1.221 | incident=0.2470°
[[ 118.828606   -557.4901       -7.002266  ]
 [ -25.708235    123.34329      -7.002266  ]
 [   0.14620343    0.0316973     0.        ]
 [   0.            0.            0.1496    ]]
Residual vector length: 135, Jacobian shape: (135, 6)
view   0 | SOD= 570.062 mm | SDD= 696.006 mm | M= 1.221 | incident=0.2470°
[[ 119.25665    -557.40424      -7.0002785 ]
 [ -25.80431     123.31766      -7.0002785 ]
 [   0.14617898    0.03180985    0.        ]
 [   0.            0.            0.1496    ]]

iter 06 cost=0.796878 -> 0.331577 |dtheta|=4.511353e-02  lambda=0.000e+00

============================================================
Iteration 7
============================================================
Theta offsets (Unity frame):
  Source   : dSx=   0.000, dSy=   0.000, dSz=   0.000  (mm)
  Object   : dOx= -14.002, dOy=   8.000, dOz= -21.986  (mm)
  Object offset: offset_x=  -0.006, offset_z=   0.002  (mm)
  Detector : dDx=   0.000, dDy=   0.000, dDz=   0.000  (mm)
  Obj Stage rotY :   12.277 deg
============================================================

Unity geometry (world coordinates):
  Source   : x=  -2.000, y=  47.000, z=   0.000
  Object   : x=  -0.002, y=  40.000, z= 570.014
  Detector : x=   1.000, y=  47.000, z= 696.000
  Obj rotY :   0.0000 deg
view   0 | SOD= 570.062 mm | SDD= 696.006 mm | M= 1.221 | incident=0.2470°
[[ 119.25665    -557.40424      -7.0002785 ]
 [ -25.80431     123.31766      -7.0002785 ]
 [   0.14617898    0.03180985    0.        ]
 [   0.            0.            0.1496    ]]
Residual vector length: 135, Jacobian shape: (135, 6)
view   0 | SOD= 570.048 mm | SDD= 696.006 mm | M= 1.221 | incident=0.2470°
[[ 119.28613    -557.3841       -7.000824  ]
 [ -25.815697    123.32911      -7.000824  ]
 [   0.14617707    0.03181863    0.        ]
 [   0.            0.            0.1496    ]]

iter 07 cost=0.331577 -> 0.339776 |dtheta|=1.323453e-02  lambda=0.000e+00

============================================================
Iteration 8
============================================================
Theta offsets (Unity frame):
  Source   : dSx=   0.000, dSy=   0.000, dSz=   0.000  (mm)
  Object   : dOx= -14.002, dOy=   8.000, dOz= -21.986  (mm)
  Object offset: offset_x=  -0.006, offset_z=   0.002  (mm)
  Detector : dDx=   0.000, dDy=   0.000, dDz=   0.000  (mm)
  Obj Stage rotY :   12.277 deg
============================================================

Unity geometry (world coordinates):
  Source   : x=  -2.000, y=  47.000, z=   0.000
  Object   : x=  -0.002, y=  40.000, z= 570.014
  Detector : x=   1.000, y=  47.000, z= 696.000
  Obj rotY :   0.0000 deg
view   0 | SOD= 570.062 mm | SDD= 696.006 mm | M= 1.221 | incident=0.2470°
[[ 119.25665    -557.40424      -7.0002785 ]
 [ -25.80431     123.31766      -7.0002785 ]
 [   0.14617898    0.03180985    0.        ]
 [   0.            0.            0.1496    ]]
Residual vector length: 135, Jacobian shape: (135, 6)
view   0 | SOD= 570.048 mm | SDD= 696.006 mm | M= 1.221 | incident=0.2470°
[[ 119.28613    -557.3841       -7.000824  ]
 [ -25.815697    123.32911      -7.000824  ]
 [   0.14617707    0.03181863    0.        ]
 [   0.            0.            0.1496    ]]

iter 08 cost=0.331577 -> 0.339776 |dtheta|=1.323453e-02  lambda=0.000e+00

============================================================
Iteration 9
============================================================
Theta offsets (Unity frame):
  Source   : dSx=   0.000, dSy=   0.000, dSz=   0.000  (mm)
  Object   : dOx= -14.002, dOy=   8.000, dOz= -21.986  (mm)
  Object offset: offset_x=  -0.006, offset_z=   0.002  (mm)
  Detector : dDx=   0.000, dDy=   0.000, dDz=   0.000  (mm)
  Obj Stage rotY :   12.277 deg
============================================================

Unity geometry (world coordinates):
  Source   : x=  -2.000, y=  47.000, z=   0.000
  Object   : x=  -0.002, y=  40.000, z= 570.014
  Detector : x=   1.000, y=  47.000, z= 696.000
  Obj rotY :   0.0000 deg
view   0 | SOD= 570.062 mm | SDD= 696.006 mm | M= 1.221 | incident=0.2470°
[[ 119.25665    -557.40424      -7.0002785 ]
 [ -25.80431     123.31766      -7.0002785 ]
 [   0.14617898    0.03180985    0.        ]
 [   0.            0.            0.1496    ]]
Residual vector length: 135, Jacobian shape: (135, 6)
view   0 | SOD= 570.048 mm | SDD= 696.006 mm | M= 1.221 | incident=0.2470°
[[ 119.28613    -557.3841       -7.000824  ]
 [ -25.815697    123.32911      -7.000824  ]
 [   0.14617707    0.03181863    0.        ]
 [   0.            0.            0.1496    ]]

iter 09 cost=0.331577 -> 0.339776 |dtheta|=1.323453e-02  lambda=0.000e+00

============================================================
Iteration 10
============================================================
Theta offsets (Unity frame):
  Source   : dSx=   0.000, dSy=   0.000, dSz=   0.000  (mm)
  Object   : dOx= -14.002, dOy=   8.000, dOz= -21.986  (mm)
  Object offset: offset_x=  -0.006, offset_z=   0.002  (mm)
  Detector : dDx=   0.000, dDy=   0.000, dDz=   0.000  (mm)
  Obj Stage rotY :   12.277 deg
============================================================

Unity geometry (world coordinates):
  Source   : x=  -2.000, y=  47.000, z=   0.000
  Object   : x=  -0.002, y=  40.000, z= 570.014
  Detector : x=   1.000, y=  47.000, z= 696.000
  Obj rotY :   0.0000 deg
view   0 | SOD= 570.062 mm | SDD= 696.006 mm | M= 1.221 | incident=0.2470°
[[ 119.25665    -557.40424      -7.0002785 ]
 [ -25.80431     123.31766      -7.0002785 ]
 [   0.14617898    0.03180985    0.        ]
 [   0.            0.            0.1496    ]]
Residual vector length: 135, Jacobian shape: (135, 6)
view   0 | SOD= 570.048 mm | SDD= 696.006 mm | M= 1.221 | incident=0.2470°
[[ 119.28613    -557.3841       -7.000824  ]
 [ -25.815697    123.32911      -7.000824  ]
 [   0.14617707    0.03181863    0.        ]
 [   0.            0.            0.1496    ]]

iter 10 cost=0.331577 -> 0.339776 |dtheta|=1.323453e-02  lambda=0.000e+00

============================================================
Iteration 11
============================================================
Theta offsets (Unity frame):
  Source   : dSx=   0.000, dSy=   0.000, dSz=   0.000  (mm)
  Object   : dOx= -14.002, dOy=   8.000, dOz= -21.986  (mm)
  Object offset: offset_x=  -0.006, offset_z=   0.002  (mm)
  Detector : dDx=   0.000, dDy=   0.000, dDz=   0.000  (mm)
  Obj Stage rotY :   12.277 deg
============================================================

Unity geometry (world coordinates):
  Source   : x=  -2.000, y=  47.000, z=   0.000
  Object   : x=  -0.002, y=  40.000, z= 570.014
  Detector : x=   1.000, y=  47.000, z= 696.000
  Obj rotY :   0.0000 deg
view   0 | SOD= 570.062 mm | SDD= 696.006 mm | M= 1.221 | incident=0.2470°
[[ 119.25665    -557.40424      -7.0002785 ]
 [ -25.80431     123.31766      -7.0002785 ]
 [   0.14617898    0.03180985    0.        ]
 [   0.            0.            0.1496    ]]
Residual vector length: 135, Jacobian shape: (135, 6)
view   0 | SOD= 570.048 mm | SDD= 696.006 mm | M= 1.221 | incident=0.2470°
[[ 119.28613    -557.3841       -7.000824  ]
 [ -25.815697    123.32911      -7.000824  ]
 [   0.14617707    0.03181863    0.        ]
 [   0.            0.            0.1496    ]]

iter 11 cost=0.331577 -> 0.339776 |dtheta|=1.323453e-02  lambda=0.000e+00

============================================================
Iteration 12
============================================================
Theta offsets (Unity frame):
  Source   : dSx=   0.000, dSy=   0.000, dSz=   0.000  (mm)
  Object   : dOx= -14.002, dOy=   8.000, dOz= -21.986  (mm)
  Object offset: offset_x=  -0.006, offset_z=   0.002  (mm)
  Detector : dDx=   0.000, dDy=   0.000, dDz=   0.000  (mm)
  Obj Stage rotY :   12.277 deg
============================================================

Unity geometry (world coordinates):
  Source   : x=  -2.000, y=  47.000, z=   0.000
  Object   : x=  -0.002, y=  40.000, z= 570.014
  Detector : x=   1.000, y=  47.000, z= 696.000
  Obj rotY :   0.0000 deg
view   0 | SOD= 570.062 mm | SDD= 696.006 mm | M= 1.221 | incident=0.2470°
[[ 119.25665    -557.40424      -7.0002785 ]
 [ -25.80431     123.31766      -7.0002785 ]
 [   0.14617898    0.03180985    0.        ]
 [   0.            0.            0.1496    ]]
Residual vector length: 135, Jacobian shape: (135, 6)
view   0 | SOD= 570.048 mm | SDD= 696.006 mm | M= 1.221 | incident=0.2470°
[[ 119.28613    -557.3841       -7.000824  ]
 [ -25.815697    123.32911      -7.000824  ]
 [   0.14617707    0.03181863    0.        ]
 [   0.            0.            0.1496    ]]

iter 12 cost=0.331577 -> 0.339776 |dtheta|=1.323453e-02  lambda=0.000e+00

============================================================
Iteration 13
============================================================
Theta offsets (Unity frame):
  Source   : dSx=   0.000, dSy=   0.000, dSz=   0.000  (mm)
  Object   : dOx= -14.002, dOy=   8.000, dOz= -21.986  (mm)
  Object offset: offset_x=  -0.006, offset_z=   0.002  (mm)
  Detector : dDx=   0.000, dDy=   0.000, dDz=   0.000  (mm)
  Obj Stage rotY :   12.277 deg
============================================================

Unity geometry (world coordinates):
  Source   : x=  -2.000, y=  47.000, z=   0.000
  Object   : x=  -0.002, y=  40.000, z= 570.014
  Detector : x=   1.000, y=  47.000, z= 696.000
  Obj rotY :   0.0000 deg
view   0 | SOD= 570.062 mm | SDD= 696.006 mm | M= 1.221 | incident=0.2470°
[[ 119.25665    -557.40424      -7.0002785 ]
 [ -25.80431     123.31766      -7.0002785 ]
 [   0.14617898    0.03180985    0.        ]
 [   0.            0.            0.1496    ]]
Residual vector length: 135, Jacobian shape: (135, 6)
view   0 | SOD= 570.048 mm | SDD= 696.006 mm | M= 1.221 | incident=0.2470°
[[ 119.28613    -557.3841       -7.000824  ]
 [ -25.815697    123.32911      -7.000824  ]
 [   0.14617707    0.03181863    0.        ]
 [   0.            0.            0.1496    ]]

iter 13 cost=0.331577 -> 0.339776 |dtheta|=1.323453e-02  lambda=0.000e+00
Stalled.

Estimated theta:
  dSx: +0.000000
  dSy: +0.000000
  dOx: -14.001537
  dOy: +7.999723
  dOz: -21.986371
  dDx: +0.000000
  dDy: +0.000000
  dDz: +0.000000
alpha: +1.227668e+01 deg)
offset_x: -0.005607
offset_z: +0.001870

Final cost table:
Fake theta: [  0.    0.  -14.    8.  -22.    0.    0.    0.   12.3   0.    0. ]
Final estimated theta: [  0.           0.         -14.00153728   7.99972294 -21.98637144
   0.           0.           0.          12.2766798   -0.00560706
   0.00186983]
Diff from Expected: [ 0.          0.         -0.00153728 -0.00027706  0.01362856  0.
  0.          0.         -0.02332039 -0.00560706  0.00186983]
################################################################################

