Phantom already exists, skipping: cuboid_phantom_3_normal.npy

################################################################################
Running cuboid=normal scenario=G0 N_ANGLES=24, K=3
view   0 | SOD= 570.548 mm | SDD= 675.501 mm | M= 1.184 | incident=3.8197°
[[  98.97946    -561.3404      -25.        ]
 [ -18.05941     102.420006     20.        ]
 [   0.14732724    0.02597777    0.        ]
 [   0.            0.            0.1496    ]]
           image          x1         y1  area1          x2          y2  area2          x3          y3  area3
0   proj_000.png  509.668464  62.415094    742  447.264840  270.255708    657  509.696477  502.943089    738
1   proj_001.png  470.686828  62.404570    744  483.954683  270.074018    662  470.707483  503.243537    735
2   proj_002.png  432.155102  62.376871    735  520.129969  270.391437    654  432.120924  502.623641    736
3   proj_003.png  397.006784  62.454545    737  553.812121  271.059091    660  396.989160  501.205962    738
4   proj_004.png  367.829904  62.508916    729  582.540179  272.098214    672  367.802183  498.813097    733
5   proj_005.png  346.518776  62.645341    719  604.702663  273.369822    676  346.520950  495.808659    716
6   proj_006.png  334.606277  62.784593    701  618.420205  274.950220    683  334.695035  492.547518    705
7   proj_007.png  332.620839  62.958032    691  622.789700  276.576538    699  332.571843  489.036284    689
8   proj_008.png  340.377976  63.072917    672  617.373752  278.261056    701  340.340774  485.805060    672
9   proj_009.png  357.213090  63.115677    657  602.030086  279.780802    698  357.208841  482.763720    656
10  proj_010.png  381.942724  63.264706    646  577.686798  281.223315    712  381.882716  480.160494    648
11  proj_011.png  412.586687  63.365325    646  546.171703  282.157967    728  412.592934  478.259601    651
12  proj_012.png  447.309231  63.392308    650  509.708895  282.761456    742  447.264036  477.141123    659
13  proj_013.png  483.906298  63.373272    651  470.672897  282.910547    749  483.995455  476.900000    660
14  proj_014.png  520.119266  63.314985    654  432.169147  282.552097    739  520.082695  477.434916    653
15  proj_015.png  553.792424  63.253030    660  397.000000  281.798639    735  553.816265  478.915663    664
16  proj_016.png  582.584203  63.219076    671  367.761317  280.641975    729  582.563798  480.949555    674
17  proj_017.png  604.714497  63.147929    676  346.500000  279.345404    718  604.729290  483.778107    676
18  proj_018.png  618.432551  63.000000    682  334.624113  277.683688    705  618.391813  486.937135    684
19  proj_019.png  622.765130  62.877522    694  332.596237  276.004342    691  622.799427  490.295129    698
20  proj_020.png  617.350501  62.713877    699  340.334328  274.349254    670  617.325250  493.773181    701
21  proj_021.png  602.000000  62.541429    700  357.204856  272.927162    659  602.039716  496.964539    705
22  proj_022.png  577.748942  62.516220    709  381.945988  271.665123    648  577.695652  499.691445    713
23  proj_023.png  546.262794  62.413555    723  412.651772  270.864407    649  546.289474  501.646814    722

============================================================
Iteration 0
============================================================
Theta offsets (Unity frame):
  Source   : dSx=   0.000, dSy=   0.000, dSz=   0.000  (mm)
  Object   : dOx=   0.000, dOy=   0.000, dOz=   0.000  (mm)
  Object offset: offset_x=   0.000, offset_z=   0.000  (mm)
  Detector : dDx=   0.000, dDy=   0.000, dDz=   0.000  (mm)
  Obj Stage rotY :    0.000 deg
============================================================

Unity geometry (world coordinates):
  Source   : x=   0.000, y=  45.000, z=   0.000
  Object   : x=  10.000, y=  15.000, z= 589.000
  Detector : x=   0.000, y=   0.000, z= 674.000
  Obj rotY :   0.0000 deg
view   0 | SOD= 589.848 mm | SDD= 675.501 mm | M= 1.145 | incident=3.8197°
[[ -10.     -589.      -30.    ]
 [ -10.       85.       15.    ]
 [   0.1496    0.        0.    ]
 [   0.        0.        0.1496]]
Residual vector length: 216, Jacobian shape: (216, 6)
view   0 | SOD= 578.438 mm | SDD= 675.501 mm | M= 1.168 | incident=3.8197°
[[  49.38001    -575.773       -25.258755  ]
 [  -7.3076       95.83885      19.741245  ]
 [   0.14906994    0.01258229    0.        ]
 [   0.            0.            0.1496    ]]

iter 00 cost=276203.561955 -> 6001.542053 |dtheta|=1.659575e+01  lambda=0.000e+00

============================================================
Iteration 1
============================================================
Theta offsets (Unity frame):
  Source   : dSx=   0.000, dSy=   0.000, dSz=   0.000  (mm)
  Object   : dOx= -10.194, dOy=   4.741, dOz= -11.198  (mm)
  Object offset: offset_x=  -0.585, offset_z=   0.084  (mm)
  Detector : dDx=   0.000, dDy=   0.000, dDz=   0.000  (mm)
  Obj Stage rotY :    4.825 deg
============================================================

Unity geometry (world coordinates):
  Source   : x=   0.000, y=  45.000, z=   0.000
  Object   : x=  -0.194, y=  19.741, z= 577.802
  Detector : x=   0.000, y=   0.000, z= 674.000
  Obj rotY :   0.0000 deg
view   0 | SOD= 578.438 mm | SDD= 675.501 mm | M= 1.168 | incident=3.8197°
[[  49.38001    -575.773       -25.258755  ]
 [  -7.3076       95.83885      19.741245  ]
 [   0.14906994    0.01258229    0.        ]
 [   0.            0.            0.1496    ]]
Residual vector length: 216, Jacobian shape: (216, 6)
view   0 | SOD= 572.531 mm | SDD= 675.501 mm | M= 1.180 | incident=3.8197°
[[  77.9498     -566.64374     -25.097733  ]
 [ -13.6187      101.107124     19.902267  ]
 [   0.14821295    0.0203244     0.        ]
 [   0.            0.            0.1496    ]]

iter 01 cost=6001.542053 -> 950.165979 |dtheta|=6.680015e+00  lambda=0.000e+00

============================================================
Iteration 2
============================================================
Theta offsets (Unity frame):
  Source   : dSx=   0.000, dSy=   0.000, dSz=   0.000  (mm)
  Object   : dOx= -10.061, dOy=   4.902, dOz= -17.158  (mm)
  Object offset: offset_x=  -0.183, offset_z=   0.138  (mm)
  Detector : dDx=   0.000, dDy=   0.000, dDz=   0.000  (mm)
  Obj Stage rotY :    7.808 deg
============================================================

Unity geometry (world coordinates):
  Source   : x=   0.000, y=  45.000, z=   0.000
  Object   : x=  -0.061, y=  19.902, z= 571.842
  Detector : x=   0.000, y=   0.000, z= 674.000
  Obj rotY :   0.0000 deg
view   0 | SOD= 572.531 mm | SDD= 675.501 mm | M= 1.180 | incident=3.8197°
[[  77.9498     -566.64374     -25.097733  ]
 [ -13.6187      101.107124     19.902267  ]
 [   0.14821295    0.0203244     0.        ]
 [   0.            0.            0.1496    ]]
Residual vector length: 216, Jacobian shape: (216, 6)
view   0 | SOD= 571.057 mm | SDD= 675.501 mm | M= 1.183 | incident=3.8197°
[[  89.273186   -563.4806      -25.015598  ]
 [ -16.098574    102.23165      19.984402  ]
 [   0.14776047    0.02338815    0.        ]
 [   0.            0.            0.1496    ]]

iter 02 cost=950.165979 -> 193.919658 |dtheta|=1.829384e+00  lambda=0.000e+00

============================================================
Iteration 3
============================================================
Theta offsets (Unity frame):
  Source   : dSx=   0.000, dSy=   0.000, dSz=   0.000  (mm)
  Object   : dOx=  -9.999, dOy=   4.984, dOz= -18.540  (mm)
  Object offset: offset_x=  -0.083, offset_z=   0.049  (mm)
  Detector : dDx=   0.000, dDy=   0.000, dDz=   0.000  (mm)
  Obj Stage rotY :    8.994 deg
============================================================

Unity geometry (world coordinates):
  Source   : x=   0.000, y=  45.000, z=   0.000
  Object   : x=   0.001, y=  19.984, z= 570.460
  Detector : x=   0.000, y=   0.000, z= 674.000
  Obj rotY :   0.0000 deg
view   0 | SOD= 571.057 mm | SDD= 675.501 mm | M= 1.183 | incident=3.8197°
[[  89.273186   -563.4806      -25.015598  ]
 [ -16.098574    102.23165      19.984402  ]
 [   0.14776047    0.02338815    0.        ]
 [   0.            0.            0.1496    ]]
Residual vector length: 216, Jacobian shape: (216, 6)
view   0 | SOD= 570.683 mm | SDD= 675.501 mm | M= 1.184 | incident=3.8197°
[[  93.616264   -562.39624     -25.013084  ]
 [ -17.008862    102.46323      19.986916  ]
 [   0.14757118    0.02455418    0.        ]
 [   0.            0.            0.1496    ]]

iter 03 cost=193.919658 -> 58.533102 |dtheta|=5.588972e-01  lambda=0.000e+00

============================================================
Iteration 4
============================================================
Theta offsets (Unity frame):
  Source   : dSx=   0.000, dSy=   0.000, dSz=   0.000  (mm)
  Object   : dOx= -10.001, dOy=   4.987, dOz= -18.861  (mm)
  Object offset: offset_x=  -0.038, offset_z=  -0.005  (mm)
  Detector : dDx=   0.000, dDy=   0.000, dDz=   0.000  (mm)
  Obj Stage rotY :    9.447 deg
============================================================

Unity geometry (world coordinates):
  Source   : x=   0.000, y=  45.000, z=   0.000
  Object   : x=  -0.001, y=  19.987, z= 570.139
  Detector : x=   0.000, y=   0.000, z= 674.000
  Obj rotY :   0.0000 deg
view   0 | SOD= 570.683 mm | SDD= 675.501 mm | M= 1.184 | incident=3.8197°
[[  93.616264   -562.39624     -25.013084  ]
 [ -17.008862    102.46323      19.986916  ]
 [   0.14757118    0.02455418    0.        ]
 [   0.            0.            0.1496    ]]
Residual vector length: 216, Jacobian shape: (216, 6)
view   0 | SOD= 570.524 mm | SDD= 675.501 mm | M= 1.184 | incident=3.8197°
[[  96.62689    -561.72595     -25.002104  ]
 [ -17.612593    102.522        19.997896  ]
 [   0.14743546    0.02535642    0.        ]
 [   0.            0.            0.1496    ]]

iter 04 cost=58.533102 -> 12.303173 |dtheta|=3.496741e-01  lambda=0.000e+00

============================================================
Iteration 5
============================================================
Theta offsets (Unity frame):
  Source   : dSx=   0.000, dSy=   0.000, dSz=   0.000  (mm)
  Object   : dOx= -10.002, dOy=   4.998, dOz= -19.018  (mm)
  Object offset: offset_x=  -0.017, offset_z=  -0.006  (mm)
  Detector : dDx=   0.000, dDy=   0.000, dDz=   0.000  (mm)
  Obj Stage rotY :    9.758 deg
============================================================

Unity geometry (world coordinates):
  Source   : x=   0.000, y=  45.000, z=   0.000
  Object   : x=  -0.002, y=  19.998, z= 569.982
  Detector : x=   0.000, y=   0.000, z= 674.000
  Obj rotY :   0.0000 deg
view   0 | SOD= 570.524 mm | SDD= 675.501 mm | M= 1.184 | incident=3.8197°
[[  96.62689    -561.72595     -25.002104  ]
 [ -17.612593    102.522        19.997896  ]
 [   0.14743546    0.02535642    0.        ]
 [   0.            0.            0.1496    ]]
Residual vector length: 216, Jacobian shape: (216, 6)
view   0 | SOD= 570.638 mm | SDD= 675.501 mm | M= 1.184 | incident=3.8197°
[[  98.11281    -561.58356     -25.000017  ]
 [ -17.87017     102.36218      19.999983  ]
 [   0.14736837    0.0257434     0.        ]
 [   0.            0.            0.1496    ]]

iter 05 cost=12.303173 -> 2.360998 |dtheta|=1.848773e-01  lambda=0.000e+00

============================================================
Iteration 6
============================================================
Theta offsets (Unity frame):
  Source   : dSx=   0.000, dSy=   0.000, dSz=   0.000  (mm)
  Object   : dOx= -10.001, dOy=   5.000, dOz= -18.911  (mm)
  Object offset: offset_x=  -0.010, offset_z=   0.000  (mm)
  Detector : dDx=   0.000, dDy=   0.000, dDz=   0.000  (mm)
  Obj Stage rotY :    9.909 deg
============================================================

Unity geometry (world coordinates):
  Source   : x=   0.000, y=  45.000, z=   0.000
  Object   : x=  -0.001, y=  20.000, z= 570.089
  Detector : x=   0.000, y=   0.000, z= 674.000
  Obj rotY :   0.0000 deg
view   0 | SOD= 570.638 mm | SDD= 675.501 mm | M= 1.184 | incident=3.8197°
[[  98.11281    -561.58356     -25.000017  ]
 [ -17.87017     102.36218      19.999983  ]
 [   0.14736837    0.0257434     0.        ]
 [   0.            0.            0.1496    ]]
Residual vector length: 216, Jacobian shape: (216, 6)
view   0 | SOD= 570.603 mm | SDD= 675.501 mm | M= 1.184 | incident=3.8197°
[[  98.70889    -561.44366     -25.0026    ]
 [ -17.996122    102.37556      19.9974    ]
 [   0.14734028    0.02590366    0.        ]
 [   0.            0.            0.1496    ]]

iter 06 cost=2.360998 -> 0.868887 |dtheta|=7.288483e-02  lambda=0.000e+00

============================================================
Iteration 7
============================================================
Theta offsets (Unity frame):
  Source   : dSx=   0.000, dSy=   0.000, dSz=   0.000  (mm)
  Object   : dOx= -10.000, dOy=   4.997, dOz= -18.947  (mm)
  Object offset: offset_x=  -0.002, offset_z=   0.002  (mm)
  Detector : dDx=   0.000, dDy=   0.000, dDz=   0.000  (mm)
  Obj Stage rotY :    9.971 deg
============================================================

Unity geometry (world coordinates):
  Source   : x=   0.000, y=  45.000, z=   0.000
  Object   : x=   0.000, y=  19.997, z= 570.053
  Detector : x=   0.000, y=   0.000, z= 674.000
  Obj rotY :   0.0000 deg
view   0 | SOD= 570.603 mm | SDD= 675.501 mm | M= 1.184 | incident=3.8197°
[[  98.70889    -561.44366     -25.0026    ]
 [ -17.996122    102.37556      19.9974    ]
 [   0.14734028    0.02590366    0.        ]
 [   0.            0.            0.1496    ]]
Residual vector length: 216, Jacobian shape: (216, 6)
view   0 | SOD= 570.568 mm | SDD= 675.501 mm | M= 1.184 | incident=3.8197°
[[  98.88458    -561.3777      -25.000414  ]
 [ -18.03778     102.403244     19.999586  ]
 [   0.14733179    0.02595191    0.        ]
 [   0.            0.            0.1496    ]]

iter 07 cost=0.868887 -> 0.577078 |dtheta|=3.529642e-02  lambda=0.000e+00

============================================================
Iteration 8
============================================================
Theta offsets (Unity frame):
  Source   : dSx=   0.000, dSy=   0.000, dSz=   0.000  (mm)
  Object   : dOx= -10.001, dOy=   5.000, dOz= -18.977  (mm)
  Object offset: offset_x=   0.000, offset_z=  -0.003  (mm)
  Detector : dDx=   0.000, dDy=   0.000, dDz=   0.000  (mm)
  Obj Stage rotY :    9.990 deg
============================================================

Unity geometry (world coordinates):
  Source   : x=   0.000, y=  45.000, z=   0.000
  Object   : x=  -0.001, y=  20.000, z= 570.023
  Detector : x=   0.000, y=   0.000, z= 674.000
  Obj rotY :   0.0000 deg
view   0 | SOD= 570.568 mm | SDD= 675.501 mm | M= 1.184 | incident=3.8197°
[[  98.88458    -561.3777      -25.000414  ]
 [ -18.03778     102.403244     19.999586  ]
 [   0.14733179    0.02595191    0.        ]
 [   0.            0.            0.1496    ]]
Residual vector length: 216, Jacobian shape: (216, 6)
view   0 | SOD= 570.579 mm | SDD= 675.501 mm | M= 1.184 | incident=3.8197°
[[  98.974815   -561.37244     -25.002518  ]
 [ -18.053026    102.38996      19.997482  ]
 [   0.14732768    0.02597532    0.        ]
 [   0.            0.            0.1496    ]]

iter 08 cost=0.577078 -> 0.652384 |dtheta|=1.426983e-02  lambda=0.000e+00

============================================================
Iteration 9
============================================================
Theta offsets (Unity frame):
  Source   : dSx=   0.000, dSy=   0.000, dSz=   0.000  (mm)
  Object   : dOx= -10.001, dOy=   5.000, dOz= -18.977  (mm)
  Object offset: offset_x=   0.000, offset_z=  -0.003  (mm)
  Detector : dDx=   0.000, dDy=   0.000, dDz=   0.000  (mm)
  Obj Stage rotY :    9.990 deg
============================================================

Unity geometry (world coordinates):
  Source   : x=   0.000, y=  45.000, z=   0.000
  Object   : x=  -0.001, y=  20.000, z= 570.023
  Detector : x=   0.000, y=   0.000, z= 674.000
  Obj rotY :   0.0000 deg
view   0 | SOD= 570.568 mm | SDD= 675.501 mm | M= 1.184 | incident=3.8197°
[[  98.88458    -561.3777      -25.000414  ]
 [ -18.03778     102.403244     19.999586  ]
 [   0.14733179    0.02595191    0.        ]
 [   0.            0.            0.1496    ]]
Residual vector length: 216, Jacobian shape: (216, 6)
view   0 | SOD= 570.579 mm | SDD= 675.501 mm | M= 1.184 | incident=3.8197°
[[  98.974815   -561.37244     -25.002518  ]
 [ -18.053026    102.38996      19.997482  ]
 [   0.14732768    0.02597532    0.        ]
 [   0.            0.            0.1496    ]]

iter 09 cost=0.577078 -> 0.652384 |dtheta|=1.426983e-02  lambda=0.000e+00

============================================================
Iteration 10
============================================================
Theta offsets (Unity frame):
  Source   : dSx=   0.000, dSy=   0.000, dSz=   0.000  (mm)
  Object   : dOx= -10.001, dOy=   5.000, dOz= -18.977  (mm)
  Object offset: offset_x=   0.000, offset_z=  -0.003  (mm)
  Detector : dDx=   0.000, dDy=   0.000, dDz=   0.000  (mm)
  Obj Stage rotY :    9.990 deg
============================================================

Unity geometry (world coordinates):
  Source   : x=   0.000, y=  45.000, z=   0.000
  Object   : x=  -0.001, y=  20.000, z= 570.023
  Detector : x=   0.000, y=   0.000, z= 674.000
  Obj rotY :   0.0000 deg
view   0 | SOD= 570.568 mm | SDD= 675.501 mm | M= 1.184 | incident=3.8197°
[[  98.88458    -561.3777      -25.000414  ]
 [ -18.03778     102.403244     19.999586  ]
 [   0.14733179    0.02595191    0.        ]
 [   0.            0.            0.1496    ]]
Residual vector length: 216, Jacobian shape: (216, 6)
view   0 | SOD= 570.579 mm | SDD= 675.501 mm | M= 1.184 | incident=3.8197°
[[  98.974815   -561.37244     -25.002518  ]
 [ -18.053026    102.38996      19.997482  ]
 [   0.14732768    0.02597532    0.        ]
 [   0.            0.            0.1496    ]]

iter 10 cost=0.577078 -> 0.652384 |dtheta|=1.426983e-02  lambda=0.000e+00

============================================================
Iteration 11
============================================================
Theta offsets (Unity frame):
  Source   : dSx=   0.000, dSy=   0.000, dSz=   0.000  (mm)
  Object   : dOx= -10.001, dOy=   5.000, dOz= -18.977  (mm)
  Object offset: offset_x=   0.000, offset_z=  -0.003  (mm)
  Detector : dDx=   0.000, dDy=   0.000, dDz=   0.000  (mm)
  Obj Stage rotY :    9.990 deg
============================================================

Unity geometry (world coordinates):
  Source   : x=   0.000, y=  45.000, z=   0.000
  Object   : x=  -0.001, y=  20.000, z= 570.023
  Detector : x=   0.000, y=   0.000, z= 674.000
  Obj rotY :   0.0000 deg
view   0 | SOD= 570.568 mm | SDD= 675.501 mm | M= 1.184 | incident=3.8197°
[[  98.88458    -561.3777      -25.000414  ]
 [ -18.03778     102.403244     19.999586  ]
 [   0.14733179    0.02595191    0.        ]
 [   0.            0.            0.1496    ]]
Residual vector length: 216, Jacobian shape: (216, 6)
view   0 | SOD= 570.579 mm | SDD= 675.501 mm | M= 1.184 | incident=3.8197°
[[  98.974815   -561.37244     -25.002518  ]
 [ -18.053026    102.38996      19.997482  ]
 [   0.14732768    0.02597532    0.        ]
 [   0.            0.            0.1496    ]]

iter 11 cost=0.577078 -> 0.652384 |dtheta|=1.426983e-02  lambda=0.000e+00

============================================================
Iteration 12
============================================================
Theta offsets (Unity frame):
  Source   : dSx=   0.000, dSy=   0.000, dSz=   0.000  (mm)
  Object   : dOx= -10.001, dOy=   5.000, dOz= -18.977  (mm)
  Object offset: offset_x=   0.000, offset_z=  -0.003  (mm)
  Detector : dDx=   0.000, dDy=   0.000, dDz=   0.000  (mm)
  Obj Stage rotY :    9.990 deg
============================================================

Unity geometry (world coordinates):
  Source   : x=   0.000, y=  45.000, z=   0.000
  Object   : x=  -0.001, y=  20.000, z= 570.023
  Detector : x=   0.000, y=   0.000, z= 674.000
  Obj rotY :   0.0000 deg
view   0 | SOD= 570.568 mm | SDD= 675.501 mm | M= 1.184 | incident=3.8197°
[[  98.88458    -561.3777      -25.000414  ]
 [ -18.03778     102.403244     19.999586  ]
 [   0.14733179    0.02595191    0.        ]
 [   0.            0.            0.1496    ]]
Residual vector length: 216, Jacobian shape: (216, 6)
view   0 | SOD= 570.579 mm | SDD= 675.501 mm | M= 1.184 | incident=3.8197°
[[  98.974815   -561.37244     -25.002518  ]
 [ -18.053026    102.38996      19.997482  ]
 [   0.14732768    0.02597532    0.        ]
 [   0.            0.            0.1496    ]]

iter 12 cost=0.577078 -> 0.652384 |dtheta|=1.426983e-02  lambda=0.000e+00

============================================================
Iteration 13
============================================================
Theta offsets (Unity frame):
  Source   : dSx=   0.000, dSy=   0.000, dSz=   0.000  (mm)
  Object   : dOx= -10.001, dOy=   5.000, dOz= -18.977  (mm)
  Object offset: offset_x=   0.000, offset_z=  -0.003  (mm)
  Detector : dDx=   0.000, dDy=   0.000, dDz=   0.000  (mm)
  Obj Stage rotY :    9.990 deg
============================================================

Unity geometry (world coordinates):
  Source   : x=   0.000, y=  45.000, z=   0.000
  Object   : x=  -0.001, y=  20.000, z= 570.023
  Detector : x=   0.000, y=   0.000, z= 674.000
  Obj rotY :   0.0000 deg
view   0 | SOD= 570.568 mm | SDD= 675.501 mm | M= 1.184 | incident=3.8197°
[[  98.88458    -561.3777      -25.000414  ]
 [ -18.03778     102.403244     19.999586  ]
 [   0.14733179    0.02595191    0.        ]
 [   0.            0.            0.1496    ]]
Residual vector length: 216, Jacobian shape: (216, 6)
view   0 | SOD= 570.579 mm | SDD= 675.501 mm | M= 1.184 | incident=3.8197°
[[  98.974815   -561.37244     -25.002518  ]
 [ -18.053026    102.38996      19.997482  ]
 [   0.14732768    0.02597532    0.        ]
 [   0.            0.            0.1496    ]]

iter 13 cost=0.577078 -> 0.652384 |dtheta|=1.426983e-02  lambda=0.000e+00

============================================================
Iteration 14
============================================================
Theta offsets (Unity frame):
  Source   : dSx=   0.000, dSy=   0.000, dSz=   0.000  (mm)
  Object   : dOx= -10.001, dOy=   5.000, dOz= -18.977  (mm)
  Object offset: offset_x=   0.000, offset_z=  -0.003  (mm)
  Detector : dDx=   0.000, dDy=   0.000, dDz=   0.000  (mm)
  Obj Stage rotY :    9.990 deg
============================================================

Unity geometry (world coordinates):
  Source   : x=   0.000, y=  45.000, z=   0.000
  Object   : x=  -0.001, y=  20.000, z= 570.023
  Detector : x=   0.000, y=   0.000, z= 674.000
  Obj rotY :   0.0000 deg
view   0 | SOD= 570.568 mm | SDD= 675.501 mm | M= 1.184 | incident=3.8197°
[[  98.88458    -561.3777      -25.000414  ]
 [ -18.03778     102.403244     19.999586  ]
 [   0.14733179    0.02595191    0.        ]
 [   0.            0.            0.1496    ]]
Residual vector length: 216, Jacobian shape: (216, 6)
view   0 | SOD= 570.579 mm | SDD= 675.501 mm | M= 1.184 | incident=3.8197°
[[  98.974815   -561.37244     -25.002518  ]
 [ -18.053026    102.38996      19.997482  ]
 [   0.14732768    0.02597532    0.        ]
 [   0.            0.            0.1496    ]]

iter 14 cost=0.577078 -> 0.652384 |dtheta|=1.426983e-02  lambda=0.000e+00
Stalled.

Estimated theta:
  dSx: +0.000000
  dSy: +0.000000
  dOx: -10.000626
  dOy: +4.999586
  dOz: -18.976588
  dDx: +0.000000
  dDy: +0.000000
  dDz: +0.000000
alpha: +9.989944e+00 deg)
offset_x: +0.000487
offset_z: -0.003204

Final cost table:
Fake theta: [  0.   0. -10.   5. -19.   0.   0.   0.  10.   0.   0.]
Final estimated theta: [  0.           0.         -10.00062583   4.99958594 -18.97658791
   0.           0.           0.           9.98994353   0.00048673
  -0.00320377]
Diff from Expected: [ 0.          0.         -0.00062583 -0.00041406  0.02341209  0.
  0.          0.         -0.01005647  0.00048673 -0.00320377]
################################################################################

