Phantom already exists, skipping: cuboid_phantom_3_normal.npy

################################################################################
Running cuboid=normal scenario=G1 N_ANGLES=36, K=3
view   0 | SOD= 570.551 mm | SDD= 705.315 mm | M= 1.236 | incident=3.4990°
[[  81.309204  -564.17444    -25.       ]
 [ -18.649195   132.69592     18.       ]
 [   0.1481441    0.0208203    0.       ]
 [   0.           0.           0.1496   ]]
           image          x1         y1  area1          x2          y2  area2          x3          y3  area3
0   proj_000.png  512.759305  75.099256    806  438.338008  292.280505    713  512.735589  535.090226    798
1   proj_001.png  485.758025  75.000000    810  463.618715  292.086592    716  485.713930  535.460199    804
2   proj_002.png  458.500000  75.000000    808  489.296765  292.088608    711  458.500000  535.500000    806
3   proj_003.png  431.681988  75.052174    805  514.500000  292.277311    714  431.642145  535.024938    802
4   proj_004.png  406.308365  75.108614    801  538.580195  292.651325    717  406.279302  534.224439    802
5   proj_005.png  383.155194  75.065081    799  560.883978  293.252762    724  383.137500  532.895000    800
6   proj_006.png  363.000000  75.168766    794  580.845839  293.930423    733  362.955000  531.270000    800
7   proj_007.png  346.456274  75.313054    789  597.736698  294.717599    733  346.422250  529.329962    791
8   proj_008.png  334.019405  75.301423    773  611.000000  295.767253    739  334.012887  527.141753    776
9   proj_009.png  326.039012  75.401821    769  620.307898  296.866131    747  326.075325  524.859740    770
10  proj_010.png  322.776596  75.500000    752  625.240053  297.935013    754  322.763228  522.349206    756
11  proj_011.png  323.854278  75.568182    748  625.802111  299.114776    758  323.909695  520.042497    753
12  proj_012.png  329.609823  75.660300    733  621.635046  300.183136    759  329.624829  517.656207    733
13  proj_013.png  339.582524  75.751734    721  612.925684  301.306389    767  339.580468  515.480055    727
14  proj_014.png  353.575071  75.866856    706  599.824147  302.425197    762  353.603641  513.462185    714
15  proj_015.png  371.042553  75.906383    705  582.603604  303.310167    777  371.093484  511.657224    706
16  proj_016.png  391.450785  75.980029    701  561.823907  304.141388    778  391.379066  510.284300    707
17  proj_017.png  413.957924  76.042076    713  538.381071  304.687422    803  413.970711  509.104603    717
18  proj_018.png  438.396624  76.129395    711  512.769231  305.189826    806  438.315202  508.384937    717
19  proj_019.png  463.600840  76.141457    714  485.702206  305.310049    816  463.625348  507.991643    718
20  proj_020.png  489.287324  76.083099    710  458.519065  305.393604    813  489.267882  508.053296    713
21  proj_021.png  514.469014  76.108451    710  431.628395  305.135802    810  514.472145  508.437326    718
22  proj_022.png  538.520280  76.047552    715  406.345342  304.628571    805  538.557263  509.286313    716
23  proj_023.png  560.930652  75.972261    721  383.134253  304.020075    797  560.858921  510.438451    723
24  proj_024.png  580.847945  75.916438    730  362.988651  303.244641    793  580.836066  511.893443    732
25  proj_025.png  597.760218  75.848774    734  346.472152  302.325316    790  597.724559  513.656716    737
26  proj_026.png  611.005420  75.787263    738  334.012870  301.223938    777  611.018868  515.746631    742
27  proj_027.png  620.336474  75.705249    743  326.050781  300.161458    768  620.330667  517.965333    750
28  proj_028.png  625.224599  75.598930    748  322.747036  299.011858    759  625.260292  520.296149    753
29  proj_029.png  625.816976  75.500000    754  323.866489  297.851802    749  625.876640  522.755906    762
30  proj_030.png  621.740789  75.343421    760  329.615804  296.640327    734  621.660131  525.125490    765
31  proj_031.png  612.913838  75.289817    766  339.630194  295.598338    722  612.918075  527.400520    769
32  proj_032.png  599.756510  75.171875    768  353.584615  294.637762    715  599.829205  529.688396    767
33  proj_033.png  582.556848  75.140827    774  371.066572  293.770538    706  582.528883  531.496791    779
34  proj_034.png  561.859335  75.101023    782  391.408511  293.156028    705  561.858238  533.113665    783
35  proj_035.png  538.406484  75.108479    802  413.947961  292.575246    711  538.398241  534.266332    796

============================================================
Iteration 0
============================================================
Theta offsets (Unity frame):
  Source   : dSx=   0.000, dSy=   0.000, dSz=   0.000  (mm)
  Object   : dOx=   0.000, dOy=   0.000, dOz=   0.000  (mm)
  Object offset: offset_x=   0.000, offset_z=   0.000  (mm)
  Detector : dDx=   0.000, dDy=   0.000, dDz=   0.000  (mm)
  Obj Stage rotY :    0.000 deg
============================================================

Unity geometry (world coordinates):
  Source   : x=   2.000, y=  45.000, z=   0.000
  Object   : x=   6.000, y=  18.000, z= 585.000
  Detector : x=   0.000, y=   2.000, z= 704.000
  Obj rotY :   0.0000 deg
view   0 | SOD= 585.636 mm | SDD= 705.315 mm | M= 1.204 | incident=3.4990°
[[  -4.     -585.      -27.    ]
 [  -6.      119.       16.    ]
 [   0.1496    0.        0.    ]
 [   0.        0.        0.1496]]
Residual vector length: 324, Jacobian shape: (324, 6)
view   0 | SOD= 573.912 mm | SDD= 705.315 mm | M= 1.229 | incident=3.4990°
[[  52.10321    -570.9906      -25.10493   ]
 [ -10.970095    130.18109      17.89507   ]
 [   0.14903586    0.01297968    0.        ]
 [   0.            0.            0.1496    ]]

iter 00 cost=163652.534461 -> 3138.196506 |dtheta|=1.421180e+01  lambda=0.000e+00

============================================================
Iteration 1
============================================================
Theta offsets (Unity frame):
  Source   : dSx=   0.000, dSy=   0.000, dSz=   0.000  (mm)
  Object   : dOx=  -6.141, dOy=   1.895, dOz= -11.655  (mm)
  Object offset: offset_x=  -0.225, offset_z=   0.013  (mm)
  Detector : dDx=   0.000, dDy=   0.000, dDz=   0.000  (mm)
  Obj Stage rotY :    4.977 deg
============================================================

Unity geometry (world coordinates):
  Source   : x=   2.000, y=  45.000, z=   0.000
  Object   : x=  -0.141, y=  19.895, z= 573.345
  Detector : x=   0.000, y=   2.000, z= 704.000
  Obj rotY :   0.0000 deg
view   0 | SOD= 573.912 mm | SDD= 705.315 mm | M= 1.229 | incident=3.4990°
[[  52.10321    -570.9906      -25.10493   ]
 [ -10.970095    130.18109      17.89507   ]
 [   0.14903586    0.01297968    0.        ]
 [   0.            0.            0.1496    ]]
Residual vector length: 324, Jacobian shape: (324, 6)
view   0 | SOD= 571.302 mm | SDD= 705.315 mm | M= 1.235 | incident=3.4990°
[[  68.94288    -566.5754      -25.004812  ]
 [ -15.4824505   132.34692      17.995188  ]
 [   0.14857075    0.01751831    0.        ]
 [   0.            0.            0.1496    ]]

iter 01 cost=3138.196506 -> 505.753776 |dtheta|=3.186696e+00  lambda=0.000e+00

============================================================
Iteration 2
============================================================
Theta offsets (Unity frame):
  Source   : dSx=   0.000, dSy=   0.000, dSz=   0.000  (mm)
  Object   : dOx=  -5.995, dOy=   1.995, dOz= -14.312  (mm)
  Object offset: offset_x=  -0.127, offset_z=   0.063  (mm)
  Detector : dDx=   0.000, dDy=   0.000, dDz=   0.000  (mm)
  Obj Stage rotY :    6.725 deg
============================================================

Unity geometry (world coordinates):
  Source   : x=   2.000, y=  45.000, z=   0.000
  Object   : x=   0.005, y=  19.995, z= 570.688
  Detector : x=   0.000, y=   2.000, z= 704.000
  Obj rotY :   0.0000 deg
view   0 | SOD= 571.302 mm | SDD= 705.315 mm | M= 1.235 | incident=3.4990°
[[  68.94288    -566.5754      -25.004812  ]
 [ -15.4824505   132.34692      17.995188  ]
 [   0.14857075    0.01751831    0.        ]
 [   0.            0.            0.1496    ]]
Residual vector length: 324, Jacobian shape: (324, 6)
view   0 | SOD= 570.347 mm | SDD= 705.315 mm | M= 1.237 | incident=3.4990°
[[  75.71427    -564.7464      -24.998238  ]
 [ -17.284563    133.08682      18.001762  ]
 [   0.1483445     0.01934082    0.        ]
 [   0.            0.            0.1496    ]]

iter 02 cost=505.753776 -> 102.337402 |dtheta|=1.170489e+00  lambda=0.000e+00

============================================================
Iteration 3
============================================================
Theta offsets (Unity frame):
  Source   : dSx=   0.000, dSy=   0.000, dSz=   0.000  (mm)
  Object   : dOx=  -6.007, dOy=   2.002, dOz= -15.245  (mm)
  Object offset: offset_x=  -0.059, offset_z=   0.040  (mm)
  Detector : dDx=   0.000, dDy=   0.000, dDz=   0.000  (mm)
  Obj Stage rotY :    7.428 deg
============================================================

Unity geometry (world coordinates):
  Source   : x=   2.000, y=  45.000, z=   0.000
  Object   : x=  -0.007, y=  20.002, z= 569.755
  Detector : x=   0.000, y=   2.000, z= 704.000
  Obj rotY :   0.0000 deg
view   0 | SOD= 570.347 mm | SDD= 705.315 mm | M= 1.237 | incident=3.4990°
[[  75.71427    -564.7464      -24.998238  ]
 [ -17.284563    133.08682      18.001762  ]
 [   0.1483445     0.01934082    0.        ]
 [   0.            0.            0.1496    ]]
Residual vector length: 324, Jacobian shape: (324, 6)
view   0 | SOD= 570.432 mm | SDD= 705.315 mm | M= 1.236 | incident=3.4990°
[[  78.79853    -564.4101      -24.993256  ]
 [ -18.033726    132.9015       18.006744  ]
 [   0.14823598    0.02015573    0.        ]
 [   0.            0.            0.1496    ]]

iter 03 cost=102.337402 -> 22.087223 |dtheta|=3.378058e-01  lambda=0.000e+00

============================================================
Iteration 4
============================================================
Theta offsets (Unity frame):
  Source   : dSx=   0.000, dSy=   0.000, dSz=   0.000  (mm)
  Object   : dOx=  -6.006, dOy=   2.007, dOz= -15.130  (mm)
  Object offset: offset_x=  -0.031, offset_z=   0.010  (mm)
  Detector : dDx=   0.000, dDy=   0.000, dDz=   0.000  (mm)
  Obj Stage rotY :    7.743 deg
============================================================

Unity geometry (world coordinates):
  Source   : x=   2.000, y=  45.000, z=   0.000
  Object   : x=  -0.006, y=  20.007, z= 569.870
  Detector : x=   0.000, y=   2.000, z= 704.000
  Obj rotY :   0.0000 deg
view   0 | SOD= 570.432 mm | SDD= 705.315 mm | M= 1.236 | incident=3.4990°
[[  78.79853    -564.4101      -24.993256  ]
 [ -18.033726    132.9015       18.006744  ]
 [   0.14823598    0.02015573    0.        ]
 [   0.            0.            0.1496    ]]
Residual vector length: 324, Jacobian shape: (324, 6)
view   0 | SOD= 570.517 mm | SDD= 705.315 mm | M= 1.236 | incident=3.4990°
[[  80.3207     -564.2813      -24.996641  ]
 [ -18.410505    132.764        18.003359  ]
 [   0.14818053    0.02055942    0.        ]
 [   0.            0.            0.1496    ]]

iter 04 cost=22.087223 -> 4.101553 |dtheta|=1.846204e-01  lambda=0.000e+00

============================================================
Iteration 5
============================================================
Theta offsets (Unity frame):
  Source   : dSx=   0.000, dSy=   0.000, dSz=   0.000  (mm)
  Object   : dOx=  -5.997, dOy=   2.003, dOz= -15.034  (mm)
  Object offset: offset_x=  -0.013, offset_z=  -0.001  (mm)
  Detector : dDx=   0.000, dDy=   0.000, dDz=   0.000  (mm)
  Obj Stage rotY :    7.899 deg
============================================================

Unity geometry (world coordinates):
  Source   : x=   2.000, y=  45.000, z=   0.000
  Object   : x=   0.003, y=  20.003, z= 569.966
  Detector : x=   0.000, y=   2.000, z= 704.000
  Obj rotY :   0.0000 deg
view   0 | SOD= 570.517 mm | SDD= 705.315 mm | M= 1.236 | incident=3.4990°
[[  80.3207     -564.2813      -24.996641  ]
 [ -18.410505    132.764        18.003359  ]
 [   0.14818053    0.02055942    0.        ]
 [   0.            0.            0.1496    ]]
Residual vector length: 324, Jacobian shape: (324, 6)
view   0 | SOD= 570.527 mm | SDD= 705.315 mm | M= 1.236 | incident=3.4990°
[[  80.918785   -564.2056      -24.99892   ]
 [ -18.552021    132.7345       18.00108   ]
 [   0.14815864    0.02071664    0.        ]
 [   0.            0.            0.1496    ]]

iter 05 cost=4.101553 -> 1.317957 |dtheta|=6.176383e-02  lambda=0.000e+00

============================================================
Iteration 6
============================================================
Theta offsets (Unity frame):
  Source   : dSx=   0.000, dSy=   0.000, dSz=   0.000  (mm)
  Object   : dOx=  -6.001, dOy=   2.001, dOz= -15.026  (mm)
  Object offset: offset_x=  -0.007, offset_z=   0.001  (mm)
  Detector : dDx=   0.000, dDy=   0.000, dDz=   0.000  (mm)
  Obj Stage rotY :    7.960 deg
============================================================

Unity geometry (world coordinates):
  Source   : x=   2.000, y=  45.000, z=   0.000
  Object   : x=  -0.001, y=  20.001, z= 569.974
  Detector : x=   0.000, y=   2.000, z= 704.000
  Obj rotY :   0.0000 deg
view   0 | SOD= 570.527 mm | SDD= 705.315 mm | M= 1.236 | incident=3.4990°
[[  80.918785   -564.2056      -24.99892   ]
 [ -18.552021    132.7345       18.00108   ]
 [   0.14815864    0.02071664    0.        ]
 [   0.            0.            0.1496    ]]
Residual vector length: 324, Jacobian shape: (324, 6)
view   0 | SOD= 570.523 mm | SDD= 705.315 mm | M= 1.236 | incident=3.4990°
[[  81.17032    -564.1662      -24.998325  ]
 [ -18.617512    132.72859      18.001675  ]
 [   0.14814919    0.02078404    0.        ]
 [   0.            0.            0.1496    ]]

iter 06 cost=1.317957 -> 0.797970 |dtheta|=2.653200e-02  lambda=0.000e+00

============================================================
Iteration 7
============================================================
Theta offsets (Unity frame):
  Source   : dSx=   0.000, dSy=   0.000, dSz=   0.000  (mm)
  Object   : dOx=  -6.000, dOy=   2.002, dOz= -15.028  (mm)
  Object offset: offset_x=  -0.003, offset_z=   0.001  (mm)
  Detector : dDx=   0.000, dDy=   0.000, dDz=   0.000  (mm)
  Obj Stage rotY :    7.986 deg
============================================================

Unity geometry (world coordinates):
  Source   : x=   2.000, y=  45.000, z=   0.000
  Object   : x=  -0.000, y=  20.002, z= 569.971
  Detector : x=   0.000, y=   2.000, z= 704.000
  Obj rotY :   0.0000 deg
view   0 | SOD= 570.523 mm | SDD= 705.315 mm | M= 1.236 | incident=3.4990°
[[  81.17032    -564.1662      -24.998325  ]
 [ -18.617512    132.72859      18.001675  ]
 [   0.14814919    0.02078404    0.        ]
 [   0.            0.            0.1496    ]]
Residual vector length: 324, Jacobian shape: (324, 6)
view   0 | SOD= 570.523 mm | SDD= 705.315 mm | M= 1.236 | incident=3.4990°
[[  81.2872     -564.1492      -24.998493  ]
 [ -18.648579    132.72443      18.001507  ]
 [   0.14814478    0.02081549    0.        ]
 [   0.            0.            0.1496    ]]

iter 07 cost=0.797970 -> 0.709326 |dtheta|=1.243649e-02  lambda=0.000e+00

============================================================
Iteration 8
============================================================
Theta offsets (Unity frame):
  Source   : dSx=   0.000, dSy=   0.000, dSz=   0.000  (mm)
  Object   : dOx=  -5.999, dOy=   2.002, dOz= -15.028  (mm)
  Object offset: offset_x=  -0.001, offset_z=  -0.001  (mm)
  Detector : dDx=   0.000, dDy=   0.000, dDz=   0.000  (mm)
  Obj Stage rotY :    7.998 deg
============================================================

Unity geometry (world coordinates):
  Source   : x=   2.000, y=  45.000, z=   0.000
  Object   : x=   0.001, y=  20.002, z= 569.972
  Detector : x=   0.000, y=   2.000, z= 704.000
  Obj rotY :   0.0000 deg
view   0 | SOD= 570.523 mm | SDD= 705.315 mm | M= 1.236 | incident=3.4990°
[[  81.2872     -564.1492      -24.998493  ]
 [ -18.648579    132.72443      18.001507  ]
 [   0.14814478    0.02081549    0.        ]
 [   0.            0.            0.1496    ]]
Residual vector length: 324, Jacobian shape: (324, 6)
view   0 | SOD= 570.525 mm | SDD= 705.315 mm | M= 1.236 | incident=3.4990°
[[  81.2912     -564.1507      -24.998552  ]
 [ -18.648994    132.72227      18.001448  ]
 [   0.14814465    0.02081642    0.        ]
 [   0.            0.            0.1496    ]]

iter 08 cost=0.709326 -> 0.722415 |dtheta|=2.340270e-03  lambda=0.000e+00

============================================================
Iteration 9
============================================================
Theta offsets (Unity frame):
  Source   : dSx=   0.000, dSy=   0.000, dSz=   0.000  (mm)
  Object   : dOx=  -5.999, dOy=   2.002, dOz= -15.028  (mm)
  Object offset: offset_x=  -0.001, offset_z=  -0.001  (mm)
  Detector : dDx=   0.000, dDy=   0.000, dDz=   0.000  (mm)
  Obj Stage rotY :    7.998 deg
============================================================

Unity geometry (world coordinates):
  Source   : x=   2.000, y=  45.000, z=   0.000
  Object   : x=   0.001, y=  20.002, z= 569.972
  Detector : x=   0.000, y=   2.000, z= 704.000
  Obj rotY :   0.0000 deg
view   0 | SOD= 570.523 mm | SDD= 705.315 mm | M= 1.236 | incident=3.4990°
[[  81.2872     -564.1492      -24.998493  ]
 [ -18.648579    132.72443      18.001507  ]
 [   0.14814478    0.02081549    0.        ]
 [   0.            0.            0.1496    ]]
Residual vector length: 324, Jacobian shape: (324, 6)
view   0 | SOD= 570.525 mm | SDD= 705.315 mm | M= 1.236 | incident=3.4990°
[[  81.2912     -564.1507      -24.998552  ]
 [ -18.648994    132.72227      18.001448  ]
 [   0.14814465    0.02081642    0.        ]
 [   0.            0.            0.1496    ]]

iter 09 cost=0.709326 -> 0.722415 |dtheta|=2.340270e-03  lambda=0.000e+00

============================================================
Iteration 10
============================================================
Theta offsets (Unity frame):
  Source   : dSx=   0.000, dSy=   0.000, dSz=   0.000  (mm)
  Object   : dOx=  -5.999, dOy=   2.002, dOz= -15.028  (mm)
  Object offset: offset_x=  -0.001, offset_z=  -0.001  (mm)
  Detector : dDx=   0.000, dDy=   0.000, dDz=   0.000  (mm)
  Obj Stage rotY :    7.998 deg
============================================================

Unity geometry (world coordinates):
  Source   : x=   2.000, y=  45.000, z=   0.000
  Object   : x=   0.001, y=  20.002, z= 569.972
  Detector : x=   0.000, y=   2.000, z= 704.000
  Obj rotY :   0.0000 deg
view   0 | SOD= 570.523 mm | SDD= 705.315 mm | M= 1.236 | incident=3.4990°
[[  81.2872     -564.1492      -24.998493  ]
 [ -18.648579    132.72443      18.001507  ]
 [   0.14814478    0.02081549    0.        ]
 [   0.            0.            0.1496    ]]
Residual vector length: 324, Jacobian shape: (324, 6)
view   0 | SOD= 570.525 mm | SDD= 705.315 mm | M= 1.236 | incident=3.4990°
[[  81.2912     -564.1507      -24.998552  ]
 [ -18.648994    132.72227      18.001448  ]
 [   0.14814465    0.02081642    0.        ]
 [   0.            0.            0.1496    ]]

iter 10 cost=0.709326 -> 0.722415 |dtheta|=2.340270e-03  lambda=0.000e+00

============================================================
Iteration 11
============================================================
Theta offsets (Unity frame):
  Source   : dSx=   0.000, dSy=   0.000, dSz=   0.000  (mm)
  Object   : dOx=  -5.999, dOy=   2.002, dOz= -15.028  (mm)
  Object offset: offset_x=  -0.001, offset_z=  -0.001  (mm)
  Detector : dDx=   0.000, dDy=   0.000, dDz=   0.000  (mm)
  Obj Stage rotY :    7.998 deg
============================================================

Unity geometry (world coordinates):
  Source   : x=   2.000, y=  45.000, z=   0.000
  Object   : x=   0.001, y=  20.002, z= 569.972
  Detector : x=   0.000, y=   2.000, z= 704.000
  Obj rotY :   0.0000 deg
view   0 | SOD= 570.523 mm | SDD= 705.315 mm | M= 1.236 | incident=3.4990°
[[  81.2872     -564.1492      -24.998493  ]
 [ -18.648579    132.72443      18.001507  ]
 [   0.14814478    0.02081549    0.        ]
 [   0.            0.            0.1496    ]]
Residual vector length: 324, Jacobian shape: (324, 6)
view   0 | SOD= 570.525 mm | SDD= 705.315 mm | M= 1.236 | incident=3.4990°
[[  81.2912     -564.1507      -24.998552  ]
 [ -18.648994    132.72227      18.001448  ]
 [   0.14814465    0.02081642    0.        ]
 [   0.            0.            0.1496    ]]

iter 11 cost=0.709326 -> 0.722415 |dtheta|=2.340270e-03  lambda=0.000e+00

============================================================
Iteration 12
============================================================
Theta offsets (Unity frame):
  Source   : dSx=   0.000, dSy=   0.000, dSz=   0.000  (mm)
  Object   : dOx=  -5.999, dOy=   2.002, dOz= -15.028  (mm)
  Object offset: offset_x=  -0.001, offset_z=  -0.001  (mm)
  Detector : dDx=   0.000, dDy=   0.000, dDz=   0.000  (mm)
  Obj Stage rotY :    7.998 deg
============================================================

Unity geometry (world coordinates):
  Source   : x=   2.000, y=  45.000, z=   0.000
  Object   : x=   0.001, y=  20.002, z= 569.972
  Detector : x=   0.000, y=   2.000, z= 704.000
  Obj rotY :   0.0000 deg
view   0 | SOD= 570.523 mm | SDD= 705.315 mm | M= 1.236 | incident=3.4990°
[[  81.2872     -564.1492      -24.998493  ]
 [ -18.648579    132.72443      18.001507  ]
 [   0.14814478    0.02081549    0.        ]
 [   0.            0.            0.1496    ]]
Residual vector length: 324, Jacobian shape: (324, 6)
view   0 | SOD= 570.525 mm | SDD= 705.315 mm | M= 1.236 | incident=3.4990°
[[  81.2912     -564.1507      -24.998552  ]
 [ -18.648994    132.72227      18.001448  ]
 [   0.14814465    0.02081642    0.        ]
 [   0.            0.            0.1496    ]]

iter 12 cost=0.709326 -> 0.722415 |dtheta|=2.340270e-03  lambda=0.000e+00

============================================================
Iteration 13
============================================================
Theta offsets (Unity frame):
  Source   : dSx=   0.000, dSy=   0.000, dSz=   0.000  (mm)
  Object   : dOx=  -5.999, dOy=   2.002, dOz= -15.028  (mm)
  Object offset: offset_x=  -0.001, offset_z=  -0.001  (mm)
  Detector : dDx=   0.000, dDy=   0.000, dDz=   0.000  (mm)
  Obj Stage rotY :    7.998 deg
============================================================

Unity geometry (world coordinates):
  Source   : x=   2.000, y=  45.000, z=   0.000
  Object   : x=   0.001, y=  20.002, z= 569.972
  Detector : x=   0.000, y=   2.000, z= 704.000
  Obj rotY :   0.0000 deg
view   0 | SOD= 570.523 mm | SDD= 705.315 mm | M= 1.236 | incident=3.4990°
[[  81.2872     -564.1492      -24.998493  ]
 [ -18.648579    132.72443      18.001507  ]
 [   0.14814478    0.02081549    0.        ]
 [   0.            0.            0.1496    ]]
Residual vector length: 324, Jacobian shape: (324, 6)
view   0 | SOD= 570.525 mm | SDD= 705.315 mm | M= 1.236 | incident=3.4990°
[[  81.2912     -564.1507      -24.998552  ]
 [ -18.648994    132.72227      18.001448  ]
 [   0.14814465    0.02081642    0.        ]
 [   0.            0.            0.1496    ]]

iter 13 cost=0.709326 -> 0.722415 |dtheta|=2.340270e-03  lambda=0.000e+00

============================================================
Iteration 14
============================================================
Theta offsets (Unity frame):
  Source   : dSx=   0.000, dSy=   0.000, dSz=   0.000  (mm)
  Object   : dOx=  -5.999, dOy=   2.002, dOz= -15.028  (mm)
  Object offset: offset_x=  -0.001, offset_z=  -0.001  (mm)
  Detector : dDx=   0.000, dDy=   0.000, dDz=   0.000  (mm)
  Obj Stage rotY :    7.998 deg
============================================================

Unity geometry (world coordinates):
  Source   : x=   2.000, y=  45.000, z=   0.000
  Object   : x=   0.001, y=  20.002, z= 569.972
  Detector : x=   0.000, y=   2.000, z= 704.000
  Obj rotY :   0.0000 deg
view   0 | SOD= 570.523 mm | SDD= 705.315 mm | M= 1.236 | incident=3.4990°
[[  81.2872     -564.1492      -24.998493  ]
 [ -18.648579    132.72443      18.001507  ]
 [   0.14814478    0.02081549    0.        ]
 [   0.            0.            0.1496    ]]
Residual vector length: 324, Jacobian shape: (324, 6)
view   0 | SOD= 570.525 mm | SDD= 705.315 mm | M= 1.236 | incident=3.4990°
[[  81.2912     -564.1507      -24.998552  ]
 [ -18.648994    132.72227      18.001448  ]
 [   0.14814465    0.02081642    0.        ]
 [   0.            0.            0.1496    ]]

iter 14 cost=0.709326 -> 0.722415 |dtheta|=2.340270e-03  lambda=0.000e+00
Stalled.

Estimated theta:
  dSx: +0.000000
  dSy: +0.000000
  dOx: -5.999243
  dOy: +2.001508
  dOz: -15.027513
  dDx: +0.000000
  dDy: +0.000000
  dDz: +0.000000
alpha: +7.998141e+00 deg)
offset_x: -0.000985
offset_z: -0.000586

Final cost table:
Fake theta: [  0.   0.  -6.   2. -15.   0.   0.   0.   8.   0.   0.]
Final estimated theta: [  0.           0.          -5.99924283   2.00150783 -15.02751272
   0.           0.           0.           7.99814051  -0.00098478
  -0.00058608]
Diff from Expected: [ 0.          0.          0.00075717  0.00150783 -0.02751272  0.
  0.          0.         -0.00185949 -0.00098478 -0.00058608]
################################################################################

