Phantom already exists, skipping: cuboid_phantom_3_normal.npy

################################################################################
Running cuboid=normal scenario=G2 N_ANGLES=90, K=3
view   0 | SOD= 570.046 mm | SDD= 696.006 mm | M= 1.221 | incident=0.2470°
[[ 119.47323    -557.34204      -7.        ]
 [ -25.864782    123.32077      -7.        ]
 [   0.14616601    0.03186934    0.        ]
 [   0.            0.            0.1496    ]]
           image          x1          y1  area1          x2          y2  area2          x3          y3  area3
0   proj_000.png  501.449809  210.914867    787  447.716954  434.892241    696  501.432398  666.011480    784
1   proj_001.png  490.670483  210.914758    786  457.792507  434.864553    694  490.703185  666.067516    785
2   proj_002.png  479.906329  210.912658    790  467.963925  434.871573    693  479.951715  666.101652    787
3   proj_003.png  469.154235  210.902655    791  478.202296  434.829268    697  469.143583  666.118170    787
4   proj_004.png  458.362595  210.880407    786  488.279539  434.893372    694  458.356322  666.128991    783
5   proj_005.png  447.653553  210.950508    788  498.281792  434.947977    692  447.632316  666.015267    786
6   proj_006.png  437.077411  210.980964    788  508.282200  434.917511    691  437.089172  665.964331    785
7   proj_007.png  426.727041  211.079082    784  518.093660  434.942363    694  426.689567  665.735369    786
8   proj_008.png  416.536616  211.202020    792  527.676724  434.961207    696  416.543506  665.534678    793
9   proj_009.png  406.713745  211.359395    793  537.061605  434.998567    698  406.713198  665.258883    788
10  proj_010.png  397.206369  211.587261    785  546.179743  435.089872    701  397.204866  664.987196    781
11  proj_011.png  388.132992  211.813299    782  554.940000  435.152857    700  388.187817  664.676396    788
12  proj_012.png  379.582586  211.985915    781  563.318310  435.278873    710  379.605598  664.222646    786
13  proj_013.png  371.437340  212.207161    782  571.302391  435.355837    711  371.424552  663.877238    782
14  proj_014.png  363.888031  212.527671    777  578.767932  435.388186    711  363.863402  663.349227    776
15  proj_015.png  356.833118  212.805951    773  585.877266  435.456067    717  356.852713  662.922481    774
16  proj_016.png  350.509091  213.059740    770  592.470670  435.547486    716  350.471117  662.381258    779
17  proj_017.png  344.726206  213.307692    767  598.500000  435.636111    720  344.717250  661.879377    771
18  proj_018.png  339.639108  213.839895    762  603.937673  435.767313    722  339.639108  661.160105    762
19  proj_019.png  335.149803  214.028909    761  608.745152  435.818560    722  335.120577  660.752294    763
20  proj_020.png  331.395194  214.320427    749  613.000000  436.000000    725  331.453104  660.092470    757
21  proj_021.png  328.481383  214.828457    752  616.515818  436.178817    727  328.462264  659.568733    742
22  proj_022.png  326.215529  215.116466    747  619.436039  436.350757    727  326.211230  658.903743    748
23  proj_023.png  324.704453  215.526316    741  621.500000  436.460274    730  324.751009  658.279946    743
24  proj_024.png  323.891129  215.838710    744  623.016282  436.512890    737  323.937838  657.605405    740
25  proj_025.png  323.785034  216.272109    735  623.785617  436.606513    737  323.794038  657.042005    738
26  proj_026.png  324.480110  216.545953    729  623.871622  436.741892    740  324.473973  656.473973    730
27  proj_027.png  325.820793  216.958960    731  623.077852  436.904698    745  325.772603  655.736986    730
28  proj_028.png  327.752420  217.358230    723  621.614765  437.013423    745  327.801939  655.232687    722
29  proj_029.png  330.594708  217.661560    718  619.467914  437.159091    748  330.620166  654.564917    724
30  proj_030.png  334.078762  218.084388    711  616.575067  437.286863    746  334.080056  653.978933    712
31  proj_031.png  338.247887  218.390141    710  612.940000  437.414667    750  338.216596  653.443038    711
32  proj_032.png  342.942939  218.613409    701  608.588394  437.518219    741  342.904965  652.866667    705
33  proj_033.png  348.354467  218.985591    694  603.578313  437.709505    747  348.313920  652.386364    704
34  proj_034.png  354.238164  219.266858    697  597.890374  437.704545    748  354.264451  651.908960    692
35  proj_035.png  360.708934  219.569164    694  591.585657  437.877822    753  360.716332  651.381089    698
36  proj_036.png  367.709724  219.878084    689  584.679045  437.928382    754  367.679767  650.934498    687
37  proj_037.png  375.291545  220.033528    686  577.078146  438.034437    755  375.282200  650.510854    691
38  proj_038.png  383.202035  220.311047    688  569.073879  438.137203    758  383.234352  650.119360    687
39  proj_039.png  391.542274  220.500000    686  560.500000  438.149215    764  391.537681  649.844928    690
40  proj_040.png  400.322302  220.679137    695  551.418421  438.173684    760  400.275216  649.510086    694
41  proj_041.png  409.251799  220.844604    695  542.016818  438.324709    773  409.235632  649.211207    696
42  proj_042.png  418.535920  221.000000    696  532.480405  438.456384    791  418.535920  649.000000    696
43  proj_043.png  428.130058  221.151734    692  522.357775  438.431100    791  428.056277  648.688312    693
44  proj_044.png  437.863506  221.271552    696  511.985987  438.485350    785  437.895863  648.572040    701
45  proj_045.png  447.773963  221.310443    699  501.483544  438.500000    790  447.785714  648.464286    700
46  proj_046.png  457.849785  221.334764    699  490.680101  438.532746    794  457.868006  648.380201    697
47  proj_047.png  467.966906  221.371223    695  479.879548  438.537014    797  468.027299  648.350575    696
48  proj_048.png  478.162857  221.378571    700  469.212045  438.537014    797  478.140200  648.380544    699
49  proj_049.png  488.181948  221.309456    698  458.371250  438.531250    800  488.185185  648.445869    702
50  proj_050.png  498.278336  221.276901    697  447.662469  438.500000    794  498.247863  648.467236    702
51  proj_051.png  508.228777  221.224460    695  437.063452  438.500000    788  508.221113  648.593438    701
52  proj_052.png  518.104197  221.178003    691  426.658228  438.453165    790  518.074713  648.692529    696
53  proj_053.png  527.694842  221.000000    698  416.538462  438.436318    793  527.686246  648.958453    698
54  proj_054.png  537.043165  220.772662    695  406.726811  438.354511    787  537.074820  649.280576    695
55  proj_055.png  546.104286  220.672857    700  397.219949  438.264706    782  546.088193  649.470839    703
56  proj_056.png  554.901849  220.499289    703  388.113811  438.111253    782  554.898716  649.747504    701
57  proj_057.png  563.302391  220.355837    711  379.590269  438.101152    781  563.357041  650.157895    703
58  proj_058.png  571.341360  220.117564    706  371.480154  438.003841    781  571.312763  650.495091    713
59  proj_059.png  578.757022  219.801966    712  363.863226  437.975484    775  578.817927  650.913165    714
60  proj_060.png  585.867503  219.578801    717  356.848249  437.878080    771  585.864903  651.377437    718
61  proj_061.png  592.462937  219.307692    715  350.476684  437.812176    772  592.444600  651.737728    713
62  proj_062.png  598.489481  219.018233    713  344.747712  437.713725    765  598.479889  652.357836    721
63  proj_063.png  603.916551  218.698192    719  339.641830  437.549020    765  603.958449  652.883657    722
64  proj_064.png  608.688022  218.442897    718  335.105541  437.395778    758  608.681502  653.422809    719
65  proj_065.png  612.995868  218.020661    726  331.411921  437.190728    755  613.000000  654.000000    725
66  proj_066.png  616.517241  217.598621    725  328.472074  437.106383    752  616.526027  654.526027    730
67  proj_067.png  619.451169  217.425034    727  326.192204  436.994624    744  619.402740  655.168493    730
68  proj_068.png  621.552524  216.983629    733  324.711409  436.914094    745  621.518417  655.720327    733
69  proj_069.png  622.971390  216.632153    734  323.897712  436.812921    743  622.968750  656.396739    736
70  proj_070.png  623.792402  216.240163    737  323.781547  436.628223    737  623.811653  657.029810    738
71  proj_071.png  623.839623  215.867925    742  324.500000  436.500000    732  623.777027  657.579730    740
72  proj_072.png  623.061828  215.536290    744  325.678177  436.411602    724  623.096904  658.261104    743
73  proj_073.png  621.614035  215.187584    741  327.808864  436.272853    722  621.597841  658.851552    741
74  proj_074.png  619.452349  214.786577    745  330.593315  436.204735    718  619.463946  659.451701    735
75  proj_075.png  616.584574  214.416779    739  334.080395  436.042313    709  616.593583  660.094920    748
76  proj_076.png  612.979947  214.045455    748  338.261603  435.805907    711  612.911141  660.758621    754
77  proj_077.png  608.635877  213.783133    747  342.907275  435.717546    701  608.621151  661.278447    747
78  proj_078.png  603.605369  213.378523    745  348.349858  435.674221    706  603.606906  661.836653    753
79  proj_079.png  597.916446  213.094164    754  354.257143  435.537143    700  597.894385  662.370321    748
80  proj_080.png  591.620690  212.822281    754  360.716954  435.436782    696  591.626330  662.894947    752
81  proj_081.png  584.750000  212.522727    748  367.723988  435.423410    692  584.732357  663.375499    751
82  proj_082.png  577.075099  212.222661    759  375.265602  435.301887    689  577.057971  663.865613    759
83  proj_083.png  569.073976  212.006605    757  383.211901  435.219158    689  569.056505  664.212878    761
84  proj_084.png  560.481046  211.843137    765  391.521106  435.120815    687  560.477243  664.728218    769
85  proj_085.png  551.377432  211.583658    771  400.307246  435.023188    690  551.398693  665.000000    765
86  proj_086.png  542.000000  211.376289    776  409.280980  435.038905    694  542.053040  665.177232    773
87  proj_087.png  532.422053  211.225602    789  418.535920  435.000000    696  532.460660  665.460660    788
88  proj_088.png  522.291878  211.086294    788  428.141414  434.888889    693  522.330368  665.731893    787
89  proj_089.png  511.965736  210.991117    788  437.805476  434.870317    694  512.000000  665.870064    785

============================================================
Iteration 0
============================================================
Theta offsets (Unity frame):
  Source   : dSx=   0.000, dSy=   0.000, dSz=   0.000  (mm)
  Object   : dOx=   0.000, dOy=   0.000, dOz=   0.000  (mm)
  Object offset: offset_x=   0.000, offset_z=   0.000  (mm)
  Detector : dDx=   0.000, dDy=   0.000, dDz=   0.000  (mm)
  Obj Stage rotY :    0.000 deg
============================================================

Unity geometry (world coordinates):
  Source   : x=  -2.000, y=  47.000, z=   0.000
  Object   : x=  14.000, y=  32.000, z= 592.000
  Detector : x=   1.000, y=  47.000, z= 696.000
  Obj rotY :   0.0000 deg
view   0 | SOD= 592.406 mm | SDD= 696.006 mm | M= 1.175 | incident=0.2470°
[[ -16.     -592.      -15.    ]
 [ -13.      104.      -15.    ]
 [   0.1496    0.        0.    ]
 [   0.        0.        0.1496]]
Residual vector length: 810, Jacobian shape: (810, 6)
view   0 | SOD= 575.981 mm | SDD= 696.006 mm | M= 1.208 | incident=0.2470°
[[  63.655216   -572.4105       -6.9916687 ]
 [ -12.126295    119.45809      -6.9916687 ]
 [   0.14863901    0.01692935    0.        ]
 [   0.            0.            0.1496    ]]

iter 00 cost=2287684.143422 -> 27957.705523 |dtheta|=2.389823e+01  lambda=0.000e+00

============================================================
Iteration 1
============================================================
Theta offsets (Unity frame):
  Source   : dSx=   0.000, dSy=   0.000, dSz=   0.000  (mm)
  Object   : dOx= -14.262, dOy=   8.008, dOz= -16.165  (mm)
  Object offset: offset_x=  -0.208, offset_z=   0.102  (mm)
  Detector : dDx=   0.000, dDy=   0.000, dDz=   0.000  (mm)
  Obj Stage rotY :    6.498 deg
============================================================

Unity geometry (world coordinates):
  Source   : x=  -2.000, y=  47.000, z=   0.000
  Object   : x=  -0.262, y=  40.008, z= 575.835
  Detector : x=   1.000, y=  47.000, z= 696.000
  Obj rotY :   0.0000 deg
view   0 | SOD= 575.981 mm | SDD= 696.006 mm | M= 1.208 | incident=0.2470°
[[  63.655216   -572.4105       -6.9916687 ]
 [ -12.126295    119.45809      -6.9916687 ]
 [   0.14863901    0.01692935    0.        ]
 [   0.            0.            0.1496    ]]
Residual vector length: 810, Jacobian shape: (810, 6)
view   0 | SOD= 571.880 mm | SDD= 696.006 mm | M= 1.217 | incident=0.2470°
[[  98.00063    -563.3763       -7.0303    ]
 [ -20.508776    122.46667      -7.0303    ]
 [   0.14730428    0.02610764    0.        ]
 [   0.            0.            0.1496    ]]

iter 01 cost=27957.705523 -> 3955.530880 |dtheta|=5.377338e+00  lambda=0.000e+00

============================================================
Iteration 2
============================================================
Theta offsets (Unity frame):
  Source   : dSx=   0.000, dSy=   0.000, dSz=   0.000  (mm)
  Object   : dOx= -14.011, dOy=   7.970, dOz= -20.193  (mm)
  Object offset: offset_x=  -0.167, offset_z=   0.026  (mm)
  Detector : dDx=   0.000, dDy=   0.000, dDz=   0.000  (mm)
  Obj Stage rotY :   10.051 deg
============================================================

Unity geometry (world coordinates):
  Source   : x=  -2.000, y=  47.000, z=   0.000
  Object   : x=  -0.011, y=  39.970, z= 571.807
  Detector : x=   1.000, y=  47.000, z= 696.000
  Obj rotY :   0.0000 deg
view   0 | SOD= 571.880 mm | SDD= 696.006 mm | M= 1.217 | incident=0.2470°
[[  98.00063    -563.3763       -7.0303    ]
 [ -20.508776    122.46667      -7.0303    ]
 [   0.14730428    0.02610764    0.        ]
 [   0.            0.            0.1496    ]]
Residual vector length: 810, Jacobian shape: (810, 6)
view   0 | SOD= 570.465 mm | SDD= 696.006 mm | M= 1.220 | incident=0.2470°
[[ 110.893684   -559.53876      -7.017193  ]
 [ -23.743559    123.321266     -7.017193  ]
 [   0.1466482     0.02957137    0.        ]
 [   0.            0.            0.1496    ]]

iter 02 cost=3955.530880 -> 629.711261 |dtheta|=1.935565e+00  lambda=0.000e+00

============================================================
Iteration 3
============================================================
Theta offsets (Unity frame):
  Source   : dSx=   0.000, dSy=   0.000, dSz=   0.000  (mm)
  Object   : dOx= -13.976, dOy=   7.983, dOz= -21.578  (mm)
  Object offset: offset_x=  -0.125, offset_z=  -0.003  (mm)
  Detector : dDx=   0.000, dDy=   0.000, dDz=   0.000  (mm)
  Obj Stage rotY :   11.401 deg
============================================================

Unity geometry (world coordinates):
  Source   : x=  -2.000, y=  47.000, z=   0.000
  Object   : x=   0.024, y=  39.983, z= 570.422
  Detector : x=   1.000, y=  47.000, z= 696.000
  Obj rotY :   0.0000 deg
view   0 | SOD= 570.465 mm | SDD= 696.006 mm | M= 1.220 | incident=0.2470°
[[ 110.893684   -559.53876      -7.017193  ]
 [ -23.743559    123.321266     -7.017193  ]
 [   0.1466482     0.02957137    0.        ]
 [   0.            0.            0.1496    ]]
Residual vector length: 810, Jacobian shape: (810, 6)
view   0 | SOD= 570.153 mm | SDD= 696.006 mm | M= 1.221 | incident=0.2470°
[[ 116.05377    -558.1725       -7.00119   ]
 [ -25.02051     123.38677      -7.00119   ]
 [   0.14636265    0.03095374    0.        ]
 [   0.            0.            0.1496    ]]

iter 03 cost=629.711261 -> 99.898681 |dtheta|=6.313983e-01  lambda=0.000e+00

============================================================
Iteration 4
============================================================
Theta offsets (Unity frame):
  Source   : dSx=   0.000, dSy=   0.000, dSz=   0.000  (mm)
  Object   : dOx= -14.009, dOy=   7.999, dOz= -21.891  (mm)
  Object offset: offset_x=  -0.042, offset_z=  -0.002  (mm)
  Detector : dDx=   0.000, dDy=   0.000, dDz=   0.000  (mm)
  Obj Stage rotY :   11.941 deg
============================================================

Unity geometry (world coordinates):
  Source   : x=  -2.000, y=  47.000, z=   0.000
  Object   : x=  -0.009, y=  39.999, z= 570.109
  Detector : x=   1.000, y=  47.000, z= 696.000
  Obj rotY :   0.0000 deg
view   0 | SOD= 570.153 mm | SDD= 696.006 mm | M= 1.221 | incident=0.2470°
[[ 116.05377    -558.1725       -7.00119   ]
 [ -25.02051     123.38677      -7.00119   ]
 [   0.14636265    0.03095374    0.        ]
 [   0.            0.            0.1496    ]]
Residual vector length: 810, Jacobian shape: (810, 6)
view   0 | SOD= 570.073 mm | SDD= 696.006 mm | M= 1.221 | incident=0.2470°
[[ 117.98071    -557.68677      -6.9995728 ]
 [ -25.509516    123.36795      -6.9995728 ]
 [   0.14625198    0.03147255    0.        ]
 [   0.            0.            0.1496    ]]

iter 04 cost=99.898681 -> 22.099911 |dtheta|=2.191073e-01  lambda=0.000e+00

============================================================
Iteration 5
============================================================
Theta offsets (Unity frame):
  Source   : dSx=   0.000, dSy=   0.000, dSz=   0.000  (mm)
  Object   : dOx= -14.001, dOy=   8.000, dOz= -21.968  (mm)
  Object offset: offset_x=  -0.015, offset_z=  -0.005  (mm)
  Detector : dDx=   0.000, dDy=   0.000, dDz=   0.000  (mm)
  Obj Stage rotY :   12.145 deg
============================================================

Unity geometry (world coordinates):
  Source   : x=  -2.000, y=  47.000, z=   0.000
  Object   : x=  -0.001, y=  40.000, z= 570.032
  Detector : x=   1.000, y=  47.000, z= 696.000
  Obj rotY :   0.0000 deg
view   0 | SOD= 570.073 mm | SDD= 696.006 mm | M= 1.221 | incident=0.2470°
[[ 117.98071    -557.68677      -6.9995728 ]
 [ -25.509516    123.36795      -6.9995728 ]
 [   0.14625198    0.03147255    0.        ]
 [   0.            0.            0.1496    ]]
Residual vector length: 810, Jacobian shape: (810, 6)
view   0 | SOD= 570.061 mm | SDD= 696.006 mm | M= 1.221 | incident=0.2470°
[[ 118.91024    -557.47754      -7.0008583 ]
 [ -25.727468    123.334404     -7.0008583 ]
 [   0.14619872    0.03171896    0.        ]
 [   0.            0.            0.1496    ]]

iter 05 cost=22.099911 -> 4.885975 |dtheta|=9.826577e-02  lambda=0.000e+00

============================================================
Iteration 6
============================================================
Theta offsets (Unity frame):
  Source   : dSx=   0.000, dSy=   0.000, dSz=   0.000  (mm)
  Object   : dOx= -14.001, dOy=   7.999, dOz= -21.984  (mm)
  Object offset: offset_x=  -0.007, offset_z=  -0.001  (mm)
  Detector : dDx=   0.000, dDy=   0.000, dDz=   0.000  (mm)
  Obj Stage rotY :   12.241 deg
============================================================

Unity geometry (world coordinates):
  Source   : x=  -2.000, y=  47.000, z=   0.000
  Object   : x=  -0.001, y=  39.999, z= 570.016
  Detector : x=   1.000, y=  47.000, z= 696.000
  Obj rotY :   0.0000 deg
view   0 | SOD= 570.061 mm | SDD= 696.006 mm | M= 1.221 | incident=0.2470°
[[ 118.91024    -557.47754      -7.0008583 ]
 [ -25.727468    123.334404     -7.0008583 ]
 [   0.14619872    0.03171896    0.        ]
 [   0.            0.            0.1496    ]]
Residual vector length: 810, Jacobian shape: (810, 6)
view   0 | SOD= 570.047 mm | SDD= 696.006 mm | M= 1.221 | incident=0.2470°
[[ 119.25917    -557.38885      -6.999626  ]
 [ -25.809704    123.33137      -6.999626  ]
 [   0.1461786     0.03181155    0.        ]
 [   0.            0.            0.1496    ]]

iter 06 cost=4.885975 -> 2.343232 |dtheta|=3.914081e-02  lambda=0.000e+00

============================================================
Iteration 7
============================================================
Theta offsets (Unity frame):
  Source   : dSx=   0.000, dSy=   0.000, dSz=   0.000  (mm)
  Object   : dOx= -14.001, dOy=   8.000, dOz= -21.999  (mm)
  Object offset: offset_x=  -0.005, offset_z=  -0.000  (mm)
  Detector : dDx=   0.000, dDy=   0.000, dDz=   0.000  (mm)
  Obj Stage rotY :   12.277 deg
============================================================

Unity geometry (world coordinates):
  Source   : x=  -2.000, y=  47.000, z=   0.000
  Object   : x=  -0.001, y=  40.000, z= 570.001
  Detector : x=   1.000, y=  47.000, z= 696.000
  Obj rotY :   0.0000 deg
view   0 | SOD= 570.047 mm | SDD= 696.006 mm | M= 1.221 | incident=0.2470°
[[ 119.25917    -557.38885      -6.999626  ]
 [ -25.809704    123.33137      -6.999626  ]
 [   0.1461786     0.03181155    0.        ]
 [   0.            0.            0.1496    ]]
Residual vector length: 810, Jacobian shape: (810, 6)
view   0 | SOD= 570.049 mm | SDD= 696.006 mm | M= 1.221 | incident=0.2470°
[[ 119.37944    -557.3647       -6.9998245 ]
 [ -25.838861    123.32368      -6.9998245 ]
 [   0.14617161    0.03184364    0.        ]
 [   0.            0.            0.1496    ]]

iter 07 cost=2.343232 -> 2.015507 |dtheta|=1.285166e-02  lambda=0.000e+00

============================================================
Iteration 8
============================================================
Theta offsets (Unity frame):
  Source   : dSx=   0.000, dSy=   0.000, dSz=   0.000  (mm)
  Object   : dOx= -14.001, dOy=   8.000, dOz= -21.998  (mm)
  Object offset: offset_x=  -0.003, offset_z=   0.000  (mm)
  Detector : dDx=   0.000, dDy=   0.000, dDz=   0.000  (mm)
  Obj Stage rotY :   12.290 deg
============================================================

Unity geometry (world coordinates):
  Source   : x=  -2.000, y=  47.000, z=   0.000
  Object   : x=  -0.001, y=  40.000, z= 570.002
  Detector : x=   1.000, y=  47.000, z= 696.000
  Obj rotY :   0.0000 deg
view   0 | SOD= 570.049 mm | SDD= 696.006 mm | M= 1.221 | incident=0.2470°
[[ 119.37944    -557.3647       -6.9998245 ]
 [ -25.838861    123.32368      -6.9998245 ]
 [   0.14617161    0.03184364    0.        ]
 [   0.            0.            0.1496    ]]
Residual vector length: 810, Jacobian shape: (810, 6)
view   0 | SOD= 570.052 mm | SDD= 696.006 mm | M= 1.221 | incident=0.2470°
[[ 119.43909    -557.3546       -6.9997826 ]
 [ -25.852856    123.318054     -6.9997826 ]
 [   0.14616817    0.03185945    0.        ]
 [   0.            0.            0.1496    ]]

iter 08 cost=2.015507 -> 1.968509 |dtheta|=6.825212e-03  lambda=0.000e+00

============================================================
Iteration 9
============================================================
Theta offsets (Unity frame):
  Source   : dSx=   0.000, dSy=   0.000, dSz=   0.000  (mm)
  Object   : dOx= -14.001, dOy=   8.000, dOz= -21.995  (mm)
  Object offset: offset_x=  -0.002, offset_z=   0.000  (mm)
  Detector : dDx=   0.000, dDy=   0.000, dDz=   0.000  (mm)
  Obj Stage rotY :   12.296 deg
============================================================

Unity geometry (world coordinates):
  Source   : x=  -2.000, y=  47.000, z=   0.000
  Object   : x=  -0.001, y=  40.000, z= 570.005
  Detector : x=   1.000, y=  47.000, z= 696.000
  Obj rotY :   0.0000 deg
view   0 | SOD= 570.052 mm | SDD= 696.006 mm | M= 1.221 | incident=0.2470°
[[ 119.43909    -557.3546       -6.9997826 ]
 [ -25.852856    123.318054     -6.9997826 ]
 [   0.14616817    0.03185945    0.        ]
 [   0.            0.            0.1496    ]]
Residual vector length: 810, Jacobian shape: (810, 6)
view   0 | SOD= 570.054 mm | SDD= 696.006 mm | M= 1.221 | incident=0.2470°
[[ 119.451775   -557.35394      -6.999817  ]
 [ -25.855688    123.3154       -6.999817  ]
 [   0.14616744    0.03186278    0.        ]
 [   0.            0.            0.1496    ]]

iter 09 cost=1.968509 -> 1.933783 |dtheta|=2.113424e-03  lambda=0.000e+00

============================================================
Iteration 10
============================================================
Theta offsets (Unity frame):
  Source   : dSx=   0.000, dSy=   0.000, dSz=   0.000  (mm)
  Object   : dOx= -14.001, dOy=   8.000, dOz= -21.993  (mm)
  Object offset: offset_x=  -0.001, offset_z=   0.001  (mm)
  Detector : dDx=   0.000, dDy=   0.000, dDz=   0.000  (mm)
  Obj Stage rotY :   12.297 deg
============================================================

Unity geometry (world coordinates):
  Source   : x=  -2.000, y=  47.000, z=   0.000
  Object   : x=  -0.001, y=  40.000, z= 570.007
  Detector : x=   1.000, y=  47.000, z= 696.000
  Obj rotY :   0.0000 deg
view   0 | SOD= 570.054 mm | SDD= 696.006 mm | M= 1.221 | incident=0.2470°
[[ 119.451775   -557.35394      -6.999817  ]
 [ -25.855688    123.3154       -6.999817  ]
 [   0.14616744    0.03186278    0.        ]
 [   0.            0.            0.1496    ]]
Residual vector length: 810, Jacobian shape: (810, 6)
view   0 | SOD= 570.055 mm | SDD= 696.006 mm | M= 1.221 | incident=0.2470°
[[ 119.460106   -557.35333      -6.9998474 ]
 [ -25.857746    123.31378      -6.9998474 ]
 [   0.14616697    0.03186502    0.        ]
 [   0.            0.            0.1496    ]]

iter 10 cost=1.933783 -> 1.949527 |dtheta|=1.823991e-03  lambda=0.000e+00

============================================================
Iteration 11
============================================================
Theta offsets (Unity frame):
  Source   : dSx=   0.000, dSy=   0.000, dSz=   0.000  (mm)
  Object   : dOx= -14.001, dOy=   8.000, dOz= -21.993  (mm)
  Object offset: offset_x=  -0.001, offset_z=   0.001  (mm)
  Detector : dDx=   0.000, dDy=   0.000, dDz=   0.000  (mm)
  Obj Stage rotY :   12.297 deg
============================================================

Unity geometry (world coordinates):
  Source   : x=  -2.000, y=  47.000, z=   0.000
  Object   : x=  -0.001, y=  40.000, z= 570.007
  Detector : x=   1.000, y=  47.000, z= 696.000
  Obj rotY :   0.0000 deg
view   0 | SOD= 570.054 mm | SDD= 696.006 mm | M= 1.221 | incident=0.2470°
[[ 119.451775   -557.35394      -6.999817  ]
 [ -25.855688    123.3154       -6.999817  ]
 [   0.14616744    0.03186278    0.        ]
 [   0.            0.            0.1496    ]]
Residual vector length: 810, Jacobian shape: (810, 6)
view   0 | SOD= 570.055 mm | SDD= 696.006 mm | M= 1.221 | incident=0.2470°
[[ 119.460106   -557.35333      -6.9998474 ]
 [ -25.857746    123.31378      -6.9998474 ]
 [   0.14616697    0.03186502    0.        ]
 [   0.            0.            0.1496    ]]

iter 11 cost=1.933783 -> 1.949527 |dtheta|=1.823991e-03  lambda=0.000e+00

============================================================
Iteration 12
============================================================
Theta offsets (Unity frame):
  Source   : dSx=   0.000, dSy=   0.000, dSz=   0.000  (mm)
  Object   : dOx= -14.001, dOy=   8.000, dOz= -21.993  (mm)
  Object offset: offset_x=  -0.001, offset_z=   0.001  (mm)
  Detector : dDx=   0.000, dDy=   0.000, dDz=   0.000  (mm)
  Obj Stage rotY :   12.297 deg
============================================================

Unity geometry (world coordinates):
  Source   : x=  -2.000, y=  47.000, z=   0.000
  Object   : x=  -0.001, y=  40.000, z= 570.007
  Detector : x=   1.000, y=  47.000, z= 696.000
  Obj rotY :   0.0000 deg
view   0 | SOD= 570.054 mm | SDD= 696.006 mm | M= 1.221 | incident=0.2470°
[[ 119.451775   -557.35394      -6.999817  ]
 [ -25.855688    123.3154       -6.999817  ]
 [   0.14616744    0.03186278    0.        ]
 [   0.            0.            0.1496    ]]
Residual vector length: 810, Jacobian shape: (810, 6)
view   0 | SOD= 570.055 mm | SDD= 696.006 mm | M= 1.221 | incident=0.2470°
[[ 119.460106   -557.35333      -6.9998474 ]
 [ -25.857746    123.31378      -6.9998474 ]
 [   0.14616697    0.03186502    0.        ]
 [   0.            0.            0.1496    ]]

iter 12 cost=1.933783 -> 1.949527 |dtheta|=1.823991e-03  lambda=0.000e+00

============================================================
Iteration 13
============================================================
Theta offsets (Unity frame):
  Source   : dSx=   0.000, dSy=   0.000, dSz=   0.000  (mm)
  Object   : dOx= -14.001, dOy=   8.000, dOz= -21.993  (mm)
  Object offset: offset_x=  -0.001, offset_z=   0.001  (mm)
  Detector : dDx=   0.000, dDy=   0.000, dDz=   0.000  (mm)
  Obj Stage rotY :   12.297 deg
============================================================

Unity geometry (world coordinates):
  Source   : x=  -2.000, y=  47.000, z=   0.000
  Object   : x=  -0.001, y=  40.000, z= 570.007
  Detector : x=   1.000, y=  47.000, z= 696.000
  Obj rotY :   0.0000 deg
view   0 | SOD= 570.054 mm | SDD= 696.006 mm | M= 1.221 | incident=0.2470°
[[ 119.451775   -557.35394      -6.999817  ]
 [ -25.855688    123.3154       -6.999817  ]
 [   0.14616744    0.03186278    0.        ]
 [   0.            0.            0.1496    ]]
Residual vector length: 810, Jacobian shape: (810, 6)
view   0 | SOD= 570.055 mm | SDD= 696.006 mm | M= 1.221 | incident=0.2470°
[[ 119.460106   -557.35333      -6.9998474 ]
 [ -25.857746    123.31378      -6.9998474 ]
 [   0.14616697    0.03186502    0.        ]
 [   0.            0.            0.1496    ]]

iter 13 cost=1.933783 -> 1.949527 |dtheta|=1.823991e-03  lambda=0.000e+00

============================================================
Iteration 14
============================================================
Theta offsets (Unity frame):
  Source   : dSx=   0.000, dSy=   0.000, dSz=   0.000  (mm)
  Object   : dOx= -14.001, dOy=   8.000, dOz= -21.993  (mm)
  Object offset: offset_x=  -0.001, offset_z=   0.001  (mm)
  Detector : dDx=   0.000, dDy=   0.000, dDz=   0.000  (mm)
  Obj Stage rotY :   12.297 deg
============================================================

Unity geometry (world coordinates):
  Source   : x=  -2.000, y=  47.000, z=   0.000
  Object   : x=  -0.001, y=  40.000, z= 570.007
  Detector : x=   1.000, y=  47.000, z= 696.000
  Obj rotY :   0.0000 deg
view   0 | SOD= 570.054 mm | SDD= 696.006 mm | M= 1.221 | incident=0.2470°
[[ 119.451775   -557.35394      -6.999817  ]
 [ -25.855688    123.3154       -6.999817  ]
 [   0.14616744    0.03186278    0.        ]
 [   0.            0.            0.1496    ]]
Residual vector length: 810, Jacobian shape: (810, 6)
view   0 | SOD= 570.055 mm | SDD= 696.006 mm | M= 1.221 | incident=0.2470°
[[ 119.460106   -557.35333      -6.9998474 ]
 [ -25.857746    123.31378      -6.9998474 ]
 [   0.14616697    0.03186502    0.        ]
 [   0.            0.            0.1496    ]]

iter 14 cost=1.933783 -> 1.949527 |dtheta|=1.823991e-03  lambda=0.000e+00

============================================================
Iteration 15
============================================================
Theta offsets (Unity frame):
  Source   : dSx=   0.000, dSy=   0.000, dSz=   0.000  (mm)
  Object   : dOx= -14.001, dOy=   8.000, dOz= -21.993  (mm)
  Object offset: offset_x=  -0.001, offset_z=   0.001  (mm)
  Detector : dDx=   0.000, dDy=   0.000, dDz=   0.000  (mm)
  Obj Stage rotY :   12.297 deg
============================================================

Unity geometry (world coordinates):
  Source   : x=  -2.000, y=  47.000, z=   0.000
  Object   : x=  -0.001, y=  40.000, z= 570.007
  Detector : x=   1.000, y=  47.000, z= 696.000
  Obj rotY :   0.0000 deg
view   0 | SOD= 570.054 mm | SDD= 696.006 mm | M= 1.221 | incident=0.2470°
[[ 119.451775   -557.35394      -6.999817  ]
 [ -25.855688    123.3154       -6.999817  ]
 [   0.14616744    0.03186278    0.        ]
 [   0.            0.            0.1496    ]]
Residual vector length: 810, Jacobian shape: (810, 6)
view   0 | SOD= 570.055 mm | SDD= 696.006 mm | M= 1.221 | incident=0.2470°
[[ 119.460106   -557.35333      -6.9998474 ]
 [ -25.857746    123.31378      -6.9998474 ]
 [   0.14616697    0.03186502    0.        ]
 [   0.            0.            0.1496    ]]

iter 15 cost=1.933783 -> 1.949527 |dtheta|=1.823991e-03  lambda=0.000e+00

============================================================
Iteration 16
============================================================
Theta offsets (Unity frame):
  Source   : dSx=   0.000, dSy=   0.000, dSz=   0.000  (mm)
  Object   : dOx= -14.001, dOy=   8.000, dOz= -21.993  (mm)
  Object offset: offset_x=  -0.001, offset_z=   0.001  (mm)
  Detector : dDx=   0.000, dDy=   0.000, dDz=   0.000  (mm)
  Obj Stage rotY :   12.297 deg
============================================================

Unity geometry (world coordinates):
  Source   : x=  -2.000, y=  47.000, z=   0.000
  Object   : x=  -0.001, y=  40.000, z= 570.007
  Detector : x=   1.000, y=  47.000, z= 696.000
  Obj rotY :   0.0000 deg
view   0 | SOD= 570.054 mm | SDD= 696.006 mm | M= 1.221 | incident=0.2470°
[[ 119.451775   -557.35394      -6.999817  ]
 [ -25.855688    123.3154       -6.999817  ]
 [   0.14616744    0.03186278    0.        ]
 [   0.            0.            0.1496    ]]
Residual vector length: 810, Jacobian shape: (810, 6)
view   0 | SOD= 570.055 mm | SDD= 696.006 mm | M= 1.221 | incident=0.2470°
[[ 119.460106   -557.35333      -6.9998474 ]
 [ -25.857746    123.31378      -6.9998474 ]
 [   0.14616697    0.03186502    0.        ]
 [   0.            0.            0.1496    ]]

iter 16 cost=1.933783 -> 1.949527 |dtheta|=1.823991e-03  lambda=0.000e+00
Stalled.

Estimated theta:
  dSx: +0.000000
  dSy: +0.000000
  dOx: -14.000942
  dOy: +8.000183
  dOz: -21.993449
  dDx: +0.000000
  dDy: +0.000000
  dDz: +0.000000
alpha: +1.229743e+01 deg)
offset_x: -0.001145
offset_z: +0.000630

Final cost table:
Fake theta: [  0.    0.  -14.    8.  -22.    0.    0.    0.   12.3   0.    0. ]
Final estimated theta: [  0.           0.         -14.00094212   8.00018287 -21.99344921
   0.           0.           0.          12.29742833  -0.00114511
   0.00063027]
Diff from Expected: [ 0.          0.         -0.00094212  0.00018287  0.00655079  0.
  0.          0.         -0.00257186 -0.00114511  0.00063027]
################################################################################

