
################################################################################
Running scenario=Scan9 Projections=360 Used=360, K=5


============================================================
Iteration 0
============================================================
delta offsets (Unity frame):
  Source   : dSx=   0.000, dSy=   0.000, dSz=   0.000  (mm)
  Object   : dOx=   0.000, dOy=   0.000, dOz=   0.000  (mm)
  Object offset: offset_x=   0.000, offset_z=   0.000  (mm)
  Detector : dDx=   0.000, dDy=   0.000, dDz=   0.000  (mm)
  Obj Stage rotY :    0.000 deg
============================================================

Unity geometry (world coordinates):
  Source   : x= -10.000, y=  29.997, z=   0.000
  Object   : x=   0.541, y=  20.000, z= 800.000
  Detector : x= -20.002, y=  33.656, z=1059.000
  Obj rotY :  -4.5698 deg

Initial calibration:
  Source   : x=   0.000, y=   0.000, z=   0.000
  Object   : x=   0.000, y=   0.000, z=   0.000
  Detector : x=  25.318, y=   6.310, z=  40.001

After Calibration: 

Unity geometry (world coordinates):
  Source   : x= -10.000, y=  29.997, z=   0.000
  Object   : x=   0.541, y=  20.000, z= 800.000
  Detector : x=   5.316, y=  39.966, z=1099.001
  Obj rotY :  -4.5698 deg
view   0 | SOD= 800.131 mm | SDD=1099.153 mm | M= 1.374 | incident=0.9526°
[[ -74.246605   -796.61646      -9.997368  ]
 [  28.582819    297.67035     -19.965702  ]
 [   0.14912441   -0.01191922    0.        ]
 [   0.            0.            0.1496    ]]
Residual vector length: 5400, Jacobian shape: (5400, 6)
view   0 | SOD= 764.610 mm | SDD=1099.153 mm | M= 1.438 | incident=0.9526°
[[ -58.350067   -762.37506       2.8547897 ]
 [  17.731344    334.09613      -7.1135445 ]
 [   0.14937097   -0.00827475    0.        ]
 [   0.            0.            0.1496    ]]
/vol/home/s3777103/Documents/workspace/Thesis/AutoCalibration/gauss_newton_real.py:319: FutureWarning: The behavior of DataFrame concatenation with empty or all-NA entries is deprecated. In a future version, this will no longer exclude empty or all-NA columns when determining the result dtypes. To retain the old behavior, exclude the relevant entries before the concat operation.
  df_r0 = pd.concat([df_r0, df_iter], ignore_index=True)

iter 00 cost=15793816.392921 -> 10058554.056533 |ddelta|=4.461686e+01  lambda=1.000e-02

============================================================
Iteration 1
============================================================
delta offsets (Unity frame):
  Source   : dSx=   0.000, dSy=   0.000, dSz=   0.000  (mm)
  Object   : dOx=  -1.181, dOy=  12.852, dOz= -41.703  (mm)
  Object offset: offset_x=   6.221, offset_z=   6.656  (mm)
  Detector : dDx=   0.000, dDy=   0.000, dDz=   0.000  (mm)
  Obj Stage rotY :    1.399 deg
============================================================

Unity geometry (world coordinates):
  Source   : x= -10.000, y=  29.997, z=   0.000
  Object   : x=  -0.640, y=  32.852, z= 758.297
  Detector : x= -20.002, y=  33.656, z=1059.000
  Obj rotY :  -4.5698 deg

Initial calibration:
  Source   : x=   0.000, y=   0.000, z=   0.000
  Object   : x=   0.000, y=   0.000, z=   0.000
  Detector : x=  25.318, y=   6.310, z=  40.001

After Calibration: 

Unity geometry (world coordinates):
  Source   : x= -10.000, y=  29.997, z=   0.000
  Object   : x=  -0.640, y=  32.852, z= 758.297
  Detector : x=   5.316, y=  39.966, z=1099.001
  Obj rotY :  -4.5698 deg
view   0 | SOD= 764.610 mm | SDD=1099.153 mm | M= 1.438 | incident=0.9526°
[[ -58.350067   -762.37506       2.8547897 ]
 [  17.731344    334.09613      -7.1135445 ]
 [   0.14937097   -0.00827475    0.        ]
 [   0.            0.            0.1496    ]]
Residual vector length: 5400, Jacobian shape: (5400, 6)
view   0 | SOD= 803.392 mm | SDD=1099.153 mm | M= 1.368 | incident=0.9526°
[[ -44.252636   -802.1329       -7.9293213 ]
 [   4.4160266   295.89664     -17.897655  ]
 [   0.14953107   -0.00454099    0.        ]
 [   0.            0.            0.1496    ]]

iter 01 cost=10058554.056533 -> 2203325.257375 |ddelta|=3.853233e+01  lambda=3.333e-03

============================================================
Iteration 2
============================================================
delta offsets (Unity frame):
  Source   : dSx=   0.000, dSy=   0.000, dSz=   0.000  (mm)
  Object   : dOx=  -0.607, dOy=   2.068, dOz=  -4.932  (mm)
  Object offset: offset_x=   9.278, offset_z=   8.806  (mm)
  Detector : dDx=   0.000, dDy=   0.000, dDz=   0.000  (mm)
  Obj Stage rotY :    2.830 deg
============================================================

Unity geometry (world coordinates):
  Source   : x= -10.000, y=  29.997, z=   0.000
  Object   : x=  -0.067, y=  22.068, z= 795.067
  Detector : x= -20.002, y=  33.656, z=1059.000
  Obj rotY :  -4.5698 deg

Initial calibration:
  Source   : x=   0.000, y=   0.000, z=   0.000
  Object   : x=   0.000, y=   0.000, z=   0.000
  Detector : x=  25.318, y=   6.310, z=  40.001

After Calibration: 

Unity geometry (world coordinates):
  Source   : x= -10.000, y=  29.997, z=   0.000
  Object   : x=  -0.067, y=  22.068, z= 795.067
  Detector : x=   5.316, y=  39.966, z=1099.001
  Obj rotY :  -4.5698 deg
view   0 | SOD= 803.392 mm | SDD=1099.153 mm | M= 1.368 | incident=0.9526°
[[ -44.252636   -802.1329       -7.9293213 ]
 [   4.4160266   295.89664     -17.897655  ]
 [   0.14953107   -0.00454099    0.        ]
 [   0.            0.            0.1496    ]]
Residual vector length: 5400, Jacobian shape: (5400, 6)
view   0 | SOD= 819.168 mm | SDD=1099.153 mm | M= 1.342 | incident=0.9526°
[[ -25.831863   -818.75275      -3.4928284 ]
 [  -6.5221334   280.1852      -13.461163  ]
 [   0.14959902   -0.0005436     0.        ]
 [   0.            0.            0.1496    ]]

iter 02 cost=2203325.257375 -> 870681.837593 |ddelta|=1.470740e+01  lambda=1.111e-03

============================================================
Iteration 3
============================================================
delta offsets (Unity frame):
  Source   : dSx=   0.000, dSy=   0.000, dSz=   0.000  (mm)
  Object   : dOx=  -0.414, dOy=   6.505, dOz=   8.536  (mm)
  Object offset: offset_x=  11.868, offset_z=  11.288  (mm)
  Detector : dDx=   0.000, dDy=   0.000, dDz=   0.000  (mm)
  Obj Stage rotY :    4.362 deg
============================================================

Unity geometry (world coordinates):
  Source   : x= -10.000, y=  29.997, z=   0.000
  Object   : x=   0.126, y=  26.505, z= 808.535
  Detector : x= -20.002, y=  33.656, z=1059.000
  Obj rotY :  -4.5698 deg

Initial calibration:
  Source   : x=   0.000, y=   0.000, z=   0.000
  Object   : x=   0.000, y=   0.000, z=   0.000
  Detector : x=  25.318, y=   6.310, z=  40.001

After Calibration: 

Unity geometry (world coordinates):
  Source   : x= -10.000, y=  29.997, z=   0.000
  Object   : x=   0.126, y=  26.505, z= 808.535
  Detector : x=   5.316, y=  39.966, z=1099.001
  Obj rotY :  -4.5698 deg
view   0 | SOD= 819.168 mm | SDD=1099.153 mm | M= 1.342 | incident=0.9526°
[[ -25.831863   -818.75275      -3.4928284 ]
 [  -6.5221334   280.1852      -13.461163  ]
 [   0.14959902   -0.0005436     0.        ]
 [   0.            0.            0.1496    ]]
Residual vector length: 5400, Jacobian shape: (5400, 6)
view   0 | SOD= 821.670 mm | SDD=1099.153 mm | M= 1.338 | incident=0.9526°
[[ -18.660706   -821.42914      -6.846649  ]
 [ -10.231266    277.64612     -16.814983  ]
 [   0.14959706    0.00093744    0.        ]
 [   0.            0.            0.1496    ]]

iter 03 cost=870681.837593 -> 420559.614349 |ddelta|=3.997011e+00  lambda=3.704e-04

============================================================
Iteration 4
============================================================
delta offsets (Unity frame):
  Source   : dSx=   0.000, dSy=   0.000, dSz=   0.000  (mm)
  Object   : dOx=  -0.334, dOy=   3.151, dOz=  10.323  (mm)
  Object offset: offset_x=  12.684, offset_z=  12.022  (mm)
  Detector : dDx=   0.000, dDy=   0.000, dDz=   0.000  (mm)
  Obj Stage rotY :    4.929 deg
============================================================

Unity geometry (world coordinates):
  Source   : x= -10.000, y=  29.997, z=   0.000
  Object   : x=   0.206, y=  23.151, z= 810.323
  Detector : x= -20.002, y=  33.656, z=1059.000
  Obj rotY :  -4.5698 deg

Initial calibration:
  Source   : x=   0.000, y=   0.000, z=   0.000
  Object   : x=   0.000, y=   0.000, z=   0.000
  Detector : x=  25.318, y=   6.310, z=  40.001

After Calibration: 

Unity geometry (world coordinates):
  Source   : x= -10.000, y=  29.997, z=   0.000
  Object   : x=   0.206, y=  23.151, z= 810.323
  Detector : x=   5.316, y=  39.966, z=1099.001
  Obj rotY :  -4.5698 deg
view   0 | SOD= 821.670 mm | SDD=1099.153 mm | M= 1.338 | incident=0.9526°
[[ -18.660706   -821.42914      -6.846649  ]
 [ -10.231266    277.64612     -16.814983  ]
 [   0.14959706    0.00093744    0.        ]
 [   0.            0.            0.1496    ]]
Residual vector length: 5400, Jacobian shape: (5400, 6)
view   0 | SOD= 829.540 mm | SDD=1099.153 mm | M= 1.325 | incident=0.9526°
[[ -15.36649    -829.38434      -4.649948  ]
 [ -12.595474    269.71976     -14.618282  ]
 [   0.14959025    0.00170759    0.        ]
 [   0.            0.            0.1496    ]]

iter 04 cost=420559.614349 -> 278324.875287 |ddelta|=7.862362e+00  lambda=1.235e-04

============================================================
Iteration 5
============================================================
delta offsets (Unity frame):
  Source   : dSx=   0.000, dSy=   0.000, dSz=   0.000  (mm)
  Object   : dOx=  -0.217, dOy=   5.347, dOz=  17.801  (mm)
  Object offset: offset_x=  13.558, offset_z=  12.474  (mm)
  Detector : dDx=   0.000, dDy=   0.000, dDz=   0.000  (mm)
  Obj Stage rotY :    5.224 deg
============================================================

Unity geometry (world coordinates):
  Source   : x= -10.000, y=  29.997, z=   0.000
  Object   : x=   0.323, y=  25.347, z= 817.801
  Detector : x= -20.002, y=  33.656, z=1059.000
  Obj rotY :  -4.5698 deg

Initial calibration:
  Source   : x=   0.000, y=   0.000, z=   0.000
  Object   : x=   0.000, y=   0.000, z=   0.000
  Detector : x=  25.318, y=   6.310, z=  40.001

After Calibration: 

Unity geometry (world coordinates):
  Source   : x= -10.000, y=  29.997, z=   0.000
  Object   : x=   0.323, y=  25.347, z= 817.801
  Detector : x=   5.316, y=  39.966, z=1099.001
  Obj rotY :  -4.5698 deg
view   0 | SOD= 829.540 mm | SDD=1099.153 mm | M= 1.325 | incident=0.9526°
[[ -15.36649    -829.38434      -4.649948  ]
 [ -12.595474    269.71976     -14.618282  ]
 [   0.14959025    0.00170759    0.        ]
 [   0.            0.            0.1496    ]]
Residual vector length: 5400, Jacobian shape: (5400, 6)
view   0 | SOD= 827.882 mm | SDD=1099.153 mm | M= 1.328 | incident=0.9526°
[[ -11.378687   -827.7792       -6.3955097 ]
 [ -14.388395    271.3243      -16.363844  ]
 [   0.1495792     0.00249433    0.        ]
 [   0.            0.            0.1496    ]]

iter 05 cost=278324.875287 -> 187491.350869 |ddelta|=2.619498e+00  lambda=4.115e-05

============================================================
Iteration 6
============================================================
delta offsets (Unity frame):
  Source   : dSx=   0.000, dSy=   0.000, dSz=   0.000  (mm)
  Object   : dOx=  -0.374, dOy=   3.602, dOz=  15.953  (mm)
  Object offset: offset_x=  14.046, offset_z=  12.682  (mm)
  Detector : dDx=   0.000, dDy=   0.000, dDz=   0.000  (mm)
  Obj Stage rotY :    5.525 deg
============================================================

Unity geometry (world coordinates):
  Source   : x= -10.000, y=  29.997, z=   0.000
  Object   : x=   0.166, y=  23.602, z= 815.952
  Detector : x= -20.002, y=  33.656, z=1059.000
  Obj rotY :  -4.5698 deg

Initial calibration:
  Source   : x=   0.000, y=   0.000, z=   0.000
  Object   : x=   0.000, y=   0.000, z=   0.000
  Detector : x=  25.318, y=   6.310, z=  40.001

After Calibration: 

Unity geometry (world coordinates):
  Source   : x= -10.000, y=  29.997, z=   0.000
  Object   : x=   0.166, y=  23.602, z= 815.952
  Detector : x=   5.316, y=  39.966, z=1099.001
  Obj rotY :  -4.5698 deg
view   0 | SOD= 827.882 mm | SDD=1099.153 mm | M= 1.328 | incident=0.9526°
[[ -11.378687   -827.7792       -6.3955097 ]
 [ -14.388395    271.3243      -16.363844  ]
 [   0.1495792     0.00249433    0.        ]
 [   0.            0.            0.1496    ]]
Residual vector length: 5400, Jacobian shape: (5400, 6)
view   0 | SOD= 828.275 mm | SDD=1099.153 mm | M= 1.327 | incident=0.9526°
[[  -7.354978   -828.2257       -5.1730347 ]
 [ -16.290115    270.84555     -15.141369  ]
 [   0.14956358    0.0033007     0.        ]
 [   0.            0.            0.1496    ]]

iter 06 cost=187491.350869 -> 148128.179771 |ddelta|=1.389505e+00  lambda=1.372e-05

============================================================
Iteration 7
============================================================
delta offsets (Unity frame):
  Source   : dSx=   0.000, dSy=   0.000, dSz=   0.000  (mm)
  Object   : dOx=  -0.377, dOy=   4.824, dOz=  16.323  (mm)
  Object offset: offset_x=  14.495, offset_z=  12.735  (mm)
  Detector : dDx=   0.000, dDy=   0.000, dDz=   0.000  (mm)
  Obj Stage rotY :    5.834 deg
============================================================

Unity geometry (world coordinates):
  Source   : x= -10.000, y=  29.997, z=   0.000
  Object   : x=   0.163, y=  24.824, z= 816.322
  Detector : x= -20.002, y=  33.656, z=1059.000
  Obj rotY :  -4.5698 deg

Initial calibration:
  Source   : x=   0.000, y=   0.000, z=   0.000
  Object   : x=   0.000, y=   0.000, z=   0.000
  Detector : x=  25.318, y=   6.310, z=  40.001

After Calibration: 

Unity geometry (world coordinates):
  Source   : x= -10.000, y=  29.997, z=   0.000
  Object   : x=   0.163, y=  24.824, z= 816.322
  Detector : x=   5.316, y=  39.966, z=1099.001
  Obj rotY :  -4.5698 deg
view   0 | SOD= 828.275 mm | SDD=1099.153 mm | M= 1.327 | incident=0.9526°
[[  -7.354978   -828.2257       -5.1730347 ]
 [ -16.290115    270.84555     -15.141369  ]
 [   0.14956358    0.0033007     0.        ]
 [   0.            0.            0.1496    ]]
Residual vector length: 5400, Jacobian shape: (5400, 6)
view   0 | SOD= 828.959 mm | SDD=1099.153 mm | M= 1.326 | incident=0.9526°
[[  -5.540954   -828.9178       -6.0838604 ]
 [ -16.953375    270.13052     -16.052195  ]
 [   0.14955576    0.00363781    0.        ]
 [   0.            0.            0.1496    ]]

iter 07 cost=148128.179771 -> 136837.059503 |ddelta|=1.125337e+00  lambda=4.572e-06

============================================================
Iteration 8
============================================================
delta offsets (Unity frame):
  Source   : dSx=   0.000, dSy=   0.000, dSz=   0.000  (mm)
  Object   : dOx=  -0.544, dOy=   3.914, dOz=  16.894  (mm)
  Object offset: offset_x=  14.721, offset_z=  12.858  (mm)
  Detector : dDx=   0.000, dDy=   0.000, dDz=   0.000  (mm)
  Obj Stage rotY :    5.963 deg
============================================================

Unity geometry (world coordinates):
  Source   : x= -10.000, y=  29.997, z=   0.000
  Object   : x=  -0.003, y=  23.914, z= 816.893
  Detector : x= -20.002, y=  33.656, z=1059.000
  Obj rotY :  -4.5698 deg

Initial calibration:
  Source   : x=   0.000, y=   0.000, z=   0.000
  Object   : x=   0.000, y=   0.000, z=   0.000
  Detector : x=  25.318, y=   6.310, z=  40.001

After Calibration: 

Unity geometry (world coordinates):
  Source   : x= -10.000, y=  29.997, z=   0.000
  Object   : x=  -0.003, y=  23.914, z= 816.893
  Detector : x=   5.316, y=  39.966, z=1099.001
  Obj rotY :  -4.5698 deg
view   0 | SOD= 828.959 mm | SDD=1099.153 mm | M= 1.326 | incident=0.9526°
[[  -5.540954   -828.9178       -6.0838604 ]
 [ -16.953375    270.13052     -16.052195  ]
 [   0.14955576    0.00363781    0.        ]
 [   0.            0.            0.1496    ]]
Residual vector length: 5400, Jacobian shape: (5400, 6)
view   0 | SOD= 828.532 mm | SDD=1099.153 mm | M= 1.327 | incident=0.9526°
[[  -7.343301   -828.4817       -5.3778553 ]
 [ -16.841398    270.58487     -15.3461895 ]
 [   0.14956187    0.00337731    0.        ]
 [   0.            0.            0.1496    ]]

iter 08 cost=136837.059503 -> 128885.943253 |ddelta|=9.186308e-01  lambda=1.524e-06

============================================================
Iteration 9
============================================================
delta offsets (Unity frame):
  Source   : dSx=   0.000, dSy=   0.000, dSz=   0.000  (mm)
  Object   : dOx=  -0.294, dOy=   4.620, dOz=  16.386  (mm)
  Object offset: offset_x=  14.814, offset_z=  12.940  (mm)
  Detector : dDx=   0.000, dDy=   0.000, dDz=   0.000  (mm)
  Obj Stage rotY :    5.863 deg
============================================================

Unity geometry (world coordinates):
  Source   : x= -10.000, y=  29.997, z=   0.000
  Object   : x=   0.247, y=  24.620, z= 816.386
  Detector : x= -20.002, y=  33.656, z=1059.000
  Obj rotY :  -4.5698 deg

Initial calibration:
  Source   : x=   0.000, y=   0.000, z=   0.000
  Object   : x=   0.000, y=   0.000, z=   0.000
  Detector : x=  25.318, y=   6.310, z=  40.001

After Calibration: 

Unity geometry (world coordinates):
  Source   : x= -10.000, y=  29.997, z=   0.000
  Object   : x=   0.247, y=  24.620, z= 816.386
  Detector : x=   5.316, y=  39.966, z=1099.001
  Obj rotY :  -4.5698 deg
view   0 | SOD= 828.532 mm | SDD=1099.153 mm | M= 1.327 | incident=0.9526°
[[  -7.343301   -828.4817       -5.3778553 ]
 [ -16.841398    270.58487     -15.3461895 ]
 [   0.14956187    0.00337731    0.        ]
 [   0.            0.            0.1496    ]]
Residual vector length: 5400, Jacobian shape: (5400, 6)
view   0 | SOD= 828.097 mm | SDD=1099.153 mm | M= 1.327 | incident=0.9526°
[[  -6.014748   -828.0538       -5.947384  ]
 [ -16.91727     270.99976     -15.915718  ]
 [   0.14955744    0.00356842    0.        ]
 [   0.            0.            0.1496    ]]

iter 09 cost=128885.943253 -> 129511.187408 |ddelta|=7.588187e-01  lambda=1.000e-06

============================================================
Iteration 10
============================================================
delta offsets (Unity frame):
  Source   : dSx=   0.000, dSy=   0.000, dSz=   0.000  (mm)
  Object   : dOx=  -0.294, dOy=   4.620, dOz=  16.386  (mm)
  Object offset: offset_x=  14.814, offset_z=  12.940  (mm)
  Detector : dDx=   0.000, dDy=   0.000, dDz=   0.000  (mm)
  Obj Stage rotY :    5.863 deg
============================================================

Unity geometry (world coordinates):
  Source   : x= -10.000, y=  29.997, z=   0.000
  Object   : x=   0.247, y=  24.620, z= 816.386
  Detector : x= -20.002, y=  33.656, z=1059.000
  Obj rotY :  -4.5698 deg

Initial calibration:
  Source   : x=   0.000, y=   0.000, z=   0.000
  Object   : x=   0.000, y=   0.000, z=   0.000
  Detector : x=  25.318, y=   6.310, z=  40.001

After Calibration: 

Unity geometry (world coordinates):
  Source   : x= -10.000, y=  29.997, z=   0.000
  Object   : x=   0.247, y=  24.620, z= 816.386
  Detector : x=   5.316, y=  39.966, z=1099.001
  Obj rotY :  -4.5698 deg
view   0 | SOD= 828.532 mm | SDD=1099.153 mm | M= 1.327 | incident=0.9526°
[[  -7.343301   -828.4817       -5.3778553 ]
 [ -16.841398    270.58487     -15.3461895 ]
 [   0.14956187    0.00337731    0.        ]
 [   0.            0.            0.1496    ]]
Residual vector length: 5400, Jacobian shape: (5400, 6)
view   0 | SOD= 828.097 mm | SDD=1099.153 mm | M= 1.327 | incident=0.9526°
[[  -6.014748   -828.0538       -5.947384  ]
 [ -16.91727     270.99976     -15.915718  ]
 [   0.14955744    0.00356842    0.        ]
 [   0.            0.            0.1496    ]]

iter 10 cost=128885.943253 -> 129511.187408 |ddelta|=7.588187e-01  lambda=5.000e-06

============================================================
Iteration 11
============================================================
delta offsets (Unity frame):
  Source   : dSx=   0.000, dSy=   0.000, dSz=   0.000  (mm)
  Object   : dOx=  -0.294, dOy=   4.620, dOz=  16.386  (mm)
  Object offset: offset_x=  14.814, offset_z=  12.940  (mm)
  Detector : dDx=   0.000, dDy=   0.000, dDz=   0.000  (mm)
  Obj Stage rotY :    5.863 deg
============================================================

Unity geometry (world coordinates):
  Source   : x= -10.000, y=  29.997, z=   0.000
  Object   : x=   0.247, y=  24.620, z= 816.386
  Detector : x= -20.002, y=  33.656, z=1059.000
  Obj rotY :  -4.5698 deg

Initial calibration:
  Source   : x=   0.000, y=   0.000, z=   0.000
  Object   : x=   0.000, y=   0.000, z=   0.000
  Detector : x=  25.318, y=   6.310, z=  40.001

After Calibration: 

Unity geometry (world coordinates):
  Source   : x= -10.000, y=  29.997, z=   0.000
  Object   : x=   0.247, y=  24.620, z= 816.386
  Detector : x=   5.316, y=  39.966, z=1099.001
  Obj rotY :  -4.5698 deg
view   0 | SOD= 828.532 mm | SDD=1099.153 mm | M= 1.327 | incident=0.9526°
[[  -7.343301   -828.4817       -5.3778553 ]
 [ -16.841398    270.58487     -15.3461895 ]
 [   0.14956187    0.00337731    0.        ]
 [   0.            0.            0.1496    ]]
Residual vector length: 5400, Jacobian shape: (5400, 6)
view   0 | SOD= 828.097 mm | SDD=1099.153 mm | M= 1.327 | incident=0.9526°
[[  -6.014748   -828.0538       -5.947384  ]
 [ -16.91727     270.99976     -15.915718  ]
 [   0.14955744    0.00356842    0.        ]
 [   0.            0.            0.1496    ]]

iter 11 cost=128885.943253 -> 129511.187408 |ddelta|=7.588187e-01  lambda=2.500e-05

============================================================
Iteration 12
============================================================
delta offsets (Unity frame):
  Source   : dSx=   0.000, dSy=   0.000, dSz=   0.000  (mm)
  Object   : dOx=  -0.294, dOy=   4.620, dOz=  16.386  (mm)
  Object offset: offset_x=  14.814, offset_z=  12.940  (mm)
  Detector : dDx=   0.000, dDy=   0.000, dDz=   0.000  (mm)
  Obj Stage rotY :    5.863 deg
============================================================

Unity geometry (world coordinates):
  Source   : x= -10.000, y=  29.997, z=   0.000
  Object   : x=   0.247, y=  24.620, z= 816.386
  Detector : x= -20.002, y=  33.656, z=1059.000
  Obj rotY :  -4.5698 deg

Initial calibration:
  Source   : x=   0.000, y=   0.000, z=   0.000
  Object   : x=   0.000, y=   0.000, z=   0.000
  Detector : x=  25.318, y=   6.310, z=  40.001

After Calibration: 

Unity geometry (world coordinates):
  Source   : x= -10.000, y=  29.997, z=   0.000
  Object   : x=   0.247, y=  24.620, z= 816.386
  Detector : x=   5.316, y=  39.966, z=1099.001
  Obj rotY :  -4.5698 deg
view   0 | SOD= 828.532 mm | SDD=1099.153 mm | M= 1.327 | incident=0.9526°
[[  -7.343301   -828.4817       -5.3778553 ]
 [ -16.841398    270.58487     -15.3461895 ]
 [   0.14956187    0.00337731    0.        ]
 [   0.            0.            0.1496    ]]
Residual vector length: 5400, Jacobian shape: (5400, 6)
view   0 | SOD= 828.097 mm | SDD=1099.153 mm | M= 1.327 | incident=0.9526°
[[  -6.014748   -828.0538       -5.947384  ]
 [ -16.91727     270.99976     -15.915718  ]
 [   0.14955744    0.00356842    0.        ]
 [   0.            0.            0.1496    ]]

iter 12 cost=128885.943253 -> 129511.187408 |ddelta|=7.588186e-01  lambda=1.250e-04

============================================================
Iteration 13
============================================================
delta offsets (Unity frame):
  Source   : dSx=   0.000, dSy=   0.000, dSz=   0.000  (mm)
  Object   : dOx=  -0.294, dOy=   4.620, dOz=  16.386  (mm)
  Object offset: offset_x=  14.814, offset_z=  12.940  (mm)
  Detector : dDx=   0.000, dDy=   0.000, dDz=   0.000  (mm)
  Obj Stage rotY :    5.863 deg
============================================================

Unity geometry (world coordinates):
  Source   : x= -10.000, y=  29.997, z=   0.000
  Object   : x=   0.247, y=  24.620, z= 816.386
  Detector : x= -20.002, y=  33.656, z=1059.000
  Obj rotY :  -4.5698 deg

Initial calibration:
  Source   : x=   0.000, y=   0.000, z=   0.000
  Object   : x=   0.000, y=   0.000, z=   0.000
  Detector : x=  25.318, y=   6.310, z=  40.001

After Calibration: 

Unity geometry (world coordinates):
  Source   : x= -10.000, y=  29.997, z=   0.000
  Object   : x=   0.247, y=  24.620, z= 816.386
  Detector : x=   5.316, y=  39.966, z=1099.001
  Obj rotY :  -4.5698 deg
view   0 | SOD= 828.532 mm | SDD=1099.153 mm | M= 1.327 | incident=0.9526°
[[  -7.343301   -828.4817       -5.3778553 ]
 [ -16.841398    270.58487     -15.3461895 ]
 [   0.14956187    0.00337731    0.        ]
 [   0.            0.            0.1496    ]]
Residual vector length: 5400, Jacobian shape: (5400, 6)
view   0 | SOD= 828.097 mm | SDD=1099.153 mm | M= 1.327 | incident=0.9526°
[[  -6.014748   -828.0538       -5.947384  ]
 [ -16.91727     270.99976     -15.915718  ]
 [   0.14955744    0.00356842    0.        ]
 [   0.            0.            0.1496    ]]

iter 13 cost=128885.943253 -> 129511.187408 |ddelta|=7.588184e-01  lambda=6.250e-04

============================================================
Iteration 14
============================================================
delta offsets (Unity frame):
  Source   : dSx=   0.000, dSy=   0.000, dSz=   0.000  (mm)
  Object   : dOx=  -0.294, dOy=   4.620, dOz=  16.386  (mm)
  Object offset: offset_x=  14.814, offset_z=  12.940  (mm)
  Detector : dDx=   0.000, dDy=   0.000, dDz=   0.000  (mm)
  Obj Stage rotY :    5.863 deg
============================================================

Unity geometry (world coordinates):
  Source   : x= -10.000, y=  29.997, z=   0.000
  Object   : x=   0.247, y=  24.620, z= 816.386
  Detector : x= -20.002, y=  33.656, z=1059.000
  Obj rotY :  -4.5698 deg

Initial calibration:
  Source   : x=   0.000, y=   0.000, z=   0.000
  Object   : x=   0.000, y=   0.000, z=   0.000
  Detector : x=  25.318, y=   6.310, z=  40.001

After Calibration: 

Unity geometry (world coordinates):
  Source   : x= -10.000, y=  29.997, z=   0.000
  Object   : x=   0.247, y=  24.620, z= 816.386
  Detector : x=   5.316, y=  39.966, z=1099.001
  Obj rotY :  -4.5698 deg
view   0 | SOD= 828.532 mm | SDD=1099.153 mm | M= 1.327 | incident=0.9526°
[[  -7.343301   -828.4817       -5.3778553 ]
 [ -16.841398    270.58487     -15.3461895 ]
 [   0.14956187    0.00337731    0.        ]
 [   0.            0.            0.1496    ]]
Residual vector length: 5400, Jacobian shape: (5400, 6)
view   0 | SOD= 828.097 mm | SDD=1099.153 mm | M= 1.327 | incident=0.9526°
[[  -6.014747   -828.0538       -5.947384  ]
 [ -16.91727     270.99976     -15.915718  ]
 [   0.14955744    0.00356842    0.        ]
 [   0.            0.            0.1496    ]]

iter 14 cost=128885.943253 -> 129512.789532 |ddelta|=7.588171e-01  lambda=3.125e-03

============================================================
Iteration 15
============================================================
delta offsets (Unity frame):
  Source   : dSx=   0.000, dSy=   0.000, dSz=   0.000  (mm)
  Object   : dOx=  -0.294, dOy=   4.620, dOz=  16.386  (mm)
  Object offset: offset_x=  14.814, offset_z=  12.940  (mm)
  Detector : dDx=   0.000, dDy=   0.000, dDz=   0.000  (mm)
  Obj Stage rotY :    5.863 deg
============================================================

Unity geometry (world coordinates):
  Source   : x= -10.000, y=  29.997, z=   0.000
  Object   : x=   0.247, y=  24.620, z= 816.386
  Detector : x= -20.002, y=  33.656, z=1059.000
  Obj rotY :  -4.5698 deg

Initial calibration:
  Source   : x=   0.000, y=   0.000, z=   0.000
  Object   : x=   0.000, y=   0.000, z=   0.000
  Detector : x=  25.318, y=   6.310, z=  40.001

After Calibration: 

Unity geometry (world coordinates):
  Source   : x= -10.000, y=  29.997, z=   0.000
  Object   : x=   0.247, y=  24.620, z= 816.386
  Detector : x=   5.316, y=  39.966, z=1099.001
  Obj rotY :  -4.5698 deg
view   0 | SOD= 828.532 mm | SDD=1099.153 mm | M= 1.327 | incident=0.9526°
[[  -7.343301   -828.4817       -5.3778553 ]
 [ -16.841398    270.58487     -15.3461895 ]
 [   0.14956187    0.00337731    0.        ]
 [   0.            0.            0.1496    ]]
Residual vector length: 5400, Jacobian shape: (5400, 6)
view   0 | SOD= 828.097 mm | SDD=1099.153 mm | M= 1.327 | incident=0.9526°
[[  -6.0147424  -828.0538       -5.947384  ]
 [ -16.917273    270.99976     -15.915718  ]
 [   0.14955744    0.00356842    0.        ]
 [   0.            0.            0.1496    ]]

iter 15 cost=128885.943253 -> 129512.943657 |ddelta|=7.588107e-01  lambda=1.562e-02

============================================================
Iteration 16
============================================================
delta offsets (Unity frame):
  Source   : dSx=   0.000, dSy=   0.000, dSz=   0.000  (mm)
  Object   : dOx=  -0.294, dOy=   4.620, dOz=  16.386  (mm)
  Object offset: offset_x=  14.814, offset_z=  12.940  (mm)
  Detector : dDx=   0.000, dDy=   0.000, dDz=   0.000  (mm)
  Obj Stage rotY :    5.863 deg
============================================================

Unity geometry (world coordinates):
  Source   : x= -10.000, y=  29.997, z=   0.000
  Object   : x=   0.247, y=  24.620, z= 816.386
  Detector : x= -20.002, y=  33.656, z=1059.000
  Obj rotY :  -4.5698 deg

Initial calibration:
  Source   : x=   0.000, y=   0.000, z=   0.000
  Object   : x=   0.000, y=   0.000, z=   0.000
  Detector : x=  25.318, y=   6.310, z=  40.001

After Calibration: 

Unity geometry (world coordinates):
  Source   : x= -10.000, y=  29.997, z=   0.000
  Object   : x=   0.247, y=  24.620, z= 816.386
  Detector : x=   5.316, y=  39.966, z=1099.001
  Obj rotY :  -4.5698 deg
view   0 | SOD= 828.532 mm | SDD=1099.153 mm | M= 1.327 | incident=0.9526°
[[  -7.343301   -828.4817       -5.3778553 ]
 [ -16.841398    270.58487     -15.3461895 ]
 [   0.14956187    0.00337731    0.        ]
 [   0.            0.            0.1496    ]]
Residual vector length: 5400, Jacobian shape: (5400, 6)
view   0 | SOD= 828.097 mm | SDD=1099.153 mm | M= 1.327 | incident=0.9526°
[[  -6.0147204  -828.05383      -5.947382  ]
 [ -16.917282    270.9997      -15.915716  ]
 [   0.14955744    0.00356843    0.        ]
 [   0.            0.            0.1496    ]]

iter 16 cost=128885.943253 -> 129515.192695 |ddelta|=7.587791e-01  lambda=7.812e-02

============================================================
Iteration 17
============================================================
delta offsets (Unity frame):
  Source   : dSx=   0.000, dSy=   0.000, dSz=   0.000  (mm)
  Object   : dOx=  -0.294, dOy=   4.620, dOz=  16.386  (mm)
  Object offset: offset_x=  14.814, offset_z=  12.940  (mm)
  Detector : dDx=   0.000, dDy=   0.000, dDz=   0.000  (mm)
  Obj Stage rotY :    5.863 deg
============================================================

Unity geometry (world coordinates):
  Source   : x= -10.000, y=  29.997, z=   0.000
  Object   : x=   0.247, y=  24.620, z= 816.386
  Detector : x= -20.002, y=  33.656, z=1059.000
  Obj rotY :  -4.5698 deg

Initial calibration:
  Source   : x=   0.000, y=   0.000, z=   0.000
  Object   : x=   0.000, y=   0.000, z=   0.000
  Detector : x=  25.318, y=   6.310, z=  40.001

After Calibration: 

Unity geometry (world coordinates):
  Source   : x= -10.000, y=  29.997, z=   0.000
  Object   : x=   0.247, y=  24.620, z= 816.386
  Detector : x=   5.316, y=  39.966, z=1099.001
  Obj rotY :  -4.5698 deg
view   0 | SOD= 828.532 mm | SDD=1099.153 mm | M= 1.327 | incident=0.9526°
[[  -7.343301   -828.4817       -5.3778553 ]
 [ -16.841398    270.58487     -15.3461895 ]
 [   0.14956187    0.00337731    0.        ]
 [   0.            0.            0.1496    ]]
Residual vector length: 5400, Jacobian shape: (5400, 6)
view   0 | SOD= 828.097 mm | SDD=1099.153 mm | M= 1.327 | incident=0.9526°
[[  -6.014605   -828.05414      -5.94738   ]
 [ -16.917326    270.9994      -15.915714  ]
 [   0.14955743    0.00356845    0.        ]
 [   0.            0.            0.1496    ]]

iter 17 cost=128885.943253 -> 129510.859426 |ddelta|=7.586209e-01  lambda=3.906e-01

============================================================
Iteration 18
============================================================
delta offsets (Unity frame):
  Source   : dSx=   0.000, dSy=   0.000, dSz=   0.000  (mm)
  Object   : dOx=  -0.294, dOy=   4.620, dOz=  16.386  (mm)
  Object offset: offset_x=  14.814, offset_z=  12.940  (mm)
  Detector : dDx=   0.000, dDy=   0.000, dDz=   0.000  (mm)
  Obj Stage rotY :    5.863 deg
============================================================

Unity geometry (world coordinates):
  Source   : x= -10.000, y=  29.997, z=   0.000
  Object   : x=   0.247, y=  24.620, z= 816.386
  Detector : x= -20.002, y=  33.656, z=1059.000
  Obj rotY :  -4.5698 deg

Initial calibration:
  Source   : x=   0.000, y=   0.000, z=   0.000
  Object   : x=   0.000, y=   0.000, z=   0.000
  Detector : x=  25.318, y=   6.310, z=  40.001

After Calibration: 

Unity geometry (world coordinates):
  Source   : x= -10.000, y=  29.997, z=   0.000
  Object   : x=   0.247, y=  24.620, z= 816.386
  Detector : x=   5.316, y=  39.966, z=1099.001
  Obj rotY :  -4.5698 deg
view   0 | SOD= 828.532 mm | SDD=1099.153 mm | M= 1.327 | incident=0.9526°
[[  -7.343301   -828.4817       -5.3778553 ]
 [ -16.841398    270.58487     -15.3461895 ]
 [   0.14956187    0.00337731    0.        ]
 [   0.            0.            0.1496    ]]
Residual vector length: 5400, Jacobian shape: (5400, 6)
view   0 | SOD= 828.099 mm | SDD=1099.153 mm | M= 1.327 | incident=0.9526°
[[  -6.014035   -828.05566      -5.947365  ]
 [ -16.917547    270.99783     -15.915699  ]
 [   0.14955743    0.00356856    0.        ]
 [   0.            0.            0.1496    ]]

iter 18 cost=128885.943253 -> 129514.541726 |ddelta|=7.578344e-01  lambda=1.953e+00

============================================================
Iteration 19
============================================================
delta offsets (Unity frame):
  Source   : dSx=   0.000, dSy=   0.000, dSz=   0.000  (mm)
  Object   : dOx=  -0.294, dOy=   4.620, dOz=  16.386  (mm)
  Object offset: offset_x=  14.814, offset_z=  12.940  (mm)
  Detector : dDx=   0.000, dDy=   0.000, dDz=   0.000  (mm)
  Obj Stage rotY :    5.863 deg
============================================================

Unity geometry (world coordinates):
  Source   : x= -10.000, y=  29.997, z=   0.000
  Object   : x=   0.247, y=  24.620, z= 816.386
  Detector : x= -20.002, y=  33.656, z=1059.000
  Obj rotY :  -4.5698 deg

Initial calibration:
  Source   : x=   0.000, y=   0.000, z=   0.000
  Object   : x=   0.000, y=   0.000, z=   0.000
  Detector : x=  25.318, y=   6.310, z=  40.001

After Calibration: 

Unity geometry (world coordinates):
  Source   : x= -10.000, y=  29.997, z=   0.000
  Object   : x=   0.247, y=  24.620, z= 816.386
  Detector : x=   5.316, y=  39.966, z=1099.001
  Obj rotY :  -4.5698 deg
view   0 | SOD= 828.532 mm | SDD=1099.153 mm | M= 1.327 | incident=0.9526°
[[  -7.343301   -828.4817       -5.3778553 ]
 [ -16.841398    270.58487     -15.3461895 ]
 [   0.14956187    0.00337731    0.        ]
 [   0.            0.            0.1496    ]]
Residual vector length: 5400, Jacobian shape: (5400, 6)
view   0 | SOD= 828.106 mm | SDD=1099.153 mm | M= 1.327 | incident=0.9526°
[[  -6.011248   -828.06305      -5.9472904 ]
 [ -16.918629    270.9904      -15.915625  ]
 [   0.14955741    0.00356908    0.        ]
 [   0.            0.            0.1496    ]]

iter 19 cost=128885.943253 -> 129508.435475 |ddelta|=7.540133e-01  lambda=9.766e+00

============================================================
Iteration 20
============================================================
delta offsets (Unity frame):
  Source   : dSx=   0.000, dSy=   0.000, dSz=   0.000  (mm)
  Object   : dOx=  -0.294, dOy=   4.620, dOz=  16.386  (mm)
  Object offset: offset_x=  14.814, offset_z=  12.940  (mm)
  Detector : dDx=   0.000, dDy=   0.000, dDz=   0.000  (mm)
  Obj Stage rotY :    5.863 deg
============================================================

Unity geometry (world coordinates):
  Source   : x= -10.000, y=  29.997, z=   0.000
  Object   : x=   0.247, y=  24.620, z= 816.386
  Detector : x= -20.002, y=  33.656, z=1059.000
  Obj rotY :  -4.5698 deg

Initial calibration:
  Source   : x=   0.000, y=   0.000, z=   0.000
  Object   : x=   0.000, y=   0.000, z=   0.000
  Detector : x=  25.318, y=   6.310, z=  40.001

After Calibration: 

Unity geometry (world coordinates):
  Source   : x= -10.000, y=  29.997, z=   0.000
  Object   : x=   0.247, y=  24.620, z= 816.386
  Detector : x=   5.316, y=  39.966, z=1099.001
  Obj rotY :  -4.5698 deg
view   0 | SOD= 828.532 mm | SDD=1099.153 mm | M= 1.327 | incident=0.9526°
[[  -7.343301   -828.4817       -5.3778553 ]
 [ -16.841398    270.58487     -15.3461895 ]
 [   0.14956187    0.00337731    0.        ]
 [   0.            0.            0.1496    ]]
Residual vector length: 5400, Jacobian shape: (5400, 6)
view   0 | SOD= 828.140 mm | SDD=1099.153 mm | M= 1.327 | incident=0.9526°
[[  -5.998819   -828.09656      -5.946924  ]
 [ -16.923494    270.95673     -15.915258  ]
 [   0.14955737    0.00357144    0.        ]
 [   0.            0.            0.1496    ]]

iter 20 cost=128885.943253 -> 129486.164848 |ddelta|=7.373561e-01  lambda=4.883e+01

============================================================
Iteration 21
============================================================
delta offsets (Unity frame):
  Source   : dSx=   0.000, dSy=   0.000, dSz=   0.000  (mm)
  Object   : dOx=  -0.294, dOy=   4.620, dOz=  16.386  (mm)
  Object offset: offset_x=  14.814, offset_z=  12.940  (mm)
  Detector : dDx=   0.000, dDy=   0.000, dDz=   0.000  (mm)
  Obj Stage rotY :    5.863 deg
============================================================

Unity geometry (world coordinates):
  Source   : x= -10.000, y=  29.997, z=   0.000
  Object   : x=   0.247, y=  24.620, z= 816.386
  Detector : x= -20.002, y=  33.656, z=1059.000
  Obj rotY :  -4.5698 deg

Initial calibration:
  Source   : x=   0.000, y=   0.000, z=   0.000
  Object   : x=   0.000, y=   0.000, z=   0.000
  Detector : x=  25.318, y=   6.310, z=  40.001

After Calibration: 

Unity geometry (world coordinates):
  Source   : x= -10.000, y=  29.997, z=   0.000
  Object   : x=   0.247, y=  24.620, z= 816.386
  Detector : x=   5.316, y=  39.966, z=1099.001
  Obj rotY :  -4.5698 deg
view   0 | SOD= 828.532 mm | SDD=1099.153 mm | M= 1.327 | incident=0.9526°
[[  -7.343301   -828.4817       -5.3778553 ]
 [ -16.841398    270.58487     -15.3461895 ]
 [   0.14956187    0.00337731    0.        ]
 [   0.            0.            0.1496    ]]
Residual vector length: 5400, Jacobian shape: (5400, 6)
view   0 | SOD= 828.249 mm | SDD=1099.153 mm | M= 1.327 | incident=0.9526°
[[  -5.9607315  -828.20575      -5.945177  ]
 [ -16.939186    270.847       -15.913511  ]
 [   0.14955719    0.00357876    0.        ]
 [   0.            0.            0.1496    ]]

iter 21 cost=128885.943253 -> 129337.809233 |ddelta|=6.900593e-01  lambda=2.441e+02

============================================================
Iteration 22
============================================================
delta offsets (Unity frame):
  Source   : dSx=   0.000, dSy=   0.000, dSz=   0.000  (mm)
  Object   : dOx=  -0.294, dOy=   4.620, dOz=  16.386  (mm)
  Object offset: offset_x=  14.814, offset_z=  12.940  (mm)
  Detector : dDx=   0.000, dDy=   0.000, dDz=   0.000  (mm)
  Obj Stage rotY :    5.863 deg
============================================================

Unity geometry (world coordinates):
  Source   : x= -10.000, y=  29.997, z=   0.000
  Object   : x=   0.247, y=  24.620, z= 816.386
  Detector : x= -20.002, y=  33.656, z=1059.000
  Obj rotY :  -4.5698 deg

Initial calibration:
  Source   : x=   0.000, y=   0.000, z=   0.000
  Object   : x=   0.000, y=   0.000, z=   0.000
  Detector : x=  25.318, y=   6.310, z=  40.001

After Calibration: 

Unity geometry (world coordinates):
  Source   : x= -10.000, y=  29.997, z=   0.000
  Object   : x=   0.247, y=  24.620, z= 816.386
  Detector : x=   5.316, y=  39.966, z=1099.001
  Obj rotY :  -4.5698 deg
view   0 | SOD= 828.532 mm | SDD=1099.153 mm | M= 1.327 | incident=0.9526°
[[  -7.343301   -828.4817       -5.3778553 ]
 [ -16.841398    270.58487     -15.3461895 ]
 [   0.14956187    0.00337731    0.        ]
 [   0.            0.            0.1496    ]]
Residual vector length: 5400, Jacobian shape: (5400, 6)
view   0 | SOD= 828.407 mm | SDD=1099.153 mm | M= 1.327 | incident=0.9526°
[[  -5.9295826  -828.3646       -5.93709   ]
 [ -16.960281    270.6876      -15.905424  ]
 [   0.14955702    0.00358586    0.        ]
 [   0.            0.            0.1496    ]]

iter 22 cost=128885.943253 -> 128993.827654 |ddelta|=6.393327e-01  lambda=1.221e+03

============================================================
Iteration 23
============================================================
delta offsets (Unity frame):
  Source   : dSx=   0.000, dSy=   0.000, dSz=   0.000  (mm)
  Object   : dOx=  -0.294, dOy=   4.620, dOz=  16.386  (mm)
  Object offset: offset_x=  14.814, offset_z=  12.940  (mm)
  Detector : dDx=   0.000, dDy=   0.000, dDz=   0.000  (mm)
  Obj Stage rotY :    5.863 deg
============================================================

Unity geometry (world coordinates):
  Source   : x= -10.000, y=  29.997, z=   0.000
  Object   : x=   0.247, y=  24.620, z= 816.386
  Detector : x= -20.002, y=  33.656, z=1059.000
  Obj rotY :  -4.5698 deg

Initial calibration:
  Source   : x=   0.000, y=   0.000, z=   0.000
  Object   : x=   0.000, y=   0.000, z=   0.000
  Detector : x=  25.318, y=   6.310, z=  40.001

After Calibration: 

Unity geometry (world coordinates):
  Source   : x= -10.000, y=  29.997, z=   0.000
  Object   : x=   0.247, y=  24.620, z= 816.386
  Detector : x=   5.316, y=  39.966, z=1099.001
  Obj rotY :  -4.5698 deg
view   0 | SOD= 828.532 mm | SDD=1099.153 mm | M= 1.327 | incident=0.9526°
[[  -7.343301   -828.4817       -5.3778553 ]
 [ -16.841398    270.58487     -15.3461895 ]
 [   0.14956187    0.00337731    0.        ]
 [   0.            0.            0.1496    ]]
Residual vector length: 5400, Jacobian shape: (5400, 6)
view   0 | SOD= 828.492 mm | SDD=1099.153 mm | M= 1.327 | incident=0.9526°
[[  -6.0414286  -828.4494       -5.9007645 ]
 [ -16.963795    270.60394     -15.869099  ]
 [   0.14955737    0.00357112    0.        ]
 [   0.            0.            0.1496    ]]

iter 23 cost=128885.943253 -> 127628.976549 |ddelta|=5.871418e-01  lambda=6.104e+03

============================================================
Iteration 24
============================================================
delta offsets (Unity frame):
  Source   : dSx=   0.000, dSy=   0.000, dSz=   0.000  (mm)
  Object   : dOx=  -0.547, dOy=   4.097, dOz=  16.361  (mm)
  Object offset: offset_x=  14.839, offset_z=  12.932  (mm)
  Detector : dDx=   0.000, dDy=   0.000, dDz=   0.000  (mm)
  Obj Stage rotY :    5.938 deg
============================================================

Unity geometry (world coordinates):
  Source   : x= -10.000, y=  29.997, z=   0.000
  Object   : x=  -0.007, y=  24.097, z= 816.361
  Detector : x= -20.002, y=  33.656, z=1059.000
  Obj rotY :  -4.5698 deg

Initial calibration:
  Source   : x=   0.000, y=   0.000, z=   0.000
  Object   : x=   0.000, y=   0.000, z=   0.000
  Detector : x=  25.318, y=   6.310, z=  40.001

After Calibration: 

Unity geometry (world coordinates):
  Source   : x= -10.000, y=  29.997, z=   0.000
  Object   : x=  -0.007, y=  24.097, z= 816.361
  Detector : x=   5.316, y=  39.966, z=1099.001
  Obj rotY :  -4.5698 deg
view   0 | SOD= 828.492 mm | SDD=1099.153 mm | M= 1.327 | incident=0.9526°
[[  -6.0414286  -828.4494       -5.9007645 ]
 [ -16.963795    270.60394     -15.869099  ]
 [   0.14955737    0.00357112    0.        ]
 [   0.            0.            0.1496    ]]
Residual vector length: 5400, Jacobian shape: (5400, 6)
view   0 | SOD= 828.181 mm | SDD=1099.153 mm | M= 1.327 | incident=0.9526°
[[  -6.01134    -828.1411       -5.4617386 ]
 [ -17.37783     270.90768     -15.430073  ]
 [   0.14955592    0.00363156    0.        ]
 [   0.            0.            0.1496    ]]

iter 24 cost=127628.976549 -> 126416.944917 |ddelta|=6.166911e-01  lambda=2.035e+03

============================================================
Iteration 25
============================================================
delta offsets (Unity frame):
  Source   : dSx=   0.000, dSy=   0.000, dSz=   0.000  (mm)
  Object   : dOx=  -0.260, dOy=   4.536, dOz=  16.038  (mm)
  Object offset: offset_x=  14.848, offset_z=  12.938  (mm)
  Detector : dDx=   0.000, dDy=   0.000, dDz=   0.000  (mm)
  Obj Stage rotY :    5.961 deg
============================================================

Unity geometry (world coordinates):
  Source   : x= -10.000, y=  29.997, z=   0.000
  Object   : x=   0.281, y=  24.536, z= 816.038
  Detector : x= -20.002, y=  33.656, z=1059.000
  Obj rotY :  -4.5698 deg

Initial calibration:
  Source   : x=   0.000, y=   0.000, z=   0.000
  Object   : x=   0.000, y=   0.000, z=   0.000
  Detector : x=  25.318, y=   6.310, z=  40.001

After Calibration: 

Unity geometry (world coordinates):
  Source   : x= -10.000, y=  29.997, z=   0.000
  Object   : x=   0.281, y=  24.536, z= 816.038
  Detector : x=   5.316, y=  39.966, z=1099.001
  Obj rotY :  -4.5698 deg
view   0 | SOD= 828.181 mm | SDD=1099.153 mm | M= 1.327 | incident=0.9526°
[[  -6.01134    -828.1411       -5.4617386 ]
 [ -17.37783     270.90768     -15.430073  ]
 [   0.14955592    0.00363156    0.        ]
 [   0.            0.            0.1496    ]]
Residual vector length: 5400, Jacobian shape: (5400, 6)
view   0 | SOD= 828.379 mm | SDD=1099.153 mm | M= 1.327 | incident=0.9526°
[[  -2.670424   -828.3536       -5.9078045 ]
 [ -17.93132     270.64804     -15.876139  ]
 [   0.14954211    0.00416149    0.        ]
 [   0.            0.            0.1496    ]]

iter 25 cost=126416.944917 -> 128620.764342 |ddelta|=6.184155e-01  lambda=6.782e+02

============================================================
Iteration 26
============================================================
delta offsets (Unity frame):
  Source   : dSx=   0.000, dSy=   0.000, dSz=   0.000  (mm)
  Object   : dOx=  -0.260, dOy=   4.536, dOz=  16.038  (mm)
  Object offset: offset_x=  14.848, offset_z=  12.938  (mm)
  Detector : dDx=   0.000, dDy=   0.000, dDz=   0.000  (mm)
  Obj Stage rotY :    5.961 deg
============================================================

Unity geometry (world coordinates):
  Source   : x= -10.000, y=  29.997, z=   0.000
  Object   : x=   0.281, y=  24.536, z= 816.038
  Detector : x= -20.002, y=  33.656, z=1059.000
  Obj rotY :  -4.5698 deg

Initial calibration:
  Source   : x=   0.000, y=   0.000, z=   0.000
  Object   : x=   0.000, y=   0.000, z=   0.000
  Detector : x=  25.318, y=   6.310, z=  40.001

After Calibration: 

Unity geometry (world coordinates):
  Source   : x= -10.000, y=  29.997, z=   0.000
  Object   : x=   0.281, y=  24.536, z= 816.038
  Detector : x=   5.316, y=  39.966, z=1099.001
  Obj rotY :  -4.5698 deg
view   0 | SOD= 828.181 mm | SDD=1099.153 mm | M= 1.327 | incident=0.9526°
[[  -6.01134    -828.1411       -5.4617386 ]
 [ -17.37783     270.90768     -15.430073  ]
 [   0.14955592    0.00363156    0.        ]
 [   0.            0.            0.1496    ]]
Residual vector length: 5400, Jacobian shape: (5400, 6)
view   0 | SOD= 828.253 mm | SDD=1099.153 mm | M= 1.327 | incident=0.9526°
[[  -3.4893332  -828.225        -5.890362  ]
 [ -17.68821     270.7909      -15.858696  ]
 [   0.14954606    0.00401698    0.        ]
 [   0.            0.            0.1496    ]]

iter 26 cost=126416.944917 -> 127269.627853 |ddelta|=5.574059e-01  lambda=3.391e+03

============================================================
Iteration 27
============================================================
delta offsets (Unity frame):
  Source   : dSx=   0.000, dSy=   0.000, dSz=   0.000  (mm)
  Object   : dOx=  -0.260, dOy=   4.536, dOz=  16.038  (mm)
  Object offset: offset_x=  14.848, offset_z=  12.938  (mm)
  Detector : dDx=   0.000, dDy=   0.000, dDz=   0.000  (mm)
  Obj Stage rotY :    5.961 deg
============================================================

Unity geometry (world coordinates):
  Source   : x= -10.000, y=  29.997, z=   0.000
  Object   : x=   0.281, y=  24.536, z= 816.038
  Detector : x= -20.002, y=  33.656, z=1059.000
  Obj rotY :  -4.5698 deg

Initial calibration:
  Source   : x=   0.000, y=   0.000, z=   0.000
  Object   : x=   0.000, y=   0.000, z=   0.000
  Detector : x=  25.318, y=   6.310, z=  40.001

After Calibration: 

Unity geometry (world coordinates):
  Source   : x= -10.000, y=  29.997, z=   0.000
  Object   : x=   0.281, y=  24.536, z= 816.038
  Detector : x=   5.316, y=  39.966, z=1099.001
  Obj rotY :  -4.5698 deg
view   0 | SOD= 828.181 mm | SDD=1099.153 mm | M= 1.327 | incident=0.9526°
[[  -6.01134    -828.1411       -5.4617386 ]
 [ -17.37783     270.90768     -15.430073  ]
 [   0.14955592    0.00363156    0.        ]
 [   0.            0.            0.1496    ]]
Residual vector length: 5400, Jacobian shape: (5400, 6)
view   0 | SOD= 828.219 mm | SDD=1099.153 mm | M= 1.327 | incident=0.9526°
[[  -4.76327    -828.1853       -5.821226  ]
 [ -17.369995    270.84995     -15.78956   ]
 [   0.14955172    0.00380033    0.        ]
 [   0.            0.            0.1496    ]]

iter 27 cost=126416.944917 -> 123938.227472 |ddelta|=4.503746e-01  lambda=1.695e+04

============================================================
Iteration 28
============================================================
delta offsets (Unity frame):
  Source   : dSx=   0.000, dSy=   0.000, dSz=   0.000  (mm)
  Object   : dOx=  -0.515, dOy=   4.176, dOz=  16.051  (mm)
  Object offset: offset_x=  14.788, offset_z=  12.966  (mm)
  Detector : dDx=   0.000, dDy=   0.000, dDz=   0.000  (mm)
  Obj Stage rotY :    6.025 deg
============================================================

Unity geometry (world coordinates):
  Source   : x= -10.000, y=  29.997, z=   0.000
  Object   : x=   0.026, y=  24.176, z= 816.050
  Detector : x= -20.002, y=  33.656, z=1059.000
  Obj rotY :  -4.5698 deg

Initial calibration:
  Source   : x=   0.000, y=   0.000, z=   0.000
  Object   : x=   0.000, y=   0.000, z=   0.000
  Detector : x=  25.318, y=   6.310, z=  40.001

After Calibration: 

Unity geometry (world coordinates):
  Source   : x= -10.000, y=  29.997, z=   0.000
  Object   : x=   0.026, y=  24.176, z= 816.050
  Detector : x=   5.316, y=  39.966, z=1099.001
  Obj rotY :  -4.5698 deg
view   0 | SOD= 828.219 mm | SDD=1099.153 mm | M= 1.327 | incident=0.9526°
[[  -4.76327    -828.1853       -5.821226  ]
 [ -17.369995    270.84995     -15.78956   ]
 [   0.14955172    0.00380033    0.        ]
 [   0.            0.            0.1496    ]]
Residual vector length: 5400, Jacobian shape: (5400, 6)
view   0 | SOD= 828.252 mm | SDD=1099.153 mm | M= 1.327 | incident=0.9526°
[[  -4.6192694  -828.2211       -5.5110435 ]
 [ -17.80852     270.80728     -15.479378  ]
 [   0.1495497     0.00387959    0.        ]
 [   0.            0.            0.1496    ]]

iter 28 cost=123938.227472 -> 123557.259262 |ddelta|=4.150283e-01  lambda=5.651e+03

============================================================
Iteration 29
============================================================
delta offsets (Unity frame):
  Source   : dSx=   0.000, dSy=   0.000, dSz=   0.000  (mm)
  Object   : dOx=  -0.267, dOy=   4.486, dOz=  15.988  (mm)
  Object offset: offset_x=  14.829, offset_z=  13.058  (mm)
  Detector : dDx=   0.000, dDy=   0.000, dDz=   0.000  (mm)
  Obj Stage rotY :    6.056 deg
============================================================

Unity geometry (world coordinates):
  Source   : x= -10.000, y=  29.997, z=   0.000
  Object   : x=   0.273, y=  24.486, z= 815.988
  Detector : x= -20.002, y=  33.656, z=1059.000
  Obj rotY :  -4.5698 deg

Initial calibration:
  Source   : x=   0.000, y=   0.000, z=   0.000
  Object   : x=   0.000, y=   0.000, z=   0.000
  Detector : x=  25.318, y=   6.310, z=  40.001

After Calibration: 

Unity geometry (world coordinates):
  Source   : x= -10.000, y=  29.997, z=   0.000
  Object   : x=   0.273, y=  24.486, z= 815.988
  Detector : x=   5.316, y=  39.966, z=1099.001
  Obj rotY :  -4.5698 deg
view   0 | SOD= 828.252 mm | SDD=1099.153 mm | M= 1.327 | incident=0.9526°
[[  -4.6192694  -828.2211       -5.5110435 ]
 [ -17.80852     270.80728     -15.479378  ]
 [   0.1495497     0.00387959    0.        ]
 [   0.            0.            0.1496    ]]
Residual vector length: 5400, Jacobian shape: (5400, 6)
view   0 | SOD= 828.178 mm | SDD=1099.153 mm | M= 1.327 | incident=0.9526°
[[  -3.4731343  -828.14984      -5.8373528 ]
 [ -17.828175    270.86398     -15.805687  ]
 [   0.14954549    0.00403823    0.        ]
 [   0.            0.            0.1496    ]]

iter 29 cost=123557.259262 -> 124170.111060 |ddelta|=4.326538e-01  lambda=1.884e+03

============================================================
Iteration 30
============================================================
delta offsets (Unity frame):
  Source   : dSx=   0.000, dSy=   0.000, dSz=   0.000  (mm)
  Object   : dOx=  -0.267, dOy=   4.486, dOz=  15.988  (mm)
  Object offset: offset_x=  14.829, offset_z=  13.058  (mm)
  Detector : dDx=   0.000, dDy=   0.000, dDz=   0.000  (mm)
  Obj Stage rotY :    6.056 deg
============================================================

Unity geometry (world coordinates):
  Source   : x= -10.000, y=  29.997, z=   0.000
  Object   : x=   0.273, y=  24.486, z= 815.988
  Detector : x= -20.002, y=  33.656, z=1059.000
  Obj rotY :  -4.5698 deg

Initial calibration:
  Source   : x=   0.000, y=   0.000, z=   0.000
  Object   : x=   0.000, y=   0.000, z=   0.000
  Detector : x=  25.318, y=   6.310, z=  40.001

After Calibration: 

Unity geometry (world coordinates):
  Source   : x= -10.000, y=  29.997, z=   0.000
  Object   : x=   0.273, y=  24.486, z= 815.988
  Detector : x=   5.316, y=  39.966, z=1099.001
  Obj rotY :  -4.5698 deg
view   0 | SOD= 828.252 mm | SDD=1099.153 mm | M= 1.327 | incident=0.9526°
[[  -4.6192694  -828.2211       -5.5110435 ]
 [ -17.80852     270.80728     -15.479378  ]
 [   0.1495497     0.00387959    0.        ]
 [   0.            0.            0.1496    ]]
Residual vector length: 5400, Jacobian shape: (5400, 6)
view   0 | SOD= 828.225 mm | SDD=1099.153 mm | M= 1.327 | incident=0.9526°
[[  -3.8992224  -828.19507      -5.805376  ]
 [ -17.726294    270.82553     -15.77371   ]
 [   0.14954741    0.00396638    0.        ]
 [   0.            0.            0.1496    ]]

iter 30 cost=123557.259262 -> 123217.504839 |ddelta|=3.843011e-01  lambda=9.419e+03

============================================================
Iteration 31
============================================================
delta offsets (Unity frame):
  Source   : dSx=   0.000, dSy=   0.000, dSz=   0.000  (mm)
  Object   : dOx=  -0.512, dOy=   4.192, dOz=  15.978  (mm)
  Object offset: offset_x=  14.834, offset_z=  13.047  (mm)
  Detector : dDx=   0.000, dDy=   0.000, dDz=   0.000  (mm)
  Obj Stage rotY :    6.089 deg
============================================================

Unity geometry (world coordinates):
  Source   : x= -10.000, y=  29.997, z=   0.000
  Object   : x=   0.029, y=  24.192, z= 815.977
  Detector : x= -20.002, y=  33.656, z=1059.000
  Obj rotY :  -4.5698 deg

Initial calibration:
  Source   : x=   0.000, y=   0.000, z=   0.000
  Object   : x=   0.000, y=   0.000, z=   0.000
  Detector : x=  25.318, y=   6.310, z=  40.001

After Calibration: 

Unity geometry (world coordinates):
  Source   : x= -10.000, y=  29.997, z=   0.000
  Object   : x=   0.029, y=  24.192, z= 815.977
  Detector : x=   5.316, y=  39.966, z=1099.001
  Obj rotY :  -4.5698 deg
view   0 | SOD= 828.225 mm | SDD=1099.153 mm | M= 1.327 | incident=0.9526°
[[  -3.8992224  -828.19507      -5.805376  ]
 [ -17.726294    270.82553     -15.77371   ]
 [   0.14954741    0.00396638    0.        ]
 [   0.            0.            0.1496    ]]
Residual vector length: 5400, Jacobian shape: (5400, 6)
view   0 | SOD= 828.284 mm | SDD=1099.153 mm | M= 1.327 | incident=0.9526°
[[  -2.6943936  -828.2608       -5.5395412 ]
 [ -18.493795    270.73325     -15.507875  ]
 [   0.14954005    0.00423476    0.        ]
 [   0.            0.            0.1496    ]]

iter 31 cost=123217.504839 -> 123020.705350 |ddelta|=3.754726e-01  lambda=3.140e+03

============================================================
Iteration 32
============================================================
delta offsets (Unity frame):
  Source   : dSx=   0.000, dSy=   0.000, dSz=   0.000  (mm)
  Object   : dOx=  -0.277, dOy=   4.458, dOz=  15.983  (mm)
  Object offset: offset_x=  14.879, offset_z=  13.098  (mm)
  Detector : dDx=   0.000, dDy=   0.000, dDz=   0.000  (mm)
  Obj Stage rotY :    6.192 deg
============================================================

Unity geometry (world coordinates):
  Source   : x= -10.000, y=  29.997, z=   0.000
  Object   : x=   0.264, y=  24.458, z= 815.982
  Detector : x= -20.002, y=  33.656, z=1059.000
  Obj rotY :  -4.5698 deg

Initial calibration:
  Source   : x=   0.000, y=   0.000, z=   0.000
  Object   : x=   0.000, y=   0.000, z=   0.000
  Detector : x=  25.318, y=   6.310, z=  40.001

After Calibration: 

Unity geometry (world coordinates):
  Source   : x= -10.000, y=  29.997, z=   0.000
  Object   : x=   0.264, y=  24.458, z= 815.982
  Detector : x=   5.316, y=  39.966, z=1099.001
  Obj rotY :  -4.5698 deg
view   0 | SOD= 828.284 mm | SDD=1099.153 mm | M= 1.327 | incident=0.9526°
[[  -2.6943936  -828.2608       -5.5395412 ]
 [ -18.493795    270.73325     -15.507875  ]
 [   0.14954005    0.00423476    0.        ]
 [   0.            0.            0.1496    ]]
Residual vector length: 5400, Jacobian shape: (5400, 6)
view   0 | SOD= 828.322 mm | SDD=1099.153 mm | M= 1.327 | incident=0.9526°
[[  -0.3681843  -828.3014       -5.8653336 ]
 [ -18.859447    270.6506      -15.833668  ]
 [   0.14952923    0.00460104    0.        ]
 [   0.            0.            0.1496    ]]

iter 32 cost=123020.705350 -> 124170.154695 |ddelta|=4.642361e-01  lambda=1.047e+03

============================================================
Iteration 33
============================================================
delta offsets (Unity frame):
  Source   : dSx=   0.000, dSy=   0.000, dSz=   0.000  (mm)
  Object   : dOx=  -0.277, dOy=   4.458, dOz=  15.983  (mm)
  Object offset: offset_x=  14.879, offset_z=  13.098  (mm)
  Detector : dDx=   0.000, dDy=   0.000, dDz=   0.000  (mm)
  Obj Stage rotY :    6.192 deg
============================================================

Unity geometry (world coordinates):
  Source   : x= -10.000, y=  29.997, z=   0.000
  Object   : x=   0.264, y=  24.458, z= 815.982
  Detector : x= -20.002, y=  33.656, z=1059.000
  Obj rotY :  -4.5698 deg

Initial calibration:
  Source   : x=   0.000, y=   0.000, z=   0.000
  Object   : x=   0.000, y=   0.000, z=   0.000
  Detector : x=  25.318, y=   6.310, z=  40.001

After Calibration: 

Unity geometry (world coordinates):
  Source   : x= -10.000, y=  29.997, z=   0.000
  Object   : x=   0.264, y=  24.458, z= 815.982
  Detector : x=   5.316, y=  39.966, z=1099.001
  Obj rotY :  -4.5698 deg
view   0 | SOD= 828.284 mm | SDD=1099.153 mm | M= 1.327 | incident=0.9526°
[[  -2.6943936  -828.2608       -5.5395412 ]
 [ -18.493795    270.73325     -15.507875  ]
 [   0.14954005    0.00423476    0.        ]
 [   0.            0.            0.1496    ]]
Residual vector length: 5400, Jacobian shape: (5400, 6)
view   0 | SOD= 828.228 mm | SDD=1099.153 mm | M= 1.327 | incident=0.9526°
[[  -0.46714503 -828.20746      -5.846283  ]
 [ -18.850035    270.7464      -15.814617  ]
 [   0.14952968    0.00458629    0.        ]
 [   0.            0.            0.1496    ]]

iter 33 cost=123020.705350 -> 123324.515900 |ddelta|=4.207764e-01  lambda=5.233e+03

============================================================
Iteration 34
============================================================
delta offsets (Unity frame):
  Source   : dSx=   0.000, dSy=   0.000, dSz=   0.000  (mm)
  Object   : dOx=  -0.277, dOy=   4.458, dOz=  15.983  (mm)
  Object offset: offset_x=  14.879, offset_z=  13.098  (mm)
  Detector : dDx=   0.000, dDy=   0.000, dDz=   0.000  (mm)
  Obj Stage rotY :    6.192 deg
============================================================

Unity geometry (world coordinates):
  Source   : x= -10.000, y=  29.997, z=   0.000
  Object   : x=   0.264, y=  24.458, z= 815.982
  Detector : x= -20.002, y=  33.656, z=1059.000
  Obj rotY :  -4.5698 deg

Initial calibration:
  Source   : x=   0.000, y=   0.000, z=   0.000
  Object   : x=   0.000, y=   0.000, z=   0.000
  Detector : x=  25.318, y=   6.310, z=  40.001

After Calibration: 

Unity geometry (world coordinates):
  Source   : x= -10.000, y=  29.997, z=   0.000
  Object   : x=   0.264, y=  24.458, z= 815.982
  Detector : x=   5.316, y=  39.966, z=1099.001
  Obj rotY :  -4.5698 deg
view   0 | SOD= 828.284 mm | SDD=1099.153 mm | M= 1.327 | incident=0.9526°
[[  -2.6943936  -828.2608       -5.5395412 ]
 [ -18.493795    270.73325     -15.507875  ]
 [   0.14954005    0.00423476    0.        ]
 [   0.            0.            0.1496    ]]
Residual vector length: 5400, Jacobian shape: (5400, 6)
view   0 | SOD= 828.223 mm | SDD=1099.153 mm | M= 1.327 | incident=0.9526°
[[  -0.87986416 -828.2027       -5.7781754 ]
 [ -18.792217    270.7589      -15.74651   ]
 [   0.14953163    0.00452227    0.        ]
 [   0.            0.            0.1496    ]]

iter 34 cost=123020.705350 -> 121887.985547 |ddelta|=3.273216e-01  lambda=2.616e+04

============================================================
Iteration 35
============================================================
delta offsets (Unity frame):
  Source   : dSx=   0.000, dSy=   0.000, dSz=   0.000  (mm)
  Object   : dOx=  -0.454, dOy=   4.219, dOz=  15.993  (mm)
  Object offset: offset_x=  14.838, offset_z=  13.028  (mm)
  Detector : dDx=   0.000, dDy=   0.000, dDz=   0.000  (mm)
  Obj Stage rotY :    6.302 deg
============================================================

Unity geometry (world coordinates):
  Source   : x= -10.000, y=  29.997, z=   0.000
  Object   : x=   0.086, y=  24.219, z= 815.993
  Detector : x= -20.002, y=  33.656, z=1059.000
  Obj rotY :  -4.5698 deg

Initial calibration:
  Source   : x=   0.000, y=   0.000, z=   0.000
  Object   : x=   0.000, y=   0.000, z=   0.000
  Detector : x=  25.318, y=   6.310, z=  40.001

After Calibration: 

Unity geometry (world coordinates):
  Source   : x= -10.000, y=  29.997, z=   0.000
  Object   : x=   0.086, y=  24.219, z= 815.993
  Detector : x=   5.316, y=  39.966, z=1099.001
  Obj rotY :  -4.5698 deg
view   0 | SOD= 828.223 mm | SDD=1099.153 mm | M= 1.327 | incident=0.9526°
[[  -0.87986416 -828.2027       -5.7781754 ]
 [ -18.792217    270.7589      -15.74651   ]
 [   0.14953163    0.00452227    0.        ]
 [   0.            0.            0.1496    ]]
Residual vector length: 5400, Jacobian shape: (5400, 6)
view   0 | SOD= 828.259 mm | SDD=1099.153 mm | M= 1.327 | incident=0.9526°
[[   1.5137614  -828.2386       -5.602392  ]
 [ -19.761433    270.6631      -15.570726  ]
 [   0.14951709    0.00497983    0.        ]
 [   0.            0.            0.1496    ]]

iter 35 cost=121887.985547 -> 121290.522129 |ddelta|=2.780000e-01  lambda=8.721e+03

============================================================
Iteration 36
============================================================
delta offsets (Unity frame):
  Source   : dSx=   0.000, dSy=   0.000, dSz=   0.000  (mm)
  Object   : dOx=  -0.333, dOy=   4.395, dOz=  16.013  (mm)
  Object offset: offset_x=  14.857, offset_z=  13.042  (mm)
  Detector : dDx=   0.000, dDy=   0.000, dDz=   0.000  (mm)
  Obj Stage rotY :    6.477 deg
============================================================

Unity geometry (world coordinates):
  Source   : x= -10.000, y=  29.997, z=   0.000
  Object   : x=   0.207, y=  24.395, z= 816.013
  Detector : x= -20.002, y=  33.656, z=1059.000
  Obj rotY :  -4.5698 deg

Initial calibration:
  Source   : x=   0.000, y=   0.000, z=   0.000
  Object   : x=   0.000, y=   0.000, z=   0.000
  Detector : x=  25.318, y=   6.310, z=  40.001

After Calibration: 

Unity geometry (world coordinates):
  Source   : x= -10.000, y=  29.997, z=   0.000
  Object   : x=   0.207, y=  24.395, z= 816.013
  Detector : x=   5.316, y=  39.966, z=1099.001
  Obj rotY :  -4.5698 deg
view   0 | SOD= 828.259 mm | SDD=1099.153 mm | M= 1.327 | incident=0.9526°
[[   1.5137614  -828.2386       -5.602392  ]
 [ -19.761433    270.6631      -15.570726  ]
 [   0.14951709    0.00497983    0.        ]
 [   0.            0.            0.1496    ]]
Residual vector length: 5400, Jacobian shape: (5400, 6)
view   0 | SOD= 828.240 mm | SDD=1099.153 mm | M= 1.327 | incident=0.9526°
[[   2.0107267  -828.2176       -5.724901  ]
 [ -19.704601    270.67545     -15.693235  ]
 [   0.14951509    0.00503971    0.        ]
 [   0.            0.            0.1496    ]]

iter 36 cost=121290.522129 -> 120950.755358 |ddelta|=1.851648e-01  lambda=2.907e+03

============================================================
Iteration 37
============================================================
delta offsets (Unity frame):
  Source   : dSx=   0.000, dSy=   0.000, dSz=   0.000  (mm)
  Object   : dOx=  -0.465, dOy=   4.272, dOz=  15.998  (mm)
  Object offset: offset_x=  14.824, offset_z=  13.040  (mm)
  Detector : dDx=   0.000, dDy=   0.000, dDz=   0.000  (mm)
  Obj Stage rotY :    6.500 deg
============================================================

Unity geometry (world coordinates):
  Source   : x= -10.000, y=  29.997, z=   0.000
  Object   : x=   0.075, y=  24.272, z= 815.998
  Detector : x= -20.002, y=  33.656, z=1059.000
  Obj rotY :  -4.5698 deg

Initial calibration:
  Source   : x=   0.000, y=   0.000, z=   0.000
  Object   : x=   0.000, y=   0.000, z=   0.000
  Detector : x=  25.318, y=   6.310, z=  40.001

After Calibration: 

Unity geometry (world coordinates):
  Source   : x= -10.000, y=  29.997, z=   0.000
  Object   : x=   0.075, y=  24.272, z= 815.998
  Detector : x=   5.316, y=  39.966, z=1099.001
  Obj rotY :  -4.5698 deg
view   0 | SOD= 828.240 mm | SDD=1099.153 mm | M= 1.327 | incident=0.9526°
[[   2.0107267  -828.2176       -5.724901  ]
 [ -19.704601    270.67545     -15.693235  ]
 [   0.14951509    0.00503971    0.        ]
 [   0.            0.            0.1496    ]]
Residual vector length: 5400, Jacobian shape: (5400, 6)
view   0 | SOD= 828.671 mm | SDD=1099.153 mm | M= 1.326 | incident=0.9526°
[[  -1.188533   -828.6508       -5.5964375 ]
 [ -18.918633    270.31375     -15.564772  ]
 [   0.14953238    0.00449747    0.        ]
 [   0.            0.            0.1496    ]]

iter 37 cost=120950.755358 -> 121651.415468 |ddelta|=5.142968e-01  lambda=9.690e+02

============================================================
Iteration 38
============================================================
delta offsets (Unity frame):
  Source   : dSx=   0.000, dSy=   0.000, dSz=   0.000  (mm)
  Object   : dOx=  -0.465, dOy=   4.272, dOz=  15.998  (mm)
  Object offset: offset_x=  14.824, offset_z=  13.040  (mm)
  Detector : dDx=   0.000, dDy=   0.000, dDz=   0.000  (mm)
  Obj Stage rotY :    6.500 deg
============================================================

Unity geometry (world coordinates):
  Source   : x= -10.000, y=  29.997, z=   0.000
  Object   : x=   0.075, y=  24.272, z= 815.998
  Detector : x= -20.002, y=  33.656, z=1059.000
  Obj rotY :  -4.5698 deg

Initial calibration:
  Source   : x=   0.000, y=   0.000, z=   0.000
  Object   : x=   0.000, y=   0.000, z=   0.000
  Detector : x=  25.318, y=   6.310, z=  40.001

After Calibration: 

Unity geometry (world coordinates):
  Source   : x= -10.000, y=  29.997, z=   0.000
  Object   : x=   0.075, y=  24.272, z= 815.998
  Detector : x=   5.316, y=  39.966, z=1099.001
  Obj rotY :  -4.5698 deg
view   0 | SOD= 828.240 mm | SDD=1099.153 mm | M= 1.327 | incident=0.9526°
[[   2.0107267  -828.2176       -5.724901  ]
 [ -19.704601    270.67545     -15.693235  ]
 [   0.14951509    0.00503971    0.        ]
 [   0.            0.            0.1496    ]]
Residual vector length: 5400, Jacobian shape: (5400, 6)
view   0 | SOD= 828.351 mm | SDD=1099.153 mm | M= 1.327 | incident=0.9526°
[[  -0.30842742 -828.3318       -5.6019287 ]
 [ -19.189913    270.6136      -15.570263  ]
 [   0.14952758    0.00465413    0.        ]
 [   0.            0.            0.1496    ]]

iter 38 cost=120950.755358 -> 121370.265114 |ddelta|=2.671460e-01  lambda=4.845e+03

============================================================
Iteration 39
============================================================
delta offsets (Unity frame):
  Source   : dSx=   0.000, dSy=   0.000, dSz=   0.000  (mm)
  Object   : dOx=  -0.465, dOy=   4.272, dOz=  15.998  (mm)
  Object offset: offset_x=  14.824, offset_z=  13.040  (mm)
  Detector : dDx=   0.000, dDy=   0.000, dDz=   0.000  (mm)
  Obj Stage rotY :    6.500 deg
============================================================

Unity geometry (world coordinates):
  Source   : x= -10.000, y=  29.997, z=   0.000
  Object   : x=   0.075, y=  24.272, z= 815.998
  Detector : x= -20.002, y=  33.656, z=1059.000
  Obj rotY :  -4.5698 deg

Initial calibration:
  Source   : x=   0.000, y=   0.000, z=   0.000
  Object   : x=   0.000, y=   0.000, z=   0.000
  Detector : x=  25.318, y=   6.310, z=  40.001

After Calibration: 

Unity geometry (world coordinates):
  Source   : x= -10.000, y=  29.997, z=   0.000
  Object   : x=   0.075, y=  24.272, z= 815.998
  Detector : x=   5.316, y=  39.966, z=1099.001
  Obj rotY :  -4.5698 deg
view   0 | SOD= 828.240 mm | SDD=1099.153 mm | M= 1.327 | incident=0.9526°
[[   2.0107267  -828.2176       -5.724901  ]
 [ -19.704601    270.67545     -15.693235  ]
 [   0.14951509    0.00503971    0.        ]
 [   0.            0.            0.1496    ]]
Residual vector length: 5400, Jacobian shape: (5400, 6)
view   0 | SOD= 828.263 mm | SDD=1099.153 mm | M= 1.327 | incident=0.9526°
[[   0.94940925 -828.2429       -5.6279755 ]
 [ -19.548565    270.6735      -15.59631   ]
 [   0.14952058    0.00487408    0.        ]
 [   0.            0.            0.1496    ]]

iter 39 cost=120950.755358 -> 120595.401071 |ddelta|=1.667520e-01  lambda=2.423e+04

============================================================
Iteration 40
============================================================
delta offsets (Unity frame):
  Source   : dSx=   0.000, dSy=   0.000, dSz=   0.000  (mm)
  Object   : dOx=  -0.351, dOy=   4.369, dOz=  16.019  (mm)
  Object offset: offset_x=  14.854, offset_z=  13.041  (mm)
  Detector : dDx=   0.000, dDy=   0.000, dDz=   0.000  (mm)
  Obj Stage rotY :    6.437 deg
============================================================

Unity geometry (world coordinates):
  Source   : x= -10.000, y=  29.997, z=   0.000
  Object   : x=   0.190, y=  24.369, z= 816.018
  Detector : x= -20.002, y=  33.656, z=1059.000
  Obj rotY :  -4.5698 deg

Initial calibration:
  Source   : x=   0.000, y=   0.000, z=   0.000
  Object   : x=   0.000, y=   0.000, z=   0.000
  Detector : x=  25.318, y=   6.310, z=  40.001

After Calibration: 

Unity geometry (world coordinates):
  Source   : x= -10.000, y=  29.997, z=   0.000
  Object   : x=   0.190, y=  24.369, z= 816.018
  Detector : x=   5.316, y=  39.966, z=1099.001
  Obj rotY :  -4.5698 deg
view   0 | SOD= 828.263 mm | SDD=1099.153 mm | M= 1.327 | incident=0.9526°
[[   0.94940925 -828.2429       -5.6279755 ]
 [ -19.548565    270.6735      -15.59631   ]
 [   0.14952058    0.00487408    0.        ]
 [   0.            0.            0.1496    ]]
Residual vector length: 5400, Jacobian shape: (5400, 6)
view   0 | SOD= 828.335 mm | SDD=1099.153 mm | M= 1.327 | incident=0.9526°
[[   2.4951181  -828.31146      -5.7097473 ]
 [ -20.00748     270.5657      -15.6780815 ]
 [   0.14951144    0.00514683    0.        ]
 [   0.            0.            0.1496    ]]

iter 40 cost=120595.401071 -> 120715.167114 |ddelta|=1.672692e-01  lambda=8.075e+03

============================================================
Iteration 41
============================================================
delta offsets (Unity frame):
  Source   : dSx=   0.000, dSy=   0.000, dSz=   0.000  (mm)
  Object   : dOx=  -0.351, dOy=   4.369, dOz=  16.019  (mm)
  Object offset: offset_x=  14.854, offset_z=  13.041  (mm)
  Detector : dDx=   0.000, dDy=   0.000, dDz=   0.000  (mm)
  Obj Stage rotY :    6.437 deg
============================================================

Unity geometry (world coordinates):
  Source   : x= -10.000, y=  29.997, z=   0.000
  Object   : x=   0.190, y=  24.369, z= 816.018
  Detector : x= -20.002, y=  33.656, z=1059.000
  Obj rotY :  -4.5698 deg

Initial calibration:
  Source   : x=   0.000, y=   0.000, z=   0.000
  Object   : x=   0.000, y=   0.000, z=   0.000
  Detector : x=  25.318, y=   6.310, z=  40.001

After Calibration: 

Unity geometry (world coordinates):
  Source   : x= -10.000, y=  29.997, z=   0.000
  Object   : x=   0.190, y=  24.369, z= 816.018
  Detector : x=   5.316, y=  39.966, z=1099.001
  Obj rotY :  -4.5698 deg
view   0 | SOD= 828.263 mm | SDD=1099.153 mm | M= 1.327 | incident=0.9526°
[[   0.94940925 -828.2429       -5.6279755 ]
 [ -19.548565    270.6735      -15.59631   ]
 [   0.14952058    0.00487408    0.        ]
 [   0.            0.            0.1496    ]]
Residual vector length: 5400, Jacobian shape: (5400, 6)
view   0 | SOD= 828.307 mm | SDD=1099.153 mm | M= 1.327 | incident=0.9526°
[[   1.4569445  -828.28644      -5.6846027 ]
 [ -19.691654    270.61768     -15.652937  ]
 [   0.14951767    0.0049626     0.        ]
 [   0.            0.            0.1496    ]]

iter 41 cost=120595.401071 -> 120986.124874 |ddelta|=1.009223e-01  lambda=4.038e+04

============================================================
Iteration 42
============================================================
delta offsets (Unity frame):
  Source   : dSx=   0.000, dSy=   0.000, dSz=   0.000  (mm)
  Object   : dOx=  -0.351, dOy=   4.369, dOz=  16.019  (mm)
  Object offset: offset_x=  14.854, offset_z=  13.041  (mm)
  Detector : dDx=   0.000, dDy=   0.000, dDz=   0.000  (mm)
  Obj Stage rotY :    6.437 deg
============================================================

Unity geometry (world coordinates):
  Source   : x= -10.000, y=  29.997, z=   0.000
  Object   : x=   0.190, y=  24.369, z= 816.018
  Detector : x= -20.002, y=  33.656, z=1059.000
  Obj rotY :  -4.5698 deg

Initial calibration:
  Source   : x=   0.000, y=   0.000, z=   0.000
  Object   : x=   0.000, y=   0.000, z=   0.000
  Detector : x=  25.318, y=   6.310, z=  40.001

After Calibration: 

Unity geometry (world coordinates):
  Source   : x= -10.000, y=  29.997, z=   0.000
  Object   : x=   0.190, y=  24.369, z= 816.018
  Detector : x=   5.316, y=  39.966, z=1099.001
  Obj rotY :  -4.5698 deg
view   0 | SOD= 828.263 mm | SDD=1099.153 mm | M= 1.327 | incident=0.9526°
[[   0.94940925 -828.2429       -5.6279755 ]
 [ -19.548565    270.6735      -15.59631   ]
 [   0.14952058    0.00487408    0.        ]
 [   0.            0.            0.1496    ]]
Residual vector length: 5400, Jacobian shape: (5400, 6)
view   0 | SOD= 828.285 mm | SDD=1099.153 mm | M= 1.327 | incident=0.9526°
[[   1.062441   -828.2653       -5.6500893 ]
 [ -19.585125    270.6483      -15.618423  ]
 [   0.1495199     0.00489443    0.        ]
 [   0.            0.            0.1496    ]]

iter 42 cost=120595.401071 -> 120412.786934 |ddelta|=4.485830e-02  lambda=2.019e+05

============================================================
Iteration 43
============================================================
delta offsets (Unity frame):
  Source   : dSx=   0.000, dSy=   0.000, dSz=   0.000  (mm)
  Object   : dOx=  -0.374, dOy=   4.347, dOz=  16.021  (mm)
  Object offset: offset_x=  14.875, offset_z=  13.063  (mm)
  Detector : dDx=   0.000, dDy=   0.000, dDz=   0.000  (mm)
  Obj Stage rotY :    6.445 deg
============================================================

Unity geometry (world coordinates):
  Source   : x= -10.000, y=  29.997, z=   0.000
  Object   : x=   0.167, y=  24.347, z= 816.021
  Detector : x= -20.002, y=  33.656, z=1059.000
  Obj rotY :  -4.5698 deg

Initial calibration:
  Source   : x=   0.000, y=   0.000, z=   0.000
  Object   : x=   0.000, y=   0.000, z=   0.000
  Detector : x=  25.318, y=   6.310, z=  40.001

After Calibration: 

Unity geometry (world coordinates):
  Source   : x= -10.000, y=  29.997, z=   0.000
  Object   : x=   0.167, y=  24.347, z= 816.021
  Detector : x=   5.316, y=  39.966, z=1099.001
  Obj rotY :  -4.5698 deg
view   0 | SOD= 828.285 mm | SDD=1099.153 mm | M= 1.327 | incident=0.9526°
[[   1.062441   -828.2653       -5.6500893 ]
 [ -19.585125    270.6483      -15.618423  ]
 [   0.1495199     0.00489443    0.        ]
 [   0.            0.            0.1496    ]]
Residual vector length: 5400, Jacobian shape: (5400, 6)
view   0 | SOD= 828.321 mm | SDD=1099.153 mm | M= 1.327 | incident=0.9526°
[[   0.846888   -828.3007       -5.6913147 ]
 [ -19.439474    270.6196      -15.659649  ]
 [   0.14952151    0.00484528    0.        ]
 [   0.            0.            0.1496    ]]

iter 43 cost=120412.786934 -> 120872.139262 |ddelta|=6.961310e-02  lambda=6.729e+04

============================================================
Iteration 44
============================================================
delta offsets (Unity frame):
  Source   : dSx=   0.000, dSy=   0.000, dSz=   0.000  (mm)
  Object   : dOx=  -0.374, dOy=   4.347, dOz=  16.021  (mm)
  Object offset: offset_x=  14.875, offset_z=  13.063  (mm)
  Detector : dDx=   0.000, dDy=   0.000, dDz=   0.000  (mm)
  Obj Stage rotY :    6.445 deg
============================================================

Unity geometry (world coordinates):
  Source   : x= -10.000, y=  29.997, z=   0.000
  Object   : x=   0.167, y=  24.347, z= 816.021
  Detector : x= -20.002, y=  33.656, z=1059.000
  Obj rotY :  -4.5698 deg

Initial calibration:
  Source   : x=   0.000, y=   0.000, z=   0.000
  Object   : x=   0.000, y=   0.000, z=   0.000
  Detector : x=  25.318, y=   6.310, z=  40.001

After Calibration: 

Unity geometry (world coordinates):
  Source   : x= -10.000, y=  29.997, z=   0.000
  Object   : x=   0.167, y=  24.347, z= 816.021
  Detector : x=   5.316, y=  39.966, z=1099.001
  Obj rotY :  -4.5698 deg
view   0 | SOD= 828.285 mm | SDD=1099.153 mm | M= 1.327 | incident=0.9526°
[[   1.062441   -828.2653       -5.6500893 ]
 [ -19.585125    270.6483      -15.618423  ]
 [   0.1495199     0.00489443    0.        ]
 [   0.            0.            0.1496    ]]
Residual vector length: 5400, Jacobian shape: (5400, 6)
view   0 | SOD= 828.298 mm | SDD=1099.153 mm | M= 1.327 | incident=0.9526°
[[   1.0242615  -828.27814      -5.663782  ]
 [ -19.548464    270.6369      -15.632116  ]
 [   0.14952025    0.00488425    0.        ]
 [   0.            0.            0.1496    ]]

iter 44 cost=120412.786934 -> 120563.075148 |ddelta|=2.297919e-02  lambda=3.365e+05

============================================================
Iteration 45
============================================================
delta offsets (Unity frame):
  Source   : dSx=   0.000, dSy=   0.000, dSz=   0.000  (mm)
  Object   : dOx=  -0.374, dOy=   4.347, dOz=  16.021  (mm)
  Object offset: offset_x=  14.875, offset_z=  13.063  (mm)
  Detector : dDx=   0.000, dDy=   0.000, dDz=   0.000  (mm)
  Obj Stage rotY :    6.445 deg
============================================================

Unity geometry (world coordinates):
  Source   : x= -10.000, y=  29.997, z=   0.000
  Object   : x=   0.167, y=  24.347, z= 816.021
  Detector : x= -20.002, y=  33.656, z=1059.000
  Obj rotY :  -4.5698 deg

Initial calibration:
  Source   : x=   0.000, y=   0.000, z=   0.000
  Object   : x=   0.000, y=   0.000, z=   0.000
  Detector : x=  25.318, y=   6.310, z=  40.001

After Calibration: 

Unity geometry (world coordinates):
  Source   : x= -10.000, y=  29.997, z=   0.000
  Object   : x=   0.167, y=  24.347, z= 816.021
  Detector : x=   5.316, y=  39.966, z=1099.001
  Obj rotY :  -4.5698 deg
view   0 | SOD= 828.285 mm | SDD=1099.153 mm | M= 1.327 | incident=0.9526°
[[   1.062441   -828.2653       -5.6500893 ]
 [ -19.585125    270.6483      -15.618423  ]
 [   0.1495199     0.00489443    0.        ]
 [   0.            0.            0.1496    ]]
Residual vector length: 5400, Jacobian shape: (5400, 6)
view   0 | SOD= 828.290 mm | SDD=1099.153 mm | M= 1.327 | incident=0.9526°
[[   1.0502244  -828.2703       -5.6552677 ]
 [ -19.57208     270.64377     -15.623602  ]
 [   0.14952002    0.00489099    0.        ]
 [   0.            0.            0.1496    ]]

iter 45 cost=120412.786934 -> 120466.790610 |ddelta|=8.728946e-03  lambda=1.000e+06

============================================================
Iteration 46
============================================================
delta offsets (Unity frame):
  Source   : dSx=   0.000, dSy=   0.000, dSz=   0.000  (mm)
  Object   : dOx=  -0.374, dOy=   4.347, dOz=  16.021  (mm)
  Object offset: offset_x=  14.875, offset_z=  13.063  (mm)
  Detector : dDx=   0.000, dDy=   0.000, dDz=   0.000  (mm)
  Obj Stage rotY :    6.445 deg
============================================================

Unity geometry (world coordinates):
  Source   : x= -10.000, y=  29.997, z=   0.000
  Object   : x=   0.167, y=  24.347, z= 816.021
  Detector : x= -20.002, y=  33.656, z=1059.000
  Obj rotY :  -4.5698 deg

Initial calibration:
  Source   : x=   0.000, y=   0.000, z=   0.000
  Object   : x=   0.000, y=   0.000, z=   0.000
  Detector : x=  25.318, y=   6.310, z=  40.001

After Calibration: 

Unity geometry (world coordinates):
  Source   : x= -10.000, y=  29.997, z=   0.000
  Object   : x=   0.167, y=  24.347, z= 816.021
  Detector : x=   5.316, y=  39.966, z=1099.001
  Obj rotY :  -4.5698 deg
view   0 | SOD= 828.285 mm | SDD=1099.153 mm | M= 1.327 | incident=0.9526°
[[   1.062441   -828.2653       -5.6500893 ]
 [ -19.585125    270.6483      -15.618423  ]
 [   0.1495199     0.00489443    0.        ]
 [   0.            0.            0.1496    ]]
Residual vector length: 5400, Jacobian shape: (5400, 6)
view   0 | SOD= 828.290 mm | SDD=1099.153 mm | M= 1.327 | incident=0.9526°
[[   1.0502244  -828.2703       -5.6552677 ]
 [ -19.57208     270.64377     -15.623602  ]
 [   0.14952002    0.00489099    0.        ]
 [   0.            0.            0.1496    ]]

iter 46 cost=120412.786934 -> 120466.790610 |ddelta|=8.728946e-03  lambda=1.000e+06

============================================================
Iteration 47
============================================================
delta offsets (Unity frame):
  Source   : dSx=   0.000, dSy=   0.000, dSz=   0.000  (mm)
  Object   : dOx=  -0.374, dOy=   4.347, dOz=  16.021  (mm)
  Object offset: offset_x=  14.875, offset_z=  13.063  (mm)
  Detector : dDx=   0.000, dDy=   0.000, dDz=   0.000  (mm)
  Obj Stage rotY :    6.445 deg
============================================================

Unity geometry (world coordinates):
  Source   : x= -10.000, y=  29.997, z=   0.000
  Object   : x=   0.167, y=  24.347, z= 816.021
  Detector : x= -20.002, y=  33.656, z=1059.000
  Obj rotY :  -4.5698 deg

Initial calibration:
  Source   : x=   0.000, y=   0.000, z=   0.000
  Object   : x=   0.000, y=   0.000, z=   0.000
  Detector : x=  25.318, y=   6.310, z=  40.001

After Calibration: 

Unity geometry (world coordinates):
  Source   : x= -10.000, y=  29.997, z=   0.000
  Object   : x=   0.167, y=  24.347, z= 816.021
  Detector : x=   5.316, y=  39.966, z=1099.001
  Obj rotY :  -4.5698 deg
view   0 | SOD= 828.285 mm | SDD=1099.153 mm | M= 1.327 | incident=0.9526°
[[   1.062441   -828.2653       -5.6500893 ]
 [ -19.585125    270.6483      -15.618423  ]
 [   0.1495199     0.00489443    0.        ]
 [   0.            0.            0.1496    ]]
Residual vector length: 5400, Jacobian shape: (5400, 6)
view   0 | SOD= 828.290 mm | SDD=1099.153 mm | M= 1.327 | incident=0.9526°
[[   1.0502244  -828.2703       -5.6552677 ]
 [ -19.57208     270.64377     -15.623602  ]
 [   0.14952002    0.00489099    0.        ]
 [   0.            0.            0.1496    ]]

iter 47 cost=120412.786934 -> 120466.790610 |ddelta|=8.728946e-03  lambda=1.000e+06

============================================================
Iteration 48
============================================================
delta offsets (Unity frame):
  Source   : dSx=   0.000, dSy=   0.000, dSz=   0.000  (mm)
  Object   : dOx=  -0.374, dOy=   4.347, dOz=  16.021  (mm)
  Object offset: offset_x=  14.875, offset_z=  13.063  (mm)
  Detector : dDx=   0.000, dDy=   0.000, dDz=   0.000  (mm)
  Obj Stage rotY :    6.445 deg
============================================================

Unity geometry (world coordinates):
  Source   : x= -10.000, y=  29.997, z=   0.000
  Object   : x=   0.167, y=  24.347, z= 816.021
  Detector : x= -20.002, y=  33.656, z=1059.000
  Obj rotY :  -4.5698 deg

Initial calibration:
  Source   : x=   0.000, y=   0.000, z=   0.000
  Object   : x=   0.000, y=   0.000, z=   0.000
  Detector : x=  25.318, y=   6.310, z=  40.001

After Calibration: 

Unity geometry (world coordinates):
  Source   : x= -10.000, y=  29.997, z=   0.000
  Object   : x=   0.167, y=  24.347, z= 816.021
  Detector : x=   5.316, y=  39.966, z=1099.001
  Obj rotY :  -4.5698 deg
view   0 | SOD= 828.285 mm | SDD=1099.153 mm | M= 1.327 | incident=0.9526°
[[   1.062441   -828.2653       -5.6500893 ]
 [ -19.585125    270.6483      -15.618423  ]
 [   0.1495199     0.00489443    0.        ]
 [   0.            0.            0.1496    ]]
Residual vector length: 5400, Jacobian shape: (5400, 6)
view   0 | SOD= 828.290 mm | SDD=1099.153 mm | M= 1.327 | incident=0.9526°
[[   1.0502244  -828.2703       -5.6552677 ]
 [ -19.57208     270.64377     -15.623602  ]
 [   0.14952002    0.00489099    0.        ]
 [   0.            0.            0.1496    ]]

iter 48 cost=120412.786934 -> 120466.790610 |ddelta|=8.728946e-03  lambda=1.000e+06

============================================================
Iteration 49
============================================================
delta offsets (Unity frame):
  Source   : dSx=   0.000, dSy=   0.000, dSz=   0.000  (mm)
  Object   : dOx=  -0.374, dOy=   4.347, dOz=  16.021  (mm)
  Object offset: offset_x=  14.875, offset_z=  13.063  (mm)
  Detector : dDx=   0.000, dDy=   0.000, dDz=   0.000  (mm)
  Obj Stage rotY :    6.445 deg
============================================================

Unity geometry (world coordinates):
  Source   : x= -10.000, y=  29.997, z=   0.000
  Object   : x=   0.167, y=  24.347, z= 816.021
  Detector : x= -20.002, y=  33.656, z=1059.000
  Obj rotY :  -4.5698 deg

Initial calibration:
  Source   : x=   0.000, y=   0.000, z=   0.000
  Object   : x=   0.000, y=   0.000, z=   0.000
  Detector : x=  25.318, y=   6.310, z=  40.001

After Calibration: 

Unity geometry (world coordinates):
  Source   : x= -10.000, y=  29.997, z=   0.000
  Object   : x=   0.167, y=  24.347, z= 816.021
  Detector : x=   5.316, y=  39.966, z=1099.001
  Obj rotY :  -4.5698 deg
view   0 | SOD= 828.285 mm | SDD=1099.153 mm | M= 1.327 | incident=0.9526°
[[   1.062441   -828.2653       -5.6500893 ]
 [ -19.585125    270.6483      -15.618423  ]
 [   0.1495199     0.00489443    0.        ]
 [   0.            0.            0.1496    ]]
Residual vector length: 5400, Jacobian shape: (5400, 6)
view   0 | SOD= 828.290 mm | SDD=1099.153 mm | M= 1.327 | incident=0.9526°
[[   1.0502244  -828.2703       -5.6552677 ]
 [ -19.57208     270.64377     -15.623602  ]
 [   0.14952002    0.00489099    0.        ]
 [   0.            0.            0.1496    ]]

iter 49 cost=120412.786934 -> 120466.790610 |ddelta|=8.728946e-03  lambda=1.000e+06

============================================================
Iteration 50
============================================================
delta offsets (Unity frame):
  Source   : dSx=   0.000, dSy=   0.000, dSz=   0.000  (mm)
  Object   : dOx=  -0.374, dOy=   4.347, dOz=  16.021  (mm)
  Object offset: offset_x=  14.875, offset_z=  13.063  (mm)
  Detector : dDx=   0.000, dDy=   0.000, dDz=   0.000  (mm)
  Obj Stage rotY :    6.445 deg
============================================================

Unity geometry (world coordinates):
  Source   : x= -10.000, y=  29.997, z=   0.000
  Object   : x=   0.167, y=  24.347, z= 816.021
  Detector : x= -20.002, y=  33.656, z=1059.000
  Obj rotY :  -4.5698 deg

Initial calibration:
  Source   : x=   0.000, y=   0.000, z=   0.000
  Object   : x=   0.000, y=   0.000, z=   0.000
  Detector : x=  25.318, y=   6.310, z=  40.001

After Calibration: 

Unity geometry (world coordinates):
  Source   : x= -10.000, y=  29.997, z=   0.000
  Object   : x=   0.167, y=  24.347, z= 816.021
  Detector : x=   5.316, y=  39.966, z=1099.001
  Obj rotY :  -4.5698 deg
view   0 | SOD= 828.285 mm | SDD=1099.153 mm | M= 1.327 | incident=0.9526°
[[   1.062441   -828.2653       -5.6500893 ]
 [ -19.585125    270.6483      -15.618423  ]
 [   0.1495199     0.00489443    0.        ]
 [   0.            0.            0.1496    ]]
Residual vector length: 5400, Jacobian shape: (5400, 6)
view   0 | SOD= 828.290 mm | SDD=1099.153 mm | M= 1.327 | incident=0.9526°
[[   1.0502244  -828.2703       -5.6552677 ]
 [ -19.57208     270.64377     -15.623602  ]
 [   0.14952002    0.00489099    0.        ]
 [   0.            0.            0.1496    ]]

iter 50 cost=120412.786934 -> 120466.790610 |ddelta|=8.728946e-03  lambda=1.000e+06

============================================================
Iteration 51
============================================================
delta offsets (Unity frame):
  Source   : dSx=   0.000, dSy=   0.000, dSz=   0.000  (mm)
  Object   : dOx=  -0.374, dOy=   4.347, dOz=  16.021  (mm)
  Object offset: offset_x=  14.875, offset_z=  13.063  (mm)
  Detector : dDx=   0.000, dDy=   0.000, dDz=   0.000  (mm)
  Obj Stage rotY :    6.445 deg
============================================================

Unity geometry (world coordinates):
  Source   : x= -10.000, y=  29.997, z=   0.000
  Object   : x=   0.167, y=  24.347, z= 816.021
  Detector : x= -20.002, y=  33.656, z=1059.000
  Obj rotY :  -4.5698 deg

Initial calibration:
  Source   : x=   0.000, y=   0.000, z=   0.000
  Object   : x=   0.000, y=   0.000, z=   0.000
  Detector : x=  25.318, y=   6.310, z=  40.001

After Calibration: 

Unity geometry (world coordinates):
  Source   : x= -10.000, y=  29.997, z=   0.000
  Object   : x=   0.167, y=  24.347, z= 816.021
  Detector : x=   5.316, y=  39.966, z=1099.001
  Obj rotY :  -4.5698 deg
view   0 | SOD= 828.285 mm | SDD=1099.153 mm | M= 1.327 | incident=0.9526°
[[   1.062441   -828.2653       -5.6500893 ]
 [ -19.585125    270.6483      -15.618423  ]
 [   0.1495199     0.00489443    0.        ]
 [   0.            0.            0.1496    ]]
Residual vector length: 5400, Jacobian shape: (5400, 6)
view   0 | SOD= 828.290 mm | SDD=1099.153 mm | M= 1.327 | incident=0.9526°
[[   1.0502244  -828.2703       -5.6552677 ]
 [ -19.57208     270.64377     -15.623602  ]
 [   0.14952002    0.00489099    0.        ]
 [   0.            0.            0.1496    ]]

iter 51 cost=120412.786934 -> 120466.790610 |ddelta|=8.728946e-03  lambda=1.000e+06
Stalled.

Estimated delta:
  dSx: +0.000000
  dSy: +0.000000
  dOx: -0.373533
  dOy: +4.347278
  dOz: +16.021063
  dDx: +0.000000
  dDy: +0.000000
  dDz: +0.000000
alpha: +6.444691e+00 deg)
offset_x: +14.875343
offset_z: +13.062840

Final cost table:
Final estimated delta: [ 0.          0.         -0.37353345  4.34727822 16.02106263  0.
  0.          0.          6.44469113 14.8753433  13.06284031]
################################################################################

