
################################################################################
Running scenario=Scan11 Projections=360 Used=360, K=5


============================================================
Iteration 0
============================================================
delta offsets (Unity frame):
  Source   : dSx=   0.000, dSy=   0.000, dSz=   0.000  (mm)
  Object   : dOx=   0.000, dOy=   0.000, dOz=   0.000  (mm)
  Object offset: offset_x=   0.000, offset_z=   0.000  (mm)
  Detector : dDx=   0.000, dDy=   0.000, dDz=   0.000  (mm)
  Obj Stage rotY :    0.000 deg
============================================================

Unity geometry (world coordinates):
  Source   : x=   0.000, y=  29.997, z=   0.000
  Object   : x=   0.541, y=  20.000, z= 600.000
  Detector : x=  -6.002, y=  33.656, z= 959.000
  Obj rotY :  -4.5698 deg

Initial calibration:
  Source   : x=   0.000, y=   0.000, z=   0.000
  Object   : x=  -0.541, y=   0.000, z=  14.919
  Detector : x=  25.318, y=   0.000, z=  40.001

After Calibration: 

Unity geometry (world coordinates):
  Source   : x=   0.000, y=  29.997, z=   0.000
  Object   : x=   0.000, y=  20.000, z= 614.919
  Detector : x=  19.316, y=  33.656, z= 999.001
  Obj rotY :  -4.5698 deg
view   0 | SOD= 615.000 mm | SDD= 999.194 mm | M= 1.625 | incident=1.1273°
[[ -48.99254    -612.9644       -9.997368  ]
 [  49.8558      381.32162     -13.655701  ]
 [   0.14912441   -0.01191922    0.        ]
 [   0.            0.            0.1496    ]]
Residual vector length: 5400, Jacobian shape: (5400, 6)
view   0 | SOD= 625.516 mm | SDD= 999.194 mm | M= 1.597 | incident=1.1273°
[[ -32.862778   -624.6249       -5.802929  ]
 [  18.942518    373.21875      -9.461262  ]
 [   0.14952081   -0.00486688    0.        ]
 [   0.            0.            0.1496    ]]
/vol/home/s3777103/Documents/workspace/Thesis/AutoCalibration/gauss_newton_real.py:319: FutureWarning: The behavior of DataFrame concatenation with empty or all-NA entries is deprecated. In a future version, this will no longer exclude empty or all-NA columns when determining the result dtypes. To retain the old behavior, exclude the relevant entries before the concat operation.
  df_r0 = pd.concat([df_r0, df_iter], ignore_index=True)

iter 00 cost=20842167.570467 -> 2773337.835856 |ddelta|=1.633130e+01  lambda=1.000e-02

============================================================
Iteration 1
============================================================
delta offsets (Unity frame):
  Source   : dSx=   0.000, dSy=   0.000, dSz=   0.000  (mm)
  Object   : dOx=   0.234, dOy=   4.194, dOz=   0.972  (mm)
  Object offset: offset_x=  11.498, offset_z=  10.421  (mm)
  Detector : dDx=   0.000, dDy=   0.000, dDz=   0.000  (mm)
  Obj Stage rotY :    2.706 deg
============================================================

Unity geometry (world coordinates):
  Source   : x=   0.000, y=  29.997, z=   0.000
  Object   : x=   0.774, y=  24.194, z= 600.972
  Detector : x=  -6.002, y=  33.656, z= 959.000
  Obj rotY :  -4.5698 deg

Initial calibration:
  Source   : x=   0.000, y=   0.000, z=   0.000
  Object   : x=  -0.541, y=   0.000, z=  14.919
  Detector : x=  25.318, y=   0.000, z=  40.001

After Calibration: 

Unity geometry (world coordinates):
  Source   : x=   0.000, y=  29.997, z=   0.000
  Object   : x=   0.234, y=  24.194, z= 615.891
  Detector : x=  19.316, y=  33.656, z= 999.001
  Obj rotY :  -4.5698 deg
view   0 | SOD= 625.516 mm | SDD= 999.194 mm | M= 1.597 | incident=1.1273°
[[ -32.862778   -624.6249       -5.802929  ]
 [  18.942518    373.21875      -9.461262  ]
 [   0.14952081   -0.00486688    0.        ]
 [   0.            0.            0.1496    ]]
Residual vector length: 5400, Jacobian shape: (5400, 6)
view   0 | SOD= 626.086 mm | SDD= 999.194 mm | M= 1.596 | incident=1.1273°
[[ -23.227793   -625.56213     -10.780386  ]
 [  11.527895    373.02072     -14.438719  ]
 [   0.14958212   -0.00231252    0.        ]
 [   0.            0.            0.1496    ]]

iter 01 cost=2773337.835856 -> 805268.420310 |ddelta|=5.410917e+00  lambda=3.333e-03

============================================================
Iteration 2
============================================================
delta offsets (Unity frame):
  Source   : dSx=   0.000, dSy=   0.000, dSz=   0.000  (mm)
  Object   : dOx=   0.106, dOy=  -0.783, dOz=   0.196  (mm)
  Object offset: offset_x=  12.552, offset_z=  11.769  (mm)
  Detector : dDx=   0.000, dDy=   0.000, dDz=   0.000  (mm)
  Obj Stage rotY :    3.684 deg
============================================================

Unity geometry (world coordinates):
  Source   : x=   0.000, y=  29.997, z=   0.000
  Object   : x=   0.647, y=  19.217, z= 600.196
  Detector : x=  -6.002, y=  33.656, z= 959.000
  Obj rotY :  -4.5698 deg

Initial calibration:
  Source   : x=   0.000, y=   0.000, z=   0.000
  Object   : x=  -0.541, y=   0.000, z=  14.919
  Detector : x=  25.318, y=   0.000, z=  40.001

After Calibration: 

Unity geometry (world coordinates):
  Source   : x=   0.000, y=  29.997, z=   0.000
  Object   : x=   0.106, y=  19.217, z= 615.115
  Detector : x=  19.316, y=  33.656, z= 999.001
  Obj rotY :  -4.5698 deg
view   0 | SOD= 626.086 mm | SDD= 999.194 mm | M= 1.596 | incident=1.1273°
[[ -23.227793   -625.56213     -10.780386  ]
 [  11.527895    373.02072     -14.438719  ]
 [   0.14958212   -0.00231252    0.        ]
 [   0.            0.            0.1496    ]]
Residual vector length: 5400, Jacobian shape: (5400, 6)
view   0 | SOD= 626.331 mm | SDD= 999.194 mm | M= 1.595 | incident=1.1273°
[[ -18.67928    -625.9929       -8.612667  ]
 [   6.8146605   372.8693      -12.271     ]
 [   0.14959714   -0.00092528    0.        ]
 [   0.            0.            0.1496    ]]

iter 02 cost=805268.420310 -> 475300.461025 |ddelta|=2.738236e+00  lambda=1.111e-03

============================================================
Iteration 3
============================================================
delta offsets (Unity frame):
  Source   : dSx=   0.000, dSy=   0.000, dSz=   0.000  (mm)
  Object   : dOx=   0.095, dOy=   1.385, dOz=  -0.346  (mm)
  Object offset: offset_x=  13.748, offset_z=  12.659  (mm)
  Detector : dDx=   0.000, dDy=   0.000, dDz=   0.000  (mm)
  Obj Stage rotY :    4.215 deg
============================================================

Unity geometry (world coordinates):
  Source   : x=   0.000, y=  29.997, z=   0.000
  Object   : x=   0.636, y=  21.385, z= 599.654
  Detector : x=  -6.002, y=  33.656, z= 959.000
  Obj rotY :  -4.5698 deg

Initial calibration:
  Source   : x=   0.000, y=   0.000, z=   0.000
  Object   : x=  -0.541, y=   0.000, z=  14.919
  Detector : x=  25.318, y=   0.000, z=  40.001

After Calibration: 

Unity geometry (world coordinates):
  Source   : x=   0.000, y=  29.997, z=   0.000
  Object   : x=   0.095, y=  21.385, z= 614.573
  Detector : x=  19.316, y=  33.656, z= 999.001
  Obj rotY :  -4.5698 deg
view   0 | SOD= 626.331 mm | SDD= 999.194 mm | M= 1.595 | incident=1.1273°
[[ -18.67928    -625.9929       -8.612667  ]
 [   6.8146605   372.8693      -12.271     ]
 [   0.14959714   -0.00092528    0.        ]
 [   0.            0.            0.1496    ]]
Residual vector length: 5400, Jacobian shape: (5400, 6)
view   0 | SOD= 627.473 mm | SDD= 999.194 mm | M= 1.592 | incident=1.1273°
[[ -11.94249    -627.2744      -10.307051  ]
 [   2.51838     371.80844     -13.965384  ]
 [   0.14959823    0.00072693    0.        ]
 [   0.            0.            0.1496    ]]

iter 03 cost=475300.461025 -> 410083.894865 |ddelta|=2.087355e+00  lambda=3.704e-04

============================================================
Iteration 4
============================================================
delta offsets (Unity frame):
  Source   : dSx=   0.000, dSy=   0.000, dSz=   0.000  (mm)
  Object   : dOx=  -0.063, dOy=  -0.310, dOz=   0.613  (mm)
  Object offset: offset_x=  14.076, offset_z=  12.839  (mm)
  Detector : dDx=   0.000, dDy=   0.000, dDz=   0.000  (mm)
  Obj Stage rotY :    4.848 deg
============================================================

Unity geometry (world coordinates):
  Source   : x=   0.000, y=  29.997, z=   0.000
  Object   : x=   0.477, y=  19.690, z= 600.613
  Detector : x=  -6.002, y=  33.656, z= 959.000
  Obj rotY :  -4.5698 deg

Initial calibration:
  Source   : x=   0.000, y=   0.000, z=   0.000
  Object   : x=  -0.541, y=   0.000, z=  14.919
  Detector : x=  25.318, y=   0.000, z=  40.001

After Calibration: 

Unity geometry (world coordinates):
  Source   : x=   0.000, y=  29.997, z=   0.000
  Object   : x=  -0.063, y=  19.690, z= 615.532
  Detector : x=  19.316, y=  33.656, z= 999.001
  Obj rotY :  -4.5698 deg
view   0 | SOD= 627.473 mm | SDD= 999.194 mm | M= 1.592 | incident=1.1273°
[[ -11.94249    -627.2744      -10.307051  ]
 [   2.51838     371.80844     -13.965384  ]
 [   0.14959823    0.00072693    0.        ]
 [   0.            0.            0.1496    ]]
Residual vector length: 5400, Jacobian shape: (5400, 6)
view   0 | SOD= 626.468 mm | SDD= 999.194 mm | M= 1.595 | incident=1.1273°
[[  -8.697893   -626.3427       -9.028538  ]
 [  -0.02438204  372.80713     -12.686871  ]
 [   0.1495915     0.00159346    0.        ]
 [   0.            0.            0.1496    ]]

iter 04 cost=410083.894865 -> 359286.586638 |ddelta|=1.952752e+00  lambda=1.235e-04

============================================================
Iteration 5
============================================================
delta offsets (Unity frame):
  Source   : dSx=   0.000, dSy=   0.000, dSz=   0.000  (mm)
  Object   : dOx=   0.153, dOy=   0.969, dOz=  -0.750  (mm)
  Object offset: offset_x=  14.209, offset_z=  13.220  (mm)
  Detector : dDx=   0.000, dDy=   0.000, dDz=   0.000  (mm)
  Obj Stage rotY :    5.180 deg
============================================================

Unity geometry (world coordinates):
  Source   : x=   0.000, y=  29.997, z=   0.000
  Object   : x=   0.693, y=  20.969, z= 599.250
  Detector : x=  -6.002, y=  33.656, z= 959.000
  Obj rotY :  -4.5698 deg

Initial calibration:
  Source   : x=   0.000, y=   0.000, z=   0.000
  Object   : x=  -0.541, y=   0.000, z=  14.919
  Detector : x=  25.318, y=   0.000, z=  40.001

After Calibration: 

Unity geometry (world coordinates):
  Source   : x=   0.000, y=  29.997, z=   0.000
  Object   : x=   0.153, y=  20.969, z= 614.169
  Detector : x=  19.316, y=  33.656, z= 999.001
  Obj rotY :  -4.5698 deg
view   0 | SOD= 626.468 mm | SDD= 999.194 mm | M= 1.595 | incident=1.1273°
[[  -8.697893   -626.3427       -9.028538  ]
 [  -0.02438204  372.80713     -12.686871  ]
 [   0.1495915     0.00159346    0.        ]
 [   0.            0.            0.1496    ]]
Residual vector length: 5400, Jacobian shape: (5400, 6)
view   0 | SOD= 626.207 mm | SDD= 999.194 mm | M= 1.596 | incident=1.1273°
[[  -7.244753   -626.084       -10.047522  ]
 [  -0.68292654  373.08197     -13.705854  ]
 [   0.14958781    0.00190961    0.        ]
 [   0.            0.            0.1496    ]]

iter 05 cost=359286.586638 -> 363353.667668 |ddelta|=1.091154e+00  lambda=4.115e-05

============================================================
Iteration 6
============================================================
delta offsets (Unity frame):
  Source   : dSx=   0.000, dSy=   0.000, dSz=   0.000  (mm)
  Object   : dOx=   0.153, dOy=   0.969, dOz=  -0.750  (mm)
  Object offset: offset_x=  14.209, offset_z=  13.220  (mm)
  Detector : dDx=   0.000, dDy=   0.000, dDz=   0.000  (mm)
  Obj Stage rotY :    5.180 deg
============================================================

Unity geometry (world coordinates):
  Source   : x=   0.000, y=  29.997, z=   0.000
  Object   : x=   0.693, y=  20.969, z= 599.250
  Detector : x=  -6.002, y=  33.656, z= 959.000
  Obj rotY :  -4.5698 deg

Initial calibration:
  Source   : x=   0.000, y=   0.000, z=   0.000
  Object   : x=  -0.541, y=   0.000, z=  14.919
  Detector : x=  25.318, y=   0.000, z=  40.001

After Calibration: 

Unity geometry (world coordinates):
  Source   : x=   0.000, y=  29.997, z=   0.000
  Object   : x=   0.153, y=  20.969, z= 614.169
  Detector : x=  19.316, y=  33.656, z= 999.001
  Obj rotY :  -4.5698 deg
view   0 | SOD= 626.468 mm | SDD= 999.194 mm | M= 1.595 | incident=1.1273°
[[  -8.697893   -626.3427       -9.028538  ]
 [  -0.02438204  372.80713     -12.686871  ]
 [   0.1495915     0.00159346    0.        ]
 [   0.            0.            0.1496    ]]
Residual vector length: 5400, Jacobian shape: (5400, 6)
view   0 | SOD= 626.207 mm | SDD= 999.194 mm | M= 1.596 | incident=1.1273°
[[  -7.244753   -626.084       -10.047522  ]
 [  -0.6829265   373.08197     -13.705854  ]
 [   0.14958781    0.00190961    0.        ]
 [   0.            0.            0.1496    ]]

iter 06 cost=359286.586638 -> 363353.667668 |ddelta|=1.091154e+00  lambda=2.058e-04

============================================================
Iteration 7
============================================================
delta offsets (Unity frame):
  Source   : dSx=   0.000, dSy=   0.000, dSz=   0.000  (mm)
  Object   : dOx=   0.153, dOy=   0.969, dOz=  -0.750  (mm)
  Object offset: offset_x=  14.209, offset_z=  13.220  (mm)
  Detector : dDx=   0.000, dDy=   0.000, dDz=   0.000  (mm)
  Obj Stage rotY :    5.180 deg
============================================================

Unity geometry (world coordinates):
  Source   : x=   0.000, y=  29.997, z=   0.000
  Object   : x=   0.693, y=  20.969, z= 599.250
  Detector : x=  -6.002, y=  33.656, z= 959.000
  Obj rotY :  -4.5698 deg

Initial calibration:
  Source   : x=   0.000, y=   0.000, z=   0.000
  Object   : x=  -0.541, y=   0.000, z=  14.919
  Detector : x=  25.318, y=   0.000, z=  40.001

After Calibration: 

Unity geometry (world coordinates):
  Source   : x=   0.000, y=  29.997, z=   0.000
  Object   : x=   0.153, y=  20.969, z= 614.169
  Detector : x=  19.316, y=  33.656, z= 999.001
  Obj rotY :  -4.5698 deg
view   0 | SOD= 626.468 mm | SDD= 999.194 mm | M= 1.595 | incident=1.1273°
[[  -8.697893   -626.3427       -9.028538  ]
 [  -0.02438204  372.80713     -12.686871  ]
 [   0.1495915     0.00159346    0.        ]
 [   0.            0.            0.1496    ]]
Residual vector length: 5400, Jacobian shape: (5400, 6)
view   0 | SOD= 626.207 mm | SDD= 999.194 mm | M= 1.596 | incident=1.1273°
[[  -7.2447534  -626.084       -10.047522  ]
 [  -0.6829264   373.08197     -13.705854  ]
 [   0.14958781    0.00190961    0.        ]
 [   0.            0.            0.1496    ]]

iter 07 cost=359286.586638 -> 363353.667668 |ddelta|=1.091154e+00  lambda=1.029e-03

============================================================
Iteration 8
============================================================
delta offsets (Unity frame):
  Source   : dSx=   0.000, dSy=   0.000, dSz=   0.000  (mm)
  Object   : dOx=   0.153, dOy=   0.969, dOz=  -0.750  (mm)
  Object offset: offset_x=  14.209, offset_z=  13.220  (mm)
  Detector : dDx=   0.000, dDy=   0.000, dDz=   0.000  (mm)
  Obj Stage rotY :    5.180 deg
============================================================

Unity geometry (world coordinates):
  Source   : x=   0.000, y=  29.997, z=   0.000
  Object   : x=   0.693, y=  20.969, z= 599.250
  Detector : x=  -6.002, y=  33.656, z= 959.000
  Obj rotY :  -4.5698 deg

Initial calibration:
  Source   : x=   0.000, y=   0.000, z=   0.000
  Object   : x=  -0.541, y=   0.000, z=  14.919
  Detector : x=  25.318, y=   0.000, z=  40.001

After Calibration: 

Unity geometry (world coordinates):
  Source   : x=   0.000, y=  29.997, z=   0.000
  Object   : x=   0.153, y=  20.969, z= 614.169
  Detector : x=  19.316, y=  33.656, z= 999.001
  Obj rotY :  -4.5698 deg
view   0 | SOD= 626.468 mm | SDD= 999.194 mm | M= 1.595 | incident=1.1273°
[[  -8.697893   -626.3427       -9.028538  ]
 [  -0.02438204  372.80713     -12.686871  ]
 [   0.1495915     0.00159346    0.        ]
 [   0.            0.            0.1496    ]]
Residual vector length: 5400, Jacobian shape: (5400, 6)
view   0 | SOD= 626.207 mm | SDD= 999.194 mm | M= 1.596 | incident=1.1273°
[[  -7.244755   -626.084       -10.047522  ]
 [  -0.6829269   373.08197     -13.705854  ]
 [   0.14958781    0.00190961    0.        ]
 [   0.            0.            0.1496    ]]

iter 08 cost=359286.586638 -> 363351.060925 |ddelta|=1.091154e+00  lambda=5.144e-03

============================================================
Iteration 9
============================================================
delta offsets (Unity frame):
  Source   : dSx=   0.000, dSy=   0.000, dSz=   0.000  (mm)
  Object   : dOx=   0.153, dOy=   0.969, dOz=  -0.750  (mm)
  Object offset: offset_x=  14.209, offset_z=  13.220  (mm)
  Detector : dDx=   0.000, dDy=   0.000, dDz=   0.000  (mm)
  Obj Stage rotY :    5.180 deg
============================================================

Unity geometry (world coordinates):
  Source   : x=   0.000, y=  29.997, z=   0.000
  Object   : x=   0.693, y=  20.969, z= 599.250
  Detector : x=  -6.002, y=  33.656, z= 959.000
  Obj rotY :  -4.5698 deg

Initial calibration:
  Source   : x=   0.000, y=   0.000, z=   0.000
  Object   : x=  -0.541, y=   0.000, z=  14.919
  Detector : x=  25.318, y=   0.000, z=  40.001

After Calibration: 

Unity geometry (world coordinates):
  Source   : x=   0.000, y=  29.997, z=   0.000
  Object   : x=   0.153, y=  20.969, z= 614.169
  Detector : x=  19.316, y=  33.656, z= 999.001
  Obj rotY :  -4.5698 deg
view   0 | SOD= 626.468 mm | SDD= 999.194 mm | M= 1.595 | incident=1.1273°
[[  -8.697893   -626.3427       -9.028538  ]
 [  -0.02438204  372.80713     -12.686871  ]
 [   0.1495915     0.00159346    0.        ]
 [   0.            0.            0.1496    ]]
Residual vector length: 5400, Jacobian shape: (5400, 6)
view   0 | SOD= 626.207 mm | SDD= 999.194 mm | M= 1.596 | incident=1.1273°
[[  -7.2447586  -626.084       -10.047522  ]
 [  -0.68292457  373.08197     -13.705854  ]
 [   0.14958781    0.00190961    0.        ]
 [   0.            0.            0.1496    ]]

iter 09 cost=359286.586638 -> 363350.452036 |ddelta|=1.091153e+00  lambda=2.572e-02

============================================================
Iteration 10
============================================================
delta offsets (Unity frame):
  Source   : dSx=   0.000, dSy=   0.000, dSz=   0.000  (mm)
  Object   : dOx=   0.153, dOy=   0.969, dOz=  -0.750  (mm)
  Object offset: offset_x=  14.209, offset_z=  13.220  (mm)
  Detector : dDx=   0.000, dDy=   0.000, dDz=   0.000  (mm)
  Obj Stage rotY :    5.180 deg
============================================================

Unity geometry (world coordinates):
  Source   : x=   0.000, y=  29.997, z=   0.000
  Object   : x=   0.693, y=  20.969, z= 599.250
  Detector : x=  -6.002, y=  33.656, z= 959.000
  Obj rotY :  -4.5698 deg

Initial calibration:
  Source   : x=   0.000, y=   0.000, z=   0.000
  Object   : x=  -0.541, y=   0.000, z=  14.919
  Detector : x=  25.318, y=   0.000, z=  40.001

After Calibration: 

Unity geometry (world coordinates):
  Source   : x=   0.000, y=  29.997, z=   0.000
  Object   : x=   0.153, y=  20.969, z= 614.169
  Detector : x=  19.316, y=  33.656, z= 999.001
  Obj rotY :  -4.5698 deg
view   0 | SOD= 626.468 mm | SDD= 999.194 mm | M= 1.595 | incident=1.1273°
[[  -8.697893   -626.3427       -9.028538  ]
 [  -0.02438204  372.80713     -12.686871  ]
 [   0.1495915     0.00159346    0.        ]
 [   0.            0.            0.1496    ]]
Residual vector length: 5400, Jacobian shape: (5400, 6)
view   0 | SOD= 626.207 mm | SDD= 999.194 mm | M= 1.596 | incident=1.1273°
[[  -7.244778   -626.084       -10.04752   ]
 [  -0.682913    373.08197     -13.7058525 ]
 [   0.14958781    0.00190961    0.        ]
 [   0.            0.            0.1496    ]]

iter 10 cost=359286.586638 -> 363354.891874 |ddelta|=1.091151e+00  lambda=1.286e-01

============================================================
Iteration 11
============================================================
delta offsets (Unity frame):
  Source   : dSx=   0.000, dSy=   0.000, dSz=   0.000  (mm)
  Object   : dOx=   0.153, dOy=   0.969, dOz=  -0.750  (mm)
  Object offset: offset_x=  14.209, offset_z=  13.220  (mm)
  Detector : dDx=   0.000, dDy=   0.000, dDz=   0.000  (mm)
  Obj Stage rotY :    5.180 deg
============================================================

Unity geometry (world coordinates):
  Source   : x=   0.000, y=  29.997, z=   0.000
  Object   : x=   0.693, y=  20.969, z= 599.250
  Detector : x=  -6.002, y=  33.656, z= 959.000
  Obj rotY :  -4.5698 deg

Initial calibration:
  Source   : x=   0.000, y=   0.000, z=   0.000
  Object   : x=  -0.541, y=   0.000, z=  14.919
  Detector : x=  25.318, y=   0.000, z=  40.001

After Calibration: 

Unity geometry (world coordinates):
  Source   : x=   0.000, y=  29.997, z=   0.000
  Object   : x=   0.153, y=  20.969, z= 614.169
  Detector : x=  19.316, y=  33.656, z= 999.001
  Obj rotY :  -4.5698 deg
view   0 | SOD= 626.468 mm | SDD= 999.194 mm | M= 1.595 | incident=1.1273°
[[  -8.697893   -626.3427       -9.028538  ]
 [  -0.02438204  372.80713     -12.686871  ]
 [   0.1495915     0.00159346    0.        ]
 [   0.            0.            0.1496    ]]
Residual vector length: 5400, Jacobian shape: (5400, 6)
view   0 | SOD= 626.207 mm | SDD= 999.194 mm | M= 1.596 | incident=1.1273°
[[  -7.2448783  -626.08405     -10.047516  ]
 [  -0.6828581   373.0819      -13.705849  ]
 [   0.14958781    0.00190958    0.        ]
 [   0.            0.            0.1496    ]]

iter 11 cost=359286.586638 -> 363352.051282 |ddelta|=1.091140e+00  lambda=6.430e-01

============================================================
Iteration 12
============================================================
delta offsets (Unity frame):
  Source   : dSx=   0.000, dSy=   0.000, dSz=   0.000  (mm)
  Object   : dOx=   0.153, dOy=   0.969, dOz=  -0.750  (mm)
  Object offset: offset_x=  14.209, offset_z=  13.220  (mm)
  Detector : dDx=   0.000, dDy=   0.000, dDz=   0.000  (mm)
  Obj Stage rotY :    5.180 deg
============================================================

Unity geometry (world coordinates):
  Source   : x=   0.000, y=  29.997, z=   0.000
  Object   : x=   0.693, y=  20.969, z= 599.250
  Detector : x=  -6.002, y=  33.656, z= 959.000
  Obj rotY :  -4.5698 deg

Initial calibration:
  Source   : x=   0.000, y=   0.000, z=   0.000
  Object   : x=  -0.541, y=   0.000, z=  14.919
  Detector : x=  25.318, y=   0.000, z=  40.001

After Calibration: 

Unity geometry (world coordinates):
  Source   : x=   0.000, y=  29.997, z=   0.000
  Object   : x=   0.153, y=  20.969, z= 614.169
  Detector : x=  19.316, y=  33.656, z= 999.001
  Obj rotY :  -4.5698 deg
view   0 | SOD= 626.468 mm | SDD= 999.194 mm | M= 1.595 | incident=1.1273°
[[  -8.697893   -626.3427       -9.028538  ]
 [  -0.02438204  372.80713     -12.686871  ]
 [   0.1495915     0.00159346    0.        ]
 [   0.            0.            0.1496    ]]
Residual vector length: 5400, Jacobian shape: (5400, 6)
view   0 | SOD= 626.207 mm | SDD= 999.194 mm | M= 1.596 | incident=1.1273°
[[  -7.245378   -626.08435     -10.047491  ]
 [  -0.682583    373.0816      -13.705824  ]
 [   0.14958781    0.00190947    0.        ]
 [   0.            0.            0.1496    ]]

iter 12 cost=359286.586638 -> 363340.225947 |ddelta|=1.091085e+00  lambda=3.215e+00

============================================================
Iteration 13
============================================================
delta offsets (Unity frame):
  Source   : dSx=   0.000, dSy=   0.000, dSz=   0.000  (mm)
  Object   : dOx=   0.153, dOy=   0.969, dOz=  -0.750  (mm)
  Object offset: offset_x=  14.209, offset_z=  13.220  (mm)
  Detector : dDx=   0.000, dDy=   0.000, dDz=   0.000  (mm)
  Obj Stage rotY :    5.180 deg
============================================================

Unity geometry (world coordinates):
  Source   : x=   0.000, y=  29.997, z=   0.000
  Object   : x=   0.693, y=  20.969, z= 599.250
  Detector : x=  -6.002, y=  33.656, z= 959.000
  Obj rotY :  -4.5698 deg

Initial calibration:
  Source   : x=   0.000, y=   0.000, z=   0.000
  Object   : x=  -0.541, y=   0.000, z=  14.919
  Detector : x=  25.318, y=   0.000, z=  40.001

After Calibration: 

Unity geometry (world coordinates):
  Source   : x=   0.000, y=  29.997, z=   0.000
  Object   : x=   0.153, y=  20.969, z= 614.169
  Detector : x=  19.316, y=  33.656, z= 999.001
  Obj rotY :  -4.5698 deg
view   0 | SOD= 626.468 mm | SDD= 999.194 mm | M= 1.595 | incident=1.1273°
[[  -8.697893   -626.3427       -9.028538  ]
 [  -0.02438204  372.80713     -12.686871  ]
 [   0.1495915     0.00159346    0.        ]
 [   0.            0.            0.1496    ]]
Residual vector length: 5400, Jacobian shape: (5400, 6)
view   0 | SOD= 626.208 mm | SDD= 999.194 mm | M= 1.596 | incident=1.1273°
[[  -7.247872   -626.08563     -10.047369  ]
 [  -0.6812111   373.08026     -13.705702  ]
 [   0.14958782    0.00190889    0.        ]
 [   0.            0.            0.1496    ]]

iter 13 cost=359286.586638 -> 363325.494795 |ddelta|=1.090811e+00  lambda=1.608e+01

============================================================
Iteration 14
============================================================
delta offsets (Unity frame):
  Source   : dSx=   0.000, dSy=   0.000, dSz=   0.000  (mm)
  Object   : dOx=   0.153, dOy=   0.969, dOz=  -0.750  (mm)
  Object offset: offset_x=  14.209, offset_z=  13.220  (mm)
  Detector : dDx=   0.000, dDy=   0.000, dDz=   0.000  (mm)
  Obj Stage rotY :    5.180 deg
============================================================

Unity geometry (world coordinates):
  Source   : x=   0.000, y=  29.997, z=   0.000
  Object   : x=   0.693, y=  20.969, z= 599.250
  Detector : x=  -6.002, y=  33.656, z= 959.000
  Obj rotY :  -4.5698 deg

Initial calibration:
  Source   : x=   0.000, y=   0.000, z=   0.000
  Object   : x=  -0.541, y=   0.000, z=  14.919
  Detector : x=  25.318, y=   0.000, z=  40.001

After Calibration: 

Unity geometry (world coordinates):
  Source   : x=   0.000, y=  29.997, z=   0.000
  Object   : x=   0.153, y=  20.969, z= 614.169
  Detector : x=  19.316, y=  33.656, z= 999.001
  Obj rotY :  -4.5698 deg
view   0 | SOD= 626.468 mm | SDD= 999.194 mm | M= 1.595 | incident=1.1273°
[[  -8.697893   -626.3427       -9.028538  ]
 [  -0.02438204  372.80713     -12.686871  ]
 [   0.1495915     0.00159346    0.        ]
 [   0.            0.            0.1496    ]]
Residual vector length: 5400, Jacobian shape: (5400, 6)
view   0 | SOD= 626.214 mm | SDD= 999.194 mm | M= 1.596 | incident=1.1273°
[[  -7.2601995  -626.0916      -10.046757  ]
 [  -0.6744352   373.0742      -13.70509   ]
 [   0.14958785    0.00190603    0.        ]
 [   0.            0.            0.1496    ]]

iter 14 cost=359286.586638 -> 363208.914508 |ddelta|=1.089498e+00  lambda=8.038e+01

============================================================
Iteration 15
============================================================
delta offsets (Unity frame):
  Source   : dSx=   0.000, dSy=   0.000, dSz=   0.000  (mm)
  Object   : dOx=   0.153, dOy=   0.969, dOz=  -0.750  (mm)
  Object offset: offset_x=  14.209, offset_z=  13.220  (mm)
  Detector : dDx=   0.000, dDy=   0.000, dDz=   0.000  (mm)
  Obj Stage rotY :    5.180 deg
============================================================

Unity geometry (world coordinates):
  Source   : x=   0.000, y=  29.997, z=   0.000
  Object   : x=   0.693, y=  20.969, z= 599.250
  Detector : x=  -6.002, y=  33.656, z= 959.000
  Obj rotY :  -4.5698 deg

Initial calibration:
  Source   : x=   0.000, y=   0.000, z=   0.000
  Object   : x=  -0.541, y=   0.000, z=  14.919
  Detector : x=  25.318, y=   0.000, z=  40.001

After Calibration: 

Unity geometry (world coordinates):
  Source   : x=   0.000, y=  29.997, z=   0.000
  Object   : x=   0.153, y=  20.969, z= 614.169
  Detector : x=  19.316, y=  33.656, z= 999.001
  Obj rotY :  -4.5698 deg
view   0 | SOD= 626.468 mm | SDD= 999.194 mm | M= 1.595 | incident=1.1273°
[[  -8.697893   -626.3427       -9.028538  ]
 [  -0.02438204  372.80713     -12.686871  ]
 [   0.1495915     0.00159346    0.        ]
 [   0.            0.            0.1496    ]]
Residual vector length: 5400, Jacobian shape: (5400, 6)
view   0 | SOD= 626.236 mm | SDD= 999.194 mm | M= 1.596 | incident=1.1273°
[[  -7.3183665  -626.1128      -10.043608  ]
 [  -0.64244527  373.05243     -13.701941  ]
 [   0.14958803    0.00189253    0.        ]
 [   0.            0.            0.1496    ]]

iter 15 cost=359286.586638 -> 362636.876910 |ddelta|=1.083827e+00  lambda=4.019e+02

============================================================
Iteration 16
============================================================
delta offsets (Unity frame):
  Source   : dSx=   0.000, dSy=   0.000, dSz=   0.000  (mm)
  Object   : dOx=   0.153, dOy=   0.969, dOz=  -0.750  (mm)
  Object offset: offset_x=  14.209, offset_z=  13.220  (mm)
  Detector : dDx=   0.000, dDy=   0.000, dDz=   0.000  (mm)
  Obj Stage rotY :    5.180 deg
============================================================

Unity geometry (world coordinates):
  Source   : x=   0.000, y=  29.997, z=   0.000
  Object   : x=   0.693, y=  20.969, z= 599.250
  Detector : x=  -6.002, y=  33.656, z= 959.000
  Obj rotY :  -4.5698 deg

Initial calibration:
  Source   : x=   0.000, y=   0.000, z=   0.000
  Object   : x=  -0.541, y=   0.000, z=  14.919
  Detector : x=  25.318, y=   0.000, z=  40.001

After Calibration: 

Unity geometry (world coordinates):
  Source   : x=   0.000, y=  29.997, z=   0.000
  Object   : x=   0.153, y=  20.969, z= 614.169
  Detector : x=  19.316, y=  33.656, z= 999.001
  Obj rotY :  -4.5698 deg
view   0 | SOD= 626.468 mm | SDD= 999.194 mm | M= 1.595 | incident=1.1273°
[[  -8.697893   -626.3427       -9.028538  ]
 [  -0.02438204  372.80713     -12.686871  ]
 [   0.1495915     0.00159346    0.        ]
 [   0.            0.            0.1496    ]]
Residual vector length: 5400, Jacobian shape: (5400, 6)
view   0 | SOD= 626.278 mm | SDD= 999.194 mm | M= 1.595 | incident=1.1273°
[[  -7.5434623  -626.1524      -10.0274315 ]
 [  -0.5201713   373.0104      -13.685764  ]
 [   0.14958867    0.00184052    0.        ]
 [   0.            0.            0.1496    ]]

iter 16 cost=359286.586638 -> 360417.430833 |ddelta|=1.061475e+00  lambda=2.009e+03

============================================================
Iteration 17
============================================================
delta offsets (Unity frame):
  Source   : dSx=   0.000, dSy=   0.000, dSz=   0.000  (mm)
  Object   : dOx=   0.153, dOy=   0.969, dOz=  -0.750  (mm)
  Object offset: offset_x=  14.209, offset_z=  13.220  (mm)
  Detector : dDx=   0.000, dDy=   0.000, dDz=   0.000  (mm)
  Obj Stage rotY :    5.180 deg
============================================================

Unity geometry (world coordinates):
  Source   : x=   0.000, y=  29.997, z=   0.000
  Object   : x=   0.693, y=  20.969, z= 599.250
  Detector : x=  -6.002, y=  33.656, z= 959.000
  Obj rotY :  -4.5698 deg

Initial calibration:
  Source   : x=   0.000, y=   0.000, z=   0.000
  Object   : x=  -0.541, y=   0.000, z=  14.919
  Detector : x=  25.318, y=   0.000, z=  40.001

After Calibration: 

Unity geometry (world coordinates):
  Source   : x=   0.000, y=  29.997, z=   0.000
  Object   : x=   0.153, y=  20.969, z= 614.169
  Detector : x=  19.316, y=  33.656, z= 999.001
  Obj rotY :  -4.5698 deg
view   0 | SOD= 626.468 mm | SDD= 999.194 mm | M= 1.595 | incident=1.1273°
[[  -8.697893   -626.3427       -9.028538  ]
 [  -0.02438204  372.80713     -12.686871  ]
 [   0.1495915     0.00159346    0.        ]
 [   0.            0.            0.1496    ]]
Residual vector length: 5400, Jacobian shape: (5400, 6)
view   0 | SOD= 626.335 mm | SDD= 999.194 mm | M= 1.595 | incident=1.1273°
[[  -8.027127   -626.2049       -9.953182  ]
 [  -0.28080288  372.9526      -13.611515  ]
 [   0.14958997    0.00173228    0.        ]
 [   0.            0.            0.1496    ]]

iter 17 cost=359286.586638 -> 350643.153631 |ddelta|=9.727893e-01  lambda=1.005e+04

============================================================
Iteration 18
============================================================
delta offsets (Unity frame):
  Source   : dSx=   0.000, dSy=   0.000, dSz=   0.000  (mm)
  Object   : dOx=  -0.078, dOy=   0.044, dOz=  -0.769  (mm)
  Object offset: offset_x=  14.357, offset_z=  13.105  (mm)
  Detector : dDx=   0.000, dDy=   0.000, dDz=   0.000  (mm)
  Obj Stage rotY :    5.233 deg
============================================================

Unity geometry (world coordinates):
  Source   : x=   0.000, y=  29.997, z=   0.000
  Object   : x=   0.463, y=  20.044, z= 599.231
  Detector : x=  -6.002, y=  33.656, z= 959.000
  Obj rotY :  -4.5698 deg

Initial calibration:
  Source   : x=   0.000, y=   0.000, z=   0.000
  Object   : x=  -0.541, y=   0.000, z=  14.919
  Detector : x=  25.318, y=   0.000, z=  40.001

After Calibration: 

Unity geometry (world coordinates):
  Source   : x=   0.000, y=  29.997, z=   0.000
  Object   : x=  -0.078, y=  20.044, z= 614.150
  Detector : x=  19.316, y=  33.656, z= 999.001
  Obj rotY :  -4.5698 deg
view   0 | SOD= 626.335 mm | SDD= 999.194 mm | M= 1.595 | incident=1.1273°
[[  -8.027127   -626.2049       -9.953182  ]
 [  -0.28080288  372.9526      -13.611515  ]
 [   0.14958997    0.00173228    0.        ]
 [   0.            0.            0.1496    ]]
Residual vector length: 5400, Jacobian shape: (5400, 6)
view   0 | SOD= 626.576 mm | SDD= 999.194 mm | M= 1.595 | incident=1.1273°
[[ -11.20864    -626.40674      -9.272957  ]
 [   1.0419829   372.70566     -12.93129   ]
 [   0.14959626    0.00105788    0.        ]
 [   0.            0.            0.1496    ]]

iter 18 cost=350643.153631 -> 338667.008992 |ddelta|=8.483600e-01  lambda=3.349e+03

============================================================
Iteration 19
============================================================
delta offsets (Unity frame):
  Source   : dSx=   0.000, dSy=   0.000, dSz=   0.000  (mm)
  Object   : dOx=   0.293, dOy=   0.724, dOz=  -0.757  (mm)
  Object offset: offset_x=  14.329, offset_z=  13.333  (mm)
  Detector : dDx=   0.000, dDy=   0.000, dDz=   0.000  (mm)
  Obj Stage rotY :    4.975 deg
============================================================

Unity geometry (world coordinates):
  Source   : x=   0.000, y=  29.997, z=   0.000
  Object   : x=   0.834, y=  20.724, z= 599.243
  Detector : x=  -6.002, y=  33.656, z= 959.000
  Obj rotY :  -4.5698 deg

Initial calibration:
  Source   : x=   0.000, y=   0.000, z=   0.000
  Object   : x=  -0.541, y=   0.000, z=  14.919
  Detector : x=  25.318, y=   0.000, z=  40.001

After Calibration: 

Unity geometry (world coordinates):
  Source   : x=   0.000, y=  29.997, z=   0.000
  Object   : x=   0.293, y=  20.724, z= 614.163
  Detector : x=  19.316, y=  33.656, z= 999.001
  Obj rotY :  -4.5698 deg
view   0 | SOD= 626.576 mm | SDD= 999.194 mm | M= 1.595 | incident=1.1273°
[[ -11.20864    -626.40674      -9.272957  ]
 [   1.0419829   372.70566     -12.93129   ]
 [   0.14959626    0.00105788    0.        ]
 [   0.            0.            0.1496    ]]
Residual vector length: 5400, Jacobian shape: (5400, 6)
view   0 | SOD= 627.278 mm | SDD= 999.194 mm | M= 1.593 | incident=1.1273°
[[ -11.275753   -627.0991       -9.8636055 ]
 [   1.6288443   372.00504     -13.521938  ]
 [   0.14959691    0.00095996    0.        ]
 [   0.            0.            0.1496    ]]

iter 19 cost=338667.008992 -> 344349.106253 |ddelta|=1.090142e+00  lambda=1.116e+03

============================================================
Iteration 20
============================================================
delta offsets (Unity frame):
  Source   : dSx=   0.000, dSy=   0.000, dSz=   0.000  (mm)
  Object   : dOx=   0.293, dOy=   0.724, dOz=  -0.757  (mm)
  Object offset: offset_x=  14.329, offset_z=  13.333  (mm)
  Detector : dDx=   0.000, dDy=   0.000, dDz=   0.000  (mm)
  Obj Stage rotY :    4.975 deg
============================================================

Unity geometry (world coordinates):
  Source   : x=   0.000, y=  29.997, z=   0.000
  Object   : x=   0.834, y=  20.724, z= 599.243
  Detector : x=  -6.002, y=  33.656, z= 959.000
  Obj rotY :  -4.5698 deg

Initial calibration:
  Source   : x=   0.000, y=   0.000, z=   0.000
  Object   : x=  -0.541, y=   0.000, z=  14.919
  Detector : x=  25.318, y=   0.000, z=  40.001

After Calibration: 

Unity geometry (world coordinates):
  Source   : x=   0.000, y=  29.997, z=   0.000
  Object   : x=   0.293, y=  20.724, z= 614.163
  Detector : x=  19.316, y=  33.656, z= 999.001
  Obj rotY :  -4.5698 deg
view   0 | SOD= 626.576 mm | SDD= 999.194 mm | M= 1.595 | incident=1.1273°
[[ -11.20864    -626.40674      -9.272957  ]
 [   1.0419829   372.70566     -12.93129   ]
 [   0.14959626    0.00105788    0.        ]
 [   0.            0.            0.1496    ]]
Residual vector length: 5400, Jacobian shape: (5400, 6)
view   0 | SOD= 626.719 mm | SDD= 999.194 mm | M= 1.594 | incident=1.1273°
[[ -11.089536   -626.54333      -9.830826  ]
 [   1.5086323   372.56476     -13.489159  ]
 [   0.14959662    0.00100584    0.        ]
 [   0.            0.            0.1496    ]]

iter 20 cost=338667.008992 -> 341585.947405 |ddelta|=7.442527e-01  lambda=5.582e+03

============================================================
Iteration 21
============================================================
delta offsets (Unity frame):
  Source   : dSx=   0.000, dSy=   0.000, dSz=   0.000  (mm)
  Object   : dOx=   0.293, dOy=   0.724, dOz=  -0.757  (mm)
  Object offset: offset_x=  14.329, offset_z=  13.333  (mm)
  Detector : dDx=   0.000, dDy=   0.000, dDz=   0.000  (mm)
  Obj Stage rotY :    4.975 deg
============================================================

Unity geometry (world coordinates):
  Source   : x=   0.000, y=  29.997, z=   0.000
  Object   : x=   0.834, y=  20.724, z= 599.243
  Detector : x=  -6.002, y=  33.656, z= 959.000
  Obj rotY :  -4.5698 deg

Initial calibration:
  Source   : x=   0.000, y=   0.000, z=   0.000
  Object   : x=  -0.541, y=   0.000, z=  14.919
  Detector : x=  25.318, y=   0.000, z=  40.001

After Calibration: 

Unity geometry (world coordinates):
  Source   : x=   0.000, y=  29.997, z=   0.000
  Object   : x=   0.293, y=  20.724, z= 614.163
  Detector : x=  19.316, y=  33.656, z= 999.001
  Obj rotY :  -4.5698 deg
view   0 | SOD= 626.576 mm | SDD= 999.194 mm | M= 1.595 | incident=1.1273°
[[ -11.20864    -626.40674      -9.272957  ]
 [   1.0419829   372.70566     -12.93129   ]
 [   0.14959626    0.00105788    0.        ]
 [   0.            0.            0.1496    ]]
Residual vector length: 5400, Jacobian shape: (5400, 6)
view   0 | SOD= 626.561 mm | SDD= 999.194 mm | M= 1.595 | incident=1.1273°
[[ -10.9618845  -626.3892       -9.731331  ]
 [   1.3261344   372.72272     -13.389664  ]
 [   0.1495963     0.00105228    0.        ]
 [   0.            0.            0.1496    ]]

iter 21 cost=338667.008992 -> 333135.183135 |ddelta|=5.706355e-01  lambda=2.791e+04

============================================================
Iteration 22
============================================================
delta offsets (Unity frame):
  Source   : dSx=   0.000, dSy=   0.000, dSz=   0.000  (mm)
  Object   : dOx=  -0.032, dOy=   0.266, dOz=  -0.706  (mm)
  Object offset: offset_x=  14.388, offset_z=  13.272  (mm)
  Detector : dDx=   0.000, dDy=   0.000, dDz=   0.000  (mm)
  Obj Stage rotY :    4.973 deg
============================================================

Unity geometry (world coordinates):
  Source   : x=   0.000, y=  29.997, z=   0.000
  Object   : x=   0.509, y=  20.266, z= 599.294
  Detector : x=  -6.002, y=  33.656, z= 959.000
  Obj rotY :  -4.5698 deg

Initial calibration:
  Source   : x=   0.000, y=   0.000, z=   0.000
  Object   : x=  -0.541, y=   0.000, z=  14.919
  Detector : x=  25.318, y=   0.000, z=  40.001

After Calibration: 

Unity geometry (world coordinates):
  Source   : x=   0.000, y=  29.997, z=   0.000
  Object   : x=  -0.032, y=  20.266, z= 614.214
  Detector : x=  19.316, y=  33.656, z= 999.001
  Obj rotY :  -4.5698 deg
view   0 | SOD= 626.561 mm | SDD= 999.194 mm | M= 1.595 | incident=1.1273°
[[ -10.9618845  -626.3892       -9.731331  ]
 [   1.3261344   372.72272     -13.389664  ]
 [   0.1495963     0.00105228    0.        ]
 [   0.            0.            0.1496    ]]
Residual vector length: 5400, Jacobian shape: (5400, 6)
view   0 | SOD= 626.805 mm | SDD= 999.194 mm | M= 1.594 | incident=1.1273°
[[  -9.143188   -626.66736      -9.415636  ]
 [  -0.25928366  372.48068     -13.073969  ]
 [   0.14959185    0.00156196    0.        ]
 [   0.            0.            0.1496    ]]

iter 22 cost=333135.183135 -> 331534.750120 |ddelta|=5.238182e-01  lambda=9.303e+03

============================================================
Iteration 23
============================================================
delta offsets (Unity frame):
  Source   : dSx=   0.000, dSy=   0.000, dSz=   0.000  (mm)
  Object   : dOx=   0.289, dOy=   0.582, dOz=  -0.634  (mm)
  Object offset: offset_x=  14.372, offset_z=  13.441  (mm)
  Detector : dDx=   0.000, dDy=   0.000, dDz=   0.000  (mm)
  Obj Stage rotY :    5.168 deg
============================================================

Unity geometry (world coordinates):
  Source   : x=   0.000, y=  29.997, z=   0.000
  Object   : x=   0.829, y=  20.582, z= 599.366
  Detector : x=  -6.002, y=  33.656, z= 959.000
  Obj rotY :  -4.5698 deg

Initial calibration:
  Source   : x=   0.000, y=   0.000, z=   0.000
  Object   : x=  -0.541, y=   0.000, z=  14.919
  Detector : x=  25.318, y=   0.000, z=  40.001

After Calibration: 

Unity geometry (world coordinates):
  Source   : x=   0.000, y=  29.997, z=   0.000
  Object   : x=   0.289, y=  20.582, z= 614.285
  Detector : x=  19.316, y=  33.656, z= 999.001
  Obj rotY :  -4.5698 deg
view   0 | SOD= 626.805 mm | SDD= 999.194 mm | M= 1.594 | incident=1.1273°
[[  -9.143188   -626.66736      -9.415636  ]
 [  -0.25928366  372.48068     -13.073969  ]
 [   0.14959185    0.00156196    0.        ]
 [   0.            0.            0.1496    ]]
Residual vector length: 5400, Jacobian shape: (5400, 6)
view   0 | SOD= 626.608 mm | SDD= 999.194 mm | M= 1.595 | incident=1.1273°
[[  -7.0590405  -626.4923       -9.748028  ]
 [  -1.0366502   372.67703     -13.406361  ]
 [   0.14958675    0.00199037    0.        ]
 [   0.            0.            0.1496    ]]

iter 23 cost=331534.750120 -> 334805.220805 |ddelta|=5.554959e-01  lambda=3.101e+03

============================================================
Iteration 24
============================================================
delta offsets (Unity frame):
  Source   : dSx=   0.000, dSy=   0.000, dSz=   0.000  (mm)
  Object   : dOx=   0.289, dOy=   0.582, dOz=  -0.634  (mm)
  Object offset: offset_x=  14.372, offset_z=  13.441  (mm)
  Detector : dDx=   0.000, dDy=   0.000, dDz=   0.000  (mm)
  Obj Stage rotY :    5.168 deg
============================================================

Unity geometry (world coordinates):
  Source   : x=   0.000, y=  29.997, z=   0.000
  Object   : x=   0.829, y=  20.582, z= 599.366
  Detector : x=  -6.002, y=  33.656, z= 959.000
  Obj rotY :  -4.5698 deg

Initial calibration:
  Source   : x=   0.000, y=   0.000, z=   0.000
  Object   : x=  -0.541, y=   0.000, z=  14.919
  Detector : x=  25.318, y=   0.000, z=  40.001

After Calibration: 

Unity geometry (world coordinates):
  Source   : x=   0.000, y=  29.997, z=   0.000
  Object   : x=   0.289, y=  20.582, z= 614.285
  Detector : x=  19.316, y=  33.656, z= 999.001
  Obj rotY :  -4.5698 deg
view   0 | SOD= 626.805 mm | SDD= 999.194 mm | M= 1.594 | incident=1.1273°
[[  -9.143188   -626.66736      -9.415636  ]
 [  -0.25928366  372.48068     -13.073969  ]
 [   0.14959185    0.00156196    0.        ]
 [   0.            0.            0.1496    ]]
Residual vector length: 5400, Jacobian shape: (5400, 6)
view   0 | SOD= 626.666 mm | SDD= 999.194 mm | M= 1.594 | incident=1.1273°
[[  -8.077218   -626.539        -9.709087  ]
 [  -0.47770154  372.61963     -13.36742   ]
 [   0.14958972    0.00175425    0.        ]
 [   0.            0.            0.1496    ]]

iter 24 cost=331534.750120 -> 331663.249262 |ddelta|=4.681789e-01  lambda=1.550e+04

============================================================
Iteration 25
============================================================
delta offsets (Unity frame):
  Source   : dSx=   0.000, dSy=   0.000, dSz=   0.000  (mm)
  Object   : dOx=   0.289, dOy=   0.582, dOz=  -0.634  (mm)
  Object offset: offset_x=  14.372, offset_z=  13.441  (mm)
  Detector : dDx=   0.000, dDy=   0.000, dDz=   0.000  (mm)
  Obj Stage rotY :    5.168 deg
============================================================

Unity geometry (world coordinates):
  Source   : x=   0.000, y=  29.997, z=   0.000
  Object   : x=   0.829, y=  20.582, z= 599.366
  Detector : x=  -6.002, y=  33.656, z= 959.000
  Obj rotY :  -4.5698 deg

Initial calibration:
  Source   : x=   0.000, y=   0.000, z=   0.000
  Object   : x=  -0.541, y=   0.000, z=  14.919
  Detector : x=  25.318, y=   0.000, z=  40.001

After Calibration: 

Unity geometry (world coordinates):
  Source   : x=   0.000, y=  29.997, z=   0.000
  Object   : x=   0.289, y=  20.582, z= 614.285
  Detector : x=  19.316, y=  33.656, z= 999.001
  Obj rotY :  -4.5698 deg
view   0 | SOD= 626.805 mm | SDD= 999.194 mm | M= 1.594 | incident=1.1273°
[[  -9.143188   -626.66736      -9.415636  ]
 [  -0.25928366  372.48068     -13.073969  ]
 [   0.14959185    0.00156196    0.        ]
 [   0.            0.            0.1496    ]]
Residual vector length: 5400, Jacobian shape: (5400, 6)
view   0 | SOD= 626.735 mm | SDD= 999.194 mm | M= 1.594 | incident=1.1273°
[[  -8.753411   -626.60065      -9.600382  ]
 [  -0.21889466  372.55038     -13.258715  ]
 [   0.1495913     0.00161427    0.        ]
 [   0.            0.            0.1496    ]]

iter 25 cost=331534.750120 -> 326666.527062 |ddelta|=2.853783e-01  lambda=7.752e+04

============================================================
Iteration 26
============================================================
delta offsets (Unity frame):
  Source   : dSx=   0.000, dSy=   0.000, dSz=   0.000  (mm)
  Object   : dOx=   0.084, dOy=   0.397, dOz=  -0.638  (mm)
  Object offset: offset_x=  14.410, offset_z=  13.379  (mm)
  Detector : dDx=   0.000, dDy=   0.000, dDz=   0.000  (mm)
  Obj Stage rotY :    5.188 deg
============================================================

Unity geometry (world coordinates):
  Source   : x=   0.000, y=  29.997, z=   0.000
  Object   : x=   0.625, y=  20.397, z= 599.362
  Detector : x=  -6.002, y=  33.656, z= 959.000
  Obj rotY :  -4.5698 deg

Initial calibration:
  Source   : x=   0.000, y=   0.000, z=   0.000
  Object   : x=  -0.541, y=   0.000, z=  14.919
  Detector : x=  25.318, y=   0.000, z=  40.001

After Calibration: 

Unity geometry (world coordinates):
  Source   : x=   0.000, y=  29.997, z=   0.000
  Object   : x=   0.084, y=  20.397, z= 614.281
  Detector : x=  19.316, y=  33.656, z= 999.001
  Obj rotY :  -4.5698 deg
view   0 | SOD= 626.735 mm | SDD= 999.194 mm | M= 1.594 | incident=1.1273°
[[  -8.753411   -626.60065      -9.600382  ]
 [  -0.21889466  372.55038     -13.258715  ]
 [   0.1495913     0.00161427    0.        ]
 [   0.            0.            0.1496    ]]
Residual vector length: 5400, Jacobian shape: (5400, 6)
view   0 | SOD= 626.713 mm | SDD= 999.194 mm | M= 1.594 | incident=1.1273°
[[  -8.153986   -626.5873       -9.537506  ]
 [  -0.70253557  372.57242     -13.195839  ]
 [   0.14958945    0.00177642    0.        ]
 [   0.            0.            0.1496    ]]

iter 26 cost=326666.527062 -> 326099.813875 |ddelta|=1.223144e-01  lambda=2.584e+04

============================================================
Iteration 27
============================================================
delta offsets (Unity frame):
  Source   : dSx=   0.000, dSy=   0.000, dSz=   0.000  (mm)
  Object   : dOx=   0.167, dOy=   0.460, dOz=  -0.652  (mm)
  Object offset: offset_x=  14.408, offset_z=  13.370  (mm)
  Detector : dDx=   0.000, dDy=   0.000, dDz=   0.000  (mm)
  Obj Stage rotY :    5.250 deg
============================================================

Unity geometry (world coordinates):
  Source   : x=   0.000, y=  29.997, z=   0.000
  Object   : x=   0.708, y=  20.460, z= 599.348
  Detector : x=  -6.002, y=  33.656, z= 959.000
  Obj rotY :  -4.5698 deg

Initial calibration:
  Source   : x=   0.000, y=   0.000, z=   0.000
  Object   : x=  -0.541, y=   0.000, z=  14.919
  Detector : x=  25.318, y=   0.000, z=  40.001

After Calibration: 

Unity geometry (world coordinates):
  Source   : x=   0.000, y=  29.997, z=   0.000
  Object   : x=   0.167, y=  20.460, z= 614.267
  Detector : x=  19.316, y=  33.656, z= 999.001
  Obj rotY :  -4.5698 deg
view   0 | SOD= 626.713 mm | SDD= 999.194 mm | M= 1.594 | incident=1.1273°
[[  -8.153986   -626.5873       -9.537506  ]
 [  -0.70253557  372.57242     -13.195839  ]
 [   0.14958945    0.00177642    0.        ]
 [   0.            0.            0.1496    ]]
Residual vector length: 5400, Jacobian shape: (5400, 6)
view   0 | SOD= 626.776 mm | SDD= 999.194 mm | M= 1.594 | incident=1.1273°
[[  -6.8967566  -626.6651       -9.584688  ]
 [  -1.3417761   372.50696     -13.243021  ]
 [   0.14958581    0.00206035    0.        ]
 [   0.            0.            0.1496    ]]

iter 27 cost=326099.813875 -> 325860.870346 |ddelta|=1.639307e-01  lambda=8.614e+03

============================================================
Iteration 28
============================================================
delta offsets (Unity frame):
  Source   : dSx=   0.000, dSy=   0.000, dSz=   0.000  (mm)
  Object   : dOx=   0.087, dOy=   0.413, dOz=  -0.574  (mm)
  Object offset: offset_x=  14.422, offset_z=  13.357  (mm)
  Detector : dDx=   0.000, dDy=   0.000, dDz=   0.000  (mm)
  Obj Stage rotY :    5.359 deg
============================================================

Unity geometry (world coordinates):
  Source   : x=   0.000, y=  29.997, z=   0.000
  Object   : x=   0.628, y=  20.413, z= 599.426
  Detector : x=  -6.002, y=  33.656, z= 959.000
  Obj rotY :  -4.5698 deg

Initial calibration:
  Source   : x=   0.000, y=   0.000, z=   0.000
  Object   : x=  -0.541, y=   0.000, z=  14.919
  Detector : x=  25.318, y=   0.000, z=  40.001

After Calibration: 

Unity geometry (world coordinates):
  Source   : x=   0.000, y=  29.997, z=   0.000
  Object   : x=   0.087, y=  20.413, z= 614.345
  Detector : x=  19.316, y=  33.656, z= 999.001
  Obj rotY :  -4.5698 deg
view   0 | SOD= 626.776 mm | SDD= 999.194 mm | M= 1.594 | incident=1.1273°
[[  -6.8967566  -626.6651       -9.584688  ]
 [  -1.3417761   372.50696     -13.243021  ]
 [   0.14958581    0.00206035    0.        ]
 [   0.            0.            0.1496    ]]
Residual vector length: 5400, Jacobian shape: (5400, 6)
view   0 | SOD= 627.043 mm | SDD= 999.194 mm | M= 1.594 | incident=1.1273°
[[  -3.6387255  -626.96045      -9.532385  ]
 [  -3.3842773   372.22705     -13.190718  ]
 [   0.14957277    0.00285385    0.        ]
 [   0.            0.            0.1496    ]]

iter 28 cost=325860.870346 -> 325587.916902 |ddelta|=3.921668e-01  lambda=2.871e+03

============================================================
Iteration 29
============================================================
delta offsets (Unity frame):
  Source   : dSx=   0.000, dSy=   0.000, dSz=   0.000  (mm)
  Object   : dOx=   0.180, dOy=   0.465, dOz=  -0.357  (mm)
  Object offset: offset_x=  14.396, offset_z=  13.405  (mm)
  Detector : dDx=   0.000, dDy=   0.000, dDz=   0.000  (mm)
  Obj Stage rotY :    5.663 deg
============================================================

Unity geometry (world coordinates):
  Source   : x=   0.000, y=  29.997, z=   0.000
  Object   : x=   0.721, y=  20.465, z= 599.643
  Detector : x=  -6.002, y=  33.656, z= 959.000
  Obj rotY :  -4.5698 deg

Initial calibration:
  Source   : x=   0.000, y=   0.000, z=   0.000
  Object   : x=  -0.541, y=   0.000, z=  14.919
  Detector : x=  25.318, y=   0.000, z=  40.001

After Calibration: 

Unity geometry (world coordinates):
  Source   : x=   0.000, y=  29.997, z=   0.000
  Object   : x=   0.180, y=  20.465, z= 614.562
  Detector : x=  19.316, y=  33.656, z= 999.001
  Obj rotY :  -4.5698 deg
view   0 | SOD= 627.043 mm | SDD= 999.194 mm | M= 1.594 | incident=1.1273°
[[  -3.6387255  -626.96045      -9.532385  ]
 [  -3.3842773   372.22705     -13.190718  ]
 [   0.14957277    0.00285385    0.        ]
 [   0.            0.            0.1496    ]]
Residual vector length: 5400, Jacobian shape: (5400, 6)
view   0 | SOD= 626.749 mm | SDD= 999.194 mm | M= 1.594 | incident=1.1273°
[[  -3.1904366  -626.6667       -9.61223   ]
 [  -3.5576737   372.52075     -13.270563  ]
 [   0.14957097    0.00294691    0.        ]
 [   0.            0.            0.1496    ]]

iter 29 cost=325587.916902 -> 326746.226527 |ddelta|=2.678918e-01  lambda=9.571e+02

============================================================
Iteration 30
============================================================
delta offsets (Unity frame):
  Source   : dSx=   0.000, dSy=   0.000, dSz=   0.000  (mm)
  Object   : dOx=   0.180, dOy=   0.465, dOz=  -0.357  (mm)
  Object offset: offset_x=  14.396, offset_z=  13.405  (mm)
  Detector : dDx=   0.000, dDy=   0.000, dDz=   0.000  (mm)
  Obj Stage rotY :    5.663 deg
============================================================

Unity geometry (world coordinates):
  Source   : x=   0.000, y=  29.997, z=   0.000
  Object   : x=   0.721, y=  20.465, z= 599.643
  Detector : x=  -6.002, y=  33.656, z= 959.000
  Obj rotY :  -4.5698 deg

Initial calibration:
  Source   : x=   0.000, y=   0.000, z=   0.000
  Object   : x=  -0.541, y=   0.000, z=  14.919
  Detector : x=  25.318, y=   0.000, z=  40.001

After Calibration: 

Unity geometry (world coordinates):
  Source   : x=   0.000, y=  29.997, z=   0.000
  Object   : x=   0.180, y=  20.465, z= 614.562
  Detector : x=  19.316, y=  33.656, z= 999.001
  Obj rotY :  -4.5698 deg
view   0 | SOD= 627.043 mm | SDD= 999.194 mm | M= 1.594 | incident=1.1273°
[[  -3.6387255  -626.96045      -9.532385  ]
 [  -3.3842773   372.22705     -13.190718  ]
 [   0.14957277    0.00285385    0.        ]
 [   0.            0.            0.1496    ]]
Residual vector length: 5400, Jacobian shape: (5400, 6)
view   0 | SOD= 626.871 mm | SDD= 999.194 mm | M= 1.594 | incident=1.1273°
[[  -3.3364162  -626.78796      -9.610842  ]
 [  -3.475267    372.39954     -13.269175  ]
 [   0.14957164    0.00291272    0.        ]
 [   0.            0.            0.1496    ]]

iter 30 cost=325587.916902 -> 326566.313180 |ddelta|=2.056439e-01  lambda=4.785e+03

============================================================
Iteration 31
============================================================
delta offsets (Unity frame):
  Source   : dSx=   0.000, dSy=   0.000, dSz=   0.000  (mm)
  Object   : dOx=   0.180, dOy=   0.465, dOz=  -0.357  (mm)
  Object offset: offset_x=  14.396, offset_z=  13.405  (mm)
  Detector : dDx=   0.000, dDy=   0.000, dDz=   0.000  (mm)
  Obj Stage rotY :    5.663 deg
============================================================

Unity geometry (world coordinates):
  Source   : x=   0.000, y=  29.997, z=   0.000
  Object   : x=   0.721, y=  20.465, z= 599.643
  Detector : x=  -6.002, y=  33.656, z= 959.000
  Obj rotY :  -4.5698 deg

Initial calibration:
  Source   : x=   0.000, y=   0.000, z=   0.000
  Object   : x=  -0.541, y=   0.000, z=  14.919
  Detector : x=  25.318, y=   0.000, z=  40.001

After Calibration: 

Unity geometry (world coordinates):
  Source   : x=   0.000, y=  29.997, z=   0.000
  Object   : x=   0.180, y=  20.465, z= 614.562
  Detector : x=  19.316, y=  33.656, z= 999.001
  Obj rotY :  -4.5698 deg
view   0 | SOD= 627.043 mm | SDD= 999.194 mm | M= 1.594 | incident=1.1273°
[[  -3.6387255  -626.96045      -9.532385  ]
 [  -3.3842773   372.22705     -13.190718  ]
 [   0.14957277    0.00285385    0.        ]
 [   0.            0.            0.1496    ]]
Residual vector length: 5400, Jacobian shape: (5400, 6)
view   0 | SOD= 626.939 mm | SDD= 999.194 mm | M= 1.594 | incident=1.1273°
[[  -3.5086153  -626.8553       -9.597836  ]
 [  -3.385328    372.3322      -13.256168  ]
 [   0.1495724     0.00287348    0.        ]
 [   0.            0.            0.1496    ]]

iter 31 cost=325587.916902 -> 325960.823221 |ddelta|=1.591680e-01  lambda=2.393e+04

============================================================
Iteration 32
============================================================
delta offsets (Unity frame):
  Source   : dSx=   0.000, dSy=   0.000, dSz=   0.000  (mm)
  Object   : dOx=   0.180, dOy=   0.465, dOz=  -0.357  (mm)
  Object offset: offset_x=  14.396, offset_z=  13.405  (mm)
  Detector : dDx=   0.000, dDy=   0.000, dDz=   0.000  (mm)
  Obj Stage rotY :    5.663 deg
============================================================

Unity geometry (world coordinates):
  Source   : x=   0.000, y=  29.997, z=   0.000
  Object   : x=   0.721, y=  20.465, z= 599.643
  Detector : x=  -6.002, y=  33.656, z= 959.000
  Obj rotY :  -4.5698 deg

Initial calibration:
  Source   : x=   0.000, y=   0.000, z=   0.000
  Object   : x=  -0.541, y=   0.000, z=  14.919
  Detector : x=  25.318, y=   0.000, z=  40.001

After Calibration: 

Unity geometry (world coordinates):
  Source   : x=   0.000, y=  29.997, z=   0.000
  Object   : x=   0.180, y=  20.465, z= 614.562
  Detector : x=  19.316, y=  33.656, z= 999.001
  Obj rotY :  -4.5698 deg
view   0 | SOD= 627.043 mm | SDD= 999.194 mm | M= 1.594 | incident=1.1273°
[[  -3.6387255  -626.96045      -9.532385  ]
 [  -3.3842773   372.22705     -13.190718  ]
 [   0.14957277    0.00285385    0.        ]
 [   0.            0.            0.1496    ]]
Residual vector length: 5400, Jacobian shape: (5400, 6)
view   0 | SOD= 626.997 mm | SDD= 999.194 mm | M= 1.594 | incident=1.1273°
[[  -3.594534   -626.9133       -9.5676365 ]
 [  -3.3662121   372.27414     -13.225969  ]
 [   0.1495727     0.00285776    0.        ]
 [   0.            0.            0.1496    ]]

iter 32 cost=325587.916902 -> 324969.937591 |ddelta|=8.063626e-02  lambda=1.196e+05

============================================================
Iteration 33
============================================================
delta offsets (Unity frame):
  Source   : dSx=   0.000, dSy=   0.000, dSz=   0.000  (mm)
  Object   : dOx=   0.128, dOy=   0.430, dOz=  -0.360  (mm)
  Object offset: offset_x=  14.423, offset_z=  13.362  (mm)
  Detector : dDx=   0.000, dDy=   0.000, dDz=   0.000  (mm)
  Obj Stage rotY :    5.664 deg
============================================================

Unity geometry (world coordinates):
  Source   : x=   0.000, y=  29.997, z=   0.000
  Object   : x=   0.669, y=  20.430, z= 599.640
  Detector : x=  -6.002, y=  33.656, z= 959.000
  Obj rotY :  -4.5698 deg

Initial calibration:
  Source   : x=   0.000, y=   0.000, z=   0.000
  Object   : x=  -0.541, y=   0.000, z=  14.919
  Detector : x=  25.318, y=   0.000, z=  40.001

After Calibration: 

Unity geometry (world coordinates):
  Source   : x=   0.000, y=  29.997, z=   0.000
  Object   : x=   0.128, y=  20.430, z= 614.560
  Detector : x=  19.316, y=  33.656, z= 999.001
  Obj rotY :  -4.5698 deg
view   0 | SOD= 626.997 mm | SDD= 999.194 mm | M= 1.594 | incident=1.1273°
[[  -3.594534   -626.9133       -9.5676365 ]
 [  -3.3662121   372.27414     -13.225969  ]
 [   0.1495727     0.00285776    0.        ]
 [   0.            0.            0.1496    ]]
Residual vector length: 5400, Jacobian shape: (5400, 6)
view   0 | SOD= 627.011 mm | SDD= 999.194 mm | M= 1.594 | incident=1.1273°
[[  -3.4152646  -626.92834      -9.566931  ]
 [  -3.461624    372.25916     -13.225264  ]
 [   0.14957191    0.00289888    0.        ]
 [   0.            0.            0.1496    ]]

iter 33 cost=324969.937591 -> 324962.853135 |ddelta|=2.160746e-02  lambda=3.988e+04

============================================================
Iteration 34
============================================================
delta offsets (Unity frame):
  Source   : dSx=   0.000, dSy=   0.000, dSz=   0.000  (mm)
  Object   : dOx=   0.130, dOy=   0.430, dOz=  -0.348  (mm)
  Object offset: offset_x=  14.415, offset_z=  13.364  (mm)
  Detector : dDx=   0.000, dDy=   0.000, dDz=   0.000  (mm)
  Obj Stage rotY :    5.680 deg
============================================================

Unity geometry (world coordinates):
  Source   : x=   0.000, y=  29.997, z=   0.000
  Object   : x=   0.670, y=  20.430, z= 599.652
  Detector : x=  -6.002, y=  33.656, z= 959.000
  Obj rotY :  -4.5698 deg

Initial calibration:
  Source   : x=   0.000, y=   0.000, z=   0.000
  Object   : x=  -0.541, y=   0.000, z=  14.919
  Detector : x=  25.318, y=   0.000, z=  40.001

After Calibration: 

Unity geometry (world coordinates):
  Source   : x=   0.000, y=  29.997, z=   0.000
  Object   : x=   0.130, y=  20.430, z= 614.571
  Detector : x=  19.316, y=  33.656, z= 999.001
  Obj rotY :  -4.5698 deg
view   0 | SOD= 627.011 mm | SDD= 999.194 mm | M= 1.594 | incident=1.1273°
[[  -3.4152646  -626.92834      -9.566931  ]
 [  -3.461624    372.25916     -13.225264  ]
 [   0.14957191    0.00289888    0.        ]
 [   0.            0.            0.1496    ]]
Residual vector length: 5400, Jacobian shape: (5400, 6)
view   0 | SOD= 627.092 mm | SDD= 999.194 mm | M= 1.593 | incident=1.1273°
[[  -3.377097   -627.01         -9.5613365 ]
 [  -3.5376482   372.17746     -13.219669  ]
 [   0.14957158    0.00291597    0.        ]
 [   0.            0.            0.1496    ]]

iter 34 cost=324962.853135 -> 324978.742283 |ddelta|=7.529642e-02  lambda=1.329e+04

============================================================
Iteration 35
============================================================
delta offsets (Unity frame):
  Source   : dSx=   0.000, dSy=   0.000, dSz=   0.000  (mm)
  Object   : dOx=   0.130, dOy=   0.430, dOz=  -0.348  (mm)
  Object offset: offset_x=  14.415, offset_z=  13.364  (mm)
  Detector : dDx=   0.000, dDy=   0.000, dDz=   0.000  (mm)
  Obj Stage rotY :    5.680 deg
============================================================

Unity geometry (world coordinates):
  Source   : x=   0.000, y=  29.997, z=   0.000
  Object   : x=   0.670, y=  20.430, z= 599.652
  Detector : x=  -6.002, y=  33.656, z= 959.000
  Obj rotY :  -4.5698 deg

Initial calibration:
  Source   : x=   0.000, y=   0.000, z=   0.000
  Object   : x=  -0.541, y=   0.000, z=  14.919
  Detector : x=  25.318, y=   0.000, z=  40.001

After Calibration: 

Unity geometry (world coordinates):
  Source   : x=   0.000, y=  29.997, z=   0.000
  Object   : x=   0.130, y=  20.430, z= 614.571
  Detector : x=  19.316, y=  33.656, z= 999.001
  Obj rotY :  -4.5698 deg
view   0 | SOD= 627.011 mm | SDD= 999.194 mm | M= 1.594 | incident=1.1273°
[[  -3.4152646  -626.92834      -9.566931  ]
 [  -3.461624    372.25916     -13.225264  ]
 [   0.14957191    0.00289888    0.        ]
 [   0.            0.            0.1496    ]]
Residual vector length: 5400, Jacobian shape: (5400, 6)
view   0 | SOD= 627.035 mm | SDD= 999.194 mm | M= 1.594 | incident=1.1273°
[[  -3.419445   -626.953        -9.563026  ]
 [  -3.4928007   372.2345      -13.221359  ]
 [   0.14957184    0.00290292    0.        ]
 [   0.            0.            0.1496    ]]

iter 35 cost=324962.853135 -> 325042.891673 |ddelta|=2.943796e-02  lambda=6.646e+04

============================================================
Iteration 36
============================================================
delta offsets (Unity frame):
  Source   : dSx=   0.000, dSy=   0.000, dSz=   0.000  (mm)
  Object   : dOx=   0.130, dOy=   0.430, dOz=  -0.348  (mm)
  Object offset: offset_x=  14.415, offset_z=  13.364  (mm)
  Detector : dDx=   0.000, dDy=   0.000, dDz=   0.000  (mm)
  Obj Stage rotY :    5.680 deg
============================================================

Unity geometry (world coordinates):
  Source   : x=   0.000, y=  29.997, z=   0.000
  Object   : x=   0.670, y=  20.430, z= 599.652
  Detector : x=  -6.002, y=  33.656, z= 959.000
  Obj rotY :  -4.5698 deg

Initial calibration:
  Source   : x=   0.000, y=   0.000, z=   0.000
  Object   : x=  -0.541, y=   0.000, z=  14.919
  Detector : x=  25.318, y=   0.000, z=  40.001

After Calibration: 

Unity geometry (world coordinates):
  Source   : x=   0.000, y=  29.997, z=   0.000
  Object   : x=   0.130, y=  20.430, z= 614.571
  Detector : x=  19.316, y=  33.656, z= 999.001
  Obj rotY :  -4.5698 deg
view   0 | SOD= 627.011 mm | SDD= 999.194 mm | M= 1.594 | incident=1.1273°
[[  -3.4152646  -626.92834      -9.566931  ]
 [  -3.461624    372.25916     -13.225264  ]
 [   0.14957191    0.00289888    0.        ]
 [   0.            0.            0.1496    ]]
Residual vector length: 5400, Jacobian shape: (5400, 6)
view   0 | SOD= 627.018 mm | SDD= 999.194 mm | M= 1.594 | incident=1.1273°
[[  -3.419887   -626.9353       -9.565571  ]
 [  -3.470891    372.25223     -13.223904  ]
 [   0.1495719     0.00289957    0.        ]
 [   0.            0.            0.1496    ]]

iter 36 cost=324962.853135 -> 324953.543157 |ddelta|=9.969407e-03  lambda=3.323e+05

============================================================
Iteration 37
============================================================
delta offsets (Unity frame):
  Source   : dSx=   0.000, dSy=   0.000, dSz=   0.000  (mm)
  Object   : dOx=   0.129, dOy=   0.432, dOz=  -0.346  (mm)
  Object offset: offset_x=  14.423, offset_z=  13.369  (mm)
  Detector : dDx=   0.000, dDy=   0.000, dDz=   0.000  (mm)
  Obj Stage rotY :    5.680 deg
============================================================

Unity geometry (world coordinates):
  Source   : x=   0.000, y=  29.997, z=   0.000
  Object   : x=   0.670, y=  20.432, z= 599.654
  Detector : x=  -6.002, y=  33.656, z= 959.000
  Obj rotY :  -4.5698 deg

Initial calibration:
  Source   : x=   0.000, y=   0.000, z=   0.000
  Object   : x=  -0.541, y=   0.000, z=  14.919
  Detector : x=  25.318, y=   0.000, z=  40.001

After Calibration: 

Unity geometry (world coordinates):
  Source   : x=   0.000, y=  29.997, z=   0.000
  Object   : x=   0.129, y=  20.432, z= 614.573
  Detector : x=  19.316, y=  33.656, z= 999.001
  Obj rotY :  -4.5698 deg
view   0 | SOD= 627.018 mm | SDD= 999.194 mm | M= 1.594 | incident=1.1273°
[[  -3.419887   -626.9353       -9.565571  ]
 [  -3.470891    372.25223     -13.223904  ]
 [   0.1495719     0.00289957    0.        ]
 [   0.            0.            0.1496    ]]
Residual vector length: 5400, Jacobian shape: (5400, 6)
view   0 | SOD= 627.042 mm | SDD= 999.194 mm | M= 1.594 | incident=1.1273°
[[  -3.3940537  -626.9603       -9.565865  ]
 [  -3.4686172   372.22714     -13.224197  ]
 [   0.14957182    0.0029031     0.        ]
 [   0.            0.            0.1496    ]]

iter 37 cost=324953.543157 -> 324901.139484 |ddelta|=2.251020e-02  lambda=1.108e+05

============================================================
Iteration 38
============================================================
delta offsets (Unity frame):
  Source   : dSx=   0.000, dSy=   0.000, dSz=   0.000  (mm)
  Object   : dOx=   0.128, dOy=   0.432, dOz=  -0.340  (mm)
  Object offset: offset_x=  14.412, offset_z=  13.388  (mm)
  Detector : dDx=   0.000, dDy=   0.000, dDz=   0.000  (mm)
  Obj Stage rotY :    5.682 deg
============================================================

Unity geometry (world coordinates):
  Source   : x=   0.000, y=  29.997, z=   0.000
  Object   : x=   0.668, y=  20.432, z= 599.660
  Detector : x=  -6.002, y=  33.656, z= 959.000
  Obj rotY :  -4.5698 deg

Initial calibration:
  Source   : x=   0.000, y=   0.000, z=   0.000
  Object   : x=  -0.541, y=   0.000, z=  14.919
  Detector : x=  25.318, y=   0.000, z=  40.001

After Calibration: 

Unity geometry (world coordinates):
  Source   : x=   0.000, y=  29.997, z=   0.000
  Object   : x=   0.128, y=  20.432, z= 614.579
  Detector : x=  19.316, y=  33.656, z= 999.001
  Obj rotY :  -4.5698 deg
view   0 | SOD= 627.042 mm | SDD= 999.194 mm | M= 1.594 | incident=1.1273°
[[  -3.3940537  -626.9603       -9.565865  ]
 [  -3.4686172   372.22714     -13.224197  ]
 [   0.14957182    0.0029031     0.        ]
 [   0.            0.            0.1496    ]]
Residual vector length: 5400, Jacobian shape: (5400, 6)
view   0 | SOD= 627.073 mm | SDD= 999.194 mm | M= 1.593 | incident=1.1273°
[[  -3.446851   -626.99054      -9.560593  ]
 [  -3.470059    372.19696     -13.218925  ]
 [   0.14957197    0.00289541    0.        ]
 [   0.            0.            0.1496    ]]

iter 38 cost=324901.139484 -> 325090.776995 |ddelta|=2.791488e-02  lambda=3.692e+04

============================================================
Iteration 39
============================================================
delta offsets (Unity frame):
  Source   : dSx=   0.000, dSy=   0.000, dSz=   0.000  (mm)
  Object   : dOx=   0.128, dOy=   0.432, dOz=  -0.340  (mm)
  Object offset: offset_x=  14.412, offset_z=  13.388  (mm)
  Detector : dDx=   0.000, dDy=   0.000, dDz=   0.000  (mm)
  Obj Stage rotY :    5.682 deg
============================================================

Unity geometry (world coordinates):
  Source   : x=   0.000, y=  29.997, z=   0.000
  Object   : x=   0.668, y=  20.432, z= 599.660
  Detector : x=  -6.002, y=  33.656, z= 959.000
  Obj rotY :  -4.5698 deg

Initial calibration:
  Source   : x=   0.000, y=   0.000, z=   0.000
  Object   : x=  -0.541, y=   0.000, z=  14.919
  Detector : x=  25.318, y=   0.000, z=  40.001

After Calibration: 

Unity geometry (world coordinates):
  Source   : x=   0.000, y=  29.997, z=   0.000
  Object   : x=   0.128, y=  20.432, z= 614.579
  Detector : x=  19.316, y=  33.656, z= 999.001
  Obj rotY :  -4.5698 deg
view   0 | SOD= 627.042 mm | SDD= 999.194 mm | M= 1.594 | incident=1.1273°
[[  -3.3940537  -626.9603       -9.565865  ]
 [  -3.4686172   372.22714     -13.224197  ]
 [   0.14957182    0.0029031     0.        ]
 [   0.            0.            0.1496    ]]
Residual vector length: 5400, Jacobian shape: (5400, 6)
view   0 | SOD= 627.052 mm | SDD= 999.194 mm | M= 1.593 | incident=1.1273°
[[  -3.410691   -626.9693       -9.563461  ]
 [  -3.4735801   372.21823     -13.221794  ]
 [   0.14957187    0.00290135    0.        ]
 [   0.            0.            0.1496    ]]

iter 39 cost=324901.139484 -> 324869.625136 |ddelta|=1.022051e-02  lambda=1.846e+05

============================================================
Iteration 40
============================================================
delta offsets (Unity frame):
  Source   : dSx=   0.000, dSy=   0.000, dSz=   0.000  (mm)
  Object   : dOx=   0.130, dOy=   0.434, dOz=  -0.337  (mm)
  Object offset: offset_x=  14.419, offset_z=  13.394  (mm)
  Detector : dDx=   0.000, dDy=   0.000, dDz=   0.000  (mm)
  Obj Stage rotY :    5.681 deg
============================================================

Unity geometry (world coordinates):
  Source   : x=   0.000, y=  29.997, z=   0.000
  Object   : x=   0.671, y=  20.434, z= 599.663
  Detector : x=  -6.002, y=  33.656, z= 959.000
  Obj rotY :  -4.5698 deg

Initial calibration:
  Source   : x=   0.000, y=   0.000, z=   0.000
  Object   : x=  -0.541, y=   0.000, z=  14.919
  Detector : x=  25.318, y=   0.000, z=  40.001

After Calibration: 

Unity geometry (world coordinates):
  Source   : x=   0.000, y=  29.997, z=   0.000
  Object   : x=   0.130, y=  20.434, z= 614.582
  Detector : x=  19.316, y=  33.656, z= 999.001
  Obj rotY :  -4.5698 deg
view   0 | SOD= 627.052 mm | SDD= 999.194 mm | M= 1.593 | incident=1.1273°
[[  -3.410691   -626.9693       -9.563461  ]
 [  -3.4735801   372.21823     -13.221794  ]
 [   0.14957187    0.00290135    0.        ]
 [   0.            0.            0.1496    ]]
Residual vector length: 5400, Jacobian shape: (5400, 6)
view   0 | SOD= 627.057 mm | SDD= 999.194 mm | M= 1.593 | incident=1.1273°
[[  -3.019621   -626.9771       -9.569256  ]
 [  -3.6907516   372.21017     -13.227589  ]
 [   0.14957006    0.0029924     0.        ]
 [   0.            0.            0.1496    ]]

iter 40 cost=324869.625136 -> 324924.313273 |ddelta|=3.802919e-02  lambda=6.154e+04

============================================================
Iteration 41
============================================================
delta offsets (Unity frame):
  Source   : dSx=   0.000, dSy=   0.000, dSz=   0.000  (mm)
  Object   : dOx=   0.130, dOy=   0.434, dOz=  -0.337  (mm)
  Object offset: offset_x=  14.419, offset_z=  13.394  (mm)
  Detector : dDx=   0.000, dDy=   0.000, dDz=   0.000  (mm)
  Obj Stage rotY :    5.681 deg
============================================================

Unity geometry (world coordinates):
  Source   : x=   0.000, y=  29.997, z=   0.000
  Object   : x=   0.671, y=  20.434, z= 599.663
  Detector : x=  -6.002, y=  33.656, z= 959.000
  Obj rotY :  -4.5698 deg

Initial calibration:
  Source   : x=   0.000, y=   0.000, z=   0.000
  Object   : x=  -0.541, y=   0.000, z=  14.919
  Detector : x=  25.318, y=   0.000, z=  40.001

After Calibration: 

Unity geometry (world coordinates):
  Source   : x=   0.000, y=  29.997, z=   0.000
  Object   : x=   0.130, y=  20.434, z= 614.582
  Detector : x=  19.316, y=  33.656, z= 999.001
  Obj rotY :  -4.5698 deg
view   0 | SOD= 627.052 mm | SDD= 999.194 mm | M= 1.593 | incident=1.1273°
[[  -3.410691   -626.9693       -9.563461  ]
 [  -3.4735801   372.21823     -13.221794  ]
 [   0.14957187    0.00290135    0.        ]
 [   0.            0.            0.1496    ]]
Residual vector length: 5400, Jacobian shape: (5400, 6)
view   0 | SOD= 627.052 mm | SDD= 999.194 mm | M= 1.593 | incident=1.1273°
[[  -3.3240888  -626.97003      -9.565651  ]
 [  -3.5191445   372.21747     -13.223984  ]
 [   0.14957148    0.00292114    0.        ]
 [   0.            0.            0.1496    ]]

iter 41 cost=324869.625136 -> 324878.409072 |ddelta|=8.847042e-03  lambda=3.077e+05

============================================================
Iteration 42
============================================================
delta offsets (Unity frame):
  Source   : dSx=   0.000, dSy=   0.000, dSz=   0.000  (mm)
  Object   : dOx=   0.130, dOy=   0.434, dOz=  -0.337  (mm)
  Object offset: offset_x=  14.419, offset_z=  13.394  (mm)
  Detector : dDx=   0.000, dDy=   0.000, dDz=   0.000  (mm)
  Obj Stage rotY :    5.681 deg
============================================================

Unity geometry (world coordinates):
  Source   : x=   0.000, y=  29.997, z=   0.000
  Object   : x=   0.671, y=  20.434, z= 599.663
  Detector : x=  -6.002, y=  33.656, z= 959.000
  Obj rotY :  -4.5698 deg

Initial calibration:
  Source   : x=   0.000, y=   0.000, z=   0.000
  Object   : x=  -0.541, y=   0.000, z=  14.919
  Detector : x=  25.318, y=   0.000, z=  40.001

After Calibration: 

Unity geometry (world coordinates):
  Source   : x=   0.000, y=  29.997, z=   0.000
  Object   : x=   0.130, y=  20.434, z= 614.582
  Detector : x=  19.316, y=  33.656, z= 999.001
  Obj rotY :  -4.5698 deg
view   0 | SOD= 627.052 mm | SDD= 999.194 mm | M= 1.593 | incident=1.1273°
[[  -3.410691   -626.9693       -9.563461  ]
 [  -3.4735801   372.21823     -13.221794  ]
 [   0.14957187    0.00290135    0.        ]
 [   0.            0.            0.1496    ]]
Residual vector length: 5400, Jacobian shape: (5400, 6)
view   0 | SOD= 627.052 mm | SDD= 999.194 mm | M= 1.593 | incident=1.1273°
[[  -3.3834314  -626.9695       -9.564262  ]
 [  -3.4876251   372.21805     -13.222595  ]
 [   0.14957175    0.00290754    0.        ]
 [   0.            0.            0.1496    ]]

iter 42 cost=324869.625136 -> 324869.375361 |ddelta|=2.861533e-03  lambda=1.000e+06

============================================================
Iteration 43
============================================================
delta offsets (Unity frame):
  Source   : dSx=   0.000, dSy=   0.000, dSz=   0.000  (mm)
  Object   : dOx=   0.129, dOy=   0.433, dOz=  -0.336  (mm)
  Object offset: offset_x=  14.418, offset_z=  13.394  (mm)
  Detector : dDx=   0.000, dDy=   0.000, dDz=   0.000  (mm)
  Obj Stage rotY :    5.683 deg
============================================================

Unity geometry (world coordinates):
  Source   : x=   0.000, y=  29.997, z=   0.000
  Object   : x=   0.670, y=  20.433, z= 599.664
  Detector : x=  -6.002, y=  33.656, z= 959.000
  Obj rotY :  -4.5698 deg

Initial calibration:
  Source   : x=   0.000, y=   0.000, z=   0.000
  Object   : x=  -0.541, y=   0.000, z=  14.919
  Detector : x=  25.318, y=   0.000, z=  40.001

After Calibration: 

Unity geometry (world coordinates):
  Source   : x=   0.000, y=  29.997, z=   0.000
  Object   : x=   0.129, y=  20.433, z= 614.583
  Detector : x=  19.316, y=  33.656, z= 999.001
  Obj rotY :  -4.5698 deg
view   0 | SOD= 627.052 mm | SDD= 999.194 mm | M= 1.593 | incident=1.1273°
[[  -3.3834314  -626.9695       -9.564262  ]
 [  -3.4876251   372.21805     -13.222595  ]
 [   0.14957175    0.00290754    0.        ]
 [   0.            0.            0.1496    ]]
Residual vector length: 5400, Jacobian shape: (5400, 6)
view   0 | SOD= 627.054 mm | SDD= 999.194 mm | M= 1.593 | incident=1.1273°
[[  -3.268807   -626.9724       -9.565046  ]
 [  -3.5542789   372.21503     -13.223379  ]
 [   0.14957121    0.00293467    0.        ]
 [   0.            0.            0.1496    ]]

iter 43 cost=324869.375361 -> 324866.032485 |ddelta|=1.084603e-02  lambda=3.333e+05

============================================================
Iteration 44
============================================================
delta offsets (Unity frame):
  Source   : dSx=   0.000, dSy=   0.000, dSz=   0.000  (mm)
  Object   : dOx=   0.128, dOy=   0.432, dOz=  -0.334  (mm)
  Object offset: offset_x=  14.418, offset_z=  13.393  (mm)
  Detector : dDx=   0.000, dDy=   0.000, dDz=   0.000  (mm)
  Obj Stage rotY :    5.694 deg
============================================================

Unity geometry (world coordinates):
  Source   : x=   0.000, y=  29.997, z=   0.000
  Object   : x=   0.669, y=  20.432, z= 599.667
  Detector : x=  -6.002, y=  33.656, z= 959.000
  Obj rotY :  -4.5698 deg

Initial calibration:
  Source   : x=   0.000, y=   0.000, z=   0.000
  Object   : x=  -0.541, y=   0.000, z=  14.919
  Detector : x=  25.318, y=   0.000, z=  40.001

After Calibration: 

Unity geometry (world coordinates):
  Source   : x=   0.000, y=  29.997, z=   0.000
  Object   : x=   0.128, y=  20.432, z= 614.586
  Detector : x=  19.316, y=  33.656, z= 999.001
  Obj rotY :  -4.5698 deg
view   0 | SOD= 627.054 mm | SDD= 999.194 mm | M= 1.593 | incident=1.1273°
[[  -3.268807   -626.9724       -9.565046  ]
 [  -3.5542789   372.21503     -13.223379  ]
 [   0.14957121    0.00293467    0.        ]
 [   0.            0.            0.1496    ]]
Residual vector length: 5400, Jacobian shape: (5400, 6)
view   0 | SOD= 627.074 mm | SDD= 999.194 mm | M= 1.593 | incident=1.1273°
[[  -3.173471   -626.9929       -9.565689  ]
 [  -3.6107674   372.19446     -13.224022  ]
 [   0.14957076    0.0029574     0.        ]
 [   0.            0.            0.1496    ]]

iter 44 cost=324866.032485 -> 324963.752998 |ddelta|=1.800277e-02  lambda=1.111e+05

============================================================
Iteration 45
============================================================
delta offsets (Unity frame):
  Source   : dSx=   0.000, dSy=   0.000, dSz=   0.000  (mm)
  Object   : dOx=   0.128, dOy=   0.432, dOz=  -0.334  (mm)
  Object offset: offset_x=  14.418, offset_z=  13.393  (mm)
  Detector : dDx=   0.000, dDy=   0.000, dDz=   0.000  (mm)
  Obj Stage rotY :    5.694 deg
============================================================

Unity geometry (world coordinates):
  Source   : x=   0.000, y=  29.997, z=   0.000
  Object   : x=   0.669, y=  20.432, z= 599.667
  Detector : x=  -6.002, y=  33.656, z= 959.000
  Obj rotY :  -4.5698 deg

Initial calibration:
  Source   : x=   0.000, y=   0.000, z=   0.000
  Object   : x=  -0.541, y=   0.000, z=  14.919
  Detector : x=  25.318, y=   0.000, z=  40.001

After Calibration: 

Unity geometry (world coordinates):
  Source   : x=   0.000, y=  29.997, z=   0.000
  Object   : x=   0.128, y=  20.432, z= 614.586
  Detector : x=  19.316, y=  33.656, z= 999.001
  Obj rotY :  -4.5698 deg
view   0 | SOD= 627.054 mm | SDD= 999.194 mm | M= 1.593 | incident=1.1273°
[[  -3.268807   -626.9724       -9.565046  ]
 [  -3.5542789   372.21503     -13.223379  ]
 [   0.14957121    0.00293467    0.        ]
 [   0.            0.            0.1496    ]]
Residual vector length: 5400, Jacobian shape: (5400, 6)
view   0 | SOD= 627.059 mm | SDD= 999.194 mm | M= 1.593 | incident=1.1273°
[[  -3.2488647  -626.9779       -9.565304  ]
 [  -3.5661411   372.20956     -13.223637  ]
 [   0.14957112    0.00293943    0.        ]
 [   0.            0.            0.1496    ]]

iter 45 cost=324866.032485 -> 324906.364502 |ddelta|=4.856137e-03  lambda=5.556e+05

============================================================
Iteration 46
============================================================
delta offsets (Unity frame):
  Source   : dSx=   0.000, dSy=   0.000, dSz=   0.000  (mm)
  Object   : dOx=   0.128, dOy=   0.432, dOz=  -0.334  (mm)
  Object offset: offset_x=  14.418, offset_z=  13.393  (mm)
  Detector : dDx=   0.000, dDy=   0.000, dDz=   0.000  (mm)
  Obj Stage rotY :    5.694 deg
============================================================

Unity geometry (world coordinates):
  Source   : x=   0.000, y=  29.997, z=   0.000
  Object   : x=   0.669, y=  20.432, z= 599.667
  Detector : x=  -6.002, y=  33.656, z= 959.000
  Obj rotY :  -4.5698 deg

Initial calibration:
  Source   : x=   0.000, y=   0.000, z=   0.000
  Object   : x=  -0.541, y=   0.000, z=  14.919
  Detector : x=  25.318, y=   0.000, z=  40.001

After Calibration: 

Unity geometry (world coordinates):
  Source   : x=   0.000, y=  29.997, z=   0.000
  Object   : x=   0.128, y=  20.432, z= 614.586
  Detector : x=  19.316, y=  33.656, z= 999.001
  Obj rotY :  -4.5698 deg
view   0 | SOD= 627.054 mm | SDD= 999.194 mm | M= 1.593 | incident=1.1273°
[[  -3.268807   -626.9724       -9.565046  ]
 [  -3.5542789   372.21503     -13.223379  ]
 [   0.14957121    0.00293467    0.        ]
 [   0.            0.            0.1496    ]]
Residual vector length: 5400, Jacobian shape: (5400, 6)
view   0 | SOD= 627.057 mm | SDD= 999.194 mm | M= 1.593 | incident=1.1273°
[[  -3.2576752  -626.9756       -9.565207  ]
 [  -3.5609086   372.21185     -13.223539  ]
 [   0.14957117    0.00293733    0.        ]
 [   0.            0.            0.1496    ]]

iter 46 cost=324866.032485 -> 324885.497842 |ddelta|=2.823812e-03  lambda=1.000e+06

============================================================
Iteration 47
============================================================
delta offsets (Unity frame):
  Source   : dSx=   0.000, dSy=   0.000, dSz=   0.000  (mm)
  Object   : dOx=   0.128, dOy=   0.432, dOz=  -0.334  (mm)
  Object offset: offset_x=  14.418, offset_z=  13.393  (mm)
  Detector : dDx=   0.000, dDy=   0.000, dDz=   0.000  (mm)
  Obj Stage rotY :    5.694 deg
============================================================

Unity geometry (world coordinates):
  Source   : x=   0.000, y=  29.997, z=   0.000
  Object   : x=   0.669, y=  20.432, z= 599.667
  Detector : x=  -6.002, y=  33.656, z= 959.000
  Obj rotY :  -4.5698 deg

Initial calibration:
  Source   : x=   0.000, y=   0.000, z=   0.000
  Object   : x=  -0.541, y=   0.000, z=  14.919
  Detector : x=  25.318, y=   0.000, z=  40.001

After Calibration: 

Unity geometry (world coordinates):
  Source   : x=   0.000, y=  29.997, z=   0.000
  Object   : x=   0.128, y=  20.432, z= 614.586
  Detector : x=  19.316, y=  33.656, z= 999.001
  Obj rotY :  -4.5698 deg
view   0 | SOD= 627.054 mm | SDD= 999.194 mm | M= 1.593 | incident=1.1273°
[[  -3.268807   -626.9724       -9.565046  ]
 [  -3.5542789   372.21503     -13.223379  ]
 [   0.14957121    0.00293467    0.        ]
 [   0.            0.            0.1496    ]]
Residual vector length: 5400, Jacobian shape: (5400, 6)
view   0 | SOD= 627.057 mm | SDD= 999.194 mm | M= 1.593 | incident=1.1273°
[[  -3.2576752  -626.9756       -9.565207  ]
 [  -3.5609086   372.21185     -13.223539  ]
 [   0.14957117    0.00293733    0.        ]
 [   0.            0.            0.1496    ]]

iter 47 cost=324866.032485 -> 324885.497842 |ddelta|=2.823812e-03  lambda=1.000e+06

============================================================
Iteration 48
============================================================
delta offsets (Unity frame):
  Source   : dSx=   0.000, dSy=   0.000, dSz=   0.000  (mm)
  Object   : dOx=   0.128, dOy=   0.432, dOz=  -0.334  (mm)
  Object offset: offset_x=  14.418, offset_z=  13.393  (mm)
  Detector : dDx=   0.000, dDy=   0.000, dDz=   0.000  (mm)
  Obj Stage rotY :    5.694 deg
============================================================

Unity geometry (world coordinates):
  Source   : x=   0.000, y=  29.997, z=   0.000
  Object   : x=   0.669, y=  20.432, z= 599.667
  Detector : x=  -6.002, y=  33.656, z= 959.000
  Obj rotY :  -4.5698 deg

Initial calibration:
  Source   : x=   0.000, y=   0.000, z=   0.000
  Object   : x=  -0.541, y=   0.000, z=  14.919
  Detector : x=  25.318, y=   0.000, z=  40.001

After Calibration: 

Unity geometry (world coordinates):
  Source   : x=   0.000, y=  29.997, z=   0.000
  Object   : x=   0.128, y=  20.432, z= 614.586
  Detector : x=  19.316, y=  33.656, z= 999.001
  Obj rotY :  -4.5698 deg
view   0 | SOD= 627.054 mm | SDD= 999.194 mm | M= 1.593 | incident=1.1273°
[[  -3.268807   -626.9724       -9.565046  ]
 [  -3.5542789   372.21503     -13.223379  ]
 [   0.14957121    0.00293467    0.        ]
 [   0.            0.            0.1496    ]]
Residual vector length: 5400, Jacobian shape: (5400, 6)
view   0 | SOD= 627.057 mm | SDD= 999.194 mm | M= 1.593 | incident=1.1273°
[[  -3.2576752  -626.9756       -9.565207  ]
 [  -3.5609086   372.21185     -13.223539  ]
 [   0.14957117    0.00293733    0.        ]
 [   0.            0.            0.1496    ]]

iter 48 cost=324866.032485 -> 324885.497842 |ddelta|=2.823812e-03  lambda=1.000e+06

============================================================
Iteration 49
============================================================
delta offsets (Unity frame):
  Source   : dSx=   0.000, dSy=   0.000, dSz=   0.000  (mm)
  Object   : dOx=   0.128, dOy=   0.432, dOz=  -0.334  (mm)
  Object offset: offset_x=  14.418, offset_z=  13.393  (mm)
  Detector : dDx=   0.000, dDy=   0.000, dDz=   0.000  (mm)
  Obj Stage rotY :    5.694 deg
============================================================

Unity geometry (world coordinates):
  Source   : x=   0.000, y=  29.997, z=   0.000
  Object   : x=   0.669, y=  20.432, z= 599.667
  Detector : x=  -6.002, y=  33.656, z= 959.000
  Obj rotY :  -4.5698 deg

Initial calibration:
  Source   : x=   0.000, y=   0.000, z=   0.000
  Object   : x=  -0.541, y=   0.000, z=  14.919
  Detector : x=  25.318, y=   0.000, z=  40.001

After Calibration: 

Unity geometry (world coordinates):
  Source   : x=   0.000, y=  29.997, z=   0.000
  Object   : x=   0.128, y=  20.432, z= 614.586
  Detector : x=  19.316, y=  33.656, z= 999.001
  Obj rotY :  -4.5698 deg
view   0 | SOD= 627.054 mm | SDD= 999.194 mm | M= 1.593 | incident=1.1273°
[[  -3.268807   -626.9724       -9.565046  ]
 [  -3.5542789   372.21503     -13.223379  ]
 [   0.14957121    0.00293467    0.        ]
 [   0.            0.            0.1496    ]]
Residual vector length: 5400, Jacobian shape: (5400, 6)
view   0 | SOD= 627.057 mm | SDD= 999.194 mm | M= 1.593 | incident=1.1273°
[[  -3.2576752  -626.9756       -9.565207  ]
 [  -3.5609086   372.21185     -13.223539  ]
 [   0.14957117    0.00293733    0.        ]
 [   0.            0.            0.1496    ]]

iter 49 cost=324866.032485 -> 324885.497842 |ddelta|=2.823812e-03  lambda=1.000e+06

============================================================
Iteration 50
============================================================
delta offsets (Unity frame):
  Source   : dSx=   0.000, dSy=   0.000, dSz=   0.000  (mm)
  Object   : dOx=   0.128, dOy=   0.432, dOz=  -0.334  (mm)
  Object offset: offset_x=  14.418, offset_z=  13.393  (mm)
  Detector : dDx=   0.000, dDy=   0.000, dDz=   0.000  (mm)
  Obj Stage rotY :    5.694 deg
============================================================

Unity geometry (world coordinates):
  Source   : x=   0.000, y=  29.997, z=   0.000
  Object   : x=   0.669, y=  20.432, z= 599.667
  Detector : x=  -6.002, y=  33.656, z= 959.000
  Obj rotY :  -4.5698 deg

Initial calibration:
  Source   : x=   0.000, y=   0.000, z=   0.000
  Object   : x=  -0.541, y=   0.000, z=  14.919
  Detector : x=  25.318, y=   0.000, z=  40.001

After Calibration: 

Unity geometry (world coordinates):
  Source   : x=   0.000, y=  29.997, z=   0.000
  Object   : x=   0.128, y=  20.432, z= 614.586
  Detector : x=  19.316, y=  33.656, z= 999.001
  Obj rotY :  -4.5698 deg
view   0 | SOD= 627.054 mm | SDD= 999.194 mm | M= 1.593 | incident=1.1273°
[[  -3.268807   -626.9724       -9.565046  ]
 [  -3.5542789   372.21503     -13.223379  ]
 [   0.14957121    0.00293467    0.        ]
 [   0.            0.            0.1496    ]]
Residual vector length: 5400, Jacobian shape: (5400, 6)
view   0 | SOD= 627.057 mm | SDD= 999.194 mm | M= 1.593 | incident=1.1273°
[[  -3.2576752  -626.9756       -9.565207  ]
 [  -3.5609086   372.21185     -13.223539  ]
 [   0.14957117    0.00293733    0.        ]
 [   0.            0.            0.1496    ]]

iter 50 cost=324866.032485 -> 324885.497842 |ddelta|=2.823812e-03  lambda=1.000e+06

============================================================
Iteration 51
============================================================
delta offsets (Unity frame):
  Source   : dSx=   0.000, dSy=   0.000, dSz=   0.000  (mm)
  Object   : dOx=   0.128, dOy=   0.432, dOz=  -0.334  (mm)
  Object offset: offset_x=  14.418, offset_z=  13.393  (mm)
  Detector : dDx=   0.000, dDy=   0.000, dDz=   0.000  (mm)
  Obj Stage rotY :    5.694 deg
============================================================

Unity geometry (world coordinates):
  Source   : x=   0.000, y=  29.997, z=   0.000
  Object   : x=   0.669, y=  20.432, z= 599.667
  Detector : x=  -6.002, y=  33.656, z= 959.000
  Obj rotY :  -4.5698 deg

Initial calibration:
  Source   : x=   0.000, y=   0.000, z=   0.000
  Object   : x=  -0.541, y=   0.000, z=  14.919
  Detector : x=  25.318, y=   0.000, z=  40.001

After Calibration: 

Unity geometry (world coordinates):
  Source   : x=   0.000, y=  29.997, z=   0.000
  Object   : x=   0.128, y=  20.432, z= 614.586
  Detector : x=  19.316, y=  33.656, z= 999.001
  Obj rotY :  -4.5698 deg
view   0 | SOD= 627.054 mm | SDD= 999.194 mm | M= 1.593 | incident=1.1273°
[[  -3.268807   -626.9724       -9.565046  ]
 [  -3.5542789   372.21503     -13.223379  ]
 [   0.14957121    0.00293467    0.        ]
 [   0.            0.            0.1496    ]]
Residual vector length: 5400, Jacobian shape: (5400, 6)
view   0 | SOD= 627.057 mm | SDD= 999.194 mm | M= 1.593 | incident=1.1273°
[[  -3.2576752  -626.9756       -9.565207  ]
 [  -3.5609086   372.21185     -13.223539  ]
 [   0.14957117    0.00293733    0.        ]
 [   0.            0.            0.1496    ]]

iter 51 cost=324866.032485 -> 324885.497842 |ddelta|=2.823812e-03  lambda=1.000e+06

============================================================
Iteration 52
============================================================
delta offsets (Unity frame):
  Source   : dSx=   0.000, dSy=   0.000, dSz=   0.000  (mm)
  Object   : dOx=   0.128, dOy=   0.432, dOz=  -0.334  (mm)
  Object offset: offset_x=  14.418, offset_z=  13.393  (mm)
  Detector : dDx=   0.000, dDy=   0.000, dDz=   0.000  (mm)
  Obj Stage rotY :    5.694 deg
============================================================

Unity geometry (world coordinates):
  Source   : x=   0.000, y=  29.997, z=   0.000
  Object   : x=   0.669, y=  20.432, z= 599.667
  Detector : x=  -6.002, y=  33.656, z= 959.000
  Obj rotY :  -4.5698 deg

Initial calibration:
  Source   : x=   0.000, y=   0.000, z=   0.000
  Object   : x=  -0.541, y=   0.000, z=  14.919
  Detector : x=  25.318, y=   0.000, z=  40.001

After Calibration: 

Unity geometry (world coordinates):
  Source   : x=   0.000, y=  29.997, z=   0.000
  Object   : x=   0.128, y=  20.432, z= 614.586
  Detector : x=  19.316, y=  33.656, z= 999.001
  Obj rotY :  -4.5698 deg
view   0 | SOD= 627.054 mm | SDD= 999.194 mm | M= 1.593 | incident=1.1273°
[[  -3.268807   -626.9724       -9.565046  ]
 [  -3.5542789   372.21503     -13.223379  ]
 [   0.14957121    0.00293467    0.        ]
 [   0.            0.            0.1496    ]]
Residual vector length: 5400, Jacobian shape: (5400, 6)
view   0 | SOD= 627.057 mm | SDD= 999.194 mm | M= 1.593 | incident=1.1273°
[[  -3.2576752  -626.9756       -9.565207  ]
 [  -3.5609086   372.21185     -13.223539  ]
 [   0.14957117    0.00293733    0.        ]
 [   0.            0.            0.1496    ]]

iter 52 cost=324866.032485 -> 324885.497842 |ddelta|=2.823812e-03  lambda=1.000e+06
Stalled.

Estimated delta:
  dSx: +0.000000
  dSy: +0.000000
  dOx: +0.128305
  dOy: +0.432321
  dOz: -0.333509
  dDx: +0.000000
  dDy: +0.000000
  dDz: +0.000000
alpha: +5.693854e+00 deg)
offset_x: +14.418284
offset_z: +13.393306

Final cost table:
Final estimated delta: [ 0.          0.          0.12830499  0.43232067 -0.33350892  0.
  0.          0.          5.69385415 14.41828358 13.39330638]
################################################################################

