
################################################################################
Running scenario=Scan10 Projections=360 Used=20, K=5

============================================================
Iteration 0
============================================================
Theta offsets (Unity frame):
  Source   : dSx=   0.000, dSy=   0.000, dSz=   0.000  (mm)
  Object   : dOx=   0.000, dOy=   0.000, dOz=   0.000  (mm)
  Object offset: offset_x=   0.000, offset_z=   0.000  (mm)
  Detector : dDx=   0.000, dDy=   0.000, dDz=   0.000  (mm)
  Obj Stage rotY :    0.000 deg
============================================================

Unity geometry (world coordinates):
  Source   : x= -10.000, y=  29.997, z=   0.000
  Object   : x=   0.541, y=  20.000, z= 600.000
  Detector : x= -20.002, y=  33.656, z= 959.000
  Obj rotY :  -4.5698 deg

Initial calibration:
  Source   : x=   0.000, y=   0.000, z=   0.000
  Object   : x=   0.000, y=   0.000, z=   0.000
  Detector : x=  25.318, y=   6.310, z=  40.001

After Calibration: 

Unity geometry (world coordinates):
  Source   : x= -10.000, y=  29.997, z=   0.000
  Object   : x=   0.541, y=  20.000, z= 600.000
  Detector : x=   5.316, y=  39.966, z= 999.001
  Obj rotY :  -4.5698 deg
view   0 | SOD= 600.176 mm | SDD= 999.168 mm | M= 1.665 | incident=1.0480°
[[ -58.31186    -597.25275      -9.997368  ]
 [  36.550167    397.3519      -19.965702  ]
 [   0.14912441   -0.01191922    0.        ]
 [   0.            0.            0.1496    ]]
Residual vector length: 400, Jacobian shape: (400, 6)
view   0 | SOD= 635.060 mm | SDD= 999.168 mm | M= 1.573 | incident=1.0480°
[[ -28.22217    -634.4001       -6.461197  ]
 [  -1.9258296   364.37198     -16.429531  ]
 [   0.14959095   -0.00164438    0.        ]
 [   0.            0.            0.1496    ]]
/vol/home/s3777103/Documents/workspace/Thesis/AutoCalibration/gauss_newton_real.py:300: FutureWarning: The behavior of DataFrame concatenation with empty or all-NA entries is deprecated. In a future version, this will no longer exclude empty or all-NA columns when determining the result dtypes. To retain the old behavior, exclude the relevant entries before the concat operation.
  df_r0 = pd.concat([df_r0, df_iter], ignore_index=True)

iter 00 cost=1283840.283774 -> 120298.234256 |dtheta|=2.888387e+01  lambda=1.000e-02

============================================================
Iteration 1
============================================================
Theta offsets (Unity frame):
  Source   : dSx=   0.000, dSy=   0.000, dSz=   0.000  (mm)
  Object   : dOx=   0.460, dOy=   3.536, dOz=  24.407  (mm)
  Object offset: offset_x=   9.395, offset_z=  11.049  (mm)
  Detector : dDx=   0.000, dDy=   0.000, dDz=   0.000  (mm)
  Obj Stage rotY :    3.940 deg
============================================================

Unity geometry (world coordinates):
  Source   : x= -10.000, y=  29.997, z=   0.000
  Object   : x=   1.001, y=  23.536, z= 624.407
  Detector : x= -20.002, y=  33.656, z= 959.000
  Obj rotY :  -4.5698 deg

Initial calibration:
  Source   : x=   0.000, y=   0.000, z=   0.000
  Object   : x=   0.000, y=   0.000, z=   0.000
  Detector : x=  25.318, y=   6.310, z=  40.001

After Calibration: 

Unity geometry (world coordinates):
  Source   : x= -10.000, y=  29.997, z=   0.000
  Object   : x=   1.001, y=  23.536, z= 624.407
  Detector : x=   5.316, y=  39.966, z= 999.001
  Obj rotY :  -4.5698 deg
view   0 | SOD= 635.060 mm | SDD= 999.168 mm | M= 1.573 | incident=1.0480°
[[ -28.22217    -634.4001       -6.461197  ]
 [  -1.9258296   364.37198     -16.429531  ]
 [   0.14959095   -0.00164438    0.        ]
 [   0.            0.            0.1496    ]]
Residual vector length: 400, Jacobian shape: (400, 6)
view   0 | SOD= 630.764 mm | SDD= 999.168 mm | M= 1.584 | incident=1.0480°
[[   5.2443957  -630.7154       -5.7808704 ]
 [ -26.296427    367.90482     -15.749205  ]
 [   0.14943546    0.00701433    0.        ]
 [   0.            0.            0.1496    ]]

iter 01 cost=120298.234256 -> 31768.509243 |dtheta|=8.666743e+00  lambda=3.333e-03

============================================================
Iteration 2
============================================================
Theta offsets (Unity frame):
  Source   : dSx=   0.000, dSy=   0.000, dSz=   0.000  (mm)
  Object   : dOx=   0.276, dOy=   4.216, dOz=  17.556  (mm)
  Object offset: offset_x=  12.461, offset_z=  13.748  (mm)
  Detector : dDx=   0.000, dDy=   0.000, dDz=   0.000  (mm)
  Obj Stage rotY :    7.257 deg
============================================================

Unity geometry (world coordinates):
  Source   : x= -10.000, y=  29.997, z=   0.000
  Object   : x=   0.817, y=  24.216, z= 617.556
  Detector : x= -20.002, y=  33.656, z= 959.000
  Obj rotY :  -4.5698 deg

Initial calibration:
  Source   : x=   0.000, y=   0.000, z=   0.000
  Object   : x=   0.000, y=   0.000, z=   0.000
  Detector : x=  25.318, y=   6.310, z=  40.001

After Calibration: 

Unity geometry (world coordinates):
  Source   : x= -10.000, y=  29.997, z=   0.000
  Object   : x=   0.817, y=  24.216, z= 617.556
  Detector : x=   5.316, y=  39.966, z= 999.001
  Obj rotY :  -4.5698 deg
view   0 | SOD= 630.764 mm | SDD= 999.168 mm | M= 1.584 | incident=1.0480°
[[   5.2443957  -630.7154       -5.7808704 ]
 [ -26.296427    367.90482     -15.749205  ]
 [   0.14943546    0.00701433    0.        ]
 [   0.            0.            0.1496    ]]
Residual vector length: 400, Jacobian shape: (400, 6)
view   0 | SOD= 630.384 mm | SDD= 999.168 mm | M= 1.585 | incident=1.0480°
[[  17.90476    -630.10333      -5.7892475 ]
 [ -34.91649     367.6176      -15.757582  ]
 [   0.14925198    0.01019825    0.        ]
 [   0.            0.            0.1496    ]]

iter 02 cost=31768.509243 -> 26740.121448 |dtheta|=1.754081e+00  lambda=1.111e-03

============================================================
Iteration 3
============================================================
Theta offsets (Unity frame):
  Source   : dSx=   0.000, dSy=   0.000, dSz=   0.000  (mm)
  Object   : dOx=   0.355, dOy=   4.208, dOz=  16.632  (mm)
  Object offset: offset_x=  13.096, offset_z=  14.315  (mm)
  Detector : dDx=   0.000, dDy=   0.000, dDz=   0.000  (mm)
  Obj Stage rotY :    8.479 deg
============================================================

Unity geometry (world coordinates):
  Source   : x= -10.000, y=  29.997, z=   0.000
  Object   : x=   0.896, y=  24.208, z= 616.632
  Detector : x= -20.002, y=  33.656, z= 959.000
  Obj rotY :  -4.5698 deg

Initial calibration:
  Source   : x=   0.000, y=   0.000, z=   0.000
  Object   : x=   0.000, y=   0.000, z=   0.000
  Detector : x=  25.318, y=   6.310, z=  40.001

After Calibration: 

Unity geometry (world coordinates):
  Source   : x= -10.000, y=  29.997, z=   0.000
  Object   : x=   0.896, y=  24.208, z= 616.632
  Detector : x=   5.316, y=  39.966, z= 999.001
  Obj rotY :  -4.5698 deg
view   0 | SOD= 630.384 mm | SDD= 999.168 mm | M= 1.585 | incident=1.0480°
[[  17.90476    -630.10333      -5.7892475 ]
 [ -34.91649     367.6176      -15.757582  ]
 [   0.14925198    0.01019825    0.        ]
 [   0.            0.            0.1496    ]]
Residual vector length: 400, Jacobian shape: (400, 6)
view   0 | SOD= 627.920 mm | SDD= 999.168 mm | M= 1.591 | incident=1.0480°
[[  28.829176   -627.23175      -5.770752  ]
 [ -41.70025     369.39398     -15.739086  ]
 [   0.14904736    0.01284691    0.        ]
 [   0.            0.            0.1496    ]]

iter 03 cost=26740.121448 -> 25754.529844 |dtheta|=2.732614e+00  lambda=3.704e-04

============================================================
Iteration 4
============================================================
Theta offsets (Unity frame):
  Source   : dSx=   0.000, dSy=   0.000, dSz=   0.000  (mm)
  Object   : dOx=   0.308, dOy=   4.227, dOz=  14.099  (mm)
  Object offset: offset_x=  13.188, offset_z=  14.388  (mm)
  Detector : dDx=   0.000, dDy=   0.000, dDz=   0.000  (mm)
  Obj Stage rotY :    9.496 deg
============================================================

Unity geometry (world coordinates):
  Source   : x= -10.000, y=  29.997, z=   0.000
  Object   : x=   0.848, y=  24.227, z= 614.099
  Detector : x= -20.002, y=  33.656, z= 959.000
  Obj rotY :  -4.5698 deg

Initial calibration:
  Source   : x=   0.000, y=   0.000, z=   0.000
  Object   : x=   0.000, y=   0.000, z=   0.000
  Detector : x=  25.318, y=   6.310, z=  40.001

After Calibration: 

Unity geometry (world coordinates):
  Source   : x= -10.000, y=  29.997, z=   0.000
  Object   : x=   0.848, y=  24.227, z= 614.099
  Detector : x=   5.316, y=  39.966, z= 999.001
  Obj rotY :  -4.5698 deg
view   0 | SOD= 627.920 mm | SDD= 999.168 mm | M= 1.591 | incident=1.0480°
[[  28.829176   -627.23175      -5.770752  ]
 [ -41.70025     369.39398     -15.739086  ]
 [   0.14904736    0.01284691    0.        ]
 [   0.            0.            0.1496    ]]
Residual vector length: 400, Jacobian shape: (400, 6)
view   0 | SOD= 628.599 mm | SDD= 999.168 mm | M= 1.590 | incident=1.0480°
[[  49.33957    -626.6327       -5.762558  ]
 [ -54.03919     367.12283     -15.730892  ]
 [   0.14854226    0.01775834    0.        ]
 [   0.            0.            0.1496    ]]

iter 04 cost=25754.529844 -> 24722.208671 |dtheta|=2.036033e+00  lambda=1.235e-04

============================================================
Iteration 5
============================================================
Theta offsets (Unity frame):
  Source   : dSx=   0.000, dSy=   0.000, dSz=   0.000  (mm)
  Object   : dOx=   0.356, dOy=   4.235, dOz=  14.822  (mm)
  Object offset: offset_x=  13.396, offset_z=  14.350  (mm)
  Detector : dDx=   0.000, dDy=   0.000, dDz=   0.000  (mm)
  Obj Stage rotY :   11.387 deg
============================================================

Unity geometry (world coordinates):
  Source   : x= -10.000, y=  29.997, z=   0.000
  Object   : x=   0.897, y=  24.235, z= 614.822
  Detector : x= -20.002, y=  33.656, z= 959.000
  Obj rotY :  -4.5698 deg

Initial calibration:
  Source   : x=   0.000, y=   0.000, z=   0.000
  Object   : x=   0.000, y=   0.000, z=   0.000
  Detector : x=  25.318, y=   6.310, z=  40.001

After Calibration: 

Unity geometry (world coordinates):
  Source   : x= -10.000, y=  29.997, z=   0.000
  Object   : x=   0.897, y=  24.235, z= 614.822
  Detector : x=   5.316, y=  39.966, z= 999.001
  Obj rotY :  -4.5698 deg
view   0 | SOD= 628.599 mm | SDD= 999.168 mm | M= 1.590 | incident=1.0480°
[[  49.33957    -626.6327       -5.762558  ]
 [ -54.03919     367.12283     -15.730892  ]
 [   0.14854226    0.01775834    0.        ]
 [   0.            0.            0.1496    ]]
Residual vector length: 400, Jacobian shape: (400, 6)
view   0 | SOD= 631.698 mm | SDD= 999.168 mm | M= 1.582 | incident=1.0480°
[[  54.14242    -629.3468       -5.7703724 ]
 [ -56.294018    363.64917     -15.738707  ]
 [   0.14841233    0.01881323    0.        ]
 [   0.            0.            0.1496    ]]

iter 05 cost=24722.208671 -> 24659.716789 |dtheta|=3.004222e+00  lambda=4.115e-05

============================================================
Iteration 6
============================================================
Theta offsets (Unity frame):
  Source   : dSx=   0.000, dSy=   0.000, dSz=   0.000  (mm)
  Object   : dOx=   0.386, dOy=   4.227, dOz=  17.795  (mm)
  Object offset: offset_x=  13.394, offset_z=  14.477  (mm)
  Detector : dDx=   0.000, dDy=   0.000, dDz=   0.000  (mm)
  Obj Stage rotY :   11.794 deg
============================================================

Unity geometry (world coordinates):
  Source   : x= -10.000, y=  29.997, z=   0.000
  Object   : x=   0.927, y=  24.227, z= 617.795
  Detector : x= -20.002, y=  33.656, z= 959.000
  Obj rotY :  -4.5698 deg

Initial calibration:
  Source   : x=   0.000, y=   0.000, z=   0.000
  Object   : x=   0.000, y=   0.000, z=   0.000
  Detector : x=  25.318, y=   6.310, z=  40.001

After Calibration: 

Unity geometry (world coordinates):
  Source   : x= -10.000, y=  29.997, z=   0.000
  Object   : x=   0.927, y=  24.227, z= 617.795
  Detector : x=   5.316, y=  39.966, z= 999.001
  Obj rotY :  -4.5698 deg
view   0 | SOD= 631.698 mm | SDD= 999.168 mm | M= 1.582 | incident=1.0480°
[[  54.14242    -629.3468       -5.7703724 ]
 [ -56.294018    363.64917     -15.738707  ]
 [   0.14841233    0.01881323    0.        ]
 [   0.            0.            0.1496    ]]
Residual vector length: 400, Jacobian shape: (400, 6)
view   0 | SOD= 632.372 mm | SDD= 999.168 mm | M= 1.580 | incident=1.0480°
[[  62.04616    -629.2939       -5.7743244 ]
 [ -60.813004    362.24167     -15.742659  ]
 [   0.14816518    0.02066974    0.        ]
 [   0.            0.            0.1496    ]]

iter 06 cost=24659.716789 -> 24470.656441 |dtheta|=9.108187e-01  lambda=1.372e-05

============================================================
Iteration 7
============================================================
Theta offsets (Unity frame):
  Source   : dSx=   0.000, dSy=   0.000, dSz=   0.000  (mm)
  Object   : dOx=   0.376, dOy=   4.223, dOz=  18.336  (mm)
  Object offset: offset_x=  13.458, offset_z=  14.614  (mm)
  Detector : dDx=   0.000, dDy=   0.000, dDz=   0.000  (mm)
  Obj Stage rotY :   12.512 deg
============================================================

Unity geometry (world coordinates):
  Source   : x= -10.000, y=  29.997, z=   0.000
  Object   : x=   0.916, y=  24.223, z= 618.336
  Detector : x= -20.002, y=  33.656, z= 959.000
  Obj rotY :  -4.5698 deg

Initial calibration:
  Source   : x=   0.000, y=   0.000, z=   0.000
  Object   : x=   0.000, y=   0.000, z=   0.000
  Detector : x=  25.318, y=   6.310, z=  40.001

After Calibration: 

Unity geometry (world coordinates):
  Source   : x= -10.000, y=  29.997, z=   0.000
  Object   : x=   0.916, y=  24.223, z= 618.336
  Detector : x=   5.316, y=  39.966, z= 999.001
  Obj rotY :  -4.5698 deg
view   0 | SOD= 632.372 mm | SDD= 999.168 mm | M= 1.580 | incident=1.0480°
[[  62.04616    -629.2939       -5.7743244 ]
 [ -60.813004    362.24167     -15.742659  ]
 [   0.14816518    0.02066974    0.        ]
 [   0.            0.            0.1496    ]]
Residual vector length: 400, Jacobian shape: (400, 6)
view   0 | SOD= 630.207 mm | SDD= 999.168 mm | M= 1.585 | incident=1.0480°
[[  81.4358     -624.897        -5.756521  ]
 [ -72.41587     362.30453     -15.724855  ]
 [   0.14744517    0.02529982    0.        ]
 [   0.            0.            0.1496    ]]

iter 07 cost=24470.656441 -> 24347.377682 |dtheta|=2.626744e+00  lambda=4.572e-06

============================================================
Iteration 8
============================================================
Theta offsets (Unity frame):
  Source   : dSx=   0.000, dSy=   0.000, dSz=   0.000  (mm)
  Object   : dOx=   0.334, dOy=   4.241, dOz=  16.437  (mm)
  Object offset: offset_x=  13.442, offset_z=  14.348  (mm)
  Detector : dDx=   0.000, dDy=   0.000, dDz=   0.000  (mm)
  Obj Stage rotY :   14.306 deg
============================================================

Unity geometry (world coordinates):
  Source   : x= -10.000, y=  29.997, z=   0.000
  Object   : x=   0.874, y=  24.241, z= 616.437
  Detector : x= -20.002, y=  33.656, z= 959.000
  Obj rotY :  -4.5698 deg

Initial calibration:
  Source   : x=   0.000, y=   0.000, z=   0.000
  Object   : x=   0.000, y=   0.000, z=   0.000
  Detector : x=  25.318, y=   6.310, z=  40.001

After Calibration: 

Unity geometry (world coordinates):
  Source   : x= -10.000, y=  29.997, z=   0.000
  Object   : x=   0.874, y=  24.241, z= 616.437
  Detector : x=   5.316, y=  39.966, z= 999.001
  Obj rotY :  -4.5698 deg
view   0 | SOD= 630.207 mm | SDD= 999.168 mm | M= 1.585 | incident=1.0480°
[[  81.4358     -624.897        -5.756521  ]
 [ -72.41587     362.30453     -15.724855  ]
 [   0.14744517    0.02529982    0.        ]
 [   0.            0.            0.1496    ]]
Residual vector length: 400, Jacobian shape: (400, 6)
view   0 | SOD= 631.967 mm | SDD= 999.168 mm | M= 1.581 | incident=1.0480°
[[  76.75343    -627.2624       -5.776335  ]
 [ -69.31041     361.12143     -15.744669  ]
 [   0.14764005    0.02413658    0.        ]
 [   0.            0.            0.1496    ]]

iter 08 cost=24347.377682 -> 24373.899906 |dtheta|=1.692082e+00  lambda=1.524e-06

============================================================
Iteration 9
============================================================
Theta offsets (Unity frame):
  Source   : dSx=   0.000, dSy=   0.000, dSz=   0.000  (mm)
  Object   : dOx=   0.334, dOy=   4.241, dOz=  16.437  (mm)
  Object offset: offset_x=  13.442, offset_z=  14.348  (mm)
  Detector : dDx=   0.000, dDy=   0.000, dDz=   0.000  (mm)
  Obj Stage rotY :   14.306 deg
============================================================

Unity geometry (world coordinates):
  Source   : x= -10.000, y=  29.997, z=   0.000
  Object   : x=   0.874, y=  24.241, z= 616.437
  Detector : x= -20.002, y=  33.656, z= 959.000
  Obj rotY :  -4.5698 deg

Initial calibration:
  Source   : x=   0.000, y=   0.000, z=   0.000
  Object   : x=   0.000, y=   0.000, z=   0.000
  Detector : x=  25.318, y=   6.310, z=  40.001

After Calibration: 

Unity geometry (world coordinates):
  Source   : x= -10.000, y=  29.997, z=   0.000
  Object   : x=   0.874, y=  24.241, z= 616.437
  Detector : x=   5.316, y=  39.966, z= 999.001
  Obj rotY :  -4.5698 deg
view   0 | SOD= 630.207 mm | SDD= 999.168 mm | M= 1.585 | incident=1.0480°
[[  81.4358     -624.897        -5.756521  ]
 [ -72.41587     362.30453     -15.724855  ]
 [   0.14744517    0.02529982    0.        ]
 [   0.            0.            0.1496    ]]
Residual vector length: 400, Jacobian shape: (400, 6)
view   0 | SOD= 631.967 mm | SDD= 999.168 mm | M= 1.581 | incident=1.0480°
[[  76.75343    -627.2624       -5.776335  ]
 [ -69.31041     361.12143     -15.744669  ]
 [   0.14764005    0.02413658    0.        ]
 [   0.            0.            0.1496    ]]

iter 09 cost=24347.377682 -> 24373.899906 |dtheta|=1.692082e+00  lambda=7.621e-06

============================================================
Iteration 10
============================================================
Theta offsets (Unity frame):
  Source   : dSx=   0.000, dSy=   0.000, dSz=   0.000  (mm)
  Object   : dOx=   0.334, dOy=   4.241, dOz=  16.437  (mm)
  Object offset: offset_x=  13.442, offset_z=  14.348  (mm)
  Detector : dDx=   0.000, dDy=   0.000, dDz=   0.000  (mm)
  Obj Stage rotY :   14.306 deg
============================================================

Unity geometry (world coordinates):
  Source   : x= -10.000, y=  29.997, z=   0.000
  Object   : x=   0.874, y=  24.241, z= 616.437
  Detector : x= -20.002, y=  33.656, z= 959.000
  Obj rotY :  -4.5698 deg

Initial calibration:
  Source   : x=   0.000, y=   0.000, z=   0.000
  Object   : x=   0.000, y=   0.000, z=   0.000
  Detector : x=  25.318, y=   6.310, z=  40.001

After Calibration: 

Unity geometry (world coordinates):
  Source   : x= -10.000, y=  29.997, z=   0.000
  Object   : x=   0.874, y=  24.241, z= 616.437
  Detector : x=   5.316, y=  39.966, z= 999.001
  Obj rotY :  -4.5698 deg
view   0 | SOD= 630.207 mm | SDD= 999.168 mm | M= 1.585 | incident=1.0480°
[[  81.4358     -624.897        -5.756521  ]
 [ -72.41587     362.30453     -15.724855  ]
 [   0.14744517    0.02529982    0.        ]
 [   0.            0.            0.1496    ]]
Residual vector length: 400, Jacobian shape: (400, 6)
view   0 | SOD= 631.967 mm | SDD= 999.168 mm | M= 1.581 | incident=1.0480°
[[  76.75343    -627.2624       -5.776335  ]
 [ -69.31041     361.12143     -15.744669  ]
 [   0.14764005    0.02413658    0.        ]
 [   0.            0.            0.1496    ]]

iter 10 cost=24347.377682 -> 24373.899906 |dtheta|=1.692081e+00  lambda=3.810e-05

============================================================
Iteration 11
============================================================
Theta offsets (Unity frame):
  Source   : dSx=   0.000, dSy=   0.000, dSz=   0.000  (mm)
  Object   : dOx=   0.334, dOy=   4.241, dOz=  16.437  (mm)
  Object offset: offset_x=  13.442, offset_z=  14.348  (mm)
  Detector : dDx=   0.000, dDy=   0.000, dDz=   0.000  (mm)
  Obj Stage rotY :   14.306 deg
============================================================

Unity geometry (world coordinates):
  Source   : x= -10.000, y=  29.997, z=   0.000
  Object   : x=   0.874, y=  24.241, z= 616.437
  Detector : x= -20.002, y=  33.656, z= 959.000
  Obj rotY :  -4.5698 deg

Initial calibration:
  Source   : x=   0.000, y=   0.000, z=   0.000
  Object   : x=   0.000, y=   0.000, z=   0.000
  Detector : x=  25.318, y=   6.310, z=  40.001

After Calibration: 

Unity geometry (world coordinates):
  Source   : x= -10.000, y=  29.997, z=   0.000
  Object   : x=   0.874, y=  24.241, z= 616.437
  Detector : x=   5.316, y=  39.966, z= 999.001
  Obj rotY :  -4.5698 deg
view   0 | SOD= 630.207 mm | SDD= 999.168 mm | M= 1.585 | incident=1.0480°
[[  81.4358     -624.897        -5.756521  ]
 [ -72.41587     362.30453     -15.724855  ]
 [   0.14744517    0.02529982    0.        ]
 [   0.            0.            0.1496    ]]
Residual vector length: 400, Jacobian shape: (400, 6)
view   0 | SOD= 631.967 mm | SDD= 999.168 mm | M= 1.581 | incident=1.0480°
[[  76.75343    -627.2624       -5.776335  ]
 [ -69.31042     361.12143     -15.744669  ]
 [   0.14764005    0.02413658    0.        ]
 [   0.            0.            0.1496    ]]

iter 11 cost=24347.377682 -> 24374.246522 |dtheta|=1.692077e+00  lambda=1.905e-04

============================================================
Iteration 12
============================================================
Theta offsets (Unity frame):
  Source   : dSx=   0.000, dSy=   0.000, dSz=   0.000  (mm)
  Object   : dOx=   0.334, dOy=   4.241, dOz=  16.437  (mm)
  Object offset: offset_x=  13.442, offset_z=  14.348  (mm)
  Detector : dDx=   0.000, dDy=   0.000, dDz=   0.000  (mm)
  Obj Stage rotY :   14.306 deg
============================================================

Unity geometry (world coordinates):
  Source   : x= -10.000, y=  29.997, z=   0.000
  Object   : x=   0.874, y=  24.241, z= 616.437
  Detector : x= -20.002, y=  33.656, z= 959.000
  Obj rotY :  -4.5698 deg

Initial calibration:
  Source   : x=   0.000, y=   0.000, z=   0.000
  Object   : x=   0.000, y=   0.000, z=   0.000
  Detector : x=  25.318, y=   6.310, z=  40.001

After Calibration: 

Unity geometry (world coordinates):
  Source   : x= -10.000, y=  29.997, z=   0.000
  Object   : x=   0.874, y=  24.241, z= 616.437
  Detector : x=   5.316, y=  39.966, z= 999.001
  Obj rotY :  -4.5698 deg
view   0 | SOD= 630.207 mm | SDD= 999.168 mm | M= 1.585 | incident=1.0480°
[[  81.4358     -624.897        -5.756521  ]
 [ -72.41587     362.30453     -15.724855  ]
 [   0.14744517    0.02529982    0.        ]
 [   0.            0.            0.1496    ]]
Residual vector length: 400, Jacobian shape: (400, 6)
view   0 | SOD= 631.967 mm | SDD= 999.168 mm | M= 1.581 | incident=1.0480°
[[  76.75344    -627.2623       -5.776335  ]
 [ -69.31043     361.1215      -15.744669  ]
 [   0.14764005    0.02413659    0.        ]
 [   0.            0.            0.1496    ]]

iter 12 cost=24347.377682 -> 24374.331406 |dtheta|=1.692055e+00  lambda=9.526e-04

============================================================
Iteration 13
============================================================
Theta offsets (Unity frame):
  Source   : dSx=   0.000, dSy=   0.000, dSz=   0.000  (mm)
  Object   : dOx=   0.334, dOy=   4.241, dOz=  16.437  (mm)
  Object offset: offset_x=  13.442, offset_z=  14.348  (mm)
  Detector : dDx=   0.000, dDy=   0.000, dDz=   0.000  (mm)
  Obj Stage rotY :   14.306 deg
============================================================

Unity geometry (world coordinates):
  Source   : x= -10.000, y=  29.997, z=   0.000
  Object   : x=   0.874, y=  24.241, z= 616.437
  Detector : x= -20.002, y=  33.656, z= 959.000
  Obj rotY :  -4.5698 deg

Initial calibration:
  Source   : x=   0.000, y=   0.000, z=   0.000
  Object   : x=   0.000, y=   0.000, z=   0.000
  Detector : x=  25.318, y=   6.310, z=  40.001

After Calibration: 

Unity geometry (world coordinates):
  Source   : x= -10.000, y=  29.997, z=   0.000
  Object   : x=   0.874, y=  24.241, z= 616.437
  Detector : x=   5.316, y=  39.966, z= 999.001
  Obj rotY :  -4.5698 deg
view   0 | SOD= 630.207 mm | SDD= 999.168 mm | M= 1.585 | incident=1.0480°
[[  81.4358     -624.897        -5.756521  ]
 [ -72.41587     362.30453     -15.724855  ]
 [   0.14744517    0.02529982    0.        ]
 [   0.            0.            0.1496    ]]
Residual vector length: 400, Jacobian shape: (400, 6)
view   0 | SOD= 631.967 mm | SDD= 999.168 mm | M= 1.581 | incident=1.0480°
[[  76.75352    -627.26227      -5.776333  ]
 [ -69.310486    361.12152     -15.744667  ]
 [   0.14764005    0.02413661    0.        ]
 [   0.            0.            0.1496    ]]

iter 13 cost=24347.377682 -> 24374.677940 |dtheta|=1.691946e+00  lambda=4.763e-03

============================================================
Iteration 14
============================================================
Theta offsets (Unity frame):
  Source   : dSx=   0.000, dSy=   0.000, dSz=   0.000  (mm)
  Object   : dOx=   0.334, dOy=   4.241, dOz=  16.437  (mm)
  Object offset: offset_x=  13.442, offset_z=  14.348  (mm)
  Detector : dDx=   0.000, dDy=   0.000, dDz=   0.000  (mm)
  Obj Stage rotY :   14.306 deg
============================================================

Unity geometry (world coordinates):
  Source   : x= -10.000, y=  29.997, z=   0.000
  Object   : x=   0.874, y=  24.241, z= 616.437
  Detector : x= -20.002, y=  33.656, z= 959.000
  Obj rotY :  -4.5698 deg

Initial calibration:
  Source   : x=   0.000, y=   0.000, z=   0.000
  Object   : x=   0.000, y=   0.000, z=   0.000
  Detector : x=  25.318, y=   6.310, z=  40.001

After Calibration: 

Unity geometry (world coordinates):
  Source   : x= -10.000, y=  29.997, z=   0.000
  Object   : x=   0.874, y=  24.241, z= 616.437
  Detector : x=   5.316, y=  39.966, z= 999.001
  Obj rotY :  -4.5698 deg
view   0 | SOD= 630.207 mm | SDD= 999.168 mm | M= 1.585 | incident=1.0480°
[[  81.4358     -624.897        -5.756521  ]
 [ -72.41587     362.30453     -15.724855  ]
 [   0.14744517    0.02529982    0.        ]
 [   0.            0.            0.1496    ]]
Residual vector length: 400, Jacobian shape: (400, 6)
view   0 | SOD= 631.966 mm | SDD= 999.168 mm | M= 1.581 | incident=1.0480°
[[  76.75384    -627.2616       -5.776329  ]
 [ -69.31079     361.1221      -15.744663  ]
 [   0.14764003    0.0241367     0.        ]
 [   0.            0.            0.1496    ]]

iter 14 cost=24347.377682 -> 24374.388384 |dtheta|=1.691400e+00  lambda=2.381e-02

============================================================
Iteration 15
============================================================
Theta offsets (Unity frame):
  Source   : dSx=   0.000, dSy=   0.000, dSz=   0.000  (mm)
  Object   : dOx=   0.334, dOy=   4.241, dOz=  16.437  (mm)
  Object offset: offset_x=  13.442, offset_z=  14.348  (mm)
  Detector : dDx=   0.000, dDy=   0.000, dDz=   0.000  (mm)
  Obj Stage rotY :   14.306 deg
============================================================

Unity geometry (world coordinates):
  Source   : x= -10.000, y=  29.997, z=   0.000
  Object   : x=   0.874, y=  24.241, z= 616.437
  Detector : x= -20.002, y=  33.656, z= 959.000
  Obj rotY :  -4.5698 deg

Initial calibration:
  Source   : x=   0.000, y=   0.000, z=   0.000
  Object   : x=   0.000, y=   0.000, z=   0.000
  Detector : x=  25.318, y=   6.310, z=  40.001

After Calibration: 

Unity geometry (world coordinates):
  Source   : x= -10.000, y=  29.997, z=   0.000
  Object   : x=   0.874, y=  24.241, z= 616.437
  Detector : x=   5.316, y=  39.966, z= 999.001
  Obj rotY :  -4.5698 deg
view   0 | SOD= 630.207 mm | SDD= 999.168 mm | M= 1.585 | incident=1.0480°
[[  81.4358     -624.897        -5.756521  ]
 [ -72.41587     362.30453     -15.724855  ]
 [   0.14744517    0.02529982    0.        ]
 [   0.            0.            0.1496    ]]
Residual vector length: 400, Jacobian shape: (400, 6)
view   0 | SOD= 631.964 mm | SDD= 999.168 mm | M= 1.581 | incident=1.0480°
[[  76.75547    -627.2585       -5.776306  ]
 [ -69.31229     361.12473     -15.74464   ]
 [   0.14763996    0.02413717    0.        ]
 [   0.            0.            0.1496    ]]

iter 15 cost=24347.377682 -> 24376.088376 |dtheta|=1.688674e+00  lambda=1.191e-01

============================================================
Iteration 16
============================================================
Theta offsets (Unity frame):
  Source   : dSx=   0.000, dSy=   0.000, dSz=   0.000  (mm)
  Object   : dOx=   0.334, dOy=   4.241, dOz=  16.437  (mm)
  Object offset: offset_x=  13.442, offset_z=  14.348  (mm)
  Detector : dDx=   0.000, dDy=   0.000, dDz=   0.000  (mm)
  Obj Stage rotY :   14.306 deg
============================================================

Unity geometry (world coordinates):
  Source   : x= -10.000, y=  29.997, z=   0.000
  Object   : x=   0.874, y=  24.241, z= 616.437
  Detector : x= -20.002, y=  33.656, z= 959.000
  Obj rotY :  -4.5698 deg

Initial calibration:
  Source   : x=   0.000, y=   0.000, z=   0.000
  Object   : x=   0.000, y=   0.000, z=   0.000
  Detector : x=  25.318, y=   6.310, z=  40.001

After Calibration: 

Unity geometry (world coordinates):
  Source   : x= -10.000, y=  29.997, z=   0.000
  Object   : x=   0.874, y=  24.241, z= 616.437
  Detector : x=   5.316, y=  39.966, z= 999.001
  Obj rotY :  -4.5698 deg
view   0 | SOD= 630.207 mm | SDD= 999.168 mm | M= 1.585 | incident=1.0480°
[[  81.4358     -624.897        -5.756521  ]
 [ -72.41587     362.30453     -15.724855  ]
 [   0.14744517    0.02529982    0.        ]
 [   0.            0.            0.1496    ]]
Residual vector length: 400, Jacobian shape: (400, 6)
view   0 | SOD= 631.949 mm | SDD= 999.168 mm | M= 1.581 | incident=1.0480°
[[  76.7636     -627.2432       -5.7761936 ]
 [ -69.3197      361.1377      -15.744528  ]
 [   0.14763957    0.02413949    0.        ]
 [   0.            0.            0.1496    ]]

iter 16 cost=24347.377682 -> 24374.813424 |dtheta|=1.675185e+00  lambda=5.954e-01

============================================================
Iteration 17
============================================================
Theta offsets (Unity frame):
  Source   : dSx=   0.000, dSy=   0.000, dSz=   0.000  (mm)
  Object   : dOx=   0.334, dOy=   4.241, dOz=  16.437  (mm)
  Object offset: offset_x=  13.442, offset_z=  14.348  (mm)
  Detector : dDx=   0.000, dDy=   0.000, dDz=   0.000  (mm)
  Obj Stage rotY :   14.306 deg
============================================================

Unity geometry (world coordinates):
  Source   : x= -10.000, y=  29.997, z=   0.000
  Object   : x=   0.874, y=  24.241, z= 616.437
  Detector : x= -20.002, y=  33.656, z= 959.000
  Obj rotY :  -4.5698 deg

Initial calibration:
  Source   : x=   0.000, y=   0.000, z=   0.000
  Object   : x=   0.000, y=   0.000, z=   0.000
  Detector : x=  25.318, y=   6.310, z=  40.001

After Calibration: 

Unity geometry (world coordinates):
  Source   : x= -10.000, y=  29.997, z=   0.000
  Object   : x=   0.874, y=  24.241, z= 616.437
  Detector : x=   5.316, y=  39.966, z= 999.001
  Obj rotY :  -4.5698 deg
view   0 | SOD= 630.207 mm | SDD= 999.168 mm | M= 1.585 | incident=1.0480°
[[  81.4358     -624.897        -5.756521  ]
 [ -72.41587     362.30453     -15.724855  ]
 [   0.14744517    0.02529982    0.        ]
 [   0.            0.            0.1496    ]]
Residual vector length: 400, Jacobian shape: (400, 6)
view   0 | SOD= 631.882 mm | SDD= 999.168 mm | M= 1.581 | incident=1.0480°
[[  76.80319    -627.1705       -5.7756577 ]
 [ -69.35553     361.19934     -15.743992  ]
 [   0.14763774    0.02415076    0.        ]
 [   0.            0.            0.1496    ]]

iter 17 cost=24347.377682 -> 24360.837239 |dtheta|=1.611064e+00  lambda=2.977e+00

============================================================
Iteration 18
============================================================
Theta offsets (Unity frame):
  Source   : dSx=   0.000, dSy=   0.000, dSz=   0.000  (mm)
  Object   : dOx=   0.334, dOy=   4.241, dOz=  16.437  (mm)
  Object offset: offset_x=  13.442, offset_z=  14.348  (mm)
  Detector : dDx=   0.000, dDy=   0.000, dDz=   0.000  (mm)
  Obj Stage rotY :   14.306 deg
============================================================

Unity geometry (world coordinates):
  Source   : x= -10.000, y=  29.997, z=   0.000
  Object   : x=   0.874, y=  24.241, z= 616.437
  Detector : x= -20.002, y=  33.656, z= 959.000
  Obj rotY :  -4.5698 deg

Initial calibration:
  Source   : x=   0.000, y=   0.000, z=   0.000
  Object   : x=   0.000, y=   0.000, z=   0.000
  Detector : x=  25.318, y=   6.310, z=  40.001

After Calibration: 

Unity geometry (world coordinates):
  Source   : x= -10.000, y=  29.997, z=   0.000
  Object   : x=   0.874, y=  24.241, z= 616.437
  Detector : x=   5.316, y=  39.966, z= 999.001
  Obj rotY :  -4.5698 deg
view   0 | SOD= 630.207 mm | SDD= 999.168 mm | M= 1.585 | incident=1.0480°
[[  81.4358     -624.897        -5.756521  ]
 [ -72.41587     362.30453     -15.724855  ]
 [   0.14744517    0.02529982    0.        ]
 [   0.            0.            0.1496    ]]
Residual vector length: 400, Jacobian shape: (400, 6)
view   0 | SOD= 631.613 mm | SDD= 999.168 mm | M= 1.582 | incident=1.0480°
[[  76.97952    -626.87775      -5.7735023 ]
 [ -69.50927     361.44318     -15.741837  ]
 [   0.14762966    0.02420006    0.        ]
 [   0.            0.            0.1496    ]]

iter 18 cost=24347.377682 -> 24323.537548 |dtheta|=1.356167e+00  lambda=1.488e+01

============================================================
Iteration 19
============================================================
Theta offsets (Unity frame):
  Source   : dSx=   0.000, dSy=   0.000, dSz=   0.000  (mm)
  Object   : dOx=   0.386, dOy=   4.224, dOz=  17.716  (mm)
  Object offset: offset_x=  13.404, offset_z=  14.472  (mm)
  Detector : dDx=   0.000, dDy=   0.000, dDz=   0.000  (mm)
  Obj Stage rotY :   13.879 deg
============================================================

Unity geometry (world coordinates):
  Source   : x= -10.000, y=  29.997, z=   0.000
  Object   : x=   0.926, y=  24.224, z= 617.716
  Detector : x= -20.002, y=  33.656, z= 959.000
  Obj rotY :  -4.5698 deg

Initial calibration:
  Source   : x=   0.000, y=   0.000, z=   0.000
  Object   : x=   0.000, y=   0.000, z=   0.000
  Detector : x=  25.318, y=   6.310, z=  40.001

After Calibration: 

Unity geometry (world coordinates):
  Source   : x= -10.000, y=  29.997, z=   0.000
  Object   : x=   0.926, y=  24.224, z= 617.716
  Detector : x=   5.316, y=  39.966, z= 999.001
  Obj rotY :  -4.5698 deg
view   0 | SOD= 631.613 mm | SDD= 999.168 mm | M= 1.582 | incident=1.0480°
[[  76.97952    -626.87775      -5.7735023 ]
 [ -69.50927     361.44318     -15.741837  ]
 [   0.14762966    0.02420006    0.        ]
 [   0.            0.            0.1496    ]]
Residual vector length: 400, Jacobian shape: (400, 6)
view   0 | SOD= 630.535 mm | SDD= 999.168 mm | M= 1.585 | incident=1.0480°
[[  82.26588    -625.11835      -5.765562  ]
 [ -73.09589     361.84665     -15.733896  ]
 [   0.1474063     0.02552536    0.        ]
 [   0.            0.            0.1496    ]]

iter 19 cost=24323.537548 -> 24237.674903 |dtheta|=1.305051e+00  lambda=4.961e+00

============================================================
Iteration 20
============================================================
Theta offsets (Unity frame):
  Source   : dSx=   0.000, dSy=   0.000, dSz=   0.000  (mm)
  Object   : dOx=   0.374, dOy=   4.232, dOz=  16.533  (mm)
  Object offset: offset_x=  13.567, offset_z=  14.582  (mm)
  Detector : dDx=   0.000, dDy=   0.000, dDz=   0.000  (mm)
  Obj Stage rotY :   14.394 deg
============================================================

Unity geometry (world coordinates):
  Source   : x= -10.000, y=  29.997, z=   0.000
  Object   : x=   0.914, y=  24.232, z= 616.533
  Detector : x= -20.002, y=  33.656, z= 959.000
  Obj rotY :  -4.5698 deg

Initial calibration:
  Source   : x=   0.000, y=   0.000, z=   0.000
  Object   : x=   0.000, y=   0.000, z=   0.000
  Detector : x=  25.318, y=   6.310, z=  40.001

After Calibration: 

Unity geometry (world coordinates):
  Source   : x= -10.000, y=  29.997, z=   0.000
  Object   : x=   0.914, y=  24.232, z= 616.533
  Detector : x=   5.316, y=  39.966, z= 999.001
  Obj rotY :  -4.5698 deg
view   0 | SOD= 630.535 mm | SDD= 999.168 mm | M= 1.585 | incident=1.0480°
[[  82.26588    -625.11835      -5.765562  ]
 [ -73.09589     361.84665     -15.733896  ]
 [   0.1474063     0.02552536    0.        ]
 [   0.            0.            0.1496    ]]
Residual vector length: 400, Jacobian shape: (400, 6)
view   0 | SOD= 630.036 mm | SDD= 999.168 mm | M= 1.586 | incident=1.0480°
[[  80.0539     -624.9032       -5.7519093 ]
 [ -71.799545    362.60767     -15.720243  ]
 [   0.14749607    0.02500137    0.        ]
 [   0.            0.            0.1496    ]]

iter 20 cost=24237.674903 -> 24236.994829 |dtheta|=6.917667e-01  lambda=1.654e+00

============================================================
Iteration 21
============================================================
Theta offsets (Unity frame):
  Source   : dSx=   0.000, dSy=   0.000, dSz=   0.000  (mm)
  Object   : dOx=   0.348, dOy=   4.245, dOz=  15.893  (mm)
  Object offset: offset_x=  13.488, offset_z=  14.722  (mm)
  Detector : dDx=   0.000, dDy=   0.000, dDz=   0.000  (mm)
  Obj Stage rotY :   14.190 deg
============================================================

Unity geometry (world coordinates):
  Source   : x= -10.000, y=  29.997, z=   0.000
  Object   : x=   0.889, y=  24.245, z= 615.893
  Detector : x= -20.002, y=  33.656, z= 959.000
  Obj rotY :  -4.5698 deg

Initial calibration:
  Source   : x=   0.000, y=   0.000, z=   0.000
  Object   : x=   0.000, y=   0.000, z=   0.000
  Detector : x=  25.318, y=   6.310, z=  40.001

After Calibration: 

Unity geometry (world coordinates):
  Source   : x= -10.000, y=  29.997, z=   0.000
  Object   : x=   0.889, y=  24.245, z= 615.893
  Detector : x=   5.316, y=  39.966, z= 999.001
  Obj rotY :  -4.5698 deg
view   0 | SOD= 630.036 mm | SDD= 999.168 mm | M= 1.586 | incident=1.0480°
[[  80.0539     -624.9032       -5.7519093 ]
 [ -71.799545    362.60767     -15.720243  ]
 [   0.14749607    0.02500137    0.        ]
 [   0.            0.            0.1496    ]]
Residual vector length: 400, Jacobian shape: (400, 6)
view   0 | SOD= 630.853 mm | SDD= 999.168 mm | M= 1.584 | incident=1.0480°
[[  79.29928    -625.8226       -5.7708282 ]
 [ -71.44943     361.8575      -15.739162  ]
 [   0.14752395    0.02483636    0.        ]
 [   0.            0.            0.1496    ]]

iter 21 cost=24236.994829 -> 24454.220838 |dtheta|=1.149178e+00  lambda=5.513e-01

============================================================
Iteration 22
============================================================
Theta offsets (Unity frame):
  Source   : dSx=   0.000, dSy=   0.000, dSz=   0.000  (mm)
  Object   : dOx=   0.348, dOy=   4.245, dOz=  15.893  (mm)
  Object offset: offset_x=  13.488, offset_z=  14.722  (mm)
  Detector : dDx=   0.000, dDy=   0.000, dDz=   0.000  (mm)
  Obj Stage rotY :   14.190 deg
============================================================

Unity geometry (world coordinates):
  Source   : x= -10.000, y=  29.997, z=   0.000
  Object   : x=   0.889, y=  24.245, z= 615.893
  Detector : x= -20.002, y=  33.656, z= 959.000
  Obj rotY :  -4.5698 deg

Initial calibration:
  Source   : x=   0.000, y=   0.000, z=   0.000
  Object   : x=   0.000, y=   0.000, z=   0.000
  Detector : x=  25.318, y=   6.310, z=  40.001

After Calibration: 

Unity geometry (world coordinates):
  Source   : x= -10.000, y=  29.997, z=   0.000
  Object   : x=   0.889, y=  24.245, z= 615.893
  Detector : x=   5.316, y=  39.966, z= 999.001
  Obj rotY :  -4.5698 deg
view   0 | SOD= 630.036 mm | SDD= 999.168 mm | M= 1.586 | incident=1.0480°
[[  80.0539     -624.9032       -5.7519093 ]
 [ -71.799545    362.60767     -15.720243  ]
 [   0.14749607    0.02500137    0.        ]
 [   0.            0.            0.1496    ]]
Residual vector length: 400, Jacobian shape: (400, 6)
view   0 | SOD= 630.813 mm | SDD= 999.168 mm | M= 1.584 | incident=1.0480°
[[  79.29065    -625.7831       -5.7705364 ]
 [ -71.45228     361.8979      -15.738871  ]
 [   0.14752409    0.0248355     0.        ]
 [   0.            0.            0.1496    ]]

iter 22 cost=24236.994829 -> 24457.056303 |dtheta|=1.111879e+00  lambda=2.756e+00

============================================================
Iteration 23
============================================================
Theta offsets (Unity frame):
  Source   : dSx=   0.000, dSy=   0.000, dSz=   0.000  (mm)
  Object   : dOx=   0.348, dOy=   4.245, dOz=  15.893  (mm)
  Object offset: offset_x=  13.488, offset_z=  14.722  (mm)
  Detector : dDx=   0.000, dDy=   0.000, dDz=   0.000  (mm)
  Obj Stage rotY :   14.190 deg
============================================================

Unity geometry (world coordinates):
  Source   : x= -10.000, y=  29.997, z=   0.000
  Object   : x=   0.889, y=  24.245, z= 615.893
  Detector : x= -20.002, y=  33.656, z= 959.000
  Obj rotY :  -4.5698 deg

Initial calibration:
  Source   : x=   0.000, y=   0.000, z=   0.000
  Object   : x=   0.000, y=   0.000, z=   0.000
  Detector : x=  25.318, y=   6.310, z=  40.001

After Calibration: 

Unity geometry (world coordinates):
  Source   : x= -10.000, y=  29.997, z=   0.000
  Object   : x=   0.889, y=  24.245, z= 615.893
  Detector : x=   5.316, y=  39.966, z= 999.001
  Obj rotY :  -4.5698 deg
view   0 | SOD= 630.036 mm | SDD= 999.168 mm | M= 1.586 | incident=1.0480°
[[  80.0539     -624.9032       -5.7519093 ]
 [ -71.799545    362.60767     -15.720243  ]
 [   0.14749607    0.02500137    0.        ]
 [   0.            0.            0.1496    ]]
Residual vector length: 400, Jacobian shape: (400, 6)
view   0 | SOD= 630.649 mm | SDD= 999.168 mm | M= 1.584 | incident=1.0480°
[[  79.2579     -625.62177      -5.7693405 ]
 [ -71.46522     362.06223     -15.737675  ]
 [   0.1475246     0.02483254    0.        ]
 [   0.            0.            0.1496    ]]

iter 23 cost=24236.994829 -> 24451.067977 |dtheta|=9.611446e-01  lambda=1.378e+01

============================================================
Iteration 24
============================================================
Theta offsets (Unity frame):
  Source   : dSx=   0.000, dSy=   0.000, dSz=   0.000  (mm)
  Object   : dOx=   0.348, dOy=   4.245, dOz=  15.893  (mm)
  Object offset: offset_x=  13.488, offset_z=  14.722  (mm)
  Detector : dDx=   0.000, dDy=   0.000, dDz=   0.000  (mm)
  Obj Stage rotY :   14.190 deg
============================================================

Unity geometry (world coordinates):
  Source   : x= -10.000, y=  29.997, z=   0.000
  Object   : x=   0.889, y=  24.245, z= 615.893
  Detector : x= -20.002, y=  33.656, z= 959.000
  Obj rotY :  -4.5698 deg

Initial calibration:
  Source   : x=   0.000, y=   0.000, z=   0.000
  Object   : x=   0.000, y=   0.000, z=   0.000
  Detector : x=  25.318, y=   6.310, z=  40.001

After Calibration: 

Unity geometry (world coordinates):
  Source   : x= -10.000, y=  29.997, z=   0.000
  Object   : x=   0.889, y=  24.245, z= 615.893
  Detector : x=   5.316, y=  39.966, z= 999.001
  Obj rotY :  -4.5698 deg
view   0 | SOD= 630.036 mm | SDD= 999.168 mm | M= 1.586 | incident=1.0480°
[[  80.0539     -624.9032       -5.7519093 ]
 [ -71.799545    362.60767     -15.720243  ]
 [   0.14749607    0.02500137    0.        ]
 [   0.            0.            0.1496    ]]
Residual vector length: 400, Jacobian shape: (400, 6)
view   0 | SOD= 630.255 mm | SDD= 999.168 mm | M= 1.585 | incident=1.0480°
[[  79.2105     -625.2312       -5.766445  ]
 [ -71.51355     362.45267     -15.734779  ]
 [   0.14752457    0.02483268    0.        ]
 [   0.            0.            0.1496    ]]

iter 24 cost=24236.994829 -> 24439.741642 |dtheta|=6.183351e-01  lambda=6.891e+01

============================================================
Iteration 25
============================================================
Theta offsets (Unity frame):
  Source   : dSx=   0.000, dSy=   0.000, dSz=   0.000  (mm)
  Object   : dOx=   0.348, dOy=   4.245, dOz=  15.893  (mm)
  Object offset: offset_x=  13.488, offset_z=  14.722  (mm)
  Detector : dDx=   0.000, dDy=   0.000, dDz=   0.000  (mm)
  Obj Stage rotY :   14.190 deg
============================================================

Unity geometry (world coordinates):
  Source   : x= -10.000, y=  29.997, z=   0.000
  Object   : x=   0.889, y=  24.245, z= 615.893
  Detector : x= -20.002, y=  33.656, z= 959.000
  Obj rotY :  -4.5698 deg

Initial calibration:
  Source   : x=   0.000, y=   0.000, z=   0.000
  Object   : x=   0.000, y=   0.000, z=   0.000
  Detector : x=  25.318, y=   6.310, z=  40.001

After Calibration: 

Unity geometry (world coordinates):
  Source   : x= -10.000, y=  29.997, z=   0.000
  Object   : x=   0.889, y=  24.245, z= 615.893
  Detector : x=   5.316, y=  39.966, z= 999.001
  Obj rotY :  -4.5698 deg
view   0 | SOD= 630.036 mm | SDD= 999.168 mm | M= 1.586 | incident=1.0480°
[[  80.0539     -624.9032       -5.7519093 ]
 [ -71.799545    362.60767     -15.720243  ]
 [   0.14749607    0.02500137    0.        ]
 [   0.            0.            0.1496    ]]
Residual vector length: 400, Jacobian shape: (400, 6)
view   0 | SOD= 629.911 mm | SDD= 999.168 mm | M= 1.586 | incident=1.0480°
[[  79.3294     -624.8688       -5.763645  ]
 [ -71.643456    362.77713     -15.731979  ]
 [   0.1475183     0.02486984    0.        ]
 [   0.            0.            0.1496    ]]

iter 25 cost=24236.994829 -> 24415.970642 |dtheta|=3.766528e-01  lambda=3.445e+02

============================================================
Iteration 26
============================================================
Theta offsets (Unity frame):
  Source   : dSx=   0.000, dSy=   0.000, dSz=   0.000  (mm)
  Object   : dOx=   0.348, dOy=   4.245, dOz=  15.893  (mm)
  Object offset: offset_x=  13.488, offset_z=  14.722  (mm)
  Detector : dDx=   0.000, dDy=   0.000, dDz=   0.000  (mm)
  Obj Stage rotY :   14.190 deg
============================================================

Unity geometry (world coordinates):
  Source   : x= -10.000, y=  29.997, z=   0.000
  Object   : x=   0.889, y=  24.245, z= 615.893
  Detector : x= -20.002, y=  33.656, z= 959.000
  Obj rotY :  -4.5698 deg

Initial calibration:
  Source   : x=   0.000, y=   0.000, z=   0.000
  Object   : x=   0.000, y=   0.000, z=   0.000
  Detector : x=  25.318, y=   6.310, z=  40.001

After Calibration: 

Unity geometry (world coordinates):
  Source   : x= -10.000, y=  29.997, z=   0.000
  Object   : x=   0.889, y=  24.245, z= 615.893
  Detector : x=   5.316, y=  39.966, z= 999.001
  Obj rotY :  -4.5698 deg
view   0 | SOD= 630.036 mm | SDD= 999.168 mm | M= 1.586 | incident=1.0480°
[[  80.0539     -624.9032       -5.7519093 ]
 [ -71.799545    362.60767     -15.720243  ]
 [   0.14749607    0.02500137    0.        ]
 [   0.            0.            0.1496    ]]
Residual vector length: 400, Jacobian shape: (400, 6)
view   0 | SOD= 629.826 mm | SDD= 999.168 mm | M= 1.586 | incident=1.0480°
[[  79.638306   -624.74396      -5.7613373 ]
 [ -71.80871     362.82928     -15.7296715 ]
 [   0.14750636    0.02494066    0.        ]
 [   0.            0.            0.1496    ]]

iter 26 cost=24236.994829 -> 24330.824240 |dtheta|=2.917583e-01  lambda=1.723e+03

============================================================
Iteration 27
============================================================
Theta offsets (Unity frame):
  Source   : dSx=   0.000, dSy=   0.000, dSz=   0.000  (mm)
  Object   : dOx=   0.348, dOy=   4.245, dOz=  15.893  (mm)
  Object offset: offset_x=  13.488, offset_z=  14.722  (mm)
  Detector : dDx=   0.000, dDy=   0.000, dDz=   0.000  (mm)
  Obj Stage rotY :   14.190 deg
============================================================

Unity geometry (world coordinates):
  Source   : x= -10.000, y=  29.997, z=   0.000
  Object   : x=   0.889, y=  24.245, z= 615.893
  Detector : x= -20.002, y=  33.656, z= 959.000
  Obj rotY :  -4.5698 deg

Initial calibration:
  Source   : x=   0.000, y=   0.000, z=   0.000
  Object   : x=   0.000, y=   0.000, z=   0.000
  Detector : x=  25.318, y=   6.310, z=  40.001

After Calibration: 

Unity geometry (world coordinates):
  Source   : x= -10.000, y=  29.997, z=   0.000
  Object   : x=   0.889, y=  24.245, z= 615.893
  Detector : x=   5.316, y=  39.966, z= 999.001
  Obj rotY :  -4.5698 deg
view   0 | SOD= 630.036 mm | SDD= 999.168 mm | M= 1.586 | incident=1.0480°
[[  80.0539     -624.9032       -5.7519093 ]
 [ -71.799545    362.60767     -15.720243  ]
 [   0.14749607    0.02500137    0.        ]
 [   0.            0.            0.1496    ]]
Residual vector length: 400, Jacobian shape: (400, 6)
view   0 | SOD= 629.901 mm | SDD= 999.168 mm | M= 1.586 | incident=1.0480°
[[  79.876945   -624.7892       -5.75725   ]
 [ -71.84938     362.7412      -15.725584  ]
 [   0.1474993     0.02498238    0.        ]
 [   0.            0.            0.1496    ]]

iter 27 cost=24236.994829 -> 24253.651206 |dtheta|=1.680048e-01  lambda=8.614e+03

============================================================
Iteration 28
============================================================
Theta offsets (Unity frame):
  Source   : dSx=   0.000, dSy=   0.000, dSz=   0.000  (mm)
  Object   : dOx=   0.348, dOy=   4.245, dOz=  15.893  (mm)
  Object offset: offset_x=  13.488, offset_z=  14.722  (mm)
  Detector : dDx=   0.000, dDy=   0.000, dDz=   0.000  (mm)
  Obj Stage rotY :   14.190 deg
============================================================

Unity geometry (world coordinates):
  Source   : x= -10.000, y=  29.997, z=   0.000
  Object   : x=   0.889, y=  24.245, z= 615.893
  Detector : x= -20.002, y=  33.656, z= 959.000
  Obj rotY :  -4.5698 deg

Initial calibration:
  Source   : x=   0.000, y=   0.000, z=   0.000
  Object   : x=   0.000, y=   0.000, z=   0.000
  Detector : x=  25.318, y=   6.310, z=  40.001

After Calibration: 

Unity geometry (world coordinates):
  Source   : x= -10.000, y=  29.997, z=   0.000
  Object   : x=   0.889, y=  24.245, z= 615.893
  Detector : x=   5.316, y=  39.966, z= 999.001
  Obj rotY :  -4.5698 deg
view   0 | SOD= 630.036 mm | SDD= 999.168 mm | M= 1.586 | incident=1.0480°
[[  80.0539     -624.9032       -5.7519093 ]
 [ -71.799545    362.60767     -15.720243  ]
 [   0.14749607    0.02500137    0.        ]
 [   0.            0.            0.1496    ]]
Residual vector length: 400, Jacobian shape: (400, 6)
view   0 | SOD= 629.992 mm | SDD= 999.168 mm | M= 1.586 | incident=1.0480°
[[  80.00164    -624.86505      -5.7535896 ]
 [ -71.82007     362.65073     -15.721924  ]
 [   0.14749688    0.02499663    0.        ]
 [   0.            0.            0.1496    ]]

iter 28 cost=24236.994829 -> 24266.856105 |dtheta|=5.424957e-02  lambda=4.307e+04

============================================================
Iteration 29
============================================================
Theta offsets (Unity frame):
  Source   : dSx=   0.000, dSy=   0.000, dSz=   0.000  (mm)
  Object   : dOx=   0.348, dOy=   4.245, dOz=  15.893  (mm)
  Object offset: offset_x=  13.488, offset_z=  14.722  (mm)
  Detector : dDx=   0.000, dDy=   0.000, dDz=   0.000  (mm)
  Obj Stage rotY :   14.190 deg
============================================================

Unity geometry (world coordinates):
  Source   : x= -10.000, y=  29.997, z=   0.000
  Object   : x=   0.889, y=  24.245, z= 615.893
  Detector : x= -20.002, y=  33.656, z= 959.000
  Obj rotY :  -4.5698 deg

Initial calibration:
  Source   : x=   0.000, y=   0.000, z=   0.000
  Object   : x=   0.000, y=   0.000, z=   0.000
  Detector : x=  25.318, y=   6.310, z=  40.001

After Calibration: 

Unity geometry (world coordinates):
  Source   : x= -10.000, y=  29.997, z=   0.000
  Object   : x=   0.889, y=  24.245, z= 615.893
  Detector : x=   5.316, y=  39.966, z= 999.001
  Obj rotY :  -4.5698 deg
view   0 | SOD= 630.036 mm | SDD= 999.168 mm | M= 1.586 | incident=1.0480°
[[  80.0539     -624.9032       -5.7519093 ]
 [ -71.799545    362.60767     -15.720243  ]
 [   0.14749607    0.02500137    0.        ]
 [   0.            0.            0.1496    ]]
Residual vector length: 400, Jacobian shape: (400, 6)
view   0 | SOD= 630.026 mm | SDD= 999.168 mm | M= 1.586 | incident=1.0480°
[[  80.042175   -624.8944       -5.752287  ]
 [ -71.80448     362.6175      -15.720621  ]
 [   0.14749624    0.02500035    0.        ]
 [   0.            0.            0.1496    ]]

iter 29 cost=24236.994829 -> 24209.634953 |dtheta|=1.237422e-02  lambda=2.153e+05

============================================================
Iteration 30
============================================================
Theta offsets (Unity frame):
  Source   : dSx=   0.000, dSy=   0.000, dSz=   0.000  (mm)
  Object   : dOx=   0.348, dOy=   4.245, dOz=  15.893  (mm)
  Object offset: offset_x=  13.494, offset_z=  14.712  (mm)
  Detector : dDx=   0.000, dDy=   0.000, dDz=   0.000  (mm)
  Obj Stage rotY :   14.190 deg
============================================================

Unity geometry (world coordinates):
  Source   : x= -10.000, y=  29.997, z=   0.000
  Object   : x=   0.888, y=  24.245, z= 615.893
  Detector : x= -20.002, y=  33.656, z= 959.000
  Obj rotY :  -4.5698 deg

Initial calibration:
  Source   : x=   0.000, y=   0.000, z=   0.000
  Object   : x=   0.000, y=   0.000, z=   0.000
  Detector : x=  25.318, y=   6.310, z=  40.001

After Calibration: 

Unity geometry (world coordinates):
  Source   : x= -10.000, y=  29.997, z=   0.000
  Object   : x=   0.888, y=  24.245, z= 615.893
  Detector : x=   5.316, y=  39.966, z= 999.001
  Obj rotY :  -4.5698 deg
view   0 | SOD= 630.026 mm | SDD= 999.168 mm | M= 1.586 | incident=1.0480°
[[  80.042175   -624.8944       -5.752287  ]
 [ -71.80448     362.6175      -15.720621  ]
 [   0.14749624    0.02500035    0.        ]
 [   0.            0.            0.1496    ]]
Residual vector length: 400, Jacobian shape: (400, 6)
view   0 | SOD= 630.020 mm | SDD= 999.168 mm | M= 1.586 | incident=1.0480°
[[  80.012634   -624.89233      -5.753586  ]
 [ -71.783035    362.6274      -15.72192   ]
 [   0.14749753    0.02499274    0.        ]
 [   0.            0.            0.1496    ]]

iter 30 cost=24209.634953 -> 24218.355874 |dtheta|=6.513933e-03  lambda=7.178e+04

============================================================
Iteration 31
============================================================
Theta offsets (Unity frame):
  Source   : dSx=   0.000, dSy=   0.000, dSz=   0.000  (mm)
  Object   : dOx=   0.348, dOy=   4.245, dOz=  15.893  (mm)
  Object offset: offset_x=  13.494, offset_z=  14.712  (mm)
  Detector : dDx=   0.000, dDy=   0.000, dDz=   0.000  (mm)
  Obj Stage rotY :   14.190 deg
============================================================

Unity geometry (world coordinates):
  Source   : x= -10.000, y=  29.997, z=   0.000
  Object   : x=   0.888, y=  24.245, z= 615.893
  Detector : x= -20.002, y=  33.656, z= 959.000
  Obj rotY :  -4.5698 deg

Initial calibration:
  Source   : x=   0.000, y=   0.000, z=   0.000
  Object   : x=   0.000, y=   0.000, z=   0.000
  Detector : x=  25.318, y=   6.310, z=  40.001

After Calibration: 

Unity geometry (world coordinates):
  Source   : x= -10.000, y=  29.997, z=   0.000
  Object   : x=   0.888, y=  24.245, z= 615.893
  Detector : x=   5.316, y=  39.966, z= 999.001
  Obj rotY :  -4.5698 deg
view   0 | SOD= 630.026 mm | SDD= 999.168 mm | M= 1.586 | incident=1.0480°
[[  80.042175   -624.8944       -5.752287  ]
 [ -71.80448     362.6175      -15.720621  ]
 [   0.14749624    0.02500035    0.        ]
 [   0.            0.            0.1496    ]]
Residual vector length: 400, Jacobian shape: (400, 6)
view   0 | SOD= 630.025 mm | SDD= 999.168 mm | M= 1.586 | incident=1.0480°
[[  80.03628    -624.8939       -5.7525806 ]
 [ -71.80012     362.6196      -15.720915  ]
 [   0.1474965     0.02499882    0.        ]
 [   0.            0.            0.1496    ]]

iter 31 cost=24209.634953 -> 24218.101722 |dtheta|=1.393733e-03  lambda=3.589e+05

============================================================
Iteration 32
============================================================
Theta offsets (Unity frame):
  Source   : dSx=   0.000, dSy=   0.000, dSz=   0.000  (mm)
  Object   : dOx=   0.348, dOy=   4.245, dOz=  15.893  (mm)
  Object offset: offset_x=  13.494, offset_z=  14.712  (mm)
  Detector : dDx=   0.000, dDy=   0.000, dDz=   0.000  (mm)
  Obj Stage rotY :   14.190 deg
============================================================

Unity geometry (world coordinates):
  Source   : x= -10.000, y=  29.997, z=   0.000
  Object   : x=   0.888, y=  24.245, z= 615.893
  Detector : x= -20.002, y=  33.656, z= 959.000
  Obj rotY :  -4.5698 deg

Initial calibration:
  Source   : x=   0.000, y=   0.000, z=   0.000
  Object   : x=   0.000, y=   0.000, z=   0.000
  Detector : x=  25.318, y=   6.310, z=  40.001

After Calibration: 

Unity geometry (world coordinates):
  Source   : x= -10.000, y=  29.997, z=   0.000
  Object   : x=   0.888, y=  24.245, z= 615.893
  Detector : x=   5.316, y=  39.966, z= 999.001
  Obj rotY :  -4.5698 deg
view   0 | SOD= 630.026 mm | SDD= 999.168 mm | M= 1.586 | incident=1.0480°
[[  80.042175   -624.8944       -5.752287  ]
 [ -71.80448     362.6175      -15.720621  ]
 [   0.14749624    0.02500035    0.        ]
 [   0.            0.            0.1496    ]]
Residual vector length: 400, Jacobian shape: (400, 6)
view   0 | SOD= 630.026 mm | SDD= 999.168 mm | M= 1.586 | incident=1.0480°
[[  80.04006    -624.8942       -5.7523956 ]
 [ -71.8029      362.61823     -15.72073   ]
 [   0.14749634    0.0249998     0.        ]
 [   0.            0.            0.1496    ]]

iter 32 cost=24209.634953 -> 24210.931289 |dtheta|=5.060647e-04  lambda=1.000e+06

============================================================
Iteration 33
============================================================
Theta offsets (Unity frame):
  Source   : dSx=   0.000, dSy=   0.000, dSz=   0.000  (mm)
  Object   : dOx=   0.348, dOy=   4.245, dOz=  15.893  (mm)
  Object offset: offset_x=  13.494, offset_z=  14.712  (mm)
  Detector : dDx=   0.000, dDy=   0.000, dDz=   0.000  (mm)
  Obj Stage rotY :   14.190 deg
============================================================

Unity geometry (world coordinates):
  Source   : x= -10.000, y=  29.997, z=   0.000
  Object   : x=   0.888, y=  24.245, z= 615.893
  Detector : x= -20.002, y=  33.656, z= 959.000
  Obj rotY :  -4.5698 deg

Initial calibration:
  Source   : x=   0.000, y=   0.000, z=   0.000
  Object   : x=   0.000, y=   0.000, z=   0.000
  Detector : x=  25.318, y=   6.310, z=  40.001

After Calibration: 

Unity geometry (world coordinates):
  Source   : x= -10.000, y=  29.997, z=   0.000
  Object   : x=   0.888, y=  24.245, z= 615.893
  Detector : x=   5.316, y=  39.966, z= 999.001
  Obj rotY :  -4.5698 deg
view   0 | SOD= 630.026 mm | SDD= 999.168 mm | M= 1.586 | incident=1.0480°
[[  80.042175   -624.8944       -5.752287  ]
 [ -71.80448     362.6175      -15.720621  ]
 [   0.14749624    0.02500035    0.        ]
 [   0.            0.            0.1496    ]]
Residual vector length: 400, Jacobian shape: (400, 6)
view   0 | SOD= 630.026 mm | SDD= 999.168 mm | M= 1.586 | incident=1.0480°
[[  80.04006    -624.8942       -5.7523956 ]
 [ -71.8029      362.61823     -15.72073   ]
 [   0.14749634    0.0249998     0.        ]
 [   0.            0.            0.1496    ]]

iter 33 cost=24209.634953 -> 24210.931289 |dtheta|=5.060647e-04  lambda=1.000e+06

============================================================
Iteration 34
============================================================
Theta offsets (Unity frame):
  Source   : dSx=   0.000, dSy=   0.000, dSz=   0.000  (mm)
  Object   : dOx=   0.348, dOy=   4.245, dOz=  15.893  (mm)
  Object offset: offset_x=  13.494, offset_z=  14.712  (mm)
  Detector : dDx=   0.000, dDy=   0.000, dDz=   0.000  (mm)
  Obj Stage rotY :   14.190 deg
============================================================

Unity geometry (world coordinates):
  Source   : x= -10.000, y=  29.997, z=   0.000
  Object   : x=   0.888, y=  24.245, z= 615.893
  Detector : x= -20.002, y=  33.656, z= 959.000
  Obj rotY :  -4.5698 deg

Initial calibration:
  Source   : x=   0.000, y=   0.000, z=   0.000
  Object   : x=   0.000, y=   0.000, z=   0.000
  Detector : x=  25.318, y=   6.310, z=  40.001

After Calibration: 

Unity geometry (world coordinates):
  Source   : x= -10.000, y=  29.997, z=   0.000
  Object   : x=   0.888, y=  24.245, z= 615.893
  Detector : x=   5.316, y=  39.966, z= 999.001
  Obj rotY :  -4.5698 deg
view   0 | SOD= 630.026 mm | SDD= 999.168 mm | M= 1.586 | incident=1.0480°
[[  80.042175   -624.8944       -5.752287  ]
 [ -71.80448     362.6175      -15.720621  ]
 [   0.14749624    0.02500035    0.        ]
 [   0.            0.            0.1496    ]]
Residual vector length: 400, Jacobian shape: (400, 6)
view   0 | SOD= 630.026 mm | SDD= 999.168 mm | M= 1.586 | incident=1.0480°
[[  80.04006    -624.8942       -5.7523956 ]
 [ -71.8029      362.61823     -15.72073   ]
 [   0.14749634    0.0249998     0.        ]
 [   0.            0.            0.1496    ]]

iter 34 cost=24209.634953 -> 24210.931289 |dtheta|=5.060647e-04  lambda=1.000e+06

============================================================
Iteration 35
============================================================
Theta offsets (Unity frame):
  Source   : dSx=   0.000, dSy=   0.000, dSz=   0.000  (mm)
  Object   : dOx=   0.348, dOy=   4.245, dOz=  15.893  (mm)
  Object offset: offset_x=  13.494, offset_z=  14.712  (mm)
  Detector : dDx=   0.000, dDy=   0.000, dDz=   0.000  (mm)
  Obj Stage rotY :   14.190 deg
============================================================

Unity geometry (world coordinates):
  Source   : x= -10.000, y=  29.997, z=   0.000
  Object   : x=   0.888, y=  24.245, z= 615.893
  Detector : x= -20.002, y=  33.656, z= 959.000
  Obj rotY :  -4.5698 deg

Initial calibration:
  Source   : x=   0.000, y=   0.000, z=   0.000
  Object   : x=   0.000, y=   0.000, z=   0.000
  Detector : x=  25.318, y=   6.310, z=  40.001

After Calibration: 

Unity geometry (world coordinates):
  Source   : x= -10.000, y=  29.997, z=   0.000
  Object   : x=   0.888, y=  24.245, z= 615.893
  Detector : x=   5.316, y=  39.966, z= 999.001
  Obj rotY :  -4.5698 deg
view   0 | SOD= 630.026 mm | SDD= 999.168 mm | M= 1.586 | incident=1.0480°
[[  80.042175   -624.8944       -5.752287  ]
 [ -71.80448     362.6175      -15.720621  ]
 [   0.14749624    0.02500035    0.        ]
 [   0.            0.            0.1496    ]]
Residual vector length: 400, Jacobian shape: (400, 6)
view   0 | SOD= 630.026 mm | SDD= 999.168 mm | M= 1.586 | incident=1.0480°
[[  80.04006    -624.8942       -5.7523956 ]
 [ -71.8029      362.61823     -15.72073   ]
 [   0.14749634    0.0249998     0.        ]
 [   0.            0.            0.1496    ]]

iter 35 cost=24209.634953 -> 24210.931289 |dtheta|=5.060647e-04  lambda=1.000e+06

============================================================
Iteration 36
============================================================
Theta offsets (Unity frame):
  Source   : dSx=   0.000, dSy=   0.000, dSz=   0.000  (mm)
  Object   : dOx=   0.348, dOy=   4.245, dOz=  15.893  (mm)
  Object offset: offset_x=  13.494, offset_z=  14.712  (mm)
  Detector : dDx=   0.000, dDy=   0.000, dDz=   0.000  (mm)
  Obj Stage rotY :   14.190 deg
============================================================

Unity geometry (world coordinates):
  Source   : x= -10.000, y=  29.997, z=   0.000
  Object   : x=   0.888, y=  24.245, z= 615.893
  Detector : x= -20.002, y=  33.656, z= 959.000
  Obj rotY :  -4.5698 deg

Initial calibration:
  Source   : x=   0.000, y=   0.000, z=   0.000
  Object   : x=   0.000, y=   0.000, z=   0.000
  Detector : x=  25.318, y=   6.310, z=  40.001

After Calibration: 

Unity geometry (world coordinates):
  Source   : x= -10.000, y=  29.997, z=   0.000
  Object   : x=   0.888, y=  24.245, z= 615.893
  Detector : x=   5.316, y=  39.966, z= 999.001
  Obj rotY :  -4.5698 deg
view   0 | SOD= 630.026 mm | SDD= 999.168 mm | M= 1.586 | incident=1.0480°
[[  80.042175   -624.8944       -5.752287  ]
 [ -71.80448     362.6175      -15.720621  ]
 [   0.14749624    0.02500035    0.        ]
 [   0.            0.            0.1496    ]]
Residual vector length: 400, Jacobian shape: (400, 6)
view   0 | SOD= 630.026 mm | SDD= 999.168 mm | M= 1.586 | incident=1.0480°
[[  80.04006    -624.8942       -5.7523956 ]
 [ -71.8029      362.61823     -15.72073   ]
 [   0.14749634    0.0249998     0.        ]
 [   0.            0.            0.1496    ]]

iter 36 cost=24209.634953 -> 24210.931289 |dtheta|=5.060647e-04  lambda=1.000e+06

============================================================
Iteration 37
============================================================
Theta offsets (Unity frame):
  Source   : dSx=   0.000, dSy=   0.000, dSz=   0.000  (mm)
  Object   : dOx=   0.348, dOy=   4.245, dOz=  15.893  (mm)
  Object offset: offset_x=  13.494, offset_z=  14.712  (mm)
  Detector : dDx=   0.000, dDy=   0.000, dDz=   0.000  (mm)
  Obj Stage rotY :   14.190 deg
============================================================

Unity geometry (world coordinates):
  Source   : x= -10.000, y=  29.997, z=   0.000
  Object   : x=   0.888, y=  24.245, z= 615.893
  Detector : x= -20.002, y=  33.656, z= 959.000
  Obj rotY :  -4.5698 deg

Initial calibration:
  Source   : x=   0.000, y=   0.000, z=   0.000
  Object   : x=   0.000, y=   0.000, z=   0.000
  Detector : x=  25.318, y=   6.310, z=  40.001

After Calibration: 

Unity geometry (world coordinates):
  Source   : x= -10.000, y=  29.997, z=   0.000
  Object   : x=   0.888, y=  24.245, z= 615.893
  Detector : x=   5.316, y=  39.966, z= 999.001
  Obj rotY :  -4.5698 deg
view   0 | SOD= 630.026 mm | SDD= 999.168 mm | M= 1.586 | incident=1.0480°
[[  80.042175   -624.8944       -5.752287  ]
 [ -71.80448     362.6175      -15.720621  ]
 [   0.14749624    0.02500035    0.        ]
 [   0.            0.            0.1496    ]]
Residual vector length: 400, Jacobian shape: (400, 6)
view   0 | SOD= 630.026 mm | SDD= 999.168 mm | M= 1.586 | incident=1.0480°
[[  80.04006    -624.8942       -5.7523956 ]
 [ -71.8029      362.61823     -15.72073   ]
 [   0.14749634    0.0249998     0.        ]
 [   0.            0.            0.1496    ]]

iter 37 cost=24209.634953 -> 24210.931289 |dtheta|=5.060647e-04  lambda=1.000e+06

============================================================
Iteration 38
============================================================
Theta offsets (Unity frame):
  Source   : dSx=   0.000, dSy=   0.000, dSz=   0.000  (mm)
  Object   : dOx=   0.348, dOy=   4.245, dOz=  15.893  (mm)
  Object offset: offset_x=  13.494, offset_z=  14.712  (mm)
  Detector : dDx=   0.000, dDy=   0.000, dDz=   0.000  (mm)
  Obj Stage rotY :   14.190 deg
============================================================

Unity geometry (world coordinates):
  Source   : x= -10.000, y=  29.997, z=   0.000
  Object   : x=   0.888, y=  24.245, z= 615.893
  Detector : x= -20.002, y=  33.656, z= 959.000
  Obj rotY :  -4.5698 deg

Initial calibration:
  Source   : x=   0.000, y=   0.000, z=   0.000
  Object   : x=   0.000, y=   0.000, z=   0.000
  Detector : x=  25.318, y=   6.310, z=  40.001

After Calibration: 

Unity geometry (world coordinates):
  Source   : x= -10.000, y=  29.997, z=   0.000
  Object   : x=   0.888, y=  24.245, z= 615.893
  Detector : x=   5.316, y=  39.966, z= 999.001
  Obj rotY :  -4.5698 deg
view   0 | SOD= 630.026 mm | SDD= 999.168 mm | M= 1.586 | incident=1.0480°
[[  80.042175   -624.8944       -5.752287  ]
 [ -71.80448     362.6175      -15.720621  ]
 [   0.14749624    0.02500035    0.        ]
 [   0.            0.            0.1496    ]]
Residual vector length: 400, Jacobian shape: (400, 6)
view   0 | SOD= 630.026 mm | SDD= 999.168 mm | M= 1.586 | incident=1.0480°
[[  80.04006    -624.8942       -5.7523956 ]
 [ -71.8029      362.61823     -15.72073   ]
 [   0.14749634    0.0249998     0.        ]
 [   0.            0.            0.1496    ]]

iter 38 cost=24209.634953 -> 24210.931289 |dtheta|=5.060647e-04  lambda=1.000e+06
Stalled.

Estimated theta:
  dSx: +0.000000
  dSy: +0.000000
  dOx: +0.347906
  dOy: +4.245080
  dOz: +15.893332
  dDx: +0.000000
  dDy: +0.000000
  dDz: +0.000000
alpha: +1.418992e+01 deg)
offset_x: +13.494281
offset_z: +14.711622

Final cost table:
Final estimated theta: [ 0.          0.          0.34790564  4.24508031 15.89333164  0.
  0.          0.         14.18992407 13.49428099 14.71162194]
################################################################################

