
################################################################################
Running scenario=Scan11 Projections=360 Used=40, K=5

============================================================
Iteration 0
============================================================
Theta offsets (Unity frame):
  Source   : dSx=   0.000, dSy=   0.000, dSz=   0.000  (mm)
  Object   : dOx=   0.000, dOy=   0.000, dOz=   0.000  (mm)
  Object offset: offset_x=   0.000, offset_z=   0.000  (mm)
  Detector : dDx=   0.000, dDy=   0.000, dDz=   0.000  (mm)
  Obj Stage rotY :    0.000 deg
============================================================

Unity geometry (world coordinates):
  Source   : x=   0.000, y=  29.997, z=   0.000
  Object   : x=   0.541, y=  20.000, z= 600.000
  Detector : x=  -6.002, y=  33.656, z= 959.000
  Obj rotY :  -4.5698 deg

Initial calibration:
  Source   : x=   0.000, y=   0.000, z=   0.000
  Object   : x=   0.000, y=   0.000, z=   0.000
  Detector : x=  25.318, y=   6.310, z=  40.001

After Calibration: 

Unity geometry (world coordinates):
  Source   : x=   0.000, y=  29.997, z=   0.000
  Object   : x=   0.541, y=  20.000, z= 600.000
  Detector : x=  19.316, y=  39.966, z= 999.001
  Obj rotY :  -4.5698 deg
view   0 | SOD= 600.084 mm | SDD= 999.237 mm | M= 1.665 | incident=1.2464°
[[ -48.342674   -598.04956      -9.997368  ]
 [  50.50566     396.23645     -19.965702  ]
 [   0.14912441   -0.01191922    0.        ]
 [   0.            0.            0.1496    ]]
Residual vector length: 800, Jacobian shape: (800, 6)
view   0 | SOD= 629.699 mm | SDD= 999.237 mm | M= 1.587 | incident=1.2464°
[[ -45.27627    -628.04236      -5.8228207 ]
 [  28.153934    368.44333     -15.791155  ]
 [   0.14938012   -0.00810792    0.        ]
 [   0.            0.            0.1496    ]]
/vol/home/s3777103/Documents/workspace/Thesis/AutoCalibration/gauss_newton_real.py:300: FutureWarning: The behavior of DataFrame concatenation with empty or all-NA entries is deprecated. In a future version, this will no longer exclude empty or all-NA columns when determining the result dtypes. To retain the old behavior, exclude the relevant entries before the concat operation.
  df_r0 = pd.concat([df_r0, df_iter], ignore_index=True)

iter 00 cost=2556029.854227 -> 225867.651597 |dtheta|=2.482441e+01  lambda=1.000e-02

============================================================
Iteration 1
============================================================
Theta offsets (Unity frame):
  Source   : dSx=   0.000, dSy=   0.000, dSz=   0.000  (mm)
  Object   : dOx=   0.220, dOy=   4.175, dOz=  19.834  (mm)
  Object offset: offset_x=   9.602, offset_z=  10.538  (mm)
  Detector : dDx=   0.000, dDy=   0.000, dDz=   0.000  (mm)
  Obj Stage rotY :    1.463 deg
============================================================

Unity geometry (world coordinates):
  Source   : x=   0.000, y=  29.997, z=   0.000
  Object   : x=   0.760, y=  24.175, z= 619.834
  Detector : x=  -6.002, y=  33.656, z= 959.000
  Obj rotY :  -4.5698 deg

Initial calibration:
  Source   : x=   0.000, y=   0.000, z=   0.000
  Object   : x=   0.000, y=   0.000, z=   0.000
  Detector : x=  25.318, y=   6.310, z=  40.001

After Calibration: 

Unity geometry (world coordinates):
  Source   : x=   0.000, y=  29.997, z=   0.000
  Object   : x=   0.760, y=  24.175, z= 619.834
  Detector : x=  19.316, y=  39.966, z= 999.001
  Obj rotY :  -4.5698 deg
view   0 | SOD= 629.699 mm | SDD= 999.237 mm | M= 1.587 | incident=1.2464°
[[ -45.27627    -628.04236      -5.8228207 ]
 [  28.153934    368.44333     -15.791155  ]
 [   0.14938012   -0.00810792    0.        ]
 [   0.            0.            0.1496    ]]
Residual vector length: 800, Jacobian shape: (800, 6)
view   0 | SOD= 629.508 mm | SDD= 999.237 mm | M= 1.587 | incident=1.2464°
[[ -14.670317   -629.31085      -5.712082  ]
 [   5.5906262   369.6712      -15.680416  ]
 [   0.14959994   -0.00014159    0.        ]
 [   0.            0.            0.1496    ]]

iter 01 cost=225867.651597 -> 52989.758248 |dtheta|=5.731160e+00  lambda=3.333e-03

============================================================
Iteration 2
============================================================
Theta offsets (Unity frame):
  Source   : dSx=   0.000, dSy=   0.000, dSz=   0.000  (mm)
  Object   : dOx=  -0.101, dOy=   4.285, dOz=  17.161  (mm)
  Object offset: offset_x=  12.623, offset_z=  13.211  (mm)
  Detector : dDx=   0.000, dDy=   0.000, dDz=   0.000  (mm)
  Obj Stage rotY :    4.516 deg
============================================================

Unity geometry (world coordinates):
  Source   : x=   0.000, y=  29.997, z=   0.000
  Object   : x=   0.440, y=  24.285, z= 617.161
  Detector : x=  -6.002, y=  33.656, z= 959.000
  Obj rotY :  -4.5698 deg

Initial calibration:
  Source   : x=   0.000, y=   0.000, z=   0.000
  Object   : x=   0.000, y=   0.000, z=   0.000
  Detector : x=  25.318, y=   6.310, z=  40.001

After Calibration: 

Unity geometry (world coordinates):
  Source   : x=   0.000, y=  29.997, z=   0.000
  Object   : x=   0.440, y=  24.285, z= 617.161
  Detector : x=  19.316, y=  39.966, z= 999.001
  Obj rotY :  -4.5698 deg
view   0 | SOD= 629.508 mm | SDD= 999.237 mm | M= 1.587 | incident=1.2464°
[[ -14.670317   -629.31085      -5.712082  ]
 [   5.5906262   369.6712      -15.680416  ]
 [   0.14959994   -0.00014159    0.        ]
 [   0.            0.            0.1496    ]]
Residual vector length: 800, Jacobian shape: (800, 6)
view   0 | SOD= 628.450 mm | SDD= 999.237 mm | M= 1.590 | incident=1.2464°
[[  -9.219772   -628.35645      -5.6997967 ]
 [   0.82430804  370.78058     -15.668131  ]
 [   0.14959356    0.00138826    0.        ]
 [   0.            0.            0.1496    ]]

iter 02 cost=52989.758248 -> 40286.314699 |dtheta|=2.054862e+00  lambda=1.111e-03

============================================================
Iteration 3
============================================================
Theta offsets (Unity frame):
  Source   : dSx=   0.000, dSy=   0.000, dSz=   0.000  (mm)
  Object   : dOx=  -0.046, dOy=   4.298, dOz=  15.515  (mm)
  Object offset: offset_x=  13.495, offset_z=  13.848  (mm)
  Detector : dDx=   0.000, dDy=   0.000, dDz=   0.000  (mm)
  Obj Stage rotY :    5.102 deg
============================================================

Unity geometry (world coordinates):
  Source   : x=   0.000, y=  29.997, z=   0.000
  Object   : x=   0.495, y=  24.298, z= 615.515
  Detector : x=  -6.002, y=  33.656, z= 959.000
  Obj rotY :  -4.5698 deg

Initial calibration:
  Source   : x=   0.000, y=   0.000, z=   0.000
  Object   : x=   0.000, y=   0.000, z=   0.000
  Detector : x=  25.318, y=   6.310, z=  40.001

After Calibration: 

Unity geometry (world coordinates):
  Source   : x=   0.000, y=  29.997, z=   0.000
  Object   : x=   0.495, y=  24.298, z= 615.515
  Detector : x=  19.316, y=  39.966, z= 999.001
  Obj rotY :  -4.5698 deg
view   0 | SOD= 628.450 mm | SDD= 999.237 mm | M= 1.590 | incident=1.2464°
[[  -9.219772   -628.35645      -5.6997967 ]
 [   0.82430804  370.78058     -15.668131  ]
 [   0.14959356    0.00138826    0.        ]
 [   0.            0.            0.1496    ]]
Residual vector length: 800, Jacobian shape: (800, 6)
view   0 | SOD= 626.682 mm | SDD= 999.237 mm | M= 1.594 | incident=1.2464°
[[   4.1707683  -626.64185      -5.6868687 ]
 [  -7.3563275   372.47916     -15.655203  ]
 [   0.14952873    0.00461728    0.        ]
 [   0.            0.            0.1496    ]]

iter 03 cost=40286.314699 -> 38194.881792 |dtheta|=2.321411e+00  lambda=3.704e-04

============================================================
Iteration 4
============================================================
Theta offsets (Unity frame):
  Source   : dSx=   0.000, dSy=   0.000, dSz=   0.000  (mm)
  Object   : dOx=  -0.083, dOy=   4.310, dOz=  13.566  (mm)
  Object offset: offset_x=  13.640, offset_z=  14.038  (mm)
  Detector : dDx=   0.000, dDy=   0.000, dDz=   0.000  (mm)
  Obj Stage rotY :    6.338 deg
============================================================

Unity geometry (world coordinates):
  Source   : x=   0.000, y=  29.997, z=   0.000
  Object   : x=   0.458, y=  24.310, z= 613.566
  Detector : x=  -6.002, y=  33.656, z= 959.000
  Obj rotY :  -4.5698 deg

Initial calibration:
  Source   : x=   0.000, y=   0.000, z=   0.000
  Object   : x=   0.000, y=   0.000, z=   0.000
  Detector : x=  25.318, y=   6.310, z=  40.001

After Calibration: 

Unity geometry (world coordinates):
  Source   : x=   0.000, y=  29.997, z=   0.000
  Object   : x=   0.458, y=  24.310, z= 613.566
  Detector : x=  19.316, y=  39.966, z= 999.001
  Obj rotY :  -4.5698 deg
view   0 | SOD= 626.682 mm | SDD= 999.237 mm | M= 1.594 | incident=1.2464°
[[   4.1707683  -626.64185      -5.6868687 ]
 [  -7.3563275   372.47916     -15.655203  ]
 [   0.14952873    0.00461728    0.        ]
 [   0.            0.            0.1496    ]]
Residual vector length: 800, Jacobian shape: (800, 6)
view   0 | SOD= 629.269 mm | SDD= 999.237 mm | M= 1.588 | incident=1.2464°
[[  19.03966    -628.9552       -5.7008305 ]
 [ -16.183691    369.61124     -15.669165  ]
 [   0.14937714    0.00816285    0.        ]
 [   0.            0.            0.1496    ]]

iter 04 cost=38194.881792 -> 37061.204917 |dtheta|=2.861081e+00  lambda=1.235e-04

============================================================
Iteration 5
============================================================
Theta offsets (Unity frame):
  Source   : dSx=   0.000, dSy=   0.000, dSz=   0.000  (mm)
  Object   : dOx=  -0.072, dOy=   4.297, dOz=  16.079  (mm)
  Object offset: offset_x=  13.758, offset_z=  14.119  (mm)
  Detector : dDx=   0.000, dDy=   0.000, dDz=   0.000  (mm)
  Obj Stage rotY :    7.698 deg
============================================================

Unity geometry (world coordinates):
  Source   : x=   0.000, y=  29.997, z=   0.000
  Object   : x=   0.469, y=  24.297, z= 616.079
  Detector : x=  -6.002, y=  33.656, z= 959.000
  Obj rotY :  -4.5698 deg

Initial calibration:
  Source   : x=   0.000, y=   0.000, z=   0.000
  Object   : x=   0.000, y=   0.000, z=   0.000
  Detector : x=  25.318, y=   6.310, z=  40.001

After Calibration: 

Unity geometry (world coordinates):
  Source   : x=   0.000, y=  29.997, z=   0.000
  Object   : x=   0.469, y=  24.297, z= 616.079
  Detector : x=  19.316, y=  39.966, z= 999.001
  Obj rotY :  -4.5698 deg
view   0 | SOD= 629.269 mm | SDD= 999.237 mm | M= 1.588 | incident=1.2464°
[[  19.03966    -628.9552       -5.7008305 ]
 [ -16.183691    369.61124     -15.669165  ]
 [   0.14937714    0.00816285    0.        ]
 [   0.            0.            0.1496    ]]
Residual vector length: 800, Jacobian shape: (800, 6)
view   0 | SOD= 628.278 mm | SDD= 999.237 mm | M= 1.590 | incident=1.2464°
[[  35.43456    -627.2517       -5.702429  ]
 [ -26.097456    370.03934     -15.670763  ]
 [   0.14911006    0.0120974     0.        ]
 [   0.            0.            0.1496    ]]

iter 05 cost=37061.204917 -> 36578.493642 |dtheta|=1.775648e+00  lambda=4.115e-05

============================================================
Iteration 6
============================================================
Theta offsets (Unity frame):
  Source   : dSx=   0.000, dSy=   0.000, dSz=   0.000  (mm)
  Object   : dOx=  -0.077, dOy=   4.295, dOz=  15.154  (mm)
  Object offset: offset_x=  13.865, offset_z=  14.058  (mm)
  Detector : dDx=   0.000, dDy=   0.000, dDz=   0.000  (mm)
  Obj Stage rotY :    9.208 deg
============================================================

Unity geometry (world coordinates):
  Source   : x=   0.000, y=  29.997, z=   0.000
  Object   : x=   0.464, y=  24.295, z= 615.154
  Detector : x=  -6.002, y=  33.656, z= 959.000
  Obj rotY :  -4.5698 deg

Initial calibration:
  Source   : x=   0.000, y=   0.000, z=   0.000
  Object   : x=   0.000, y=   0.000, z=   0.000
  Detector : x=  25.318, y=   6.310, z=  40.001

After Calibration: 

Unity geometry (world coordinates):
  Source   : x=   0.000, y=  29.997, z=   0.000
  Object   : x=   0.464, y=  24.295, z= 615.154
  Detector : x=  19.316, y=  39.966, z= 999.001
  Obj rotY :  -4.5698 deg
view   0 | SOD= 628.278 mm | SDD= 999.237 mm | M= 1.590 | incident=1.2464°
[[  35.43456    -627.2517       -5.702429  ]
 [ -26.097456    370.03934     -15.670763  ]
 [   0.14911006    0.0120974     0.        ]
 [   0.            0.            0.1496    ]]
Residual vector length: 800, Jacobian shape: (800, 6)
view   0 | SOD= 627.012 mm | SDD= 999.237 mm | M= 1.594 | incident=1.2464°
[[  25.876717   -626.4515       -5.694065  ]
 [ -20.568752    371.656       -15.662399  ]
 [   0.14927594    0.0098414     0.        ]
 [   0.            0.            0.1496    ]]

iter 06 cost=36578.493642 -> 36829.061556 |dtheta|=1.522053e+00  lambda=1.372e-05

============================================================
Iteration 7
============================================================
Theta offsets (Unity frame):
  Source   : dSx=   0.000, dSy=   0.000, dSz=   0.000  (mm)
  Object   : dOx=  -0.077, dOy=   4.295, dOz=  15.154  (mm)
  Object offset: offset_x=  13.865, offset_z=  14.058  (mm)
  Detector : dDx=   0.000, dDy=   0.000, dDz=   0.000  (mm)
  Obj Stage rotY :    9.208 deg
============================================================

Unity geometry (world coordinates):
  Source   : x=   0.000, y=  29.997, z=   0.000
  Object   : x=   0.464, y=  24.295, z= 615.154
  Detector : x=  -6.002, y=  33.656, z= 959.000
  Obj rotY :  -4.5698 deg

Initial calibration:
  Source   : x=   0.000, y=   0.000, z=   0.000
  Object   : x=   0.000, y=   0.000, z=   0.000
  Detector : x=  25.318, y=   6.310, z=  40.001

After Calibration: 

Unity geometry (world coordinates):
  Source   : x=   0.000, y=  29.997, z=   0.000
  Object   : x=   0.464, y=  24.295, z= 615.154
  Detector : x=  19.316, y=  39.966, z= 999.001
  Obj rotY :  -4.5698 deg
view   0 | SOD= 628.278 mm | SDD= 999.237 mm | M= 1.590 | incident=1.2464°
[[  35.43456    -627.2517       -5.702429  ]
 [ -26.097456    370.03934     -15.670763  ]
 [   0.14911006    0.0120974     0.        ]
 [   0.            0.            0.1496    ]]
Residual vector length: 800, Jacobian shape: (800, 6)
view   0 | SOD= 627.012 mm | SDD= 999.237 mm | M= 1.594 | incident=1.2464°
[[  25.876717   -626.4515       -5.694065  ]
 [ -20.568752    371.656       -15.662399  ]
 [   0.14927594    0.0098414     0.        ]
 [   0.            0.            0.1496    ]]

iter 07 cost=36578.493642 -> 36829.061556 |dtheta|=1.522052e+00  lambda=6.859e-05

============================================================
Iteration 8
============================================================
Theta offsets (Unity frame):
  Source   : dSx=   0.000, dSy=   0.000, dSz=   0.000  (mm)
  Object   : dOx=  -0.077, dOy=   4.295, dOz=  15.154  (mm)
  Object offset: offset_x=  13.865, offset_z=  14.058  (mm)
  Detector : dDx=   0.000, dDy=   0.000, dDz=   0.000  (mm)
  Obj Stage rotY :    9.208 deg
============================================================

Unity geometry (world coordinates):
  Source   : x=   0.000, y=  29.997, z=   0.000
  Object   : x=   0.464, y=  24.295, z= 615.154
  Detector : x=  -6.002, y=  33.656, z= 959.000
  Obj rotY :  -4.5698 deg

Initial calibration:
  Source   : x=   0.000, y=   0.000, z=   0.000
  Object   : x=   0.000, y=   0.000, z=   0.000
  Detector : x=  25.318, y=   6.310, z=  40.001

After Calibration: 

Unity geometry (world coordinates):
  Source   : x=   0.000, y=  29.997, z=   0.000
  Object   : x=   0.464, y=  24.295, z= 615.154
  Detector : x=  19.316, y=  39.966, z= 999.001
  Obj rotY :  -4.5698 deg
view   0 | SOD= 628.278 mm | SDD= 999.237 mm | M= 1.590 | incident=1.2464°
[[  35.43456    -627.2517       -5.702429  ]
 [ -26.097456    370.03934     -15.670763  ]
 [   0.14911006    0.0120974     0.        ]
 [   0.            0.            0.1496    ]]
Residual vector length: 800, Jacobian shape: (800, 6)
view   0 | SOD= 627.012 mm | SDD= 999.237 mm | M= 1.594 | incident=1.2464°
[[  25.87672    -626.4515       -5.694065  ]
 [ -20.568756    371.656       -15.662399  ]
 [   0.14927594    0.00984141    0.        ]
 [   0.            0.            0.1496    ]]

iter 08 cost=36578.493642 -> 36829.061556 |dtheta|=1.522049e+00  lambda=3.429e-04

============================================================
Iteration 9
============================================================
Theta offsets (Unity frame):
  Source   : dSx=   0.000, dSy=   0.000, dSz=   0.000  (mm)
  Object   : dOx=  -0.077, dOy=   4.295, dOz=  15.154  (mm)
  Object offset: offset_x=  13.865, offset_z=  14.058  (mm)
  Detector : dDx=   0.000, dDy=   0.000, dDz=   0.000  (mm)
  Obj Stage rotY :    9.208 deg
============================================================

Unity geometry (world coordinates):
  Source   : x=   0.000, y=  29.997, z=   0.000
  Object   : x=   0.464, y=  24.295, z= 615.154
  Detector : x=  -6.002, y=  33.656, z= 959.000
  Obj rotY :  -4.5698 deg

Initial calibration:
  Source   : x=   0.000, y=   0.000, z=   0.000
  Object   : x=   0.000, y=   0.000, z=   0.000
  Detector : x=  25.318, y=   6.310, z=  40.001

After Calibration: 

Unity geometry (world coordinates):
  Source   : x=   0.000, y=  29.997, z=   0.000
  Object   : x=   0.464, y=  24.295, z= 615.154
  Detector : x=  19.316, y=  39.966, z= 999.001
  Obj rotY :  -4.5698 deg
view   0 | SOD= 628.278 mm | SDD= 999.237 mm | M= 1.590 | incident=1.2464°
[[  35.43456    -627.2517       -5.702429  ]
 [ -26.097456    370.03934     -15.670763  ]
 [   0.14911006    0.0120974     0.        ]
 [   0.            0.            0.1496    ]]
Residual vector length: 800, Jacobian shape: (800, 6)
view   0 | SOD= 627.012 mm | SDD= 999.237 mm | M= 1.594 | incident=1.2464°
[[  25.876741   -626.4515       -5.694065  ]
 [ -20.568768    371.656       -15.662399  ]
 [   0.14927594    0.00984141    0.        ]
 [   0.            0.            0.1496    ]]

iter 09 cost=36578.493642 -> 36829.586475 |dtheta|=1.522035e+00  lambda=1.715e-03

============================================================
Iteration 10
============================================================
Theta offsets (Unity frame):
  Source   : dSx=   0.000, dSy=   0.000, dSz=   0.000  (mm)
  Object   : dOx=  -0.077, dOy=   4.295, dOz=  15.154  (mm)
  Object offset: offset_x=  13.865, offset_z=  14.058  (mm)
  Detector : dDx=   0.000, dDy=   0.000, dDz=   0.000  (mm)
  Obj Stage rotY :    9.208 deg
============================================================

Unity geometry (world coordinates):
  Source   : x=   0.000, y=  29.997, z=   0.000
  Object   : x=   0.464, y=  24.295, z= 615.154
  Detector : x=  -6.002, y=  33.656, z= 959.000
  Obj rotY :  -4.5698 deg

Initial calibration:
  Source   : x=   0.000, y=   0.000, z=   0.000
  Object   : x=   0.000, y=   0.000, z=   0.000
  Detector : x=  25.318, y=   6.310, z=  40.001

After Calibration: 

Unity geometry (world coordinates):
  Source   : x=   0.000, y=  29.997, z=   0.000
  Object   : x=   0.464, y=  24.295, z= 615.154
  Detector : x=  19.316, y=  39.966, z= 999.001
  Obj rotY :  -4.5698 deg
view   0 | SOD= 628.278 mm | SDD= 999.237 mm | M= 1.590 | incident=1.2464°
[[  35.43456    -627.2517       -5.702429  ]
 [ -26.097456    370.03934     -15.670763  ]
 [   0.14911006    0.0120974     0.        ]
 [   0.            0.            0.1496    ]]
Residual vector length: 800, Jacobian shape: (800, 6)
view   0 | SOD= 627.012 mm | SDD= 999.237 mm | M= 1.594 | incident=1.2464°
[[  25.876854   -626.4516       -5.694065  ]
 [ -20.568825    371.65588     -15.662399  ]
 [   0.14927594    0.00984144    0.        ]
 [   0.            0.            0.1496    ]]

iter 10 cost=36578.493642 -> 36828.865999 |dtheta|=1.521967e+00  lambda=8.573e-03

============================================================
Iteration 11
============================================================
Theta offsets (Unity frame):
  Source   : dSx=   0.000, dSy=   0.000, dSz=   0.000  (mm)
  Object   : dOx=  -0.077, dOy=   4.295, dOz=  15.154  (mm)
  Object offset: offset_x=  13.865, offset_z=  14.058  (mm)
  Detector : dDx=   0.000, dDy=   0.000, dDz=   0.000  (mm)
  Obj Stage rotY :    9.208 deg
============================================================

Unity geometry (world coordinates):
  Source   : x=   0.000, y=  29.997, z=   0.000
  Object   : x=   0.464, y=  24.295, z= 615.154
  Detector : x=  -6.002, y=  33.656, z= 959.000
  Obj rotY :  -4.5698 deg

Initial calibration:
  Source   : x=   0.000, y=   0.000, z=   0.000
  Object   : x=   0.000, y=   0.000, z=   0.000
  Detector : x=  25.318, y=   6.310, z=  40.001

After Calibration: 

Unity geometry (world coordinates):
  Source   : x=   0.000, y=  29.997, z=   0.000
  Object   : x=   0.464, y=  24.295, z= 615.154
  Detector : x=  19.316, y=  39.966, z= 999.001
  Obj rotY :  -4.5698 deg
view   0 | SOD= 628.278 mm | SDD= 999.237 mm | M= 1.590 | incident=1.2464°
[[  35.43456    -627.2517       -5.702429  ]
 [ -26.097456    370.03934     -15.670763  ]
 [   0.14911006    0.0120974     0.        ]
 [   0.            0.            0.1496    ]]
Residual vector length: 800, Jacobian shape: (800, 6)
view   0 | SOD= 627.012 mm | SDD= 999.237 mm | M= 1.594 | incident=1.2464°
[[  25.877401   -626.4519       -5.694069  ]
 [ -20.569126    371.6555      -15.662403  ]
 [   0.14927593    0.00984156    0.        ]
 [   0.            0.            0.1496    ]]

iter 11 cost=36578.493642 -> 36828.865999 |dtheta|=1.521623e+00  lambda=4.287e-02

============================================================
Iteration 12
============================================================
Theta offsets (Unity frame):
  Source   : dSx=   0.000, dSy=   0.000, dSz=   0.000  (mm)
  Object   : dOx=  -0.077, dOy=   4.295, dOz=  15.154  (mm)
  Object offset: offset_x=  13.865, offset_z=  14.058  (mm)
  Detector : dDx=   0.000, dDy=   0.000, dDz=   0.000  (mm)
  Obj Stage rotY :    9.208 deg
============================================================

Unity geometry (world coordinates):
  Source   : x=   0.000, y=  29.997, z=   0.000
  Object   : x=   0.464, y=  24.295, z= 615.154
  Detector : x=  -6.002, y=  33.656, z= 959.000
  Obj rotY :  -4.5698 deg

Initial calibration:
  Source   : x=   0.000, y=   0.000, z=   0.000
  Object   : x=   0.000, y=   0.000, z=   0.000
  Detector : x=  25.318, y=   6.310, z=  40.001

After Calibration: 

Unity geometry (world coordinates):
  Source   : x=   0.000, y=  29.997, z=   0.000
  Object   : x=   0.464, y=  24.295, z= 615.154
  Detector : x=  19.316, y=  39.966, z= 999.001
  Obj rotY :  -4.5698 deg
view   0 | SOD= 628.278 mm | SDD= 999.237 mm | M= 1.590 | incident=1.2464°
[[  35.43456    -627.2517       -5.702429  ]
 [ -26.097456    370.03934     -15.670763  ]
 [   0.14911006    0.0120974     0.        ]
 [   0.            0.            0.1496    ]]
Residual vector length: 800, Jacobian shape: (800, 6)
view   0 | SOD= 627.014 mm | SDD= 999.237 mm | M= 1.594 | incident=1.2464°
[[  25.880142   -626.45374      -5.6940765 ]
 [ -20.570621    371.65344     -15.662411  ]
 [   0.14927588    0.0098422     0.        ]
 [   0.            0.            0.1496    ]]

iter 12 cost=36578.493642 -> 36828.071969 |dtheta|=1.519908e+00  lambda=2.143e-01

============================================================
Iteration 13
============================================================
Theta offsets (Unity frame):
  Source   : dSx=   0.000, dSy=   0.000, dSz=   0.000  (mm)
  Object   : dOx=  -0.077, dOy=   4.295, dOz=  15.154  (mm)
  Object offset: offset_x=  13.865, offset_z=  14.058  (mm)
  Detector : dDx=   0.000, dDy=   0.000, dDz=   0.000  (mm)
  Obj Stage rotY :    9.208 deg
============================================================

Unity geometry (world coordinates):
  Source   : x=   0.000, y=  29.997, z=   0.000
  Object   : x=   0.464, y=  24.295, z= 615.154
  Detector : x=  -6.002, y=  33.656, z= 959.000
  Obj rotY :  -4.5698 deg

Initial calibration:
  Source   : x=   0.000, y=   0.000, z=   0.000
  Object   : x=   0.000, y=   0.000, z=   0.000
  Detector : x=  25.318, y=   6.310, z=  40.001

After Calibration: 

Unity geometry (world coordinates):
  Source   : x=   0.000, y=  29.997, z=   0.000
  Object   : x=   0.464, y=  24.295, z= 615.154
  Detector : x=  19.316, y=  39.966, z= 999.001
  Obj rotY :  -4.5698 deg
view   0 | SOD= 628.278 mm | SDD= 999.237 mm | M= 1.590 | incident=1.2464°
[[  35.43456    -627.2517       -5.702429  ]
 [ -26.097456    370.03934     -15.670763  ]
 [   0.14911006    0.0120974     0.        ]
 [   0.            0.            0.1496    ]]
Residual vector length: 800, Jacobian shape: (800, 6)
view   0 | SOD= 627.024 mm | SDD= 999.237 mm | M= 1.594 | incident=1.2464°
[[  25.893795   -626.4629       -5.6941223 ]
 [ -20.57807     371.6433      -15.6624565 ]
 [   0.14927568    0.00984535    0.        ]
 [   0.            0.            0.1496    ]]

iter 13 cost=36578.493642 -> 36827.600060 |dtheta|=1.511413e+00  lambda=1.072e+00

============================================================
Iteration 14
============================================================
Theta offsets (Unity frame):
  Source   : dSx=   0.000, dSy=   0.000, dSz=   0.000  (mm)
  Object   : dOx=  -0.077, dOy=   4.295, dOz=  15.154  (mm)
  Object offset: offset_x=  13.865, offset_z=  14.058  (mm)
  Detector : dDx=   0.000, dDy=   0.000, dDz=   0.000  (mm)
  Obj Stage rotY :    9.208 deg
============================================================

Unity geometry (world coordinates):
  Source   : x=   0.000, y=  29.997, z=   0.000
  Object   : x=   0.464, y=  24.295, z= 615.154
  Detector : x=  -6.002, y=  33.656, z= 959.000
  Obj rotY :  -4.5698 deg

Initial calibration:
  Source   : x=   0.000, y=   0.000, z=   0.000
  Object   : x=   0.000, y=   0.000, z=   0.000
  Detector : x=  25.318, y=   6.310, z=  40.001

After Calibration: 

Unity geometry (world coordinates):
  Source   : x=   0.000, y=  29.997, z=   0.000
  Object   : x=   0.464, y=  24.295, z= 615.154
  Detector : x=  19.316, y=  39.966, z= 999.001
  Obj rotY :  -4.5698 deg
view   0 | SOD= 628.278 mm | SDD= 999.237 mm | M= 1.590 | incident=1.2464°
[[  35.43456    -627.2517       -5.702429  ]
 [ -26.097456    370.03934     -15.670763  ]
 [   0.14911006    0.0120974     0.        ]
 [   0.            0.            0.1496    ]]
Residual vector length: 800, Jacobian shape: (800, 6)
view   0 | SOD= 627.070 mm | SDD= 999.237 mm | M= 1.594 | incident=1.2464°
[[  25.960716   -626.50653      -5.6943417 ]
 [ -20.614666    371.59488     -15.662676  ]
 [   0.14927466    0.00986083    0.        ]
 [   0.            0.            0.1496    ]]

iter 14 cost=36578.493642 -> 36831.978776 |dtheta|=1.470868e+00  lambda=5.358e+00

============================================================
Iteration 15
============================================================
Theta offsets (Unity frame):
  Source   : dSx=   0.000, dSy=   0.000, dSz=   0.000  (mm)
  Object   : dOx=  -0.077, dOy=   4.295, dOz=  15.154  (mm)
  Object offset: offset_x=  13.865, offset_z=  14.058  (mm)
  Detector : dDx=   0.000, dDy=   0.000, dDz=   0.000  (mm)
  Obj Stage rotY :    9.208 deg
============================================================

Unity geometry (world coordinates):
  Source   : x=   0.000, y=  29.997, z=   0.000
  Object   : x=   0.464, y=  24.295, z= 615.154
  Detector : x=  -6.002, y=  33.656, z= 959.000
  Obj rotY :  -4.5698 deg

Initial calibration:
  Source   : x=   0.000, y=   0.000, z=   0.000
  Object   : x=   0.000, y=   0.000, z=   0.000
  Detector : x=  25.318, y=   6.310, z=  40.001

After Calibration: 

Unity geometry (world coordinates):
  Source   : x=   0.000, y=  29.997, z=   0.000
  Object   : x=   0.464, y=  24.295, z= 615.154
  Detector : x=  19.316, y=  39.966, z= 999.001
  Obj rotY :  -4.5698 deg
view   0 | SOD= 628.278 mm | SDD= 999.237 mm | M= 1.590 | incident=1.2464°
[[  35.43456    -627.2517       -5.702429  ]
 [ -26.097456    370.03934     -15.670763  ]
 [   0.14911006    0.0120974     0.        ]
 [   0.            0.            0.1496    ]]
Residual vector length: 800, Jacobian shape: (800, 6)
view   0 | SOD= 627.259 mm | SDD= 999.237 mm | M= 1.593 | incident=1.2464°
[[  26.26722    -626.6831       -5.6952267 ]
 [ -20.783762    371.39597     -15.663561  ]
 [   0.14926994    0.00993196    0.        ]
 [   0.            0.            0.1496    ]]

iter 15 cost=36578.493642 -> 36790.694355 |dtheta|=1.306925e+00  lambda=2.679e+01

============================================================
Iteration 16
============================================================
Theta offsets (Unity frame):
  Source   : dSx=   0.000, dSy=   0.000, dSz=   0.000  (mm)
  Object   : dOx=  -0.077, dOy=   4.295, dOz=  15.154  (mm)
  Object offset: offset_x=  13.865, offset_z=  14.058  (mm)
  Detector : dDx=   0.000, dDy=   0.000, dDz=   0.000  (mm)
  Obj Stage rotY :    9.208 deg
============================================================

Unity geometry (world coordinates):
  Source   : x=   0.000, y=  29.997, z=   0.000
  Object   : x=   0.464, y=  24.295, z= 615.154
  Detector : x=  -6.002, y=  33.656, z= 959.000
  Obj rotY :  -4.5698 deg

Initial calibration:
  Source   : x=   0.000, y=   0.000, z=   0.000
  Object   : x=   0.000, y=   0.000, z=   0.000
  Detector : x=  25.318, y=   6.310, z=  40.001

After Calibration: 

Unity geometry (world coordinates):
  Source   : x=   0.000, y=  29.997, z=   0.000
  Object   : x=   0.464, y=  24.295, z= 615.154
  Detector : x=  19.316, y=  39.966, z= 999.001
  Obj rotY :  -4.5698 deg
view   0 | SOD= 628.278 mm | SDD= 999.237 mm | M= 1.590 | incident=1.2464°
[[  35.43456    -627.2517       -5.702429  ]
 [ -26.097456    370.03934     -15.670763  ]
 [   0.14911006    0.0120974     0.        ]
 [   0.            0.            0.1496    ]]
Residual vector length: 800, Jacobian shape: (800, 6)
view   0 | SOD= 627.714 mm | SDD= 999.237 mm | M= 1.592 | incident=1.2464°
[[  27.4119     -627.0889       -5.697235  ]
 [ -21.431824    370.90405     -15.665569  ]
 [   0.14925186    0.01020008    0.        ]
 [   0.            0.            0.1496    ]]

iter 16 cost=36578.493642 -> 36736.293123 |dtheta|=9.201701e-01  lambda=1.340e+02

============================================================
Iteration 17
============================================================
Theta offsets (Unity frame):
  Source   : dSx=   0.000, dSy=   0.000, dSz=   0.000  (mm)
  Object   : dOx=  -0.077, dOy=   4.295, dOz=  15.154  (mm)
  Object offset: offset_x=  13.865, offset_z=  14.058  (mm)
  Detector : dDx=   0.000, dDy=   0.000, dDz=   0.000  (mm)
  Obj Stage rotY :    9.208 deg
============================================================

Unity geometry (world coordinates):
  Source   : x=   0.000, y=  29.997, z=   0.000
  Object   : x=   0.464, y=  24.295, z= 615.154
  Detector : x=  -6.002, y=  33.656, z= 959.000
  Obj rotY :  -4.5698 deg

Initial calibration:
  Source   : x=   0.000, y=   0.000, z=   0.000
  Object   : x=   0.000, y=   0.000, z=   0.000
  Detector : x=  25.318, y=   6.310, z=  40.001

After Calibration: 

Unity geometry (world coordinates):
  Source   : x=   0.000, y=  29.997, z=   0.000
  Object   : x=   0.464, y=  24.295, z= 615.154
  Detector : x=  19.316, y=  39.966, z= 999.001
  Obj rotY :  -4.5698 deg
view   0 | SOD= 628.278 mm | SDD= 999.237 mm | M= 1.590 | incident=1.2464°
[[  35.43456    -627.2517       -5.702429  ]
 [ -26.097456    370.03934     -15.670763  ]
 [   0.14911006    0.0120974     0.        ]
 [   0.            0.            0.1496    ]]
Residual vector length: 800, Jacobian shape: (800, 6)
view   0 | SOD= 628.113 mm | SDD= 999.237 mm | M= 1.591 | incident=1.2464°
[[  30.277748   -627.35724      -5.698509  ]
 [ -23.103495    370.40332     -15.666843  ]
 [   0.14920394    0.01087864    0.        ]
 [   0.            0.            0.1496    ]]

iter 17 cost=36578.493642 -> 36673.678218 |dtheta|=4.974598e-01  lambda=6.698e+02

============================================================
Iteration 18
============================================================
Theta offsets (Unity frame):
  Source   : dSx=   0.000, dSy=   0.000, dSz=   0.000  (mm)
  Object   : dOx=  -0.077, dOy=   4.295, dOz=  15.154  (mm)
  Object offset: offset_x=  13.865, offset_z=  14.058  (mm)
  Detector : dDx=   0.000, dDy=   0.000, dDz=   0.000  (mm)
  Obj Stage rotY :    9.208 deg
============================================================

Unity geometry (world coordinates):
  Source   : x=   0.000, y=  29.997, z=   0.000
  Object   : x=   0.464, y=  24.295, z= 615.154
  Detector : x=  -6.002, y=  33.656, z= 959.000
  Obj rotY :  -4.5698 deg

Initial calibration:
  Source   : x=   0.000, y=   0.000, z=   0.000
  Object   : x=   0.000, y=   0.000, z=   0.000
  Detector : x=  25.318, y=   6.310, z=  40.001

After Calibration: 

Unity geometry (world coordinates):
  Source   : x=   0.000, y=  29.997, z=   0.000
  Object   : x=   0.464, y=  24.295, z= 615.154
  Detector : x=  19.316, y=  39.966, z= 999.001
  Obj rotY :  -4.5698 deg
view   0 | SOD= 628.278 mm | SDD= 999.237 mm | M= 1.590 | incident=1.2464°
[[  35.43456    -627.2517       -5.702429  ]
 [ -26.097456    370.03934     -15.670763  ]
 [   0.14911006    0.0120974     0.        ]
 [   0.            0.            0.1496    ]]
Residual vector length: 800, Jacobian shape: (800, 6)
view   0 | SOD= 628.245 mm | SDD= 999.237 mm | M= 1.591 | incident=1.2464°
[[  33.53771    -627.3236       -5.698662  ]
 [ -25.02248     370.14636     -15.666996  ]
 [   0.14914545    0.01165306    0.        ]
 [   0.            0.            0.1496    ]]

iter 18 cost=36578.493642 -> 36594.131400 |dtheta|=1.753058e-01  lambda=3.349e+03

============================================================
Iteration 19
============================================================
Theta offsets (Unity frame):
  Source   : dSx=   0.000, dSy=   0.000, dSz=   0.000  (mm)
  Object   : dOx=  -0.077, dOy=   4.295, dOz=  15.154  (mm)
  Object offset: offset_x=  13.865, offset_z=  14.058  (mm)
  Detector : dDx=   0.000, dDy=   0.000, dDz=   0.000  (mm)
  Obj Stage rotY :    9.208 deg
============================================================

Unity geometry (world coordinates):
  Source   : x=   0.000, y=  29.997, z=   0.000
  Object   : x=   0.464, y=  24.295, z= 615.154
  Detector : x=  -6.002, y=  33.656, z= 959.000
  Obj rotY :  -4.5698 deg

Initial calibration:
  Source   : x=   0.000, y=   0.000, z=   0.000
  Object   : x=   0.000, y=   0.000, z=   0.000
  Detector : x=  25.318, y=   6.310, z=  40.001

After Calibration: 

Unity geometry (world coordinates):
  Source   : x=   0.000, y=  29.997, z=   0.000
  Object   : x=   0.464, y=  24.295, z= 615.154
  Detector : x=  19.316, y=  39.966, z= 999.001
  Obj rotY :  -4.5698 deg
view   0 | SOD= 628.278 mm | SDD= 999.237 mm | M= 1.590 | incident=1.2464°
[[  35.43456    -627.2517       -5.702429  ]
 [ -26.097456    370.03934     -15.670763  ]
 [   0.14911006    0.0120974     0.        ]
 [   0.            0.            0.1496    ]]
Residual vector length: 800, Jacobian shape: (800, 6)
view   0 | SOD= 628.272 mm | SDD= 999.237 mm | M= 1.590 | incident=1.2464°
[[  34.96671    -627.27246      -5.6998005 ]
 [ -25.850582    370.06244     -15.668135  ]
 [   0.1491187     0.01199054    0.        ]
 [   0.            0.            0.1496    ]]

iter 19 cost=36578.493642 -> 36580.256056 |dtheta|=4.366689e-02  lambda=1.674e+04

============================================================
Iteration 20
============================================================
Theta offsets (Unity frame):
  Source   : dSx=   0.000, dSy=   0.000, dSz=   0.000  (mm)
  Object   : dOx=  -0.077, dOy=   4.295, dOz=  15.154  (mm)
  Object offset: offset_x=  13.865, offset_z=  14.058  (mm)
  Detector : dDx=   0.000, dDy=   0.000, dDz=   0.000  (mm)
  Obj Stage rotY :    9.208 deg
============================================================

Unity geometry (world coordinates):
  Source   : x=   0.000, y=  29.997, z=   0.000
  Object   : x=   0.464, y=  24.295, z= 615.154
  Detector : x=  -6.002, y=  33.656, z= 959.000
  Obj rotY :  -4.5698 deg

Initial calibration:
  Source   : x=   0.000, y=   0.000, z=   0.000
  Object   : x=   0.000, y=   0.000, z=   0.000
  Detector : x=  25.318, y=   6.310, z=  40.001

After Calibration: 

Unity geometry (world coordinates):
  Source   : x=   0.000, y=  29.997, z=   0.000
  Object   : x=   0.464, y=  24.295, z= 615.154
  Detector : x=  19.316, y=  39.966, z= 999.001
  Obj rotY :  -4.5698 deg
view   0 | SOD= 628.278 mm | SDD= 999.237 mm | M= 1.590 | incident=1.2464°
[[  35.43456    -627.2517       -5.702429  ]
 [ -26.097456    370.03934     -15.670763  ]
 [   0.14911006    0.0120974     0.        ]
 [   0.            0.            0.1496    ]]
Residual vector length: 800, Jacobian shape: (800, 6)
view   0 | SOD= 628.277 mm | SDD= 999.237 mm | M= 1.590 | incident=1.2464°
[[  35.33405    -627.25653      -5.7014427 ]
 [ -26.04854     370.04376     -15.669777  ]
 [   0.14911188    0.01207506    0.        ]
 [   0.            0.            0.1496    ]]

iter 20 cost=36578.493642 -> 36558.166291 |dtheta|=9.913219e-03  lambda=8.372e+04

============================================================
Iteration 21
============================================================
Theta offsets (Unity frame):
  Source   : dSx=   0.000, dSy=   0.000, dSz=   0.000  (mm)
  Object   : dOx=  -0.073, dOy=   4.296, dOz=  15.152  (mm)
  Object offset: offset_x=  13.868, offset_z=  14.059  (mm)
  Detector : dDx=   0.000, dDy=   0.000, dDz=   0.000  (mm)
  Obj Stage rotY :    9.200 deg
============================================================

Unity geometry (world coordinates):
  Source   : x=   0.000, y=  29.997, z=   0.000
  Object   : x=   0.467, y=  24.296, z= 615.152
  Detector : x=  -6.002, y=  33.656, z= 959.000
  Obj rotY :  -4.5698 deg

Initial calibration:
  Source   : x=   0.000, y=   0.000, z=   0.000
  Object   : x=   0.000, y=   0.000, z=   0.000
  Detector : x=  25.318, y=   6.310, z=  40.001

After Calibration: 

Unity geometry (world coordinates):
  Source   : x=   0.000, y=  29.997, z=   0.000
  Object   : x=   0.467, y=  24.296, z= 615.152
  Detector : x=  19.316, y=  39.966, z= 999.001
  Obj rotY :  -4.5698 deg
view   0 | SOD= 628.277 mm | SDD= 999.237 mm | M= 1.590 | incident=1.2464°
[[  35.33405    -627.25653      -5.7014427 ]
 [ -26.04854     370.04376     -15.669777  ]
 [   0.14911188    0.01207506    0.        ]
 [   0.            0.            0.1496    ]]
Residual vector length: 800, Jacobian shape: (800, 6)
view   0 | SOD= 628.256 mm | SDD= 999.237 mm | M= 1.590 | incident=1.2464°
[[  35.171753   -627.2445       -5.6991615 ]
 [ -25.98972     370.06934     -15.667496  ]
 [   0.14911455    0.012042      0.        ]
 [   0.            0.            0.1496    ]]

iter 21 cost=36558.166291 -> 36607.078140 |dtheta|=3.193212e-02  lambda=2.791e+04

============================================================
Iteration 22
============================================================
Theta offsets (Unity frame):
  Source   : dSx=   0.000, dSy=   0.000, dSz=   0.000  (mm)
  Object   : dOx=  -0.073, dOy=   4.296, dOz=  15.152  (mm)
  Object offset: offset_x=  13.868, offset_z=  14.059  (mm)
  Detector : dDx=   0.000, dDy=   0.000, dDz=   0.000  (mm)
  Obj Stage rotY :    9.200 deg
============================================================

Unity geometry (world coordinates):
  Source   : x=   0.000, y=  29.997, z=   0.000
  Object   : x=   0.467, y=  24.296, z= 615.152
  Detector : x=  -6.002, y=  33.656, z= 959.000
  Obj rotY :  -4.5698 deg

Initial calibration:
  Source   : x=   0.000, y=   0.000, z=   0.000
  Object   : x=   0.000, y=   0.000, z=   0.000
  Detector : x=  25.318, y=   6.310, z=  40.001

After Calibration: 

Unity geometry (world coordinates):
  Source   : x=   0.000, y=  29.997, z=   0.000
  Object   : x=   0.467, y=  24.296, z= 615.152
  Detector : x=  19.316, y=  39.966, z= 999.001
  Obj rotY :  -4.5698 deg
view   0 | SOD= 628.277 mm | SDD= 999.237 mm | M= 1.590 | incident=1.2464°
[[  35.33405    -627.25653      -5.7014427 ]
 [ -26.04854     370.04376     -15.669777  ]
 [   0.14911188    0.01207506    0.        ]
 [   0.            0.            0.1496    ]]
Residual vector length: 800, Jacobian shape: (800, 6)
view   0 | SOD= 628.271 mm | SDD= 999.237 mm | M= 1.590 | incident=1.2464°
[[  35.298576   -627.2525       -5.7007656 ]
 [ -26.038086    370.05063     -15.6691    ]
 [   0.14911243    0.01206819    0.        ]
 [   0.            0.            0.1496    ]]

iter 22 cost=36558.166291 -> 36573.406421 |dtheta|=8.662602e-03  lambda=1.395e+05

============================================================
Iteration 23
============================================================
Theta offsets (Unity frame):
  Source   : dSx=   0.000, dSy=   0.000, dSz=   0.000  (mm)
  Object   : dOx=  -0.073, dOy=   4.296, dOz=  15.152  (mm)
  Object offset: offset_x=  13.868, offset_z=  14.059  (mm)
  Detector : dDx=   0.000, dDy=   0.000, dDz=   0.000  (mm)
  Obj Stage rotY :    9.200 deg
============================================================

Unity geometry (world coordinates):
  Source   : x=   0.000, y=  29.997, z=   0.000
  Object   : x=   0.467, y=  24.296, z= 615.152
  Detector : x=  -6.002, y=  33.656, z= 959.000
  Obj rotY :  -4.5698 deg

Initial calibration:
  Source   : x=   0.000, y=   0.000, z=   0.000
  Object   : x=   0.000, y=   0.000, z=   0.000
  Detector : x=  25.318, y=   6.310, z=  40.001

After Calibration: 

Unity geometry (world coordinates):
  Source   : x=   0.000, y=  29.997, z=   0.000
  Object   : x=   0.467, y=  24.296, z= 615.152
  Detector : x=  19.316, y=  39.966, z= 999.001
  Obj rotY :  -4.5698 deg
view   0 | SOD= 628.277 mm | SDD= 999.237 mm | M= 1.590 | incident=1.2464°
[[  35.33405    -627.25653      -5.7014427 ]
 [ -26.04854     370.04376     -15.669777  ]
 [   0.14911188    0.01207506    0.        ]
 [   0.            0.            0.1496    ]]
Residual vector length: 800, Jacobian shape: (800, 6)
view   0 | SOD= 628.275 mm | SDD= 999.237 mm | M= 1.590 | incident=1.2464°
[[  35.326786   -627.2556       -5.701292  ]
 [ -26.046541    370.04523     -15.669626  ]
 [   0.14911199    0.01207368    0.        ]
 [   0.            0.            0.1496    ]]

iter 23 cost=36558.166291 -> 36552.120169 |dtheta|=1.874061e-03  lambda=6.977e+05

============================================================
Iteration 24
============================================================
Theta offsets (Unity frame):
  Source   : dSx=   0.000, dSy=   0.000, dSz=   0.000  (mm)
  Object   : dOx=  -0.073, dOy=   4.296, dOz=  15.152  (mm)
  Object offset: offset_x=  13.869, offset_z=  14.058  (mm)
  Detector : dDx=   0.000, dDy=   0.000, dDz=   0.000  (mm)
  Obj Stage rotY :    9.199 deg
============================================================

Unity geometry (world coordinates):
  Source   : x=   0.000, y=  29.997, z=   0.000
  Object   : x=   0.468, y=  24.296, z= 615.152
  Detector : x=  -6.002, y=  33.656, z= 959.000
  Obj rotY :  -4.5698 deg

Initial calibration:
  Source   : x=   0.000, y=   0.000, z=   0.000
  Object   : x=   0.000, y=   0.000, z=   0.000
  Detector : x=  25.318, y=   6.310, z=  40.001

After Calibration: 

Unity geometry (world coordinates):
  Source   : x=   0.000, y=  29.997, z=   0.000
  Object   : x=   0.468, y=  24.296, z= 615.152
  Detector : x=  19.316, y=  39.966, z= 999.001
  Obj rotY :  -4.5698 deg
view   0 | SOD= 628.275 mm | SDD= 999.237 mm | M= 1.590 | incident=1.2464°
[[  35.326786   -627.2556       -5.701292  ]
 [ -26.046541    370.04523     -15.669626  ]
 [   0.14911199    0.01207368    0.        ]
 [   0.            0.            0.1496    ]]
Residual vector length: 800, Jacobian shape: (800, 6)
view   0 | SOD= 628.275 mm | SDD= 999.237 mm | M= 1.590 | incident=1.2464°
[[  35.34994    -627.2537       -5.700899  ]
 [ -26.065231    370.04456     -15.669233  ]
 [   0.14911148    0.01207993    0.        ]
 [   0.            0.            0.1496    ]]

iter 24 cost=36552.120169 -> 36547.206407 |dtheta|=3.365297e-03  lambda=2.326e+05

============================================================
Iteration 25
============================================================
Theta offsets (Unity frame):
  Source   : dSx=   0.000, dSy=   0.000, dSz=   0.000  (mm)
  Object   : dOx=  -0.072, dOy=   4.296, dOz=  15.152  (mm)
  Object offset: offset_x=  13.871, offset_z=  14.058  (mm)
  Detector : dDx=   0.000, dDy=   0.000, dDz=   0.000  (mm)
  Obj Stage rotY :    9.201 deg
============================================================

Unity geometry (world coordinates):
  Source   : x=   0.000, y=  29.997, z=   0.000
  Object   : x=   0.469, y=  24.296, z= 615.152
  Detector : x=  -6.002, y=  33.656, z= 959.000
  Obj rotY :  -4.5698 deg

Initial calibration:
  Source   : x=   0.000, y=   0.000, z=   0.000
  Object   : x=   0.000, y=   0.000, z=   0.000
  Detector : x=  25.318, y=   6.310, z=  40.001

After Calibration: 

Unity geometry (world coordinates):
  Source   : x=   0.000, y=  29.997, z=   0.000
  Object   : x=   0.469, y=  24.296, z= 615.152
  Detector : x=  19.316, y=  39.966, z= 999.001
  Obj rotY :  -4.5698 deg
view   0 | SOD= 628.275 mm | SDD= 999.237 mm | M= 1.590 | incident=1.2464°
[[  35.34994    -627.2537       -5.700899  ]
 [ -26.065231    370.04456     -15.669233  ]
 [   0.14911148    0.01207993    0.        ]
 [   0.            0.            0.1496    ]]
Residual vector length: 800, Jacobian shape: (800, 6)
view   0 | SOD= 628.280 mm | SDD= 999.237 mm | M= 1.590 | incident=1.2464°
[[  35.237064   -627.2651       -5.6999283 ]
 [ -26.000017    370.04413     -15.6682625 ]
 [   0.14911364    0.01205331    0.        ]
 [   0.            0.            0.1496    ]]

iter 25 cost=36547.206407 -> 36556.029755 |dtheta|=1.161634e-02  lambda=7.752e+04

============================================================
Iteration 26
============================================================
Theta offsets (Unity frame):
  Source   : dSx=   0.000, dSy=   0.000, dSz=   0.000  (mm)
  Object   : dOx=  -0.072, dOy=   4.296, dOz=  15.152  (mm)
  Object offset: offset_x=  13.871, offset_z=  14.058  (mm)
  Detector : dDx=   0.000, dDy=   0.000, dDz=   0.000  (mm)
  Obj Stage rotY :    9.201 deg
============================================================

Unity geometry (world coordinates):
  Source   : x=   0.000, y=  29.997, z=   0.000
  Object   : x=   0.469, y=  24.296, z= 615.152
  Detector : x=  -6.002, y=  33.656, z= 959.000
  Obj rotY :  -4.5698 deg

Initial calibration:
  Source   : x=   0.000, y=   0.000, z=   0.000
  Object   : x=   0.000, y=   0.000, z=   0.000
  Detector : x=  25.318, y=   6.310, z=  40.001

After Calibration: 

Unity geometry (world coordinates):
  Source   : x=   0.000, y=  29.997, z=   0.000
  Object   : x=   0.469, y=  24.296, z= 615.152
  Detector : x=  19.316, y=  39.966, z= 999.001
  Obj rotY :  -4.5698 deg
view   0 | SOD= 628.275 mm | SDD= 999.237 mm | M= 1.590 | incident=1.2464°
[[  35.34994    -627.2537       -5.700899  ]
 [ -26.065231    370.04456     -15.669233  ]
 [   0.14911148    0.01207993    0.        ]
 [   0.            0.            0.1496    ]]
Residual vector length: 800, Jacobian shape: (800, 6)
view   0 | SOD= 628.276 mm | SDD= 999.237 mm | M= 1.590 | incident=1.2464°
[[  35.327095   -627.2561       -5.700657  ]
 [ -26.05212     370.04437     -15.668991  ]
 [   0.14911193    0.01207456    0.        ]
 [   0.            0.            0.1496    ]]

iter 26 cost=36547.206407 -> 36561.072619 |dtheta|=2.431962e-03  lambda=3.876e+05

============================================================
Iteration 27
============================================================
Theta offsets (Unity frame):
  Source   : dSx=   0.000, dSy=   0.000, dSz=   0.000  (mm)
  Object   : dOx=  -0.072, dOy=   4.296, dOz=  15.152  (mm)
  Object offset: offset_x=  13.871, offset_z=  14.058  (mm)
  Detector : dDx=   0.000, dDy=   0.000, dDz=   0.000  (mm)
  Obj Stage rotY :    9.201 deg
============================================================

Unity geometry (world coordinates):
  Source   : x=   0.000, y=  29.997, z=   0.000
  Object   : x=   0.469, y=  24.296, z= 615.152
  Detector : x=  -6.002, y=  33.656, z= 959.000
  Obj rotY :  -4.5698 deg

Initial calibration:
  Source   : x=   0.000, y=   0.000, z=   0.000
  Object   : x=   0.000, y=   0.000, z=   0.000
  Detector : x=  25.318, y=   6.310, z=  40.001

After Calibration: 

Unity geometry (world coordinates):
  Source   : x=   0.000, y=  29.997, z=   0.000
  Object   : x=   0.469, y=  24.296, z= 615.152
  Detector : x=  19.316, y=  39.966, z= 999.001
  Obj rotY :  -4.5698 deg
view   0 | SOD= 628.275 mm | SDD= 999.237 mm | M= 1.590 | incident=1.2464°
[[  35.34994    -627.2537       -5.700899  ]
 [ -26.065231    370.04456     -15.669233  ]
 [   0.14911148    0.01207993    0.        ]
 [   0.            0.            0.1496    ]]
Residual vector length: 800, Jacobian shape: (800, 6)
view   0 | SOD= 628.275 mm | SDD= 999.237 mm | M= 1.590 | incident=1.2464°
[[  35.34107    -627.25464      -5.700802  ]
 [ -26.060146    370.0445      -15.669136  ]
 [   0.14911166    0.01207785    0.        ]
 [   0.            0.            0.1496    ]]

iter 27 cost=36547.206407 -> 36540.306717 |dtheta|=9.506323e-04  lambda=1.000e+06

============================================================
Iteration 28
============================================================
Theta offsets (Unity frame):
  Source   : dSx=   0.000, dSy=   0.000, dSz=   0.000  (mm)
  Object   : dOx=  -0.072, dOy=   4.297, dOz=  15.152  (mm)
  Object offset: offset_x=  13.871, offset_z=  14.058  (mm)
  Detector : dDx=   0.000, dDy=   0.000, dDz=   0.000  (mm)
  Obj Stage rotY :    9.201 deg
============================================================

Unity geometry (world coordinates):
  Source   : x=   0.000, y=  29.997, z=   0.000
  Object   : x=   0.469, y=  24.297, z= 615.152
  Detector : x=  -6.002, y=  33.656, z= 959.000
  Obj rotY :  -4.5698 deg

Initial calibration:
  Source   : x=   0.000, y=   0.000, z=   0.000
  Object   : x=   0.000, y=   0.000, z=   0.000
  Detector : x=  25.318, y=   6.310, z=  40.001

After Calibration: 

Unity geometry (world coordinates):
  Source   : x=   0.000, y=  29.997, z=   0.000
  Object   : x=   0.469, y=  24.297, z= 615.152
  Detector : x=  19.316, y=  39.966, z= 999.001
  Obj rotY :  -4.5698 deg
view   0 | SOD= 628.275 mm | SDD= 999.237 mm | M= 1.590 | incident=1.2464°
[[  35.34107    -627.25464      -5.700802  ]
 [ -26.060146    370.0445      -15.669136  ]
 [   0.14911166    0.01207785    0.        ]
 [   0.            0.            0.1496    ]]
Residual vector length: 800, Jacobian shape: (800, 6)
view   0 | SOD= 628.275 mm | SDD= 999.237 mm | M= 1.590 | incident=1.2464°
[[  35.324863   -627.255        -5.700508  ]
 [ -26.05339     370.04556     -15.668842  ]
 [   0.14911193    0.01207441    0.        ]
 [   0.            0.            0.1496    ]]

iter 28 cost=36540.306717 -> 36564.201628 |dtheta|=2.091973e-03  lambda=3.333e+05

============================================================
Iteration 29
============================================================
Theta offsets (Unity frame):
  Source   : dSx=   0.000, dSy=   0.000, dSz=   0.000  (mm)
  Object   : dOx=  -0.072, dOy=   4.297, dOz=  15.152  (mm)
  Object offset: offset_x=  13.871, offset_z=  14.058  (mm)
  Detector : dDx=   0.000, dDy=   0.000, dDz=   0.000  (mm)
  Obj Stage rotY :    9.201 deg
============================================================

Unity geometry (world coordinates):
  Source   : x=   0.000, y=  29.997, z=   0.000
  Object   : x=   0.469, y=  24.297, z= 615.152
  Detector : x=  -6.002, y=  33.656, z= 959.000
  Obj rotY :  -4.5698 deg

Initial calibration:
  Source   : x=   0.000, y=   0.000, z=   0.000
  Object   : x=   0.000, y=   0.000, z=   0.000
  Detector : x=  25.318, y=   6.310, z=  40.001

After Calibration: 

Unity geometry (world coordinates):
  Source   : x=   0.000, y=  29.997, z=   0.000
  Object   : x=   0.469, y=  24.297, z= 615.152
  Detector : x=  19.316, y=  39.966, z= 999.001
  Obj rotY :  -4.5698 deg
view   0 | SOD= 628.275 mm | SDD= 999.237 mm | M= 1.590 | incident=1.2464°
[[  35.34107    -627.25464      -5.700802  ]
 [ -26.060146    370.0445      -15.669136  ]
 [   0.14911166    0.01207785    0.        ]
 [   0.            0.            0.1496    ]]
Residual vector length: 800, Jacobian shape: (800, 6)
view   0 | SOD= 628.275 mm | SDD= 999.237 mm | M= 1.590 | incident=1.2464°
[[  35.335632   -627.2547       -5.700699  ]
 [ -26.057909    370.0449      -15.669033  ]
 [   0.14911175    0.0120767     0.        ]
 [   0.            0.            0.1496    ]]

iter 29 cost=36540.306717 -> 36547.106702 |dtheta|=7.119491e-04  lambda=1.000e+06

============================================================
Iteration 30
============================================================
Theta offsets (Unity frame):
  Source   : dSx=   0.000, dSy=   0.000, dSz=   0.000  (mm)
  Object   : dOx=  -0.072, dOy=   4.297, dOz=  15.152  (mm)
  Object offset: offset_x=  13.871, offset_z=  14.058  (mm)
  Detector : dDx=   0.000, dDy=   0.000, dDz=   0.000  (mm)
  Obj Stage rotY :    9.201 deg
============================================================

Unity geometry (world coordinates):
  Source   : x=   0.000, y=  29.997, z=   0.000
  Object   : x=   0.469, y=  24.297, z= 615.152
  Detector : x=  -6.002, y=  33.656, z= 959.000
  Obj rotY :  -4.5698 deg

Initial calibration:
  Source   : x=   0.000, y=   0.000, z=   0.000
  Object   : x=   0.000, y=   0.000, z=   0.000
  Detector : x=  25.318, y=   6.310, z=  40.001

After Calibration: 

Unity geometry (world coordinates):
  Source   : x=   0.000, y=  29.997, z=   0.000
  Object   : x=   0.469, y=  24.297, z= 615.152
  Detector : x=  19.316, y=  39.966, z= 999.001
  Obj rotY :  -4.5698 deg
view   0 | SOD= 628.275 mm | SDD= 999.237 mm | M= 1.590 | incident=1.2464°
[[  35.34107    -627.25464      -5.700802  ]
 [ -26.060146    370.0445      -15.669136  ]
 [   0.14911166    0.01207785    0.        ]
 [   0.            0.            0.1496    ]]
Residual vector length: 800, Jacobian shape: (800, 6)
view   0 | SOD= 628.275 mm | SDD= 999.237 mm | M= 1.590 | incident=1.2464°
[[  35.335632   -627.2547       -5.700699  ]
 [ -26.057909    370.0449      -15.669033  ]
 [   0.14911175    0.0120767     0.        ]
 [   0.            0.            0.1496    ]]

iter 30 cost=36540.306717 -> 36547.106702 |dtheta|=7.119491e-04  lambda=1.000e+06

============================================================
Iteration 31
============================================================
Theta offsets (Unity frame):
  Source   : dSx=   0.000, dSy=   0.000, dSz=   0.000  (mm)
  Object   : dOx=  -0.072, dOy=   4.297, dOz=  15.152  (mm)
  Object offset: offset_x=  13.871, offset_z=  14.058  (mm)
  Detector : dDx=   0.000, dDy=   0.000, dDz=   0.000  (mm)
  Obj Stage rotY :    9.201 deg
============================================================

Unity geometry (world coordinates):
  Source   : x=   0.000, y=  29.997, z=   0.000
  Object   : x=   0.469, y=  24.297, z= 615.152
  Detector : x=  -6.002, y=  33.656, z= 959.000
  Obj rotY :  -4.5698 deg

Initial calibration:
  Source   : x=   0.000, y=   0.000, z=   0.000
  Object   : x=   0.000, y=   0.000, z=   0.000
  Detector : x=  25.318, y=   6.310, z=  40.001

After Calibration: 

Unity geometry (world coordinates):
  Source   : x=   0.000, y=  29.997, z=   0.000
  Object   : x=   0.469, y=  24.297, z= 615.152
  Detector : x=  19.316, y=  39.966, z= 999.001
  Obj rotY :  -4.5698 deg
view   0 | SOD= 628.275 mm | SDD= 999.237 mm | M= 1.590 | incident=1.2464°
[[  35.34107    -627.25464      -5.700802  ]
 [ -26.060146    370.0445      -15.669136  ]
 [   0.14911166    0.01207785    0.        ]
 [   0.            0.            0.1496    ]]
Residual vector length: 800, Jacobian shape: (800, 6)
view   0 | SOD= 628.275 mm | SDD= 999.237 mm | M= 1.590 | incident=1.2464°
[[  35.335632   -627.2547       -5.700699  ]
 [ -26.057909    370.0449      -15.669033  ]
 [   0.14911175    0.0120767     0.        ]
 [   0.            0.            0.1496    ]]

iter 31 cost=36540.306717 -> 36547.106702 |dtheta|=7.119491e-04  lambda=1.000e+06

============================================================
Iteration 32
============================================================
Theta offsets (Unity frame):
  Source   : dSx=   0.000, dSy=   0.000, dSz=   0.000  (mm)
  Object   : dOx=  -0.072, dOy=   4.297, dOz=  15.152  (mm)
  Object offset: offset_x=  13.871, offset_z=  14.058  (mm)
  Detector : dDx=   0.000, dDy=   0.000, dDz=   0.000  (mm)
  Obj Stage rotY :    9.201 deg
============================================================

Unity geometry (world coordinates):
  Source   : x=   0.000, y=  29.997, z=   0.000
  Object   : x=   0.469, y=  24.297, z= 615.152
  Detector : x=  -6.002, y=  33.656, z= 959.000
  Obj rotY :  -4.5698 deg

Initial calibration:
  Source   : x=   0.000, y=   0.000, z=   0.000
  Object   : x=   0.000, y=   0.000, z=   0.000
  Detector : x=  25.318, y=   6.310, z=  40.001

After Calibration: 

Unity geometry (world coordinates):
  Source   : x=   0.000, y=  29.997, z=   0.000
  Object   : x=   0.469, y=  24.297, z= 615.152
  Detector : x=  19.316, y=  39.966, z= 999.001
  Obj rotY :  -4.5698 deg
view   0 | SOD= 628.275 mm | SDD= 999.237 mm | M= 1.590 | incident=1.2464°
[[  35.34107    -627.25464      -5.700802  ]
 [ -26.060146    370.0445      -15.669136  ]
 [   0.14911166    0.01207785    0.        ]
 [   0.            0.            0.1496    ]]
Residual vector length: 800, Jacobian shape: (800, 6)
view   0 | SOD= 628.275 mm | SDD= 999.237 mm | M= 1.590 | incident=1.2464°
[[  35.335632   -627.2547       -5.700699  ]
 [ -26.057909    370.0449      -15.669033  ]
 [   0.14911175    0.0120767     0.        ]
 [   0.            0.            0.1496    ]]

iter 32 cost=36540.306717 -> 36547.106702 |dtheta|=7.119491e-04  lambda=1.000e+06

============================================================
Iteration 33
============================================================
Theta offsets (Unity frame):
  Source   : dSx=   0.000, dSy=   0.000, dSz=   0.000  (mm)
  Object   : dOx=  -0.072, dOy=   4.297, dOz=  15.152  (mm)
  Object offset: offset_x=  13.871, offset_z=  14.058  (mm)
  Detector : dDx=   0.000, dDy=   0.000, dDz=   0.000  (mm)
  Obj Stage rotY :    9.201 deg
============================================================

Unity geometry (world coordinates):
  Source   : x=   0.000, y=  29.997, z=   0.000
  Object   : x=   0.469, y=  24.297, z= 615.152
  Detector : x=  -6.002, y=  33.656, z= 959.000
  Obj rotY :  -4.5698 deg

Initial calibration:
  Source   : x=   0.000, y=   0.000, z=   0.000
  Object   : x=   0.000, y=   0.000, z=   0.000
  Detector : x=  25.318, y=   6.310, z=  40.001

After Calibration: 

Unity geometry (world coordinates):
  Source   : x=   0.000, y=  29.997, z=   0.000
  Object   : x=   0.469, y=  24.297, z= 615.152
  Detector : x=  19.316, y=  39.966, z= 999.001
  Obj rotY :  -4.5698 deg
view   0 | SOD= 628.275 mm | SDD= 999.237 mm | M= 1.590 | incident=1.2464°
[[  35.34107    -627.25464      -5.700802  ]
 [ -26.060146    370.0445      -15.669136  ]
 [   0.14911166    0.01207785    0.        ]
 [   0.            0.            0.1496    ]]
Residual vector length: 800, Jacobian shape: (800, 6)
view   0 | SOD= 628.275 mm | SDD= 999.237 mm | M= 1.590 | incident=1.2464°
[[  35.335632   -627.2547       -5.700699  ]
 [ -26.057909    370.0449      -15.669033  ]
 [   0.14911175    0.0120767     0.        ]
 [   0.            0.            0.1496    ]]

iter 33 cost=36540.306717 -> 36547.106702 |dtheta|=7.119491e-04  lambda=1.000e+06

============================================================
Iteration 34
============================================================
Theta offsets (Unity frame):
  Source   : dSx=   0.000, dSy=   0.000, dSz=   0.000  (mm)
  Object   : dOx=  -0.072, dOy=   4.297, dOz=  15.152  (mm)
  Object offset: offset_x=  13.871, offset_z=  14.058  (mm)
  Detector : dDx=   0.000, dDy=   0.000, dDz=   0.000  (mm)
  Obj Stage rotY :    9.201 deg
============================================================

Unity geometry (world coordinates):
  Source   : x=   0.000, y=  29.997, z=   0.000
  Object   : x=   0.469, y=  24.297, z= 615.152
  Detector : x=  -6.002, y=  33.656, z= 959.000
  Obj rotY :  -4.5698 deg

Initial calibration:
  Source   : x=   0.000, y=   0.000, z=   0.000
  Object   : x=   0.000, y=   0.000, z=   0.000
  Detector : x=  25.318, y=   6.310, z=  40.001

After Calibration: 

Unity geometry (world coordinates):
  Source   : x=   0.000, y=  29.997, z=   0.000
  Object   : x=   0.469, y=  24.297, z= 615.152
  Detector : x=  19.316, y=  39.966, z= 999.001
  Obj rotY :  -4.5698 deg
view   0 | SOD= 628.275 mm | SDD= 999.237 mm | M= 1.590 | incident=1.2464°
[[  35.34107    -627.25464      -5.700802  ]
 [ -26.060146    370.0445      -15.669136  ]
 [   0.14911166    0.01207785    0.        ]
 [   0.            0.            0.1496    ]]
Residual vector length: 800, Jacobian shape: (800, 6)
view   0 | SOD= 628.275 mm | SDD= 999.237 mm | M= 1.590 | incident=1.2464°
[[  35.335632   -627.2547       -5.700699  ]
 [ -26.057909    370.0449      -15.669033  ]
 [   0.14911175    0.0120767     0.        ]
 [   0.            0.            0.1496    ]]

iter 34 cost=36540.306717 -> 36547.106702 |dtheta|=7.119491e-04  lambda=1.000e+06

============================================================
Iteration 35
============================================================
Theta offsets (Unity frame):
  Source   : dSx=   0.000, dSy=   0.000, dSz=   0.000  (mm)
  Object   : dOx=  -0.072, dOy=   4.297, dOz=  15.152  (mm)
  Object offset: offset_x=  13.871, offset_z=  14.058  (mm)
  Detector : dDx=   0.000, dDy=   0.000, dDz=   0.000  (mm)
  Obj Stage rotY :    9.201 deg
============================================================

Unity geometry (world coordinates):
  Source   : x=   0.000, y=  29.997, z=   0.000
  Object   : x=   0.469, y=  24.297, z= 615.152
  Detector : x=  -6.002, y=  33.656, z= 959.000
  Obj rotY :  -4.5698 deg

Initial calibration:
  Source   : x=   0.000, y=   0.000, z=   0.000
  Object   : x=   0.000, y=   0.000, z=   0.000
  Detector : x=  25.318, y=   6.310, z=  40.001

After Calibration: 

Unity geometry (world coordinates):
  Source   : x=   0.000, y=  29.997, z=   0.000
  Object   : x=   0.469, y=  24.297, z= 615.152
  Detector : x=  19.316, y=  39.966, z= 999.001
  Obj rotY :  -4.5698 deg
view   0 | SOD= 628.275 mm | SDD= 999.237 mm | M= 1.590 | incident=1.2464°
[[  35.34107    -627.25464      -5.700802  ]
 [ -26.060146    370.0445      -15.669136  ]
 [   0.14911166    0.01207785    0.        ]
 [   0.            0.            0.1496    ]]
Residual vector length: 800, Jacobian shape: (800, 6)
view   0 | SOD= 628.275 mm | SDD= 999.237 mm | M= 1.590 | incident=1.2464°
[[  35.335632   -627.2547       -5.700699  ]
 [ -26.057909    370.0449      -15.669033  ]
 [   0.14911175    0.0120767     0.        ]
 [   0.            0.            0.1496    ]]

iter 35 cost=36540.306717 -> 36547.106702 |dtheta|=7.119491e-04  lambda=1.000e+06
Stalled.

Estimated theta:
  dSx: +0.000000
  dSy: +0.000000
  dOx: -0.071556
  dOy: +4.296566
  dOz: +15.151954
  dDx: +0.000000
  dDy: +0.000000
  dDz: +0.000000
alpha: +9.200595e+00 deg)
offset_x: +13.870782
offset_z: +14.058157

Final cost table:
Final estimated theta: [ 0.          0.         -0.07155561  4.29656605 15.15195414  0.
  0.          0.          9.20059539 13.87078161 14.05815652]
################################################################################

