
################################################################################
Running scenario=Scan1 Projections=1434 Used=45, K=5

============================================================
Iteration 0
============================================================
Theta offsets (Unity frame):
  Source   : dSx=   0.000, dSy=   0.000, dSz=   0.000  (mm)
  Object   : dOx=   0.000, dOy=   0.000, dOz=   0.000  (mm)
  Object offset: offset_x=   0.000, offset_z=   0.000  (mm)
  Detector : dDx=   0.000, dDy=   0.000, dDz=   0.000  (mm)
  Obj Stage rotY :    0.000 deg
============================================================

Unity geometry (world coordinates):
  Source   : x=   0.000, y=  24.997, z=   0.000
  Object   : x=   0.541, y=  20.000, z= 600.000
  Detector : x= -25.318, y=  18.687, z=1059.000
  Obj rotY :  -1.0400 deg

Initial calibration:
  Source   : x=   0.000, y=   0.000, z=   0.000
  Object   : x=   0.000, y=   0.000, z=   0.000
  Detector : x=  25.318, y=   6.310, z=  40.001

After Calibration: 

Unity geometry (world coordinates):
  Source   : x=   0.000, y=  24.997, z=   0.000
  Object   : x=   0.541, y=  20.000, z= 600.000
  Detector : x=   0.000, y=  24.997, z=1099.001
  Obj rotY :  -1.0400 deg
view   0 | SOD= 600.021 mm | SDD=1099.001 mm | M= 1.832 | incident=0.0000°
[[ -11.430422   -599.89136      -4.997368  ]
 [   8.516415    498.92847      -4.9969044 ]
 [   0.14957535   -0.00271524    0.        ]
 [   0.            0.            0.1496    ]]
Residual vector length: 900, Jacobian shape: (900, 6)
view   0 | SOD= 615.868 mm | SDD=1099.001 mm | M= 1.784 | incident=0.0000°
[[   6.522807   -615.8326       -0.8505211 ]
 [  -5.081173    483.107        -0.8500576 ]
 [   0.14959165    0.00157958    0.        ]
 [   0.            0.            0.1496    ]]
/vol/home/s3777103/Documents/workspace/Thesis/AutoCalibration/gauss_newton_real.py:300: FutureWarning: The behavior of DataFrame concatenation with empty or all-NA entries is deprecated. In a future version, this will no longer exclude empty or all-NA columns when determining the result dtypes. To retain the old behavior, exclude the relevant entries before the concat operation.
  df_r0 = pd.concat([df_r0, df_iter], ignore_index=True)

iter 00 cost=420566.343791 -> 11060.896702 |dtheta|=1.416052e+01  lambda=1.000e-02

============================================================
Iteration 1
============================================================
Theta offsets (Unity frame):
  Source   : dSx=   0.000, dSy=   0.000, dSz=   0.000  (mm)
  Object   : dOx=  -0.444, dOy=   4.147, dOz=  13.155  (mm)
  Object offset: offset_x=  -0.166, offset_z=   2.710  (mm)
  Detector : dDx=   0.000, dDy=   0.000, dDz=   0.000  (mm)
  Obj Stage rotY :    1.645 deg
============================================================

Unity geometry (world coordinates):
  Source   : x=   0.000, y=  24.997, z=   0.000
  Object   : x=   0.096, y=  24.147, z= 613.155
  Detector : x= -25.318, y=  18.687, z=1059.000
  Obj rotY :  -1.0400 deg

Initial calibration:
  Source   : x=   0.000, y=   0.000, z=   0.000
  Object   : x=   0.000, y=   0.000, z=   0.000
  Detector : x=  25.318, y=   6.310, z=  40.001

After Calibration: 

Unity geometry (world coordinates):
  Source   : x=   0.000, y=  24.997, z=   0.000
  Object   : x=   0.096, y=  24.147, z= 613.155
  Detector : x=   0.000, y=  24.997, z=1099.001
  Obj rotY :  -1.0400 deg
view   0 | SOD= 615.868 mm | SDD=1099.001 mm | M= 1.784 | incident=0.0000°
[[   6.522807   -615.8326       -0.8505211 ]
 [  -5.081173    483.107        -0.8500576 ]
 [   0.14959165    0.00157958    0.        ]
 [   0.            0.            0.1496    ]]
Residual vector length: 900, Jacobian shape: (900, 6)
view   0 | SOD= 618.823 mm | SDD=1099.001 mm | M= 1.776 | incident=0.0000°
[[  16.092592   -618.61304      -0.8011036 ]
 [ -12.600167    480.01318      -0.8006401 ]
 [   0.149549      0.00390576    0.        ]
 [   0.            0.            0.1496    ]]

iter 01 cost=11060.896702 -> 3673.348539 |dtheta|=2.507590e+00  lambda=3.333e-03

============================================================
Iteration 2
============================================================
Theta offsets (Unity frame):
  Source   : dSx=   0.000, dSy=   0.000, dSz=   0.000  (mm)
  Object   : dOx=  -0.429, dOy=   4.196, dOz=  15.381  (mm)
  Object offset: offset_x=  -0.110, offset_z=   3.440  (mm)
  Detector : dDx=   0.000, dDy=   0.000, dDz=   0.000  (mm)
  Obj Stage rotY :    2.536 deg
============================================================

Unity geometry (world coordinates):
  Source   : x=   0.000, y=  24.997, z=   0.000
  Object   : x=   0.111, y=  24.196, z= 615.381
  Detector : x= -25.318, y=  18.687, z=1059.000
  Obj rotY :  -1.0400 deg

Initial calibration:
  Source   : x=   0.000, y=   0.000, z=   0.000
  Object   : x=   0.000, y=   0.000, z=   0.000
  Detector : x=  25.318, y=   6.310, z=  40.001

After Calibration: 

Unity geometry (world coordinates):
  Source   : x=   0.000, y=  24.997, z=   0.000
  Object   : x=   0.111, y=  24.196, z= 615.381
  Detector : x=   0.000, y=  24.997, z=1099.001
  Obj rotY :  -1.0400 deg
view   0 | SOD= 618.823 mm | SDD=1099.001 mm | M= 1.776 | incident=0.0000°
[[  16.092592   -618.61304      -0.8011036 ]
 [ -12.600167    480.01318      -0.8006401 ]
 [   0.149549      0.00390576    0.        ]
 [   0.            0.            0.1496    ]]
Residual vector length: 900, Jacobian shape: (900, 6)
view   0 | SOD= 618.774 mm | SDD=1099.001 mm | M= 1.776 | incident=0.0000°
[[  22.438658   -618.36664      -0.8029213 ]
 [ -17.61785     479.90396      -0.8024578 ]
 [   0.1495006     0.00545264    0.        ]
 [   0.            0.            0.1496    ]]

iter 02 cost=3673.348539 -> 3038.393007 |dtheta|=6.474435e-01  lambda=1.111e-03

============================================================
Iteration 3
============================================================
Theta offsets (Unity frame):
  Source   : dSx=   0.000, dSy=   0.000, dSz=   0.000  (mm)
  Object   : dOx=  -0.420, dOy=   4.194, dOz=  15.176  (mm)
  Object offset: offset_x=  -0.071, offset_z=   3.596  (mm)
  Detector : dDx=   0.000, dDy=   0.000, dDz=   0.000  (mm)
  Obj Stage rotY :    3.129 deg
============================================================

Unity geometry (world coordinates):
  Source   : x=   0.000, y=  24.997, z=   0.000
  Object   : x=   0.120, y=  24.194, z= 615.176
  Detector : x= -25.318, y=  18.687, z=1059.000
  Obj rotY :  -1.0400 deg

Initial calibration:
  Source   : x=   0.000, y=   0.000, z=   0.000
  Object   : x=   0.000, y=   0.000, z=   0.000
  Detector : x=  25.318, y=   6.310, z=  40.001

After Calibration: 

Unity geometry (world coordinates):
  Source   : x=   0.000, y=  24.997, z=   0.000
  Object   : x=   0.120, y=  24.194, z= 615.176
  Detector : x=   0.000, y=  24.997, z=1099.001
  Obj rotY :  -1.0400 deg
view   0 | SOD= 618.774 mm | SDD=1099.001 mm | M= 1.776 | incident=0.0000°
[[  22.438658   -618.36664      -0.8029213 ]
 [ -17.61785     479.90396      -0.8024578 ]
 [   0.1495006     0.00545264    0.        ]
 [   0.            0.            0.1496    ]]
Residual vector length: 900, Jacobian shape: (900, 6)
view   0 | SOD= 618.660 mm | SDD=1099.001 mm | M= 1.776 | incident=0.0000°
[[  26.378794   -618.09644      -0.8017063 ]
 [ -20.741243    479.8938       -0.8012428 ]
 [   0.14946243    0.00641415    0.        ]
 [   0.            0.            0.1496    ]]

iter 03 cost=3038.393007 -> 2893.352924 |dtheta|=3.976965e-01  lambda=3.704e-04

============================================================
Iteration 4
============================================================
Theta offsets (Unity frame):
  Source   : dSx=   0.000, dSy=   0.000, dSz=   0.000  (mm)
  Object   : dOx=  -0.416, dOy=   4.196, dOz=  15.033  (mm)
  Object offset: offset_x=  -0.044, offset_z=   3.626  (mm)
  Detector : dDx=   0.000, dDy=   0.000, dDz=   0.000  (mm)
  Obj Stage rotY :    3.497 deg
============================================================

Unity geometry (world coordinates):
  Source   : x=   0.000, y=  24.997, z=   0.000
  Object   : x=   0.124, y=  24.196, z= 615.033
  Detector : x= -25.318, y=  18.687, z=1059.000
  Obj rotY :  -1.0400 deg

Initial calibration:
  Source   : x=   0.000, y=   0.000, z=   0.000
  Object   : x=   0.000, y=   0.000, z=   0.000
  Detector : x=  25.318, y=   6.310, z=  40.001

After Calibration: 

Unity geometry (world coordinates):
  Source   : x=   0.000, y=  24.997, z=   0.000
  Object   : x=   0.124, y=  24.196, z= 615.033
  Detector : x=   0.000, y=  24.997, z=1099.001
  Obj rotY :  -1.0400 deg
view   0 | SOD= 618.660 mm | SDD=1099.001 mm | M= 1.776 | incident=0.0000°
[[  26.378794   -618.09644      -0.8017063 ]
 [ -20.741243    479.8938       -0.8012428 ]
 [   0.14946243    0.00641415    0.        ]
 [   0.            0.            0.1496    ]]
Residual vector length: 900, Jacobian shape: (900, 6)
view   0 | SOD= 618.966 mm | SDD=1099.001 mm | M= 1.776 | incident=0.0000°
[[  29.133024   -618.2793       -0.7979431 ]
 [ -22.85676     479.49115      -0.7974796 ]
 [   0.14943251    0.00707704    0.        ]
 [   0.            0.            0.1496    ]]

iter 04 cost=2893.352924 -> 2809.564726 |dtheta|=3.967873e-01  lambda=1.235e-04

============================================================
Iteration 5
============================================================
Theta offsets (Unity frame):
  Source   : dSx=   0.000, dSy=   0.000, dSz=   0.000  (mm)
  Object   : dOx=  -0.414, dOy=   4.199, dOz=  15.337  (mm)
  Object offset: offset_x=  -0.044, offset_z=   3.628  (mm)
  Detector : dDx=   0.000, dDy=   0.000, dDz=   0.000  (mm)
  Obj Stage rotY :    3.751 deg
============================================================

Unity geometry (world coordinates):
  Source   : x=   0.000, y=  24.997, z=   0.000
  Object   : x=   0.126, y=  24.199, z= 615.337
  Detector : x= -25.318, y=  18.687, z=1059.000
  Obj rotY :  -1.0400 deg

Initial calibration:
  Source   : x=   0.000, y=   0.000, z=   0.000
  Object   : x=   0.000, y=   0.000, z=   0.000
  Detector : x=  25.318, y=   6.310, z=  40.001

After Calibration: 

Unity geometry (world coordinates):
  Source   : x=   0.000, y=  24.997, z=   0.000
  Object   : x=   0.126, y=  24.199, z= 615.337
  Detector : x=   0.000, y=  24.997, z=1099.001
  Obj rotY :  -1.0400 deg
view   0 | SOD= 618.966 mm | SDD=1099.001 mm | M= 1.776 | incident=0.0000°
[[  29.133024   -618.2793       -0.7979431 ]
 [ -22.85676     479.49115      -0.7974796 ]
 [   0.14943251    0.00707704    0.        ]
 [   0.            0.            0.1496    ]]
Residual vector length: 900, Jacobian shape: (900, 6)
view   0 | SOD= 618.866 mm | SDD=1099.001 mm | M= 1.776 | incident=0.0000°
[[  31.568325  -618.0593      -0.799881 ]
 [ -24.757664   479.49716     -0.7994175]
 [   0.1494034    0.0076673    0.       ]
 [   0.           0.           0.1496   ]]

iter 05 cost=2809.564726 -> 2781.292679 |dtheta|=2.558702e-01  lambda=4.115e-05

============================================================
Iteration 6
============================================================
Theta offsets (Unity frame):
  Source   : dSx=   0.000, dSy=   0.000, dSz=   0.000  (mm)
  Object   : dOx=  -0.414, dOy=   4.197, dOz=  15.219  (mm)
  Object offset: offset_x=  -0.042, offset_z=   3.645  (mm)
  Detector : dDx=   0.000, dDy=   0.000, dDz=   0.000  (mm)
  Obj Stage rotY :    3.978 deg
============================================================

Unity geometry (world coordinates):
  Source   : x=   0.000, y=  24.997, z=   0.000
  Object   : x=   0.126, y=  24.197, z= 615.219
  Detector : x= -25.318, y=  18.687, z=1059.000
  Obj rotY :  -1.0400 deg

Initial calibration:
  Source   : x=   0.000, y=   0.000, z=   0.000
  Object   : x=   0.000, y=   0.000, z=   0.000
  Detector : x=  25.318, y=   6.310, z=  40.001

After Calibration: 

Unity geometry (world coordinates):
  Source   : x=   0.000, y=  24.997, z=   0.000
  Object   : x=   0.126, y=  24.197, z= 615.219
  Detector : x=   0.000, y=  24.997, z=1099.001
  Obj rotY :  -1.0400 deg
view   0 | SOD= 618.866 mm | SDD=1099.001 mm | M= 1.776 | incident=0.0000°
[[  31.568325  -618.0593      -0.799881 ]
 [ -24.757664   479.49716     -0.7994175]
 [   0.1494034    0.0076673    0.       ]
 [   0.           0.           0.1496   ]]
Residual vector length: 900, Jacobian shape: (900, 6)
view   0 | SOD= 618.969 mm | SDD=1099.001 mm | M= 1.776 | incident=0.0000°
[[  30.33264    -618.2248       -0.7972336 ]
 [ -23.845612    479.43982      -0.7967701 ]
 [   0.1494181     0.00737494    0.        ]
 [   0.            0.            0.1496    ]]

iter 06 cost=2781.292679 -> 2792.324258 |dtheta|=1.664294e-01  lambda=1.372e-05

============================================================
Iteration 7
============================================================
Theta offsets (Unity frame):
  Source   : dSx=   0.000, dSy=   0.000, dSz=   0.000  (mm)
  Object   : dOx=  -0.414, dOy=   4.197, dOz=  15.219  (mm)
  Object offset: offset_x=  -0.042, offset_z=   3.645  (mm)
  Detector : dDx=   0.000, dDy=   0.000, dDz=   0.000  (mm)
  Obj Stage rotY :    3.978 deg
============================================================

Unity geometry (world coordinates):
  Source   : x=   0.000, y=  24.997, z=   0.000
  Object   : x=   0.126, y=  24.197, z= 615.219
  Detector : x= -25.318, y=  18.687, z=1059.000
  Obj rotY :  -1.0400 deg

Initial calibration:
  Source   : x=   0.000, y=   0.000, z=   0.000
  Object   : x=   0.000, y=   0.000, z=   0.000
  Detector : x=  25.318, y=   6.310, z=  40.001

After Calibration: 

Unity geometry (world coordinates):
  Source   : x=   0.000, y=  24.997, z=   0.000
  Object   : x=   0.126, y=  24.197, z= 615.219
  Detector : x=   0.000, y=  24.997, z=1099.001
  Obj rotY :  -1.0400 deg
view   0 | SOD= 618.866 mm | SDD=1099.001 mm | M= 1.776 | incident=0.0000°
[[  31.568325  -618.0593      -0.799881 ]
 [ -24.757664   479.49716     -0.7994175]
 [   0.1494034    0.0076673    0.       ]
 [   0.           0.           0.1496   ]]
Residual vector length: 900, Jacobian shape: (900, 6)
view   0 | SOD= 618.969 mm | SDD=1099.001 mm | M= 1.776 | incident=0.0000°
[[  30.33264    -618.2248       -0.7972336 ]
 [ -23.845612    479.43982      -0.7967701 ]
 [   0.1494181     0.00737494    0.        ]
 [   0.            0.            0.1496    ]]

iter 07 cost=2781.292679 -> 2792.324258 |dtheta|=1.664294e-01  lambda=6.859e-05

============================================================
Iteration 8
============================================================
Theta offsets (Unity frame):
  Source   : dSx=   0.000, dSy=   0.000, dSz=   0.000  (mm)
  Object   : dOx=  -0.414, dOy=   4.197, dOz=  15.219  (mm)
  Object offset: offset_x=  -0.042, offset_z=   3.645  (mm)
  Detector : dDx=   0.000, dDy=   0.000, dDz=   0.000  (mm)
  Obj Stage rotY :    3.978 deg
============================================================

Unity geometry (world coordinates):
  Source   : x=   0.000, y=  24.997, z=   0.000
  Object   : x=   0.126, y=  24.197, z= 615.219
  Detector : x= -25.318, y=  18.687, z=1059.000
  Obj rotY :  -1.0400 deg

Initial calibration:
  Source   : x=   0.000, y=   0.000, z=   0.000
  Object   : x=   0.000, y=   0.000, z=   0.000
  Detector : x=  25.318, y=   6.310, z=  40.001

After Calibration: 

Unity geometry (world coordinates):
  Source   : x=   0.000, y=  24.997, z=   0.000
  Object   : x=   0.126, y=  24.197, z= 615.219
  Detector : x=   0.000, y=  24.997, z=1099.001
  Obj rotY :  -1.0400 deg
view   0 | SOD= 618.866 mm | SDD=1099.001 mm | M= 1.776 | incident=0.0000°
[[  31.568325  -618.0593      -0.799881 ]
 [ -24.757664   479.49716     -0.7994175]
 [   0.1494034    0.0076673    0.       ]
 [   0.           0.           0.1496   ]]
Residual vector length: 900, Jacobian shape: (900, 6)
view   0 | SOD= 618.969 mm | SDD=1099.001 mm | M= 1.776 | incident=0.0000°
[[  30.33264    -618.2248       -0.7972336 ]
 [ -23.845613    479.43982      -0.7967701 ]
 [   0.1494181     0.00737494    0.        ]
 [   0.            0.            0.1496    ]]

iter 08 cost=2781.292679 -> 2792.324258 |dtheta|=1.664291e-01  lambda=3.429e-04

============================================================
Iteration 9
============================================================
Theta offsets (Unity frame):
  Source   : dSx=   0.000, dSy=   0.000, dSz=   0.000  (mm)
  Object   : dOx=  -0.414, dOy=   4.197, dOz=  15.219  (mm)
  Object offset: offset_x=  -0.042, offset_z=   3.645  (mm)
  Detector : dDx=   0.000, dDy=   0.000, dDz=   0.000  (mm)
  Obj Stage rotY :    3.978 deg
============================================================

Unity geometry (world coordinates):
  Source   : x=   0.000, y=  24.997, z=   0.000
  Object   : x=   0.126, y=  24.197, z= 615.219
  Detector : x= -25.318, y=  18.687, z=1059.000
  Obj rotY :  -1.0400 deg

Initial calibration:
  Source   : x=   0.000, y=   0.000, z=   0.000
  Object   : x=   0.000, y=   0.000, z=   0.000
  Detector : x=  25.318, y=   6.310, z=  40.001

After Calibration: 

Unity geometry (world coordinates):
  Source   : x=   0.000, y=  24.997, z=   0.000
  Object   : x=   0.126, y=  24.197, z= 615.219
  Detector : x=   0.000, y=  24.997, z=1099.001
  Obj rotY :  -1.0400 deg
view   0 | SOD= 618.866 mm | SDD=1099.001 mm | M= 1.776 | incident=0.0000°
[[  31.568325  -618.0593      -0.799881 ]
 [ -24.757664   479.49716     -0.7994175]
 [   0.1494034    0.0076673    0.       ]
 [   0.           0.           0.1496   ]]
Residual vector length: 900, Jacobian shape: (900, 6)
view   0 | SOD= 618.969 mm | SDD=1099.001 mm | M= 1.776 | incident=0.0000°
[[  30.332642   -618.2248       -0.7972336 ]
 [ -23.845613    479.43982      -0.7967701 ]
 [   0.1494181     0.00737494    0.        ]
 [   0.            0.            0.1496    ]]

iter 09 cost=2781.292679 -> 2792.171965 |dtheta|=1.664281e-01  lambda=1.715e-03

============================================================
Iteration 10
============================================================
Theta offsets (Unity frame):
  Source   : dSx=   0.000, dSy=   0.000, dSz=   0.000  (mm)
  Object   : dOx=  -0.414, dOy=   4.197, dOz=  15.219  (mm)
  Object offset: offset_x=  -0.042, offset_z=   3.645  (mm)
  Detector : dDx=   0.000, dDy=   0.000, dDz=   0.000  (mm)
  Obj Stage rotY :    3.978 deg
============================================================

Unity geometry (world coordinates):
  Source   : x=   0.000, y=  24.997, z=   0.000
  Object   : x=   0.126, y=  24.197, z= 615.219
  Detector : x= -25.318, y=  18.687, z=1059.000
  Obj rotY :  -1.0400 deg

Initial calibration:
  Source   : x=   0.000, y=   0.000, z=   0.000
  Object   : x=   0.000, y=   0.000, z=   0.000
  Detector : x=  25.318, y=   6.310, z=  40.001

After Calibration: 

Unity geometry (world coordinates):
  Source   : x=   0.000, y=  24.997, z=   0.000
  Object   : x=   0.126, y=  24.197, z= 615.219
  Detector : x=   0.000, y=  24.997, z=1099.001
  Obj rotY :  -1.0400 deg
view   0 | SOD= 618.866 mm | SDD=1099.001 mm | M= 1.776 | incident=0.0000°
[[  31.568325  -618.0593      -0.799881 ]
 [ -24.757664   479.49716     -0.7994175]
 [   0.1494034    0.0076673    0.       ]
 [   0.           0.           0.1496   ]]
Residual vector length: 900, Jacobian shape: (900, 6)
view   0 | SOD= 618.969 mm | SDD=1099.001 mm | M= 1.776 | incident=0.0000°
[[  30.33265    -618.22473      -0.7972336 ]
 [ -23.845625    479.43988      -0.7967701 ]
 [   0.1494181     0.00737494    0.        ]
 [   0.            0.            0.1496    ]]

iter 10 cost=2781.292679 -> 2792.427131 |dtheta|=1.664226e-01  lambda=8.573e-03

============================================================
Iteration 11
============================================================
Theta offsets (Unity frame):
  Source   : dSx=   0.000, dSy=   0.000, dSz=   0.000  (mm)
  Object   : dOx=  -0.414, dOy=   4.197, dOz=  15.219  (mm)
  Object offset: offset_x=  -0.042, offset_z=   3.645  (mm)
  Detector : dDx=   0.000, dDy=   0.000, dDz=   0.000  (mm)
  Obj Stage rotY :    3.978 deg
============================================================

Unity geometry (world coordinates):
  Source   : x=   0.000, y=  24.997, z=   0.000
  Object   : x=   0.126, y=  24.197, z= 615.219
  Detector : x= -25.318, y=  18.687, z=1059.000
  Obj rotY :  -1.0400 deg

Initial calibration:
  Source   : x=   0.000, y=   0.000, z=   0.000
  Object   : x=   0.000, y=   0.000, z=   0.000
  Detector : x=  25.318, y=   6.310, z=  40.001

After Calibration: 

Unity geometry (world coordinates):
  Source   : x=   0.000, y=  24.997, z=   0.000
  Object   : x=   0.126, y=  24.197, z= 615.219
  Detector : x=   0.000, y=  24.997, z=1099.001
  Obj rotY :  -1.0400 deg
view   0 | SOD= 618.866 mm | SDD=1099.001 mm | M= 1.776 | incident=0.0000°
[[  31.568325  -618.0593      -0.799881 ]
 [ -24.757664   479.49716     -0.7994175]
 [   0.1494034    0.0076673    0.       ]
 [   0.           0.           0.1496   ]]
Residual vector length: 900, Jacobian shape: (900, 6)
view   0 | SOD= 618.969 mm | SDD=1099.001 mm | M= 1.776 | incident=0.0000°
[[  30.332699   -618.22473      -0.7972336 ]
 [ -23.845663    479.43988      -0.7967701 ]
 [   0.1494181     0.00737496    0.        ]
 [   0.            0.            0.1496    ]]

iter 11 cost=2781.292679 -> 2792.656585 |dtheta|=1.663955e-01  lambda=4.287e-02

============================================================
Iteration 12
============================================================
Theta offsets (Unity frame):
  Source   : dSx=   0.000, dSy=   0.000, dSz=   0.000  (mm)
  Object   : dOx=  -0.414, dOy=   4.197, dOz=  15.219  (mm)
  Object offset: offset_x=  -0.042, offset_z=   3.645  (mm)
  Detector : dDx=   0.000, dDy=   0.000, dDz=   0.000  (mm)
  Obj Stage rotY :    3.978 deg
============================================================

Unity geometry (world coordinates):
  Source   : x=   0.000, y=  24.997, z=   0.000
  Object   : x=   0.126, y=  24.197, z= 615.219
  Detector : x= -25.318, y=  18.687, z=1059.000
  Obj rotY :  -1.0400 deg

Initial calibration:
  Source   : x=   0.000, y=   0.000, z=   0.000
  Object   : x=   0.000, y=   0.000, z=   0.000
  Detector : x=  25.318, y=   6.310, z=  40.001

After Calibration: 

Unity geometry (world coordinates):
  Source   : x=   0.000, y=  24.997, z=   0.000
  Object   : x=   0.126, y=  24.197, z= 615.219
  Detector : x=   0.000, y=  24.997, z=1099.001
  Obj rotY :  -1.0400 deg
view   0 | SOD= 618.866 mm | SDD=1099.001 mm | M= 1.776 | incident=0.0000°
[[  31.568325  -618.0593      -0.799881 ]
 [ -24.757664   479.49716     -0.7994175]
 [   0.1494034    0.0076673    0.       ]
 [   0.           0.           0.1496   ]]
Residual vector length: 900, Jacobian shape: (900, 6)
view   0 | SOD= 618.969 mm | SDD=1099.001 mm | M= 1.776 | incident=0.0000°
[[  30.332937   -618.22455      -0.7972336 ]
 [ -23.845865    479.44003      -0.7967701 ]
 [   0.1494181     0.00737502    0.        ]
 [   0.            0.            0.1496    ]]

iter 12 cost=2781.292679 -> 2792.355886 |dtheta|=1.662600e-01  lambda=2.143e-01

============================================================
Iteration 13
============================================================
Theta offsets (Unity frame):
  Source   : dSx=   0.000, dSy=   0.000, dSz=   0.000  (mm)
  Object   : dOx=  -0.414, dOy=   4.197, dOz=  15.219  (mm)
  Object offset: offset_x=  -0.042, offset_z=   3.645  (mm)
  Detector : dDx=   0.000, dDy=   0.000, dDz=   0.000  (mm)
  Obj Stage rotY :    3.978 deg
============================================================

Unity geometry (world coordinates):
  Source   : x=   0.000, y=  24.997, z=   0.000
  Object   : x=   0.126, y=  24.197, z= 615.219
  Detector : x= -25.318, y=  18.687, z=1059.000
  Obj rotY :  -1.0400 deg

Initial calibration:
  Source   : x=   0.000, y=   0.000, z=   0.000
  Object   : x=   0.000, y=   0.000, z=   0.000
  Detector : x=  25.318, y=   6.310, z=  40.001

After Calibration: 

Unity geometry (world coordinates):
  Source   : x=   0.000, y=  24.997, z=   0.000
  Object   : x=   0.126, y=  24.197, z= 615.219
  Detector : x=   0.000, y=  24.997, z=1099.001
  Obj rotY :  -1.0400 deg
view   0 | SOD= 618.866 mm | SDD=1099.001 mm | M= 1.776 | incident=0.0000°
[[  31.568325  -618.0593      -0.799881 ]
 [ -24.757664   479.49716     -0.7994175]
 [   0.1494034    0.0076673    0.       ]
 [   0.           0.           0.1496   ]]
Residual vector length: 900, Jacobian shape: (900, 6)
view   0 | SOD= 618.968 mm | SDD=1099.001 mm | M= 1.776 | incident=0.0000°
[[  30.33413    -618.22363      -0.7972336 ]
 [ -23.846869    479.44086      -0.7967701 ]
 [   0.14941809    0.00737531    0.        ]
 [   0.            0.            0.1496    ]]

iter 13 cost=2781.292679 -> 2792.617858 |dtheta|=1.655886e-01  lambda=1.072e+00

============================================================
Iteration 14
============================================================
Theta offsets (Unity frame):
  Source   : dSx=   0.000, dSy=   0.000, dSz=   0.000  (mm)
  Object   : dOx=  -0.414, dOy=   4.197, dOz=  15.219  (mm)
  Object offset: offset_x=  -0.042, offset_z=   3.645  (mm)
  Detector : dDx=   0.000, dDy=   0.000, dDz=   0.000  (mm)
  Obj Stage rotY :    3.978 deg
============================================================

Unity geometry (world coordinates):
  Source   : x=   0.000, y=  24.997, z=   0.000
  Object   : x=   0.126, y=  24.197, z= 615.219
  Detector : x= -25.318, y=  18.687, z=1059.000
  Obj rotY :  -1.0400 deg

Initial calibration:
  Source   : x=   0.000, y=   0.000, z=   0.000
  Object   : x=   0.000, y=   0.000, z=   0.000
  Detector : x=  25.318, y=   6.310, z=  40.001

After Calibration: 

Unity geometry (world coordinates):
  Source   : x=   0.000, y=  24.997, z=   0.000
  Object   : x=   0.126, y=  24.197, z= 615.219
  Detector : x=   0.000, y=  24.997, z=1099.001
  Obj rotY :  -1.0400 deg
view   0 | SOD= 618.866 mm | SDD=1099.001 mm | M= 1.776 | incident=0.0000°
[[  31.568325  -618.0593      -0.799881 ]
 [ -24.757664   479.49716     -0.7994175]
 [   0.1494034    0.0076673    0.       ]
 [   0.           0.           0.1496   ]]
Residual vector length: 900, Jacobian shape: (900, 6)
view   0 | SOD= 618.964 mm | SDD=1099.001 mm | M= 1.776 | incident=0.0000°
[[  30.339994   -618.2193       -0.7972393 ]
 [ -23.851793    479.44464      -0.7967758 ]
 [   0.14941801    0.00737678    0.        ]
 [   0.            0.            0.1496    ]]

iter 14 cost=2781.292679 -> 2792.242496 |dtheta|=1.623789e-01  lambda=5.358e+00

============================================================
Iteration 15
============================================================
Theta offsets (Unity frame):
  Source   : dSx=   0.000, dSy=   0.000, dSz=   0.000  (mm)
  Object   : dOx=  -0.414, dOy=   4.197, dOz=  15.219  (mm)
  Object offset: offset_x=  -0.042, offset_z=   3.645  (mm)
  Detector : dDx=   0.000, dDy=   0.000, dDz=   0.000  (mm)
  Obj Stage rotY :    3.978 deg
============================================================

Unity geometry (world coordinates):
  Source   : x=   0.000, y=  24.997, z=   0.000
  Object   : x=   0.126, y=  24.197, z= 615.219
  Detector : x= -25.318, y=  18.687, z=1059.000
  Obj rotY :  -1.0400 deg

Initial calibration:
  Source   : x=   0.000, y=   0.000, z=   0.000
  Object   : x=   0.000, y=   0.000, z=   0.000
  Detector : x=  25.318, y=   6.310, z=  40.001

After Calibration: 

Unity geometry (world coordinates):
  Source   : x=   0.000, y=  24.997, z=   0.000
  Object   : x=   0.126, y=  24.197, z= 615.219
  Detector : x=   0.000, y=  24.997, z=1099.001
  Obj rotY :  -1.0400 deg
view   0 | SOD= 618.866 mm | SDD=1099.001 mm | M= 1.776 | incident=0.0000°
[[  31.568325  -618.0593      -0.799881 ]
 [ -24.757664   479.49716     -0.7994175]
 [   0.1494034    0.0076673    0.       ]
 [   0.           0.           0.1496   ]]
Residual vector length: 900, Jacobian shape: (900, 6)
view   0 | SOD= 618.947 mm | SDD=1099.001 mm | M= 1.776 | incident=0.0000°
[[  30.367281   -618.20123      -0.7972603 ]
 [ -23.87452     479.46027      -0.7967968 ]
 [   0.14941768    0.00738359    0.        ]
 [   0.            0.            0.1496    ]]

iter 15 cost=2781.292679 -> 2795.287648 |dtheta|=1.493137e-01  lambda=2.679e+01

============================================================
Iteration 16
============================================================
Theta offsets (Unity frame):
  Source   : dSx=   0.000, dSy=   0.000, dSz=   0.000  (mm)
  Object   : dOx=  -0.414, dOy=   4.197, dOz=  15.219  (mm)
  Object offset: offset_x=  -0.042, offset_z=   3.645  (mm)
  Detector : dDx=   0.000, dDy=   0.000, dDz=   0.000  (mm)
  Obj Stage rotY :    3.978 deg
============================================================

Unity geometry (world coordinates):
  Source   : x=   0.000, y=  24.997, z=   0.000
  Object   : x=   0.126, y=  24.197, z= 615.219
  Detector : x= -25.318, y=  18.687, z=1059.000
  Obj rotY :  -1.0400 deg

Initial calibration:
  Source   : x=   0.000, y=   0.000, z=   0.000
  Object   : x=   0.000, y=   0.000, z=   0.000
  Detector : x=  25.318, y=   6.310, z=  40.001

After Calibration: 

Unity geometry (world coordinates):
  Source   : x=   0.000, y=  24.997, z=   0.000
  Object   : x=   0.126, y=  24.197, z= 615.219
  Detector : x=   0.000, y=  24.997, z=1099.001
  Obj rotY :  -1.0400 deg
view   0 | SOD= 618.866 mm | SDD=1099.001 mm | M= 1.776 | incident=0.0000°
[[  31.568325  -618.0593      -0.799881 ]
 [ -24.757664   479.49716     -0.7994175]
 [   0.1494034    0.0076673    0.       ]
 [   0.           0.           0.1496   ]]
Residual vector length: 900, Jacobian shape: (900, 6)
view   0 | SOD= 618.905 mm | SDD=1099.001 mm | M= 1.776 | incident=0.0000°
[[  30.474741   -618.15405      -0.7973137 ]
 [ -23.961786    479.49777      -0.7968502 ]
 [   0.14941637    0.0074101     0.        ]
 [   0.            0.            0.1496    ]]

iter 16 cost=2781.292679 -> 2793.778501 |dtheta|=1.177973e-01  lambda=1.340e+02

============================================================
Iteration 17
============================================================
Theta offsets (Unity frame):
  Source   : dSx=   0.000, dSy=   0.000, dSz=   0.000  (mm)
  Object   : dOx=  -0.414, dOy=   4.197, dOz=  15.219  (mm)
  Object offset: offset_x=  -0.042, offset_z=   3.645  (mm)
  Detector : dDx=   0.000, dDy=   0.000, dDz=   0.000  (mm)
  Obj Stage rotY :    3.978 deg
============================================================

Unity geometry (world coordinates):
  Source   : x=   0.000, y=  24.997, z=   0.000
  Object   : x=   0.126, y=  24.197, z= 615.219
  Detector : x= -25.318, y=  18.687, z=1059.000
  Obj rotY :  -1.0400 deg

Initial calibration:
  Source   : x=   0.000, y=   0.000, z=   0.000
  Object   : x=   0.000, y=   0.000, z=   0.000
  Detector : x=  25.318, y=   6.310, z=  40.001

After Calibration: 

Unity geometry (world coordinates):
  Source   : x=   0.000, y=  24.997, z=   0.000
  Object   : x=   0.126, y=  24.197, z= 615.219
  Detector : x=   0.000, y=  24.997, z=1099.001
  Obj rotY :  -1.0400 deg
view   0 | SOD= 618.866 mm | SDD=1099.001 mm | M= 1.776 | incident=0.0000°
[[  31.568325  -618.0593      -0.799881 ]
 [ -24.757664   479.49716     -0.7994175]
 [   0.1494034    0.0076673    0.       ]
 [   0.           0.           0.1496   ]]
Residual vector length: 900, Jacobian shape: (900, 6)
view   0 | SOD= 618.867 mm | SDD=1099.001 mm | M= 1.776 | incident=0.0000°
[[  30.78307    -618.1001       -0.7973976 ]
 [ -24.204243    479.52426      -0.7969341 ]
 [   0.14941263    0.00748507    0.        ]
 [   0.            0.            0.1496    ]]

iter 17 cost=2781.292679 -> 2782.414660 |dtheta|=7.920899e-02  lambda=6.698e+02

============================================================
Iteration 18
============================================================
Theta offsets (Unity frame):
  Source   : dSx=   0.000, dSy=   0.000, dSz=   0.000  (mm)
  Object   : dOx=  -0.414, dOy=   4.197, dOz=  15.219  (mm)
  Object offset: offset_x=  -0.042, offset_z=   3.645  (mm)
  Detector : dDx=   0.000, dDy=   0.000, dDz=   0.000  (mm)
  Obj Stage rotY :    3.978 deg
============================================================

Unity geometry (world coordinates):
  Source   : x=   0.000, y=  24.997, z=   0.000
  Object   : x=   0.126, y=  24.197, z= 615.219
  Detector : x= -25.318, y=  18.687, z=1059.000
  Obj rotY :  -1.0400 deg

Initial calibration:
  Source   : x=   0.000, y=   0.000, z=   0.000
  Object   : x=   0.000, y=   0.000, z=   0.000
  Detector : x=  25.318, y=   6.310, z=  40.001

After Calibration: 

Unity geometry (world coordinates):
  Source   : x=   0.000, y=  24.997, z=   0.000
  Object   : x=   0.126, y=  24.197, z= 615.219
  Detector : x=   0.000, y=  24.997, z=1099.001
  Obj rotY :  -1.0400 deg
view   0 | SOD= 618.866 mm | SDD=1099.001 mm | M= 1.776 | incident=0.0000°
[[  31.568325  -618.0593      -0.799881 ]
 [ -24.757664   479.49716     -0.7994175]
 [   0.1494034    0.0076673    0.       ]
 [   0.           0.           0.1496   ]]
Residual vector length: 900, Jacobian shape: (900, 6)
view   0 | SOD= 618.855 mm | SDD=1099.001 mm | M= 1.776 | incident=0.0000°
[[  31.223534   -618.06635      -0.79761314]
 [ -24.542278    479.51877      -0.79714966]
 [   0.14940728    0.00759105    0.        ]
 [   0.            0.            0.1496    ]]

iter 18 cost=2781.292679 -> 2782.554104 |dtheta|=4.259739e-02  lambda=3.349e+03

============================================================
Iteration 19
============================================================
Theta offsets (Unity frame):
  Source   : dSx=   0.000, dSy=   0.000, dSz=   0.000  (mm)
  Object   : dOx=  -0.414, dOy=   4.197, dOz=  15.219  (mm)
  Object offset: offset_x=  -0.042, offset_z=   3.645  (mm)
  Detector : dDx=   0.000, dDy=   0.000, dDz=   0.000  (mm)
  Obj Stage rotY :    3.978 deg
============================================================

Unity geometry (world coordinates):
  Source   : x=   0.000, y=  24.997, z=   0.000
  Object   : x=   0.126, y=  24.197, z= 615.219
  Detector : x= -25.318, y=  18.687, z=1059.000
  Obj rotY :  -1.0400 deg

Initial calibration:
  Source   : x=   0.000, y=   0.000, z=   0.000
  Object   : x=   0.000, y=   0.000, z=   0.000
  Detector : x=  25.318, y=   6.310, z=  40.001

After Calibration: 

Unity geometry (world coordinates):
  Source   : x=   0.000, y=  24.997, z=   0.000
  Object   : x=   0.126, y=  24.197, z= 615.219
  Detector : x=   0.000, y=  24.997, z=1099.001
  Obj rotY :  -1.0400 deg
view   0 | SOD= 618.866 mm | SDD=1099.001 mm | M= 1.776 | incident=0.0000°
[[  31.568325  -618.0593      -0.799881 ]
 [ -24.757664   479.49716     -0.7994175]
 [   0.1494034    0.0076673    0.       ]
 [   0.           0.           0.1496   ]]
Residual vector length: 900, Jacobian shape: (900, 6)
view   0 | SOD= 618.857 mm | SDD=1099.001 mm | M= 1.776 | incident=0.0000°
[[  31.465343   -618.0562       -0.79829216]
 [ -24.711946    479.5079       -0.7978287 ]
 [   0.14940442    0.00764706    0.        ]
 [   0.            0.            0.1496    ]]

iter 19 cost=2781.292679 -> 2775.486771 |dtheta|=2.158305e-02  lambda=1.674e+04

============================================================
Iteration 20
============================================================
Theta offsets (Unity frame):
  Source   : dSx=   0.000, dSy=   0.000, dSz=   0.000  (mm)
  Object   : dOx=  -0.414, dOy=   4.199, dOz=  15.220  (mm)
  Object offset: offset_x=  -0.024, offset_z=   3.637  (mm)
  Detector : dDx=   0.000, dDy=   0.000, dDz=   0.000  (mm)
  Obj Stage rotY :    3.970 deg
============================================================

Unity geometry (world coordinates):
  Source   : x=   0.000, y=  24.997, z=   0.000
  Object   : x=   0.127, y=  24.199, z= 615.220
  Detector : x= -25.318, y=  18.687, z=1059.000
  Obj rotY :  -1.0400 deg

Initial calibration:
  Source   : x=   0.000, y=   0.000, z=   0.000
  Object   : x=   0.000, y=   0.000, z=   0.000
  Detector : x=  25.318, y=   6.310, z=  40.001

After Calibration: 

Unity geometry (world coordinates):
  Source   : x=   0.000, y=  24.997, z=   0.000
  Object   : x=   0.127, y=  24.199, z= 615.220
  Detector : x=   0.000, y=  24.997, z=1099.001
  Obj rotY :  -1.0400 deg
view   0 | SOD= 618.857 mm | SDD=1099.001 mm | M= 1.776 | incident=0.0000°
[[  31.465343   -618.0562       -0.79829216]
 [ -24.711946    479.5079       -0.7978287 ]
 [   0.14940442    0.00764706    0.        ]
 [   0.            0.            0.1496    ]]
Residual vector length: 900, Jacobian shape: (900, 6)
view   0 | SOD= 618.861 mm | SDD=1099.001 mm | M= 1.776 | incident=0.0000°
[[  31.298391   -618.06903      -0.7987938 ]
 [ -24.559372    479.51138      -0.7983303 ]
 [   0.14940664    0.00760356    0.        ]
 [   0.            0.            0.1496    ]]

iter 20 cost=2775.486771 -> 2776.034175 |dtheta|=2.346804e-02  lambda=5.582e+03

============================================================
Iteration 21
============================================================
Theta offsets (Unity frame):
  Source   : dSx=   0.000, dSy=   0.000, dSz=   0.000  (mm)
  Object   : dOx=  -0.414, dOy=   4.199, dOz=  15.220  (mm)
  Object offset: offset_x=  -0.024, offset_z=   3.637  (mm)
  Detector : dDx=   0.000, dDy=   0.000, dDz=   0.000  (mm)
  Obj Stage rotY :    3.970 deg
============================================================

Unity geometry (world coordinates):
  Source   : x=   0.000, y=  24.997, z=   0.000
  Object   : x=   0.127, y=  24.199, z= 615.220
  Detector : x= -25.318, y=  18.687, z=1059.000
  Obj rotY :  -1.0400 deg

Initial calibration:
  Source   : x=   0.000, y=   0.000, z=   0.000
  Object   : x=   0.000, y=   0.000, z=   0.000
  Detector : x=  25.318, y=   6.310, z=  40.001

After Calibration: 

Unity geometry (world coordinates):
  Source   : x=   0.000, y=  24.997, z=   0.000
  Object   : x=   0.127, y=  24.199, z= 615.220
  Detector : x=   0.000, y=  24.997, z=1099.001
  Obj rotY :  -1.0400 deg
view   0 | SOD= 618.857 mm | SDD=1099.001 mm | M= 1.776 | incident=0.0000°
[[  31.465343   -618.0562       -0.79829216]
 [ -24.711946    479.5079       -0.7978287 ]
 [   0.14940442    0.00764706    0.        ]
 [   0.            0.            0.1496    ]]
Residual vector length: 900, Jacobian shape: (900, 6)
view   0 | SOD= 618.857 mm | SDD=1099.001 mm | M= 1.776 | incident=0.0000°
[[  31.430195   -618.05774      -0.7986145 ]
 [ -24.672956    479.51016      -0.798151  ]
 [   0.14940494    0.00763697    0.        ]
 [   0.            0.            0.1496    ]]

iter 21 cost=2775.486771 -> 2779.823977 |dtheta|=8.885945e-03  lambda=2.791e+04

============================================================
Iteration 22
============================================================
Theta offsets (Unity frame):
  Source   : dSx=   0.000, dSy=   0.000, dSz=   0.000  (mm)
  Object   : dOx=  -0.414, dOy=   4.199, dOz=  15.220  (mm)
  Object offset: offset_x=  -0.024, offset_z=   3.637  (mm)
  Detector : dDx=   0.000, dDy=   0.000, dDz=   0.000  (mm)
  Obj Stage rotY :    3.970 deg
============================================================

Unity geometry (world coordinates):
  Source   : x=   0.000, y=  24.997, z=   0.000
  Object   : x=   0.127, y=  24.199, z= 615.220
  Detector : x= -25.318, y=  18.687, z=1059.000
  Obj rotY :  -1.0400 deg

Initial calibration:
  Source   : x=   0.000, y=   0.000, z=   0.000
  Object   : x=   0.000, y=   0.000, z=   0.000
  Detector : x=  25.318, y=   6.310, z=  40.001

After Calibration: 

Unity geometry (world coordinates):
  Source   : x=   0.000, y=  24.997, z=   0.000
  Object   : x=   0.127, y=  24.199, z= 615.220
  Detector : x=   0.000, y=  24.997, z=1099.001
  Obj rotY :  -1.0400 deg
view   0 | SOD= 618.857 mm | SDD=1099.001 mm | M= 1.776 | incident=0.0000°
[[  31.465343   -618.0562       -0.79829216]
 [ -24.711946    479.5079       -0.7978287 ]
 [   0.14940442    0.00764706    0.        ]
 [   0.            0.            0.1496    ]]
Residual vector length: 900, Jacobian shape: (900, 6)
view   0 | SOD= 618.857 mm | SDD=1099.001 mm | M= 1.776 | incident=0.0000°
[[  31.458818   -618.05634      -0.7984009 ]
 [ -24.703442    479.5085       -0.7979374 ]
 [   0.14940453    0.00764501    0.        ]
 [   0.            0.            0.1496    ]]

iter 22 cost=2775.486771 -> 2777.275056 |dtheta|=2.528479e-03  lambda=1.395e+05

============================================================
Iteration 23
============================================================
Theta offsets (Unity frame):
  Source   : dSx=   0.000, dSy=   0.000, dSz=   0.000  (mm)
  Object   : dOx=  -0.414, dOy=   4.199, dOz=  15.220  (mm)
  Object offset: offset_x=  -0.024, offset_z=   3.637  (mm)
  Detector : dDx=   0.000, dDy=   0.000, dDz=   0.000  (mm)
  Obj Stage rotY :    3.970 deg
============================================================

Unity geometry (world coordinates):
  Source   : x=   0.000, y=  24.997, z=   0.000
  Object   : x=   0.127, y=  24.199, z= 615.220
  Detector : x= -25.318, y=  18.687, z=1059.000
  Obj rotY :  -1.0400 deg

Initial calibration:
  Source   : x=   0.000, y=   0.000, z=   0.000
  Object   : x=   0.000, y=   0.000, z=   0.000
  Detector : x=  25.318, y=   6.310, z=  40.001

After Calibration: 

Unity geometry (world coordinates):
  Source   : x=   0.000, y=  24.997, z=   0.000
  Object   : x=   0.127, y=  24.199, z= 615.220
  Detector : x=   0.000, y=  24.997, z=1099.001
  Obj rotY :  -1.0400 deg
view   0 | SOD= 618.857 mm | SDD=1099.001 mm | M= 1.776 | incident=0.0000°
[[  31.465343   -618.0562       -0.79829216]
 [ -24.711946    479.5079       -0.7978287 ]
 [   0.14940442    0.00764706    0.        ]
 [   0.            0.            0.1496    ]]
Residual vector length: 900, Jacobian shape: (900, 6)
view   0 | SOD= 618.857 mm | SDD=1099.001 mm | M= 1.776 | incident=0.0000°
[[  31.464079   -618.0562       -0.79831696]
 [ -24.710209    479.50806      -0.79785347]
 [   0.14940445    0.00764665    0.        ]
 [   0.            0.            0.1496    ]]

iter 23 cost=2775.486771 -> 2778.255117 |dtheta|=5.584853e-04  lambda=6.977e+05

============================================================
Iteration 24
============================================================
Theta offsets (Unity frame):
  Source   : dSx=   0.000, dSy=   0.000, dSz=   0.000  (mm)
  Object   : dOx=  -0.414, dOy=   4.199, dOz=  15.220  (mm)
  Object offset: offset_x=  -0.024, offset_z=   3.637  (mm)
  Detector : dDx=   0.000, dDy=   0.000, dDz=   0.000  (mm)
  Obj Stage rotY :    3.970 deg
============================================================

Unity geometry (world coordinates):
  Source   : x=   0.000, y=  24.997, z=   0.000
  Object   : x=   0.127, y=  24.199, z= 615.220
  Detector : x= -25.318, y=  18.687, z=1059.000
  Obj rotY :  -1.0400 deg

Initial calibration:
  Source   : x=   0.000, y=   0.000, z=   0.000
  Object   : x=   0.000, y=   0.000, z=   0.000
  Detector : x=  25.318, y=   6.310, z=  40.001

After Calibration: 

Unity geometry (world coordinates):
  Source   : x=   0.000, y=  24.997, z=   0.000
  Object   : x=   0.127, y=  24.199, z= 615.220
  Detector : x=   0.000, y=  24.997, z=1099.001
  Obj rotY :  -1.0400 deg
view   0 | SOD= 618.857 mm | SDD=1099.001 mm | M= 1.776 | incident=0.0000°
[[  31.465343   -618.0562       -0.79829216]
 [ -24.711946    479.5079       -0.7978287 ]
 [   0.14940442    0.00764706    0.        ]
 [   0.            0.            0.1496    ]]
Residual vector length: 900, Jacobian shape: (900, 6)
view   0 | SOD= 618.857 mm | SDD=1099.001 mm | M= 1.776 | incident=0.0000°
[[  31.464466   -618.0563       -0.7983093 ]
 [ -24.71073     479.50797      -0.79784584]
 [   0.14940444    0.00764677    0.        ]
 [   0.            0.            0.1496    ]]

iter 24 cost=2775.486771 -> 2777.183208 |dtheta|=3.928178e-04  lambda=1.000e+06

============================================================
Iteration 25
============================================================
Theta offsets (Unity frame):
  Source   : dSx=   0.000, dSy=   0.000, dSz=   0.000  (mm)
  Object   : dOx=  -0.414, dOy=   4.199, dOz=  15.220  (mm)
  Object offset: offset_x=  -0.024, offset_z=   3.637  (mm)
  Detector : dDx=   0.000, dDy=   0.000, dDz=   0.000  (mm)
  Obj Stage rotY :    3.970 deg
============================================================

Unity geometry (world coordinates):
  Source   : x=   0.000, y=  24.997, z=   0.000
  Object   : x=   0.127, y=  24.199, z= 615.220
  Detector : x= -25.318, y=  18.687, z=1059.000
  Obj rotY :  -1.0400 deg

Initial calibration:
  Source   : x=   0.000, y=   0.000, z=   0.000
  Object   : x=   0.000, y=   0.000, z=   0.000
  Detector : x=  25.318, y=   6.310, z=  40.001

After Calibration: 

Unity geometry (world coordinates):
  Source   : x=   0.000, y=  24.997, z=   0.000
  Object   : x=   0.127, y=  24.199, z= 615.220
  Detector : x=   0.000, y=  24.997, z=1099.001
  Obj rotY :  -1.0400 deg
view   0 | SOD= 618.857 mm | SDD=1099.001 mm | M= 1.776 | incident=0.0000°
[[  31.465343   -618.0562       -0.79829216]
 [ -24.711946    479.5079       -0.7978287 ]
 [   0.14940442    0.00764706    0.        ]
 [   0.            0.            0.1496    ]]
Residual vector length: 900, Jacobian shape: (900, 6)
view   0 | SOD= 618.857 mm | SDD=1099.001 mm | M= 1.776 | incident=0.0000°
[[  31.464466   -618.0563       -0.7983093 ]
 [ -24.71073     479.50797      -0.79784584]
 [   0.14940444    0.00764677    0.        ]
 [   0.            0.            0.1496    ]]

iter 25 cost=2775.486771 -> 2777.183208 |dtheta|=3.928178e-04  lambda=1.000e+06

============================================================
Iteration 26
============================================================
Theta offsets (Unity frame):
  Source   : dSx=   0.000, dSy=   0.000, dSz=   0.000  (mm)
  Object   : dOx=  -0.414, dOy=   4.199, dOz=  15.220  (mm)
  Object offset: offset_x=  -0.024, offset_z=   3.637  (mm)
  Detector : dDx=   0.000, dDy=   0.000, dDz=   0.000  (mm)
  Obj Stage rotY :    3.970 deg
============================================================

Unity geometry (world coordinates):
  Source   : x=   0.000, y=  24.997, z=   0.000
  Object   : x=   0.127, y=  24.199, z= 615.220
  Detector : x= -25.318, y=  18.687, z=1059.000
  Obj rotY :  -1.0400 deg

Initial calibration:
  Source   : x=   0.000, y=   0.000, z=   0.000
  Object   : x=   0.000, y=   0.000, z=   0.000
  Detector : x=  25.318, y=   6.310, z=  40.001

After Calibration: 

Unity geometry (world coordinates):
  Source   : x=   0.000, y=  24.997, z=   0.000
  Object   : x=   0.127, y=  24.199, z= 615.220
  Detector : x=   0.000, y=  24.997, z=1099.001
  Obj rotY :  -1.0400 deg
view   0 | SOD= 618.857 mm | SDD=1099.001 mm | M= 1.776 | incident=0.0000°
[[  31.465343   -618.0562       -0.79829216]
 [ -24.711946    479.5079       -0.7978287 ]
 [   0.14940442    0.00764706    0.        ]
 [   0.            0.            0.1496    ]]
Residual vector length: 900, Jacobian shape: (900, 6)
view   0 | SOD= 618.857 mm | SDD=1099.001 mm | M= 1.776 | incident=0.0000°
[[  31.464466   -618.0563       -0.7983093 ]
 [ -24.71073     479.50797      -0.79784584]
 [   0.14940444    0.00764677    0.        ]
 [   0.            0.            0.1496    ]]

iter 26 cost=2775.486771 -> 2777.183208 |dtheta|=3.928178e-04  lambda=1.000e+06

============================================================
Iteration 27
============================================================
Theta offsets (Unity frame):
  Source   : dSx=   0.000, dSy=   0.000, dSz=   0.000  (mm)
  Object   : dOx=  -0.414, dOy=   4.199, dOz=  15.220  (mm)
  Object offset: offset_x=  -0.024, offset_z=   3.637  (mm)
  Detector : dDx=   0.000, dDy=   0.000, dDz=   0.000  (mm)
  Obj Stage rotY :    3.970 deg
============================================================

Unity geometry (world coordinates):
  Source   : x=   0.000, y=  24.997, z=   0.000
  Object   : x=   0.127, y=  24.199, z= 615.220
  Detector : x= -25.318, y=  18.687, z=1059.000
  Obj rotY :  -1.0400 deg

Initial calibration:
  Source   : x=   0.000, y=   0.000, z=   0.000
  Object   : x=   0.000, y=   0.000, z=   0.000
  Detector : x=  25.318, y=   6.310, z=  40.001

After Calibration: 

Unity geometry (world coordinates):
  Source   : x=   0.000, y=  24.997, z=   0.000
  Object   : x=   0.127, y=  24.199, z= 615.220
  Detector : x=   0.000, y=  24.997, z=1099.001
  Obj rotY :  -1.0400 deg
view   0 | SOD= 618.857 mm | SDD=1099.001 mm | M= 1.776 | incident=0.0000°
[[  31.465343   -618.0562       -0.79829216]
 [ -24.711946    479.5079       -0.7978287 ]
 [   0.14940442    0.00764706    0.        ]
 [   0.            0.            0.1496    ]]
Residual vector length: 900, Jacobian shape: (900, 6)
view   0 | SOD= 618.857 mm | SDD=1099.001 mm | M= 1.776 | incident=0.0000°
[[  31.464466   -618.0563       -0.7983093 ]
 [ -24.71073     479.50797      -0.79784584]
 [   0.14940444    0.00764677    0.        ]
 [   0.            0.            0.1496    ]]

iter 27 cost=2775.486771 -> 2777.183208 |dtheta|=3.928178e-04  lambda=1.000e+06

============================================================
Iteration 28
============================================================
Theta offsets (Unity frame):
  Source   : dSx=   0.000, dSy=   0.000, dSz=   0.000  (mm)
  Object   : dOx=  -0.414, dOy=   4.199, dOz=  15.220  (mm)
  Object offset: offset_x=  -0.024, offset_z=   3.637  (mm)
  Detector : dDx=   0.000, dDy=   0.000, dDz=   0.000  (mm)
  Obj Stage rotY :    3.970 deg
============================================================

Unity geometry (world coordinates):
  Source   : x=   0.000, y=  24.997, z=   0.000
  Object   : x=   0.127, y=  24.199, z= 615.220
  Detector : x= -25.318, y=  18.687, z=1059.000
  Obj rotY :  -1.0400 deg

Initial calibration:
  Source   : x=   0.000, y=   0.000, z=   0.000
  Object   : x=   0.000, y=   0.000, z=   0.000
  Detector : x=  25.318, y=   6.310, z=  40.001

After Calibration: 

Unity geometry (world coordinates):
  Source   : x=   0.000, y=  24.997, z=   0.000
  Object   : x=   0.127, y=  24.199, z= 615.220
  Detector : x=   0.000, y=  24.997, z=1099.001
  Obj rotY :  -1.0400 deg
view   0 | SOD= 618.857 mm | SDD=1099.001 mm | M= 1.776 | incident=0.0000°
[[  31.465343   -618.0562       -0.79829216]
 [ -24.711946    479.5079       -0.7978287 ]
 [   0.14940442    0.00764706    0.        ]
 [   0.            0.            0.1496    ]]
Residual vector length: 900, Jacobian shape: (900, 6)
view   0 | SOD= 618.857 mm | SDD=1099.001 mm | M= 1.776 | incident=0.0000°
[[  31.464466   -618.0563       -0.7983093 ]
 [ -24.71073     479.50797      -0.79784584]
 [   0.14940444    0.00764677    0.        ]
 [   0.            0.            0.1496    ]]

iter 28 cost=2775.486771 -> 2777.183208 |dtheta|=3.928178e-04  lambda=1.000e+06

============================================================
Iteration 29
============================================================
Theta offsets (Unity frame):
  Source   : dSx=   0.000, dSy=   0.000, dSz=   0.000  (mm)
  Object   : dOx=  -0.414, dOy=   4.199, dOz=  15.220  (mm)
  Object offset: offset_x=  -0.024, offset_z=   3.637  (mm)
  Detector : dDx=   0.000, dDy=   0.000, dDz=   0.000  (mm)
  Obj Stage rotY :    3.970 deg
============================================================

Unity geometry (world coordinates):
  Source   : x=   0.000, y=  24.997, z=   0.000
  Object   : x=   0.127, y=  24.199, z= 615.220
  Detector : x= -25.318, y=  18.687, z=1059.000
  Obj rotY :  -1.0400 deg

Initial calibration:
  Source   : x=   0.000, y=   0.000, z=   0.000
  Object   : x=   0.000, y=   0.000, z=   0.000
  Detector : x=  25.318, y=   6.310, z=  40.001

After Calibration: 

Unity geometry (world coordinates):
  Source   : x=   0.000, y=  24.997, z=   0.000
  Object   : x=   0.127, y=  24.199, z= 615.220
  Detector : x=   0.000, y=  24.997, z=1099.001
  Obj rotY :  -1.0400 deg
view   0 | SOD= 618.857 mm | SDD=1099.001 mm | M= 1.776 | incident=0.0000°
[[  31.465343   -618.0562       -0.79829216]
 [ -24.711946    479.5079       -0.7978287 ]
 [   0.14940442    0.00764706    0.        ]
 [   0.            0.            0.1496    ]]
Residual vector length: 900, Jacobian shape: (900, 6)
view   0 | SOD= 618.857 mm | SDD=1099.001 mm | M= 1.776 | incident=0.0000°
[[  31.464466   -618.0563       -0.7983093 ]
 [ -24.71073     479.50797      -0.79784584]
 [   0.14940444    0.00764677    0.        ]
 [   0.            0.            0.1496    ]]

iter 29 cost=2775.486771 -> 2777.183208 |dtheta|=3.928178e-04  lambda=1.000e+06

============================================================
Iteration 30
============================================================
Theta offsets (Unity frame):
  Source   : dSx=   0.000, dSy=   0.000, dSz=   0.000  (mm)
  Object   : dOx=  -0.414, dOy=   4.199, dOz=  15.220  (mm)
  Object offset: offset_x=  -0.024, offset_z=   3.637  (mm)
  Detector : dDx=   0.000, dDy=   0.000, dDz=   0.000  (mm)
  Obj Stage rotY :    3.970 deg
============================================================

Unity geometry (world coordinates):
  Source   : x=   0.000, y=  24.997, z=   0.000
  Object   : x=   0.127, y=  24.199, z= 615.220
  Detector : x= -25.318, y=  18.687, z=1059.000
  Obj rotY :  -1.0400 deg

Initial calibration:
  Source   : x=   0.000, y=   0.000, z=   0.000
  Object   : x=   0.000, y=   0.000, z=   0.000
  Detector : x=  25.318, y=   6.310, z=  40.001

After Calibration: 

Unity geometry (world coordinates):
  Source   : x=   0.000, y=  24.997, z=   0.000
  Object   : x=   0.127, y=  24.199, z= 615.220
  Detector : x=   0.000, y=  24.997, z=1099.001
  Obj rotY :  -1.0400 deg
view   0 | SOD= 618.857 mm | SDD=1099.001 mm | M= 1.776 | incident=0.0000°
[[  31.465343   -618.0562       -0.79829216]
 [ -24.711946    479.5079       -0.7978287 ]
 [   0.14940442    0.00764706    0.        ]
 [   0.            0.            0.1496    ]]
Residual vector length: 900, Jacobian shape: (900, 6)
view   0 | SOD= 618.857 mm | SDD=1099.001 mm | M= 1.776 | incident=0.0000°
[[  31.464466   -618.0563       -0.7983093 ]
 [ -24.71073     479.50797      -0.79784584]
 [   0.14940444    0.00764677    0.        ]
 [   0.            0.            0.1496    ]]

iter 30 cost=2775.486771 -> 2777.183208 |dtheta|=3.928178e-04  lambda=1.000e+06
Stalled.

Estimated theta:
  dSx: +0.000000
  dSy: +0.000000
  dOx: -0.413532
  dOy: +4.199076
  dOz: +15.219972
  dDx: +0.000000
  dDy: +0.000000
  dDz: +0.000000
alpha: +3.970022e+00 deg)
offset_x: -0.024225
offset_z: +3.636831

Final cost table:
Final estimated theta: [ 0.          0.         -0.41353183  4.19907566 15.21997201  0.
  0.          0.          3.97002171 -0.02422529  3.63683142]
################################################################################

