
################################################################################
Running scenario=Scan7 Projections=360 Used=30, K=5

============================================================
Iteration 0
============================================================
Theta offsets (Unity frame):
  Source   : dSx=   0.000, dSy=   0.000, dSz=   0.000  (mm)
  Object   : dOx=   0.000, dOy=   0.000, dOz=   0.000  (mm)
  Object offset: offset_x=   0.000, offset_z=   0.000  (mm)
  Detector : dDx=   0.000, dDy=   0.000, dDz=   0.000  (mm)
  Obj Stage rotY :    0.000 deg
============================================================

Unity geometry (world coordinates):
  Source   : x=   5.000, y=  29.995, z=   0.000
  Object   : x=   0.541, y=  20.000, z= 600.000
  Detector : x= -25.318, y=  18.677, z=1059.000
  Obj rotY :  -4.5698 deg

Initial calibration:
  Source   : x=   0.000, y=   0.000, z=   0.000
  Object   : x=   0.000, y=   0.000, z=   0.000
  Detector : x=  25.318, y=   6.310, z=  40.001

After Calibration: 

Unity geometry (world coordinates):
  Source   : x=   5.000, y=  29.995, z=   0.000
  Object   : x=   0.541, y=  20.000, z= 600.000
  Detector : x=   0.000, y=  24.987, z=1099.001
  Obj rotY :  -4.5698 deg
view   0 | SOD= 600.100 mm | SDD=1099.024 mm | M= 1.831 | incident=0.3689°
[[ -43.359543   -598.4479       -9.994888  ]
 [  39.218548    497.45758      -4.986948  ]
 [   0.14912441   -0.01191922    0.        ]
 [   0.            0.            0.1496    ]]
Residual vector length: 600, Jacobian shape: (600, 6)
view   0 | SOD= 615.432 mm | SDD=1099.024 mm | M= 1.786 | incident=0.3689°
[[ -14.682645   -615.2303       -5.673519  ]
 [  -4.978275    483.7391       -0.66557884]
 [   0.1495866    -0.00200149    0.        ]
 [   0.            0.            0.1496    ]]
/vol/home/s3777103/Documents/workspace/Thesis/AutoCalibration/gauss_newton_real.py:300: FutureWarning: The behavior of DataFrame concatenation with empty or all-NA entries is deprecated. In a future version, this will no longer exclude empty or all-NA columns when determining the result dtypes. To retain the old behavior, exclude the relevant entries before the concat operation.
  df_r0 = pd.concat([df_r0, df_iter], ignore_index=True)

iter 00 cost=2318696.981468 -> 158649.529447 |dtheta|=1.677996e+01  lambda=1.000e-02

============================================================
Iteration 1
============================================================
Theta offsets (Unity frame):
  Source   : dSx=   0.000, dSy=   0.000, dSz=   0.000  (mm)
  Object   : dOx=  -0.046, dOy=   4.321, dOz=   5.420  (mm)
  Object offset: offset_x=  10.127, offset_z=  10.793  (mm)
  Detector : dDx=   0.000, dDy=   0.000, dDz=   0.000  (mm)
  Obj Stage rotY :    3.803 deg
============================================================

Unity geometry (world coordinates):
  Source   : x=   5.000, y=  29.995, z=   0.000
  Object   : x=   0.495, y=  24.321, z= 605.420
  Detector : x= -25.318, y=  18.677, z=1059.000
  Obj rotY :  -4.5698 deg

Initial calibration:
  Source   : x=   0.000, y=   0.000, z=   0.000
  Object   : x=   0.000, y=   0.000, z=   0.000
  Detector : x=  25.318, y=   6.310, z=  40.001

After Calibration: 

Unity geometry (world coordinates):
  Source   : x=   5.000, y=  29.995, z=   0.000
  Object   : x=   0.495, y=  24.321, z= 605.420
  Detector : x=   0.000, y=  24.987, z=1099.001
  Obj rotY :  -4.5698 deg
view   0 | SOD= 615.432 mm | SDD=1099.024 mm | M= 1.786 | incident=0.3689°
[[ -14.682645   -615.2303       -5.673519  ]
 [  -4.978275    483.7391       -0.66557884]
 [   0.1495866    -0.00200149    0.        ]
 [   0.            0.            0.1496    ]]
Residual vector length: 600, Jacobian shape: (600, 6)
view   0 | SOD= 626.268 mm | SDD=1099.024 mm | M= 1.755 | incident=0.3689°
[[   7.26555    -626.2          -5.6873684 ]
 [ -26.695215    472.28735      -0.6794281 ]
 [   0.14954804    0.00394255    0.        ]
 [   0.            0.            0.1496    ]]

iter 01 cost=158649.529447 -> 44951.729509 |dtheta|=9.272314e+00  lambda=3.333e-03

============================================================
Iteration 2
============================================================
Theta offsets (Unity frame):
  Source   : dSx=   0.000, dSy=   0.000, dSz=   0.000  (mm)
  Object   : dOx=   0.068, dOy=   4.308, dOz=  13.584  (mm)
  Object offset: offset_x=  12.584, offset_z=  13.636  (mm)
  Detector : dDx=   0.000, dDy=   0.000, dDz=   0.000  (mm)
  Obj Stage rotY :    6.080 deg
============================================================

Unity geometry (world coordinates):
  Source   : x=   5.000, y=  29.995, z=   0.000
  Object   : x=   0.609, y=  24.308, z= 613.584
  Detector : x= -25.318, y=  18.677, z=1059.000
  Obj rotY :  -4.5698 deg

Initial calibration:
  Source   : x=   0.000, y=   0.000, z=   0.000
  Object   : x=   0.000, y=   0.000, z=   0.000
  Detector : x=  25.318, y=   6.310, z=  40.001

After Calibration: 

Unity geometry (world coordinates):
  Source   : x=   5.000, y=  29.995, z=   0.000
  Object   : x=   0.609, y=  24.308, z= 613.584
  Detector : x=   0.000, y=  24.987, z=1099.001
  Obj rotY :  -4.5698 deg
view   0 | SOD= 626.268 mm | SDD=1099.024 mm | M= 1.755 | incident=0.3689°
[[   7.26555    -626.2          -5.6873684 ]
 [ -26.695215    472.28735      -0.6794281 ]
 [   0.14954804    0.00394255    0.        ]
 [   0.            0.            0.1496    ]]
Residual vector length: 600, Jacobian shape: (600, 6)
view   0 | SOD= 629.048 mm | SDD=1099.024 mm | M= 1.747 | incident=0.3689°
[[  13.046012   -628.88696      -5.736145  ]
 [ -31.835943    469.20844      -0.7282047 ]
 [   0.14950144    0.00542939    0.        ]
 [   0.            0.            0.1496    ]]

iter 02 cost=44951.729509 -> 38320.118481 |dtheta|=2.330630e+00  lambda=1.111e-03

============================================================
Iteration 3
============================================================
Theta offsets (Unity frame):
  Source   : dSx=   0.000, dSy=   0.000, dSz=   0.000  (mm)
  Object   : dOx=   0.037, dOy=   4.259, dOz=  15.652  (mm)
  Object offset: offset_x=  13.104, offset_z=  14.384  (mm)
  Detector : dDx=   0.000, dDy=   0.000, dDz=   0.000  (mm)
  Obj Stage rotY :    6.650 deg
============================================================

Unity geometry (world coordinates):
  Source   : x=   5.000, y=  29.995, z=   0.000
  Object   : x=   0.578, y=  24.259, z= 615.651
  Detector : x= -25.318, y=  18.677, z=1059.000
  Obj rotY :  -4.5698 deg

Initial calibration:
  Source   : x=   0.000, y=   0.000, z=   0.000
  Object   : x=   0.000, y=   0.000, z=   0.000
  Detector : x=  25.318, y=   6.310, z=  40.001

After Calibration: 

Unity geometry (world coordinates):
  Source   : x=   5.000, y=  29.995, z=   0.000
  Object   : x=   0.578, y=  24.259, z= 615.651
  Detector : x=   0.000, y=  24.987, z=1099.001
  Obj rotY :  -4.5698 deg
view   0 | SOD= 629.048 mm | SDD=1099.024 mm | M= 1.747 | incident=0.3689°
[[  13.046012   -628.88696      -5.736145  ]
 [ -31.835943    469.20844      -0.7282047 ]
 [   0.14950144    0.00542939    0.        ]
 [   0.            0.            0.1496    ]]
Residual vector length: 600, Jacobian shape: (600, 6)
view   0 | SOD= 629.086 mm | SDD=1099.024 mm | M= 1.747 | incident=0.3689°
[[  17.67324    -628.8112       -5.7573643 ]
 [ -35.62948     468.90765      -0.749424  ]
 [   0.1494554     0.00657587    0.        ]
 [   0.            0.            0.1496    ]]

iter 03 cost=38320.118481 -> 38018.687460 |dtheta|=4.955155e-01  lambda=3.704e-04

============================================================
Iteration 4
============================================================
Theta offsets (Unity frame):
  Source   : dSx=   0.000, dSy=   0.000, dSz=   0.000  (mm)
  Object   : dOx=   0.043, dOy=   4.238, dOz=  15.754  (mm)
  Object offset: offset_x=  13.301, offset_z=  14.331  (mm)
  Detector : dDx=   0.000, dDy=   0.000, dDz=   0.000  (mm)
  Obj Stage rotY :    7.089 deg
============================================================

Unity geometry (world coordinates):
  Source   : x=   5.000, y=  29.995, z=   0.000
  Object   : x=   0.584, y=  24.238, z= 615.754
  Detector : x= -25.318, y=  18.677, z=1059.000
  Obj rotY :  -4.5698 deg

Initial calibration:
  Source   : x=   0.000, y=   0.000, z=   0.000
  Object   : x=   0.000, y=   0.000, z=   0.000
  Detector : x=  25.318, y=   6.310, z=  40.001

After Calibration: 

Unity geometry (world coordinates):
  Source   : x=   5.000, y=  29.995, z=   0.000
  Object   : x=   0.584, y=  24.238, z= 615.754
  Detector : x=   0.000, y=  24.987, z=1099.001
  Obj rotY :  -4.5698 deg
view   0 | SOD= 629.086 mm | SDD=1099.024 mm | M= 1.747 | incident=0.3689°
[[  17.67324    -628.8112       -5.7573643 ]
 [ -35.62948     468.90765      -0.749424  ]
 [   0.1494554     0.00657587    0.        ]
 [   0.            0.            0.1496    ]]
Residual vector length: 600, Jacobian shape: (600, 6)
view   0 | SOD= 628.328 mm | SDD=1099.024 mm | M= 1.749 | incident=0.3689°
[[  34.22742    -627.36896      -5.76762   ]
 [ -47.874363    468.57224      -0.7596798 ]
 [   0.14923127    0.01049712    0.        ]
 [   0.            0.            0.1496    ]]

iter 04 cost=38018.687460 -> 36096.935284 |dtheta|=1.838093e+00  lambda=1.235e-04

============================================================
Iteration 5
============================================================
Theta offsets (Unity frame):
  Source   : dSx=   0.000, dSy=   0.000, dSz=   0.000  (mm)
  Object   : dOx=   0.060, dOy=   4.227, dOz=  14.738  (mm)
  Object offset: offset_x=  13.157, offset_z=  14.581  (mm)
  Detector : dDx=   0.000, dDy=   0.000, dDz=   0.000  (mm)
  Obj Stage rotY :    8.593 deg
============================================================

Unity geometry (world coordinates):
  Source   : x=   5.000, y=  29.995, z=   0.000
  Object   : x=   0.601, y=  24.227, z= 614.738
  Detector : x= -25.318, y=  18.677, z=1059.000
  Obj rotY :  -4.5698 deg

Initial calibration:
  Source   : x=   0.000, y=   0.000, z=   0.000
  Object   : x=   0.000, y=   0.000, z=   0.000
  Detector : x=  25.318, y=   6.310, z=  40.001

After Calibration: 

Unity geometry (world coordinates):
  Source   : x=   5.000, y=  29.995, z=   0.000
  Object   : x=   0.601, y=  24.227, z= 614.738
  Detector : x=   0.000, y=  24.987, z=1099.001
  Obj rotY :  -4.5698 deg
view   0 | SOD= 628.328 mm | SDD=1099.024 mm | M= 1.749 | incident=0.3689°
[[  34.22742    -627.36896      -5.76762   ]
 [ -47.874363    468.57224      -0.7596798 ]
 [   0.14923127    0.01049712    0.        ]
 [   0.            0.            0.1496    ]]
Residual vector length: 600, Jacobian shape: (600, 6)
view   0 | SOD= 629.303 mm | SDD=1099.024 mm | M= 1.746 | incident=0.3689°
[[  39.78448    -628.01764      -5.7611103 ]
 [ -52.067005    467.14957      -0.75317   ]
 [   0.14913194    0.01182474    0.        ]
 [   0.            0.            0.1496    ]]

iter 05 cost=36096.935284 -> 35840.707111 |dtheta|=1.078303e+00  lambda=4.115e-05

============================================================
Iteration 6
============================================================
Theta offsets (Unity frame):
  Source   : dSx=   0.000, dSy=   0.000, dSz=   0.000  (mm)
  Object   : dOx=   0.041, dOy=   4.234, dOz=  15.680  (mm)
  Object offset: offset_x=  13.275, offset_z=  14.622  (mm)
  Detector : dDx=   0.000, dDy=   0.000, dDz=   0.000  (mm)
  Obj Stage rotY :    9.103 deg
============================================================

Unity geometry (world coordinates):
  Source   : x=   5.000, y=  29.995, z=   0.000
  Object   : x=   0.582, y=  24.234, z= 615.680
  Detector : x= -25.318, y=  18.677, z=1059.000
  Obj rotY :  -4.5698 deg

Initial calibration:
  Source   : x=   0.000, y=   0.000, z=   0.000
  Object   : x=   0.000, y=   0.000, z=   0.000
  Detector : x=  25.318, y=   6.310, z=  40.001

After Calibration: 

Unity geometry (world coordinates):
  Source   : x=   5.000, y=  29.995, z=   0.000
  Object   : x=   0.582, y=  24.234, z= 615.680
  Detector : x=   0.000, y=  24.987, z=1099.001
  Obj rotY :  -4.5698 deg
view   0 | SOD= 629.303 mm | SDD=1099.024 mm | M= 1.746 | incident=0.3689°
[[  39.78448    -628.01764      -5.7611103 ]
 [ -52.067005    467.14957      -0.75317   ]
 [   0.14913194    0.01182474    0.        ]
 [   0.            0.            0.1496    ]]
Residual vector length: 600, Jacobian shape: (600, 6)
view   0 | SOD= 627.157 mm | SDD=1099.024 mm | M= 1.752 | incident=0.3689°
[[  48.584118   -625.2462       -5.7326546 ]
 [ -58.849392    468.50235      -0.7247143 ]
 [   0.14894849    0.01394665    0.        ]
 [   0.            0.            0.1496    ]]

iter 06 cost=35840.707111 -> 35614.533806 |dtheta|=2.370849e+00  lambda=1.372e-05

============================================================
Iteration 7
============================================================
Theta offsets (Unity frame):
  Source   : dSx=   0.000, dSy=   0.000, dSz=   0.000  (mm)
  Object   : dOx=   0.074, dOy=   4.262, dOz=  13.458  (mm)
  Object offset: offset_x=  13.173, offset_z=  14.691  (mm)
  Detector : dDx=   0.000, dDy=   0.000, dDz=   0.000  (mm)
  Obj Stage rotY :    9.919 deg
============================================================

Unity geometry (world coordinates):
  Source   : x=   5.000, y=  29.995, z=   0.000
  Object   : x=   0.615, y=  24.262, z= 613.458
  Detector : x= -25.318, y=  18.677, z=1059.000
  Obj rotY :  -4.5698 deg

Initial calibration:
  Source   : x=   0.000, y=   0.000, z=   0.000
  Object   : x=   0.000, y=   0.000, z=   0.000
  Detector : x=  25.318, y=   6.310, z=  40.001

After Calibration: 

Unity geometry (world coordinates):
  Source   : x=   5.000, y=  29.995, z=   0.000
  Object   : x=   0.615, y=  24.262, z= 613.458
  Detector : x=   0.000, y=  24.987, z=1099.001
  Obj rotY :  -4.5698 deg
view   0 | SOD= 627.157 mm | SDD=1099.024 mm | M= 1.752 | incident=0.3689°
[[  48.584118   -625.2462       -5.7326546 ]
 [ -58.849392    468.50235      -0.7247143 ]
 [   0.14894849    0.01394665    0.        ]
 [   0.            0.            0.1496    ]]
Residual vector length: 600, Jacobian shape: (600, 6)
view   0 | SOD= 628.346 mm | SDD=1099.024 mm | M= 1.749 | incident=0.3689°
[[  51.241863   -626.2263       -5.7456856 ]
 [ -60.60736     467.07947      -0.7377453 ]
 [   0.14889096    0.014548      0.        ]
 [   0.            0.            0.1496    ]]

iter 07 cost=35614.533806 -> 35427.358857 |dtheta|=1.252189e+00  lambda=4.572e-06

============================================================
Iteration 8
============================================================
Theta offsets (Unity frame):
  Source   : dSx=   0.000, dSy=   0.000, dSz=   0.000  (mm)
  Object   : dOx=   0.052, dOy=   4.249, dOz=  14.687  (mm)
  Object offset: offset_x=  13.181, offset_z=  14.651  (mm)
  Detector : dDx=   0.000, dDy=   0.000, dDz=   0.000  (mm)
  Obj Stage rotY :   10.150 deg
============================================================

Unity geometry (world coordinates):
  Source   : x=   5.000, y=  29.995, z=   0.000
  Object   : x=   0.593, y=  24.249, z= 614.687
  Detector : x= -25.318, y=  18.677, z=1059.000
  Obj rotY :  -4.5698 deg

Initial calibration:
  Source   : x=   0.000, y=   0.000, z=   0.000
  Object   : x=   0.000, y=   0.000, z=   0.000
  Detector : x=  25.318, y=   6.310, z=  40.001

After Calibration: 

Unity geometry (world coordinates):
  Source   : x=   5.000, y=  29.995, z=   0.000
  Object   : x=   0.593, y=  24.249, z= 614.687
  Detector : x=   0.000, y=  24.987, z=1099.001
  Obj rotY :  -4.5698 deg
view   0 | SOD= 628.346 mm | SDD=1099.024 mm | M= 1.749 | incident=0.3689°
[[  51.241863   -626.2263       -5.7456856 ]
 [ -60.60736     467.07947      -0.7377453 ]
 [   0.14889096    0.014548      0.        ]
 [   0.            0.            0.1496    ]]
Residual vector length: 600, Jacobian shape: (600, 6)
view   0 | SOD= 628.188 mm | SDD=1099.024 mm | M= 1.750 | incident=0.3689°
[[  51.492535   -626.0478       -5.7660007 ]
 [ -60.765987    467.2161       -0.75806046]
 [   0.14888549    0.01460374    0.        ]
 [   0.            0.            0.1496    ]]

iter 08 cost=35427.358857 -> 35437.128343 |dtheta|=1.698962e-01  lambda=1.524e-06

============================================================
Iteration 9
============================================================
Theta offsets (Unity frame):
  Source   : dSx=   0.000, dSy=   0.000, dSz=   0.000  (mm)
  Object   : dOx=   0.052, dOy=   4.249, dOz=  14.687  (mm)
  Object offset: offset_x=  13.181, offset_z=  14.651  (mm)
  Detector : dDx=   0.000, dDy=   0.000, dDz=   0.000  (mm)
  Obj Stage rotY :   10.150 deg
============================================================

Unity geometry (world coordinates):
  Source   : x=   5.000, y=  29.995, z=   0.000
  Object   : x=   0.593, y=  24.249, z= 614.687
  Detector : x= -25.318, y=  18.677, z=1059.000
  Obj rotY :  -4.5698 deg

Initial calibration:
  Source   : x=   0.000, y=   0.000, z=   0.000
  Object   : x=   0.000, y=   0.000, z=   0.000
  Detector : x=  25.318, y=   6.310, z=  40.001

After Calibration: 

Unity geometry (world coordinates):
  Source   : x=   5.000, y=  29.995, z=   0.000
  Object   : x=   0.593, y=  24.249, z= 614.687
  Detector : x=   0.000, y=  24.987, z=1099.001
  Obj rotY :  -4.5698 deg
view   0 | SOD= 628.346 mm | SDD=1099.024 mm | M= 1.749 | incident=0.3689°
[[  51.241863   -626.2263       -5.7456856 ]
 [ -60.60736     467.07947      -0.7377453 ]
 [   0.14889096    0.014548      0.        ]
 [   0.            0.            0.1496    ]]
Residual vector length: 600, Jacobian shape: (600, 6)
view   0 | SOD= 628.188 mm | SDD=1099.024 mm | M= 1.750 | incident=0.3689°
[[  51.492535   -626.0478       -5.7660007 ]
 [ -60.765987    467.2161       -0.75806046]
 [   0.14888549    0.01460374    0.        ]
 [   0.            0.            0.1496    ]]

iter 09 cost=35427.358857 -> 35437.128343 |dtheta|=1.698962e-01  lambda=7.621e-06

============================================================
Iteration 10
============================================================
Theta offsets (Unity frame):
  Source   : dSx=   0.000, dSy=   0.000, dSz=   0.000  (mm)
  Object   : dOx=   0.052, dOy=   4.249, dOz=  14.687  (mm)
  Object offset: offset_x=  13.181, offset_z=  14.651  (mm)
  Detector : dDx=   0.000, dDy=   0.000, dDz=   0.000  (mm)
  Obj Stage rotY :   10.150 deg
============================================================

Unity geometry (world coordinates):
  Source   : x=   5.000, y=  29.995, z=   0.000
  Object   : x=   0.593, y=  24.249, z= 614.687
  Detector : x= -25.318, y=  18.677, z=1059.000
  Obj rotY :  -4.5698 deg

Initial calibration:
  Source   : x=   0.000, y=   0.000, z=   0.000
  Object   : x=   0.000, y=   0.000, z=   0.000
  Detector : x=  25.318, y=   6.310, z=  40.001

After Calibration: 

Unity geometry (world coordinates):
  Source   : x=   5.000, y=  29.995, z=   0.000
  Object   : x=   0.593, y=  24.249, z= 614.687
  Detector : x=   0.000, y=  24.987, z=1099.001
  Obj rotY :  -4.5698 deg
view   0 | SOD= 628.346 mm | SDD=1099.024 mm | M= 1.749 | incident=0.3689°
[[  51.241863   -626.2263       -5.7456856 ]
 [ -60.60736     467.07947      -0.7377453 ]
 [   0.14889096    0.014548      0.        ]
 [   0.            0.            0.1496    ]]
Residual vector length: 600, Jacobian shape: (600, 6)
view   0 | SOD= 628.188 mm | SDD=1099.024 mm | M= 1.750 | incident=0.3689°
[[  51.492535   -626.0478       -5.7660007 ]
 [ -60.765987    467.2161       -0.75806046]
 [   0.14888549    0.01460374    0.        ]
 [   0.            0.            0.1496    ]]

iter 10 cost=35427.358857 -> 35437.128343 |dtheta|=1.698961e-01  lambda=3.810e-05

============================================================
Iteration 11
============================================================
Theta offsets (Unity frame):
  Source   : dSx=   0.000, dSy=   0.000, dSz=   0.000  (mm)
  Object   : dOx=   0.052, dOy=   4.249, dOz=  14.687  (mm)
  Object offset: offset_x=  13.181, offset_z=  14.651  (mm)
  Detector : dDx=   0.000, dDy=   0.000, dDz=   0.000  (mm)
  Obj Stage rotY :   10.150 deg
============================================================

Unity geometry (world coordinates):
  Source   : x=   5.000, y=  29.995, z=   0.000
  Object   : x=   0.593, y=  24.249, z= 614.687
  Detector : x= -25.318, y=  18.677, z=1059.000
  Obj rotY :  -4.5698 deg

Initial calibration:
  Source   : x=   0.000, y=   0.000, z=   0.000
  Object   : x=   0.000, y=   0.000, z=   0.000
  Detector : x=  25.318, y=   6.310, z=  40.001

After Calibration: 

Unity geometry (world coordinates):
  Source   : x=   5.000, y=  29.995, z=   0.000
  Object   : x=   0.593, y=  24.249, z= 614.687
  Detector : x=   0.000, y=  24.987, z=1099.001
  Obj rotY :  -4.5698 deg
view   0 | SOD= 628.346 mm | SDD=1099.024 mm | M= 1.749 | incident=0.3689°
[[  51.241863   -626.2263       -5.7456856 ]
 [ -60.60736     467.07947      -0.7377453 ]
 [   0.14889096    0.014548      0.        ]
 [   0.            0.            0.1496    ]]
Residual vector length: 600, Jacobian shape: (600, 6)
view   0 | SOD= 628.188 mm | SDD=1099.024 mm | M= 1.750 | incident=0.3689°
[[  51.492535   -626.0478       -5.7660007 ]
 [ -60.765987    467.2161       -0.75806046]
 [   0.14888549    0.01460374    0.        ]
 [   0.            0.            0.1496    ]]

iter 11 cost=35427.358857 -> 35437.128343 |dtheta|=1.698958e-01  lambda=1.905e-04

============================================================
Iteration 12
============================================================
Theta offsets (Unity frame):
  Source   : dSx=   0.000, dSy=   0.000, dSz=   0.000  (mm)
  Object   : dOx=   0.052, dOy=   4.249, dOz=  14.687  (mm)
  Object offset: offset_x=  13.181, offset_z=  14.651  (mm)
  Detector : dDx=   0.000, dDy=   0.000, dDz=   0.000  (mm)
  Obj Stage rotY :   10.150 deg
============================================================

Unity geometry (world coordinates):
  Source   : x=   5.000, y=  29.995, z=   0.000
  Object   : x=   0.593, y=  24.249, z= 614.687
  Detector : x= -25.318, y=  18.677, z=1059.000
  Obj rotY :  -4.5698 deg

Initial calibration:
  Source   : x=   0.000, y=   0.000, z=   0.000
  Object   : x=   0.000, y=   0.000, z=   0.000
  Detector : x=  25.318, y=   6.310, z=  40.001

After Calibration: 

Unity geometry (world coordinates):
  Source   : x=   5.000, y=  29.995, z=   0.000
  Object   : x=   0.593, y=  24.249, z= 614.687
  Detector : x=   0.000, y=  24.987, z=1099.001
  Obj rotY :  -4.5698 deg
view   0 | SOD= 628.346 mm | SDD=1099.024 mm | M= 1.749 | incident=0.3689°
[[  51.241863   -626.2263       -5.7456856 ]
 [ -60.60736     467.07947      -0.7377453 ]
 [   0.14889096    0.014548      0.        ]
 [   0.            0.            0.1496    ]]
Residual vector length: 600, Jacobian shape: (600, 6)
view   0 | SOD= 628.188 mm | SDD=1099.024 mm | M= 1.750 | incident=0.3689°
[[  51.492535   -626.0478       -5.7660007 ]
 [ -60.765984    467.2161       -0.75806046]
 [   0.14888549    0.01460374    0.        ]
 [   0.            0.            0.1496    ]]

iter 12 cost=35427.358857 -> 35437.128343 |dtheta|=1.698945e-01  lambda=9.526e-04

============================================================
Iteration 13
============================================================
Theta offsets (Unity frame):
  Source   : dSx=   0.000, dSy=   0.000, dSz=   0.000  (mm)
  Object   : dOx=   0.052, dOy=   4.249, dOz=  14.687  (mm)
  Object offset: offset_x=  13.181, offset_z=  14.651  (mm)
  Detector : dDx=   0.000, dDy=   0.000, dDz=   0.000  (mm)
  Obj Stage rotY :   10.150 deg
============================================================

Unity geometry (world coordinates):
  Source   : x=   5.000, y=  29.995, z=   0.000
  Object   : x=   0.593, y=  24.249, z= 614.687
  Detector : x= -25.318, y=  18.677, z=1059.000
  Obj rotY :  -4.5698 deg

Initial calibration:
  Source   : x=   0.000, y=   0.000, z=   0.000
  Object   : x=   0.000, y=   0.000, z=   0.000
  Detector : x=  25.318, y=   6.310, z=  40.001

After Calibration: 

Unity geometry (world coordinates):
  Source   : x=   5.000, y=  29.995, z=   0.000
  Object   : x=   0.593, y=  24.249, z= 614.687
  Detector : x=   0.000, y=  24.987, z=1099.001
  Obj rotY :  -4.5698 deg
view   0 | SOD= 628.346 mm | SDD=1099.024 mm | M= 1.749 | incident=0.3689°
[[  51.241863   -626.2263       -5.7456856 ]
 [ -60.60736     467.07947      -0.7377453 ]
 [   0.14889096    0.014548      0.        ]
 [   0.            0.            0.1496    ]]
Residual vector length: 600, Jacobian shape: (600, 6)
view   0 | SOD= 628.188 mm | SDD=1099.024 mm | M= 1.750 | incident=0.3689°
[[  51.492535   -626.0478       -5.7660007 ]
 [ -60.765984    467.2161       -0.75806046]
 [   0.14888549    0.01460374    0.        ]
 [   0.            0.            0.1496    ]]

iter 13 cost=35427.358857 -> 35437.799079 |dtheta|=1.698875e-01  lambda=4.763e-03

============================================================
Iteration 14
============================================================
Theta offsets (Unity frame):
  Source   : dSx=   0.000, dSy=   0.000, dSz=   0.000  (mm)
  Object   : dOx=   0.052, dOy=   4.249, dOz=  14.687  (mm)
  Object offset: offset_x=  13.181, offset_z=  14.651  (mm)
  Detector : dDx=   0.000, dDy=   0.000, dDz=   0.000  (mm)
  Obj Stage rotY :   10.150 deg
============================================================

Unity geometry (world coordinates):
  Source   : x=   5.000, y=  29.995, z=   0.000
  Object   : x=   0.593, y=  24.249, z= 614.687
  Detector : x= -25.318, y=  18.677, z=1059.000
  Obj rotY :  -4.5698 deg

Initial calibration:
  Source   : x=   0.000, y=   0.000, z=   0.000
  Object   : x=   0.000, y=   0.000, z=   0.000
  Detector : x=  25.318, y=   6.310, z=  40.001

After Calibration: 

Unity geometry (world coordinates):
  Source   : x=   5.000, y=  29.995, z=   0.000
  Object   : x=   0.593, y=  24.249, z= 614.687
  Detector : x=   0.000, y=  24.987, z=1099.001
  Obj rotY :  -4.5698 deg
view   0 | SOD= 628.346 mm | SDD=1099.024 mm | M= 1.749 | incident=0.3689°
[[  51.241863   -626.2263       -5.7456856 ]
 [ -60.60736     467.07947      -0.7377453 ]
 [   0.14889096    0.014548      0.        ]
 [   0.            0.            0.1496    ]]
Residual vector length: 600, Jacobian shape: (600, 6)
view   0 | SOD= 628.188 mm | SDD=1099.024 mm | M= 1.750 | incident=0.3689°
[[  51.492535   -626.04785      -5.7660007 ]
 [ -60.765972    467.21603      -0.75806046]
 [   0.14888549    0.01460374    0.        ]
 [   0.            0.            0.1496    ]]

iter 14 cost=35427.358857 -> 35437.128343 |dtheta|=1.698528e-01  lambda=2.381e-02

============================================================
Iteration 15
============================================================
Theta offsets (Unity frame):
  Source   : dSx=   0.000, dSy=   0.000, dSz=   0.000  (mm)
  Object   : dOx=   0.052, dOy=   4.249, dOz=  14.687  (mm)
  Object offset: offset_x=  13.181, offset_z=  14.651  (mm)
  Detector : dDx=   0.000, dDy=   0.000, dDz=   0.000  (mm)
  Obj Stage rotY :   10.150 deg
============================================================

Unity geometry (world coordinates):
  Source   : x=   5.000, y=  29.995, z=   0.000
  Object   : x=   0.593, y=  24.249, z= 614.687
  Detector : x= -25.318, y=  18.677, z=1059.000
  Obj rotY :  -4.5698 deg

Initial calibration:
  Source   : x=   0.000, y=   0.000, z=   0.000
  Object   : x=   0.000, y=   0.000, z=   0.000
  Detector : x=  25.318, y=   6.310, z=  40.001

After Calibration: 

Unity geometry (world coordinates):
  Source   : x=   5.000, y=  29.995, z=   0.000
  Object   : x=   0.593, y=  24.249, z= 614.687
  Detector : x=   0.000, y=  24.987, z=1099.001
  Obj rotY :  -4.5698 deg
view   0 | SOD= 628.346 mm | SDD=1099.024 mm | M= 1.749 | incident=0.3689°
[[  51.241863   -626.2263       -5.7456856 ]
 [ -60.60736     467.07947      -0.7377453 ]
 [   0.14889096    0.014548      0.        ]
 [   0.            0.            0.1496    ]]
Residual vector length: 600, Jacobian shape: (600, 6)
view   0 | SOD= 628.189 mm | SDD=1099.024 mm | M= 1.750 | incident=0.3689°
[[  51.49252    -626.04803      -5.7660027 ]
 [ -60.765934    467.21585      -0.75806236]
 [   0.14888549    0.01460373    0.        ]
 [   0.            0.            0.1496    ]]

iter 15 cost=35427.358857 -> 35437.117692 |dtheta|=1.696797e-01  lambda=1.191e-01

============================================================
Iteration 16
============================================================
Theta offsets (Unity frame):
  Source   : dSx=   0.000, dSy=   0.000, dSz=   0.000  (mm)
  Object   : dOx=   0.052, dOy=   4.249, dOz=  14.687  (mm)
  Object offset: offset_x=  13.181, offset_z=  14.651  (mm)
  Detector : dDx=   0.000, dDy=   0.000, dDz=   0.000  (mm)
  Obj Stage rotY :   10.150 deg
============================================================

Unity geometry (world coordinates):
  Source   : x=   5.000, y=  29.995, z=   0.000
  Object   : x=   0.593, y=  24.249, z= 614.687
  Detector : x= -25.318, y=  18.677, z=1059.000
  Obj rotY :  -4.5698 deg

Initial calibration:
  Source   : x=   0.000, y=   0.000, z=   0.000
  Object   : x=   0.000, y=   0.000, z=   0.000
  Detector : x=  25.318, y=   6.310, z=  40.001

After Calibration: 

Unity geometry (world coordinates):
  Source   : x=   5.000, y=  29.995, z=   0.000
  Object   : x=   0.593, y=  24.249, z= 614.687
  Detector : x=   0.000, y=  24.987, z=1099.001
  Obj rotY :  -4.5698 deg
view   0 | SOD= 628.346 mm | SDD=1099.024 mm | M= 1.749 | incident=0.3689°
[[  51.241863   -626.2263       -5.7456856 ]
 [ -60.60736     467.07947      -0.7377453 ]
 [   0.14889096    0.014548      0.        ]
 [   0.            0.            0.1496    ]]
Residual vector length: 600, Jacobian shape: (600, 6)
view   0 | SOD= 628.189 mm | SDD=1099.024 mm | M= 1.750 | incident=0.3689°
[[  51.49244    -626.04895      -5.7660065 ]
 [ -60.76574     467.21494      -0.7580662 ]
 [   0.1488855     0.01460369    0.        ]
 [   0.            0.            0.1496    ]]

iter 16 cost=35427.358857 -> 35440.080643 |dtheta|=1.688198e-01  lambda=5.954e-01

============================================================
Iteration 17
============================================================
Theta offsets (Unity frame):
  Source   : dSx=   0.000, dSy=   0.000, dSz=   0.000  (mm)
  Object   : dOx=   0.052, dOy=   4.249, dOz=  14.687  (mm)
  Object offset: offset_x=  13.181, offset_z=  14.651  (mm)
  Detector : dDx=   0.000, dDy=   0.000, dDz=   0.000  (mm)
  Obj Stage rotY :   10.150 deg
============================================================

Unity geometry (world coordinates):
  Source   : x=   5.000, y=  29.995, z=   0.000
  Object   : x=   0.593, y=  24.249, z= 614.687
  Detector : x= -25.318, y=  18.677, z=1059.000
  Obj rotY :  -4.5698 deg

Initial calibration:
  Source   : x=   0.000, y=   0.000, z=   0.000
  Object   : x=   0.000, y=   0.000, z=   0.000
  Detector : x=  25.318, y=   6.310, z=  40.001

After Calibration: 

Unity geometry (world coordinates):
  Source   : x=   5.000, y=  29.995, z=   0.000
  Object   : x=   0.593, y=  24.249, z= 614.687
  Detector : x=   0.000, y=  24.987, z=1099.001
  Obj rotY :  -4.5698 deg
view   0 | SOD= 628.346 mm | SDD=1099.024 mm | M= 1.749 | incident=0.3689°
[[  51.241863   -626.2263       -5.7456856 ]
 [ -60.60736     467.07947      -0.7377453 ]
 [   0.14889096    0.014548      0.        ]
 [   0.            0.            0.1496    ]]
Residual vector length: 600, Jacobian shape: (600, 6)
view   0 | SOD= 628.194 mm | SDD=1099.024 mm | M= 1.749 | incident=0.3689°
[[  51.49205    -626.0534       -5.7660294 ]
 [ -60.764774    467.21063      -0.75808907]
 [   0.14888552    0.01460351    0.        ]
 [   0.            0.            0.1496    ]]

iter 17 cost=35427.358857 -> 35443.679225 |dtheta|=1.646596e-01  lambda=2.977e+00

============================================================
Iteration 18
============================================================
Theta offsets (Unity frame):
  Source   : dSx=   0.000, dSy=   0.000, dSz=   0.000  (mm)
  Object   : dOx=   0.052, dOy=   4.249, dOz=  14.687  (mm)
  Object offset: offset_x=  13.181, offset_z=  14.651  (mm)
  Detector : dDx=   0.000, dDy=   0.000, dDz=   0.000  (mm)
  Obj Stage rotY :   10.150 deg
============================================================

Unity geometry (world coordinates):
  Source   : x=   5.000, y=  29.995, z=   0.000
  Object   : x=   0.593, y=  24.249, z= 614.687
  Detector : x= -25.318, y=  18.677, z=1059.000
  Obj rotY :  -4.5698 deg

Initial calibration:
  Source   : x=   0.000, y=   0.000, z=   0.000
  Object   : x=   0.000, y=   0.000, z=   0.000
  Detector : x=  25.318, y=   6.310, z=  40.001

After Calibration: 

Unity geometry (world coordinates):
  Source   : x=   5.000, y=  29.995, z=   0.000
  Object   : x=   0.593, y=  24.249, z= 614.687
  Detector : x=   0.000, y=  24.987, z=1099.001
  Obj rotY :  -4.5698 deg
view   0 | SOD= 628.346 mm | SDD=1099.024 mm | M= 1.749 | incident=0.3689°
[[  51.241863   -626.2263       -5.7456856 ]
 [ -60.60736     467.07947      -0.7377453 ]
 [   0.14889096    0.014548      0.        ]
 [   0.            0.            0.1496    ]]
Residual vector length: 600, Jacobian shape: (600, 6)
view   0 | SOD= 628.213 mm | SDD=1099.024 mm | M= 1.749 | incident=0.3689°
[[  51.490025   -626.0725       -5.7661285 ]
 [ -60.760395    467.1922       -0.75818825]
 [   0.14888561    0.01460263    0.        ]
 [   0.            0.            0.1496    ]]

iter 18 cost=35427.358857 -> 35439.913774 |dtheta|=1.468351e-01  lambda=1.488e+01

============================================================
Iteration 19
============================================================
Theta offsets (Unity frame):
  Source   : dSx=   0.000, dSy=   0.000, dSz=   0.000  (mm)
  Object   : dOx=   0.052, dOy=   4.249, dOz=  14.687  (mm)
  Object offset: offset_x=  13.181, offset_z=  14.651  (mm)
  Detector : dDx=   0.000, dDy=   0.000, dDz=   0.000  (mm)
  Obj Stage rotY :   10.150 deg
============================================================

Unity geometry (world coordinates):
  Source   : x=   5.000, y=  29.995, z=   0.000
  Object   : x=   0.593, y=  24.249, z= 614.687
  Detector : x= -25.318, y=  18.677, z=1059.000
  Obj rotY :  -4.5698 deg

Initial calibration:
  Source   : x=   0.000, y=   0.000, z=   0.000
  Object   : x=   0.000, y=   0.000, z=   0.000
  Detector : x=  25.318, y=   6.310, z=  40.001

After Calibration: 

Unity geometry (world coordinates):
  Source   : x=   5.000, y=  29.995, z=   0.000
  Object   : x=   0.593, y=  24.249, z= 614.687
  Detector : x=   0.000, y=  24.987, z=1099.001
  Obj rotY :  -4.5698 deg
view   0 | SOD= 628.346 mm | SDD=1099.024 mm | M= 1.749 | incident=0.3689°
[[  51.241863   -626.2263       -5.7456856 ]
 [ -60.60736     467.07947      -0.7377453 ]
 [   0.14889096    0.014548      0.        ]
 [   0.            0.            0.1496    ]]
Residual vector length: 600, Jacobian shape: (600, 6)
view   0 | SOD= 628.265 mm | SDD=1099.024 mm | M= 1.749 | incident=0.3689°
[[  51.479313   -626.1262       -5.7663784 ]
 [ -60.744484    467.1412       -0.7584381 ]
 [   0.14888597    0.01459901    0.        ]
 [   0.            0.            0.1496    ]]

iter 19 cost=35427.358857 -> 35426.483239 |dtheta|=9.814125e-02  lambda=7.442e+01

============================================================
Iteration 20
============================================================
Theta offsets (Unity frame):
  Source   : dSx=   0.000, dSy=   0.000, dSz=   0.000  (mm)
  Object   : dOx=   0.050, dOy=   4.229, dOz=  14.598  (mm)
  Object offset: offset_x=  13.151, offset_z=  14.657  (mm)
  Detector : dDx=   0.000, dDy=   0.000, dDz=   0.000  (mm)
  Obj Stage rotY :   10.170 deg
============================================================

Unity geometry (world coordinates):
  Source   : x=   5.000, y=  29.995, z=   0.000
  Object   : x=   0.590, y=  24.229, z= 614.598
  Detector : x= -25.318, y=  18.677, z=1059.000
  Obj rotY :  -4.5698 deg

Initial calibration:
  Source   : x=   0.000, y=   0.000, z=   0.000
  Object   : x=   0.000, y=   0.000, z=   0.000
  Detector : x=  25.318, y=   6.310, z=  40.001

After Calibration: 

Unity geometry (world coordinates):
  Source   : x=   5.000, y=  29.995, z=   0.000
  Object   : x=   0.590, y=  24.229, z= 614.598
  Detector : x=   0.000, y=  24.987, z=1099.001
  Obj rotY :  -4.5698 deg
view   0 | SOD= 628.265 mm | SDD=1099.024 mm | M= 1.749 | incident=0.3689°
[[  51.479313   -626.1262       -5.7663784 ]
 [ -60.744484    467.1412       -0.7584381 ]
 [   0.14888597    0.01459901    0.        ]
 [   0.            0.            0.1496    ]]
Residual vector length: 600, Jacobian shape: (600, 6)
view   0 | SOD= 629.050 mm | SDD=1099.024 mm | M= 1.747 | incident=0.3689°
[[  47.09312    -627.2585       -5.7535152 ]
 [ -57.508846    466.7645       -0.74557495]
 [   0.14898409    0.01356105    0.        ]
 [   0.            0.            0.1496    ]]

iter 20 cost=35426.483239 -> 35520.757704 |dtheta|=9.598716e-01  lambda=2.481e+01

============================================================
Iteration 21
============================================================
Theta offsets (Unity frame):
  Source   : dSx=   0.000, dSy=   0.000, dSz=   0.000  (mm)
  Object   : dOx=   0.050, dOy=   4.229, dOz=  14.598  (mm)
  Object offset: offset_x=  13.151, offset_z=  14.657  (mm)
  Detector : dDx=   0.000, dDy=   0.000, dDz=   0.000  (mm)
  Obj Stage rotY :   10.170 deg
============================================================

Unity geometry (world coordinates):
  Source   : x=   5.000, y=  29.995, z=   0.000
  Object   : x=   0.590, y=  24.229, z= 614.598
  Detector : x= -25.318, y=  18.677, z=1059.000
  Obj rotY :  -4.5698 deg

Initial calibration:
  Source   : x=   0.000, y=   0.000, z=   0.000
  Object   : x=   0.000, y=   0.000, z=   0.000
  Detector : x=  25.318, y=   6.310, z=  40.001

After Calibration: 

Unity geometry (world coordinates):
  Source   : x=   5.000, y=  29.995, z=   0.000
  Object   : x=   0.590, y=  24.229, z= 614.598
  Detector : x=   0.000, y=  24.987, z=1099.001
  Obj rotY :  -4.5698 deg
view   0 | SOD= 628.265 mm | SDD=1099.024 mm | M= 1.749 | incident=0.3689°
[[  51.479313   -626.1262       -5.7663784 ]
 [ -60.744484    467.1412       -0.7584381 ]
 [   0.14888597    0.01459901    0.        ]
 [   0.            0.            0.1496    ]]
Residual vector length: 600, Jacobian shape: (600, 6)
view   0 | SOD= 628.635 mm | SDD=1099.024 mm | M= 1.748 | incident=0.3689°
[[  47.528378   -626.8093       -5.751274  ]
 [ -57.88726     467.1356       -0.7433338 ]
 [   0.14897396    0.01367186    0.        ]
 [   0.            0.            0.1496    ]]

iter 21 cost=35426.483239 -> 35496.187476 |dtheta|=5.927010e-01  lambda=1.240e+02

============================================================
Iteration 22
============================================================
Theta offsets (Unity frame):
  Source   : dSx=   0.000, dSy=   0.000, dSz=   0.000  (mm)
  Object   : dOx=   0.050, dOy=   4.229, dOz=  14.598  (mm)
  Object offset: offset_x=  13.151, offset_z=  14.657  (mm)
  Detector : dDx=   0.000, dDy=   0.000, dDz=   0.000  (mm)
  Obj Stage rotY :   10.170 deg
============================================================

Unity geometry (world coordinates):
  Source   : x=   5.000, y=  29.995, z=   0.000
  Object   : x=   0.590, y=  24.229, z= 614.598
  Detector : x= -25.318, y=  18.677, z=1059.000
  Obj rotY :  -4.5698 deg

Initial calibration:
  Source   : x=   0.000, y=   0.000, z=   0.000
  Object   : x=   0.000, y=   0.000, z=   0.000
  Detector : x=  25.318, y=   6.310, z=  40.001

After Calibration: 

Unity geometry (world coordinates):
  Source   : x=   5.000, y=  29.995, z=   0.000
  Object   : x=   0.590, y=  24.229, z= 614.598
  Detector : x=   0.000, y=  24.987, z=1099.001
  Obj rotY :  -4.5698 deg
view   0 | SOD= 628.265 mm | SDD=1099.024 mm | M= 1.749 | incident=0.3689°
[[  51.479313   -626.1262       -5.7663784 ]
 [ -60.744484    467.1412       -0.7584381 ]
 [   0.14888597    0.01459901    0.        ]
 [   0.            0.            0.1496    ]]
Residual vector length: 600, Jacobian shape: (600, 6)
view   0 | SOD= 628.312 mm | SDD=1099.024 mm | M= 1.749 | incident=0.3689°
[[  48.92123    -626.3779       -5.7493305 ]
 [ -58.970654    467.3255       -0.7413902 ]
 [   0.14894262    0.01400907    0.        ]
 [   0.            0.            0.1496    ]]

iter 22 cost=35426.483239 -> 35453.378368 |dtheta|=2.902188e-01  lambda=6.202e+02

============================================================
Iteration 23
============================================================
Theta offsets (Unity frame):
  Source   : dSx=   0.000, dSy=   0.000, dSz=   0.000  (mm)
  Object   : dOx=   0.050, dOy=   4.229, dOz=  14.598  (mm)
  Object offset: offset_x=  13.151, offset_z=  14.657  (mm)
  Detector : dDx=   0.000, dDy=   0.000, dDz=   0.000  (mm)
  Obj Stage rotY :   10.170 deg
============================================================

Unity geometry (world coordinates):
  Source   : x=   5.000, y=  29.995, z=   0.000
  Object   : x=   0.590, y=  24.229, z= 614.598
  Detector : x= -25.318, y=  18.677, z=1059.000
  Obj rotY :  -4.5698 deg

Initial calibration:
  Source   : x=   0.000, y=   0.000, z=   0.000
  Object   : x=   0.000, y=   0.000, z=   0.000
  Detector : x=  25.318, y=   6.310, z=  40.001

After Calibration: 

Unity geometry (world coordinates):
  Source   : x=   5.000, y=  29.995, z=   0.000
  Object   : x=   0.590, y=  24.229, z= 614.598
  Detector : x=   0.000, y=  24.987, z=1099.001
  Obj rotY :  -4.5698 deg
view   0 | SOD= 628.265 mm | SDD=1099.024 mm | M= 1.749 | incident=0.3689°
[[  51.479313   -626.1262       -5.7663784 ]
 [ -60.744484    467.1412       -0.7584381 ]
 [   0.14888597    0.01459901    0.        ]
 [   0.            0.            0.1496    ]]
Residual vector length: 600, Jacobian shape: (600, 6)
view   0 | SOD= 628.217 mm | SDD=1099.024 mm | M= 1.749 | incident=0.3689°
[[  50.52176    -626.15607      -5.74992   ]
 [ -60.16572     467.26794      -0.7419796 ]
 [   0.14890632    0.01438979    0.        ]
 [   0.            0.            0.1496    ]]

iter 23 cost=35426.483239 -> 35457.480516 |dtheta|=1.333169e-01  lambda=3.101e+03

============================================================
Iteration 24
============================================================
Theta offsets (Unity frame):
  Source   : dSx=   0.000, dSy=   0.000, dSz=   0.000  (mm)
  Object   : dOx=   0.050, dOy=   4.229, dOz=  14.598  (mm)
  Object offset: offset_x=  13.151, offset_z=  14.657  (mm)
  Detector : dDx=   0.000, dDy=   0.000, dDz=   0.000  (mm)
  Obj Stage rotY :   10.170 deg
============================================================

Unity geometry (world coordinates):
  Source   : x=   5.000, y=  29.995, z=   0.000
  Object   : x=   0.590, y=  24.229, z= 614.598
  Detector : x= -25.318, y=  18.677, z=1059.000
  Obj rotY :  -4.5698 deg

Initial calibration:
  Source   : x=   0.000, y=   0.000, z=   0.000
  Object   : x=   0.000, y=   0.000, z=   0.000
  Detector : x=  25.318, y=   6.310, z=  40.001

After Calibration: 

Unity geometry (world coordinates):
  Source   : x=   5.000, y=  29.995, z=   0.000
  Object   : x=   0.590, y=  24.229, z= 614.598
  Detector : x=   0.000, y=  24.987, z=1099.001
  Obj rotY :  -4.5698 deg
view   0 | SOD= 628.265 mm | SDD=1099.024 mm | M= 1.749 | incident=0.3689°
[[  51.479313   -626.1262       -5.7663784 ]
 [ -60.744484    467.1412       -0.7584381 ]
 [   0.14888597    0.01459901    0.        ]
 [   0.            0.            0.1496    ]]
Residual vector length: 600, Jacobian shape: (600, 6)
view   0 | SOD= 628.226 mm | SDD=1099.024 mm | M= 1.749 | incident=0.3689°
[[  51.21829    -626.10834      -5.7552795 ]
 [ -60.634617    467.19708      -0.74733925]
 [   0.1488909     0.0145485     0.        ]
 [   0.            0.            0.1496    ]]

iter 24 cost=35426.483239 -> 35371.566749 |dtheta|=6.320832e-02  lambda=1.550e+04

============================================================
Iteration 25
============================================================
Theta offsets (Unity frame):
  Source   : dSx=   0.000, dSy=   0.000, dSz=   0.000  (mm)
  Object   : dOx=   0.061, dOy=   4.240, dOz=  14.605  (mm)
  Object offset: offset_x=  13.189, offset_z=  14.614  (mm)
  Detector : dDx=   0.000, dDy=   0.000, dDz=   0.000  (mm)
  Obj Stage rotY :   10.151 deg
============================================================

Unity geometry (world coordinates):
  Source   : x=   5.000, y=  29.995, z=   0.000
  Object   : x=   0.602, y=  24.240, z= 614.605
  Detector : x= -25.318, y=  18.677, z=1059.000
  Obj rotY :  -4.5698 deg

Initial calibration:
  Source   : x=   0.000, y=   0.000, z=   0.000
  Object   : x=   0.000, y=   0.000, z=   0.000
  Detector : x=  25.318, y=   6.310, z=  40.001

After Calibration: 

Unity geometry (world coordinates):
  Source   : x=   5.000, y=  29.995, z=   0.000
  Object   : x=   0.602, y=  24.240, z= 614.605
  Detector : x=   0.000, y=  24.987, z=1099.001
  Obj rotY :  -4.5698 deg
view   0 | SOD= 628.226 mm | SDD=1099.024 mm | M= 1.749 | incident=0.3689°
[[  51.21829    -626.10834      -5.7552795 ]
 [ -60.634617    467.19708      -0.74733925]
 [   0.1488909     0.0145485     0.        ]
 [   0.            0.            0.1496    ]]
Residual vector length: 600, Jacobian shape: (600, 6)
view   0 | SOD= 628.209 mm | SDD=1099.024 mm | M= 1.749 | incident=0.3689°
[[  51.737144   -626.0485       -5.762928  ]
 [ -61.272133    467.13803      -0.7549877 ]
 [   0.14887543    0.01470598    0.        ]
 [   0.            0.            0.1496    ]]

iter 25 cost=35371.566749 -> 35445.472300 |dtheta|=1.610684e-01  lambda=5.168e+03

============================================================
Iteration 26
============================================================
Theta offsets (Unity frame):
  Source   : dSx=   0.000, dSy=   0.000, dSz=   0.000  (mm)
  Object   : dOx=   0.061, dOy=   4.240, dOz=  14.605  (mm)
  Object offset: offset_x=  13.189, offset_z=  14.614  (mm)
  Detector : dDx=   0.000, dDy=   0.000, dDz=   0.000  (mm)
  Obj Stage rotY :   10.151 deg
============================================================

Unity geometry (world coordinates):
  Source   : x=   5.000, y=  29.995, z=   0.000
  Object   : x=   0.602, y=  24.240, z= 614.605
  Detector : x= -25.318, y=  18.677, z=1059.000
  Obj rotY :  -4.5698 deg

Initial calibration:
  Source   : x=   0.000, y=   0.000, z=   0.000
  Object   : x=   0.000, y=   0.000, z=   0.000
  Detector : x=  25.318, y=   6.310, z=  40.001

After Calibration: 

Unity geometry (world coordinates):
  Source   : x=   5.000, y=  29.995, z=   0.000
  Object   : x=   0.602, y=  24.240, z= 614.605
  Detector : x=   0.000, y=  24.987, z=1099.001
  Obj rotY :  -4.5698 deg
view   0 | SOD= 628.226 mm | SDD=1099.024 mm | M= 1.749 | incident=0.3689°
[[  51.21829    -626.10834      -5.7552795 ]
 [ -60.634617    467.19708      -0.74733925]
 [   0.1488909     0.0145485     0.        ]
 [   0.            0.            0.1496    ]]
Residual vector length: 600, Jacobian shape: (600, 6)
view   0 | SOD= 628.209 mm | SDD=1099.024 mm | M= 1.749 | incident=0.3689°
[[  51.290394   -626.08545      -5.758871  ]
 [ -60.81235     467.19443      -0.7509308 ]
 [   0.14888757    0.01458252    0.        ]
 [   0.            0.            0.1496    ]]

iter 26 cost=35371.566749 -> 35385.780173 |dtheta|=7.302150e-02  lambda=2.584e+04

============================================================
Iteration 27
============================================================
Theta offsets (Unity frame):
  Source   : dSx=   0.000, dSy=   0.000, dSz=   0.000  (mm)
  Object   : dOx=   0.061, dOy=   4.240, dOz=  14.605  (mm)
  Object offset: offset_x=  13.189, offset_z=  14.614  (mm)
  Detector : dDx=   0.000, dDy=   0.000, dDz=   0.000  (mm)
  Obj Stage rotY :   10.151 deg
============================================================

Unity geometry (world coordinates):
  Source   : x=   5.000, y=  29.995, z=   0.000
  Object   : x=   0.602, y=  24.240, z= 614.605
  Detector : x= -25.318, y=  18.677, z=1059.000
  Obj rotY :  -4.5698 deg

Initial calibration:
  Source   : x=   0.000, y=   0.000, z=   0.000
  Object   : x=   0.000, y=   0.000, z=   0.000
  Detector : x=  25.318, y=   6.310, z=  40.001

After Calibration: 

Unity geometry (world coordinates):
  Source   : x=   5.000, y=  29.995, z=   0.000
  Object   : x=   0.602, y=  24.240, z= 614.605
  Detector : x=   0.000, y=  24.987, z=1099.001
  Obj rotY :  -4.5698 deg
view   0 | SOD= 628.226 mm | SDD=1099.024 mm | M= 1.749 | incident=0.3689°
[[  51.21829    -626.10834      -5.7552795 ]
 [ -60.634617    467.19708      -0.74733925]
 [   0.1488909     0.0145485     0.        ]
 [   0.            0.            0.1496    ]]
Residual vector length: 600, Jacobian shape: (600, 6)
view   0 | SOD= 628.221 mm | SDD=1099.024 mm | M= 1.749 | incident=0.3689°
[[  51.22663    -626.10236      -5.7562447 ]
 [ -60.675873    467.19803      -0.74830437]
 [   0.14889024    0.01455525    0.        ]
 [   0.            0.            0.1496    ]]

iter 27 cost=35371.566749 -> 35372.547928 |dtheta|=2.038447e-02  lambda=1.292e+05

============================================================
Iteration 28
============================================================
Theta offsets (Unity frame):
  Source   : dSx=   0.000, dSy=   0.000, dSz=   0.000  (mm)
  Object   : dOx=   0.061, dOy=   4.240, dOz=  14.605  (mm)
  Object offset: offset_x=  13.189, offset_z=  14.614  (mm)
  Detector : dDx=   0.000, dDy=   0.000, dDz=   0.000  (mm)
  Obj Stage rotY :   10.151 deg
============================================================

Unity geometry (world coordinates):
  Source   : x=   5.000, y=  29.995, z=   0.000
  Object   : x=   0.602, y=  24.240, z= 614.605
  Detector : x= -25.318, y=  18.677, z=1059.000
  Obj rotY :  -4.5698 deg

Initial calibration:
  Source   : x=   0.000, y=   0.000, z=   0.000
  Object   : x=   0.000, y=   0.000, z=   0.000
  Detector : x=  25.318, y=   6.310, z=  40.001

After Calibration: 

Unity geometry (world coordinates):
  Source   : x=   5.000, y=  29.995, z=   0.000
  Object   : x=   0.602, y=  24.240, z= 614.605
  Detector : x=   0.000, y=  24.987, z=1099.001
  Obj rotY :  -4.5698 deg
view   0 | SOD= 628.226 mm | SDD=1099.024 mm | M= 1.749 | incident=0.3689°
[[  51.21829    -626.10834      -5.7552795 ]
 [ -60.634617    467.19708      -0.74733925]
 [   0.1488909     0.0145485     0.        ]
 [   0.            0.            0.1496    ]]
Residual vector length: 600, Jacobian shape: (600, 6)
view   0 | SOD= 628.225 mm | SDD=1099.024 mm | M= 1.749 | incident=0.3689°
[[  51.21957    -626.1071       -5.7554855 ]
 [ -60.643204    467.19733      -0.74754524]
 [   0.14889078    0.01454984    0.        ]
 [   0.            0.            0.1496    ]]

iter 28 cost=35371.566749 -> 35374.046372 |dtheta|=4.433879e-03  lambda=6.460e+05

============================================================
Iteration 29
============================================================
Theta offsets (Unity frame):
  Source   : dSx=   0.000, dSy=   0.000, dSz=   0.000  (mm)
  Object   : dOx=   0.061, dOy=   4.240, dOz=  14.605  (mm)
  Object offset: offset_x=  13.189, offset_z=  14.614  (mm)
  Detector : dDx=   0.000, dDy=   0.000, dDz=   0.000  (mm)
  Obj Stage rotY :   10.151 deg
============================================================

Unity geometry (world coordinates):
  Source   : x=   5.000, y=  29.995, z=   0.000
  Object   : x=   0.602, y=  24.240, z= 614.605
  Detector : x= -25.318, y=  18.677, z=1059.000
  Obj rotY :  -4.5698 deg

Initial calibration:
  Source   : x=   0.000, y=   0.000, z=   0.000
  Object   : x=   0.000, y=   0.000, z=   0.000
  Detector : x=  25.318, y=   6.310, z=  40.001

After Calibration: 

Unity geometry (world coordinates):
  Source   : x=   5.000, y=  29.995, z=   0.000
  Object   : x=   0.602, y=  24.240, z= 614.605
  Detector : x=   0.000, y=  24.987, z=1099.001
  Obj rotY :  -4.5698 deg
view   0 | SOD= 628.226 mm | SDD=1099.024 mm | M= 1.749 | incident=0.3689°
[[  51.21829    -626.10834      -5.7552795 ]
 [ -60.634617    467.19708      -0.74733925]
 [   0.1488909     0.0145485     0.        ]
 [   0.            0.            0.1496    ]]
Residual vector length: 600, Jacobian shape: (600, 6)
view   0 | SOD= 628.225 mm | SDD=1099.024 mm | M= 1.749 | incident=0.3689°
[[  51.21909    -626.10754      -5.755413  ]
 [ -60.640182    467.19727      -0.74747276]
 [   0.14889082    0.01454937    0.        ]
 [   0.            0.            0.1496    ]]

iter 29 cost=35371.566749 -> 35361.555603 |dtheta|=2.886816e-03  lambda=1.000e+06

============================================================
Iteration 30
============================================================
Theta offsets (Unity frame):
  Source   : dSx=   0.000, dSy=   0.000, dSz=   0.000  (mm)
  Object   : dOx=   0.061, dOy=   4.239, dOz=  14.605  (mm)
  Object offset: offset_x=  13.191, offset_z=  14.613  (mm)
  Detector : dDx=   0.000, dDy=   0.000, dDz=   0.000  (mm)
  Obj Stage rotY :   10.151 deg
============================================================

Unity geometry (world coordinates):
  Source   : x=   5.000, y=  29.995, z=   0.000
  Object   : x=   0.602, y=  24.239, z= 614.605
  Detector : x= -25.318, y=  18.677, z=1059.000
  Obj rotY :  -4.5698 deg

Initial calibration:
  Source   : x=   0.000, y=   0.000, z=   0.000
  Object   : x=   0.000, y=   0.000, z=   0.000
  Detector : x=  25.318, y=   6.310, z=  40.001

After Calibration: 

Unity geometry (world coordinates):
  Source   : x=   5.000, y=  29.995, z=   0.000
  Object   : x=   0.602, y=  24.239, z= 614.605
  Detector : x=   0.000, y=  24.987, z=1099.001
  Obj rotY :  -4.5698 deg
view   0 | SOD= 628.225 mm | SDD=1099.024 mm | M= 1.749 | incident=0.3689°
[[  51.21909    -626.10754      -5.755413  ]
 [ -60.640182    467.19727      -0.74747276]
 [   0.14889082    0.01454937    0.        ]
 [   0.            0.            0.1496    ]]
Residual vector length: 600, Jacobian shape: (600, 6)
view   0 | SOD= 628.224 mm | SDD=1099.024 mm | M= 1.749 | incident=0.3689°
[[  51.223377   -626.10596      -5.7561474 ]
 [ -60.65178     467.1972       -0.7482071 ]
 [   0.1488906     0.01455153    0.        ]
 [   0.            0.            0.1496    ]]

iter 30 cost=35361.555603 -> 35360.925735 |dtheta|=5.164208e-03  lambda=3.333e+05

============================================================
Iteration 31
============================================================
Theta offsets (Unity frame):
  Source   : dSx=   0.000, dSy=   0.000, dSz=   0.000  (mm)
  Object   : dOx=   0.061, dOy=   4.239, dOz=  14.606  (mm)
  Object offset: offset_x=  13.196, offset_z=  14.612  (mm)
  Detector : dDx=   0.000, dDy=   0.000, dDz=   0.000  (mm)
  Obj Stage rotY :   10.152 deg
============================================================

Unity geometry (world coordinates):
  Source   : x=   5.000, y=  29.995, z=   0.000
  Object   : x=   0.602, y=  24.239, z= 614.606
  Detector : x= -25.318, y=  18.677, z=1059.000
  Obj rotY :  -4.5698 deg

Initial calibration:
  Source   : x=   0.000, y=   0.000, z=   0.000
  Object   : x=   0.000, y=   0.000, z=   0.000
  Detector : x=  25.318, y=   6.310, z=  40.001

After Calibration: 

Unity geometry (world coordinates):
  Source   : x=   5.000, y=  29.995, z=   0.000
  Object   : x=   0.602, y=  24.239, z= 614.606
  Detector : x=   0.000, y=  24.987, z=1099.001
  Obj rotY :  -4.5698 deg
view   0 | SOD= 628.224 mm | SDD=1099.024 mm | M= 1.749 | incident=0.3689°
[[  51.223377   -626.10596      -5.7561474 ]
 [ -60.65178     467.1972       -0.7482071 ]
 [   0.1488906     0.01455153    0.        ]
 [   0.            0.            0.1496    ]]
Residual vector length: 600, Jacobian shape: (600, 6)
view   0 | SOD= 628.227 mm | SDD=1099.024 mm | M= 1.749 | incident=0.3689°
[[  51.247734   -626.1063       -5.7573586 ]
 [ -60.6727      467.1922       -0.74941826]
 [   0.14889       0.0145577     0.        ]
 [   0.            0.            0.1496    ]]

iter 31 cost=35360.925735 -> 35369.656503 |dtheta|=3.819280e-03  lambda=1.111e+05

============================================================
Iteration 32
============================================================
Theta offsets (Unity frame):
  Source   : dSx=   0.000, dSy=   0.000, dSz=   0.000  (mm)
  Object   : dOx=   0.061, dOy=   4.239, dOz=  14.606  (mm)
  Object offset: offset_x=  13.196, offset_z=  14.612  (mm)
  Detector : dDx=   0.000, dDy=   0.000, dDz=   0.000  (mm)
  Obj Stage rotY :   10.152 deg
============================================================

Unity geometry (world coordinates):
  Source   : x=   5.000, y=  29.995, z=   0.000
  Object   : x=   0.602, y=  24.239, z= 614.606
  Detector : x= -25.318, y=  18.677, z=1059.000
  Obj rotY :  -4.5698 deg

Initial calibration:
  Source   : x=   0.000, y=   0.000, z=   0.000
  Object   : x=   0.000, y=   0.000, z=   0.000
  Detector : x=  25.318, y=   6.310, z=  40.001

After Calibration: 

Unity geometry (world coordinates):
  Source   : x=   5.000, y=  29.995, z=   0.000
  Object   : x=   0.602, y=  24.239, z= 614.606
  Detector : x=   0.000, y=  24.987, z=1099.001
  Obj rotY :  -4.5698 deg
view   0 | SOD= 628.224 mm | SDD=1099.024 mm | M= 1.749 | incident=0.3689°
[[  51.223377   -626.10596      -5.7561474 ]
 [ -60.65178     467.1972       -0.7482071 ]
 [   0.1488906     0.01455153    0.        ]
 [   0.            0.            0.1496    ]]
Residual vector length: 600, Jacobian shape: (600, 6)
view   0 | SOD= 628.225 mm | SDD=1099.024 mm | M= 1.749 | incident=0.3689°
[[  51.22824    -626.1061       -5.756426  ]
 [ -60.656006    467.19617      -0.74848557]
 [   0.14889048    0.01455277    0.        ]
 [   0.            0.            0.1496    ]]

iter 32 cost=35360.925735 -> 35356.920451 |dtheta|=8.126572e-04  lambda=5.556e+05

============================================================
Iteration 33
============================================================
Theta offsets (Unity frame):
  Source   : dSx=   0.000, dSy=   0.000, dSz=   0.000  (mm)
  Object   : dOx=   0.061, dOy=   4.238, dOz=  14.606  (mm)
  Object offset: offset_x=  13.197, offset_z=  14.612  (mm)
  Detector : dDx=   0.000, dDy=   0.000, dDz=   0.000  (mm)
  Obj Stage rotY :   10.152 deg
============================================================

Unity geometry (world coordinates):
  Source   : x=   5.000, y=  29.995, z=   0.000
  Object   : x=   0.602, y=  24.238, z= 614.606
  Detector : x= -25.318, y=  18.677, z=1059.000
  Obj rotY :  -4.5698 deg

Initial calibration:
  Source   : x=   0.000, y=   0.000, z=   0.000
  Object   : x=   0.000, y=   0.000, z=   0.000
  Detector : x=  25.318, y=   6.310, z=  40.001

After Calibration: 

Unity geometry (world coordinates):
  Source   : x=   5.000, y=  29.995, z=   0.000
  Object   : x=   0.602, y=  24.238, z= 614.606
  Detector : x=   0.000, y=  24.987, z=1099.001
  Obj rotY :  -4.5698 deg
view   0 | SOD= 628.225 mm | SDD=1099.024 mm | M= 1.749 | incident=0.3689°
[[  51.22824    -626.1061       -5.756426  ]
 [ -60.656006    467.19617      -0.74848557]
 [   0.14889048    0.01455277    0.        ]
 [   0.            0.            0.1496    ]]
Residual vector length: 600, Jacobian shape: (600, 6)
view   0 | SOD= 628.225 mm | SDD=1099.024 mm | M= 1.749 | incident=0.3689°
[[  51.20939    -626.10803      -5.7570496 ]
 [ -60.64116     467.19763      -0.74910927]
 [   0.14889093    0.01454818    0.        ]
 [   0.            0.            0.1496    ]]

iter 33 cost=35356.920451 -> 35360.871677 |dtheta|=1.928063e-03  lambda=1.852e+05

============================================================
Iteration 34
============================================================
Theta offsets (Unity frame):
  Source   : dSx=   0.000, dSy=   0.000, dSz=   0.000  (mm)
  Object   : dOx=   0.061, dOy=   4.238, dOz=  14.606  (mm)
  Object offset: offset_x=  13.197, offset_z=  14.612  (mm)
  Detector : dDx=   0.000, dDy=   0.000, dDz=   0.000  (mm)
  Obj Stage rotY :   10.152 deg
============================================================

Unity geometry (world coordinates):
  Source   : x=   5.000, y=  29.995, z=   0.000
  Object   : x=   0.602, y=  24.238, z= 614.606
  Detector : x= -25.318, y=  18.677, z=1059.000
  Obj rotY :  -4.5698 deg

Initial calibration:
  Source   : x=   0.000, y=   0.000, z=   0.000
  Object   : x=   0.000, y=   0.000, z=   0.000
  Detector : x=  25.318, y=   6.310, z=  40.001

After Calibration: 

Unity geometry (world coordinates):
  Source   : x=   5.000, y=  29.995, z=   0.000
  Object   : x=   0.602, y=  24.238, z= 614.606
  Detector : x=   0.000, y=  24.987, z=1099.001
  Obj rotY :  -4.5698 deg
view   0 | SOD= 628.225 mm | SDD=1099.024 mm | M= 1.749 | incident=0.3689°
[[  51.22824    -626.1061       -5.756426  ]
 [ -60.656006    467.19617      -0.74848557]
 [   0.14889048    0.01455277    0.        ]
 [   0.            0.            0.1496    ]]
Residual vector length: 600, Jacobian shape: (600, 6)
view   0 | SOD= 628.225 mm | SDD=1099.024 mm | M= 1.749 | incident=0.3689°
[[  51.224464   -626.1065       -5.7565613 ]
 [ -60.653015    467.1964       -0.748621  ]
 [   0.14889057    0.01455185    0.        ]
 [   0.            0.            0.1496    ]]

iter 34 cost=35356.920451 -> 35356.562786 |dtheta|=3.920258e-04  lambda=9.259e+05

============================================================
Iteration 35
============================================================
Theta offsets (Unity frame):
  Source   : dSx=   0.000, dSy=   0.000, dSz=   0.000  (mm)
  Object   : dOx=   0.061, dOy=   4.238, dOz=  14.606  (mm)
  Object offset: offset_x=  13.197, offset_z=  14.612  (mm)
  Detector : dDx=   0.000, dDy=   0.000, dDz=   0.000  (mm)
  Obj Stage rotY :   10.152 deg
============================================================

Unity geometry (world coordinates):
  Source   : x=   5.000, y=  29.995, z=   0.000
  Object   : x=   0.602, y=  24.238, z= 614.606
  Detector : x= -25.318, y=  18.677, z=1059.000
  Obj rotY :  -4.5698 deg

Initial calibration:
  Source   : x=   0.000, y=   0.000, z=   0.000
  Object   : x=   0.000, y=   0.000, z=   0.000
  Detector : x=  25.318, y=   6.310, z=  40.001

After Calibration: 

Unity geometry (world coordinates):
  Source   : x=   5.000, y=  29.995, z=   0.000
  Object   : x=   0.602, y=  24.238, z= 614.606
  Detector : x=   0.000, y=  24.987, z=1099.001
  Obj rotY :  -4.5698 deg
view   0 | SOD= 628.225 mm | SDD=1099.024 mm | M= 1.749 | incident=0.3689°
[[  51.224464   -626.1065       -5.7565613 ]
 [ -60.653015    467.1964       -0.748621  ]
 [   0.14889057    0.01455185    0.        ]
 [   0.            0.            0.1496    ]]
Residual vector length: 600, Jacobian shape: (600, 6)
view   0 | SOD= 628.225 mm | SDD=1099.024 mm | M= 1.749 | incident=0.3689°
[[  51.225067   -626.10693      -5.7570305 ]
 [ -60.650803    467.19617      -0.7490902 ]
 [   0.1488906     0.01455163    0.        ]
 [   0.            0.            0.1496    ]]

iter 35 cost=35356.562786 -> 35363.400913 |dtheta|=1.559316e-03  lambda=3.086e+05

============================================================
Iteration 36
============================================================
Theta offsets (Unity frame):
  Source   : dSx=   0.000, dSy=   0.000, dSz=   0.000  (mm)
  Object   : dOx=   0.061, dOy=   4.238, dOz=  14.606  (mm)
  Object offset: offset_x=  13.197, offset_z=  14.612  (mm)
  Detector : dDx=   0.000, dDy=   0.000, dDz=   0.000  (mm)
  Obj Stage rotY :   10.152 deg
============================================================

Unity geometry (world coordinates):
  Source   : x=   5.000, y=  29.995, z=   0.000
  Object   : x=   0.602, y=  24.238, z= 614.606
  Detector : x= -25.318, y=  18.677, z=1059.000
  Obj rotY :  -4.5698 deg

Initial calibration:
  Source   : x=   0.000, y=   0.000, z=   0.000
  Object   : x=   0.000, y=   0.000, z=   0.000
  Detector : x=  25.318, y=   6.310, z=  40.001

After Calibration: 

Unity geometry (world coordinates):
  Source   : x=   5.000, y=  29.995, z=   0.000
  Object   : x=   0.602, y=  24.238, z= 614.606
  Detector : x=   0.000, y=  24.987, z=1099.001
  Obj rotY :  -4.5698 deg
view   0 | SOD= 628.225 mm | SDD=1099.024 mm | M= 1.749 | incident=0.3689°
[[  51.224464   -626.1065       -5.7565613 ]
 [ -60.653015    467.1964       -0.748621  ]
 [   0.14889057    0.01455185    0.        ]
 [   0.            0.            0.1496    ]]
Residual vector length: 600, Jacobian shape: (600, 6)
view   0 | SOD= 628.225 mm | SDD=1099.024 mm | M= 1.749 | incident=0.3689°
[[  51.224667   -626.1066       -5.756714  ]
 [ -60.65232     467.19638      -0.7487736 ]
 [   0.14889058    0.01455178    0.        ]
 [   0.            0.            0.1496    ]]

iter 36 cost=35356.562786 -> 35366.751942 |dtheta|=4.974351e-04  lambda=1.000e+06

============================================================
Iteration 37
============================================================
Theta offsets (Unity frame):
  Source   : dSx=   0.000, dSy=   0.000, dSz=   0.000  (mm)
  Object   : dOx=   0.061, dOy=   4.238, dOz=  14.606  (mm)
  Object offset: offset_x=  13.197, offset_z=  14.612  (mm)
  Detector : dDx=   0.000, dDy=   0.000, dDz=   0.000  (mm)
  Obj Stage rotY :   10.152 deg
============================================================

Unity geometry (world coordinates):
  Source   : x=   5.000, y=  29.995, z=   0.000
  Object   : x=   0.602, y=  24.238, z= 614.606
  Detector : x= -25.318, y=  18.677, z=1059.000
  Obj rotY :  -4.5698 deg

Initial calibration:
  Source   : x=   0.000, y=   0.000, z=   0.000
  Object   : x=   0.000, y=   0.000, z=   0.000
  Detector : x=  25.318, y=   6.310, z=  40.001

After Calibration: 

Unity geometry (world coordinates):
  Source   : x=   5.000, y=  29.995, z=   0.000
  Object   : x=   0.602, y=  24.238, z= 614.606
  Detector : x=   0.000, y=  24.987, z=1099.001
  Obj rotY :  -4.5698 deg
view   0 | SOD= 628.225 mm | SDD=1099.024 mm | M= 1.749 | incident=0.3689°
[[  51.224464   -626.1065       -5.7565613 ]
 [ -60.653015    467.1964       -0.748621  ]
 [   0.14889057    0.01455185    0.        ]
 [   0.            0.            0.1496    ]]
Residual vector length: 600, Jacobian shape: (600, 6)
view   0 | SOD= 628.225 mm | SDD=1099.024 mm | M= 1.749 | incident=0.3689°
[[  51.224667   -626.1066       -5.756714  ]
 [ -60.65232     467.19638      -0.7487736 ]
 [   0.14889058    0.01455178    0.        ]
 [   0.            0.            0.1496    ]]

iter 37 cost=35356.562786 -> 35366.751942 |dtheta|=4.974351e-04  lambda=1.000e+06

============================================================
Iteration 38
============================================================
Theta offsets (Unity frame):
  Source   : dSx=   0.000, dSy=   0.000, dSz=   0.000  (mm)
  Object   : dOx=   0.061, dOy=   4.238, dOz=  14.606  (mm)
  Object offset: offset_x=  13.197, offset_z=  14.612  (mm)
  Detector : dDx=   0.000, dDy=   0.000, dDz=   0.000  (mm)
  Obj Stage rotY :   10.152 deg
============================================================

Unity geometry (world coordinates):
  Source   : x=   5.000, y=  29.995, z=   0.000
  Object   : x=   0.602, y=  24.238, z= 614.606
  Detector : x= -25.318, y=  18.677, z=1059.000
  Obj rotY :  -4.5698 deg

Initial calibration:
  Source   : x=   0.000, y=   0.000, z=   0.000
  Object   : x=   0.000, y=   0.000, z=   0.000
  Detector : x=  25.318, y=   6.310, z=  40.001

After Calibration: 

Unity geometry (world coordinates):
  Source   : x=   5.000, y=  29.995, z=   0.000
  Object   : x=   0.602, y=  24.238, z= 614.606
  Detector : x=   0.000, y=  24.987, z=1099.001
  Obj rotY :  -4.5698 deg
view   0 | SOD= 628.225 mm | SDD=1099.024 mm | M= 1.749 | incident=0.3689°
[[  51.224464   -626.1065       -5.7565613 ]
 [ -60.653015    467.1964       -0.748621  ]
 [   0.14889057    0.01455185    0.        ]
 [   0.            0.            0.1496    ]]
Residual vector length: 600, Jacobian shape: (600, 6)
view   0 | SOD= 628.225 mm | SDD=1099.024 mm | M= 1.749 | incident=0.3689°
[[  51.224667   -626.1066       -5.756714  ]
 [ -60.65232     467.19638      -0.7487736 ]
 [   0.14889058    0.01455178    0.        ]
 [   0.            0.            0.1496    ]]

iter 38 cost=35356.562786 -> 35366.751942 |dtheta|=4.974351e-04  lambda=1.000e+06

============================================================
Iteration 39
============================================================
Theta offsets (Unity frame):
  Source   : dSx=   0.000, dSy=   0.000, dSz=   0.000  (mm)
  Object   : dOx=   0.061, dOy=   4.238, dOz=  14.606  (mm)
  Object offset: offset_x=  13.197, offset_z=  14.612  (mm)
  Detector : dDx=   0.000, dDy=   0.000, dDz=   0.000  (mm)
  Obj Stage rotY :   10.152 deg
============================================================

Unity geometry (world coordinates):
  Source   : x=   5.000, y=  29.995, z=   0.000
  Object   : x=   0.602, y=  24.238, z= 614.606
  Detector : x= -25.318, y=  18.677, z=1059.000
  Obj rotY :  -4.5698 deg

Initial calibration:
  Source   : x=   0.000, y=   0.000, z=   0.000
  Object   : x=   0.000, y=   0.000, z=   0.000
  Detector : x=  25.318, y=   6.310, z=  40.001

After Calibration: 

Unity geometry (world coordinates):
  Source   : x=   5.000, y=  29.995, z=   0.000
  Object   : x=   0.602, y=  24.238, z= 614.606
  Detector : x=   0.000, y=  24.987, z=1099.001
  Obj rotY :  -4.5698 deg
view   0 | SOD= 628.225 mm | SDD=1099.024 mm | M= 1.749 | incident=0.3689°
[[  51.224464   -626.1065       -5.7565613 ]
 [ -60.653015    467.1964       -0.748621  ]
 [   0.14889057    0.01455185    0.        ]
 [   0.            0.            0.1496    ]]
Residual vector length: 600, Jacobian shape: (600, 6)
view   0 | SOD= 628.225 mm | SDD=1099.024 mm | M= 1.749 | incident=0.3689°
[[  51.224667   -626.1066       -5.756714  ]
 [ -60.65232     467.19638      -0.7487736 ]
 [   0.14889058    0.01455178    0.        ]
 [   0.            0.            0.1496    ]]

iter 39 cost=35356.562786 -> 35366.751942 |dtheta|=4.974351e-04  lambda=1.000e+06

============================================================
Iteration 40
============================================================
Theta offsets (Unity frame):
  Source   : dSx=   0.000, dSy=   0.000, dSz=   0.000  (mm)
  Object   : dOx=   0.061, dOy=   4.238, dOz=  14.606  (mm)
  Object offset: offset_x=  13.197, offset_z=  14.612  (mm)
  Detector : dDx=   0.000, dDy=   0.000, dDz=   0.000  (mm)
  Obj Stage rotY :   10.152 deg
============================================================

Unity geometry (world coordinates):
  Source   : x=   5.000, y=  29.995, z=   0.000
  Object   : x=   0.602, y=  24.238, z= 614.606
  Detector : x= -25.318, y=  18.677, z=1059.000
  Obj rotY :  -4.5698 deg

Initial calibration:
  Source   : x=   0.000, y=   0.000, z=   0.000
  Object   : x=   0.000, y=   0.000, z=   0.000
  Detector : x=  25.318, y=   6.310, z=  40.001

After Calibration: 

Unity geometry (world coordinates):
  Source   : x=   5.000, y=  29.995, z=   0.000
  Object   : x=   0.602, y=  24.238, z= 614.606
  Detector : x=   0.000, y=  24.987, z=1099.001
  Obj rotY :  -4.5698 deg
view   0 | SOD= 628.225 mm | SDD=1099.024 mm | M= 1.749 | incident=0.3689°
[[  51.224464   -626.1065       -5.7565613 ]
 [ -60.653015    467.1964       -0.748621  ]
 [   0.14889057    0.01455185    0.        ]
 [   0.            0.            0.1496    ]]
Residual vector length: 600, Jacobian shape: (600, 6)
view   0 | SOD= 628.225 mm | SDD=1099.024 mm | M= 1.749 | incident=0.3689°
[[  51.224667   -626.1066       -5.756714  ]
 [ -60.65232     467.19638      -0.7487736 ]
 [   0.14889058    0.01455178    0.        ]
 [   0.            0.            0.1496    ]]

iter 40 cost=35356.562786 -> 35366.751942 |dtheta|=4.974351e-04  lambda=1.000e+06

============================================================
Iteration 41
============================================================
Theta offsets (Unity frame):
  Source   : dSx=   0.000, dSy=   0.000, dSz=   0.000  (mm)
  Object   : dOx=   0.061, dOy=   4.238, dOz=  14.606  (mm)
  Object offset: offset_x=  13.197, offset_z=  14.612  (mm)
  Detector : dDx=   0.000, dDy=   0.000, dDz=   0.000  (mm)
  Obj Stage rotY :   10.152 deg
============================================================

Unity geometry (world coordinates):
  Source   : x=   5.000, y=  29.995, z=   0.000
  Object   : x=   0.602, y=  24.238, z= 614.606
  Detector : x= -25.318, y=  18.677, z=1059.000
  Obj rotY :  -4.5698 deg

Initial calibration:
  Source   : x=   0.000, y=   0.000, z=   0.000
  Object   : x=   0.000, y=   0.000, z=   0.000
  Detector : x=  25.318, y=   6.310, z=  40.001

After Calibration: 

Unity geometry (world coordinates):
  Source   : x=   5.000, y=  29.995, z=   0.000
  Object   : x=   0.602, y=  24.238, z= 614.606
  Detector : x=   0.000, y=  24.987, z=1099.001
  Obj rotY :  -4.5698 deg
view   0 | SOD= 628.225 mm | SDD=1099.024 mm | M= 1.749 | incident=0.3689°
[[  51.224464   -626.1065       -5.7565613 ]
 [ -60.653015    467.1964       -0.748621  ]
 [   0.14889057    0.01455185    0.        ]
 [   0.            0.            0.1496    ]]
Residual vector length: 600, Jacobian shape: (600, 6)
view   0 | SOD= 628.225 mm | SDD=1099.024 mm | M= 1.749 | incident=0.3689°
[[  51.224667   -626.1066       -5.756714  ]
 [ -60.65232     467.19638      -0.7487736 ]
 [   0.14889058    0.01455178    0.        ]
 [   0.            0.            0.1496    ]]

iter 41 cost=35356.562786 -> 35366.751942 |dtheta|=4.974351e-04  lambda=1.000e+06

============================================================
Iteration 42
============================================================
Theta offsets (Unity frame):
  Source   : dSx=   0.000, dSy=   0.000, dSz=   0.000  (mm)
  Object   : dOx=   0.061, dOy=   4.238, dOz=  14.606  (mm)
  Object offset: offset_x=  13.197, offset_z=  14.612  (mm)
  Detector : dDx=   0.000, dDy=   0.000, dDz=   0.000  (mm)
  Obj Stage rotY :   10.152 deg
============================================================

Unity geometry (world coordinates):
  Source   : x=   5.000, y=  29.995, z=   0.000
  Object   : x=   0.602, y=  24.238, z= 614.606
  Detector : x= -25.318, y=  18.677, z=1059.000
  Obj rotY :  -4.5698 deg

Initial calibration:
  Source   : x=   0.000, y=   0.000, z=   0.000
  Object   : x=   0.000, y=   0.000, z=   0.000
  Detector : x=  25.318, y=   6.310, z=  40.001

After Calibration: 

Unity geometry (world coordinates):
  Source   : x=   5.000, y=  29.995, z=   0.000
  Object   : x=   0.602, y=  24.238, z= 614.606
  Detector : x=   0.000, y=  24.987, z=1099.001
  Obj rotY :  -4.5698 deg
view   0 | SOD= 628.225 mm | SDD=1099.024 mm | M= 1.749 | incident=0.3689°
[[  51.224464   -626.1065       -5.7565613 ]
 [ -60.653015    467.1964       -0.748621  ]
 [   0.14889057    0.01455185    0.        ]
 [   0.            0.            0.1496    ]]
Residual vector length: 600, Jacobian shape: (600, 6)
view   0 | SOD= 628.225 mm | SDD=1099.024 mm | M= 1.749 | incident=0.3689°
[[  51.224667   -626.1066       -5.756714  ]
 [ -60.65232     467.19638      -0.7487736 ]
 [   0.14889058    0.01455178    0.        ]
 [   0.            0.            0.1496    ]]

iter 42 cost=35356.562786 -> 35366.751942 |dtheta|=4.974351e-04  lambda=1.000e+06
Stalled.

Estimated theta:
  dSx: +0.000000
  dSy: +0.000000
  dOx: +0.060985
  dOy: +4.238326
  dOz: +14.605959
  dDx: +0.000000
  dDy: +0.000000
  dDz: +0.000000
alpha: +1.015191e+01 deg)
offset_x: +13.196645
offset_z: +14.612021

Final cost table:
Final estimated theta: [ 0.          0.          0.06098485  4.23832645 14.60595932  0.
  0.          0.         10.15190706 13.19664529 14.61202098]
################################################################################

