
################################################################################
Running scenario=Scan9 Projections=360 Used=20, K=5

============================================================
Iteration 0
============================================================
Theta offsets (Unity frame):
  Source   : dSx=   0.000, dSy=   0.000, dSz=   0.000  (mm)
  Object   : dOx=   0.000, dOy=   0.000, dOz=   0.000  (mm)
  Object offset: offset_x=   0.000, offset_z=   0.000  (mm)
  Detector : dDx=   0.000, dDy=   0.000, dDz=   0.000  (mm)
  Obj Stage rotY :    0.000 deg
============================================================

Unity geometry (world coordinates):
  Source   : x= -10.000, y=  29.997, z=   0.000
  Object   : x=   0.541, y=  20.000, z= 800.000
  Detector : x= -20.002, y=  33.656, z=1059.000
  Obj rotY :  -4.5698 deg

Initial calibration:
  Source   : x=   0.000, y=   0.000, z=   0.000
  Object   : x=   0.000, y=   0.000, z=   0.000
  Detector : x=  25.318, y=   6.310, z=  40.001

After Calibration: 

Unity geometry (world coordinates):
  Source   : x= -10.000, y=  29.997, z=   0.000
  Object   : x=   0.541, y=  20.000, z= 800.000
  Detector : x=   5.316, y=  39.966, z=1099.001
  Obj rotY :  -4.5698 deg
view   0 | SOD= 800.131 mm | SDD=1099.153 mm | M= 1.374 | incident=0.9526°
[[ -74.246605   -796.61646      -9.997368  ]
 [  28.582819    297.67035     -19.965702  ]
 [   0.14912441   -0.01191922    0.        ]
 [   0.            0.            0.1496    ]]
Residual vector length: 400, Jacobian shape: (400, 6)
view   0 | SOD= 881.119 mm | SDD=1099.153 mm | M= 1.247 | incident=0.9526°
[[  21.832918   -880.8291       -5.866314  ]
 [ -14.106283    217.69075     -15.834648  ]
 [   0.14943732    0.00697483    0.        ]
 [   0.            0.            0.1496    ]]
/vol/home/s3777103/Documents/workspace/Thesis/AutoCalibration/gauss_newton_real.py:300: FutureWarning: The behavior of DataFrame concatenation with empty or all-NA entries is deprecated. In a future version, this will no longer exclude empty or all-NA columns when determining the result dtypes. To retain the old behavior, exclude the relevant entries before the concat operation.
  df_r0 = pd.concat([df_r0, df_iter], ignore_index=True)

iter 00 cost=882835.034332 -> 181447.667364 |dtheta|=7.338262e+01  lambda=1.000e-02

============================================================
Iteration 1
============================================================
Theta offsets (Unity frame):
  Source   : dSx=   0.000, dSy=   0.000, dSz=   0.000  (mm)
  Object   : dOx=   0.551, dOy=   4.131, dOz=  71.885  (mm)
  Object offset: offset_x=   7.423, offset_z=   9.627  (mm)
  Detector : dDx=   0.000, dDy=   0.000, dDz=   0.000  (mm)
  Obj Stage rotY :    7.242 deg
============================================================

Unity geometry (world coordinates):
  Source   : x= -10.000, y=  29.997, z=   0.000
  Object   : x=   1.091, y=  24.131, z= 871.884
  Detector : x= -20.002, y=  33.656, z=1059.000
  Obj rotY :  -4.5698 deg

Initial calibration:
  Source   : x=   0.000, y=   0.000, z=   0.000
  Object   : x=   0.000, y=   0.000, z=   0.000
  Detector : x=  25.318, y=   6.310, z=  40.001

After Calibration: 

Unity geometry (world coordinates):
  Source   : x= -10.000, y=  29.997, z=   0.000
  Object   : x=   1.091, y=  24.131, z= 871.884
  Detector : x=   5.316, y=  39.966, z=1099.001
  Obj rotY :  -4.5698 deg
view   0 | SOD= 881.119 mm | SDD=1099.153 mm | M= 1.247 | incident=0.9526°
[[  21.832918   -880.8291       -5.866314  ]
 [ -14.106283    217.69075     -15.834648  ]
 [   0.14943732    0.00697483    0.        ]
 [   0.            0.            0.1496    ]]
Residual vector length: 400, Jacobian shape: (400, 6)
view   0 | SOD= 864.392 mm | SDD=1099.153 mm | M= 1.272 | incident=0.9526°
[[  23.191652   -864.0611       -5.864729  ]
 [ -16.540266    234.3281      -15.833063  ]
 [   0.14941235    0.00749076    0.        ]
 [   0.            0.            0.1496    ]]

iter 01 cost=181447.667364 -> 102293.435156 |dtheta|=2.049319e+01  lambda=3.333e-03

============================================================
Iteration 2
============================================================
Theta offsets (Unity frame):
  Source   : dSx=   0.000, dSy=   0.000, dSz=   0.000  (mm)
  Object   : dOx=   0.896, dOy=   4.133, dOz=  51.693  (mm)
  Object offset: offset_x=   7.647, offset_z=  13.097  (mm)
  Detector : dDx=   0.000, dDy=   0.000, dDz=   0.000  (mm)
  Obj Stage rotY :    7.440 deg
============================================================

Unity geometry (world coordinates):
  Source   : x= -10.000, y=  29.997, z=   0.000
  Object   : x=   1.436, y=  24.133, z= 851.692
  Detector : x= -20.002, y=  33.656, z=1059.000
  Obj rotY :  -4.5698 deg

Initial calibration:
  Source   : x=   0.000, y=   0.000, z=   0.000
  Object   : x=   0.000, y=   0.000, z=   0.000
  Detector : x=  25.318, y=   6.310, z=  40.001

After Calibration: 

Unity geometry (world coordinates):
  Source   : x= -10.000, y=  29.997, z=   0.000
  Object   : x=   1.436, y=  24.133, z= 851.692
  Detector : x=   5.316, y=  39.966, z=1099.001
  Obj rotY :  -4.5698 deg
view   0 | SOD= 864.392 mm | SDD=1099.153 mm | M= 1.272 | incident=0.9526°
[[  23.191652   -864.0611       -5.864729  ]
 [ -16.540266    234.3281      -15.833063  ]
 [   0.14941235    0.00749076    0.        ]
 [   0.            0.            0.1496    ]]
Residual vector length: 400, Jacobian shape: (400, 6)
view   0 | SOD= 862.102 mm | SDD=1099.153 mm | M= 1.275 | incident=0.9526°
[[  51.713615   -860.53094      -5.689705  ]
 [ -29.413929    235.57845     -15.658039  ]
 [   0.14902355    0.01312027    0.        ]
 [   0.            0.            0.1496    ]]

iter 02 cost=102293.435156 -> 36777.490341 |dtheta|=5.044828e+00  lambda=1.111e-03

============================================================
Iteration 3
============================================================
Theta offsets (Unity frame):
  Source   : dSx=   0.000, dSy=   0.000, dSz=   0.000  (mm)
  Object   : dOx=   0.856, dOy=   4.308, dOz=  49.329  (mm)
  Object offset: offset_x=  11.530, offset_z=  13.383  (mm)
  Detector : dDx=   0.000, dDy=   0.000, dDz=   0.000  (mm)
  Obj Stage rotY :    9.601 deg
============================================================

Unity geometry (world coordinates):
  Source   : x= -10.000, y=  29.997, z=   0.000
  Object   : x=   1.396, y=  24.308, z= 849.328
  Detector : x= -20.002, y=  33.656, z=1059.000
  Obj rotY :  -4.5698 deg

Initial calibration:
  Source   : x=   0.000, y=   0.000, z=   0.000
  Object   : x=   0.000, y=   0.000, z=   0.000
  Detector : x=  25.318, y=   6.310, z=  40.001

After Calibration: 

Unity geometry (world coordinates):
  Source   : x= -10.000, y=  29.997, z=   0.000
  Object   : x=   1.396, y=  24.308, z= 849.328
  Detector : x=   5.316, y=  39.966, z=1099.001
  Obj rotY :  -4.5698 deg
view   0 | SOD= 862.102 mm | SDD=1099.153 mm | M= 1.275 | incident=0.9526°
[[  51.713615   -860.53094      -5.689705  ]
 [ -29.413929    235.57845     -15.658039  ]
 [   0.14902355    0.01312027    0.        ]
 [   0.            0.            0.1496    ]]
Residual vector length: 400, Jacobian shape: (400, 6)
view   0 | SOD= 850.772 mm | SDD=1099.153 mm | M= 1.292 | incident=0.9526°
[[  22.648638   -850.4504       -5.7924347 ]
 [ -23.92019     247.6702      -15.760769  ]
 [   0.14936282    0.00842074    0.        ]
 [   0.            0.            0.1496    ]]

iter 03 cost=36777.490341 -> 20137.678291 |dtheta|=1.224614e+01  lambda=3.704e-04

============================================================
Iteration 4
============================================================
Theta offsets (Unity frame):
  Source   : dSx=   0.000, dSy=   0.000, dSz=   0.000  (mm)
  Object   : dOx=   0.754, dOy=   4.205, dOz=  37.316  (mm)
  Object offset: offset_x=  12.878, offset_z=  14.133  (mm)
  Detector : dDx=   0.000, dDy=   0.000, dDz=   0.000  (mm)
  Obj Stage rotY :    7.797 deg
============================================================

Unity geometry (world coordinates):
  Source   : x= -10.000, y=  29.997, z=   0.000
  Object   : x=   1.294, y=  24.205, z= 837.315
  Detector : x= -20.002, y=  33.656, z=1059.000
  Obj rotY :  -4.5698 deg

Initial calibration:
  Source   : x=   0.000, y=   0.000, z=   0.000
  Object   : x=   0.000, y=   0.000, z=   0.000
  Detector : x=  25.318, y=   6.310, z=  40.001

After Calibration: 

Unity geometry (world coordinates):
  Source   : x= -10.000, y=  29.997, z=   0.000
  Object   : x=   1.294, y=  24.205, z= 837.315
  Detector : x=   5.316, y=  39.966, z=1099.001
  Obj rotY :  -4.5698 deg
view   0 | SOD= 850.772 mm | SDD=1099.153 mm | M= 1.292 | incident=0.9526°
[[  22.648638   -850.4504       -5.7924347 ]
 [ -23.92019     247.6702      -15.760769  ]
 [   0.14936282    0.00842074    0.        ]
 [   0.            0.            0.1496    ]]
Residual vector length: 400, Jacobian shape: (400, 6)
view   0 | SOD= 840.993 mm | SDD=1099.153 mm | M= 1.307 | incident=0.9526°
[[  48.597584   -839.5685       -5.6796246 ]
 [ -32.326622    256.55597     -15.647959  ]
 [   0.14902598    0.01309262    0.        ]
 [   0.            0.            0.1496    ]]

iter 04 cost=20137.678291 -> 14863.283177 |dtheta|=1.028039e+01  lambda=1.235e-04

============================================================
Iteration 5
============================================================
Theta offsets (Unity frame):
  Source   : dSx=   0.000, dSy=   0.000, dSz=   0.000  (mm)
  Object   : dOx=   0.527, dOy=   4.318, dOz=  27.202  (mm)
  Object offset: offset_x=  12.886, offset_z=  14.471  (mm)
  Detector : dDx=   0.000, dDy=   0.000, dDz=   0.000  (mm)
  Obj Stage rotY :    9.591 deg
============================================================

Unity geometry (world coordinates):
  Source   : x= -10.000, y=  29.997, z=   0.000
  Object   : x=   1.067, y=  24.318, z= 827.201
  Detector : x= -20.002, y=  33.656, z=1059.000
  Obj rotY :  -4.5698 deg

Initial calibration:
  Source   : x=   0.000, y=   0.000, z=   0.000
  Object   : x=   0.000, y=   0.000, z=   0.000
  Detector : x=  25.318, y=   6.310, z=  40.001

After Calibration: 

Unity geometry (world coordinates):
  Source   : x= -10.000, y=  29.997, z=   0.000
  Object   : x=   1.067, y=  24.318, z= 827.201
  Detector : x=   5.316, y=  39.966, z=1099.001
  Obj rotY :  -4.5698 deg
view   0 | SOD= 840.993 mm | SDD=1099.153 mm | M= 1.307 | incident=0.9526°
[[  48.597584   -839.5685       -5.6796246 ]
 [ -32.326622    256.55597     -15.647959  ]
 [   0.14902598    0.01309262    0.        ]
 [   0.            0.            0.1496    ]]
Residual vector length: 400, Jacobian shape: (400, 6)
view   0 | SOD= 835.711 mm | SDD=1099.153 mm | M= 1.315 | incident=0.9526°
[[  66.17993    -833.0673       -5.688511  ]
 [ -38.67527     261.02722     -15.656845  ]
 [   0.14870434    0.01634572    0.        ]
 [   0.            0.            0.1496    ]]

iter 05 cost=14863.283177 -> 13205.558225 |dtheta|=5.408972e+00  lambda=4.115e-05

============================================================
Iteration 6
============================================================
Theta offsets (Unity frame):
  Source   : dSx=   0.000, dSy=   0.000, dSz=   0.000  (mm)
  Object   : dOx=   0.468, dOy=   4.309, dOz=  21.945  (mm)
  Object offset: offset_x=  13.120, offset_z=  14.457  (mm)
  Detector : dDx=   0.000, dDy=   0.000, dDz=   0.000  (mm)
  Obj Stage rotY :   10.843 deg
============================================================

Unity geometry (world coordinates):
  Source   : x= -10.000, y=  29.997, z=   0.000
  Object   : x=   1.009, y=  24.309, z= 821.945
  Detector : x= -20.002, y=  33.656, z=1059.000
  Obj rotY :  -4.5698 deg

Initial calibration:
  Source   : x=   0.000, y=   0.000, z=   0.000
  Object   : x=   0.000, y=   0.000, z=   0.000
  Detector : x=  25.318, y=   6.310, z=  40.001

After Calibration: 

Unity geometry (world coordinates):
  Source   : x= -10.000, y=  29.997, z=   0.000
  Object   : x=   1.009, y=  24.309, z= 821.945
  Detector : x=   5.316, y=  39.966, z=1099.001
  Obj rotY :  -4.5698 deg
view   0 | SOD= 835.711 mm | SDD=1099.153 mm | M= 1.315 | incident=0.9526°
[[  66.17993    -833.0673       -5.688511  ]
 [ -38.67527     261.02722     -15.656845  ]
 [   0.14870434    0.01634572    0.        ]
 [   0.            0.            0.1496    ]]
Residual vector length: 400, Jacobian shape: (400, 6)
view   0 | SOD= 832.497 mm | SDD=1099.153 mm | M= 1.320 | incident=0.9526°
[[  73.92216    -829.189        -5.6910725 ]
 [ -41.718277    263.81818     -15.659407  ]
 [   0.14853589    0.01781149    0.        ]
 [   0.            0.            0.1496    ]]

iter 06 cost=13205.558225 -> 12651.536823 |dtheta|=3.460992e+00  lambda=1.372e-05

============================================================
Iteration 7
============================================================
Theta offsets (Unity frame):
  Source   : dSx=   0.000, dSy=   0.000, dSz=   0.000  (mm)
  Object   : dOx=   0.389, dOy=   4.306, dOz=  18.541  (mm)
  Object offset: offset_x=  13.272, offset_z=  14.656  (mm)
  Detector : dDx=   0.000, dDy=   0.000, dDz=   0.000  (mm)
  Obj Stage rotY :   11.408 deg
============================================================

Unity geometry (world coordinates):
  Source   : x= -10.000, y=  29.997, z=   0.000
  Object   : x=   0.930, y=  24.306, z= 818.540
  Detector : x= -20.002, y=  33.656, z=1059.000
  Obj rotY :  -4.5698 deg

Initial calibration:
  Source   : x=   0.000, y=   0.000, z=   0.000
  Object   : x=   0.000, y=   0.000, z=   0.000
  Detector : x=  25.318, y=   6.310, z=  40.001

After Calibration: 

Unity geometry (world coordinates):
  Source   : x= -10.000, y=  29.997, z=   0.000
  Object   : x=   0.930, y=  24.306, z= 818.540
  Detector : x=   5.316, y=  39.966, z=1099.001
  Obj rotY :  -4.5698 deg
view   0 | SOD= 832.497 mm | SDD=1099.153 mm | M= 1.320 | incident=0.9526°
[[  73.92216    -829.189        -5.6910725 ]
 [ -41.718277    263.81818     -15.659407  ]
 [   0.14853589    0.01781149    0.        ]
 [   0.            0.            0.1496    ]]
Residual vector length: 400, Jacobian shape: (400, 6)
view   0 | SOD= 832.395 mm | SDD=1099.153 mm | M= 1.320 | incident=0.9526°
[[  73.30012    -829.142        -5.6795235 ]
 [ -41.602295    263.943       -15.647858  ]
 [   0.14854789    0.0177112     0.        ]
 [   0.            0.            0.1496    ]]

iter 07 cost=12651.536823 -> 12459.772549 |dtheta|=2.642500e-01  lambda=4.572e-06

============================================================
Iteration 8
============================================================
Theta offsets (Unity frame):
  Source   : dSx=   0.000, dSy=   0.000, dSz=   0.000  (mm)
  Object   : dOx=   0.374, dOy=   4.318, dOz=  18.319  (mm)
  Object offset: offset_x=  13.328, offset_z=  14.780  (mm)
  Detector : dDx=   0.000, dDy=   0.000, dDz=   0.000  (mm)
  Obj Stage rotY :   11.369 deg
============================================================

Unity geometry (world coordinates):
  Source   : x= -10.000, y=  29.997, z=   0.000
  Object   : x=   0.914, y=  24.318, z= 818.318
  Detector : x= -20.002, y=  33.656, z=1059.000
  Obj rotY :  -4.5698 deg

Initial calibration:
  Source   : x=   0.000, y=   0.000, z=   0.000
  Object   : x=   0.000, y=   0.000, z=   0.000
  Detector : x=  25.318, y=   6.310, z=  40.001

After Calibration: 

Unity geometry (world coordinates):
  Source   : x= -10.000, y=  29.997, z=   0.000
  Object   : x=   0.914, y=  24.318, z= 818.318
  Detector : x=   5.316, y=  39.966, z=1099.001
  Obj rotY :  -4.5698 deg
view   0 | SOD= 832.395 mm | SDD=1099.153 mm | M= 1.320 | incident=0.9526°
[[  73.30012    -829.142        -5.6795235 ]
 [ -41.602295    263.943       -15.647858  ]
 [   0.14854789    0.0177112     0.        ]
 [   0.            0.            0.1496    ]]
Residual vector length: 400, Jacobian shape: (400, 6)
view   0 | SOD= 828.702 mm | SDD=1099.153 mm | M= 1.326 | incident=0.9526°
[[  90.900215   -823.6825       -5.6614304 ]
 [ -47.76115     266.6434      -15.629765  ]
 [   0.1481273     0.02093949    0.        ]
 [   0.            0.            0.1496    ]]

iter 08 cost=12459.772549 -> 12176.882107 |dtheta|=3.959601e+00  lambda=1.524e-06

============================================================
Iteration 9
============================================================
Theta offsets (Unity frame):
  Source   : dSx=   0.000, dSy=   0.000, dSz=   0.000  (mm)
  Object   : dOx=   0.317, dOy=   4.336, dOz=  14.562  (mm)
  Object offset: offset_x=  13.287, offset_z=  14.842  (mm)
  Detector : dDx=   0.000, dDy=   0.000, dDz=   0.000  (mm)
  Obj Stage rotY :   12.616 deg
============================================================

Unity geometry (world coordinates):
  Source   : x= -10.000, y=  29.997, z=   0.000
  Object   : x=   0.858, y=  24.336, z= 814.561
  Detector : x= -20.002, y=  33.656, z=1059.000
  Obj rotY :  -4.5698 deg

Initial calibration:
  Source   : x=   0.000, y=   0.000, z=   0.000
  Object   : x=   0.000, y=   0.000, z=   0.000
  Detector : x=  25.318, y=   6.310, z=  40.001

After Calibration: 

Unity geometry (world coordinates):
  Source   : x= -10.000, y=  29.997, z=   0.000
  Object   : x=   0.858, y=  24.336, z= 814.561
  Detector : x=   5.316, y=  39.966, z=1099.001
  Obj rotY :  -4.5698 deg
view   0 | SOD= 828.702 mm | SDD=1099.153 mm | M= 1.326 | incident=0.9526°
[[  90.900215   -823.6825       -5.6614304 ]
 [ -47.76115     266.6434      -15.629765  ]
 [   0.1481273     0.02093949    0.        ]
 [   0.            0.            0.1496    ]]
Residual vector length: 400, Jacobian shape: (400, 6)
view   0 | SOD= 829.843 mm | SDD=1099.153 mm | M= 1.325 | incident=0.9526°
[[  99.41514    -823.84735      -5.6737366 ]
 [ -50.53818     264.98297     -15.642071  ]
 [   0.14790234    0.02247346    0.        ]
 [   0.            0.            0.1496    ]]

iter 09 cost=12176.882107 -> 12120.699285 |dtheta|=1.242380e+00  lambda=1.000e-06

============================================================
Iteration 10
============================================================
Theta offsets (Unity frame):
  Source   : dSx=   0.000, dSy=   0.000, dSz=   0.000  (mm)
  Object   : dOx=   0.341, dOy=   4.324, dOz=  15.638  (mm)
  Object offset: offset_x=  13.447, offset_z=  14.914  (mm)
  Detector : dDx=   0.000, dDy=   0.000, dDz=   0.000  (mm)
  Obj Stage rotY :   13.210 deg
============================================================

Unity geometry (world coordinates):
  Source   : x= -10.000, y=  29.997, z=   0.000
  Object   : x=   0.881, y=  24.324, z= 815.638
  Detector : x= -20.002, y=  33.656, z=1059.000
  Obj rotY :  -4.5698 deg

Initial calibration:
  Source   : x=   0.000, y=   0.000, z=   0.000
  Object   : x=   0.000, y=   0.000, z=   0.000
  Detector : x=  25.318, y=   6.310, z=  40.001

After Calibration: 

Unity geometry (world coordinates):
  Source   : x= -10.000, y=  29.997, z=   0.000
  Object   : x=   0.881, y=  24.324, z= 815.638
  Detector : x=   5.316, y=  39.966, z=1099.001
  Obj rotY :  -4.5698 deg
view   0 | SOD= 829.843 mm | SDD=1099.153 mm | M= 1.325 | incident=0.9526°
[[  99.41514    -823.84735      -5.6737366 ]
 [ -50.53818     264.98297     -15.642071  ]
 [   0.14790234    0.02247346    0.        ]
 [   0.            0.            0.1496    ]]
Residual vector length: 400, Jacobian shape: (400, 6)
view   0 | SOD= 829.949 mm | SDD=1099.153 mm | M= 1.324 | incident=0.9526°
[[ 114.72957    -821.96155      -5.6914654 ]
 [ -55.313766    263.91263     -15.6598    ]
 [   0.14746192    0.02520205    0.        ]
 [   0.            0.            0.1496    ]]

iter 10 cost=12120.699285 -> 12003.462115 |dtheta|=1.071423e+00  lambda=1.000e-06

============================================================
Iteration 11
============================================================
Theta offsets (Unity frame):
  Source   : dSx=   0.000, dSy=   0.000, dSz=   0.000  (mm)
  Object   : dOx=   0.376, dOy=   4.306, dOz=  15.732  (mm)
  Object offset: offset_x=  13.317, offset_z=  14.919  (mm)
  Detector : dDx=   0.000, dDy=   0.000, dDz=   0.000  (mm)
  Obj Stage rotY :   14.268 deg
============================================================

Unity geometry (world coordinates):
  Source   : x= -10.000, y=  29.997, z=   0.000
  Object   : x=   0.916, y=  24.306, z= 815.732
  Detector : x= -20.002, y=  33.656, z=1059.000
  Obj rotY :  -4.5698 deg

Initial calibration:
  Source   : x=   0.000, y=   0.000, z=   0.000
  Object   : x=   0.000, y=   0.000, z=   0.000
  Detector : x=  25.318, y=   6.310, z=  40.001

After Calibration: 

Unity geometry (world coordinates):
  Source   : x= -10.000, y=  29.997, z=   0.000
  Object   : x=   0.916, y=  24.306, z= 815.732
  Detector : x=   5.316, y=  39.966, z=1099.001
  Obj rotY :  -4.5698 deg
view   0 | SOD= 829.949 mm | SDD=1099.153 mm | M= 1.324 | incident=0.9526°
[[ 114.72957    -821.96155      -5.6914654 ]
 [ -55.313766    263.91263     -15.6598    ]
 [   0.14746192    0.02520205    0.        ]
 [   0.            0.            0.1496    ]]
Residual vector length: 400, Jacobian shape: (400, 6)
view   0 | SOD= 830.322 mm | SDD=1099.153 mm | M= 1.324 | incident=0.9526°
[[ 116.21432    -822.1288       -5.6914387 ]
 [ -55.712414    263.4488      -15.659773  ]
 [   0.14741798    0.02545781    0.        ]
 [   0.            0.            0.1496    ]]

iter 11 cost=12003.462115 -> 11892.037130 |dtheta|=5.859254e-01  lambda=1.000e-06

============================================================
Iteration 12
============================================================
Theta offsets (Unity frame):
  Source   : dSx=   0.000, dSy=   0.000, dSz=   0.000  (mm)
  Object   : dOx=   0.392, dOy=   4.306, dOz=  16.281  (mm)
  Object offset: offset_x=  13.319, offset_z=  14.741  (mm)
  Detector : dDx=   0.000, dDy=   0.000, dDz=   0.000  (mm)
  Obj Stage rotY :   14.368 deg
============================================================

Unity geometry (world coordinates):
  Source   : x= -10.000, y=  29.997, z=   0.000
  Object   : x=   0.933, y=  24.306, z= 816.281
  Detector : x= -20.002, y=  33.656, z=1059.000
  Obj rotY :  -4.5698 deg

Initial calibration:
  Source   : x=   0.000, y=   0.000, z=   0.000
  Object   : x=   0.000, y=   0.000, z=   0.000
  Detector : x=  25.318, y=   6.310, z=  40.001

After Calibration: 

Unity geometry (world coordinates):
  Source   : x= -10.000, y=  29.997, z=   0.000
  Object   : x=   0.933, y=  24.306, z= 816.281
  Detector : x=   5.316, y=  39.966, z=1099.001
  Obj rotY :  -4.5698 deg
view   0 | SOD= 830.322 mm | SDD=1099.153 mm | M= 1.324 | incident=0.9526°
[[ 116.21432    -822.1288       -5.6914387 ]
 [ -55.712414    263.4488      -15.659773  ]
 [   0.14741798    0.02545781    0.        ]
 [   0.            0.            0.1496    ]]
Residual vector length: 400, Jacobian shape: (400, 6)
view   0 | SOD= 832.038 mm | SDD=1099.153 mm | M= 1.321 | incident=0.9526°
[[ 113.28061    -824.2705       -5.673134  ]
 [ -54.661636    261.9306      -15.641468  ]
 [   0.1475104     0.02491671    0.        ]
 [   0.            0.            0.1496    ]]

iter 12 cost=11892.037130 -> 11863.015322 |dtheta|=1.803452e+00  lambda=1.000e-06

============================================================
Iteration 13
============================================================
Theta offsets (Unity frame):
  Source   : dSx=   0.000, dSy=   0.000, dSz=   0.000  (mm)
  Object   : dOx=   0.383, dOy=   4.324, dOz=  18.058  (mm)
  Object offset: offset_x=  13.537, offset_z=  14.692  (mm)
  Detector : dDx=   0.000, dDy=   0.000, dDz=   0.000  (mm)
  Obj Stage rotY :   14.157 deg
============================================================

Unity geometry (world coordinates):
  Source   : x= -10.000, y=  29.997, z=   0.000
  Object   : x=   0.923, y=  24.324, z= 818.058
  Detector : x= -20.002, y=  33.656, z=1059.000
  Obj rotY :  -4.5698 deg

Initial calibration:
  Source   : x=   0.000, y=   0.000, z=   0.000
  Object   : x=   0.000, y=   0.000, z=   0.000
  Detector : x=  25.318, y=   6.310, z=  40.001

After Calibration: 

Unity geometry (world coordinates):
  Source   : x= -10.000, y=  29.997, z=   0.000
  Object   : x=   0.923, y=  24.324, z= 818.058
  Detector : x=   5.316, y=  39.966, z=1099.001
  Obj rotY :  -4.5698 deg
view   0 | SOD= 832.038 mm | SDD=1099.153 mm | M= 1.321 | incident=0.9526°
[[ 113.28061    -824.2705       -5.673134  ]
 [ -54.661636    261.9306      -15.641468  ]
 [   0.1475104     0.02491671    0.        ]
 [   0.            0.            0.1496    ]]
Residual vector length: 400, Jacobian shape: (400, 6)
view   0 | SOD= 831.550 mm | SDD=1099.153 mm | M= 1.322 | incident=0.9526°
[[ 113.99672    -823.68         -5.6598454 ]
 [ -54.7938      262.38962     -15.62818   ]
 [   0.14749089    0.02503191    0.        ]
 [   0.            0.            0.1496    ]]

iter 13 cost=11863.015322 -> 11876.058475 |dtheta|=7.260111e-01  lambda=1.000e-06

============================================================
Iteration 14
============================================================
Theta offsets (Unity frame):
  Source   : dSx=   0.000, dSy=   0.000, dSz=   0.000  (mm)
  Object   : dOx=   0.383, dOy=   4.324, dOz=  18.058  (mm)
  Object offset: offset_x=  13.537, offset_z=  14.692  (mm)
  Detector : dDx=   0.000, dDy=   0.000, dDz=   0.000  (mm)
  Obj Stage rotY :   14.157 deg
============================================================

Unity geometry (world coordinates):
  Source   : x= -10.000, y=  29.997, z=   0.000
  Object   : x=   0.923, y=  24.324, z= 818.058
  Detector : x= -20.002, y=  33.656, z=1059.000
  Obj rotY :  -4.5698 deg

Initial calibration:
  Source   : x=   0.000, y=   0.000, z=   0.000
  Object   : x=   0.000, y=   0.000, z=   0.000
  Detector : x=  25.318, y=   6.310, z=  40.001

After Calibration: 

Unity geometry (world coordinates):
  Source   : x= -10.000, y=  29.997, z=   0.000
  Object   : x=   0.923, y=  24.324, z= 818.058
  Detector : x=   5.316, y=  39.966, z=1099.001
  Obj rotY :  -4.5698 deg
view   0 | SOD= 832.038 mm | SDD=1099.153 mm | M= 1.321 | incident=0.9526°
[[ 113.28061    -824.2705       -5.673134  ]
 [ -54.661636    261.9306      -15.641468  ]
 [   0.1475104     0.02491671    0.        ]
 [   0.            0.            0.1496    ]]
Residual vector length: 400, Jacobian shape: (400, 6)
view   0 | SOD= 831.550 mm | SDD=1099.153 mm | M= 1.322 | incident=0.9526°
[[ 113.99672    -823.68         -5.6598454 ]
 [ -54.7938      262.38962     -15.62818   ]
 [   0.14749089    0.02503191    0.        ]
 [   0.            0.            0.1496    ]]

iter 14 cost=11863.015322 -> 11876.058475 |dtheta|=7.260111e-01  lambda=5.000e-06

============================================================
Iteration 15
============================================================
Theta offsets (Unity frame):
  Source   : dSx=   0.000, dSy=   0.000, dSz=   0.000  (mm)
  Object   : dOx=   0.383, dOy=   4.324, dOz=  18.058  (mm)
  Object offset: offset_x=  13.537, offset_z=  14.692  (mm)
  Detector : dDx=   0.000, dDy=   0.000, dDz=   0.000  (mm)
  Obj Stage rotY :   14.157 deg
============================================================

Unity geometry (world coordinates):
  Source   : x= -10.000, y=  29.997, z=   0.000
  Object   : x=   0.923, y=  24.324, z= 818.058
  Detector : x= -20.002, y=  33.656, z=1059.000
  Obj rotY :  -4.5698 deg

Initial calibration:
  Source   : x=   0.000, y=   0.000, z=   0.000
  Object   : x=   0.000, y=   0.000, z=   0.000
  Detector : x=  25.318, y=   6.310, z=  40.001

After Calibration: 

Unity geometry (world coordinates):
  Source   : x= -10.000, y=  29.997, z=   0.000
  Object   : x=   0.923, y=  24.324, z= 818.058
  Detector : x=   5.316, y=  39.966, z=1099.001
  Obj rotY :  -4.5698 deg
view   0 | SOD= 832.038 mm | SDD=1099.153 mm | M= 1.321 | incident=0.9526°
[[ 113.28061    -824.2705       -5.673134  ]
 [ -54.661636    261.9306      -15.641468  ]
 [   0.1475104     0.02491671    0.        ]
 [   0.            0.            0.1496    ]]
Residual vector length: 400, Jacobian shape: (400, 6)
view   0 | SOD= 831.550 mm | SDD=1099.153 mm | M= 1.322 | incident=0.9526°
[[ 113.99672    -823.68         -5.6598454 ]
 [ -54.7938      262.38962     -15.62818   ]
 [   0.14749089    0.02503191    0.        ]
 [   0.            0.            0.1496    ]]

iter 15 cost=11863.015322 -> 11876.058475 |dtheta|=7.260106e-01  lambda=2.500e-05

============================================================
Iteration 16
============================================================
Theta offsets (Unity frame):
  Source   : dSx=   0.000, dSy=   0.000, dSz=   0.000  (mm)
  Object   : dOx=   0.383, dOy=   4.324, dOz=  18.058  (mm)
  Object offset: offset_x=  13.537, offset_z=  14.692  (mm)
  Detector : dDx=   0.000, dDy=   0.000, dDz=   0.000  (mm)
  Obj Stage rotY :   14.157 deg
============================================================

Unity geometry (world coordinates):
  Source   : x= -10.000, y=  29.997, z=   0.000
  Object   : x=   0.923, y=  24.324, z= 818.058
  Detector : x= -20.002, y=  33.656, z=1059.000
  Obj rotY :  -4.5698 deg

Initial calibration:
  Source   : x=   0.000, y=   0.000, z=   0.000
  Object   : x=   0.000, y=   0.000, z=   0.000
  Detector : x=  25.318, y=   6.310, z=  40.001

After Calibration: 

Unity geometry (world coordinates):
  Source   : x= -10.000, y=  29.997, z=   0.000
  Object   : x=   0.923, y=  24.324, z= 818.058
  Detector : x=   5.316, y=  39.966, z=1099.001
  Obj rotY :  -4.5698 deg
view   0 | SOD= 832.038 mm | SDD=1099.153 mm | M= 1.321 | incident=0.9526°
[[ 113.28061    -824.2705       -5.673134  ]
 [ -54.661636    261.9306      -15.641468  ]
 [   0.1475104     0.02491671    0.        ]
 [   0.            0.            0.1496    ]]
Residual vector length: 400, Jacobian shape: (400, 6)
view   0 | SOD= 831.550 mm | SDD=1099.153 mm | M= 1.322 | incident=0.9526°
[[ 113.99673    -823.68005      -5.6598454 ]
 [ -54.793793    262.38956     -15.62818   ]
 [   0.14749089    0.02503191    0.        ]
 [   0.            0.            0.1496    ]]

iter 16 cost=11863.015322 -> 11875.632445 |dtheta|=7.260084e-01  lambda=1.250e-04

============================================================
Iteration 17
============================================================
Theta offsets (Unity frame):
  Source   : dSx=   0.000, dSy=   0.000, dSz=   0.000  (mm)
  Object   : dOx=   0.383, dOy=   4.324, dOz=  18.058  (mm)
  Object offset: offset_x=  13.537, offset_z=  14.692  (mm)
  Detector : dDx=   0.000, dDy=   0.000, dDz=   0.000  (mm)
  Obj Stage rotY :   14.157 deg
============================================================

Unity geometry (world coordinates):
  Source   : x= -10.000, y=  29.997, z=   0.000
  Object   : x=   0.923, y=  24.324, z= 818.058
  Detector : x= -20.002, y=  33.656, z=1059.000
  Obj rotY :  -4.5698 deg

Initial calibration:
  Source   : x=   0.000, y=   0.000, z=   0.000
  Object   : x=   0.000, y=   0.000, z=   0.000
  Detector : x=  25.318, y=   6.310, z=  40.001

After Calibration: 

Unity geometry (world coordinates):
  Source   : x= -10.000, y=  29.997, z=   0.000
  Object   : x=   0.923, y=  24.324, z= 818.058
  Detector : x=   5.316, y=  39.966, z=1099.001
  Obj rotY :  -4.5698 deg
view   0 | SOD= 832.038 mm | SDD=1099.153 mm | M= 1.321 | incident=0.9526°
[[ 113.28061    -824.2705       -5.673134  ]
 [ -54.661636    261.9306      -15.641468  ]
 [   0.1475104     0.02491671    0.        ]
 [   0.            0.            0.1496    ]]
Residual vector length: 400, Jacobian shape: (400, 6)
view   0 | SOD= 831.550 mm | SDD=1099.153 mm | M= 1.322 | incident=0.9526°
[[ 113.99673    -823.68005      -5.6598454 ]
 [ -54.793793    262.38956     -15.62818   ]
 [   0.14749089    0.02503191    0.        ]
 [   0.            0.            0.1496    ]]

iter 17 cost=11863.015322 -> 11875.632445 |dtheta|=7.259974e-01  lambda=6.250e-04

============================================================
Iteration 18
============================================================
Theta offsets (Unity frame):
  Source   : dSx=   0.000, dSy=   0.000, dSz=   0.000  (mm)
  Object   : dOx=   0.383, dOy=   4.324, dOz=  18.058  (mm)
  Object offset: offset_x=  13.537, offset_z=  14.692  (mm)
  Detector : dDx=   0.000, dDy=   0.000, dDz=   0.000  (mm)
  Obj Stage rotY :   14.157 deg
============================================================

Unity geometry (world coordinates):
  Source   : x= -10.000, y=  29.997, z=   0.000
  Object   : x=   0.923, y=  24.324, z= 818.058
  Detector : x= -20.002, y=  33.656, z=1059.000
  Obj rotY :  -4.5698 deg

Initial calibration:
  Source   : x=   0.000, y=   0.000, z=   0.000
  Object   : x=   0.000, y=   0.000, z=   0.000
  Detector : x=  25.318, y=   6.310, z=  40.001

After Calibration: 

Unity geometry (world coordinates):
  Source   : x= -10.000, y=  29.997, z=   0.000
  Object   : x=   0.923, y=  24.324, z= 818.058
  Detector : x=   5.316, y=  39.966, z=1099.001
  Obj rotY :  -4.5698 deg
view   0 | SOD= 832.038 mm | SDD=1099.153 mm | M= 1.321 | incident=0.9526°
[[ 113.28061    -824.2705       -5.673134  ]
 [ -54.661636    261.9306      -15.641468  ]
 [   0.1475104     0.02491671    0.        ]
 [   0.            0.            0.1496    ]]
Residual vector length: 400, Jacobian shape: (400, 6)
view   0 | SOD= 831.550 mm | SDD=1099.153 mm | M= 1.322 | incident=0.9526°
[[ 113.99673    -823.6801       -5.6598454 ]
 [ -54.793777    262.3895      -15.62818   ]
 [   0.14749089    0.02503191    0.        ]
 [   0.            0.            0.1496    ]]

iter 18 cost=11863.015322 -> 11875.389299 |dtheta|=7.259425e-01  lambda=3.125e-03

============================================================
Iteration 19
============================================================
Theta offsets (Unity frame):
  Source   : dSx=   0.000, dSy=   0.000, dSz=   0.000  (mm)
  Object   : dOx=   0.383, dOy=   4.324, dOz=  18.058  (mm)
  Object offset: offset_x=  13.537, offset_z=  14.692  (mm)
  Detector : dDx=   0.000, dDy=   0.000, dDz=   0.000  (mm)
  Obj Stage rotY :   14.157 deg
============================================================

Unity geometry (world coordinates):
  Source   : x= -10.000, y=  29.997, z=   0.000
  Object   : x=   0.923, y=  24.324, z= 818.058
  Detector : x= -20.002, y=  33.656, z=1059.000
  Obj rotY :  -4.5698 deg

Initial calibration:
  Source   : x=   0.000, y=   0.000, z=   0.000
  Object   : x=   0.000, y=   0.000, z=   0.000
  Detector : x=  25.318, y=   6.310, z=  40.001

After Calibration: 

Unity geometry (world coordinates):
  Source   : x= -10.000, y=  29.997, z=   0.000
  Object   : x=   0.923, y=  24.324, z= 818.058
  Detector : x=   5.316, y=  39.966, z=1099.001
  Obj rotY :  -4.5698 deg
view   0 | SOD= 832.038 mm | SDD=1099.153 mm | M= 1.321 | incident=0.9526°
[[ 113.28061    -824.2705       -5.673134  ]
 [ -54.661636    261.9306      -15.641468  ]
 [   0.1475104     0.02491671    0.        ]
 [   0.            0.            0.1496    ]]
Residual vector length: 400, Jacobian shape: (400, 6)
view   0 | SOD= 831.551 mm | SDD=1099.153 mm | M= 1.322 | incident=0.9526°
[[ 113.99672    -823.68036      -5.6598473 ]
 [ -54.793736    262.38925     -15.628181  ]
 [   0.14749089    0.0250319     0.        ]
 [   0.            0.            0.1496    ]]

iter 19 cost=11863.015322 -> 11875.389299 |dtheta|=7.256681e-01  lambda=1.562e-02

============================================================
Iteration 20
============================================================
Theta offsets (Unity frame):
  Source   : dSx=   0.000, dSy=   0.000, dSz=   0.000  (mm)
  Object   : dOx=   0.383, dOy=   4.324, dOz=  18.058  (mm)
  Object offset: offset_x=  13.537, offset_z=  14.692  (mm)
  Detector : dDx=   0.000, dDy=   0.000, dDz=   0.000  (mm)
  Obj Stage rotY :   14.157 deg
============================================================

Unity geometry (world coordinates):
  Source   : x= -10.000, y=  29.997, z=   0.000
  Object   : x=   0.923, y=  24.324, z= 818.058
  Detector : x= -20.002, y=  33.656, z=1059.000
  Obj rotY :  -4.5698 deg

Initial calibration:
  Source   : x=   0.000, y=   0.000, z=   0.000
  Object   : x=   0.000, y=   0.000, z=   0.000
  Detector : x=  25.318, y=   6.310, z=  40.001

After Calibration: 

Unity geometry (world coordinates):
  Source   : x= -10.000, y=  29.997, z=   0.000
  Object   : x=   0.923, y=  24.324, z= 818.058
  Detector : x=   5.316, y=  39.966, z=1099.001
  Obj rotY :  -4.5698 deg
view   0 | SOD= 832.038 mm | SDD=1099.153 mm | M= 1.321 | incident=0.9526°
[[ 113.28061    -824.2705       -5.673134  ]
 [ -54.661636    261.9306      -15.641468  ]
 [   0.1475104     0.02491671    0.        ]
 [   0.            0.            0.1496    ]]
Residual vector length: 400, Jacobian shape: (400, 6)
view   0 | SOD= 831.552 mm | SDD=1099.153 mm | M= 1.322 | incident=0.9526°
[[ 113.996735   -823.68195      -5.659855  ]
 [ -54.793457    262.38776     -15.628189  ]
 [   0.1474909     0.02503187    0.        ]
 [   0.            0.            0.1496    ]]

iter 20 cost=11863.015322 -> 11876.096328 |dtheta|=7.243000e-01  lambda=7.812e-02

============================================================
Iteration 21
============================================================
Theta offsets (Unity frame):
  Source   : dSx=   0.000, dSy=   0.000, dSz=   0.000  (mm)
  Object   : dOx=   0.383, dOy=   4.324, dOz=  18.058  (mm)
  Object offset: offset_x=  13.537, offset_z=  14.692  (mm)
  Detector : dDx=   0.000, dDy=   0.000, dDz=   0.000  (mm)
  Obj Stage rotY :   14.157 deg
============================================================

Unity geometry (world coordinates):
  Source   : x= -10.000, y=  29.997, z=   0.000
  Object   : x=   0.923, y=  24.324, z= 818.058
  Detector : x= -20.002, y=  33.656, z=1059.000
  Obj rotY :  -4.5698 deg

Initial calibration:
  Source   : x=   0.000, y=   0.000, z=   0.000
  Object   : x=   0.000, y=   0.000, z=   0.000
  Detector : x=  25.318, y=   6.310, z=  40.001

After Calibration: 

Unity geometry (world coordinates):
  Source   : x= -10.000, y=  29.997, z=   0.000
  Object   : x=   0.923, y=  24.324, z= 818.058
  Detector : x=   5.316, y=  39.966, z=1099.001
  Obj rotY :  -4.5698 deg
view   0 | SOD= 832.038 mm | SDD=1099.153 mm | M= 1.321 | incident=0.9526°
[[ 113.28061    -824.2705       -5.673134  ]
 [ -54.661636    261.9306      -15.641468  ]
 [   0.1475104     0.02491671    0.        ]
 [   0.            0.            0.1496    ]]
Residual vector length: 400, Jacobian shape: (400, 6)
view   0 | SOD= 831.560 mm | SDD=1099.153 mm | M= 1.322 | incident=0.9526°
[[ 113.996796   -823.6894       -5.659893  ]
 [ -54.792114    262.3805      -15.628227  ]
 [   0.14749093    0.02503169    0.        ]
 [   0.            0.            0.1496    ]]

iter 21 cost=11863.015322 -> 11875.774630 |dtheta|=7.175526e-01  lambda=3.906e-01

============================================================
Iteration 22
============================================================
Theta offsets (Unity frame):
  Source   : dSx=   0.000, dSy=   0.000, dSz=   0.000  (mm)
  Object   : dOx=   0.383, dOy=   4.324, dOz=  18.058  (mm)
  Object offset: offset_x=  13.537, offset_z=  14.692  (mm)
  Detector : dDx=   0.000, dDy=   0.000, dDz=   0.000  (mm)
  Obj Stage rotY :   14.157 deg
============================================================

Unity geometry (world coordinates):
  Source   : x= -10.000, y=  29.997, z=   0.000
  Object   : x=   0.923, y=  24.324, z= 818.058
  Detector : x= -20.002, y=  33.656, z=1059.000
  Obj rotY :  -4.5698 deg

Initial calibration:
  Source   : x=   0.000, y=   0.000, z=   0.000
  Object   : x=   0.000, y=   0.000, z=   0.000
  Detector : x=  25.318, y=   6.310, z=  40.001

After Calibration: 

Unity geometry (world coordinates):
  Source   : x= -10.000, y=  29.997, z=   0.000
  Object   : x=   0.923, y=  24.324, z= 818.058
  Detector : x=   5.316, y=  39.966, z=1099.001
  Obj rotY :  -4.5698 deg
view   0 | SOD= 832.038 mm | SDD=1099.153 mm | M= 1.321 | incident=0.9526°
[[ 113.28061    -824.2705       -5.673134  ]
 [ -54.661636    261.9306      -15.641468  ]
 [   0.1475104     0.02491671    0.        ]
 [   0.            0.            0.1496    ]]
Residual vector length: 400, Jacobian shape: (400, 6)
view   0 | SOD= 831.594 mm | SDD=1099.153 mm | M= 1.322 | incident=0.9526°
[[ 113.996956   -823.7243       -5.6600685 ]
 [ -54.785797    262.34653     -15.628403  ]
 [   0.14749107    0.02503086    0.        ]
 [   0.            0.            0.1496    ]]

iter 22 cost=11863.015322 -> 11875.028463 |dtheta|=6.860025e-01  lambda=1.953e+00

============================================================
Iteration 23
============================================================
Theta offsets (Unity frame):
  Source   : dSx=   0.000, dSy=   0.000, dSz=   0.000  (mm)
  Object   : dOx=   0.383, dOy=   4.324, dOz=  18.058  (mm)
  Object offset: offset_x=  13.537, offset_z=  14.692  (mm)
  Detector : dDx=   0.000, dDy=   0.000, dDz=   0.000  (mm)
  Obj Stage rotY :   14.157 deg
============================================================

Unity geometry (world coordinates):
  Source   : x= -10.000, y=  29.997, z=   0.000
  Object   : x=   0.923, y=  24.324, z= 818.058
  Detector : x= -20.002, y=  33.656, z=1059.000
  Obj rotY :  -4.5698 deg

Initial calibration:
  Source   : x=   0.000, y=   0.000, z=   0.000
  Object   : x=   0.000, y=   0.000, z=   0.000
  Detector : x=  25.318, y=   6.310, z=  40.001

After Calibration: 

Unity geometry (world coordinates):
  Source   : x= -10.000, y=  29.997, z=   0.000
  Object   : x=   0.923, y=  24.324, z= 818.058
  Detector : x=   5.316, y=  39.966, z=1099.001
  Obj rotY :  -4.5698 deg
view   0 | SOD= 832.038 mm | SDD=1099.153 mm | M= 1.321 | incident=0.9526°
[[ 113.28061    -824.2705       -5.673134  ]
 [ -54.661636    261.9306      -15.641468  ]
 [   0.1475104     0.02491671    0.        ]
 [   0.            0.            0.1496    ]]
Residual vector length: 400, Jacobian shape: (400, 6)
view   0 | SOD= 831.725 mm | SDD=1099.153 mm | M= 1.322 | incident=0.9526°
[[ 113.99566    -823.8567       -5.66074   ]
 [ -54.76135     262.21814     -15.629074  ]
 [   0.14749166    0.02502736    0.        ]
 [   0.            0.            0.1496    ]]

iter 23 cost=11863.015322 -> 11868.782438 |dtheta|=5.690656e-01  lambda=9.766e+00

============================================================
Iteration 24
============================================================
Theta offsets (Unity frame):
  Source   : dSx=   0.000, dSy=   0.000, dSz=   0.000  (mm)
  Object   : dOx=   0.383, dOy=   4.324, dOz=  18.058  (mm)
  Object offset: offset_x=  13.537, offset_z=  14.692  (mm)
  Detector : dDx=   0.000, dDy=   0.000, dDz=   0.000  (mm)
  Obj Stage rotY :   14.157 deg
============================================================

Unity geometry (world coordinates):
  Source   : x= -10.000, y=  29.997, z=   0.000
  Object   : x=   0.923, y=  24.324, z= 818.058
  Detector : x= -20.002, y=  33.656, z=1059.000
  Obj rotY :  -4.5698 deg

Initial calibration:
  Source   : x=   0.000, y=   0.000, z=   0.000
  Object   : x=   0.000, y=   0.000, z=   0.000
  Detector : x=  25.318, y=   6.310, z=  40.001

After Calibration: 

Unity geometry (world coordinates):
  Source   : x= -10.000, y=  29.997, z=   0.000
  Object   : x=   0.923, y=  24.324, z= 818.058
  Detector : x=   5.316, y=  39.966, z=1099.001
  Obj rotY :  -4.5698 deg
view   0 | SOD= 832.038 mm | SDD=1099.153 mm | M= 1.321 | incident=0.9526°
[[ 113.28061    -824.2705       -5.673134  ]
 [ -54.661636    261.9306      -15.641468  ]
 [   0.1475104     0.02491671    0.        ]
 [   0.            0.            0.1496    ]]
Residual vector length: 400, Jacobian shape: (400, 6)
view   0 | SOD= 831.984 mm | SDD=1099.153 mm | M= 1.321 | incident=0.9526°
[[ 113.97171    -824.1211       -5.6620846 ]
 [ -54.70713     261.96588     -15.630419  ]
 [   0.14749347    0.02501675    0.        ]
 [   0.            0.            0.1496    ]]

iter 24 cost=11863.015322 -> 11872.342511 |dtheta|=3.605622e-01  lambda=4.883e+01

============================================================
Iteration 25
============================================================
Theta offsets (Unity frame):
  Source   : dSx=   0.000, dSy=   0.000, dSz=   0.000  (mm)
  Object   : dOx=   0.383, dOy=   4.324, dOz=  18.058  (mm)
  Object offset: offset_x=  13.537, offset_z=  14.692  (mm)
  Detector : dDx=   0.000, dDy=   0.000, dDz=   0.000  (mm)
  Obj Stage rotY :   14.157 deg
============================================================

Unity geometry (world coordinates):
  Source   : x= -10.000, y=  29.997, z=   0.000
  Object   : x=   0.923, y=  24.324, z= 818.058
  Detector : x= -20.002, y=  33.656, z=1059.000
  Obj rotY :  -4.5698 deg

Initial calibration:
  Source   : x=   0.000, y=   0.000, z=   0.000
  Object   : x=   0.000, y=   0.000, z=   0.000
  Detector : x=  25.318, y=   6.310, z=  40.001

After Calibration: 

Unity geometry (world coordinates):
  Source   : x= -10.000, y=  29.997, z=   0.000
  Object   : x=   0.923, y=  24.324, z= 818.058
  Detector : x=   5.316, y=  39.966, z=1099.001
  Obj rotY :  -4.5698 deg
view   0 | SOD= 832.038 mm | SDD=1099.153 mm | M= 1.321 | incident=0.9526°
[[ 113.28061    -824.2705       -5.673134  ]
 [ -54.661636    261.9306      -15.641468  ]
 [   0.1475104     0.02491671    0.        ]
 [   0.            0.            0.1496    ]]
Residual vector length: 400, Jacobian shape: (400, 6)
view   0 | SOD= 832.161 mm | SDD=1099.153 mm | M= 1.321 | incident=0.9526°
[[ 113.85764    -824.31573      -5.6631756 ]
 [ -54.64475     261.7986      -15.63151   ]
 [   0.14749752    0.02499278    0.        ]
 [   0.            0.            0.1496    ]]

iter 25 cost=11863.015322 -> 11877.816505 |dtheta|=2.592933e-01  lambda=2.441e+02

============================================================
Iteration 26
============================================================
Theta offsets (Unity frame):
  Source   : dSx=   0.000, dSy=   0.000, dSz=   0.000  (mm)
  Object   : dOx=   0.383, dOy=   4.324, dOz=  18.058  (mm)
  Object offset: offset_x=  13.537, offset_z=  14.692  (mm)
  Detector : dDx=   0.000, dDy=   0.000, dDz=   0.000  (mm)
  Obj Stage rotY :   14.157 deg
============================================================

Unity geometry (world coordinates):
  Source   : x= -10.000, y=  29.997, z=   0.000
  Object   : x=   0.923, y=  24.324, z= 818.058
  Detector : x= -20.002, y=  33.656, z=1059.000
  Obj rotY :  -4.5698 deg

Initial calibration:
  Source   : x=   0.000, y=   0.000, z=   0.000
  Object   : x=   0.000, y=   0.000, z=   0.000
  Detector : x=  25.318, y=   6.310, z=  40.001

After Calibration: 

Unity geometry (world coordinates):
  Source   : x= -10.000, y=  29.997, z=   0.000
  Object   : x=   0.923, y=  24.324, z= 818.058
  Detector : x=   5.316, y=  39.966, z=1099.001
  Obj rotY :  -4.5698 deg
view   0 | SOD= 832.038 mm | SDD=1099.153 mm | M= 1.321 | incident=0.9526°
[[ 113.28061    -824.2705       -5.673134  ]
 [ -54.661636    261.9306      -15.641468  ]
 [   0.1475104     0.02491671    0.        ]
 [   0.            0.            0.1496    ]]
Residual vector length: 400, Jacobian shape: (400, 6)
view   0 | SOD= 832.191 mm | SDD=1099.153 mm | M= 1.321 | incident=0.9526°
[[ 113.659134   -824.3734       -5.6643734 ]
 [ -54.60436     261.77798     -15.632708  ]
 [   0.14750302    0.02496034    0.        ]
 [   0.            0.            0.1496    ]]

iter 26 cost=11863.015322 -> 11882.037094 |dtheta|=2.135563e-01  lambda=1.221e+03

============================================================
Iteration 27
============================================================
Theta offsets (Unity frame):
  Source   : dSx=   0.000, dSy=   0.000, dSz=   0.000  (mm)
  Object   : dOx=   0.383, dOy=   4.324, dOz=  18.058  (mm)
  Object offset: offset_x=  13.537, offset_z=  14.692  (mm)
  Detector : dDx=   0.000, dDy=   0.000, dDz=   0.000  (mm)
  Obj Stage rotY :   14.157 deg
============================================================

Unity geometry (world coordinates):
  Source   : x= -10.000, y=  29.997, z=   0.000
  Object   : x=   0.923, y=  24.324, z= 818.058
  Detector : x= -20.002, y=  33.656, z=1059.000
  Obj rotY :  -4.5698 deg

Initial calibration:
  Source   : x=   0.000, y=   0.000, z=   0.000
  Object   : x=   0.000, y=   0.000, z=   0.000
  Detector : x=  25.318, y=   6.310, z=  40.001

After Calibration: 

Unity geometry (world coordinates):
  Source   : x= -10.000, y=  29.997, z=   0.000
  Object   : x=   0.923, y=  24.324, z= 818.058
  Detector : x=   5.316, y=  39.966, z=1099.001
  Obj rotY :  -4.5698 deg
view   0 | SOD= 832.038 mm | SDD=1099.153 mm | M= 1.321 | incident=0.9526°
[[ 113.28061    -824.2705       -5.673134  ]
 [ -54.661636    261.9306      -15.641468  ]
 [   0.1475104     0.02491671    0.        ]
 [   0.            0.            0.1496    ]]
Residual vector length: 400, Jacobian shape: (400, 6)
view   0 | SOD= 832.135 mm | SDD=1099.153 mm | M= 1.321 | incident=0.9526°
[[ 113.464485   -824.3432       -5.667385  ]
 [ -54.61996     261.83594     -15.635719  ]
 [   0.14750713    0.02493602    0.        ]
 [   0.            0.            0.1496    ]]

iter 27 cost=11863.015322 -> 11852.064309 |dtheta|=1.240390e-01  lambda=6.104e+03

============================================================
Iteration 28
============================================================
Theta offsets (Unity frame):
  Source   : dSx=   0.000, dSy=   0.000, dSz=   0.000  (mm)
  Object   : dOx=   0.390, dOy=   4.330, dOz=  18.054  (mm)
  Object offset: offset_x=  13.462, offset_z=  14.789  (mm)
  Detector : dDx=   0.000, dDy=   0.000, dDz=   0.000  (mm)
  Obj Stage rotY :   14.165 deg
============================================================

Unity geometry (world coordinates):
  Source   : x= -10.000, y=  29.997, z=   0.000
  Object   : x=   0.931, y=  24.330, z= 818.054
  Detector : x= -20.002, y=  33.656, z=1059.000
  Obj rotY :  -4.5698 deg

Initial calibration:
  Source   : x=   0.000, y=   0.000, z=   0.000
  Object   : x=   0.000, y=   0.000, z=   0.000
  Detector : x=  25.318, y=   6.310, z=  40.001

After Calibration: 

Unity geometry (world coordinates):
  Source   : x= -10.000, y=  29.997, z=   0.000
  Object   : x=   0.931, y=  24.330, z= 818.054
  Detector : x=   5.316, y=  39.966, z=1099.001
  Obj rotY :  -4.5698 deg
view   0 | SOD= 832.135 mm | SDD=1099.153 mm | M= 1.321 | incident=0.9526°
[[ 113.464485   -824.3432       -5.667385  ]
 [ -54.61996     261.83594     -15.635719  ]
 [   0.14750713    0.02493602    0.        ]
 [   0.            0.            0.1496    ]]
Residual vector length: 400, Jacobian shape: (400, 6)
view   0 | SOD= 832.158 mm | SDD=1099.153 mm | M= 1.321 | incident=0.9526°
[[ 115.05364    -824.1467       -5.6709976 ]
 [ -55.03459     261.7204      -15.639332  ]
 [   0.14746088    0.02520814    0.        ]
 [   0.            0.            0.1496    ]]

iter 28 cost=11852.064309 -> 11807.871298 |dtheta|=1.227543e-01  lambda=2.035e+03

============================================================
Iteration 29
============================================================
Theta offsets (Unity frame):
  Source   : dSx=   0.000, dSy=   0.000, dSz=   0.000  (mm)
  Object   : dOx=   0.384, dOy=   4.326, dOz=  18.064  (mm)
  Object offset: offset_x=  13.401, offset_z=  14.800  (mm)
  Detector : dDx=   0.000, dDy=   0.000, dDz=   0.000  (mm)
  Obj Stage rotY :   14.271 deg
============================================================

Unity geometry (world coordinates):
  Source   : x= -10.000, y=  29.997, z=   0.000
  Object   : x=   0.925, y=  24.326, z= 818.064
  Detector : x= -20.002, y=  33.656, z=1059.000
  Obj rotY :  -4.5698 deg

Initial calibration:
  Source   : x=   0.000, y=   0.000, z=   0.000
  Object   : x=   0.000, y=   0.000, z=   0.000
  Detector : x=  25.318, y=   6.310, z=  40.001

After Calibration: 

Unity geometry (world coordinates):
  Source   : x= -10.000, y=  29.997, z=   0.000
  Object   : x=   0.925, y=  24.326, z= 818.064
  Detector : x=   5.316, y=  39.966, z=1099.001
  Obj rotY :  -4.5698 deg
view   0 | SOD= 832.158 mm | SDD=1099.153 mm | M= 1.321 | incident=0.9526°
[[ 115.05364    -824.1467       -5.6709976 ]
 [ -55.03459     261.7204      -15.639332  ]
 [   0.14746088    0.02520814    0.        ]
 [   0.            0.            0.1496    ]]
Residual vector length: 400, Jacobian shape: (400, 6)
view   0 | SOD= 831.928 mm | SDD=1099.153 mm | M= 1.321 | incident=0.9526°
[[ 109.22433    -824.70703      -5.687975  ]
 [ -53.324944    262.3142      -15.656309  ]
 [   0.14763224    0.0241843     0.        ]
 [   0.            0.            0.1496    ]]

iter 29 cost=11807.871298 -> 11900.560903 |dtheta|=4.496985e-01  lambda=6.782e+02

============================================================
Iteration 30
============================================================
Theta offsets (Unity frame):
  Source   : dSx=   0.000, dSy=   0.000, dSz=   0.000  (mm)
  Object   : dOx=   0.384, dOy=   4.326, dOz=  18.064  (mm)
  Object offset: offset_x=  13.401, offset_z=  14.800  (mm)
  Detector : dDx=   0.000, dDy=   0.000, dDz=   0.000  (mm)
  Obj Stage rotY :   14.271 deg
============================================================

Unity geometry (world coordinates):
  Source   : x= -10.000, y=  29.997, z=   0.000
  Object   : x=   0.925, y=  24.326, z= 818.064
  Detector : x= -20.002, y=  33.656, z=1059.000
  Obj rotY :  -4.5698 deg

Initial calibration:
  Source   : x=   0.000, y=   0.000, z=   0.000
  Object   : x=   0.000, y=   0.000, z=   0.000
  Detector : x=  25.318, y=   6.310, z=  40.001

After Calibration: 

Unity geometry (world coordinates):
  Source   : x= -10.000, y=  29.997, z=   0.000
  Object   : x=   0.925, y=  24.326, z= 818.064
  Detector : x=   5.316, y=  39.966, z=1099.001
  Obj rotY :  -4.5698 deg
view   0 | SOD= 832.158 mm | SDD=1099.153 mm | M= 1.321 | incident=0.9526°
[[ 115.05364    -824.1467       -5.6709976 ]
 [ -55.03459     261.7204      -15.639332  ]
 [   0.14746088    0.02520814    0.        ]
 [   0.            0.            0.1496    ]]
Residual vector length: 400, Jacobian shape: (400, 6)
view   0 | SOD= 832.014 mm | SDD=1099.153 mm | M= 1.321 | incident=0.9526°
[[ 113.36071    -824.23535      -5.6829567 ]
 [ -54.606323    261.9619      -15.651291  ]
 [   0.14750983    0.02492008    0.        ]
 [   0.            0.            0.1496    ]]

iter 30 cost=11807.871298 -> 11799.086269 |dtheta|=1.885199e-01  lambda=3.391e+03

============================================================
Iteration 31
============================================================
Theta offsets (Unity frame):
  Source   : dSx=   0.000, dSy=   0.000, dSz=   0.000  (mm)
  Object   : dOx=   0.383, dOy=   4.314, dOz=  18.056  (mm)
  Object offset: offset_x=  13.473, offset_z=  14.667  (mm)
  Detector : dDx=   0.000, dDy=   0.000, dDz=   0.000  (mm)
  Obj Stage rotY :   14.159 deg
============================================================

Unity geometry (world coordinates):
  Source   : x= -10.000, y=  29.997, z=   0.000
  Object   : x=   0.923, y=  24.314, z= 818.055
  Detector : x= -20.002, y=  33.656, z=1059.000
  Obj rotY :  -4.5698 deg

Initial calibration:
  Source   : x=   0.000, y=   0.000, z=   0.000
  Object   : x=   0.000, y=   0.000, z=   0.000
  Detector : x=  25.318, y=   6.310, z=  40.001

After Calibration: 

Unity geometry (world coordinates):
  Source   : x= -10.000, y=  29.997, z=   0.000
  Object   : x=   0.923, y=  24.314, z= 818.055
  Detector : x=   5.316, y=  39.966, z=1099.001
  Obj rotY :  -4.5698 deg
view   0 | SOD= 832.014 mm | SDD=1099.153 mm | M= 1.321 | incident=0.9526°
[[ 113.36071    -824.23535      -5.6829567 ]
 [ -54.606323    261.9619      -15.651291  ]
 [   0.14750983    0.02492008    0.        ]
 [   0.            0.            0.1496    ]]
Residual vector length: 400, Jacobian shape: (400, 6)
view   0 | SOD= 831.904 mm | SDD=1099.153 mm | M= 1.321 | incident=0.9526°
[[ 110.867676   -824.4639       -5.6823025 ]
 [ -53.85595     262.22995     -15.650637  ]
 [   0.14758356    0.0244796     0.        ]
 [   0.            0.            0.1496    ]]

iter 31 cost=11799.086269 -> 11872.569604 |dtheta|=1.922308e-01  lambda=1.130e+03

============================================================
Iteration 32
============================================================
Theta offsets (Unity frame):
  Source   : dSx=   0.000, dSy=   0.000, dSz=   0.000  (mm)
  Object   : dOx=   0.383, dOy=   4.314, dOz=  18.056  (mm)
  Object offset: offset_x=  13.473, offset_z=  14.667  (mm)
  Detector : dDx=   0.000, dDy=   0.000, dDz=   0.000  (mm)
  Obj Stage rotY :   14.159 deg
============================================================

Unity geometry (world coordinates):
  Source   : x= -10.000, y=  29.997, z=   0.000
  Object   : x=   0.923, y=  24.314, z= 818.055
  Detector : x= -20.002, y=  33.656, z=1059.000
  Obj rotY :  -4.5698 deg

Initial calibration:
  Source   : x=   0.000, y=   0.000, z=   0.000
  Object   : x=   0.000, y=   0.000, z=   0.000
  Detector : x=  25.318, y=   6.310, z=  40.001

After Calibration: 

Unity geometry (world coordinates):
  Source   : x= -10.000, y=  29.997, z=   0.000
  Object   : x=   0.923, y=  24.314, z= 818.055
  Detector : x=   5.316, y=  39.966, z=1099.001
  Obj rotY :  -4.5698 deg
view   0 | SOD= 832.014 mm | SDD=1099.153 mm | M= 1.321 | incident=0.9526°
[[ 113.36071    -824.23535      -5.6829567 ]
 [ -54.606323    261.9619      -15.651291  ]
 [   0.14750983    0.02492008    0.        ]
 [   0.            0.            0.1496    ]]
Residual vector length: 400, Jacobian shape: (400, 6)
view   0 | SOD= 831.958 mm | SDD=1099.153 mm | M= 1.321 | incident=0.9526°
[[ 112.68847    -824.271        -5.6831856 ]
 [ -54.417522    262.05908     -15.65152   ]
 [   0.14752954    0.02480314    0.        ]
 [   0.            0.            0.1496    ]]

iter 32 cost=11799.086269 -> 11861.314311 |dtheta|=6.956254e-02  lambda=5.651e+03

============================================================
Iteration 33
============================================================
Theta offsets (Unity frame):
  Source   : dSx=   0.000, dSy=   0.000, dSz=   0.000  (mm)
  Object   : dOx=   0.383, dOy=   4.314, dOz=  18.056  (mm)
  Object offset: offset_x=  13.473, offset_z=  14.667  (mm)
  Detector : dDx=   0.000, dDy=   0.000, dDz=   0.000  (mm)
  Obj Stage rotY :   14.159 deg
============================================================

Unity geometry (world coordinates):
  Source   : x= -10.000, y=  29.997, z=   0.000
  Object   : x=   0.923, y=  24.314, z= 818.055
  Detector : x= -20.002, y=  33.656, z=1059.000
  Obj rotY :  -4.5698 deg

Initial calibration:
  Source   : x=   0.000, y=   0.000, z=   0.000
  Object   : x=   0.000, y=   0.000, z=   0.000
  Detector : x=  25.318, y=   6.310, z=  40.001

After Calibration: 

Unity geometry (world coordinates):
  Source   : x= -10.000, y=  29.997, z=   0.000
  Object   : x=   0.923, y=  24.314, z= 818.055
  Detector : x=   5.316, y=  39.966, z=1099.001
  Obj rotY :  -4.5698 deg
view   0 | SOD= 832.014 mm | SDD=1099.153 mm | M= 1.321 | incident=0.9526°
[[ 113.36071    -824.23535      -5.6829567 ]
 [ -54.606323    261.9619      -15.651291  ]
 [   0.14750983    0.02492008    0.        ]
 [   0.            0.            0.1496    ]]
Residual vector length: 400, Jacobian shape: (400, 6)
view   0 | SOD= 831.995 mm | SDD=1099.153 mm | M= 1.321 | incident=0.9526°
[[ 113.212875   -824.237        -5.6832047 ]
 [ -54.56757     261.9891      -15.651539  ]
 [   0.1475141     0.02489474    0.        ]
 [   0.            0.            0.1496    ]]

iter 33 cost=11799.086269 -> 11803.845098 |dtheta|=2.063409e-02  lambda=2.826e+04

============================================================
Iteration 34
============================================================
Theta offsets (Unity frame):
  Source   : dSx=   0.000, dSy=   0.000, dSz=   0.000  (mm)
  Object   : dOx=   0.383, dOy=   4.314, dOz=  18.056  (mm)
  Object offset: offset_x=  13.473, offset_z=  14.667  (mm)
  Detector : dDx=   0.000, dDy=   0.000, dDz=   0.000  (mm)
  Obj Stage rotY :   14.159 deg
============================================================

Unity geometry (world coordinates):
  Source   : x= -10.000, y=  29.997, z=   0.000
  Object   : x=   0.923, y=  24.314, z= 818.055
  Detector : x= -20.002, y=  33.656, z=1059.000
  Obj rotY :  -4.5698 deg

Initial calibration:
  Source   : x=   0.000, y=   0.000, z=   0.000
  Object   : x=   0.000, y=   0.000, z=   0.000
  Detector : x=  25.318, y=   6.310, z=  40.001

After Calibration: 

Unity geometry (world coordinates):
  Source   : x= -10.000, y=  29.997, z=   0.000
  Object   : x=   0.923, y=  24.314, z= 818.055
  Detector : x=   5.316, y=  39.966, z=1099.001
  Obj rotY :  -4.5698 deg
view   0 | SOD= 832.014 mm | SDD=1099.153 mm | M= 1.321 | incident=0.9526°
[[ 113.36071    -824.23535      -5.6829567 ]
 [ -54.606323    261.9619      -15.651291  ]
 [   0.14750983    0.02492008    0.        ]
 [   0.            0.            0.1496    ]]
Residual vector length: 400, Jacobian shape: (400, 6)
view   0 | SOD= 832.009 mm | SDD=1099.153 mm | M= 1.321 | incident=0.9526°
[[ 113.33038    -824.23517      -5.683031  ]
 [ -54.59858     261.968       -15.651365  ]
 [   0.1475107     0.02491491    0.        ]
 [   0.            0.            0.1496    ]]

iter 34 cost=11799.086269 -> 11796.870323 |dtheta|=4.689304e-03  lambda=1.413e+05

============================================================
Iteration 35
============================================================
Theta offsets (Unity frame):
  Source   : dSx=   0.000, dSy=   0.000, dSz=   0.000  (mm)
  Object   : dOx=   0.383, dOy=   4.314, dOz=  18.056  (mm)
  Object offset: offset_x=  13.474, offset_z=  14.663  (mm)
  Detector : dDx=   0.000, dDy=   0.000, dDz=   0.000  (mm)
  Obj Stage rotY :   14.157 deg
============================================================

Unity geometry (world coordinates):
  Source   : x= -10.000, y=  29.997, z=   0.000
  Object   : x=   0.923, y=  24.314, z= 818.055
  Detector : x= -20.002, y=  33.656, z=1059.000
  Obj rotY :  -4.5698 deg

Initial calibration:
  Source   : x=   0.000, y=   0.000, z=   0.000
  Object   : x=   0.000, y=   0.000, z=   0.000
  Detector : x=  25.318, y=   6.310, z=  40.001

After Calibration: 

Unity geometry (world coordinates):
  Source   : x= -10.000, y=  29.997, z=   0.000
  Object   : x=   0.923, y=  24.314, z= 818.055
  Detector : x=   5.316, y=  39.966, z=1099.001
  Obj rotY :  -4.5698 deg
view   0 | SOD= 832.009 mm | SDD=1099.153 mm | M= 1.321 | incident=0.9526°
[[ 113.33038    -824.23517      -5.683031  ]
 [ -54.59858     261.968       -15.651365  ]
 [   0.1475107     0.02491491    0.        ]
 [   0.            0.            0.1496    ]]
Residual vector length: 400, Jacobian shape: (400, 6)
view   0 | SOD= 832.002 mm | SDD=1099.153 mm | M= 1.321 | incident=0.9526°
[[ 113.36943    -824.22266      -5.6816216 ]
 [ -54.619003    261.97134     -15.649956  ]
 [   0.14750934    0.02492299    0.        ]
 [   0.            0.            0.1496    ]]

iter 35 cost=11796.870323 -> 11805.136752 |dtheta|=9.061684e-03  lambda=4.710e+04

============================================================
Iteration 36
============================================================
Theta offsets (Unity frame):
  Source   : dSx=   0.000, dSy=   0.000, dSz=   0.000  (mm)
  Object   : dOx=   0.383, dOy=   4.314, dOz=  18.056  (mm)
  Object offset: offset_x=  13.474, offset_z=  14.663  (mm)
  Detector : dDx=   0.000, dDy=   0.000, dDz=   0.000  (mm)
  Obj Stage rotY :   14.157 deg
============================================================

Unity geometry (world coordinates):
  Source   : x= -10.000, y=  29.997, z=   0.000
  Object   : x=   0.923, y=  24.314, z= 818.055
  Detector : x= -20.002, y=  33.656, z=1059.000
  Obj rotY :  -4.5698 deg

Initial calibration:
  Source   : x=   0.000, y=   0.000, z=   0.000
  Object   : x=   0.000, y=   0.000, z=   0.000
  Detector : x=  25.318, y=   6.310, z=  40.001

After Calibration: 

Unity geometry (world coordinates):
  Source   : x= -10.000, y=  29.997, z=   0.000
  Object   : x=   0.923, y=  24.314, z= 818.055
  Detector : x=   5.316, y=  39.966, z=1099.001
  Obj rotY :  -4.5698 deg
view   0 | SOD= 832.009 mm | SDD=1099.153 mm | M= 1.321 | incident=0.9526°
[[ 113.33038    -824.23517      -5.683031  ]
 [ -54.59858     261.968       -15.651365  ]
 [   0.1475107     0.02491491    0.        ]
 [   0.            0.            0.1496    ]]
Residual vector length: 400, Jacobian shape: (400, 6)
view   0 | SOD= 832.008 mm | SDD=1099.153 mm | M= 1.321 | incident=0.9526°
[[ 113.33815    -824.2326       -5.6827145 ]
 [ -54.602795    261.9687      -15.651049  ]
 [   0.14751042    0.02491654    0.        ]
 [   0.            0.            0.1496    ]]

iter 36 cost=11796.870323 -> 11799.617072 |dtheta|=1.968287e-03  lambda=2.355e+05

============================================================
Iteration 37
============================================================
Theta offsets (Unity frame):
  Source   : dSx=   0.000, dSy=   0.000, dSz=   0.000  (mm)
  Object   : dOx=   0.383, dOy=   4.314, dOz=  18.056  (mm)
  Object offset: offset_x=  13.474, offset_z=  14.663  (mm)
  Detector : dDx=   0.000, dDy=   0.000, dDz=   0.000  (mm)
  Obj Stage rotY :   14.157 deg
============================================================

Unity geometry (world coordinates):
  Source   : x= -10.000, y=  29.997, z=   0.000
  Object   : x=   0.923, y=  24.314, z= 818.055
  Detector : x= -20.002, y=  33.656, z=1059.000
  Obj rotY :  -4.5698 deg

Initial calibration:
  Source   : x=   0.000, y=   0.000, z=   0.000
  Object   : x=   0.000, y=   0.000, z=   0.000
  Detector : x=  25.318, y=   6.310, z=  40.001

After Calibration: 

Unity geometry (world coordinates):
  Source   : x= -10.000, y=  29.997, z=   0.000
  Object   : x=   0.923, y=  24.314, z= 818.055
  Detector : x=   5.316, y=  39.966, z=1099.001
  Obj rotY :  -4.5698 deg
view   0 | SOD= 832.009 mm | SDD=1099.153 mm | M= 1.321 | incident=0.9526°
[[ 113.33038    -824.23517      -5.683031  ]
 [ -54.59858     261.968       -15.651365  ]
 [   0.1475107     0.02491491    0.        ]
 [   0.            0.            0.1496    ]]
Residual vector length: 400, Jacobian shape: (400, 6)
view   0 | SOD= 832.009 mm | SDD=1099.153 mm | M= 1.321 | incident=0.9526°
[[ 113.332214   -824.23456      -5.682955  ]
 [ -54.59958     261.96817     -15.651289  ]
 [   0.14751063    0.02491529    0.        ]
 [   0.            0.            0.1496    ]]

iter 37 cost=11796.870323 -> 11798.960600 |dtheta|=4.713855e-04  lambda=1.000e+06

============================================================
Iteration 38
============================================================
Theta offsets (Unity frame):
  Source   : dSx=   0.000, dSy=   0.000, dSz=   0.000  (mm)
  Object   : dOx=   0.383, dOy=   4.314, dOz=  18.056  (mm)
  Object offset: offset_x=  13.474, offset_z=  14.663  (mm)
  Detector : dDx=   0.000, dDy=   0.000, dDz=   0.000  (mm)
  Obj Stage rotY :   14.157 deg
============================================================

Unity geometry (world coordinates):
  Source   : x= -10.000, y=  29.997, z=   0.000
  Object   : x=   0.923, y=  24.314, z= 818.055
  Detector : x= -20.002, y=  33.656, z=1059.000
  Obj rotY :  -4.5698 deg

Initial calibration:
  Source   : x=   0.000, y=   0.000, z=   0.000
  Object   : x=   0.000, y=   0.000, z=   0.000
  Detector : x=  25.318, y=   6.310, z=  40.001

After Calibration: 

Unity geometry (world coordinates):
  Source   : x= -10.000, y=  29.997, z=   0.000
  Object   : x=   0.923, y=  24.314, z= 818.055
  Detector : x=   5.316, y=  39.966, z=1099.001
  Obj rotY :  -4.5698 deg
view   0 | SOD= 832.009 mm | SDD=1099.153 mm | M= 1.321 | incident=0.9526°
[[ 113.33038    -824.23517      -5.683031  ]
 [ -54.59858     261.968       -15.651365  ]
 [   0.1475107     0.02491491    0.        ]
 [   0.            0.            0.1496    ]]
Residual vector length: 400, Jacobian shape: (400, 6)
view   0 | SOD= 832.009 mm | SDD=1099.153 mm | M= 1.321 | incident=0.9526°
[[ 113.332214   -824.23456      -5.682955  ]
 [ -54.59958     261.96817     -15.651289  ]
 [   0.14751063    0.02491529    0.        ]
 [   0.            0.            0.1496    ]]

iter 38 cost=11796.870323 -> 11798.960600 |dtheta|=4.713855e-04  lambda=1.000e+06

============================================================
Iteration 39
============================================================
Theta offsets (Unity frame):
  Source   : dSx=   0.000, dSy=   0.000, dSz=   0.000  (mm)
  Object   : dOx=   0.383, dOy=   4.314, dOz=  18.056  (mm)
  Object offset: offset_x=  13.474, offset_z=  14.663  (mm)
  Detector : dDx=   0.000, dDy=   0.000, dDz=   0.000  (mm)
  Obj Stage rotY :   14.157 deg
============================================================

Unity geometry (world coordinates):
  Source   : x= -10.000, y=  29.997, z=   0.000
  Object   : x=   0.923, y=  24.314, z= 818.055
  Detector : x= -20.002, y=  33.656, z=1059.000
  Obj rotY :  -4.5698 deg

Initial calibration:
  Source   : x=   0.000, y=   0.000, z=   0.000
  Object   : x=   0.000, y=   0.000, z=   0.000
  Detector : x=  25.318, y=   6.310, z=  40.001

After Calibration: 

Unity geometry (world coordinates):
  Source   : x= -10.000, y=  29.997, z=   0.000
  Object   : x=   0.923, y=  24.314, z= 818.055
  Detector : x=   5.316, y=  39.966, z=1099.001
  Obj rotY :  -4.5698 deg
view   0 | SOD= 832.009 mm | SDD=1099.153 mm | M= 1.321 | incident=0.9526°
[[ 113.33038    -824.23517      -5.683031  ]
 [ -54.59858     261.968       -15.651365  ]
 [   0.1475107     0.02491491    0.        ]
 [   0.            0.            0.1496    ]]
Residual vector length: 400, Jacobian shape: (400, 6)
view   0 | SOD= 832.009 mm | SDD=1099.153 mm | M= 1.321 | incident=0.9526°
[[ 113.332214   -824.23456      -5.682955  ]
 [ -54.59958     261.96817     -15.651289  ]
 [   0.14751063    0.02491529    0.        ]
 [   0.            0.            0.1496    ]]

iter 39 cost=11796.870323 -> 11798.960600 |dtheta|=4.713855e-04  lambda=1.000e+06

============================================================
Iteration 40
============================================================
Theta offsets (Unity frame):
  Source   : dSx=   0.000, dSy=   0.000, dSz=   0.000  (mm)
  Object   : dOx=   0.383, dOy=   4.314, dOz=  18.056  (mm)
  Object offset: offset_x=  13.474, offset_z=  14.663  (mm)
  Detector : dDx=   0.000, dDy=   0.000, dDz=   0.000  (mm)
  Obj Stage rotY :   14.157 deg
============================================================

Unity geometry (world coordinates):
  Source   : x= -10.000, y=  29.997, z=   0.000
  Object   : x=   0.923, y=  24.314, z= 818.055
  Detector : x= -20.002, y=  33.656, z=1059.000
  Obj rotY :  -4.5698 deg

Initial calibration:
  Source   : x=   0.000, y=   0.000, z=   0.000
  Object   : x=   0.000, y=   0.000, z=   0.000
  Detector : x=  25.318, y=   6.310, z=  40.001

After Calibration: 

Unity geometry (world coordinates):
  Source   : x= -10.000, y=  29.997, z=   0.000
  Object   : x=   0.923, y=  24.314, z= 818.055
  Detector : x=   5.316, y=  39.966, z=1099.001
  Obj rotY :  -4.5698 deg
view   0 | SOD= 832.009 mm | SDD=1099.153 mm | M= 1.321 | incident=0.9526°
[[ 113.33038    -824.23517      -5.683031  ]
 [ -54.59858     261.968       -15.651365  ]
 [   0.1475107     0.02491491    0.        ]
 [   0.            0.            0.1496    ]]
Residual vector length: 400, Jacobian shape: (400, 6)
view   0 | SOD= 832.009 mm | SDD=1099.153 mm | M= 1.321 | incident=0.9526°
[[ 113.332214   -824.23456      -5.682955  ]
 [ -54.59958     261.96817     -15.651289  ]
 [   0.14751063    0.02491529    0.        ]
 [   0.            0.            0.1496    ]]

iter 40 cost=11796.870323 -> 11798.960600 |dtheta|=4.713855e-04  lambda=1.000e+06

============================================================
Iteration 41
============================================================
Theta offsets (Unity frame):
  Source   : dSx=   0.000, dSy=   0.000, dSz=   0.000  (mm)
  Object   : dOx=   0.383, dOy=   4.314, dOz=  18.056  (mm)
  Object offset: offset_x=  13.474, offset_z=  14.663  (mm)
  Detector : dDx=   0.000, dDy=   0.000, dDz=   0.000  (mm)
  Obj Stage rotY :   14.157 deg
============================================================

Unity geometry (world coordinates):
  Source   : x= -10.000, y=  29.997, z=   0.000
  Object   : x=   0.923, y=  24.314, z= 818.055
  Detector : x= -20.002, y=  33.656, z=1059.000
  Obj rotY :  -4.5698 deg

Initial calibration:
  Source   : x=   0.000, y=   0.000, z=   0.000
  Object   : x=   0.000, y=   0.000, z=   0.000
  Detector : x=  25.318, y=   6.310, z=  40.001

After Calibration: 

Unity geometry (world coordinates):
  Source   : x= -10.000, y=  29.997, z=   0.000
  Object   : x=   0.923, y=  24.314, z= 818.055
  Detector : x=   5.316, y=  39.966, z=1099.001
  Obj rotY :  -4.5698 deg
view   0 | SOD= 832.009 mm | SDD=1099.153 mm | M= 1.321 | incident=0.9526°
[[ 113.33038    -824.23517      -5.683031  ]
 [ -54.59858     261.968       -15.651365  ]
 [   0.1475107     0.02491491    0.        ]
 [   0.            0.            0.1496    ]]
Residual vector length: 400, Jacobian shape: (400, 6)
view   0 | SOD= 832.009 mm | SDD=1099.153 mm | M= 1.321 | incident=0.9526°
[[ 113.332214   -824.23456      -5.682955  ]
 [ -54.59958     261.96817     -15.651289  ]
 [   0.14751063    0.02491529    0.        ]
 [   0.            0.            0.1496    ]]

iter 41 cost=11796.870323 -> 11798.960600 |dtheta|=4.713855e-04  lambda=1.000e+06

============================================================
Iteration 42
============================================================
Theta offsets (Unity frame):
  Source   : dSx=   0.000, dSy=   0.000, dSz=   0.000  (mm)
  Object   : dOx=   0.383, dOy=   4.314, dOz=  18.056  (mm)
  Object offset: offset_x=  13.474, offset_z=  14.663  (mm)
  Detector : dDx=   0.000, dDy=   0.000, dDz=   0.000  (mm)
  Obj Stage rotY :   14.157 deg
============================================================

Unity geometry (world coordinates):
  Source   : x= -10.000, y=  29.997, z=   0.000
  Object   : x=   0.923, y=  24.314, z= 818.055
  Detector : x= -20.002, y=  33.656, z=1059.000
  Obj rotY :  -4.5698 deg

Initial calibration:
  Source   : x=   0.000, y=   0.000, z=   0.000
  Object   : x=   0.000, y=   0.000, z=   0.000
  Detector : x=  25.318, y=   6.310, z=  40.001

After Calibration: 

Unity geometry (world coordinates):
  Source   : x= -10.000, y=  29.997, z=   0.000
  Object   : x=   0.923, y=  24.314, z= 818.055
  Detector : x=   5.316, y=  39.966, z=1099.001
  Obj rotY :  -4.5698 deg
view   0 | SOD= 832.009 mm | SDD=1099.153 mm | M= 1.321 | incident=0.9526°
[[ 113.33038    -824.23517      -5.683031  ]
 [ -54.59858     261.968       -15.651365  ]
 [   0.1475107     0.02491491    0.        ]
 [   0.            0.            0.1496    ]]
Residual vector length: 400, Jacobian shape: (400, 6)
view   0 | SOD= 832.009 mm | SDD=1099.153 mm | M= 1.321 | incident=0.9526°
[[ 113.332214   -824.23456      -5.682955  ]
 [ -54.59958     261.96817     -15.651289  ]
 [   0.14751063    0.02491529    0.        ]
 [   0.            0.            0.1496    ]]

iter 42 cost=11796.870323 -> 11798.960600 |dtheta|=4.713855e-04  lambda=1.000e+06

============================================================
Iteration 43
============================================================
Theta offsets (Unity frame):
  Source   : dSx=   0.000, dSy=   0.000, dSz=   0.000  (mm)
  Object   : dOx=   0.383, dOy=   4.314, dOz=  18.056  (mm)
  Object offset: offset_x=  13.474, offset_z=  14.663  (mm)
  Detector : dDx=   0.000, dDy=   0.000, dDz=   0.000  (mm)
  Obj Stage rotY :   14.157 deg
============================================================

Unity geometry (world coordinates):
  Source   : x= -10.000, y=  29.997, z=   0.000
  Object   : x=   0.923, y=  24.314, z= 818.055
  Detector : x= -20.002, y=  33.656, z=1059.000
  Obj rotY :  -4.5698 deg

Initial calibration:
  Source   : x=   0.000, y=   0.000, z=   0.000
  Object   : x=   0.000, y=   0.000, z=   0.000
  Detector : x=  25.318, y=   6.310, z=  40.001

After Calibration: 

Unity geometry (world coordinates):
  Source   : x= -10.000, y=  29.997, z=   0.000
  Object   : x=   0.923, y=  24.314, z= 818.055
  Detector : x=   5.316, y=  39.966, z=1099.001
  Obj rotY :  -4.5698 deg
view   0 | SOD= 832.009 mm | SDD=1099.153 mm | M= 1.321 | incident=0.9526°
[[ 113.33038    -824.23517      -5.683031  ]
 [ -54.59858     261.968       -15.651365  ]
 [   0.1475107     0.02491491    0.        ]
 [   0.            0.            0.1496    ]]
Residual vector length: 400, Jacobian shape: (400, 6)
view   0 | SOD= 832.009 mm | SDD=1099.153 mm | M= 1.321 | incident=0.9526°
[[ 113.332214   -824.23456      -5.682955  ]
 [ -54.59958     261.96817     -15.651289  ]
 [   0.14751063    0.02491529    0.        ]
 [   0.            0.            0.1496    ]]

iter 43 cost=11796.870323 -> 11798.960600 |dtheta|=4.713855e-04  lambda=1.000e+06
Stalled.

Estimated theta:
  dSx: +0.000000
  dSy: +0.000000
  dOx: +0.382744
  dOy: +4.314337
  dOz: +18.055801
  dDx: +0.000000
  dDy: +0.000000
  dDz: +0.000000
alpha: +1.415674e+01 deg)
offset_x: +13.474189
offset_z: +14.663324

Final cost table:
Final estimated theta: [ 0.          0.          0.38274397  4.31433719 18.05580099  0.
  0.          0.         14.1567351  13.47418894 14.66332402]
################################################################################

