
################################################################################
Running scenario=Scan4 Projections=360 Used=72, K=5

============================================================
Iteration 0
============================================================
Theta offsets (Unity frame):
  Source   : dSx=   0.000, dSy=   0.000, dSz=   0.000  (mm)
  Object   : dOx=   0.000, dOy=   0.000, dOz=   0.000  (mm)
  Object offset: offset_x=   0.000, offset_z=   0.000  (mm)
  Detector : dDx=   0.000, dDy=   0.000, dDz=   0.000  (mm)
  Obj Stage rotY :    0.000 deg
============================================================

Unity geometry (world coordinates):
  Source   : x= -10.000, y=  29.997, z=   0.000
  Object   : x=   0.541, y=  20.000, z= 800.000
  Detector : x= -20.002, y=  33.656, z=1059.000
  Obj rotY :  -4.5698 deg

Initial calibration:
  Source   : x=   0.000, y=   0.000, z=   0.000
  Object   : x=   0.000, y=   0.000, z=   0.000
  Detector : x=  25.318, y=   6.310, z=  40.001

After Calibration: 

Unity geometry (world coordinates):
  Source   : x= -10.000, y=  29.997, z=   0.000
  Object   : x=   0.541, y=  20.000, z= 800.000
  Detector : x=   5.316, y=  39.966, z=1099.001
  Obj rotY :  -4.5698 deg
view   0 | SOD= 800.131 mm | SDD=1099.153 mm | M= 1.374 | incident=0.9526°
[[ -74.246605   -796.61646      -9.997368  ]
 [  28.582819    297.67035     -19.965702  ]
 [   0.14912441   -0.01191922    0.        ]
 [   0.            0.            0.1496    ]]
Residual vector length: 1440, Jacobian shape: (1440, 6)
view   0 | SOD= 809.568 mm | SDD=1099.153 mm | M= 1.358 | incident=0.9526°
[[ -52.10703    -807.8682       -5.833931  ]
 [  21.244019    288.78897     -15.802265  ]
 [   0.14939111   -0.0079028     0.        ]
 [   0.            0.            0.1496    ]]
/vol/home/s3777103/Documents/workspace/Thesis/AutoCalibration/gauss_newton_real.py:300: FutureWarning: The behavior of DataFrame concatenation with empty or all-NA entries is deprecated. In a future version, this will no longer exclude empty or all-NA columns when determining the result dtypes. To retain the old behavior, exclude the relevant entries before the concat operation.
  df_r0 = pd.concat([df_r0, df_iter], ignore_index=True)

iter 00 cost=405595.040625 -> 75836.362902 |dtheta|=9.939313e+00  lambda=1.000e-02

============================================================
Iteration 1
============================================================
Theta offsets (Unity frame):
  Source   : dSx=   0.000, dSy=   0.000, dSz=   0.000  (mm)
  Object   : dOx=  -0.593, dOy=   4.163, dOz=   8.828  (mm)
  Object offset: offset_x=  -0.642, offset_z=   0.616  (mm)
  Detector : dDx=   0.000, dDy=   0.000, dDz=   0.000  (mm)
  Obj Stage rotY :    1.542 deg
============================================================

Unity geometry (world coordinates):
  Source   : x= -10.000, y=  29.997, z=   0.000
  Object   : x=  -0.052, y=  24.163, z= 808.828
  Detector : x= -20.002, y=  33.656, z=1059.000
  Obj rotY :  -4.5698 deg

Initial calibration:
  Source   : x=   0.000, y=   0.000, z=   0.000
  Object   : x=   0.000, y=   0.000, z=   0.000
  Detector : x=  25.318, y=   6.310, z=  40.001

After Calibration: 

Unity geometry (world coordinates):
  Source   : x= -10.000, y=  29.997, z=   0.000
  Object   : x=  -0.052, y=  24.163, z= 808.828
  Detector : x=   5.316, y=  39.966, z=1099.001
  Obj rotY :  -4.5698 deg
view   0 | SOD= 809.568 mm | SDD=1099.153 mm | M= 1.358 | incident=0.9526°
[[ -52.10703    -807.8682       -5.833931  ]
 [  21.244019    288.78897     -15.802265  ]
 [   0.14939111   -0.0079028     0.        ]
 [   0.            0.            0.1496    ]]
Residual vector length: 1440, Jacobian shape: (1440, 6)
view   0 | SOD= 814.686 mm | SDD=1099.153 mm | M= 1.349 | incident=0.9526°
[[ -47.3844     -813.2872       -5.68503   ]
 [  18.786976    283.8267      -15.653364  ]
 [   0.14943965   -0.0069248     0.        ]
 [   0.            0.            0.1496    ]]

iter 01 cost=75836.362902 -> 16592.085857 |dtheta|=3.780908e+00  lambda=3.333e-03

============================================================
Iteration 2
============================================================
Theta offsets (Unity frame):
  Source   : dSx=   0.000, dSy=   0.000, dSz=   0.000  (mm)
  Object   : dOx=  -0.473, dOy=   4.312, dOz=  12.089  (mm)
  Object offset: offset_x=  -0.580, offset_z=   2.482  (mm)
  Detector : dDx=   0.000, dDy=   0.000, dDz=   0.000  (mm)
  Obj Stage rotY :    1.917 deg
============================================================

Unity geometry (world coordinates):
  Source   : x= -10.000, y=  29.997, z=   0.000
  Object   : x=   0.068, y=  24.312, z= 812.088
  Detector : x= -20.002, y=  33.656, z=1059.000
  Obj rotY :  -4.5698 deg

Initial calibration:
  Source   : x=   0.000, y=   0.000, z=   0.000
  Object   : x=   0.000, y=   0.000, z=   0.000
  Detector : x=  25.318, y=   6.310, z=  40.001

After Calibration: 

Unity geometry (world coordinates):
  Source   : x= -10.000, y=  29.997, z=   0.000
  Object   : x=   0.068, y=  24.312, z= 812.088
  Detector : x=   5.316, y=  39.966, z=1099.001
  Obj rotY :  -4.5698 deg
view   0 | SOD= 814.686 mm | SDD=1099.153 mm | M= 1.349 | incident=0.9526°
[[ -47.3844     -813.2872       -5.68503   ]
 [  18.786976    283.8267      -15.653364  ]
 [   0.14943965   -0.0069248     0.        ]
 [   0.            0.            0.1496    ]]
Residual vector length: 1440, Jacobian shape: (1440, 6)
view   0 | SOD= 818.251 mm | SDD=1099.153 mm | M= 1.343 | incident=0.9526°
[[ -46.41423    -816.914        -5.692459  ]
 [  17.705872    280.3217      -15.660793  ]
 [   0.14945233   -0.00664539    0.        ]
 [   0.            0.            0.1496    ]]

iter 02 cost=16592.085857 -> 8104.811798 |dtheta|=3.152449e+00  lambda=1.111e-03

============================================================
Iteration 3
============================================================
Theta offsets (Unity frame):
  Source   : dSx=   0.000, dSy=   0.000, dSz=   0.000  (mm)
  Object   : dOx=  -0.429, dOy=   4.305, dOz=  15.185  (mm)
  Object offset: offset_x=  -0.269, offset_z=   2.973  (mm)
  Detector : dDx=   0.000, dDy=   0.000, dDz=   0.000  (mm)
  Obj Stage rotY :    2.024 deg
============================================================

Unity geometry (world coordinates):
  Source   : x= -10.000, y=  29.997, z=   0.000
  Object   : x=   0.111, y=  24.305, z= 815.185
  Detector : x= -20.002, y=  33.656, z=1059.000
  Obj rotY :  -4.5698 deg

Initial calibration:
  Source   : x=   0.000, y=   0.000, z=   0.000
  Object   : x=   0.000, y=   0.000, z=   0.000
  Detector : x=  25.318, y=   6.310, z=  40.001

After Calibration: 

Unity geometry (world coordinates):
  Source   : x= -10.000, y=  29.997, z=   0.000
  Object   : x=   0.111, y=  24.305, z= 815.185
  Detector : x=   5.316, y=  39.966, z=1099.001
  Obj rotY :  -4.5698 deg
view   0 | SOD= 818.251 mm | SDD=1099.153 mm | M= 1.343 | incident=0.9526°
[[ -46.41423    -816.914        -5.692459  ]
 [  17.705872    280.3217      -15.660793  ]
 [   0.14945233   -0.00664539    0.        ]
 [   0.            0.            0.1496    ]]
Residual vector length: 1440, Jacobian shape: (1440, 6)
view   0 | SOD= 818.500 mm | SDD=1099.153 mm | M= 1.343 | incident=0.9526°
[[ -31.568008   -817.8711       -5.6998215 ]
 [  12.291872    280.361       -15.668156  ]
 [   0.14954951   -0.00388615    0.        ]
 [   0.            0.            0.1496    ]]

iter 03 cost=8104.811798 -> 5134.328303 |dtheta|=1.092352e+00  lambda=3.704e-04

============================================================
Iteration 4
============================================================
Theta offsets (Unity frame):
  Source   : dSx=   0.000, dSy=   0.000, dSz=   0.000  (mm)
  Object   : dOx=  -0.400, dOy=   4.298, dOz=  15.269  (mm)
  Object offset: offset_x=  -0.080, offset_z=   3.150  (mm)
  Detector : dDx=   0.000, dDy=   0.000, dDz=   0.000  (mm)
  Obj Stage rotY :    3.081 deg
============================================================

Unity geometry (world coordinates):
  Source   : x= -10.000, y=  29.997, z=   0.000
  Object   : x=   0.140, y=  24.298, z= 815.269
  Detector : x= -20.002, y=  33.656, z=1059.000
  Obj rotY :  -4.5698 deg

Initial calibration:
  Source   : x=   0.000, y=   0.000, z=   0.000
  Object   : x=   0.000, y=   0.000, z=   0.000
  Detector : x=  25.318, y=   6.310, z=  40.001

After Calibration: 

Unity geometry (world coordinates):
  Source   : x= -10.000, y=  29.997, z=   0.000
  Object   : x=   0.140, y=  24.298, z= 815.269
  Detector : x=   5.316, y=  39.966, z=1099.001
  Obj rotY :  -4.5698 deg
view   0 | SOD= 818.500 mm | SDD=1099.153 mm | M= 1.343 | incident=0.9526°
[[ -31.568008   -817.8711       -5.6998215 ]
 [  12.291872    280.361       -15.668156  ]
 [   0.14954951   -0.00388615    0.        ]
 [   0.            0.            0.1496    ]]
Residual vector length: 1440, Jacobian shape: (1440, 6)
view   0 | SOD= 820.891 mm | SDD=1099.153 mm | M= 1.339 | incident=0.9526°
[[ -34.069447   -820.1642       -5.7082977 ]
 [  12.980051    277.93588     -15.676632  ]
 [   0.1495376    -0.00432049    0.        ]
 [   0.            0.            0.1496    ]]

iter 04 cost=5134.328303 -> 4566.109522 |dtheta|=2.243458e+00  lambda=1.235e-04

============================================================
Iteration 5
============================================================
Theta offsets (Unity frame):
  Source   : dSx=   0.000, dSy=   0.000, dSz=   0.000  (mm)
  Object   : dOx=  -0.386, dOy=   4.289, dOz=  17.500  (mm)
  Object offset: offset_x=  -0.051, offset_z=   3.312  (mm)
  Detector : dDx=   0.000, dDy=   0.000, dDz=   0.000  (mm)
  Obj Stage rotY :    2.915 deg
============================================================

Unity geometry (world coordinates):
  Source   : x= -10.000, y=  29.997, z=   0.000
  Object   : x=   0.155, y=  24.289, z= 817.500
  Detector : x= -20.002, y=  33.656, z=1059.000
  Obj rotY :  -4.5698 deg

Initial calibration:
  Source   : x=   0.000, y=   0.000, z=   0.000
  Object   : x=   0.000, y=   0.000, z=   0.000
  Detector : x=  25.318, y=   6.310, z=  40.001

After Calibration: 

Unity geometry (world coordinates):
  Source   : x= -10.000, y=  29.997, z=   0.000
  Object   : x=   0.155, y=  24.289, z= 817.500
  Detector : x=   5.316, y=  39.966, z=1099.001
  Obj rotY :  -4.5698 deg
view   0 | SOD= 820.891 mm | SDD=1099.153 mm | M= 1.339 | incident=0.9526°
[[ -34.069447   -820.1642       -5.7082977 ]
 [  12.980051    277.93588     -15.676632  ]
 [   0.1495376    -0.00432049    0.        ]
 [   0.            0.            0.1496    ]]
Residual vector length: 1440, Jacobian shape: (1440, 6)
view   0 | SOD= 820.677 mm | SDD=1099.153 mm | M= 1.339 | incident=0.9526°
[[ -23.432938   -820.32214      -5.7108116 ]
 [   9.379811    278.29553     -15.679146  ]
 [   0.14958103   -0.00238193    0.        ]
 [   0.            0.            0.1496    ]]

iter 05 cost=4566.109522 -> 3188.393976 |dtheta|=8.710938e-01  lambda=4.115e-05

============================================================
Iteration 6
============================================================
Theta offsets (Unity frame):
  Source   : dSx=   0.000, dSy=   0.000, dSz=   0.000  (mm)
  Object   : dOx=  -0.394, dOy=   4.287, dOz=  17.090  (mm)
  Object offset: offset_x=  -0.058, offset_z=   3.509  (mm)
  Detector : dDx=   0.000, dDy=   0.000, dDz=   0.000  (mm)
  Obj Stage rotY :    3.658 deg
============================================================

Unity geometry (world coordinates):
  Source   : x= -10.000, y=  29.997, z=   0.000
  Object   : x=   0.146, y=  24.287, z= 817.089
  Detector : x= -20.002, y=  33.656, z=1059.000
  Obj rotY :  -4.5698 deg

Initial calibration:
  Source   : x=   0.000, y=   0.000, z=   0.000
  Object   : x=   0.000, y=   0.000, z=   0.000
  Detector : x=  25.318, y=   6.310, z=  40.001

After Calibration: 

Unity geometry (world coordinates):
  Source   : x= -10.000, y=  29.997, z=   0.000
  Object   : x=   0.146, y=  24.287, z= 817.089
  Detector : x=   5.316, y=  39.966, z=1099.001
  Obj rotY :  -4.5698 deg
view   0 | SOD= 820.677 mm | SDD=1099.153 mm | M= 1.339 | incident=0.9526°
[[ -23.432938   -820.32214      -5.7108116 ]
 [   9.379811    278.29553     -15.679146  ]
 [   0.14958103   -0.00238193    0.        ]
 [   0.            0.            0.1496    ]]
Residual vector length: 1440, Jacobian shape: (1440, 6)
view   0 | SOD= 820.767 mm | SDD=1099.153 mm | M= 1.339 | incident=0.9526°
[[ -16.902227   -820.5735       -5.7231483 ]
 [   7.1526604   278.27084     -15.691483  ]
 [   0.14959528   -0.00118958    0.        ]
 [   0.            0.            0.1496    ]]

iter 06 cost=3188.393976 -> 2672.405198 |dtheta|=4.618451e-01  lambda=1.372e-05

============================================================
Iteration 7
============================================================
Theta offsets (Unity frame):
  Source   : dSx=   0.000, dSy=   0.000, dSz=   0.000  (mm)
  Object   : dOx=  -0.392, dOy=   4.274, dOz=  17.150  (mm)
  Object offset: offset_x=  -0.054, offset_z=   3.540  (mm)
  Detector : dDx=   0.000, dDy=   0.000, dDz=   0.000  (mm)
  Obj Stage rotY :    4.114 deg
============================================================

Unity geometry (world coordinates):
  Source   : x= -10.000, y=  29.997, z=   0.000
  Object   : x=   0.149, y=  24.274, z= 817.149
  Detector : x= -20.002, y=  33.656, z=1059.000
  Obj rotY :  -4.5698 deg

Initial calibration:
  Source   : x=   0.000, y=   0.000, z=   0.000
  Object   : x=   0.000, y=   0.000, z=   0.000
  Detector : x=  25.318, y=   6.310, z=  40.001

After Calibration: 

Unity geometry (world coordinates):
  Source   : x= -10.000, y=  29.997, z=   0.000
  Object   : x=   0.149, y=  24.274, z= 817.149
  Detector : x=   5.316, y=  39.966, z=1099.001
  Obj rotY :  -4.5698 deg
view   0 | SOD= 820.767 mm | SDD=1099.153 mm | M= 1.339 | incident=0.9526°
[[ -16.902227   -820.5735       -5.7231483 ]
 [   7.1526604   278.27084     -15.691483  ]
 [   0.14959528   -0.00118958    0.        ]
 [   0.            0.            0.1496    ]]
Residual vector length: 1440, Jacobian shape: (1440, 6)
view   0 | SOD= 821.240 mm | SDD=1099.153 mm | M= 1.338 | incident=0.9526°
[[ -18.216858   -821.01807      -5.718666  ]
 [   7.56858     277.787       -15.687     ]
 [   0.1495932    -0.00142518    0.        ]
 [   0.            0.            0.1496    ]]

iter 07 cost=2672.405198 -> 2762.147971 |dtheta|=4.297603e-01  lambda=4.572e-06

============================================================
Iteration 8
============================================================
Theta offsets (Unity frame):
  Source   : dSx=   0.000, dSy=   0.000, dSz=   0.000  (mm)
  Object   : dOx=  -0.392, dOy=   4.274, dOz=  17.150  (mm)
  Object offset: offset_x=  -0.054, offset_z=   3.540  (mm)
  Detector : dDx=   0.000, dDy=   0.000, dDz=   0.000  (mm)
  Obj Stage rotY :    4.114 deg
============================================================

Unity geometry (world coordinates):
  Source   : x= -10.000, y=  29.997, z=   0.000
  Object   : x=   0.149, y=  24.274, z= 817.149
  Detector : x= -20.002, y=  33.656, z=1059.000
  Obj rotY :  -4.5698 deg

Initial calibration:
  Source   : x=   0.000, y=   0.000, z=   0.000
  Object   : x=   0.000, y=   0.000, z=   0.000
  Detector : x=  25.318, y=   6.310, z=  40.001

After Calibration: 

Unity geometry (world coordinates):
  Source   : x= -10.000, y=  29.997, z=   0.000
  Object   : x=   0.149, y=  24.274, z= 817.149
  Detector : x=   5.316, y=  39.966, z=1099.001
  Obj rotY :  -4.5698 deg
view   0 | SOD= 820.767 mm | SDD=1099.153 mm | M= 1.339 | incident=0.9526°
[[ -16.902227   -820.5735       -5.7231483 ]
 [   7.1526604   278.27084     -15.691483  ]
 [   0.14959528   -0.00118958    0.        ]
 [   0.            0.            0.1496    ]]
Residual vector length: 1440, Jacobian shape: (1440, 6)
view   0 | SOD= 821.240 mm | SDD=1099.153 mm | M= 1.338 | incident=0.9526°
[[ -18.216858   -821.01807      -5.718666  ]
 [   7.56858     277.787       -15.687     ]
 [   0.1495932    -0.00142518    0.        ]
 [   0.            0.            0.1496    ]]

iter 08 cost=2672.405198 -> 2762.147971 |dtheta|=4.297603e-01  lambda=2.286e-05

============================================================
Iteration 9
============================================================
Theta offsets (Unity frame):
  Source   : dSx=   0.000, dSy=   0.000, dSz=   0.000  (mm)
  Object   : dOx=  -0.392, dOy=   4.274, dOz=  17.150  (mm)
  Object offset: offset_x=  -0.054, offset_z=   3.540  (mm)
  Detector : dDx=   0.000, dDy=   0.000, dDz=   0.000  (mm)
  Obj Stage rotY :    4.114 deg
============================================================

Unity geometry (world coordinates):
  Source   : x= -10.000, y=  29.997, z=   0.000
  Object   : x=   0.149, y=  24.274, z= 817.149
  Detector : x= -20.002, y=  33.656, z=1059.000
  Obj rotY :  -4.5698 deg

Initial calibration:
  Source   : x=   0.000, y=   0.000, z=   0.000
  Object   : x=   0.000, y=   0.000, z=   0.000
  Detector : x=  25.318, y=   6.310, z=  40.001

After Calibration: 

Unity geometry (world coordinates):
  Source   : x= -10.000, y=  29.997, z=   0.000
  Object   : x=   0.149, y=  24.274, z= 817.149
  Detector : x=   5.316, y=  39.966, z=1099.001
  Obj rotY :  -4.5698 deg
view   0 | SOD= 820.767 mm | SDD=1099.153 mm | M= 1.339 | incident=0.9526°
[[ -16.902227   -820.5735       -5.7231483 ]
 [   7.1526604   278.27084     -15.691483  ]
 [   0.14959528   -0.00118958    0.        ]
 [   0.            0.            0.1496    ]]
Residual vector length: 1440, Jacobian shape: (1440, 6)
view   0 | SOD= 821.240 mm | SDD=1099.153 mm | M= 1.338 | incident=0.9526°
[[ -18.216858   -821.01807      -5.718666  ]
 [   7.56858     277.787       -15.687     ]
 [   0.1495932    -0.00142518    0.        ]
 [   0.            0.            0.1496    ]]

iter 09 cost=2672.405198 -> 2762.147971 |dtheta|=4.297602e-01  lambda=1.143e-04

============================================================
Iteration 10
============================================================
Theta offsets (Unity frame):
  Source   : dSx=   0.000, dSy=   0.000, dSz=   0.000  (mm)
  Object   : dOx=  -0.392, dOy=   4.274, dOz=  17.150  (mm)
  Object offset: offset_x=  -0.054, offset_z=   3.540  (mm)
  Detector : dDx=   0.000, dDy=   0.000, dDz=   0.000  (mm)
  Obj Stage rotY :    4.114 deg
============================================================

Unity geometry (world coordinates):
  Source   : x= -10.000, y=  29.997, z=   0.000
  Object   : x=   0.149, y=  24.274, z= 817.149
  Detector : x= -20.002, y=  33.656, z=1059.000
  Obj rotY :  -4.5698 deg

Initial calibration:
  Source   : x=   0.000, y=   0.000, z=   0.000
  Object   : x=   0.000, y=   0.000, z=   0.000
  Detector : x=  25.318, y=   6.310, z=  40.001

After Calibration: 

Unity geometry (world coordinates):
  Source   : x= -10.000, y=  29.997, z=   0.000
  Object   : x=   0.149, y=  24.274, z= 817.149
  Detector : x=   5.316, y=  39.966, z=1099.001
  Obj rotY :  -4.5698 deg
view   0 | SOD= 820.767 mm | SDD=1099.153 mm | M= 1.339 | incident=0.9526°
[[ -16.902227   -820.5735       -5.7231483 ]
 [   7.1526604   278.27084     -15.691483  ]
 [   0.14959528   -0.00118958    0.        ]
 [   0.            0.            0.1496    ]]
Residual vector length: 1440, Jacobian shape: (1440, 6)
view   0 | SOD= 821.240 mm | SDD=1099.153 mm | M= 1.338 | incident=0.9526°
[[ -18.216858   -821.01807      -5.718666  ]
 [   7.56858     277.787       -15.687     ]
 [   0.1495932    -0.00142518    0.        ]
 [   0.            0.            0.1496    ]]

iter 10 cost=2672.405198 -> 2762.147971 |dtheta|=4.297596e-01  lambda=5.716e-04

============================================================
Iteration 11
============================================================
Theta offsets (Unity frame):
  Source   : dSx=   0.000, dSy=   0.000, dSz=   0.000  (mm)
  Object   : dOx=  -0.392, dOy=   4.274, dOz=  17.150  (mm)
  Object offset: offset_x=  -0.054, offset_z=   3.540  (mm)
  Detector : dDx=   0.000, dDy=   0.000, dDz=   0.000  (mm)
  Obj Stage rotY :    4.114 deg
============================================================

Unity geometry (world coordinates):
  Source   : x= -10.000, y=  29.997, z=   0.000
  Object   : x=   0.149, y=  24.274, z= 817.149
  Detector : x= -20.002, y=  33.656, z=1059.000
  Obj rotY :  -4.5698 deg

Initial calibration:
  Source   : x=   0.000, y=   0.000, z=   0.000
  Object   : x=   0.000, y=   0.000, z=   0.000
  Detector : x=  25.318, y=   6.310, z=  40.001

After Calibration: 

Unity geometry (world coordinates):
  Source   : x= -10.000, y=  29.997, z=   0.000
  Object   : x=   0.149, y=  24.274, z= 817.149
  Detector : x=   5.316, y=  39.966, z=1099.001
  Obj rotY :  -4.5698 deg
view   0 | SOD= 820.767 mm | SDD=1099.153 mm | M= 1.339 | incident=0.9526°
[[ -16.902227   -820.5735       -5.7231483 ]
 [   7.1526604   278.27084     -15.691483  ]
 [   0.14959528   -0.00118958    0.        ]
 [   0.            0.            0.1496    ]]
Residual vector length: 1440, Jacobian shape: (1440, 6)
view   0 | SOD= 821.240 mm | SDD=1099.153 mm | M= 1.338 | incident=0.9526°
[[ -18.216856   -821.01807      -5.718666  ]
 [   7.5685797   277.787       -15.687     ]
 [   0.1495932    -0.00142518    0.        ]
 [   0.            0.            0.1496    ]]

iter 11 cost=2672.405198 -> 2762.147971 |dtheta|=4.297566e-01  lambda=2.858e-03

============================================================
Iteration 12
============================================================
Theta offsets (Unity frame):
  Source   : dSx=   0.000, dSy=   0.000, dSz=   0.000  (mm)
  Object   : dOx=  -0.392, dOy=   4.274, dOz=  17.150  (mm)
  Object offset: offset_x=  -0.054, offset_z=   3.540  (mm)
  Detector : dDx=   0.000, dDy=   0.000, dDz=   0.000  (mm)
  Obj Stage rotY :    4.114 deg
============================================================

Unity geometry (world coordinates):
  Source   : x= -10.000, y=  29.997, z=   0.000
  Object   : x=   0.149, y=  24.274, z= 817.149
  Detector : x= -20.002, y=  33.656, z=1059.000
  Obj rotY :  -4.5698 deg

Initial calibration:
  Source   : x=   0.000, y=   0.000, z=   0.000
  Object   : x=   0.000, y=   0.000, z=   0.000
  Detector : x=  25.318, y=   6.310, z=  40.001

After Calibration: 

Unity geometry (world coordinates):
  Source   : x= -10.000, y=  29.997, z=   0.000
  Object   : x=   0.149, y=  24.274, z= 817.149
  Detector : x=   5.316, y=  39.966, z=1099.001
  Obj rotY :  -4.5698 deg
view   0 | SOD= 820.767 mm | SDD=1099.153 mm | M= 1.339 | incident=0.9526°
[[ -16.902227   -820.5735       -5.7231483 ]
 [   7.1526604   278.27084     -15.691483  ]
 [   0.14959528   -0.00118958    0.        ]
 [   0.            0.            0.1496    ]]
Residual vector length: 1440, Jacobian shape: (1440, 6)
view   0 | SOD= 821.240 mm | SDD=1099.153 mm | M= 1.338 | incident=0.9526°
[[ -18.21685    -821.01807      -5.718666  ]
 [   7.5685782   277.787       -15.687     ]
 [   0.1495932    -0.00142518    0.        ]
 [   0.            0.            0.1496    ]]

iter 12 cost=2672.405198 -> 2761.968417 |dtheta|=4.297416e-01  lambda=1.429e-02

============================================================
Iteration 13
============================================================
Theta offsets (Unity frame):
  Source   : dSx=   0.000, dSy=   0.000, dSz=   0.000  (mm)
  Object   : dOx=  -0.392, dOy=   4.274, dOz=  17.150  (mm)
  Object offset: offset_x=  -0.054, offset_z=   3.540  (mm)
  Detector : dDx=   0.000, dDy=   0.000, dDz=   0.000  (mm)
  Obj Stage rotY :    4.114 deg
============================================================

Unity geometry (world coordinates):
  Source   : x= -10.000, y=  29.997, z=   0.000
  Object   : x=   0.149, y=  24.274, z= 817.149
  Detector : x= -20.002, y=  33.656, z=1059.000
  Obj rotY :  -4.5698 deg

Initial calibration:
  Source   : x=   0.000, y=   0.000, z=   0.000
  Object   : x=   0.000, y=   0.000, z=   0.000
  Detector : x=  25.318, y=   6.310, z=  40.001

After Calibration: 

Unity geometry (world coordinates):
  Source   : x= -10.000, y=  29.997, z=   0.000
  Object   : x=   0.149, y=  24.274, z= 817.149
  Detector : x=   5.316, y=  39.966, z=1099.001
  Obj rotY :  -4.5698 deg
view   0 | SOD= 820.767 mm | SDD=1099.153 mm | M= 1.339 | incident=0.9526°
[[ -16.902227   -820.5735       -5.7231483 ]
 [   7.1526604   278.27084     -15.691483  ]
 [   0.14959528   -0.00118958    0.        ]
 [   0.            0.            0.1496    ]]
Residual vector length: 1440, Jacobian shape: (1440, 6)
view   0 | SOD= 821.240 mm | SDD=1099.153 mm | M= 1.338 | incident=0.9526°
[[ -18.216824   -821.018        -5.718666  ]
 [   7.5685716   277.78705     -15.687     ]
 [   0.1495932    -0.00142517    0.        ]
 [   0.            0.            0.1496    ]]

iter 13 cost=2672.405198 -> 2762.383803 |dtheta|=4.296666e-01  lambda=7.144e-02

============================================================
Iteration 14
============================================================
Theta offsets (Unity frame):
  Source   : dSx=   0.000, dSy=   0.000, dSz=   0.000  (mm)
  Object   : dOx=  -0.392, dOy=   4.274, dOz=  17.150  (mm)
  Object offset: offset_x=  -0.054, offset_z=   3.540  (mm)
  Detector : dDx=   0.000, dDy=   0.000, dDz=   0.000  (mm)
  Obj Stage rotY :    4.114 deg
============================================================

Unity geometry (world coordinates):
  Source   : x= -10.000, y=  29.997, z=   0.000
  Object   : x=   0.149, y=  24.274, z= 817.149
  Detector : x= -20.002, y=  33.656, z=1059.000
  Obj rotY :  -4.5698 deg

Initial calibration:
  Source   : x=   0.000, y=   0.000, z=   0.000
  Object   : x=   0.000, y=   0.000, z=   0.000
  Detector : x=  25.318, y=   6.310, z=  40.001

After Calibration: 

Unity geometry (world coordinates):
  Source   : x= -10.000, y=  29.997, z=   0.000
  Object   : x=   0.149, y=  24.274, z= 817.149
  Detector : x=   5.316, y=  39.966, z=1099.001
  Obj rotY :  -4.5698 deg
view   0 | SOD= 820.767 mm | SDD=1099.153 mm | M= 1.339 | incident=0.9526°
[[ -16.902227   -820.5735       -5.7231483 ]
 [   7.1526604   278.27084     -15.691483  ]
 [   0.14959528   -0.00118958    0.        ]
 [   0.            0.            0.1496    ]]
Residual vector length: 1440, Jacobian shape: (1440, 6)
view   0 | SOD= 821.240 mm | SDD=1099.153 mm | M= 1.338 | incident=0.9526°
[[ -18.216688   -821.0176       -5.718666  ]
 [   7.568539    277.78748     -15.687     ]
 [   0.1495932    -0.00142515    0.        ]
 [   0.            0.            0.1496    ]]

iter 14 cost=2672.405198 -> 2761.585954 |dtheta|=4.292922e-01  lambda=3.572e-01

============================================================
Iteration 15
============================================================
Theta offsets (Unity frame):
  Source   : dSx=   0.000, dSy=   0.000, dSz=   0.000  (mm)
  Object   : dOx=  -0.392, dOy=   4.274, dOz=  17.150  (mm)
  Object offset: offset_x=  -0.054, offset_z=   3.540  (mm)
  Detector : dDx=   0.000, dDy=   0.000, dDz=   0.000  (mm)
  Obj Stage rotY :    4.114 deg
============================================================

Unity geometry (world coordinates):
  Source   : x= -10.000, y=  29.997, z=   0.000
  Object   : x=   0.149, y=  24.274, z= 817.149
  Detector : x= -20.002, y=  33.656, z=1059.000
  Obj rotY :  -4.5698 deg

Initial calibration:
  Source   : x=   0.000, y=   0.000, z=   0.000
  Object   : x=   0.000, y=   0.000, z=   0.000
  Detector : x=  25.318, y=   6.310, z=  40.001

After Calibration: 

Unity geometry (world coordinates):
  Source   : x= -10.000, y=  29.997, z=   0.000
  Object   : x=   0.149, y=  24.274, z= 817.149
  Detector : x=   5.316, y=  39.966, z=1099.001
  Obj rotY :  -4.5698 deg
view   0 | SOD= 820.767 mm | SDD=1099.153 mm | M= 1.339 | incident=0.9526°
[[ -16.902227   -820.5735       -5.7231483 ]
 [   7.1526604   278.27084     -15.691483  ]
 [   0.14959528   -0.00118958    0.        ]
 [   0.            0.            0.1496    ]]
Residual vector length: 1440, Jacobian shape: (1440, 6)
view   0 | SOD= 821.237 mm | SDD=1099.153 mm | M= 1.338 | incident=0.9526°
[[ -18.216013   -821.0155       -5.71867   ]
 [   7.568377    277.78958     -15.687004  ]
 [   0.14959322   -0.00142503    0.        ]
 [   0.            0.            0.1496    ]]

iter 15 cost=2672.405198 -> 2790.463378 |dtheta|=4.274306e-01  lambda=1.786e+00

============================================================
Iteration 16
============================================================
Theta offsets (Unity frame):
  Source   : dSx=   0.000, dSy=   0.000, dSz=   0.000  (mm)
  Object   : dOx=  -0.392, dOy=   4.274, dOz=  17.150  (mm)
  Object offset: offset_x=  -0.054, offset_z=   3.540  (mm)
  Detector : dDx=   0.000, dDy=   0.000, dDz=   0.000  (mm)
  Obj Stage rotY :    4.114 deg
============================================================

Unity geometry (world coordinates):
  Source   : x= -10.000, y=  29.997, z=   0.000
  Object   : x=   0.149, y=  24.274, z= 817.149
  Detector : x= -20.002, y=  33.656, z=1059.000
  Obj rotY :  -4.5698 deg

Initial calibration:
  Source   : x=   0.000, y=   0.000, z=   0.000
  Object   : x=   0.000, y=   0.000, z=   0.000
  Detector : x=  25.318, y=   6.310, z=  40.001

After Calibration: 

Unity geometry (world coordinates):
  Source   : x= -10.000, y=  29.997, z=   0.000
  Object   : x=   0.149, y=  24.274, z= 817.149
  Detector : x=   5.316, y=  39.966, z=1099.001
  Obj rotY :  -4.5698 deg
view   0 | SOD= 820.767 mm | SDD=1099.153 mm | M= 1.339 | incident=0.9526°
[[ -16.902227   -820.5735       -5.7231483 ]
 [   7.1526604   278.27084     -15.691483  ]
 [   0.14959528   -0.00118958    0.        ]
 [   0.            0.            0.1496    ]]
Residual vector length: 1440, Jacobian shape: (1440, 6)
view   0 | SOD= 821.228 mm | SDD=1099.153 mm | M= 1.338 | incident=0.9526°
[[ -18.212696   -821.0057       -5.718685  ]
 [   7.5675755   277.79953     -15.687019  ]
 [   0.14959322   -0.00142447    0.        ]
 [   0.            0.            0.1496    ]]

iter 16 cost=2672.405198 -> 2788.882570 |dtheta|=4.183734e-01  lambda=8.931e+00

============================================================
Iteration 17
============================================================
Theta offsets (Unity frame):
  Source   : dSx=   0.000, dSy=   0.000, dSz=   0.000  (mm)
  Object   : dOx=  -0.392, dOy=   4.274, dOz=  17.150  (mm)
  Object offset: offset_x=  -0.054, offset_z=   3.540  (mm)
  Detector : dDx=   0.000, dDy=   0.000, dDz=   0.000  (mm)
  Obj Stage rotY :    4.114 deg
============================================================

Unity geometry (world coordinates):
  Source   : x= -10.000, y=  29.997, z=   0.000
  Object   : x=   0.149, y=  24.274, z= 817.149
  Detector : x= -20.002, y=  33.656, z=1059.000
  Obj rotY :  -4.5698 deg

Initial calibration:
  Source   : x=   0.000, y=   0.000, z=   0.000
  Object   : x=   0.000, y=   0.000, z=   0.000
  Detector : x=  25.318, y=   6.310, z=  40.001

After Calibration: 

Unity geometry (world coordinates):
  Source   : x= -10.000, y=  29.997, z=   0.000
  Object   : x=   0.149, y=  24.274, z= 817.149
  Detector : x=   5.316, y=  39.966, z=1099.001
  Obj rotY :  -4.5698 deg
view   0 | SOD= 820.767 mm | SDD=1099.153 mm | M= 1.339 | incident=0.9526°
[[ -16.902227   -820.5735       -5.7231483 ]
 [   7.1526604   278.27084     -15.691483  ]
 [   0.14959528   -0.00118958    0.        ]
 [   0.            0.            0.1496    ]]
Residual vector length: 1440, Jacobian shape: (1440, 6)
view   0 | SOD= 821.184 mm | SDD=1099.153 mm | M= 1.338 | incident=0.9526°
[[ -18.197424   -820.9623       -5.71875   ]
 [   7.5638237   277.84338     -15.687084  ]
 [   0.14959325   -0.00142188    0.        ]
 [   0.            0.            0.1496    ]]

iter 17 cost=2672.405198 -> 2820.586093 |dtheta|=3.785919e-01  lambda=4.465e+01

============================================================
Iteration 18
============================================================
Theta offsets (Unity frame):
  Source   : dSx=   0.000, dSy=   0.000, dSz=   0.000  (mm)
  Object   : dOx=  -0.392, dOy=   4.274, dOz=  17.150  (mm)
  Object offset: offset_x=  -0.054, offset_z=   3.540  (mm)
  Detector : dDx=   0.000, dDy=   0.000, dDz=   0.000  (mm)
  Obj Stage rotY :    4.114 deg
============================================================

Unity geometry (world coordinates):
  Source   : x= -10.000, y=  29.997, z=   0.000
  Object   : x=   0.149, y=  24.274, z= 817.149
  Detector : x= -20.002, y=  33.656, z=1059.000
  Obj rotY :  -4.5698 deg

Initial calibration:
  Source   : x=   0.000, y=   0.000, z=   0.000
  Object   : x=   0.000, y=   0.000, z=   0.000
  Detector : x=  25.318, y=   6.310, z=  40.001

After Calibration: 

Unity geometry (world coordinates):
  Source   : x= -10.000, y=  29.997, z=   0.000
  Object   : x=   0.149, y=  24.274, z= 817.149
  Detector : x=   5.316, y=  39.966, z=1099.001
  Obj rotY :  -4.5698 deg
view   0 | SOD= 820.767 mm | SDD=1099.153 mm | M= 1.339 | incident=0.9526°
[[ -16.902227   -820.5735       -5.7231483 ]
 [   7.1526604   278.27084     -15.691483  ]
 [   0.14959528   -0.00118958    0.        ]
 [   0.            0.            0.1496    ]]
Residual vector length: 1440, Jacobian shape: (1440, 6)
view   0 | SOD= 821.052 mm | SDD=1099.153 mm | M= 1.339 | incident=0.9526°
[[ -18.140709   -820.83203      -5.7189426 ]
 [   7.5489354   277.9753      -15.687277  ]
 [   0.14959334   -0.00141214    0.        ]
 [   0.            0.            0.1496    ]]

iter 18 cost=2672.405198 -> 2833.194043 |dtheta|=2.604603e-01  lambda=2.233e+02

============================================================
Iteration 19
============================================================
Theta offsets (Unity frame):
  Source   : dSx=   0.000, dSy=   0.000, dSz=   0.000  (mm)
  Object   : dOx=  -0.392, dOy=   4.274, dOz=  17.150  (mm)
  Object offset: offset_x=  -0.054, offset_z=   3.540  (mm)
  Detector : dDx=   0.000, dDy=   0.000, dDz=   0.000  (mm)
  Obj Stage rotY :    4.114 deg
============================================================

Unity geometry (world coordinates):
  Source   : x= -10.000, y=  29.997, z=   0.000
  Object   : x=   0.149, y=  24.274, z= 817.149
  Detector : x= -20.002, y=  33.656, z=1059.000
  Obj rotY :  -4.5698 deg

Initial calibration:
  Source   : x=   0.000, y=   0.000, z=   0.000
  Object   : x=   0.000, y=   0.000, z=   0.000
  Detector : x=  25.318, y=   6.310, z=  40.001

After Calibration: 

Unity geometry (world coordinates):
  Source   : x= -10.000, y=  29.997, z=   0.000
  Object   : x=   0.149, y=  24.274, z= 817.149
  Detector : x=   5.316, y=  39.966, z=1099.001
  Obj rotY :  -4.5698 deg
view   0 | SOD= 820.767 mm | SDD=1099.153 mm | M= 1.339 | incident=0.9526°
[[ -16.902227   -820.5735       -5.7231483 ]
 [   7.1526604   278.27084     -15.691483  ]
 [   0.14959528   -0.00118958    0.        ]
 [   0.            0.            0.1496    ]]
Residual vector length: 1440, Jacobian shape: (1440, 6)
view   0 | SOD= 820.888 mm | SDD=1099.153 mm | M= 1.339 | incident=0.9526°
[[ -17.981602   -820.6707       -5.7191467 ]
 [   7.5009155   278.14142     -15.687481  ]
 [   0.14959359   -0.00138394    0.        ]
 [   0.            0.            0.1496    ]]

iter 19 cost=2672.405198 -> 2747.985769 |dtheta|=1.206735e-01  lambda=1.116e+03

============================================================
Iteration 20
============================================================
Theta offsets (Unity frame):
  Source   : dSx=   0.000, dSy=   0.000, dSz=   0.000  (mm)
  Object   : dOx=  -0.392, dOy=   4.274, dOz=  17.150  (mm)
  Object offset: offset_x=  -0.054, offset_z=   3.540  (mm)
  Detector : dDx=   0.000, dDy=   0.000, dDz=   0.000  (mm)
  Obj Stage rotY :    4.114 deg
============================================================

Unity geometry (world coordinates):
  Source   : x= -10.000, y=  29.997, z=   0.000
  Object   : x=   0.149, y=  24.274, z= 817.149
  Detector : x= -20.002, y=  33.656, z=1059.000
  Obj rotY :  -4.5698 deg

Initial calibration:
  Source   : x=   0.000, y=   0.000, z=   0.000
  Object   : x=   0.000, y=   0.000, z=   0.000
  Detector : x=  25.318, y=   6.310, z=  40.001

After Calibration: 

Unity geometry (world coordinates):
  Source   : x= -10.000, y=  29.997, z=   0.000
  Object   : x=   0.149, y=  24.274, z= 817.149
  Detector : x=   5.316, y=  39.966, z=1099.001
  Obj rotY :  -4.5698 deg
view   0 | SOD= 820.767 mm | SDD=1099.153 mm | M= 1.339 | incident=0.9526°
[[ -16.902227   -820.5735       -5.7231483 ]
 [   7.1526604   278.27084     -15.691483  ]
 [   0.14959528   -0.00118958    0.        ]
 [   0.            0.            0.1496    ]]
Residual vector length: 1440, Jacobian shape: (1440, 6)
view   0 | SOD= 820.813 mm | SDD=1099.153 mm | M= 1.339 | incident=0.9526°
[[ -17.606524   -820.60406      -5.7192326 ]
 [   7.3781962   278.21948     -15.687567  ]
 [   0.1495942    -0.00131617    0.        ]
 [   0.            0.            0.1496    ]]

iter 20 cost=2672.405198 -> 2782.024505 |dtheta|=5.897942e-02  lambda=5.582e+03

============================================================
Iteration 21
============================================================
Theta offsets (Unity frame):
  Source   : dSx=   0.000, dSy=   0.000, dSz=   0.000  (mm)
  Object   : dOx=  -0.392, dOy=   4.274, dOz=  17.150  (mm)
  Object offset: offset_x=  -0.054, offset_z=   3.540  (mm)
  Detector : dDx=   0.000, dDy=   0.000, dDz=   0.000  (mm)
  Obj Stage rotY :    4.114 deg
============================================================

Unity geometry (world coordinates):
  Source   : x= -10.000, y=  29.997, z=   0.000
  Object   : x=   0.149, y=  24.274, z= 817.149
  Detector : x= -20.002, y=  33.656, z=1059.000
  Obj rotY :  -4.5698 deg

Initial calibration:
  Source   : x=   0.000, y=   0.000, z=   0.000
  Object   : x=   0.000, y=   0.000, z=   0.000
  Detector : x=  25.318, y=   6.310, z=  40.001

After Calibration: 

Unity geometry (world coordinates):
  Source   : x= -10.000, y=  29.997, z=   0.000
  Object   : x=   0.149, y=  24.274, z= 817.149
  Detector : x=   5.316, y=  39.966, z=1099.001
  Obj rotY :  -4.5698 deg
view   0 | SOD= 820.767 mm | SDD=1099.153 mm | M= 1.339 | incident=0.9526°
[[ -16.902227   -820.5735       -5.7231483 ]
 [   7.1526604   278.27084     -15.691483  ]
 [   0.14959528   -0.00118958    0.        ]
 [   0.            0.            0.1496    ]]
Residual vector length: 1440, Jacobian shape: (1440, 6)
view   0 | SOD= 820.791 mm | SDD=1099.153 mm | M= 1.339 | incident=0.9526°
[[ -17.173174   -820.5912       -5.71994   ]
 [   7.2346196   278.24533     -15.688274  ]
 [   0.14959487   -0.00123762    0.        ]
 [   0.            0.            0.1496    ]]

iter 21 cost=2672.405198 -> 2681.863316 |dtheta|=2.835681e-02  lambda=2.791e+04

============================================================
Iteration 22
============================================================
Theta offsets (Unity frame):
  Source   : dSx=   0.000, dSy=   0.000, dSz=   0.000  (mm)
  Object   : dOx=  -0.392, dOy=   4.274, dOz=  17.150  (mm)
  Object offset: offset_x=  -0.054, offset_z=   3.540  (mm)
  Detector : dDx=   0.000, dDy=   0.000, dDz=   0.000  (mm)
  Obj Stage rotY :    4.114 deg
============================================================

Unity geometry (world coordinates):
  Source   : x= -10.000, y=  29.997, z=   0.000
  Object   : x=   0.149, y=  24.274, z= 817.149
  Detector : x= -20.002, y=  33.656, z=1059.000
  Obj rotY :  -4.5698 deg

Initial calibration:
  Source   : x=   0.000, y=   0.000, z=   0.000
  Object   : x=   0.000, y=   0.000, z=   0.000
  Detector : x=  25.318, y=   6.310, z=  40.001

After Calibration: 

Unity geometry (world coordinates):
  Source   : x= -10.000, y=  29.997, z=   0.000
  Object   : x=   0.149, y=  24.274, z= 817.149
  Detector : x=   5.316, y=  39.966, z=1099.001
  Obj rotY :  -4.5698 deg
view   0 | SOD= 820.767 mm | SDD=1099.153 mm | M= 1.339 | incident=0.9526°
[[ -16.902227   -820.5735       -5.7231483 ]
 [   7.1526604   278.27084     -15.691483  ]
 [   0.14959528   -0.00118958    0.        ]
 [   0.            0.            0.1496    ]]
Residual vector length: 1440, Jacobian shape: (1440, 6)
view   0 | SOD= 820.779 mm | SDD=1099.153 mm | M= 1.339 | incident=0.9526°
[[ -16.975195   -820.583        -5.721504  ]
 [   7.1707125   278.25928     -15.689838  ]
 [   0.14959517   -0.00120197    0.        ]
 [   0.            0.            0.1496    ]]

iter 22 cost=2672.405198 -> 2713.535260 |dtheta|=1.274826e-02  lambda=1.395e+05

============================================================
Iteration 23
============================================================
Theta offsets (Unity frame):
  Source   : dSx=   0.000, dSy=   0.000, dSz=   0.000  (mm)
  Object   : dOx=  -0.392, dOy=   4.274, dOz=  17.150  (mm)
  Object offset: offset_x=  -0.054, offset_z=   3.540  (mm)
  Detector : dDx=   0.000, dDy=   0.000, dDz=   0.000  (mm)
  Obj Stage rotY :    4.114 deg
============================================================

Unity geometry (world coordinates):
  Source   : x= -10.000, y=  29.997, z=   0.000
  Object   : x=   0.149, y=  24.274, z= 817.149
  Detector : x= -20.002, y=  33.656, z=1059.000
  Obj rotY :  -4.5698 deg

Initial calibration:
  Source   : x=   0.000, y=   0.000, z=   0.000
  Object   : x=   0.000, y=   0.000, z=   0.000
  Detector : x=  25.318, y=   6.310, z=  40.001

After Calibration: 

Unity geometry (world coordinates):
  Source   : x= -10.000, y=  29.997, z=   0.000
  Object   : x=   0.149, y=  24.274, z= 817.149
  Detector : x=   5.316, y=  39.966, z=1099.001
  Obj rotY :  -4.5698 deg
view   0 | SOD= 820.767 mm | SDD=1099.153 mm | M= 1.339 | incident=0.9526°
[[ -16.902227   -820.5735       -5.7231483 ]
 [   7.1526604   278.27084     -15.691483  ]
 [   0.14959528   -0.00118958    0.        ]
 [   0.            0.            0.1496    ]]
Residual vector length: 1440, Jacobian shape: (1440, 6)
view   0 | SOD= 820.771 mm | SDD=1099.153 mm | M= 1.339 | incident=0.9526°
[[ -16.919094   -820.57666      -5.722637  ]
 [   7.155828    278.26724     -15.690971  ]
 [   0.14959525   -0.00119231    0.        ]
 [   0.            0.            0.1496    ]]

iter 23 cost=2672.405198 -> 2679.450977 |dtheta|=4.131626e-03  lambda=6.977e+05

============================================================
Iteration 24
============================================================
Theta offsets (Unity frame):
  Source   : dSx=   0.000, dSy=   0.000, dSz=   0.000  (mm)
  Object   : dOx=  -0.392, dOy=   4.274, dOz=  17.150  (mm)
  Object offset: offset_x=  -0.054, offset_z=   3.540  (mm)
  Detector : dDx=   0.000, dDy=   0.000, dDz=   0.000  (mm)
  Obj Stage rotY :    4.114 deg
============================================================

Unity geometry (world coordinates):
  Source   : x= -10.000, y=  29.997, z=   0.000
  Object   : x=   0.149, y=  24.274, z= 817.149
  Detector : x= -20.002, y=  33.656, z=1059.000
  Obj rotY :  -4.5698 deg

Initial calibration:
  Source   : x=   0.000, y=   0.000, z=   0.000
  Object   : x=   0.000, y=   0.000, z=   0.000
  Detector : x=  25.318, y=   6.310, z=  40.001

After Calibration: 

Unity geometry (world coordinates):
  Source   : x= -10.000, y=  29.997, z=   0.000
  Object   : x=   0.149, y=  24.274, z= 817.149
  Detector : x=   5.316, y=  39.966, z=1099.001
  Obj rotY :  -4.5698 deg
view   0 | SOD= 820.767 mm | SDD=1099.153 mm | M= 1.339 | incident=0.9526°
[[ -16.902227   -820.5735       -5.7231483 ]
 [   7.1526604   278.27084     -15.691483  ]
 [   0.14959528   -0.00118958    0.        ]
 [   0.            0.            0.1496    ]]
Residual vector length: 1440, Jacobian shape: (1440, 6)
view   0 | SOD= 820.770 mm | SDD=1099.153 mm | M= 1.339 | incident=0.9526°
[[ -16.914192   -820.57574      -5.7227745 ]
 [   7.154813    278.26825     -15.691109  ]
 [   0.14959526   -0.0011915     0.        ]
 [   0.            0.            0.1496    ]]

iter 24 cost=2672.405198 -> 2678.370790 |dtheta|=3.042089e-03  lambda=1.000e+06

============================================================
Iteration 25
============================================================
Theta offsets (Unity frame):
  Source   : dSx=   0.000, dSy=   0.000, dSz=   0.000  (mm)
  Object   : dOx=  -0.392, dOy=   4.274, dOz=  17.150  (mm)
  Object offset: offset_x=  -0.054, offset_z=   3.540  (mm)
  Detector : dDx=   0.000, dDy=   0.000, dDz=   0.000  (mm)
  Obj Stage rotY :    4.114 deg
============================================================

Unity geometry (world coordinates):
  Source   : x= -10.000, y=  29.997, z=   0.000
  Object   : x=   0.149, y=  24.274, z= 817.149
  Detector : x= -20.002, y=  33.656, z=1059.000
  Obj rotY :  -4.5698 deg

Initial calibration:
  Source   : x=   0.000, y=   0.000, z=   0.000
  Object   : x=   0.000, y=   0.000, z=   0.000
  Detector : x=  25.318, y=   6.310, z=  40.001

After Calibration: 

Unity geometry (world coordinates):
  Source   : x= -10.000, y=  29.997, z=   0.000
  Object   : x=   0.149, y=  24.274, z= 817.149
  Detector : x=   5.316, y=  39.966, z=1099.001
  Obj rotY :  -4.5698 deg
view   0 | SOD= 820.767 mm | SDD=1099.153 mm | M= 1.339 | incident=0.9526°
[[ -16.902227   -820.5735       -5.7231483 ]
 [   7.1526604   278.27084     -15.691483  ]
 [   0.14959528   -0.00118958    0.        ]
 [   0.            0.            0.1496    ]]
Residual vector length: 1440, Jacobian shape: (1440, 6)
view   0 | SOD= 820.770 mm | SDD=1099.153 mm | M= 1.339 | incident=0.9526°
[[ -16.914192   -820.57574      -5.7227745 ]
 [   7.154813    278.26825     -15.691109  ]
 [   0.14959526   -0.0011915     0.        ]
 [   0.            0.            0.1496    ]]

iter 25 cost=2672.405198 -> 2678.370790 |dtheta|=3.042089e-03  lambda=1.000e+06

============================================================
Iteration 26
============================================================
Theta offsets (Unity frame):
  Source   : dSx=   0.000, dSy=   0.000, dSz=   0.000  (mm)
  Object   : dOx=  -0.392, dOy=   4.274, dOz=  17.150  (mm)
  Object offset: offset_x=  -0.054, offset_z=   3.540  (mm)
  Detector : dDx=   0.000, dDy=   0.000, dDz=   0.000  (mm)
  Obj Stage rotY :    4.114 deg
============================================================

Unity geometry (world coordinates):
  Source   : x= -10.000, y=  29.997, z=   0.000
  Object   : x=   0.149, y=  24.274, z= 817.149
  Detector : x= -20.002, y=  33.656, z=1059.000
  Obj rotY :  -4.5698 deg

Initial calibration:
  Source   : x=   0.000, y=   0.000, z=   0.000
  Object   : x=   0.000, y=   0.000, z=   0.000
  Detector : x=  25.318, y=   6.310, z=  40.001

After Calibration: 

Unity geometry (world coordinates):
  Source   : x= -10.000, y=  29.997, z=   0.000
  Object   : x=   0.149, y=  24.274, z= 817.149
  Detector : x=   5.316, y=  39.966, z=1099.001
  Obj rotY :  -4.5698 deg
view   0 | SOD= 820.767 mm | SDD=1099.153 mm | M= 1.339 | incident=0.9526°
[[ -16.902227   -820.5735       -5.7231483 ]
 [   7.1526604   278.27084     -15.691483  ]
 [   0.14959528   -0.00118958    0.        ]
 [   0.            0.            0.1496    ]]
Residual vector length: 1440, Jacobian shape: (1440, 6)
view   0 | SOD= 820.770 mm | SDD=1099.153 mm | M= 1.339 | incident=0.9526°
[[ -16.914192   -820.57574      -5.7227745 ]
 [   7.154813    278.26825     -15.691109  ]
 [   0.14959526   -0.0011915     0.        ]
 [   0.            0.            0.1496    ]]

iter 26 cost=2672.405198 -> 2678.370790 |dtheta|=3.042089e-03  lambda=1.000e+06

============================================================
Iteration 27
============================================================
Theta offsets (Unity frame):
  Source   : dSx=   0.000, dSy=   0.000, dSz=   0.000  (mm)
  Object   : dOx=  -0.392, dOy=   4.274, dOz=  17.150  (mm)
  Object offset: offset_x=  -0.054, offset_z=   3.540  (mm)
  Detector : dDx=   0.000, dDy=   0.000, dDz=   0.000  (mm)
  Obj Stage rotY :    4.114 deg
============================================================

Unity geometry (world coordinates):
  Source   : x= -10.000, y=  29.997, z=   0.000
  Object   : x=   0.149, y=  24.274, z= 817.149
  Detector : x= -20.002, y=  33.656, z=1059.000
  Obj rotY :  -4.5698 deg

Initial calibration:
  Source   : x=   0.000, y=   0.000, z=   0.000
  Object   : x=   0.000, y=   0.000, z=   0.000
  Detector : x=  25.318, y=   6.310, z=  40.001

After Calibration: 

Unity geometry (world coordinates):
  Source   : x= -10.000, y=  29.997, z=   0.000
  Object   : x=   0.149, y=  24.274, z= 817.149
  Detector : x=   5.316, y=  39.966, z=1099.001
  Obj rotY :  -4.5698 deg
view   0 | SOD= 820.767 mm | SDD=1099.153 mm | M= 1.339 | incident=0.9526°
[[ -16.902227   -820.5735       -5.7231483 ]
 [   7.1526604   278.27084     -15.691483  ]
 [   0.14959528   -0.00118958    0.        ]
 [   0.            0.            0.1496    ]]
Residual vector length: 1440, Jacobian shape: (1440, 6)
view   0 | SOD= 820.770 mm | SDD=1099.153 mm | M= 1.339 | incident=0.9526°
[[ -16.914192   -820.57574      -5.7227745 ]
 [   7.154813    278.26825     -15.691109  ]
 [   0.14959526   -0.0011915     0.        ]
 [   0.            0.            0.1496    ]]

iter 27 cost=2672.405198 -> 2678.370790 |dtheta|=3.042089e-03  lambda=1.000e+06

============================================================
Iteration 28
============================================================
Theta offsets (Unity frame):
  Source   : dSx=   0.000, dSy=   0.000, dSz=   0.000  (mm)
  Object   : dOx=  -0.392, dOy=   4.274, dOz=  17.150  (mm)
  Object offset: offset_x=  -0.054, offset_z=   3.540  (mm)
  Detector : dDx=   0.000, dDy=   0.000, dDz=   0.000  (mm)
  Obj Stage rotY :    4.114 deg
============================================================

Unity geometry (world coordinates):
  Source   : x= -10.000, y=  29.997, z=   0.000
  Object   : x=   0.149, y=  24.274, z= 817.149
  Detector : x= -20.002, y=  33.656, z=1059.000
  Obj rotY :  -4.5698 deg

Initial calibration:
  Source   : x=   0.000, y=   0.000, z=   0.000
  Object   : x=   0.000, y=   0.000, z=   0.000
  Detector : x=  25.318, y=   6.310, z=  40.001

After Calibration: 

Unity geometry (world coordinates):
  Source   : x= -10.000, y=  29.997, z=   0.000
  Object   : x=   0.149, y=  24.274, z= 817.149
  Detector : x=   5.316, y=  39.966, z=1099.001
  Obj rotY :  -4.5698 deg
view   0 | SOD= 820.767 mm | SDD=1099.153 mm | M= 1.339 | incident=0.9526°
[[ -16.902227   -820.5735       -5.7231483 ]
 [   7.1526604   278.27084     -15.691483  ]
 [   0.14959528   -0.00118958    0.        ]
 [   0.            0.            0.1496    ]]
Residual vector length: 1440, Jacobian shape: (1440, 6)
view   0 | SOD= 820.770 mm | SDD=1099.153 mm | M= 1.339 | incident=0.9526°
[[ -16.914192   -820.57574      -5.7227745 ]
 [   7.154813    278.26825     -15.691109  ]
 [   0.14959526   -0.0011915     0.        ]
 [   0.            0.            0.1496    ]]

iter 28 cost=2672.405198 -> 2678.370790 |dtheta|=3.042089e-03  lambda=1.000e+06

============================================================
Iteration 29
============================================================
Theta offsets (Unity frame):
  Source   : dSx=   0.000, dSy=   0.000, dSz=   0.000  (mm)
  Object   : dOx=  -0.392, dOy=   4.274, dOz=  17.150  (mm)
  Object offset: offset_x=  -0.054, offset_z=   3.540  (mm)
  Detector : dDx=   0.000, dDy=   0.000, dDz=   0.000  (mm)
  Obj Stage rotY :    4.114 deg
============================================================

Unity geometry (world coordinates):
  Source   : x= -10.000, y=  29.997, z=   0.000
  Object   : x=   0.149, y=  24.274, z= 817.149
  Detector : x= -20.002, y=  33.656, z=1059.000
  Obj rotY :  -4.5698 deg

Initial calibration:
  Source   : x=   0.000, y=   0.000, z=   0.000
  Object   : x=   0.000, y=   0.000, z=   0.000
  Detector : x=  25.318, y=   6.310, z=  40.001

After Calibration: 

Unity geometry (world coordinates):
  Source   : x= -10.000, y=  29.997, z=   0.000
  Object   : x=   0.149, y=  24.274, z= 817.149
  Detector : x=   5.316, y=  39.966, z=1099.001
  Obj rotY :  -4.5698 deg
view   0 | SOD= 820.767 mm | SDD=1099.153 mm | M= 1.339 | incident=0.9526°
[[ -16.902227   -820.5735       -5.7231483 ]
 [   7.1526604   278.27084     -15.691483  ]
 [   0.14959528   -0.00118958    0.        ]
 [   0.            0.            0.1496    ]]
Residual vector length: 1440, Jacobian shape: (1440, 6)
view   0 | SOD= 820.770 mm | SDD=1099.153 mm | M= 1.339 | incident=0.9526°
[[ -16.914192   -820.57574      -5.7227745 ]
 [   7.154813    278.26825     -15.691109  ]
 [   0.14959526   -0.0011915     0.        ]
 [   0.            0.            0.1496    ]]

iter 29 cost=2672.405198 -> 2678.370790 |dtheta|=3.042089e-03  lambda=1.000e+06

============================================================
Iteration 30
============================================================
Theta offsets (Unity frame):
  Source   : dSx=   0.000, dSy=   0.000, dSz=   0.000  (mm)
  Object   : dOx=  -0.392, dOy=   4.274, dOz=  17.150  (mm)
  Object offset: offset_x=  -0.054, offset_z=   3.540  (mm)
  Detector : dDx=   0.000, dDy=   0.000, dDz=   0.000  (mm)
  Obj Stage rotY :    4.114 deg
============================================================

Unity geometry (world coordinates):
  Source   : x= -10.000, y=  29.997, z=   0.000
  Object   : x=   0.149, y=  24.274, z= 817.149
  Detector : x= -20.002, y=  33.656, z=1059.000
  Obj rotY :  -4.5698 deg

Initial calibration:
  Source   : x=   0.000, y=   0.000, z=   0.000
  Object   : x=   0.000, y=   0.000, z=   0.000
  Detector : x=  25.318, y=   6.310, z=  40.001

After Calibration: 

Unity geometry (world coordinates):
  Source   : x= -10.000, y=  29.997, z=   0.000
  Object   : x=   0.149, y=  24.274, z= 817.149
  Detector : x=   5.316, y=  39.966, z=1099.001
  Obj rotY :  -4.5698 deg
view   0 | SOD= 820.767 mm | SDD=1099.153 mm | M= 1.339 | incident=0.9526°
[[ -16.902227   -820.5735       -5.7231483 ]
 [   7.1526604   278.27084     -15.691483  ]
 [   0.14959528   -0.00118958    0.        ]
 [   0.            0.            0.1496    ]]
Residual vector length: 1440, Jacobian shape: (1440, 6)
view   0 | SOD= 820.770 mm | SDD=1099.153 mm | M= 1.339 | incident=0.9526°
[[ -16.914192   -820.57574      -5.7227745 ]
 [   7.154813    278.26825     -15.691109  ]
 [   0.14959526   -0.0011915     0.        ]
 [   0.            0.            0.1496    ]]

iter 30 cost=2672.405198 -> 2678.370790 |dtheta|=3.042089e-03  lambda=1.000e+06
Stalled.

Estimated theta:
  dSx: +0.000000
  dSy: +0.000000
  dOx: -0.391996
  dOy: +4.274221
  dOz: +17.149773
  dDx: +0.000000
  dDy: +0.000000
  dDz: +0.000000
alpha: +4.114217e+00 deg)
offset_x: -0.054496
offset_z: +3.539578

Final cost table:
Final estimated theta: [ 0.          0.         -0.39199589  4.27422069 17.14977339  0.
  0.          0.          4.11421724 -0.05449621  3.53957784]
################################################################################

