
################################################################################
Running scenario=Scan6 Projections=360 Used=45, K=5

============================================================
Iteration 0
============================================================
Theta offsets (Unity frame):
  Source   : dSx=   0.000, dSy=   0.000, dSz=   0.000  (mm)
  Object   : dOx=   0.000, dOy=   0.000, dOz=   0.000  (mm)
  Object offset: offset_x=   0.000, offset_z=   0.000  (mm)
  Detector : dDx=   0.000, dDy=   0.000, dDz=   0.000  (mm)
  Obj Stage rotY :    0.000 deg
============================================================

Unity geometry (world coordinates):
  Source   : x=   0.000, y=  29.997, z=   0.000
  Object   : x=   0.541, y=  20.000, z= 600.000
  Detector : x=  -6.002, y=  33.656, z= 959.000
  Obj rotY :  -4.5698 deg

Initial calibration:
  Source   : x=   0.000, y=   0.000, z=   0.000
  Object   : x=   0.000, y=   0.000, z=   0.000
  Detector : x=  25.318, y=   6.310, z=  40.001

After Calibration: 

Unity geometry (world coordinates):
  Source   : x=   0.000, y=  29.997, z=   0.000
  Object   : x=   0.541, y=  20.000, z= 600.000
  Detector : x=  19.316, y=  39.966, z= 999.001
  Obj rotY :  -4.5698 deg
view   0 | SOD= 600.084 mm | SDD= 999.237 mm | M= 1.665 | incident=1.2464°
[[ -48.342674   -598.04956      -9.997368  ]
 [  50.50566     396.23645     -19.965702  ]
 [   0.14912441   -0.01191922    0.        ]
 [   0.            0.            0.1496    ]]
Residual vector length: 900, Jacobian shape: (900, 6)
view   0 | SOD= 624.985 mm | SDD= 999.237 mm | M= 1.599 | incident=1.2464°
[[ -33.023605   -624.0828       -6.0324783 ]
 [  38.888237    372.51355     -16.000813  ]
 [   0.1493923    -0.00788031    0.        ]
 [   0.            0.            0.1496    ]]
/vol/home/s3777103/Documents/workspace/Thesis/AutoCalibration/gauss_newton_real.py:300: FutureWarning: The behavior of DataFrame concatenation with empty or all-NA entries is deprecated. In a future version, this will no longer exclude empty or all-NA columns when determining the result dtypes. To retain the old behavior, exclude the relevant entries before the concat operation.
  df_r0 = pd.concat([df_r0, df_iter], ignore_index=True)

iter 00 cost=374561.105785 -> 18009.068615 |dtheta|=2.280652e+01  lambda=1.000e-02

============================================================
Iteration 1
============================================================
Theta offsets (Unity frame):
  Source   : dSx=   0.000, dSy=   0.000, dSz=   0.000  (mm)
  Object   : dOx=  -0.336, dOy=   3.965, dOz=  22.237  (mm)
  Object offset: offset_x=  -0.316, offset_z=   2.702  (mm)
  Detector : dDx=   0.000, dDy=   0.000, dDz=   0.000  (mm)
  Obj Stage rotY :    1.550 deg
============================================================

Unity geometry (world coordinates):
  Source   : x=   0.000, y=  29.997, z=   0.000
  Object   : x=   0.204, y=  23.965, z= 622.237
  Detector : x=  -6.002, y=  33.656, z= 959.000
  Obj rotY :  -4.5698 deg

Initial calibration:
  Source   : x=   0.000, y=   0.000, z=   0.000
  Object   : x=   0.000, y=   0.000, z=   0.000
  Detector : x=  25.318, y=   6.310, z=  40.001

After Calibration: 

Unity geometry (world coordinates):
  Source   : x=   0.000, y=  29.997, z=   0.000
  Object   : x=   0.204, y=  23.965, z= 622.237
  Detector : x=  19.316, y=  39.966, z= 999.001
  Obj rotY :  -4.5698 deg
view   0 | SOD= 624.985 mm | SDD= 999.237 mm | M= 1.599 | incident=1.2464°
[[ -33.023605   -624.0828       -6.0324783 ]
 [  38.888237    372.51355     -16.000813  ]
 [   0.1493923    -0.00788031    0.        ]
 [   0.            0.            0.1496    ]]
Residual vector length: 900, Jacobian shape: (900, 6)
view   0 | SOD= 620.188 mm | SDD= 999.237 mm | M= 1.611 | incident=1.2464°
[[ -12.816704   -620.0296       -5.723524  ]
 [  27.108059    378.35995     -15.691858  ]
 [   0.14956816   -0.00308686    0.        ]
 [   0.            0.            0.1496    ]]

iter 01 cost=18009.068615 -> 6275.537243 |dtheta|=5.787363e+00  lambda=3.333e-03

============================================================
Iteration 2
============================================================
Theta offsets (Unity frame):
  Source   : dSx=   0.000, dSy=   0.000, dSz=   0.000  (mm)
  Object   : dOx=  -0.421, dOy=   4.274, dOz=  16.797  (mm)
  Object offset: offset_x=  -0.367, offset_z=   3.347  (mm)
  Detector : dDx=   0.000, dDy=   0.000, dDz=   0.000  (mm)
  Obj Stage rotY :    3.387 deg
============================================================

Unity geometry (world coordinates):
  Source   : x=   0.000, y=  29.997, z=   0.000
  Object   : x=   0.120, y=  24.274, z= 616.797
  Detector : x=  -6.002, y=  33.656, z= 959.000
  Obj rotY :  -4.5698 deg

Initial calibration:
  Source   : x=   0.000, y=   0.000, z=   0.000
  Object   : x=   0.000, y=   0.000, z=   0.000
  Detector : x=  25.318, y=   6.310, z=  40.001

After Calibration: 

Unity geometry (world coordinates):
  Source   : x=   0.000, y=  29.997, z=   0.000
  Object   : x=   0.120, y=  24.274, z= 616.797
  Detector : x=  19.316, y=  39.966, z= 999.001
  Obj rotY :  -4.5698 deg
view   0 | SOD= 620.188 mm | SDD= 999.237 mm | M= 1.611 | incident=1.2464°
[[ -12.816704   -620.0296       -5.723524  ]
 [  27.108059    378.35995     -15.691858  ]
 [   0.14956816   -0.00308686    0.        ]
 [   0.            0.            0.1496    ]]
Residual vector length: 900, Jacobian shape: (900, 6)
view   0 | SOD= 619.289 mm | SDD= 999.237 mm | M= 1.614 | incident=1.2464°
[[   3.1380208  -619.25415      -5.7309494 ]
 [  17.232742    379.83395     -15.699284  ]
 [   0.14959796    0.00078176    0.        ]
 [   0.            0.            0.1496    ]]

iter 02 cost=6275.537243 -> 3871.671221 |dtheta|=1.832994e+00  lambda=1.111e-03

============================================================
Iteration 3
============================================================
Theta offsets (Unity frame):
  Source   : dSx=   0.000, dSy=   0.000, dSz=   0.000  (mm)
  Object   : dOx=  -0.405, dOy=   4.266, dOz=  15.732  (mm)
  Object offset: offset_x=  -0.318, offset_z=   3.515  (mm)
  Detector : dDx=   0.000, dDy=   0.000, dDz=   0.000  (mm)
  Obj Stage rotY :    4.869 deg
============================================================

Unity geometry (world coordinates):
  Source   : x=   0.000, y=  29.997, z=   0.000
  Object   : x=   0.136, y=  24.266, z= 615.732
  Detector : x=  -6.002, y=  33.656, z= 959.000
  Obj rotY :  -4.5698 deg

Initial calibration:
  Source   : x=   0.000, y=   0.000, z=   0.000
  Object   : x=   0.000, y=   0.000, z=   0.000
  Detector : x=  25.318, y=   6.310, z=  40.001

After Calibration: 

Unity geometry (world coordinates):
  Source   : x=   0.000, y=  29.997, z=   0.000
  Object   : x=   0.136, y=  24.266, z= 615.732
  Detector : x=  19.316, y=  39.966, z= 999.001
  Obj rotY :  -4.5698 deg
view   0 | SOD= 619.289 mm | SDD= 999.237 mm | M= 1.614 | incident=1.2464°
[[   3.1380208  -619.25415      -5.7309494 ]
 [  17.232742    379.83395     -15.699284  ]
 [   0.14959796    0.00078176    0.        ]
 [   0.            0.            0.1496    ]]
Residual vector length: 900, Jacobian shape: (900, 6)
view   0 | SOD= 619.051 mm | SDD= 999.237 mm | M= 1.614 | incident=1.2464°
[[  13.647651   -618.8737       -5.7243137 ]
 [  10.7486315   380.30957     -15.692648  ]
 [   0.14956303    0.00332589    0.        ]
 [   0.            0.            0.1496    ]]

iter 03 cost=3871.671221 -> 2983.913116 |dtheta|=1.023843e+00  lambda=3.704e-04

============================================================
Iteration 4
============================================================
Theta offsets (Unity frame):
  Source   : dSx=   0.000, dSy=   0.000, dSz=   0.000  (mm)
  Object   : dOx=  -0.422, dOy=   4.273, dOz=  15.428  (mm)
  Object offset: offset_x=  -0.290, offset_z=   3.584  (mm)
  Detector : dDx=   0.000, dDy=   0.000, dDz=   0.000  (mm)
  Obj Stage rotY :    5.844 deg
============================================================

Unity geometry (world coordinates):
  Source   : x=   0.000, y=  29.997, z=   0.000
  Object   : x=   0.118, y=  24.273, z= 615.428
  Detector : x=  -6.002, y=  33.656, z= 959.000
  Obj rotY :  -4.5698 deg

Initial calibration:
  Source   : x=   0.000, y=   0.000, z=   0.000
  Object   : x=   0.000, y=   0.000, z=   0.000
  Detector : x=  25.318, y=   6.310, z=  40.001

After Calibration: 

Unity geometry (world coordinates):
  Source   : x=   0.000, y=  29.997, z=   0.000
  Object   : x=   0.118, y=  24.273, z= 615.428
  Detector : x=  19.316, y=  39.966, z= 999.001
  Obj rotY :  -4.5698 deg
view   0 | SOD= 619.051 mm | SDD= 999.237 mm | M= 1.614 | incident=1.2464°
[[  13.647651   -618.8737       -5.7243137 ]
 [  10.7486315   380.30957     -15.692648  ]
 [   0.14956303    0.00332589    0.        ]
 [   0.            0.            0.1496    ]]
Residual vector length: 900, Jacobian shape: (900, 6)
view   0 | SOD= 618.776 mm | SDD= 999.237 mm | M= 1.615 | incident=1.2464°
[[  21.4998     -618.3755       -5.7312126 ]
 [   5.8974032   380.69016     -15.699547  ]
 [   0.14950866    0.00522717    0.        ]
 [   0.            0.            0.1496    ]]

iter 04 cost=2983.913116 -> 2590.620460 |dtheta|=7.969267e-01  lambda=1.235e-04

============================================================
Iteration 5
============================================================
Theta offsets (Unity frame):
  Source   : dSx=   0.000, dSy=   0.000, dSz=   0.000  (mm)
  Object   : dOx=  -0.414, dOy=   4.266, dOz=  15.108  (mm)
  Object offset: offset_x=  -0.297, offset_z=   3.629  (mm)
  Detector : dDx=   0.000, dDy=   0.000, dDz=   0.000  (mm)
  Obj Stage rotY :    6.572 deg
============================================================

Unity geometry (world coordinates):
  Source   : x=   0.000, y=  29.997, z=   0.000
  Object   : x=   0.127, y=  24.266, z= 615.108
  Detector : x=  -6.002, y=  33.656, z= 959.000
  Obj rotY :  -4.5698 deg

Initial calibration:
  Source   : x=   0.000, y=   0.000, z=   0.000
  Object   : x=   0.000, y=   0.000, z=   0.000
  Detector : x=  25.318, y=   6.310, z=  40.001

After Calibration: 

Unity geometry (world coordinates):
  Source   : x=   0.000, y=  29.997, z=   0.000
  Object   : x=   0.127, y=  24.266, z= 615.108
  Detector : x=  19.316, y=  39.966, z= 999.001
  Obj rotY :  -4.5698 deg
view   0 | SOD= 618.776 mm | SDD= 999.237 mm | M= 1.615 | incident=1.2464°
[[  21.4998     -618.3755       -5.7312126 ]
 [   5.8974032   380.69016     -15.699547  ]
 [   0.14950866    0.00522717    0.        ]
 [   0.            0.            0.1496    ]]
Residual vector length: 900, Jacobian shape: (900, 6)
view   0 | SOD= 619.075 mm | SDD= 999.237 mm | M= 1.614 | incident=1.2464°
[[  26.493458   -618.48157      -5.732834  ]
 [   2.8158402   380.42538     -15.701168  ]
 [   0.14946151    0.00643552    0.        ]
 [   0.            0.            0.1496    ]]

iter 05 cost=2590.620460 -> 2422.195287 |dtheta|=5.629764e-01  lambda=4.115e-05

============================================================
Iteration 6
============================================================
Theta offsets (Unity frame):
  Source   : dSx=   0.000, dSy=   0.000, dSz=   0.000  (mm)
  Object   : dOx=  -0.411, dOy=   4.265, dOz=  15.427  (mm)
  Object offset: offset_x=  -0.281, offset_z=   3.610  (mm)
  Detector : dDx=   0.000, dDy=   0.000, dDz=   0.000  (mm)
  Obj Stage rotY :    7.035 deg
============================================================

Unity geometry (world coordinates):
  Source   : x=   0.000, y=  29.997, z=   0.000
  Object   : x=   0.130, y=  24.265, z= 615.427
  Detector : x=  -6.002, y=  33.656, z= 959.000
  Obj rotY :  -4.5698 deg

Initial calibration:
  Source   : x=   0.000, y=   0.000, z=   0.000
  Object   : x=   0.000, y=   0.000, z=   0.000
  Detector : x=  25.318, y=   6.310, z=  40.001

After Calibration: 

Unity geometry (world coordinates):
  Source   : x=   0.000, y=  29.997, z=   0.000
  Object   : x=   0.130, y=  24.265, z= 615.427
  Detector : x=  19.316, y=  39.966, z= 999.001
  Obj rotY :  -4.5698 deg
view   0 | SOD= 619.075 mm | SDD= 999.237 mm | M= 1.614 | incident=1.2464°
[[  26.493458   -618.48157      -5.732834  ]
 [   2.8158402   380.42538     -15.701168  ]
 [   0.14946151    0.00643552    0.        ]
 [   0.            0.            0.1496    ]]
Residual vector length: 900, Jacobian shape: (900, 6)
view   0 | SOD= 619.280 mm | SDD= 999.237 mm | M= 1.614 | incident=1.2464°
[[  28.408278   -618.6019       -5.7310047 ]
 [   1.6279546   380.22665     -15.699339  ]
 [   0.1494408     0.00689974    0.        ]
 [   0.            0.            0.1496    ]]

iter 06 cost=2422.195287 -> 2385.499704 |dtheta|=2.641779e-01  lambda=1.372e-05

============================================================
Iteration 7
============================================================
Theta offsets (Unity frame):
  Source   : dSx=   0.000, dSy=   0.000, dSz=   0.000  (mm)
  Object   : dOx=  -0.413, dOy=   4.266, dOz=  15.621  (mm)
  Object offset: offset_x=  -0.264, offset_z=   3.623  (mm)
  Detector : dDx=   0.000, dDy=   0.000, dDz=   0.000  (mm)
  Obj Stage rotY :    7.213 deg
============================================================

Unity geometry (world coordinates):
  Source   : x=   0.000, y=  29.997, z=   0.000
  Object   : x=   0.128, y=  24.266, z= 615.621
  Detector : x=  -6.002, y=  33.656, z= 959.000
  Obj rotY :  -4.5698 deg

Initial calibration:
  Source   : x=   0.000, y=   0.000, z=   0.000
  Object   : x=   0.000, y=   0.000, z=   0.000
  Detector : x=  25.318, y=   6.310, z=  40.001

After Calibration: 

Unity geometry (world coordinates):
  Source   : x=   0.000, y=  29.997, z=   0.000
  Object   : x=   0.128, y=  24.266, z= 615.621
  Detector : x=  19.316, y=  39.966, z= 999.001
  Obj rotY :  -4.5698 deg
view   0 | SOD= 619.280 mm | SDD= 999.237 mm | M= 1.614 | incident=1.2464°
[[  28.408278   -618.6019       -5.7310047 ]
 [   1.6279546   380.22665     -15.699339  ]
 [   0.1494408     0.00689974    0.        ]
 [   0.            0.            0.1496    ]]
Residual vector length: 900, Jacobian shape: (900, 6)
view   0 | SOD= 619.186 mm | SDD= 999.237 mm | M= 1.614 | incident=1.2464°
[[  31.129913   -618.37604      -5.7324295 ]
 [  -0.03590272  380.32532     -15.700764  ]
 [   0.14940907    0.00755586    0.        ]
 [   0.            0.            0.1496    ]]

iter 07 cost=2385.499704 -> 2340.420448 |dtheta|=2.685405e-01  lambda=4.572e-06

============================================================
Iteration 8
============================================================
Theta offsets (Unity frame):
  Source   : dSx=   0.000, dSy=   0.000, dSz=   0.000  (mm)
  Object   : dOx=  -0.412, dOy=   4.265, dOz=  15.528  (mm)
  Object offset: offset_x=  -0.275, offset_z=   3.620  (mm)
  Detector : dDx=   0.000, dDy=   0.000, dDz=   0.000  (mm)
  Obj Stage rotY :    7.465 deg
============================================================

Unity geometry (world coordinates):
  Source   : x=   0.000, y=  29.997, z=   0.000
  Object   : x=   0.128, y=  24.265, z= 615.528
  Detector : x=  -6.002, y=  33.656, z= 959.000
  Obj rotY :  -4.5698 deg

Initial calibration:
  Source   : x=   0.000, y=   0.000, z=   0.000
  Object   : x=   0.000, y=   0.000, z=   0.000
  Detector : x=  25.318, y=   6.310, z=  40.001

After Calibration: 

Unity geometry (world coordinates):
  Source   : x=   0.000, y=  29.997, z=   0.000
  Object   : x=   0.128, y=  24.265, z= 615.528
  Detector : x=  19.316, y=  39.966, z= 999.001
  Obj rotY :  -4.5698 deg
view   0 | SOD= 619.186 mm | SDD= 999.237 mm | M= 1.614 | incident=1.2464°
[[  31.129913   -618.37604      -5.7324295 ]
 [  -0.03590272  380.32532     -15.700764  ]
 [   0.14940907    0.00755586    0.        ]
 [   0.            0.            0.1496    ]]
Residual vector length: 900, Jacobian shape: (900, 6)
view   0 | SOD= 619.045 mm | SDD= 999.237 mm | M= 1.614 | incident=1.2464°
[[  32.380627   -618.17053      -5.7289352 ]
 [  -0.8300313   380.4649      -15.697269  ]
 [   0.14939328    0.00786177    0.        ]
 [   0.            0.            0.1496    ]]

iter 08 cost=2340.420448 -> 2331.951745 |dtheta|=1.695964e-01  lambda=1.524e-06

============================================================
Iteration 9
============================================================
Theta offsets (Unity frame):
  Source   : dSx=   0.000, dSy=   0.000, dSz=   0.000  (mm)
  Object   : dOx=  -0.414, dOy=   4.268, dOz=  15.408  (mm)
  Object offset: offset_x=  -0.264, offset_z=   3.601  (mm)
  Detector : dDx=   0.000, dDy=   0.000, dDz=   0.000  (mm)
  Obj Stage rotY :    7.582 deg
============================================================

Unity geometry (world coordinates):
  Source   : x=   0.000, y=  29.997, z=   0.000
  Object   : x=   0.127, y=  24.268, z= 615.408
  Detector : x=  -6.002, y=  33.656, z= 959.000
  Obj rotY :  -4.5698 deg

Initial calibration:
  Source   : x=   0.000, y=   0.000, z=   0.000
  Object   : x=   0.000, y=   0.000, z=   0.000
  Detector : x=  25.318, y=   6.310, z=  40.001

After Calibration: 

Unity geometry (world coordinates):
  Source   : x=   0.000, y=  29.997, z=   0.000
  Object   : x=   0.127, y=  24.268, z= 615.408
  Detector : x=  19.316, y=  39.966, z= 999.001
  Obj rotY :  -4.5698 deg
view   0 | SOD= 619.045 mm | SDD= 999.237 mm | M= 1.614 | incident=1.2464°
[[  32.380627   -618.17053      -5.7289352 ]
 [  -0.8300313   380.4649      -15.697269  ]
 [   0.14939328    0.00786177    0.        ]
 [   0.            0.            0.1496    ]]
Residual vector length: 900, Jacobian shape: (900, 6)
view   0 | SOD= 619.062 mm | SDD= 999.237 mm | M= 1.614 | incident=1.2464°
[[  32.952396   -618.1582       -5.7289925 ]
 [  -1.1853085   380.44595     -15.697327  ]
 [   0.14938591    0.00800045    0.        ]
 [   0.            0.            0.1496    ]]

iter 09 cost=2331.951745 -> 2324.024746 |dtheta|=5.697836e-02  lambda=1.000e-06

============================================================
Iteration 10
============================================================
Theta offsets (Unity frame):
  Source   : dSx=   0.000, dSy=   0.000, dSz=   0.000  (mm)
  Object   : dOx=  -0.414, dOy=   4.268, dOz=  15.406  (mm)
  Object offset: offset_x=  -0.262, offset_z=   3.621  (mm)
  Detector : dDx=   0.000, dDy=   0.000, dDz=   0.000  (mm)
  Obj Stage rotY :    7.635 deg
============================================================

Unity geometry (world coordinates):
  Source   : x=   0.000, y=  29.997, z=   0.000
  Object   : x=   0.126, y=  24.268, z= 615.406
  Detector : x=  -6.002, y=  33.656, z= 959.000
  Obj rotY :  -4.5698 deg

Initial calibration:
  Source   : x=   0.000, y=   0.000, z=   0.000
  Object   : x=   0.000, y=   0.000, z=   0.000
  Detector : x=  25.318, y=   6.310, z=  40.001

After Calibration: 

Unity geometry (world coordinates):
  Source   : x=   0.000, y=  29.997, z=   0.000
  Object   : x=   0.126, y=  24.268, z= 615.406
  Detector : x=  19.316, y=  39.966, z= 999.001
  Obj rotY :  -4.5698 deg
view   0 | SOD= 619.062 mm | SDD= 999.237 mm | M= 1.614 | incident=1.2464°
[[  32.952396   -618.1582       -5.7289925 ]
 [  -1.1853085   380.44595     -15.697327  ]
 [   0.14938591    0.00800045    0.        ]
 [   0.            0.            0.1496    ]]
Residual vector length: 900, Jacobian shape: (900, 6)
view   0 | SOD= 619.000 mm | SDD= 999.237 mm | M= 1.614 | incident=1.2464°
[[  32.508537   -618.1192       -5.728752  ]
 [  -0.925396    380.5088      -15.697086  ]
 [   0.14939152    0.00789517    0.        ]
 [   0.            0.            0.1496    ]]

iter 10 cost=2324.024746 -> 2334.566819 |dtheta|=6.019194e-02  lambda=1.000e-06

============================================================
Iteration 11
============================================================
Theta offsets (Unity frame):
  Source   : dSx=   0.000, dSy=   0.000, dSz=   0.000  (mm)
  Object   : dOx=  -0.414, dOy=   4.268, dOz=  15.406  (mm)
  Object offset: offset_x=  -0.262, offset_z=   3.621  (mm)
  Detector : dDx=   0.000, dDy=   0.000, dDz=   0.000  (mm)
  Obj Stage rotY :    7.635 deg
============================================================

Unity geometry (world coordinates):
  Source   : x=   0.000, y=  29.997, z=   0.000
  Object   : x=   0.126, y=  24.268, z= 615.406
  Detector : x=  -6.002, y=  33.656, z= 959.000
  Obj rotY :  -4.5698 deg

Initial calibration:
  Source   : x=   0.000, y=   0.000, z=   0.000
  Object   : x=   0.000, y=   0.000, z=   0.000
  Detector : x=  25.318, y=   6.310, z=  40.001

After Calibration: 

Unity geometry (world coordinates):
  Source   : x=   0.000, y=  29.997, z=   0.000
  Object   : x=   0.126, y=  24.268, z= 615.406
  Detector : x=  19.316, y=  39.966, z= 999.001
  Obj rotY :  -4.5698 deg
view   0 | SOD= 619.062 mm | SDD= 999.237 mm | M= 1.614 | incident=1.2464°
[[  32.952396   -618.1582       -5.7289925 ]
 [  -1.1853085   380.44595     -15.697327  ]
 [   0.14938591    0.00800045    0.        ]
 [   0.            0.            0.1496    ]]
Residual vector length: 900, Jacobian shape: (900, 6)
view   0 | SOD= 619.000 mm | SDD= 999.237 mm | M= 1.614 | incident=1.2464°
[[  32.508537   -618.1192       -5.728752  ]
 [  -0.925396    380.5088      -15.697086  ]
 [   0.14939152    0.00789517    0.        ]
 [   0.            0.            0.1496    ]]

iter 11 cost=2324.024746 -> 2334.566819 |dtheta|=6.019194e-02  lambda=5.000e-06

============================================================
Iteration 12
============================================================
Theta offsets (Unity frame):
  Source   : dSx=   0.000, dSy=   0.000, dSz=   0.000  (mm)
  Object   : dOx=  -0.414, dOy=   4.268, dOz=  15.406  (mm)
  Object offset: offset_x=  -0.262, offset_z=   3.621  (mm)
  Detector : dDx=   0.000, dDy=   0.000, dDz=   0.000  (mm)
  Obj Stage rotY :    7.635 deg
============================================================

Unity geometry (world coordinates):
  Source   : x=   0.000, y=  29.997, z=   0.000
  Object   : x=   0.126, y=  24.268, z= 615.406
  Detector : x=  -6.002, y=  33.656, z= 959.000
  Obj rotY :  -4.5698 deg

Initial calibration:
  Source   : x=   0.000, y=   0.000, z=   0.000
  Object   : x=   0.000, y=   0.000, z=   0.000
  Detector : x=  25.318, y=   6.310, z=  40.001

After Calibration: 

Unity geometry (world coordinates):
  Source   : x=   0.000, y=  29.997, z=   0.000
  Object   : x=   0.126, y=  24.268, z= 615.406
  Detector : x=  19.316, y=  39.966, z= 999.001
  Obj rotY :  -4.5698 deg
view   0 | SOD= 619.062 mm | SDD= 999.237 mm | M= 1.614 | incident=1.2464°
[[  32.952396   -618.1582       -5.7289925 ]
 [  -1.1853085   380.44595     -15.697327  ]
 [   0.14938591    0.00800045    0.        ]
 [   0.            0.            0.1496    ]]
Residual vector length: 900, Jacobian shape: (900, 6)
view   0 | SOD= 619.000 mm | SDD= 999.237 mm | M= 1.614 | incident=1.2464°
[[  32.508537   -618.1192       -5.728752  ]
 [  -0.925396    380.5088      -15.697086  ]
 [   0.14939152    0.00789517    0.        ]
 [   0.            0.            0.1496    ]]

iter 12 cost=2324.024746 -> 2334.566819 |dtheta|=6.019193e-02  lambda=2.500e-05

============================================================
Iteration 13
============================================================
Theta offsets (Unity frame):
  Source   : dSx=   0.000, dSy=   0.000, dSz=   0.000  (mm)
  Object   : dOx=  -0.414, dOy=   4.268, dOz=  15.406  (mm)
  Object offset: offset_x=  -0.262, offset_z=   3.621  (mm)
  Detector : dDx=   0.000, dDy=   0.000, dDz=   0.000  (mm)
  Obj Stage rotY :    7.635 deg
============================================================

Unity geometry (world coordinates):
  Source   : x=   0.000, y=  29.997, z=   0.000
  Object   : x=   0.126, y=  24.268, z= 615.406
  Detector : x=  -6.002, y=  33.656, z= 959.000
  Obj rotY :  -4.5698 deg

Initial calibration:
  Source   : x=   0.000, y=   0.000, z=   0.000
  Object   : x=   0.000, y=   0.000, z=   0.000
  Detector : x=  25.318, y=   6.310, z=  40.001

After Calibration: 

Unity geometry (world coordinates):
  Source   : x=   0.000, y=  29.997, z=   0.000
  Object   : x=   0.126, y=  24.268, z= 615.406
  Detector : x=  19.316, y=  39.966, z= 999.001
  Obj rotY :  -4.5698 deg
view   0 | SOD= 619.062 mm | SDD= 999.237 mm | M= 1.614 | incident=1.2464°
[[  32.952396   -618.1582       -5.7289925 ]
 [  -1.1853085   380.44595     -15.697327  ]
 [   0.14938591    0.00800045    0.        ]
 [   0.            0.            0.1496    ]]
Residual vector length: 900, Jacobian shape: (900, 6)
view   0 | SOD= 619.000 mm | SDD= 999.237 mm | M= 1.614 | incident=1.2464°
[[  32.508537   -618.1192       -5.728752  ]
 [  -0.9253961   380.5088      -15.697086  ]
 [   0.14939152    0.00789517    0.        ]
 [   0.            0.            0.1496    ]]

iter 13 cost=2324.024746 -> 2334.566819 |dtheta|=6.019191e-02  lambda=1.250e-04

============================================================
Iteration 14
============================================================
Theta offsets (Unity frame):
  Source   : dSx=   0.000, dSy=   0.000, dSz=   0.000  (mm)
  Object   : dOx=  -0.414, dOy=   4.268, dOz=  15.406  (mm)
  Object offset: offset_x=  -0.262, offset_z=   3.621  (mm)
  Detector : dDx=   0.000, dDy=   0.000, dDz=   0.000  (mm)
  Obj Stage rotY :    7.635 deg
============================================================

Unity geometry (world coordinates):
  Source   : x=   0.000, y=  29.997, z=   0.000
  Object   : x=   0.126, y=  24.268, z= 615.406
  Detector : x=  -6.002, y=  33.656, z= 959.000
  Obj rotY :  -4.5698 deg

Initial calibration:
  Source   : x=   0.000, y=   0.000, z=   0.000
  Object   : x=   0.000, y=   0.000, z=   0.000
  Detector : x=  25.318, y=   6.310, z=  40.001

After Calibration: 

Unity geometry (world coordinates):
  Source   : x=   0.000, y=  29.997, z=   0.000
  Object   : x=   0.126, y=  24.268, z= 615.406
  Detector : x=  19.316, y=  39.966, z= 999.001
  Obj rotY :  -4.5698 deg
view   0 | SOD= 619.062 mm | SDD= 999.237 mm | M= 1.614 | incident=1.2464°
[[  32.952396   -618.1582       -5.7289925 ]
 [  -1.1853085   380.44595     -15.697327  ]
 [   0.14938591    0.00800045    0.        ]
 [   0.            0.            0.1496    ]]
Residual vector length: 900, Jacobian shape: (900, 6)
view   0 | SOD= 619.000 mm | SDD= 999.237 mm | M= 1.614 | incident=1.2464°
[[  32.508537   -618.1192       -5.728752  ]
 [  -0.9253962   380.5088      -15.697086  ]
 [   0.14939152    0.00789517    0.        ]
 [   0.            0.            0.1496    ]]

iter 14 cost=2324.024746 -> 2334.566819 |dtheta|=6.019181e-02  lambda=6.250e-04

============================================================
Iteration 15
============================================================
Theta offsets (Unity frame):
  Source   : dSx=   0.000, dSy=   0.000, dSz=   0.000  (mm)
  Object   : dOx=  -0.414, dOy=   4.268, dOz=  15.406  (mm)
  Object offset: offset_x=  -0.262, offset_z=   3.621  (mm)
  Detector : dDx=   0.000, dDy=   0.000, dDz=   0.000  (mm)
  Obj Stage rotY :    7.635 deg
============================================================

Unity geometry (world coordinates):
  Source   : x=   0.000, y=  29.997, z=   0.000
  Object   : x=   0.126, y=  24.268, z= 615.406
  Detector : x=  -6.002, y=  33.656, z= 959.000
  Obj rotY :  -4.5698 deg

Initial calibration:
  Source   : x=   0.000, y=   0.000, z=   0.000
  Object   : x=   0.000, y=   0.000, z=   0.000
  Detector : x=  25.318, y=   6.310, z=  40.001

After Calibration: 

Unity geometry (world coordinates):
  Source   : x=   0.000, y=  29.997, z=   0.000
  Object   : x=   0.126, y=  24.268, z= 615.406
  Detector : x=  19.316, y=  39.966, z= 999.001
  Obj rotY :  -4.5698 deg
view   0 | SOD= 619.062 mm | SDD= 999.237 mm | M= 1.614 | incident=1.2464°
[[  32.952396   -618.1582       -5.7289925 ]
 [  -1.1853085   380.44595     -15.697327  ]
 [   0.14938591    0.00800045    0.        ]
 [   0.            0.            0.1496    ]]
Residual vector length: 900, Jacobian shape: (900, 6)
view   0 | SOD= 619.000 mm | SDD= 999.237 mm | M= 1.614 | incident=1.2464°
[[  32.508537   -618.1192       -5.728752  ]
 [  -0.92539686  380.5088      -15.697086  ]
 [   0.14939152    0.00789517    0.        ]
 [   0.            0.            0.1496    ]]

iter 15 cost=2324.024746 -> 2334.566819 |dtheta|=6.019129e-02  lambda=3.125e-03

============================================================
Iteration 16
============================================================
Theta offsets (Unity frame):
  Source   : dSx=   0.000, dSy=   0.000, dSz=   0.000  (mm)
  Object   : dOx=  -0.414, dOy=   4.268, dOz=  15.406  (mm)
  Object offset: offset_x=  -0.262, offset_z=   3.621  (mm)
  Detector : dDx=   0.000, dDy=   0.000, dDz=   0.000  (mm)
  Obj Stage rotY :    7.635 deg
============================================================

Unity geometry (world coordinates):
  Source   : x=   0.000, y=  29.997, z=   0.000
  Object   : x=   0.126, y=  24.268, z= 615.406
  Detector : x=  -6.002, y=  33.656, z= 959.000
  Obj rotY :  -4.5698 deg

Initial calibration:
  Source   : x=   0.000, y=   0.000, z=   0.000
  Object   : x=   0.000, y=   0.000, z=   0.000
  Detector : x=  25.318, y=   6.310, z=  40.001

After Calibration: 

Unity geometry (world coordinates):
  Source   : x=   0.000, y=  29.997, z=   0.000
  Object   : x=   0.126, y=  24.268, z= 615.406
  Detector : x=  19.316, y=  39.966, z= 999.001
  Obj rotY :  -4.5698 deg
view   0 | SOD= 619.062 mm | SDD= 999.237 mm | M= 1.614 | incident=1.2464°
[[  32.952396   -618.1582       -5.7289925 ]
 [  -1.1853085   380.44595     -15.697327  ]
 [   0.14938591    0.00800045    0.        ]
 [   0.            0.            0.1496    ]]
Residual vector length: 900, Jacobian shape: (900, 6)
view   0 | SOD= 619.000 mm | SDD= 999.237 mm | M= 1.614 | incident=1.2464°
[[  32.508545   -618.1192       -5.728752  ]
 [  -0.9254      380.5088      -15.697086  ]
 [   0.14939152    0.00789517    0.        ]
 [   0.            0.            0.1496    ]]

iter 16 cost=2324.024746 -> 2334.472037 |dtheta|=6.018867e-02  lambda=1.562e-02

============================================================
Iteration 17
============================================================
Theta offsets (Unity frame):
  Source   : dSx=   0.000, dSy=   0.000, dSz=   0.000  (mm)
  Object   : dOx=  -0.414, dOy=   4.268, dOz=  15.406  (mm)
  Object offset: offset_x=  -0.262, offset_z=   3.621  (mm)
  Detector : dDx=   0.000, dDy=   0.000, dDz=   0.000  (mm)
  Obj Stage rotY :    7.635 deg
============================================================

Unity geometry (world coordinates):
  Source   : x=   0.000, y=  29.997, z=   0.000
  Object   : x=   0.126, y=  24.268, z= 615.406
  Detector : x=  -6.002, y=  33.656, z= 959.000
  Obj rotY :  -4.5698 deg

Initial calibration:
  Source   : x=   0.000, y=   0.000, z=   0.000
  Object   : x=   0.000, y=   0.000, z=   0.000
  Detector : x=  25.318, y=   6.310, z=  40.001

After Calibration: 

Unity geometry (world coordinates):
  Source   : x=   0.000, y=  29.997, z=   0.000
  Object   : x=   0.126, y=  24.268, z= 615.406
  Detector : x=  19.316, y=  39.966, z= 999.001
  Obj rotY :  -4.5698 deg
view   0 | SOD= 619.062 mm | SDD= 999.237 mm | M= 1.614 | incident=1.2464°
[[  32.952396   -618.1582       -5.7289925 ]
 [  -1.1853085   380.44595     -15.697327  ]
 [   0.14938591    0.00800045    0.        ]
 [   0.            0.            0.1496    ]]
Residual vector length: 900, Jacobian shape: (900, 6)
view   0 | SOD= 619.000 mm | SDD= 999.237 mm | M= 1.614 | incident=1.2464°
[[  32.50857    -618.11926      -5.728752  ]
 [  -0.9254127   380.50873     -15.697086  ]
 [   0.14939152    0.00789517    0.        ]
 [   0.            0.            0.1496    ]]

iter 17 cost=2324.024746 -> 2334.423214 |dtheta|=6.017559e-02  lambda=7.812e-02

============================================================
Iteration 18
============================================================
Theta offsets (Unity frame):
  Source   : dSx=   0.000, dSy=   0.000, dSz=   0.000  (mm)
  Object   : dOx=  -0.414, dOy=   4.268, dOz=  15.406  (mm)
  Object offset: offset_x=  -0.262, offset_z=   3.621  (mm)
  Detector : dDx=   0.000, dDy=   0.000, dDz=   0.000  (mm)
  Obj Stage rotY :    7.635 deg
============================================================

Unity geometry (world coordinates):
  Source   : x=   0.000, y=  29.997, z=   0.000
  Object   : x=   0.126, y=  24.268, z= 615.406
  Detector : x=  -6.002, y=  33.656, z= 959.000
  Obj rotY :  -4.5698 deg

Initial calibration:
  Source   : x=   0.000, y=   0.000, z=   0.000
  Object   : x=   0.000, y=   0.000, z=   0.000
  Detector : x=  25.318, y=   6.310, z=  40.001

After Calibration: 

Unity geometry (world coordinates):
  Source   : x=   0.000, y=  29.997, z=   0.000
  Object   : x=   0.126, y=  24.268, z= 615.406
  Detector : x=  19.316, y=  39.966, z= 999.001
  Obj rotY :  -4.5698 deg
view   0 | SOD= 619.062 mm | SDD= 999.237 mm | M= 1.614 | incident=1.2464°
[[  32.952396   -618.1582       -5.7289925 ]
 [  -1.1853085   380.44595     -15.697327  ]
 [   0.14938591    0.00800045    0.        ]
 [   0.            0.            0.1496    ]]
Residual vector length: 900, Jacobian shape: (900, 6)
view   0 | SOD= 619.000 mm | SDD= 999.237 mm | M= 1.614 | incident=1.2464°
[[  32.508705   -618.1193       -5.728754  ]
 [  -0.92549086  380.50867     -15.697088  ]
 [   0.14939152    0.00789521    0.        ]
 [   0.            0.            0.1496    ]]

iter 18 cost=2324.024746 -> 2334.375874 |dtheta|=6.011042e-02  lambda=3.906e-01

============================================================
Iteration 19
============================================================
Theta offsets (Unity frame):
  Source   : dSx=   0.000, dSy=   0.000, dSz=   0.000  (mm)
  Object   : dOx=  -0.414, dOy=   4.268, dOz=  15.406  (mm)
  Object offset: offset_x=  -0.262, offset_z=   3.621  (mm)
  Detector : dDx=   0.000, dDy=   0.000, dDz=   0.000  (mm)
  Obj Stage rotY :    7.635 deg
============================================================

Unity geometry (world coordinates):
  Source   : x=   0.000, y=  29.997, z=   0.000
  Object   : x=   0.126, y=  24.268, z= 615.406
  Detector : x=  -6.002, y=  33.656, z= 959.000
  Obj rotY :  -4.5698 deg

Initial calibration:
  Source   : x=   0.000, y=   0.000, z=   0.000
  Object   : x=   0.000, y=   0.000, z=   0.000
  Detector : x=  25.318, y=   6.310, z=  40.001

After Calibration: 

Unity geometry (world coordinates):
  Source   : x=   0.000, y=  29.997, z=   0.000
  Object   : x=   0.126, y=  24.268, z= 615.406
  Detector : x=  19.316, y=  39.966, z= 999.001
  Obj rotY :  -4.5698 deg
view   0 | SOD= 619.062 mm | SDD= 999.237 mm | M= 1.614 | incident=1.2464°
[[  32.952396   -618.1582       -5.7289925 ]
 [  -1.1853085   380.44595     -15.697327  ]
 [   0.14938591    0.00800045    0.        ]
 [   0.            0.            0.1496    ]]
Residual vector length: 900, Jacobian shape: (900, 6)
view   0 | SOD= 619.001 mm | SDD= 999.237 mm | M= 1.614 | incident=1.2464°
[[  32.509373   -618.11975      -5.728756  ]
 [  -0.9258639   380.50818     -15.69709   ]
 [   0.1493915     0.00789536    0.        ]
 [   0.            0.            0.1496    ]]

iter 19 cost=2324.024746 -> 2334.711296 |dtheta|=5.979056e-02  lambda=1.953e+00

============================================================
Iteration 20
============================================================
Theta offsets (Unity frame):
  Source   : dSx=   0.000, dSy=   0.000, dSz=   0.000  (mm)
  Object   : dOx=  -0.414, dOy=   4.268, dOz=  15.406  (mm)
  Object offset: offset_x=  -0.262, offset_z=   3.621  (mm)
  Detector : dDx=   0.000, dDy=   0.000, dDz=   0.000  (mm)
  Obj Stage rotY :    7.635 deg
============================================================

Unity geometry (world coordinates):
  Source   : x=   0.000, y=  29.997, z=   0.000
  Object   : x=   0.126, y=  24.268, z= 615.406
  Detector : x=  -6.002, y=  33.656, z= 959.000
  Obj rotY :  -4.5698 deg

Initial calibration:
  Source   : x=   0.000, y=   0.000, z=   0.000
  Object   : x=   0.000, y=   0.000, z=   0.000
  Detector : x=  25.318, y=   6.310, z=  40.001

After Calibration: 

Unity geometry (world coordinates):
  Source   : x=   0.000, y=  29.997, z=   0.000
  Object   : x=   0.126, y=  24.268, z= 615.406
  Detector : x=  19.316, y=  39.966, z= 999.001
  Obj rotY :  -4.5698 deg
view   0 | SOD= 619.062 mm | SDD= 999.237 mm | M= 1.614 | incident=1.2464°
[[  32.952396   -618.1582       -5.7289925 ]
 [  -1.1853085   380.44595     -15.697327  ]
 [   0.14938591    0.00800045    0.        ]
 [   0.            0.            0.1496    ]]
Residual vector length: 900, Jacobian shape: (900, 6)
view   0 | SOD= 619.003 mm | SDD= 999.237 mm | M= 1.614 | incident=1.2464°
[[  32.51268    -618.1219       -5.7287674 ]
 [  -0.92773163  380.5059      -15.697102  ]
 [   0.14939147    0.00789614    0.        ]
 [   0.            0.            0.1496    ]]

iter 20 cost=2324.024746 -> 2334.066077 |dtheta|=5.832664e-02  lambda=9.766e+00

============================================================
Iteration 21
============================================================
Theta offsets (Unity frame):
  Source   : dSx=   0.000, dSy=   0.000, dSz=   0.000  (mm)
  Object   : dOx=  -0.414, dOy=   4.268, dOz=  15.406  (mm)
  Object offset: offset_x=  -0.262, offset_z=   3.621  (mm)
  Detector : dDx=   0.000, dDy=   0.000, dDz=   0.000  (mm)
  Obj Stage rotY :    7.635 deg
============================================================

Unity geometry (world coordinates):
  Source   : x=   0.000, y=  29.997, z=   0.000
  Object   : x=   0.126, y=  24.268, z= 615.406
  Detector : x=  -6.002, y=  33.656, z= 959.000
  Obj rotY :  -4.5698 deg

Initial calibration:
  Source   : x=   0.000, y=   0.000, z=   0.000
  Object   : x=   0.000, y=   0.000, z=   0.000
  Detector : x=  25.318, y=   6.310, z=  40.001

After Calibration: 

Unity geometry (world coordinates):
  Source   : x=   0.000, y=  29.997, z=   0.000
  Object   : x=   0.126, y=  24.268, z= 615.406
  Detector : x=  19.316, y=  39.966, z= 999.001
  Obj rotY :  -4.5698 deg
view   0 | SOD= 619.062 mm | SDD= 999.237 mm | M= 1.614 | incident=1.2464°
[[  32.952396   -618.1582       -5.7289925 ]
 [  -1.1853085   380.44595     -15.697327  ]
 [   0.14938591    0.00800045    0.        ]
 [   0.            0.            0.1496    ]]
Residual vector length: 900, Jacobian shape: (900, 6)
view   0 | SOD= 619.011 mm | SDD= 999.237 mm | M= 1.614 | incident=1.2464°
[[  32.52849    -618.12897      -5.728813  ]
 [  -0.93688667  380.49796     -15.697147  ]
 [   0.14939126    0.00789987    0.        ]
 [   0.            0.            0.1496    ]]

iter 21 cost=2324.024746 -> 2333.526899 |dtheta|=5.325985e-02  lambda=4.883e+01

============================================================
Iteration 22
============================================================
Theta offsets (Unity frame):
  Source   : dSx=   0.000, dSy=   0.000, dSz=   0.000  (mm)
  Object   : dOx=  -0.414, dOy=   4.268, dOz=  15.406  (mm)
  Object offset: offset_x=  -0.262, offset_z=   3.621  (mm)
  Detector : dDx=   0.000, dDy=   0.000, dDz=   0.000  (mm)
  Obj Stage rotY :    7.635 deg
============================================================

Unity geometry (world coordinates):
  Source   : x=   0.000, y=  29.997, z=   0.000
  Object   : x=   0.126, y=  24.268, z= 615.406
  Detector : x=  -6.002, y=  33.656, z= 959.000
  Obj rotY :  -4.5698 deg

Initial calibration:
  Source   : x=   0.000, y=   0.000, z=   0.000
  Object   : x=   0.000, y=   0.000, z=   0.000
  Detector : x=  25.318, y=   6.310, z=  40.001

After Calibration: 

Unity geometry (world coordinates):
  Source   : x=   0.000, y=  29.997, z=   0.000
  Object   : x=   0.126, y=  24.268, z= 615.406
  Detector : x=  19.316, y=  39.966, z= 999.001
  Obj rotY :  -4.5698 deg
view   0 | SOD= 619.062 mm | SDD= 999.237 mm | M= 1.614 | incident=1.2464°
[[  32.952396   -618.1582       -5.7289925 ]
 [  -1.1853085   380.44595     -15.697327  ]
 [   0.14938591    0.00800045    0.        ]
 [   0.            0.            0.1496    ]]
Residual vector length: 900, Jacobian shape: (900, 6)
view   0 | SOD= 619.025 mm | SDD= 999.237 mm | M= 1.614 | incident=1.2464°
[[  32.592995   -618.1396       -5.728895  ]
 [  -0.9757023   380.4839      -15.697229  ]
 [   0.14939046    0.00791533    0.        ]
 [   0.            0.            0.1496    ]]

iter 22 cost=2324.024746 -> 2332.536408 |dtheta|=4.368981e-02  lambda=2.441e+02

============================================================
Iteration 23
============================================================
Theta offsets (Unity frame):
  Source   : dSx=   0.000, dSy=   0.000, dSz=   0.000  (mm)
  Object   : dOx=  -0.414, dOy=   4.268, dOz=  15.406  (mm)
  Object offset: offset_x=  -0.262, offset_z=   3.621  (mm)
  Detector : dDx=   0.000, dDy=   0.000, dDz=   0.000  (mm)
  Obj Stage rotY :    7.635 deg
============================================================

Unity geometry (world coordinates):
  Source   : x=   0.000, y=  29.997, z=   0.000
  Object   : x=   0.126, y=  24.268, z= 615.406
  Detector : x=  -6.002, y=  33.656, z= 959.000
  Obj rotY :  -4.5698 deg

Initial calibration:
  Source   : x=   0.000, y=   0.000, z=   0.000
  Object   : x=   0.000, y=   0.000, z=   0.000
  Detector : x=  25.318, y=   6.310, z=  40.001

After Calibration: 

Unity geometry (world coordinates):
  Source   : x=   0.000, y=  29.997, z=   0.000
  Object   : x=   0.126, y=  24.268, z= 615.406
  Detector : x=  19.316, y=  39.966, z= 999.001
  Obj rotY :  -4.5698 deg
view   0 | SOD= 619.062 mm | SDD= 999.237 mm | M= 1.614 | incident=1.2464°
[[  32.952396   -618.1582       -5.7289925 ]
 [  -1.1853085   380.44595     -15.697327  ]
 [   0.14938591    0.00800045    0.        ]
 [   0.            0.            0.1496    ]]
Residual vector length: 900, Jacobian shape: (900, 6)
view   0 | SOD= 619.035 mm | SDD= 999.237 mm | M= 1.614 | incident=1.2464°
[[  32.747456   -618.1413       -5.7289658 ]
 [  -1.070298    380.47375     -15.6973    ]
 [   0.14938848    0.00795258    0.        ]
 [   0.            0.            0.1496    ]]

iter 23 cost=2324.024746 -> 2329.723181 |dtheta|=3.137957e-02  lambda=1.221e+03

============================================================
Iteration 24
============================================================
Theta offsets (Unity frame):
  Source   : dSx=   0.000, dSy=   0.000, dSz=   0.000  (mm)
  Object   : dOx=  -0.414, dOy=   4.268, dOz=  15.406  (mm)
  Object offset: offset_x=  -0.262, offset_z=   3.621  (mm)
  Detector : dDx=   0.000, dDy=   0.000, dDz=   0.000  (mm)
  Obj Stage rotY :    7.635 deg
============================================================

Unity geometry (world coordinates):
  Source   : x=   0.000, y=  29.997, z=   0.000
  Object   : x=   0.126, y=  24.268, z= 615.406
  Detector : x=  -6.002, y=  33.656, z= 959.000
  Obj rotY :  -4.5698 deg

Initial calibration:
  Source   : x=   0.000, y=   0.000, z=   0.000
  Object   : x=   0.000, y=   0.000, z=   0.000
  Detector : x=  25.318, y=   6.310, z=  40.001

After Calibration: 

Unity geometry (world coordinates):
  Source   : x=   0.000, y=  29.997, z=   0.000
  Object   : x=   0.126, y=  24.268, z= 615.406
  Detector : x=  19.316, y=  39.966, z= 999.001
  Obj rotY :  -4.5698 deg
view   0 | SOD= 619.062 mm | SDD= 999.237 mm | M= 1.614 | incident=1.2464°
[[  32.952396   -618.1582       -5.7289925 ]
 [  -1.1853085   380.44595     -15.697327  ]
 [   0.14938591    0.00800045    0.        ]
 [   0.            0.            0.1496    ]]
Residual vector length: 900, Jacobian shape: (900, 6)
view   0 | SOD= 619.042 mm | SDD= 999.237 mm | M= 1.614 | incident=1.2464°
[[  32.88575    -618.1414       -5.729019  ]
 [  -1.1535851   380.4661      -15.697353  ]
 [   0.1493867     0.00798573    0.        ]
 [   0.            0.            0.1496    ]]

iter 24 cost=2324.024746 -> 2328.025164 |dtheta|=2.096468e-02  lambda=6.104e+03

============================================================
Iteration 25
============================================================
Theta offsets (Unity frame):
  Source   : dSx=   0.000, dSy=   0.000, dSz=   0.000  (mm)
  Object   : dOx=  -0.414, dOy=   4.268, dOz=  15.406  (mm)
  Object offset: offset_x=  -0.262, offset_z=   3.621  (mm)
  Detector : dDx=   0.000, dDy=   0.000, dDz=   0.000  (mm)
  Obj Stage rotY :    7.635 deg
============================================================

Unity geometry (world coordinates):
  Source   : x=   0.000, y=  29.997, z=   0.000
  Object   : x=   0.126, y=  24.268, z= 615.406
  Detector : x=  -6.002, y=  33.656, z= 959.000
  Obj rotY :  -4.5698 deg

Initial calibration:
  Source   : x=   0.000, y=   0.000, z=   0.000
  Object   : x=   0.000, y=   0.000, z=   0.000
  Detector : x=  25.318, y=   6.310, z=  40.001

After Calibration: 

Unity geometry (world coordinates):
  Source   : x=   0.000, y=  29.997, z=   0.000
  Object   : x=   0.126, y=  24.268, z= 615.406
  Detector : x=  19.316, y=  39.966, z= 999.001
  Obj rotY :  -4.5698 deg
view   0 | SOD= 619.062 mm | SDD= 999.237 mm | M= 1.614 | incident=1.2464°
[[  32.952396   -618.1582       -5.7289925 ]
 [  -1.1853085   380.44595     -15.697327  ]
 [   0.14938591    0.00800045    0.        ]
 [   0.            0.            0.1496    ]]
Residual vector length: 900, Jacobian shape: (900, 6)
view   0 | SOD= 619.052 mm | SDD= 999.237 mm | M= 1.614 | incident=1.2464°
[[  32.93641   -618.14905     -5.729042 ]
 [  -1.1802226  380.45584    -15.697376 ]
 [   0.1493861    0.0079973    0.       ]
 [   0.           0.           0.1496   ]]

iter 25 cost=2324.024746 -> 2320.961924 |dtheta|=1.022560e-02  lambda=3.052e+04

============================================================
Iteration 26
============================================================
Theta offsets (Unity frame):
  Source   : dSx=   0.000, dSy=   0.000, dSz=   0.000  (mm)
  Object   : dOx=  -0.414, dOy=   4.268, dOz=  15.406  (mm)
  Object offset: offset_x=  -0.259, offset_z=   3.611  (mm)
  Detector : dDx=   0.000, dDy=   0.000, dDz=   0.000  (mm)
  Obj Stage rotY :    7.634 deg
============================================================

Unity geometry (world coordinates):
  Source   : x=   0.000, y=  29.997, z=   0.000
  Object   : x=   0.127, y=  24.268, z= 615.406
  Detector : x=  -6.002, y=  33.656, z= 959.000
  Obj rotY :  -4.5698 deg

Initial calibration:
  Source   : x=   0.000, y=   0.000, z=   0.000
  Object   : x=   0.000, y=   0.000, z=   0.000
  Detector : x=  25.318, y=   6.310, z=  40.001

After Calibration: 

Unity geometry (world coordinates):
  Source   : x=   0.000, y=  29.997, z=   0.000
  Object   : x=   0.127, y=  24.268, z= 615.406
  Detector : x=  19.316, y=  39.966, z= 999.001
  Obj rotY :  -4.5698 deg
view   0 | SOD= 619.052 mm | SDD= 999.237 mm | M= 1.614 | incident=1.2464°
[[  32.93641   -618.14905     -5.729042 ]
 [  -1.1802226  380.45584    -15.697376 ]
 [   0.1493861    0.0079973    0.       ]
 [   0.           0.           0.1496   ]]
Residual vector length: 900, Jacobian shape: (900, 6)
view   0 | SOD= 619.053 mm | SDD= 999.237 mm | M= 1.614 | incident=1.2464°
[[  33.002777   -618.1459       -5.7289085 ]
 [  -1.205142    380.45587     -15.697243  ]
 [   0.14938535    0.00801095    0.        ]
 [   0.            0.            0.1496    ]]

iter 26 cost=2320.961924 -> 2324.914115 |dtheta|=1.098603e-02  lambda=1.017e+04

============================================================
Iteration 27
============================================================
Theta offsets (Unity frame):
  Source   : dSx=   0.000, dSy=   0.000, dSz=   0.000  (mm)
  Object   : dOx=  -0.414, dOy=   4.268, dOz=  15.406  (mm)
  Object offset: offset_x=  -0.259, offset_z=   3.611  (mm)
  Detector : dDx=   0.000, dDy=   0.000, dDz=   0.000  (mm)
  Obj Stage rotY :    7.634 deg
============================================================

Unity geometry (world coordinates):
  Source   : x=   0.000, y=  29.997, z=   0.000
  Object   : x=   0.127, y=  24.268, z= 615.406
  Detector : x=  -6.002, y=  33.656, z= 959.000
  Obj rotY :  -4.5698 deg

Initial calibration:
  Source   : x=   0.000, y=   0.000, z=   0.000
  Object   : x=   0.000, y=   0.000, z=   0.000
  Detector : x=  25.318, y=   6.310, z=  40.001

After Calibration: 

Unity geometry (world coordinates):
  Source   : x=   0.000, y=  29.997, z=   0.000
  Object   : x=   0.127, y=  24.268, z= 615.406
  Detector : x=  19.316, y=  39.966, z= 999.001
  Obj rotY :  -4.5698 deg
view   0 | SOD= 619.052 mm | SDD= 999.237 mm | M= 1.614 | incident=1.2464°
[[  32.93641   -618.14905     -5.729042 ]
 [  -1.1802226  380.45584    -15.697376 ]
 [   0.1493861    0.0079973    0.       ]
 [   0.           0.           0.1496   ]]
Residual vector length: 900, Jacobian shape: (900, 6)
view   0 | SOD= 619.053 mm | SDD= 999.237 mm | M= 1.614 | incident=1.2464°
[[  32.95398    -618.1486       -5.7289753 ]
 [  -1.1842879   380.45554     -15.6973095 ]
 [   0.14938591    0.00800053    0.        ]
 [   0.            0.            0.1496    ]]

iter 27 cost=2320.961924 -> 2323.629449 |dtheta|=4.152968e-03  lambda=5.086e+04

============================================================
Iteration 28
============================================================
Theta offsets (Unity frame):
  Source   : dSx=   0.000, dSy=   0.000, dSz=   0.000  (mm)
  Object   : dOx=  -0.414, dOy=   4.268, dOz=  15.406  (mm)
  Object offset: offset_x=  -0.259, offset_z=   3.611  (mm)
  Detector : dDx=   0.000, dDy=   0.000, dDz=   0.000  (mm)
  Obj Stage rotY :    7.634 deg
============================================================

Unity geometry (world coordinates):
  Source   : x=   0.000, y=  29.997, z=   0.000
  Object   : x=   0.127, y=  24.268, z= 615.406
  Detector : x=  -6.002, y=  33.656, z= 959.000
  Obj rotY :  -4.5698 deg

Initial calibration:
  Source   : x=   0.000, y=   0.000, z=   0.000
  Object   : x=   0.000, y=   0.000, z=   0.000
  Detector : x=  25.318, y=   6.310, z=  40.001

After Calibration: 

Unity geometry (world coordinates):
  Source   : x=   0.000, y=  29.997, z=   0.000
  Object   : x=   0.127, y=  24.268, z= 615.406
  Detector : x=  19.316, y=  39.966, z= 999.001
  Obj rotY :  -4.5698 deg
view   0 | SOD= 619.052 mm | SDD= 999.237 mm | M= 1.614 | incident=1.2464°
[[  32.93641   -618.14905     -5.729042 ]
 [  -1.1802226  380.45584    -15.697376 ]
 [   0.1493861    0.0079973    0.       ]
 [   0.           0.           0.1496   ]]
Residual vector length: 900, Jacobian shape: (900, 6)
view   0 | SOD= 619.053 mm | SDD= 999.237 mm | M= 1.614 | incident=1.2464°
[[  32.940315   -618.149        -5.729023  ]
 [  -1.1808996   380.45575     -15.697357  ]
 [   0.14938605    0.00799798    0.        ]
 [   0.            0.            0.1496    ]]

iter 28 cost=2320.961924 -> 2323.331257 |dtheta|=1.042560e-03  lambda=2.543e+05

============================================================
Iteration 29
============================================================
Theta offsets (Unity frame):
  Source   : dSx=   0.000, dSy=   0.000, dSz=   0.000  (mm)
  Object   : dOx=  -0.414, dOy=   4.268, dOz=  15.406  (mm)
  Object offset: offset_x=  -0.259, offset_z=   3.611  (mm)
  Detector : dDx=   0.000, dDy=   0.000, dDz=   0.000  (mm)
  Obj Stage rotY :    7.634 deg
============================================================

Unity geometry (world coordinates):
  Source   : x=   0.000, y=  29.997, z=   0.000
  Object   : x=   0.127, y=  24.268, z= 615.406
  Detector : x=  -6.002, y=  33.656, z= 959.000
  Obj rotY :  -4.5698 deg

Initial calibration:
  Source   : x=   0.000, y=   0.000, z=   0.000
  Object   : x=   0.000, y=   0.000, z=   0.000
  Detector : x=  25.318, y=   6.310, z=  40.001

After Calibration: 

Unity geometry (world coordinates):
  Source   : x=   0.000, y=  29.997, z=   0.000
  Object   : x=   0.127, y=  24.268, z= 615.406
  Detector : x=  19.316, y=  39.966, z= 999.001
  Obj rotY :  -4.5698 deg
view   0 | SOD= 619.052 mm | SDD= 999.237 mm | M= 1.614 | incident=1.2464°
[[  32.93641   -618.14905     -5.729042 ]
 [  -1.1802226  380.45584    -15.697376 ]
 [   0.1493861    0.0079973    0.       ]
 [   0.           0.           0.1496   ]]
Residual vector length: 900, Jacobian shape: (900, 6)
view   0 | SOD= 619.052 mm | SDD= 999.237 mm | M= 1.614 | incident=1.2464°
[[  32.937428   -618.14905      -5.7290363 ]
 [  -1.1803836   380.45578     -15.697371  ]
 [   0.14938608    0.00799747    0.        ]
 [   0.            0.            0.1496    ]]

iter 29 cost=2320.961924 -> 2319.773079 |dtheta|=2.786976e-04  lambda=1.000e+06

============================================================
Iteration 30
============================================================
Theta offsets (Unity frame):
  Source   : dSx=   0.000, dSy=   0.000, dSz=   0.000  (mm)
  Object   : dOx=  -0.414, dOy=   4.268, dOz=  15.406  (mm)
  Object offset: offset_x=  -0.259, offset_z=   3.611  (mm)
  Detector : dDx=   0.000, dDy=   0.000, dDz=   0.000  (mm)
  Obj Stage rotY :    7.634 deg
============================================================

Unity geometry (world coordinates):
  Source   : x=   0.000, y=  29.997, z=   0.000
  Object   : x=   0.127, y=  24.268, z= 615.406
  Detector : x=  -6.002, y=  33.656, z= 959.000
  Obj rotY :  -4.5698 deg

Initial calibration:
  Source   : x=   0.000, y=   0.000, z=   0.000
  Object   : x=   0.000, y=   0.000, z=   0.000
  Detector : x=  25.318, y=   6.310, z=  40.001

After Calibration: 

Unity geometry (world coordinates):
  Source   : x=   0.000, y=  29.997, z=   0.000
  Object   : x=   0.127, y=  24.268, z= 615.406
  Detector : x=  19.316, y=  39.966, z= 999.001
  Obj rotY :  -4.5698 deg
view   0 | SOD= 619.052 mm | SDD= 999.237 mm | M= 1.614 | incident=1.2464°
[[  32.937428   -618.14905      -5.7290363 ]
 [  -1.1803836   380.45578     -15.697371  ]
 [   0.14938608    0.00799747    0.        ]
 [   0.            0.            0.1496    ]]
Residual vector length: 900, Jacobian shape: (900, 6)
view   0 | SOD= 619.053 mm | SDD= 999.237 mm | M= 1.614 | incident=1.2464°
[[  32.936935   -618.14935      -5.7290325 ]
 [  -1.1788628   380.4556      -15.697367  ]
 [   0.1493861     0.00799717    0.        ]
 [   0.            0.            0.1496    ]]

iter 30 cost=2319.773079 -> 2323.634450 |dtheta|=7.781942e-04  lambda=3.333e+05

============================================================
Iteration 31
============================================================
Theta offsets (Unity frame):
  Source   : dSx=   0.000, dSy=   0.000, dSz=   0.000  (mm)
  Object   : dOx=  -0.414, dOy=   4.268, dOz=  15.406  (mm)
  Object offset: offset_x=  -0.259, offset_z=   3.611  (mm)
  Detector : dDx=   0.000, dDy=   0.000, dDz=   0.000  (mm)
  Obj Stage rotY :    7.634 deg
============================================================

Unity geometry (world coordinates):
  Source   : x=   0.000, y=  29.997, z=   0.000
  Object   : x=   0.127, y=  24.268, z= 615.406
  Detector : x=  -6.002, y=  33.656, z= 959.000
  Obj rotY :  -4.5698 deg

Initial calibration:
  Source   : x=   0.000, y=   0.000, z=   0.000
  Object   : x=   0.000, y=   0.000, z=   0.000
  Detector : x=  25.318, y=   6.310, z=  40.001

After Calibration: 

Unity geometry (world coordinates):
  Source   : x=   0.000, y=  29.997, z=   0.000
  Object   : x=   0.127, y=  24.268, z= 615.406
  Detector : x=  19.316, y=  39.966, z= 999.001
  Obj rotY :  -4.5698 deg
view   0 | SOD= 619.052 mm | SDD= 999.237 mm | M= 1.614 | incident=1.2464°
[[  32.937428   -618.14905      -5.7290363 ]
 [  -1.1803836   380.45578     -15.697371  ]
 [   0.14938608    0.00799747    0.        ]
 [   0.            0.            0.1496    ]]
Residual vector length: 900, Jacobian shape: (900, 6)
view   0 | SOD= 619.053 mm | SDD= 999.237 mm | M= 1.614 | incident=1.2464°
[[  32.937275   -618.1491       -5.7290344 ]
 [  -1.1798707   380.45575     -15.697369  ]
 [   0.14938608    0.00799737    0.        ]
 [   0.            0.            0.1496    ]]

iter 31 cost=2319.773079 -> 2321.346905 |dtheta|=2.683195e-04  lambda=1.000e+06

============================================================
Iteration 32
============================================================
Theta offsets (Unity frame):
  Source   : dSx=   0.000, dSy=   0.000, dSz=   0.000  (mm)
  Object   : dOx=  -0.414, dOy=   4.268, dOz=  15.406  (mm)
  Object offset: offset_x=  -0.259, offset_z=   3.611  (mm)
  Detector : dDx=   0.000, dDy=   0.000, dDz=   0.000  (mm)
  Obj Stage rotY :    7.634 deg
============================================================

Unity geometry (world coordinates):
  Source   : x=   0.000, y=  29.997, z=   0.000
  Object   : x=   0.127, y=  24.268, z= 615.406
  Detector : x=  -6.002, y=  33.656, z= 959.000
  Obj rotY :  -4.5698 deg

Initial calibration:
  Source   : x=   0.000, y=   0.000, z=   0.000
  Object   : x=   0.000, y=   0.000, z=   0.000
  Detector : x=  25.318, y=   6.310, z=  40.001

After Calibration: 

Unity geometry (world coordinates):
  Source   : x=   0.000, y=  29.997, z=   0.000
  Object   : x=   0.127, y=  24.268, z= 615.406
  Detector : x=  19.316, y=  39.966, z= 999.001
  Obj rotY :  -4.5698 deg
view   0 | SOD= 619.052 mm | SDD= 999.237 mm | M= 1.614 | incident=1.2464°
[[  32.937428   -618.14905      -5.7290363 ]
 [  -1.1803836   380.45578     -15.697371  ]
 [   0.14938608    0.00799747    0.        ]
 [   0.            0.            0.1496    ]]
Residual vector length: 900, Jacobian shape: (900, 6)
view   0 | SOD= 619.053 mm | SDD= 999.237 mm | M= 1.614 | incident=1.2464°
[[  32.937275   -618.1491       -5.7290344 ]
 [  -1.1798707   380.45575     -15.697369  ]
 [   0.14938608    0.00799737    0.        ]
 [   0.            0.            0.1496    ]]

iter 32 cost=2319.773079 -> 2321.346905 |dtheta|=2.683195e-04  lambda=1.000e+06

============================================================
Iteration 33
============================================================
Theta offsets (Unity frame):
  Source   : dSx=   0.000, dSy=   0.000, dSz=   0.000  (mm)
  Object   : dOx=  -0.414, dOy=   4.268, dOz=  15.406  (mm)
  Object offset: offset_x=  -0.259, offset_z=   3.611  (mm)
  Detector : dDx=   0.000, dDy=   0.000, dDz=   0.000  (mm)
  Obj Stage rotY :    7.634 deg
============================================================

Unity geometry (world coordinates):
  Source   : x=   0.000, y=  29.997, z=   0.000
  Object   : x=   0.127, y=  24.268, z= 615.406
  Detector : x=  -6.002, y=  33.656, z= 959.000
  Obj rotY :  -4.5698 deg

Initial calibration:
  Source   : x=   0.000, y=   0.000, z=   0.000
  Object   : x=   0.000, y=   0.000, z=   0.000
  Detector : x=  25.318, y=   6.310, z=  40.001

After Calibration: 

Unity geometry (world coordinates):
  Source   : x=   0.000, y=  29.997, z=   0.000
  Object   : x=   0.127, y=  24.268, z= 615.406
  Detector : x=  19.316, y=  39.966, z= 999.001
  Obj rotY :  -4.5698 deg
view   0 | SOD= 619.052 mm | SDD= 999.237 mm | M= 1.614 | incident=1.2464°
[[  32.937428   -618.14905      -5.7290363 ]
 [  -1.1803836   380.45578     -15.697371  ]
 [   0.14938608    0.00799747    0.        ]
 [   0.            0.            0.1496    ]]
Residual vector length: 900, Jacobian shape: (900, 6)
view   0 | SOD= 619.053 mm | SDD= 999.237 mm | M= 1.614 | incident=1.2464°
[[  32.937275   -618.1491       -5.7290344 ]
 [  -1.1798707   380.45575     -15.697369  ]
 [   0.14938608    0.00799737    0.        ]
 [   0.            0.            0.1496    ]]

iter 33 cost=2319.773079 -> 2321.346905 |dtheta|=2.683195e-04  lambda=1.000e+06

============================================================
Iteration 34
============================================================
Theta offsets (Unity frame):
  Source   : dSx=   0.000, dSy=   0.000, dSz=   0.000  (mm)
  Object   : dOx=  -0.414, dOy=   4.268, dOz=  15.406  (mm)
  Object offset: offset_x=  -0.259, offset_z=   3.611  (mm)
  Detector : dDx=   0.000, dDy=   0.000, dDz=   0.000  (mm)
  Obj Stage rotY :    7.634 deg
============================================================

Unity geometry (world coordinates):
  Source   : x=   0.000, y=  29.997, z=   0.000
  Object   : x=   0.127, y=  24.268, z= 615.406
  Detector : x=  -6.002, y=  33.656, z= 959.000
  Obj rotY :  -4.5698 deg

Initial calibration:
  Source   : x=   0.000, y=   0.000, z=   0.000
  Object   : x=   0.000, y=   0.000, z=   0.000
  Detector : x=  25.318, y=   6.310, z=  40.001

After Calibration: 

Unity geometry (world coordinates):
  Source   : x=   0.000, y=  29.997, z=   0.000
  Object   : x=   0.127, y=  24.268, z= 615.406
  Detector : x=  19.316, y=  39.966, z= 999.001
  Obj rotY :  -4.5698 deg
view   0 | SOD= 619.052 mm | SDD= 999.237 mm | M= 1.614 | incident=1.2464°
[[  32.937428   -618.14905      -5.7290363 ]
 [  -1.1803836   380.45578     -15.697371  ]
 [   0.14938608    0.00799747    0.        ]
 [   0.            0.            0.1496    ]]
Residual vector length: 900, Jacobian shape: (900, 6)
view   0 | SOD= 619.053 mm | SDD= 999.237 mm | M= 1.614 | incident=1.2464°
[[  32.937275   -618.1491       -5.7290344 ]
 [  -1.1798707   380.45575     -15.697369  ]
 [   0.14938608    0.00799737    0.        ]
 [   0.            0.            0.1496    ]]

iter 34 cost=2319.773079 -> 2321.346905 |dtheta|=2.683195e-04  lambda=1.000e+06

============================================================
Iteration 35
============================================================
Theta offsets (Unity frame):
  Source   : dSx=   0.000, dSy=   0.000, dSz=   0.000  (mm)
  Object   : dOx=  -0.414, dOy=   4.268, dOz=  15.406  (mm)
  Object offset: offset_x=  -0.259, offset_z=   3.611  (mm)
  Detector : dDx=   0.000, dDy=   0.000, dDz=   0.000  (mm)
  Obj Stage rotY :    7.634 deg
============================================================

Unity geometry (world coordinates):
  Source   : x=   0.000, y=  29.997, z=   0.000
  Object   : x=   0.127, y=  24.268, z= 615.406
  Detector : x=  -6.002, y=  33.656, z= 959.000
  Obj rotY :  -4.5698 deg

Initial calibration:
  Source   : x=   0.000, y=   0.000, z=   0.000
  Object   : x=   0.000, y=   0.000, z=   0.000
  Detector : x=  25.318, y=   6.310, z=  40.001

After Calibration: 

Unity geometry (world coordinates):
  Source   : x=   0.000, y=  29.997, z=   0.000
  Object   : x=   0.127, y=  24.268, z= 615.406
  Detector : x=  19.316, y=  39.966, z= 999.001
  Obj rotY :  -4.5698 deg
view   0 | SOD= 619.052 mm | SDD= 999.237 mm | M= 1.614 | incident=1.2464°
[[  32.937428   -618.14905      -5.7290363 ]
 [  -1.1803836   380.45578     -15.697371  ]
 [   0.14938608    0.00799747    0.        ]
 [   0.            0.            0.1496    ]]
Residual vector length: 900, Jacobian shape: (900, 6)
view   0 | SOD= 619.053 mm | SDD= 999.237 mm | M= 1.614 | incident=1.2464°
[[  32.937275   -618.1491       -5.7290344 ]
 [  -1.1798707   380.45575     -15.697369  ]
 [   0.14938608    0.00799737    0.        ]
 [   0.            0.            0.1496    ]]

iter 35 cost=2319.773079 -> 2321.346905 |dtheta|=2.683195e-04  lambda=1.000e+06

============================================================
Iteration 36
============================================================
Theta offsets (Unity frame):
  Source   : dSx=   0.000, dSy=   0.000, dSz=   0.000  (mm)
  Object   : dOx=  -0.414, dOy=   4.268, dOz=  15.406  (mm)
  Object offset: offset_x=  -0.259, offset_z=   3.611  (mm)
  Detector : dDx=   0.000, dDy=   0.000, dDz=   0.000  (mm)
  Obj Stage rotY :    7.634 deg
============================================================

Unity geometry (world coordinates):
  Source   : x=   0.000, y=  29.997, z=   0.000
  Object   : x=   0.127, y=  24.268, z= 615.406
  Detector : x=  -6.002, y=  33.656, z= 959.000
  Obj rotY :  -4.5698 deg

Initial calibration:
  Source   : x=   0.000, y=   0.000, z=   0.000
  Object   : x=   0.000, y=   0.000, z=   0.000
  Detector : x=  25.318, y=   6.310, z=  40.001

After Calibration: 

Unity geometry (world coordinates):
  Source   : x=   0.000, y=  29.997, z=   0.000
  Object   : x=   0.127, y=  24.268, z= 615.406
  Detector : x=  19.316, y=  39.966, z= 999.001
  Obj rotY :  -4.5698 deg
view   0 | SOD= 619.052 mm | SDD= 999.237 mm | M= 1.614 | incident=1.2464°
[[  32.937428   -618.14905      -5.7290363 ]
 [  -1.1803836   380.45578     -15.697371  ]
 [   0.14938608    0.00799747    0.        ]
 [   0.            0.            0.1496    ]]
Residual vector length: 900, Jacobian shape: (900, 6)
view   0 | SOD= 619.053 mm | SDD= 999.237 mm | M= 1.614 | incident=1.2464°
[[  32.937275   -618.1491       -5.7290344 ]
 [  -1.1798707   380.45575     -15.697369  ]
 [   0.14938608    0.00799737    0.        ]
 [   0.            0.            0.1496    ]]

iter 36 cost=2319.773079 -> 2321.346905 |dtheta|=2.683195e-04  lambda=1.000e+06

============================================================
Iteration 37
============================================================
Theta offsets (Unity frame):
  Source   : dSx=   0.000, dSy=   0.000, dSz=   0.000  (mm)
  Object   : dOx=  -0.414, dOy=   4.268, dOz=  15.406  (mm)
  Object offset: offset_x=  -0.259, offset_z=   3.611  (mm)
  Detector : dDx=   0.000, dDy=   0.000, dDz=   0.000  (mm)
  Obj Stage rotY :    7.634 deg
============================================================

Unity geometry (world coordinates):
  Source   : x=   0.000, y=  29.997, z=   0.000
  Object   : x=   0.127, y=  24.268, z= 615.406
  Detector : x=  -6.002, y=  33.656, z= 959.000
  Obj rotY :  -4.5698 deg

Initial calibration:
  Source   : x=   0.000, y=   0.000, z=   0.000
  Object   : x=   0.000, y=   0.000, z=   0.000
  Detector : x=  25.318, y=   6.310, z=  40.001

After Calibration: 

Unity geometry (world coordinates):
  Source   : x=   0.000, y=  29.997, z=   0.000
  Object   : x=   0.127, y=  24.268, z= 615.406
  Detector : x=  19.316, y=  39.966, z= 999.001
  Obj rotY :  -4.5698 deg
view   0 | SOD= 619.052 mm | SDD= 999.237 mm | M= 1.614 | incident=1.2464°
[[  32.937428   -618.14905      -5.7290363 ]
 [  -1.1803836   380.45578     -15.697371  ]
 [   0.14938608    0.00799747    0.        ]
 [   0.            0.            0.1496    ]]
Residual vector length: 900, Jacobian shape: (900, 6)
view   0 | SOD= 619.053 mm | SDD= 999.237 mm | M= 1.614 | incident=1.2464°
[[  32.937275   -618.1491       -5.7290344 ]
 [  -1.1798707   380.45575     -15.697369  ]
 [   0.14938608    0.00799737    0.        ]
 [   0.            0.            0.1496    ]]

iter 37 cost=2319.773079 -> 2321.346905 |dtheta|=2.683195e-04  lambda=1.000e+06
Stalled.

Estimated theta:
  dSx: +0.000000
  dSy: +0.000000
  dOx: -0.413773
  dOy: +4.268331
  dOz: +15.405737
  dDx: +0.000000
  dDy: +0.000000
  dDz: +0.000000
alpha: +7.634261e+00 deg)
offset_x: -0.259465
offset_z: +3.610964

Final cost table:
Final estimated theta: [ 0.          0.         -0.41377313  4.26833138 15.40573709  0.
  0.          0.          7.63426107 -0.25946462  3.61096395]
################################################################################

