
################################################################################
Running scenario=Scan10 Projections=360 Used=60, K=5

============================================================
Iteration 0
============================================================
Theta offsets (Unity frame):
  Source   : dSx=   0.000, dSy=   0.000, dSz=   0.000  (mm)
  Object   : dOx=   0.000, dOy=   0.000, dOz=   0.000  (mm)
  Object offset: offset_x=   0.000, offset_z=   0.000  (mm)
  Detector : dDx=   0.000, dDy=   0.000, dDz=   0.000  (mm)
  Obj Stage rotY :    0.000 deg
============================================================

Unity geometry (world coordinates):
  Source   : x= -10.000, y=  29.997, z=   0.000
  Object   : x=   0.541, y=  20.000, z= 600.000
  Detector : x= -20.002, y=  33.656, z= 959.000
  Obj rotY :  -4.5698 deg

Initial calibration:
  Source   : x=   0.000, y=   0.000, z=   0.000
  Object   : x=   0.000, y=   0.000, z=   0.000
  Detector : x=  25.318, y=   6.310, z=  40.001

After Calibration: 

Unity geometry (world coordinates):
  Source   : x= -10.000, y=  29.997, z=   0.000
  Object   : x=   0.541, y=  20.000, z= 600.000
  Detector : x=   5.316, y=  39.966, z= 999.001
  Obj rotY :  -4.5698 deg
view   0 | SOD= 600.176 mm | SDD= 999.168 mm | M= 1.665 | incident=1.0480°
[[ -58.31186    -597.25275      -9.997368  ]
 [  36.550167    397.3519      -19.965702  ]
 [   0.14912441   -0.01191922    0.        ]
 [   0.            0.            0.1496    ]]
Residual vector length: 1200, Jacobian shape: (1200, 6)
view   0 | SOD= 632.619 mm | SDD= 999.168 mm | M= 1.579 | incident=1.0480°
[[ -39.107063   -631.37714      -6.349148  ]
 [   4.0259137   366.80957     -16.317482  ]
 [   0.14954197   -0.00416641    0.        ]
 [   0.            0.            0.1496    ]]
/vol/home/s3777103/Documents/workspace/Thesis/AutoCalibration/gauss_newton_real.py:300: FutureWarning: The behavior of DataFrame concatenation with empty or all-NA entries is deprecated. In a future version, this will no longer exclude empty or all-NA columns when determining the result dtypes. To retain the old behavior, exclude the relevant entries before the concat operation.
  df_r0 = pd.concat([df_r0, df_iter], ignore_index=True)

iter 00 cost=3828422.175730 -> 329416.013947 |dtheta|=2.763995e+01  lambda=1.000e-02

============================================================
Iteration 1
============================================================
Theta offsets (Unity frame):
  Source   : dSx=   0.000, dSy=   0.000, dSz=   0.000  (mm)
  Object   : dOx=  -0.204, dOy=   3.648, dOz=  23.106  (mm)
  Object offset: offset_x=  10.409, offset_z=   9.976  (mm)
  Detector : dDx=   0.000, dDy=   0.000, dDz=   0.000  (mm)
  Obj Stage rotY :    2.974 deg
============================================================

Unity geometry (world coordinates):
  Source   : x= -10.000, y=  29.997, z=   0.000
  Object   : x=   0.337, y=  23.648, z= 623.106
  Detector : x= -20.002, y=  33.656, z= 959.000
  Obj rotY :  -4.5698 deg

Initial calibration:
  Source   : x=   0.000, y=   0.000, z=   0.000
  Object   : x=   0.000, y=   0.000, z=   0.000
  Detector : x=  25.318, y=   6.310, z=  40.001

After Calibration: 

Unity geometry (world coordinates):
  Source   : x= -10.000, y=  29.997, z=   0.000
  Object   : x=   0.337, y=  23.648, z= 623.106
  Detector : x=   5.316, y=  39.966, z= 999.001
  Obj rotY :  -4.5698 deg
view   0 | SOD= 632.619 mm | SDD= 999.168 mm | M= 1.579 | incident=1.0480°
[[ -39.107063   -631.37714      -6.349148  ]
 [   4.0259137   366.80957     -16.317482  ]
 [   0.14954197   -0.00416641    0.        ]
 [   0.            0.            0.1496    ]]
Residual vector length: 1200, Jacobian shape: (1200, 6)
view   0 | SOD= 627.272 mm | SDD= 999.168 mm | M= 1.593 | incident=1.0480°
[[ -28.145391   -626.6131       -5.7825127 ]
 [  -7.481479    372.2914      -15.750847  ]
 [   0.14959785   -0.00080082    0.        ]
 [   0.            0.            0.1496    ]]

iter 01 cost=329416.013947 -> 69002.952595 |dtheta|=8.901390e+00  lambda=3.333e-03

============================================================
Iteration 2
============================================================
Theta offsets (Unity frame):
  Source   : dSx=   0.000, dSy=   0.000, dSz=   0.000  (mm)
  Object   : dOx=  -0.216, dOy=   4.215, dOz=  15.301  (mm)
  Object offset: offset_x=  13.507, offset_z=  12.570  (mm)
  Detector : dDx=   0.000, dDy=   0.000, dDz=   0.000  (mm)
  Obj Stage rotY :    4.263 deg
============================================================

Unity geometry (world coordinates):
  Source   : x= -10.000, y=  29.997, z=   0.000
  Object   : x=   0.325, y=  24.215, z= 615.301
  Detector : x= -20.002, y=  33.656, z= 959.000
  Obj rotY :  -4.5698 deg

Initial calibration:
  Source   : x=   0.000, y=   0.000, z=   0.000
  Object   : x=   0.000, y=   0.000, z=   0.000
  Detector : x=  25.318, y=   6.310, z=  40.001

After Calibration: 

Unity geometry (world coordinates):
  Source   : x= -10.000, y=  29.997, z=   0.000
  Object   : x=   0.325, y=  24.215, z= 615.301
  Detector : x=   5.316, y=  39.966, z= 999.001
  Obj rotY :  -4.5698 deg
view   0 | SOD= 627.272 mm | SDD= 999.168 mm | M= 1.593 | incident=1.0480°
[[ -28.145391   -626.6131       -5.7825127 ]
 [  -7.481479    372.2914      -15.750847  ]
 [   0.14959785   -0.00080082    0.        ]
 [   0.            0.            0.1496    ]]
Residual vector length: 1200, Jacobian shape: (1200, 6)
view   0 | SOD= 627.969 mm | SDD= 999.168 mm | M= 1.591 | incident=1.0480°
[[ -19.133877   -627.65106      -5.767626  ]
 [ -14.215937    371.45505     -15.73596   ]
 [   0.1495919     0.00155704    0.        ]
 [   0.            0.            0.1496    ]]

iter 02 cost=69002.952595 -> 55363.213585 |dtheta|=1.332330e+00  lambda=1.111e-03

============================================================
Iteration 3
============================================================
Theta offsets (Unity frame):
  Source   : dSx=   0.000, dSy=   0.000, dSz=   0.000  (mm)
  Object   : dOx=  -0.194, dOy=   4.230, dOz=  15.556  (mm)
  Object offset: offset_x=  14.324, offset_z=  13.044  (mm)
  Detector : dDx=   0.000, dDy=   0.000, dDz=   0.000  (mm)
  Obj Stage rotY :    5.166 deg
============================================================

Unity geometry (world coordinates):
  Source   : x= -10.000, y=  29.997, z=   0.000
  Object   : x=   0.347, y=  24.230, z= 615.556
  Detector : x= -20.002, y=  33.656, z= 959.000
  Obj rotY :  -4.5698 deg

Initial calibration:
  Source   : x=   0.000, y=   0.000, z=   0.000
  Object   : x=   0.000, y=   0.000, z=   0.000
  Detector : x=  25.318, y=   6.310, z=  40.001

After Calibration: 

Unity geometry (world coordinates):
  Source   : x= -10.000, y=  29.997, z=   0.000
  Object   : x=   0.347, y=  24.230, z= 615.556
  Detector : x=   5.316, y=  39.966, z= 999.001
  Obj rotY :  -4.5698 deg
view   0 | SOD= 627.969 mm | SDD= 999.168 mm | M= 1.591 | incident=1.0480°
[[ -19.133877   -627.65106      -5.767626  ]
 [ -14.215937    371.45505     -15.73596   ]
 [   0.1495919     0.00155704    0.        ]
 [   0.            0.            0.1496    ]]
Residual vector length: 1200, Jacobian shape: (1200, 6)
view   0 | SOD= 627.934 mm | SDD= 999.168 mm | M= 1.591 | incident=1.0480°
[[ -16.205147   -627.6983       -5.7451916 ]
 [ -16.102842    371.41986     -15.713526  ]
 [   0.14958265    0.00227804    0.        ]
 [   0.            0.            0.1496    ]]

iter 03 cost=55363.213585 -> 54382.860268 |dtheta|=3.571843e-01  lambda=3.704e-04

============================================================
Iteration 4
============================================================
Theta offsets (Unity frame):
  Source   : dSx=   0.000, dSy=   0.000, dSz=   0.000  (mm)
  Object   : dOx=  -0.205, dOy=   4.252, dOz=  15.398  (mm)
  Object offset: offset_x=  14.422, offset_z=  13.171  (mm)
  Detector : dDx=   0.000, dDy=   0.000, dDz=   0.000  (mm)
  Obj Stage rotY :    5.442 deg
============================================================

Unity geometry (world coordinates):
  Source   : x= -10.000, y=  29.997, z=   0.000
  Object   : x=   0.336, y=  24.252, z= 615.398
  Detector : x= -20.002, y=  33.656, z= 959.000
  Obj rotY :  -4.5698 deg

Initial calibration:
  Source   : x=   0.000, y=   0.000, z=   0.000
  Object   : x=   0.000, y=   0.000, z=   0.000
  Detector : x=  25.318, y=   6.310, z=  40.001

After Calibration: 

Unity geometry (world coordinates):
  Source   : x= -10.000, y=  29.997, z=   0.000
  Object   : x=   0.336, y=  24.252, z= 615.398
  Detector : x=   5.316, y=  39.966, z= 999.001
  Obj rotY :  -4.5698 deg
view   0 | SOD= 627.934 mm | SDD= 999.168 mm | M= 1.591 | incident=1.0480°
[[ -16.205147   -627.6983       -5.7451916 ]
 [ -16.102842    371.41986     -15.713526  ]
 [   0.14958265    0.00227804    0.        ]
 [   0.            0.            0.1496    ]]
Residual vector length: 1200, Jacobian shape: (1200, 6)
view   0 | SOD= 628.502 mm | SDD= 999.168 mm | M= 1.590 | incident=1.0480°
[[  -8.491943   -628.4184       -5.7530003 ]
 [ -20.839476    370.62354     -15.721334  ]
 [   0.14954266    0.00414179    0.        ]
 [   0.            0.            0.1496    ]]

iter 04 cost=54382.860268 -> 53618.093360 |dtheta|=8.994750e-01  lambda=1.235e-04

============================================================
Iteration 5
============================================================
Theta offsets (Unity frame):
  Source   : dSx=   0.000, dSy=   0.000, dSz=   0.000  (mm)
  Object   : dOx=  -0.185, dOy=   4.244, dOz=  15.934  (mm)
  Object offset: offset_x=  14.525, offset_z=  13.208  (mm)
  Detector : dDx=   0.000, dDy=   0.000, dDz=   0.000  (mm)
  Obj Stage rotY :    6.156 deg
============================================================

Unity geometry (world coordinates):
  Source   : x= -10.000, y=  29.997, z=   0.000
  Object   : x=   0.355, y=  24.244, z= 615.934
  Detector : x= -20.002, y=  33.656, z= 959.000
  Obj rotY :  -4.5698 deg

Initial calibration:
  Source   : x=   0.000, y=   0.000, z=   0.000
  Object   : x=   0.000, y=   0.000, z=   0.000
  Detector : x=  25.318, y=   6.310, z=  40.001

After Calibration: 

Unity geometry (world coordinates):
  Source   : x= -10.000, y=  29.997, z=   0.000
  Object   : x=   0.355, y=  24.244, z= 615.934
  Detector : x=   5.316, y=  39.966, z= 999.001
  Obj rotY :  -4.5698 deg
view   0 | SOD= 628.502 mm | SDD= 999.168 mm | M= 1.590 | incident=1.0480°
[[  -8.491943   -628.4184       -5.7530003 ]
 [ -20.839476    370.62354     -15.721334  ]
 [   0.14954266    0.00414179    0.        ]
 [   0.            0.            0.1496    ]]
Residual vector length: 1200, Jacobian shape: (1200, 6)
view   0 | SOD= 628.398 mm | SDD= 999.168 mm | M= 1.590 | incident=1.0480°
[[  -6.5668306  -628.3372       -5.7395782 ]
 [ -22.018827    370.66147     -15.707912  ]
 [   0.14952905    0.00460647    0.        ]
 [   0.            0.            0.1496    ]]

iter 05 cost=53618.093360 -> 53300.628543 |dtheta|=2.312335e-01  lambda=4.115e-05

============================================================
Iteration 6
============================================================
Theta offsets (Unity frame):
  Source   : dSx=   0.000, dSy=   0.000, dSz=   0.000  (mm)
  Object   : dOx=  -0.197, dOy=   4.258, dOz=  15.796  (mm)
  Object offset: offset_x=  14.559, offset_z=  13.243  (mm)
  Detector : dDx=   0.000, dDy=   0.000, dDz=   0.000  (mm)
  Obj Stage rotY :    6.334 deg
============================================================

Unity geometry (world coordinates):
  Source   : x= -10.000, y=  29.997, z=   0.000
  Object   : x=   0.343, y=  24.258, z= 615.796
  Detector : x= -20.002, y=  33.656, z= 959.000
  Obj rotY :  -4.5698 deg

Initial calibration:
  Source   : x=   0.000, y=   0.000, z=   0.000
  Object   : x=   0.000, y=   0.000, z=   0.000
  Detector : x=  25.318, y=   6.310, z=  40.001

After Calibration: 

Unity geometry (world coordinates):
  Source   : x= -10.000, y=  29.997, z=   0.000
  Object   : x=   0.343, y=  24.258, z= 615.796
  Detector : x=   5.316, y=  39.966, z= 999.001
  Obj rotY :  -4.5698 deg
view   0 | SOD= 628.398 mm | SDD= 999.168 mm | M= 1.590 | incident=1.0480°
[[  -6.5668306  -628.3372       -5.7395782 ]
 [ -22.018827    370.66147     -15.707912  ]
 [   0.14952905    0.00460647    0.        ]
 [   0.            0.            0.1496    ]]
Residual vector length: 1200, Jacobian shape: (1200, 6)
view   0 | SOD= 629.197 mm | SDD= 999.168 mm | M= 1.588 | incident=1.0480°
[[  -1.6714488  -629.16876      -5.749319  ]
 [ -24.949621    369.67825     -15.717653  ]
 [   0.14948839    0.00577781    0.        ]
 [   0.            0.            0.1496    ]]

iter 06 cost=53300.628543 -> 53004.220938 |dtheta|=8.630930e-01  lambda=1.372e-05

============================================================
Iteration 7
============================================================
Theta offsets (Unity frame):
  Source   : dSx=   0.000, dSy=   0.000, dSz=   0.000  (mm)
  Object   : dOx=  -0.182, dOy=   4.248, dOz=  16.529  (mm)
  Object offset: offset_x=  14.597, offset_z=  13.311  (mm)
  Detector : dDx=   0.000, dDy=   0.000, dDz=   0.000  (mm)
  Obj Stage rotY :    6.783 deg
============================================================

Unity geometry (world coordinates):
  Source   : x= -10.000, y=  29.997, z=   0.000
  Object   : x=   0.358, y=  24.248, z= 616.529
  Detector : x= -20.002, y=  33.656, z= 959.000
  Obj rotY :  -4.5698 deg

Initial calibration:
  Source   : x=   0.000, y=   0.000, z=   0.000
  Object   : x=   0.000, y=   0.000, z=   0.000
  Detector : x=  25.318, y=   6.310, z=  40.001

After Calibration: 

Unity geometry (world coordinates):
  Source   : x= -10.000, y=  29.997, z=   0.000
  Object   : x=   0.358, y=  24.248, z= 616.529
  Detector : x=   5.316, y=  39.966, z= 999.001
  Obj rotY :  -4.5698 deg
view   0 | SOD= 629.197 mm | SDD= 999.168 mm | M= 1.588 | incident=1.0480°
[[  -1.6714488  -629.16876      -5.749319  ]
 [ -24.949621    369.67825     -15.717653  ]
 [   0.14948839    0.00577781    0.        ]
 [   0.            0.            0.1496    ]]
Residual vector length: 1200, Jacobian shape: (1200, 6)
view   0 | SOD= 630.173 mm | SDD= 999.168 mm | M= 1.586 | incident=1.0480°
[[   3.1918874  -630.13855      -5.7576084 ]
 [ -27.584473    368.50552     -15.725943  ]
 [   0.1494408     0.00689993    0.        ]
 [   0.            0.            0.1496    ]]

iter 07 cost=53004.220938 -> 53058.557600 |dtheta|=9.583927e-01  lambda=4.572e-06

============================================================
Iteration 8
============================================================
Theta offsets (Unity frame):
  Source   : dSx=   0.000, dSy=   0.000, dSz=   0.000  (mm)
  Object   : dOx=  -0.182, dOy=   4.248, dOz=  16.529  (mm)
  Object offset: offset_x=  14.597, offset_z=  13.311  (mm)
  Detector : dDx=   0.000, dDy=   0.000, dDz=   0.000  (mm)
  Obj Stage rotY :    6.783 deg
============================================================

Unity geometry (world coordinates):
  Source   : x= -10.000, y=  29.997, z=   0.000
  Object   : x=   0.358, y=  24.248, z= 616.529
  Detector : x= -20.002, y=  33.656, z= 959.000
  Obj rotY :  -4.5698 deg

Initial calibration:
  Source   : x=   0.000, y=   0.000, z=   0.000
  Object   : x=   0.000, y=   0.000, z=   0.000
  Detector : x=  25.318, y=   6.310, z=  40.001

After Calibration: 

Unity geometry (world coordinates):
  Source   : x= -10.000, y=  29.997, z=   0.000
  Object   : x=   0.358, y=  24.248, z= 616.529
  Detector : x=   5.316, y=  39.966, z= 999.001
  Obj rotY :  -4.5698 deg
view   0 | SOD= 629.197 mm | SDD= 999.168 mm | M= 1.588 | incident=1.0480°
[[  -1.6714488  -629.16876      -5.749319  ]
 [ -24.949621    369.67825     -15.717653  ]
 [   0.14948839    0.00577781    0.        ]
 [   0.            0.            0.1496    ]]
Residual vector length: 1200, Jacobian shape: (1200, 6)
view   0 | SOD= 630.173 mm | SDD= 999.168 mm | M= 1.586 | incident=1.0480°
[[   3.1918874  -630.13855      -5.7576084 ]
 [ -27.58447     368.50552     -15.725943  ]
 [   0.1494408     0.00689993    0.        ]
 [   0.            0.            0.1496    ]]

iter 08 cost=53004.220938 -> 53058.557600 |dtheta|=9.583926e-01  lambda=2.286e-05

============================================================
Iteration 9
============================================================
Theta offsets (Unity frame):
  Source   : dSx=   0.000, dSy=   0.000, dSz=   0.000  (mm)
  Object   : dOx=  -0.182, dOy=   4.248, dOz=  16.529  (mm)
  Object offset: offset_x=  14.597, offset_z=  13.311  (mm)
  Detector : dDx=   0.000, dDy=   0.000, dDz=   0.000  (mm)
  Obj Stage rotY :    6.783 deg
============================================================

Unity geometry (world coordinates):
  Source   : x= -10.000, y=  29.997, z=   0.000
  Object   : x=   0.358, y=  24.248, z= 616.529
  Detector : x= -20.002, y=  33.656, z= 959.000
  Obj rotY :  -4.5698 deg

Initial calibration:
  Source   : x=   0.000, y=   0.000, z=   0.000
  Object   : x=   0.000, y=   0.000, z=   0.000
  Detector : x=  25.318, y=   6.310, z=  40.001

After Calibration: 

Unity geometry (world coordinates):
  Source   : x= -10.000, y=  29.997, z=   0.000
  Object   : x=   0.358, y=  24.248, z= 616.529
  Detector : x=   5.316, y=  39.966, z= 999.001
  Obj rotY :  -4.5698 deg
view   0 | SOD= 629.197 mm | SDD= 999.168 mm | M= 1.588 | incident=1.0480°
[[  -1.6714488  -629.16876      -5.749319  ]
 [ -24.949621    369.67825     -15.717653  ]
 [   0.14948839    0.00577781    0.        ]
 [   0.            0.            0.1496    ]]
Residual vector length: 1200, Jacobian shape: (1200, 6)
view   0 | SOD= 630.173 mm | SDD= 999.168 mm | M= 1.586 | incident=1.0480°
[[   3.191887   -630.13855      -5.7576084 ]
 [ -27.58447     368.50552     -15.725943  ]
 [   0.1494408     0.00689993    0.        ]
 [   0.            0.            0.1496    ]]

iter 09 cost=53004.220938 -> 53058.557600 |dtheta|=9.583922e-01  lambda=1.143e-04

============================================================
Iteration 10
============================================================
Theta offsets (Unity frame):
  Source   : dSx=   0.000, dSy=   0.000, dSz=   0.000  (mm)
  Object   : dOx=  -0.182, dOy=   4.248, dOz=  16.529  (mm)
  Object offset: offset_x=  14.597, offset_z=  13.311  (mm)
  Detector : dDx=   0.000, dDy=   0.000, dDz=   0.000  (mm)
  Obj Stage rotY :    6.783 deg
============================================================

Unity geometry (world coordinates):
  Source   : x= -10.000, y=  29.997, z=   0.000
  Object   : x=   0.358, y=  24.248, z= 616.529
  Detector : x= -20.002, y=  33.656, z= 959.000
  Obj rotY :  -4.5698 deg

Initial calibration:
  Source   : x=   0.000, y=   0.000, z=   0.000
  Object   : x=   0.000, y=   0.000, z=   0.000
  Detector : x=  25.318, y=   6.310, z=  40.001

After Calibration: 

Unity geometry (world coordinates):
  Source   : x= -10.000, y=  29.997, z=   0.000
  Object   : x=   0.358, y=  24.248, z= 616.529
  Detector : x=   5.316, y=  39.966, z= 999.001
  Obj rotY :  -4.5698 deg
view   0 | SOD= 629.197 mm | SDD= 999.168 mm | M= 1.588 | incident=1.0480°
[[  -1.6714488  -629.16876      -5.749319  ]
 [ -24.949621    369.67825     -15.717653  ]
 [   0.14948839    0.00577781    0.        ]
 [   0.            0.            0.1496    ]]
Residual vector length: 1200, Jacobian shape: (1200, 6)
view   0 | SOD= 630.173 mm | SDD= 999.168 mm | M= 1.586 | incident=1.0480°
[[   3.1918857  -630.13855      -5.7576084 ]
 [ -27.58447     368.50552     -15.725943  ]
 [   0.1494408     0.00689993    0.        ]
 [   0.            0.            0.1496    ]]

iter 10 cost=53004.220938 -> 53055.589213 |dtheta|=9.583901e-01  lambda=5.716e-04

============================================================
Iteration 11
============================================================
Theta offsets (Unity frame):
  Source   : dSx=   0.000, dSy=   0.000, dSz=   0.000  (mm)
  Object   : dOx=  -0.182, dOy=   4.248, dOz=  16.529  (mm)
  Object offset: offset_x=  14.597, offset_z=  13.311  (mm)
  Detector : dDx=   0.000, dDy=   0.000, dDz=   0.000  (mm)
  Obj Stage rotY :    6.783 deg
============================================================

Unity geometry (world coordinates):
  Source   : x= -10.000, y=  29.997, z=   0.000
  Object   : x=   0.358, y=  24.248, z= 616.529
  Detector : x= -20.002, y=  33.656, z= 959.000
  Obj rotY :  -4.5698 deg

Initial calibration:
  Source   : x=   0.000, y=   0.000, z=   0.000
  Object   : x=   0.000, y=   0.000, z=   0.000
  Detector : x=  25.318, y=   6.310, z=  40.001

After Calibration: 

Unity geometry (world coordinates):
  Source   : x= -10.000, y=  29.997, z=   0.000
  Object   : x=   0.358, y=  24.248, z= 616.529
  Detector : x=   5.316, y=  39.966, z= 999.001
  Obj rotY :  -4.5698 deg
view   0 | SOD= 629.197 mm | SDD= 999.168 mm | M= 1.588 | incident=1.0480°
[[  -1.6714488  -629.16876      -5.749319  ]
 [ -24.949621    369.67825     -15.717653  ]
 [   0.14948839    0.00577781    0.        ]
 [   0.            0.            0.1496    ]]
Residual vector length: 1200, Jacobian shape: (1200, 6)
view   0 | SOD= 630.173 mm | SDD= 999.168 mm | M= 1.586 | incident=1.0480°
[[   3.1918788  -630.13855      -5.7576084 ]
 [ -27.584465    368.50552     -15.725943  ]
 [   0.1494408     0.00689993    0.        ]
 [   0.            0.            0.1496    ]]

iter 11 cost=53004.220938 -> 53055.016776 |dtheta|=9.583797e-01  lambda=2.858e-03

============================================================
Iteration 12
============================================================
Theta offsets (Unity frame):
  Source   : dSx=   0.000, dSy=   0.000, dSz=   0.000  (mm)
  Object   : dOx=  -0.182, dOy=   4.248, dOz=  16.529  (mm)
  Object offset: offset_x=  14.597, offset_z=  13.311  (mm)
  Detector : dDx=   0.000, dDy=   0.000, dDz=   0.000  (mm)
  Obj Stage rotY :    6.783 deg
============================================================

Unity geometry (world coordinates):
  Source   : x= -10.000, y=  29.997, z=   0.000
  Object   : x=   0.358, y=  24.248, z= 616.529
  Detector : x= -20.002, y=  33.656, z= 959.000
  Obj rotY :  -4.5698 deg

Initial calibration:
  Source   : x=   0.000, y=   0.000, z=   0.000
  Object   : x=   0.000, y=   0.000, z=   0.000
  Detector : x=  25.318, y=   6.310, z=  40.001

After Calibration: 

Unity geometry (world coordinates):
  Source   : x= -10.000, y=  29.997, z=   0.000
  Object   : x=   0.358, y=  24.248, z= 616.529
  Detector : x=   5.316, y=  39.966, z= 999.001
  Obj rotY :  -4.5698 deg
view   0 | SOD= 629.197 mm | SDD= 999.168 mm | M= 1.588 | incident=1.0480°
[[  -1.6714488  -629.16876      -5.749319  ]
 [ -24.949621    369.67825     -15.717653  ]
 [   0.14948839    0.00577781    0.        ]
 [   0.            0.            0.1496    ]]
Residual vector length: 1200, Jacobian shape: (1200, 6)
view   0 | SOD= 630.173 mm | SDD= 999.168 mm | M= 1.586 | incident=1.0480°
[[   3.1918442  -630.1385       -5.7576084 ]
 [ -27.584448    368.50558     -15.725943  ]
 [   0.1494408     0.00689992    0.        ]
 [   0.            0.            0.1496    ]]

iter 12 cost=53004.220938 -> 53057.245479 |dtheta|=9.583276e-01  lambda=1.429e-02

============================================================
Iteration 13
============================================================
Theta offsets (Unity frame):
  Source   : dSx=   0.000, dSy=   0.000, dSz=   0.000  (mm)
  Object   : dOx=  -0.182, dOy=   4.248, dOz=  16.529  (mm)
  Object offset: offset_x=  14.597, offset_z=  13.311  (mm)
  Detector : dDx=   0.000, dDy=   0.000, dDz=   0.000  (mm)
  Obj Stage rotY :    6.783 deg
============================================================

Unity geometry (world coordinates):
  Source   : x= -10.000, y=  29.997, z=   0.000
  Object   : x=   0.358, y=  24.248, z= 616.529
  Detector : x= -20.002, y=  33.656, z= 959.000
  Obj rotY :  -4.5698 deg

Initial calibration:
  Source   : x=   0.000, y=   0.000, z=   0.000
  Object   : x=   0.000, y=   0.000, z=   0.000
  Detector : x=  25.318, y=   6.310, z=  40.001

After Calibration: 

Unity geometry (world coordinates):
  Source   : x= -10.000, y=  29.997, z=   0.000
  Object   : x=   0.358, y=  24.248, z= 616.529
  Detector : x=   5.316, y=  39.966, z= 999.001
  Obj rotY :  -4.5698 deg
view   0 | SOD= 629.197 mm | SDD= 999.168 mm | M= 1.588 | incident=1.0480°
[[  -1.6714488  -629.16876      -5.749319  ]
 [ -24.949621    369.67825     -15.717653  ]
 [   0.14948839    0.00577781    0.        ]
 [   0.            0.            0.1496    ]]
Residual vector length: 1200, Jacobian shape: (1200, 6)
view   0 | SOD= 630.173 mm | SDD= 999.168 mm | M= 1.586 | incident=1.0480°
[[   3.1916742  -630.1382       -5.7576065 ]
 [ -27.58435     368.5059      -15.725941  ]
 [   0.1494408     0.00689988    0.        ]
 [   0.            0.            0.1496    ]]

iter 13 cost=53004.220938 -> 53055.266746 |dtheta|=9.580672e-01  lambda=7.144e-02

============================================================
Iteration 14
============================================================
Theta offsets (Unity frame):
  Source   : dSx=   0.000, dSy=   0.000, dSz=   0.000  (mm)
  Object   : dOx=  -0.182, dOy=   4.248, dOz=  16.529  (mm)
  Object offset: offset_x=  14.597, offset_z=  13.311  (mm)
  Detector : dDx=   0.000, dDy=   0.000, dDz=   0.000  (mm)
  Obj Stage rotY :    6.783 deg
============================================================

Unity geometry (world coordinates):
  Source   : x= -10.000, y=  29.997, z=   0.000
  Object   : x=   0.358, y=  24.248, z= 616.529
  Detector : x= -20.002, y=  33.656, z= 959.000
  Obj rotY :  -4.5698 deg

Initial calibration:
  Source   : x=   0.000, y=   0.000, z=   0.000
  Object   : x=   0.000, y=   0.000, z=   0.000
  Detector : x=  25.318, y=   6.310, z=  40.001

After Calibration: 

Unity geometry (world coordinates):
  Source   : x= -10.000, y=  29.997, z=   0.000
  Object   : x=   0.358, y=  24.248, z= 616.529
  Detector : x=   5.316, y=  39.966, z= 999.001
  Obj rotY :  -4.5698 deg
view   0 | SOD= 629.197 mm | SDD= 999.168 mm | M= 1.588 | incident=1.0480°
[[  -1.6714488  -629.16876      -5.749319  ]
 [ -24.949621    369.67825     -15.717653  ]
 [   0.14948839    0.00577781    0.        ]
 [   0.            0.            0.1496    ]]
Residual vector length: 1200, Jacobian shape: (1200, 6)
view   0 | SOD= 630.171 mm | SDD= 999.168 mm | M= 1.586 | incident=1.0480°
[[   3.1908216  -630.1367       -5.757595  ]
 [ -27.583862    368.50742     -15.725929  ]
 [   0.14944081    0.00689968    0.        ]
 [   0.            0.            0.1496    ]]

iter 14 cost=53004.220938 -> 53052.697860 |dtheta|=9.567681e-01  lambda=3.572e-01

============================================================
Iteration 15
============================================================
Theta offsets (Unity frame):
  Source   : dSx=   0.000, dSy=   0.000, dSz=   0.000  (mm)
  Object   : dOx=  -0.182, dOy=   4.248, dOz=  16.529  (mm)
  Object offset: offset_x=  14.597, offset_z=  13.311  (mm)
  Detector : dDx=   0.000, dDy=   0.000, dDz=   0.000  (mm)
  Obj Stage rotY :    6.783 deg
============================================================

Unity geometry (world coordinates):
  Source   : x= -10.000, y=  29.997, z=   0.000
  Object   : x=   0.358, y=  24.248, z= 616.529
  Detector : x= -20.002, y=  33.656, z= 959.000
  Obj rotY :  -4.5698 deg

Initial calibration:
  Source   : x=   0.000, y=   0.000, z=   0.000
  Object   : x=   0.000, y=   0.000, z=   0.000
  Detector : x=  25.318, y=   6.310, z=  40.001

After Calibration: 

Unity geometry (world coordinates):
  Source   : x= -10.000, y=  29.997, z=   0.000
  Object   : x=   0.358, y=  24.248, z= 616.529
  Detector : x=   5.316, y=  39.966, z= 999.001
  Obj rotY :  -4.5698 deg
view   0 | SOD= 629.197 mm | SDD= 999.168 mm | M= 1.588 | incident=1.0480°
[[  -1.6714488  -629.16876      -5.749319  ]
 [ -24.949621    369.67825     -15.717653  ]
 [   0.14948839    0.00577781    0.        ]
 [   0.            0.            0.1496    ]]
Residual vector length: 1200, Jacobian shape: (1200, 6)
view   0 | SOD= 630.164 mm | SDD= 999.168 mm | M= 1.586 | incident=1.0480°
[[   3.186562   -630.1294       -5.7575417 ]
 [ -27.581429    368.51492     -15.725876  ]
 [   0.14944085    0.00689868    0.        ]
 [   0.            0.            0.1496    ]]

iter 15 cost=53004.220938 -> 53053.936987 |dtheta|=9.503441e-01  lambda=1.786e+00

============================================================
Iteration 16
============================================================
Theta offsets (Unity frame):
  Source   : dSx=   0.000, dSy=   0.000, dSz=   0.000  (mm)
  Object   : dOx=  -0.182, dOy=   4.248, dOz=  16.529  (mm)
  Object offset: offset_x=  14.597, offset_z=  13.311  (mm)
  Detector : dDx=   0.000, dDy=   0.000, dDz=   0.000  (mm)
  Obj Stage rotY :    6.783 deg
============================================================

Unity geometry (world coordinates):
  Source   : x= -10.000, y=  29.997, z=   0.000
  Object   : x=   0.358, y=  24.248, z= 616.529
  Detector : x= -20.002, y=  33.656, z= 959.000
  Obj rotY :  -4.5698 deg

Initial calibration:
  Source   : x=   0.000, y=   0.000, z=   0.000
  Object   : x=   0.000, y=   0.000, z=   0.000
  Detector : x=  25.318, y=   6.310, z=  40.001

After Calibration: 

Unity geometry (world coordinates):
  Source   : x= -10.000, y=  29.997, z=   0.000
  Object   : x=   0.358, y=  24.248, z= 616.529
  Detector : x=   5.316, y=  39.966, z= 999.001
  Obj rotY :  -4.5698 deg
view   0 | SOD= 629.197 mm | SDD= 999.168 mm | M= 1.588 | incident=1.0480°
[[  -1.6714488  -629.16876      -5.749319  ]
 [ -24.949621    369.67825     -15.717653  ]
 [   0.14948839    0.00577781    0.        ]
 [   0.            0.            0.1496    ]]
Residual vector length: 1200, Jacobian shape: (1200, 6)
view   0 | SOD= 630.129 mm | SDD= 999.168 mm | M= 1.586 | incident=1.0480°
[[   3.1654365  -630.09467      -5.757288  ]
 [ -27.569353    368.55072     -15.725622  ]
 [   0.14944108    0.00689371    0.        ]
 [   0.            0.            0.1496    ]]

iter 16 cost=53004.220938 -> 53084.871707 |dtheta|=9.199166e-01  lambda=8.931e+00

============================================================
Iteration 17
============================================================
Theta offsets (Unity frame):
  Source   : dSx=   0.000, dSy=   0.000, dSz=   0.000  (mm)
  Object   : dOx=  -0.182, dOy=   4.248, dOz=  16.529  (mm)
  Object offset: offset_x=  14.597, offset_z=  13.311  (mm)
  Detector : dDx=   0.000, dDy=   0.000, dDz=   0.000  (mm)
  Obj Stage rotY :    6.783 deg
============================================================

Unity geometry (world coordinates):
  Source   : x= -10.000, y=  29.997, z=   0.000
  Object   : x=   0.358, y=  24.248, z= 616.529
  Detector : x= -20.002, y=  33.656, z= 959.000
  Obj rotY :  -4.5698 deg

Initial calibration:
  Source   : x=   0.000, y=   0.000, z=   0.000
  Object   : x=   0.000, y=   0.000, z=   0.000
  Detector : x=  25.318, y=   6.310, z=  40.001

After Calibration: 

Unity geometry (world coordinates):
  Source   : x= -10.000, y=  29.997, z=   0.000
  Object   : x=   0.358, y=  24.248, z= 616.529
  Detector : x=   5.316, y=  39.966, z= 999.001
  Obj rotY :  -4.5698 deg
view   0 | SOD= 629.197 mm | SDD= 999.168 mm | M= 1.588 | incident=1.0480°
[[  -1.6714488  -629.16876      -5.749319  ]
 [ -24.949621    369.67825     -15.717653  ]
 [   0.14948839    0.00577781    0.        ]
 [   0.            0.            0.1496    ]]
Residual vector length: 1200, Jacobian shape: (1200, 6)
view   0 | SOD= 629.990 mm | SDD= 999.168 mm | M= 1.586 | incident=1.0480°
[[   3.0637372  -629.9563       -5.7562847 ]
 [ -27.510965    368.69397     -15.724619  ]
 [   0.14944218    0.00686976    0.        ]
 [   0.            0.            0.1496    ]]

iter 17 cost=53004.220938 -> 53074.810478 |dtheta|=8.008930e-01  lambda=4.465e+01

============================================================
Iteration 18
============================================================
Theta offsets (Unity frame):
  Source   : dSx=   0.000, dSy=   0.000, dSz=   0.000  (mm)
  Object   : dOx=  -0.182, dOy=   4.248, dOz=  16.529  (mm)
  Object offset: offset_x=  14.597, offset_z=  13.311  (mm)
  Detector : dDx=   0.000, dDy=   0.000, dDz=   0.000  (mm)
  Obj Stage rotY :    6.783 deg
============================================================

Unity geometry (world coordinates):
  Source   : x= -10.000, y=  29.997, z=   0.000
  Object   : x=   0.358, y=  24.248, z= 616.529
  Detector : x= -20.002, y=  33.656, z= 959.000
  Obj rotY :  -4.5698 deg

Initial calibration:
  Source   : x=   0.000, y=   0.000, z=   0.000
  Object   : x=   0.000, y=   0.000, z=   0.000
  Detector : x=  25.318, y=   6.310, z=  40.001

After Calibration: 

Unity geometry (world coordinates):
  Source   : x= -10.000, y=  29.997, z=   0.000
  Object   : x=   0.358, y=  24.248, z= 616.529
  Detector : x=   5.316, y=  39.966, z= 999.001
  Obj rotY :  -4.5698 deg
view   0 | SOD= 629.197 mm | SDD= 999.168 mm | M= 1.588 | incident=1.0480°
[[  -1.6714488  -629.16876      -5.749319  ]
 [ -24.949621    369.67825     -15.717653  ]
 [   0.14948839    0.00577781    0.        ]
 [   0.            0.            0.1496    ]]
Residual vector length: 1200, Jacobian shape: (1200, 6)
view   0 | SOD= 629.678 mm | SDD= 999.168 mm | M= 1.587 | incident=1.0480°
[[   2.6247602  -629.6459       -5.7540913 ]
 [ -27.256613    369.02536     -15.722425  ]
 [   0.14944692    0.006766      0.        ]
 [   0.            0.            0.1496    ]]

iter 18 cost=53004.220938 -> 53003.270848 |dtheta|=5.485152e-01  lambda=2.233e+02

============================================================
Iteration 19
============================================================
Theta offsets (Unity frame):
  Source   : dSx=   0.000, dSy=   0.000, dSz=   0.000  (mm)
  Object   : dOx=  -0.180, dOy=   4.243, dOz=  16.885  (mm)
  Object offset: offset_x=  14.470, offset_z=  13.431  (mm)
  Detector : dDx=   0.000, dDy=   0.000, dDz=   0.000  (mm)
  Obj Stage rotY :    7.162 deg
============================================================

Unity geometry (world coordinates):
  Source   : x= -10.000, y=  29.997, z=   0.000
  Object   : x=   0.361, y=  24.243, z= 616.885
  Detector : x= -20.002, y=  33.656, z= 959.000
  Obj rotY :  -4.5698 deg

Initial calibration:
  Source   : x=   0.000, y=   0.000, z=   0.000
  Object   : x=   0.000, y=   0.000, z=   0.000
  Detector : x=  25.318, y=   6.310, z=  40.001

After Calibration: 

Unity geometry (world coordinates):
  Source   : x= -10.000, y=  29.997, z=   0.000
  Object   : x=   0.361, y=  24.243, z= 616.885
  Detector : x=   5.316, y=  39.966, z= 999.001
  Obj rotY :  -4.5698 deg
view   0 | SOD= 629.678 mm | SDD= 999.168 mm | M= 1.587 | incident=1.0480°
[[   2.6247602  -629.6459       -5.7540913 ]
 [ -27.256613    369.02536     -15.722425  ]
 [   0.14944692    0.006766      0.        ]
 [   0.            0.            0.1496    ]]
Residual vector length: 1200, Jacobian shape: (1200, 6)
view   0 | SOD= 628.601 mm | SDD= 999.168 mm | M= 1.590 | incident=1.0480°
[[   3.862618   -628.56274      -5.749117  ]
 [ -28.232801    370.03983     -15.717451  ]
 [   0.14943154    0.00709732    0.        ]
 [   0.            0.            0.1496    ]]

iter 19 cost=53003.270848 -> 52691.638782 |dtheta|=9.914703e-01  lambda=7.442e+01

============================================================
Iteration 20
============================================================
Theta offsets (Unity frame):
  Source   : dSx=   0.000, dSy=   0.000, dSz=   0.000  (mm)
  Object   : dOx=  -0.195, dOy=   4.248, dOz=  15.916  (mm)
  Object offset: offset_x=  14.601, offset_z=  13.328  (mm)
  Detector : dDx=   0.000, dDy=   0.000, dDz=   0.000  (mm)
  Obj Stage rotY :    7.289 deg
============================================================

Unity geometry (world coordinates):
  Source   : x= -10.000, y=  29.997, z=   0.000
  Object   : x=   0.346, y=  24.248, z= 615.916
  Detector : x= -20.002, y=  33.656, z= 959.000
  Obj rotY :  -4.5698 deg

Initial calibration:
  Source   : x=   0.000, y=   0.000, z=   0.000
  Object   : x=   0.000, y=   0.000, z=   0.000
  Detector : x=  25.318, y=   6.310, z=  40.001

After Calibration: 

Unity geometry (world coordinates):
  Source   : x= -10.000, y=  29.997, z=   0.000
  Object   : x=   0.346, y=  24.248, z= 615.916
  Detector : x=   5.316, y=  39.966, z= 999.001
  Obj rotY :  -4.5698 deg
view   0 | SOD= 628.601 mm | SDD= 999.168 mm | M= 1.590 | incident=1.0480°
[[   3.862618   -628.56274      -5.749117  ]
 [ -28.232801    370.03983     -15.717451  ]
 [   0.14943154    0.00709732    0.        ]
 [   0.            0.            0.1496    ]]
Residual vector length: 1200, Jacobian shape: (1200, 6)
view   0 | SOD= 627.685 mm | SDD= 999.168 mm | M= 1.592 | incident=1.0480°
[[   3.5188048  -627.6487       -5.740444  ]
 [ -27.905537    370.9752      -15.708778  ]
 [   0.14943628    0.0069969     0.        ]
 [   0.            0.            0.1496    ]]

iter 20 cost=52691.638782 -> 52629.721817 |dtheta|=8.982843e-01  lambda=2.481e+01

============================================================
Iteration 21
============================================================
Theta offsets (Unity frame):
  Source   : dSx=   0.000, dSy=   0.000, dSz=   0.000  (mm)
  Object   : dOx=  -0.206, dOy=   4.257, dOz=  15.026  (mm)
  Object offset: offset_x=  14.493, offset_z=  13.298  (mm)
  Detector : dDx=   0.000, dDy=   0.000, dDz=   0.000  (mm)
  Obj Stage rotY :    7.251 deg
============================================================

Unity geometry (world coordinates):
  Source   : x= -10.000, y=  29.997, z=   0.000
  Object   : x=   0.334, y=  24.257, z= 615.026
  Detector : x= -20.002, y=  33.656, z= 959.000
  Obj rotY :  -4.5698 deg

Initial calibration:
  Source   : x=   0.000, y=   0.000, z=   0.000
  Object   : x=   0.000, y=   0.000, z=   0.000
  Detector : x=  25.318, y=   6.310, z=  40.001

After Calibration: 

Unity geometry (world coordinates):
  Source   : x= -10.000, y=  29.997, z=   0.000
  Object   : x=   0.334, y=  24.257, z= 615.026
  Detector : x=   5.316, y=  39.966, z= 999.001
  Obj rotY :  -4.5698 deg
view   0 | SOD= 627.685 mm | SDD= 999.168 mm | M= 1.592 | incident=1.0480°
[[   3.5188048  -627.6487       -5.740444  ]
 [ -27.905537    370.9752      -15.708778  ]
 [   0.14943628    0.0069969     0.        ]
 [   0.            0.            0.1496    ]]
Residual vector length: 1200, Jacobian shape: (1200, 6)
view   0 | SOD= 625.806 mm | SDD= 999.168 mm | M= 1.597 | incident=1.0480°
[[   9.232105   -625.7114       -5.7454796 ]
 [ -31.467192    372.57748     -15.713814  ]
 [   0.14936484    0.00838473    0.        ]
 [   0.            0.            0.1496    ]]

iter 21 cost=52629.721817 -> 52791.457545 |dtheta|=1.958977e+00  lambda=8.269e+00

============================================================
Iteration 22
============================================================
Theta offsets (Unity frame):
  Source   : dSx=   0.000, dSy=   0.000, dSz=   0.000  (mm)
  Object   : dOx=  -0.206, dOy=   4.257, dOz=  15.026  (mm)
  Object offset: offset_x=  14.493, offset_z=  13.298  (mm)
  Detector : dDx=   0.000, dDy=   0.000, dDz=   0.000  (mm)
  Obj Stage rotY :    7.251 deg
============================================================

Unity geometry (world coordinates):
  Source   : x= -10.000, y=  29.997, z=   0.000
  Object   : x=   0.334, y=  24.257, z= 615.026
  Detector : x= -20.002, y=  33.656, z= 959.000
  Obj rotY :  -4.5698 deg

Initial calibration:
  Source   : x=   0.000, y=   0.000, z=   0.000
  Object   : x=   0.000, y=   0.000, z=   0.000
  Detector : x=  25.318, y=   6.310, z=  40.001

After Calibration: 

Unity geometry (world coordinates):
  Source   : x= -10.000, y=  29.997, z=   0.000
  Object   : x=   0.334, y=  24.257, z= 615.026
  Detector : x=   5.316, y=  39.966, z= 999.001
  Obj rotY :  -4.5698 deg
view   0 | SOD= 627.685 mm | SDD= 999.168 mm | M= 1.592 | incident=1.0480°
[[   3.5188048  -627.6487       -5.740444  ]
 [ -27.905537    370.9752      -15.708778  ]
 [   0.14943628    0.0069969     0.        ]
 [   0.            0.            0.1496    ]]
Residual vector length: 1200, Jacobian shape: (1200, 6)
view   0 | SOD= 626.121 mm | SDD= 999.168 mm | M= 1.596 | incident=1.0480°
[[   9.022563   -626.02936      -5.7473507 ]
 [ -31.33414     372.27344     -15.715685  ]
 [   0.1493677     0.00833347    0.        ]
 [   0.            0.            0.1496    ]]

iter 22 cost=52629.721817 -> 52708.485006 |dtheta|=1.659257e+00  lambda=4.135e+01

============================================================
Iteration 23
============================================================
Theta offsets (Unity frame):
  Source   : dSx=   0.000, dSy=   0.000, dSz=   0.000  (mm)
  Object   : dOx=  -0.206, dOy=   4.257, dOz=  15.026  (mm)
  Object offset: offset_x=  14.493, offset_z=  13.298  (mm)
  Detector : dDx=   0.000, dDy=   0.000, dDz=   0.000  (mm)
  Obj Stage rotY :    7.251 deg
============================================================

Unity geometry (world coordinates):
  Source   : x= -10.000, y=  29.997, z=   0.000
  Object   : x=   0.334, y=  24.257, z= 615.026
  Detector : x= -20.002, y=  33.656, z= 959.000
  Obj rotY :  -4.5698 deg

Initial calibration:
  Source   : x=   0.000, y=   0.000, z=   0.000
  Object   : x=   0.000, y=   0.000, z=   0.000
  Detector : x=  25.318, y=   6.310, z=  40.001

After Calibration: 

Unity geometry (world coordinates):
  Source   : x= -10.000, y=  29.997, z=   0.000
  Object   : x=   0.334, y=  24.257, z= 615.026
  Detector : x=   5.316, y=  39.966, z= 999.001
  Obj rotY :  -4.5698 deg
view   0 | SOD= 627.685 mm | SDD= 999.168 mm | M= 1.592 | incident=1.0480°
[[   3.5188048  -627.6487       -5.740444  ]
 [ -27.905537    370.9752      -15.708778  ]
 [   0.14943628    0.0069969     0.        ]
 [   0.            0.            0.1496    ]]
Residual vector length: 1200, Jacobian shape: (1200, 6)
view   0 | SOD= 626.848 mm | SDD= 999.168 mm | M= 1.594 | incident=1.0480°
[[   8.316848   -626.7661       -5.751587  ]
 [ -30.895248    371.5823      -15.719921  ]
 [   0.14937717    0.00816221    0.        ]
 [   0.            0.            0.1496    ]]

iter 23 cost=52629.721817 -> 52636.402833 |dtheta|=9.777733e-01  lambda=2.067e+02

============================================================
Iteration 24
============================================================
Theta offsets (Unity frame):
  Source   : dSx=   0.000, dSy=   0.000, dSz=   0.000  (mm)
  Object   : dOx=  -0.206, dOy=   4.257, dOz=  15.026  (mm)
  Object offset: offset_x=  14.493, offset_z=  13.298  (mm)
  Detector : dDx=   0.000, dDy=   0.000, dDz=   0.000  (mm)
  Obj Stage rotY :    7.251 deg
============================================================

Unity geometry (world coordinates):
  Source   : x= -10.000, y=  29.997, z=   0.000
  Object   : x=   0.334, y=  24.257, z= 615.026
  Detector : x= -20.002, y=  33.656, z= 959.000
  Obj rotY :  -4.5698 deg

Initial calibration:
  Source   : x=   0.000, y=   0.000, z=   0.000
  Object   : x=   0.000, y=   0.000, z=   0.000
  Detector : x=  25.318, y=   6.310, z=  40.001

After Calibration: 

Unity geometry (world coordinates):
  Source   : x= -10.000, y=  29.997, z=   0.000
  Object   : x=   0.334, y=  24.257, z= 615.026
  Detector : x=   5.316, y=  39.966, z= 999.001
  Obj rotY :  -4.5698 deg
view   0 | SOD= 627.685 mm | SDD= 999.168 mm | M= 1.592 | incident=1.0480°
[[   3.5188048  -627.6487       -5.740444  ]
 [ -27.905537    370.9752      -15.708778  ]
 [   0.14943628    0.0069969     0.        ]
 [   0.            0.            0.1496    ]]
Residual vector length: 1200, Jacobian shape: (1200, 6)
view   0 | SOD= 627.461 mm | SDD= 999.168 mm | M= 1.592 | incident=1.0480°
[[   6.6733503  -627.3996       -5.7546864 ]
 [ -29.899143    371.04904     -15.723021  ]
 [   0.14939822    0.00776725    0.        ]
 [   0.            0.            0.1496    ]]

iter 24 cost=52629.721817 -> 52570.803756 |dtheta|=4.051660e-01  lambda=1.034e+03

============================================================
Iteration 25
============================================================
Theta offsets (Unity frame):
  Source   : dSx=   0.000, dSy=   0.000, dSz=   0.000  (mm)
  Object   : dOx=  -0.210, dOy=   4.243, dOz=  14.761  (mm)
  Object offset: offset_x=  14.562, offset_z=  13.341  (mm)
  Detector : dDx=   0.000, dDy=   0.000, dDz=   0.000  (mm)
  Obj Stage rotY :    7.546 deg
============================================================

Unity geometry (world coordinates):
  Source   : x= -10.000, y=  29.997, z=   0.000
  Object   : x=   0.331, y=  24.243, z= 614.761
  Detector : x= -20.002, y=  33.656, z= 959.000
  Obj rotY :  -4.5698 deg

Initial calibration:
  Source   : x=   0.000, y=   0.000, z=   0.000
  Object   : x=   0.000, y=   0.000, z=   0.000
  Detector : x=  25.318, y=   6.310, z=  40.001

After Calibration: 

Unity geometry (world coordinates):
  Source   : x= -10.000, y=  29.997, z=   0.000
  Object   : x=   0.331, y=  24.243, z= 614.761
  Detector : x=   5.316, y=  39.966, z= 999.001
  Obj rotY :  -4.5698 deg
view   0 | SOD= 627.461 mm | SDD= 999.168 mm | M= 1.592 | incident=1.0480°
[[   6.6733503  -627.3996       -5.7546864 ]
 [ -29.899143    371.04904     -15.723021  ]
 [   0.14939822    0.00776725    0.        ]
 [   0.            0.            0.1496    ]]
Residual vector length: 1200, Jacobian shape: (1200, 6)
view   0 | SOD= 626.794 mm | SDD= 999.168 mm | M= 1.594 | incident=1.0480°
[[   6.6149154  -626.733        -5.74317   ]
 [ -29.707556    371.72473     -15.711504  ]
 [   0.14940016    0.00772984    0.        ]
 [   0.            0.            0.1496    ]]

iter 25 cost=52570.803756 -> 52609.356241 |dtheta|=5.858047e-01  lambda=3.445e+02

============================================================
Iteration 26
============================================================
Theta offsets (Unity frame):
  Source   : dSx=   0.000, dSy=   0.000, dSz=   0.000  (mm)
  Object   : dOx=  -0.210, dOy=   4.243, dOz=  14.761  (mm)
  Object offset: offset_x=  14.562, offset_z=  13.341  (mm)
  Detector : dDx=   0.000, dDy=   0.000, dDz=   0.000  (mm)
  Obj Stage rotY :    7.546 deg
============================================================

Unity geometry (world coordinates):
  Source   : x= -10.000, y=  29.997, z=   0.000
  Object   : x=   0.331, y=  24.243, z= 614.761
  Detector : x= -20.002, y=  33.656, z= 959.000
  Obj rotY :  -4.5698 deg

Initial calibration:
  Source   : x=   0.000, y=   0.000, z=   0.000
  Object   : x=   0.000, y=   0.000, z=   0.000
  Detector : x=  25.318, y=   6.310, z=  40.001

After Calibration: 

Unity geometry (world coordinates):
  Source   : x= -10.000, y=  29.997, z=   0.000
  Object   : x=   0.331, y=  24.243, z= 614.761
  Detector : x=   5.316, y=  39.966, z= 999.001
  Obj rotY :  -4.5698 deg
view   0 | SOD= 627.461 mm | SDD= 999.168 mm | M= 1.592 | incident=1.0480°
[[   6.6733503  -627.3996       -5.7546864 ]
 [ -29.899143    371.04904     -15.723021  ]
 [   0.14939822    0.00776725    0.        ]
 [   0.            0.            0.1496    ]]
Residual vector length: 1200, Jacobian shape: (1200, 6)
view   0 | SOD= 627.230 mm | SDD= 999.168 mm | M= 1.593 | incident=1.0480°
[[   6.688232   -627.1676       -5.7459793 ]
 [ -29.75105     371.28586     -15.7143135 ]
 [   0.14939927    0.00774732    0.        ]
 [   0.            0.            0.1496    ]]

iter 26 cost=52570.803756 -> 52600.262135 |dtheta|=1.951324e-01  lambda=1.723e+03

============================================================
Iteration 27
============================================================
Theta offsets (Unity frame):
  Source   : dSx=   0.000, dSy=   0.000, dSz=   0.000  (mm)
  Object   : dOx=  -0.210, dOy=   4.243, dOz=  14.761  (mm)
  Object offset: offset_x=  14.562, offset_z=  13.341  (mm)
  Detector : dDx=   0.000, dDy=   0.000, dDz=   0.000  (mm)
  Obj Stage rotY :    7.546 deg
============================================================

Unity geometry (world coordinates):
  Source   : x= -10.000, y=  29.997, z=   0.000
  Object   : x=   0.331, y=  24.243, z= 614.761
  Detector : x= -20.002, y=  33.656, z= 959.000
  Obj rotY :  -4.5698 deg

Initial calibration:
  Source   : x=   0.000, y=   0.000, z=   0.000
  Object   : x=   0.000, y=   0.000, z=   0.000
  Detector : x=  25.318, y=   6.310, z=  40.001

After Calibration: 

Unity geometry (world coordinates):
  Source   : x= -10.000, y=  29.997, z=   0.000
  Object   : x=   0.331, y=  24.243, z= 614.761
  Detector : x=   5.316, y=  39.966, z= 999.001
  Obj rotY :  -4.5698 deg
view   0 | SOD= 627.461 mm | SDD= 999.168 mm | M= 1.592 | incident=1.0480°
[[   6.6733503  -627.3996       -5.7546864 ]
 [ -29.899143    371.04904     -15.723021  ]
 [   0.14939822    0.00776725    0.        ]
 [   0.            0.            0.1496    ]]
Residual vector length: 1200, Jacobian shape: (1200, 6)
view   0 | SOD= 627.368 mm | SDD= 999.168 mm | M= 1.593 | incident=1.0480°
[[   6.7289867  -627.3053       -5.7481613 ]
 [ -29.805946    371.14468     -15.7164955 ]
 [   0.14939852    0.00776163    0.        ]
 [   0.            0.            0.1496    ]]

iter 27 cost=52570.803756 -> 52566.843326 |dtheta|=1.024618e-01  lambda=8.614e+03

============================================================
Iteration 28
============================================================
Theta offsets (Unity frame):
  Source   : dSx=   0.000, dSy=   0.000, dSz=   0.000  (mm)
  Object   : dOx=  -0.218, dOy=   4.249, dOz=  14.732  (mm)
  Object offset: offset_x=  14.491, offset_z=  13.274  (mm)
  Detector : dDx=   0.000, dDy=   0.000, dDz=   0.000  (mm)
  Obj Stage rotY :    7.544 deg
============================================================

Unity geometry (world coordinates):
  Source   : x= -10.000, y=  29.997, z=   0.000
  Object   : x=   0.323, y=  24.249, z= 614.732
  Detector : x= -20.002, y=  33.656, z= 959.000
  Obj rotY :  -4.5698 deg

Initial calibration:
  Source   : x=   0.000, y=   0.000, z=   0.000
  Object   : x=   0.000, y=   0.000, z=   0.000
  Detector : x=  25.318, y=   6.310, z=  40.001

After Calibration: 

Unity geometry (world coordinates):
  Source   : x= -10.000, y=  29.997, z=   0.000
  Object   : x=   0.323, y=  24.249, z= 614.732
  Detector : x=   5.316, y=  39.966, z= 999.001
  Obj rotY :  -4.5698 deg
view   0 | SOD= 627.368 mm | SDD= 999.168 mm | M= 1.593 | incident=1.0480°
[[   6.7289867  -627.3053       -5.7481613 ]
 [ -29.805946    371.14468     -15.7164955 ]
 [   0.14939852    0.00776163    0.        ]
 [   0.            0.            0.1496    ]]
Residual vector length: 1200, Jacobian shape: (1200, 6)
view   0 | SOD= 627.457 mm | SDD= 999.168 mm | M= 1.592 | incident=1.0480°
[[   9.222753   -627.3627       -5.7553406 ]
 [ -31.240768    370.93582     -15.723675  ]
 [   0.14936683    0.00834945    0.        ]
 [   0.            0.            0.1496    ]]

iter 28 cost=52566.843326 -> 52553.348148 |dtheta|=2.395711e-01  lambda=2.871e+03

============================================================
Iteration 29
============================================================
Theta offsets (Unity frame):
  Source   : dSx=   0.000, dSy=   0.000, dSz=   0.000  (mm)
  Object   : dOx=  -0.216, dOy=   4.242, dOz=  14.746  (mm)
  Object offset: offset_x=  14.464, offset_z=  13.348  (mm)
  Detector : dDx=   0.000, dDy=   0.000, dDz=   0.000  (mm)
  Obj Stage rotY :    7.769 deg
============================================================

Unity geometry (world coordinates):
  Source   : x= -10.000, y=  29.997, z=   0.000
  Object   : x=   0.324, y=  24.242, z= 614.746
  Detector : x= -20.002, y=  33.656, z= 959.000
  Obj rotY :  -4.5698 deg

Initial calibration:
  Source   : x=   0.000, y=   0.000, z=   0.000
  Object   : x=   0.000, y=   0.000, z=   0.000
  Detector : x=  25.318, y=   6.310, z=  40.001

After Calibration: 

Unity geometry (world coordinates):
  Source   : x= -10.000, y=  29.997, z=   0.000
  Object   : x=   0.324, y=  24.242, z= 614.746
  Detector : x=   5.316, y=  39.966, z= 999.001
  Obj rotY :  -4.5698 deg
view   0 | SOD= 627.457 mm | SDD= 999.168 mm | M= 1.592 | incident=1.0480°
[[   9.222753   -627.3627       -5.7553406 ]
 [ -31.240768    370.93582     -15.723675  ]
 [   0.14936683    0.00834945    0.        ]
 [   0.            0.            0.1496    ]]
Residual vector length: 1200, Jacobian shape: (1200, 6)
view   0 | SOD= 627.484 mm | SDD= 999.168 mm | M= 1.592 | incident=1.0480°
[[   7.5712233  -627.41223      -5.7540264 ]
 [ -30.34594     370.9862      -15.722361  ]
 [   0.14938763    0.00796845    0.        ]
 [   0.            0.            0.1496    ]]

iter 29 cost=52553.348148 -> 52604.924550 |dtheta|=1.775719e-01  lambda=9.571e+02

============================================================
Iteration 30
============================================================
Theta offsets (Unity frame):
  Source   : dSx=   0.000, dSy=   0.000, dSz=   0.000  (mm)
  Object   : dOx=  -0.216, dOy=   4.242, dOz=  14.746  (mm)
  Object offset: offset_x=  14.464, offset_z=  13.348  (mm)
  Detector : dDx=   0.000, dDy=   0.000, dDz=   0.000  (mm)
  Obj Stage rotY :    7.769 deg
============================================================

Unity geometry (world coordinates):
  Source   : x= -10.000, y=  29.997, z=   0.000
  Object   : x=   0.324, y=  24.242, z= 614.746
  Detector : x= -20.002, y=  33.656, z= 959.000
  Obj rotY :  -4.5698 deg

Initial calibration:
  Source   : x=   0.000, y=   0.000, z=   0.000
  Object   : x=   0.000, y=   0.000, z=   0.000
  Detector : x=  25.318, y=   6.310, z=  40.001

After Calibration: 

Unity geometry (world coordinates):
  Source   : x= -10.000, y=  29.997, z=   0.000
  Object   : x=   0.324, y=  24.242, z= 614.746
  Detector : x=   5.316, y=  39.966, z= 999.001
  Obj rotY :  -4.5698 deg
view   0 | SOD= 627.457 mm | SDD= 999.168 mm | M= 1.592 | incident=1.0480°
[[   9.222753   -627.3627       -5.7553406 ]
 [ -31.240768    370.93582     -15.723675  ]
 [   0.14936683    0.00834945    0.        ]
 [   0.            0.            0.1496    ]]
Residual vector length: 1200, Jacobian shape: (1200, 6)
view   0 | SOD= 627.511 mm | SDD= 999.168 mm | M= 1.592 | incident=1.0480°
[[   8.540762   -627.42676      -5.7542877 ]
 [ -30.91153     370.91223     -15.722622  ]
 [   0.1493752     0.00819815    0.        ]
 [   0.            0.            0.1496    ]]

iter 30 cost=52553.348148 -> 52571.091254 |dtheta|=9.922867e-02  lambda=4.785e+03

============================================================
Iteration 31
============================================================
Theta offsets (Unity frame):
  Source   : dSx=   0.000, dSy=   0.000, dSz=   0.000  (mm)
  Object   : dOx=  -0.216, dOy=   4.242, dOz=  14.746  (mm)
  Object offset: offset_x=  14.464, offset_z=  13.348  (mm)
  Detector : dDx=   0.000, dDy=   0.000, dDz=   0.000  (mm)
  Obj Stage rotY :    7.769 deg
============================================================

Unity geometry (world coordinates):
  Source   : x= -10.000, y=  29.997, z=   0.000
  Object   : x=   0.324, y=  24.242, z= 614.746
  Detector : x= -20.002, y=  33.656, z= 959.000
  Obj rotY :  -4.5698 deg

Initial calibration:
  Source   : x=   0.000, y=   0.000, z=   0.000
  Object   : x=   0.000, y=   0.000, z=   0.000
  Detector : x=  25.318, y=   6.310, z=  40.001

After Calibration: 

Unity geometry (world coordinates):
  Source   : x= -10.000, y=  29.997, z=   0.000
  Object   : x=   0.324, y=  24.242, z= 614.746
  Detector : x=   5.316, y=  39.966, z= 999.001
  Obj rotY :  -4.5698 deg
view   0 | SOD= 627.457 mm | SDD= 999.168 mm | M= 1.592 | incident=1.0480°
[[   9.222753   -627.3627       -5.7553406 ]
 [ -31.240768    370.93582     -15.723675  ]
 [   0.14936683    0.00834945    0.        ]
 [   0.            0.            0.1496    ]]
Residual vector length: 1200, Jacobian shape: (1200, 6)
view   0 | SOD= 627.494 mm | SDD= 999.168 mm | M= 1.592 | incident=1.0480°
[[   9.028651  -627.40265     -5.754608 ]
 [ -31.172543   370.90646    -15.722942 ]
 [   0.149369     0.0083102    0.       ]
 [   0.           0.           0.1496   ]]

iter 31 cost=52553.348148 -> 52526.253333 |dtheta|=5.100406e-02  lambda=2.393e+04

============================================================
Iteration 32
============================================================
Theta offsets (Unity frame):
  Source   : dSx=   0.000, dSy=   0.000, dSz=   0.000  (mm)
  Object   : dOx=  -0.213, dOy=   4.243, dOz=  14.742  (mm)
  Object offset: offset_x=  14.488, offset_z=  13.390  (mm)
  Detector : dDx=   0.000, dDy=   0.000, dDz=   0.000  (mm)
  Obj Stage rotY :    7.754 deg
============================================================

Unity geometry (world coordinates):
  Source   : x= -10.000, y=  29.997, z=   0.000
  Object   : x=   0.327, y=  24.243, z= 614.742
  Detector : x= -20.002, y=  33.656, z= 959.000
  Obj rotY :  -4.5698 deg

Initial calibration:
  Source   : x=   0.000, y=   0.000, z=   0.000
  Object   : x=   0.000, y=   0.000, z=   0.000
  Detector : x=  25.318, y=   6.310, z=  40.001

After Calibration: 

Unity geometry (world coordinates):
  Source   : x= -10.000, y=  29.997, z=   0.000
  Object   : x=   0.327, y=  24.243, z= 614.742
  Detector : x=   5.316, y=  39.966, z= 999.001
  Obj rotY :  -4.5698 deg
view   0 | SOD= 627.494 mm | SDD= 999.168 mm | M= 1.592 | incident=1.0480°
[[   9.028651  -627.40265     -5.754608 ]
 [ -31.172543   370.90646    -15.722942 ]
 [   0.149369     0.0083102    0.       ]
 [   0.           0.           0.1496   ]]
Residual vector length: 1200, Jacobian shape: (1200, 6)
view   0 | SOD= 627.506 mm | SDD= 999.168 mm | M= 1.592 | incident=1.0480°
[[   9.943103   -627.40045      -5.744179  ]
 [ -31.689848    370.84998     -15.712513  ]
 [   0.14935693    0.00852442    0.        ]
 [   0.            0.            0.1496    ]]

iter 32 cost=52526.253333 -> 52599.136854 |dtheta|=8.906950e-02  lambda=7.976e+03

============================================================
Iteration 33
============================================================
Theta offsets (Unity frame):
  Source   : dSx=   0.000, dSy=   0.000, dSz=   0.000  (mm)
  Object   : dOx=  -0.213, dOy=   4.243, dOz=  14.742  (mm)
  Object offset: offset_x=  14.488, offset_z=  13.390  (mm)
  Detector : dDx=   0.000, dDy=   0.000, dDz=   0.000  (mm)
  Obj Stage rotY :    7.754 deg
============================================================

Unity geometry (world coordinates):
  Source   : x= -10.000, y=  29.997, z=   0.000
  Object   : x=   0.327, y=  24.243, z= 614.742
  Detector : x= -20.002, y=  33.656, z= 959.000
  Obj rotY :  -4.5698 deg

Initial calibration:
  Source   : x=   0.000, y=   0.000, z=   0.000
  Object   : x=   0.000, y=   0.000, z=   0.000
  Detector : x=  25.318, y=   6.310, z=  40.001

After Calibration: 

Unity geometry (world coordinates):
  Source   : x= -10.000, y=  29.997, z=   0.000
  Object   : x=   0.327, y=  24.243, z= 614.742
  Detector : x=   5.316, y=  39.966, z= 999.001
  Obj rotY :  -4.5698 deg
view   0 | SOD= 627.494 mm | SDD= 999.168 mm | M= 1.592 | incident=1.0480°
[[   9.028651  -627.40265     -5.754608 ]
 [ -31.172543   370.90646    -15.722942 ]
 [   0.149369     0.0083102    0.       ]
 [   0.           0.           0.1496   ]]
Residual vector length: 1200, Jacobian shape: (1200, 6)
view   0 | SOD= 627.503 mm | SDD= 999.168 mm | M= 1.592 | incident=1.0480°
[[   9.24095    -627.4089       -5.7485123 ]
 [ -31.284983    370.8871      -15.716846  ]
 [   0.14936629    0.00835879    0.        ]
 [   0.            0.            0.1496    ]]

iter 33 cost=52526.253333 -> 52566.013686 |dtheta|=2.479086e-02  lambda=3.988e+04

============================================================
Iteration 34
============================================================
Theta offsets (Unity frame):
  Source   : dSx=   0.000, dSy=   0.000, dSz=   0.000  (mm)
  Object   : dOx=  -0.213, dOy=   4.243, dOz=  14.742  (mm)
  Object offset: offset_x=  14.488, offset_z=  13.390  (mm)
  Detector : dDx=   0.000, dDy=   0.000, dDz=   0.000  (mm)
  Obj Stage rotY :    7.754 deg
============================================================

Unity geometry (world coordinates):
  Source   : x= -10.000, y=  29.997, z=   0.000
  Object   : x=   0.327, y=  24.243, z= 614.742
  Detector : x= -20.002, y=  33.656, z= 959.000
  Obj rotY :  -4.5698 deg

Initial calibration:
  Source   : x=   0.000, y=   0.000, z=   0.000
  Object   : x=   0.000, y=   0.000, z=   0.000
  Detector : x=  25.318, y=   6.310, z=  40.001

After Calibration: 

Unity geometry (world coordinates):
  Source   : x= -10.000, y=  29.997, z=   0.000
  Object   : x=   0.327, y=  24.243, z= 614.742
  Detector : x=   5.316, y=  39.966, z= 999.001
  Obj rotY :  -4.5698 deg
view   0 | SOD= 627.494 mm | SDD= 999.168 mm | M= 1.592 | incident=1.0480°
[[   9.028651  -627.40265     -5.754608 ]
 [ -31.172543   370.90646    -15.722942 ]
 [   0.149369     0.0083102    0.       ]
 [   0.           0.           0.1496   ]]
Residual vector length: 1200, Jacobian shape: (1200, 6)
view   0 | SOD= 627.497 mm | SDD= 999.168 mm | M= 1.592 | incident=1.0480°
[[   9.073149   -627.40485      -5.752655  ]
 [ -31.195026    370.90155     -15.720989  ]
 [   0.14936845    0.00832022    0.        ]
 [   0.            0.            0.1496    ]]

iter 34 cost=52526.253333 -> 52519.481890 |dtheta|=6.068300e-03  lambda=1.994e+05

============================================================
Iteration 35
============================================================
Theta offsets (Unity frame):
  Source   : dSx=   0.000, dSy=   0.000, dSz=   0.000  (mm)
  Object   : dOx=  -0.213, dOy=   4.245, dOz=  14.742  (mm)
  Object offset: offset_x=  14.486, offset_z=  13.393  (mm)
  Detector : dDx=   0.000, dDy=   0.000, dDz=   0.000  (mm)
  Obj Stage rotY :    7.758 deg
============================================================

Unity geometry (world coordinates):
  Source   : x= -10.000, y=  29.997, z=   0.000
  Object   : x=   0.328, y=  24.245, z= 614.742
  Detector : x= -20.002, y=  33.656, z= 959.000
  Obj rotY :  -4.5698 deg

Initial calibration:
  Source   : x=   0.000, y=   0.000, z=   0.000
  Object   : x=   0.000, y=   0.000, z=   0.000
  Detector : x=  25.318, y=   6.310, z=  40.001

After Calibration: 

Unity geometry (world coordinates):
  Source   : x= -10.000, y=  29.997, z=   0.000
  Object   : x=   0.328, y=  24.245, z= 614.742
  Detector : x=   5.316, y=  39.966, z= 999.001
  Obj rotY :  -4.5698 deg
view   0 | SOD= 627.497 mm | SDD= 999.168 mm | M= 1.592 | incident=1.0480°
[[   9.073149   -627.40485      -5.752655  ]
 [ -31.195026    370.90155     -15.720989  ]
 [   0.14936845    0.00832022    0.        ]
 [   0.            0.            0.1496    ]]
Residual vector length: 1200, Jacobian shape: (1200, 6)
view   0 | SOD= 627.466 mm | SDD= 999.168 mm | M= 1.592 | incident=1.0480°
[[   9.081835   -627.3743       -5.7502327 ]
 [ -31.222485    370.93057     -15.718567  ]
 [   0.14936815    0.00832563    0.        ]
 [   0.            0.            0.1496    ]]

iter 35 cost=52519.481890 -> 52526.870809 |dtheta|=3.438801e-02  lambda=6.646e+04

============================================================
Iteration 36
============================================================
Theta offsets (Unity frame):
  Source   : dSx=   0.000, dSy=   0.000, dSz=   0.000  (mm)
  Object   : dOx=  -0.213, dOy=   4.245, dOz=  14.742  (mm)
  Object offset: offset_x=  14.486, offset_z=  13.393  (mm)
  Detector : dDx=   0.000, dDy=   0.000, dDz=   0.000  (mm)
  Obj Stage rotY :    7.758 deg
============================================================

Unity geometry (world coordinates):
  Source   : x= -10.000, y=  29.997, z=   0.000
  Object   : x=   0.328, y=  24.245, z= 614.742
  Detector : x= -20.002, y=  33.656, z= 959.000
  Obj rotY :  -4.5698 deg

Initial calibration:
  Source   : x=   0.000, y=   0.000, z=   0.000
  Object   : x=   0.000, y=   0.000, z=   0.000
  Detector : x=  25.318, y=   6.310, z=  40.001

After Calibration: 

Unity geometry (world coordinates):
  Source   : x= -10.000, y=  29.997, z=   0.000
  Object   : x=   0.328, y=  24.245, z= 614.742
  Detector : x=   5.316, y=  39.966, z= 999.001
  Obj rotY :  -4.5698 deg
view   0 | SOD= 627.497 mm | SDD= 999.168 mm | M= 1.592 | incident=1.0480°
[[   9.073149   -627.40485      -5.752655  ]
 [ -31.195026    370.90155     -15.720989  ]
 [   0.14936845    0.00832022    0.        ]
 [   0.            0.            0.1496    ]]
Residual vector length: 1200, Jacobian shape: (1200, 6)
view   0 | SOD= 627.489 mm | SDD= 999.168 mm | M= 1.592 | incident=1.0480°
[[   9.074129   -627.3971       -5.751953  ]
 [ -31.201283    370.90903     -15.720287  ]
 [   0.14936839    0.0083213     0.        ]
 [   0.            0.            0.1496    ]]

iter 36 cost=52519.481890 -> 52510.123971 |dtheta|=8.749866e-03  lambda=3.323e+05

============================================================
Iteration 37
============================================================
Theta offsets (Unity frame):
  Source   : dSx=   0.000, dSy=   0.000, dSz=   0.000  (mm)
  Object   : dOx=  -0.213, dOy=   4.245, dOz=  14.742  (mm)
  Object offset: offset_x=  14.490, offset_z=  13.386  (mm)
  Detector : dDx=   0.000, dDy=   0.000, dDz=   0.000  (mm)
  Obj Stage rotY :    7.758 deg
============================================================

Unity geometry (world coordinates):
  Source   : x= -10.000, y=  29.997, z=   0.000
  Object   : x=   0.327, y=  24.245, z= 614.742
  Detector : x= -20.002, y=  33.656, z= 959.000
  Obj rotY :  -4.5698 deg

Initial calibration:
  Source   : x=   0.000, y=   0.000, z=   0.000
  Object   : x=   0.000, y=   0.000, z=   0.000
  Detector : x=  25.318, y=   6.310, z=  40.001

After Calibration: 

Unity geometry (world coordinates):
  Source   : x= -10.000, y=  29.997, z=   0.000
  Object   : x=   0.327, y=  24.245, z= 614.742
  Detector : x=   5.316, y=  39.966, z= 999.001
  Obj rotY :  -4.5698 deg
view   0 | SOD= 627.489 mm | SDD= 999.168 mm | M= 1.592 | incident=1.0480°
[[   9.074129   -627.3971       -5.751953  ]
 [ -31.201283    370.90903     -15.720287  ]
 [   0.14936839    0.0083213     0.        ]
 [   0.            0.            0.1496    ]]
Residual vector length: 1200, Jacobian shape: (1200, 6)
view   0 | SOD= 627.481 mm | SDD= 999.168 mm | M= 1.592 | incident=1.0480°
[[   9.163432   -627.388        -5.75      ]
 [ -31.249865    370.9125      -15.718334  ]
 [   0.14936724    0.00834193    0.        ]
 [   0.            0.            0.1496    ]]

iter 37 cost=52510.123971 -> 52506.371740 |dtheta|=1.135325e-02  lambda=1.108e+05

============================================================
Iteration 38
============================================================
Theta offsets (Unity frame):
  Source   : dSx=   0.000, dSy=   0.000, dSz=   0.000  (mm)
  Object   : dOx=  -0.213, dOy=   4.247, dOz=  14.742  (mm)
  Object offset: offset_x=  14.487, offset_z=  13.378  (mm)
  Detector : dDx=   0.000, dDy=   0.000, dDz=   0.000  (mm)
  Obj Stage rotY :    7.766 deg
============================================================

Unity geometry (world coordinates):
  Source   : x= -10.000, y=  29.997, z=   0.000
  Object   : x=   0.327, y=  24.247, z= 614.742
  Detector : x= -20.002, y=  33.656, z= 959.000
  Obj rotY :  -4.5698 deg

Initial calibration:
  Source   : x=   0.000, y=   0.000, z=   0.000
  Object   : x=   0.000, y=   0.000, z=   0.000
  Detector : x=  25.318, y=   6.310, z=  40.001

After Calibration: 

Unity geometry (world coordinates):
  Source   : x= -10.000, y=  29.997, z=   0.000
  Object   : x=   0.327, y=  24.247, z= 614.742
  Detector : x=   5.316, y=  39.966, z= 999.001
  Obj rotY :  -4.5698 deg
view   0 | SOD= 627.481 mm | SDD= 999.168 mm | M= 1.592 | incident=1.0480°
[[   9.163432   -627.388        -5.75      ]
 [ -31.249865    370.9125      -15.718334  ]
 [   0.14936724    0.00834193    0.        ]
 [   0.            0.            0.1496    ]]
Residual vector length: 1200, Jacobian shape: (1200, 6)
view   0 | SOD= 627.484 mm | SDD= 999.168 mm | M= 1.592 | incident=1.0480°
[[   9.345529   -627.38794      -5.749075  ]
 [ -31.351543    370.90106     -15.717409  ]
 [   0.14936486    0.00838439    0.        ]
 [   0.            0.            0.1496    ]]

iter 38 cost=52506.371740 -> 52514.341815 |dtheta|=1.686547e-02  lambda=3.692e+04

============================================================
Iteration 39
============================================================
Theta offsets (Unity frame):
  Source   : dSx=   0.000, dSy=   0.000, dSz=   0.000  (mm)
  Object   : dOx=  -0.213, dOy=   4.247, dOz=  14.742  (mm)
  Object offset: offset_x=  14.487, offset_z=  13.378  (mm)
  Detector : dDx=   0.000, dDy=   0.000, dDz=   0.000  (mm)
  Obj Stage rotY :    7.766 deg
============================================================

Unity geometry (world coordinates):
  Source   : x= -10.000, y=  29.997, z=   0.000
  Object   : x=   0.327, y=  24.247, z= 614.742
  Detector : x= -20.002, y=  33.656, z= 959.000
  Obj rotY :  -4.5698 deg

Initial calibration:
  Source   : x=   0.000, y=   0.000, z=   0.000
  Object   : x=   0.000, y=   0.000, z=   0.000
  Detector : x=  25.318, y=   6.310, z=  40.001

After Calibration: 

Unity geometry (world coordinates):
  Source   : x= -10.000, y=  29.997, z=   0.000
  Object   : x=   0.327, y=  24.247, z= 614.742
  Detector : x=   5.316, y=  39.966, z= 999.001
  Obj rotY :  -4.5698 deg
view   0 | SOD= 627.481 mm | SDD= 999.168 mm | M= 1.592 | incident=1.0480°
[[   9.163432   -627.388        -5.75      ]
 [ -31.249865    370.9125      -15.718334  ]
 [   0.14936724    0.00834193    0.        ]
 [   0.            0.            0.1496    ]]
Residual vector length: 1200, Jacobian shape: (1200, 6)
view   0 | SOD= 627.482 mm | SDD= 999.168 mm | M= 1.592 | incident=1.0480°
[[   9.201426   -627.38824      -5.7497005 ]
 [ -31.270456    370.90994     -15.718035  ]
 [   0.14936675    0.0083507     0.        ]
 [   0.            0.            0.1496    ]]

iter 39 cost=52506.371740 -> 52501.250393 |dtheta|=3.605125e-03  lambda=1.846e+05

============================================================
Iteration 40
============================================================
Theta offsets (Unity frame):
  Source   : dSx=   0.000, dSy=   0.000, dSz=   0.000  (mm)
  Object   : dOx=  -0.214, dOy=   4.248, dOz=  14.741  (mm)
  Object offset: offset_x=  14.486, offset_z=  13.379  (mm)
  Detector : dDx=   0.000, dDy=   0.000, dDz=   0.000  (mm)
  Obj Stage rotY :    7.770 deg
============================================================

Unity geometry (world coordinates):
  Source   : x= -10.000, y=  29.997, z=   0.000
  Object   : x=   0.327, y=  24.248, z= 614.742
  Detector : x= -20.002, y=  33.656, z= 959.000
  Obj rotY :  -4.5698 deg

Initial calibration:
  Source   : x=   0.000, y=   0.000, z=   0.000
  Object   : x=   0.000, y=   0.000, z=   0.000
  Detector : x=  25.318, y=   6.310, z=  40.001

After Calibration: 

Unity geometry (world coordinates):
  Source   : x= -10.000, y=  29.997, z=   0.000
  Object   : x=   0.327, y=  24.248, z= 614.742
  Detector : x=   5.316, y=  39.966, z= 999.001
  Obj rotY :  -4.5698 deg
view   0 | SOD= 627.482 mm | SDD= 999.168 mm | M= 1.592 | incident=1.0480°
[[   9.201426   -627.38824      -5.7497005 ]
 [ -31.270456    370.90994     -15.718035  ]
 [   0.14936675    0.0083507     0.        ]
 [   0.            0.            0.1496    ]]
Residual vector length: 1200, Jacobian shape: (1200, 6)
view   0 | SOD= 627.472 mm | SDD= 999.168 mm | M= 1.592 | incident=1.0480°
[[   9.201634  -627.37775     -5.74778  ]
 [ -31.26488    370.92062    -15.716114 ]
 [   0.1493668    0.0083499    0.       ]
 [   0.           0.           0.1496   ]]

iter 40 cost=52501.250393 -> 52529.436016 |dtheta|=9.851906e-03  lambda=6.154e+04

============================================================
Iteration 41
============================================================
Theta offsets (Unity frame):
  Source   : dSx=   0.000, dSy=   0.000, dSz=   0.000  (mm)
  Object   : dOx=  -0.214, dOy=   4.248, dOz=  14.741  (mm)
  Object offset: offset_x=  14.486, offset_z=  13.379  (mm)
  Detector : dDx=   0.000, dDy=   0.000, dDz=   0.000  (mm)
  Obj Stage rotY :    7.770 deg
============================================================

Unity geometry (world coordinates):
  Source   : x= -10.000, y=  29.997, z=   0.000
  Object   : x=   0.327, y=  24.248, z= 614.742
  Detector : x= -20.002, y=  33.656, z= 959.000
  Obj rotY :  -4.5698 deg

Initial calibration:
  Source   : x=   0.000, y=   0.000, z=   0.000
  Object   : x=   0.000, y=   0.000, z=   0.000
  Detector : x=  25.318, y=   6.310, z=  40.001

After Calibration: 

Unity geometry (world coordinates):
  Source   : x= -10.000, y=  29.997, z=   0.000
  Object   : x=   0.327, y=  24.248, z= 614.742
  Detector : x=   5.316, y=  39.966, z= 999.001
  Obj rotY :  -4.5698 deg
view   0 | SOD= 627.482 mm | SDD= 999.168 mm | M= 1.592 | incident=1.0480°
[[   9.201426   -627.38824      -5.7497005 ]
 [ -31.270456    370.90994     -15.718035  ]
 [   0.14936675    0.0083507     0.        ]
 [   0.            0.            0.1496    ]]
Residual vector length: 1200, Jacobian shape: (1200, 6)
view   0 | SOD= 627.479 mm | SDD= 999.168 mm | M= 1.592 | incident=1.0480°
[[   9.201704   -627.3856       -5.7491417 ]
 [ -31.269115    370.9126      -15.717476  ]
 [   0.14936675    0.00835054    0.        ]
 [   0.            0.            0.1496    ]]

iter 41 cost=52501.250393 -> 52519.198591 |dtheta|=2.545774e-03  lambda=3.077e+05

============================================================
Iteration 42
============================================================
Theta offsets (Unity frame):
  Source   : dSx=   0.000, dSy=   0.000, dSz=   0.000  (mm)
  Object   : dOx=  -0.214, dOy=   4.248, dOz=  14.741  (mm)
  Object offset: offset_x=  14.486, offset_z=  13.379  (mm)
  Detector : dDx=   0.000, dDy=   0.000, dDz=   0.000  (mm)
  Obj Stage rotY :    7.770 deg
============================================================

Unity geometry (world coordinates):
  Source   : x= -10.000, y=  29.997, z=   0.000
  Object   : x=   0.327, y=  24.248, z= 614.742
  Detector : x= -20.002, y=  33.656, z= 959.000
  Obj rotY :  -4.5698 deg

Initial calibration:
  Source   : x=   0.000, y=   0.000, z=   0.000
  Object   : x=   0.000, y=   0.000, z=   0.000
  Detector : x=  25.318, y=   6.310, z=  40.001

After Calibration: 

Unity geometry (world coordinates):
  Source   : x= -10.000, y=  29.997, z=   0.000
  Object   : x=   0.327, y=  24.248, z= 614.742
  Detector : x=   5.316, y=  39.966, z= 999.001
  Obj rotY :  -4.5698 deg
view   0 | SOD= 627.482 mm | SDD= 999.168 mm | M= 1.592 | incident=1.0480°
[[   9.201426   -627.38824      -5.7497005 ]
 [ -31.270456    370.90994     -15.718035  ]
 [   0.14936675    0.0083507     0.        ]
 [   0.            0.            0.1496    ]]
Residual vector length: 1200, Jacobian shape: (1200, 6)
view   0 | SOD= 627.481 mm | SDD= 999.168 mm | M= 1.592 | incident=1.0480°
[[   9.201528   -627.3873       -5.7495136 ]
 [ -31.27003     370.91083     -15.717848  ]
 [   0.14936675    0.00835065    0.        ]
 [   0.            0.            0.1496    ]]

iter 42 cost=52501.250393 -> 52505.952634 |dtheta|=8.257734e-04  lambda=1.000e+06

============================================================
Iteration 43
============================================================
Theta offsets (Unity frame):
  Source   : dSx=   0.000, dSy=   0.000, dSz=   0.000  (mm)
  Object   : dOx=  -0.214, dOy=   4.248, dOz=  14.741  (mm)
  Object offset: offset_x=  14.486, offset_z=  13.379  (mm)
  Detector : dDx=   0.000, dDy=   0.000, dDz=   0.000  (mm)
  Obj Stage rotY :    7.770 deg
============================================================

Unity geometry (world coordinates):
  Source   : x= -10.000, y=  29.997, z=   0.000
  Object   : x=   0.327, y=  24.248, z= 614.742
  Detector : x= -20.002, y=  33.656, z= 959.000
  Obj rotY :  -4.5698 deg

Initial calibration:
  Source   : x=   0.000, y=   0.000, z=   0.000
  Object   : x=   0.000, y=   0.000, z=   0.000
  Detector : x=  25.318, y=   6.310, z=  40.001

After Calibration: 

Unity geometry (world coordinates):
  Source   : x= -10.000, y=  29.997, z=   0.000
  Object   : x=   0.327, y=  24.248, z= 614.742
  Detector : x=   5.316, y=  39.966, z= 999.001
  Obj rotY :  -4.5698 deg
view   0 | SOD= 627.482 mm | SDD= 999.168 mm | M= 1.592 | incident=1.0480°
[[   9.201426   -627.38824      -5.7497005 ]
 [ -31.270456    370.90994     -15.718035  ]
 [   0.14936675    0.0083507     0.        ]
 [   0.            0.            0.1496    ]]
Residual vector length: 1200, Jacobian shape: (1200, 6)
view   0 | SOD= 627.481 mm | SDD= 999.168 mm | M= 1.592 | incident=1.0480°
[[   9.201528   -627.3873       -5.7495136 ]
 [ -31.27003     370.91083     -15.717848  ]
 [   0.14936675    0.00835065    0.        ]
 [   0.            0.            0.1496    ]]

iter 43 cost=52501.250393 -> 52505.952634 |dtheta|=8.257734e-04  lambda=1.000e+06

============================================================
Iteration 44
============================================================
Theta offsets (Unity frame):
  Source   : dSx=   0.000, dSy=   0.000, dSz=   0.000  (mm)
  Object   : dOx=  -0.214, dOy=   4.248, dOz=  14.741  (mm)
  Object offset: offset_x=  14.486, offset_z=  13.379  (mm)
  Detector : dDx=   0.000, dDy=   0.000, dDz=   0.000  (mm)
  Obj Stage rotY :    7.770 deg
============================================================

Unity geometry (world coordinates):
  Source   : x= -10.000, y=  29.997, z=   0.000
  Object   : x=   0.327, y=  24.248, z= 614.742
  Detector : x= -20.002, y=  33.656, z= 959.000
  Obj rotY :  -4.5698 deg

Initial calibration:
  Source   : x=   0.000, y=   0.000, z=   0.000
  Object   : x=   0.000, y=   0.000, z=   0.000
  Detector : x=  25.318, y=   6.310, z=  40.001

After Calibration: 

Unity geometry (world coordinates):
  Source   : x= -10.000, y=  29.997, z=   0.000
  Object   : x=   0.327, y=  24.248, z= 614.742
  Detector : x=   5.316, y=  39.966, z= 999.001
  Obj rotY :  -4.5698 deg
view   0 | SOD= 627.482 mm | SDD= 999.168 mm | M= 1.592 | incident=1.0480°
[[   9.201426   -627.38824      -5.7497005 ]
 [ -31.270456    370.90994     -15.718035  ]
 [   0.14936675    0.0083507     0.        ]
 [   0.            0.            0.1496    ]]
Residual vector length: 1200, Jacobian shape: (1200, 6)
view   0 | SOD= 627.481 mm | SDD= 999.168 mm | M= 1.592 | incident=1.0480°
[[   9.201528   -627.3873       -5.7495136 ]
 [ -31.27003     370.91083     -15.717848  ]
 [   0.14936675    0.00835065    0.        ]
 [   0.            0.            0.1496    ]]

iter 44 cost=52501.250393 -> 52505.952634 |dtheta|=8.257734e-04  lambda=1.000e+06

============================================================
Iteration 45
============================================================
Theta offsets (Unity frame):
  Source   : dSx=   0.000, dSy=   0.000, dSz=   0.000  (mm)
  Object   : dOx=  -0.214, dOy=   4.248, dOz=  14.741  (mm)
  Object offset: offset_x=  14.486, offset_z=  13.379  (mm)
  Detector : dDx=   0.000, dDy=   0.000, dDz=   0.000  (mm)
  Obj Stage rotY :    7.770 deg
============================================================

Unity geometry (world coordinates):
  Source   : x= -10.000, y=  29.997, z=   0.000
  Object   : x=   0.327, y=  24.248, z= 614.742
  Detector : x= -20.002, y=  33.656, z= 959.000
  Obj rotY :  -4.5698 deg

Initial calibration:
  Source   : x=   0.000, y=   0.000, z=   0.000
  Object   : x=   0.000, y=   0.000, z=   0.000
  Detector : x=  25.318, y=   6.310, z=  40.001

After Calibration: 

Unity geometry (world coordinates):
  Source   : x= -10.000, y=  29.997, z=   0.000
  Object   : x=   0.327, y=  24.248, z= 614.742
  Detector : x=   5.316, y=  39.966, z= 999.001
  Obj rotY :  -4.5698 deg
view   0 | SOD= 627.482 mm | SDD= 999.168 mm | M= 1.592 | incident=1.0480°
[[   9.201426   -627.38824      -5.7497005 ]
 [ -31.270456    370.90994     -15.718035  ]
 [   0.14936675    0.0083507     0.        ]
 [   0.            0.            0.1496    ]]
Residual vector length: 1200, Jacobian shape: (1200, 6)
view   0 | SOD= 627.481 mm | SDD= 999.168 mm | M= 1.592 | incident=1.0480°
[[   9.201528   -627.3873       -5.7495136 ]
 [ -31.27003     370.91083     -15.717848  ]
 [   0.14936675    0.00835065    0.        ]
 [   0.            0.            0.1496    ]]

iter 45 cost=52501.250393 -> 52505.952634 |dtheta|=8.257734e-04  lambda=1.000e+06

============================================================
Iteration 46
============================================================
Theta offsets (Unity frame):
  Source   : dSx=   0.000, dSy=   0.000, dSz=   0.000  (mm)
  Object   : dOx=  -0.214, dOy=   4.248, dOz=  14.741  (mm)
  Object offset: offset_x=  14.486, offset_z=  13.379  (mm)
  Detector : dDx=   0.000, dDy=   0.000, dDz=   0.000  (mm)
  Obj Stage rotY :    7.770 deg
============================================================

Unity geometry (world coordinates):
  Source   : x= -10.000, y=  29.997, z=   0.000
  Object   : x=   0.327, y=  24.248, z= 614.742
  Detector : x= -20.002, y=  33.656, z= 959.000
  Obj rotY :  -4.5698 deg

Initial calibration:
  Source   : x=   0.000, y=   0.000, z=   0.000
  Object   : x=   0.000, y=   0.000, z=   0.000
  Detector : x=  25.318, y=   6.310, z=  40.001

After Calibration: 

Unity geometry (world coordinates):
  Source   : x= -10.000, y=  29.997, z=   0.000
  Object   : x=   0.327, y=  24.248, z= 614.742
  Detector : x=   5.316, y=  39.966, z= 999.001
  Obj rotY :  -4.5698 deg
view   0 | SOD= 627.482 mm | SDD= 999.168 mm | M= 1.592 | incident=1.0480°
[[   9.201426   -627.38824      -5.7497005 ]
 [ -31.270456    370.90994     -15.718035  ]
 [   0.14936675    0.0083507     0.        ]
 [   0.            0.            0.1496    ]]
Residual vector length: 1200, Jacobian shape: (1200, 6)
view   0 | SOD= 627.481 mm | SDD= 999.168 mm | M= 1.592 | incident=1.0480°
[[   9.201528   -627.3873       -5.7495136 ]
 [ -31.27003     370.91083     -15.717848  ]
 [   0.14936675    0.00835065    0.        ]
 [   0.            0.            0.1496    ]]

iter 46 cost=52501.250393 -> 52505.952634 |dtheta|=8.257734e-04  lambda=1.000e+06

============================================================
Iteration 47
============================================================
Theta offsets (Unity frame):
  Source   : dSx=   0.000, dSy=   0.000, dSz=   0.000  (mm)
  Object   : dOx=  -0.214, dOy=   4.248, dOz=  14.741  (mm)
  Object offset: offset_x=  14.486, offset_z=  13.379  (mm)
  Detector : dDx=   0.000, dDy=   0.000, dDz=   0.000  (mm)
  Obj Stage rotY :    7.770 deg
============================================================

Unity geometry (world coordinates):
  Source   : x= -10.000, y=  29.997, z=   0.000
  Object   : x=   0.327, y=  24.248, z= 614.742
  Detector : x= -20.002, y=  33.656, z= 959.000
  Obj rotY :  -4.5698 deg

Initial calibration:
  Source   : x=   0.000, y=   0.000, z=   0.000
  Object   : x=   0.000, y=   0.000, z=   0.000
  Detector : x=  25.318, y=   6.310, z=  40.001

After Calibration: 

Unity geometry (world coordinates):
  Source   : x= -10.000, y=  29.997, z=   0.000
  Object   : x=   0.327, y=  24.248, z= 614.742
  Detector : x=   5.316, y=  39.966, z= 999.001
  Obj rotY :  -4.5698 deg
view   0 | SOD= 627.482 mm | SDD= 999.168 mm | M= 1.592 | incident=1.0480°
[[   9.201426   -627.38824      -5.7497005 ]
 [ -31.270456    370.90994     -15.718035  ]
 [   0.14936675    0.0083507     0.        ]
 [   0.            0.            0.1496    ]]
Residual vector length: 1200, Jacobian shape: (1200, 6)
view   0 | SOD= 627.481 mm | SDD= 999.168 mm | M= 1.592 | incident=1.0480°
[[   9.201528   -627.3873       -5.7495136 ]
 [ -31.27003     370.91083     -15.717848  ]
 [   0.14936675    0.00835065    0.        ]
 [   0.            0.            0.1496    ]]

iter 47 cost=52501.250393 -> 52505.952634 |dtheta|=8.257734e-04  lambda=1.000e+06

============================================================
Iteration 48
============================================================
Theta offsets (Unity frame):
  Source   : dSx=   0.000, dSy=   0.000, dSz=   0.000  (mm)
  Object   : dOx=  -0.214, dOy=   4.248, dOz=  14.741  (mm)
  Object offset: offset_x=  14.486, offset_z=  13.379  (mm)
  Detector : dDx=   0.000, dDy=   0.000, dDz=   0.000  (mm)
  Obj Stage rotY :    7.770 deg
============================================================

Unity geometry (world coordinates):
  Source   : x= -10.000, y=  29.997, z=   0.000
  Object   : x=   0.327, y=  24.248, z= 614.742
  Detector : x= -20.002, y=  33.656, z= 959.000
  Obj rotY :  -4.5698 deg

Initial calibration:
  Source   : x=   0.000, y=   0.000, z=   0.000
  Object   : x=   0.000, y=   0.000, z=   0.000
  Detector : x=  25.318, y=   6.310, z=  40.001

After Calibration: 

Unity geometry (world coordinates):
  Source   : x= -10.000, y=  29.997, z=   0.000
  Object   : x=   0.327, y=  24.248, z= 614.742
  Detector : x=   5.316, y=  39.966, z= 999.001
  Obj rotY :  -4.5698 deg
view   0 | SOD= 627.482 mm | SDD= 999.168 mm | M= 1.592 | incident=1.0480°
[[   9.201426   -627.38824      -5.7497005 ]
 [ -31.270456    370.90994     -15.718035  ]
 [   0.14936675    0.0083507     0.        ]
 [   0.            0.            0.1496    ]]
Residual vector length: 1200, Jacobian shape: (1200, 6)
view   0 | SOD= 627.481 mm | SDD= 999.168 mm | M= 1.592 | incident=1.0480°
[[   9.201528   -627.3873       -5.7495136 ]
 [ -31.27003     370.91083     -15.717848  ]
 [   0.14936675    0.00835065    0.        ]
 [   0.            0.            0.1496    ]]

iter 48 cost=52501.250393 -> 52505.952634 |dtheta|=8.257734e-04  lambda=1.000e+06
Stalled.

Estimated theta:
  dSx: +0.000000
  dSy: +0.000000
  dOx: -0.213526
  dOy: +4.247668
  dOz: +14.741487
  dDx: +0.000000
  dDy: +0.000000
  dDz: +0.000000
alpha: +7.769747e+00 deg)
offset_x: +14.486461
offset_z: +13.378873

Final cost table:
Final estimated theta: [ 0.          0.         -0.21352559  4.24766797 14.74148662  0.
  0.          0.          7.76974718 14.48646128 13.37887308]
################################################################################

