
################################################################################
Running scenario=Scan1 Projections=1434 Used=20, K=5

============================================================
Iteration 0
============================================================
Theta offsets (Unity frame):
  Source   : dSx=   0.000, dSy=   0.000, dSz=   0.000  (mm)
  Object   : dOx=   0.000, dOy=   0.000, dOz=   0.000  (mm)
  Object offset: offset_x=   0.000, offset_z=   0.000  (mm)
  Detector : dDx=   0.000, dDy=   0.000, dDz=   0.000  (mm)
  Obj Stage rotY :    0.000 deg
============================================================

Unity geometry (world coordinates):
  Source   : x=   0.000, y=  24.997, z=   0.000
  Object   : x=   0.541, y=  20.000, z= 600.000
  Detector : x= -25.318, y=  18.687, z=1059.000
  Obj rotY :  -1.0400 deg

Initial calibration:
  Source   : x=   0.000, y=   0.000, z=   0.000
  Object   : x=   0.000, y=   0.000, z=   0.000
  Detector : x=  25.318, y=   6.310, z=  40.001

After Calibration: 

Unity geometry (world coordinates):
  Source   : x=   0.000, y=  24.997, z=   0.000
  Object   : x=   0.541, y=  20.000, z= 600.000
  Detector : x=   0.000, y=  24.997, z=1099.001
  Obj rotY :  -1.0400 deg
view   0 | SOD= 600.021 mm | SDD=1099.001 mm | M= 1.832 | incident=0.0000°
[[ -11.430422   -599.89136      -4.997368  ]
 [   8.516415    498.92847      -4.9969044 ]
 [   0.14957535   -0.00271524    0.        ]
 [   0.            0.            0.1496    ]]
Residual vector length: 400, Jacobian shape: (400, 6)
view   0 | SOD= 616.205 mm | SDD=1099.001 mm | M= 1.783 | incident=0.0000°
[[  26.999474   -615.61285      -0.8353615 ]
 [ -20.718481    482.35156      -0.834898  ]
 [   0.14945891    0.00649554    0.        ]
 [   0.            0.            0.1496    ]]
/vol/home/s3777103/Documents/workspace/Thesis/AutoCalibration/gauss_newton_real.py:300: FutureWarning: The behavior of DataFrame concatenation with empty or all-NA entries is deprecated. In a future version, this will no longer exclude empty or all-NA columns when determining the result dtypes. To retain the old behavior, exclude the relevant entries before the concat operation.
  df_r0 = pd.concat([df_r0, df_iter], ignore_index=True)

iter 00 cost=194452.157569 -> 10439.687054 |dtheta|=1.490516e+01  lambda=1.000e-02

============================================================
Iteration 1
============================================================
Theta offsets (Unity frame):
  Source   : dSx=   0.000, dSy=   0.000, dSz=   0.000  (mm)
  Object   : dOx=  -0.503, dOy=   4.162, dOz=  13.614  (mm)
  Object offset: offset_x=  -0.329, offset_z=   2.585  (mm)
  Detector : dDx=   0.000, dDy=   0.000, dDz=   0.000  (mm)
  Obj Stage rotY :    3.529 deg
============================================================

Unity geometry (world coordinates):
  Source   : x=   0.000, y=  24.997, z=   0.000
  Object   : x=   0.037, y=  24.162, z= 613.614
  Detector : x= -25.318, y=  18.687, z=1059.000
  Obj rotY :  -1.0400 deg

Initial calibration:
  Source   : x=   0.000, y=   0.000, z=   0.000
  Object   : x=   0.000, y=   0.000, z=   0.000
  Detector : x=  25.318, y=   6.310, z=  40.001

After Calibration: 

Unity geometry (world coordinates):
  Source   : x=   0.000, y=  24.997, z=   0.000
  Object   : x=   0.037, y=  24.162, z= 613.614
  Detector : x=   0.000, y=  24.997, z=1099.001
  Obj rotY :  -1.0400 deg
view   0 | SOD= 616.205 mm | SDD=1099.001 mm | M= 1.783 | incident=0.0000°
[[  26.999474   -615.61285      -0.8353615 ]
 [ -20.718481    482.35156      -0.834898  ]
 [   0.14945891    0.00649554    0.        ]
 [   0.            0.            0.1496    ]]
Residual vector length: 400, Jacobian shape: (400, 6)
view   0 | SOD= 618.270 mm | SDD=1099.001 mm | M= 1.778 | incident=0.0000°
[[  45.430176   -616.5985       -0.830019  ]
 [ -34.94512     479.4593       -0.8295555 ]
 [   0.14919938    0.01094098    0.        ]
 [   0.            0.            0.1496    ]]

iter 01 cost=10439.687054 -> 5966.700617 |dtheta|=2.305181e+00  lambda=3.333e-03

============================================================
Iteration 2
============================================================
Theta offsets (Unity frame):
  Source   : dSx=   0.000, dSy=   0.000, dSz=   0.000  (mm)
  Object   : dOx=  -0.413, dOy=   4.167, dOz=  15.008  (mm)
  Object offset: offset_x=  -0.400, offset_z=   3.255  (mm)
  Detector : dDx=   0.000, dDy=   0.000, dDz=   0.000  (mm)
  Obj Stage rotY :    5.234 deg
============================================================

Unity geometry (world coordinates):
  Source   : x=   0.000, y=  24.997, z=   0.000
  Object   : x=   0.127, y=  24.167, z= 615.008
  Detector : x= -25.318, y=  18.687, z=1059.000
  Obj rotY :  -1.0400 deg

Initial calibration:
  Source   : x=   0.000, y=   0.000, z=   0.000
  Object   : x=   0.000, y=   0.000, z=   0.000
  Detector : x=  25.318, y=   6.310, z=  40.001

After Calibration: 

Unity geometry (world coordinates):
  Source   : x=   0.000, y=  24.997, z=   0.000
  Object   : x=   0.127, y=  24.167, z= 615.008
  Detector : x=   0.000, y=  24.997, z=1099.001
  Obj rotY :  -1.0400 deg
view   0 | SOD= 618.270 mm | SDD=1099.001 mm | M= 1.778 | incident=0.0000°
[[  45.430176   -616.5985       -0.830019  ]
 [ -34.94512     479.4593       -0.8295555 ]
 [   0.14919938    0.01094098    0.        ]
 [   0.            0.            0.1496    ]]
Residual vector length: 400, Jacobian shape: (400, 6)
view   0 | SOD= 617.990 mm | SDD=1099.001 mm | M= 1.778 | incident=0.0000°
[[  65.84712    -614.4714       -0.820179  ]
 [ -50.96821     478.30356      -0.8197155 ]
 [   0.14875251    0.01590133    0.        ]
 [   0.            0.            0.1496    ]]

iter 02 cost=5966.700617 -> 4718.659894 |dtheta|=1.966225e+00  lambda=1.111e-03

============================================================
Iteration 3
============================================================
Theta offsets (Unity frame):
  Source   : dSx=   0.000, dSy=   0.000, dSz=   0.000  (mm)
  Object   : dOx=  -0.421, dOy=   4.177, dOz=  14.564  (mm)
  Object offset: offset_x=  -0.343, offset_z=   3.419  (mm)
  Detector : dDx=   0.000, dDy=   0.000, dDz=   0.000  (mm)
  Obj Stage rotY :    7.142 deg
============================================================

Unity geometry (world coordinates):
  Source   : x=   0.000, y=  24.997, z=   0.000
  Object   : x=   0.120, y=  24.177, z= 614.564
  Detector : x= -25.318, y=  18.687, z=1059.000
  Obj rotY :  -1.0400 deg

Initial calibration:
  Source   : x=   0.000, y=   0.000, z=   0.000
  Object   : x=   0.000, y=   0.000, z=   0.000
  Detector : x=  25.318, y=   6.310, z=  40.001

After Calibration: 

Unity geometry (world coordinates):
  Source   : x=   0.000, y=  24.997, z=   0.000
  Object   : x=   0.120, y=  24.177, z= 614.564
  Detector : x=   0.000, y=  24.997, z=1099.001
  Obj rotY :  -1.0400 deg
view   0 | SOD= 617.990 mm | SDD=1099.001 mm | M= 1.778 | incident=0.0000°
[[  65.84712    -614.4714       -0.820179  ]
 [ -50.96821     478.30356      -0.8197155 ]
 [   0.14875251    0.01590133    0.        ]
 [   0.            0.            0.1496    ]]
Residual vector length: 400, Jacobian shape: (400, 6)
view   0 | SOD= 618.697 mm | SDD=1099.001 mm | M= 1.776 | incident=0.0000°
[[  76.85215    -613.9044       -0.7923603 ]
 [ -59.298523    476.63022      -0.7918968 ]
 [   0.14844756    0.01853332    0.        ]
 [   0.            0.            0.1496    ]]

iter 03 cost=4718.659894 -> 4388.166331 |dtheta|=1.210257e+00  lambda=3.704e-04

============================================================
Iteration 4
============================================================
Theta offsets (Unity frame):
  Source   : dSx=   0.000, dSy=   0.000, dSz=   0.000  (mm)
  Object   : dOx=  -0.413, dOy=   4.205, dOz=  15.219  (mm)
  Object offset: offset_x=  -0.397, offset_z=   3.470  (mm)
  Detector : dDx=   0.000, dDy=   0.000, dDz=   0.000  (mm)
  Obj Stage rotY :    8.156 deg
============================================================

Unity geometry (world coordinates):
  Source   : x=   0.000, y=  24.997, z=   0.000
  Object   : x=   0.127, y=  24.205, z= 615.219
  Detector : x= -25.318, y=  18.687, z=1059.000
  Obj rotY :  -1.0400 deg

Initial calibration:
  Source   : x=   0.000, y=   0.000, z=   0.000
  Object   : x=   0.000, y=   0.000, z=   0.000
  Detector : x=  25.318, y=   6.310, z=  40.001

After Calibration: 

Unity geometry (world coordinates):
  Source   : x=   0.000, y=  24.997, z=   0.000
  Object   : x=   0.127, y=  24.205, z= 615.219
  Detector : x=   0.000, y=  24.997, z=1099.001
  Obj rotY :  -1.0400 deg
view   0 | SOD= 618.697 mm | SDD=1099.001 mm | M= 1.776 | incident=0.0000°
[[  76.85215    -613.9044       -0.7923603 ]
 [ -59.298523    476.63022      -0.7918968 ]
 [   0.14844756    0.01853332    0.        ]
 [   0.            0.            0.1496    ]]
Residual vector length: 400, Jacobian shape: (400, 6)
view   0 | SOD= 618.291 mm | SDD=1099.001 mm | M= 1.777 | incident=0.0000°
[[  79.381546   -613.1734       -0.80119514]
 [ -61.45242     476.76636      -0.80073166]
 [   0.14836657    0.01917083    0.        ]
 [   0.            0.            0.1496    ]]

iter 04 cost=4388.166331 -> 4344.417945 |dtheta|=5.069061e-01  lambda=1.235e-04

============================================================
Iteration 5
============================================================
Theta offsets (Unity frame):
  Source   : dSx=   0.000, dSy=   0.000, dSz=   0.000  (mm)
  Object   : dOx=  -0.410, dOy=   4.196, dOz=  14.780  (mm)
  Object offset: offset_x=  -0.345, offset_z=   3.504  (mm)
  Detector : dDx=   0.000, dDy=   0.000, dDz=   0.000  (mm)
  Obj Stage rotY :    8.403 deg
============================================================

Unity geometry (world coordinates):
  Source   : x=   0.000, y=  24.997, z=   0.000
  Object   : x=   0.131, y=  24.196, z= 614.780
  Detector : x= -25.318, y=  18.687, z=1059.000
  Obj rotY :  -1.0400 deg

Initial calibration:
  Source   : x=   0.000, y=   0.000, z=   0.000
  Object   : x=   0.000, y=   0.000, z=   0.000
  Detector : x=  25.318, y=   6.310, z=  40.001

After Calibration: 

Unity geometry (world coordinates):
  Source   : x=   0.000, y=  24.997, z=   0.000
  Object   : x=   0.131, y=  24.196, z= 614.780
  Detector : x=   0.000, y=  24.997, z=1099.001
  Obj rotY :  -1.0400 deg
view   0 | SOD= 618.291 mm | SDD=1099.001 mm | M= 1.777 | incident=0.0000°
[[  79.381546   -613.1734       -0.80119514]
 [ -61.45242     476.76636      -0.80073166]
 [   0.14836657    0.01917083    0.        ]
 [   0.            0.            0.1496    ]]
Residual vector length: 400, Jacobian shape: (400, 6)
view   0 | SOD= 618.534 mm | SDD=1099.001 mm | M= 1.777 | incident=0.0000°
[[  86.59543    -612.44147      -0.80516434]
 [ -67.080025    475.76196      -0.80470085]
 [   0.14813022    0.02091886    0.        ]
 [   0.            0.            0.1496    ]]

iter 05 cost=4344.417945 -> 4282.876002 |dtheta|=7.296031e-01  lambda=4.115e-05

============================================================
Iteration 6
============================================================
Theta offsets (Unity frame):
  Source   : dSx=   0.000, dSy=   0.000, dSz=   0.000  (mm)
  Object   : dOx=  -0.394, dOy=   4.192, dOz=  15.052  (mm)
  Object offset: offset_x=  -0.316, offset_z=   3.476  (mm)
  Detector : dDx=   0.000, dDy=   0.000, dDz=   0.000  (mm)
  Obj Stage rotY :    9.078 deg
============================================================

Unity geometry (world coordinates):
  Source   : x=   0.000, y=  24.997, z=   0.000
  Object   : x=   0.147, y=  24.192, z= 615.052
  Detector : x= -25.318, y=  18.687, z=1059.000
  Obj rotY :  -1.0400 deg

Initial calibration:
  Source   : x=   0.000, y=   0.000, z=   0.000
  Object   : x=   0.000, y=   0.000, z=   0.000
  Detector : x=  25.318, y=   6.310, z=  40.001

After Calibration: 

Unity geometry (world coordinates):
  Source   : x=   0.000, y=  24.997, z=   0.000
  Object   : x=   0.147, y=  24.192, z= 615.052
  Detector : x=   0.000, y=  24.997, z=1099.001
  Obj rotY :  -1.0400 deg
view   0 | SOD= 618.534 mm | SDD=1099.001 mm | M= 1.777 | incident=0.0000°
[[  86.59543    -612.44147      -0.80516434]
 [ -67.080025    475.76196      -0.80470085]
 [   0.14813022    0.02091886    0.        ]
 [   0.            0.            0.1496    ]]
Residual vector length: 400, Jacobian shape: (400, 6)
view   0 | SOD= 619.377 mm | SDD=1099.001 mm | M= 1.774 | incident=0.0000°
[[  91.01346    -612.6528       -0.80570793]
 [ -70.21325     474.45755      -0.80524445]
 [   0.14798142    0.02194677    0.        ]
 [   0.            0.            0.1496    ]]

iter 06 cost=4282.876002 -> 4281.626060 |dtheta|=8.821153e-01  lambda=1.372e-05

============================================================
Iteration 7
============================================================
Theta offsets (Unity frame):
  Source   : dSx=   0.000, dSy=   0.000, dSz=   0.000  (mm)
  Object   : dOx=  -0.412, dOy=   4.192, dOz=  15.837  (mm)
  Object offset: offset_x=  -0.344, offset_z=   3.534  (mm)
  Detector : dDx=   0.000, dDy=   0.000, dDz=   0.000  (mm)
  Obj Stage rotY :    9.476 deg
============================================================

Unity geometry (world coordinates):
  Source   : x=   0.000, y=  24.997, z=   0.000
  Object   : x=   0.129, y=  24.192, z= 615.837
  Detector : x= -25.318, y=  18.687, z=1059.000
  Obj rotY :  -1.0400 deg

Initial calibration:
  Source   : x=   0.000, y=   0.000, z=   0.000
  Object   : x=   0.000, y=   0.000, z=   0.000
  Detector : x=  25.318, y=   6.310, z=  40.001

After Calibration: 

Unity geometry (world coordinates):
  Source   : x=   0.000, y=  24.997, z=   0.000
  Object   : x=   0.129, y=  24.192, z= 615.837
  Detector : x=   0.000, y=  24.997, z=1099.001
  Obj rotY :  -1.0400 deg
view   0 | SOD= 619.377 mm | SDD=1099.001 mm | M= 1.774 | incident=0.0000°
[[  91.01346    -612.6528       -0.80570793]
 [ -70.21325     474.45755      -0.80524445]
 [   0.14798142    0.02194677    0.        ]
 [   0.            0.            0.1496    ]]
Residual vector length: 400, Jacobian shape: (400, 6)
view   0 | SOD= 619.317 mm | SDD=1099.001 mm | M= 1.775 | incident=0.0000°
[[  90.83402    -612.6191       -0.7984123 ]
 [ -70.1516      474.52695      -0.79794884]
 [   0.14798628    0.02191395    0.        ]
 [   0.            0.            0.1496    ]]

iter 07 cost=4281.626060 -> 4280.877766 |dtheta|=7.361292e-02  lambda=4.572e-06

============================================================
Iteration 8
============================================================
Theta offsets (Unity frame):
  Source   : dSx=   0.000, dSy=   0.000, dSz=   0.000  (mm)
  Object   : dOx=  -0.402, dOy=   4.199, dOz=  15.844  (mm)
  Object offset: offset_x=  -0.317, offset_z=   3.468  (mm)
  Detector : dDx=   0.000, dDy=   0.000, dDz=   0.000  (mm)
  Obj Stage rotY :    9.463 deg
============================================================

Unity geometry (world coordinates):
  Source   : x=   0.000, y=  24.997, z=   0.000
  Object   : x=   0.139, y=  24.199, z= 615.844
  Detector : x= -25.318, y=  18.687, z=1059.000
  Obj rotY :  -1.0400 deg

Initial calibration:
  Source   : x=   0.000, y=   0.000, z=   0.000
  Object   : x=   0.000, y=   0.000, z=   0.000
  Detector : x=  25.318, y=   6.310, z=  40.001

After Calibration: 

Unity geometry (world coordinates):
  Source   : x=   0.000, y=  24.997, z=   0.000
  Object   : x=   0.139, y=  24.199, z= 615.844
  Detector : x=   0.000, y=  24.997, z=1099.001
  Obj rotY :  -1.0400 deg
view   0 | SOD= 619.317 mm | SDD=1099.001 mm | M= 1.775 | incident=0.0000°
[[  90.83402    -612.6191       -0.7984123 ]
 [ -70.1516      474.52695      -0.79794884]
 [   0.14798628    0.02191395    0.        ]
 [   0.            0.            0.1496    ]]
Residual vector length: 400, Jacobian shape: (400, 6)
view   0 | SOD= 619.387 mm | SDD=1099.001 mm | M= 1.774 | incident=0.0000°
[[  85.344246   -613.4782       -0.80041313]
 [ -65.88406     475.068        -0.79994965]
 [   0.14817688    0.02058575    0.        ]
 [   0.            0.            0.1496    ]]

iter 08 cost=4280.877766 -> 4277.061993 |dtheta|=5.200193e-01  lambda=1.524e-06

============================================================
Iteration 9
============================================================
Theta offsets (Unity frame):
  Source   : dSx=   0.000, dSy=   0.000, dSz=   0.000  (mm)
  Object   : dOx=  -0.402, dOy=   4.197, dOz=  15.834  (mm)
  Object offset: offset_x=  -0.317, offset_z=   3.547  (mm)
  Detector : dDx=   0.000, dDy=   0.000, dDz=   0.000  (mm)
  Obj Stage rotY :    8.949 deg
============================================================

Unity geometry (world coordinates):
  Source   : x=   0.000, y=  24.997, z=   0.000
  Object   : x=   0.138, y=  24.197, z= 615.834
  Detector : x= -25.318, y=  18.687, z=1059.000
  Obj rotY :  -1.0400 deg

Initial calibration:
  Source   : x=   0.000, y=   0.000, z=   0.000
  Object   : x=   0.000, y=   0.000, z=   0.000
  Detector : x=  25.318, y=   6.310, z=  40.001

After Calibration: 

Unity geometry (world coordinates):
  Source   : x=   0.000, y=  24.997, z=   0.000
  Object   : x=   0.138, y=  24.197, z= 615.834
  Detector : x=   0.000, y=  24.997, z=1099.001
  Obj rotY :  -1.0400 deg
view   0 | SOD= 619.387 mm | SDD=1099.001 mm | M= 1.774 | incident=0.0000°
[[  85.344246   -613.4782       -0.80041313]
 [ -65.88406     475.068        -0.79994965]
 [   0.14817688    0.02058575    0.        ]
 [   0.            0.            0.1496    ]]
Residual vector length: 400, Jacobian shape: (400, 6)
view   0 | SOD= 619.291 mm | SDD=1099.001 mm | M= 1.775 | incident=0.0000°
[[  89.69862    -612.7602       -0.79571533]
 [ -69.3092      474.67685      -0.79525185]
 [   0.1480259     0.02164472    0.        ]
 [   0.            0.            0.1496    ]]

iter 09 cost=4277.061993 -> 4282.640474 |dtheta|=4.179610e-01  lambda=1.000e-06

============================================================
Iteration 10
============================================================
Theta offsets (Unity frame):
  Source   : dSx=   0.000, dSy=   0.000, dSz=   0.000  (mm)
  Object   : dOx=  -0.402, dOy=   4.197, dOz=  15.834  (mm)
  Object offset: offset_x=  -0.317, offset_z=   3.547  (mm)
  Detector : dDx=   0.000, dDy=   0.000, dDz=   0.000  (mm)
  Obj Stage rotY :    8.949 deg
============================================================

Unity geometry (world coordinates):
  Source   : x=   0.000, y=  24.997, z=   0.000
  Object   : x=   0.138, y=  24.197, z= 615.834
  Detector : x= -25.318, y=  18.687, z=1059.000
  Obj rotY :  -1.0400 deg

Initial calibration:
  Source   : x=   0.000, y=   0.000, z=   0.000
  Object   : x=   0.000, y=   0.000, z=   0.000
  Detector : x=  25.318, y=   6.310, z=  40.001

After Calibration: 

Unity geometry (world coordinates):
  Source   : x=   0.000, y=  24.997, z=   0.000
  Object   : x=   0.138, y=  24.197, z= 615.834
  Detector : x=   0.000, y=  24.997, z=1099.001
  Obj rotY :  -1.0400 deg
view   0 | SOD= 619.387 mm | SDD=1099.001 mm | M= 1.774 | incident=0.0000°
[[  85.344246   -613.4782       -0.80041313]
 [ -65.88406     475.068        -0.79994965]
 [   0.14817688    0.02058575    0.        ]
 [   0.            0.            0.1496    ]]
Residual vector length: 400, Jacobian shape: (400, 6)
view   0 | SOD= 619.291 mm | SDD=1099.001 mm | M= 1.775 | incident=0.0000°
[[  89.69862    -612.7602       -0.79571533]
 [ -69.3092      474.67685      -0.79525185]
 [   0.1480259     0.02164472    0.        ]
 [   0.            0.            0.1496    ]]

iter 10 cost=4277.061993 -> 4282.640474 |dtheta|=4.179610e-01  lambda=5.000e-06

============================================================
Iteration 11
============================================================
Theta offsets (Unity frame):
  Source   : dSx=   0.000, dSy=   0.000, dSz=   0.000  (mm)
  Object   : dOx=  -0.402, dOy=   4.197, dOz=  15.834  (mm)
  Object offset: offset_x=  -0.317, offset_z=   3.547  (mm)
  Detector : dDx=   0.000, dDy=   0.000, dDz=   0.000  (mm)
  Obj Stage rotY :    8.949 deg
============================================================

Unity geometry (world coordinates):
  Source   : x=   0.000, y=  24.997, z=   0.000
  Object   : x=   0.138, y=  24.197, z= 615.834
  Detector : x= -25.318, y=  18.687, z=1059.000
  Obj rotY :  -1.0400 deg

Initial calibration:
  Source   : x=   0.000, y=   0.000, z=   0.000
  Object   : x=   0.000, y=   0.000, z=   0.000
  Detector : x=  25.318, y=   6.310, z=  40.001

After Calibration: 

Unity geometry (world coordinates):
  Source   : x=   0.000, y=  24.997, z=   0.000
  Object   : x=   0.138, y=  24.197, z= 615.834
  Detector : x=   0.000, y=  24.997, z=1099.001
  Obj rotY :  -1.0400 deg
view   0 | SOD= 619.387 mm | SDD=1099.001 mm | M= 1.774 | incident=0.0000°
[[  85.344246   -613.4782       -0.80041313]
 [ -65.88406     475.068        -0.79994965]
 [   0.14817688    0.02058575    0.        ]
 [   0.            0.            0.1496    ]]
Residual vector length: 400, Jacobian shape: (400, 6)
view   0 | SOD= 619.291 mm | SDD=1099.001 mm | M= 1.775 | incident=0.0000°
[[  89.69862    -612.7602       -0.79571533]
 [ -69.3092      474.67685      -0.79525185]
 [   0.1480259     0.02164472    0.        ]
 [   0.            0.            0.1496    ]]

iter 11 cost=4277.061993 -> 4282.640474 |dtheta|=4.179610e-01  lambda=2.500e-05

============================================================
Iteration 12
============================================================
Theta offsets (Unity frame):
  Source   : dSx=   0.000, dSy=   0.000, dSz=   0.000  (mm)
  Object   : dOx=  -0.402, dOy=   4.197, dOz=  15.834  (mm)
  Object offset: offset_x=  -0.317, offset_z=   3.547  (mm)
  Detector : dDx=   0.000, dDy=   0.000, dDz=   0.000  (mm)
  Obj Stage rotY :    8.949 deg
============================================================

Unity geometry (world coordinates):
  Source   : x=   0.000, y=  24.997, z=   0.000
  Object   : x=   0.138, y=  24.197, z= 615.834
  Detector : x= -25.318, y=  18.687, z=1059.000
  Obj rotY :  -1.0400 deg

Initial calibration:
  Source   : x=   0.000, y=   0.000, z=   0.000
  Object   : x=   0.000, y=   0.000, z=   0.000
  Detector : x=  25.318, y=   6.310, z=  40.001

After Calibration: 

Unity geometry (world coordinates):
  Source   : x=   0.000, y=  24.997, z=   0.000
  Object   : x=   0.138, y=  24.197, z= 615.834
  Detector : x=   0.000, y=  24.997, z=1099.001
  Obj rotY :  -1.0400 deg
view   0 | SOD= 619.387 mm | SDD=1099.001 mm | M= 1.774 | incident=0.0000°
[[  85.344246   -613.4782       -0.80041313]
 [ -65.88406     475.068        -0.79994965]
 [   0.14817688    0.02058575    0.        ]
 [   0.            0.            0.1496    ]]
Residual vector length: 400, Jacobian shape: (400, 6)
view   0 | SOD= 619.291 mm | SDD=1099.001 mm | M= 1.775 | incident=0.0000°
[[  89.69862    -612.7602       -0.79571533]
 [ -69.3092      474.67685      -0.79525185]
 [   0.1480259     0.02164472    0.        ]
 [   0.            0.            0.1496    ]]

iter 12 cost=4277.061993 -> 4282.640474 |dtheta|=4.179609e-01  lambda=1.250e-04

============================================================
Iteration 13
============================================================
Theta offsets (Unity frame):
  Source   : dSx=   0.000, dSy=   0.000, dSz=   0.000  (mm)
  Object   : dOx=  -0.402, dOy=   4.197, dOz=  15.834  (mm)
  Object offset: offset_x=  -0.317, offset_z=   3.547  (mm)
  Detector : dDx=   0.000, dDy=   0.000, dDz=   0.000  (mm)
  Obj Stage rotY :    8.949 deg
============================================================

Unity geometry (world coordinates):
  Source   : x=   0.000, y=  24.997, z=   0.000
  Object   : x=   0.138, y=  24.197, z= 615.834
  Detector : x= -25.318, y=  18.687, z=1059.000
  Obj rotY :  -1.0400 deg

Initial calibration:
  Source   : x=   0.000, y=   0.000, z=   0.000
  Object   : x=   0.000, y=   0.000, z=   0.000
  Detector : x=  25.318, y=   6.310, z=  40.001

After Calibration: 

Unity geometry (world coordinates):
  Source   : x=   0.000, y=  24.997, z=   0.000
  Object   : x=   0.138, y=  24.197, z= 615.834
  Detector : x=   0.000, y=  24.997, z=1099.001
  Obj rotY :  -1.0400 deg
view   0 | SOD= 619.387 mm | SDD=1099.001 mm | M= 1.774 | incident=0.0000°
[[  85.344246   -613.4782       -0.80041313]
 [ -65.88406     475.068        -0.79994965]
 [   0.14817688    0.02058575    0.        ]
 [   0.            0.            0.1496    ]]
Residual vector length: 400, Jacobian shape: (400, 6)
view   0 | SOD= 619.291 mm | SDD=1099.001 mm | M= 1.775 | incident=0.0000°
[[  89.698616   -612.7602       -0.79571533]
 [ -69.3092      474.67688      -0.79525185]
 [   0.1480259     0.02164472    0.        ]
 [   0.            0.            0.1496    ]]

iter 13 cost=4277.061993 -> 4282.640474 |dtheta|=4.179605e-01  lambda=6.250e-04

============================================================
Iteration 14
============================================================
Theta offsets (Unity frame):
  Source   : dSx=   0.000, dSy=   0.000, dSz=   0.000  (mm)
  Object   : dOx=  -0.402, dOy=   4.197, dOz=  15.834  (mm)
  Object offset: offset_x=  -0.317, offset_z=   3.547  (mm)
  Detector : dDx=   0.000, dDy=   0.000, dDz=   0.000  (mm)
  Obj Stage rotY :    8.949 deg
============================================================

Unity geometry (world coordinates):
  Source   : x=   0.000, y=  24.997, z=   0.000
  Object   : x=   0.138, y=  24.197, z= 615.834
  Detector : x= -25.318, y=  18.687, z=1059.000
  Obj rotY :  -1.0400 deg

Initial calibration:
  Source   : x=   0.000, y=   0.000, z=   0.000
  Object   : x=   0.000, y=   0.000, z=   0.000
  Detector : x=  25.318, y=   6.310, z=  40.001

After Calibration: 

Unity geometry (world coordinates):
  Source   : x=   0.000, y=  24.997, z=   0.000
  Object   : x=   0.138, y=  24.197, z= 615.834
  Detector : x=   0.000, y=  24.997, z=1099.001
  Obj rotY :  -1.0400 deg
view   0 | SOD= 619.387 mm | SDD=1099.001 mm | M= 1.774 | incident=0.0000°
[[  85.344246   -613.4782       -0.80041313]
 [ -65.88406     475.068        -0.79994965]
 [   0.14817688    0.02058575    0.        ]
 [   0.            0.            0.1496    ]]
Residual vector length: 400, Jacobian shape: (400, 6)
view   0 | SOD= 619.291 mm | SDD=1099.001 mm | M= 1.775 | incident=0.0000°
[[  89.69859    -612.7602       -0.79571533]
 [ -69.30917     474.67688      -0.79525185]
 [   0.1480259     0.02164472    0.        ]
 [   0.            0.            0.1496    ]]

iter 14 cost=4277.061993 -> 4282.608689 |dtheta|=4.179584e-01  lambda=3.125e-03

============================================================
Iteration 15
============================================================
Theta offsets (Unity frame):
  Source   : dSx=   0.000, dSy=   0.000, dSz=   0.000  (mm)
  Object   : dOx=  -0.402, dOy=   4.197, dOz=  15.834  (mm)
  Object offset: offset_x=  -0.317, offset_z=   3.547  (mm)
  Detector : dDx=   0.000, dDy=   0.000, dDz=   0.000  (mm)
  Obj Stage rotY :    8.949 deg
============================================================

Unity geometry (world coordinates):
  Source   : x=   0.000, y=  24.997, z=   0.000
  Object   : x=   0.138, y=  24.197, z= 615.834
  Detector : x= -25.318, y=  18.687, z=1059.000
  Obj rotY :  -1.0400 deg

Initial calibration:
  Source   : x=   0.000, y=   0.000, z=   0.000
  Object   : x=   0.000, y=   0.000, z=   0.000
  Detector : x=  25.318, y=   6.310, z=  40.001

After Calibration: 

Unity geometry (world coordinates):
  Source   : x=   0.000, y=  24.997, z=   0.000
  Object   : x=   0.138, y=  24.197, z= 615.834
  Detector : x=   0.000, y=  24.997, z=1099.001
  Obj rotY :  -1.0400 deg
view   0 | SOD= 619.387 mm | SDD=1099.001 mm | M= 1.774 | incident=0.0000°
[[  85.344246   -613.4782       -0.80041313]
 [ -65.88406     475.068        -0.79994965]
 [   0.14817688    0.02058575    0.        ]
 [   0.            0.            0.1496    ]]
Residual vector length: 400, Jacobian shape: (400, 6)
view   0 | SOD= 619.291 mm | SDD=1099.001 mm | M= 1.775 | incident=0.0000°
[[  89.69848    -612.76025      -0.79571533]
 [ -69.30909     474.67688      -0.79525185]
 [   0.1480259     0.02164469    0.        ]
 [   0.            0.            0.1496    ]]

iter 15 cost=4277.061993 -> 4282.391663 |dtheta|=4.179479e-01  lambda=1.562e-02

============================================================
Iteration 16
============================================================
Theta offsets (Unity frame):
  Source   : dSx=   0.000, dSy=   0.000, dSz=   0.000  (mm)
  Object   : dOx=  -0.402, dOy=   4.197, dOz=  15.834  (mm)
  Object offset: offset_x=  -0.317, offset_z=   3.547  (mm)
  Detector : dDx=   0.000, dDy=   0.000, dDz=   0.000  (mm)
  Obj Stage rotY :    8.949 deg
============================================================

Unity geometry (world coordinates):
  Source   : x=   0.000, y=  24.997, z=   0.000
  Object   : x=   0.138, y=  24.197, z= 615.834
  Detector : x= -25.318, y=  18.687, z=1059.000
  Obj rotY :  -1.0400 deg

Initial calibration:
  Source   : x=   0.000, y=   0.000, z=   0.000
  Object   : x=   0.000, y=   0.000, z=   0.000
  Detector : x=  25.318, y=   6.310, z=  40.001

After Calibration: 

Unity geometry (world coordinates):
  Source   : x=   0.000, y=  24.997, z=   0.000
  Object   : x=   0.138, y=  24.197, z= 615.834
  Detector : x=   0.000, y=  24.997, z=1099.001
  Obj rotY :  -1.0400 deg
view   0 | SOD= 619.387 mm | SDD=1099.001 mm | M= 1.774 | incident=0.0000°
[[  85.344246   -613.4782       -0.80041313]
 [ -65.88406     475.068        -0.79994965]
 [   0.14817688    0.02058575    0.        ]
 [   0.            0.            0.1496    ]]
Residual vector length: 400, Jacobian shape: (400, 6)
view   0 | SOD= 619.291 mm | SDD=1099.001 mm | M= 1.775 | incident=0.0000°
[[  89.69791    -612.7603       -0.79571533]
 [ -69.30864     474.67694      -0.79525185]
 [   0.14802592    0.02164455    0.        ]
 [   0.            0.            0.1496    ]]

iter 16 cost=4277.061993 -> 4282.391663 |dtheta|=4.178954e-01  lambda=7.812e-02

============================================================
Iteration 17
============================================================
Theta offsets (Unity frame):
  Source   : dSx=   0.000, dSy=   0.000, dSz=   0.000  (mm)
  Object   : dOx=  -0.402, dOy=   4.197, dOz=  15.834  (mm)
  Object offset: offset_x=  -0.317, offset_z=   3.547  (mm)
  Detector : dDx=   0.000, dDy=   0.000, dDz=   0.000  (mm)
  Obj Stage rotY :    8.949 deg
============================================================

Unity geometry (world coordinates):
  Source   : x=   0.000, y=  24.997, z=   0.000
  Object   : x=   0.138, y=  24.197, z= 615.834
  Detector : x= -25.318, y=  18.687, z=1059.000
  Obj rotY :  -1.0400 deg

Initial calibration:
  Source   : x=   0.000, y=   0.000, z=   0.000
  Object   : x=   0.000, y=   0.000, z=   0.000
  Detector : x=  25.318, y=   6.310, z=  40.001

After Calibration: 

Unity geometry (world coordinates):
  Source   : x=   0.000, y=  24.997, z=   0.000
  Object   : x=   0.138, y=  24.197, z= 615.834
  Detector : x=   0.000, y=  24.997, z=1099.001
  Obj rotY :  -1.0400 deg
view   0 | SOD= 619.387 mm | SDD=1099.001 mm | M= 1.774 | incident=0.0000°
[[  85.344246   -613.4782       -0.80041313]
 [ -65.88406     475.068        -0.79994965]
 [   0.14817688    0.02058575    0.        ]
 [   0.            0.            0.1496    ]]
Residual vector length: 400, Jacobian shape: (400, 6)
view   0 | SOD= 619.291 mm | SDD=1099.001 mm | M= 1.775 | incident=0.0000°
[[  89.69504    -612.7607       -0.79571533]
 [ -69.30643     474.67734      -0.79525185]
 [   0.14802602    0.02164386    0.        ]
 [   0.            0.            0.1496    ]]

iter 17 cost=4277.061993 -> 4282.027895 |dtheta|=4.176332e-01  lambda=3.906e-01

============================================================
Iteration 18
============================================================
Theta offsets (Unity frame):
  Source   : dSx=   0.000, dSy=   0.000, dSz=   0.000  (mm)
  Object   : dOx=  -0.402, dOy=   4.197, dOz=  15.834  (mm)
  Object offset: offset_x=  -0.317, offset_z=   3.547  (mm)
  Detector : dDx=   0.000, dDy=   0.000, dDz=   0.000  (mm)
  Obj Stage rotY :    8.949 deg
============================================================

Unity geometry (world coordinates):
  Source   : x=   0.000, y=  24.997, z=   0.000
  Object   : x=   0.138, y=  24.197, z= 615.834
  Detector : x= -25.318, y=  18.687, z=1059.000
  Obj rotY :  -1.0400 deg

Initial calibration:
  Source   : x=   0.000, y=   0.000, z=   0.000
  Object   : x=   0.000, y=   0.000, z=   0.000
  Detector : x=  25.318, y=   6.310, z=  40.001

After Calibration: 

Unity geometry (world coordinates):
  Source   : x=   0.000, y=  24.997, z=   0.000
  Object   : x=   0.138, y=  24.197, z= 615.834
  Detector : x=   0.000, y=  24.997, z=1099.001
  Obj rotY :  -1.0400 deg
view   0 | SOD= 619.387 mm | SDD=1099.001 mm | M= 1.774 | incident=0.0000°
[[  85.344246   -613.4782       -0.80041313]
 [ -65.88406     475.068        -0.79994965]
 [   0.14817688    0.02058575    0.        ]
 [   0.            0.            0.1496    ]]
Residual vector length: 400, Jacobian shape: (400, 6)
view   0 | SOD= 619.291 mm | SDD=1099.001 mm | M= 1.775 | incident=0.0000°
[[  89.68076    -612.7625       -0.79571915]
 [ -69.29537     474.6792       -0.79525566]
 [   0.14802653    0.02164041    0.        ]
 [   0.            0.            0.1496    ]]

iter 18 cost=4277.061993 -> 4282.858872 |dtheta|=4.163277e-01  lambda=1.953e+00

============================================================
Iteration 19
============================================================
Theta offsets (Unity frame):
  Source   : dSx=   0.000, dSy=   0.000, dSz=   0.000  (mm)
  Object   : dOx=  -0.402, dOy=   4.197, dOz=  15.834  (mm)
  Object offset: offset_x=  -0.317, offset_z=   3.547  (mm)
  Detector : dDx=   0.000, dDy=   0.000, dDz=   0.000  (mm)
  Obj Stage rotY :    8.949 deg
============================================================

Unity geometry (world coordinates):
  Source   : x=   0.000, y=  24.997, z=   0.000
  Object   : x=   0.138, y=  24.197, z= 615.834
  Detector : x= -25.318, y=  18.687, z=1059.000
  Obj rotY :  -1.0400 deg

Initial calibration:
  Source   : x=   0.000, y=   0.000, z=   0.000
  Object   : x=   0.000, y=   0.000, z=   0.000
  Detector : x=  25.318, y=   6.310, z=  40.001

After Calibration: 

Unity geometry (world coordinates):
  Source   : x=   0.000, y=  24.997, z=   0.000
  Object   : x=   0.138, y=  24.197, z= 615.834
  Detector : x=   0.000, y=  24.997, z=1099.001
  Obj rotY :  -1.0400 deg
view   0 | SOD= 619.387 mm | SDD=1099.001 mm | M= 1.774 | incident=0.0000°
[[  85.344246   -613.4782       -0.80041313]
 [ -65.88406     475.068        -0.79994965]
 [   0.14817688    0.02058575    0.        ]
 [   0.            0.            0.1496    ]]
Residual vector length: 400, Jacobian shape: (400, 6)
view   0 | SOD= 619.290 mm | SDD=1099.001 mm | M= 1.775 | incident=0.0000°
[[  89.610954   -612.772        -0.7957401 ]
 [ -69.24123     474.68784      -0.79527664]
 [   0.14802898    0.02162354    0.        ]
 [   0.            0.            0.1496    ]]

iter 19 cost=4277.061993 -> 4283.232136 |dtheta|=4.099328e-01  lambda=9.766e+00

============================================================
Iteration 20
============================================================
Theta offsets (Unity frame):
  Source   : dSx=   0.000, dSy=   0.000, dSz=   0.000  (mm)
  Object   : dOx=  -0.402, dOy=   4.197, dOz=  15.834  (mm)
  Object offset: offset_x=  -0.317, offset_z=   3.547  (mm)
  Detector : dDx=   0.000, dDy=   0.000, dDz=   0.000  (mm)
  Obj Stage rotY :    8.949 deg
============================================================

Unity geometry (world coordinates):
  Source   : x=   0.000, y=  24.997, z=   0.000
  Object   : x=   0.138, y=  24.197, z= 615.834
  Detector : x= -25.318, y=  18.687, z=1059.000
  Obj rotY :  -1.0400 deg

Initial calibration:
  Source   : x=   0.000, y=   0.000, z=   0.000
  Object   : x=   0.000, y=   0.000, z=   0.000
  Detector : x=  25.318, y=   6.310, z=  40.001

After Calibration: 

Unity geometry (world coordinates):
  Source   : x=   0.000, y=  24.997, z=   0.000
  Object   : x=   0.138, y=  24.197, z= 615.834
  Detector : x=   0.000, y=  24.997, z=1099.001
  Obj rotY :  -1.0400 deg
view   0 | SOD= 619.387 mm | SDD=1099.001 mm | M= 1.774 | incident=0.0000°
[[  85.344246   -613.4782       -0.80041313]
 [ -65.88406     475.068        -0.79994965]
 [   0.14817688    0.02058575    0.        ]
 [   0.            0.            0.1496    ]]
Residual vector length: 400, Jacobian shape: (400, 6)
view   0 | SOD= 619.289 mm | SDD=1099.001 mm | M= 1.775 | incident=0.0000°
[[  89.294785   -612.81714      -0.7958298 ]
 [ -68.99536     474.7246       -0.7953663 ]
 [   0.14804015    0.02154703    0.        ]
 [   0.            0.            0.1496    ]]

iter 20 cost=4277.061993 -> 4281.852039 |dtheta|=3.808757e-01  lambda=4.883e+01

============================================================
Iteration 21
============================================================
Theta offsets (Unity frame):
  Source   : dSx=   0.000, dSy=   0.000, dSz=   0.000  (mm)
  Object   : dOx=  -0.402, dOy=   4.197, dOz=  15.834  (mm)
  Object offset: offset_x=  -0.317, offset_z=   3.547  (mm)
  Detector : dDx=   0.000, dDy=   0.000, dDz=   0.000  (mm)
  Obj Stage rotY :    8.949 deg
============================================================

Unity geometry (world coordinates):
  Source   : x=   0.000, y=  24.997, z=   0.000
  Object   : x=   0.138, y=  24.197, z= 615.834
  Detector : x= -25.318, y=  18.687, z=1059.000
  Obj rotY :  -1.0400 deg

Initial calibration:
  Source   : x=   0.000, y=   0.000, z=   0.000
  Object   : x=   0.000, y=   0.000, z=   0.000
  Detector : x=  25.318, y=   6.310, z=  40.001

After Calibration: 

Unity geometry (world coordinates):
  Source   : x=   0.000, y=  24.997, z=   0.000
  Object   : x=   0.138, y=  24.197, z= 615.834
  Detector : x=   0.000, y=  24.997, z=1099.001
  Obj rotY :  -1.0400 deg
view   0 | SOD= 619.387 mm | SDD=1099.001 mm | M= 1.774 | incident=0.0000°
[[  85.344246   -613.4782       -0.80041313]
 [ -65.88406     475.068        -0.79994965]
 [   0.14817688    0.02058575    0.        ]
 [   0.            0.            0.1496    ]]
Residual vector length: 400, Jacobian shape: (400, 6)
view   0 | SOD= 619.295 mm | SDD=1099.001 mm | M= 1.775 | incident=0.0000°
[[  88.22931    -612.97766      -0.7961559 ]
 [ -68.16435     474.83844      -0.79569244]
 [   0.14807749    0.02128888    0.        ]
 [   0.            0.            0.1496    ]]

iter 21 cost=4277.061993 -> 4280.489017 |dtheta|=2.829608e-01  lambda=2.441e+02

============================================================
Iteration 22
============================================================
Theta offsets (Unity frame):
  Source   : dSx=   0.000, dSy=   0.000, dSz=   0.000  (mm)
  Object   : dOx=  -0.402, dOy=   4.197, dOz=  15.834  (mm)
  Object offset: offset_x=  -0.317, offset_z=   3.547  (mm)
  Detector : dDx=   0.000, dDy=   0.000, dDz=   0.000  (mm)
  Obj Stage rotY :    8.949 deg
============================================================

Unity geometry (world coordinates):
  Source   : x=   0.000, y=  24.997, z=   0.000
  Object   : x=   0.138, y=  24.197, z= 615.834
  Detector : x= -25.318, y=  18.687, z=1059.000
  Obj rotY :  -1.0400 deg

Initial calibration:
  Source   : x=   0.000, y=   0.000, z=   0.000
  Object   : x=   0.000, y=   0.000, z=   0.000
  Detector : x=  25.318, y=   6.310, z=  40.001

After Calibration: 

Unity geometry (world coordinates):
  Source   : x=   0.000, y=  24.997, z=   0.000
  Object   : x=   0.138, y=  24.197, z= 615.834
  Detector : x=   0.000, y=  24.997, z=1099.001
  Obj rotY :  -1.0400 deg
view   0 | SOD= 619.387 mm | SDD=1099.001 mm | M= 1.774 | incident=0.0000°
[[  85.344246   -613.4782       -0.80041313]
 [ -65.88406     475.068        -0.79994965]
 [   0.14817688    0.02058575    0.        ]
 [   0.            0.            0.1496    ]]
Residual vector length: 400, Jacobian shape: (400, 6)
view   0 | SOD= 619.315 mm | SDD=1099.001 mm | M= 1.775 | incident=0.0000°
[[  86.5641     -613.23444      -0.79699326]
 [ -66.86293     475.0041       -0.79652977]
 [   0.14813499    0.02088505    0.        ]
 [   0.            0.            0.1496    ]]

iter 22 cost=4277.061993 -> 4277.617126 |dtheta|=1.335034e-01  lambda=1.221e+03

============================================================
Iteration 23
============================================================
Theta offsets (Unity frame):
  Source   : dSx=   0.000, dSy=   0.000, dSz=   0.000  (mm)
  Object   : dOx=  -0.402, dOy=   4.197, dOz=  15.834  (mm)
  Object offset: offset_x=  -0.317, offset_z=   3.547  (mm)
  Detector : dDx=   0.000, dDy=   0.000, dDz=   0.000  (mm)
  Obj Stage rotY :    8.949 deg
============================================================

Unity geometry (world coordinates):
  Source   : x=   0.000, y=  24.997, z=   0.000
  Object   : x=   0.138, y=  24.197, z= 615.834
  Detector : x= -25.318, y=  18.687, z=1059.000
  Obj rotY :  -1.0400 deg

Initial calibration:
  Source   : x=   0.000, y=   0.000, z=   0.000
  Object   : x=   0.000, y=   0.000, z=   0.000
  Detector : x=  25.318, y=   6.310, z=  40.001

After Calibration: 

Unity geometry (world coordinates):
  Source   : x=   0.000, y=  24.997, z=   0.000
  Object   : x=   0.138, y=  24.197, z= 615.834
  Detector : x=   0.000, y=  24.997, z=1099.001
  Obj rotY :  -1.0400 deg
view   0 | SOD= 619.387 mm | SDD=1099.001 mm | M= 1.774 | incident=0.0000°
[[  85.344246   -613.4782       -0.80041313]
 [ -65.88406     475.068        -0.79994965]
 [   0.14817688    0.02058575    0.        ]
 [   0.            0.            0.1496    ]]
Residual vector length: 400, Jacobian shape: (400, 6)
view   0 | SOD= 619.342 mm | SDD=1099.001 mm | M= 1.774 | incident=0.0000°
[[  85.64774    -613.39105      -0.79859734]
 [ -66.140495    475.07724      -0.79813385]
 [   0.14816627    0.02066197    0.        ]
 [   0.            0.            0.1496    ]]

iter 23 cost=4277.061993 -> 4268.861413 |dtheta|=5.261921e-02  lambda=6.104e+03

============================================================
Iteration 24
============================================================
Theta offsets (Unity frame):
  Source   : dSx=   0.000, dSy=   0.000, dSz=   0.000  (mm)
  Object   : dOx=  -0.405, dOy=   4.199, dOz=  15.833  (mm)
  Object offset: offset_x=  -0.308, offset_z=   3.504  (mm)
  Detector : dDx=   0.000, dDy=   0.000, dDz=   0.000  (mm)
  Obj Stage rotY :    8.979 deg
============================================================

Unity geometry (world coordinates):
  Source   : x=   0.000, y=  24.997, z=   0.000
  Object   : x=   0.136, y=  24.199, z= 615.833
  Detector : x= -25.318, y=  18.687, z=1059.000
  Obj rotY :  -1.0400 deg

Initial calibration:
  Source   : x=   0.000, y=   0.000, z=   0.000
  Object   : x=   0.000, y=   0.000, z=   0.000
  Detector : x=  25.318, y=   6.310, z=  40.001

After Calibration: 

Unity geometry (world coordinates):
  Source   : x=   0.000, y=  24.997, z=   0.000
  Object   : x=   0.136, y=  24.199, z= 615.833
  Detector : x=   0.000, y=  24.997, z=1099.001
  Obj rotY :  -1.0400 deg
view   0 | SOD= 619.342 mm | SDD=1099.001 mm | M= 1.774 | incident=0.0000°
[[  85.64774    -613.39105      -0.79859734]
 [ -66.140495    475.07724      -0.79813385]
 [   0.14816627    0.02066197    0.        ]
 [   0.            0.            0.1496    ]]
Residual vector length: 400, Jacobian shape: (400, 6)
view   0 | SOD= 619.351 mm | SDD=1099.001 mm | M= 1.774 | incident=0.0000°
[[  86.74639    -613.2452       -0.8003769 ]
 [ -66.87516     474.96588      -0.7999134 ]
 [   0.14813125    0.02091152    0.        ]
 [   0.            0.            0.1496    ]]

iter 24 cost=4268.861413 -> 4274.561676 |dtheta|=1.176296e-01  lambda=2.035e+03

============================================================
Iteration 25
============================================================
Theta offsets (Unity frame):
  Source   : dSx=   0.000, dSy=   0.000, dSz=   0.000  (mm)
  Object   : dOx=  -0.405, dOy=   4.199, dOz=  15.833  (mm)
  Object offset: offset_x=  -0.308, offset_z=   3.504  (mm)
  Detector : dDx=   0.000, dDy=   0.000, dDz=   0.000  (mm)
  Obj Stage rotY :    8.979 deg
============================================================

Unity geometry (world coordinates):
  Source   : x=   0.000, y=  24.997, z=   0.000
  Object   : x=   0.136, y=  24.199, z= 615.833
  Detector : x= -25.318, y=  18.687, z=1059.000
  Obj rotY :  -1.0400 deg

Initial calibration:
  Source   : x=   0.000, y=   0.000, z=   0.000
  Object   : x=   0.000, y=   0.000, z=   0.000
  Detector : x=  25.318, y=   6.310, z=  40.001

After Calibration: 

Unity geometry (world coordinates):
  Source   : x=   0.000, y=  24.997, z=   0.000
  Object   : x=   0.136, y=  24.199, z= 615.833
  Detector : x=   0.000, y=  24.997, z=1099.001
  Obj rotY :  -1.0400 deg
view   0 | SOD= 619.342 mm | SDD=1099.001 mm | M= 1.774 | incident=0.0000°
[[  85.64774    -613.39105      -0.79859734]
 [ -66.140495    475.07724      -0.79813385]
 [   0.14816627    0.02066197    0.        ]
 [   0.            0.            0.1496    ]]
Residual vector length: 400, Jacobian shape: (400, 6)
view   0 | SOD= 619.350 mm | SDD=1099.001 mm | M= 1.774 | incident=0.0000°
[[  85.93642    -613.35864      -0.80018806]
 [ -66.29484     475.0478       -0.7997246 ]
 [   0.14815785    0.02072227    0.        ]
 [   0.            0.            0.1496    ]]

iter 25 cost=4268.861413 -> 4277.230387 |dtheta|=4.549031e-02  lambda=1.017e+04

============================================================
Iteration 26
============================================================
Theta offsets (Unity frame):
  Source   : dSx=   0.000, dSy=   0.000, dSz=   0.000  (mm)
  Object   : dOx=  -0.405, dOy=   4.199, dOz=  15.833  (mm)
  Object offset: offset_x=  -0.308, offset_z=   3.504  (mm)
  Detector : dDx=   0.000, dDy=   0.000, dDz=   0.000  (mm)
  Obj Stage rotY :    8.979 deg
============================================================

Unity geometry (world coordinates):
  Source   : x=   0.000, y=  24.997, z=   0.000
  Object   : x=   0.136, y=  24.199, z= 615.833
  Detector : x= -25.318, y=  18.687, z=1059.000
  Obj rotY :  -1.0400 deg

Initial calibration:
  Source   : x=   0.000, y=   0.000, z=   0.000
  Object   : x=   0.000, y=   0.000, z=   0.000
  Detector : x=  25.318, y=   6.310, z=  40.001

After Calibration: 

Unity geometry (world coordinates):
  Source   : x=   0.000, y=  24.997, z=   0.000
  Object   : x=   0.136, y=  24.199, z= 615.833
  Detector : x=   0.000, y=  24.997, z=1099.001
  Obj rotY :  -1.0400 deg
view   0 | SOD= 619.342 mm | SDD=1099.001 mm | M= 1.774 | incident=0.0000°
[[  85.64774    -613.39105      -0.79859734]
 [ -66.140495    475.07724      -0.79813385]
 [   0.14816627    0.02066197    0.        ]
 [   0.            0.            0.1496    ]]
Residual vector length: 400, Jacobian shape: (400, 6)
view   0 | SOD= 619.345 mm | SDD=1099.001 mm | M= 1.774 | incident=0.0000°
[[  85.71307    -613.3845       -0.79930496]
 [ -66.16845     475.07074      -0.7988415 ]
 [   0.1481645     0.02067467    0.        ]
 [   0.            0.            0.1496    ]]

iter 26 cost=4268.861413 -> 4264.412755 |dtheta|=1.357345e-02  lambda=5.086e+04

============================================================
Iteration 27
============================================================
Theta offsets (Unity frame):
  Source   : dSx=   0.000, dSy=   0.000, dSz=   0.000  (mm)
  Object   : dOx=  -0.405, dOy=   4.198, dOz=  15.832  (mm)
  Object offset: offset_x=  -0.320, offset_z=   3.507  (mm)
  Detector : dDx=   0.000, dDy=   0.000, dDz=   0.000  (mm)
  Obj Stage rotY :    8.984 deg
============================================================

Unity geometry (world coordinates):
  Source   : x=   0.000, y=  24.997, z=   0.000
  Object   : x=   0.136, y=  24.198, z= 615.832
  Detector : x= -25.318, y=  18.687, z=1059.000
  Obj rotY :  -1.0400 deg

Initial calibration:
  Source   : x=   0.000, y=   0.000, z=   0.000
  Object   : x=   0.000, y=   0.000, z=   0.000
  Detector : x=  25.318, y=   6.310, z=  40.001

After Calibration: 

Unity geometry (world coordinates):
  Source   : x=   0.000, y=  24.997, z=   0.000
  Object   : x=   0.136, y=  24.198, z= 615.832
  Detector : x=   0.000, y=  24.997, z=1099.001
  Obj rotY :  -1.0400 deg
view   0 | SOD= 619.345 mm | SDD=1099.001 mm | M= 1.774 | incident=0.0000°
[[  85.71307    -613.3845       -0.79930496]
 [ -66.16845     475.07074      -0.7988415 ]
 [   0.1481645     0.02067467    0.        ]
 [   0.            0.            0.1496    ]]
Residual vector length: 400, Jacobian shape: (400, 6)
view   0 | SOD= 619.339 mm | SDD=1099.001 mm | M= 1.774 | incident=0.0000°
[[  85.74307    -613.3749       -0.79956245]
 [ -66.21449     475.06976      -0.79909897]
 [   0.14816305    0.02068502    0.        ]
 [   0.            0.            0.1496    ]]

iter 27 cost=4264.412755 -> 4265.311927 |dtheta|=1.220491e-02  lambda=1.695e+04

============================================================
Iteration 28
============================================================
Theta offsets (Unity frame):
  Source   : dSx=   0.000, dSy=   0.000, dSz=   0.000  (mm)
  Object   : dOx=  -0.405, dOy=   4.198, dOz=  15.832  (mm)
  Object offset: offset_x=  -0.320, offset_z=   3.507  (mm)
  Detector : dDx=   0.000, dDy=   0.000, dDz=   0.000  (mm)
  Obj Stage rotY :    8.984 deg
============================================================

Unity geometry (world coordinates):
  Source   : x=   0.000, y=  24.997, z=   0.000
  Object   : x=   0.136, y=  24.198, z= 615.832
  Detector : x= -25.318, y=  18.687, z=1059.000
  Obj rotY :  -1.0400 deg

Initial calibration:
  Source   : x=   0.000, y=   0.000, z=   0.000
  Object   : x=   0.000, y=   0.000, z=   0.000
  Detector : x=  25.318, y=   6.310, z=  40.001

After Calibration: 

Unity geometry (world coordinates):
  Source   : x=   0.000, y=  24.997, z=   0.000
  Object   : x=   0.136, y=  24.198, z= 615.832
  Detector : x=   0.000, y=  24.997, z=1099.001
  Obj rotY :  -1.0400 deg
view   0 | SOD= 619.345 mm | SDD=1099.001 mm | M= 1.774 | incident=0.0000°
[[  85.71307    -613.3845       -0.79930496]
 [ -66.16845     475.07074      -0.7988415 ]
 [   0.1481645     0.02067467    0.        ]
 [   0.            0.            0.1496    ]]
Residual vector length: 400, Jacobian shape: (400, 6)
view   0 | SOD= 619.343 mm | SDD=1099.001 mm | M= 1.774 | incident=0.0000°
[[  85.71787    -613.3825       -0.7993622 ]
 [ -66.17872     475.07068      -0.7988987 ]
 [   0.14816421    0.02067672    0.        ]
 [   0.            0.            0.1496    ]]

iter 28 cost=4264.412755 -> 4264.732224 |dtheta|=3.348422e-03  lambda=8.477e+04

============================================================
Iteration 29
============================================================
Theta offsets (Unity frame):
  Source   : dSx=   0.000, dSy=   0.000, dSz=   0.000  (mm)
  Object   : dOx=  -0.405, dOy=   4.198, dOz=  15.832  (mm)
  Object offset: offset_x=  -0.320, offset_z=   3.507  (mm)
  Detector : dDx=   0.000, dDy=   0.000, dDz=   0.000  (mm)
  Obj Stage rotY :    8.984 deg
============================================================

Unity geometry (world coordinates):
  Source   : x=   0.000, y=  24.997, z=   0.000
  Object   : x=   0.136, y=  24.198, z= 615.832
  Detector : x= -25.318, y=  18.687, z=1059.000
  Obj rotY :  -1.0400 deg

Initial calibration:
  Source   : x=   0.000, y=   0.000, z=   0.000
  Object   : x=   0.000, y=   0.000, z=   0.000
  Detector : x=  25.318, y=   6.310, z=  40.001

After Calibration: 

Unity geometry (world coordinates):
  Source   : x=   0.000, y=  24.997, z=   0.000
  Object   : x=   0.136, y=  24.198, z= 615.832
  Detector : x=   0.000, y=  24.997, z=1099.001
  Obj rotY :  -1.0400 deg
view   0 | SOD= 619.345 mm | SDD=1099.001 mm | M= 1.774 | incident=0.0000°
[[  85.71307    -613.3845       -0.79930496]
 [ -66.16845     475.07074      -0.7988415 ]
 [   0.1481645     0.02067467    0.        ]
 [   0.            0.            0.1496    ]]
Residual vector length: 400, Jacobian shape: (400, 6)
view   0 | SOD= 619.345 mm | SDD=1099.001 mm | M= 1.774 | incident=0.0000°
[[  85.71395    -613.38416      -0.7993164 ]
 [ -66.17056     475.0707       -0.7988529 ]
 [   0.14816444    0.02067507    0.        ]
 [   0.            0.            0.1496    ]]

iter 29 cost=4264.412755 -> 4265.296683 |dtheta|=7.273339e-04  lambda=4.239e+05

============================================================
Iteration 30
============================================================
Theta offsets (Unity frame):
  Source   : dSx=   0.000, dSy=   0.000, dSz=   0.000  (mm)
  Object   : dOx=  -0.405, dOy=   4.198, dOz=  15.832  (mm)
  Object offset: offset_x=  -0.320, offset_z=   3.507  (mm)
  Detector : dDx=   0.000, dDy=   0.000, dDz=   0.000  (mm)
  Obj Stage rotY :    8.984 deg
============================================================

Unity geometry (world coordinates):
  Source   : x=   0.000, y=  24.997, z=   0.000
  Object   : x=   0.136, y=  24.198, z= 615.832
  Detector : x= -25.318, y=  18.687, z=1059.000
  Obj rotY :  -1.0400 deg

Initial calibration:
  Source   : x=   0.000, y=   0.000, z=   0.000
  Object   : x=   0.000, y=   0.000, z=   0.000
  Detector : x=  25.318, y=   6.310, z=  40.001

After Calibration: 

Unity geometry (world coordinates):
  Source   : x=   0.000, y=  24.997, z=   0.000
  Object   : x=   0.136, y=  24.198, z= 615.832
  Detector : x=   0.000, y=  24.997, z=1099.001
  Obj rotY :  -1.0400 deg
view   0 | SOD= 619.345 mm | SDD=1099.001 mm | M= 1.774 | incident=0.0000°
[[  85.71307    -613.3845       -0.79930496]
 [ -66.16845     475.07074      -0.7988415 ]
 [   0.1481645     0.02067467    0.        ]
 [   0.            0.            0.1496    ]]
Residual vector length: 400, Jacobian shape: (400, 6)
view   0 | SOD= 619.345 mm | SDD=1099.001 mm | M= 1.774 | incident=0.0000°
[[  85.71345    -613.3844       -0.7993088 ]
 [ -66.16934     475.07068      -0.7988453 ]
 [   0.14816447    0.02067484    0.        ]
 [   0.            0.            0.1496    ]]

iter 30 cost=4264.412755 -> 4264.890915 |dtheta|=3.122014e-04  lambda=1.000e+06

============================================================
Iteration 31
============================================================
Theta offsets (Unity frame):
  Source   : dSx=   0.000, dSy=   0.000, dSz=   0.000  (mm)
  Object   : dOx=  -0.405, dOy=   4.198, dOz=  15.832  (mm)
  Object offset: offset_x=  -0.320, offset_z=   3.507  (mm)
  Detector : dDx=   0.000, dDy=   0.000, dDz=   0.000  (mm)
  Obj Stage rotY :    8.984 deg
============================================================

Unity geometry (world coordinates):
  Source   : x=   0.000, y=  24.997, z=   0.000
  Object   : x=   0.136, y=  24.198, z= 615.832
  Detector : x= -25.318, y=  18.687, z=1059.000
  Obj rotY :  -1.0400 deg

Initial calibration:
  Source   : x=   0.000, y=   0.000, z=   0.000
  Object   : x=   0.000, y=   0.000, z=   0.000
  Detector : x=  25.318, y=   6.310, z=  40.001

After Calibration: 

Unity geometry (world coordinates):
  Source   : x=   0.000, y=  24.997, z=   0.000
  Object   : x=   0.136, y=  24.198, z= 615.832
  Detector : x=   0.000, y=  24.997, z=1099.001
  Obj rotY :  -1.0400 deg
view   0 | SOD= 619.345 mm | SDD=1099.001 mm | M= 1.774 | incident=0.0000°
[[  85.71307    -613.3845       -0.79930496]
 [ -66.16845     475.07074      -0.7988415 ]
 [   0.1481645     0.02067467    0.        ]
 [   0.            0.            0.1496    ]]
Residual vector length: 400, Jacobian shape: (400, 6)
view   0 | SOD= 619.345 mm | SDD=1099.001 mm | M= 1.774 | incident=0.0000°
[[  85.71345    -613.3844       -0.7993088 ]
 [ -66.16934     475.07068      -0.7988453 ]
 [   0.14816447    0.02067484    0.        ]
 [   0.            0.            0.1496    ]]

iter 31 cost=4264.412755 -> 4264.890915 |dtheta|=3.122014e-04  lambda=1.000e+06

============================================================
Iteration 32
============================================================
Theta offsets (Unity frame):
  Source   : dSx=   0.000, dSy=   0.000, dSz=   0.000  (mm)
  Object   : dOx=  -0.405, dOy=   4.198, dOz=  15.832  (mm)
  Object offset: offset_x=  -0.320, offset_z=   3.507  (mm)
  Detector : dDx=   0.000, dDy=   0.000, dDz=   0.000  (mm)
  Obj Stage rotY :    8.984 deg
============================================================

Unity geometry (world coordinates):
  Source   : x=   0.000, y=  24.997, z=   0.000
  Object   : x=   0.136, y=  24.198, z= 615.832
  Detector : x= -25.318, y=  18.687, z=1059.000
  Obj rotY :  -1.0400 deg

Initial calibration:
  Source   : x=   0.000, y=   0.000, z=   0.000
  Object   : x=   0.000, y=   0.000, z=   0.000
  Detector : x=  25.318, y=   6.310, z=  40.001

After Calibration: 

Unity geometry (world coordinates):
  Source   : x=   0.000, y=  24.997, z=   0.000
  Object   : x=   0.136, y=  24.198, z= 615.832
  Detector : x=   0.000, y=  24.997, z=1099.001
  Obj rotY :  -1.0400 deg
view   0 | SOD= 619.345 mm | SDD=1099.001 mm | M= 1.774 | incident=0.0000°
[[  85.71307    -613.3845       -0.79930496]
 [ -66.16845     475.07074      -0.7988415 ]
 [   0.1481645     0.02067467    0.        ]
 [   0.            0.            0.1496    ]]
Residual vector length: 400, Jacobian shape: (400, 6)
view   0 | SOD= 619.345 mm | SDD=1099.001 mm | M= 1.774 | incident=0.0000°
[[  85.71345    -613.3844       -0.7993088 ]
 [ -66.16934     475.07068      -0.7988453 ]
 [   0.14816447    0.02067484    0.        ]
 [   0.            0.            0.1496    ]]

iter 32 cost=4264.412755 -> 4264.890915 |dtheta|=3.122014e-04  lambda=1.000e+06

============================================================
Iteration 33
============================================================
Theta offsets (Unity frame):
  Source   : dSx=   0.000, dSy=   0.000, dSz=   0.000  (mm)
  Object   : dOx=  -0.405, dOy=   4.198, dOz=  15.832  (mm)
  Object offset: offset_x=  -0.320, offset_z=   3.507  (mm)
  Detector : dDx=   0.000, dDy=   0.000, dDz=   0.000  (mm)
  Obj Stage rotY :    8.984 deg
============================================================

Unity geometry (world coordinates):
  Source   : x=   0.000, y=  24.997, z=   0.000
  Object   : x=   0.136, y=  24.198, z= 615.832
  Detector : x= -25.318, y=  18.687, z=1059.000
  Obj rotY :  -1.0400 deg

Initial calibration:
  Source   : x=   0.000, y=   0.000, z=   0.000
  Object   : x=   0.000, y=   0.000, z=   0.000
  Detector : x=  25.318, y=   6.310, z=  40.001

After Calibration: 

Unity geometry (world coordinates):
  Source   : x=   0.000, y=  24.997, z=   0.000
  Object   : x=   0.136, y=  24.198, z= 615.832
  Detector : x=   0.000, y=  24.997, z=1099.001
  Obj rotY :  -1.0400 deg
view   0 | SOD= 619.345 mm | SDD=1099.001 mm | M= 1.774 | incident=0.0000°
[[  85.71307    -613.3845       -0.79930496]
 [ -66.16845     475.07074      -0.7988415 ]
 [   0.1481645     0.02067467    0.        ]
 [   0.            0.            0.1496    ]]
Residual vector length: 400, Jacobian shape: (400, 6)
view   0 | SOD= 619.345 mm | SDD=1099.001 mm | M= 1.774 | incident=0.0000°
[[  85.71345    -613.3844       -0.7993088 ]
 [ -66.16934     475.07068      -0.7988453 ]
 [   0.14816447    0.02067484    0.        ]
 [   0.            0.            0.1496    ]]

iter 33 cost=4264.412755 -> 4264.890915 |dtheta|=3.122014e-04  lambda=1.000e+06

============================================================
Iteration 34
============================================================
Theta offsets (Unity frame):
  Source   : dSx=   0.000, dSy=   0.000, dSz=   0.000  (mm)
  Object   : dOx=  -0.405, dOy=   4.198, dOz=  15.832  (mm)
  Object offset: offset_x=  -0.320, offset_z=   3.507  (mm)
  Detector : dDx=   0.000, dDy=   0.000, dDz=   0.000  (mm)
  Obj Stage rotY :    8.984 deg
============================================================

Unity geometry (world coordinates):
  Source   : x=   0.000, y=  24.997, z=   0.000
  Object   : x=   0.136, y=  24.198, z= 615.832
  Detector : x= -25.318, y=  18.687, z=1059.000
  Obj rotY :  -1.0400 deg

Initial calibration:
  Source   : x=   0.000, y=   0.000, z=   0.000
  Object   : x=   0.000, y=   0.000, z=   0.000
  Detector : x=  25.318, y=   6.310, z=  40.001

After Calibration: 

Unity geometry (world coordinates):
  Source   : x=   0.000, y=  24.997, z=   0.000
  Object   : x=   0.136, y=  24.198, z= 615.832
  Detector : x=   0.000, y=  24.997, z=1099.001
  Obj rotY :  -1.0400 deg
view   0 | SOD= 619.345 mm | SDD=1099.001 mm | M= 1.774 | incident=0.0000°
[[  85.71307    -613.3845       -0.79930496]
 [ -66.16845     475.07074      -0.7988415 ]
 [   0.1481645     0.02067467    0.        ]
 [   0.            0.            0.1496    ]]
Residual vector length: 400, Jacobian shape: (400, 6)
view   0 | SOD= 619.345 mm | SDD=1099.001 mm | M= 1.774 | incident=0.0000°
[[  85.71345    -613.3844       -0.7993088 ]
 [ -66.16934     475.07068      -0.7988453 ]
 [   0.14816447    0.02067484    0.        ]
 [   0.            0.            0.1496    ]]

iter 34 cost=4264.412755 -> 4264.890915 |dtheta|=3.122014e-04  lambda=1.000e+06

============================================================
Iteration 35
============================================================
Theta offsets (Unity frame):
  Source   : dSx=   0.000, dSy=   0.000, dSz=   0.000  (mm)
  Object   : dOx=  -0.405, dOy=   4.198, dOz=  15.832  (mm)
  Object offset: offset_x=  -0.320, offset_z=   3.507  (mm)
  Detector : dDx=   0.000, dDy=   0.000, dDz=   0.000  (mm)
  Obj Stage rotY :    8.984 deg
============================================================

Unity geometry (world coordinates):
  Source   : x=   0.000, y=  24.997, z=   0.000
  Object   : x=   0.136, y=  24.198, z= 615.832
  Detector : x= -25.318, y=  18.687, z=1059.000
  Obj rotY :  -1.0400 deg

Initial calibration:
  Source   : x=   0.000, y=   0.000, z=   0.000
  Object   : x=   0.000, y=   0.000, z=   0.000
  Detector : x=  25.318, y=   6.310, z=  40.001

After Calibration: 

Unity geometry (world coordinates):
  Source   : x=   0.000, y=  24.997, z=   0.000
  Object   : x=   0.136, y=  24.198, z= 615.832
  Detector : x=   0.000, y=  24.997, z=1099.001
  Obj rotY :  -1.0400 deg
view   0 | SOD= 619.345 mm | SDD=1099.001 mm | M= 1.774 | incident=0.0000°
[[  85.71307    -613.3845       -0.79930496]
 [ -66.16845     475.07074      -0.7988415 ]
 [   0.1481645     0.02067467    0.        ]
 [   0.            0.            0.1496    ]]
Residual vector length: 400, Jacobian shape: (400, 6)
view   0 | SOD= 619.345 mm | SDD=1099.001 mm | M= 1.774 | incident=0.0000°
[[  85.71345    -613.3844       -0.7993088 ]
 [ -66.16934     475.07068      -0.7988453 ]
 [   0.14816447    0.02067484    0.        ]
 [   0.            0.            0.1496    ]]

iter 35 cost=4264.412755 -> 4264.890915 |dtheta|=3.122014e-04  lambda=1.000e+06

============================================================
Iteration 36
============================================================
Theta offsets (Unity frame):
  Source   : dSx=   0.000, dSy=   0.000, dSz=   0.000  (mm)
  Object   : dOx=  -0.405, dOy=   4.198, dOz=  15.832  (mm)
  Object offset: offset_x=  -0.320, offset_z=   3.507  (mm)
  Detector : dDx=   0.000, dDy=   0.000, dDz=   0.000  (mm)
  Obj Stage rotY :    8.984 deg
============================================================

Unity geometry (world coordinates):
  Source   : x=   0.000, y=  24.997, z=   0.000
  Object   : x=   0.136, y=  24.198, z= 615.832
  Detector : x= -25.318, y=  18.687, z=1059.000
  Obj rotY :  -1.0400 deg

Initial calibration:
  Source   : x=   0.000, y=   0.000, z=   0.000
  Object   : x=   0.000, y=   0.000, z=   0.000
  Detector : x=  25.318, y=   6.310, z=  40.001

After Calibration: 

Unity geometry (world coordinates):
  Source   : x=   0.000, y=  24.997, z=   0.000
  Object   : x=   0.136, y=  24.198, z= 615.832
  Detector : x=   0.000, y=  24.997, z=1099.001
  Obj rotY :  -1.0400 deg
view   0 | SOD= 619.345 mm | SDD=1099.001 mm | M= 1.774 | incident=0.0000°
[[  85.71307    -613.3845       -0.79930496]
 [ -66.16845     475.07074      -0.7988415 ]
 [   0.1481645     0.02067467    0.        ]
 [   0.            0.            0.1496    ]]
Residual vector length: 400, Jacobian shape: (400, 6)
view   0 | SOD= 619.345 mm | SDD=1099.001 mm | M= 1.774 | incident=0.0000°
[[  85.71345    -613.3844       -0.7993088 ]
 [ -66.16934     475.07068      -0.7988453 ]
 [   0.14816447    0.02067484    0.        ]
 [   0.            0.            0.1496    ]]

iter 36 cost=4264.412755 -> 4264.890915 |dtheta|=3.122014e-04  lambda=1.000e+06
Stalled.

Estimated theta:
  dSx: +0.000000
  dSy: +0.000000
  dOx: -0.404920
  dOy: +4.198063
  dOz: +15.832164
  dDx: +0.000000
  dDy: +0.000000
  dDz: +0.000000
alpha: +8.983654e+00 deg)
offset_x: -0.320393
offset_z: +3.506875

Final cost table:
Final estimated theta: [ 0.          0.         -0.40491965  4.19806328 15.83216449  0.
  0.          0.          8.98365434 -0.320393    3.50687543]
################################################################################

