
################################################################################
Running scenario=Scan2 Projections=360 Used=180, K=5

============================================================
Iteration 0
============================================================
Theta offsets (Unity frame):
  Source   : dSx=   0.000, dSy=   0.000, dSz=   0.000  (mm)
  Object   : dOx=   0.000, dOy=   0.000, dOz=   0.000  (mm)
  Object offset: offset_x=   0.000, offset_z=   0.000  (mm)
  Detector : dDx=   0.000, dDy=   0.000, dDz=   0.000  (mm)
  Obj Stage rotY :    0.000 deg
============================================================

Unity geometry (world coordinates):
  Source   : x=   5.000, y=  29.995, z=   0.000
  Object   : x=   0.541, y=  20.000, z= 600.000
  Detector : x= -25.318, y=  18.677, z=1059.000
  Obj rotY :  -4.5698 deg

Initial calibration:
  Source   : x=   0.000, y=   0.000, z=   0.000
  Object   : x=   0.000, y=   0.000, z=   0.000
  Detector : x=  25.318, y=   6.310, z=  40.001

After Calibration: 

Unity geometry (world coordinates):
  Source   : x=   5.000, y=  29.995, z=   0.000
  Object   : x=   0.541, y=  20.000, z= 600.000
  Detector : x=   0.000, y=  24.987, z=1099.001
  Obj rotY :  -4.5698 deg
view   0 | SOD= 600.100 mm | SDD=1099.024 mm | M= 1.831 | incident=0.3689°
[[ -43.359543   -598.4479       -9.994888  ]
 [  39.218548    497.45758      -4.986948  ]
 [   0.14912441   -0.01191922    0.        ]
 [   0.            0.            0.1496    ]]
Residual vector length: 3600, Jacobian shape: (3600, 6)
view   0 | SOD= 614.953 mm | SDD=1099.024 mm | M= 1.787 | incident=0.3689°
[[ -31.655672   -614.1098       -5.8803864 ]
 [  28.354774    483.26276      -0.87244606]
 [   0.1493381    -0.0088482     0.        ]
 [   0.            0.            0.1496    ]]
/vol/home/s3777103/Documents/workspace/Thesis/AutoCalibration/gauss_newton_real.py:300: FutureWarning: The behavior of DataFrame concatenation with empty or all-NA entries is deprecated. In a future version, this will no longer exclude empty or all-NA columns when determining the result dtypes. To retain the old behavior, exclude the relevant entries before the concat operation.
  df_r0 = pd.concat([df_r0, df_iter], ignore_index=True)

iter 00 cost=1754366.857807 -> 39287.611607 |dtheta|=1.316438e+01  lambda=1.000e-02

============================================================
Iteration 1
============================================================
Theta offsets (Unity frame):
  Source   : dSx=   0.000, dSy=   0.000, dSz=   0.000  (mm)
  Object   : dOx=  -0.400, dOy=   4.115, dOz=  12.128  (mm)
  Object offset: offset_x=  -0.085, offset_z=   2.782  (mm)
  Detector : dDx=   0.000, dDy=   0.000, dDz=   0.000  (mm)
  Obj Stage rotY :    1.179 deg
============================================================

Unity geometry (world coordinates):
  Source   : x=   5.000, y=  29.995, z=   0.000
  Object   : x=   0.141, y=  24.115, z= 612.128
  Detector : x= -25.318, y=  18.677, z=1059.000
  Obj rotY :  -4.5698 deg

Initial calibration:
  Source   : x=   0.000, y=   0.000, z=   0.000
  Object   : x=   0.000, y=   0.000, z=   0.000
  Detector : x=  25.318, y=   6.310, z=  40.001

After Calibration: 

Unity geometry (world coordinates):
  Source   : x=   5.000, y=  29.995, z=   0.000
  Object   : x=   0.141, y=  24.115, z= 612.128
  Detector : x=   0.000, y=  24.987, z=1099.001
  Obj rotY :  -4.5698 deg
view   0 | SOD= 614.953 mm | SDD=1099.024 mm | M= 1.787 | incident=0.3689°
[[ -31.655672   -614.1098       -5.8803864 ]
 [  28.354774    483.26276      -0.87244606]
 [   0.1493381    -0.0088482     0.        ]
 [   0.            0.            0.1496    ]]
Residual vector length: 3600, Jacobian shape: (3600, 6)
view   0 | SOD= 618.165 mm | SDD=1099.024 mm | M= 1.778 | incident=0.3689°
[[ -24.410559   -617.65594      -5.784916  ]
 [  22.412678    480.3584       -0.77697563]
 [   0.14943363   -0.00705354    0.        ]
 [   0.            0.            0.1496    ]]

iter 01 cost=39287.611607 -> 10854.641983 |dtheta|=2.717591e+00  lambda=3.333e-03

============================================================
Iteration 2
============================================================
Theta offsets (Unity frame):
  Source   : dSx=   0.000, dSy=   0.000, dSz=   0.000  (mm)
  Object   : dOx=  -0.434, dOy=   4.210, dOz=  14.667  (mm)
  Object offset: offset_x=  -0.121, offset_z=   3.455  (mm)
  Detector : dDx=   0.000, dDy=   0.000, dDz=   0.000  (mm)
  Obj Stage rotY :    1.867 deg
============================================================

Unity geometry (world coordinates):
  Source   : x=   5.000, y=  29.995, z=   0.000
  Object   : x=   0.106, y=  24.210, z= 614.667
  Detector : x= -25.318, y=  18.677, z=1059.000
  Obj rotY :  -4.5698 deg

Initial calibration:
  Source   : x=   0.000, y=   0.000, z=   0.000
  Object   : x=   0.000, y=   0.000, z=   0.000
  Detector : x=  25.318, y=   6.310, z=  40.001

After Calibration: 

Unity geometry (world coordinates):
  Source   : x=   5.000, y=  29.995, z=   0.000
  Object   : x=   0.106, y=  24.210, z= 614.667
  Detector : x=   0.000, y=  24.987, z=1099.001
  Obj rotY :  -4.5698 deg
view   0 | SOD= 618.165 mm | SDD=1099.024 mm | M= 1.778 | incident=0.3689°
[[ -24.410559   -617.65594      -5.784916  ]
 [  22.412678    480.3584       -0.77697563]
 [   0.14943363   -0.00705354    0.        ]
 [   0.            0.            0.1496    ]]
Residual vector length: 3600, Jacobian shape: (3600, 6)
view   0 | SOD= 618.651 mm | SDD=1099.024 mm | M= 1.776 | incident=0.3689°
[[ -18.165302   -618.3571       -5.7896004 ]
 [  17.470598    480.0772       -0.7816601 ]
 [   0.14949772   -0.00553098    0.        ]
 [   0.            0.            0.1496    ]]

iter 02 cost=10854.641983 -> 7725.458180 |dtheta|=6.867608e-01  lambda=1.111e-03

============================================================
Iteration 3
============================================================
Theta offsets (Unity frame):
  Source   : dSx=   0.000, dSy=   0.000, dSz=   0.000  (mm)
  Object   : dOx=  -0.430, dOy=   4.205, dOz=  14.988  (mm)
  Object offset: offset_x=  -0.109, offset_z=   3.621  (mm)
  Detector : dDx=   0.000, dDy=   0.000, dDz=   0.000  (mm)
  Obj Stage rotY :    2.451 deg
============================================================

Unity geometry (world coordinates):
  Source   : x=   5.000, y=  29.995, z=   0.000
  Object   : x=   0.111, y=  24.205, z= 614.988
  Detector : x= -25.318, y=  18.677, z=1059.000
  Obj rotY :  -4.5698 deg

Initial calibration:
  Source   : x=   0.000, y=   0.000, z=   0.000
  Object   : x=   0.000, y=   0.000, z=   0.000
  Detector : x=  25.318, y=   6.310, z=  40.001

After Calibration: 

Unity geometry (world coordinates):
  Source   : x=   5.000, y=  29.995, z=   0.000
  Object   : x=   0.111, y=  24.205, z= 614.988
  Detector : x=   0.000, y=  24.987, z=1099.001
  Obj rotY :  -4.5698 deg
view   0 | SOD= 618.651 mm | SDD=1099.024 mm | M= 1.776 | incident=0.3689°
[[ -18.165302   -618.3571       -5.7896004 ]
 [  17.470598    480.0772       -0.7816601 ]
 [   0.14949772   -0.00553098    0.        ]
 [   0.            0.            0.1496    ]]
Residual vector length: 3600, Jacobian shape: (3600, 6)
view   0 | SOD= 618.821 mm | SDD=1099.024 mm | M= 1.776 | incident=0.3689°
[[ -12.557117   -618.6668       -5.7900715 ]
 [  13.078899    480.0464       -0.7821312 ]
 [   0.14954187   -0.00416996    0.        ]
 [   0.            0.            0.1496    ]]

iter 03 cost=7725.458180 -> 6597.205377 |dtheta|=5.385435e-01  lambda=3.704e-04

============================================================
Iteration 4
============================================================
Theta offsets (Unity frame):
  Source   : dSx=   0.000, dSy=   0.000, dSz=   0.000  (mm)
  Object   : dOx=  -0.433, dOy=   4.205, dOz=  15.112  (mm)
  Object offset: offset_x=  -0.093, offset_z=   3.668  (mm)
  Detector : dDx=   0.000, dDy=   0.000, dDz=   0.000  (mm)
  Obj Stage rotY :    2.973 deg
============================================================

Unity geometry (world coordinates):
  Source   : x=   5.000, y=  29.995, z=   0.000
  Object   : x=   0.107, y=  24.205, z= 615.112
  Detector : x= -25.318, y=  18.677, z=1059.000
  Obj rotY :  -4.5698 deg

Initial calibration:
  Source   : x=   0.000, y=   0.000, z=   0.000
  Object   : x=   0.000, y=   0.000, z=   0.000
  Detector : x=  25.318, y=   6.310, z=  40.001

After Calibration: 

Unity geometry (world coordinates):
  Source   : x=   5.000, y=  29.995, z=   0.000
  Object   : x=   0.107, y=  24.205, z= 615.112
  Detector : x=   0.000, y=  24.987, z=1099.001
  Obj rotY :  -4.5698 deg
view   0 | SOD= 618.821 mm | SDD=1099.024 mm | M= 1.776 | incident=0.3689°
[[ -12.557117   -618.6668       -5.7900715 ]
 [  13.078899    480.0464       -0.7821312 ]
 [   0.14954187   -0.00416996    0.        ]
 [   0.            0.            0.1496    ]]
Residual vector length: 3600, Jacobian shape: (3600, 6)
view   0 | SOD= 618.873 mm | SDD=1099.024 mm | M= 1.776 | incident=0.3689°
[[  -9.715474   -618.7697       -5.7894573 ]
 [  10.880819    480.04953      -0.781517  ]
 [   0.14955942   -0.00348401    0.        ]
 [   0.            0.            0.1496    ]]

iter 04 cost=6597.205377 -> 6244.398219 |dtheta|=2.666385e-01  lambda=1.235e-04

============================================================
Iteration 5
============================================================
Theta offsets (Unity frame):
  Source   : dSx=   0.000, dSy=   0.000, dSz=   0.000  (mm)
  Object   : dOx=  -0.435, dOy=   4.205, dOz=  15.157  (mm)
  Object offset: offset_x=  -0.096, offset_z=   3.676  (mm)
  Detector : dDx=   0.000, dDy=   0.000, dDz=   0.000  (mm)
  Obj Stage rotY :    3.235 deg
============================================================

Unity geometry (world coordinates):
  Source   : x=   5.000, y=  29.995, z=   0.000
  Object   : x=   0.105, y=  24.205, z= 615.157
  Detector : x= -25.318, y=  18.677, z=1059.000
  Obj rotY :  -4.5698 deg

Initial calibration:
  Source   : x=   0.000, y=   0.000, z=   0.000
  Object   : x=   0.000, y=   0.000, z=   0.000
  Detector : x=  25.318, y=   6.310, z=  40.001

After Calibration: 

Unity geometry (world coordinates):
  Source   : x=   5.000, y=  29.995, z=   0.000
  Object   : x=   0.105, y=  24.205, z= 615.157
  Detector : x=   0.000, y=  24.987, z=1099.001
  Obj rotY :  -4.5698 deg
view   0 | SOD= 618.873 mm | SDD=1099.024 mm | M= 1.776 | incident=0.3689°
[[  -9.715474   -618.7697       -5.7894573 ]
 [  10.880819    480.04953      -0.781517  ]
 [   0.14955942   -0.00348401    0.        ]
 [   0.            0.            0.1496    ]]
Residual vector length: 3600, Jacobian shape: (3600, 6)
view   0 | SOD= 618.965 mm | SDD=1099.024 mm | M= 1.776 | incident=0.3689°
[[  -7.434592   -618.89325      -5.7897835 ]
 [   9.089259    479.99475      -0.7818432 ]
 [   0.14957131   -0.00292971    0.        ]
 [   0.            0.            0.1496    ]]

iter 05 cost=6244.398219 -> 6052.875262 |dtheta|=2.360619e-01  lambda=4.115e-05

============================================================
Iteration 6
============================================================
Theta offsets (Unity frame):
  Source   : dSx=   0.000, dSy=   0.000, dSz=   0.000  (mm)
  Object   : dOx=  -0.435, dOy=   4.205, dOz=  15.259  (mm)
  Object offset: offset_x=  -0.085, offset_z=   3.666  (mm)
  Detector : dDx=   0.000, dDy=   0.000, dDz=   0.000  (mm)
  Obj Stage rotY :    3.448 deg
============================================================

Unity geometry (world coordinates):
  Source   : x=   5.000, y=  29.995, z=   0.000
  Object   : x=   0.106, y=  24.205, z= 615.259
  Detector : x= -25.318, y=  18.677, z=1059.000
  Obj rotY :  -4.5698 deg

Initial calibration:
  Source   : x=   0.000, y=   0.000, z=   0.000
  Object   : x=   0.000, y=   0.000, z=   0.000
  Detector : x=  25.318, y=   6.310, z=  40.001

After Calibration: 

Unity geometry (world coordinates):
  Source   : x=   5.000, y=  29.995, z=   0.000
  Object   : x=   0.106, y=  24.205, z= 615.259
  Detector : x=   0.000, y=  24.987, z=1099.001
  Obj rotY :  -4.5698 deg
view   0 | SOD= 618.965 mm | SDD=1099.024 mm | M= 1.776 | incident=0.3689°
[[  -7.434592   -618.89325      -5.7897835 ]
 [   9.089259    479.99475      -0.7818432 ]
 [   0.14957131   -0.00292971    0.        ]
 [   0.            0.            0.1496    ]]
Residual vector length: 3600, Jacobian shape: (3600, 6)
view   0 | SOD= 618.961 mm | SDD=1099.024 mm | M= 1.776 | incident=0.3689°
[[  -6.48871    -618.9002       -5.7889633 ]
 [   8.367601    480.0116       -0.781023  ]
 [   0.14957558   -0.00270274    0.        ]
 [   0.            0.            0.1496    ]]

iter 06 cost=6052.875262 -> 6004.290196 |dtheta|=8.739511e-02  lambda=1.372e-05

============================================================
Iteration 7
============================================================
Theta offsets (Unity frame):
  Source   : dSx=   0.000, dSy=   0.000, dSz=   0.000  (mm)
  Object   : dOx=  -0.436, dOy=   4.206, dOz=  15.253  (mm)
  Object offset: offset_x=  -0.092, offset_z=   3.668  (mm)
  Detector : dDx=   0.000, dDy=   0.000, dDz=   0.000  (mm)
  Obj Stage rotY :    3.535 deg
============================================================

Unity geometry (world coordinates):
  Source   : x=   5.000, y=  29.995, z=   0.000
  Object   : x=   0.105, y=  24.206, z= 615.253
  Detector : x= -25.318, y=  18.677, z=1059.000
  Obj rotY :  -4.5698 deg

Initial calibration:
  Source   : x=   0.000, y=   0.000, z=   0.000
  Object   : x=   0.000, y=   0.000, z=   0.000
  Detector : x=  25.318, y=   6.310, z=  40.001

After Calibration: 

Unity geometry (world coordinates):
  Source   : x=   5.000, y=  29.995, z=   0.000
  Object   : x=   0.105, y=  24.206, z= 615.253
  Detector : x=   0.000, y=  24.987, z=1099.001
  Obj rotY :  -4.5698 deg
view   0 | SOD= 618.961 mm | SDD=1099.024 mm | M= 1.776 | incident=0.3689°
[[  -6.48871    -618.9002       -5.7889633 ]
 [   8.367601    480.0116       -0.781023  ]
 [   0.14957558   -0.00270274    0.        ]
 [   0.            0.            0.1496    ]]
Residual vector length: 3600, Jacobian shape: (3600, 6)
view   0 | SOD= 618.898 mm | SDD=1099.024 mm | M= 1.776 | incident=0.3689°
[[  -5.3239284  -618.8481       -5.7892075 ]
 [   7.4450474   480.08997      -0.78126717]
 [   0.14958045   -0.00241862    0.        ]
 [   0.            0.            0.1496    ]]

iter 07 cost=6004.290196 -> 5959.237797 |dtheta|=1.293120e-01  lambda=4.572e-06

============================================================
Iteration 8
============================================================
Theta offsets (Unity frame):
  Source   : dSx=   0.000, dSy=   0.000, dSz=   0.000  (mm)
  Object   : dOx=  -0.433, dOy=   4.206, dOz=  15.184  (mm)
  Object offset: offset_x=  -0.083, offset_z=   3.675  (mm)
  Detector : dDx=   0.000, dDy=   0.000, dDz=   0.000  (mm)
  Obj Stage rotY :    3.643 deg
============================================================

Unity geometry (world coordinates):
  Source   : x=   5.000, y=  29.995, z=   0.000
  Object   : x=   0.108, y=  24.206, z= 615.184
  Detector : x= -25.318, y=  18.677, z=1059.000
  Obj rotY :  -4.5698 deg

Initial calibration:
  Source   : x=   0.000, y=   0.000, z=   0.000
  Object   : x=   0.000, y=   0.000, z=   0.000
  Detector : x=  25.318, y=   6.310, z=  40.001

After Calibration: 

Unity geometry (world coordinates):
  Source   : x=   5.000, y=  29.995, z=   0.000
  Object   : x=   0.108, y=  24.206, z= 615.184
  Detector : x=   0.000, y=  24.987, z=1099.001
  Obj rotY :  -4.5698 deg
view   0 | SOD= 618.898 mm | SDD=1099.024 mm | M= 1.776 | incident=0.3689°
[[  -5.3239284  -618.8481       -5.7892075 ]
 [   7.4450474   480.08997      -0.78126717]
 [   0.14958045   -0.00241862    0.        ]
 [   0.            0.            0.1496    ]]
Residual vector length: 3600, Jacobian shape: (3600, 6)
view   0 | SOD= 618.921 mm | SDD=1099.024 mm | M= 1.776 | incident=0.3689°
[[  -4.652111   -618.8763       -5.7896595 ]
 [   6.9208536   480.07504      -0.7817192 ]
 [   0.149583     -0.00225583    0.        ]
 [   0.            0.            0.1496    ]]

iter 08 cost=5959.237797 -> 5941.912306 |dtheta|=6.462125e-02  lambda=1.524e-06

============================================================
Iteration 9
============================================================
Theta offsets (Unity frame):
  Source   : dSx=   0.000, dSy=   0.000, dSz=   0.000  (mm)
  Object   : dOx=  -0.433, dOy=   4.205, dOz=  15.199  (mm)
  Object offset: offset_x=  -0.082, offset_z=   3.682  (mm)
  Detector : dDx=   0.000, dDy=   0.000, dDz=   0.000  (mm)
  Obj Stage rotY :    3.706 deg
============================================================

Unity geometry (world coordinates):
  Source   : x=   5.000, y=  29.995, z=   0.000
  Object   : x=   0.108, y=  24.205, z= 615.199
  Detector : x= -25.318, y=  18.677, z=1059.000
  Obj rotY :  -4.5698 deg

Initial calibration:
  Source   : x=   0.000, y=   0.000, z=   0.000
  Object   : x=   0.000, y=   0.000, z=   0.000
  Detector : x=  25.318, y=   6.310, z=  40.001

After Calibration: 

Unity geometry (world coordinates):
  Source   : x=   5.000, y=  29.995, z=   0.000
  Object   : x=   0.108, y=  24.205, z= 615.199
  Detector : x=   0.000, y=  24.987, z=1099.001
  Obj rotY :  -4.5698 deg
view   0 | SOD= 618.921 mm | SDD=1099.024 mm | M= 1.776 | incident=0.3689°
[[  -4.652111   -618.8763       -5.7896595 ]
 [   6.9208536   480.07504      -0.7817192 ]
 [   0.149583     -0.00225583    0.        ]
 [   0.            0.            0.1496    ]]
Residual vector length: 3600, Jacobian shape: (3600, 6)
view   0 | SOD= 618.835 mm | SDD=1099.024 mm | M= 1.776 | incident=0.3689°
[[  -4.304974   -618.7934       -5.78874   ]
 [   6.6402073   480.16434      -0.78079987]
 [   0.14958425   -0.00217038    0.        ]
 [   0.            0.            0.1496    ]]

iter 09 cost=5941.912306 -> 5922.101394 |dtheta|=9.136413e-02  lambda=1.000e-06

============================================================
Iteration 10
============================================================
Theta offsets (Unity frame):
  Source   : dSx=   0.000, dSy=   0.000, dSz=   0.000  (mm)
  Object   : dOx=  -0.432, dOy=   4.206, dOz=  15.114  (mm)
  Object offset: offset_x=  -0.076, offset_z=   3.683  (mm)
  Detector : dDx=   0.000, dDy=   0.000, dDz=   0.000  (mm)
  Obj Stage rotY :    3.739 deg
============================================================

Unity geometry (world coordinates):
  Source   : x=   5.000, y=  29.995, z=   0.000
  Object   : x=   0.109, y=  24.206, z= 615.114
  Detector : x= -25.318, y=  18.677, z=1059.000
  Obj rotY :  -4.5698 deg

Initial calibration:
  Source   : x=   0.000, y=   0.000, z=   0.000
  Object   : x=   0.000, y=   0.000, z=   0.000
  Detector : x=  25.318, y=   6.310, z=  40.001

After Calibration: 

Unity geometry (world coordinates):
  Source   : x=   5.000, y=  29.995, z=   0.000
  Object   : x=   0.109, y=  24.206, z= 615.114
  Detector : x=   0.000, y=  24.987, z=1099.001
  Obj rotY :  -4.5698 deg
view   0 | SOD= 618.835 mm | SDD=1099.024 mm | M= 1.776 | incident=0.3689°
[[  -4.304974   -618.7934       -5.78874   ]
 [   6.6402073   480.16434      -0.78079987]
 [   0.14958425   -0.00217038    0.        ]
 [   0.            0.            0.1496    ]]
Residual vector length: 3600, Jacobian shape: (3600, 6)
view   0 | SOD= 618.743 mm | SDD=1099.024 mm | M= 1.776 | incident=0.3689°
[[  -3.2336116  -618.70795      -5.788162  ]
 [   5.812743    480.26706      -0.78022194]
 [   0.14958778   -0.00191192    0.        ]
 [   0.            0.            0.1496    ]]

iter 10 cost=5922.101394 -> 5916.483457 |dtheta|=1.316364e-01  lambda=1.000e-06

============================================================
Iteration 11
============================================================
Theta offsets (Unity frame):
  Source   : dSx=   0.000, dSy=   0.000, dSz=   0.000  (mm)
  Object   : dOx=  -0.432, dOy=   4.207, dOz=  15.027  (mm)
  Object offset: offset_x=  -0.076, offset_z=   3.677  (mm)
  Detector : dDx=   0.000, dDy=   0.000, dDz=   0.000  (mm)
  Obj Stage rotY :    3.838 deg
============================================================

Unity geometry (world coordinates):
  Source   : x=   5.000, y=  29.995, z=   0.000
  Object   : x=   0.109, y=  24.207, z= 615.027
  Detector : x= -25.318, y=  18.677, z=1059.000
  Obj rotY :  -4.5698 deg

Initial calibration:
  Source   : x=   0.000, y=   0.000, z=   0.000
  Object   : x=   0.000, y=   0.000, z=   0.000
  Detector : x=  25.318, y=   6.310, z=  40.001

After Calibration: 

Unity geometry (world coordinates):
  Source   : x=   5.000, y=  29.995, z=   0.000
  Object   : x=   0.109, y=  24.207, z= 615.027
  Detector : x=   0.000, y=  24.987, z=1099.001
  Obj rotY :  -4.5698 deg
view   0 | SOD= 618.743 mm | SDD=1099.024 mm | M= 1.776 | incident=0.3689°
[[  -3.2336116  -618.70795      -5.788162  ]
 [   5.812743    480.26706      -0.78022194]
 [   0.14958778   -0.00191192    0.        ]
 [   0.            0.            0.1496    ]]
Residual vector length: 3600, Jacobian shape: (3600, 6)
view   0 | SOD= 618.800 mm | SDD=1099.024 mm | M= 1.776 | incident=0.3689°
[[  -3.7625635  -618.76117      -5.788656  ]
 [   6.197287    480.20593      -0.78071594]
 [   0.14958614   -0.00203626    0.        ]
 [   0.            0.            0.1496    ]]

iter 11 cost=5916.483457 -> 5920.083340 |dtheta|=7.641929e-02  lambda=1.000e-06

============================================================
Iteration 12
============================================================
Theta offsets (Unity frame):
  Source   : dSx=   0.000, dSy=   0.000, dSz=   0.000  (mm)
  Object   : dOx=  -0.432, dOy=   4.207, dOz=  15.027  (mm)
  Object offset: offset_x=  -0.076, offset_z=   3.677  (mm)
  Detector : dDx=   0.000, dDy=   0.000, dDz=   0.000  (mm)
  Obj Stage rotY :    3.838 deg
============================================================

Unity geometry (world coordinates):
  Source   : x=   5.000, y=  29.995, z=   0.000
  Object   : x=   0.109, y=  24.207, z= 615.027
  Detector : x= -25.318, y=  18.677, z=1059.000
  Obj rotY :  -4.5698 deg

Initial calibration:
  Source   : x=   0.000, y=   0.000, z=   0.000
  Object   : x=   0.000, y=   0.000, z=   0.000
  Detector : x=  25.318, y=   6.310, z=  40.001

After Calibration: 

Unity geometry (world coordinates):
  Source   : x=   5.000, y=  29.995, z=   0.000
  Object   : x=   0.109, y=  24.207, z= 615.027
  Detector : x=   0.000, y=  24.987, z=1099.001
  Obj rotY :  -4.5698 deg
view   0 | SOD= 618.743 mm | SDD=1099.024 mm | M= 1.776 | incident=0.3689°
[[  -3.2336116  -618.70795      -5.788162  ]
 [   5.812743    480.26706      -0.78022194]
 [   0.14958778   -0.00191192    0.        ]
 [   0.            0.            0.1496    ]]
Residual vector length: 3600, Jacobian shape: (3600, 6)
view   0 | SOD= 618.800 mm | SDD=1099.024 mm | M= 1.776 | incident=0.3689°
[[  -3.7625635  -618.76117      -5.788656  ]
 [   6.197287    480.20593      -0.78071594]
 [   0.14958614   -0.00203626    0.        ]
 [   0.            0.            0.1496    ]]

iter 12 cost=5916.483457 -> 5920.083340 |dtheta|=7.641929e-02  lambda=5.000e-06

============================================================
Iteration 13
============================================================
Theta offsets (Unity frame):
  Source   : dSx=   0.000, dSy=   0.000, dSz=   0.000  (mm)
  Object   : dOx=  -0.432, dOy=   4.207, dOz=  15.027  (mm)
  Object offset: offset_x=  -0.076, offset_z=   3.677  (mm)
  Detector : dDx=   0.000, dDy=   0.000, dDz=   0.000  (mm)
  Obj Stage rotY :    3.838 deg
============================================================

Unity geometry (world coordinates):
  Source   : x=   5.000, y=  29.995, z=   0.000
  Object   : x=   0.109, y=  24.207, z= 615.027
  Detector : x= -25.318, y=  18.677, z=1059.000
  Obj rotY :  -4.5698 deg

Initial calibration:
  Source   : x=   0.000, y=   0.000, z=   0.000
  Object   : x=   0.000, y=   0.000, z=   0.000
  Detector : x=  25.318, y=   6.310, z=  40.001

After Calibration: 

Unity geometry (world coordinates):
  Source   : x=   5.000, y=  29.995, z=   0.000
  Object   : x=   0.109, y=  24.207, z= 615.027
  Detector : x=   0.000, y=  24.987, z=1099.001
  Obj rotY :  -4.5698 deg
view   0 | SOD= 618.743 mm | SDD=1099.024 mm | M= 1.776 | incident=0.3689°
[[  -3.2336116  -618.70795      -5.788162  ]
 [   5.812743    480.26706      -0.78022194]
 [   0.14958778   -0.00191192    0.        ]
 [   0.            0.            0.1496    ]]
Residual vector length: 3600, Jacobian shape: (3600, 6)
view   0 | SOD= 618.800 mm | SDD=1099.024 mm | M= 1.776 | incident=0.3689°
[[  -3.7625635  -618.76117      -5.788656  ]
 [   6.197287    480.20593      -0.78071594]
 [   0.14958614   -0.00203626    0.        ]
 [   0.            0.            0.1496    ]]

iter 13 cost=5916.483457 -> 5920.083340 |dtheta|=7.641929e-02  lambda=2.500e-05

============================================================
Iteration 14
============================================================
Theta offsets (Unity frame):
  Source   : dSx=   0.000, dSy=   0.000, dSz=   0.000  (mm)
  Object   : dOx=  -0.432, dOy=   4.207, dOz=  15.027  (mm)
  Object offset: offset_x=  -0.076, offset_z=   3.677  (mm)
  Detector : dDx=   0.000, dDy=   0.000, dDz=   0.000  (mm)
  Obj Stage rotY :    3.838 deg
============================================================

Unity geometry (world coordinates):
  Source   : x=   5.000, y=  29.995, z=   0.000
  Object   : x=   0.109, y=  24.207, z= 615.027
  Detector : x= -25.318, y=  18.677, z=1059.000
  Obj rotY :  -4.5698 deg

Initial calibration:
  Source   : x=   0.000, y=   0.000, z=   0.000
  Object   : x=   0.000, y=   0.000, z=   0.000
  Detector : x=  25.318, y=   6.310, z=  40.001

After Calibration: 

Unity geometry (world coordinates):
  Source   : x=   5.000, y=  29.995, z=   0.000
  Object   : x=   0.109, y=  24.207, z= 615.027
  Detector : x=   0.000, y=  24.987, z=1099.001
  Obj rotY :  -4.5698 deg
view   0 | SOD= 618.743 mm | SDD=1099.024 mm | M= 1.776 | incident=0.3689°
[[  -3.2336116  -618.70795      -5.788162  ]
 [   5.812743    480.26706      -0.78022194]
 [   0.14958778   -0.00191192    0.        ]
 [   0.            0.            0.1496    ]]
Residual vector length: 3600, Jacobian shape: (3600, 6)
view   0 | SOD= 618.800 mm | SDD=1099.024 mm | M= 1.776 | incident=0.3689°
[[  -3.7625635  -618.76117      -5.788656  ]
 [   6.197287    480.20593      -0.78071594]
 [   0.14958614   -0.00203626    0.        ]
 [   0.            0.            0.1496    ]]

iter 14 cost=5916.483457 -> 5920.083340 |dtheta|=7.641928e-02  lambda=1.250e-04

============================================================
Iteration 15
============================================================
Theta offsets (Unity frame):
  Source   : dSx=   0.000, dSy=   0.000, dSz=   0.000  (mm)
  Object   : dOx=  -0.432, dOy=   4.207, dOz=  15.027  (mm)
  Object offset: offset_x=  -0.076, offset_z=   3.677  (mm)
  Detector : dDx=   0.000, dDy=   0.000, dDz=   0.000  (mm)
  Obj Stage rotY :    3.838 deg
============================================================

Unity geometry (world coordinates):
  Source   : x=   5.000, y=  29.995, z=   0.000
  Object   : x=   0.109, y=  24.207, z= 615.027
  Detector : x= -25.318, y=  18.677, z=1059.000
  Obj rotY :  -4.5698 deg

Initial calibration:
  Source   : x=   0.000, y=   0.000, z=   0.000
  Object   : x=   0.000, y=   0.000, z=   0.000
  Detector : x=  25.318, y=   6.310, z=  40.001

After Calibration: 

Unity geometry (world coordinates):
  Source   : x=   5.000, y=  29.995, z=   0.000
  Object   : x=   0.109, y=  24.207, z= 615.027
  Detector : x=   0.000, y=  24.987, z=1099.001
  Obj rotY :  -4.5698 deg
view   0 | SOD= 618.743 mm | SDD=1099.024 mm | M= 1.776 | incident=0.3689°
[[  -3.2336116  -618.70795      -5.788162  ]
 [   5.812743    480.26706      -0.78022194]
 [   0.14958778   -0.00191192    0.        ]
 [   0.            0.            0.1496    ]]
Residual vector length: 3600, Jacobian shape: (3600, 6)
view   0 | SOD= 618.800 mm | SDD=1099.024 mm | M= 1.776 | incident=0.3689°
[[  -3.7625635  -618.76117      -5.788656  ]
 [   6.197287    480.20593      -0.78071594]
 [   0.14958614   -0.00203626    0.        ]
 [   0.            0.            0.1496    ]]

iter 15 cost=5916.483457 -> 5920.083340 |dtheta|=7.641924e-02  lambda=6.250e-04

============================================================
Iteration 16
============================================================
Theta offsets (Unity frame):
  Source   : dSx=   0.000, dSy=   0.000, dSz=   0.000  (mm)
  Object   : dOx=  -0.432, dOy=   4.207, dOz=  15.027  (mm)
  Object offset: offset_x=  -0.076, offset_z=   3.677  (mm)
  Detector : dDx=   0.000, dDy=   0.000, dDz=   0.000  (mm)
  Obj Stage rotY :    3.838 deg
============================================================

Unity geometry (world coordinates):
  Source   : x=   5.000, y=  29.995, z=   0.000
  Object   : x=   0.109, y=  24.207, z= 615.027
  Detector : x= -25.318, y=  18.677, z=1059.000
  Obj rotY :  -4.5698 deg

Initial calibration:
  Source   : x=   0.000, y=   0.000, z=   0.000
  Object   : x=   0.000, y=   0.000, z=   0.000
  Detector : x=  25.318, y=   6.310, z=  40.001

After Calibration: 

Unity geometry (world coordinates):
  Source   : x=   5.000, y=  29.995, z=   0.000
  Object   : x=   0.109, y=  24.207, z= 615.027
  Detector : x=   0.000, y=  24.987, z=1099.001
  Obj rotY :  -4.5698 deg
view   0 | SOD= 618.743 mm | SDD=1099.024 mm | M= 1.776 | incident=0.3689°
[[  -3.2336116  -618.70795      -5.788162  ]
 [   5.812743    480.26706      -0.78022194]
 [   0.14958778   -0.00191192    0.        ]
 [   0.            0.            0.1496    ]]
Residual vector length: 3600, Jacobian shape: (3600, 6)
view   0 | SOD= 618.800 mm | SDD=1099.024 mm | M= 1.776 | incident=0.3689°
[[  -3.7625632  -618.76117      -5.788656  ]
 [   6.1972866   480.20593      -0.78071594]
 [   0.14958614   -0.00203626    0.        ]
 [   0.            0.            0.1496    ]]

iter 16 cost=5916.483457 -> 5920.083340 |dtheta|=7.641902e-02  lambda=3.125e-03

============================================================
Iteration 17
============================================================
Theta offsets (Unity frame):
  Source   : dSx=   0.000, dSy=   0.000, dSz=   0.000  (mm)
  Object   : dOx=  -0.432, dOy=   4.207, dOz=  15.027  (mm)
  Object offset: offset_x=  -0.076, offset_z=   3.677  (mm)
  Detector : dDx=   0.000, dDy=   0.000, dDz=   0.000  (mm)
  Obj Stage rotY :    3.838 deg
============================================================

Unity geometry (world coordinates):
  Source   : x=   5.000, y=  29.995, z=   0.000
  Object   : x=   0.109, y=  24.207, z= 615.027
  Detector : x= -25.318, y=  18.677, z=1059.000
  Obj rotY :  -4.5698 deg

Initial calibration:
  Source   : x=   0.000, y=   0.000, z=   0.000
  Object   : x=   0.000, y=   0.000, z=   0.000
  Detector : x=  25.318, y=   6.310, z=  40.001

After Calibration: 

Unity geometry (world coordinates):
  Source   : x=   5.000, y=  29.995, z=   0.000
  Object   : x=   0.109, y=  24.207, z= 615.027
  Detector : x=   0.000, y=  24.987, z=1099.001
  Obj rotY :  -4.5698 deg
view   0 | SOD= 618.743 mm | SDD=1099.024 mm | M= 1.776 | incident=0.3689°
[[  -3.2336116  -618.70795      -5.788162  ]
 [   5.812743    480.26706      -0.78022194]
 [   0.14958778   -0.00191192    0.        ]
 [   0.            0.            0.1496    ]]
Residual vector length: 3600, Jacobian shape: (3600, 6)
view   0 | SOD= 618.800 mm | SDD=1099.024 mm | M= 1.776 | incident=0.3689°
[[  -3.7625618  -618.76117      -5.788656  ]
 [   6.1972857   480.20593      -0.78071594]
 [   0.14958614   -0.00203626    0.        ]
 [   0.            0.            0.1496    ]]

iter 17 cost=5916.483457 -> 5920.083863 |dtheta|=7.641792e-02  lambda=1.562e-02

============================================================
Iteration 18
============================================================
Theta offsets (Unity frame):
  Source   : dSx=   0.000, dSy=   0.000, dSz=   0.000  (mm)
  Object   : dOx=  -0.432, dOy=   4.207, dOz=  15.027  (mm)
  Object offset: offset_x=  -0.076, offset_z=   3.677  (mm)
  Detector : dDx=   0.000, dDy=   0.000, dDz=   0.000  (mm)
  Obj Stage rotY :    3.838 deg
============================================================

Unity geometry (world coordinates):
  Source   : x=   5.000, y=  29.995, z=   0.000
  Object   : x=   0.109, y=  24.207, z= 615.027
  Detector : x= -25.318, y=  18.677, z=1059.000
  Obj rotY :  -4.5698 deg

Initial calibration:
  Source   : x=   0.000, y=   0.000, z=   0.000
  Object   : x=   0.000, y=   0.000, z=   0.000
  Detector : x=  25.318, y=   6.310, z=  40.001

After Calibration: 

Unity geometry (world coordinates):
  Source   : x=   5.000, y=  29.995, z=   0.000
  Object   : x=   0.109, y=  24.207, z= 615.027
  Detector : x=   0.000, y=  24.987, z=1099.001
  Obj rotY :  -4.5698 deg
view   0 | SOD= 618.743 mm | SDD=1099.024 mm | M= 1.776 | incident=0.3689°
[[  -3.2336116  -618.70795      -5.788162  ]
 [   5.812743    480.26706      -0.78022194]
 [   0.14958778   -0.00191192    0.        ]
 [   0.            0.            0.1496    ]]
Residual vector length: 3600, Jacobian shape: (3600, 6)
view   0 | SOD= 618.800 mm | SDD=1099.024 mm | M= 1.776 | incident=0.3689°
[[  -3.762555   -618.76117      -5.788656  ]
 [   6.1972804   480.20593      -0.78071594]
 [   0.14958614   -0.00203626    0.        ]
 [   0.            0.            0.1496    ]]

iter 18 cost=5916.483457 -> 5920.304095 |dtheta|=7.641241e-02  lambda=7.812e-02

============================================================
Iteration 19
============================================================
Theta offsets (Unity frame):
  Source   : dSx=   0.000, dSy=   0.000, dSz=   0.000  (mm)
  Object   : dOx=  -0.432, dOy=   4.207, dOz=  15.027  (mm)
  Object offset: offset_x=  -0.076, offset_z=   3.677  (mm)
  Detector : dDx=   0.000, dDy=   0.000, dDz=   0.000  (mm)
  Obj Stage rotY :    3.838 deg
============================================================

Unity geometry (world coordinates):
  Source   : x=   5.000, y=  29.995, z=   0.000
  Object   : x=   0.109, y=  24.207, z= 615.027
  Detector : x= -25.318, y=  18.677, z=1059.000
  Obj rotY :  -4.5698 deg

Initial calibration:
  Source   : x=   0.000, y=   0.000, z=   0.000
  Object   : x=   0.000, y=   0.000, z=   0.000
  Detector : x=  25.318, y=   6.310, z=  40.001

After Calibration: 

Unity geometry (world coordinates):
  Source   : x=   5.000, y=  29.995, z=   0.000
  Object   : x=   0.109, y=  24.207, z= 615.027
  Detector : x=   0.000, y=  24.987, z=1099.001
  Obj rotY :  -4.5698 deg
view   0 | SOD= 618.743 mm | SDD=1099.024 mm | M= 1.776 | incident=0.3689°
[[  -3.2336116  -618.70795      -5.788162  ]
 [   5.812743    480.26706      -0.78022194]
 [   0.14958778   -0.00191192    0.        ]
 [   0.            0.            0.1496    ]]
Residual vector length: 3600, Jacobian shape: (3600, 6)
view   0 | SOD= 618.800 mm | SDD=1099.024 mm | M= 1.776 | incident=0.3689°
[[  -3.7625203  -618.7611       -5.788656  ]
 [   6.197254    480.206        -0.78071594]
 [   0.14958614   -0.00203625    0.        ]
 [   0.            0.            0.1496    ]]

iter 19 cost=5916.483457 -> 5920.287453 |dtheta|=7.638492e-02  lambda=3.906e-01

============================================================
Iteration 20
============================================================
Theta offsets (Unity frame):
  Source   : dSx=   0.000, dSy=   0.000, dSz=   0.000  (mm)
  Object   : dOx=  -0.432, dOy=   4.207, dOz=  15.027  (mm)
  Object offset: offset_x=  -0.076, offset_z=   3.677  (mm)
  Detector : dDx=   0.000, dDy=   0.000, dDz=   0.000  (mm)
  Obj Stage rotY :    3.838 deg
============================================================

Unity geometry (world coordinates):
  Source   : x=   5.000, y=  29.995, z=   0.000
  Object   : x=   0.109, y=  24.207, z= 615.027
  Detector : x= -25.318, y=  18.677, z=1059.000
  Obj rotY :  -4.5698 deg

Initial calibration:
  Source   : x=   0.000, y=   0.000, z=   0.000
  Object   : x=   0.000, y=   0.000, z=   0.000
  Detector : x=  25.318, y=   6.310, z=  40.001

After Calibration: 

Unity geometry (world coordinates):
  Source   : x=   5.000, y=  29.995, z=   0.000
  Object   : x=   0.109, y=  24.207, z= 615.027
  Detector : x=   0.000, y=  24.987, z=1099.001
  Obj rotY :  -4.5698 deg
view   0 | SOD= 618.743 mm | SDD=1099.024 mm | M= 1.776 | incident=0.3689°
[[  -3.2336116  -618.70795      -5.788162  ]
 [   5.812743    480.26706      -0.78022194]
 [   0.14958778   -0.00191192    0.        ]
 [   0.            0.            0.1496    ]]
Residual vector length: 3600, Jacobian shape: (3600, 6)
view   0 | SOD= 618.799 mm | SDD=1099.024 mm | M= 1.776 | incident=0.3689°
[[  -3.7623477  -618.7609       -5.7886543 ]
 [   6.1971226   480.20618      -0.78071404]
 [   0.14958614   -0.00203621    0.        ]
 [   0.            0.            0.1496    ]]

iter 20 cost=5916.483457 -> 5920.686401 |dtheta|=7.624795e-02  lambda=1.953e+00

============================================================
Iteration 21
============================================================
Theta offsets (Unity frame):
  Source   : dSx=   0.000, dSy=   0.000, dSz=   0.000  (mm)
  Object   : dOx=  -0.432, dOy=   4.207, dOz=  15.027  (mm)
  Object offset: offset_x=  -0.076, offset_z=   3.677  (mm)
  Detector : dDx=   0.000, dDy=   0.000, dDz=   0.000  (mm)
  Obj Stage rotY :    3.838 deg
============================================================

Unity geometry (world coordinates):
  Source   : x=   5.000, y=  29.995, z=   0.000
  Object   : x=   0.109, y=  24.207, z= 615.027
  Detector : x= -25.318, y=  18.677, z=1059.000
  Obj rotY :  -4.5698 deg

Initial calibration:
  Source   : x=   0.000, y=   0.000, z=   0.000
  Object   : x=   0.000, y=   0.000, z=   0.000
  Detector : x=  25.318, y=   6.310, z=  40.001

After Calibration: 

Unity geometry (world coordinates):
  Source   : x=   5.000, y=  29.995, z=   0.000
  Object   : x=   0.109, y=  24.207, z= 615.027
  Detector : x=   0.000, y=  24.987, z=1099.001
  Obj rotY :  -4.5698 deg
view   0 | SOD= 618.743 mm | SDD=1099.024 mm | M= 1.776 | incident=0.3689°
[[  -3.2336116  -618.70795      -5.788162  ]
 [   5.812743    480.26706      -0.78022194]
 [   0.14958778   -0.00191192    0.        ]
 [   0.            0.            0.1496    ]]
Residual vector length: 3600, Jacobian shape: (3600, 6)
view   0 | SOD= 618.799 mm | SDD=1099.024 mm | M= 1.776 | incident=0.3689°
[[  -3.7614937  -618.76013      -5.7886486 ]
 [   6.1964664   480.20697      -0.7807083 ]
 [   0.14958614   -0.002036      0.        ]
 [   0.            0.            0.1496    ]]

iter 21 cost=5916.483457 -> 5921.079265 |dtheta|=7.557592e-02  lambda=9.766e+00

============================================================
Iteration 22
============================================================
Theta offsets (Unity frame):
  Source   : dSx=   0.000, dSy=   0.000, dSz=   0.000  (mm)
  Object   : dOx=  -0.432, dOy=   4.207, dOz=  15.027  (mm)
  Object offset: offset_x=  -0.076, offset_z=   3.677  (mm)
  Detector : dDx=   0.000, dDy=   0.000, dDz=   0.000  (mm)
  Obj Stage rotY :    3.838 deg
============================================================

Unity geometry (world coordinates):
  Source   : x=   5.000, y=  29.995, z=   0.000
  Object   : x=   0.109, y=  24.207, z= 615.027
  Detector : x= -25.318, y=  18.677, z=1059.000
  Obj rotY :  -4.5698 deg

Initial calibration:
  Source   : x=   0.000, y=   0.000, z=   0.000
  Object   : x=   0.000, y=   0.000, z=   0.000
  Detector : x=  25.318, y=   6.310, z=  40.001

After Calibration: 

Unity geometry (world coordinates):
  Source   : x=   5.000, y=  29.995, z=   0.000
  Object   : x=   0.109, y=  24.207, z= 615.027
  Detector : x=   0.000, y=  24.987, z=1099.001
  Obj rotY :  -4.5698 deg
view   0 | SOD= 618.743 mm | SDD=1099.024 mm | M= 1.776 | incident=0.3689°
[[  -3.2336116  -618.70795      -5.788162  ]
 [   5.812743    480.26706      -0.78022194]
 [   0.14958778   -0.00191192    0.        ]
 [   0.            0.            0.1496    ]]
Residual vector length: 3600, Jacobian shape: (3600, 6)
view   0 | SOD= 618.795 mm | SDD=1099.024 mm | M= 1.776 | incident=0.3689°
[[  -3.7573256  -618.75635      -5.78862   ]
 [   6.1932693   480.21085      -0.7806797 ]
 [   0.14958616   -0.002035      0.        ]
 [   0.            0.            0.1496    ]]

iter 22 cost=5916.483457 -> 5920.172640 |dtheta|=7.250856e-02  lambda=4.883e+01

============================================================
Iteration 23
============================================================
Theta offsets (Unity frame):
  Source   : dSx=   0.000, dSy=   0.000, dSz=   0.000  (mm)
  Object   : dOx=  -0.432, dOy=   4.207, dOz=  15.027  (mm)
  Object offset: offset_x=  -0.076, offset_z=   3.677  (mm)
  Detector : dDx=   0.000, dDy=   0.000, dDz=   0.000  (mm)
  Obj Stage rotY :    3.838 deg
============================================================

Unity geometry (world coordinates):
  Source   : x=   5.000, y=  29.995, z=   0.000
  Object   : x=   0.109, y=  24.207, z= 615.027
  Detector : x= -25.318, y=  18.677, z=1059.000
  Obj rotY :  -4.5698 deg

Initial calibration:
  Source   : x=   0.000, y=   0.000, z=   0.000
  Object   : x=   0.000, y=   0.000, z=   0.000
  Detector : x=  25.318, y=   6.310, z=  40.001

After Calibration: 

Unity geometry (world coordinates):
  Source   : x=   5.000, y=  29.995, z=   0.000
  Object   : x=   0.109, y=  24.207, z= 615.027
  Detector : x=   0.000, y=  24.987, z=1099.001
  Obj rotY :  -4.5698 deg
view   0 | SOD= 618.743 mm | SDD=1099.024 mm | M= 1.776 | incident=0.3689°
[[  -3.2336116  -618.70795      -5.788162  ]
 [   5.812743    480.26706      -0.78022194]
 [   0.14958778   -0.00191192    0.        ]
 [   0.            0.            0.1496    ]]
Residual vector length: 3600, Jacobian shape: (3600, 6)
view   0 | SOD= 618.781 mm | SDD=1099.024 mm | M= 1.776 | incident=0.3689°
[[  -3.738527   -618.7429       -5.7885227 ]
 [   6.178803    480.22452      -0.7805824 ]
 [   0.14958622   -0.00203047    0.        ]
 [   0.            0.            0.1496    ]]

iter 23 cost=5916.483457 -> 5919.707231 |dtheta|=6.210206e-02  lambda=2.441e+02

============================================================
Iteration 24
============================================================
Theta offsets (Unity frame):
  Source   : dSx=   0.000, dSy=   0.000, dSz=   0.000  (mm)
  Object   : dOx=  -0.432, dOy=   4.207, dOz=  15.027  (mm)
  Object offset: offset_x=  -0.076, offset_z=   3.677  (mm)
  Detector : dDx=   0.000, dDy=   0.000, dDz=   0.000  (mm)
  Obj Stage rotY :    3.838 deg
============================================================

Unity geometry (world coordinates):
  Source   : x=   5.000, y=  29.995, z=   0.000
  Object   : x=   0.109, y=  24.207, z= 615.027
  Detector : x= -25.318, y=  18.677, z=1059.000
  Obj rotY :  -4.5698 deg

Initial calibration:
  Source   : x=   0.000, y=   0.000, z=   0.000
  Object   : x=   0.000, y=   0.000, z=   0.000
  Detector : x=  25.318, y=   6.310, z=  40.001

After Calibration: 

Unity geometry (world coordinates):
  Source   : x=   5.000, y=  29.995, z=   0.000
  Object   : x=   0.109, y=  24.207, z= 615.027
  Detector : x=   0.000, y=  24.987, z=1099.001
  Obj rotY :  -4.5698 deg
view   0 | SOD= 618.743 mm | SDD=1099.024 mm | M= 1.776 | incident=0.3689°
[[  -3.2336116  -618.70795      -5.788162  ]
 [   5.812743    480.26706      -0.78022194]
 [   0.14958778   -0.00191192    0.        ]
 [   0.            0.            0.1496    ]]
Residual vector length: 3600, Jacobian shape: (3600, 6)
view   0 | SOD= 618.759 mm | SDD=1099.024 mm | M= 1.776 | incident=0.3689°
[[  -3.6683452  -618.7208       -5.788357  ]
 [   6.1245084   480.24774      -0.7804165 ]
 [   0.14958645   -0.00201353    0.        ]
 [   0.            0.            0.1496    ]]

iter 24 cost=5916.483457 -> 5916.653248 |dtheta|=4.503903e-02  lambda=1.221e+03

============================================================
Iteration 25
============================================================
Theta offsets (Unity frame):
  Source   : dSx=   0.000, dSy=   0.000, dSz=   0.000  (mm)
  Object   : dOx=  -0.432, dOy=   4.207, dOz=  15.027  (mm)
  Object offset: offset_x=  -0.076, offset_z=   3.677  (mm)
  Detector : dDx=   0.000, dDy=   0.000, dDz=   0.000  (mm)
  Obj Stage rotY :    3.838 deg
============================================================

Unity geometry (world coordinates):
  Source   : x=   5.000, y=  29.995, z=   0.000
  Object   : x=   0.109, y=  24.207, z= 615.027
  Detector : x= -25.318, y=  18.677, z=1059.000
  Obj rotY :  -4.5698 deg

Initial calibration:
  Source   : x=   0.000, y=   0.000, z=   0.000
  Object   : x=   0.000, y=   0.000, z=   0.000
  Detector : x=  25.318, y=   6.310, z=  40.001

After Calibration: 

Unity geometry (world coordinates):
  Source   : x=   5.000, y=  29.995, z=   0.000
  Object   : x=   0.109, y=  24.207, z= 615.027
  Detector : x=   0.000, y=  24.987, z=1099.001
  Obj rotY :  -4.5698 deg
view   0 | SOD= 618.743 mm | SDD=1099.024 mm | M= 1.776 | incident=0.3689°
[[  -3.2336116  -618.70795      -5.788162  ]
 [   5.812743    480.26706      -0.78022194]
 [   0.14958778   -0.00191192    0.        ]
 [   0.            0.            0.1496    ]]
Residual vector length: 3600, Jacobian shape: (3600, 6)
view   0 | SOD= 618.746 mm | SDD=1099.024 mm | M= 1.776 | incident=0.3689°
[[  -3.4985235  -618.7087       -5.7882614 ]
 [   5.993315    480.26254      -0.7803211 ]
 [   0.14958699   -0.00197256    0.        ]
 [   0.            0.            0.1496    ]]

iter 25 cost=5916.483457 -> 5915.925049 |dtheta|=2.756060e-02  lambda=6.104e+03

============================================================
Iteration 26
============================================================
Theta offsets (Unity frame):
  Source   : dSx=   0.000, dSy=   0.000, dSz=   0.000  (mm)
  Object   : dOx=  -0.432, dOy=   4.207, dOz=  15.032  (mm)
  Object offset: offset_x=  -0.062, offset_z=   3.676  (mm)
  Detector : dDx=   0.000, dDy=   0.000, dDz=   0.000  (mm)
  Obj Stage rotY :    3.814 deg
============================================================

Unity geometry (world coordinates):
  Source   : x=   5.000, y=  29.995, z=   0.000
  Object   : x=   0.109, y=  24.207, z= 615.032
  Detector : x= -25.318, y=  18.677, z=1059.000
  Obj rotY :  -4.5698 deg

Initial calibration:
  Source   : x=   0.000, y=   0.000, z=   0.000
  Object   : x=   0.000, y=   0.000, z=   0.000
  Detector : x=  25.318, y=   6.310, z=  40.001

After Calibration: 

Unity geometry (world coordinates):
  Source   : x=   5.000, y=  29.995, z=   0.000
  Object   : x=   0.109, y=  24.207, z= 615.032
  Detector : x=   0.000, y=  24.987, z=1099.001
  Obj rotY :  -4.5698 deg
view   0 | SOD= 618.746 mm | SDD=1099.024 mm | M= 1.776 | incident=0.3689°
[[  -3.4985235  -618.7087       -5.7882614 ]
 [   5.993315    480.26254      -0.7803211 ]
 [   0.14958699   -0.00197256    0.        ]
 [   0.            0.            0.1496    ]]
Residual vector length: 3600, Jacobian shape: (3600, 6)
view   0 | SOD= 618.760 mm | SDD=1099.024 mm | M= 1.776 | incident=0.3689°
[[  -3.3583057  -618.7241       -5.788872  ]
 [   5.921816    480.24893      -0.7809315 ]
 [   0.14958738   -0.00194374    0.        ]
 [   0.            0.            0.1496    ]]

iter 26 cost=5915.925049 -> 5927.894496 |dtheta|=2.768973e-02  lambda=2.035e+03

============================================================
Iteration 27
============================================================
Theta offsets (Unity frame):
  Source   : dSx=   0.000, dSy=   0.000, dSz=   0.000  (mm)
  Object   : dOx=  -0.432, dOy=   4.207, dOz=  15.032  (mm)
  Object offset: offset_x=  -0.062, offset_z=   3.676  (mm)
  Detector : dDx=   0.000, dDy=   0.000, dDz=   0.000  (mm)
  Obj Stage rotY :    3.814 deg
============================================================

Unity geometry (world coordinates):
  Source   : x=   5.000, y=  29.995, z=   0.000
  Object   : x=   0.109, y=  24.207, z= 615.032
  Detector : x= -25.318, y=  18.677, z=1059.000
  Obj rotY :  -4.5698 deg

Initial calibration:
  Source   : x=   0.000, y=   0.000, z=   0.000
  Object   : x=   0.000, y=   0.000, z=   0.000
  Detector : x=  25.318, y=   6.310, z=  40.001

After Calibration: 

Unity geometry (world coordinates):
  Source   : x=   5.000, y=  29.995, z=   0.000
  Object   : x=   0.109, y=  24.207, z= 615.032
  Detector : x=   0.000, y=  24.987, z=1099.001
  Obj rotY :  -4.5698 deg
view   0 | SOD= 618.746 mm | SDD=1099.024 mm | M= 1.776 | incident=0.3689°
[[  -3.4985235  -618.7087       -5.7882614 ]
 [   5.993315    480.26254      -0.7803211 ]
 [   0.14958699   -0.00197256    0.        ]
 [   0.            0.            0.1496    ]]
Residual vector length: 3600, Jacobian shape: (3600, 6)
view   0 | SOD= 618.749 mm | SDD=1099.024 mm | M= 1.776 | incident=0.3689°
[[  -3.4188027  -618.71246      -5.788765  ]
 [   5.9658866   480.25967      -0.78082466]
 [   0.14958718   -0.00195797    0.        ]
 [   0.            0.            0.1496    ]]

iter 27 cost=5915.925049 -> 5928.313946 |dtheta|=2.005362e-02  lambda=1.017e+04

============================================================
Iteration 28
============================================================
Theta offsets (Unity frame):
  Source   : dSx=   0.000, dSy=   0.000, dSz=   0.000  (mm)
  Object   : dOx=  -0.432, dOy=   4.207, dOz=  15.032  (mm)
  Object offset: offset_x=  -0.062, offset_z=   3.676  (mm)
  Detector : dDx=   0.000, dDy=   0.000, dDz=   0.000  (mm)
  Obj Stage rotY :    3.814 deg
============================================================

Unity geometry (world coordinates):
  Source   : x=   5.000, y=  29.995, z=   0.000
  Object   : x=   0.109, y=  24.207, z= 615.032
  Detector : x= -25.318, y=  18.677, z=1059.000
  Obj rotY :  -4.5698 deg

Initial calibration:
  Source   : x=   0.000, y=   0.000, z=   0.000
  Object   : x=   0.000, y=   0.000, z=   0.000
  Detector : x=  25.318, y=   6.310, z=  40.001

After Calibration: 

Unity geometry (world coordinates):
  Source   : x=   5.000, y=  29.995, z=   0.000
  Object   : x=   0.109, y=  24.207, z= 615.032
  Detector : x=   0.000, y=  24.987, z=1099.001
  Obj rotY :  -4.5698 deg
view   0 | SOD= 618.746 mm | SDD=1099.024 mm | M= 1.776 | incident=0.3689°
[[  -3.4985235  -618.7087       -5.7882614 ]
 [   5.993315    480.26254      -0.7803211 ]
 [   0.14958699   -0.00197256    0.        ]
 [   0.            0.            0.1496    ]]
Residual vector length: 3600, Jacobian shape: (3600, 6)
view   0 | SOD= 618.746 mm | SDD=1099.024 mm | M= 1.776 | incident=0.3689°
[[  -3.465498   -618.7095       -5.7886314 ]
 [   5.992002    480.26205      -0.78069115]
 [   0.14958705   -0.00196788    0.        ]
 [   0.            0.            0.1496    ]]

iter 28 cost=5915.925049 -> 5909.412785 |dtheta|=1.345815e-02  lambda=5.086e+04

============================================================
Iteration 29
============================================================
Theta offsets (Unity frame):
  Source   : dSx=   0.000, dSy=   0.000, dSz=   0.000  (mm)
  Object   : dOx=  -0.432, dOy=   4.206, dOz=  15.032  (mm)
  Object offset: offset_x=  -0.075, offset_z=   3.675  (mm)
  Detector : dDx=   0.000, dDy=   0.000, dDz=   0.000  (mm)
  Obj Stage rotY :    3.816 deg
============================================================

Unity geometry (world coordinates):
  Source   : x=   5.000, y=  29.995, z=   0.000
  Object   : x=   0.108, y=  24.206, z= 615.032
  Detector : x= -25.318, y=  18.677, z=1059.000
  Obj rotY :  -4.5698 deg

Initial calibration:
  Source   : x=   0.000, y=   0.000, z=   0.000
  Object   : x=   0.000, y=   0.000, z=   0.000
  Detector : x=  25.318, y=   6.310, z=  40.001

After Calibration: 

Unity geometry (world coordinates):
  Source   : x=   5.000, y=  29.995, z=   0.000
  Object   : x=   0.108, y=  24.206, z= 615.032
  Detector : x=   0.000, y=  24.987, z=1099.001
  Obj rotY :  -4.5698 deg
view   0 | SOD= 618.746 mm | SDD=1099.024 mm | M= 1.776 | incident=0.3689°
[[  -3.465498   -618.7095       -5.7886314 ]
 [   5.992002    480.26205      -0.78069115]
 [   0.14958705   -0.00196788    0.        ]
 [   0.            0.            0.1496    ]]
Residual vector length: 3600, Jacobian shape: (3600, 6)
view   0 | SOD= 618.745 mm | SDD=1099.024 mm | M= 1.776 | incident=0.3689°
[[  -3.451173   -618.7085       -5.788412  ]
 [   5.9656944   480.26337      -0.7804718 ]
 [   0.14958712   -0.00196235    0.        ]
 [   0.            0.            0.1496    ]]

iter 29 cost=5909.412785 -> 5914.175340 |dtheta|=9.310635e-03  lambda=1.695e+04

============================================================
Iteration 30
============================================================
Theta offsets (Unity frame):
  Source   : dSx=   0.000, dSy=   0.000, dSz=   0.000  (mm)
  Object   : dOx=  -0.432, dOy=   4.206, dOz=  15.032  (mm)
  Object offset: offset_x=  -0.075, offset_z=   3.675  (mm)
  Detector : dDx=   0.000, dDy=   0.000, dDz=   0.000  (mm)
  Obj Stage rotY :    3.816 deg
============================================================

Unity geometry (world coordinates):
  Source   : x=   5.000, y=  29.995, z=   0.000
  Object   : x=   0.108, y=  24.206, z= 615.032
  Detector : x= -25.318, y=  18.677, z=1059.000
  Obj rotY :  -4.5698 deg

Initial calibration:
  Source   : x=   0.000, y=   0.000, z=   0.000
  Object   : x=   0.000, y=   0.000, z=   0.000
  Detector : x=  25.318, y=   6.310, z=  40.001

After Calibration: 

Unity geometry (world coordinates):
  Source   : x=   5.000, y=  29.995, z=   0.000
  Object   : x=   0.108, y=  24.206, z= 615.032
  Detector : x=   0.000, y=  24.987, z=1099.001
  Obj rotY :  -4.5698 deg
view   0 | SOD= 618.746 mm | SDD=1099.024 mm | M= 1.776 | incident=0.3689°
[[  -3.465498   -618.7095       -5.7886314 ]
 [   5.992002    480.26205      -0.78069115]
 [   0.14958705   -0.00196788    0.        ]
 [   0.            0.            0.1496    ]]
Residual vector length: 3600, Jacobian shape: (3600, 6)
view   0 | SOD= 618.745 mm | SDD=1099.024 mm | M= 1.776 | incident=0.3689°
[[  -3.4657648  -618.7081       -5.7884865 ]
 [   5.983097    480.26352      -0.7805462 ]
 [   0.14958706   -0.00196671    0.        ]
 [   0.            0.            0.1496    ]]

iter 30 cost=5909.412785 -> 5904.137501 |dtheta|=5.280846e-03  lambda=8.477e+04

============================================================
Iteration 31
============================================================
Theta offsets (Unity frame):
  Source   : dSx=   0.000, dSy=   0.000, dSz=   0.000  (mm)
  Object   : dOx=  -0.432, dOy=   4.206, dOz=  15.033  (mm)
  Object offset: offset_x=  -0.070, offset_z=   3.674  (mm)
  Detector : dDx=   0.000, dDy=   0.000, dDz=   0.000  (mm)
  Obj Stage rotY :    3.817 deg
============================================================

Unity geometry (world coordinates):
  Source   : x=   5.000, y=  29.995, z=   0.000
  Object   : x=   0.108, y=  24.206, z= 615.033
  Detector : x= -25.318, y=  18.677, z=1059.000
  Obj rotY :  -4.5698 deg

Initial calibration:
  Source   : x=   0.000, y=   0.000, z=   0.000
  Object   : x=   0.000, y=   0.000, z=   0.000
  Detector : x=  25.318, y=   6.310, z=  40.001

After Calibration: 

Unity geometry (world coordinates):
  Source   : x=   5.000, y=  29.995, z=   0.000
  Object   : x=   0.108, y=  24.206, z= 615.033
  Detector : x=   0.000, y=  24.987, z=1099.001
  Obj rotY :  -4.5698 deg
view   0 | SOD= 618.745 mm | SDD=1099.024 mm | M= 1.776 | incident=0.3689°
[[  -3.4657648  -618.7081       -5.7884865 ]
 [   5.983097    480.26352      -0.7805462 ]
 [   0.14958706   -0.00196671    0.        ]
 [   0.            0.            0.1496    ]]
Residual vector length: 3600, Jacobian shape: (3600, 6)
view   0 | SOD= 618.750 mm | SDD=1099.024 mm | M= 1.776 | incident=0.3689°
[[  -3.2727468 -618.71466     -5.7885895]
 [   5.8197603  480.25995     -0.7806492]
 [   0.1495877   -0.0019182    0.       ]
 [   0.           0.           0.1496   ]]

iter 31 cost=5904.137501 -> 5909.731688 |dtheta|=2.045054e-02  lambda=2.826e+04

============================================================
Iteration 32
============================================================
Theta offsets (Unity frame):
  Source   : dSx=   0.000, dSy=   0.000, dSz=   0.000  (mm)
  Object   : dOx=  -0.432, dOy=   4.206, dOz=  15.033  (mm)
  Object offset: offset_x=  -0.070, offset_z=   3.674  (mm)
  Detector : dDx=   0.000, dDy=   0.000, dDz=   0.000  (mm)
  Obj Stage rotY :    3.817 deg
============================================================

Unity geometry (world coordinates):
  Source   : x=   5.000, y=  29.995, z=   0.000
  Object   : x=   0.108, y=  24.206, z= 615.033
  Detector : x= -25.318, y=  18.677, z=1059.000
  Obj rotY :  -4.5698 deg

Initial calibration:
  Source   : x=   0.000, y=   0.000, z=   0.000
  Object   : x=   0.000, y=   0.000, z=   0.000
  Detector : x=  25.318, y=   6.310, z=  40.001

After Calibration: 

Unity geometry (world coordinates):
  Source   : x=   5.000, y=  29.995, z=   0.000
  Object   : x=   0.108, y=  24.206, z= 615.033
  Detector : x=   0.000, y=  24.987, z=1099.001
  Obj rotY :  -4.5698 deg
view   0 | SOD= 618.745 mm | SDD=1099.024 mm | M= 1.776 | incident=0.3689°
[[  -3.4657648  -618.7081       -5.7884865 ]
 [   5.983097    480.26352      -0.7805462 ]
 [   0.14958706   -0.00196671    0.        ]
 [   0.            0.            0.1496    ]]
Residual vector length: 3600, Jacobian shape: (3600, 6)
view   0 | SOD= 618.746 mm | SDD=1099.024 mm | M= 1.776 | incident=0.3689°
[[  -3.4233272  -618.7099       -5.7885723 ]
 [   5.94355     480.26242      -0.780632  ]
 [   0.14958721   -0.00195555    0.        ]
 [   0.            0.            0.1496    ]]

iter 32 cost=5904.137501 -> 5909.223475 |dtheta|=5.629659e-03  lambda=1.413e+05

============================================================
Iteration 33
============================================================
Theta offsets (Unity frame):
  Source   : dSx=   0.000, dSy=   0.000, dSz=   0.000  (mm)
  Object   : dOx=  -0.432, dOy=   4.206, dOz=  15.033  (mm)
  Object offset: offset_x=  -0.070, offset_z=   3.674  (mm)
  Detector : dDx=   0.000, dDy=   0.000, dDz=   0.000  (mm)
  Obj Stage rotY :    3.817 deg
============================================================

Unity geometry (world coordinates):
  Source   : x=   5.000, y=  29.995, z=   0.000
  Object   : x=   0.108, y=  24.206, z= 615.033
  Detector : x= -25.318, y=  18.677, z=1059.000
  Obj rotY :  -4.5698 deg

Initial calibration:
  Source   : x=   0.000, y=   0.000, z=   0.000
  Object   : x=   0.000, y=   0.000, z=   0.000
  Detector : x=  25.318, y=   6.310, z=  40.001

After Calibration: 

Unity geometry (world coordinates):
  Source   : x=   5.000, y=  29.995, z=   0.000
  Object   : x=   0.108, y=  24.206, z= 615.033
  Detector : x=   0.000, y=  24.987, z=1099.001
  Obj rotY :  -4.5698 deg
view   0 | SOD= 618.745 mm | SDD=1099.024 mm | M= 1.776 | incident=0.3689°
[[  -3.4657648  -618.7081       -5.7884865 ]
 [   5.983097    480.26352      -0.7805462 ]
 [   0.14958706   -0.00196671    0.        ]
 [   0.            0.            0.1496    ]]
Residual vector length: 3600, Jacobian shape: (3600, 6)
view   0 | SOD= 618.745 mm | SDD=1099.024 mm | M= 1.776 | incident=0.3689°
[[  -3.4573498  -618.7085       -5.788517  ]
 [   5.9746723   480.26324      -0.7805767 ]
 [   0.1495871    -0.00196441    0.        ]
 [   0.            0.            0.1496    ]]

iter 33 cost=5904.137501 -> 5906.992256 |dtheta|=1.348756e-03  lambda=7.064e+05

============================================================
Iteration 34
============================================================
Theta offsets (Unity frame):
  Source   : dSx=   0.000, dSy=   0.000, dSz=   0.000  (mm)
  Object   : dOx=  -0.432, dOy=   4.206, dOz=  15.033  (mm)
  Object offset: offset_x=  -0.070, offset_z=   3.674  (mm)
  Detector : dDx=   0.000, dDy=   0.000, dDz=   0.000  (mm)
  Obj Stage rotY :    3.817 deg
============================================================

Unity geometry (world coordinates):
  Source   : x=   5.000, y=  29.995, z=   0.000
  Object   : x=   0.108, y=  24.206, z= 615.033
  Detector : x= -25.318, y=  18.677, z=1059.000
  Obj rotY :  -4.5698 deg

Initial calibration:
  Source   : x=   0.000, y=   0.000, z=   0.000
  Object   : x=   0.000, y=   0.000, z=   0.000
  Detector : x=  25.318, y=   6.310, z=  40.001

After Calibration: 

Unity geometry (world coordinates):
  Source   : x=   5.000, y=  29.995, z=   0.000
  Object   : x=   0.108, y=  24.206, z= 615.033
  Detector : x=   0.000, y=  24.987, z=1099.001
  Obj rotY :  -4.5698 deg
view   0 | SOD= 618.745 mm | SDD=1099.024 mm | M= 1.776 | incident=0.3689°
[[  -3.4657648  -618.7081       -5.7884865 ]
 [   5.983097    480.26352      -0.7805462 ]
 [   0.14958706   -0.00196671    0.        ]
 [   0.            0.            0.1496    ]]
Residual vector length: 3600, Jacobian shape: (3600, 6)
view   0 | SOD= 618.745 mm | SDD=1099.024 mm | M= 1.776 | incident=0.3689°
[[  -3.459833   -618.7084       -5.7885094 ]
 [   5.9771113   480.26334      -0.7805691 ]
 [   0.1495871    -0.00196508    0.        ]
 [   0.            0.            0.1496    ]]

iter 34 cost=5904.137501 -> 5906.458054 |dtheta|=9.706435e-04  lambda=1.000e+06

============================================================
Iteration 35
============================================================
Theta offsets (Unity frame):
  Source   : dSx=   0.000, dSy=   0.000, dSz=   0.000  (mm)
  Object   : dOx=  -0.432, dOy=   4.206, dOz=  15.033  (mm)
  Object offset: offset_x=  -0.070, offset_z=   3.674  (mm)
  Detector : dDx=   0.000, dDy=   0.000, dDz=   0.000  (mm)
  Obj Stage rotY :    3.817 deg
============================================================

Unity geometry (world coordinates):
  Source   : x=   5.000, y=  29.995, z=   0.000
  Object   : x=   0.108, y=  24.206, z= 615.033
  Detector : x= -25.318, y=  18.677, z=1059.000
  Obj rotY :  -4.5698 deg

Initial calibration:
  Source   : x=   0.000, y=   0.000, z=   0.000
  Object   : x=   0.000, y=   0.000, z=   0.000
  Detector : x=  25.318, y=   6.310, z=  40.001

After Calibration: 

Unity geometry (world coordinates):
  Source   : x=   5.000, y=  29.995, z=   0.000
  Object   : x=   0.108, y=  24.206, z= 615.033
  Detector : x=   0.000, y=  24.987, z=1099.001
  Obj rotY :  -4.5698 deg
view   0 | SOD= 618.745 mm | SDD=1099.024 mm | M= 1.776 | incident=0.3689°
[[  -3.4657648  -618.7081       -5.7884865 ]
 [   5.983097    480.26352      -0.7805462 ]
 [   0.14958706   -0.00196671    0.        ]
 [   0.            0.            0.1496    ]]
Residual vector length: 3600, Jacobian shape: (3600, 6)
view   0 | SOD= 618.745 mm | SDD=1099.024 mm | M= 1.776 | incident=0.3689°
[[  -3.459833   -618.7084       -5.7885094 ]
 [   5.9771113   480.26334      -0.7805691 ]
 [   0.1495871    -0.00196508    0.        ]
 [   0.            0.            0.1496    ]]

iter 35 cost=5904.137501 -> 5906.458054 |dtheta|=9.706435e-04  lambda=1.000e+06

============================================================
Iteration 36
============================================================
Theta offsets (Unity frame):
  Source   : dSx=   0.000, dSy=   0.000, dSz=   0.000  (mm)
  Object   : dOx=  -0.432, dOy=   4.206, dOz=  15.033  (mm)
  Object offset: offset_x=  -0.070, offset_z=   3.674  (mm)
  Detector : dDx=   0.000, dDy=   0.000, dDz=   0.000  (mm)
  Obj Stage rotY :    3.817 deg
============================================================

Unity geometry (world coordinates):
  Source   : x=   5.000, y=  29.995, z=   0.000
  Object   : x=   0.108, y=  24.206, z= 615.033
  Detector : x= -25.318, y=  18.677, z=1059.000
  Obj rotY :  -4.5698 deg

Initial calibration:
  Source   : x=   0.000, y=   0.000, z=   0.000
  Object   : x=   0.000, y=   0.000, z=   0.000
  Detector : x=  25.318, y=   6.310, z=  40.001

After Calibration: 

Unity geometry (world coordinates):
  Source   : x=   5.000, y=  29.995, z=   0.000
  Object   : x=   0.108, y=  24.206, z= 615.033
  Detector : x=   0.000, y=  24.987, z=1099.001
  Obj rotY :  -4.5698 deg
view   0 | SOD= 618.745 mm | SDD=1099.024 mm | M= 1.776 | incident=0.3689°
[[  -3.4657648  -618.7081       -5.7884865 ]
 [   5.983097    480.26352      -0.7805462 ]
 [   0.14958706   -0.00196671    0.        ]
 [   0.            0.            0.1496    ]]
Residual vector length: 3600, Jacobian shape: (3600, 6)
view   0 | SOD= 618.745 mm | SDD=1099.024 mm | M= 1.776 | incident=0.3689°
[[  -3.459833   -618.7084       -5.7885094 ]
 [   5.9771113   480.26334      -0.7805691 ]
 [   0.1495871    -0.00196508    0.        ]
 [   0.            0.            0.1496    ]]

iter 36 cost=5904.137501 -> 5906.458054 |dtheta|=9.706435e-04  lambda=1.000e+06

============================================================
Iteration 37
============================================================
Theta offsets (Unity frame):
  Source   : dSx=   0.000, dSy=   0.000, dSz=   0.000  (mm)
  Object   : dOx=  -0.432, dOy=   4.206, dOz=  15.033  (mm)
  Object offset: offset_x=  -0.070, offset_z=   3.674  (mm)
  Detector : dDx=   0.000, dDy=   0.000, dDz=   0.000  (mm)
  Obj Stage rotY :    3.817 deg
============================================================

Unity geometry (world coordinates):
  Source   : x=   5.000, y=  29.995, z=   0.000
  Object   : x=   0.108, y=  24.206, z= 615.033
  Detector : x= -25.318, y=  18.677, z=1059.000
  Obj rotY :  -4.5698 deg

Initial calibration:
  Source   : x=   0.000, y=   0.000, z=   0.000
  Object   : x=   0.000, y=   0.000, z=   0.000
  Detector : x=  25.318, y=   6.310, z=  40.001

After Calibration: 

Unity geometry (world coordinates):
  Source   : x=   5.000, y=  29.995, z=   0.000
  Object   : x=   0.108, y=  24.206, z= 615.033
  Detector : x=   0.000, y=  24.987, z=1099.001
  Obj rotY :  -4.5698 deg
view   0 | SOD= 618.745 mm | SDD=1099.024 mm | M= 1.776 | incident=0.3689°
[[  -3.4657648  -618.7081       -5.7884865 ]
 [   5.983097    480.26352      -0.7805462 ]
 [   0.14958706   -0.00196671    0.        ]
 [   0.            0.            0.1496    ]]
Residual vector length: 3600, Jacobian shape: (3600, 6)
view   0 | SOD= 618.745 mm | SDD=1099.024 mm | M= 1.776 | incident=0.3689°
[[  -3.459833   -618.7084       -5.7885094 ]
 [   5.9771113   480.26334      -0.7805691 ]
 [   0.1495871    -0.00196508    0.        ]
 [   0.            0.            0.1496    ]]

iter 37 cost=5904.137501 -> 5906.458054 |dtheta|=9.706435e-04  lambda=1.000e+06

============================================================
Iteration 38
============================================================
Theta offsets (Unity frame):
  Source   : dSx=   0.000, dSy=   0.000, dSz=   0.000  (mm)
  Object   : dOx=  -0.432, dOy=   4.206, dOz=  15.033  (mm)
  Object offset: offset_x=  -0.070, offset_z=   3.674  (mm)
  Detector : dDx=   0.000, dDy=   0.000, dDz=   0.000  (mm)
  Obj Stage rotY :    3.817 deg
============================================================

Unity geometry (world coordinates):
  Source   : x=   5.000, y=  29.995, z=   0.000
  Object   : x=   0.108, y=  24.206, z= 615.033
  Detector : x= -25.318, y=  18.677, z=1059.000
  Obj rotY :  -4.5698 deg

Initial calibration:
  Source   : x=   0.000, y=   0.000, z=   0.000
  Object   : x=   0.000, y=   0.000, z=   0.000
  Detector : x=  25.318, y=   6.310, z=  40.001

After Calibration: 

Unity geometry (world coordinates):
  Source   : x=   5.000, y=  29.995, z=   0.000
  Object   : x=   0.108, y=  24.206, z= 615.033
  Detector : x=   0.000, y=  24.987, z=1099.001
  Obj rotY :  -4.5698 deg
view   0 | SOD= 618.745 mm | SDD=1099.024 mm | M= 1.776 | incident=0.3689°
[[  -3.4657648  -618.7081       -5.7884865 ]
 [   5.983097    480.26352      -0.7805462 ]
 [   0.14958706   -0.00196671    0.        ]
 [   0.            0.            0.1496    ]]
Residual vector length: 3600, Jacobian shape: (3600, 6)
view   0 | SOD= 618.745 mm | SDD=1099.024 mm | M= 1.776 | incident=0.3689°
[[  -3.459833   -618.7084       -5.7885094 ]
 [   5.9771113   480.26334      -0.7805691 ]
 [   0.1495871    -0.00196508    0.        ]
 [   0.            0.            0.1496    ]]

iter 38 cost=5904.137501 -> 5906.458054 |dtheta|=9.706435e-04  lambda=1.000e+06

============================================================
Iteration 39
============================================================
Theta offsets (Unity frame):
  Source   : dSx=   0.000, dSy=   0.000, dSz=   0.000  (mm)
  Object   : dOx=  -0.432, dOy=   4.206, dOz=  15.033  (mm)
  Object offset: offset_x=  -0.070, offset_z=   3.674  (mm)
  Detector : dDx=   0.000, dDy=   0.000, dDz=   0.000  (mm)
  Obj Stage rotY :    3.817 deg
============================================================

Unity geometry (world coordinates):
  Source   : x=   5.000, y=  29.995, z=   0.000
  Object   : x=   0.108, y=  24.206, z= 615.033
  Detector : x= -25.318, y=  18.677, z=1059.000
  Obj rotY :  -4.5698 deg

Initial calibration:
  Source   : x=   0.000, y=   0.000, z=   0.000
  Object   : x=   0.000, y=   0.000, z=   0.000
  Detector : x=  25.318, y=   6.310, z=  40.001

After Calibration: 

Unity geometry (world coordinates):
  Source   : x=   5.000, y=  29.995, z=   0.000
  Object   : x=   0.108, y=  24.206, z= 615.033
  Detector : x=   0.000, y=  24.987, z=1099.001
  Obj rotY :  -4.5698 deg
view   0 | SOD= 618.745 mm | SDD=1099.024 mm | M= 1.776 | incident=0.3689°
[[  -3.4657648  -618.7081       -5.7884865 ]
 [   5.983097    480.26352      -0.7805462 ]
 [   0.14958706   -0.00196671    0.        ]
 [   0.            0.            0.1496    ]]
Residual vector length: 3600, Jacobian shape: (3600, 6)
view   0 | SOD= 618.745 mm | SDD=1099.024 mm | M= 1.776 | incident=0.3689°
[[  -3.459833   -618.7084       -5.7885094 ]
 [   5.9771113   480.26334      -0.7805691 ]
 [   0.1495871    -0.00196508    0.        ]
 [   0.            0.            0.1496    ]]

iter 39 cost=5904.137501 -> 5906.458054 |dtheta|=9.706435e-04  lambda=1.000e+06

============================================================
Iteration 40
============================================================
Theta offsets (Unity frame):
  Source   : dSx=   0.000, dSy=   0.000, dSz=   0.000  (mm)
  Object   : dOx=  -0.432, dOy=   4.206, dOz=  15.033  (mm)
  Object offset: offset_x=  -0.070, offset_z=   3.674  (mm)
  Detector : dDx=   0.000, dDy=   0.000, dDz=   0.000  (mm)
  Obj Stage rotY :    3.817 deg
============================================================

Unity geometry (world coordinates):
  Source   : x=   5.000, y=  29.995, z=   0.000
  Object   : x=   0.108, y=  24.206, z= 615.033
  Detector : x= -25.318, y=  18.677, z=1059.000
  Obj rotY :  -4.5698 deg

Initial calibration:
  Source   : x=   0.000, y=   0.000, z=   0.000
  Object   : x=   0.000, y=   0.000, z=   0.000
  Detector : x=  25.318, y=   6.310, z=  40.001

After Calibration: 

Unity geometry (world coordinates):
  Source   : x=   5.000, y=  29.995, z=   0.000
  Object   : x=   0.108, y=  24.206, z= 615.033
  Detector : x=   0.000, y=  24.987, z=1099.001
  Obj rotY :  -4.5698 deg
view   0 | SOD= 618.745 mm | SDD=1099.024 mm | M= 1.776 | incident=0.3689°
[[  -3.4657648  -618.7081       -5.7884865 ]
 [   5.983097    480.26352      -0.7805462 ]
 [   0.14958706   -0.00196671    0.        ]
 [   0.            0.            0.1496    ]]
Residual vector length: 3600, Jacobian shape: (3600, 6)
view   0 | SOD= 618.745 mm | SDD=1099.024 mm | M= 1.776 | incident=0.3689°
[[  -3.459833   -618.7084       -5.7885094 ]
 [   5.9771113   480.26334      -0.7805691 ]
 [   0.1495871    -0.00196508    0.        ]
 [   0.            0.            0.1496    ]]

iter 40 cost=5904.137501 -> 5906.458054 |dtheta|=9.706435e-04  lambda=1.000e+06
Stalled.

Estimated theta:
  dSx: +0.000000
  dSy: +0.000000
  dOx: -0.432117
  dOy: +4.206401
  dOz: +15.032718
  dDx: +0.000000
  dDy: +0.000000
  dDz: +0.000000
alpha: +3.816566e+00 deg)
offset_x: -0.070149
offset_z: +3.673574

Final cost table:
Final estimated theta: [ 0.          0.         -0.43211666  4.20640113 15.03271793  0.
  0.          0.          3.81656613 -0.07014887  3.67357408]
################################################################################

