
################################################################################
Running scenario=Scan5 Projections=360 Used=5, K=5

============================================================
Iteration 0
============================================================
Theta offsets (Unity frame):
  Source   : dSx=   0.000, dSy=   0.000, dSz=   0.000  (mm)
  Object   : dOx=   0.000, dOy=   0.000, dOz=   0.000  (mm)
  Object offset: offset_x=   0.000, offset_z=   0.000  (mm)
  Detector : dDx=   0.000, dDy=   0.000, dDz=   0.000  (mm)
  Obj Stage rotY :    0.000 deg
============================================================

Unity geometry (world coordinates):
  Source   : x= -10.000, y=  29.997, z=   0.000
  Object   : x=   0.541, y=  20.000, z= 600.000
  Detector : x= -20.002, y=  33.656, z= 959.000
  Obj rotY :  -4.5698 deg

Initial calibration:
  Source   : x=   0.000, y=   0.000, z=   0.000
  Object   : x=   0.000, y=   0.000, z=   0.000
  Detector : x=  25.318, y=   6.310, z=  40.001

After Calibration: 

Unity geometry (world coordinates):
  Source   : x= -10.000, y=  29.997, z=   0.000
  Object   : x=   0.541, y=  20.000, z= 600.000
  Detector : x=   5.316, y=  39.966, z= 999.001
  Obj rotY :  -4.5698 deg
view   0 | SOD= 600.176 mm | SDD= 999.168 mm | M= 1.665 | incident=1.0480°
[[ -58.31186    -597.25275      -9.997368  ]
 [  36.550167    397.3519      -19.965702  ]
 [   0.14912441   -0.01191922    0.        ]
 [   0.            0.            0.1496    ]]
Residual vector length: 100, Jacobian shape: (100, 6)
view   0 | SOD= 626.319 mm | SDD= 999.168 mm | M= 1.595 | incident=1.0480°
[[  87.55625    -620.13745      -6.2769775 ]
 [ -52.536232    369.11035     -16.245312  ]
 [   0.14778312    0.02324457    0.        ]
 [   0.            0.            0.1496    ]]
/vol/home/s3777103/Documents/workspace/Thesis/AutoCalibration/gauss_newton_real.py:300: FutureWarning: The behavior of DataFrame concatenation with empty or all-NA entries is deprecated. In a future version, this will no longer exclude empty or all-NA columns when determining the result dtypes. To retain the old behavior, exclude the relevant entries before the concat operation.
  df_r0 = pd.concat([df_r0, df_iter], ignore_index=True)

iter 00 cost=79362.550194 -> 29827.138790 |dtheta|=2.817584e+01  lambda=1.000e-02

============================================================
Iteration 1
============================================================
Theta offsets (Unity frame):
  Source   : dSx=   0.000, dSy=   0.000, dSz=   0.000  (mm)
  Object   : dOx=  -0.049, dOy=   3.720, dOz=  24.367  (mm)
  Object offset: offset_x=  -0.774, offset_z=   1.787  (mm)
  Detector : dDx=   0.000, dDy=   0.000, dDz=   0.000  (mm)
  Obj Stage rotY :   13.509 deg
============================================================

Unity geometry (world coordinates):
  Source   : x= -10.000, y=  29.997, z=   0.000
  Object   : x=   0.491, y=  23.720, z= 624.367
  Detector : x= -20.002, y=  33.656, z= 959.000
  Obj rotY :  -4.5698 deg

Initial calibration:
  Source   : x=   0.000, y=   0.000, z=   0.000
  Object   : x=   0.000, y=   0.000, z=   0.000
  Detector : x=  25.318, y=   6.310, z=  40.001

After Calibration: 

Unity geometry (world coordinates):
  Source   : x= -10.000, y=  29.997, z=   0.000
  Object   : x=   0.491, y=  23.720, z= 624.367
  Detector : x=   5.316, y=  39.966, z= 999.001
  Obj rotY :  -4.5698 deg
view   0 | SOD= 626.319 mm | SDD= 999.168 mm | M= 1.595 | incident=1.0480°
[[  87.55625    -620.13745      -6.2769775 ]
 [ -52.536232    369.11035     -16.245312  ]
 [   0.14778312    0.02324457    0.        ]
 [   0.            0.            0.1496    ]]
Residual vector length: 100, Jacobian shape: (100, 6)
view   0 | SOD= 634.211 mm | SDD= 999.168 mm | M= 1.575 | incident=1.0480°
[[ 184.47458    -606.7598       -5.885002  ]
 [-105.13731     349.46304     -15.853336  ]
 [   0.1424956     0.04555397    0.        ]
 [   0.            0.            0.1496    ]]

iter 01 cost=29827.138790 -> 23152.195847 |dtheta|=1.148438e+01  lambda=3.333e-03

============================================================
Iteration 2
============================================================
Theta offsets (Unity frame):
  Source   : dSx=   0.000, dSy=   0.000, dSz=   0.000  (mm)
  Object   : dOx=  -0.238, dOy=   4.112, dOz=  31.696  (mm)
  Object offset: offset_x=  -1.444, offset_z=   2.315  (mm)
  Detector : dDx=   0.000, dDy=   0.000, dDz=   0.000  (mm)
  Obj Stage rotY :   22.298 deg
============================================================

Unity geometry (world coordinates):
  Source   : x= -10.000, y=  29.997, z=   0.000
  Object   : x=   0.302, y=  24.112, z= 631.696
  Detector : x= -20.002, y=  33.656, z= 959.000
  Obj rotY :  -4.5698 deg

Initial calibration:
  Source   : x=   0.000, y=   0.000, z=   0.000
  Object   : x=   0.000, y=   0.000, z=   0.000
  Detector : x=  25.318, y=   6.310, z=  40.001

After Calibration: 

Unity geometry (world coordinates):
  Source   : x= -10.000, y=  29.997, z=   0.000
  Object   : x=   0.302, y=  24.112, z= 631.696
  Detector : x=   5.316, y=  39.966, z= 999.001
  Obj rotY :  -4.5698 deg
view   0 | SOD= 634.211 mm | SDD= 999.168 mm | M= 1.575 | incident=1.0480°
[[ 184.47458    -606.7598       -5.885002  ]
 [-105.13731     349.46304     -15.853336  ]
 [   0.1424956     0.04555397    0.        ]
 [   0.            0.            0.1496    ]]
Residual vector length: 100, Jacobian shape: (100, 6)
view   0 | SOD= 628.583 mm | SDD= 999.168 mm | M= 1.590 | incident=1.0480°
[[ 208.05287    -593.12366      -5.95875   ]
 [-122.32132     349.79208     -15.927084  ]
 [   0.14040977    0.05162614    0.        ]
 [   0.            0.            0.1496    ]]

iter 02 cost=23152.195847 -> 21545.407362 |dtheta|=5.709018e+00  lambda=1.111e-03

============================================================
Iteration 3
============================================================
Theta offsets (Unity frame):
  Source   : dSx=   0.000, dSy=   0.000, dSz=   0.000  (mm)
  Object   : dOx=  -0.189, dOy=   4.039, dOz=  26.581  (mm)
  Object offset: offset_x=  -1.089, offset_z=   1.823  (mm)
  Detector : dDx=   0.000, dDy=   0.000, dDz=   0.000  (mm)
  Obj Stage rotY :   24.757 deg
============================================================

Unity geometry (world coordinates):
  Source   : x= -10.000, y=  29.997, z=   0.000
  Object   : x=   0.352, y=  24.039, z= 626.581
  Detector : x= -20.002, y=  33.656, z= 959.000
  Obj rotY :  -4.5698 deg

Initial calibration:
  Source   : x=   0.000, y=   0.000, z=   0.000
  Object   : x=   0.000, y=   0.000, z=   0.000
  Detector : x=  25.318, y=   6.310, z=  40.001

After Calibration: 

Unity geometry (world coordinates):
  Source   : x= -10.000, y=  29.997, z=   0.000
  Object   : x=   0.352, y=  24.039, z= 626.581
  Detector : x=   5.316, y=  39.966, z= 999.001
  Obj rotY :  -4.5698 deg
view   0 | SOD= 628.583 mm | SDD= 999.168 mm | M= 1.590 | incident=1.0480°
[[ 208.05287    -593.12366      -5.95875   ]
 [-122.32132     349.79208     -15.927084  ]
 [   0.14040977    0.05162614    0.        ]
 [   0.            0.            0.1496    ]]
Residual vector length: 100, Jacobian shape: (100, 6)
view   0 | SOD= 619.127 mm | SDD= 999.168 mm | M= 1.614 | incident=1.0480°
[[ 272.79883    -555.7567       -5.8337345 ]
 [-166.563       341.57175     -15.802069  ]
 [   0.13333452    0.06783852    0.        ]
 [   0.            0.            0.1496    ]]

iter 03 cost=21545.407362 -> 18560.521659 |dtheta|=1.169047e+01  lambda=3.704e-04

============================================================
Iteration 4
============================================================
Theta offsets (Unity frame):
  Source   : dSx=   0.000, dSy=   0.000, dSz=   0.000  (mm)
  Object   : dOx=  -0.300, dOy=   4.164, dOz=  17.067  (mm)
  Object offset: offset_x=  -1.516, offset_z=   1.854  (mm)
  Detector : dDx=   0.000, dDy=   0.000, dDz=   0.000  (mm)
  Obj Stage rotY :   31.536 deg
============================================================

Unity geometry (world coordinates):
  Source   : x= -10.000, y=  29.997, z=   0.000
  Object   : x=   0.241, y=  24.164, z= 617.067
  Detector : x= -20.002, y=  33.656, z= 959.000
  Obj rotY :  -4.5698 deg

Initial calibration:
  Source   : x=   0.000, y=   0.000, z=   0.000
  Object   : x=   0.000, y=   0.000, z=   0.000
  Detector : x=  25.318, y=   6.310, z=  40.001

After Calibration: 

Unity geometry (world coordinates):
  Source   : x= -10.000, y=  29.997, z=   0.000
  Object   : x=   0.241, y=  24.164, z= 617.067
  Detector : x=   5.316, y=  39.966, z= 999.001
  Obj rotY :  -4.5698 deg
view   0 | SOD= 619.127 mm | SDD= 999.168 mm | M= 1.614 | incident=1.0480°
[[ 272.79883    -555.7567       -5.8337345 ]
 [-166.563       341.57175     -15.802069  ]
 [   0.13333452    0.06783852    0.        ]
 [   0.            0.            0.1496    ]]
Residual vector length: 100, Jacobian shape: (100, 6)
view   0 | SOD= 617.857 mm | SDD= 999.168 mm | M= 1.617 | incident=1.0480°
[[ 297.64108    -541.4091       -5.7604313 ]
 [-182.84259     334.58893     -15.7287655 ]
 [   0.13004667    0.0739461     0.        ]
 [   0.            0.            0.1496    ]]

iter 04 cost=18560.521659 -> 17968.026703 |dtheta|=3.149022e+00  lambda=1.235e-04

============================================================
Iteration 5
============================================================
Theta offsets (Unity frame):
  Source   : dSx=   0.000, dSy=   0.000, dSz=   0.000  (mm)
  Object   : dOx=  -0.284, dOy=   4.237, dOz=  15.421  (mm)
  Object offset: offset_x=  -1.563, offset_z=   2.228  (mm)
  Detector : dDx=   0.000, dDy=   0.000, dDz=   0.000  (mm)
  Obj Stage rotY :   34.193 deg
============================================================

Unity geometry (world coordinates):
  Source   : x= -10.000, y=  29.997, z=   0.000
  Object   : x=   0.256, y=  24.237, z= 615.421
  Detector : x= -20.002, y=  33.656, z= 959.000
  Obj rotY :  -4.5698 deg

Initial calibration:
  Source   : x=   0.000, y=   0.000, z=   0.000
  Object   : x=   0.000, y=   0.000, z=   0.000
  Detector : x=  25.318, y=   6.310, z=  40.001

After Calibration: 

Unity geometry (world coordinates):
  Source   : x= -10.000, y=  29.997, z=   0.000
  Object   : x=   0.256, y=  24.237, z= 615.421
  Detector : x=   5.316, y=  39.966, z= 999.001
  Obj rotY :  -4.5698 deg
view   0 | SOD= 617.857 mm | SDD= 999.168 mm | M= 1.617 | incident=1.0480°
[[ 297.64108    -541.4091       -5.7604313 ]
 [-182.84259     334.58893     -15.7287655 ]
 [   0.13004667    0.0739461     0.        ]
 [   0.            0.            0.1496    ]]
Residual vector length: 100, Jacobian shape: (100, 6)
view   0 | SOD= 615.749 mm | SDD= 999.168 mm | M= 1.623 | incident=1.0480°
[[ 333.7657     -517.4105       -5.8501396 ]
 [-207.1299      322.6306      -15.818474  ]
 [   0.12452473    0.08290809    0.        ]
 [   0.            0.            0.1496    ]]

iter 05 cost=17968.026703 -> 17704.052325 |dtheta|=4.712211e+00  lambda=4.115e-05

============================================================
Iteration 6
============================================================
Theta offsets (Unity frame):
  Source   : dSx=   0.000, dSy=   0.000, dSz=   0.000  (mm)
  Object   : dOx=  -0.349, dOy=   4.147, dOz=  13.007  (mm)
  Object offset: offset_x=  -1.472, offset_z=   2.540  (mm)
  Detector : dDx=   0.000, dDy=   0.000, dDz=   0.000  (mm)
  Obj Stage rotY :   38.225 deg
============================================================

Unity geometry (world coordinates):
  Source   : x= -10.000, y=  29.997, z=   0.000
  Object   : x=   0.191, y=  24.147, z= 613.007
  Detector : x= -20.002, y=  33.656, z= 959.000
  Obj rotY :  -4.5698 deg

Initial calibration:
  Source   : x=   0.000, y=   0.000, z=   0.000
  Object   : x=   0.000, y=   0.000, z=   0.000
  Detector : x=  25.318, y=   6.310, z=  40.001

After Calibration: 

Unity geometry (world coordinates):
  Source   : x= -10.000, y=  29.997, z=   0.000
  Object   : x=   0.191, y=  24.147, z= 613.007
  Detector : x=   5.316, y=  39.966, z= 999.001
  Obj rotY :  -4.5698 deg
view   0 | SOD= 615.749 mm | SDD= 999.168 mm | M= 1.623 | incident=1.0480°
[[ 333.7657     -517.4105       -5.8501396 ]
 [-207.1299      322.6306      -15.818474  ]
 [   0.12452473    0.08290809    0.        ]
 [   0.            0.            0.1496    ]]
Residual vector length: 100, Jacobian shape: (100, 6)
view   0 | SOD= 618.947 mm | SDD= 999.168 mm | M= 1.614 | incident=1.0480°
[[ 352.815      -508.51172      -5.7734222 ]
 [-216.00893     312.8752      -15.741756  ]
 [   0.12166782    0.08704656    0.        ]
 [   0.            0.            0.1496    ]]

iter 06 cost=17704.052325 -> 17347.203952 |dtheta|=3.900698e+00  lambda=1.372e-05

============================================================
Iteration 7
============================================================
Theta offsets (Unity frame):
  Source   : dSx=   0.000, dSy=   0.000, dSz=   0.000  (mm)
  Object   : dOx=  -0.348, dOy=   4.224, dOz=  16.393  (mm)
  Object offset: offset_x=  -1.441, offset_z=   2.355  (mm)
  Detector : dDx=   0.000, dDy=   0.000, dDz=   0.000  (mm)
  Obj Stage rotY :   40.151 deg
============================================================

Unity geometry (world coordinates):
  Source   : x= -10.000, y=  29.997, z=   0.000
  Object   : x=   0.192, y=  24.224, z= 616.393
  Detector : x= -20.002, y=  33.656, z= 959.000
  Obj rotY :  -4.5698 deg

Initial calibration:
  Source   : x=   0.000, y=   0.000, z=   0.000
  Object   : x=   0.000, y=   0.000, z=   0.000
  Detector : x=  25.318, y=   6.310, z=  40.001

After Calibration: 

Unity geometry (world coordinates):
  Source   : x= -10.000, y=  29.997, z=   0.000
  Object   : x=   0.192, y=  24.224, z= 616.393
  Detector : x=   5.316, y=  39.966, z= 999.001
  Obj rotY :  -4.5698 deg
view   0 | SOD= 618.947 mm | SDD= 999.168 mm | M= 1.614 | incident=1.0480°
[[ 352.815      -508.51172      -5.7734222 ]
 [-216.00893     312.8752      -15.741756  ]
 [   0.12166782    0.08704656    0.        ]
 [   0.            0.            0.1496    ]]
Residual vector length: 100, Jacobian shape: (100, 6)
view   0 | SOD= 619.187 mm | SDD= 999.168 mm | M= 1.614 | incident=1.0480°
[[ 331.77225    -522.768        -5.7756805 ]
 [-202.78885     321.31827     -15.744015  ]
 [   0.12514488    0.08196902    0.        ]
 [   0.            0.            0.1496    ]]

iter 07 cost=17347.203952 -> 17424.978015 |dtheta|=2.387562e+00  lambda=4.572e-06

============================================================
Iteration 8
============================================================
Theta offsets (Unity frame):
  Source   : dSx=   0.000, dSy=   0.000, dSz=   0.000  (mm)
  Object   : dOx=  -0.348, dOy=   4.224, dOz=  16.393  (mm)
  Object offset: offset_x=  -1.441, offset_z=   2.355  (mm)
  Detector : dDx=   0.000, dDy=   0.000, dDz=   0.000  (mm)
  Obj Stage rotY :   40.151 deg
============================================================

Unity geometry (world coordinates):
  Source   : x= -10.000, y=  29.997, z=   0.000
  Object   : x=   0.192, y=  24.224, z= 616.393
  Detector : x= -20.002, y=  33.656, z= 959.000
  Obj rotY :  -4.5698 deg

Initial calibration:
  Source   : x=   0.000, y=   0.000, z=   0.000
  Object   : x=   0.000, y=   0.000, z=   0.000
  Detector : x=  25.318, y=   6.310, z=  40.001

After Calibration: 

Unity geometry (world coordinates):
  Source   : x= -10.000, y=  29.997, z=   0.000
  Object   : x=   0.192, y=  24.224, z= 616.393
  Detector : x=   5.316, y=  39.966, z= 999.001
  Obj rotY :  -4.5698 deg
view   0 | SOD= 618.947 mm | SDD= 999.168 mm | M= 1.614 | incident=1.0480°
[[ 352.815      -508.51172      -5.7734222 ]
 [-216.00893     312.8752      -15.741756  ]
 [   0.12166782    0.08704656    0.        ]
 [   0.            0.            0.1496    ]]
Residual vector length: 100, Jacobian shape: (100, 6)
view   0 | SOD= 619.187 mm | SDD= 999.168 mm | M= 1.614 | incident=1.0480°
[[ 331.77225    -522.768        -5.7756805 ]
 [-202.78885     321.31827     -15.744015  ]
 [   0.12514488    0.08196902    0.        ]
 [   0.            0.            0.1496    ]]

iter 08 cost=17347.203952 -> 17424.978015 |dtheta|=2.387562e+00  lambda=2.286e-05

============================================================
Iteration 9
============================================================
Theta offsets (Unity frame):
  Source   : dSx=   0.000, dSy=   0.000, dSz=   0.000  (mm)
  Object   : dOx=  -0.348, dOy=   4.224, dOz=  16.393  (mm)
  Object offset: offset_x=  -1.441, offset_z=   2.355  (mm)
  Detector : dDx=   0.000, dDy=   0.000, dDz=   0.000  (mm)
  Obj Stage rotY :   40.151 deg
============================================================

Unity geometry (world coordinates):
  Source   : x= -10.000, y=  29.997, z=   0.000
  Object   : x=   0.192, y=  24.224, z= 616.393
  Detector : x= -20.002, y=  33.656, z= 959.000
  Obj rotY :  -4.5698 deg

Initial calibration:
  Source   : x=   0.000, y=   0.000, z=   0.000
  Object   : x=   0.000, y=   0.000, z=   0.000
  Detector : x=  25.318, y=   6.310, z=  40.001

After Calibration: 

Unity geometry (world coordinates):
  Source   : x= -10.000, y=  29.997, z=   0.000
  Object   : x=   0.192, y=  24.224, z= 616.393
  Detector : x=   5.316, y=  39.966, z= 999.001
  Obj rotY :  -4.5698 deg
view   0 | SOD= 618.947 mm | SDD= 999.168 mm | M= 1.614 | incident=1.0480°
[[ 352.815      -508.51172      -5.7734222 ]
 [-216.00893     312.8752      -15.741756  ]
 [   0.12166782    0.08704656    0.        ]
 [   0.            0.            0.1496    ]]
Residual vector length: 100, Jacobian shape: (100, 6)
view   0 | SOD= 619.187 mm | SDD= 999.168 mm | M= 1.614 | incident=1.0480°
[[ 331.77225    -522.768        -5.7756805 ]
 [-202.78885     321.31827     -15.744015  ]
 [   0.12514488    0.08196902    0.        ]
 [   0.            0.            0.1496    ]]

iter 09 cost=17347.203952 -> 17424.978015 |dtheta|=2.387560e+00  lambda=1.143e-04

============================================================
Iteration 10
============================================================
Theta offsets (Unity frame):
  Source   : dSx=   0.000, dSy=   0.000, dSz=   0.000  (mm)
  Object   : dOx=  -0.348, dOy=   4.224, dOz=  16.393  (mm)
  Object offset: offset_x=  -1.441, offset_z=   2.355  (mm)
  Detector : dDx=   0.000, dDy=   0.000, dDz=   0.000  (mm)
  Obj Stage rotY :   40.151 deg
============================================================

Unity geometry (world coordinates):
  Source   : x= -10.000, y=  29.997, z=   0.000
  Object   : x=   0.192, y=  24.224, z= 616.393
  Detector : x= -20.002, y=  33.656, z= 959.000
  Obj rotY :  -4.5698 deg

Initial calibration:
  Source   : x=   0.000, y=   0.000, z=   0.000
  Object   : x=   0.000, y=   0.000, z=   0.000
  Detector : x=  25.318, y=   6.310, z=  40.001

After Calibration: 

Unity geometry (world coordinates):
  Source   : x= -10.000, y=  29.997, z=   0.000
  Object   : x=   0.192, y=  24.224, z= 616.393
  Detector : x=   5.316, y=  39.966, z= 999.001
  Obj rotY :  -4.5698 deg
view   0 | SOD= 618.947 mm | SDD= 999.168 mm | M= 1.614 | incident=1.0480°
[[ 352.815      -508.51172      -5.7734222 ]
 [-216.00893     312.8752      -15.741756  ]
 [   0.12166782    0.08704656    0.        ]
 [   0.            0.            0.1496    ]]
Residual vector length: 100, Jacobian shape: (100, 6)
view   0 | SOD= 619.187 mm | SDD= 999.168 mm | M= 1.614 | incident=1.0480°
[[ 331.77228    -522.7679       -5.7756786 ]
 [-202.78891     321.3183      -15.744013  ]
 [   0.12514487    0.08196902    0.        ]
 [   0.            0.            0.1496    ]]

iter 10 cost=17347.203952 -> 17424.978015 |dtheta|=2.387552e+00  lambda=5.716e-04

============================================================
Iteration 11
============================================================
Theta offsets (Unity frame):
  Source   : dSx=   0.000, dSy=   0.000, dSz=   0.000  (mm)
  Object   : dOx=  -0.348, dOy=   4.224, dOz=  16.393  (mm)
  Object offset: offset_x=  -1.441, offset_z=   2.355  (mm)
  Detector : dDx=   0.000, dDy=   0.000, dDz=   0.000  (mm)
  Obj Stage rotY :   40.151 deg
============================================================

Unity geometry (world coordinates):
  Source   : x= -10.000, y=  29.997, z=   0.000
  Object   : x=   0.192, y=  24.224, z= 616.393
  Detector : x= -20.002, y=  33.656, z= 959.000
  Obj rotY :  -4.5698 deg

Initial calibration:
  Source   : x=   0.000, y=   0.000, z=   0.000
  Object   : x=   0.000, y=   0.000, z=   0.000
  Detector : x=  25.318, y=   6.310, z=  40.001

After Calibration: 

Unity geometry (world coordinates):
  Source   : x= -10.000, y=  29.997, z=   0.000
  Object   : x=   0.192, y=  24.224, z= 616.393
  Detector : x=   5.316, y=  39.966, z= 999.001
  Obj rotY :  -4.5698 deg
view   0 | SOD= 618.947 mm | SDD= 999.168 mm | M= 1.614 | incident=1.0480°
[[ 352.815      -508.51172      -5.7734222 ]
 [-216.00893     312.8752      -15.741756  ]
 [   0.12166782    0.08704656    0.        ]
 [   0.            0.            0.1496    ]]
Residual vector length: 100, Jacobian shape: (100, 6)
view   0 | SOD= 619.187 mm | SDD= 999.168 mm | M= 1.614 | incident=1.0480°
[[ 331.77246    -522.7677       -5.7756786 ]
 [-202.78908     321.31827     -15.744013  ]
 [   0.12514484    0.08196907    0.        ]
 [   0.            0.            0.1496    ]]

iter 11 cost=17347.203952 -> 17424.978015 |dtheta|=2.387514e+00  lambda=2.858e-03

============================================================
Iteration 12
============================================================
Theta offsets (Unity frame):
  Source   : dSx=   0.000, dSy=   0.000, dSz=   0.000  (mm)
  Object   : dOx=  -0.348, dOy=   4.224, dOz=  16.393  (mm)
  Object offset: offset_x=  -1.441, offset_z=   2.355  (mm)
  Detector : dDx=   0.000, dDy=   0.000, dDz=   0.000  (mm)
  Obj Stage rotY :   40.151 deg
============================================================

Unity geometry (world coordinates):
  Source   : x= -10.000, y=  29.997, z=   0.000
  Object   : x=   0.192, y=  24.224, z= 616.393
  Detector : x= -20.002, y=  33.656, z= 959.000
  Obj rotY :  -4.5698 deg

Initial calibration:
  Source   : x=   0.000, y=   0.000, z=   0.000
  Object   : x=   0.000, y=   0.000, z=   0.000
  Detector : x=  25.318, y=   6.310, z=  40.001

After Calibration: 

Unity geometry (world coordinates):
  Source   : x= -10.000, y=  29.997, z=   0.000
  Object   : x=   0.192, y=  24.224, z= 616.393
  Detector : x=   5.316, y=  39.966, z= 999.001
  Obj rotY :  -4.5698 deg
view   0 | SOD= 618.947 mm | SDD= 999.168 mm | M= 1.614 | incident=1.0480°
[[ 352.815      -508.51172      -5.7734222 ]
 [-216.00893     312.8752      -15.741756  ]
 [   0.12166782    0.08704656    0.        ]
 [   0.            0.            0.1496    ]]
Residual vector length: 100, Jacobian shape: (100, 6)
view   0 | SOD= 619.186 mm | SDD= 999.168 mm | M= 1.614 | incident=1.0480°
[[ 331.7733     -522.7666       -5.7756767 ]
 [-202.79002     321.31824     -15.744011  ]
 [   0.12514466    0.08196934    0.        ]
 [   0.            0.            0.1496    ]]

iter 12 cost=17347.203952 -> 17424.978015 |dtheta|=2.387322e+00  lambda=1.429e-02

============================================================
Iteration 13
============================================================
Theta offsets (Unity frame):
  Source   : dSx=   0.000, dSy=   0.000, dSz=   0.000  (mm)
  Object   : dOx=  -0.348, dOy=   4.224, dOz=  16.393  (mm)
  Object offset: offset_x=  -1.441, offset_z=   2.355  (mm)
  Detector : dDx=   0.000, dDy=   0.000, dDz=   0.000  (mm)
  Obj Stage rotY :   40.151 deg
============================================================

Unity geometry (world coordinates):
  Source   : x= -10.000, y=  29.997, z=   0.000
  Object   : x=   0.192, y=  24.224, z= 616.393
  Detector : x= -20.002, y=  33.656, z= 959.000
  Obj rotY :  -4.5698 deg

Initial calibration:
  Source   : x=   0.000, y=   0.000, z=   0.000
  Object   : x=   0.000, y=   0.000, z=   0.000
  Detector : x=  25.318, y=   6.310, z=  40.001

After Calibration: 

Unity geometry (world coordinates):
  Source   : x= -10.000, y=  29.997, z=   0.000
  Object   : x=   0.192, y=  24.224, z= 616.393
  Detector : x=   5.316, y=  39.966, z= 999.001
  Obj rotY :  -4.5698 deg
view   0 | SOD= 618.947 mm | SDD= 999.168 mm | M= 1.614 | incident=1.0480°
[[ 352.815      -508.51172      -5.7734222 ]
 [-216.00893     312.8752      -15.741756  ]
 [   0.12166782    0.08704656    0.        ]
 [   0.            0.            0.1496    ]]
Residual vector length: 100, Jacobian shape: (100, 6)
view   0 | SOD= 619.184 mm | SDD= 999.168 mm | M= 1.614 | incident=1.0480°
[[ 331.77744    -522.7611       -5.7756634 ]
 [-202.79474     321.31818     -15.743998  ]
 [   0.1251438     0.08197065    0.        ]
 [   0.            0.            0.1496    ]]

iter 13 cost=17347.203952 -> 17424.907554 |dtheta|=2.386367e+00  lambda=7.144e-02

============================================================
Iteration 14
============================================================
Theta offsets (Unity frame):
  Source   : dSx=   0.000, dSy=   0.000, dSz=   0.000  (mm)
  Object   : dOx=  -0.348, dOy=   4.224, dOz=  16.393  (mm)
  Object offset: offset_x=  -1.441, offset_z=   2.355  (mm)
  Detector : dDx=   0.000, dDy=   0.000, dDz=   0.000  (mm)
  Obj Stage rotY :   40.151 deg
============================================================

Unity geometry (world coordinates):
  Source   : x= -10.000, y=  29.997, z=   0.000
  Object   : x=   0.192, y=  24.224, z= 616.393
  Detector : x= -20.002, y=  33.656, z= 959.000
  Obj rotY :  -4.5698 deg

Initial calibration:
  Source   : x=   0.000, y=   0.000, z=   0.000
  Object   : x=   0.000, y=   0.000, z=   0.000
  Detector : x=  25.318, y=   6.310, z=  40.001

After Calibration: 

Unity geometry (world coordinates):
  Source   : x= -10.000, y=  29.997, z=   0.000
  Object   : x=   0.192, y=  24.224, z= 616.393
  Detector : x=   5.316, y=  39.966, z= 999.001
  Obj rotY :  -4.5698 deg
view   0 | SOD= 618.947 mm | SDD= 999.168 mm | M= 1.614 | incident=1.0480°
[[ 352.815      -508.51172      -5.7734222 ]
 [-216.00893     312.8752      -15.741756  ]
 [   0.12166782    0.08704656    0.        ]
 [   0.            0.            0.1496    ]]
Residual vector length: 100, Jacobian shape: (100, 6)
view   0 | SOD= 619.172 mm | SDD= 999.168 mm | M= 1.614 | incident=1.0480°
[[ 331.7984     -522.7339       -5.7756023 ]
 [-202.81795     321.31735     -15.743937  ]
 [   0.12513952    0.0819772     0.        ]
 [   0.            0.            0.1496    ]]

iter 14 cost=17347.203952 -> 17426.995144 |dtheta|=2.381696e+00  lambda=3.572e-01

============================================================
Iteration 15
============================================================
Theta offsets (Unity frame):
  Source   : dSx=   0.000, dSy=   0.000, dSz=   0.000  (mm)
  Object   : dOx=  -0.348, dOy=   4.224, dOz=  16.393  (mm)
  Object offset: offset_x=  -1.441, offset_z=   2.355  (mm)
  Detector : dDx=   0.000, dDy=   0.000, dDz=   0.000  (mm)
  Obj Stage rotY :   40.151 deg
============================================================

Unity geometry (world coordinates):
  Source   : x= -10.000, y=  29.997, z=   0.000
  Object   : x=   0.192, y=  24.224, z= 616.393
  Detector : x= -20.002, y=  33.656, z= 959.000
  Obj rotY :  -4.5698 deg

Initial calibration:
  Source   : x=   0.000, y=   0.000, z=   0.000
  Object   : x=   0.000, y=   0.000, z=   0.000
  Detector : x=  25.318, y=   6.310, z=  40.001

After Calibration: 

Unity geometry (world coordinates):
  Source   : x= -10.000, y=  29.997, z=   0.000
  Object   : x=   0.192, y=  24.224, z= 616.393
  Detector : x=   5.316, y=  39.966, z= 999.001
  Obj rotY :  -4.5698 deg
view   0 | SOD= 618.947 mm | SDD= 999.168 mm | M= 1.614 | incident=1.0480°
[[ 352.815      -508.51172      -5.7734222 ]
 [-216.00893     312.8752      -15.741756  ]
 [   0.12166782    0.08704656    0.        ]
 [   0.            0.            0.1496    ]]
Residual vector length: 100, Jacobian shape: (100, 6)
view   0 | SOD= 619.123 mm | SDD= 999.168 mm | M= 1.614 | incident=1.0480°
[[ 331.90582    -522.60706      -5.7753735 ]
 [-202.92767     321.3066      -15.743708  ]
 [   0.12511842    0.0820094     0.        ]
 [   0.            0.            0.1496    ]]

iter 15 cost=17347.203952 -> 17425.984530 |dtheta|=2.360487e+00  lambda=1.786e+00

============================================================
Iteration 16
============================================================
Theta offsets (Unity frame):
  Source   : dSx=   0.000, dSy=   0.000, dSz=   0.000  (mm)
  Object   : dOx=  -0.348, dOy=   4.224, dOz=  16.393  (mm)
  Object offset: offset_x=  -1.441, offset_z=   2.355  (mm)
  Detector : dDx=   0.000, dDy=   0.000, dDz=   0.000  (mm)
  Obj Stage rotY :   40.151 deg
============================================================

Unity geometry (world coordinates):
  Source   : x= -10.000, y=  29.997, z=   0.000
  Object   : x=   0.192, y=  24.224, z= 616.393
  Detector : x= -20.002, y=  33.656, z= 959.000
  Obj rotY :  -4.5698 deg

Initial calibration:
  Source   : x=   0.000, y=   0.000, z=   0.000
  Object   : x=   0.000, y=   0.000, z=   0.000
  Detector : x=  25.318, y=   6.310, z=  40.001

After Calibration: 

Unity geometry (world coordinates):
  Source   : x= -10.000, y=  29.997, z=   0.000
  Object   : x=   0.192, y=  24.224, z= 616.393
  Detector : x=   5.316, y=  39.966, z= 999.001
  Obj rotY :  -4.5698 deg
view   0 | SOD= 618.947 mm | SDD= 999.168 mm | M= 1.614 | incident=1.0480°
[[ 352.815      -508.51172      -5.7734222 ]
 [-216.00893     312.8752      -15.741756  ]
 [   0.12166782    0.08704656    0.        ]
 [   0.            0.            0.1496    ]]
Residual vector length: 100, Jacobian shape: (100, 6)
view   0 | SOD= 618.992 mm | SDD= 999.168 mm | M= 1.614 | incident=1.0480°
[[ 332.46683    -522.09503      -5.775215  ]
 [-203.3881      321.17047     -15.743549  ]
 [   0.12501903    0.08216084    0.        ]
 [   0.            0.            0.1496    ]]

iter 16 cost=17347.203952 -> 17412.557834 |dtheta|=2.278751e+00  lambda=8.931e+00

============================================================
Iteration 17
============================================================
Theta offsets (Unity frame):
  Source   : dSx=   0.000, dSy=   0.000, dSz=   0.000  (mm)
  Object   : dOx=  -0.348, dOy=   4.224, dOz=  16.393  (mm)
  Object offset: offset_x=  -1.441, offset_z=   2.355  (mm)
  Detector : dDx=   0.000, dDy=   0.000, dDz=   0.000  (mm)
  Obj Stage rotY :   40.151 deg
============================================================

Unity geometry (world coordinates):
  Source   : x= -10.000, y=  29.997, z=   0.000
  Object   : x=   0.192, y=  24.224, z= 616.393
  Detector : x= -20.002, y=  33.656, z= 959.000
  Obj rotY :  -4.5698 deg

Initial calibration:
  Source   : x=   0.000, y=   0.000, z=   0.000
  Object   : x=   0.000, y=   0.000, z=   0.000
  Detector : x=  25.318, y=   6.310, z=  40.001

After Calibration: 

Unity geometry (world coordinates):
  Source   : x= -10.000, y=  29.997, z=   0.000
  Object   : x=   0.192, y=  24.224, z= 616.393
  Detector : x=   5.316, y=  39.966, z= 999.001
  Obj rotY :  -4.5698 deg
view   0 | SOD= 618.947 mm | SDD= 999.168 mm | M= 1.614 | incident=1.0480°
[[ 352.815      -508.51172      -5.7734222 ]
 [-216.00893     312.8752      -15.741756  ]
 [   0.12166782    0.08704656    0.        ]
 [   0.            0.            0.1496    ]]
Residual vector length: 100, Jacobian shape: (100, 6)
view   0 | SOD= 618.858 mm | SDD= 999.168 mm | M= 1.615 | incident=1.0480°
[[ 335.00974    -520.30774      -5.7781677 ]
 [-205.06897     320.25882     -15.746502  ]
 [   0.12460527    0.082787      0.        ]
 [   0.            0.            0.1496    ]]

iter 17 cost=17347.203952 -> 17374.037148 |dtheta|=1.986403e+00  lambda=4.465e+01

============================================================
Iteration 18
============================================================
Theta offsets (Unity frame):
  Source   : dSx=   0.000, dSy=   0.000, dSz=   0.000  (mm)
  Object   : dOx=  -0.348, dOy=   4.224, dOz=  16.393  (mm)
  Object offset: offset_x=  -1.441, offset_z=   2.355  (mm)
  Detector : dDx=   0.000, dDy=   0.000, dDz=   0.000  (mm)
  Obj Stage rotY :   40.151 deg
============================================================

Unity geometry (world coordinates):
  Source   : x= -10.000, y=  29.997, z=   0.000
  Object   : x=   0.192, y=  24.224, z= 616.393
  Detector : x= -20.002, y=  33.656, z= 959.000
  Obj rotY :  -4.5698 deg

Initial calibration:
  Source   : x=   0.000, y=   0.000, z=   0.000
  Object   : x=   0.000, y=   0.000, z=   0.000
  Detector : x=  25.318, y=   6.310, z=  40.001

After Calibration: 

Unity geometry (world coordinates):
  Source   : x= -10.000, y=  29.997, z=   0.000
  Object   : x=   0.192, y=  24.224, z= 616.393
  Detector : x=   5.316, y=  39.966, z= 999.001
  Obj rotY :  -4.5698 deg
view   0 | SOD= 618.947 mm | SDD= 999.168 mm | M= 1.614 | incident=1.0480°
[[ 352.815      -508.51172      -5.7734222 ]
 [-216.00893     312.8752      -15.741756  ]
 [   0.12166782    0.08704656    0.        ]
 [   0.            0.            0.1496    ]]
Residual vector length: 100, Jacobian shape: (100, 6)
view   0 | SOD= 618.813 mm | SDD= 999.168 mm | M= 1.615 | incident=1.0480°
[[ 341.9069     -515.7477       -5.7879295 ]
 [-209.34982     317.53088     -15.756264  ]
 [   0.12348849    0.08444378    0.        ]
 [   0.            0.            0.1496    ]]

iter 18 cost=17347.203952 -> 17342.577156 |dtheta|=1.224259e+00  lambda=2.233e+02

============================================================
Iteration 19
============================================================
Theta offsets (Unity frame):
  Source   : dSx=   0.000, dSy=   0.000, dSz=   0.000  (mm)
  Object   : dOx=  -0.360, dOy=   4.209, dOz=  16.389  (mm)
  Object offset: offset_x=  -1.472, offset_z=   2.223  (mm)
  Detector : dDx=   0.000, dDy=   0.000, dDz=   0.000  (mm)
  Obj Stage rotY :   38.935 deg
============================================================

Unity geometry (world coordinates):
  Source   : x= -10.000, y=  29.997, z=   0.000
  Object   : x=   0.181, y=  24.209, z= 616.389
  Detector : x= -20.002, y=  33.656, z= 959.000
  Obj rotY :  -4.5698 deg

Initial calibration:
  Source   : x=   0.000, y=   0.000, z=   0.000
  Object   : x=   0.000, y=   0.000, z=   0.000
  Detector : x=  25.318, y=   6.310, z=  40.001

After Calibration: 

Unity geometry (world coordinates):
  Source   : x= -10.000, y=  29.997, z=   0.000
  Object   : x=   0.181, y=  24.209, z= 616.389
  Detector : x=   5.316, y=  39.966, z= 999.001
  Obj rotY :  -4.5698 deg
view   0 | SOD= 618.813 mm | SDD= 999.168 mm | M= 1.615 | incident=1.0480°
[[ 341.9069     -515.7477       -5.7879295 ]
 [-209.34982     317.53088     -15.756264  ]
 [   0.12348849    0.08444378    0.        ]
 [   0.            0.            0.1496    ]]
Residual vector length: 100, Jacobian shape: (100, 6)
view   0 | SOD= 618.533 mm | SDD= 999.168 mm | M= 1.615 | incident=1.0480°
[[ 346.1247     -512.58954      -5.769537  ]
 [-212.42706     315.8168      -15.737871  ]
 [   0.1227423     0.08552477    0.        ]
 [   0.            0.            0.1496    ]]

iter 19 cost=17342.577156 -> 17389.905167 |dtheta|=6.988615e-01  lambda=7.442e+01

============================================================
Iteration 20
============================================================
Theta offsets (Unity frame):
  Source   : dSx=   0.000, dSy=   0.000, dSz=   0.000  (mm)
  Object   : dOx=  -0.360, dOy=   4.209, dOz=  16.389  (mm)
  Object offset: offset_x=  -1.472, offset_z=   2.223  (mm)
  Detector : dDx=   0.000, dDy=   0.000, dDz=   0.000  (mm)
  Obj Stage rotY :   38.935 deg
============================================================

Unity geometry (world coordinates):
  Source   : x= -10.000, y=  29.997, z=   0.000
  Object   : x=   0.181, y=  24.209, z= 616.389
  Detector : x= -20.002, y=  33.656, z= 959.000
  Obj rotY :  -4.5698 deg

Initial calibration:
  Source   : x=   0.000, y=   0.000, z=   0.000
  Object   : x=   0.000, y=   0.000, z=   0.000
  Detector : x=  25.318, y=   6.310, z=  40.001

After Calibration: 

Unity geometry (world coordinates):
  Source   : x= -10.000, y=  29.997, z=   0.000
  Object   : x=   0.181, y=  24.209, z= 616.389
  Detector : x=   5.316, y=  39.966, z= 999.001
  Obj rotY :  -4.5698 deg
view   0 | SOD= 618.813 mm | SDD= 999.168 mm | M= 1.615 | incident=1.0480°
[[ 341.9069     -515.7477       -5.7879295 ]
 [-209.34982     317.53088     -15.756264  ]
 [   0.12348849    0.08444378    0.        ]
 [   0.            0.            0.1496    ]]
Residual vector length: 100, Jacobian shape: (100, 6)
view   0 | SOD= 618.465 mm | SDD= 999.168 mm | M= 1.616 | incident=1.0480°
[[ 343.18317    -514.4817       -5.766487  ]
 [-210.61986     317.10678     -15.734821  ]
 [   0.12322962    0.08482112    0.        ]
 [   0.            0.            0.1496    ]]

iter 20 cost=17342.577156 -> 17371.535497 |dtheta|=4.522585e-01  lambda=3.721e+02

============================================================
Iteration 21
============================================================
Theta offsets (Unity frame):
  Source   : dSx=   0.000, dSy=   0.000, dSz=   0.000  (mm)
  Object   : dOx=  -0.360, dOy=   4.209, dOz=  16.389  (mm)
  Object offset: offset_x=  -1.472, offset_z=   2.223  (mm)
  Detector : dDx=   0.000, dDy=   0.000, dDz=   0.000  (mm)
  Obj Stage rotY :   38.935 deg
============================================================

Unity geometry (world coordinates):
  Source   : x= -10.000, y=  29.997, z=   0.000
  Object   : x=   0.181, y=  24.209, z= 616.389
  Detector : x= -20.002, y=  33.656, z= 959.000
  Obj rotY :  -4.5698 deg

Initial calibration:
  Source   : x=   0.000, y=   0.000, z=   0.000
  Object   : x=   0.000, y=   0.000, z=   0.000
  Detector : x=  25.318, y=   6.310, z=  40.001

After Calibration: 

Unity geometry (world coordinates):
  Source   : x= -10.000, y=  29.997, z=   0.000
  Object   : x=   0.181, y=  24.209, z= 616.389
  Detector : x=   5.316, y=  39.966, z= 999.001
  Obj rotY :  -4.5698 deg
view   0 | SOD= 618.813 mm | SDD= 999.168 mm | M= 1.615 | incident=1.0480°
[[ 341.9069     -515.7477       -5.7879295 ]
 [-209.34982     317.53088     -15.756264  ]
 [   0.12348849    0.08444378    0.        ]
 [   0.            0.            0.1496    ]]
Residual vector length: 100, Jacobian shape: (100, 6)
view   0 | SOD= 618.583 mm | SDD= 999.168 mm | M= 1.615 | incident=1.0480°
[[ 342.1526     -515.3089       -5.771929  ]
 [-209.79437     317.51263     -15.740263  ]
 [   0.12341848    0.08454607    0.        ]
 [   0.            0.            0.1496    ]]

iter 21 cost=17342.577156 -> 17339.147467 |dtheta|=2.599125e-01  lambda=1.861e+03

============================================================
Iteration 22
============================================================
Theta offsets (Unity frame):
  Source   : dSx=   0.000, dSy=   0.000, dSz=   0.000  (mm)
  Object   : dOx=  -0.377, dOy=   4.225, dOz=  16.399  (mm)
  Object offset: offset_x=  -1.373, offset_z=   1.989  (mm)
  Detector : dDx=   0.000, dDy=   0.000, dDz=   0.000  (mm)
  Obj Stage rotY :   38.982 deg
============================================================

Unity geometry (world coordinates):
  Source   : x= -10.000, y=  29.997, z=   0.000
  Object   : x=   0.163, y=  24.225, z= 616.399
  Detector : x= -20.002, y=  33.656, z= 959.000
  Obj rotY :  -4.5698 deg

Initial calibration:
  Source   : x=   0.000, y=   0.000, z=   0.000
  Object   : x=   0.000, y=   0.000, z=   0.000
  Detector : x=  25.318, y=   6.310, z=  40.001

After Calibration: 

Unity geometry (world coordinates):
  Source   : x= -10.000, y=  29.997, z=   0.000
  Object   : x=   0.163, y=  24.225, z= 616.399
  Detector : x=   5.316, y=  39.966, z= 999.001
  Obj rotY :  -4.5698 deg
view   0 | SOD= 618.583 mm | SDD= 999.168 mm | M= 1.615 | incident=1.0480°
[[ 342.1526     -515.3089       -5.771929  ]
 [-209.79437     317.51263     -15.740263  ]
 [   0.12341848    0.08454607    0.        ]
 [   0.            0.            0.1496    ]]
Residual vector length: 100, Jacobian shape: (100, 6)
view   0 | SOD= 618.884 mm | SDD= 999.168 mm | M= 1.614 | incident=1.0480°
[[ 343.85754    -514.5344       -5.809229  ]
 [-210.58194     316.62982     -15.777563  ]
 [   0.12316464    0.08491543    0.        ]
 [   0.            0.            0.1496    ]]

iter 22 cost=17339.147467 -> 17337.165890 |dtheta|=3.200724e-01  lambda=6.202e+02

============================================================
Iteration 23
============================================================
Theta offsets (Unity frame):
  Source   : dSx=   0.000, dSy=   0.000, dSz=   0.000  (mm)
  Object   : dOx=  -0.355, dOy=   4.188, dOz=  16.436  (mm)
  Object offset: offset_x=  -1.407, offset_z=   2.251  (mm)
  Detector : dDx=   0.000, dDy=   0.000, dDz=   0.000  (mm)
  Obj Stage rotY :   39.154 deg
============================================================

Unity geometry (world coordinates):
  Source   : x= -10.000, y=  29.997, z=   0.000
  Object   : x=   0.186, y=  24.188, z= 616.436
  Detector : x= -20.002, y=  33.656, z= 959.000
  Obj rotY :  -4.5698 deg

Initial calibration:
  Source   : x=   0.000, y=   0.000, z=   0.000
  Object   : x=   0.000, y=   0.000, z=   0.000
  Detector : x=  25.318, y=   6.310, z=  40.001

After Calibration: 

Unity geometry (world coordinates):
  Source   : x= -10.000, y=  29.997, z=   0.000
  Object   : x=   0.186, y=  24.188, z= 616.436
  Detector : x=   5.316, y=  39.966, z= 999.001
  Obj rotY :  -4.5698 deg
view   0 | SOD= 618.884 mm | SDD= 999.168 mm | M= 1.614 | incident=1.0480°
[[ 343.85754    -514.5344       -5.809229  ]
 [-210.58194     316.62982     -15.777563  ]
 [   0.12316464    0.08491543    0.        ]
 [   0.            0.            0.1496    ]]
Residual vector length: 100, Jacobian shape: (100, 6)
view   0 | SOD= 618.824 mm | SDD= 999.168 mm | M= 1.615 | incident=1.0480°
[[ 350.02225    -510.2883       -5.8129215 ]
 [-213.40138     314.8123      -15.781256  ]
 [   0.1222362     0.08624657    0.        ]
 [   0.            0.            0.1496    ]]

iter 23 cost=17337.165890 -> 17798.132305 |dtheta|=1.019343e+00  lambda=2.067e+02

============================================================
Iteration 24
============================================================
Theta offsets (Unity frame):
  Source   : dSx=   0.000, dSy=   0.000, dSz=   0.000  (mm)
  Object   : dOx=  -0.355, dOy=   4.188, dOz=  16.436  (mm)
  Object offset: offset_x=  -1.407, offset_z=   2.251  (mm)
  Detector : dDx=   0.000, dDy=   0.000, dDz=   0.000  (mm)
  Obj Stage rotY :   39.154 deg
============================================================

Unity geometry (world coordinates):
  Source   : x= -10.000, y=  29.997, z=   0.000
  Object   : x=   0.186, y=  24.188, z= 616.436
  Detector : x= -20.002, y=  33.656, z= 959.000
  Obj rotY :  -4.5698 deg

Initial calibration:
  Source   : x=   0.000, y=   0.000, z=   0.000
  Object   : x=   0.000, y=   0.000, z=   0.000
  Detector : x=  25.318, y=   6.310, z=  40.001

After Calibration: 

Unity geometry (world coordinates):
  Source   : x= -10.000, y=  29.997, z=   0.000
  Object   : x=   0.186, y=  24.188, z= 616.436
  Detector : x=   5.316, y=  39.966, z= 999.001
  Obj rotY :  -4.5698 deg
view   0 | SOD= 618.884 mm | SDD= 999.168 mm | M= 1.614 | incident=1.0480°
[[ 343.85754    -514.5344       -5.809229  ]
 [-210.58194     316.62982     -15.777563  ]
 [   0.12316464    0.08491543    0.        ]
 [   0.            0.            0.1496    ]]
Residual vector length: 100, Jacobian shape: (100, 6)
view   0 | SOD= 618.765 mm | SDD= 999.168 mm | M= 1.615 | incident=1.0480°
[[ 345.49673    -513.292        -5.8044777 ]
 [-210.98532     316.5061      -15.772812  ]
 [   0.12295542    0.0852181     0.        ]
 [   0.            0.            0.1496    ]]

iter 24 cost=17337.165890 -> 17540.878013 |dtheta|=5.446843e-01  lambda=1.034e+03

============================================================
Iteration 25
============================================================
Theta offsets (Unity frame):
  Source   : dSx=   0.000, dSy=   0.000, dSz=   0.000  (mm)
  Object   : dOx=  -0.355, dOy=   4.188, dOz=  16.436  (mm)
  Object offset: offset_x=  -1.407, offset_z=   2.251  (mm)
  Detector : dDx=   0.000, dDy=   0.000, dDz=   0.000  (mm)
  Obj Stage rotY :   39.154 deg
============================================================

Unity geometry (world coordinates):
  Source   : x= -10.000, y=  29.997, z=   0.000
  Object   : x=   0.186, y=  24.188, z= 616.436
  Detector : x= -20.002, y=  33.656, z= 959.000
  Obj rotY :  -4.5698 deg

Initial calibration:
  Source   : x=   0.000, y=   0.000, z=   0.000
  Object   : x=   0.000, y=   0.000, z=   0.000
  Detector : x=  25.318, y=   6.310, z=  40.001

After Calibration: 

Unity geometry (world coordinates):
  Source   : x= -10.000, y=  29.997, z=   0.000
  Object   : x=   0.186, y=  24.188, z= 616.436
  Detector : x=   5.316, y=  39.966, z= 999.001
  Obj rotY :  -4.5698 deg
view   0 | SOD= 618.884 mm | SDD= 999.168 mm | M= 1.614 | incident=1.0480°
[[ 343.85754    -514.5344       -5.809229  ]
 [-210.58194     316.62982     -15.777563  ]
 [   0.12316464    0.08491543    0.        ]
 [   0.            0.            0.1496    ]]
Residual vector length: 100, Jacobian shape: (100, 6)
view   0 | SOD= 618.836 mm | SDD= 999.168 mm | M= 1.615 | incident=1.0480°
[[ 344.2125     -514.2395       -5.8052044 ]
 [-210.54889     316.70993     -15.773539  ]
 [   0.12313174    0.08496314    0.        ]
 [   0.            0.            0.1496    ]]

iter 25 cost=17337.165890 -> 17367.644822 |dtheta|=2.108258e-01  lambda=5.168e+03

============================================================
Iteration 26
============================================================
Theta offsets (Unity frame):
  Source   : dSx=   0.000, dSy=   0.000, dSz=   0.000  (mm)
  Object   : dOx=  -0.355, dOy=   4.188, dOz=  16.436  (mm)
  Object offset: offset_x=  -1.407, offset_z=   2.251  (mm)
  Detector : dDx=   0.000, dDy=   0.000, dDz=   0.000  (mm)
  Obj Stage rotY :   39.154 deg
============================================================

Unity geometry (world coordinates):
  Source   : x= -10.000, y=  29.997, z=   0.000
  Object   : x=   0.186, y=  24.188, z= 616.436
  Detector : x= -20.002, y=  33.656, z= 959.000
  Obj rotY :  -4.5698 deg

Initial calibration:
  Source   : x=   0.000, y=   0.000, z=   0.000
  Object   : x=   0.000, y=   0.000, z=   0.000
  Detector : x=  25.318, y=   6.310, z=  40.001

After Calibration: 

Unity geometry (world coordinates):
  Source   : x= -10.000, y=  29.997, z=   0.000
  Object   : x=   0.186, y=  24.188, z= 616.436
  Detector : x=   5.316, y=  39.966, z= 999.001
  Obj rotY :  -4.5698 deg
view   0 | SOD= 618.884 mm | SDD= 999.168 mm | M= 1.614 | incident=1.0480°
[[ 343.85754    -514.5344       -5.809229  ]
 [-210.58194     316.62982     -15.777563  ]
 [   0.12316464    0.08491543    0.        ]
 [   0.            0.            0.1496    ]]
Residual vector length: 100, Jacobian shape: (100, 6)
view   0 | SOD= 618.873 mm | SDD= 999.168 mm | M= 1.614 | incident=1.0480°
[[ 343.9311     -514.4717       -5.8079395 ]
 [-210.56184     316.65692     -15.776274  ]
 [   0.12315918    0.08492336    0.        ]
 [   0.            0.            0.1496    ]]

iter 26 cost=17337.165890 -> 17340.885620 |dtheta|=5.284243e-02  lambda=2.584e+04

============================================================
Iteration 27
============================================================
Theta offsets (Unity frame):
  Source   : dSx=   0.000, dSy=   0.000, dSz=   0.000  (mm)
  Object   : dOx=  -0.355, dOy=   4.188, dOz=  16.436  (mm)
  Object offset: offset_x=  -1.407, offset_z=   2.251  (mm)
  Detector : dDx=   0.000, dDy=   0.000, dDz=   0.000  (mm)
  Obj Stage rotY :   39.154 deg
============================================================

Unity geometry (world coordinates):
  Source   : x= -10.000, y=  29.997, z=   0.000
  Object   : x=   0.186, y=  24.188, z= 616.436
  Detector : x= -20.002, y=  33.656, z= 959.000
  Obj rotY :  -4.5698 deg

Initial calibration:
  Source   : x=   0.000, y=   0.000, z=   0.000
  Object   : x=   0.000, y=   0.000, z=   0.000
  Detector : x=  25.318, y=   6.310, z=  40.001

After Calibration: 

Unity geometry (world coordinates):
  Source   : x= -10.000, y=  29.997, z=   0.000
  Object   : x=   0.186, y=  24.188, z= 616.436
  Detector : x=   5.316, y=  39.966, z= 999.001
  Obj rotY :  -4.5698 deg
view   0 | SOD= 618.884 mm | SDD= 999.168 mm | M= 1.614 | incident=1.0480°
[[ 343.85754    -514.5344       -5.809229  ]
 [-210.58194     316.62982     -15.777563  ]
 [   0.12316464    0.08491543    0.        ]
 [   0.            0.            0.1496    ]]
Residual vector length: 100, Jacobian shape: (100, 6)
view   0 | SOD= 618.882 mm | SDD= 999.168 mm | M= 1.614 | incident=1.0480°
[[ 343.87238    -514.52167      -5.808939  ]
 [-210.57718     316.63586     -15.777273  ]
 [   0.12316361    0.08491693    0.        ]
 [   0.            0.            0.1496    ]]

iter 27 cost=17337.165890 -> 17309.613641 |dtheta|=1.114294e-02  lambda=1.292e+05

============================================================
Iteration 28
============================================================
Theta offsets (Unity frame):
  Source   : dSx=   0.000, dSy=   0.000, dSz=   0.000  (mm)
  Object   : dOx=  -0.356, dOy=   4.188, dOz=  16.437  (mm)
  Object offset: offset_x=  -1.418, offset_z=   2.247  (mm)
  Detector : dDx=   0.000, dDy=   0.000, dDz=   0.000  (mm)
  Obj Stage rotY :   39.155 deg
============================================================

Unity geometry (world coordinates):
  Source   : x= -10.000, y=  29.997, z=   0.000
  Object   : x=   0.184, y=  24.188, z= 616.437
  Detector : x= -20.002, y=  33.656, z= 959.000
  Obj rotY :  -4.5698 deg

Initial calibration:
  Source   : x=   0.000, y=   0.000, z=   0.000
  Object   : x=   0.000, y=   0.000, z=   0.000
  Detector : x=  25.318, y=   6.310, z=  40.001

After Calibration: 

Unity geometry (world coordinates):
  Source   : x= -10.000, y=  29.997, z=   0.000
  Object   : x=   0.184, y=  24.188, z= 616.437
  Detector : x=   5.316, y=  39.966, z= 999.001
  Obj rotY :  -4.5698 deg
view   0 | SOD= 618.882 mm | SDD= 999.168 mm | M= 1.614 | incident=1.0480°
[[ 343.87238    -514.52167      -5.808939  ]
 [-210.57718     316.63586     -15.777273  ]
 [   0.12316361    0.08491693    0.        ]
 [   0.            0.            0.1496    ]]
Residual vector length: 100, Jacobian shape: (100, 6)
view   0 | SOD= 618.865 mm | SDD= 999.168 mm | M= 1.615 | incident=1.0480°
[[ 343.91583    -514.4731       -5.809372  ]
 [-210.59338     316.64465     -15.777706  ]
 [   0.12315752    0.08492577    0.        ]
 [   0.            0.            0.1496    ]]

iter 28 cost=17309.613641 -> 17315.062175 |dtheta|=2.456709e-02  lambda=4.307e+04

============================================================
Iteration 29
============================================================
Theta offsets (Unity frame):
  Source   : dSx=   0.000, dSy=   0.000, dSz=   0.000  (mm)
  Object   : dOx=  -0.356, dOy=   4.188, dOz=  16.437  (mm)
  Object offset: offset_x=  -1.418, offset_z=   2.247  (mm)
  Detector : dDx=   0.000, dDy=   0.000, dDz=   0.000  (mm)
  Obj Stage rotY :   39.155 deg
============================================================

Unity geometry (world coordinates):
  Source   : x= -10.000, y=  29.997, z=   0.000
  Object   : x=   0.184, y=  24.188, z= 616.437
  Detector : x= -20.002, y=  33.656, z= 959.000
  Obj rotY :  -4.5698 deg

Initial calibration:
  Source   : x=   0.000, y=   0.000, z=   0.000
  Object   : x=   0.000, y=   0.000, z=   0.000
  Detector : x=  25.318, y=   6.310, z=  40.001

After Calibration: 

Unity geometry (world coordinates):
  Source   : x= -10.000, y=  29.997, z=   0.000
  Object   : x=   0.184, y=  24.188, z= 616.437
  Detector : x=   5.316, y=  39.966, z= 999.001
  Obj rotY :  -4.5698 deg
view   0 | SOD= 618.882 mm | SDD= 999.168 mm | M= 1.614 | incident=1.0480°
[[ 343.87238    -514.52167      -5.808939  ]
 [-210.57718     316.63586     -15.777273  ]
 [   0.12316361    0.08491693    0.        ]
 [   0.            0.            0.1496    ]]
Residual vector length: 100, Jacobian shape: (100, 6)
view   0 | SOD= 618.878 mm | SDD= 999.168 mm | M= 1.614 | incident=1.0480°
[[ 343.88116    -514.5118       -5.809025  ]
 [-210.58038     316.63776     -15.777359  ]
 [   0.12316238    0.08491871    0.        ]
 [   0.            0.            0.1496    ]]

iter 29 cost=17309.613641 -> 17316.753065 |dtheta|=5.087222e-03  lambda=2.153e+05

============================================================
Iteration 30
============================================================
Theta offsets (Unity frame):
  Source   : dSx=   0.000, dSy=   0.000, dSz=   0.000  (mm)
  Object   : dOx=  -0.356, dOy=   4.188, dOz=  16.437  (mm)
  Object offset: offset_x=  -1.418, offset_z=   2.247  (mm)
  Detector : dDx=   0.000, dDy=   0.000, dDz=   0.000  (mm)
  Obj Stage rotY :   39.155 deg
============================================================

Unity geometry (world coordinates):
  Source   : x= -10.000, y=  29.997, z=   0.000
  Object   : x=   0.184, y=  24.188, z= 616.437
  Detector : x= -20.002, y=  33.656, z= 959.000
  Obj rotY :  -4.5698 deg

Initial calibration:
  Source   : x=   0.000, y=   0.000, z=   0.000
  Object   : x=   0.000, y=   0.000, z=   0.000
  Detector : x=  25.318, y=   6.310, z=  40.001

After Calibration: 

Unity geometry (world coordinates):
  Source   : x= -10.000, y=  29.997, z=   0.000
  Object   : x=   0.184, y=  24.188, z= 616.437
  Detector : x=   5.316, y=  39.966, z= 999.001
  Obj rotY :  -4.5698 deg
view   0 | SOD= 618.882 mm | SDD= 999.168 mm | M= 1.614 | incident=1.0480°
[[ 343.87238    -514.52167      -5.808939  ]
 [-210.57718     316.63586     -15.777273  ]
 [   0.12316361    0.08491693    0.        ]
 [   0.            0.            0.1496    ]]
Residual vector length: 100, Jacobian shape: (100, 6)
view   0 | SOD= 618.881 mm | SDD= 999.168 mm | M= 1.614 | incident=1.0480°
[[ 343.8743     -514.5196       -5.808958  ]
 [-210.57785     316.63623     -15.777292  ]
 [   0.12316335    0.08491731    0.        ]
 [   0.            0.            0.1496    ]]

iter 30 cost=17309.613641 -> 17309.697278 |dtheta|=1.103154e-03  lambda=1.000e+06

============================================================
Iteration 31
============================================================
Theta offsets (Unity frame):
  Source   : dSx=   0.000, dSy=   0.000, dSz=   0.000  (mm)
  Object   : dOx=  -0.356, dOy=   4.188, dOz=  16.437  (mm)
  Object offset: offset_x=  -1.418, offset_z=   2.247  (mm)
  Detector : dDx=   0.000, dDy=   0.000, dDz=   0.000  (mm)
  Obj Stage rotY :   39.155 deg
============================================================

Unity geometry (world coordinates):
  Source   : x= -10.000, y=  29.997, z=   0.000
  Object   : x=   0.184, y=  24.188, z= 616.437
  Detector : x= -20.002, y=  33.656, z= 959.000
  Obj rotY :  -4.5698 deg

Initial calibration:
  Source   : x=   0.000, y=   0.000, z=   0.000
  Object   : x=   0.000, y=   0.000, z=   0.000
  Detector : x=  25.318, y=   6.310, z=  40.001

After Calibration: 

Unity geometry (world coordinates):
  Source   : x= -10.000, y=  29.997, z=   0.000
  Object   : x=   0.184, y=  24.188, z= 616.437
  Detector : x=   5.316, y=  39.966, z= 999.001
  Obj rotY :  -4.5698 deg
view   0 | SOD= 618.882 mm | SDD= 999.168 mm | M= 1.614 | incident=1.0480°
[[ 343.87238    -514.52167      -5.808939  ]
 [-210.57718     316.63586     -15.777273  ]
 [   0.12316361    0.08491693    0.        ]
 [   0.            0.            0.1496    ]]
Residual vector length: 100, Jacobian shape: (100, 6)
view   0 | SOD= 618.881 mm | SDD= 999.168 mm | M= 1.614 | incident=1.0480°
[[ 343.8743     -514.5196       -5.808958  ]
 [-210.57785     316.63623     -15.777292  ]
 [   0.12316335    0.08491731    0.        ]
 [   0.            0.            0.1496    ]]

iter 31 cost=17309.613641 -> 17309.697278 |dtheta|=1.103154e-03  lambda=1.000e+06

============================================================
Iteration 32
============================================================
Theta offsets (Unity frame):
  Source   : dSx=   0.000, dSy=   0.000, dSz=   0.000  (mm)
  Object   : dOx=  -0.356, dOy=   4.188, dOz=  16.437  (mm)
  Object offset: offset_x=  -1.418, offset_z=   2.247  (mm)
  Detector : dDx=   0.000, dDy=   0.000, dDz=   0.000  (mm)
  Obj Stage rotY :   39.155 deg
============================================================

Unity geometry (world coordinates):
  Source   : x= -10.000, y=  29.997, z=   0.000
  Object   : x=   0.184, y=  24.188, z= 616.437
  Detector : x= -20.002, y=  33.656, z= 959.000
  Obj rotY :  -4.5698 deg

Initial calibration:
  Source   : x=   0.000, y=   0.000, z=   0.000
  Object   : x=   0.000, y=   0.000, z=   0.000
  Detector : x=  25.318, y=   6.310, z=  40.001

After Calibration: 

Unity geometry (world coordinates):
  Source   : x= -10.000, y=  29.997, z=   0.000
  Object   : x=   0.184, y=  24.188, z= 616.437
  Detector : x=   5.316, y=  39.966, z= 999.001
  Obj rotY :  -4.5698 deg
view   0 | SOD= 618.882 mm | SDD= 999.168 mm | M= 1.614 | incident=1.0480°
[[ 343.87238    -514.52167      -5.808939  ]
 [-210.57718     316.63586     -15.777273  ]
 [   0.12316361    0.08491693    0.        ]
 [   0.            0.            0.1496    ]]
Residual vector length: 100, Jacobian shape: (100, 6)
view   0 | SOD= 618.881 mm | SDD= 999.168 mm | M= 1.614 | incident=1.0480°
[[ 343.8743     -514.5196       -5.808958  ]
 [-210.57785     316.63623     -15.777292  ]
 [   0.12316335    0.08491731    0.        ]
 [   0.            0.            0.1496    ]]

iter 32 cost=17309.613641 -> 17309.697278 |dtheta|=1.103154e-03  lambda=1.000e+06

============================================================
Iteration 33
============================================================
Theta offsets (Unity frame):
  Source   : dSx=   0.000, dSy=   0.000, dSz=   0.000  (mm)
  Object   : dOx=  -0.356, dOy=   4.188, dOz=  16.437  (mm)
  Object offset: offset_x=  -1.418, offset_z=   2.247  (mm)
  Detector : dDx=   0.000, dDy=   0.000, dDz=   0.000  (mm)
  Obj Stage rotY :   39.155 deg
============================================================

Unity geometry (world coordinates):
  Source   : x= -10.000, y=  29.997, z=   0.000
  Object   : x=   0.184, y=  24.188, z= 616.437
  Detector : x= -20.002, y=  33.656, z= 959.000
  Obj rotY :  -4.5698 deg

Initial calibration:
  Source   : x=   0.000, y=   0.000, z=   0.000
  Object   : x=   0.000, y=   0.000, z=   0.000
  Detector : x=  25.318, y=   6.310, z=  40.001

After Calibration: 

Unity geometry (world coordinates):
  Source   : x= -10.000, y=  29.997, z=   0.000
  Object   : x=   0.184, y=  24.188, z= 616.437
  Detector : x=   5.316, y=  39.966, z= 999.001
  Obj rotY :  -4.5698 deg
view   0 | SOD= 618.882 mm | SDD= 999.168 mm | M= 1.614 | incident=1.0480°
[[ 343.87238    -514.52167      -5.808939  ]
 [-210.57718     316.63586     -15.777273  ]
 [   0.12316361    0.08491693    0.        ]
 [   0.            0.            0.1496    ]]
Residual vector length: 100, Jacobian shape: (100, 6)
view   0 | SOD= 618.881 mm | SDD= 999.168 mm | M= 1.614 | incident=1.0480°
[[ 343.8743     -514.5196       -5.808958  ]
 [-210.57785     316.63623     -15.777292  ]
 [   0.12316335    0.08491731    0.        ]
 [   0.            0.            0.1496    ]]

iter 33 cost=17309.613641 -> 17309.697278 |dtheta|=1.103154e-03  lambda=1.000e+06

============================================================
Iteration 34
============================================================
Theta offsets (Unity frame):
  Source   : dSx=   0.000, dSy=   0.000, dSz=   0.000  (mm)
  Object   : dOx=  -0.356, dOy=   4.188, dOz=  16.437  (mm)
  Object offset: offset_x=  -1.418, offset_z=   2.247  (mm)
  Detector : dDx=   0.000, dDy=   0.000, dDz=   0.000  (mm)
  Obj Stage rotY :   39.155 deg
============================================================

Unity geometry (world coordinates):
  Source   : x= -10.000, y=  29.997, z=   0.000
  Object   : x=   0.184, y=  24.188, z= 616.437
  Detector : x= -20.002, y=  33.656, z= 959.000
  Obj rotY :  -4.5698 deg

Initial calibration:
  Source   : x=   0.000, y=   0.000, z=   0.000
  Object   : x=   0.000, y=   0.000, z=   0.000
  Detector : x=  25.318, y=   6.310, z=  40.001

After Calibration: 

Unity geometry (world coordinates):
  Source   : x= -10.000, y=  29.997, z=   0.000
  Object   : x=   0.184, y=  24.188, z= 616.437
  Detector : x=   5.316, y=  39.966, z= 999.001
  Obj rotY :  -4.5698 deg
view   0 | SOD= 618.882 mm | SDD= 999.168 mm | M= 1.614 | incident=1.0480°
[[ 343.87238    -514.52167      -5.808939  ]
 [-210.57718     316.63586     -15.777273  ]
 [   0.12316361    0.08491693    0.        ]
 [   0.            0.            0.1496    ]]
Residual vector length: 100, Jacobian shape: (100, 6)
view   0 | SOD= 618.881 mm | SDD= 999.168 mm | M= 1.614 | incident=1.0480°
[[ 343.8743     -514.5196       -5.808958  ]
 [-210.57785     316.63623     -15.777292  ]
 [   0.12316335    0.08491731    0.        ]
 [   0.            0.            0.1496    ]]

iter 34 cost=17309.613641 -> 17309.697278 |dtheta|=1.103154e-03  lambda=1.000e+06

============================================================
Iteration 35
============================================================
Theta offsets (Unity frame):
  Source   : dSx=   0.000, dSy=   0.000, dSz=   0.000  (mm)
  Object   : dOx=  -0.356, dOy=   4.188, dOz=  16.437  (mm)
  Object offset: offset_x=  -1.418, offset_z=   2.247  (mm)
  Detector : dDx=   0.000, dDy=   0.000, dDz=   0.000  (mm)
  Obj Stage rotY :   39.155 deg
============================================================

Unity geometry (world coordinates):
  Source   : x= -10.000, y=  29.997, z=   0.000
  Object   : x=   0.184, y=  24.188, z= 616.437
  Detector : x= -20.002, y=  33.656, z= 959.000
  Obj rotY :  -4.5698 deg

Initial calibration:
  Source   : x=   0.000, y=   0.000, z=   0.000
  Object   : x=   0.000, y=   0.000, z=   0.000
  Detector : x=  25.318, y=   6.310, z=  40.001

After Calibration: 

Unity geometry (world coordinates):
  Source   : x= -10.000, y=  29.997, z=   0.000
  Object   : x=   0.184, y=  24.188, z= 616.437
  Detector : x=   5.316, y=  39.966, z= 999.001
  Obj rotY :  -4.5698 deg
view   0 | SOD= 618.882 mm | SDD= 999.168 mm | M= 1.614 | incident=1.0480°
[[ 343.87238    -514.52167      -5.808939  ]
 [-210.57718     316.63586     -15.777273  ]
 [   0.12316361    0.08491693    0.        ]
 [   0.            0.            0.1496    ]]
Residual vector length: 100, Jacobian shape: (100, 6)
view   0 | SOD= 618.881 mm | SDD= 999.168 mm | M= 1.614 | incident=1.0480°
[[ 343.8743     -514.5196       -5.808958  ]
 [-210.57785     316.63623     -15.777292  ]
 [   0.12316335    0.08491731    0.        ]
 [   0.            0.            0.1496    ]]

iter 35 cost=17309.613641 -> 17309.697278 |dtheta|=1.103154e-03  lambda=1.000e+06

============================================================
Iteration 36
============================================================
Theta offsets (Unity frame):
  Source   : dSx=   0.000, dSy=   0.000, dSz=   0.000  (mm)
  Object   : dOx=  -0.356, dOy=   4.188, dOz=  16.437  (mm)
  Object offset: offset_x=  -1.418, offset_z=   2.247  (mm)
  Detector : dDx=   0.000, dDy=   0.000, dDz=   0.000  (mm)
  Obj Stage rotY :   39.155 deg
============================================================

Unity geometry (world coordinates):
  Source   : x= -10.000, y=  29.997, z=   0.000
  Object   : x=   0.184, y=  24.188, z= 616.437
  Detector : x= -20.002, y=  33.656, z= 959.000
  Obj rotY :  -4.5698 deg

Initial calibration:
  Source   : x=   0.000, y=   0.000, z=   0.000
  Object   : x=   0.000, y=   0.000, z=   0.000
  Detector : x=  25.318, y=   6.310, z=  40.001

After Calibration: 

Unity geometry (world coordinates):
  Source   : x= -10.000, y=  29.997, z=   0.000
  Object   : x=   0.184, y=  24.188, z= 616.437
  Detector : x=   5.316, y=  39.966, z= 999.001
  Obj rotY :  -4.5698 deg
view   0 | SOD= 618.882 mm | SDD= 999.168 mm | M= 1.614 | incident=1.0480°
[[ 343.87238    -514.52167      -5.808939  ]
 [-210.57718     316.63586     -15.777273  ]
 [   0.12316361    0.08491693    0.        ]
 [   0.            0.            0.1496    ]]
Residual vector length: 100, Jacobian shape: (100, 6)
view   0 | SOD= 618.881 mm | SDD= 999.168 mm | M= 1.614 | incident=1.0480°
[[ 343.8743     -514.5196       -5.808958  ]
 [-210.57785     316.63623     -15.777292  ]
 [   0.12316335    0.08491731    0.        ]
 [   0.            0.            0.1496    ]]

iter 36 cost=17309.613641 -> 17309.697278 |dtheta|=1.103154e-03  lambda=1.000e+06
Stalled.

Estimated theta:
  dSx: +0.000000
  dSy: +0.000000
  dOx: -0.356071
  dOy: +4.188428
  dOz: +16.436659
  dDx: +0.000000
  dDy: +0.000000
  dDz: +0.000000
alpha: +3.915470e+01 deg)
offset_x: -1.417725
offset_z: +2.247233

Final cost table:
Final estimated theta: [ 0.          0.         -0.35607078  4.18842817 16.43665868  0.
  0.          0.         39.15470486 -1.41772469  2.24723321]
################################################################################

