
################################################################################
Running scenario=Scan4 Projections=360 Used=90, K=5

============================================================
Iteration 0
============================================================
Theta offsets (Unity frame):
  Source   : dSx=   0.000, dSy=   0.000, dSz=   0.000  (mm)
  Object   : dOx=   0.000, dOy=   0.000, dOz=   0.000  (mm)
  Object offset: offset_x=   0.000, offset_z=   0.000  (mm)
  Detector : dDx=   0.000, dDy=   0.000, dDz=   0.000  (mm)
  Obj Stage rotY :    0.000 deg
============================================================

Unity geometry (world coordinates):
  Source   : x= -10.000, y=  29.997, z=   0.000
  Object   : x=   0.541, y=  20.000, z= 800.000
  Detector : x= -20.002, y=  33.656, z=1059.000
  Obj rotY :  -4.5698 deg

Initial calibration:
  Source   : x=   0.000, y=   0.000, z=   0.000
  Object   : x=   0.000, y=   0.000, z=   0.000
  Detector : x=  25.318, y=   6.310, z=  40.001

After Calibration: 

Unity geometry (world coordinates):
  Source   : x= -10.000, y=  29.997, z=   0.000
  Object   : x=   0.541, y=  20.000, z= 800.000
  Detector : x=   5.316, y=  39.966, z=1099.001
  Obj rotY :  -4.5698 deg
view   0 | SOD= 800.131 mm | SDD=1099.153 mm | M= 1.374 | incident=0.9526°
[[ -74.246605   -796.61646      -9.997368  ]
 [  28.582819    297.67035     -19.965702  ]
 [   0.14912441   -0.01191922    0.        ]
 [   0.            0.            0.1496    ]]
Residual vector length: 1800, Jacobian shape: (1800, 6)
view   0 | SOD= 809.619 mm | SDD=1099.153 mm | M= 1.358 | incident=0.9526°
[[ -47.572815   -808.2          -5.7661133 ]
 [  18.05697     288.94638     -15.7344475 ]
 [   0.14944305   -0.00685103    0.        ]
 [   0.            0.            0.1496    ]]
/vol/home/s3777103/Documents/workspace/Thesis/AutoCalibration/gauss_newton_real.py:300: FutureWarning: The behavior of DataFrame concatenation with empty or all-NA entries is deprecated. In a future version, this will no longer exclude empty or all-NA columns when determining the result dtypes. To retain the old behavior, exclude the relevant entries before the concat operation.
  df_r0 = pd.concat([df_r0, df_iter], ignore_index=True)

iter 00 cost=506087.909949 -> 95528.828248 |dtheta|=1.017726e+01  lambda=1.000e-02

============================================================
Iteration 1
============================================================
Theta offsets (Unity frame):
  Source   : dSx=   0.000, dSy=   0.000, dSz=   0.000  (mm)
  Object   : dOx=  -0.562, dOy=   4.231, dOz=   9.001  (mm)
  Object offset: offset_x=   0.488, offset_z=   0.571  (mm)
  Detector : dDx=   0.000, dDy=   0.000, dDz=   0.000  (mm)
  Obj Stage rotY :    1.945 deg
============================================================

Unity geometry (world coordinates):
  Source   : x= -10.000, y=  29.997, z=   0.000
  Object   : x=  -0.021, y=  24.231, z= 809.000
  Detector : x= -20.002, y=  33.656, z=1059.000
  Obj rotY :  -4.5698 deg

Initial calibration:
  Source   : x=   0.000, y=   0.000, z=   0.000
  Object   : x=   0.000, y=   0.000, z=   0.000
  Detector : x=  25.318, y=   6.310, z=  40.001

After Calibration: 

Unity geometry (world coordinates):
  Source   : x= -10.000, y=  29.997, z=   0.000
  Object   : x=  -0.021, y=  24.231, z= 809.000
  Detector : x=   5.316, y=  39.966, z=1099.001
  Obj rotY :  -4.5698 deg
view   0 | SOD= 809.619 mm | SDD=1099.153 mm | M= 1.358 | incident=0.9526°
[[ -47.572815   -808.2          -5.7661133 ]
 [  18.05697     288.94638     -15.7344475 ]
 [   0.14944305   -0.00685103    0.        ]
 [   0.            0.            0.1496    ]]
Residual vector length: 1800, Jacobian shape: (1800, 6)
view   0 | SOD= 815.063 mm | SDD=1099.153 mm | M= 1.349 | incident=0.9526°
[[ -37.56465    -814.1766       -5.7164955 ]
 [  14.346448    283.7044      -15.68483   ]
 [   0.149517     -0.00498256    0.        ]
 [   0.            0.            0.1496    ]]

iter 01 cost=95528.828248 -> 75169.283145 |dtheta|=5.198077e+00  lambda=3.333e-03

============================================================
Iteration 2
============================================================
Theta offsets (Unity frame):
  Source   : dSx=   0.000, dSy=   0.000, dSz=   0.000  (mm)
  Object   : dOx=  -0.309, dOy=   4.281, dOz=  14.121  (mm)
  Object offset: offset_x=   0.126, offset_z=   0.868  (mm)
  Detector : dDx=   0.000, dDy=   0.000, dDz=   0.000  (mm)
  Obj Stage rotY :    2.661 deg
============================================================

Unity geometry (world coordinates):
  Source   : x= -10.000, y=  29.997, z=   0.000
  Object   : x=   0.231, y=  24.281, z= 814.121
  Detector : x= -20.002, y=  33.656, z=1059.000
  Obj rotY :  -4.5698 deg

Initial calibration:
  Source   : x=   0.000, y=   0.000, z=   0.000
  Object   : x=   0.000, y=   0.000, z=   0.000
  Detector : x=  25.318, y=   6.310, z=  40.001

After Calibration: 

Unity geometry (world coordinates):
  Source   : x= -10.000, y=  29.997, z=   0.000
  Object   : x=   0.231, y=  24.281, z= 814.121
  Detector : x=   5.316, y=  39.966, z=1099.001
  Obj rotY :  -4.5698 deg
view   0 | SOD= 815.063 mm | SDD=1099.153 mm | M= 1.349 | incident=0.9526°
[[ -37.56465    -814.1766       -5.7164955 ]
 [  14.346448    283.7044      -15.68483   ]
 [   0.149517     -0.00498256    0.        ]
 [   0.            0.            0.1496    ]]
Residual vector length: 1800, Jacobian shape: (1800, 6)
view   0 | SOD= 814.047 mm | SDD=1099.153 mm | M= 1.350 | incident=0.9526°
[[ -36.01558    -813.2294       -5.781492  ]
 [  13.750985    284.75098     -15.749826  ]
 [   0.14952645   -0.00469051    0.        ]
 [   0.            0.            0.1496    ]]

iter 02 cost=75169.283145 -> 33424.994615 |dtheta|=2.258665e+00  lambda=1.111e-03

============================================================
Iteration 3
============================================================
Theta offsets (Unity frame):
  Source   : dSx=   0.000, dSy=   0.000, dSz=   0.000  (mm)
  Object   : dOx=  -0.368, dOy=   4.216, dOz=  12.105  (mm)
  Object offset: offset_x=   0.178, offset_z=   1.874  (mm)
  Detector : dDx=   0.000, dDy=   0.000, dDz=   0.000  (mm)
  Obj Stage rotY :    2.773 deg
============================================================

Unity geometry (world coordinates):
  Source   : x= -10.000, y=  29.997, z=   0.000
  Object   : x=   0.173, y=  24.216, z= 812.104
  Detector : x= -20.002, y=  33.656, z=1059.000
  Obj rotY :  -4.5698 deg

Initial calibration:
  Source   : x=   0.000, y=   0.000, z=   0.000
  Object   : x=   0.000, y=   0.000, z=   0.000
  Detector : x=  25.318, y=   6.310, z=  40.001

After Calibration: 

Unity geometry (world coordinates):
  Source   : x= -10.000, y=  29.997, z=   0.000
  Object   : x=   0.173, y=  24.216, z= 812.104
  Detector : x=   5.316, y=  39.966, z=1099.001
  Obj rotY :  -4.5698 deg
view   0 | SOD= 814.047 mm | SDD=1099.153 mm | M= 1.350 | incident=0.9526°
[[ -36.01558    -813.2294       -5.781492  ]
 [  13.750985    284.75098     -15.749826  ]
 [   0.14952645   -0.00469051    0.        ]
 [   0.            0.            0.1496    ]]
Residual vector length: 1800, Jacobian shape: (1800, 6)
view   0 | SOD= 815.340 mm | SDD=1099.153 mm | M= 1.348 | incident=0.9526°
[[ -26.261353   -814.8977       -5.6712933 ]
 [  10.263834    283.60284     -15.639627  ]
 [   0.14957213   -0.0028874     0.        ]
 [   0.            0.            0.1496    ]]

iter 03 cost=33424.994615 -> 10989.451569 |dtheta|=1.201737e+00  lambda=3.704e-04

============================================================
Iteration 4
============================================================
Theta offsets (Unity frame):
  Source   : dSx=   0.000, dSy=   0.000, dSz=   0.000  (mm)
  Object   : dOx=  -0.421, dOy=   4.326, dOz=  12.519  (mm)
  Object offset: offset_x=   0.189, offset_z=   2.758  (mm)
  Detector : dDx=   0.000, dDy=   0.000, dDz=   0.000  (mm)
  Obj Stage rotY :    3.464 deg
============================================================

Unity geometry (world coordinates):
  Source   : x= -10.000, y=  29.997, z=   0.000
  Object   : x=   0.120, y=  24.326, z= 812.519
  Detector : x= -20.002, y=  33.656, z=1059.000
  Obj rotY :  -4.5698 deg

Initial calibration:
  Source   : x=   0.000, y=   0.000, z=   0.000
  Object   : x=   0.000, y=   0.000, z=   0.000
  Detector : x=  25.318, y=   6.310, z=  40.001

After Calibration: 

Unity geometry (world coordinates):
  Source   : x= -10.000, y=  29.997, z=   0.000
  Object   : x=   0.120, y=  24.326, z= 812.519
  Detector : x=   5.316, y=  39.966, z=1099.001
  Obj rotY :  -4.5698 deg
view   0 | SOD= 815.340 mm | SDD=1099.153 mm | M= 1.348 | incident=0.9526°
[[ -26.261353   -814.8977       -5.6712933 ]
 [  10.263834    283.60284     -15.639627  ]
 [   0.14957213   -0.0028874     0.        ]
 [   0.            0.            0.1496    ]]
Residual vector length: 1800, Jacobian shape: (1800, 6)
view   0 | SOD= 815.438 mm | SDD=1099.153 mm | M= 1.348 | incident=0.9526°
[[ -19.84473    -815.1766       -5.688429  ]
 [   8.225469    283.5725      -15.656763  ]
 [   0.14958993   -0.00173623    0.        ]
 [   0.            0.            0.1496    ]]

iter 04 cost=10989.451569 -> 6256.255194 |dtheta|=5.989148e-01  lambda=1.235e-04

============================================================
Iteration 5
============================================================
Theta offsets (Unity frame):
  Source   : dSx=   0.000, dSy=   0.000, dSz=   0.000  (mm)
  Object   : dOx=  -0.465, dOy=   4.309, dOz=  12.298  (mm)
  Object offset: offset_x=   0.062, offset_z=   3.069  (mm)
  Detector : dDx=   0.000, dDy=   0.000, dDz=   0.000  (mm)
  Obj Stage rotY :    3.905 deg
============================================================

Unity geometry (world coordinates):
  Source   : x= -10.000, y=  29.997, z=   0.000
  Object   : x=   0.076, y=  24.309, z= 812.298
  Detector : x= -20.002, y=  33.656, z=1059.000
  Obj rotY :  -4.5698 deg

Initial calibration:
  Source   : x=   0.000, y=   0.000, z=   0.000
  Object   : x=   0.000, y=   0.000, z=   0.000
  Detector : x=  25.318, y=   6.310, z=  40.001

After Calibration: 

Unity geometry (world coordinates):
  Source   : x= -10.000, y=  29.997, z=   0.000
  Object   : x=   0.076, y=  24.309, z= 812.298
  Detector : x=   5.316, y=  39.966, z=1099.001
  Obj rotY :  -4.5698 deg
view   0 | SOD= 815.438 mm | SDD=1099.153 mm | M= 1.348 | incident=0.9526°
[[ -19.84473    -815.1766       -5.688429  ]
 [   8.225469    283.5725      -15.656763  ]
 [   0.14958993   -0.00173623    0.        ]
 [   0.            0.            0.1496    ]]
Residual vector length: 1800, Jacobian shape: (1800, 6)
view   0 | SOD= 817.103 mm | SDD=1099.153 mm | M= 1.345 | incident=0.9526°
[[ -15.445733   -816.9371       -5.6896763 ]
 [   6.5679646   281.95        -15.6580105 ]
 [   0.14959723   -0.0009117     0.        ]
 [   0.            0.            0.1496    ]]

iter 05 cost=6256.255194 -> 4042.126941 |dtheta|=1.501102e+00  lambda=4.115e-05

============================================================
Iteration 6
============================================================
Theta offsets (Unity frame):
  Source   : dSx=   0.000, dSy=   0.000, dSz=   0.000  (mm)
  Object   : dOx=  -0.440, dOy=   4.308, dOz=  13.749  (mm)
  Object offset: offset_x=   0.104, offset_z=   3.287  (mm)
  Detector : dDx=   0.000, dDy=   0.000, dDz=   0.000  (mm)
  Obj Stage rotY :    4.221 deg
============================================================

Unity geometry (world coordinates):
  Source   : x= -10.000, y=  29.997, z=   0.000
  Object   : x=   0.100, y=  24.308, z= 813.748
  Detector : x= -20.002, y=  33.656, z=1059.000
  Obj rotY :  -4.5698 deg

Initial calibration:
  Source   : x=   0.000, y=   0.000, z=   0.000
  Object   : x=   0.000, y=   0.000, z=   0.000
  Detector : x=  25.318, y=   6.310, z=  40.001

After Calibration: 

Unity geometry (world coordinates):
  Source   : x= -10.000, y=  29.997, z=   0.000
  Object   : x=   0.100, y=  24.308, z= 813.748
  Detector : x=   5.316, y=  39.966, z=1099.001
  Obj rotY :  -4.5698 deg
view   0 | SOD= 817.103 mm | SDD=1099.153 mm | M= 1.345 | incident=0.9526°
[[ -15.445733   -816.9371       -5.6896763 ]
 [   6.5679646   281.95        -15.6580105 ]
 [   0.14959723   -0.0009117     0.        ]
 [   0.            0.            0.1496    ]]
Residual vector length: 1800, Jacobian shape: (1800, 6)
view   0 | SOD= 818.188 mm | SDD=1099.153 mm | M= 1.343 | incident=0.9526°
[[ -13.062583   -818.064        -5.698593  ]
 [   5.7833343   280.882       -15.666927  ]
 [   0.14959922   -0.00048046    0.        ]
 [   0.            0.            0.1496    ]]

iter 06 cost=4042.126941 -> 2766.439777 |dtheta|=9.016764e-01  lambda=1.372e-05

============================================================
Iteration 7
============================================================
Theta offsets (Unity frame):
  Source   : dSx=   0.000, dSy=   0.000, dSz=   0.000  (mm)
  Object   : dOx=  -0.424, dOy=   4.299, dOz=  14.603  (mm)
  Object offset: offset_x=   0.039, offset_z=   3.514  (mm)
  Detector : dDx=   0.000, dDy=   0.000, dDz=   0.000  (mm)
  Obj Stage rotY :    4.386 deg
============================================================

Unity geometry (world coordinates):
  Source   : x= -10.000, y=  29.997, z=   0.000
  Object   : x=   0.116, y=  24.299, z= 814.602
  Detector : x= -20.002, y=  33.656, z=1059.000
  Obj rotY :  -4.5698 deg

Initial calibration:
  Source   : x=   0.000, y=   0.000, z=   0.000
  Object   : x=   0.000, y=   0.000, z=   0.000
  Detector : x=  25.318, y=   6.310, z=  40.001

After Calibration: 

Unity geometry (world coordinates):
  Source   : x= -10.000, y=  29.997, z=   0.000
  Object   : x=   0.116, y=  24.299, z= 814.602
  Detector : x=   5.316, y=  39.966, z=1099.001
  Obj rotY :  -4.5698 deg
view   0 | SOD= 818.188 mm | SDD=1099.153 mm | M= 1.343 | incident=0.9526°
[[ -13.062583   -818.064        -5.698593  ]
 [   5.7833343   280.882       -15.666927  ]
 [   0.14959922   -0.00048046    0.        ]
 [   0.            0.            0.1496    ]]
Residual vector length: 1800, Jacobian shape: (1800, 6)
view   0 | SOD= 819.642 mm | SDD=1099.153 mm | M= 1.341 | incident=0.9526°
[[ -11.144218   -819.54675      -5.6976223 ]
 [   5.1212807   279.44043     -15.6659565 ]
 [   0.14959994   -0.00012919    0.        ]
 [   0.            0.            0.1496    ]]

iter 07 cost=2766.439777 -> 2515.178375 |dtheta|=1.364267e+00  lambda=4.572e-06

============================================================
Iteration 8
============================================================
Theta offsets (Unity frame):
  Source   : dSx=   0.000, dSy=   0.000, dSz=   0.000  (mm)
  Object   : dOx=  -0.408, dOy=   4.300, dOz=  15.956  (mm)
  Object offset: offset_x=   0.016, offset_z=   3.613  (mm)
  Detector : dDx=   0.000, dDy=   0.000, dDz=   0.000  (mm)
  Obj Stage rotY :    4.520 deg
============================================================

Unity geometry (world coordinates):
  Source   : x= -10.000, y=  29.997, z=   0.000
  Object   : x=   0.132, y=  24.300, z= 815.956
  Detector : x= -20.002, y=  33.656, z=1059.000
  Obj rotY :  -4.5698 deg

Initial calibration:
  Source   : x=   0.000, y=   0.000, z=   0.000
  Object   : x=   0.000, y=   0.000, z=   0.000
  Detector : x=  25.318, y=   6.310, z=  40.001

After Calibration: 

Unity geometry (world coordinates):
  Source   : x= -10.000, y=  29.997, z=   0.000
  Object   : x=   0.132, y=  24.300, z= 815.956
  Detector : x=   5.316, y=  39.966, z=1099.001
  Obj rotY :  -4.5698 deg
view   0 | SOD= 819.642 mm | SDD=1099.153 mm | M= 1.341 | incident=0.9526°
[[ -11.144218   -819.54675      -5.6976223 ]
 [   5.1212807   279.44043     -15.6659565 ]
 [   0.14959994   -0.00012919    0.        ]
 [   0.            0.            0.1496    ]]
Residual vector length: 1800, Jacobian shape: (1800, 6)
view   0 | SOD= 819.717 mm | SDD=1099.153 mm | M= 1.341 | incident=0.9526°
[[ -10.41088    -819.6311       -5.7007866 ]
 [   4.904727    279.36975     -15.669121  ]
 [   0.1496        0.00000011    0.        ]
 [   0.            0.            0.1496    ]]

iter 08 cost=2515.178375 -> 2525.888831 |dtheta|=7.765404e-02  lambda=1.524e-06

============================================================
Iteration 9
============================================================
Theta offsets (Unity frame):
  Source   : dSx=   0.000, dSy=   0.000, dSz=   0.000  (mm)
  Object   : dOx=  -0.408, dOy=   4.300, dOz=  15.956  (mm)
  Object offset: offset_x=   0.016, offset_z=   3.613  (mm)
  Detector : dDx=   0.000, dDy=   0.000, dDz=   0.000  (mm)
  Obj Stage rotY :    4.520 deg
============================================================

Unity geometry (world coordinates):
  Source   : x= -10.000, y=  29.997, z=   0.000
  Object   : x=   0.132, y=  24.300, z= 815.956
  Detector : x= -20.002, y=  33.656, z=1059.000
  Obj rotY :  -4.5698 deg

Initial calibration:
  Source   : x=   0.000, y=   0.000, z=   0.000
  Object   : x=   0.000, y=   0.000, z=   0.000
  Detector : x=  25.318, y=   6.310, z=  40.001

After Calibration: 

Unity geometry (world coordinates):
  Source   : x= -10.000, y=  29.997, z=   0.000
  Object   : x=   0.132, y=  24.300, z= 815.956
  Detector : x=   5.316, y=  39.966, z=1099.001
  Obj rotY :  -4.5698 deg
view   0 | SOD= 819.642 mm | SDD=1099.153 mm | M= 1.341 | incident=0.9526°
[[ -11.144218   -819.54675      -5.6976223 ]
 [   5.1212807   279.44043     -15.6659565 ]
 [   0.14959994   -0.00012919    0.        ]
 [   0.            0.            0.1496    ]]
Residual vector length: 1800, Jacobian shape: (1800, 6)
view   0 | SOD= 819.717 mm | SDD=1099.153 mm | M= 1.341 | incident=0.9526°
[[ -10.41088    -819.6311       -5.7007866 ]
 [   4.904727    279.36975     -15.669121  ]
 [   0.1496        0.00000011    0.        ]
 [   0.            0.            0.1496    ]]

iter 09 cost=2515.178375 -> 2525.888831 |dtheta|=7.765404e-02  lambda=7.621e-06

============================================================
Iteration 10
============================================================
Theta offsets (Unity frame):
  Source   : dSx=   0.000, dSy=   0.000, dSz=   0.000  (mm)
  Object   : dOx=  -0.408, dOy=   4.300, dOz=  15.956  (mm)
  Object offset: offset_x=   0.016, offset_z=   3.613  (mm)
  Detector : dDx=   0.000, dDy=   0.000, dDz=   0.000  (mm)
  Obj Stage rotY :    4.520 deg
============================================================

Unity geometry (world coordinates):
  Source   : x= -10.000, y=  29.997, z=   0.000
  Object   : x=   0.132, y=  24.300, z= 815.956
  Detector : x= -20.002, y=  33.656, z=1059.000
  Obj rotY :  -4.5698 deg

Initial calibration:
  Source   : x=   0.000, y=   0.000, z=   0.000
  Object   : x=   0.000, y=   0.000, z=   0.000
  Detector : x=  25.318, y=   6.310, z=  40.001

After Calibration: 

Unity geometry (world coordinates):
  Source   : x= -10.000, y=  29.997, z=   0.000
  Object   : x=   0.132, y=  24.300, z= 815.956
  Detector : x=   5.316, y=  39.966, z=1099.001
  Obj rotY :  -4.5698 deg
view   0 | SOD= 819.642 mm | SDD=1099.153 mm | M= 1.341 | incident=0.9526°
[[ -11.144218   -819.54675      -5.6976223 ]
 [   5.1212807   279.44043     -15.6659565 ]
 [   0.14959994   -0.00012919    0.        ]
 [   0.            0.            0.1496    ]]
Residual vector length: 1800, Jacobian shape: (1800, 6)
view   0 | SOD= 819.717 mm | SDD=1099.153 mm | M= 1.341 | incident=0.9526°
[[ -10.41088    -819.6311       -5.7007866 ]
 [   4.904727    279.36975     -15.669121  ]
 [   0.1496        0.00000011    0.        ]
 [   0.            0.            0.1496    ]]

iter 10 cost=2515.178375 -> 2525.888831 |dtheta|=7.765403e-02  lambda=3.810e-05

============================================================
Iteration 11
============================================================
Theta offsets (Unity frame):
  Source   : dSx=   0.000, dSy=   0.000, dSz=   0.000  (mm)
  Object   : dOx=  -0.408, dOy=   4.300, dOz=  15.956  (mm)
  Object offset: offset_x=   0.016, offset_z=   3.613  (mm)
  Detector : dDx=   0.000, dDy=   0.000, dDz=   0.000  (mm)
  Obj Stage rotY :    4.520 deg
============================================================

Unity geometry (world coordinates):
  Source   : x= -10.000, y=  29.997, z=   0.000
  Object   : x=   0.132, y=  24.300, z= 815.956
  Detector : x= -20.002, y=  33.656, z=1059.000
  Obj rotY :  -4.5698 deg

Initial calibration:
  Source   : x=   0.000, y=   0.000, z=   0.000
  Object   : x=   0.000, y=   0.000, z=   0.000
  Detector : x=  25.318, y=   6.310, z=  40.001

After Calibration: 

Unity geometry (world coordinates):
  Source   : x= -10.000, y=  29.997, z=   0.000
  Object   : x=   0.132, y=  24.300, z= 815.956
  Detector : x=   5.316, y=  39.966, z=1099.001
  Obj rotY :  -4.5698 deg
view   0 | SOD= 819.642 mm | SDD=1099.153 mm | M= 1.341 | incident=0.9526°
[[ -11.144218   -819.54675      -5.6976223 ]
 [   5.1212807   279.44043     -15.6659565 ]
 [   0.14959994   -0.00012919    0.        ]
 [   0.            0.            0.1496    ]]
Residual vector length: 1800, Jacobian shape: (1800, 6)
view   0 | SOD= 819.717 mm | SDD=1099.153 mm | M= 1.341 | incident=0.9526°
[[ -10.41088    -819.6311       -5.7007866 ]
 [   4.904727    279.36975     -15.669121  ]
 [   0.1496        0.00000011    0.        ]
 [   0.            0.            0.1496    ]]

iter 11 cost=2515.178375 -> 2525.888831 |dtheta|=7.765399e-02  lambda=1.905e-04

============================================================
Iteration 12
============================================================
Theta offsets (Unity frame):
  Source   : dSx=   0.000, dSy=   0.000, dSz=   0.000  (mm)
  Object   : dOx=  -0.408, dOy=   4.300, dOz=  15.956  (mm)
  Object offset: offset_x=   0.016, offset_z=   3.613  (mm)
  Detector : dDx=   0.000, dDy=   0.000, dDz=   0.000  (mm)
  Obj Stage rotY :    4.520 deg
============================================================

Unity geometry (world coordinates):
  Source   : x= -10.000, y=  29.997, z=   0.000
  Object   : x=   0.132, y=  24.300, z= 815.956
  Detector : x= -20.002, y=  33.656, z=1059.000
  Obj rotY :  -4.5698 deg

Initial calibration:
  Source   : x=   0.000, y=   0.000, z=   0.000
  Object   : x=   0.000, y=   0.000, z=   0.000
  Detector : x=  25.318, y=   6.310, z=  40.001

After Calibration: 

Unity geometry (world coordinates):
  Source   : x= -10.000, y=  29.997, z=   0.000
  Object   : x=   0.132, y=  24.300, z= 815.956
  Detector : x=   5.316, y=  39.966, z=1099.001
  Obj rotY :  -4.5698 deg
view   0 | SOD= 819.642 mm | SDD=1099.153 mm | M= 1.341 | incident=0.9526°
[[ -11.144218   -819.54675      -5.6976223 ]
 [   5.1212807   279.44043     -15.6659565 ]
 [   0.14959994   -0.00012919    0.        ]
 [   0.            0.            0.1496    ]]
Residual vector length: 1800, Jacobian shape: (1800, 6)
view   0 | SOD= 819.717 mm | SDD=1099.153 mm | M= 1.341 | incident=0.9526°
[[ -10.41088    -819.6311       -5.7007866 ]
 [   4.904727    279.36975     -15.669121  ]
 [   0.1496        0.00000011    0.        ]
 [   0.            0.            0.1496    ]]

iter 12 cost=2515.178375 -> 2525.888831 |dtheta|=7.765381e-02  lambda=9.526e-04

============================================================
Iteration 13
============================================================
Theta offsets (Unity frame):
  Source   : dSx=   0.000, dSy=   0.000, dSz=   0.000  (mm)
  Object   : dOx=  -0.408, dOy=   4.300, dOz=  15.956  (mm)
  Object offset: offset_x=   0.016, offset_z=   3.613  (mm)
  Detector : dDx=   0.000, dDy=   0.000, dDz=   0.000  (mm)
  Obj Stage rotY :    4.520 deg
============================================================

Unity geometry (world coordinates):
  Source   : x= -10.000, y=  29.997, z=   0.000
  Object   : x=   0.132, y=  24.300, z= 815.956
  Detector : x= -20.002, y=  33.656, z=1059.000
  Obj rotY :  -4.5698 deg

Initial calibration:
  Source   : x=   0.000, y=   0.000, z=   0.000
  Object   : x=   0.000, y=   0.000, z=   0.000
  Detector : x=  25.318, y=   6.310, z=  40.001

After Calibration: 

Unity geometry (world coordinates):
  Source   : x= -10.000, y=  29.997, z=   0.000
  Object   : x=   0.132, y=  24.300, z= 815.956
  Detector : x=   5.316, y=  39.966, z=1099.001
  Obj rotY :  -4.5698 deg
view   0 | SOD= 819.642 mm | SDD=1099.153 mm | M= 1.341 | incident=0.9526°
[[ -11.144218   -819.54675      -5.6976223 ]
 [   5.1212807   279.44043     -15.6659565 ]
 [   0.14959994   -0.00012919    0.        ]
 [   0.            0.            0.1496    ]]
Residual vector length: 1800, Jacobian shape: (1800, 6)
view   0 | SOD= 819.717 mm | SDD=1099.153 mm | M= 1.341 | incident=0.9526°
[[ -10.410881   -819.6311       -5.7007866 ]
 [   4.9047275   279.36975     -15.669121  ]
 [   0.1496        0.00000011    0.        ]
 [   0.            0.            0.1496    ]]

iter 13 cost=2515.178375 -> 2525.888831 |dtheta|=7.765288e-02  lambda=4.763e-03

============================================================
Iteration 14
============================================================
Theta offsets (Unity frame):
  Source   : dSx=   0.000, dSy=   0.000, dSz=   0.000  (mm)
  Object   : dOx=  -0.408, dOy=   4.300, dOz=  15.956  (mm)
  Object offset: offset_x=   0.016, offset_z=   3.613  (mm)
  Detector : dDx=   0.000, dDy=   0.000, dDz=   0.000  (mm)
  Obj Stage rotY :    4.520 deg
============================================================

Unity geometry (world coordinates):
  Source   : x= -10.000, y=  29.997, z=   0.000
  Object   : x=   0.132, y=  24.300, z= 815.956
  Detector : x= -20.002, y=  33.656, z=1059.000
  Obj rotY :  -4.5698 deg

Initial calibration:
  Source   : x=   0.000, y=   0.000, z=   0.000
  Object   : x=   0.000, y=   0.000, z=   0.000
  Detector : x=  25.318, y=   6.310, z=  40.001

After Calibration: 

Unity geometry (world coordinates):
  Source   : x= -10.000, y=  29.997, z=   0.000
  Object   : x=   0.132, y=  24.300, z= 815.956
  Detector : x=   5.316, y=  39.966, z=1099.001
  Obj rotY :  -4.5698 deg
view   0 | SOD= 819.642 mm | SDD=1099.153 mm | M= 1.341 | incident=0.9526°
[[ -11.144218   -819.54675      -5.6976223 ]
 [   5.1212807   279.44043     -15.6659565 ]
 [   0.14959994   -0.00012919    0.        ]
 [   0.            0.            0.1496    ]]
Residual vector length: 1800, Jacobian shape: (1800, 6)
view   0 | SOD= 819.717 mm | SDD=1099.153 mm | M= 1.341 | incident=0.9526°
[[ -10.410887   -819.6311       -5.7007866 ]
 [   4.9047294   279.36975     -15.669121  ]
 [   0.1496        0.00000011    0.        ]
 [   0.            0.            0.1496    ]]

iter 14 cost=2515.178375 -> 2525.957991 |dtheta|=7.764826e-02  lambda=2.381e-02

============================================================
Iteration 15
============================================================
Theta offsets (Unity frame):
  Source   : dSx=   0.000, dSy=   0.000, dSz=   0.000  (mm)
  Object   : dOx=  -0.408, dOy=   4.300, dOz=  15.956  (mm)
  Object offset: offset_x=   0.016, offset_z=   3.613  (mm)
  Detector : dDx=   0.000, dDy=   0.000, dDz=   0.000  (mm)
  Obj Stage rotY :    4.520 deg
============================================================

Unity geometry (world coordinates):
  Source   : x= -10.000, y=  29.997, z=   0.000
  Object   : x=   0.132, y=  24.300, z= 815.956
  Detector : x= -20.002, y=  33.656, z=1059.000
  Obj rotY :  -4.5698 deg

Initial calibration:
  Source   : x=   0.000, y=   0.000, z=   0.000
  Object   : x=   0.000, y=   0.000, z=   0.000
  Detector : x=  25.318, y=   6.310, z=  40.001

After Calibration: 

Unity geometry (world coordinates):
  Source   : x= -10.000, y=  29.997, z=   0.000
  Object   : x=   0.132, y=  24.300, z= 815.956
  Detector : x=   5.316, y=  39.966, z=1099.001
  Obj rotY :  -4.5698 deg
view   0 | SOD= 819.642 mm | SDD=1099.153 mm | M= 1.341 | incident=0.9526°
[[ -11.144218   -819.54675      -5.6976223 ]
 [   5.1212807   279.44043     -15.6659565 ]
 [   0.14959994   -0.00012919    0.        ]
 [   0.            0.            0.1496    ]]
Residual vector length: 1800, Jacobian shape: (1800, 6)
view   0 | SOD= 819.717 mm | SDD=1099.153 mm | M= 1.341 | incident=0.9526°
[[ -10.410914  -819.6311      -5.7007866]
 [   4.90474    279.36975    -15.669121 ]
 [   0.1496       0.0000001    0.       ]
 [   0.           0.           0.1496   ]]

iter 15 cost=2515.178375 -> 2526.014330 |dtheta|=7.762520e-02  lambda=1.191e-01

============================================================
Iteration 16
============================================================
Theta offsets (Unity frame):
  Source   : dSx=   0.000, dSy=   0.000, dSz=   0.000  (mm)
  Object   : dOx=  -0.408, dOy=   4.300, dOz=  15.956  (mm)
  Object offset: offset_x=   0.016, offset_z=   3.613  (mm)
  Detector : dDx=   0.000, dDy=   0.000, dDz=   0.000  (mm)
  Obj Stage rotY :    4.520 deg
============================================================

Unity geometry (world coordinates):
  Source   : x= -10.000, y=  29.997, z=   0.000
  Object   : x=   0.132, y=  24.300, z= 815.956
  Detector : x= -20.002, y=  33.656, z=1059.000
  Obj rotY :  -4.5698 deg

Initial calibration:
  Source   : x=   0.000, y=   0.000, z=   0.000
  Object   : x=   0.000, y=   0.000, z=   0.000
  Detector : x=  25.318, y=   6.310, z=  40.001

After Calibration: 

Unity geometry (world coordinates):
  Source   : x= -10.000, y=  29.997, z=   0.000
  Object   : x=   0.132, y=  24.300, z= 815.956
  Detector : x=   5.316, y=  39.966, z=1099.001
  Obj rotY :  -4.5698 deg
view   0 | SOD= 819.642 mm | SDD=1099.153 mm | M= 1.341 | incident=0.9526°
[[ -11.144218   -819.54675      -5.6976223 ]
 [   5.1212807   279.44043     -15.6659565 ]
 [   0.14959994   -0.00012919    0.        ]
 [   0.            0.            0.1496    ]]
Residual vector length: 1800, Jacobian shape: (1800, 6)
view   0 | SOD= 819.717 mm | SDD=1099.153 mm | M= 1.341 | incident=0.9526°
[[ -10.4110565  -819.6309       -5.7007866 ]
 [   4.9047923   279.36993     -15.669121  ]
 [   0.1496        0.00000008    0.        ]
 [   0.            0.            0.1496    ]]

iter 16 cost=2515.178375 -> 2526.011146 |dtheta|=7.751057e-02  lambda=5.954e-01

============================================================
Iteration 17
============================================================
Theta offsets (Unity frame):
  Source   : dSx=   0.000, dSy=   0.000, dSz=   0.000  (mm)
  Object   : dOx=  -0.408, dOy=   4.300, dOz=  15.956  (mm)
  Object offset: offset_x=   0.016, offset_z=   3.613  (mm)
  Detector : dDx=   0.000, dDy=   0.000, dDz=   0.000  (mm)
  Obj Stage rotY :    4.520 deg
============================================================

Unity geometry (world coordinates):
  Source   : x= -10.000, y=  29.997, z=   0.000
  Object   : x=   0.132, y=  24.300, z= 815.956
  Detector : x= -20.002, y=  33.656, z=1059.000
  Obj rotY :  -4.5698 deg

Initial calibration:
  Source   : x=   0.000, y=   0.000, z=   0.000
  Object   : x=   0.000, y=   0.000, z=   0.000
  Detector : x=  25.318, y=   6.310, z=  40.001

After Calibration: 

Unity geometry (world coordinates):
  Source   : x= -10.000, y=  29.997, z=   0.000
  Object   : x=   0.132, y=  24.300, z= 815.956
  Detector : x=   5.316, y=  39.966, z=1099.001
  Obj rotY :  -4.5698 deg
view   0 | SOD= 819.642 mm | SDD=1099.153 mm | M= 1.341 | incident=0.9526°
[[ -11.144218   -819.54675      -5.6976223 ]
 [   5.1212807   279.44043     -15.6659565 ]
 [   0.14959994   -0.00012919    0.        ]
 [   0.            0.            0.1496    ]]
Residual vector length: 1800, Jacobian shape: (1800, 6)
view   0 | SOD= 819.716 mm | SDD=1099.153 mm | M= 1.341 | incident=0.9526°
[[ -10.411769   -819.62994      -5.700783  ]
 [   4.905053    279.3709      -15.669117  ]
 [   0.1496       -0.00000006    0.        ]
 [   0.            0.            0.1496    ]]

iter 17 cost=2515.178375 -> 2526.073431 |dtheta|=7.695433e-02  lambda=2.977e+00

============================================================
Iteration 18
============================================================
Theta offsets (Unity frame):
  Source   : dSx=   0.000, dSy=   0.000, dSz=   0.000  (mm)
  Object   : dOx=  -0.408, dOy=   4.300, dOz=  15.956  (mm)
  Object offset: offset_x=   0.016, offset_z=   3.613  (mm)
  Detector : dDx=   0.000, dDy=   0.000, dDz=   0.000  (mm)
  Obj Stage rotY :    4.520 deg
============================================================

Unity geometry (world coordinates):
  Source   : x= -10.000, y=  29.997, z=   0.000
  Object   : x=   0.132, y=  24.300, z= 815.956
  Detector : x= -20.002, y=  33.656, z=1059.000
  Obj rotY :  -4.5698 deg

Initial calibration:
  Source   : x=   0.000, y=   0.000, z=   0.000
  Object   : x=   0.000, y=   0.000, z=   0.000
  Detector : x=  25.318, y=   6.310, z=  40.001

After Calibration: 

Unity geometry (world coordinates):
  Source   : x= -10.000, y=  29.997, z=   0.000
  Object   : x=   0.132, y=  24.300, z= 815.956
  Detector : x=   5.316, y=  39.966, z=1099.001
  Obj rotY :  -4.5698 deg
view   0 | SOD= 819.642 mm | SDD=1099.153 mm | M= 1.341 | incident=0.9526°
[[ -11.144218   -819.54675      -5.6976223 ]
 [   5.1212807   279.44043     -15.6659565 ]
 [   0.14959994   -0.00012919    0.        ]
 [   0.            0.            0.1496    ]]
Residual vector length: 1800, Jacobian shape: (1800, 6)
view   0 | SOD= 819.712 mm | SDD=1099.153 mm | M= 1.341 | incident=0.9526°
[[ -10.415379   -819.62585      -5.7007675 ]
 [   4.9063635   279.3749      -15.669102  ]
 [   0.1496       -0.00000073    0.        ]
 [   0.            0.            0.1496    ]]

iter 18 cost=2515.178375 -> 2526.774104 |dtheta|=7.454051e-02  lambda=1.488e+01

============================================================
Iteration 19
============================================================
Theta offsets (Unity frame):
  Source   : dSx=   0.000, dSy=   0.000, dSz=   0.000  (mm)
  Object   : dOx=  -0.408, dOy=   4.300, dOz=  15.956  (mm)
  Object offset: offset_x=   0.016, offset_z=   3.613  (mm)
  Detector : dDx=   0.000, dDy=   0.000, dDz=   0.000  (mm)
  Obj Stage rotY :    4.520 deg
============================================================

Unity geometry (world coordinates):
  Source   : x= -10.000, y=  29.997, z=   0.000
  Object   : x=   0.132, y=  24.300, z= 815.956
  Detector : x= -20.002, y=  33.656, z=1059.000
  Obj rotY :  -4.5698 deg

Initial calibration:
  Source   : x=   0.000, y=   0.000, z=   0.000
  Object   : x=   0.000, y=   0.000, z=   0.000
  Detector : x=  25.318, y=   6.310, z=  40.001

After Calibration: 

Unity geometry (world coordinates):
  Source   : x= -10.000, y=  29.997, z=   0.000
  Object   : x=   0.132, y=  24.300, z= 815.956
  Detector : x=   5.316, y=  39.966, z=1099.001
  Obj rotY :  -4.5698 deg
view   0 | SOD= 819.642 mm | SDD=1099.153 mm | M= 1.341 | incident=0.9526°
[[ -11.144218   -819.54675      -5.6976223 ]
 [   5.1212807   279.44043     -15.6659565 ]
 [   0.14959994   -0.00012919    0.        ]
 [   0.            0.            0.1496    ]]
Residual vector length: 1800, Jacobian shape: (1800, 6)
view   0 | SOD= 819.699 mm | SDD=1099.153 mm | M= 1.341 | incident=0.9526°
[[ -10.433884   -819.6129       -5.700716  ]
 [   4.9129176   279.3875      -15.66905   ]
 [   0.1496       -0.00000414    0.        ]
 [   0.            0.            0.1496    ]]

iter 19 cost=2515.178375 -> 2526.662096 |dtheta|=6.763290e-02  lambda=7.442e+01

============================================================
Iteration 20
============================================================
Theta offsets (Unity frame):
  Source   : dSx=   0.000, dSy=   0.000, dSz=   0.000  (mm)
  Object   : dOx=  -0.408, dOy=   4.300, dOz=  15.956  (mm)
  Object offset: offset_x=   0.016, offset_z=   3.613  (mm)
  Detector : dDx=   0.000, dDy=   0.000, dDz=   0.000  (mm)
  Obj Stage rotY :    4.520 deg
============================================================

Unity geometry (world coordinates):
  Source   : x= -10.000, y=  29.997, z=   0.000
  Object   : x=   0.132, y=  24.300, z= 815.956
  Detector : x= -20.002, y=  33.656, z=1059.000
  Obj rotY :  -4.5698 deg

Initial calibration:
  Source   : x=   0.000, y=   0.000, z=   0.000
  Object   : x=   0.000, y=   0.000, z=   0.000
  Detector : x=  25.318, y=   6.310, z=  40.001

After Calibration: 

Unity geometry (world coordinates):
  Source   : x= -10.000, y=  29.997, z=   0.000
  Object   : x=   0.132, y=  24.300, z= 815.956
  Detector : x=   5.316, y=  39.966, z=1099.001
  Obj rotY :  -4.5698 deg
view   0 | SOD= 819.642 mm | SDD=1099.153 mm | M= 1.341 | incident=0.9526°
[[ -11.144218   -819.54675      -5.6976223 ]
 [   5.1212807   279.44043     -15.6659565 ]
 [   0.14959994   -0.00012919    0.        ]
 [   0.            0.            0.1496    ]]
Residual vector length: 1800, Jacobian shape: (1800, 6)
view   0 | SOD= 819.682 mm | SDD=1099.153 mm | M= 1.341 | incident=0.9526°
[[ -10.518015   -819.5947       -5.7006454 ]
 [   4.9418545   279.40414     -15.66898   ]
 [   0.1496       -0.00001953    0.        ]
 [   0.            0.            0.1496    ]]

iter 20 cost=2515.178375 -> 2527.922102 |dtheta|=5.809468e-02  lambda=3.721e+02

============================================================
Iteration 21
============================================================
Theta offsets (Unity frame):
  Source   : dSx=   0.000, dSy=   0.000, dSz=   0.000  (mm)
  Object   : dOx=  -0.408, dOy=   4.300, dOz=  15.956  (mm)
  Object offset: offset_x=   0.016, offset_z=   3.613  (mm)
  Detector : dDx=   0.000, dDy=   0.000, dDz=   0.000  (mm)
  Obj Stage rotY :    4.520 deg
============================================================

Unity geometry (world coordinates):
  Source   : x= -10.000, y=  29.997, z=   0.000
  Object   : x=   0.132, y=  24.300, z= 815.956
  Detector : x= -20.002, y=  33.656, z=1059.000
  Obj rotY :  -4.5698 deg

Initial calibration:
  Source   : x=   0.000, y=   0.000, z=   0.000
  Object   : x=   0.000, y=   0.000, z=   0.000
  Detector : x=  25.318, y=   6.310, z=  40.001

After Calibration: 

Unity geometry (world coordinates):
  Source   : x= -10.000, y=  29.997, z=   0.000
  Object   : x=   0.132, y=  24.300, z= 815.956
  Detector : x=   5.316, y=  39.966, z=1099.001
  Obj rotY :  -4.5698 deg
view   0 | SOD= 819.642 mm | SDD=1099.153 mm | M= 1.341 | incident=0.9526°
[[ -11.144218   -819.54675      -5.6976223 ]
 [   5.1212807   279.44043     -15.6659565 ]
 [   0.14959994   -0.00012919    0.        ]
 [   0.            0.            0.1496    ]]
Residual vector length: 1800, Jacobian shape: (1800, 6)
view   0 | SOD= 819.673 mm | SDD=1099.153 mm | M= 1.341 | incident=0.9526°
[[ -10.748238   -819.5822       -5.7005386 ]
 [   5.019528    279.41226     -15.668873  ]
 [   0.14959998   -0.00006144    0.        ]
 [   0.            0.            0.1496    ]]

iter 21 cost=2515.178375 -> 2505.778334 |dtheta|=4.535767e-02  lambda=1.861e+03

============================================================
Iteration 22
============================================================
Theta offsets (Unity frame):
  Source   : dSx=   0.000, dSy=   0.000, dSz=   0.000  (mm)
  Object   : dOx=  -0.409, dOy=   4.297, dOz=  15.959  (mm)
  Object offset: offset_x=  -0.011, offset_z=   3.639  (mm)
  Detector : dDx=   0.000, dDy=   0.000, dDz=   0.000  (mm)
  Obj Stage rotY :    4.546 deg
============================================================

Unity geometry (world coordinates):
  Source   : x= -10.000, y=  29.997, z=   0.000
  Object   : x=   0.132, y=  24.297, z= 815.959
  Detector : x= -20.002, y=  33.656, z=1059.000
  Obj rotY :  -4.5698 deg

Initial calibration:
  Source   : x=   0.000, y=   0.000, z=   0.000
  Object   : x=   0.000, y=   0.000, z=   0.000
  Detector : x=  25.318, y=   6.310, z=  40.001

After Calibration: 

Unity geometry (world coordinates):
  Source   : x= -10.000, y=  29.997, z=   0.000
  Object   : x=   0.132, y=  24.297, z= 815.959
  Detector : x=   5.316, y=  39.966, z=1099.001
  Obj rotY :  -4.5698 deg
view   0 | SOD= 819.673 mm | SDD=1099.153 mm | M= 1.341 | incident=0.9526°
[[ -10.748238   -819.5822       -5.7005386 ]
 [   5.019528    279.41226     -15.668873  ]
 [   0.14959998   -0.00006144    0.        ]
 [   0.            0.            0.1496    ]]
Residual vector length: 1800, Jacobian shape: (1800, 6)
view   0 | SOD= 819.730 mm | SDD=1099.153 mm | M= 1.341 | incident=0.9526°
[[  -8.4735775  -819.6664       -5.703724  ]
 [   4.241289    279.36765     -15.672058  ]
 [   0.14959958    0.00035413    0.        ]
 [   0.            0.            0.1496    ]]

iter 22 cost=2505.778334 -> 2399.712275 |dtheta|=1.645358e-01  lambda=6.202e+02

============================================================
Iteration 23
============================================================
Theta offsets (Unity frame):
  Source   : dSx=   0.000, dSy=   0.000, dSz=   0.000  (mm)
  Object   : dOx=  -0.409, dOy=   4.294, dOz=  15.982  (mm)
  Object offset: offset_x=  -0.011, offset_z=   3.673  (mm)
  Detector : dDx=   0.000, dDy=   0.000, dDz=   0.000  (mm)
  Obj Stage rotY :    4.705 deg
============================================================

Unity geometry (world coordinates):
  Source   : x= -10.000, y=  29.997, z=   0.000
  Object   : x=   0.132, y=  24.294, z= 815.981
  Detector : x= -20.002, y=  33.656, z=1059.000
  Obj rotY :  -4.5698 deg

Initial calibration:
  Source   : x=   0.000, y=   0.000, z=   0.000
  Object   : x=   0.000, y=   0.000, z=   0.000
  Detector : x=  25.318, y=   6.310, z=  40.001

After Calibration: 

Unity geometry (world coordinates):
  Source   : x= -10.000, y=  29.997, z=   0.000
  Object   : x=   0.132, y=  24.294, z= 815.981
  Detector : x=   5.316, y=  39.966, z=1099.001
  Obj rotY :  -4.5698 deg
view   0 | SOD= 819.730 mm | SDD=1099.153 mm | M= 1.341 | incident=0.9526°
[[  -8.4735775  -819.6664       -5.703724  ]
 [   4.241289    279.36765     -15.672058  ]
 [   0.14959958    0.00035413    0.        ]
 [   0.            0.            0.1496    ]]
Residual vector length: 1800, Jacobian shape: (1800, 6)
view   0 | SOD= 819.620 mm | SDD=1099.153 mm | M= 1.341 | incident=0.9526°
[[  -7.7193046  -819.56366      -5.701336  ]
 [   3.9624732   279.48184     -15.66967   ]
 [   0.14959918    0.00049475    0.        ]
 [   0.            0.            0.1496    ]]

iter 23 cost=2399.712275 -> 2431.933869 |dtheta|=1.197854e-01  lambda=2.067e+02

============================================================
Iteration 24
============================================================
Theta offsets (Unity frame):
  Source   : dSx=   0.000, dSy=   0.000, dSz=   0.000  (mm)
  Object   : dOx=  -0.409, dOy=   4.294, dOz=  15.982  (mm)
  Object offset: offset_x=  -0.011, offset_z=   3.673  (mm)
  Detector : dDx=   0.000, dDy=   0.000, dDz=   0.000  (mm)
  Obj Stage rotY :    4.705 deg
============================================================

Unity geometry (world coordinates):
  Source   : x= -10.000, y=  29.997, z=   0.000
  Object   : x=   0.132, y=  24.294, z= 815.981
  Detector : x= -20.002, y=  33.656, z=1059.000
  Obj rotY :  -4.5698 deg

Initial calibration:
  Source   : x=   0.000, y=   0.000, z=   0.000
  Object   : x=   0.000, y=   0.000, z=   0.000
  Detector : x=  25.318, y=   6.310, z=  40.001

After Calibration: 

Unity geometry (world coordinates):
  Source   : x= -10.000, y=  29.997, z=   0.000
  Object   : x=   0.132, y=  24.294, z= 815.981
  Detector : x=   5.316, y=  39.966, z=1099.001
  Obj rotY :  -4.5698 deg
view   0 | SOD= 819.730 mm | SDD=1099.153 mm | M= 1.341 | incident=0.9526°
[[  -8.4735775  -819.6664       -5.703724  ]
 [   4.241289    279.36765     -15.672058  ]
 [   0.14959958    0.00035413    0.        ]
 [   0.            0.            0.1496    ]]
Residual vector length: 1800, Jacobian shape: (1800, 6)
view   0 | SOD= 819.689 mm | SDD=1099.153 mm | M= 1.341 | incident=0.9526°
[[  -7.948887   -819.6311       -5.701763  ]
 [   4.041321    279.4111      -15.670097  ]
 [   0.14959931    0.00045276    0.        ]
 [   0.            0.            0.1496    ]]

iter 24 cost=2399.712275 -> 2428.728797 |dtheta|=5.600858e-02  lambda=1.034e+03

============================================================
Iteration 25
============================================================
Theta offsets (Unity frame):
  Source   : dSx=   0.000, dSy=   0.000, dSz=   0.000  (mm)
  Object   : dOx=  -0.409, dOy=   4.294, dOz=  15.982  (mm)
  Object offset: offset_x=  -0.011, offset_z=   3.673  (mm)
  Detector : dDx=   0.000, dDy=   0.000, dDz=   0.000  (mm)
  Obj Stage rotY :    4.705 deg
============================================================

Unity geometry (world coordinates):
  Source   : x= -10.000, y=  29.997, z=   0.000
  Object   : x=   0.132, y=  24.294, z= 815.981
  Detector : x= -20.002, y=  33.656, z=1059.000
  Obj rotY :  -4.5698 deg

Initial calibration:
  Source   : x=   0.000, y=   0.000, z=   0.000
  Object   : x=   0.000, y=   0.000, z=   0.000
  Detector : x=  25.318, y=   6.310, z=  40.001

After Calibration: 

Unity geometry (world coordinates):
  Source   : x= -10.000, y=  29.997, z=   0.000
  Object   : x=   0.132, y=  24.294, z= 815.981
  Detector : x=   5.316, y=  39.966, z=1099.001
  Obj rotY :  -4.5698 deg
view   0 | SOD= 819.730 mm | SDD=1099.153 mm | M= 1.341 | incident=0.9526°
[[  -8.4735775  -819.6664       -5.703724  ]
 [   4.241289    279.36765     -15.672058  ]
 [   0.14959958    0.00035413    0.        ]
 [   0.            0.            0.1496    ]]
Residual vector length: 1800, Jacobian shape: (1800, 6)
view   0 | SOD= 819.717 mm | SDD=1099.153 mm | M= 1.341 | incident=0.9526°
[[  -8.274599   -819.6555       -5.702202  ]
 [   4.155816    279.38174     -15.670536  ]
 [   0.14959948    0.00039284    0.        ]
 [   0.            0.            0.1496    ]]

iter 25 cost=2399.712275 -> 2431.108695 |dtheta|=2.500748e-02  lambda=5.168e+03

============================================================
Iteration 26
============================================================
Theta offsets (Unity frame):
  Source   : dSx=   0.000, dSy=   0.000, dSz=   0.000  (mm)
  Object   : dOx=  -0.409, dOy=   4.294, dOz=  15.982  (mm)
  Object offset: offset_x=  -0.011, offset_z=   3.673  (mm)
  Detector : dDx=   0.000, dDy=   0.000, dDz=   0.000  (mm)
  Obj Stage rotY :    4.705 deg
============================================================

Unity geometry (world coordinates):
  Source   : x= -10.000, y=  29.997, z=   0.000
  Object   : x=   0.132, y=  24.294, z= 815.981
  Detector : x= -20.002, y=  33.656, z=1059.000
  Obj rotY :  -4.5698 deg

Initial calibration:
  Source   : x=   0.000, y=   0.000, z=   0.000
  Object   : x=   0.000, y=   0.000, z=   0.000
  Detector : x=  25.318, y=   6.310, z=  40.001

After Calibration: 

Unity geometry (world coordinates):
  Source   : x= -10.000, y=  29.997, z=   0.000
  Object   : x=   0.132, y=  24.294, z= 815.981
  Detector : x=   5.316, y=  39.966, z=1099.001
  Obj rotY :  -4.5698 deg
view   0 | SOD= 819.730 mm | SDD=1099.153 mm | M= 1.341 | incident=0.9526°
[[  -8.4735775  -819.6664       -5.703724  ]
 [   4.241289    279.36765     -15.672058  ]
 [   0.14959958    0.00035413    0.        ]
 [   0.            0.            0.1496    ]]
Residual vector length: 1800, Jacobian shape: (1800, 6)
view   0 | SOD= 819.725 mm | SDD=1099.153 mm | M= 1.341 | incident=0.9526°
[[  -8.430926   -819.66187      -5.702793  ]
 [   4.21653     279.37296     -15.671127  ]
 [   0.14959955    0.0003633     0.        ]
 [   0.            0.            0.1496    ]]

iter 26 cost=2399.712275 -> 2398.058117 |dtheta|=1.185022e-02  lambda=2.584e+04

============================================================
Iteration 27
============================================================
Theta offsets (Unity frame):
  Source   : dSx=   0.000, dSy=   0.000, dSz=   0.000  (mm)
  Object   : dOx=  -0.412, dOy=   4.295, dOz=  15.980  (mm)
  Object offset: offset_x=  -0.000, offset_z=   3.671  (mm)
  Detector : dDx=   0.000, dDy=   0.000, dDz=   0.000  (mm)
  Obj Stage rotY :    4.709 deg
============================================================

Unity geometry (world coordinates):
  Source   : x= -10.000, y=  29.997, z=   0.000
  Object   : x=   0.129, y=  24.295, z= 815.980
  Detector : x= -20.002, y=  33.656, z=1059.000
  Obj rotY :  -4.5698 deg

Initial calibration:
  Source   : x=   0.000, y=   0.000, z=   0.000
  Object   : x=   0.000, y=   0.000, z=   0.000
  Detector : x=  25.318, y=   6.310, z=  40.001

After Calibration: 

Unity geometry (world coordinates):
  Source   : x= -10.000, y=  29.997, z=   0.000
  Object   : x=   0.129, y=  24.295, z= 815.980
  Detector : x=   5.316, y=  39.966, z=1099.001
  Obj rotY :  -4.5698 deg
view   0 | SOD= 819.725 mm | SDD=1099.153 mm | M= 1.341 | incident=0.9526°
[[  -8.430926   -819.66187      -5.702793  ]
 [   4.21653     279.37296     -15.671127  ]
 [   0.14959955    0.0003633     0.        ]
 [   0.            0.            0.1496    ]]
Residual vector length: 1800, Jacobian shape: (1800, 6)
view   0 | SOD= 819.709 mm | SDD=1099.153 mm | M= 1.341 | incident=0.9526°
[[  -8.653843   -819.6436       -5.703514  ]
 [   4.3485346   279.38702     -15.671848  ]
 [   0.14959967    0.00031499    0.        ]
 [   0.            0.            0.1496    ]]

iter 27 cost=2398.058117 -> 2427.525880 |dtheta|=4.463055e-02  lambda=8.614e+03

============================================================
Iteration 28
============================================================
Theta offsets (Unity frame):
  Source   : dSx=   0.000, dSy=   0.000, dSz=   0.000  (mm)
  Object   : dOx=  -0.412, dOy=   4.295, dOz=  15.980  (mm)
  Object offset: offset_x=  -0.000, offset_z=   3.671  (mm)
  Detector : dDx=   0.000, dDy=   0.000, dDz=   0.000  (mm)
  Obj Stage rotY :    4.709 deg
============================================================

Unity geometry (world coordinates):
  Source   : x= -10.000, y=  29.997, z=   0.000
  Object   : x=   0.129, y=  24.295, z= 815.980
  Detector : x= -20.002, y=  33.656, z=1059.000
  Obj rotY :  -4.5698 deg

Initial calibration:
  Source   : x=   0.000, y=   0.000, z=   0.000
  Object   : x=   0.000, y=   0.000, z=   0.000
  Detector : x=  25.318, y=   6.310, z=  40.001

After Calibration: 

Unity geometry (world coordinates):
  Source   : x= -10.000, y=  29.997, z=   0.000
  Object   : x=   0.129, y=  24.295, z= 815.980
  Detector : x=   5.316, y=  39.966, z=1099.001
  Obj rotY :  -4.5698 deg
view   0 | SOD= 819.725 mm | SDD=1099.153 mm | M= 1.341 | incident=0.9526°
[[  -8.430926   -819.66187      -5.702793  ]
 [   4.21653     279.37296     -15.671127  ]
 [   0.14959955    0.0003633     0.        ]
 [   0.            0.            0.1496    ]]
Residual vector length: 1800, Jacobian shape: (1800, 6)
view   0 | SOD= 819.721 mm | SDD=1099.153 mm | M= 1.341 | incident=0.9526°
[[  -8.464765   -819.6575       -5.7029724 ]
 [   4.2601943   279.37643     -15.671307  ]
 [   0.14959958    0.00035275    0.        ]
 [   0.            0.            0.1496    ]]

iter 28 cost=2398.058117 -> 2401.336853 |dtheta|=2.269604e-02  lambda=4.307e+04

============================================================
Iteration 29
============================================================
Theta offsets (Unity frame):
  Source   : dSx=   0.000, dSy=   0.000, dSz=   0.000  (mm)
  Object   : dOx=  -0.412, dOy=   4.295, dOz=  15.980  (mm)
  Object offset: offset_x=  -0.000, offset_z=   3.671  (mm)
  Detector : dDx=   0.000, dDy=   0.000, dDz=   0.000  (mm)
  Obj Stage rotY :    4.709 deg
============================================================

Unity geometry (world coordinates):
  Source   : x= -10.000, y=  29.997, z=   0.000
  Object   : x=   0.129, y=  24.295, z= 815.980
  Detector : x= -20.002, y=  33.656, z=1059.000
  Obj rotY :  -4.5698 deg

Initial calibration:
  Source   : x=   0.000, y=   0.000, z=   0.000
  Object   : x=   0.000, y=   0.000, z=   0.000
  Detector : x=  25.318, y=   6.310, z=  40.001

After Calibration: 

Unity geometry (world coordinates):
  Source   : x= -10.000, y=  29.997, z=   0.000
  Object   : x=   0.129, y=  24.295, z= 815.980
  Detector : x=   5.316, y=  39.966, z=1099.001
  Obj rotY :  -4.5698 deg
view   0 | SOD= 819.725 mm | SDD=1099.153 mm | M= 1.341 | incident=0.9526°
[[  -8.430926   -819.66187      -5.702793  ]
 [   4.21653     279.37296     -15.671127  ]
 [   0.14959955    0.0003633     0.        ]
 [   0.            0.            0.1496    ]]
Residual vector length: 1800, Jacobian shape: (1800, 6)
view   0 | SOD= 819.725 mm | SDD=1099.153 mm | M= 1.341 | incident=0.9526°
[[  -8.434233   -819.6613       -5.7027874 ]
 [   4.228042    279.37332     -15.671122  ]
 [   0.14959957    0.00036128    0.        ]
 [   0.            0.            0.1496    ]]

iter 29 cost=2398.058117 -> 2398.854932 |dtheta|=7.184019e-03  lambda=2.153e+05

============================================================
Iteration 30
============================================================
Theta offsets (Unity frame):
  Source   : dSx=   0.000, dSy=   0.000, dSz=   0.000  (mm)
  Object   : dOx=  -0.412, dOy=   4.295, dOz=  15.980  (mm)
  Object offset: offset_x=  -0.000, offset_z=   3.671  (mm)
  Detector : dDx=   0.000, dDy=   0.000, dDz=   0.000  (mm)
  Obj Stage rotY :    4.709 deg
============================================================

Unity geometry (world coordinates):
  Source   : x= -10.000, y=  29.997, z=   0.000
  Object   : x=   0.129, y=  24.295, z= 815.980
  Detector : x= -20.002, y=  33.656, z=1059.000
  Obj rotY :  -4.5698 deg

Initial calibration:
  Source   : x=   0.000, y=   0.000, z=   0.000
  Object   : x=   0.000, y=   0.000, z=   0.000
  Detector : x=  25.318, y=   6.310, z=  40.001

After Calibration: 

Unity geometry (world coordinates):
  Source   : x= -10.000, y=  29.997, z=   0.000
  Object   : x=   0.129, y=  24.295, z= 815.980
  Detector : x=   5.316, y=  39.966, z=1099.001
  Obj rotY :  -4.5698 deg
view   0 | SOD= 819.725 mm | SDD=1099.153 mm | M= 1.341 | incident=0.9526°
[[  -8.430926   -819.66187      -5.702793  ]
 [   4.21653     279.37296     -15.671127  ]
 [   0.14959955    0.0003633     0.        ]
 [   0.            0.            0.1496    ]]
Residual vector length: 1800, Jacobian shape: (1800, 6)
view   0 | SOD= 819.725 mm | SDD=1099.153 mm | M= 1.341 | incident=0.9526°
[[  -8.43135    -819.66187      -5.7027874 ]
 [   4.2192254   279.37292     -15.671122  ]
 [   0.14959955    0.00036288    0.        ]
 [   0.            0.            0.1496    ]]

iter 30 cost=2398.058117 -> 2397.734193 |dtheta|=1.759137e-03  lambda=1.000e+06

============================================================
Iteration 31
============================================================
Theta offsets (Unity frame):
  Source   : dSx=   0.000, dSy=   0.000, dSz=   0.000  (mm)
  Object   : dOx=  -0.412, dOy=   4.295, dOz=  15.980  (mm)
  Object offset: offset_x=  -0.002, offset_z=   3.671  (mm)
  Detector : dDx=   0.000, dDy=   0.000, dDz=   0.000  (mm)
  Obj Stage rotY :    4.709 deg
============================================================

Unity geometry (world coordinates):
  Source   : x= -10.000, y=  29.997, z=   0.000
  Object   : x=   0.129, y=  24.295, z= 815.980
  Detector : x= -20.002, y=  33.656, z=1059.000
  Obj rotY :  -4.5698 deg

Initial calibration:
  Source   : x=   0.000, y=   0.000, z=   0.000
  Object   : x=   0.000, y=   0.000, z=   0.000
  Detector : x=  25.318, y=   6.310, z=  40.001

After Calibration: 

Unity geometry (world coordinates):
  Source   : x= -10.000, y=  29.997, z=   0.000
  Object   : x=   0.129, y=  24.295, z= 815.980
  Detector : x=   5.316, y=  39.966, z=1099.001
  Obj rotY :  -4.5698 deg
view   0 | SOD= 819.725 mm | SDD=1099.153 mm | M= 1.341 | incident=0.9526°
[[  -8.43135    -819.66187      -5.7027874 ]
 [   4.2192254   279.37292     -15.671122  ]
 [   0.14959955    0.00036288    0.        ]
 [   0.            0.            0.1496    ]]
Residual vector length: 1800, Jacobian shape: (1800, 6)
view   0 | SOD= 819.725 mm | SDD=1099.153 mm | M= 1.341 | incident=0.9526°
[[  -8.420621   -819.6617       -5.703211  ]
 [   4.2227726   279.37317     -15.671545  ]
 [   0.14959955    0.00036385    0.        ]
 [   0.            0.            0.1496    ]]

iter 31 cost=2397.734193 -> 2397.411109 |dtheta|=4.967817e-03  lambda=3.333e+05

============================================================
Iteration 32
============================================================
Theta offsets (Unity frame):
  Source   : dSx=   0.000, dSy=   0.000, dSz=   0.000  (mm)
  Object   : dOx=  -0.412, dOy=   4.294, dOz=  15.980  (mm)
  Object offset: offset_x=  -0.007, offset_z=   3.671  (mm)
  Detector : dDx=   0.000, dDy=   0.000, dDz=   0.000  (mm)
  Obj Stage rotY :    4.709 deg
============================================================

Unity geometry (world coordinates):
  Source   : x= -10.000, y=  29.997, z=   0.000
  Object   : x=   0.128, y=  24.294, z= 815.979
  Detector : x= -20.002, y=  33.656, z=1059.000
  Obj rotY :  -4.5698 deg

Initial calibration:
  Source   : x=   0.000, y=   0.000, z=   0.000
  Object   : x=   0.000, y=   0.000, z=   0.000
  Detector : x=  25.318, y=   6.310, z=  40.001

After Calibration: 

Unity geometry (world coordinates):
  Source   : x= -10.000, y=  29.997, z=   0.000
  Object   : x=   0.128, y=  24.294, z= 815.979
  Detector : x=   5.316, y=  39.966, z=1099.001
  Obj rotY :  -4.5698 deg
view   0 | SOD= 819.725 mm | SDD=1099.153 mm | M= 1.341 | incident=0.9526°
[[  -8.420621   -819.6617       -5.703211  ]
 [   4.2227726   279.37317     -15.671545  ]
 [   0.14959955    0.00036385    0.        ]
 [   0.            0.            0.1496    ]]
Residual vector length: 1800, Jacobian shape: (1800, 6)
view   0 | SOD= 819.722 mm | SDD=1099.153 mm | M= 1.341 | incident=0.9526°
[[  -8.403509   -819.65955      -5.70327   ]
 [   4.2340064   279.3754      -15.671604  ]
 [   0.14959955    0.00036465    0.        ]
 [   0.            0.            0.1496    ]]

iter 32 cost=2397.411109 -> 2401.864817 |dtheta|=1.183942e-02  lambda=1.111e+05

============================================================
Iteration 33
============================================================
Theta offsets (Unity frame):
  Source   : dSx=   0.000, dSy=   0.000, dSz=   0.000  (mm)
  Object   : dOx=  -0.412, dOy=   4.294, dOz=  15.980  (mm)
  Object offset: offset_x=  -0.007, offset_z=   3.671  (mm)
  Detector : dDx=   0.000, dDy=   0.000, dDz=   0.000  (mm)
  Obj Stage rotY :    4.709 deg
============================================================

Unity geometry (world coordinates):
  Source   : x= -10.000, y=  29.997, z=   0.000
  Object   : x=   0.128, y=  24.294, z= 815.979
  Detector : x= -20.002, y=  33.656, z=1059.000
  Obj rotY :  -4.5698 deg

Initial calibration:
  Source   : x=   0.000, y=   0.000, z=   0.000
  Object   : x=   0.000, y=   0.000, z=   0.000
  Detector : x=  25.318, y=   6.310, z=  40.001

After Calibration: 

Unity geometry (world coordinates):
  Source   : x= -10.000, y=  29.997, z=   0.000
  Object   : x=   0.128, y=  24.294, z= 815.979
  Detector : x=   5.316, y=  39.966, z=1099.001
  Obj rotY :  -4.5698 deg
view   0 | SOD= 819.725 mm | SDD=1099.153 mm | M= 1.341 | incident=0.9526°
[[  -8.420621   -819.6617       -5.703211  ]
 [   4.2227726   279.37317     -15.671545  ]
 [   0.14959955    0.00036385    0.        ]
 [   0.            0.            0.1496    ]]
Residual vector length: 1800, Jacobian shape: (1800, 6)
view   0 | SOD= 819.724 mm | SDD=1099.153 mm | M= 1.341 | incident=0.9526°
[[  -8.416277   -819.6613       -5.703209  ]
 [   4.225575    279.37354     -15.671543  ]
 [   0.14959955    0.00036406    0.        ]
 [   0.            0.            0.1496    ]]

iter 33 cost=2397.411109 -> 2396.189841 |dtheta|=2.950671e-03  lambda=5.556e+05

============================================================
Iteration 34
============================================================
Theta offsets (Unity frame):
  Source   : dSx=   0.000, dSy=   0.000, dSz=   0.000  (mm)
  Object   : dOx=  -0.413, dOy=   4.294, dOz=  15.980  (mm)
  Object offset: offset_x=  -0.010, offset_z=   3.670  (mm)
  Detector : dDx=   0.000, dDy=   0.000, dDz=   0.000  (mm)
  Obj Stage rotY :    4.709 deg
============================================================

Unity geometry (world coordinates):
  Source   : x= -10.000, y=  29.997, z=   0.000
  Object   : x=   0.128, y=  24.294, z= 815.979
  Detector : x= -20.002, y=  33.656, z=1059.000
  Obj rotY :  -4.5698 deg

Initial calibration:
  Source   : x=   0.000, y=   0.000, z=   0.000
  Object   : x=   0.000, y=   0.000, z=   0.000
  Detector : x=  25.318, y=   6.310, z=  40.001

After Calibration: 

Unity geometry (world coordinates):
  Source   : x= -10.000, y=  29.997, z=   0.000
  Object   : x=   0.128, y=  24.294, z= 815.979
  Detector : x=   5.316, y=  39.966, z=1099.001
  Obj rotY :  -4.5698 deg
view   0 | SOD= 819.724 mm | SDD=1099.153 mm | M= 1.341 | incident=0.9526°
[[  -8.416277   -819.6613       -5.703209  ]
 [   4.225575    279.37354     -15.671543  ]
 [   0.14959955    0.00036406    0.        ]
 [   0.            0.            0.1496    ]]
Residual vector length: 1800, Jacobian shape: (1800, 6)
view   0 | SOD= 819.722 mm | SDD=1099.153 mm | M= 1.341 | incident=0.9526°
[[  -8.41049    -819.6595       -5.702717  ]
 [   4.2332006   279.37537     -15.671051  ]
 [   0.14959955    0.00036381    0.        ]
 [   0.            0.            0.1496    ]]

iter 34 cost=2396.189841 -> 2437.484146 |dtheta|=6.670128e-03  lambda=1.852e+05

============================================================
Iteration 35
============================================================
Theta offsets (Unity frame):
  Source   : dSx=   0.000, dSy=   0.000, dSz=   0.000  (mm)
  Object   : dOx=  -0.413, dOy=   4.294, dOz=  15.980  (mm)
  Object offset: offset_x=  -0.010, offset_z=   3.670  (mm)
  Detector : dDx=   0.000, dDy=   0.000, dDz=   0.000  (mm)
  Obj Stage rotY :    4.709 deg
============================================================

Unity geometry (world coordinates):
  Source   : x= -10.000, y=  29.997, z=   0.000
  Object   : x=   0.128, y=  24.294, z= 815.979
  Detector : x= -20.002, y=  33.656, z=1059.000
  Obj rotY :  -4.5698 deg

Initial calibration:
  Source   : x=   0.000, y=   0.000, z=   0.000
  Object   : x=   0.000, y=   0.000, z=   0.000
  Detector : x=  25.318, y=   6.310, z=  40.001

After Calibration: 

Unity geometry (world coordinates):
  Source   : x= -10.000, y=  29.997, z=   0.000
  Object   : x=   0.128, y=  24.294, z= 815.979
  Detector : x=   5.316, y=  39.966, z=1099.001
  Obj rotY :  -4.5698 deg
view   0 | SOD= 819.724 mm | SDD=1099.153 mm | M= 1.341 | incident=0.9526°
[[  -8.416277   -819.6613       -5.703209  ]
 [   4.225575    279.37354     -15.671543  ]
 [   0.14959955    0.00036406    0.        ]
 [   0.            0.            0.1496    ]]
Residual vector length: 1800, Jacobian shape: (1800, 6)
view   0 | SOD= 819.724 mm | SDD=1099.153 mm | M= 1.341 | incident=0.9526°
[[  -8.414843   -819.6609       -5.7030888 ]
 [   4.2273064   279.37396     -15.671423  ]
 [   0.14959955    0.00036402    0.        ]
 [   0.            0.            0.1496    ]]

iter 35 cost=2396.189841 -> 2395.391662 |dtheta|=1.532023e-03  lambda=9.259e+05

============================================================
Iteration 36
============================================================
Theta offsets (Unity frame):
  Source   : dSx=   0.000, dSy=   0.000, dSz=   0.000  (mm)
  Object   : dOx=  -0.413, dOy=   4.294, dOz=  15.979  (mm)
  Object offset: offset_x=  -0.011, offset_z=   3.670  (mm)
  Detector : dDx=   0.000, dDy=   0.000, dDz=   0.000  (mm)
  Obj Stage rotY :    4.709 deg
============================================================

Unity geometry (world coordinates):
  Source   : x= -10.000, y=  29.997, z=   0.000
  Object   : x=   0.128, y=  24.294, z= 815.979
  Detector : x= -20.002, y=  33.656, z=1059.000
  Obj rotY :  -4.5698 deg

Initial calibration:
  Source   : x=   0.000, y=   0.000, z=   0.000
  Object   : x=   0.000, y=   0.000, z=   0.000
  Detector : x=  25.318, y=   6.310, z=  40.001

After Calibration: 

Unity geometry (world coordinates):
  Source   : x= -10.000, y=  29.997, z=   0.000
  Object   : x=   0.128, y=  24.294, z= 815.979
  Detector : x=   5.316, y=  39.966, z=1099.001
  Obj rotY :  -4.5698 deg
view   0 | SOD= 819.724 mm | SDD=1099.153 mm | M= 1.341 | incident=0.9526°
[[  -8.414843   -819.6609       -5.7030888 ]
 [   4.2273064   279.37396     -15.671423  ]
 [   0.14959955    0.00036402    0.        ]
 [   0.            0.            0.1496    ]]
Residual vector length: 1800, Jacobian shape: (1800, 6)
view   0 | SOD= 819.723 mm | SDD=1099.153 mm | M= 1.341 | incident=0.9526°
[[  -8.408598   -819.6602       -5.7032204 ]
 [   4.2314553   279.37466     -15.671555  ]
 [   0.14959955    0.00036431    0.        ]
 [   0.            0.            0.1496    ]]

iter 36 cost=2395.391662 -> 2399.347562 |dtheta|=4.268479e-03  lambda=3.086e+05

============================================================
Iteration 37
============================================================
Theta offsets (Unity frame):
  Source   : dSx=   0.000, dSy=   0.000, dSz=   0.000  (mm)
  Object   : dOx=  -0.413, dOy=   4.294, dOz=  15.979  (mm)
  Object offset: offset_x=  -0.011, offset_z=   3.670  (mm)
  Detector : dDx=   0.000, dDy=   0.000, dDz=   0.000  (mm)
  Obj Stage rotY :    4.709 deg
============================================================

Unity geometry (world coordinates):
  Source   : x= -10.000, y=  29.997, z=   0.000
  Object   : x=   0.128, y=  24.294, z= 815.979
  Detector : x= -20.002, y=  33.656, z=1059.000
  Obj rotY :  -4.5698 deg

Initial calibration:
  Source   : x=   0.000, y=   0.000, z=   0.000
  Object   : x=   0.000, y=   0.000, z=   0.000
  Detector : x=  25.318, y=   6.310, z=  40.001

After Calibration: 

Unity geometry (world coordinates):
  Source   : x= -10.000, y=  29.997, z=   0.000
  Object   : x=   0.128, y=  24.294, z= 815.979
  Detector : x=   5.316, y=  39.966, z=1099.001
  Obj rotY :  -4.5698 deg
view   0 | SOD= 819.724 mm | SDD=1099.153 mm | M= 1.341 | incident=0.9526°
[[  -8.414843   -819.6609       -5.7030888 ]
 [   4.2273064   279.37396     -15.671423  ]
 [   0.14959955    0.00036402    0.        ]
 [   0.            0.            0.1496    ]]
Residual vector length: 1800, Jacobian shape: (1800, 6)
view   0 | SOD= 819.724 mm | SDD=1099.153 mm | M= 1.341 | incident=0.9526°
[[  -8.412776   -819.66077      -5.7031326 ]
 [   4.228699    279.37408     -15.671467  ]
 [   0.14959955    0.00036412    0.        ]
 [   0.            0.            0.1496    ]]

iter 37 cost=2395.391662 -> 2398.895070 |dtheta|=1.421718e-03  lambda=1.000e+06

============================================================
Iteration 38
============================================================
Theta offsets (Unity frame):
  Source   : dSx=   0.000, dSy=   0.000, dSz=   0.000  (mm)
  Object   : dOx=  -0.413, dOy=   4.294, dOz=  15.979  (mm)
  Object offset: offset_x=  -0.011, offset_z=   3.670  (mm)
  Detector : dDx=   0.000, dDy=   0.000, dDz=   0.000  (mm)
  Obj Stage rotY :    4.709 deg
============================================================

Unity geometry (world coordinates):
  Source   : x= -10.000, y=  29.997, z=   0.000
  Object   : x=   0.128, y=  24.294, z= 815.979
  Detector : x= -20.002, y=  33.656, z=1059.000
  Obj rotY :  -4.5698 deg

Initial calibration:
  Source   : x=   0.000, y=   0.000, z=   0.000
  Object   : x=   0.000, y=   0.000, z=   0.000
  Detector : x=  25.318, y=   6.310, z=  40.001

After Calibration: 

Unity geometry (world coordinates):
  Source   : x= -10.000, y=  29.997, z=   0.000
  Object   : x=   0.128, y=  24.294, z= 815.979
  Detector : x=   5.316, y=  39.966, z=1099.001
  Obj rotY :  -4.5698 deg
view   0 | SOD= 819.724 mm | SDD=1099.153 mm | M= 1.341 | incident=0.9526°
[[  -8.414843   -819.6609       -5.7030888 ]
 [   4.2273064   279.37396     -15.671423  ]
 [   0.14959955    0.00036402    0.        ]
 [   0.            0.            0.1496    ]]
Residual vector length: 1800, Jacobian shape: (1800, 6)
view   0 | SOD= 819.724 mm | SDD=1099.153 mm | M= 1.341 | incident=0.9526°
[[  -8.412776   -819.66077      -5.7031326 ]
 [   4.228699    279.37408     -15.671467  ]
 [   0.14959955    0.00036412    0.        ]
 [   0.            0.            0.1496    ]]

iter 38 cost=2395.391662 -> 2398.895070 |dtheta|=1.421718e-03  lambda=1.000e+06

============================================================
Iteration 39
============================================================
Theta offsets (Unity frame):
  Source   : dSx=   0.000, dSy=   0.000, dSz=   0.000  (mm)
  Object   : dOx=  -0.413, dOy=   4.294, dOz=  15.979  (mm)
  Object offset: offset_x=  -0.011, offset_z=   3.670  (mm)
  Detector : dDx=   0.000, dDy=   0.000, dDz=   0.000  (mm)
  Obj Stage rotY :    4.709 deg
============================================================

Unity geometry (world coordinates):
  Source   : x= -10.000, y=  29.997, z=   0.000
  Object   : x=   0.128, y=  24.294, z= 815.979
  Detector : x= -20.002, y=  33.656, z=1059.000
  Obj rotY :  -4.5698 deg

Initial calibration:
  Source   : x=   0.000, y=   0.000, z=   0.000
  Object   : x=   0.000, y=   0.000, z=   0.000
  Detector : x=  25.318, y=   6.310, z=  40.001

After Calibration: 

Unity geometry (world coordinates):
  Source   : x= -10.000, y=  29.997, z=   0.000
  Object   : x=   0.128, y=  24.294, z= 815.979
  Detector : x=   5.316, y=  39.966, z=1099.001
  Obj rotY :  -4.5698 deg
view   0 | SOD= 819.724 mm | SDD=1099.153 mm | M= 1.341 | incident=0.9526°
[[  -8.414843   -819.6609       -5.7030888 ]
 [   4.2273064   279.37396     -15.671423  ]
 [   0.14959955    0.00036402    0.        ]
 [   0.            0.            0.1496    ]]
Residual vector length: 1800, Jacobian shape: (1800, 6)
view   0 | SOD= 819.724 mm | SDD=1099.153 mm | M= 1.341 | incident=0.9526°
[[  -8.412776   -819.66077      -5.7031326 ]
 [   4.228699    279.37408     -15.671467  ]
 [   0.14959955    0.00036412    0.        ]
 [   0.            0.            0.1496    ]]

iter 39 cost=2395.391662 -> 2398.895070 |dtheta|=1.421718e-03  lambda=1.000e+06

============================================================
Iteration 40
============================================================
Theta offsets (Unity frame):
  Source   : dSx=   0.000, dSy=   0.000, dSz=   0.000  (mm)
  Object   : dOx=  -0.413, dOy=   4.294, dOz=  15.979  (mm)
  Object offset: offset_x=  -0.011, offset_z=   3.670  (mm)
  Detector : dDx=   0.000, dDy=   0.000, dDz=   0.000  (mm)
  Obj Stage rotY :    4.709 deg
============================================================

Unity geometry (world coordinates):
  Source   : x= -10.000, y=  29.997, z=   0.000
  Object   : x=   0.128, y=  24.294, z= 815.979
  Detector : x= -20.002, y=  33.656, z=1059.000
  Obj rotY :  -4.5698 deg

Initial calibration:
  Source   : x=   0.000, y=   0.000, z=   0.000
  Object   : x=   0.000, y=   0.000, z=   0.000
  Detector : x=  25.318, y=   6.310, z=  40.001

After Calibration: 

Unity geometry (world coordinates):
  Source   : x= -10.000, y=  29.997, z=   0.000
  Object   : x=   0.128, y=  24.294, z= 815.979
  Detector : x=   5.316, y=  39.966, z=1099.001
  Obj rotY :  -4.5698 deg
view   0 | SOD= 819.724 mm | SDD=1099.153 mm | M= 1.341 | incident=0.9526°
[[  -8.414843   -819.6609       -5.7030888 ]
 [   4.2273064   279.37396     -15.671423  ]
 [   0.14959955    0.00036402    0.        ]
 [   0.            0.            0.1496    ]]
Residual vector length: 1800, Jacobian shape: (1800, 6)
view   0 | SOD= 819.724 mm | SDD=1099.153 mm | M= 1.341 | incident=0.9526°
[[  -8.412776   -819.66077      -5.7031326 ]
 [   4.228699    279.37408     -15.671467  ]
 [   0.14959955    0.00036412    0.        ]
 [   0.            0.            0.1496    ]]

iter 40 cost=2395.391662 -> 2398.895070 |dtheta|=1.421718e-03  lambda=1.000e+06

============================================================
Iteration 41
============================================================
Theta offsets (Unity frame):
  Source   : dSx=   0.000, dSy=   0.000, dSz=   0.000  (mm)
  Object   : dOx=  -0.413, dOy=   4.294, dOz=  15.979  (mm)
  Object offset: offset_x=  -0.011, offset_z=   3.670  (mm)
  Detector : dDx=   0.000, dDy=   0.000, dDz=   0.000  (mm)
  Obj Stage rotY :    4.709 deg
============================================================

Unity geometry (world coordinates):
  Source   : x= -10.000, y=  29.997, z=   0.000
  Object   : x=   0.128, y=  24.294, z= 815.979
  Detector : x= -20.002, y=  33.656, z=1059.000
  Obj rotY :  -4.5698 deg

Initial calibration:
  Source   : x=   0.000, y=   0.000, z=   0.000
  Object   : x=   0.000, y=   0.000, z=   0.000
  Detector : x=  25.318, y=   6.310, z=  40.001

After Calibration: 

Unity geometry (world coordinates):
  Source   : x= -10.000, y=  29.997, z=   0.000
  Object   : x=   0.128, y=  24.294, z= 815.979
  Detector : x=   5.316, y=  39.966, z=1099.001
  Obj rotY :  -4.5698 deg
view   0 | SOD= 819.724 mm | SDD=1099.153 mm | M= 1.341 | incident=0.9526°
[[  -8.414843   -819.6609       -5.7030888 ]
 [   4.2273064   279.37396     -15.671423  ]
 [   0.14959955    0.00036402    0.        ]
 [   0.            0.            0.1496    ]]
Residual vector length: 1800, Jacobian shape: (1800, 6)
view   0 | SOD= 819.724 mm | SDD=1099.153 mm | M= 1.341 | incident=0.9526°
[[  -8.412776   -819.66077      -5.7031326 ]
 [   4.228699    279.37408     -15.671467  ]
 [   0.14959955    0.00036412    0.        ]
 [   0.            0.            0.1496    ]]

iter 41 cost=2395.391662 -> 2398.895070 |dtheta|=1.421718e-03  lambda=1.000e+06

============================================================
Iteration 42
============================================================
Theta offsets (Unity frame):
  Source   : dSx=   0.000, dSy=   0.000, dSz=   0.000  (mm)
  Object   : dOx=  -0.413, dOy=   4.294, dOz=  15.979  (mm)
  Object offset: offset_x=  -0.011, offset_z=   3.670  (mm)
  Detector : dDx=   0.000, dDy=   0.000, dDz=   0.000  (mm)
  Obj Stage rotY :    4.709 deg
============================================================

Unity geometry (world coordinates):
  Source   : x= -10.000, y=  29.997, z=   0.000
  Object   : x=   0.128, y=  24.294, z= 815.979
  Detector : x= -20.002, y=  33.656, z=1059.000
  Obj rotY :  -4.5698 deg

Initial calibration:
  Source   : x=   0.000, y=   0.000, z=   0.000
  Object   : x=   0.000, y=   0.000, z=   0.000
  Detector : x=  25.318, y=   6.310, z=  40.001

After Calibration: 

Unity geometry (world coordinates):
  Source   : x= -10.000, y=  29.997, z=   0.000
  Object   : x=   0.128, y=  24.294, z= 815.979
  Detector : x=   5.316, y=  39.966, z=1099.001
  Obj rotY :  -4.5698 deg
view   0 | SOD= 819.724 mm | SDD=1099.153 mm | M= 1.341 | incident=0.9526°
[[  -8.414843   -819.6609       -5.7030888 ]
 [   4.2273064   279.37396     -15.671423  ]
 [   0.14959955    0.00036402    0.        ]
 [   0.            0.            0.1496    ]]
Residual vector length: 1800, Jacobian shape: (1800, 6)
view   0 | SOD= 819.724 mm | SDD=1099.153 mm | M= 1.341 | incident=0.9526°
[[  -8.412776   -819.66077      -5.7031326 ]
 [   4.228699    279.37408     -15.671467  ]
 [   0.14959955    0.00036412    0.        ]
 [   0.            0.            0.1496    ]]

iter 42 cost=2395.391662 -> 2398.895070 |dtheta|=1.421718e-03  lambda=1.000e+06

============================================================
Iteration 43
============================================================
Theta offsets (Unity frame):
  Source   : dSx=   0.000, dSy=   0.000, dSz=   0.000  (mm)
  Object   : dOx=  -0.413, dOy=   4.294, dOz=  15.979  (mm)
  Object offset: offset_x=  -0.011, offset_z=   3.670  (mm)
  Detector : dDx=   0.000, dDy=   0.000, dDz=   0.000  (mm)
  Obj Stage rotY :    4.709 deg
============================================================

Unity geometry (world coordinates):
  Source   : x= -10.000, y=  29.997, z=   0.000
  Object   : x=   0.128, y=  24.294, z= 815.979
  Detector : x= -20.002, y=  33.656, z=1059.000
  Obj rotY :  -4.5698 deg

Initial calibration:
  Source   : x=   0.000, y=   0.000, z=   0.000
  Object   : x=   0.000, y=   0.000, z=   0.000
  Detector : x=  25.318, y=   6.310, z=  40.001

After Calibration: 

Unity geometry (world coordinates):
  Source   : x= -10.000, y=  29.997, z=   0.000
  Object   : x=   0.128, y=  24.294, z= 815.979
  Detector : x=   5.316, y=  39.966, z=1099.001
  Obj rotY :  -4.5698 deg
view   0 | SOD= 819.724 mm | SDD=1099.153 mm | M= 1.341 | incident=0.9526°
[[  -8.414843   -819.6609       -5.7030888 ]
 [   4.2273064   279.37396     -15.671423  ]
 [   0.14959955    0.00036402    0.        ]
 [   0.            0.            0.1496    ]]
Residual vector length: 1800, Jacobian shape: (1800, 6)
view   0 | SOD= 819.724 mm | SDD=1099.153 mm | M= 1.341 | incident=0.9526°
[[  -8.412776   -819.66077      -5.7031326 ]
 [   4.228699    279.37408     -15.671467  ]
 [   0.14959955    0.00036412    0.        ]
 [   0.            0.            0.1496    ]]

iter 43 cost=2395.391662 -> 2398.895070 |dtheta|=1.421718e-03  lambda=1.000e+06
Stalled.

Estimated theta:
  dSx: +0.000000
  dSy: +0.000000
  dOx: -0.412762
  dOy: +4.294279
  dOz: +15.979382
  dDx: +0.000000
  dDy: +0.000000
  dDz: +0.000000
alpha: +4.709242e+00 deg)
offset_x: -0.011376
offset_z: +3.669890

Final cost table:
Final estimated theta: [ 0.          0.         -0.41276185  4.29427901 15.97938165  0.
  0.          0.          4.70924163 -0.01137579  3.66989003]
################################################################################

