
################################################################################
Running scenario=Scan7 Projections=360 Used=90, K=5

============================================================
Iteration 0
============================================================
Theta offsets (Unity frame):
  Source   : dSx=   0.000, dSy=   0.000, dSz=   0.000  (mm)
  Object   : dOx=   0.000, dOy=   0.000, dOz=   0.000  (mm)
  Object offset: offset_x=   0.000, offset_z=   0.000  (mm)
  Detector : dDx=   0.000, dDy=   0.000, dDz=   0.000  (mm)
  Obj Stage rotY :    0.000 deg
============================================================

Unity geometry (world coordinates):
  Source   : x=   5.000, y=  29.995, z=   0.000
  Object   : x=   0.541, y=  20.000, z= 600.000
  Detector : x= -25.318, y=  18.677, z=1059.000
  Obj rotY :  -4.5698 deg

Initial calibration:
  Source   : x=   0.000, y=   0.000, z=   0.000
  Object   : x=   0.000, y=   0.000, z=   0.000
  Detector : x=  25.318, y=   6.310, z=  40.001

After Calibration: 

Unity geometry (world coordinates):
  Source   : x=   5.000, y=  29.995, z=   0.000
  Object   : x=   0.541, y=  20.000, z= 600.000
  Detector : x=   0.000, y=  24.987, z=1099.001
  Obj rotY :  -4.5698 deg
view   0 | SOD= 600.100 mm | SDD=1099.024 mm | M= 1.831 | incident=0.3689°
[[ -43.359543   -598.4479       -9.994888  ]
 [  39.218548    497.45758      -4.986948  ]
 [   0.14912441   -0.01191922    0.        ]
 [   0.            0.            0.1496    ]]
Residual vector length: 1800, Jacobian shape: (1800, 6)
view   0 | SOD= 617.509 mm | SDD=1099.024 mm | M= 1.780 | incident=0.3689°
[[ -43.048412   -615.9788       -5.8410873 ]
 [  16.49505     481.41925      -0.83314705]
 [   0.14934185   -0.00878465    0.        ]
 [   0.            0.            0.1496    ]]
/vol/home/s3777103/Documents/workspace/Thesis/AutoCalibration/gauss_newton_real.py:300: FutureWarning: The behavior of DataFrame concatenation with empty or all-NA entries is deprecated. In a future version, this will no longer exclude empty or all-NA columns when determining the result dtypes. To retain the old behavior, exclude the relevant entries before the concat operation.
  df_r0 = pd.concat([df_r0, df_iter], ignore_index=True)

iter 00 cost=6942554.747647 -> 420943.459027 |dtheta|=1.749612e+01  lambda=1.000e-02

============================================================
Iteration 1
============================================================
Theta offsets (Unity frame):
  Source   : dSx=   0.000, dSy=   0.000, dSz=   0.000  (mm)
  Object   : dOx=  -0.292, dOy=   4.154, dOz=   7.806  (mm)
  Object offset: offset_x=  10.750, offset_z=  10.528  (mm)
  Detector : dDx=   0.000, dDy=   0.000, dDz=   0.000  (mm)
  Obj Stage rotY :    1.203 deg
============================================================

Unity geometry (world coordinates):
  Source   : x=   5.000, y=  29.995, z=   0.000
  Object   : x=   0.248, y=  24.154, z= 607.806
  Detector : x= -25.318, y=  18.677, z=1059.000
  Obj rotY :  -4.5698 deg

Initial calibration:
  Source   : x=   0.000, y=   0.000, z=   0.000
  Object   : x=   0.000, y=   0.000, z=   0.000
  Detector : x=  25.318, y=   6.310, z=  40.001

After Calibration: 

Unity geometry (world coordinates):
  Source   : x=   5.000, y=  29.995, z=   0.000
  Object   : x=   0.248, y=  24.154, z= 607.806
  Detector : x=   0.000, y=  24.987, z=1099.001
  Obj rotY :  -4.5698 deg
view   0 | SOD= 617.509 mm | SDD=1099.024 mm | M= 1.780 | incident=0.3689°
[[ -43.048412   -615.9788       -5.8410873 ]
 [  16.49505     481.41925      -0.83314705]
 [   0.14934185   -0.00878465    0.        ]
 [   0.            0.            0.1496    ]]
Residual vector length: 1800, Jacobian shape: (1800, 6)
view   0 | SOD= 624.532 mm | SDD=1099.024 mm | M= 1.760 | incident=0.3689°
[[ -31.32416    -623.71936      -5.7541447 ]
 [   2.5213852   474.77158      -0.7462044 ]
 [   0.14950654   -0.00528731    0.        ]
 [   0.            0.            0.1496    ]]

iter 01 cost=420943.459027 -> 125034.443596 |dtheta|=5.955013e+00  lambda=3.333e-03

============================================================
Iteration 2
============================================================
Theta offsets (Unity frame):
  Source   : dSx=   0.000, dSy=   0.000, dSz=   0.000  (mm)
  Object   : dOx=  -0.271, dOy=   4.241, dOz=  12.582  (mm)
  Object offset: offset_x=  13.001, offset_z=  12.932  (mm)
  Detector : dDx=   0.000, dDy=   0.000, dDz=   0.000  (mm)
  Obj Stage rotY :    2.544 deg
============================================================

Unity geometry (world coordinates):
  Source   : x=   5.000, y=  29.995, z=   0.000
  Object   : x=   0.270, y=  24.241, z= 612.582
  Detector : x= -25.318, y=  18.677, z=1059.000
  Obj rotY :  -4.5698 deg

Initial calibration:
  Source   : x=   0.000, y=   0.000, z=   0.000
  Object   : x=   0.000, y=   0.000, z=   0.000
  Detector : x=  25.318, y=   6.310, z=  40.001

After Calibration: 

Unity geometry (world coordinates):
  Source   : x=   5.000, y=  29.995, z=   0.000
  Object   : x=   0.270, y=  24.241, z= 612.582
  Detector : x=   0.000, y=  24.987, z=1099.001
  Obj rotY :  -4.5698 deg
view   0 | SOD= 624.532 mm | SDD=1099.024 mm | M= 1.760 | incident=0.3689°
[[ -31.32416    -623.71936      -5.7541447 ]
 [   2.5213852   474.77158      -0.7462044 ]
 [   0.14950654   -0.00528731    0.        ]
 [   0.            0.            0.1496    ]]
Residual vector length: 1800, Jacobian shape: (1800, 6)
view   0 | SOD= 627.872 mm | SDD=1099.024 mm | M= 1.750 | incident=0.3689°
[[  -8.406311   -627.78937      -5.784237  ]
 [ -16.265371    471.19473      -0.7762966 ]
 [   0.1495995     0.00038925    0.        ]
 [   0.            0.            0.1496    ]]

iter 02 cost=125034.443596 -> 95761.682109 |dtheta|=3.578094e+00  lambda=1.111e-03

============================================================
Iteration 3
============================================================
Theta offsets (Unity frame):
  Source   : dSx=   0.000, dSy=   0.000, dSz=   0.000  (mm)
  Object   : dOx=  -0.289, dOy=   4.211, dOz=  15.220  (mm)
  Object offset: offset_x=  13.741, offset_z=  13.684  (mm)
  Detector : dDx=   0.000, dDy=   0.000, dDz=   0.000  (mm)
  Obj Stage rotY :    4.719 deg
============================================================

Unity geometry (world coordinates):
  Source   : x=   5.000, y=  29.995, z=   0.000
  Object   : x=   0.251, y=  24.211, z= 615.220
  Detector : x= -25.318, y=  18.677, z=1059.000
  Obj rotY :  -4.5698 deg

Initial calibration:
  Source   : x=   0.000, y=   0.000, z=   0.000
  Object   : x=   0.000, y=   0.000, z=   0.000
  Detector : x=  25.318, y=   6.310, z=  40.001

After Calibration: 

Unity geometry (world coordinates):
  Source   : x=   5.000, y=  29.995, z=   0.000
  Object   : x=   0.251, y=  24.211, z= 615.220
  Detector : x=   0.000, y=  24.987, z=1099.001
  Obj rotY :  -4.5698 deg
view   0 | SOD= 627.872 mm | SDD=1099.024 mm | M= 1.750 | incident=0.3689°
[[  -8.406311   -627.78937      -5.784237  ]
 [ -16.265371    471.19473      -0.7762966 ]
 [   0.1495995     0.00038925    0.        ]
 [   0.            0.            0.1496    ]]
Residual vector length: 1800, Jacobian shape: (1800, 6)
view   0 | SOD= 628.010 mm | SDD=1099.024 mm | M= 1.750 | incident=0.3689°
[[   0.68251383 -627.9836       -5.752224  ]
 [ -23.435144    470.764        -0.7442837 ]
 [   0.14957736    0.00260253    0.        ]
 [   0.            0.            0.1496    ]]

iter 03 cost=95761.682109 -> 93090.653665 |dtheta|=8.824132e-01  lambda=3.704e-04

============================================================
Iteration 4
============================================================
Theta offsets (Unity frame):
  Source   : dSx=   0.000, dSy=   0.000, dSz=   0.000  (mm)
  Object   : dOx=  -0.301, dOy=   4.243, dOz=  15.329  (mm)
  Object offset: offset_x=  13.954, offset_z=  13.727  (mm)
  Detector : dDx=   0.000, dDy=   0.000, dDz=   0.000  (mm)
  Obj Stage rotY :    5.567 deg
============================================================

Unity geometry (world coordinates):
  Source   : x=   5.000, y=  29.995, z=   0.000
  Object   : x=   0.239, y=  24.243, z= 615.329
  Detector : x= -25.318, y=  18.677, z=1059.000
  Obj rotY :  -4.5698 deg

Initial calibration:
  Source   : x=   0.000, y=   0.000, z=   0.000
  Object   : x=   0.000, y=   0.000, z=   0.000
  Detector : x=  25.318, y=   6.310, z=  40.001

After Calibration: 

Unity geometry (world coordinates):
  Source   : x=   5.000, y=  29.995, z=   0.000
  Object   : x=   0.239, y=  24.243, z= 615.329
  Detector : x=   0.000, y=  24.987, z=1099.001
  Obj rotY :  -4.5698 deg
view   0 | SOD= 628.010 mm | SDD=1099.024 mm | M= 1.750 | incident=0.3689°
[[   0.68251383 -627.9836       -5.752224  ]
 [ -23.435144    470.764        -0.7442837 ]
 [   0.14957736    0.00260253    0.        ]
 [   0.            0.            0.1496    ]]
Residual vector length: 1800, Jacobian shape: (1800, 6)
view   0 | SOD= 627.885 mm | SDD=1099.024 mm | M= 1.750 | incident=0.3689°
[[   3.7412634  -627.8478       -5.761692  ]
 [ -25.761402    470.7684       -0.75375175]
 [   0.1495628     0.00333563    0.        ]
 [   0.            0.            0.1496    ]]

iter 04 cost=93090.653665 -> 92630.173023 |dtheta|=3.175142e-01  lambda=1.235e-04

============================================================
Iteration 5
============================================================
Theta offsets (Unity frame):
  Source   : dSx=   0.000, dSy=   0.000, dSz=   0.000  (mm)
  Object   : dOx=  -0.295, dOy=   4.233, dOz=  15.183  (mm)
  Object offset: offset_x=  13.961, offset_z=  13.748  (mm)
  Detector : dDx=   0.000, dDy=   0.000, dDz=   0.000  (mm)
  Obj Stage rotY :    5.847 deg
============================================================

Unity geometry (world coordinates):
  Source   : x=   5.000, y=  29.995, z=   0.000
  Object   : x=   0.246, y=  24.233, z= 615.183
  Detector : x= -25.318, y=  18.677, z=1059.000
  Obj rotY :  -4.5698 deg

Initial calibration:
  Source   : x=   0.000, y=   0.000, z=   0.000
  Object   : x=   0.000, y=   0.000, z=   0.000
  Detector : x=  25.318, y=   6.310, z=  40.001

After Calibration: 

Unity geometry (world coordinates):
  Source   : x=   5.000, y=  29.995, z=   0.000
  Object   : x=   0.246, y=  24.233, z= 615.183
  Detector : x=   0.000, y=  24.987, z=1099.001
  Obj rotY :  -4.5698 deg
view   0 | SOD= 627.885 mm | SDD=1099.024 mm | M= 1.750 | incident=0.3689°
[[   3.7412634  -627.8478       -5.761692  ]
 [ -25.761402    470.7684       -0.75375175]
 [   0.1495628     0.00333563    0.        ]
 [   0.            0.            0.1496    ]]
Residual vector length: 1800, Jacobian shape: (1800, 6)
view   0 | SOD= 627.680 mm | SDD=1099.024 mm | M= 1.751 | incident=0.3689°
[[   4.792668   -627.63513      -5.746277  ]
 [ -26.764744    470.92395      -0.73833656]
 [   0.14955631    0.00361536    0.        ]
 [   0.            0.            0.1496    ]]

iter 05 cost=92630.173023 -> 92492.027496 |dtheta|=3.026065e-01  lambda=4.115e-05

============================================================
Iteration 6
============================================================
Theta offsets (Unity frame):
  Source   : dSx=   0.000, dSy=   0.000, dSz=   0.000  (mm)
  Object   : dOx=  -0.282, dOy=   4.249, dOz=  14.926  (mm)
  Object offset: offset_x=  14.063, offset_z=  13.806  (mm)
  Detector : dDx=   0.000, dDy=   0.000, dDz=   0.000  (mm)
  Obj Stage rotY :    5.955 deg
============================================================

Unity geometry (world coordinates):
  Source   : x=   5.000, y=  29.995, z=   0.000
  Object   : x=   0.258, y=  24.249, z= 614.926
  Detector : x= -25.318, y=  18.677, z=1059.000
  Obj rotY :  -4.5698 deg

Initial calibration:
  Source   : x=   0.000, y=   0.000, z=   0.000
  Object   : x=   0.000, y=   0.000, z=   0.000
  Detector : x=  25.318, y=   6.310, z=  40.001

After Calibration: 

Unity geometry (world coordinates):
  Source   : x=   5.000, y=  29.995, z=   0.000
  Object   : x=   0.258, y=  24.249, z= 614.926
  Detector : x=   0.000, y=  24.987, z=1099.001
  Obj rotY :  -4.5698 deg
view   0 | SOD= 627.680 mm | SDD=1099.024 mm | M= 1.751 | incident=0.3689°
[[   4.792668   -627.63513      -5.746277  ]
 [ -26.764744    470.92395      -0.73833656]
 [   0.14955631    0.00361536    0.        ]
 [   0.            0.            0.1496    ]]
Residual vector length: 1800, Jacobian shape: (1800, 6)
view   0 | SOD= 627.662 mm | SDD=1099.024 mm | M= 1.751 | incident=0.3689°
[[   6.0257316  -627.60645      -5.7659264 ]
 [ -27.68537     470.88864      -0.75798607]
 [   0.14954893    0.00390856    0.        ]
 [   0.            0.            0.1496    ]]

iter 06 cost=92492.027496 -> 92295.812471 |dtheta|=1.158750e-01  lambda=1.372e-05

============================================================
Iteration 7
============================================================
Theta offsets (Unity frame):
  Source   : dSx=   0.000, dSy=   0.000, dSz=   0.000  (mm)
  Object   : dOx=  -0.292, dOy=   4.229, dOz=  14.909  (mm)
  Object offset: offset_x=  14.069, offset_z=  13.805  (mm)
  Detector : dDx=   0.000, dDy=   0.000, dDz=   0.000  (mm)
  Obj Stage rotY :    6.067 deg
============================================================

Unity geometry (world coordinates):
  Source   : x=   5.000, y=  29.995, z=   0.000
  Object   : x=   0.249, y=  24.229, z= 614.909
  Detector : x= -25.318, y=  18.677, z=1059.000
  Obj rotY :  -4.5698 deg

Initial calibration:
  Source   : x=   0.000, y=   0.000, z=   0.000
  Object   : x=   0.000, y=   0.000, z=   0.000
  Detector : x=  25.318, y=   6.310, z=  40.001

After Calibration: 

Unity geometry (world coordinates):
  Source   : x=   5.000, y=  29.995, z=   0.000
  Object   : x=   0.249, y=  24.229, z= 614.909
  Detector : x=   0.000, y=  24.987, z=1099.001
  Obj rotY :  -4.5698 deg
view   0 | SOD= 627.662 mm | SDD=1099.024 mm | M= 1.751 | incident=0.3689°
[[   6.0257316  -627.60645      -5.7659264 ]
 [ -27.68537     470.88864      -0.75798607]
 [   0.14954893    0.00390856    0.        ]
 [   0.            0.            0.1496    ]]
Residual vector length: 1800, Jacobian shape: (1800, 6)
view   0 | SOD= 628.160 mm | SDD=1099.024 mm | M= 1.750 | incident=0.3689°
[[  13.567243   -627.98694      -5.754139  ]
 [ -33.34933     470.0234       -0.74619865]
 [   0.14949113    0.0057064     0.        ]
 [   0.            0.            0.1496    ]]

iter 07 cost=92295.812471 -> 92016.047811 |dtheta|=8.586233e-01  lambda=4.572e-06

============================================================
Iteration 8
============================================================
Theta offsets (Unity frame):
  Source   : dSx=   0.000, dSy=   0.000, dSz=   0.000  (mm)
  Object   : dOx=  -0.299, dOy=   4.241, dOz=  15.420  (mm)
  Object offset: offset_x=  14.100, offset_z=  13.794  (mm)
  Detector : dDx=   0.000, dDy=   0.000, dDz=   0.000  (mm)
  Obj Stage rotY :    6.756 deg
============================================================

Unity geometry (world coordinates):
  Source   : x=   5.000, y=  29.995, z=   0.000
  Object   : x=   0.242, y=  24.241, z= 615.420
  Detector : x= -25.318, y=  18.677, z=1059.000
  Obj rotY :  -4.5698 deg

Initial calibration:
  Source   : x=   0.000, y=   0.000, z=   0.000
  Object   : x=   0.000, y=   0.000, z=   0.000
  Detector : x=  25.318, y=   6.310, z=  40.001

After Calibration: 

Unity geometry (world coordinates):
  Source   : x=   5.000, y=  29.995, z=   0.000
  Object   : x=   0.242, y=  24.241, z= 615.420
  Detector : x=   0.000, y=  24.987, z=1099.001
  Obj rotY :  -4.5698 deg
view   0 | SOD= 628.160 mm | SDD=1099.024 mm | M= 1.750 | incident=0.3689°
[[  13.567243   -627.98694      -5.754139  ]
 [ -33.34933     470.0234       -0.74619865]
 [   0.14949113    0.0057064     0.        ]
 [   0.            0.            0.1496    ]]
Residual vector length: 1800, Jacobian shape: (1800, 6)
view   0 | SOD= 627.269 mm | SDD=1099.024 mm | M= 1.752 | incident=0.3689°
[[  15.772432   -627.0439       -5.7499523 ]
 [ -34.988754    470.79547      -0.742012  ]
 [   0.14947022    0.00622984    0.        ]
 [   0.            0.            0.1496    ]]

iter 08 cost=92016.047811 -> 92033.548618 |dtheta|=9.868852e-01  lambda=1.524e-06

============================================================
Iteration 9
============================================================
Theta offsets (Unity frame):
  Source   : dSx=   0.000, dSy=   0.000, dSz=   0.000  (mm)
  Object   : dOx=  -0.299, dOy=   4.241, dOz=  15.420  (mm)
  Object offset: offset_x=  14.100, offset_z=  13.794  (mm)
  Detector : dDx=   0.000, dDy=   0.000, dDz=   0.000  (mm)
  Obj Stage rotY :    6.756 deg
============================================================

Unity geometry (world coordinates):
  Source   : x=   5.000, y=  29.995, z=   0.000
  Object   : x=   0.242, y=  24.241, z= 615.420
  Detector : x= -25.318, y=  18.677, z=1059.000
  Obj rotY :  -4.5698 deg

Initial calibration:
  Source   : x=   0.000, y=   0.000, z=   0.000
  Object   : x=   0.000, y=   0.000, z=   0.000
  Detector : x=  25.318, y=   6.310, z=  40.001

After Calibration: 

Unity geometry (world coordinates):
  Source   : x=   5.000, y=  29.995, z=   0.000
  Object   : x=   0.242, y=  24.241, z= 615.420
  Detector : x=   0.000, y=  24.987, z=1099.001
  Obj rotY :  -4.5698 deg
view   0 | SOD= 628.160 mm | SDD=1099.024 mm | M= 1.750 | incident=0.3689°
[[  13.567243   -627.98694      -5.754139  ]
 [ -33.34933     470.0234       -0.74619865]
 [   0.14949113    0.0057064     0.        ]
 [   0.            0.            0.1496    ]]
Residual vector length: 1800, Jacobian shape: (1800, 6)
view   0 | SOD= 627.269 mm | SDD=1099.024 mm | M= 1.752 | incident=0.3689°
[[  15.772432   -627.0439       -5.7499523 ]
 [ -34.988754    470.79547      -0.742012  ]
 [   0.14947022    0.00622984    0.        ]
 [   0.            0.            0.1496    ]]

iter 09 cost=92016.047811 -> 92033.548618 |dtheta|=9.868851e-01  lambda=7.621e-06

============================================================
Iteration 10
============================================================
Theta offsets (Unity frame):
  Source   : dSx=   0.000, dSy=   0.000, dSz=   0.000  (mm)
  Object   : dOx=  -0.299, dOy=   4.241, dOz=  15.420  (mm)
  Object offset: offset_x=  14.100, offset_z=  13.794  (mm)
  Detector : dDx=   0.000, dDy=   0.000, dDz=   0.000  (mm)
  Obj Stage rotY :    6.756 deg
============================================================

Unity geometry (world coordinates):
  Source   : x=   5.000, y=  29.995, z=   0.000
  Object   : x=   0.242, y=  24.241, z= 615.420
  Detector : x= -25.318, y=  18.677, z=1059.000
  Obj rotY :  -4.5698 deg

Initial calibration:
  Source   : x=   0.000, y=   0.000, z=   0.000
  Object   : x=   0.000, y=   0.000, z=   0.000
  Detector : x=  25.318, y=   6.310, z=  40.001

After Calibration: 

Unity geometry (world coordinates):
  Source   : x=   5.000, y=  29.995, z=   0.000
  Object   : x=   0.242, y=  24.241, z= 615.420
  Detector : x=   0.000, y=  24.987, z=1099.001
  Obj rotY :  -4.5698 deg
view   0 | SOD= 628.160 mm | SDD=1099.024 mm | M= 1.750 | incident=0.3689°
[[  13.567243   -627.98694      -5.754139  ]
 [ -33.34933     470.0234       -0.74619865]
 [   0.14949113    0.0057064     0.        ]
 [   0.            0.            0.1496    ]]
Residual vector length: 1800, Jacobian shape: (1800, 6)
view   0 | SOD= 627.269 mm | SDD=1099.024 mm | M= 1.752 | incident=0.3689°
[[  15.772432   -627.0439       -5.7499523 ]
 [ -34.988754    470.79547      -0.742012  ]
 [   0.14947022    0.00622984    0.        ]
 [   0.            0.            0.1496    ]]

iter 10 cost=92016.047811 -> 92033.548618 |dtheta|=9.868850e-01  lambda=3.810e-05

============================================================
Iteration 11
============================================================
Theta offsets (Unity frame):
  Source   : dSx=   0.000, dSy=   0.000, dSz=   0.000  (mm)
  Object   : dOx=  -0.299, dOy=   4.241, dOz=  15.420  (mm)
  Object offset: offset_x=  14.100, offset_z=  13.794  (mm)
  Detector : dDx=   0.000, dDy=   0.000, dDz=   0.000  (mm)
  Obj Stage rotY :    6.756 deg
============================================================

Unity geometry (world coordinates):
  Source   : x=   5.000, y=  29.995, z=   0.000
  Object   : x=   0.242, y=  24.241, z= 615.420
  Detector : x= -25.318, y=  18.677, z=1059.000
  Obj rotY :  -4.5698 deg

Initial calibration:
  Source   : x=   0.000, y=   0.000, z=   0.000
  Object   : x=   0.000, y=   0.000, z=   0.000
  Detector : x=  25.318, y=   6.310, z=  40.001

After Calibration: 

Unity geometry (world coordinates):
  Source   : x=   5.000, y=  29.995, z=   0.000
  Object   : x=   0.242, y=  24.241, z= 615.420
  Detector : x=   0.000, y=  24.987, z=1099.001
  Obj rotY :  -4.5698 deg
view   0 | SOD= 628.160 mm | SDD=1099.024 mm | M= 1.750 | incident=0.3689°
[[  13.567243   -627.98694      -5.754139  ]
 [ -33.34933     470.0234       -0.74619865]
 [   0.14949113    0.0057064     0.        ]
 [   0.            0.            0.1496    ]]
Residual vector length: 1800, Jacobian shape: (1800, 6)
view   0 | SOD= 627.269 mm | SDD=1099.024 mm | M= 1.752 | incident=0.3689°
[[  15.772432   -627.0439       -5.7499523 ]
 [ -34.988754    470.79547      -0.742012  ]
 [   0.14947022    0.00622984    0.        ]
 [   0.            0.            0.1496    ]]

iter 11 cost=92016.047811 -> 92033.548618 |dtheta|=9.868845e-01  lambda=1.905e-04

============================================================
Iteration 12
============================================================
Theta offsets (Unity frame):
  Source   : dSx=   0.000, dSy=   0.000, dSz=   0.000  (mm)
  Object   : dOx=  -0.299, dOy=   4.241, dOz=  15.420  (mm)
  Object offset: offset_x=  14.100, offset_z=  13.794  (mm)
  Detector : dDx=   0.000, dDy=   0.000, dDz=   0.000  (mm)
  Obj Stage rotY :    6.756 deg
============================================================

Unity geometry (world coordinates):
  Source   : x=   5.000, y=  29.995, z=   0.000
  Object   : x=   0.242, y=  24.241, z= 615.420
  Detector : x= -25.318, y=  18.677, z=1059.000
  Obj rotY :  -4.5698 deg

Initial calibration:
  Source   : x=   0.000, y=   0.000, z=   0.000
  Object   : x=   0.000, y=   0.000, z=   0.000
  Detector : x=  25.318, y=   6.310, z=  40.001

After Calibration: 

Unity geometry (world coordinates):
  Source   : x=   5.000, y=  29.995, z=   0.000
  Object   : x=   0.242, y=  24.241, z= 615.420
  Detector : x=   0.000, y=  24.987, z=1099.001
  Obj rotY :  -4.5698 deg
view   0 | SOD= 628.160 mm | SDD=1099.024 mm | M= 1.750 | incident=0.3689°
[[  13.567243   -627.98694      -5.754139  ]
 [ -33.34933     470.0234       -0.74619865]
 [   0.14949113    0.0057064     0.        ]
 [   0.            0.            0.1496    ]]
Residual vector length: 1800, Jacobian shape: (1800, 6)
view   0 | SOD= 627.269 mm | SDD=1099.024 mm | M= 1.752 | incident=0.3689°
[[  15.772431   -627.0439       -5.7499523 ]
 [ -34.988754    470.79547      -0.742012  ]
 [   0.14947022    0.00622984    0.        ]
 [   0.            0.            0.1496    ]]

iter 12 cost=92016.047811 -> 92033.548618 |dtheta|=9.868818e-01  lambda=9.526e-04

============================================================
Iteration 13
============================================================
Theta offsets (Unity frame):
  Source   : dSx=   0.000, dSy=   0.000, dSz=   0.000  (mm)
  Object   : dOx=  -0.299, dOy=   4.241, dOz=  15.420  (mm)
  Object offset: offset_x=  14.100, offset_z=  13.794  (mm)
  Detector : dDx=   0.000, dDy=   0.000, dDz=   0.000  (mm)
  Obj Stage rotY :    6.756 deg
============================================================

Unity geometry (world coordinates):
  Source   : x=   5.000, y=  29.995, z=   0.000
  Object   : x=   0.242, y=  24.241, z= 615.420
  Detector : x= -25.318, y=  18.677, z=1059.000
  Obj rotY :  -4.5698 deg

Initial calibration:
  Source   : x=   0.000, y=   0.000, z=   0.000
  Object   : x=   0.000, y=   0.000, z=   0.000
  Detector : x=  25.318, y=   6.310, z=  40.001

After Calibration: 

Unity geometry (world coordinates):
  Source   : x=   5.000, y=  29.995, z=   0.000
  Object   : x=   0.242, y=  24.241, z= 615.420
  Detector : x=   0.000, y=  24.987, z=1099.001
  Obj rotY :  -4.5698 deg
view   0 | SOD= 628.160 mm | SDD=1099.024 mm | M= 1.750 | incident=0.3689°
[[  13.567243   -627.98694      -5.754139  ]
 [ -33.34933     470.0234       -0.74619865]
 [   0.14949113    0.0057064     0.        ]
 [   0.            0.            0.1496    ]]
Residual vector length: 1800, Jacobian shape: (1800, 6)
view   0 | SOD= 627.269 mm | SDD=1099.024 mm | M= 1.752 | incident=0.3689°
[[  15.772435   -627.04395      -5.7499523 ]
 [ -34.98875     470.7954       -0.742012  ]
 [   0.14947022    0.00622984    0.        ]
 [   0.            0.            0.1496    ]]

iter 13 cost=92016.047811 -> 92032.188194 |dtheta|=9.868683e-01  lambda=4.763e-03

============================================================
Iteration 14
============================================================
Theta offsets (Unity frame):
  Source   : dSx=   0.000, dSy=   0.000, dSz=   0.000  (mm)
  Object   : dOx=  -0.299, dOy=   4.241, dOz=  15.420  (mm)
  Object offset: offset_x=  14.100, offset_z=  13.794  (mm)
  Detector : dDx=   0.000, dDy=   0.000, dDz=   0.000  (mm)
  Obj Stage rotY :    6.756 deg
============================================================

Unity geometry (world coordinates):
  Source   : x=   5.000, y=  29.995, z=   0.000
  Object   : x=   0.242, y=  24.241, z= 615.420
  Detector : x= -25.318, y=  18.677, z=1059.000
  Obj rotY :  -4.5698 deg

Initial calibration:
  Source   : x=   0.000, y=   0.000, z=   0.000
  Object   : x=   0.000, y=   0.000, z=   0.000
  Detector : x=  25.318, y=   6.310, z=  40.001

After Calibration: 

Unity geometry (world coordinates):
  Source   : x=   5.000, y=  29.995, z=   0.000
  Object   : x=   0.242, y=  24.241, z= 615.420
  Detector : x=   0.000, y=  24.987, z=1099.001
  Obj rotY :  -4.5698 deg
view   0 | SOD= 628.160 mm | SDD=1099.024 mm | M= 1.750 | incident=0.3689°
[[  13.567243   -627.98694      -5.754139  ]
 [ -33.34933     470.0234       -0.74619865]
 [   0.14949113    0.0057064     0.        ]
 [   0.            0.            0.1496    ]]
Residual vector length: 1800, Jacobian shape: (1800, 6)
view   0 | SOD= 627.269 mm | SDD=1099.024 mm | M= 1.752 | incident=0.3689°
[[  15.7724285  -627.044        -5.749954  ]
 [ -34.988747    470.79535      -0.74201393]
 [   0.14947022    0.00622983    0.        ]
 [   0.            0.            0.1496    ]]

iter 14 cost=92016.047811 -> 92034.199345 |dtheta|=9.868011e-01  lambda=2.381e-02

============================================================
Iteration 15
============================================================
Theta offsets (Unity frame):
  Source   : dSx=   0.000, dSy=   0.000, dSz=   0.000  (mm)
  Object   : dOx=  -0.299, dOy=   4.241, dOz=  15.420  (mm)
  Object offset: offset_x=  14.100, offset_z=  13.794  (mm)
  Detector : dDx=   0.000, dDy=   0.000, dDz=   0.000  (mm)
  Obj Stage rotY :    6.756 deg
============================================================

Unity geometry (world coordinates):
  Source   : x=   5.000, y=  29.995, z=   0.000
  Object   : x=   0.242, y=  24.241, z= 615.420
  Detector : x= -25.318, y=  18.677, z=1059.000
  Obj rotY :  -4.5698 deg

Initial calibration:
  Source   : x=   0.000, y=   0.000, z=   0.000
  Object   : x=   0.000, y=   0.000, z=   0.000
  Detector : x=  25.318, y=   6.310, z=  40.001

After Calibration: 

Unity geometry (world coordinates):
  Source   : x=   5.000, y=  29.995, z=   0.000
  Object   : x=   0.242, y=  24.241, z= 615.420
  Detector : x=   0.000, y=  24.987, z=1099.001
  Obj rotY :  -4.5698 deg
view   0 | SOD= 628.160 mm | SDD=1099.024 mm | M= 1.750 | incident=0.3689°
[[  13.567243   -627.98694      -5.754139  ]
 [ -33.34933     470.0234       -0.74619865]
 [   0.14949113    0.0057064     0.        ]
 [   0.            0.            0.1496    ]]
Residual vector length: 1800, Jacobian shape: (1800, 6)
view   0 | SOD= 627.269 mm | SDD=1099.024 mm | M= 1.752 | incident=0.3689°
[[  15.772404   -627.0443       -5.749954  ]
 [ -34.988712    470.79504      -0.74201393]
 [   0.14947022    0.00622983    0.        ]
 [   0.            0.            0.1496    ]]

iter 15 cost=92016.047811 -> 92022.934612 |dtheta|=9.864651e-01  lambda=1.191e-01

============================================================
Iteration 16
============================================================
Theta offsets (Unity frame):
  Source   : dSx=   0.000, dSy=   0.000, dSz=   0.000  (mm)
  Object   : dOx=  -0.299, dOy=   4.241, dOz=  15.420  (mm)
  Object offset: offset_x=  14.100, offset_z=  13.794  (mm)
  Detector : dDx=   0.000, dDy=   0.000, dDz=   0.000  (mm)
  Obj Stage rotY :    6.756 deg
============================================================

Unity geometry (world coordinates):
  Source   : x=   5.000, y=  29.995, z=   0.000
  Object   : x=   0.242, y=  24.241, z= 615.420
  Detector : x= -25.318, y=  18.677, z=1059.000
  Obj rotY :  -4.5698 deg

Initial calibration:
  Source   : x=   0.000, y=   0.000, z=   0.000
  Object   : x=   0.000, y=   0.000, z=   0.000
  Detector : x=  25.318, y=   6.310, z=  40.001

After Calibration: 

Unity geometry (world coordinates):
  Source   : x=   5.000, y=  29.995, z=   0.000
  Object   : x=   0.242, y=  24.241, z= 615.420
  Detector : x=   0.000, y=  24.987, z=1099.001
  Obj rotY :  -4.5698 deg
view   0 | SOD= 628.160 mm | SDD=1099.024 mm | M= 1.750 | incident=0.3689°
[[  13.567243   -627.98694      -5.754139  ]
 [ -33.34933     470.0234       -0.74619865]
 [   0.14949113    0.0057064     0.        ]
 [   0.            0.            0.1496    ]]
Residual vector length: 1800, Jacobian shape: (1800, 6)
view   0 | SOD= 627.271 mm | SDD=1099.024 mm | M= 1.752 | incident=0.3689°
[[  15.772293   -627.04614      -5.7499657 ]
 [ -34.988537    470.7932       -0.7420254 ]
 [   0.14947022    0.00622979    0.        ]
 [   0.            0.            0.1496    ]]

iter 16 cost=92016.047811 -> 92009.799925 |dtheta|=9.847889e-01  lambda=5.954e-01

============================================================
Iteration 17
============================================================
Theta offsets (Unity frame):
  Source   : dSx=   0.000, dSy=   0.000, dSz=   0.000  (mm)
  Object   : dOx=  -0.286, dOy=   4.245, dOz=  14.461  (mm)
  Object offset: offset_x=  14.039, offset_z=  13.861  (mm)
  Detector : dDx=   0.000, dDy=   0.000, dDz=   0.000  (mm)
  Obj Stage rotY :    6.956 deg
============================================================

Unity geometry (world coordinates):
  Source   : x=   5.000, y=  29.995, z=   0.000
  Object   : x=   0.255, y=  24.245, z= 614.461
  Detector : x= -25.318, y=  18.677, z=1059.000
  Obj rotY :  -4.5698 deg

Initial calibration:
  Source   : x=   0.000, y=   0.000, z=   0.000
  Object   : x=   0.000, y=   0.000, z=   0.000
  Detector : x=  25.318, y=   6.310, z=  40.001

After Calibration: 

Unity geometry (world coordinates):
  Source   : x=   5.000, y=  29.995, z=   0.000
  Object   : x=   0.255, y=  24.245, z= 614.461
  Detector : x=   0.000, y=  24.987, z=1099.001
  Obj rotY :  -4.5698 deg
view   0 | SOD= 627.271 mm | SDD=1099.024 mm | M= 1.752 | incident=0.3689°
[[  15.772293   -627.04614      -5.7499657 ]
 [ -34.988537    470.7932       -0.7420254 ]
 [   0.14947022    0.00622979    0.        ]
 [   0.            0.            0.1496    ]]
Residual vector length: 1800, Jacobian shape: (1800, 6)
view   0 | SOD= 627.732 mm | SDD=1099.024 mm | M= 1.751 | incident=0.3689°
[[  18.688997   -627.4275       -5.7589645 ]
 [ -37.220383    470.16168      -0.75102425]
 [   0.14943936    0.00693077    0.        ]
 [   0.            0.            0.1496    ]]

iter 17 cost=92009.799925 -> 91919.940571 |dtheta|=6.004276e-01  lambda=1.985e-01

============================================================
Iteration 18
============================================================
Theta offsets (Unity frame):
  Source   : dSx=   0.000, dSy=   0.000, dSz=   0.000  (mm)
  Object   : dOx=  -0.291, dOy=   4.236, dOz=  14.991  (mm)
  Object offset: offset_x=  14.094, offset_z=  13.796  (mm)
  Detector : dDx=   0.000, dDy=   0.000, dDz=   0.000  (mm)
  Obj Stage rotY :    7.225 deg
============================================================

Unity geometry (world coordinates):
  Source   : x=   5.000, y=  29.995, z=   0.000
  Object   : x=   0.250, y=  24.236, z= 614.991
  Detector : x= -25.318, y=  18.677, z=1059.000
  Obj rotY :  -4.5698 deg

Initial calibration:
  Source   : x=   0.000, y=   0.000, z=   0.000
  Object   : x=   0.000, y=   0.000, z=   0.000
  Detector : x=  25.318, y=   6.310, z=  40.001

After Calibration: 

Unity geometry (world coordinates):
  Source   : x=   5.000, y=  29.995, z=   0.000
  Object   : x=   0.250, y=  24.236, z= 614.991
  Detector : x=   0.000, y=  24.987, z=1099.001
  Obj rotY :  -4.5698 deg
view   0 | SOD= 627.732 mm | SDD=1099.024 mm | M= 1.751 | incident=0.3689°
[[  18.688997   -627.4275       -5.7589645 ]
 [ -37.220383    470.16168      -0.75102425]
 [   0.14943936    0.00693077    0.        ]
 [   0.            0.            0.1496    ]]
Residual vector length: 1800, Jacobian shape: (1800, 6)
view   0 | SOD= 629.666 mm | SDD=1099.024 mm | M= 1.745 | incident=0.3689°
[[  21.872261   -629.2594       -5.7637196 ]
 [ -39.314117    468.04828      -0.75577927]
 [   0.14940432    0.00764925    0.        ]
 [   0.            0.            0.1496    ]]

iter 18 cost=91919.940571 -> 92522.348535 |dtheta|=1.878773e+00  lambda=6.615e-02

============================================================
Iteration 19
============================================================
Theta offsets (Unity frame):
  Source   : dSx=   0.000, dSy=   0.000, dSz=   0.000  (mm)
  Object   : dOx=  -0.291, dOy=   4.236, dOz=  14.991  (mm)
  Object offset: offset_x=  14.094, offset_z=  13.796  (mm)
  Detector : dDx=   0.000, dDy=   0.000, dDz=   0.000  (mm)
  Obj Stage rotY :    7.225 deg
============================================================

Unity geometry (world coordinates):
  Source   : x=   5.000, y=  29.995, z=   0.000
  Object   : x=   0.250, y=  24.236, z= 614.991
  Detector : x= -25.318, y=  18.677, z=1059.000
  Obj rotY :  -4.5698 deg

Initial calibration:
  Source   : x=   0.000, y=   0.000, z=   0.000
  Object   : x=   0.000, y=   0.000, z=   0.000
  Detector : x=  25.318, y=   6.310, z=  40.001

After Calibration: 

Unity geometry (world coordinates):
  Source   : x=   5.000, y=  29.995, z=   0.000
  Object   : x=   0.250, y=  24.236, z= 614.991
  Detector : x=   0.000, y=  24.987, z=1099.001
  Obj rotY :  -4.5698 deg
view   0 | SOD= 627.732 mm | SDD=1099.024 mm | M= 1.751 | incident=0.3689°
[[  18.688997   -627.4275       -5.7589645 ]
 [ -37.220383    470.16168      -0.75102425]
 [   0.14943936    0.00693077    0.        ]
 [   0.            0.            0.1496    ]]
Residual vector length: 1800, Jacobian shape: (1800, 6)
view   0 | SOD= 629.664 mm | SDD=1099.024 mm | M= 1.745 | incident=0.3689°
[[  21.871876   -629.2574       -5.763706  ]
 [ -39.313953    468.05032      -0.7557659 ]
 [   0.14940432    0.00764918    0.        ]
 [   0.            0.            0.1496    ]]

iter 19 cost=91919.940571 -> 92519.116751 |dtheta|=1.876782e+00  lambda=3.308e-01

============================================================
Iteration 20
============================================================
Theta offsets (Unity frame):
  Source   : dSx=   0.000, dSy=   0.000, dSz=   0.000  (mm)
  Object   : dOx=  -0.291, dOy=   4.236, dOz=  14.991  (mm)
  Object offset: offset_x=  14.094, offset_z=  13.796  (mm)
  Detector : dDx=   0.000, dDy=   0.000, dDz=   0.000  (mm)
  Obj Stage rotY :    7.225 deg
============================================================

Unity geometry (world coordinates):
  Source   : x=   5.000, y=  29.995, z=   0.000
  Object   : x=   0.250, y=  24.236, z= 614.991
  Detector : x= -25.318, y=  18.677, z=1059.000
  Obj rotY :  -4.5698 deg

Initial calibration:
  Source   : x=   0.000, y=   0.000, z=   0.000
  Object   : x=   0.000, y=   0.000, z=   0.000
  Detector : x=  25.318, y=   6.310, z=  40.001

After Calibration: 

Unity geometry (world coordinates):
  Source   : x=   5.000, y=  29.995, z=   0.000
  Object   : x=   0.250, y=  24.236, z= 614.991
  Detector : x=   0.000, y=  24.987, z=1099.001
  Obj rotY :  -4.5698 deg
view   0 | SOD= 627.732 mm | SDD=1099.024 mm | M= 1.751 | incident=0.3689°
[[  18.688997   -627.4275       -5.7589645 ]
 [ -37.220383    470.16168      -0.75102425]
 [   0.14943936    0.00693077    0.        ]
 [   0.            0.            0.1496    ]]
Residual vector length: 1800, Jacobian shape: (1800, 6)
view   0 | SOD= 629.654 mm | SDD=1099.024 mm | M= 1.745 | incident=0.3689°
[[  21.86995    -629.24725      -5.7636337 ]
 [ -39.313133    468.0606       -0.75569344]
 [   0.14940433    0.0076488     0.        ]
 [   0.            0.            0.1496    ]]

iter 20 cost=91919.940571 -> 92522.483255 |dtheta|=1.866894e+00  lambda=1.654e+00

============================================================
Iteration 21
============================================================
Theta offsets (Unity frame):
  Source   : dSx=   0.000, dSy=   0.000, dSz=   0.000  (mm)
  Object   : dOx=  -0.291, dOy=   4.236, dOz=  14.991  (mm)
  Object offset: offset_x=  14.094, offset_z=  13.796  (mm)
  Detector : dDx=   0.000, dDy=   0.000, dDz=   0.000  (mm)
  Obj Stage rotY :    7.225 deg
============================================================

Unity geometry (world coordinates):
  Source   : x=   5.000, y=  29.995, z=   0.000
  Object   : x=   0.250, y=  24.236, z= 614.991
  Detector : x= -25.318, y=  18.677, z=1059.000
  Obj rotY :  -4.5698 deg

Initial calibration:
  Source   : x=   0.000, y=   0.000, z=   0.000
  Object   : x=   0.000, y=   0.000, z=   0.000
  Detector : x=  25.318, y=   6.310, z=  40.001

After Calibration: 

Unity geometry (world coordinates):
  Source   : x=   5.000, y=  29.995, z=   0.000
  Object   : x=   0.250, y=  24.236, z= 614.991
  Detector : x=   0.000, y=  24.987, z=1099.001
  Obj rotY :  -4.5698 deg
view   0 | SOD= 627.732 mm | SDD=1099.024 mm | M= 1.751 | incident=0.3689°
[[  18.688997   -627.4275       -5.7589645 ]
 [ -37.220383    470.16168      -0.75102425]
 [   0.14943936    0.00693077    0.        ]
 [   0.            0.            0.1496    ]]
Residual vector length: 1800, Jacobian shape: (1800, 6)
view   0 | SOD= 629.604 mm | SDD=1099.024 mm | M= 1.746 | incident=0.3689°
[[  21.860456   -629.1982       -5.7632866 ]
 [ -39.30904     468.11044      -0.7553463 ]
 [   0.14940444    0.00764695    0.        ]
 [   0.            0.            0.1496    ]]

iter 21 cost=91919.940571 -> 92517.449792 |dtheta|=1.819025e+00  lambda=8.269e+00

============================================================
Iteration 22
============================================================
Theta offsets (Unity frame):
  Source   : dSx=   0.000, dSy=   0.000, dSz=   0.000  (mm)
  Object   : dOx=  -0.291, dOy=   4.236, dOz=  14.991  (mm)
  Object offset: offset_x=  14.094, offset_z=  13.796  (mm)
  Detector : dDx=   0.000, dDy=   0.000, dDz=   0.000  (mm)
  Obj Stage rotY :    7.225 deg
============================================================

Unity geometry (world coordinates):
  Source   : x=   5.000, y=  29.995, z=   0.000
  Object   : x=   0.250, y=  24.236, z= 614.991
  Detector : x= -25.318, y=  18.677, z=1059.000
  Obj rotY :  -4.5698 deg

Initial calibration:
  Source   : x=   0.000, y=   0.000, z=   0.000
  Object   : x=   0.000, y=   0.000, z=   0.000
  Detector : x=  25.318, y=   6.310, z=  40.001

After Calibration: 

Unity geometry (world coordinates):
  Source   : x=   5.000, y=  29.995, z=   0.000
  Object   : x=   0.250, y=  24.236, z= 614.991
  Detector : x=   0.000, y=  24.987, z=1099.001
  Obj rotY :  -4.5698 deg
view   0 | SOD= 627.732 mm | SDD=1099.024 mm | M= 1.751 | incident=0.3689°
[[  18.688997   -627.4275       -5.7589645 ]
 [ -37.220383    470.16168      -0.75102425]
 [   0.14943936    0.00693077    0.        ]
 [   0.            0.            0.1496    ]]
Residual vector length: 1800, Jacobian shape: (1800, 6)
view   0 | SOD= 629.392 mm | SDD=1099.024 mm | M= 1.746 | incident=0.3689°
[[  21.816067   -628.987        -5.7617874 ]
 [ -39.288776    468.3252       -0.7538471 ]
 [   0.14940488    0.00763815    0.        ]
 [   0.            0.            0.1496    ]]

iter 22 cost=91919.940571 -> 92456.810816 |dtheta|=1.613305e+00  lambda=4.135e+01

============================================================
Iteration 23
============================================================
Theta offsets (Unity frame):
  Source   : dSx=   0.000, dSy=   0.000, dSz=   0.000  (mm)
  Object   : dOx=  -0.291, dOy=   4.236, dOz=  14.991  (mm)
  Object offset: offset_x=  14.094, offset_z=  13.796  (mm)
  Detector : dDx=   0.000, dDy=   0.000, dDz=   0.000  (mm)
  Obj Stage rotY :    7.225 deg
============================================================

Unity geometry (world coordinates):
  Source   : x=   5.000, y=  29.995, z=   0.000
  Object   : x=   0.250, y=  24.236, z= 614.991
  Detector : x= -25.318, y=  18.677, z=1059.000
  Obj rotY :  -4.5698 deg

Initial calibration:
  Source   : x=   0.000, y=   0.000, z=   0.000
  Object   : x=   0.000, y=   0.000, z=   0.000
  Detector : x=  25.318, y=   6.310, z=  40.001

After Calibration: 

Unity geometry (world coordinates):
  Source   : x=   5.000, y=  29.995, z=   0.000
  Object   : x=   0.250, y=  24.236, z= 614.991
  Detector : x=   0.000, y=  24.987, z=1099.001
  Obj rotY :  -4.5698 deg
view   0 | SOD= 627.732 mm | SDD=1099.024 mm | M= 1.751 | incident=0.3689°
[[  18.688997   -627.4275       -5.7589645 ]
 [ -37.220383    470.16168      -0.75102425]
 [   0.14943936    0.00693077    0.        ]
 [   0.            0.            0.1496    ]]
Residual vector length: 1800, Jacobian shape: (1800, 6)
view   0 | SOD= 628.797 mm | SDD=1099.024 mm | M= 1.748 | incident=0.3689°
[[  21.639065   -628.398        -5.757593  ]
 [ -39.192654    468.92935      -0.74965286]
 [   0.14940678    0.00760096    0.        ]
 [   0.            0.            0.1496    ]]

iter 23 cost=91919.940571 -> 92276.665785 |dtheta|=1.042099e+00  lambda=2.067e+02

============================================================
Iteration 24
============================================================
Theta offsets (Unity frame):
  Source   : dSx=   0.000, dSy=   0.000, dSz=   0.000  (mm)
  Object   : dOx=  -0.291, dOy=   4.236, dOz=  14.991  (mm)
  Object offset: offset_x=  14.094, offset_z=  13.796  (mm)
  Detector : dDx=   0.000, dDy=   0.000, dDz=   0.000  (mm)
  Obj Stage rotY :    7.225 deg
============================================================

Unity geometry (world coordinates):
  Source   : x=   5.000, y=  29.995, z=   0.000
  Object   : x=   0.250, y=  24.236, z= 614.991
  Detector : x= -25.318, y=  18.677, z=1059.000
  Obj rotY :  -4.5698 deg

Initial calibration:
  Source   : x=   0.000, y=   0.000, z=   0.000
  Object   : x=   0.000, y=   0.000, z=   0.000
  Detector : x=  25.318, y=   6.310, z=  40.001

After Calibration: 

Unity geometry (world coordinates):
  Source   : x=   5.000, y=  29.995, z=   0.000
  Object   : x=   0.250, y=  24.236, z= 614.991
  Detector : x=   0.000, y=  24.987, z=1099.001
  Obj rotY :  -4.5698 deg
view   0 | SOD= 627.732 mm | SDD=1099.024 mm | M= 1.751 | incident=0.3689°
[[  18.688997   -627.4275       -5.7589645 ]
 [ -37.220383    470.16168      -0.75102425]
 [   0.14943936    0.00693077    0.        ]
 [   0.            0.            0.1496    ]]
Residual vector length: 1800, Jacobian shape: (1800, 6)
view   0 | SOD= 628.133 mm | SDD=1099.024 mm | M= 1.750 | incident=0.3689°
[[  21.081083   -627.7527       -5.7528934 ]
 [ -38.817047    469.62607      -0.74495316]
 [   0.14941318    0.00747385    0.        ]
 [   0.            0.            0.1496    ]]

iter 24 cost=91919.940571 -> 92120.007051 |dtheta|=4.248872e-01  lambda=1.034e+03

============================================================
Iteration 25
============================================================
Theta offsets (Unity frame):
  Source   : dSx=   0.000, dSy=   0.000, dSz=   0.000  (mm)
  Object   : dOx=  -0.291, dOy=   4.236, dOz=  14.991  (mm)
  Object offset: offset_x=  14.094, offset_z=  13.796  (mm)
  Detector : dDx=   0.000, dDy=   0.000, dDz=   0.000  (mm)
  Obj Stage rotY :    7.225 deg
============================================================

Unity geometry (world coordinates):
  Source   : x=   5.000, y=  29.995, z=   0.000
  Object   : x=   0.250, y=  24.236, z= 614.991
  Detector : x= -25.318, y=  18.677, z=1059.000
  Obj rotY :  -4.5698 deg

Initial calibration:
  Source   : x=   0.000, y=   0.000, z=   0.000
  Object   : x=   0.000, y=   0.000, z=   0.000
  Detector : x=  25.318, y=   6.310, z=  40.001

After Calibration: 

Unity geometry (world coordinates):
  Source   : x=   5.000, y=  29.995, z=   0.000
  Object   : x=   0.250, y=  24.236, z= 614.991
  Detector : x=   0.000, y=  24.987, z=1099.001
  Obj rotY :  -4.5698 deg
view   0 | SOD= 627.732 mm | SDD=1099.024 mm | M= 1.751 | incident=0.3689°
[[  18.688997   -627.4275       -5.7589645 ]
 [ -37.220383    470.16168      -0.75102425]
 [   0.14943936    0.00693077    0.        ]
 [   0.            0.            0.1496    ]]
Residual vector length: 1800, Jacobian shape: (1800, 6)
view   0 | SOD= 627.854 mm | SDD=1099.024 mm | M= 1.750 | incident=0.3689°
[[  19.977255   -627.5098       -5.7511673 ]
 [ -38.019905    469.971        -0.743227  ]
 [   0.14942591    0.00721502    0.        ]
 [   0.            0.            0.1496    ]]

iter 25 cost=91919.940571 -> 92003.821808 |dtheta|=1.710454e-01  lambda=5.168e+03

============================================================
Iteration 26
============================================================
Theta offsets (Unity frame):
  Source   : dSx=   0.000, dSy=   0.000, dSz=   0.000  (mm)
  Object   : dOx=  -0.291, dOy=   4.236, dOz=  14.991  (mm)
  Object offset: offset_x=  14.094, offset_z=  13.796  (mm)
  Detector : dDx=   0.000, dDy=   0.000, dDz=   0.000  (mm)
  Obj Stage rotY :    7.225 deg
============================================================

Unity geometry (world coordinates):
  Source   : x=   5.000, y=  29.995, z=   0.000
  Object   : x=   0.250, y=  24.236, z= 614.991
  Detector : x= -25.318, y=  18.677, z=1059.000
  Obj rotY :  -4.5698 deg

Initial calibration:
  Source   : x=   0.000, y=   0.000, z=   0.000
  Object   : x=   0.000, y=   0.000, z=   0.000
  Detector : x=  25.318, y=   6.310, z=  40.001

After Calibration: 

Unity geometry (world coordinates):
  Source   : x=   5.000, y=  29.995, z=   0.000
  Object   : x=   0.250, y=  24.236, z= 614.991
  Detector : x=   0.000, y=  24.987, z=1099.001
  Obj rotY :  -4.5698 deg
view   0 | SOD= 627.732 mm | SDD=1099.024 mm | M= 1.751 | incident=0.3689°
[[  18.688997   -627.4275       -5.7589645 ]
 [ -37.220383    470.16168      -0.75102425]
 [   0.14943936    0.00693077    0.        ]
 [   0.            0.            0.1496    ]]
Residual vector length: 1800, Jacobian shape: (1800, 6)
view   0 | SOD= 627.776 mm | SDD=1099.024 mm | M= 1.751 | incident=0.3689°
[[  19.11309    -627.45856      -5.7524033 ]
 [ -37.424824    470.09842      -0.74446297]
 [   0.14943537    0.00701634    0.        ]
 [   0.            0.            0.1496    ]]

iter 26 cost=91919.940571 -> 92007.353716 |dtheta|=8.106202e-02  lambda=2.584e+04

============================================================
Iteration 27
============================================================
Theta offsets (Unity frame):
  Source   : dSx=   0.000, dSy=   0.000, dSz=   0.000  (mm)
  Object   : dOx=  -0.291, dOy=   4.236, dOz=  14.991  (mm)
  Object offset: offset_x=  14.094, offset_z=  13.796  (mm)
  Detector : dDx=   0.000, dDy=   0.000, dDz=   0.000  (mm)
  Obj Stage rotY :    7.225 deg
============================================================

Unity geometry (world coordinates):
  Source   : x=   5.000, y=  29.995, z=   0.000
  Object   : x=   0.250, y=  24.236, z= 614.991
  Detector : x= -25.318, y=  18.677, z=1059.000
  Obj rotY :  -4.5698 deg

Initial calibration:
  Source   : x=   0.000, y=   0.000, z=   0.000
  Object   : x=   0.000, y=   0.000, z=   0.000
  Detector : x=  25.318, y=   6.310, z=  40.001

After Calibration: 

Unity geometry (world coordinates):
  Source   : x=   5.000, y=  29.995, z=   0.000
  Object   : x=   0.250, y=  24.236, z= 614.991
  Detector : x=   0.000, y=  24.987, z=1099.001
  Obj rotY :  -4.5698 deg
view   0 | SOD= 627.732 mm | SDD=1099.024 mm | M= 1.751 | incident=0.3689°
[[  18.688997   -627.4275       -5.7589645 ]
 [ -37.220383    470.16168      -0.75102425]
 [   0.14943936    0.00693077    0.        ]
 [   0.            0.            0.1496    ]]
Residual vector length: 1800, Jacobian shape: (1800, 6)
view   0 | SOD= 627.746 mm | SDD=1099.024 mm | M= 1.751 | incident=0.3689°
[[  18.796103   -627.43835      -5.7558155 ]
 [ -37.25626     470.14352      -0.7478752 ]
 [   0.14943846    0.00695023    0.        ]
 [   0.            0.            0.1496    ]]

iter 27 cost=91919.940571 -> 91883.518804 |dtheta|=2.999654e-02  lambda=1.292e+05

============================================================
Iteration 28
============================================================
Theta offsets (Unity frame):
  Source   : dSx=   0.000, dSy=   0.000, dSz=   0.000  (mm)
  Object   : dOx=  -0.289, dOy=   4.239, dOz=  14.995  (mm)
  Object offset: offset_x=  14.067, offset_z=  13.804  (mm)
  Detector : dDx=   0.000, dDy=   0.000, dDz=   0.000  (mm)
  Obj Stage rotY :    7.233 deg
============================================================

Unity geometry (world coordinates):
  Source   : x=   5.000, y=  29.995, z=   0.000
  Object   : x=   0.252, y=  24.239, z= 614.995
  Detector : x= -25.318, y=  18.677, z=1059.000
  Obj rotY :  -4.5698 deg

Initial calibration:
  Source   : x=   0.000, y=   0.000, z=   0.000
  Object   : x=   0.000, y=   0.000, z=   0.000
  Detector : x=  25.318, y=   6.310, z=  40.001

After Calibration: 

Unity geometry (world coordinates):
  Source   : x=   5.000, y=  29.995, z=   0.000
  Object   : x=   0.252, y=  24.239, z= 614.995
  Detector : x=   0.000, y=  24.987, z=1099.001
  Obj rotY :  -4.5698 deg
view   0 | SOD= 627.746 mm | SDD=1099.024 mm | M= 1.751 | incident=0.3689°
[[  18.796103   -627.43835      -5.7558155 ]
 [ -37.25626     470.14352      -0.7478752 ]
 [   0.14943846    0.00695023    0.        ]
 [   0.            0.            0.1496    ]]
Residual vector length: 1800, Jacobian shape: (1800, 6)
view   0 | SOD= 627.752 mm | SDD=1099.024 mm | M= 1.751 | incident=0.3689°
[[  18.863983   -627.4422       -5.7542534 ]
 [ -37.339138    470.132        -0.7463131 ]
 [   0.1494375     0.00697076    0.        ]
 [   0.            0.            0.1496    ]]

iter 28 cost=91883.518804 -> 91896.416153 |dtheta|=2.161157e-02  lambda=4.307e+04

============================================================
Iteration 29
============================================================
Theta offsets (Unity frame):
  Source   : dSx=   0.000, dSy=   0.000, dSz=   0.000  (mm)
  Object   : dOx=  -0.289, dOy=   4.239, dOz=  14.995  (mm)
  Object offset: offset_x=  14.067, offset_z=  13.804  (mm)
  Detector : dDx=   0.000, dDy=   0.000, dDz=   0.000  (mm)
  Obj Stage rotY :    7.233 deg
============================================================

Unity geometry (world coordinates):
  Source   : x=   5.000, y=  29.995, z=   0.000
  Object   : x=   0.252, y=  24.239, z= 614.995
  Detector : x= -25.318, y=  18.677, z=1059.000
  Obj rotY :  -4.5698 deg

Initial calibration:
  Source   : x=   0.000, y=   0.000, z=   0.000
  Object   : x=   0.000, y=   0.000, z=   0.000
  Detector : x=  25.318, y=   6.310, z=  40.001

After Calibration: 

Unity geometry (world coordinates):
  Source   : x=   5.000, y=  29.995, z=   0.000
  Object   : x=   0.252, y=  24.239, z= 614.995
  Detector : x=   0.000, y=  24.987, z=1099.001
  Obj rotY :  -4.5698 deg
view   0 | SOD= 627.746 mm | SDD=1099.024 mm | M= 1.751 | incident=0.3689°
[[  18.796103   -627.43835      -5.7558155 ]
 [ -37.25626     470.14352      -0.7478752 ]
 [   0.14943846    0.00695023    0.        ]
 [   0.            0.            0.1496    ]]
Residual vector length: 1800, Jacobian shape: (1800, 6)
view   0 | SOD= 627.748 mm | SDD=1099.024 mm | M= 1.751 | incident=0.3689°
[[  18.807625   -627.43994      -5.7551994 ]
 [ -37.27537     470.14038      -0.74725914]
 [   0.14943826    0.00695441    0.        ]
 [   0.            0.            0.1496    ]]

iter 29 cost=91883.518804 -> 91891.656481 |dtheta|=6.817825e-03  lambda=2.153e+05

============================================================
Iteration 30
============================================================
Theta offsets (Unity frame):
  Source   : dSx=   0.000, dSy=   0.000, dSz=   0.000  (mm)
  Object   : dOx=  -0.289, dOy=   4.239, dOz=  14.995  (mm)
  Object offset: offset_x=  14.067, offset_z=  13.804  (mm)
  Detector : dDx=   0.000, dDy=   0.000, dDz=   0.000  (mm)
  Obj Stage rotY :    7.233 deg
============================================================

Unity geometry (world coordinates):
  Source   : x=   5.000, y=  29.995, z=   0.000
  Object   : x=   0.252, y=  24.239, z= 614.995
  Detector : x= -25.318, y=  18.677, z=1059.000
  Obj rotY :  -4.5698 deg

Initial calibration:
  Source   : x=   0.000, y=   0.000, z=   0.000
  Object   : x=   0.000, y=   0.000, z=   0.000
  Detector : x=  25.318, y=   6.310, z=  40.001

After Calibration: 

Unity geometry (world coordinates):
  Source   : x=   5.000, y=  29.995, z=   0.000
  Object   : x=   0.252, y=  24.239, z= 614.995
  Detector : x=   0.000, y=  24.987, z=1099.001
  Obj rotY :  -4.5698 deg
view   0 | SOD= 627.746 mm | SDD=1099.024 mm | M= 1.751 | incident=0.3689°
[[  18.796103   -627.43835      -5.7558155 ]
 [ -37.25626     470.14352      -0.7478752 ]
 [   0.14943846    0.00695023    0.        ]
 [   0.            0.            0.1496    ]]
Residual vector length: 1800, Jacobian shape: (1800, 6)
view   0 | SOD= 627.747 mm | SDD=1099.024 mm | M= 1.751 | incident=0.3689°
[[  18.798388   -627.4388       -5.7556534 ]
 [ -37.260548    470.14276      -0.7477131 ]
 [   0.14943843    0.00695113    0.        ]
 [   0.            0.            0.1496    ]]

iter 30 cost=91883.518804 -> 91890.240017 |dtheta|=1.671527e-03  lambda=1.000e+06

============================================================
Iteration 31
============================================================
Theta offsets (Unity frame):
  Source   : dSx=   0.000, dSy=   0.000, dSz=   0.000  (mm)
  Object   : dOx=  -0.289, dOy=   4.239, dOz=  14.995  (mm)
  Object offset: offset_x=  14.067, offset_z=  13.804  (mm)
  Detector : dDx=   0.000, dDy=   0.000, dDz=   0.000  (mm)
  Obj Stage rotY :    7.233 deg
============================================================

Unity geometry (world coordinates):
  Source   : x=   5.000, y=  29.995, z=   0.000
  Object   : x=   0.252, y=  24.239, z= 614.995
  Detector : x= -25.318, y=  18.677, z=1059.000
  Obj rotY :  -4.5698 deg

Initial calibration:
  Source   : x=   0.000, y=   0.000, z=   0.000
  Object   : x=   0.000, y=   0.000, z=   0.000
  Detector : x=  25.318, y=   6.310, z=  40.001

After Calibration: 

Unity geometry (world coordinates):
  Source   : x=   5.000, y=  29.995, z=   0.000
  Object   : x=   0.252, y=  24.239, z= 614.995
  Detector : x=   0.000, y=  24.987, z=1099.001
  Obj rotY :  -4.5698 deg
view   0 | SOD= 627.746 mm | SDD=1099.024 mm | M= 1.751 | incident=0.3689°
[[  18.796103   -627.43835      -5.7558155 ]
 [ -37.25626     470.14352      -0.7478752 ]
 [   0.14943846    0.00695023    0.        ]
 [   0.            0.            0.1496    ]]
Residual vector length: 1800, Jacobian shape: (1800, 6)
view   0 | SOD= 627.747 mm | SDD=1099.024 mm | M= 1.751 | incident=0.3689°
[[  18.798388   -627.4388       -5.7556534 ]
 [ -37.260548    470.14276      -0.7477131 ]
 [   0.14943843    0.00695113    0.        ]
 [   0.            0.            0.1496    ]]

iter 31 cost=91883.518804 -> 91890.240017 |dtheta|=1.671527e-03  lambda=1.000e+06

============================================================
Iteration 32
============================================================
Theta offsets (Unity frame):
  Source   : dSx=   0.000, dSy=   0.000, dSz=   0.000  (mm)
  Object   : dOx=  -0.289, dOy=   4.239, dOz=  14.995  (mm)
  Object offset: offset_x=  14.067, offset_z=  13.804  (mm)
  Detector : dDx=   0.000, dDy=   0.000, dDz=   0.000  (mm)
  Obj Stage rotY :    7.233 deg
============================================================

Unity geometry (world coordinates):
  Source   : x=   5.000, y=  29.995, z=   0.000
  Object   : x=   0.252, y=  24.239, z= 614.995
  Detector : x= -25.318, y=  18.677, z=1059.000
  Obj rotY :  -4.5698 deg

Initial calibration:
  Source   : x=   0.000, y=   0.000, z=   0.000
  Object   : x=   0.000, y=   0.000, z=   0.000
  Detector : x=  25.318, y=   6.310, z=  40.001

After Calibration: 

Unity geometry (world coordinates):
  Source   : x=   5.000, y=  29.995, z=   0.000
  Object   : x=   0.252, y=  24.239, z= 614.995
  Detector : x=   0.000, y=  24.987, z=1099.001
  Obj rotY :  -4.5698 deg
view   0 | SOD= 627.746 mm | SDD=1099.024 mm | M= 1.751 | incident=0.3689°
[[  18.796103   -627.43835      -5.7558155 ]
 [ -37.25626     470.14352      -0.7478752 ]
 [   0.14943846    0.00695023    0.        ]
 [   0.            0.            0.1496    ]]
Residual vector length: 1800, Jacobian shape: (1800, 6)
view   0 | SOD= 627.747 mm | SDD=1099.024 mm | M= 1.751 | incident=0.3689°
[[  18.798388   -627.4388       -5.7556534 ]
 [ -37.260548    470.14276      -0.7477131 ]
 [   0.14943843    0.00695113    0.        ]
 [   0.            0.            0.1496    ]]

iter 32 cost=91883.518804 -> 91890.240017 |dtheta|=1.671527e-03  lambda=1.000e+06

============================================================
Iteration 33
============================================================
Theta offsets (Unity frame):
  Source   : dSx=   0.000, dSy=   0.000, dSz=   0.000  (mm)
  Object   : dOx=  -0.289, dOy=   4.239, dOz=  14.995  (mm)
  Object offset: offset_x=  14.067, offset_z=  13.804  (mm)
  Detector : dDx=   0.000, dDy=   0.000, dDz=   0.000  (mm)
  Obj Stage rotY :    7.233 deg
============================================================

Unity geometry (world coordinates):
  Source   : x=   5.000, y=  29.995, z=   0.000
  Object   : x=   0.252, y=  24.239, z= 614.995
  Detector : x= -25.318, y=  18.677, z=1059.000
  Obj rotY :  -4.5698 deg

Initial calibration:
  Source   : x=   0.000, y=   0.000, z=   0.000
  Object   : x=   0.000, y=   0.000, z=   0.000
  Detector : x=  25.318, y=   6.310, z=  40.001

After Calibration: 

Unity geometry (world coordinates):
  Source   : x=   5.000, y=  29.995, z=   0.000
  Object   : x=   0.252, y=  24.239, z= 614.995
  Detector : x=   0.000, y=  24.987, z=1099.001
  Obj rotY :  -4.5698 deg
view   0 | SOD= 627.746 mm | SDD=1099.024 mm | M= 1.751 | incident=0.3689°
[[  18.796103   -627.43835      -5.7558155 ]
 [ -37.25626     470.14352      -0.7478752 ]
 [   0.14943846    0.00695023    0.        ]
 [   0.            0.            0.1496    ]]
Residual vector length: 1800, Jacobian shape: (1800, 6)
view   0 | SOD= 627.747 mm | SDD=1099.024 mm | M= 1.751 | incident=0.3689°
[[  18.798388   -627.4388       -5.7556534 ]
 [ -37.260548    470.14276      -0.7477131 ]
 [   0.14943843    0.00695113    0.        ]
 [   0.            0.            0.1496    ]]

iter 33 cost=91883.518804 -> 91890.240017 |dtheta|=1.671527e-03  lambda=1.000e+06

============================================================
Iteration 34
============================================================
Theta offsets (Unity frame):
  Source   : dSx=   0.000, dSy=   0.000, dSz=   0.000  (mm)
  Object   : dOx=  -0.289, dOy=   4.239, dOz=  14.995  (mm)
  Object offset: offset_x=  14.067, offset_z=  13.804  (mm)
  Detector : dDx=   0.000, dDy=   0.000, dDz=   0.000  (mm)
  Obj Stage rotY :    7.233 deg
============================================================

Unity geometry (world coordinates):
  Source   : x=   5.000, y=  29.995, z=   0.000
  Object   : x=   0.252, y=  24.239, z= 614.995
  Detector : x= -25.318, y=  18.677, z=1059.000
  Obj rotY :  -4.5698 deg

Initial calibration:
  Source   : x=   0.000, y=   0.000, z=   0.000
  Object   : x=   0.000, y=   0.000, z=   0.000
  Detector : x=  25.318, y=   6.310, z=  40.001

After Calibration: 

Unity geometry (world coordinates):
  Source   : x=   5.000, y=  29.995, z=   0.000
  Object   : x=   0.252, y=  24.239, z= 614.995
  Detector : x=   0.000, y=  24.987, z=1099.001
  Obj rotY :  -4.5698 deg
view   0 | SOD= 627.746 mm | SDD=1099.024 mm | M= 1.751 | incident=0.3689°
[[  18.796103   -627.43835      -5.7558155 ]
 [ -37.25626     470.14352      -0.7478752 ]
 [   0.14943846    0.00695023    0.        ]
 [   0.            0.            0.1496    ]]
Residual vector length: 1800, Jacobian shape: (1800, 6)
view   0 | SOD= 627.747 mm | SDD=1099.024 mm | M= 1.751 | incident=0.3689°
[[  18.798388   -627.4388       -5.7556534 ]
 [ -37.260548    470.14276      -0.7477131 ]
 [   0.14943843    0.00695113    0.        ]
 [   0.            0.            0.1496    ]]

iter 34 cost=91883.518804 -> 91890.240017 |dtheta|=1.671527e-03  lambda=1.000e+06

============================================================
Iteration 35
============================================================
Theta offsets (Unity frame):
  Source   : dSx=   0.000, dSy=   0.000, dSz=   0.000  (mm)
  Object   : dOx=  -0.289, dOy=   4.239, dOz=  14.995  (mm)
  Object offset: offset_x=  14.067, offset_z=  13.804  (mm)
  Detector : dDx=   0.000, dDy=   0.000, dDz=   0.000  (mm)
  Obj Stage rotY :    7.233 deg
============================================================

Unity geometry (world coordinates):
  Source   : x=   5.000, y=  29.995, z=   0.000
  Object   : x=   0.252, y=  24.239, z= 614.995
  Detector : x= -25.318, y=  18.677, z=1059.000
  Obj rotY :  -4.5698 deg

Initial calibration:
  Source   : x=   0.000, y=   0.000, z=   0.000
  Object   : x=   0.000, y=   0.000, z=   0.000
  Detector : x=  25.318, y=   6.310, z=  40.001

After Calibration: 

Unity geometry (world coordinates):
  Source   : x=   5.000, y=  29.995, z=   0.000
  Object   : x=   0.252, y=  24.239, z= 614.995
  Detector : x=   0.000, y=  24.987, z=1099.001
  Obj rotY :  -4.5698 deg
view   0 | SOD= 627.746 mm | SDD=1099.024 mm | M= 1.751 | incident=0.3689°
[[  18.796103   -627.43835      -5.7558155 ]
 [ -37.25626     470.14352      -0.7478752 ]
 [   0.14943846    0.00695023    0.        ]
 [   0.            0.            0.1496    ]]
Residual vector length: 1800, Jacobian shape: (1800, 6)
view   0 | SOD= 627.747 mm | SDD=1099.024 mm | M= 1.751 | incident=0.3689°
[[  18.798388   -627.4388       -5.7556534 ]
 [ -37.260548    470.14276      -0.7477131 ]
 [   0.14943843    0.00695113    0.        ]
 [   0.            0.            0.1496    ]]

iter 35 cost=91883.518804 -> 91890.240017 |dtheta|=1.671527e-03  lambda=1.000e+06

============================================================
Iteration 36
============================================================
Theta offsets (Unity frame):
  Source   : dSx=   0.000, dSy=   0.000, dSz=   0.000  (mm)
  Object   : dOx=  -0.289, dOy=   4.239, dOz=  14.995  (mm)
  Object offset: offset_x=  14.067, offset_z=  13.804  (mm)
  Detector : dDx=   0.000, dDy=   0.000, dDz=   0.000  (mm)
  Obj Stage rotY :    7.233 deg
============================================================

Unity geometry (world coordinates):
  Source   : x=   5.000, y=  29.995, z=   0.000
  Object   : x=   0.252, y=  24.239, z= 614.995
  Detector : x= -25.318, y=  18.677, z=1059.000
  Obj rotY :  -4.5698 deg

Initial calibration:
  Source   : x=   0.000, y=   0.000, z=   0.000
  Object   : x=   0.000, y=   0.000, z=   0.000
  Detector : x=  25.318, y=   6.310, z=  40.001

After Calibration: 

Unity geometry (world coordinates):
  Source   : x=   5.000, y=  29.995, z=   0.000
  Object   : x=   0.252, y=  24.239, z= 614.995
  Detector : x=   0.000, y=  24.987, z=1099.001
  Obj rotY :  -4.5698 deg
view   0 | SOD= 627.746 mm | SDD=1099.024 mm | M= 1.751 | incident=0.3689°
[[  18.796103   -627.43835      -5.7558155 ]
 [ -37.25626     470.14352      -0.7478752 ]
 [   0.14943846    0.00695023    0.        ]
 [   0.            0.            0.1496    ]]
Residual vector length: 1800, Jacobian shape: (1800, 6)
view   0 | SOD= 627.747 mm | SDD=1099.024 mm | M= 1.751 | incident=0.3689°
[[  18.798388   -627.4388       -5.7556534 ]
 [ -37.260548    470.14276      -0.7477131 ]
 [   0.14943843    0.00695113    0.        ]
 [   0.            0.            0.1496    ]]

iter 36 cost=91883.518804 -> 91890.240017 |dtheta|=1.671527e-03  lambda=1.000e+06
Stalled.

Estimated theta:
  dSx: +0.000000
  dSy: +0.000000
  dOx: -0.288721
  dOy: +4.239072
  dOz: +14.994515
  dDx: +0.000000
  dDy: +0.000000
  dDz: +0.000000
alpha: +7.232674e+00 deg)
offset_x: +14.066806
offset_z: +13.804255

Final cost table:
Final estimated theta: [ 0.          0.         -0.28872145  4.23907221 14.99451472  0.
  0.          0.          7.23267415 14.06680554 13.80425521]
################################################################################

