
################################################################################
Running scenario=Scan5 Projections=360 Used=360, K=5

============================================================
Iteration 0
============================================================
Theta offsets (Unity frame):
  Source   : dSx=   0.000, dSy=   0.000, dSz=   0.000  (mm)
  Object   : dOx=   0.000, dOy=   0.000, dOz=   0.000  (mm)
  Object offset: offset_x=   0.000, offset_z=   0.000  (mm)
  Detector : dDx=   0.000, dDy=   0.000, dDz=   0.000  (mm)
  Obj Stage rotY :    0.000 deg
============================================================

Unity geometry (world coordinates):
  Source   : x= -10.000, y=  29.997, z=   0.000
  Object   : x=   0.541, y=  20.000, z= 600.000
  Detector : x= -20.002, y=  33.656, z= 959.000
  Obj rotY :  -4.5698 deg

Initial calibration:
  Source   : x=   0.000, y=   0.000, z=   0.000
  Object   : x=   0.000, y=   0.000, z=   0.000
  Detector : x=  25.318, y=   6.310, z=  40.001

After Calibration: 

Unity geometry (world coordinates):
  Source   : x= -10.000, y=  29.997, z=   0.000
  Object   : x=   0.541, y=  20.000, z= 600.000
  Detector : x=   5.316, y=  39.966, z= 999.001
  Obj rotY :  -4.5698 deg
view   0 | SOD= 600.176 mm | SDD= 999.168 mm | M= 1.665 | incident=1.0480°
[[ -58.31186    -597.25275      -9.997368  ]
 [  36.550167    397.3519      -19.965702  ]
 [   0.14912441   -0.01191922    0.        ]
 [   0.            0.            0.1496    ]]
Residual vector length: 7200, Jacobian shape: (7200, 6)
view   0 | SOD= 622.180 mm | SDD= 999.168 mm | M= 1.606 | incident=1.0480°
[[ -45.339695   -620.4955       -6.0975475 ]
 [  26.101934    376.06522     -16.065882  ]
 [   0.14936352   -0.00840836    0.        ]
 [   0.            0.            0.1496    ]]
/vol/home/s3777103/Documents/workspace/Thesis/AutoCalibration/gauss_newton_real.py:300: FutureWarning: The behavior of DataFrame concatenation with empty or all-NA entries is deprecated. In a future version, this will no longer exclude empty or all-NA columns when determining the result dtypes. To retain the old behavior, exclude the relevant entries before the concat operation.
  df_r0 = pd.concat([df_r0, df_iter], ignore_index=True)

iter 00 cost=2931004.005793 -> 88528.049830 |dtheta|=1.994304e+01  lambda=1.000e-02

============================================================
Iteration 1
============================================================
Theta offsets (Unity frame):
  Source   : dSx=   0.000, dSy=   0.000, dSz=   0.000  (mm)
  Object   : dOx=  -0.324, dOy=   3.900, dOz=  19.313  (mm)
  Object offset: offset_x=  -0.044, offset_z=   2.755  (mm)
  Detector : dDx=   0.000, dDy=   0.000, dDz=   0.000  (mm)
  Obj Stage rotY :    1.348 deg
============================================================

Unity geometry (world coordinates):
  Source   : x= -10.000, y=  29.997, z=   0.000
  Object   : x=   0.216, y=  23.900, z= 619.313
  Detector : x= -20.002, y=  33.656, z= 959.000
  Obj rotY :  -4.5698 deg

Initial calibration:
  Source   : x=   0.000, y=   0.000, z=   0.000
  Object   : x=   0.000, y=   0.000, z=   0.000
  Detector : x=  25.318, y=   6.310, z=  40.001

After Calibration: 

Unity geometry (world coordinates):
  Source   : x= -10.000, y=  29.997, z=   0.000
  Object   : x=   0.216, y=  23.900, z= 619.313
  Detector : x=   5.316, y=  39.966, z= 999.001
  Obj rotY :  -4.5698 deg
view   0 | SOD= 622.180 mm | SDD= 999.168 mm | M= 1.606 | incident=1.0480°
[[ -45.339695   -620.4955       -6.0975475 ]
 [  26.101934    376.06522     -16.065882  ]
 [   0.14936352   -0.00840836    0.        ]
 [   0.            0.            0.1496    ]]
Residual vector length: 7200, Jacobian shape: (7200, 6)
view   0 | SOD= 619.815 mm | SDD= 999.168 mm | M= 1.612 | incident=1.0480°
[[ -33.82065    -618.8642       -5.7884655 ]
 [  19.246298    378.84372     -15.7568    ]
 [   0.14949308   -0.00565477    0.        ]
 [   0.            0.            0.1496    ]]

iter 01 cost=88528.049830 -> 21385.313646 |dtheta|=3.305164e+00  lambda=3.333e-03

============================================================
Iteration 2
============================================================
Theta offsets (Unity frame):
  Source   : dSx=   0.000, dSy=   0.000, dSz=   0.000  (mm)
  Object   : dOx=  -0.414, dOy=   4.209, dOz=  16.274  (mm)
  Object offset: offset_x=   0.003, offset_z=   3.438  (mm)
  Detector : dDx=   0.000, dDy=   0.000, dDz=   0.000  (mm)
  Obj Stage rotY :    2.404 deg
============================================================

Unity geometry (world coordinates):
  Source   : x= -10.000, y=  29.997, z=   0.000
  Object   : x=   0.127, y=  24.209, z= 616.274
  Detector : x= -20.002, y=  33.656, z= 959.000
  Obj rotY :  -4.5698 deg

Initial calibration:
  Source   : x=   0.000, y=   0.000, z=   0.000
  Object   : x=   0.000, y=   0.000, z=   0.000
  Detector : x=  25.318, y=   6.310, z=  40.001

After Calibration: 

Unity geometry (world coordinates):
  Source   : x= -10.000, y=  29.997, z=   0.000
  Object   : x=   0.127, y=  24.209, z= 616.274
  Detector : x=   5.316, y=  39.966, z= 999.001
  Obj rotY :  -4.5698 deg
view   0 | SOD= 619.815 mm | SDD= 999.168 mm | M= 1.612 | incident=1.0480°
[[ -33.82065    -618.8642       -5.7884655 ]
 [  19.246298    378.84372     -15.7568    ]
 [   0.14949308   -0.00565477    0.        ]
 [   0.            0.            0.1496    ]]
Residual vector length: 7200, Jacobian shape: (7200, 6)
view   0 | SOD= 619.011 mm | SDD= 999.168 mm | M= 1.614 | incident=1.0480°
[[ -26.65108    -618.40985      -5.7828407 ]
 [  14.881664    379.84476     -15.751175  ]
 [   0.14954846   -0.00392668    0.        ]
 [   0.            0.            0.1496    ]]

iter 02 cost=21385.313646 -> 14270.872709 |dtheta|=1.191797e+00  lambda=1.111e-03

============================================================
Iteration 3
============================================================
Theta offsets (Unity frame):
  Source   : dSx=   0.000, dSy=   0.000, dSz=   0.000  (mm)
  Object   : dOx=  -0.430, dOy=   4.215, dOz=  15.298  (mm)
  Object offset: offset_x=   0.012, offset_z=   3.610  (mm)
  Detector : dDx=   0.000, dDy=   0.000, dDz=   0.000  (mm)
  Obj Stage rotY :    3.066 deg
============================================================

Unity geometry (world coordinates):
  Source   : x= -10.000, y=  29.997, z=   0.000
  Object   : x=   0.110, y=  24.215, z= 615.298
  Detector : x= -20.002, y=  33.656, z= 959.000
  Obj rotY :  -4.5698 deg

Initial calibration:
  Source   : x=   0.000, y=   0.000, z=   0.000
  Object   : x=   0.000, y=   0.000, z=   0.000
  Detector : x=  25.318, y=   6.310, z=  40.001

After Calibration: 

Unity geometry (world coordinates):
  Source   : x= -10.000, y=  29.997, z=   0.000
  Object   : x=   0.110, y=  24.215, z= 615.298
  Detector : x=   5.316, y=  39.966, z= 999.001
  Obj rotY :  -4.5698 deg
view   0 | SOD= 619.011 mm | SDD= 999.168 mm | M= 1.614 | incident=1.0480°
[[ -26.65108    -618.40985      -5.7828407 ]
 [  14.881664    379.84476     -15.751175  ]
 [   0.14954846   -0.00392668    0.        ]
 [   0.            0.            0.1496    ]]
Residual vector length: 7200, Jacobian shape: (7200, 6)
view   0 | SOD= 618.867 mm | SDD= 999.168 mm | M= 1.615 | incident=1.0480°
[[ -21.220148   -618.47626      -5.7844715 ]
 [  11.54045     380.1047      -15.752806  ]
 [   0.14957719   -0.00261261    0.        ]
 [   0.            0.            0.1496    ]]

iter 03 cost=14270.872709 -> 11999.441144 |dtheta|=5.432611e-01  lambda=3.704e-04

============================================================
Iteration 4
============================================================
Theta offsets (Unity frame):
  Source   : dSx=   0.000, dSy=   0.000, dSz=   0.000  (mm)
  Object   : dOx=  -0.433, dOy=   4.213, dOz=  15.101  (mm)
  Object offset: offset_x=   0.016, offset_z=   3.664  (mm)
  Detector : dDx=   0.000, dDy=   0.000, dDz=   0.000  (mm)
  Obj Stage rotY :    3.569 deg
============================================================

Unity geometry (world coordinates):
  Source   : x= -10.000, y=  29.997, z=   0.000
  Object   : x=   0.107, y=  24.213, z= 615.101
  Detector : x= -20.002, y=  33.656, z= 959.000
  Obj rotY :  -4.5698 deg

Initial calibration:
  Source   : x=   0.000, y=   0.000, z=   0.000
  Object   : x=   0.000, y=   0.000, z=   0.000
  Detector : x=  25.318, y=   6.310, z=  40.001

After Calibration: 

Unity geometry (world coordinates):
  Source   : x= -10.000, y=  29.997, z=   0.000
  Object   : x=   0.107, y=  24.213, z= 615.101
  Detector : x=   5.316, y=  39.966, z= 999.001
  Obj rotY :  -4.5698 deg
view   0 | SOD= 618.867 mm | SDD= 999.168 mm | M= 1.615 | incident=1.0480°
[[ -21.220148   -618.47626      -5.7844715 ]
 [  11.54045     380.1047      -15.752806  ]
 [   0.14957719   -0.00261261    0.        ]
 [   0.            0.            0.1496    ]]
Residual vector length: 7200, Jacobian shape: (7200, 6)
view   0 | SOD= 618.816 mm | SDD= 999.168 mm | M= 1.615 | incident=1.0480°
[[ -17.594053   -618.5385       -5.7834396 ]
 [   9.301815    380.2176      -15.751774  ]
 [   0.14958994   -0.00173417    0.        ]
 [   0.            0.            0.1496    ]]

iter 04 cost=11999.441144 -> 11011.481553 |dtheta|=3.420601e-01  lambda=1.235e-04

============================================================
Iteration 5
============================================================
Theta offsets (Unity frame):
  Source   : dSx=   0.000, dSy=   0.000, dSz=   0.000  (mm)
  Object   : dOx=  -0.436, dOy=   4.214, dOz=  15.041  (mm)
  Object offset: offset_x=   0.025, offset_z=   3.673  (mm)
  Detector : dDx=   0.000, dDy=   0.000, dDz=   0.000  (mm)
  Obj Stage rotY :    3.906 deg
============================================================

Unity geometry (world coordinates):
  Source   : x= -10.000, y=  29.997, z=   0.000
  Object   : x=   0.105, y=  24.214, z= 615.041
  Detector : x= -20.002, y=  33.656, z= 959.000
  Obj rotY :  -4.5698 deg

Initial calibration:
  Source   : x=   0.000, y=   0.000, z=   0.000
  Object   : x=   0.000, y=   0.000, z=   0.000
  Detector : x=  25.318, y=   6.310, z=  40.001

After Calibration: 

Unity geometry (world coordinates):
  Source   : x= -10.000, y=  29.997, z=   0.000
  Object   : x=   0.105, y=  24.214, z= 615.041
  Detector : x=   5.316, y=  39.966, z= 999.001
  Obj rotY :  -4.5698 deg
view   0 | SOD= 618.816 mm | SDD= 999.168 mm | M= 1.615 | incident=1.0480°
[[ -17.594053   -618.5385       -5.7834396 ]
 [   9.301815    380.2176      -15.751774  ]
 [   0.14958994   -0.00173417    0.        ]
 [   0.            0.            0.1496    ]]
Residual vector length: 7200, Jacobian shape: (7200, 6)
view   0 | SOD= 618.726 mm | SDD= 999.168 mm | M= 1.615 | incident=1.0480°
[[ -14.967828   -618.5178       -5.7833595 ]
 [   7.672691    380.3438      -15.751694  ]
 [   0.14959598   -0.00109684    0.        ]
 [   0.            0.            0.1496    ]]

iter 05 cost=11011.481553 -> 10504.064097 |dtheta|=2.590002e-01  lambda=4.115e-05

============================================================
Iteration 6
============================================================
Theta offsets (Unity frame):
  Source   : dSx=   0.000, dSy=   0.000, dSz=   0.000  (mm)
  Object   : dOx=  -0.436, dOy=   4.214, dOz=  14.955  (mm)
  Object offset: offset_x=   0.035, offset_z=   3.670  (mm)
  Detector : dDx=   0.000, dDy=   0.000, dDz=   0.000  (mm)
  Obj Stage rotY :    4.150 deg
============================================================

Unity geometry (world coordinates):
  Source   : x= -10.000, y=  29.997, z=   0.000
  Object   : x=   0.104, y=  24.214, z= 614.955
  Detector : x= -20.002, y=  33.656, z= 959.000
  Obj rotY :  -4.5698 deg

Initial calibration:
  Source   : x=   0.000, y=   0.000, z=   0.000
  Object   : x=   0.000, y=   0.000, z=   0.000
  Detector : x=  25.318, y=   6.310, z=  40.001

After Calibration: 

Unity geometry (world coordinates):
  Source   : x= -10.000, y=  29.997, z=   0.000
  Object   : x=   0.104, y=  24.214, z= 614.955
  Detector : x=   5.316, y=  39.966, z= 999.001
  Obj rotY :  -4.5698 deg
view   0 | SOD= 618.726 mm | SDD= 999.168 mm | M= 1.615 | incident=1.0480°
[[ -14.967828   -618.5178       -5.7833595 ]
 [   7.672691    380.3438      -15.751694  ]
 [   0.14959598   -0.00109684    0.        ]
 [   0.            0.            0.1496    ]]
Residual vector length: 7200, Jacobian shape: (7200, 6)
view   0 | SOD= 618.799 mm | SDD= 999.168 mm | M= 1.615 | incident=1.0480°
[[ -13.619471   -618.62195      -5.7829742 ]
 [   6.826891    380.28705     -15.751308  ]
 [   0.14959803   -0.00076824    0.        ]
 [   0.            0.            0.1496    ]]

iter 06 cost=10504.064097 -> 10326.271137 |dtheta|=1.455060e-01  lambda=1.372e-05

============================================================
Iteration 7
============================================================
Theta offsets (Unity frame):
  Source   : dSx=   0.000, dSy=   0.000, dSz=   0.000  (mm)
  Object   : dOx=  -0.435, dOy=   4.214, dOz=  15.028  (mm)
  Object offset: offset_x=   0.044, offset_z=   3.671  (mm)
  Detector : dDx=   0.000, dDy=   0.000, dDz=   0.000  (mm)
  Obj Stage rotY :    4.276 deg
============================================================

Unity geometry (world coordinates):
  Source   : x= -10.000, y=  29.997, z=   0.000
  Object   : x=   0.106, y=  24.214, z= 615.028
  Detector : x= -20.002, y=  33.656, z= 959.000
  Obj rotY :  -4.5698 deg

Initial calibration:
  Source   : x=   0.000, y=   0.000, z=   0.000
  Object   : x=   0.000, y=   0.000, z=   0.000
  Detector : x=  25.318, y=   6.310, z=  40.001

After Calibration: 

Unity geometry (world coordinates):
  Source   : x= -10.000, y=  29.997, z=   0.000
  Object   : x=   0.106, y=  24.214, z= 615.028
  Detector : x=   5.316, y=  39.966, z= 999.001
  Obj rotY :  -4.5698 deg
view   0 | SOD= 618.799 mm | SDD= 999.168 mm | M= 1.615 | incident=1.0480°
[[ -13.619471   -618.62195      -5.7829742 ]
 [   6.826891    380.28705     -15.751308  ]
 [   0.14959803   -0.00076824    0.        ]
 [   0.            0.            0.1496    ]]
Residual vector length: 7200, Jacobian shape: (7200, 6)
view   0 | SOD= 618.811 mm | SDD= 999.168 mm | M= 1.615 | incident=1.0480°
[[ -11.316727   -618.68097      -5.7841816 ]
 [   5.4009304   380.29736     -15.752516  ]
 [   0.14959985   -0.00020984    0.        ]
 [   0.            0.            0.1496    ]]

iter 07 cost=10326.271137 -> 10104.059160 |dtheta|=2.142374e-01  lambda=4.572e-06

============================================================
Iteration 8
============================================================
Theta offsets (Unity frame):
  Source   : dSx=   0.000, dSy=   0.000, dSz=   0.000  (mm)
  Object   : dOx=  -0.435, dOy=   4.213, dOz=  15.039  (mm)
  Object offset: offset_x=   0.050, offset_z=   3.673  (mm)
  Detector : dDx=   0.000, dDy=   0.000, dDz=   0.000  (mm)
  Obj Stage rotY :    4.489 deg
============================================================

Unity geometry (world coordinates):
  Source   : x= -10.000, y=  29.997, z=   0.000
  Object   : x=   0.106, y=  24.213, z= 615.039
  Detector : x= -20.002, y=  33.656, z= 959.000
  Obj rotY :  -4.5698 deg

Initial calibration:
  Source   : x=   0.000, y=   0.000, z=   0.000
  Object   : x=   0.000, y=   0.000, z=   0.000
  Detector : x=  25.318, y=   6.310, z=  40.001

After Calibration: 

Unity geometry (world coordinates):
  Source   : x= -10.000, y=  29.997, z=   0.000
  Object   : x=   0.106, y=  24.213, z= 615.039
  Detector : x=   5.316, y=  39.966, z= 999.001
  Obj rotY :  -4.5698 deg
view   0 | SOD= 618.811 mm | SDD= 999.168 mm | M= 1.615 | incident=1.0480°
[[ -11.316727   -618.68097      -5.7841816 ]
 [   5.4009304   380.29736     -15.752516  ]
 [   0.14959985   -0.00020984    0.        ]
 [   0.            0.            0.1496    ]]
Residual vector length: 7200, Jacobian shape: (7200, 6)
view   0 | SOD= 618.662 mm | SDD= 999.168 mm | M= 1.615 | incident=1.0480°
[[ -10.292685   -618.5497       -5.782963  ]
 [   4.7927666   380.45462     -15.751297  ]
 [   0.1496        0.00003459    0.        ]
 [   0.            0.            0.1496    ]]

iter 08 cost=10104.059160 -> 10016.289384 |dtheta|=1.736673e-01  lambda=1.524e-06

============================================================
Iteration 9
============================================================
Theta offsets (Unity frame):
  Source   : dSx=   0.000, dSy=   0.000, dSz=   0.000  (mm)
  Object   : dOx=  -0.437, dOy=   4.214, dOz=  14.893  (mm)
  Object offset: offset_x=   0.039, offset_z=   3.669  (mm)
  Detector : dDx=   0.000, dDy=   0.000, dDz=   0.000  (mm)
  Obj Stage rotY :    4.583 deg
============================================================

Unity geometry (world coordinates):
  Source   : x= -10.000, y=  29.997, z=   0.000
  Object   : x=   0.104, y=  24.214, z= 614.893
  Detector : x= -20.002, y=  33.656, z= 959.000
  Obj rotY :  -4.5698 deg

Initial calibration:
  Source   : x=   0.000, y=   0.000, z=   0.000
  Object   : x=   0.000, y=   0.000, z=   0.000
  Detector : x=  25.318, y=   6.310, z=  40.001

After Calibration: 

Unity geometry (world coordinates):
  Source   : x= -10.000, y=  29.997, z=   0.000
  Object   : x=   0.104, y=  24.214, z= 614.893
  Detector : x=   5.316, y=  39.966, z= 999.001
  Obj rotY :  -4.5698 deg
view   0 | SOD= 618.662 mm | SDD= 999.168 mm | M= 1.615 | incident=1.0480°
[[ -10.292685   -618.5497       -5.782963  ]
 [   4.7927666   380.45462     -15.751297  ]
 [   0.1496        0.00003459    0.        ]
 [   0.            0.            0.1496    ]]
Residual vector length: 7200, Jacobian shape: (7200, 6)
view   0 | SOD= 618.737 mm | SDD= 999.168 mm | M= 1.615 | incident=1.0480°
[[  -9.802581   -618.6328       -5.783003  ]
 [   4.4887676   380.38315     -15.751337  ]
 [   0.14959992    0.0001535     0.        ]
 [   0.            0.            0.1496    ]]

iter 09 cost=10016.289384 -> 9989.788563 |dtheta|=8.873953e-02  lambda=1.000e-06

============================================================
Iteration 10
============================================================
Theta offsets (Unity frame):
  Source   : dSx=   0.000, dSy=   0.000, dSz=   0.000  (mm)
  Object   : dOx=  -0.435, dOy=   4.214, dOz=  14.969  (mm)
  Object offset: offset_x=   0.039, offset_z=   3.668  (mm)
  Detector : dDx=   0.000, dDy=   0.000, dDz=   0.000  (mm)
  Obj Stage rotY :    4.629 deg
============================================================

Unity geometry (world coordinates):
  Source   : x= -10.000, y=  29.997, z=   0.000
  Object   : x=   0.105, y=  24.214, z= 614.969
  Detector : x= -20.002, y=  33.656, z= 959.000
  Obj rotY :  -4.5698 deg

Initial calibration:
  Source   : x=   0.000, y=   0.000, z=   0.000
  Object   : x=   0.000, y=   0.000, z=   0.000
  Detector : x=  25.318, y=   6.310, z=  40.001

After Calibration: 

Unity geometry (world coordinates):
  Source   : x= -10.000, y=  29.997, z=   0.000
  Object   : x=   0.105, y=  24.214, z= 614.969
  Detector : x=   5.316, y=  39.966, z= 999.001
  Obj rotY :  -4.5698 deg
view   0 | SOD= 618.737 mm | SDD= 999.168 mm | M= 1.615 | incident=1.0480°
[[  -9.802581   -618.6328       -5.783003  ]
 [   4.4887676   380.38315     -15.751337  ]
 [   0.14959992    0.0001535     0.        ]
 [   0.            0.            0.1496    ]]
Residual vector length: 7200, Jacobian shape: (7200, 6)
view   0 | SOD= 618.786 mm | SDD= 999.168 mm | M= 1.615 | incident=1.0480°
[[  -9.259108   -618.6898       -5.7834587 ]
 [   4.1507425   380.33838     -15.751793  ]
 [   0.14959973    0.0002855     0.        ]
 [   0.            0.            0.1496    ]]

iter 10 cost=9989.788563 -> 9975.346947 |dtheta|=6.843344e-02  lambda=1.000e-06

============================================================
Iteration 11
============================================================
Theta offsets (Unity frame):
  Source   : dSx=   0.000, dSy=   0.000, dSz=   0.000  (mm)
  Object   : dOx=  -0.434, dOy=   4.214, dOz=  15.015  (mm)
  Object offset: offset_x=   0.041, offset_z=   3.671  (mm)
  Detector : dDx=   0.000, dDy=   0.000, dDz=   0.000  (mm)
  Obj Stage rotY :    4.679 deg
============================================================

Unity geometry (world coordinates):
  Source   : x= -10.000, y=  29.997, z=   0.000
  Object   : x=   0.106, y=  24.214, z= 615.015
  Detector : x= -20.002, y=  33.656, z= 959.000
  Obj rotY :  -4.5698 deg

Initial calibration:
  Source   : x=   0.000, y=   0.000, z=   0.000
  Object   : x=   0.000, y=   0.000, z=   0.000
  Detector : x=  25.318, y=   6.310, z=  40.001

After Calibration: 

Unity geometry (world coordinates):
  Source   : x= -10.000, y=  29.997, z=   0.000
  Object   : x=   0.106, y=  24.214, z= 615.015
  Detector : x=   5.316, y=  39.966, z= 999.001
  Obj rotY :  -4.5698 deg
view   0 | SOD= 618.786 mm | SDD= 999.168 mm | M= 1.615 | incident=1.0480°
[[  -9.259108   -618.6898       -5.7834587 ]
 [   4.1507425   380.33838     -15.751793  ]
 [   0.14959973    0.0002855     0.        ]
 [   0.            0.            0.1496    ]]
Residual vector length: 7200, Jacobian shape: (7200, 6)
view   0 | SOD= 618.718 mm | SDD= 999.168 mm | M= 1.615 | incident=1.0480°
[[  -9.255068   -618.62164      -5.782894  ]
 [   4.149805    380.40665     -15.751228  ]
 [   0.14959973    0.00028625    0.        ]
 [   0.            0.            0.1496    ]]

iter 11 cost=9975.346947 -> 9968.917259 |dtheta|=6.477817e-02  lambda=1.000e-06

============================================================
Iteration 12
============================================================
Theta offsets (Unity frame):
  Source   : dSx=   0.000, dSy=   0.000, dSz=   0.000  (mm)
  Object   : dOx=  -0.436, dOy=   4.214, dOz=  14.950  (mm)
  Object offset: offset_x=   0.041, offset_z=   3.667  (mm)
  Detector : dDx=   0.000, dDy=   0.000, dDz=   0.000  (mm)
  Obj Stage rotY :    4.679 deg
============================================================

Unity geometry (world coordinates):
  Source   : x= -10.000, y=  29.997, z=   0.000
  Object   : x=   0.105, y=  24.214, z= 614.950
  Detector : x= -20.002, y=  33.656, z= 959.000
  Obj rotY :  -4.5698 deg

Initial calibration:
  Source   : x=   0.000, y=   0.000, z=   0.000
  Object   : x=   0.000, y=   0.000, z=   0.000
  Detector : x=  25.318, y=   6.310, z=  40.001

After Calibration: 

Unity geometry (world coordinates):
  Source   : x= -10.000, y=  29.997, z=   0.000
  Object   : x=   0.105, y=  24.214, z= 614.950
  Detector : x=   5.316, y=  39.966, z= 999.001
  Obj rotY :  -4.5698 deg
view   0 | SOD= 618.718 mm | SDD= 999.168 mm | M= 1.615 | incident=1.0480°
[[  -9.255068   -618.62164      -5.782894  ]
 [   4.149805    380.40665     -15.751228  ]
 [   0.14959973    0.00028625    0.        ]
 [   0.            0.            0.1496    ]]
Residual vector length: 7200, Jacobian shape: (7200, 6)
view   0 | SOD= 618.711 mm | SDD= 999.168 mm | M= 1.615 | incident=1.0480°
[[  -9.291696   -618.6138       -5.7830887 ]
 [   4.168536    380.41373     -15.751423  ]
 [   0.14959975    0.00027796    0.        ]
 [   0.            0.            0.1496    ]]

iter 12 cost=9968.917259 -> 9978.687322 |dtheta|=1.011996e-02  lambda=1.000e-06

============================================================
Iteration 13
============================================================
Theta offsets (Unity frame):
  Source   : dSx=   0.000, dSy=   0.000, dSz=   0.000  (mm)
  Object   : dOx=  -0.436, dOy=   4.214, dOz=  14.950  (mm)
  Object offset: offset_x=   0.041, offset_z=   3.667  (mm)
  Detector : dDx=   0.000, dDy=   0.000, dDz=   0.000  (mm)
  Obj Stage rotY :    4.679 deg
============================================================

Unity geometry (world coordinates):
  Source   : x= -10.000, y=  29.997, z=   0.000
  Object   : x=   0.105, y=  24.214, z= 614.950
  Detector : x= -20.002, y=  33.656, z= 959.000
  Obj rotY :  -4.5698 deg

Initial calibration:
  Source   : x=   0.000, y=   0.000, z=   0.000
  Object   : x=   0.000, y=   0.000, z=   0.000
  Detector : x=  25.318, y=   6.310, z=  40.001

After Calibration: 

Unity geometry (world coordinates):
  Source   : x= -10.000, y=  29.997, z=   0.000
  Object   : x=   0.105, y=  24.214, z= 614.950
  Detector : x=   5.316, y=  39.966, z= 999.001
  Obj rotY :  -4.5698 deg
view   0 | SOD= 618.718 mm | SDD= 999.168 mm | M= 1.615 | incident=1.0480°
[[  -9.255068   -618.62164      -5.782894  ]
 [   4.149805    380.40665     -15.751228  ]
 [   0.14959973    0.00028625    0.        ]
 [   0.            0.            0.1496    ]]
Residual vector length: 7200, Jacobian shape: (7200, 6)
view   0 | SOD= 618.711 mm | SDD= 999.168 mm | M= 1.615 | incident=1.0480°
[[  -9.291696   -618.6138       -5.7830887 ]
 [   4.168536    380.41373     -15.751423  ]
 [   0.14959975    0.00027796    0.        ]
 [   0.            0.            0.1496    ]]

iter 13 cost=9968.917259 -> 9978.687322 |dtheta|=1.011996e-02  lambda=5.000e-06

============================================================
Iteration 14
============================================================
Theta offsets (Unity frame):
  Source   : dSx=   0.000, dSy=   0.000, dSz=   0.000  (mm)
  Object   : dOx=  -0.436, dOy=   4.214, dOz=  14.950  (mm)
  Object offset: offset_x=   0.041, offset_z=   3.667  (mm)
  Detector : dDx=   0.000, dDy=   0.000, dDz=   0.000  (mm)
  Obj Stage rotY :    4.679 deg
============================================================

Unity geometry (world coordinates):
  Source   : x= -10.000, y=  29.997, z=   0.000
  Object   : x=   0.105, y=  24.214, z= 614.950
  Detector : x= -20.002, y=  33.656, z= 959.000
  Obj rotY :  -4.5698 deg

Initial calibration:
  Source   : x=   0.000, y=   0.000, z=   0.000
  Object   : x=   0.000, y=   0.000, z=   0.000
  Detector : x=  25.318, y=   6.310, z=  40.001

After Calibration: 

Unity geometry (world coordinates):
  Source   : x= -10.000, y=  29.997, z=   0.000
  Object   : x=   0.105, y=  24.214, z= 614.950
  Detector : x=   5.316, y=  39.966, z= 999.001
  Obj rotY :  -4.5698 deg
view   0 | SOD= 618.718 mm | SDD= 999.168 mm | M= 1.615 | incident=1.0480°
[[  -9.255068   -618.62164      -5.782894  ]
 [   4.149805    380.40665     -15.751228  ]
 [   0.14959973    0.00028625    0.        ]
 [   0.            0.            0.1496    ]]
Residual vector length: 7200, Jacobian shape: (7200, 6)
view   0 | SOD= 618.711 mm | SDD= 999.168 mm | M= 1.615 | incident=1.0480°
[[  -9.291696   -618.6138       -5.7830887 ]
 [   4.168536    380.41373     -15.751423  ]
 [   0.14959975    0.00027796    0.        ]
 [   0.            0.            0.1496    ]]

iter 14 cost=9968.917259 -> 9978.687322 |dtheta|=1.011996e-02  lambda=2.500e-05

============================================================
Iteration 15
============================================================
Theta offsets (Unity frame):
  Source   : dSx=   0.000, dSy=   0.000, dSz=   0.000  (mm)
  Object   : dOx=  -0.436, dOy=   4.214, dOz=  14.950  (mm)
  Object offset: offset_x=   0.041, offset_z=   3.667  (mm)
  Detector : dDx=   0.000, dDy=   0.000, dDz=   0.000  (mm)
  Obj Stage rotY :    4.679 deg
============================================================

Unity geometry (world coordinates):
  Source   : x= -10.000, y=  29.997, z=   0.000
  Object   : x=   0.105, y=  24.214, z= 614.950
  Detector : x= -20.002, y=  33.656, z= 959.000
  Obj rotY :  -4.5698 deg

Initial calibration:
  Source   : x=   0.000, y=   0.000, z=   0.000
  Object   : x=   0.000, y=   0.000, z=   0.000
  Detector : x=  25.318, y=   6.310, z=  40.001

After Calibration: 

Unity geometry (world coordinates):
  Source   : x= -10.000, y=  29.997, z=   0.000
  Object   : x=   0.105, y=  24.214, z= 614.950
  Detector : x=   5.316, y=  39.966, z= 999.001
  Obj rotY :  -4.5698 deg
view   0 | SOD= 618.718 mm | SDD= 999.168 mm | M= 1.615 | incident=1.0480°
[[  -9.255068   -618.62164      -5.782894  ]
 [   4.149805    380.40665     -15.751228  ]
 [   0.14959973    0.00028625    0.        ]
 [   0.            0.            0.1496    ]]
Residual vector length: 7200, Jacobian shape: (7200, 6)
view   0 | SOD= 618.711 mm | SDD= 999.168 mm | M= 1.615 | incident=1.0480°
[[  -9.291696   -618.6138       -5.7830887 ]
 [   4.168536    380.41373     -15.751423  ]
 [   0.14959975    0.00027796    0.        ]
 [   0.            0.            0.1496    ]]

iter 15 cost=9968.917259 -> 9978.687322 |dtheta|=1.011996e-02  lambda=1.250e-04

============================================================
Iteration 16
============================================================
Theta offsets (Unity frame):
  Source   : dSx=   0.000, dSy=   0.000, dSz=   0.000  (mm)
  Object   : dOx=  -0.436, dOy=   4.214, dOz=  14.950  (mm)
  Object offset: offset_x=   0.041, offset_z=   3.667  (mm)
  Detector : dDx=   0.000, dDy=   0.000, dDz=   0.000  (mm)
  Obj Stage rotY :    4.679 deg
============================================================

Unity geometry (world coordinates):
  Source   : x= -10.000, y=  29.997, z=   0.000
  Object   : x=   0.105, y=  24.214, z= 614.950
  Detector : x= -20.002, y=  33.656, z= 959.000
  Obj rotY :  -4.5698 deg

Initial calibration:
  Source   : x=   0.000, y=   0.000, z=   0.000
  Object   : x=   0.000, y=   0.000, z=   0.000
  Detector : x=  25.318, y=   6.310, z=  40.001

After Calibration: 

Unity geometry (world coordinates):
  Source   : x= -10.000, y=  29.997, z=   0.000
  Object   : x=   0.105, y=  24.214, z= 614.950
  Detector : x=   5.316, y=  39.966, z= 999.001
  Obj rotY :  -4.5698 deg
view   0 | SOD= 618.718 mm | SDD= 999.168 mm | M= 1.615 | incident=1.0480°
[[  -9.255068   -618.62164      -5.782894  ]
 [   4.149805    380.40665     -15.751228  ]
 [   0.14959973    0.00028625    0.        ]
 [   0.            0.            0.1496    ]]
Residual vector length: 7200, Jacobian shape: (7200, 6)
view   0 | SOD= 618.711 mm | SDD= 999.168 mm | M= 1.615 | incident=1.0480°
[[  -9.291696   -618.6138       -5.7830887 ]
 [   4.168536    380.41373     -15.751423  ]
 [   0.14959975    0.00027796    0.        ]
 [   0.            0.            0.1496    ]]

iter 16 cost=9968.917259 -> 9978.687322 |dtheta|=1.011996e-02  lambda=6.250e-04

============================================================
Iteration 17
============================================================
Theta offsets (Unity frame):
  Source   : dSx=   0.000, dSy=   0.000, dSz=   0.000  (mm)
  Object   : dOx=  -0.436, dOy=   4.214, dOz=  14.950  (mm)
  Object offset: offset_x=   0.041, offset_z=   3.667  (mm)
  Detector : dDx=   0.000, dDy=   0.000, dDz=   0.000  (mm)
  Obj Stage rotY :    4.679 deg
============================================================

Unity geometry (world coordinates):
  Source   : x= -10.000, y=  29.997, z=   0.000
  Object   : x=   0.105, y=  24.214, z= 614.950
  Detector : x= -20.002, y=  33.656, z= 959.000
  Obj rotY :  -4.5698 deg

Initial calibration:
  Source   : x=   0.000, y=   0.000, z=   0.000
  Object   : x=   0.000, y=   0.000, z=   0.000
  Detector : x=  25.318, y=   6.310, z=  40.001

After Calibration: 

Unity geometry (world coordinates):
  Source   : x= -10.000, y=  29.997, z=   0.000
  Object   : x=   0.105, y=  24.214, z= 614.950
  Detector : x=   5.316, y=  39.966, z= 999.001
  Obj rotY :  -4.5698 deg
view   0 | SOD= 618.718 mm | SDD= 999.168 mm | M= 1.615 | incident=1.0480°
[[  -9.255068   -618.62164      -5.782894  ]
 [   4.149805    380.40665     -15.751228  ]
 [   0.14959973    0.00028625    0.        ]
 [   0.            0.            0.1496    ]]
Residual vector length: 7200, Jacobian shape: (7200, 6)
view   0 | SOD= 618.711 mm | SDD= 999.168 mm | M= 1.615 | incident=1.0480°
[[  -9.291696   -618.6138       -5.7830887 ]
 [   4.168536    380.41373     -15.751423  ]
 [   0.14959975    0.00027796    0.        ]
 [   0.            0.            0.1496    ]]

iter 17 cost=9968.917259 -> 9978.687322 |dtheta|=1.011994e-02  lambda=3.125e-03

============================================================
Iteration 18
============================================================
Theta offsets (Unity frame):
  Source   : dSx=   0.000, dSy=   0.000, dSz=   0.000  (mm)
  Object   : dOx=  -0.436, dOy=   4.214, dOz=  14.950  (mm)
  Object offset: offset_x=   0.041, offset_z=   3.667  (mm)
  Detector : dDx=   0.000, dDy=   0.000, dDz=   0.000  (mm)
  Obj Stage rotY :    4.679 deg
============================================================

Unity geometry (world coordinates):
  Source   : x= -10.000, y=  29.997, z=   0.000
  Object   : x=   0.105, y=  24.214, z= 614.950
  Detector : x= -20.002, y=  33.656, z= 959.000
  Obj rotY :  -4.5698 deg

Initial calibration:
  Source   : x=   0.000, y=   0.000, z=   0.000
  Object   : x=   0.000, y=   0.000, z=   0.000
  Detector : x=  25.318, y=   6.310, z=  40.001

After Calibration: 

Unity geometry (world coordinates):
  Source   : x= -10.000, y=  29.997, z=   0.000
  Object   : x=   0.105, y=  24.214, z= 614.950
  Detector : x=   5.316, y=  39.966, z= 999.001
  Obj rotY :  -4.5698 deg
view   0 | SOD= 618.718 mm | SDD= 999.168 mm | M= 1.615 | incident=1.0480°
[[  -9.255068   -618.62164      -5.782894  ]
 [   4.149805    380.40665     -15.751228  ]
 [   0.14959973    0.00028625    0.        ]
 [   0.            0.            0.1496    ]]
Residual vector length: 7200, Jacobian shape: (7200, 6)
view   0 | SOD= 618.711 mm | SDD= 999.168 mm | M= 1.615 | incident=1.0480°
[[  -9.291696   -618.6138       -5.7830887 ]
 [   4.168536    380.41373     -15.751423  ]
 [   0.14959975    0.00027796    0.        ]
 [   0.            0.            0.1496    ]]

iter 18 cost=9968.917259 -> 9978.687322 |dtheta|=1.011982e-02  lambda=1.562e-02

============================================================
Iteration 19
============================================================
Theta offsets (Unity frame):
  Source   : dSx=   0.000, dSy=   0.000, dSz=   0.000  (mm)
  Object   : dOx=  -0.436, dOy=   4.214, dOz=  14.950  (mm)
  Object offset: offset_x=   0.041, offset_z=   3.667  (mm)
  Detector : dDx=   0.000, dDy=   0.000, dDz=   0.000  (mm)
  Obj Stage rotY :    4.679 deg
============================================================

Unity geometry (world coordinates):
  Source   : x= -10.000, y=  29.997, z=   0.000
  Object   : x=   0.105, y=  24.214, z= 614.950
  Detector : x= -20.002, y=  33.656, z= 959.000
  Obj rotY :  -4.5698 deg

Initial calibration:
  Source   : x=   0.000, y=   0.000, z=   0.000
  Object   : x=   0.000, y=   0.000, z=   0.000
  Detector : x=  25.318, y=   6.310, z=  40.001

After Calibration: 

Unity geometry (world coordinates):
  Source   : x= -10.000, y=  29.997, z=   0.000
  Object   : x=   0.105, y=  24.214, z= 614.950
  Detector : x=   5.316, y=  39.966, z= 999.001
  Obj rotY :  -4.5698 deg
view   0 | SOD= 618.718 mm | SDD= 999.168 mm | M= 1.615 | incident=1.0480°
[[  -9.255068   -618.62164      -5.782894  ]
 [   4.149805    380.40665     -15.751228  ]
 [   0.14959973    0.00028625    0.        ]
 [   0.            0.            0.1496    ]]
Residual vector length: 7200, Jacobian shape: (7200, 6)
view   0 | SOD= 618.711 mm | SDD= 999.168 mm | M= 1.615 | incident=1.0480°
[[  -9.291696   -618.6138       -5.7830887 ]
 [   4.168536    380.41373     -15.751423  ]
 [   0.14959975    0.00027796    0.        ]
 [   0.            0.            0.1496    ]]

iter 19 cost=9968.917259 -> 9978.687322 |dtheta|=1.011927e-02  lambda=7.812e-02

============================================================
Iteration 20
============================================================
Theta offsets (Unity frame):
  Source   : dSx=   0.000, dSy=   0.000, dSz=   0.000  (mm)
  Object   : dOx=  -0.436, dOy=   4.214, dOz=  14.950  (mm)
  Object offset: offset_x=   0.041, offset_z=   3.667  (mm)
  Detector : dDx=   0.000, dDy=   0.000, dDz=   0.000  (mm)
  Obj Stage rotY :    4.679 deg
============================================================

Unity geometry (world coordinates):
  Source   : x= -10.000, y=  29.997, z=   0.000
  Object   : x=   0.105, y=  24.214, z= 614.950
  Detector : x= -20.002, y=  33.656, z= 959.000
  Obj rotY :  -4.5698 deg

Initial calibration:
  Source   : x=   0.000, y=   0.000, z=   0.000
  Object   : x=   0.000, y=   0.000, z=   0.000
  Detector : x=  25.318, y=   6.310, z=  40.001

After Calibration: 

Unity geometry (world coordinates):
  Source   : x= -10.000, y=  29.997, z=   0.000
  Object   : x=   0.105, y=  24.214, z= 614.950
  Detector : x=   5.316, y=  39.966, z= 999.001
  Obj rotY :  -4.5698 deg
view   0 | SOD= 618.718 mm | SDD= 999.168 mm | M= 1.615 | incident=1.0480°
[[  -9.255068   -618.62164      -5.782894  ]
 [   4.149805    380.40665     -15.751228  ]
 [   0.14959973    0.00028625    0.        ]
 [   0.            0.            0.1496    ]]
Residual vector length: 7200, Jacobian shape: (7200, 6)
view   0 | SOD= 618.711 mm | SDD= 999.168 mm | M= 1.615 | incident=1.0480°
[[  -9.291695   -618.6138       -5.7830887 ]
 [   4.168535    380.41373     -15.751423  ]
 [   0.14959975    0.00027796    0.        ]
 [   0.            0.            0.1496    ]]

iter 20 cost=9968.917259 -> 9978.687322 |dtheta|=1.011648e-02  lambda=3.906e-01

============================================================
Iteration 21
============================================================
Theta offsets (Unity frame):
  Source   : dSx=   0.000, dSy=   0.000, dSz=   0.000  (mm)
  Object   : dOx=  -0.436, dOy=   4.214, dOz=  14.950  (mm)
  Object offset: offset_x=   0.041, offset_z=   3.667  (mm)
  Detector : dDx=   0.000, dDy=   0.000, dDz=   0.000  (mm)
  Obj Stage rotY :    4.679 deg
============================================================

Unity geometry (world coordinates):
  Source   : x= -10.000, y=  29.997, z=   0.000
  Object   : x=   0.105, y=  24.214, z= 614.950
  Detector : x= -20.002, y=  33.656, z= 959.000
  Obj rotY :  -4.5698 deg

Initial calibration:
  Source   : x=   0.000, y=   0.000, z=   0.000
  Object   : x=   0.000, y=   0.000, z=   0.000
  Detector : x=  25.318, y=   6.310, z=  40.001

After Calibration: 

Unity geometry (world coordinates):
  Source   : x= -10.000, y=  29.997, z=   0.000
  Object   : x=   0.105, y=  24.214, z= 614.950
  Detector : x=   5.316, y=  39.966, z= 999.001
  Obj rotY :  -4.5698 deg
view   0 | SOD= 618.718 mm | SDD= 999.168 mm | M= 1.615 | incident=1.0480°
[[  -9.255068   -618.62164      -5.782894  ]
 [   4.149805    380.40665     -15.751228  ]
 [   0.14959973    0.00028625    0.        ]
 [   0.            0.            0.1496    ]]
Residual vector length: 7200, Jacobian shape: (7200, 6)
view   0 | SOD= 618.711 mm | SDD= 999.168 mm | M= 1.615 | incident=1.0480°
[[  -9.291691   -618.6138       -5.7830906 ]
 [   4.1685324   380.41373     -15.751425  ]
 [   0.14959975    0.00027796    0.        ]
 [   0.            0.            0.1496    ]]

iter 21 cost=9968.917259 -> 9978.357671 |dtheta|=1.010260e-02  lambda=1.953e+00

============================================================
Iteration 22
============================================================
Theta offsets (Unity frame):
  Source   : dSx=   0.000, dSy=   0.000, dSz=   0.000  (mm)
  Object   : dOx=  -0.436, dOy=   4.214, dOz=  14.950  (mm)
  Object offset: offset_x=   0.041, offset_z=   3.667  (mm)
  Detector : dDx=   0.000, dDy=   0.000, dDz=   0.000  (mm)
  Obj Stage rotY :    4.679 deg
============================================================

Unity geometry (world coordinates):
  Source   : x= -10.000, y=  29.997, z=   0.000
  Object   : x=   0.105, y=  24.214, z= 614.950
  Detector : x= -20.002, y=  33.656, z= 959.000
  Obj rotY :  -4.5698 deg

Initial calibration:
  Source   : x=   0.000, y=   0.000, z=   0.000
  Object   : x=   0.000, y=   0.000, z=   0.000
  Detector : x=  25.318, y=   6.310, z=  40.001

After Calibration: 

Unity geometry (world coordinates):
  Source   : x= -10.000, y=  29.997, z=   0.000
  Object   : x=   0.105, y=  24.214, z= 614.950
  Detector : x=   5.316, y=  39.966, z= 999.001
  Obj rotY :  -4.5698 deg
view   0 | SOD= 618.718 mm | SDD= 999.168 mm | M= 1.615 | incident=1.0480°
[[  -9.255068   -618.62164      -5.782894  ]
 [   4.149805    380.40665     -15.751228  ]
 [   0.14959973    0.00028625    0.        ]
 [   0.            0.            0.1496    ]]
Residual vector length: 7200, Jacobian shape: (7200, 6)
view   0 | SOD= 618.711 mm | SDD= 999.168 mm | M= 1.615 | incident=1.0480°
[[  -9.29167    -618.61383      -5.7830906 ]
 [   4.168517    380.41367     -15.751425  ]
 [   0.14959975    0.00027796    0.        ]
 [   0.            0.            0.1496    ]]

iter 22 cost=9968.917259 -> 9978.953004 |dtheta|=1.003394e-02  lambda=9.766e+00

============================================================
Iteration 23
============================================================
Theta offsets (Unity frame):
  Source   : dSx=   0.000, dSy=   0.000, dSz=   0.000  (mm)
  Object   : dOx=  -0.436, dOy=   4.214, dOz=  14.950  (mm)
  Object offset: offset_x=   0.041, offset_z=   3.667  (mm)
  Detector : dDx=   0.000, dDy=   0.000, dDz=   0.000  (mm)
  Obj Stage rotY :    4.679 deg
============================================================

Unity geometry (world coordinates):
  Source   : x= -10.000, y=  29.997, z=   0.000
  Object   : x=   0.105, y=  24.214, z= 614.950
  Detector : x= -20.002, y=  33.656, z= 959.000
  Obj rotY :  -4.5698 deg

Initial calibration:
  Source   : x=   0.000, y=   0.000, z=   0.000
  Object   : x=   0.000, y=   0.000, z=   0.000
  Detector : x=  25.318, y=   6.310, z=  40.001

After Calibration: 

Unity geometry (world coordinates):
  Source   : x= -10.000, y=  29.997, z=   0.000
  Object   : x=   0.105, y=  24.214, z= 614.950
  Detector : x=   5.316, y=  39.966, z= 999.001
  Obj rotY :  -4.5698 deg
view   0 | SOD= 618.718 mm | SDD= 999.168 mm | M= 1.615 | incident=1.0480°
[[  -9.255068   -618.62164      -5.782894  ]
 [   4.149805    380.40665     -15.751228  ]
 [   0.14959973    0.00028625    0.        ]
 [   0.            0.            0.1496    ]]
Residual vector length: 7200, Jacobian shape: (7200, 6)
view   0 | SOD= 618.711 mm | SDD= 999.168 mm | M= 1.615 | incident=1.0480°
[[  -9.291563   -618.6142       -5.7830925 ]
 [   4.1684437   380.4133      -15.751427  ]
 [   0.14959975    0.00027799    0.        ]
 [   0.            0.            0.1496    ]]

iter 23 cost=9968.917259 -> 9976.481810 |dtheta|=9.708371e-03  lambda=4.883e+01

============================================================
Iteration 24
============================================================
Theta offsets (Unity frame):
  Source   : dSx=   0.000, dSy=   0.000, dSz=   0.000  (mm)
  Object   : dOx=  -0.436, dOy=   4.214, dOz=  14.950  (mm)
  Object offset: offset_x=   0.041, offset_z=   3.667  (mm)
  Detector : dDx=   0.000, dDy=   0.000, dDz=   0.000  (mm)
  Obj Stage rotY :    4.679 deg
============================================================

Unity geometry (world coordinates):
  Source   : x= -10.000, y=  29.997, z=   0.000
  Object   : x=   0.105, y=  24.214, z= 614.950
  Detector : x= -20.002, y=  33.656, z= 959.000
  Obj rotY :  -4.5698 deg

Initial calibration:
  Source   : x=   0.000, y=   0.000, z=   0.000
  Object   : x=   0.000, y=   0.000, z=   0.000
  Detector : x=  25.318, y=   6.310, z=  40.001

After Calibration: 

Unity geometry (world coordinates):
  Source   : x= -10.000, y=  29.997, z=   0.000
  Object   : x=   0.105, y=  24.214, z= 614.950
  Detector : x=   5.316, y=  39.966, z= 999.001
  Obj rotY :  -4.5698 deg
view   0 | SOD= 618.718 mm | SDD= 999.168 mm | M= 1.615 | incident=1.0480°
[[  -9.255068   -618.62164      -5.782894  ]
 [   4.149805    380.40665     -15.751228  ]
 [   0.14959973    0.00028625    0.        ]
 [   0.            0.            0.1496    ]]
Residual vector length: 7200, Jacobian shape: (7200, 6)
view   0 | SOD= 618.713 mm | SDD= 999.168 mm | M= 1.615 | incident=1.0480°
[[  -9.29102    -618.6157       -5.783104  ]
 [   4.1680775   380.41183     -15.751438  ]
 [   0.14959975    0.00027813    0.        ]
 [   0.            0.            0.1496    ]]

iter 24 cost=9968.917259 -> 9976.956017 |dtheta|=8.430397e-03  lambda=2.441e+02

============================================================
Iteration 25
============================================================
Theta offsets (Unity frame):
  Source   : dSx=   0.000, dSy=   0.000, dSz=   0.000  (mm)
  Object   : dOx=  -0.436, dOy=   4.214, dOz=  14.950  (mm)
  Object offset: offset_x=   0.041, offset_z=   3.667  (mm)
  Detector : dDx=   0.000, dDy=   0.000, dDz=   0.000  (mm)
  Obj Stage rotY :    4.679 deg
============================================================

Unity geometry (world coordinates):
  Source   : x= -10.000, y=  29.997, z=   0.000
  Object   : x=   0.105, y=  24.214, z= 614.950
  Detector : x= -20.002, y=  33.656, z= 959.000
  Obj rotY :  -4.5698 deg

Initial calibration:
  Source   : x=   0.000, y=   0.000, z=   0.000
  Object   : x=   0.000, y=   0.000, z=   0.000
  Detector : x=  25.318, y=   6.310, z=  40.001

After Calibration: 

Unity geometry (world coordinates):
  Source   : x= -10.000, y=  29.997, z=   0.000
  Object   : x=   0.105, y=  24.214, z= 614.950
  Detector : x=   5.316, y=  39.966, z= 999.001
  Obj rotY :  -4.5698 deg
view   0 | SOD= 618.718 mm | SDD= 999.168 mm | M= 1.615 | incident=1.0480°
[[  -9.255068   -618.62164      -5.782894  ]
 [   4.149805    380.40665     -15.751228  ]
 [   0.14959973    0.00028625    0.        ]
 [   0.            0.            0.1496    ]]
Residual vector length: 7200, Jacobian shape: (7200, 6)
view   0 | SOD= 618.716 mm | SDD= 999.168 mm | M= 1.615 | incident=1.0480°
[[  -9.28836    -618.61896      -5.783127  ]
 [   4.1663775   380.40863     -15.751461  ]
 [   0.14959975    0.00027878    0.        ]
 [   0.            0.            0.1496    ]]

iter 25 cost=9968.917259 -> 9978.239414 |dtheta|=5.746343e-03  lambda=1.221e+03

============================================================
Iteration 26
============================================================
Theta offsets (Unity frame):
  Source   : dSx=   0.000, dSy=   0.000, dSz=   0.000  (mm)
  Object   : dOx=  -0.436, dOy=   4.214, dOz=  14.950  (mm)
  Object offset: offset_x=   0.041, offset_z=   3.667  (mm)
  Detector : dDx=   0.000, dDy=   0.000, dDz=   0.000  (mm)
  Obj Stage rotY :    4.679 deg
============================================================

Unity geometry (world coordinates):
  Source   : x= -10.000, y=  29.997, z=   0.000
  Object   : x=   0.105, y=  24.214, z= 614.950
  Detector : x= -20.002, y=  33.656, z= 959.000
  Obj rotY :  -4.5698 deg

Initial calibration:
  Source   : x=   0.000, y=   0.000, z=   0.000
  Object   : x=   0.000, y=   0.000, z=   0.000
  Detector : x=  25.318, y=   6.310, z=  40.001

After Calibration: 

Unity geometry (world coordinates):
  Source   : x= -10.000, y=  29.997, z=   0.000
  Object   : x=   0.105, y=  24.214, z= 614.950
  Detector : x=   5.316, y=  39.966, z= 999.001
  Obj rotY :  -4.5698 deg
view   0 | SOD= 618.718 mm | SDD= 999.168 mm | M= 1.615 | incident=1.0480°
[[  -9.255068   -618.62164      -5.782894  ]
 [   4.149805    380.40665     -15.751228  ]
 [   0.14959973    0.00028625    0.        ]
 [   0.            0.            0.1496    ]]
Residual vector length: 7200, Jacobian shape: (7200, 6)
view   0 | SOD= 618.718 mm | SDD= 999.168 mm | M= 1.615 | incident=1.0480°
[[  -9.27928    -618.6218       -5.783142  ]
 [   4.160822    380.40594     -15.751476  ]
 [   0.14959973    0.00028097    0.        ]
 [   0.            0.            0.1496    ]]

iter 26 cost=9968.917259 -> 9977.082158 |dtheta|=3.790732e-03  lambda=6.104e+03

============================================================
Iteration 27
============================================================
Theta offsets (Unity frame):
  Source   : dSx=   0.000, dSy=   0.000, dSz=   0.000  (mm)
  Object   : dOx=  -0.436, dOy=   4.214, dOz=  14.950  (mm)
  Object offset: offset_x=   0.041, offset_z=   3.667  (mm)
  Detector : dDx=   0.000, dDy=   0.000, dDz=   0.000  (mm)
  Obj Stage rotY :    4.679 deg
============================================================

Unity geometry (world coordinates):
  Source   : x= -10.000, y=  29.997, z=   0.000
  Object   : x=   0.105, y=  24.214, z= 614.950
  Detector : x= -20.002, y=  33.656, z= 959.000
  Obj rotY :  -4.5698 deg

Initial calibration:
  Source   : x=   0.000, y=   0.000, z=   0.000
  Object   : x=   0.000, y=   0.000, z=   0.000
  Detector : x=  25.318, y=   6.310, z=  40.001

After Calibration: 

Unity geometry (world coordinates):
  Source   : x= -10.000, y=  29.997, z=   0.000
  Object   : x=   0.105, y=  24.214, z= 614.950
  Detector : x=   5.316, y=  39.966, z= 999.001
  Obj rotY :  -4.5698 deg
view   0 | SOD= 618.718 mm | SDD= 999.168 mm | M= 1.615 | incident=1.0480°
[[  -9.255068   -618.62164      -5.782894  ]
 [   4.149805    380.40665     -15.751228  ]
 [   0.14959973    0.00028625    0.        ]
 [   0.            0.            0.1496    ]]
Residual vector length: 7200, Jacobian shape: (7200, 6)
view   0 | SOD= 618.719 mm | SDD= 999.168 mm | M= 1.615 | incident=1.0480°
[[  -9.266131   -618.62274      -5.783123  ]
 [   4.1532097   380.40536     -15.751457  ]
 [   0.14959973    0.00028408    0.        ]
 [   0.            0.            0.1496    ]]

iter 27 cost=9968.917259 -> 9976.844764 |dtheta|=2.715299e-03  lambda=3.052e+04

============================================================
Iteration 28
============================================================
Theta offsets (Unity frame):
  Source   : dSx=   0.000, dSy=   0.000, dSz=   0.000  (mm)
  Object   : dOx=  -0.436, dOy=   4.214, dOz=  14.950  (mm)
  Object offset: offset_x=   0.041, offset_z=   3.667  (mm)
  Detector : dDx=   0.000, dDy=   0.000, dDz=   0.000  (mm)
  Obj Stage rotY :    4.679 deg
============================================================

Unity geometry (world coordinates):
  Source   : x= -10.000, y=  29.997, z=   0.000
  Object   : x=   0.105, y=  24.214, z= 614.950
  Detector : x= -20.002, y=  33.656, z= 959.000
  Obj rotY :  -4.5698 deg

Initial calibration:
  Source   : x=   0.000, y=   0.000, z=   0.000
  Object   : x=   0.000, y=   0.000, z=   0.000
  Detector : x=  25.318, y=   6.310, z=  40.001

After Calibration: 

Unity geometry (world coordinates):
  Source   : x= -10.000, y=  29.997, z=   0.000
  Object   : x=   0.105, y=  24.214, z= 614.950
  Detector : x=   5.316, y=  39.966, z= 999.001
  Obj rotY :  -4.5698 deg
view   0 | SOD= 618.718 mm | SDD= 999.168 mm | M= 1.615 | incident=1.0480°
[[  -9.255068   -618.62164      -5.782894  ]
 [   4.149805    380.40665     -15.751228  ]
 [   0.14959973    0.00028625    0.        ]
 [   0.            0.            0.1496    ]]
Residual vector length: 7200, Jacobian shape: (7200, 6)
view   0 | SOD= 618.719 mm | SDD= 999.168 mm | M= 1.615 | incident=1.0480°
[[  -9.258716   -618.62244      -5.7830467 ]
 [   4.150017    380.40576     -15.751381  ]
 [   0.14959973    0.00028567    0.        ]
 [   0.            0.            0.1496    ]]

iter 28 cost=9968.917259 -> 9978.966002 |dtheta|=1.536272e-03  lambda=1.526e+05

============================================================
Iteration 29
============================================================
Theta offsets (Unity frame):
  Source   : dSx=   0.000, dSy=   0.000, dSz=   0.000  (mm)
  Object   : dOx=  -0.436, dOy=   4.214, dOz=  14.950  (mm)
  Object offset: offset_x=   0.041, offset_z=   3.667  (mm)
  Detector : dDx=   0.000, dDy=   0.000, dDz=   0.000  (mm)
  Obj Stage rotY :    4.679 deg
============================================================

Unity geometry (world coordinates):
  Source   : x= -10.000, y=  29.997, z=   0.000
  Object   : x=   0.105, y=  24.214, z= 614.950
  Detector : x= -20.002, y=  33.656, z= 959.000
  Obj rotY :  -4.5698 deg

Initial calibration:
  Source   : x=   0.000, y=   0.000, z=   0.000
  Object   : x=   0.000, y=   0.000, z=   0.000
  Detector : x=  25.318, y=   6.310, z=  40.001

After Calibration: 

Unity geometry (world coordinates):
  Source   : x= -10.000, y=  29.997, z=   0.000
  Object   : x=   0.105, y=  24.214, z= 614.950
  Detector : x=   5.316, y=  39.966, z= 999.001
  Obj rotY :  -4.5698 deg
view   0 | SOD= 618.718 mm | SDD= 999.168 mm | M= 1.615 | incident=1.0480°
[[  -9.255068   -618.62164      -5.782894  ]
 [   4.149805    380.40665     -15.751228  ]
 [   0.14959973    0.00028625    0.        ]
 [   0.            0.            0.1496    ]]
Residual vector length: 7200, Jacobian shape: (7200, 6)
view   0 | SOD= 618.718 mm | SDD= 999.168 mm | M= 1.615 | incident=1.0480°
[[  -9.256019   -618.62195      -5.7829514 ]
 [   4.1497173   380.40634     -15.751286  ]
 [   0.14959973    0.00028612    0.        ]
 [   0.            0.            0.1496    ]]

iter 29 cost=9968.917259 -> 9976.519849 |dtheta|=5.007231e-04  lambda=7.629e+05

============================================================
Iteration 30
============================================================
Theta offsets (Unity frame):
  Source   : dSx=   0.000, dSy=   0.000, dSz=   0.000  (mm)
  Object   : dOx=  -0.436, dOy=   4.214, dOz=  14.950  (mm)
  Object offset: offset_x=   0.041, offset_z=   3.667  (mm)
  Detector : dDx=   0.000, dDy=   0.000, dDz=   0.000  (mm)
  Obj Stage rotY :    4.679 deg
============================================================

Unity geometry (world coordinates):
  Source   : x= -10.000, y=  29.997, z=   0.000
  Object   : x=   0.105, y=  24.214, z= 614.950
  Detector : x= -20.002, y=  33.656, z= 959.000
  Obj rotY :  -4.5698 deg

Initial calibration:
  Source   : x=   0.000, y=   0.000, z=   0.000
  Object   : x=   0.000, y=   0.000, z=   0.000
  Detector : x=  25.318, y=   6.310, z=  40.001

After Calibration: 

Unity geometry (world coordinates):
  Source   : x= -10.000, y=  29.997, z=   0.000
  Object   : x=   0.105, y=  24.214, z= 614.950
  Detector : x=   5.316, y=  39.966, z= 999.001
  Obj rotY :  -4.5698 deg
view   0 | SOD= 618.718 mm | SDD= 999.168 mm | M= 1.615 | incident=1.0480°
[[  -9.255068   -618.62164      -5.782894  ]
 [   4.149805    380.40665     -15.751228  ]
 [   0.14959973    0.00028625    0.        ]
 [   0.            0.            0.1496    ]]
Residual vector length: 7200, Jacobian shape: (7200, 6)
view   0 | SOD= 618.718 mm | SDD= 999.168 mm | M= 1.615 | incident=1.0480°
[[  -9.25581    -618.6219       -5.78294   ]
 [   4.149728    380.4064      -15.751274  ]
 [   0.14959973    0.00028615    0.        ]
 [   0.            0.            0.1496    ]]

iter 30 cost=9968.917259 -> 9974.415909 |dtheta|=3.969580e-04  lambda=1.000e+06

============================================================
Iteration 31
============================================================
Theta offsets (Unity frame):
  Source   : dSx=   0.000, dSy=   0.000, dSz=   0.000  (mm)
  Object   : dOx=  -0.436, dOy=   4.214, dOz=  14.950  (mm)
  Object offset: offset_x=   0.041, offset_z=   3.667  (mm)
  Detector : dDx=   0.000, dDy=   0.000, dDz=   0.000  (mm)
  Obj Stage rotY :    4.679 deg
============================================================

Unity geometry (world coordinates):
  Source   : x= -10.000, y=  29.997, z=   0.000
  Object   : x=   0.105, y=  24.214, z= 614.950
  Detector : x= -20.002, y=  33.656, z= 959.000
  Obj rotY :  -4.5698 deg

Initial calibration:
  Source   : x=   0.000, y=   0.000, z=   0.000
  Object   : x=   0.000, y=   0.000, z=   0.000
  Detector : x=  25.318, y=   6.310, z=  40.001

After Calibration: 

Unity geometry (world coordinates):
  Source   : x= -10.000, y=  29.997, z=   0.000
  Object   : x=   0.105, y=  24.214, z= 614.950
  Detector : x=   5.316, y=  39.966, z= 999.001
  Obj rotY :  -4.5698 deg
view   0 | SOD= 618.718 mm | SDD= 999.168 mm | M= 1.615 | incident=1.0480°
[[  -9.255068   -618.62164      -5.782894  ]
 [   4.149805    380.40665     -15.751228  ]
 [   0.14959973    0.00028625    0.        ]
 [   0.            0.            0.1496    ]]
Residual vector length: 7200, Jacobian shape: (7200, 6)
view   0 | SOD= 618.718 mm | SDD= 999.168 mm | M= 1.615 | incident=1.0480°
[[  -9.25581    -618.6219       -5.78294   ]
 [   4.149728    380.4064      -15.751274  ]
 [   0.14959973    0.00028615    0.        ]
 [   0.            0.            0.1496    ]]

iter 31 cost=9968.917259 -> 9974.415909 |dtheta|=3.969580e-04  lambda=1.000e+06

============================================================
Iteration 32
============================================================
Theta offsets (Unity frame):
  Source   : dSx=   0.000, dSy=   0.000, dSz=   0.000  (mm)
  Object   : dOx=  -0.436, dOy=   4.214, dOz=  14.950  (mm)
  Object offset: offset_x=   0.041, offset_z=   3.667  (mm)
  Detector : dDx=   0.000, dDy=   0.000, dDz=   0.000  (mm)
  Obj Stage rotY :    4.679 deg
============================================================

Unity geometry (world coordinates):
  Source   : x= -10.000, y=  29.997, z=   0.000
  Object   : x=   0.105, y=  24.214, z= 614.950
  Detector : x= -20.002, y=  33.656, z= 959.000
  Obj rotY :  -4.5698 deg

Initial calibration:
  Source   : x=   0.000, y=   0.000, z=   0.000
  Object   : x=   0.000, y=   0.000, z=   0.000
  Detector : x=  25.318, y=   6.310, z=  40.001

After Calibration: 

Unity geometry (world coordinates):
  Source   : x= -10.000, y=  29.997, z=   0.000
  Object   : x=   0.105, y=  24.214, z= 614.950
  Detector : x=   5.316, y=  39.966, z= 999.001
  Obj rotY :  -4.5698 deg
view   0 | SOD= 618.718 mm | SDD= 999.168 mm | M= 1.615 | incident=1.0480°
[[  -9.255068   -618.62164      -5.782894  ]
 [   4.149805    380.40665     -15.751228  ]
 [   0.14959973    0.00028625    0.        ]
 [   0.            0.            0.1496    ]]
Residual vector length: 7200, Jacobian shape: (7200, 6)
view   0 | SOD= 618.718 mm | SDD= 999.168 mm | M= 1.615 | incident=1.0480°
[[  -9.25581    -618.6219       -5.78294   ]
 [   4.149728    380.4064      -15.751274  ]
 [   0.14959973    0.00028615    0.        ]
 [   0.            0.            0.1496    ]]

iter 32 cost=9968.917259 -> 9974.415909 |dtheta|=3.969580e-04  lambda=1.000e+06

============================================================
Iteration 33
============================================================
Theta offsets (Unity frame):
  Source   : dSx=   0.000, dSy=   0.000, dSz=   0.000  (mm)
  Object   : dOx=  -0.436, dOy=   4.214, dOz=  14.950  (mm)
  Object offset: offset_x=   0.041, offset_z=   3.667  (mm)
  Detector : dDx=   0.000, dDy=   0.000, dDz=   0.000  (mm)
  Obj Stage rotY :    4.679 deg
============================================================

Unity geometry (world coordinates):
  Source   : x= -10.000, y=  29.997, z=   0.000
  Object   : x=   0.105, y=  24.214, z= 614.950
  Detector : x= -20.002, y=  33.656, z= 959.000
  Obj rotY :  -4.5698 deg

Initial calibration:
  Source   : x=   0.000, y=   0.000, z=   0.000
  Object   : x=   0.000, y=   0.000, z=   0.000
  Detector : x=  25.318, y=   6.310, z=  40.001

After Calibration: 

Unity geometry (world coordinates):
  Source   : x= -10.000, y=  29.997, z=   0.000
  Object   : x=   0.105, y=  24.214, z= 614.950
  Detector : x=   5.316, y=  39.966, z= 999.001
  Obj rotY :  -4.5698 deg
view   0 | SOD= 618.718 mm | SDD= 999.168 mm | M= 1.615 | incident=1.0480°
[[  -9.255068   -618.62164      -5.782894  ]
 [   4.149805    380.40665     -15.751228  ]
 [   0.14959973    0.00028625    0.        ]
 [   0.            0.            0.1496    ]]
Residual vector length: 7200, Jacobian shape: (7200, 6)
view   0 | SOD= 618.718 mm | SDD= 999.168 mm | M= 1.615 | incident=1.0480°
[[  -9.25581    -618.6219       -5.78294   ]
 [   4.149728    380.4064      -15.751274  ]
 [   0.14959973    0.00028615    0.        ]
 [   0.            0.            0.1496    ]]

iter 33 cost=9968.917259 -> 9974.415909 |dtheta|=3.969580e-04  lambda=1.000e+06

============================================================
Iteration 34
============================================================
Theta offsets (Unity frame):
  Source   : dSx=   0.000, dSy=   0.000, dSz=   0.000  (mm)
  Object   : dOx=  -0.436, dOy=   4.214, dOz=  14.950  (mm)
  Object offset: offset_x=   0.041, offset_z=   3.667  (mm)
  Detector : dDx=   0.000, dDy=   0.000, dDz=   0.000  (mm)
  Obj Stage rotY :    4.679 deg
============================================================

Unity geometry (world coordinates):
  Source   : x= -10.000, y=  29.997, z=   0.000
  Object   : x=   0.105, y=  24.214, z= 614.950
  Detector : x= -20.002, y=  33.656, z= 959.000
  Obj rotY :  -4.5698 deg

Initial calibration:
  Source   : x=   0.000, y=   0.000, z=   0.000
  Object   : x=   0.000, y=   0.000, z=   0.000
  Detector : x=  25.318, y=   6.310, z=  40.001

After Calibration: 

Unity geometry (world coordinates):
  Source   : x= -10.000, y=  29.997, z=   0.000
  Object   : x=   0.105, y=  24.214, z= 614.950
  Detector : x=   5.316, y=  39.966, z= 999.001
  Obj rotY :  -4.5698 deg
view   0 | SOD= 618.718 mm | SDD= 999.168 mm | M= 1.615 | incident=1.0480°
[[  -9.255068   -618.62164      -5.782894  ]
 [   4.149805    380.40665     -15.751228  ]
 [   0.14959973    0.00028625    0.        ]
 [   0.            0.            0.1496    ]]
Residual vector length: 7200, Jacobian shape: (7200, 6)
view   0 | SOD= 618.718 mm | SDD= 999.168 mm | M= 1.615 | incident=1.0480°
[[  -9.25581    -618.6219       -5.78294   ]
 [   4.149728    380.4064      -15.751274  ]
 [   0.14959973    0.00028615    0.        ]
 [   0.            0.            0.1496    ]]

iter 34 cost=9968.917259 -> 9974.415909 |dtheta|=3.969580e-04  lambda=1.000e+06

============================================================
Iteration 35
============================================================
Theta offsets (Unity frame):
  Source   : dSx=   0.000, dSy=   0.000, dSz=   0.000  (mm)
  Object   : dOx=  -0.436, dOy=   4.214, dOz=  14.950  (mm)
  Object offset: offset_x=   0.041, offset_z=   3.667  (mm)
  Detector : dDx=   0.000, dDy=   0.000, dDz=   0.000  (mm)
  Obj Stage rotY :    4.679 deg
============================================================

Unity geometry (world coordinates):
  Source   : x= -10.000, y=  29.997, z=   0.000
  Object   : x=   0.105, y=  24.214, z= 614.950
  Detector : x= -20.002, y=  33.656, z= 959.000
  Obj rotY :  -4.5698 deg

Initial calibration:
  Source   : x=   0.000, y=   0.000, z=   0.000
  Object   : x=   0.000, y=   0.000, z=   0.000
  Detector : x=  25.318, y=   6.310, z=  40.001

After Calibration: 

Unity geometry (world coordinates):
  Source   : x= -10.000, y=  29.997, z=   0.000
  Object   : x=   0.105, y=  24.214, z= 614.950
  Detector : x=   5.316, y=  39.966, z= 999.001
  Obj rotY :  -4.5698 deg
view   0 | SOD= 618.718 mm | SDD= 999.168 mm | M= 1.615 | incident=1.0480°
[[  -9.255068   -618.62164      -5.782894  ]
 [   4.149805    380.40665     -15.751228  ]
 [   0.14959973    0.00028625    0.        ]
 [   0.            0.            0.1496    ]]
Residual vector length: 7200, Jacobian shape: (7200, 6)
view   0 | SOD= 618.718 mm | SDD= 999.168 mm | M= 1.615 | incident=1.0480°
[[  -9.25581    -618.6219       -5.78294   ]
 [   4.149728    380.4064      -15.751274  ]
 [   0.14959973    0.00028615    0.        ]
 [   0.            0.            0.1496    ]]

iter 35 cost=9968.917259 -> 9974.415909 |dtheta|=3.969580e-04  lambda=1.000e+06

============================================================
Iteration 36
============================================================
Theta offsets (Unity frame):
  Source   : dSx=   0.000, dSy=   0.000, dSz=   0.000  (mm)
  Object   : dOx=  -0.436, dOy=   4.214, dOz=  14.950  (mm)
  Object offset: offset_x=   0.041, offset_z=   3.667  (mm)
  Detector : dDx=   0.000, dDy=   0.000, dDz=   0.000  (mm)
  Obj Stage rotY :    4.679 deg
============================================================

Unity geometry (world coordinates):
  Source   : x= -10.000, y=  29.997, z=   0.000
  Object   : x=   0.105, y=  24.214, z= 614.950
  Detector : x= -20.002, y=  33.656, z= 959.000
  Obj rotY :  -4.5698 deg

Initial calibration:
  Source   : x=   0.000, y=   0.000, z=   0.000
  Object   : x=   0.000, y=   0.000, z=   0.000
  Detector : x=  25.318, y=   6.310, z=  40.001

After Calibration: 

Unity geometry (world coordinates):
  Source   : x= -10.000, y=  29.997, z=   0.000
  Object   : x=   0.105, y=  24.214, z= 614.950
  Detector : x=   5.316, y=  39.966, z= 999.001
  Obj rotY :  -4.5698 deg
view   0 | SOD= 618.718 mm | SDD= 999.168 mm | M= 1.615 | incident=1.0480°
[[  -9.255068   -618.62164      -5.782894  ]
 [   4.149805    380.40665     -15.751228  ]
 [   0.14959973    0.00028625    0.        ]
 [   0.            0.            0.1496    ]]
Residual vector length: 7200, Jacobian shape: (7200, 6)
view   0 | SOD= 618.718 mm | SDD= 999.168 mm | M= 1.615 | incident=1.0480°
[[  -9.25581    -618.6219       -5.78294   ]
 [   4.149728    380.4064      -15.751274  ]
 [   0.14959973    0.00028615    0.        ]
 [   0.            0.            0.1496    ]]

iter 36 cost=9968.917259 -> 9974.415909 |dtheta|=3.969580e-04  lambda=1.000e+06
Stalled.

Estimated theta:
  dSx: +0.000000
  dSy: +0.000000
  dOx: -0.435631
  dOy: +4.214473
  dOz: +14.950262
  dDx: +0.000000
  dDy: +0.000000
  dDz: +0.000000
alpha: +4.679454e+00 deg)
offset_x: +0.041276
offset_z: +3.667488

Final cost table:
Final estimated theta: [ 0.          0.         -0.43563082  4.21447338 14.95026152  0.
  0.          0.          4.67945377  0.04127556  3.66748807]
################################################################################

