
################################################################################
Running scenario=Scan11 Projections=360 Used=120, K=5

============================================================
Iteration 0
============================================================
Theta offsets (Unity frame):
  Source   : dSx=   0.000, dSy=   0.000, dSz=   0.000  (mm)
  Object   : dOx=   0.000, dOy=   0.000, dOz=   0.000  (mm)
  Object offset: offset_x=   0.000, offset_z=   0.000  (mm)
  Detector : dDx=   0.000, dDy=   0.000, dDz=   0.000  (mm)
  Obj Stage rotY :    0.000 deg
============================================================

Unity geometry (world coordinates):
  Source   : x=   0.000, y=  29.997, z=   0.000
  Object   : x=   0.541, y=  20.000, z= 600.000
  Detector : x=  -6.002, y=  33.656, z= 959.000
  Obj rotY :  -4.5698 deg

Initial calibration:
  Source   : x=   0.000, y=   0.000, z=   0.000
  Object   : x=   0.000, y=   0.000, z=   0.000
  Detector : x=  25.318, y=   6.310, z=  40.001

After Calibration: 

Unity geometry (world coordinates):
  Source   : x=   0.000, y=  29.997, z=   0.000
  Object   : x=   0.541, y=  20.000, z= 600.000
  Detector : x=  19.316, y=  39.966, z= 999.001
  Obj rotY :  -4.5698 deg
view   0 | SOD= 600.084 mm | SDD= 999.237 mm | M= 1.665 | incident=1.2464°
[[ -48.342674   -598.04956      -9.997368  ]
 [  50.50566     396.23645     -19.965702  ]
 [   0.14912441   -0.01191922    0.        ]
 [   0.            0.            0.1496    ]]
Residual vector length: 2400, Jacobian shape: (2400, 6)
view   0 | SOD= 629.912 mm | SDD= 999.237 mm | M= 1.586 | incident=1.2464°
[[ -56.347675   -627.35754      -6.0151024 ]
 [  34.15764     367.7226      -15.983437  ]
 [   0.14921914   -0.01066802    0.        ]
 [   0.            0.            0.1496    ]]
/vol/home/s3777103/Documents/workspace/Thesis/AutoCalibration/gauss_newton_real.py:300: FutureWarning: The behavior of DataFrame concatenation with empty or all-NA entries is deprecated. In a future version, this will no longer exclude empty or all-NA columns when determining the result dtypes. To retain the old behavior, exclude the relevant entries before the concat operation.
  df_r0 = pd.concat([df_r0, df_iter], ignore_index=True)

iter 00 cost=7654297.520782 -> 679088.951712 |dtheta|=2.551547e+01  lambda=1.000e-02

============================================================
Iteration 1
============================================================
Theta offsets (Unity frame):
  Source   : dSx=   0.000, dSy=   0.000, dSz=   0.000  (mm)
  Object   : dOx=  -0.063, dOy=   3.982, dOz=  20.838  (mm)
  Object offset: offset_x=  10.243, offset_z=   9.788  (mm)
  Detector : dDx=   0.000, dDy=   0.000, dDz=   0.000  (mm)
  Obj Stage rotY :    0.481 deg
============================================================

Unity geometry (world coordinates):
  Source   : x=   0.000, y=  29.997, z=   0.000
  Object   : x=   0.477, y=  23.982, z= 620.838
  Detector : x=  -6.002, y=  33.656, z= 959.000
  Obj rotY :  -4.5698 deg

Initial calibration:
  Source   : x=   0.000, y=   0.000, z=   0.000
  Object   : x=   0.000, y=   0.000, z=   0.000
  Detector : x=  25.318, y=   6.310, z=  40.001

After Calibration: 

Unity geometry (world coordinates):
  Source   : x=   0.000, y=  29.997, z=   0.000
  Object   : x=   0.477, y=  23.982, z= 620.838
  Detector : x=  19.316, y=  39.966, z= 999.001
  Obj rotY :  -4.5698 deg
view   0 | SOD= 629.912 mm | SDD= 999.237 mm | M= 1.586 | incident=1.2464°
[[ -56.347675   -627.35754      -6.0151024 ]
 [  34.15764     367.7226      -15.983437  ]
 [   0.14921914   -0.01066802    0.        ]
 [   0.            0.            0.1496    ]]
Residual vector length: 2400, Jacobian shape: (2400, 6)
view   0 | SOD= 626.835 mm | SDD= 999.237 mm | M= 1.594 | incident=1.2464°
[[ -40.596115   -625.49304      -5.706455  ]
 [  20.402834    371.83075     -15.674789  ]
 [   0.14946961   -0.00624461    0.        ]
 [   0.            0.            0.1496    ]]

iter 01 cost=679088.951712 -> 143528.379423 |dtheta|=7.221551e+00  lambda=3.333e-03

============================================================
Iteration 2
============================================================
Theta offsets (Unity frame):
  Source   : dSx=   0.000, dSy=   0.000, dSz=   0.000  (mm)
  Object   : dOx=  -0.323, dOy=   4.291, dOz=  15.167  (mm)
  Object offset: offset_x=  13.275, offset_z=  12.573  (mm)
  Detector : dDx=   0.000, dDy=   0.000, dDz=   0.000  (mm)
  Obj Stage rotY :    2.177 deg
============================================================

Unity geometry (world coordinates):
  Source   : x=   0.000, y=  29.997, z=   0.000
  Object   : x=   0.218, y=  24.291, z= 615.167
  Detector : x=  -6.002, y=  33.656, z= 959.000
  Obj rotY :  -4.5698 deg

Initial calibration:
  Source   : x=   0.000, y=   0.000, z=   0.000
  Object   : x=   0.000, y=   0.000, z=   0.000
  Detector : x=  25.318, y=   6.310, z=  40.001

After Calibration: 

Unity geometry (world coordinates):
  Source   : x=   0.000, y=  29.997, z=   0.000
  Object   : x=   0.218, y=  24.291, z= 615.167
  Detector : x=  19.316, y=  39.966, z= 999.001
  Obj rotY :  -4.5698 deg
view   0 | SOD= 626.835 mm | SDD= 999.237 mm | M= 1.594 | incident=1.2464°
[[ -40.596115   -625.49304      -5.706455  ]
 [  20.402834    371.83075     -15.674789  ]
 [   0.14946961   -0.00624461    0.        ]
 [   0.            0.            0.1496    ]]
Residual vector length: 2400, Jacobian shape: (2400, 6)
view   0 | SOD= 627.213 mm | SDD= 999.237 mm | M= 1.593 | incident=1.2464°
[[ -25.876879   -626.65326      -5.709997  ]
 [  10.363109    371.87683     -15.678331  ]
 [   0.14957853   -0.00253486    0.        ]
 [   0.            0.            0.1496    ]]

iter 02 cost=143528.379423 -> 109428.337778 |dtheta|=1.740074e+00  lambda=1.111e-03

============================================================
Iteration 3
============================================================
Theta offsets (Unity frame):
  Source   : dSx=   0.000, dSy=   0.000, dSz=   0.000  (mm)
  Object   : dOx=  -0.308, dOy=   4.287, dOz=  14.947  (mm)
  Object offset: offset_x=  14.015, offset_z=  13.214  (mm)
  Detector : dDx=   0.000, dDy=   0.000, dDz=   0.000  (mm)
  Obj Stage rotY :    3.599 deg
============================================================

Unity geometry (world coordinates):
  Source   : x=   0.000, y=  29.997, z=   0.000
  Object   : x=   0.232, y=  24.287, z= 614.947
  Detector : x=  -6.002, y=  33.656, z= 959.000
  Obj rotY :  -4.5698 deg

Initial calibration:
  Source   : x=   0.000, y=   0.000, z=   0.000
  Object   : x=   0.000, y=   0.000, z=   0.000
  Detector : x=  25.318, y=   6.310, z=  40.001

After Calibration: 

Unity geometry (world coordinates):
  Source   : x=   0.000, y=  29.997, z=   0.000
  Object   : x=   0.232, y=  24.287, z= 614.947
  Detector : x=  19.316, y=  39.966, z= 999.001
  Obj rotY :  -4.5698 deg
view   0 | SOD= 627.213 mm | SDD= 999.237 mm | M= 1.593 | incident=1.2464°
[[ -25.876879   -626.65326      -5.709997  ]
 [  10.363109    371.87683     -15.678331  ]
 [   0.14957853   -0.00253486    0.        ]
 [   0.            0.            0.1496    ]]
Residual vector length: 2400, Jacobian shape: (2400, 6)
view   0 | SOD= 627.455 mm | SDD= 999.237 mm | M= 1.593 | incident=1.2464°
[[ -16.048578   -627.224        -5.698208  ]
 [   4.23512     371.7576      -15.666542  ]
 [   0.14959992   -0.000145      0.        ]
 [   0.            0.            0.1496    ]]

iter 03 cost=109428.337778 -> 105059.588357 |dtheta|=9.540169e-01  lambda=3.704e-04

============================================================
Iteration 4
============================================================
Theta offsets (Unity frame):
  Source   : dSx=   0.000, dSy=   0.000, dSz=   0.000  (mm)
  Object   : dOx=  -0.324, dOy=   4.299, dOz=  15.026  (mm)
  Object offset: offset_x=  14.203, offset_z=  13.387  (mm)
  Detector : dDx=   0.000, dDy=   0.000, dDz=   0.000  (mm)
  Obj Stage rotY :    4.514 deg
============================================================

Unity geometry (world coordinates):
  Source   : x=   0.000, y=  29.997, z=   0.000
  Object   : x=   0.216, y=  24.299, z= 615.026
  Detector : x=  -6.002, y=  33.656, z= 959.000
  Obj rotY :  -4.5698 deg

Initial calibration:
  Source   : x=   0.000, y=   0.000, z=   0.000
  Object   : x=   0.000, y=   0.000, z=   0.000
  Detector : x=  25.318, y=   6.310, z=  40.001

After Calibration: 

Unity geometry (world coordinates):
  Source   : x=   0.000, y=  29.997, z=   0.000
  Object   : x=   0.216, y=  24.299, z= 615.026
  Detector : x=  19.316, y=  39.966, z= 999.001
  Obj rotY :  -4.5698 deg
view   0 | SOD= 627.455 mm | SDD= 999.237 mm | M= 1.593 | incident=1.2464°
[[ -16.048578   -627.224        -5.698208  ]
 [   4.23512     371.7576      -15.666542  ]
 [   0.14959992   -0.000145      0.        ]
 [   0.            0.            0.1496    ]]
Residual vector length: 2400, Jacobian shape: (2400, 6)
view   0 | SOD= 627.981 mm | SDD= 999.237 mm | M= 1.591 | incident=1.2464°
[[ -10.576609   -627.8657       -5.6940765 ]
 [   0.92500556  371.25558     -15.662411  ]
 [   0.14959542    0.00117003    0.        ]
 [   0.            0.            0.1496    ]]

iter 04 cost=105059.588357 -> 103938.434152 |dtheta|=6.536199e-01  lambda=1.235e-04

============================================================
Iteration 5
============================================================
Theta offsets (Unity frame):
  Source   : dSx=   0.000, dSy=   0.000, dSz=   0.000  (mm)
  Object   : dOx=  -0.324, dOy=   4.303, dOz=  15.419  (mm)
  Object offset: offset_x=  14.238, offset_z=  13.523  (mm)
  Detector : dDx=   0.000, dDy=   0.000, dDz=   0.000  (mm)
  Obj Stage rotY :    5.018 deg
============================================================

Unity geometry (world coordinates):
  Source   : x=   0.000, y=  29.997, z=   0.000
  Object   : x=   0.217, y=  24.303, z= 615.419
  Detector : x=  -6.002, y=  33.656, z= 959.000
  Obj rotY :  -4.5698 deg

Initial calibration:
  Source   : x=   0.000, y=   0.000, z=   0.000
  Object   : x=   0.000, y=   0.000, z=   0.000
  Detector : x=  25.318, y=   6.310, z=  40.001

After Calibration: 

Unity geometry (world coordinates):
  Source   : x=   0.000, y=  29.997, z=   0.000
  Object   : x=   0.217, y=  24.303, z= 615.419
  Detector : x=  19.316, y=  39.966, z= 999.001
  Obj rotY :  -4.5698 deg
view   0 | SOD= 627.981 mm | SDD= 999.237 mm | M= 1.591 | incident=1.2464°
[[ -10.576609   -627.8657       -5.6940765 ]
 [   0.92500556  371.25558     -15.662411  ]
 [   0.14959542    0.00117003    0.        ]
 [   0.            0.            0.1496    ]]
Residual vector length: 2400, Jacobian shape: (2400, 6)
view   0 | SOD= 628.035 mm | SDD= 999.237 mm | M= 1.591 | incident=1.2464°
[[  -2.5877874  -628.00354      -5.69191   ]
 [  -3.8784063   371.18317     -15.660244  ]
 [   0.14956819    0.00308513    0.        ]
 [   0.            0.            0.1496    ]]

iter 05 cost=103938.434152 -> 103025.525393 |dtheta|=7.372352e-01  lambda=4.115e-05

============================================================
Iteration 6
============================================================
Theta offsets (Unity frame):
  Source   : dSx=   0.000, dSy=   0.000, dSz=   0.000  (mm)
  Object   : dOx=  -0.327, dOy=   4.305, dOz=  15.468  (mm)
  Object offset: offset_x=  14.292, offset_z=  13.530  (mm)
  Detector : dDx=   0.000, dDy=   0.000, dDz=   0.000  (mm)
  Obj Stage rotY :    5.751 deg
============================================================

Unity geometry (world coordinates):
  Source   : x=   0.000, y=  29.997, z=   0.000
  Object   : x=   0.214, y=  24.305, z= 615.468
  Detector : x=  -6.002, y=  33.656, z= 959.000
  Obj rotY :  -4.5698 deg

Initial calibration:
  Source   : x=   0.000, y=   0.000, z=   0.000
  Object   : x=   0.000, y=   0.000, z=   0.000
  Detector : x=  25.318, y=   6.310, z=  40.001

After Calibration: 

Unity geometry (world coordinates):
  Source   : x=   0.000, y=  29.997, z=   0.000
  Object   : x=   0.214, y=  24.305, z= 615.468
  Detector : x=  19.316, y=  39.966, z= 999.001
  Obj rotY :  -4.5698 deg
view   0 | SOD= 628.035 mm | SDD= 999.237 mm | M= 1.591 | incident=1.2464°
[[  -2.5877874  -628.00354      -5.69191   ]
 [  -3.8784063   371.18317     -15.660244  ]
 [   0.14956819    0.00308513    0.        ]
 [   0.            0.            0.1496    ]]
Residual vector length: 2400, Jacobian shape: (2400, 6)
view   0 | SOD= 626.791 mm | SDD= 999.237 mm | M= 1.594 | incident=1.2464°
[[   1.2667382  -626.76404      -5.6845837 ]
 [  -6.151449    372.3959      -15.652918  ]
 [   0.14954644    0.00400231    0.        ]
 [   0.            0.            0.1496    ]]

iter 06 cost=103025.525393 -> 103097.220062 |dtheta|=1.351073e+00  lambda=1.372e-05

============================================================
Iteration 7
============================================================
Theta offsets (Unity frame):
  Source   : dSx=   0.000, dSy=   0.000, dSz=   0.000  (mm)
  Object   : dOx=  -0.327, dOy=   4.305, dOz=  15.468  (mm)
  Object offset: offset_x=  14.292, offset_z=  13.530  (mm)
  Detector : dDx=   0.000, dDy=   0.000, dDz=   0.000  (mm)
  Obj Stage rotY :    5.751 deg
============================================================

Unity geometry (world coordinates):
  Source   : x=   0.000, y=  29.997, z=   0.000
  Object   : x=   0.214, y=  24.305, z= 615.468
  Detector : x=  -6.002, y=  33.656, z= 959.000
  Obj rotY :  -4.5698 deg

Initial calibration:
  Source   : x=   0.000, y=   0.000, z=   0.000
  Object   : x=   0.000, y=   0.000, z=   0.000
  Detector : x=  25.318, y=   6.310, z=  40.001

After Calibration: 

Unity geometry (world coordinates):
  Source   : x=   0.000, y=  29.997, z=   0.000
  Object   : x=   0.214, y=  24.305, z= 615.468
  Detector : x=  19.316, y=  39.966, z= 999.001
  Obj rotY :  -4.5698 deg
view   0 | SOD= 628.035 mm | SDD= 999.237 mm | M= 1.591 | incident=1.2464°
[[  -2.5877874  -628.00354      -5.69191   ]
 [  -3.8784063   371.18317     -15.660244  ]
 [   0.14956819    0.00308513    0.        ]
 [   0.            0.            0.1496    ]]
Residual vector length: 2400, Jacobian shape: (2400, 6)
view   0 | SOD= 626.791 mm | SDD= 999.237 mm | M= 1.594 | incident=1.2464°
[[   1.266738   -626.76404      -5.6845837 ]
 [  -6.151449    372.3959      -15.652918  ]
 [   0.14954644    0.00400231    0.        ]
 [   0.            0.            0.1496    ]]

iter 07 cost=103025.525393 -> 103097.220062 |dtheta|=1.351073e+00  lambda=6.859e-05

============================================================
Iteration 8
============================================================
Theta offsets (Unity frame):
  Source   : dSx=   0.000, dSy=   0.000, dSz=   0.000  (mm)
  Object   : dOx=  -0.327, dOy=   4.305, dOz=  15.468  (mm)
  Object offset: offset_x=  14.292, offset_z=  13.530  (mm)
  Detector : dDx=   0.000, dDy=   0.000, dDz=   0.000  (mm)
  Obj Stage rotY :    5.751 deg
============================================================

Unity geometry (world coordinates):
  Source   : x=   0.000, y=  29.997, z=   0.000
  Object   : x=   0.214, y=  24.305, z= 615.468
  Detector : x=  -6.002, y=  33.656, z= 959.000
  Obj rotY :  -4.5698 deg

Initial calibration:
  Source   : x=   0.000, y=   0.000, z=   0.000
  Object   : x=   0.000, y=   0.000, z=   0.000
  Detector : x=  25.318, y=   6.310, z=  40.001

After Calibration: 

Unity geometry (world coordinates):
  Source   : x=   0.000, y=  29.997, z=   0.000
  Object   : x=   0.214, y=  24.305, z= 615.468
  Detector : x=  19.316, y=  39.966, z= 999.001
  Obj rotY :  -4.5698 deg
view   0 | SOD= 628.035 mm | SDD= 999.237 mm | M= 1.591 | incident=1.2464°
[[  -2.5877874  -628.00354      -5.69191   ]
 [  -3.8784063   371.18317     -15.660244  ]
 [   0.14956819    0.00308513    0.        ]
 [   0.            0.            0.1496    ]]
Residual vector length: 2400, Jacobian shape: (2400, 6)
view   0 | SOD= 626.791 mm | SDD= 999.237 mm | M= 1.594 | incident=1.2464°
[[   1.2667379  -626.76404      -5.6845837 ]
 [  -6.151449    372.3959      -15.652918  ]
 [   0.14954644    0.00400231    0.        ]
 [   0.            0.            0.1496    ]]

iter 08 cost=103025.525393 -> 103097.220062 |dtheta|=1.351072e+00  lambda=3.429e-04

============================================================
Iteration 9
============================================================
Theta offsets (Unity frame):
  Source   : dSx=   0.000, dSy=   0.000, dSz=   0.000  (mm)
  Object   : dOx=  -0.327, dOy=   4.305, dOz=  15.468  (mm)
  Object offset: offset_x=  14.292, offset_z=  13.530  (mm)
  Detector : dDx=   0.000, dDy=   0.000, dDz=   0.000  (mm)
  Obj Stage rotY :    5.751 deg
============================================================

Unity geometry (world coordinates):
  Source   : x=   0.000, y=  29.997, z=   0.000
  Object   : x=   0.214, y=  24.305, z= 615.468
  Detector : x=  -6.002, y=  33.656, z= 959.000
  Obj rotY :  -4.5698 deg

Initial calibration:
  Source   : x=   0.000, y=   0.000, z=   0.000
  Object   : x=   0.000, y=   0.000, z=   0.000
  Detector : x=  25.318, y=   6.310, z=  40.001

After Calibration: 

Unity geometry (world coordinates):
  Source   : x=   0.000, y=  29.997, z=   0.000
  Object   : x=   0.214, y=  24.305, z= 615.468
  Detector : x=  19.316, y=  39.966, z= 999.001
  Obj rotY :  -4.5698 deg
view   0 | SOD= 628.035 mm | SDD= 999.237 mm | M= 1.591 | incident=1.2464°
[[  -2.5877874  -628.00354      -5.69191   ]
 [  -3.8784063   371.18317     -15.660244  ]
 [   0.14956819    0.00308513    0.        ]
 [   0.            0.            0.1496    ]]
Residual vector length: 2400, Jacobian shape: (2400, 6)
view   0 | SOD= 626.791 mm | SDD= 999.237 mm | M= 1.594 | incident=1.2464°
[[   1.2667371  -626.76404      -5.6845837 ]
 [  -6.1514487   372.3959      -15.652918  ]
 [   0.14954644    0.00400231    0.        ]
 [   0.            0.            0.1496    ]]

iter 09 cost=103025.525393 -> 103097.220062 |dtheta|=1.351066e+00  lambda=1.715e-03

============================================================
Iteration 10
============================================================
Theta offsets (Unity frame):
  Source   : dSx=   0.000, dSy=   0.000, dSz=   0.000  (mm)
  Object   : dOx=  -0.327, dOy=   4.305, dOz=  15.468  (mm)
  Object offset: offset_x=  14.292, offset_z=  13.530  (mm)
  Detector : dDx=   0.000, dDy=   0.000, dDz=   0.000  (mm)
  Obj Stage rotY :    5.751 deg
============================================================

Unity geometry (world coordinates):
  Source   : x=   0.000, y=  29.997, z=   0.000
  Object   : x=   0.214, y=  24.305, z= 615.468
  Detector : x=  -6.002, y=  33.656, z= 959.000
  Obj rotY :  -4.5698 deg

Initial calibration:
  Source   : x=   0.000, y=   0.000, z=   0.000
  Object   : x=   0.000, y=   0.000, z=   0.000
  Detector : x=  25.318, y=   6.310, z=  40.001

After Calibration: 

Unity geometry (world coordinates):
  Source   : x=   0.000, y=  29.997, z=   0.000
  Object   : x=   0.214, y=  24.305, z= 615.468
  Detector : x=  19.316, y=  39.966, z= 999.001
  Obj rotY :  -4.5698 deg
view   0 | SOD= 628.035 mm | SDD= 999.237 mm | M= 1.591 | incident=1.2464°
[[  -2.5877874  -628.00354      -5.69191   ]
 [  -3.8784063   371.18317     -15.660244  ]
 [   0.14956819    0.00308513    0.        ]
 [   0.            0.            0.1496    ]]
Residual vector length: 2400, Jacobian shape: (2400, 6)
view   0 | SOD= 626.791 mm | SDD= 999.237 mm | M= 1.594 | incident=1.2464°
[[   1.2667335  -626.7641       -5.6845837 ]
 [  -6.1514454   372.39584     -15.652918  ]
 [   0.14954644    0.00400231    0.        ]
 [   0.            0.            0.1496    ]]

iter 10 cost=103025.525393 -> 103096.388861 |dtheta|=1.351040e+00  lambda=8.573e-03

============================================================
Iteration 11
============================================================
Theta offsets (Unity frame):
  Source   : dSx=   0.000, dSy=   0.000, dSz=   0.000  (mm)
  Object   : dOx=  -0.327, dOy=   4.305, dOz=  15.468  (mm)
  Object offset: offset_x=  14.292, offset_z=  13.530  (mm)
  Detector : dDx=   0.000, dDy=   0.000, dDz=   0.000  (mm)
  Obj Stage rotY :    5.751 deg
============================================================

Unity geometry (world coordinates):
  Source   : x=   0.000, y=  29.997, z=   0.000
  Object   : x=   0.214, y=  24.305, z= 615.468
  Detector : x=  -6.002, y=  33.656, z= 959.000
  Obj rotY :  -4.5698 deg

Initial calibration:
  Source   : x=   0.000, y=   0.000, z=   0.000
  Object   : x=   0.000, y=   0.000, z=   0.000
  Detector : x=  25.318, y=   6.310, z=  40.001

After Calibration: 

Unity geometry (world coordinates):
  Source   : x=   0.000, y=  29.997, z=   0.000
  Object   : x=   0.214, y=  24.305, z= 615.468
  Detector : x=  19.316, y=  39.966, z= 999.001
  Obj rotY :  -4.5698 deg
view   0 | SOD= 628.035 mm | SDD= 999.237 mm | M= 1.591 | incident=1.2464°
[[  -2.5877874  -628.00354      -5.69191   ]
 [  -3.8784063   371.18317     -15.660244  ]
 [   0.14956819    0.00308513    0.        ]
 [   0.            0.            0.1496    ]]
Residual vector length: 2400, Jacobian shape: (2400, 6)
view   0 | SOD= 626.791 mm | SDD= 999.237 mm | M= 1.594 | incident=1.2464°
[[   1.2667127  -626.7642       -5.6845856 ]
 [  -6.1514325   372.39572     -15.65292   ]
 [   0.14954646    0.00400231    0.        ]
 [   0.            0.            0.1496    ]]

iter 11 cost=103025.525393 -> 103098.818887 |dtheta|=1.350905e+00  lambda=4.287e-02

============================================================
Iteration 12
============================================================
Theta offsets (Unity frame):
  Source   : dSx=   0.000, dSy=   0.000, dSz=   0.000  (mm)
  Object   : dOx=  -0.327, dOy=   4.305, dOz=  15.468  (mm)
  Object offset: offset_x=  14.292, offset_z=  13.530  (mm)
  Detector : dDx=   0.000, dDy=   0.000, dDz=   0.000  (mm)
  Obj Stage rotY :    5.751 deg
============================================================

Unity geometry (world coordinates):
  Source   : x=   0.000, y=  29.997, z=   0.000
  Object   : x=   0.214, y=  24.305, z= 615.468
  Detector : x=  -6.002, y=  33.656, z= 959.000
  Obj rotY :  -4.5698 deg

Initial calibration:
  Source   : x=   0.000, y=   0.000, z=   0.000
  Object   : x=   0.000, y=   0.000, z=   0.000
  Detector : x=  25.318, y=   6.310, z=  40.001

After Calibration: 

Unity geometry (world coordinates):
  Source   : x=   0.000, y=  29.997, z=   0.000
  Object   : x=   0.214, y=  24.305, z= 615.468
  Detector : x=  19.316, y=  39.966, z= 999.001
  Obj rotY :  -4.5698 deg
view   0 | SOD= 628.035 mm | SDD= 999.237 mm | M= 1.591 | incident=1.2464°
[[  -2.5877874  -628.00354      -5.69191   ]
 [  -3.8784063   371.18317     -15.660244  ]
 [   0.14956819    0.00308513    0.        ]
 [   0.            0.            0.1496    ]]
Residual vector length: 2400, Jacobian shape: (2400, 6)
view   0 | SOD= 626.792 mm | SDD= 999.237 mm | M= 1.594 | incident=1.2464°
[[   1.2666098  -626.76495      -5.6845894 ]
 [  -6.1513658   372.395       -15.652924  ]
 [   0.14954646    0.00400228    0.        ]
 [   0.            0.            0.1496    ]]

iter 12 cost=103025.525393 -> 103096.795358 |dtheta|=1.350234e+00  lambda=2.143e-01

============================================================
Iteration 13
============================================================
Theta offsets (Unity frame):
  Source   : dSx=   0.000, dSy=   0.000, dSz=   0.000  (mm)
  Object   : dOx=  -0.327, dOy=   4.305, dOz=  15.468  (mm)
  Object offset: offset_x=  14.292, offset_z=  13.530  (mm)
  Detector : dDx=   0.000, dDy=   0.000, dDz=   0.000  (mm)
  Obj Stage rotY :    5.751 deg
============================================================

Unity geometry (world coordinates):
  Source   : x=   0.000, y=  29.997, z=   0.000
  Object   : x=   0.214, y=  24.305, z= 615.468
  Detector : x=  -6.002, y=  33.656, z= 959.000
  Obj rotY :  -4.5698 deg

Initial calibration:
  Source   : x=   0.000, y=   0.000, z=   0.000
  Object   : x=   0.000, y=   0.000, z=   0.000
  Detector : x=  25.318, y=   6.310, z=  40.001

After Calibration: 

Unity geometry (world coordinates):
  Source   : x=   0.000, y=  29.997, z=   0.000
  Object   : x=   0.214, y=  24.305, z= 615.468
  Detector : x=  19.316, y=  39.966, z= 999.001
  Obj rotY :  -4.5698 deg
view   0 | SOD= 628.035 mm | SDD= 999.237 mm | M= 1.591 | incident=1.2464°
[[  -2.5877874  -628.00354      -5.69191   ]
 [  -3.8784063   371.18317     -15.660244  ]
 [   0.14956819    0.00308513    0.        ]
 [   0.            0.            0.1496    ]]
Residual vector length: 2400, Jacobian shape: (2400, 6)
view   0 | SOD= 626.796 mm | SDD= 999.237 mm | M= 1.594 | incident=1.2464°
[[   1.2660915  -626.7685       -5.6846066 ]
 [  -6.151035    372.39145     -15.652941  ]
 [   0.14954646    0.00400216    0.        ]
 [   0.            0.            0.1496    ]]

iter 13 cost=103025.525393 -> 103103.442936 |dtheta|=1.346888e+00  lambda=1.072e+00

============================================================
Iteration 14
============================================================
Theta offsets (Unity frame):
  Source   : dSx=   0.000, dSy=   0.000, dSz=   0.000  (mm)
  Object   : dOx=  -0.327, dOy=   4.305, dOz=  15.468  (mm)
  Object offset: offset_x=  14.292, offset_z=  13.530  (mm)
  Detector : dDx=   0.000, dDy=   0.000, dDz=   0.000  (mm)
  Obj Stage rotY :    5.751 deg
============================================================

Unity geometry (world coordinates):
  Source   : x=   0.000, y=  29.997, z=   0.000
  Object   : x=   0.214, y=  24.305, z= 615.468
  Detector : x=  -6.002, y=  33.656, z= 959.000
  Obj rotY :  -4.5698 deg

Initial calibration:
  Source   : x=   0.000, y=   0.000, z=   0.000
  Object   : x=   0.000, y=   0.000, z=   0.000
  Detector : x=  25.318, y=   6.310, z=  40.001

After Calibration: 

Unity geometry (world coordinates):
  Source   : x=   0.000, y=  29.997, z=   0.000
  Object   : x=   0.214, y=  24.305, z= 615.468
  Detector : x=  19.316, y=  39.966, z= 999.001
  Obj rotY :  -4.5698 deg
view   0 | SOD= 628.035 mm | SDD= 999.237 mm | M= 1.591 | incident=1.2464°
[[  -2.5877874  -628.00354      -5.69191   ]
 [  -3.8784063   371.18317     -15.660244  ]
 [   0.14956819    0.00308513    0.        ]
 [   0.            0.            0.1496    ]]
Residual vector length: 2400, Jacobian shape: (2400, 6)
view   0 | SOD= 626.813 mm | SDD= 999.237 mm | M= 1.594 | incident=1.2464°
[[   1.2634678  -626.786        -5.684698  ]
 [  -6.1493607   372.37402     -15.653032  ]
 [   0.14954647    0.00400151    0.        ]
 [   0.            0.            0.1496    ]]

iter 14 cost=103025.525393 -> 103097.866495 |dtheta|=1.330430e+00  lambda=5.358e+00

============================================================
Iteration 15
============================================================
Theta offsets (Unity frame):
  Source   : dSx=   0.000, dSy=   0.000, dSz=   0.000  (mm)
  Object   : dOx=  -0.327, dOy=   4.305, dOz=  15.468  (mm)
  Object offset: offset_x=  14.292, offset_z=  13.530  (mm)
  Detector : dDx=   0.000, dDy=   0.000, dDz=   0.000  (mm)
  Obj Stage rotY :    5.751 deg
============================================================

Unity geometry (world coordinates):
  Source   : x=   0.000, y=  29.997, z=   0.000
  Object   : x=   0.214, y=  24.305, z= 615.468
  Detector : x=  -6.002, y=  33.656, z= 959.000
  Obj rotY :  -4.5698 deg

Initial calibration:
  Source   : x=   0.000, y=   0.000, z=   0.000
  Object   : x=   0.000, y=   0.000, z=   0.000
  Detector : x=  25.318, y=   6.310, z=  40.001

After Calibration: 

Unity geometry (world coordinates):
  Source   : x=   0.000, y=  29.997, z=   0.000
  Object   : x=   0.214, y=  24.305, z= 615.468
  Detector : x=  19.316, y=  39.966, z= 999.001
  Obj rotY :  -4.5698 deg
view   0 | SOD= 628.035 mm | SDD= 999.237 mm | M= 1.591 | incident=1.2464°
[[  -2.5877874  -628.00354      -5.69191   ]
 [  -3.8784063   371.18317     -15.660244  ]
 [   0.14956819    0.00308513    0.        ]
 [   0.            0.            0.1496    ]]
Residual vector length: 2400, Jacobian shape: (2400, 6)
view   0 | SOD= 626.894 mm | SDD= 999.237 mm | M= 1.594 | incident=1.2464°
[[   1.2496125  -626.86676      -5.6851177 ]
 [  -6.14059     372.2934      -15.653452  ]
 [   0.14954656    0.00399813    0.        ]
 [   0.            0.            0.1496    ]]

iter 15 cost=103025.525393 -> 103092.559095 |dtheta|=1.254397e+00  lambda=2.679e+01

============================================================
Iteration 16
============================================================
Theta offsets (Unity frame):
  Source   : dSx=   0.000, dSy=   0.000, dSz=   0.000  (mm)
  Object   : dOx=  -0.327, dOy=   4.305, dOz=  15.468  (mm)
  Object offset: offset_x=  14.292, offset_z=  13.530  (mm)
  Detector : dDx=   0.000, dDy=   0.000, dDz=   0.000  (mm)
  Obj Stage rotY :    5.751 deg
============================================================

Unity geometry (world coordinates):
  Source   : x=   0.000, y=  29.997, z=   0.000
  Object   : x=   0.214, y=  24.305, z= 615.468
  Detector : x=  -6.002, y=  33.656, z= 959.000
  Obj rotY :  -4.5698 deg

Initial calibration:
  Source   : x=   0.000, y=   0.000, z=   0.000
  Object   : x=   0.000, y=   0.000, z=   0.000
  Detector : x=  25.318, y=   6.310, z=  40.001

After Calibration: 

Unity geometry (world coordinates):
  Source   : x=   0.000, y=  29.997, z=   0.000
  Object   : x=   0.214, y=  24.305, z= 615.468
  Detector : x=  19.316, y=  39.966, z= 999.001
  Obj rotY :  -4.5698 deg
view   0 | SOD= 628.035 mm | SDD= 999.237 mm | M= 1.591 | incident=1.2464°
[[  -2.5877874  -628.00354      -5.69191   ]
 [  -3.8784063   371.18317     -15.660244  ]
 [   0.14956819    0.00308513    0.        ]
 [   0.            0.            0.1496    ]]
Residual vector length: 2400, Jacobian shape: (2400, 6)
view   0 | SOD= 627.183 mm | SDD= 999.237 mm | M= 1.593 | incident=1.2464°
[[   1.1685036  -627.15625      -5.6866207 ]
 [  -6.0904436   372.00488     -15.654955  ]
 [   0.14954709    0.00397848    0.        ]
 [   0.            0.            0.1496    ]]

iter 16 cost=103025.525393 -> 102994.334832 |dtheta|=9.845452e-01  lambda=1.340e+02

============================================================
Iteration 17
============================================================
Theta offsets (Unity frame):
  Source   : dSx=   0.000, dSy=   0.000, dSz=   0.000  (mm)
  Object   : dOx=  -0.324, dOy=   4.311, dOz=  14.548  (mm)
  Object offset: offset_x=  14.257, offset_z=  13.597  (mm)
  Detector : dDx=   0.000, dDy=   0.000, dDz=   0.000  (mm)
  Obj Stage rotY :    6.094 deg
============================================================

Unity geometry (world coordinates):
  Source   : x=   0.000, y=  29.997, z=   0.000
  Object   : x=   0.216, y=  24.311, z= 614.548
  Detector : x=  -6.002, y=  33.656, z= 959.000
  Obj rotY :  -4.5698 deg

Initial calibration:
  Source   : x=   0.000, y=   0.000, z=   0.000
  Object   : x=   0.000, y=   0.000, z=   0.000
  Detector : x=  25.318, y=   6.310, z=  40.001

After Calibration: 

Unity geometry (world coordinates):
  Source   : x=   0.000, y=  29.997, z=   0.000
  Object   : x=   0.216, y=  24.311, z= 614.548
  Detector : x=  19.316, y=  39.966, z= 999.001
  Obj rotY :  -4.5698 deg
view   0 | SOD= 627.183 mm | SDD= 999.237 mm | M= 1.593 | incident=1.2464°
[[   1.1685036  -627.15625      -5.6866207 ]
 [  -6.0904436   372.00488     -15.654955  ]
 [   0.14954709    0.00397848    0.        ]
 [   0.            0.            0.1496    ]]
Residual vector length: 2400, Jacobian shape: (2400, 6)
view   0 | SOD= 627.477 mm | SDD= 999.237 mm | M= 1.592 | incident=1.2464°
[[   2.5950384  -627.4457       -5.6921043 ]
 [  -7.0006423   371.69574     -15.660439  ]
 [   0.14953737    0.00432822    0.        ]
 [   0.            0.            0.1496    ]]

iter 17 cost=102994.334832 -> 102824.438895 |dtheta|=4.223215e-01  lambda=4.465e+01

============================================================
Iteration 18
============================================================
Theta offsets (Unity frame):
  Source   : dSx=   0.000, dSy=   0.000, dSz=   0.000  (mm)
  Object   : dOx=  -0.325, dOy=   4.305, dOz=  14.934  (mm)
  Object offset: offset_x=  14.314, offset_z=  13.507  (mm)
  Detector : dDx=   0.000, dDy=   0.000, dDz=   0.000  (mm)
  Obj Stage rotY :    6.228 deg
============================================================

Unity geometry (world coordinates):
  Source   : x=   0.000, y=  29.997, z=   0.000
  Object   : x=   0.215, y=  24.305, z= 614.934
  Detector : x=  -6.002, y=  33.656, z= 959.000
  Obj rotY :  -4.5698 deg

Initial calibration:
  Source   : x=   0.000, y=   0.000, z=   0.000
  Object   : x=   0.000, y=   0.000, z=   0.000
  Detector : x=  25.318, y=   6.310, z=  40.001

After Calibration: 

Unity geometry (world coordinates):
  Source   : x=   0.000, y=  29.997, z=   0.000
  Object   : x=   0.215, y=  24.305, z= 614.934
  Detector : x=  19.316, y=  39.966, z= 999.001
  Obj rotY :  -4.5698 deg
view   0 | SOD= 627.477 mm | SDD= 999.237 mm | M= 1.592 | incident=1.2464°
[[   2.5950384  -627.4457       -5.6921043 ]
 [  -7.0006423   371.69574     -15.660439  ]
 [   0.14953737    0.00432822    0.        ]
 [   0.            0.            0.1496    ]]
Residual vector length: 2400, Jacobian shape: (2400, 6)
view   0 | SOD= 627.142 mm | SDD= 999.237 mm | M= 1.593 | incident=1.2464°
[[   5.628255   -627.0914       -5.689314  ]
 [  -8.802323    371.99194     -15.657648  ]
 [   0.14951468    0.0050518     0.        ]
 [   0.            0.            0.1496    ]]

iter 18 cost=102824.438895 -> 102696.501364 |dtheta|=4.431935e-01  lambda=1.488e+01

============================================================
Iteration 19
============================================================
Theta offsets (Unity frame):
  Source   : dSx=   0.000, dSy=   0.000, dSz=   0.000  (mm)
  Object   : dOx=  -0.327, dOy=   4.308, dOz=  14.589  (mm)
  Object offset: offset_x=  14.306, offset_z=  13.518  (mm)
  Detector : dDx=   0.000, dDy=   0.000, dDz=   0.000  (mm)
  Obj Stage rotY :    6.505 deg
============================================================

Unity geometry (world coordinates):
  Source   : x=   0.000, y=  29.997, z=   0.000
  Object   : x=   0.214, y=  24.308, z= 614.589
  Detector : x=  -6.002, y=  33.656, z= 959.000
  Obj rotY :  -4.5698 deg

Initial calibration:
  Source   : x=   0.000, y=   0.000, z=   0.000
  Object   : x=   0.000, y=   0.000, z=   0.000
  Detector : x=  25.318, y=   6.310, z=  40.001

After Calibration: 

Unity geometry (world coordinates):
  Source   : x=   0.000, y=  29.997, z=   0.000
  Object   : x=   0.214, y=  24.308, z= 614.589
  Detector : x=  19.316, y=  39.966, z= 999.001
  Obj rotY :  -4.5698 deg
view   0 | SOD= 627.142 mm | SDD= 999.237 mm | M= 1.593 | incident=1.2464°
[[   5.628255   -627.0914       -5.689314  ]
 [  -8.802323    371.99194     -15.657648  ]
 [   0.14951468    0.0050518     0.        ]
 [   0.            0.            0.1496    ]]
Residual vector length: 2400, Jacobian shape: (2400, 6)
view   0 | SOD= 627.355 mm | SDD= 999.237 mm | M= 1.593 | incident=1.2464°
[[   6.7253447  -627.2932       -5.687893  ]
 [  -9.411222    371.76398     -15.656227  ]
 [   0.14950584    0.0053071     0.        ]
 [   0.            0.            0.1496    ]]

iter 19 cost=102696.501364 -> 102795.769342 |dtheta|=1.981961e-01  lambda=4.961e+00

============================================================
Iteration 20
============================================================
Theta offsets (Unity frame):
  Source   : dSx=   0.000, dSy=   0.000, dSz=   0.000  (mm)
  Object   : dOx=  -0.327, dOy=   4.308, dOz=  14.589  (mm)
  Object offset: offset_x=  14.306, offset_z=  13.518  (mm)
  Detector : dDx=   0.000, dDy=   0.000, dDz=   0.000  (mm)
  Obj Stage rotY :    6.505 deg
============================================================

Unity geometry (world coordinates):
  Source   : x=   0.000, y=  29.997, z=   0.000
  Object   : x=   0.214, y=  24.308, z= 614.589
  Detector : x=  -6.002, y=  33.656, z= 959.000
  Obj rotY :  -4.5698 deg

Initial calibration:
  Source   : x=   0.000, y=   0.000, z=   0.000
  Object   : x=   0.000, y=   0.000, z=   0.000
  Detector : x=  25.318, y=   6.310, z=  40.001

After Calibration: 

Unity geometry (world coordinates):
  Source   : x=   0.000, y=  29.997, z=   0.000
  Object   : x=   0.214, y=  24.308, z= 614.589
  Detector : x=  19.316, y=  39.966, z= 999.001
  Obj rotY :  -4.5698 deg
view   0 | SOD= 627.142 mm | SDD= 999.237 mm | M= 1.593 | incident=1.2464°
[[   5.628255   -627.0914       -5.689314  ]
 [  -8.802323    371.99194     -15.657648  ]
 [   0.14951468    0.0050518     0.        ]
 [   0.            0.            0.1496    ]]
Residual vector length: 2400, Jacobian shape: (2400, 6)
view   0 | SOD= 627.345 mm | SDD= 999.237 mm | M= 1.593 | incident=1.2464°
[[   6.7182083  -627.2831       -5.6878223 ]
 [  -9.407207    371.77426     -15.656157  ]
 [   0.1495059     0.00530543    0.        ]
 [   0.            0.            0.1496    ]]

iter 20 cost=102696.501364 -> 102814.199111 |dtheta|=1.896651e-01  lambda=2.481e+01

============================================================
Iteration 21
============================================================
Theta offsets (Unity frame):
  Source   : dSx=   0.000, dSy=   0.000, dSz=   0.000  (mm)
  Object   : dOx=  -0.327, dOy=   4.308, dOz=  14.589  (mm)
  Object offset: offset_x=  14.306, offset_z=  13.518  (mm)
  Detector : dDx=   0.000, dDy=   0.000, dDz=   0.000  (mm)
  Obj Stage rotY :    6.505 deg
============================================================

Unity geometry (world coordinates):
  Source   : x=   0.000, y=  29.997, z=   0.000
  Object   : x=   0.214, y=  24.308, z= 614.589
  Detector : x=  -6.002, y=  33.656, z= 959.000
  Obj rotY :  -4.5698 deg

Initial calibration:
  Source   : x=   0.000, y=   0.000, z=   0.000
  Object   : x=   0.000, y=   0.000, z=   0.000
  Detector : x=  25.318, y=   6.310, z=  40.001

After Calibration: 

Unity geometry (world coordinates):
  Source   : x=   0.000, y=  29.997, z=   0.000
  Object   : x=   0.214, y=  24.308, z= 614.589
  Detector : x=  19.316, y=  39.966, z= 999.001
  Obj rotY :  -4.5698 deg
view   0 | SOD= 627.142 mm | SDD= 999.237 mm | M= 1.593 | incident=1.2464°
[[   5.628255   -627.0914       -5.689314  ]
 [  -8.802323    371.99194     -15.657648  ]
 [   0.14951468    0.0050518     0.        ]
 [   0.            0.            0.1496    ]]
Residual vector length: 2400, Jacobian shape: (2400, 6)
view   0 | SOD= 627.308 mm | SDD= 999.237 mm | M= 1.593 | incident=1.2464°
[[   6.685746   -627.2466       -5.6875706 ]
 [  -9.388743    371.8116      -15.655905  ]
 [   0.14950617    0.00529781    0.        ]
 [   0.            0.            0.1496    ]]

iter 21 cost=102696.501364 -> 102836.392369 |dtheta|=1.598613e-01  lambda=1.240e+02

============================================================
Iteration 22
============================================================
Theta offsets (Unity frame):
  Source   : dSx=   0.000, dSy=   0.000, dSz=   0.000  (mm)
  Object   : dOx=  -0.327, dOy=   4.308, dOz=  14.589  (mm)
  Object offset: offset_x=  14.306, offset_z=  13.518  (mm)
  Detector : dDx=   0.000, dDy=   0.000, dDz=   0.000  (mm)
  Obj Stage rotY :    6.505 deg
============================================================

Unity geometry (world coordinates):
  Source   : x=   0.000, y=  29.997, z=   0.000
  Object   : x=   0.214, y=  24.308, z= 614.589
  Detector : x=  -6.002, y=  33.656, z= 959.000
  Obj rotY :  -4.5698 deg

Initial calibration:
  Source   : x=   0.000, y=   0.000, z=   0.000
  Object   : x=   0.000, y=   0.000, z=   0.000
  Detector : x=  25.318, y=   6.310, z=  40.001

After Calibration: 

Unity geometry (world coordinates):
  Source   : x=   0.000, y=  29.997, z=   0.000
  Object   : x=   0.214, y=  24.308, z= 614.589
  Detector : x=  19.316, y=  39.966, z= 999.001
  Obj rotY :  -4.5698 deg
view   0 | SOD= 627.142 mm | SDD= 999.237 mm | M= 1.593 | incident=1.2464°
[[   5.628255   -627.0914       -5.689314  ]
 [  -8.802323    371.99194     -15.657648  ]
 [   0.14951468    0.0050518     0.        ]
 [   0.            0.            0.1496    ]]
Residual vector length: 2400, Jacobian shape: (2400, 6)
view   0 | SOD= 627.242 mm | SDD= 999.237 mm | M= 1.593 | incident=1.2464°
[[   6.561179   -627.1817       -5.687145  ]
 [  -9.316401    371.87964     -15.655479  ]
 [   0.14950721    0.00526835    0.        ]
 [   0.            0.            0.1496    ]]

iter 22 cost=102696.501364 -> 102821.574359 |dtheta|=1.112362e-01  lambda=6.202e+02

============================================================
Iteration 23
============================================================
Theta offsets (Unity frame):
  Source   : dSx=   0.000, dSy=   0.000, dSz=   0.000  (mm)
  Object   : dOx=  -0.327, dOy=   4.308, dOz=  14.589  (mm)
  Object offset: offset_x=  14.306, offset_z=  13.518  (mm)
  Detector : dDx=   0.000, dDy=   0.000, dDz=   0.000  (mm)
  Obj Stage rotY :    6.505 deg
============================================================

Unity geometry (world coordinates):
  Source   : x=   0.000, y=  29.997, z=   0.000
  Object   : x=   0.214, y=  24.308, z= 614.589
  Detector : x=  -6.002, y=  33.656, z= 959.000
  Obj rotY :  -4.5698 deg

Initial calibration:
  Source   : x=   0.000, y=   0.000, z=   0.000
  Object   : x=   0.000, y=   0.000, z=   0.000
  Detector : x=  25.318, y=   6.310, z=  40.001

After Calibration: 

Unity geometry (world coordinates):
  Source   : x=   0.000, y=  29.997, z=   0.000
  Object   : x=   0.214, y=  24.308, z= 614.589
  Detector : x=  19.316, y=  39.966, z= 999.001
  Obj rotY :  -4.5698 deg
view   0 | SOD= 627.142 mm | SDD= 999.237 mm | M= 1.593 | incident=1.2464°
[[   5.628255   -627.0914       -5.689314  ]
 [  -8.802323    371.99194     -15.657648  ]
 [   0.14951468    0.0050518     0.        ]
 [   0.            0.            0.1496    ]]
Residual vector length: 2400, Jacobian shape: (2400, 6)
view   0 | SOD= 627.199 mm | SDD= 999.237 mm | M= 1.593 | incident=1.2464°
[[   6.230905   -627.1418       -5.686981  ]
 [  -9.122695    371.92773     -15.655315  ]
 [   0.14950995    0.00518993    0.        ]
 [   0.            0.            0.1496    ]]

iter 23 cost=102696.501364 -> 102771.074251 |dtheta|=7.269171e-02  lambda=3.101e+03

============================================================
Iteration 24
============================================================
Theta offsets (Unity frame):
  Source   : dSx=   0.000, dSy=   0.000, dSz=   0.000  (mm)
  Object   : dOx=  -0.327, dOy=   4.308, dOz=  14.589  (mm)
  Object offset: offset_x=  14.306, offset_z=  13.518  (mm)
  Detector : dDx=   0.000, dDy=   0.000, dDz=   0.000  (mm)
  Obj Stage rotY :    6.505 deg
============================================================

Unity geometry (world coordinates):
  Source   : x=   0.000, y=  29.997, z=   0.000
  Object   : x=   0.214, y=  24.308, z= 614.589
  Detector : x=  -6.002, y=  33.656, z= 959.000
  Obj rotY :  -4.5698 deg

Initial calibration:
  Source   : x=   0.000, y=   0.000, z=   0.000
  Object   : x=   0.000, y=   0.000, z=   0.000
  Detector : x=  25.318, y=   6.310, z=  40.001

After Calibration: 

Unity geometry (world coordinates):
  Source   : x=   0.000, y=  29.997, z=   0.000
  Object   : x=   0.214, y=  24.308, z= 614.589
  Detector : x=  19.316, y=  39.966, z= 999.001
  Obj rotY :  -4.5698 deg
view   0 | SOD= 627.142 mm | SDD= 999.237 mm | M= 1.593 | incident=1.2464°
[[   5.628255   -627.0914       -5.689314  ]
 [  -8.802323    371.99194     -15.657648  ]
 [   0.14951468    0.0050518     0.        ]
 [   0.            0.            0.1496    ]]
Residual vector length: 2400, Jacobian shape: (2400, 6)
view   0 | SOD= 627.179 mm | SDD= 999.237 mm | M= 1.593 | incident=1.2464°
[[   5.854424   -627.1257       -5.687214  ]
 [  -8.9067335   371.95282     -15.655548  ]
 [   0.14951299    0.00510127    0.        ]
 [   0.            0.            0.1496    ]]

iter 24 cost=102696.501364 -> 102754.385467 |dtheta|=4.293014e-02  lambda=1.550e+04

============================================================
Iteration 25
============================================================
Theta offsets (Unity frame):
  Source   : dSx=   0.000, dSy=   0.000, dSz=   0.000  (mm)
  Object   : dOx=  -0.327, dOy=   4.308, dOz=  14.589  (mm)
  Object offset: offset_x=  14.306, offset_z=  13.518  (mm)
  Detector : dDx=   0.000, dDy=   0.000, dDz=   0.000  (mm)
  Obj Stage rotY :    6.505 deg
============================================================

Unity geometry (world coordinates):
  Source   : x=   0.000, y=  29.997, z=   0.000
  Object   : x=   0.214, y=  24.308, z= 614.589
  Detector : x=  -6.002, y=  33.656, z= 959.000
  Obj rotY :  -4.5698 deg

Initial calibration:
  Source   : x=   0.000, y=   0.000, z=   0.000
  Object   : x=   0.000, y=   0.000, z=   0.000
  Detector : x=  25.318, y=   6.310, z=  40.001

After Calibration: 

Unity geometry (world coordinates):
  Source   : x=   0.000, y=  29.997, z=   0.000
  Object   : x=   0.214, y=  24.308, z= 614.589
  Detector : x=  19.316, y=  39.966, z= 999.001
  Obj rotY :  -4.5698 deg
view   0 | SOD= 627.142 mm | SDD= 999.237 mm | M= 1.593 | incident=1.2464°
[[   5.628255   -627.0914       -5.689314  ]
 [  -8.802323    371.99194     -15.657648  ]
 [   0.14951468    0.0050518     0.        ]
 [   0.            0.            0.1496    ]]
Residual vector length: 2400, Jacobian shape: (2400, 6)
view   0 | SOD= 627.160 mm | SDD= 999.237 mm | M= 1.593 | incident=1.2464°
[[   5.6868625  -627.10834      -5.6879787 ]
 [  -8.822544    371.97385     -15.656313  ]
 [   0.14951427    0.0050636     0.        ]
 [   0.            0.            0.1496    ]]

iter 25 cost=102696.501364 -> 102686.270168 |dtheta|=1.994944e-02  lambda=7.752e+04

============================================================
Iteration 26
============================================================
Theta offsets (Unity frame):
  Source   : dSx=   0.000, dSy=   0.000, dSz=   0.000  (mm)
  Object   : dOx=  -0.327, dOy=   4.309, dOz=  14.589  (mm)
  Object offset: offset_x=  14.296, offset_z=  13.534  (mm)
  Detector : dDx=   0.000, dDy=   0.000, dDz=   0.000  (mm)
  Obj Stage rotY :    6.510 deg
============================================================

Unity geometry (world coordinates):
  Source   : x=   0.000, y=  29.997, z=   0.000
  Object   : x=   0.214, y=  24.309, z= 614.589
  Detector : x=  -6.002, y=  33.656, z= 959.000
  Obj rotY :  -4.5698 deg

Initial calibration:
  Source   : x=   0.000, y=   0.000, z=   0.000
  Object   : x=   0.000, y=   0.000, z=   0.000
  Detector : x=  25.318, y=   6.310, z=  40.001

After Calibration: 

Unity geometry (world coordinates):
  Source   : x=   0.000, y=  29.997, z=   0.000
  Object   : x=   0.214, y=  24.309, z= 614.589
  Detector : x=  19.316, y=  39.966, z= 999.001
  Obj rotY :  -4.5698 deg
view   0 | SOD= 627.160 mm | SDD= 999.237 mm | M= 1.593 | incident=1.2464°
[[   5.6868625  -627.10834      -5.6879787 ]
 [  -8.822544    371.97385     -15.656313  ]
 [   0.14951427    0.0050636     0.        ]
 [   0.            0.            0.1496    ]]
Residual vector length: 2400, Jacobian shape: (2400, 6)
view   0 | SOD= 627.144 mm | SDD= 999.237 mm | M= 1.593 | incident=1.2464°
[[   6.0168405  -627.0897       -5.6908073 ]
 [  -9.042541    371.98428     -15.659142  ]
 [   0.14951147    0.0051459     0.        ]
 [   0.            0.            0.1496    ]]

iter 26 cost=102686.270168 -> 102692.982346 |dtheta|=4.075443e-02  lambda=2.584e+04

============================================================
Iteration 27
============================================================
Theta offsets (Unity frame):
  Source   : dSx=   0.000, dSy=   0.000, dSz=   0.000  (mm)
  Object   : dOx=  -0.327, dOy=   4.309, dOz=  14.589  (mm)
  Object offset: offset_x=  14.296, offset_z=  13.534  (mm)
  Detector : dDx=   0.000, dDy=   0.000, dDz=   0.000  (mm)
  Obj Stage rotY :    6.510 deg
============================================================

Unity geometry (world coordinates):
  Source   : x=   0.000, y=  29.997, z=   0.000
  Object   : x=   0.214, y=  24.309, z= 614.589
  Detector : x=  -6.002, y=  33.656, z= 959.000
  Obj rotY :  -4.5698 deg

Initial calibration:
  Source   : x=   0.000, y=   0.000, z=   0.000
  Object   : x=   0.000, y=   0.000, z=   0.000
  Detector : x=  25.318, y=   6.310, z=  40.001

After Calibration: 

Unity geometry (world coordinates):
  Source   : x=   0.000, y=  29.997, z=   0.000
  Object   : x=   0.214, y=  24.309, z= 614.589
  Detector : x=  19.316, y=  39.966, z= 999.001
  Obj rotY :  -4.5698 deg
view   0 | SOD= 627.160 mm | SDD= 999.237 mm | M= 1.593 | incident=1.2464°
[[   5.6868625  -627.10834      -5.6879787 ]
 [  -8.822544    371.97385     -15.656313  ]
 [   0.14951427    0.0050636     0.        ]
 [   0.            0.            0.1496    ]]
Residual vector length: 2400, Jacobian shape: (2400, 6)
view   0 | SOD= 627.152 mm | SDD= 999.237 mm | M= 1.593 | incident=1.2464°
[[   5.7567773  -627.1          -5.689293  ]
 [  -8.873779    371.98044     -15.657627  ]
 [   0.14951366    0.00508173    0.        ]
 [   0.            0.            0.1496    ]]

iter 27 cost=102686.270168 -> 102683.118468 |dtheta|=1.264182e-02  lambda=1.292e+05

============================================================
Iteration 28
============================================================
Theta offsets (Unity frame):
  Source   : dSx=   0.000, dSy=   0.000, dSz=   0.000  (mm)
  Object   : dOx=  -0.326, dOy=   4.308, dOz=  14.590  (mm)
  Object offset: offset_x=  14.302, offset_z=  13.526  (mm)
  Detector : dDx=   0.000, dDy=   0.000, dDz=   0.000  (mm)
  Obj Stage rotY :    6.516 deg
============================================================

Unity geometry (world coordinates):
  Source   : x=   0.000, y=  29.997, z=   0.000
  Object   : x=   0.215, y=  24.308, z= 614.590
  Detector : x=  -6.002, y=  33.656, z= 959.000
  Obj rotY :  -4.5698 deg

Initial calibration:
  Source   : x=   0.000, y=   0.000, z=   0.000
  Object   : x=   0.000, y=   0.000, z=   0.000
  Detector : x=  25.318, y=   6.310, z=  40.001

After Calibration: 

Unity geometry (world coordinates):
  Source   : x=   0.000, y=  29.997, z=   0.000
  Object   : x=   0.215, y=  24.308, z= 614.590
  Detector : x=  19.316, y=  39.966, z= 999.001
  Obj rotY :  -4.5698 deg
view   0 | SOD= 627.152 mm | SDD= 999.237 mm | M= 1.593 | incident=1.2464°
[[   5.7567773  -627.1          -5.689293  ]
 [  -8.873779    371.98044     -15.657627  ]
 [   0.14951366    0.00508173    0.        ]
 [   0.            0.            0.1496    ]]
Residual vector length: 2400, Jacobian shape: (2400, 6)
view   0 | SOD= 627.146 mm | SDD= 999.237 mm | M= 1.593 | incident=1.2464°
[[   5.4193277  -627.09686      -5.6887455 ]
 [  -8.6573105   371.99152     -15.65708   ]
 [   0.14951646    0.00499883    0.        ]
 [   0.            0.            0.1496    ]]

iter 28 cost=102683.118468 -> 102699.358950 |dtheta|=3.529929e-02  lambda=4.307e+04

============================================================
Iteration 29
============================================================
Theta offsets (Unity frame):
  Source   : dSx=   0.000, dSy=   0.000, dSz=   0.000  (mm)
  Object   : dOx=  -0.326, dOy=   4.308, dOz=  14.590  (mm)
  Object offset: offset_x=  14.302, offset_z=  13.526  (mm)
  Detector : dDx=   0.000, dDy=   0.000, dDz=   0.000  (mm)
  Obj Stage rotY :    6.516 deg
============================================================

Unity geometry (world coordinates):
  Source   : x=   0.000, y=  29.997, z=   0.000
  Object   : x=   0.215, y=  24.308, z= 614.590
  Detector : x=  -6.002, y=  33.656, z= 959.000
  Obj rotY :  -4.5698 deg

Initial calibration:
  Source   : x=   0.000, y=   0.000, z=   0.000
  Object   : x=   0.000, y=   0.000, z=   0.000
  Detector : x=  25.318, y=   6.310, z=  40.001

After Calibration: 

Unity geometry (world coordinates):
  Source   : x=   0.000, y=  29.997, z=   0.000
  Object   : x=   0.215, y=  24.308, z= 614.590
  Detector : x=  19.316, y=  39.966, z= 999.001
  Obj rotY :  -4.5698 deg
view   0 | SOD= 627.152 mm | SDD= 999.237 mm | M= 1.593 | incident=1.2464°
[[   5.7567773  -627.1          -5.689293  ]
 [  -8.873779    371.98044     -15.657627  ]
 [   0.14951366    0.00508173    0.        ]
 [   0.            0.            0.1496    ]]
Residual vector length: 2400, Jacobian shape: (2400, 6)
view   0 | SOD= 627.150 mm | SDD= 999.237 mm | M= 1.593 | incident=1.2464°
[[   5.6866374  -627.0982       -5.689102  ]
 [  -8.826772    371.98392     -15.657436  ]
 [   0.14951426    0.0050642     0.        ]
 [   0.            0.            0.1496    ]]

iter 29 cost=102683.118468 -> 102708.037564 |dtheta|=8.520695e-03  lambda=2.153e+05

============================================================
Iteration 30
============================================================
Theta offsets (Unity frame):
  Source   : dSx=   0.000, dSy=   0.000, dSz=   0.000  (mm)
  Object   : dOx=  -0.326, dOy=   4.308, dOz=  14.590  (mm)
  Object offset: offset_x=  14.302, offset_z=  13.526  (mm)
  Detector : dDx=   0.000, dDy=   0.000, dDz=   0.000  (mm)
  Obj Stage rotY :    6.516 deg
============================================================

Unity geometry (world coordinates):
  Source   : x=   0.000, y=  29.997, z=   0.000
  Object   : x=   0.215, y=  24.308, z= 614.590
  Detector : x=  -6.002, y=  33.656, z= 959.000
  Obj rotY :  -4.5698 deg

Initial calibration:
  Source   : x=   0.000, y=   0.000, z=   0.000
  Object   : x=   0.000, y=   0.000, z=   0.000
  Detector : x=  25.318, y=   6.310, z=  40.001

After Calibration: 

Unity geometry (world coordinates):
  Source   : x=   0.000, y=  29.997, z=   0.000
  Object   : x=   0.215, y=  24.308, z= 614.590
  Detector : x=  19.316, y=  39.966, z= 999.001
  Obj rotY :  -4.5698 deg
view   0 | SOD= 627.152 mm | SDD= 999.237 mm | M= 1.593 | incident=1.2464°
[[   5.7567773  -627.1          -5.689293  ]
 [  -8.873779    371.98044     -15.657627  ]
 [   0.14951366    0.00508173    0.        ]
 [   0.            0.            0.1496    ]]
Residual vector length: 2400, Jacobian shape: (2400, 6)
view   0 | SOD= 627.152 mm | SDD= 999.237 mm | M= 1.593 | incident=1.2464°
[[   5.741614   -627.0994       -5.6892414 ]
 [  -8.863451    371.9813      -15.657576  ]
 [   0.1495138     0.00507791    0.        ]
 [   0.            0.            0.1496    ]]

iter 30 cost=102683.118468 -> 102688.458434 |dtheta|=1.965801e-03  lambda=1.000e+06

============================================================
Iteration 31
============================================================
Theta offsets (Unity frame):
  Source   : dSx=   0.000, dSy=   0.000, dSz=   0.000  (mm)
  Object   : dOx=  -0.326, dOy=   4.308, dOz=  14.590  (mm)
  Object offset: offset_x=  14.302, offset_z=  13.526  (mm)
  Detector : dDx=   0.000, dDy=   0.000, dDz=   0.000  (mm)
  Obj Stage rotY :    6.516 deg
============================================================

Unity geometry (world coordinates):
  Source   : x=   0.000, y=  29.997, z=   0.000
  Object   : x=   0.215, y=  24.308, z= 614.590
  Detector : x=  -6.002, y=  33.656, z= 959.000
  Obj rotY :  -4.5698 deg

Initial calibration:
  Source   : x=   0.000, y=   0.000, z=   0.000
  Object   : x=   0.000, y=   0.000, z=   0.000
  Detector : x=  25.318, y=   6.310, z=  40.001

After Calibration: 

Unity geometry (world coordinates):
  Source   : x=   0.000, y=  29.997, z=   0.000
  Object   : x=   0.215, y=  24.308, z= 614.590
  Detector : x=  19.316, y=  39.966, z= 999.001
  Obj rotY :  -4.5698 deg
view   0 | SOD= 627.152 mm | SDD= 999.237 mm | M= 1.593 | incident=1.2464°
[[   5.7567773  -627.1          -5.689293  ]
 [  -8.873779    371.98044     -15.657627  ]
 [   0.14951366    0.00508173    0.        ]
 [   0.            0.            0.1496    ]]
Residual vector length: 2400, Jacobian shape: (2400, 6)
view   0 | SOD= 627.152 mm | SDD= 999.237 mm | M= 1.593 | incident=1.2464°
[[   5.741614   -627.0994       -5.6892414 ]
 [  -8.863451    371.9813      -15.657576  ]
 [   0.1495138     0.00507791    0.        ]
 [   0.            0.            0.1496    ]]

iter 31 cost=102683.118468 -> 102688.458434 |dtheta|=1.965801e-03  lambda=1.000e+06

============================================================
Iteration 32
============================================================
Theta offsets (Unity frame):
  Source   : dSx=   0.000, dSy=   0.000, dSz=   0.000  (mm)
  Object   : dOx=  -0.326, dOy=   4.308, dOz=  14.590  (mm)
  Object offset: offset_x=  14.302, offset_z=  13.526  (mm)
  Detector : dDx=   0.000, dDy=   0.000, dDz=   0.000  (mm)
  Obj Stage rotY :    6.516 deg
============================================================

Unity geometry (world coordinates):
  Source   : x=   0.000, y=  29.997, z=   0.000
  Object   : x=   0.215, y=  24.308, z= 614.590
  Detector : x=  -6.002, y=  33.656, z= 959.000
  Obj rotY :  -4.5698 deg

Initial calibration:
  Source   : x=   0.000, y=   0.000, z=   0.000
  Object   : x=   0.000, y=   0.000, z=   0.000
  Detector : x=  25.318, y=   6.310, z=  40.001

After Calibration: 

Unity geometry (world coordinates):
  Source   : x=   0.000, y=  29.997, z=   0.000
  Object   : x=   0.215, y=  24.308, z= 614.590
  Detector : x=  19.316, y=  39.966, z= 999.001
  Obj rotY :  -4.5698 deg
view   0 | SOD= 627.152 mm | SDD= 999.237 mm | M= 1.593 | incident=1.2464°
[[   5.7567773  -627.1          -5.689293  ]
 [  -8.873779    371.98044     -15.657627  ]
 [   0.14951366    0.00508173    0.        ]
 [   0.            0.            0.1496    ]]
Residual vector length: 2400, Jacobian shape: (2400, 6)
view   0 | SOD= 627.152 mm | SDD= 999.237 mm | M= 1.593 | incident=1.2464°
[[   5.741614   -627.0994       -5.6892414 ]
 [  -8.863451    371.9813      -15.657576  ]
 [   0.1495138     0.00507791    0.        ]
 [   0.            0.            0.1496    ]]

iter 32 cost=102683.118468 -> 102688.458434 |dtheta|=1.965801e-03  lambda=1.000e+06

============================================================
Iteration 33
============================================================
Theta offsets (Unity frame):
  Source   : dSx=   0.000, dSy=   0.000, dSz=   0.000  (mm)
  Object   : dOx=  -0.326, dOy=   4.308, dOz=  14.590  (mm)
  Object offset: offset_x=  14.302, offset_z=  13.526  (mm)
  Detector : dDx=   0.000, dDy=   0.000, dDz=   0.000  (mm)
  Obj Stage rotY :    6.516 deg
============================================================

Unity geometry (world coordinates):
  Source   : x=   0.000, y=  29.997, z=   0.000
  Object   : x=   0.215, y=  24.308, z= 614.590
  Detector : x=  -6.002, y=  33.656, z= 959.000
  Obj rotY :  -4.5698 deg

Initial calibration:
  Source   : x=   0.000, y=   0.000, z=   0.000
  Object   : x=   0.000, y=   0.000, z=   0.000
  Detector : x=  25.318, y=   6.310, z=  40.001

After Calibration: 

Unity geometry (world coordinates):
  Source   : x=   0.000, y=  29.997, z=   0.000
  Object   : x=   0.215, y=  24.308, z= 614.590
  Detector : x=  19.316, y=  39.966, z= 999.001
  Obj rotY :  -4.5698 deg
view   0 | SOD= 627.152 mm | SDD= 999.237 mm | M= 1.593 | incident=1.2464°
[[   5.7567773  -627.1          -5.689293  ]
 [  -8.873779    371.98044     -15.657627  ]
 [   0.14951366    0.00508173    0.        ]
 [   0.            0.            0.1496    ]]
Residual vector length: 2400, Jacobian shape: (2400, 6)
view   0 | SOD= 627.152 mm | SDD= 999.237 mm | M= 1.593 | incident=1.2464°
[[   5.741614   -627.0994       -5.6892414 ]
 [  -8.863451    371.9813      -15.657576  ]
 [   0.1495138     0.00507791    0.        ]
 [   0.            0.            0.1496    ]]

iter 33 cost=102683.118468 -> 102688.458434 |dtheta|=1.965801e-03  lambda=1.000e+06

============================================================
Iteration 34
============================================================
Theta offsets (Unity frame):
  Source   : dSx=   0.000, dSy=   0.000, dSz=   0.000  (mm)
  Object   : dOx=  -0.326, dOy=   4.308, dOz=  14.590  (mm)
  Object offset: offset_x=  14.302, offset_z=  13.526  (mm)
  Detector : dDx=   0.000, dDy=   0.000, dDz=   0.000  (mm)
  Obj Stage rotY :    6.516 deg
============================================================

Unity geometry (world coordinates):
  Source   : x=   0.000, y=  29.997, z=   0.000
  Object   : x=   0.215, y=  24.308, z= 614.590
  Detector : x=  -6.002, y=  33.656, z= 959.000
  Obj rotY :  -4.5698 deg

Initial calibration:
  Source   : x=   0.000, y=   0.000, z=   0.000
  Object   : x=   0.000, y=   0.000, z=   0.000
  Detector : x=  25.318, y=   6.310, z=  40.001

After Calibration: 

Unity geometry (world coordinates):
  Source   : x=   0.000, y=  29.997, z=   0.000
  Object   : x=   0.215, y=  24.308, z= 614.590
  Detector : x=  19.316, y=  39.966, z= 999.001
  Obj rotY :  -4.5698 deg
view   0 | SOD= 627.152 mm | SDD= 999.237 mm | M= 1.593 | incident=1.2464°
[[   5.7567773  -627.1          -5.689293  ]
 [  -8.873779    371.98044     -15.657627  ]
 [   0.14951366    0.00508173    0.        ]
 [   0.            0.            0.1496    ]]
Residual vector length: 2400, Jacobian shape: (2400, 6)
view   0 | SOD= 627.152 mm | SDD= 999.237 mm | M= 1.593 | incident=1.2464°
[[   5.741614   -627.0994       -5.6892414 ]
 [  -8.863451    371.9813      -15.657576  ]
 [   0.1495138     0.00507791    0.        ]
 [   0.            0.            0.1496    ]]

iter 34 cost=102683.118468 -> 102688.458434 |dtheta|=1.965801e-03  lambda=1.000e+06

============================================================
Iteration 35
============================================================
Theta offsets (Unity frame):
  Source   : dSx=   0.000, dSy=   0.000, dSz=   0.000  (mm)
  Object   : dOx=  -0.326, dOy=   4.308, dOz=  14.590  (mm)
  Object offset: offset_x=  14.302, offset_z=  13.526  (mm)
  Detector : dDx=   0.000, dDy=   0.000, dDz=   0.000  (mm)
  Obj Stage rotY :    6.516 deg
============================================================

Unity geometry (world coordinates):
  Source   : x=   0.000, y=  29.997, z=   0.000
  Object   : x=   0.215, y=  24.308, z= 614.590
  Detector : x=  -6.002, y=  33.656, z= 959.000
  Obj rotY :  -4.5698 deg

Initial calibration:
  Source   : x=   0.000, y=   0.000, z=   0.000
  Object   : x=   0.000, y=   0.000, z=   0.000
  Detector : x=  25.318, y=   6.310, z=  40.001

After Calibration: 

Unity geometry (world coordinates):
  Source   : x=   0.000, y=  29.997, z=   0.000
  Object   : x=   0.215, y=  24.308, z= 614.590
  Detector : x=  19.316, y=  39.966, z= 999.001
  Obj rotY :  -4.5698 deg
view   0 | SOD= 627.152 mm | SDD= 999.237 mm | M= 1.593 | incident=1.2464°
[[   5.7567773  -627.1          -5.689293  ]
 [  -8.873779    371.98044     -15.657627  ]
 [   0.14951366    0.00508173    0.        ]
 [   0.            0.            0.1496    ]]
Residual vector length: 2400, Jacobian shape: (2400, 6)
view   0 | SOD= 627.152 mm | SDD= 999.237 mm | M= 1.593 | incident=1.2464°
[[   5.741614   -627.0994       -5.6892414 ]
 [  -8.863451    371.9813      -15.657576  ]
 [   0.1495138     0.00507791    0.        ]
 [   0.            0.            0.1496    ]]

iter 35 cost=102683.118468 -> 102688.458434 |dtheta|=1.965801e-03  lambda=1.000e+06

============================================================
Iteration 36
============================================================
Theta offsets (Unity frame):
  Source   : dSx=   0.000, dSy=   0.000, dSz=   0.000  (mm)
  Object   : dOx=  -0.326, dOy=   4.308, dOz=  14.590  (mm)
  Object offset: offset_x=  14.302, offset_z=  13.526  (mm)
  Detector : dDx=   0.000, dDy=   0.000, dDz=   0.000  (mm)
  Obj Stage rotY :    6.516 deg
============================================================

Unity geometry (world coordinates):
  Source   : x=   0.000, y=  29.997, z=   0.000
  Object   : x=   0.215, y=  24.308, z= 614.590
  Detector : x=  -6.002, y=  33.656, z= 959.000
  Obj rotY :  -4.5698 deg

Initial calibration:
  Source   : x=   0.000, y=   0.000, z=   0.000
  Object   : x=   0.000, y=   0.000, z=   0.000
  Detector : x=  25.318, y=   6.310, z=  40.001

After Calibration: 

Unity geometry (world coordinates):
  Source   : x=   0.000, y=  29.997, z=   0.000
  Object   : x=   0.215, y=  24.308, z= 614.590
  Detector : x=  19.316, y=  39.966, z= 999.001
  Obj rotY :  -4.5698 deg
view   0 | SOD= 627.152 mm | SDD= 999.237 mm | M= 1.593 | incident=1.2464°
[[   5.7567773  -627.1          -5.689293  ]
 [  -8.873779    371.98044     -15.657627  ]
 [   0.14951366    0.00508173    0.        ]
 [   0.            0.            0.1496    ]]
Residual vector length: 2400, Jacobian shape: (2400, 6)
view   0 | SOD= 627.152 mm | SDD= 999.237 mm | M= 1.593 | incident=1.2464°
[[   5.741614   -627.0994       -5.6892414 ]
 [  -8.863451    371.9813      -15.657576  ]
 [   0.1495138     0.00507791    0.        ]
 [   0.            0.            0.1496    ]]

iter 36 cost=102683.118468 -> 102688.458434 |dtheta|=1.965801e-03  lambda=1.000e+06
Stalled.

Estimated theta:
  dSx: +0.000000
  dSy: +0.000000
  dOx: -0.325885
  dOy: +4.308076
  dOz: +14.590186
  dDx: +0.000000
  dDy: +0.000000
  dDz: +0.000000
alpha: +6.516465e+00 deg)
offset_x: +14.302018
offset_z: +13.525883

Final cost table:
Final estimated theta: [ 0.          0.         -0.32588488  4.30807602 14.59018629  0.
  0.          0.          6.51646528 14.30201752 13.52588299]
################################################################################

