
################################################################################
Running scenario=Scan1 Projections=1434 Used=6, K=5

============================================================
Iteration 0
============================================================
Theta offsets (Unity frame):
  Source   : dSx=   0.000, dSy=   0.000, dSz=   0.000  (mm)
  Object   : dOx=   0.000, dOy=   0.000, dOz=   0.000  (mm)
  Object offset: offset_x=   0.000, offset_z=   0.000  (mm)
  Detector : dDx=   0.000, dDy=   0.000, dDz=   0.000  (mm)
  Obj Stage rotY :    0.000 deg
============================================================

Unity geometry (world coordinates):
  Source   : x=   0.000, y=  24.997, z=   0.000
  Object   : x=   0.541, y=  20.000, z= 600.000
  Detector : x= -25.318, y=  18.687, z=1059.000
  Obj rotY :  -1.0400 deg

Initial calibration:
  Source   : x=   0.000, y=   0.000, z=   0.000
  Object   : x=   0.000, y=   0.000, z=   0.000
  Detector : x=  25.318, y=   6.310, z=  40.001

After Calibration: 

Unity geometry (world coordinates):
  Source   : x=   0.000, y=  24.997, z=   0.000
  Object   : x=   0.541, y=  20.000, z= 600.000
  Detector : x=   0.000, y=  24.997, z=1099.001
  Obj rotY :  -1.0400 deg
view   0 | SOD= 600.021 mm | SDD=1099.001 mm | M= 1.832 | incident=0.0000°
[[ -11.430422   -599.89136      -4.997368  ]
 [   8.516415    498.92847      -4.9969044 ]
 [   0.14957535   -0.00271524    0.        ]
 [   0.            0.            0.1496    ]]
Residual vector length: 120, Jacobian shape: (120, 6)
view   0 | SOD= 615.074 mm | SDD=1099.001 mm | M= 1.787 | incident=0.0000°
[[  96.00605    -607.53424      -1.034174  ]
 [ -73.97051     478.2424       -1.0337105 ]
 [   0.14779986    0.02313783    0.        ]
 [   0.            0.            0.1496    ]]
/vol/home/s3777103/Documents/workspace/Thesis/AutoCalibration/gauss_newton_real.py:300: FutureWarning: The behavior of DataFrame concatenation with empty or all-NA entries is deprecated. In a future version, this will no longer exclude empty or all-NA columns when determining the result dtypes. To retain the old behavior, exclude the relevant entries before the concat operation.
  df_r0 = pd.concat([df_r0, df_iter], ignore_index=True)

iter 00 cost=89922.384685 -> 26624.352323 |dtheta|=1.698903e+01  lambda=1.000e-02

============================================================
Iteration 1
============================================================
Theta offsets (Unity frame):
  Source   : dSx=   0.000, dSy=   0.000, dSz=   0.000  (mm)
  Object   : dOx=  -0.419, dOy=   3.963, dOz=  12.985  (mm)
  Object offset: offset_x=  -1.046, offset_z=   2.068  (mm)
  Detector : dDx=   0.000, dDy=   0.000, dDz=   0.000  (mm)
  Obj Stage rotY :    9.937 deg
============================================================

Unity geometry (world coordinates):
  Source   : x=   0.000, y=  24.997, z=   0.000
  Object   : x=   0.122, y=  23.963, z= 612.985
  Detector : x= -25.318, y=  18.687, z=1059.000
  Obj rotY :  -1.0400 deg

Initial calibration:
  Source   : x=   0.000, y=   0.000, z=   0.000
  Object   : x=   0.000, y=   0.000, z=   0.000
  Detector : x=  25.318, y=   6.310, z=  40.001

After Calibration: 

Unity geometry (world coordinates):
  Source   : x=   0.000, y=  24.997, z=   0.000
  Object   : x=   0.122, y=  23.963, z= 612.985
  Detector : x=   0.000, y=  24.997, z=1099.001
  Obj rotY :  -1.0400 deg
view   0 | SOD= 615.074 mm | SDD=1099.001 mm | M= 1.787 | incident=0.0000°
[[  96.00605    -607.53424      -1.034174  ]
 [ -73.97051     478.2424       -1.0337105 ]
 [   0.14779986    0.02313783    0.        ]
 [   0.            0.            0.1496    ]]
Residual vector length: 120, Jacobian shape: (120, 6)
view   0 | SOD= 621.199 mm | SDD=1099.001 mm | M= 1.769 | incident=0.0000°
[[ 129.30281    -607.5922       -0.83296585]
 [ -97.34608     467.7836       -0.83250237]
 [   0.14638408    0.03085227    0.        ]
 [   0.            0.            0.1496    ]]

iter 01 cost=26624.352323 -> 23112.752941 |dtheta|=6.567878e+00  lambda=3.333e-03

============================================================
Iteration 2
============================================================
Theta offsets (Unity frame):
  Source   : dSx=   0.000, dSy=   0.000, dSz=   0.000  (mm)
  Object   : dOx=  -0.445, dOy=   4.164, dOz=  18.806  (mm)
  Object offset: offset_x=  -1.358, offset_z=   2.367  (mm)
  Detector : dDx=   0.000, dDy=   0.000, dDz=   0.000  (mm)
  Obj Stage rotY :   12.942 deg
============================================================

Unity geometry (world coordinates):
  Source   : x=   0.000, y=  24.997, z=   0.000
  Object   : x=   0.096, y=  24.164, z= 618.806
  Detector : x= -25.318, y=  18.687, z=1059.000
  Obj rotY :  -1.0400 deg

Initial calibration:
  Source   : x=   0.000, y=   0.000, z=   0.000
  Object   : x=   0.000, y=   0.000, z=   0.000
  Detector : x=  25.318, y=   6.310, z=  40.001

After Calibration: 

Unity geometry (world coordinates):
  Source   : x=   0.000, y=  24.997, z=   0.000
  Object   : x=   0.096, y=  24.164, z= 618.806
  Detector : x=   0.000, y=  24.997, z=1099.001
  Obj rotY :  -1.0400 deg
view   0 | SOD= 621.199 mm | SDD=1099.001 mm | M= 1.769 | incident=0.0000°
[[ 129.30281    -607.5922       -0.83296585]
 [ -97.34608     467.7836       -0.83250237]
 [   0.14638408    0.03085227    0.        ]
 [   0.            0.            0.1496    ]]
Residual vector length: 120, Jacobian shape: (120, 6)
view   0 | SOD= 618.477 mm | SDD=1099.001 mm | M= 1.777 | incident=0.0000°
[[ 155.39507    -598.6361       -0.8632927 ]
 [-118.170654    465.772        -0.8628292 ]
 [   0.14489111    0.03723876    0.        ]
 [   0.            0.            0.1496    ]]

iter 02 cost=23112.752941 -> 21211.910823 |dtheta|=3.800318e+00  lambda=1.111e-03

============================================================
Iteration 3
============================================================
Theta offsets (Unity frame):
  Source   : dSx=   0.000, dSy=   0.000, dSz=   0.000  (mm)
  Object   : dOx=  -0.474, dOy=   4.134, dOz=  15.968  (mm)
  Object offset: offset_x=  -1.602, offset_z=   2.478  (mm)
  Detector : dDx=   0.000, dDy=   0.000, dDz=   0.000  (mm)
  Obj Stage rotY :   15.454 deg
============================================================

Unity geometry (world coordinates):
  Source   : x=   0.000, y=  24.997, z=   0.000
  Object   : x=   0.067, y=  24.134, z= 615.968
  Detector : x= -25.318, y=  18.687, z=1059.000
  Obj rotY :  -1.0400 deg

Initial calibration:
  Source   : x=   0.000, y=   0.000, z=   0.000
  Object   : x=   0.000, y=   0.000, z=   0.000
  Detector : x=  25.318, y=   6.310, z=  40.001

After Calibration: 

Unity geometry (world coordinates):
  Source   : x=   0.000, y=  24.997, z=   0.000
  Object   : x=   0.067, y=  24.134, z= 615.968
  Detector : x=   0.000, y=  24.997, z=1099.001
  Obj rotY :  -1.0400 deg
view   0 | SOD= 618.477 mm | SDD=1099.001 mm | M= 1.777 | incident=0.0000°
[[ 155.39507    -598.6361       -0.8632927 ]
 [-118.170654    465.772        -0.8628292 ]
 [   0.14489111    0.03723876    0.        ]
 [   0.            0.            0.1496    ]]
Residual vector length: 120, Jacobian shape: (120, 6)
view   0 | SOD= 619.468 mm | SDD=1099.001 mm | M= 1.774 | incident=0.0000°
[[ 228.3872     -575.82935      -0.9696579 ]
 [-174.53123     446.64783      -0.9691944 ]
 [   0.13918331    0.05484673    0.        ]
 [   0.            0.            0.1496    ]]

iter 03 cost=21211.910823 -> 17426.175611 |dtheta|=7.146503e+00  lambda=3.704e-04

============================================================
Iteration 4
============================================================
Theta offsets (Unity frame):
  Source   : dSx=   0.000, dSy=   0.000, dSz=   0.000  (mm)
  Object   : dOx=  -0.410, dOy=   4.028, dOz=  16.811  (mm)
  Object offset: offset_x=  -1.551, offset_z=   2.627  (mm)
  Detector : dDx=   0.000, dDy=   0.000, dDz=   0.000  (mm)
  Obj Stage rotY :   22.547 deg
============================================================

Unity geometry (world coordinates):
  Source   : x=   0.000, y=  24.997, z=   0.000
  Object   : x=   0.131, y=  24.028, z= 616.811
  Detector : x= -25.318, y=  18.687, z=1059.000
  Obj rotY :  -1.0400 deg

Initial calibration:
  Source   : x=   0.000, y=   0.000, z=   0.000
  Object   : x=   0.000, y=   0.000, z=   0.000
  Detector : x=  25.318, y=   6.310, z=  40.001

After Calibration: 

Unity geometry (world coordinates):
  Source   : x=   0.000, y=  24.997, z=   0.000
  Object   : x=   0.131, y=  24.028, z= 616.811
  Detector : x=   0.000, y=  24.997, z=1099.001
  Obj rotY :  -1.0400 deg
view   0 | SOD= 619.468 mm | SDD=1099.001 mm | M= 1.774 | incident=0.0000°
[[ 228.3872     -575.82935      -0.9696579 ]
 [-174.53123     446.64783      -0.9691944 ]
 [   0.13918331    0.05484673    0.        ]
 [   0.            0.            0.1496    ]]
Residual vector length: 120, Jacobian shape: (120, 6)
view   0 | SOD= 623.120 mm | SDD=1099.001 mm | M= 1.764 | incident=0.0000°
[[ 222.82568    -581.9163       -0.7933426 ]
 [-168.54358     445.0369       -0.7928791 ]
 [   0.13979262    0.05327461    0.        ]
 [   0.            0.            0.1496    ]]

iter 04 cost=17426.175611 -> 17634.802392 |dtheta|=3.686880e+00  lambda=1.235e-04

============================================================
Iteration 5
============================================================
Theta offsets (Unity frame):
  Source   : dSx=   0.000, dSy=   0.000, dSz=   0.000  (mm)
  Object   : dOx=  -0.410, dOy=   4.028, dOz=  16.811  (mm)
  Object offset: offset_x=  -1.551, offset_z=   2.627  (mm)
  Detector : dDx=   0.000, dDy=   0.000, dDz=   0.000  (mm)
  Obj Stage rotY :   22.547 deg
============================================================

Unity geometry (world coordinates):
  Source   : x=   0.000, y=  24.997, z=   0.000
  Object   : x=   0.131, y=  24.028, z= 616.811
  Detector : x= -25.318, y=  18.687, z=1059.000
  Obj rotY :  -1.0400 deg

Initial calibration:
  Source   : x=   0.000, y=   0.000, z=   0.000
  Object   : x=   0.000, y=   0.000, z=   0.000
  Detector : x=  25.318, y=   6.310, z=  40.001

After Calibration: 

Unity geometry (world coordinates):
  Source   : x=   0.000, y=  24.997, z=   0.000
  Object   : x=   0.131, y=  24.028, z= 616.811
  Detector : x=   0.000, y=  24.997, z=1099.001
  Obj rotY :  -1.0400 deg
view   0 | SOD= 619.468 mm | SDD=1099.001 mm | M= 1.774 | incident=0.0000°
[[ 228.3872     -575.82935      -0.9696579 ]
 [-174.53123     446.64783      -0.9691944 ]
 [   0.13918331    0.05484673    0.        ]
 [   0.            0.            0.1496    ]]
Residual vector length: 120, Jacobian shape: (120, 6)
view   0 | SOD= 623.120 mm | SDD=1099.001 mm | M= 1.764 | incident=0.0000°
[[ 222.82562    -581.9163       -0.7933426 ]
 [-168.54358     445.037        -0.7928791 ]
 [   0.13979262    0.0532746     0.        ]
 [   0.            0.            0.1496    ]]

iter 05 cost=17426.175611 -> 17634.802392 |dtheta|=3.686778e+00  lambda=6.173e-04

============================================================
Iteration 6
============================================================
Theta offsets (Unity frame):
  Source   : dSx=   0.000, dSy=   0.000, dSz=   0.000  (mm)
  Object   : dOx=  -0.410, dOy=   4.028, dOz=  16.811  (mm)
  Object offset: offset_x=  -1.551, offset_z=   2.627  (mm)
  Detector : dDx=   0.000, dDy=   0.000, dDz=   0.000  (mm)
  Obj Stage rotY :   22.547 deg
============================================================

Unity geometry (world coordinates):
  Source   : x=   0.000, y=  24.997, z=   0.000
  Object   : x=   0.131, y=  24.028, z= 616.811
  Detector : x= -25.318, y=  18.687, z=1059.000
  Obj rotY :  -1.0400 deg

Initial calibration:
  Source   : x=   0.000, y=   0.000, z=   0.000
  Object   : x=   0.000, y=   0.000, z=   0.000
  Detector : x=  25.318, y=   6.310, z=  40.001

After Calibration: 

Unity geometry (world coordinates):
  Source   : x=   0.000, y=  24.997, z=   0.000
  Object   : x=   0.131, y=  24.028, z= 616.811
  Detector : x=   0.000, y=  24.997, z=1099.001
  Obj rotY :  -1.0400 deg
view   0 | SOD= 619.468 mm | SDD=1099.001 mm | M= 1.774 | incident=0.0000°
[[ 228.3872     -575.82935      -0.9696579 ]
 [-174.53123     446.64783      -0.9691944 ]
 [   0.13918331    0.05484673    0.        ]
 [   0.            0.            0.1496    ]]
Residual vector length: 120, Jacobian shape: (120, 6)
view   0 | SOD= 623.119 mm | SDD=1099.001 mm | M= 1.764 | incident=0.0000°
[[ 222.82523    -581.91583      -0.7933426 ]
 [-168.54361     445.03754      -0.7928791 ]
 [   0.13979264    0.05327455    0.        ]
 [   0.            0.            0.1496    ]]

iter 06 cost=17426.175611 -> 17634.802392 |dtheta|=3.686272e+00  lambda=3.086e-03

============================================================
Iteration 7
============================================================
Theta offsets (Unity frame):
  Source   : dSx=   0.000, dSy=   0.000, dSz=   0.000  (mm)
  Object   : dOx=  -0.410, dOy=   4.028, dOz=  16.811  (mm)
  Object offset: offset_x=  -1.551, offset_z=   2.627  (mm)
  Detector : dDx=   0.000, dDy=   0.000, dDz=   0.000  (mm)
  Obj Stage rotY :   22.547 deg
============================================================

Unity geometry (world coordinates):
  Source   : x=   0.000, y=  24.997, z=   0.000
  Object   : x=   0.131, y=  24.028, z= 616.811
  Detector : x= -25.318, y=  18.687, z=1059.000
  Obj rotY :  -1.0400 deg

Initial calibration:
  Source   : x=   0.000, y=   0.000, z=   0.000
  Object   : x=   0.000, y=   0.000, z=   0.000
  Detector : x=  25.318, y=   6.310, z=  40.001

After Calibration: 

Unity geometry (world coordinates):
  Source   : x=   0.000, y=  24.997, z=   0.000
  Object   : x=   0.131, y=  24.028, z= 616.811
  Detector : x=   0.000, y=  24.997, z=1099.001
  Obj rotY :  -1.0400 deg
view   0 | SOD= 619.468 mm | SDD=1099.001 mm | M= 1.774 | incident=0.0000°
[[ 228.3872     -575.82935      -0.9696579 ]
 [-174.53123     446.64783      -0.9691944 ]
 [   0.13918331    0.05484673    0.        ]
 [   0.            0.            0.1496    ]]
Residual vector length: 120, Jacobian shape: (120, 6)
view   0 | SOD= 623.117 mm | SDD=1099.001 mm | M= 1.764 | incident=0.0000°
[[ 222.82321    -581.91376      -0.7933426 ]
 [-168.5438      445.04034      -0.7928791 ]
 [   0.13979274    0.0532743     0.        ]
 [   0.            0.            0.1496    ]]

iter 07 cost=17426.175611 -> 17634.802392 |dtheta|=3.683744e+00  lambda=1.543e-02

============================================================
Iteration 8
============================================================
Theta offsets (Unity frame):
  Source   : dSx=   0.000, dSy=   0.000, dSz=   0.000  (mm)
  Object   : dOx=  -0.410, dOy=   4.028, dOz=  16.811  (mm)
  Object offset: offset_x=  -1.551, offset_z=   2.627  (mm)
  Detector : dDx=   0.000, dDy=   0.000, dDz=   0.000  (mm)
  Obj Stage rotY :   22.547 deg
============================================================

Unity geometry (world coordinates):
  Source   : x=   0.000, y=  24.997, z=   0.000
  Object   : x=   0.131, y=  24.028, z= 616.811
  Detector : x= -25.318, y=  18.687, z=1059.000
  Obj rotY :  -1.0400 deg

Initial calibration:
  Source   : x=   0.000, y=   0.000, z=   0.000
  Object   : x=   0.000, y=   0.000, z=   0.000
  Detector : x=  25.318, y=   6.310, z=  40.001

After Calibration: 

Unity geometry (world coordinates):
  Source   : x=   0.000, y=  24.997, z=   0.000
  Object   : x=   0.131, y=  24.028, z= 616.811
  Detector : x=   0.000, y=  24.997, z=1099.001
  Obj rotY :  -1.0400 deg
view   0 | SOD= 619.468 mm | SDD=1099.001 mm | M= 1.774 | incident=0.0000°
[[ 228.3872     -575.82935      -0.9696579 ]
 [-174.53123     446.64783      -0.9691944 ]
 [   0.13918331    0.05484673    0.        ]
 [   0.            0.            0.1496    ]]
Residual vector length: 120, Jacobian shape: (120, 6)
view   0 | SOD= 623.104 mm | SDD=1099.001 mm | M= 1.764 | incident=0.0000°
[[ 222.81343    -581.9036       -0.7933445 ]
 [-168.54453     445.05392      -0.792881  ]
 [   0.1397932     0.05327307    0.        ]
 [   0.            0.            0.1496    ]]

iter 08 cost=17426.175611 -> 17632.749233 |dtheta|=3.671157e+00  lambda=7.716e-02

============================================================
Iteration 9
============================================================
Theta offsets (Unity frame):
  Source   : dSx=   0.000, dSy=   0.000, dSz=   0.000  (mm)
  Object   : dOx=  -0.410, dOy=   4.028, dOz=  16.811  (mm)
  Object offset: offset_x=  -1.551, offset_z=   2.627  (mm)
  Detector : dDx=   0.000, dDy=   0.000, dDz=   0.000  (mm)
  Obj Stage rotY :   22.547 deg
============================================================

Unity geometry (world coordinates):
  Source   : x=   0.000, y=  24.997, z=   0.000
  Object   : x=   0.131, y=  24.028, z= 616.811
  Detector : x= -25.318, y=  18.687, z=1059.000
  Obj rotY :  -1.0400 deg

Initial calibration:
  Source   : x=   0.000, y=   0.000, z=   0.000
  Object   : x=   0.000, y=   0.000, z=   0.000
  Detector : x=  25.318, y=   6.310, z=  40.001

After Calibration: 

Unity geometry (world coordinates):
  Source   : x=   0.000, y=  24.997, z=   0.000
  Object   : x=   0.131, y=  24.028, z= 616.811
  Detector : x=   0.000, y=  24.997, z=1099.001
  Obj rotY :  -1.0400 deg
view   0 | SOD= 619.468 mm | SDD=1099.001 mm | M= 1.774 | incident=0.0000°
[[ 228.3872     -575.82935      -0.9696579 ]
 [-174.53123     446.64783      -0.9691944 ]
 [   0.13918331    0.05484673    0.        ]
 [   0.            0.            0.1496    ]]
Residual vector length: 120, Jacobian shape: (120, 6)
view   0 | SOD= 623.040 mm | SDD=1099.001 mm | M= 1.764 | incident=0.0000°
[[ 222.76582    -581.8538       -0.7933521 ]
 [-168.54848     445.12036      -0.79288864]
 [   0.13979547    0.05326713    0.        ]
 [   0.            0.            0.1496    ]]

iter 09 cost=17426.175611 -> 17623.260161 |dtheta|=3.609601e+00  lambda=3.858e-01

============================================================
Iteration 10
============================================================
Theta offsets (Unity frame):
  Source   : dSx=   0.000, dSy=   0.000, dSz=   0.000  (mm)
  Object   : dOx=  -0.410, dOy=   4.028, dOz=  16.811  (mm)
  Object offset: offset_x=  -1.551, offset_z=   2.627  (mm)
  Detector : dDx=   0.000, dDy=   0.000, dDz=   0.000  (mm)
  Obj Stage rotY :   22.547 deg
============================================================

Unity geometry (world coordinates):
  Source   : x=   0.000, y=  24.997, z=   0.000
  Object   : x=   0.131, y=  24.028, z= 616.811
  Detector : x= -25.318, y=  18.687, z=1059.000
  Obj rotY :  -1.0400 deg

Initial calibration:
  Source   : x=   0.000, y=   0.000, z=   0.000
  Object   : x=   0.000, y=   0.000, z=   0.000
  Detector : x=  25.318, y=   6.310, z=  40.001

After Calibration: 

Unity geometry (world coordinates):
  Source   : x=   0.000, y=  24.997, z=   0.000
  Object   : x=   0.131, y=  24.028, z= 616.811
  Detector : x=   0.000, y=  24.997, z=1099.001
  Obj rotY :  -1.0400 deg
view   0 | SOD= 619.468 mm | SDD=1099.001 mm | M= 1.774 | incident=0.0000°
[[ 228.3872     -575.82935      -0.9696579 ]
 [-174.53123     446.64783      -0.9691944 ]
 [   0.13918331    0.05484673    0.        ]
 [   0.            0.            0.1496    ]]
Residual vector length: 120, Jacobian shape: (120, 6)
view   0 | SOD= 622.753 mm | SDD=1099.001 mm | M= 1.765 | incident=0.0000°
[[ 222.56009    -581.62555      -0.7933903 ]
 [-168.57317     445.4176       -0.7929268 ]
 [   0.13980485    0.05324248    0.        ]
 [   0.            0.            0.1496    ]]

iter 10 cost=17426.175611 -> 17628.695715 |dtheta|=3.332775e+00  lambda=1.929e+00

============================================================
Iteration 11
============================================================
Theta offsets (Unity frame):
  Source   : dSx=   0.000, dSy=   0.000, dSz=   0.000  (mm)
  Object   : dOx=  -0.410, dOy=   4.028, dOz=  16.811  (mm)
  Object offset: offset_x=  -1.551, offset_z=   2.627  (mm)
  Detector : dDx=   0.000, dDy=   0.000, dDz=   0.000  (mm)
  Obj Stage rotY :   22.547 deg
============================================================

Unity geometry (world coordinates):
  Source   : x=   0.000, y=  24.997, z=   0.000
  Object   : x=   0.131, y=  24.028, z= 616.811
  Detector : x= -25.318, y=  18.687, z=1059.000
  Obj rotY :  -1.0400 deg

Initial calibration:
  Source   : x=   0.000, y=   0.000, z=   0.000
  Object   : x=   0.000, y=   0.000, z=   0.000
  Detector : x=  25.318, y=   6.310, z=  40.001

After Calibration: 

Unity geometry (world coordinates):
  Source   : x=   0.000, y=  24.997, z=   0.000
  Object   : x=   0.131, y=  24.028, z= 616.811
  Detector : x=   0.000, y=  24.997, z=1099.001
  Obj rotY :  -1.0400 deg
view   0 | SOD= 619.468 mm | SDD=1099.001 mm | M= 1.774 | incident=0.0000°
[[ 228.3872     -575.82935      -0.9696579 ]
 [-174.53123     446.64783      -0.9691944 ]
 [   0.13918331    0.05484673    0.        ]
 [   0.            0.            0.1496    ]]
Residual vector length: 120, Jacobian shape: (120, 6)
view   0 | SOD= 621.820 mm | SDD=1099.001 mm | M= 1.767 | incident=0.0000°
[[ 222.03778    -580.82635      -0.7935791 ]
 [-168.76488     446.34265      -0.7931156 ]
 [   0.13982199    0.05319748    0.        ]
 [   0.            0.            0.1496    ]]

iter 11 cost=17426.175611 -> 17617.951973 |dtheta|=2.441321e+00  lambda=9.645e+00

============================================================
Iteration 12
============================================================
Theta offsets (Unity frame):
  Source   : dSx=   0.000, dSy=   0.000, dSz=   0.000  (mm)
  Object   : dOx=  -0.410, dOy=   4.028, dOz=  16.811  (mm)
  Object offset: offset_x=  -1.551, offset_z=   2.627  (mm)
  Detector : dDx=   0.000, dDy=   0.000, dDz=   0.000  (mm)
  Obj Stage rotY :   22.547 deg
============================================================

Unity geometry (world coordinates):
  Source   : x=   0.000, y=  24.997, z=   0.000
  Object   : x=   0.131, y=  24.028, z= 616.811
  Detector : x= -25.318, y=  18.687, z=1059.000
  Obj rotY :  -1.0400 deg

Initial calibration:
  Source   : x=   0.000, y=   0.000, z=   0.000
  Object   : x=   0.000, y=   0.000, z=   0.000
  Detector : x=  25.318, y=   6.310, z=  40.001

After Calibration: 

Unity geometry (world coordinates):
  Source   : x=   0.000, y=  24.997, z=   0.000
  Object   : x=   0.131, y=  24.028, z= 616.811
  Detector : x=   0.000, y=  24.997, z=1099.001
  Obj rotY :  -1.0400 deg
view   0 | SOD= 619.468 mm | SDD=1099.001 mm | M= 1.774 | incident=0.0000°
[[ 228.3872     -575.82935      -0.9696579 ]
 [-174.53123     446.64783      -0.9691944 ]
 [   0.13918331    0.05484673    0.        ]
 [   0.            0.            0.1496    ]]
Residual vector length: 120, Jacobian shape: (120, 6)
view   0 | SOD= 620.469 mm | SDD=1099.001 mm | M= 1.771 | incident=0.0000°
[[ 222.3812     -579.2474       -0.7946186 ]
 [-169.88495     447.36362      -0.7941551 ]
 [   0.13974603    0.05339669    0.        ]
 [   0.            0.            0.1496    ]]

iter 12 cost=17426.175611 -> 17597.948277 |dtheta|=1.193284e+00  lambda=4.823e+01

============================================================
Iteration 13
============================================================
Theta offsets (Unity frame):
  Source   : dSx=   0.000, dSy=   0.000, dSz=   0.000  (mm)
  Object   : dOx=  -0.410, dOy=   4.028, dOz=  16.811  (mm)
  Object offset: offset_x=  -1.551, offset_z=   2.627  (mm)
  Detector : dDx=   0.000, dDy=   0.000, dDz=   0.000  (mm)
  Obj Stage rotY :   22.547 deg
============================================================

Unity geometry (world coordinates):
  Source   : x=   0.000, y=  24.997, z=   0.000
  Object   : x=   0.131, y=  24.028, z= 616.811
  Detector : x= -25.318, y=  18.687, z=1059.000
  Obj rotY :  -1.0400 deg

Initial calibration:
  Source   : x=   0.000, y=   0.000, z=   0.000
  Object   : x=   0.000, y=   0.000, z=   0.000
  Detector : x=  25.318, y=   6.310, z=  40.001

After Calibration: 

Unity geometry (world coordinates):
  Source   : x=   0.000, y=  24.997, z=   0.000
  Object   : x=   0.131, y=  24.028, z= 616.811
  Detector : x=   0.000, y=  24.997, z=1099.001
  Obj rotY :  -1.0400 deg
view   0 | SOD= 619.468 mm | SDD=1099.001 mm | M= 1.774 | incident=0.0000°
[[ 228.3872     -575.82935      -0.9696579 ]
 [-174.53123     446.64783      -0.9691944 ]
 [   0.13918331    0.05484673    0.        ]
 [   0.            0.            0.1496    ]]
Residual vector length: 120, Jacobian shape: (120, 6)
view   0 | SOD= 619.762 mm | SDD=1099.001 mm | M= 1.773 | incident=0.0000°
[[ 225.06813    -577.4502       -0.8009205 ]
 [-172.38005     447.16574      -0.800457  ]
 [   0.13947445    0.05410209    0.        ]
 [   0.            0.            0.1496    ]]

iter 13 cost=17426.175611 -> 17514.621600 |dtheta|=5.299365e-01  lambda=2.411e+02

============================================================
Iteration 14
============================================================
Theta offsets (Unity frame):
  Source   : dSx=   0.000, dSy=   0.000, dSz=   0.000  (mm)
  Object   : dOx=  -0.410, dOy=   4.028, dOz=  16.811  (mm)
  Object offset: offset_x=  -1.551, offset_z=   2.627  (mm)
  Detector : dDx=   0.000, dDy=   0.000, dDz=   0.000  (mm)
  Obj Stage rotY :   22.547 deg
============================================================

Unity geometry (world coordinates):
  Source   : x=   0.000, y=  24.997, z=   0.000
  Object   : x=   0.131, y=  24.028, z= 616.811
  Detector : x= -25.318, y=  18.687, z=1059.000
  Obj rotY :  -1.0400 deg

Initial calibration:
  Source   : x=   0.000, y=   0.000, z=   0.000
  Object   : x=   0.000, y=   0.000, z=   0.000
  Detector : x=  25.318, y=   6.310, z=  40.001

After Calibration: 

Unity geometry (world coordinates):
  Source   : x=   0.000, y=  24.997, z=   0.000
  Object   : x=   0.131, y=  24.028, z= 616.811
  Detector : x=   0.000, y=  24.997, z=1099.001
  Obj rotY :  -1.0400 deg
view   0 | SOD= 619.468 mm | SDD=1099.001 mm | M= 1.774 | incident=0.0000°
[[ 228.3872     -575.82935      -0.9696579 ]
 [-174.53123     446.64783      -0.9691944 ]
 [   0.13918331    0.05484673    0.        ]
 [   0.            0.            0.1496    ]]
Residual vector length: 120, Jacobian shape: (120, 6)
view   0 | SOD= 619.558 mm | SDD=1099.001 mm | M= 1.774 | incident=0.0000°
[[ 227.2666     -576.3694       -0.8293114 ]
 [-174.07166     446.7291       -0.8288479 ]
 [   0.13926789    0.05463162    0.        ]
 [   0.            0.            0.1496    ]]

iter 14 cost=17426.175611 -> 17396.063098 |dtheta|=2.903510e-01  lambda=1.206e+03

============================================================
Iteration 15
============================================================
Theta offsets (Unity frame):
  Source   : dSx=   0.000, dSy=   0.000, dSz=   0.000  (mm)
  Object   : dOx=  -0.346, dOy=   4.168, dOz=  16.867  (mm)
  Object offset: offset_x=  -1.332, offset_z=   2.666  (mm)
  Detector : dDx=   0.000, dDy=   0.000, dDz=   0.000  (mm)
  Obj Stage rotY :   22.459 deg
============================================================

Unity geometry (world coordinates):
  Source   : x=   0.000, y=  24.997, z=   0.000
  Object   : x=   0.194, y=  24.168, z= 616.867
  Detector : x= -25.318, y=  18.687, z=1059.000
  Obj rotY :  -1.0400 deg

Initial calibration:
  Source   : x=   0.000, y=   0.000, z=   0.000
  Object   : x=   0.000, y=   0.000, z=   0.000
  Detector : x=  25.318, y=   6.310, z=  40.001

After Calibration: 

Unity geometry (world coordinates):
  Source   : x=   0.000, y=  24.997, z=   0.000
  Object   : x=   0.194, y=  24.168, z= 616.867
  Detector : x=   0.000, y=  24.997, z=1099.001
  Obj rotY :  -1.0400 deg
view   0 | SOD= 619.558 mm | SDD=1099.001 mm | M= 1.774 | incident=0.0000°
[[ 227.2666     -576.3694       -0.8293114 ]
 [-174.07166     446.7291       -0.8288479 ]
 [   0.13926789    0.05463162    0.        ]
 [   0.            0.            0.1496    ]]
Residual vector length: 120, Jacobian shape: (120, 6)
view   0 | SOD= 619.497 mm | SDD=1099.001 mm | M= 1.774 | incident=0.0000°
[[ 231.9426     -574.4376       -0.78883934]
 [-177.6566      445.38165      -0.78837585]
 [   0.13882151    0.05575613    0.        ]
 [   0.            0.            0.1496    ]]

iter 15 cost=17396.063098 -> 17173.623598 |dtheta|=4.764412e-01  lambda=4.019e+02

============================================================
Iteration 16
============================================================
Theta offsets (Unity frame):
  Source   : dSx=   0.000, dSy=   0.000, dSz=   0.000  (mm)
  Object   : dOx=  -0.388, dOy=   4.209, dOz=  16.896  (mm)
  Object offset: offset_x=  -1.338, offset_z=   2.576  (mm)
  Detector : dDx=   0.000, dDy=   0.000, dDz=   0.000  (mm)
  Obj Stage rotY :   22.922 deg
============================================================

Unity geometry (world coordinates):
  Source   : x=   0.000, y=  24.997, z=   0.000
  Object   : x=   0.153, y=  24.209, z= 616.896
  Detector : x= -25.318, y=  18.687, z=1059.000
  Obj rotY :  -1.0400 deg

Initial calibration:
  Source   : x=   0.000, y=   0.000, z=   0.000
  Object   : x=   0.000, y=   0.000, z=   0.000
  Detector : x=  25.318, y=   6.310, z=  40.001

After Calibration: 

Unity geometry (world coordinates):
  Source   : x=   0.000, y=  24.997, z=   0.000
  Object   : x=   0.153, y=  24.209, z= 616.896
  Detector : x=   0.000, y=  24.997, z=1099.001
  Obj rotY :  -1.0400 deg
view   0 | SOD= 619.497 mm | SDD=1099.001 mm | M= 1.774 | incident=0.0000°
[[ 231.9426     -574.4376       -0.78883934]
 [-177.6566      445.38165      -0.78837585]
 [   0.13882151    0.05575613    0.        ]
 [   0.            0.            0.1496    ]]
Residual vector length: 120, Jacobian shape: (120, 6)
view   0 | SOD= 619.632 mm | SDD=1099.001 mm | M= 1.774 | incident=0.0000°
[[ 250.89548    -566.56366      -0.8097973 ]
 [-192.18265     439.1623       -0.8093338 ]
 [   0.13690308    0.06031341    0.        ]
 [   0.            0.            0.1496    ]]

iter 16 cost=17173.623598 -> 16625.014836 |dtheta|=1.900149e+00  lambda=1.340e+02

============================================================
Iteration 17
============================================================
Theta offsets (Unity frame):
  Source   : dSx=   0.000, dSy=   0.000, dSz=   0.000  (mm)
  Object   : dOx=  -0.348, dOy=   4.188, dOz=  17.016  (mm)
  Object offset: offset_x=  -1.423, offset_z=   2.589  (mm)
  Detector : dDx=   0.000, dDy=   0.000, dDz=   0.000  (mm)
  Obj Stage rotY :   24.816 deg
============================================================

Unity geometry (world coordinates):
  Source   : x=   0.000, y=  24.997, z=   0.000
  Object   : x=   0.193, y=  24.188, z= 617.016
  Detector : x= -25.318, y=  18.687, z=1059.000
  Obj rotY :  -1.0400 deg

Initial calibration:
  Source   : x=   0.000, y=   0.000, z=   0.000
  Object   : x=   0.000, y=   0.000, z=   0.000
  Detector : x=  25.318, y=   6.310, z=  40.001

After Calibration: 

Unity geometry (world coordinates):
  Source   : x=   0.000, y=  24.997, z=   0.000
  Object   : x=   0.193, y=  24.188, z= 617.016
  Detector : x=   0.000, y=  24.997, z=1099.001
  Obj rotY :  -1.0400 deg
view   0 | SOD= 619.632 mm | SDD=1099.001 mm | M= 1.774 | incident=0.0000°
[[ 250.89548    -566.56366      -0.8097973 ]
 [-192.18265     439.1623       -0.8093338 ]
 [   0.13690308    0.06031341    0.        ]
 [   0.            0.            0.1496    ]]
Residual vector length: 120, Jacobian shape: (120, 6)
view   0 | SOD= 620.658 mm | SDD=1099.001 mm | M= 1.771 | incident=0.0000°
[[ 279.44922    -554.18787      -0.782856  ]
 [-214.2663      427.67154      -0.7823925 ]
 [   0.13365428    0.06720635    0.        ]
 [   0.            0.            0.1496    ]]

iter 17 cost=16625.014836 -> 16156.587494 |dtheta|=3.133493e+00  lambda=4.465e+01

============================================================
Iteration 18
============================================================
Theta offsets (Unity frame):
  Source   : dSx=   0.000, dSy=   0.000, dSz=   0.000  (mm)
  Object   : dOx=  -0.319, dOy=   4.215, dOz=  18.060  (mm)
  Object offset: offset_x=  -0.968, offset_z=   2.580  (mm)
  Detector : dDx=   0.000, dDy=   0.000, dDz=   0.000  (mm)
  Obj Stage rotY :   27.735 deg
============================================================

Unity geometry (world coordinates):
  Source   : x=   0.000, y=  24.997, z=   0.000
  Object   : x=   0.221, y=  24.215, z= 618.060
  Detector : x= -25.318, y=  18.687, z=1059.000
  Obj rotY :  -1.0400 deg

Initial calibration:
  Source   : x=   0.000, y=   0.000, z=   0.000
  Object   : x=   0.000, y=   0.000, z=   0.000
  Detector : x=  25.318, y=   6.310, z=  40.001

After Calibration: 

Unity geometry (world coordinates):
  Source   : x=   0.000, y=  24.997, z=   0.000
  Object   : x=   0.221, y=  24.215, z= 618.060
  Detector : x=   0.000, y=  24.997, z=1099.001
  Obj rotY :  -1.0400 deg
view   0 | SOD= 620.658 mm | SDD=1099.001 mm | M= 1.771 | incident=0.0000°
[[ 279.44922    -554.18787      -0.782856  ]
 [-214.2663      427.67154      -0.7823925 ]
 [   0.13365428    0.06720635    0.        ]
 [   0.            0.            0.1496    ]]
Residual vector length: 120, Jacobian shape: (120, 6)
view   0 | SOD= 621.298 mm | SDD=1099.001 mm | M= 1.769 | incident=0.0000°
[[ 269.255      -559.9214       -0.79154205]
 [-204.7323      431.61224      -0.79107857]
 [   0.13497117    0.06452088    0.        ]
 [   0.            0.            0.1496    ]]

iter 18 cost=16156.587494 -> 16325.481669 |dtheta|=1.521118e+00  lambda=1.488e+01

============================================================
Iteration 19
============================================================
Theta offsets (Unity frame):
  Source   : dSx=   0.000, dSy=   0.000, dSz=   0.000  (mm)
  Object   : dOx=  -0.319, dOy=   4.215, dOz=  18.060  (mm)
  Object offset: offset_x=  -0.968, offset_z=   2.580  (mm)
  Detector : dDx=   0.000, dDy=   0.000, dDz=   0.000  (mm)
  Obj Stage rotY :   27.735 deg
============================================================

Unity geometry (world coordinates):
  Source   : x=   0.000, y=  24.997, z=   0.000
  Object   : x=   0.221, y=  24.215, z= 618.060
  Detector : x= -25.318, y=  18.687, z=1059.000
  Obj rotY :  -1.0400 deg

Initial calibration:
  Source   : x=   0.000, y=   0.000, z=   0.000
  Object   : x=   0.000, y=   0.000, z=   0.000
  Detector : x=  25.318, y=   6.310, z=  40.001

After Calibration: 

Unity geometry (world coordinates):
  Source   : x=   0.000, y=  24.997, z=   0.000
  Object   : x=   0.221, y=  24.215, z= 618.060
  Detector : x=   0.000, y=  24.997, z=1099.001
  Obj rotY :  -1.0400 deg
view   0 | SOD= 620.658 mm | SDD=1099.001 mm | M= 1.771 | incident=0.0000°
[[ 279.44922    -554.18787      -0.782856  ]
 [-214.2663      427.67154      -0.7823925 ]
 [   0.13365428    0.06720635    0.        ]
 [   0.            0.            0.1496    ]]
Residual vector length: 120, Jacobian shape: (120, 6)
view   0 | SOD= 620.775 mm | SDD=1099.001 mm | M= 1.770 | incident=0.0000°
[[ 270.89822    -558.54755      -0.7950554 ]
 [-206.43715     431.37863      -0.7945919 ]
 [   0.13475236    0.06497663    0.        ]
 [   0.            0.            0.1496    ]]

iter 19 cost=16156.587494 -> 16277.330391 |dtheta|=1.169296e+00  lambda=7.442e+01

============================================================
Iteration 20
============================================================
Theta offsets (Unity frame):
  Source   : dSx=   0.000, dSy=   0.000, dSz=   0.000  (mm)
  Object   : dOx=  -0.319, dOy=   4.215, dOz=  18.060  (mm)
  Object offset: offset_x=  -0.968, offset_z=   2.580  (mm)
  Detector : dDx=   0.000, dDy=   0.000, dDz=   0.000  (mm)
  Obj Stage rotY :   27.735 deg
============================================================

Unity geometry (world coordinates):
  Source   : x=   0.000, y=  24.997, z=   0.000
  Object   : x=   0.221, y=  24.215, z= 618.060
  Detector : x= -25.318, y=  18.687, z=1059.000
  Obj rotY :  -1.0400 deg

Initial calibration:
  Source   : x=   0.000, y=   0.000, z=   0.000
  Object   : x=   0.000, y=   0.000, z=   0.000
  Detector : x=  25.318, y=   6.310, z=  40.001

After Calibration: 

Unity geometry (world coordinates):
  Source   : x=   0.000, y=  24.997, z=   0.000
  Object   : x=   0.221, y=  24.215, z= 618.060
  Detector : x=   0.000, y=  24.997, z=1099.001
  Obj rotY :  -1.0400 deg
view   0 | SOD= 620.658 mm | SDD=1099.001 mm | M= 1.771 | incident=0.0000°
[[ 279.44922    -554.18787      -0.782856  ]
 [-214.2663      427.67154      -0.7823925 ]
 [   0.13365428    0.06720635    0.        ]
 [   0.            0.            0.1496    ]]
Residual vector length: 120, Jacobian shape: (120, 6)
view   0 | SOD= 620.603 mm | SDD=1099.001 mm | M= 1.771 | incident=0.0000°
[[ 274.89032    -556.40173      -0.7984085 ]
 [-209.77072     429.95853      -0.797945  ]
 [   0.13426696    0.06597383    0.        ]
 [   0.            0.            0.1496    ]]

iter 20 cost=16156.587494 -> 16190.622568 |dtheta|=7.796047e-01  lambda=3.721e+02

============================================================
Iteration 21
============================================================
Theta offsets (Unity frame):
  Source   : dSx=   0.000, dSy=   0.000, dSz=   0.000  (mm)
  Object   : dOx=  -0.319, dOy=   4.215, dOz=  18.060  (mm)
  Object offset: offset_x=  -0.968, offset_z=   2.580  (mm)
  Detector : dDx=   0.000, dDy=   0.000, dDz=   0.000  (mm)
  Obj Stage rotY :   27.735 deg
============================================================

Unity geometry (world coordinates):
  Source   : x=   0.000, y=  24.997, z=   0.000
  Object   : x=   0.221, y=  24.215, z= 618.060
  Detector : x= -25.318, y=  18.687, z=1059.000
  Obj rotY :  -1.0400 deg

Initial calibration:
  Source   : x=   0.000, y=   0.000, z=   0.000
  Object   : x=   0.000, y=   0.000, z=   0.000
  Detector : x=  25.318, y=   6.310, z=  40.001

After Calibration: 

Unity geometry (world coordinates):
  Source   : x=   0.000, y=  24.997, z=   0.000
  Object   : x=   0.221, y=  24.215, z= 618.060
  Detector : x=   0.000, y=  24.997, z=1099.001
  Obj rotY :  -1.0400 deg
view   0 | SOD= 620.658 mm | SDD=1099.001 mm | M= 1.771 | incident=0.0000°
[[ 279.44922    -554.18787      -0.782856  ]
 [-214.2663      427.67154      -0.7823925 ]
 [   0.13365428    0.06720635    0.        ]
 [   0.            0.            0.1496    ]]
Residual vector length: 120, Jacobian shape: (120, 6)
view   0 | SOD= 620.606 mm | SDD=1099.001 mm | M= 1.771 | incident=0.0000°
[[ 278.22748    -554.7437       -0.79569626]
 [-212.68163     428.52182      -0.7952328 ]
 [   0.13384569    0.06682433    0.        ]
 [   0.            0.            0.1496    ]]

iter 21 cost=16156.587494 -> 16084.295619 |dtheta|=4.150644e-01  lambda=1.861e+03

============================================================
Iteration 22
============================================================
Theta offsets (Unity frame):
  Source   : dSx=   0.000, dSy=   0.000, dSz=   0.000  (mm)
  Object   : dOx=  -0.378, dOy=   4.202, dOz=  18.064  (mm)
  Object offset: offset_x=  -1.339, offset_z=   2.517  (mm)
  Detector : dDx=   0.000, dDy=   0.000, dDz=   0.000  (mm)
  Obj Stage rotY :   27.571 deg
============================================================

Unity geometry (world coordinates):
  Source   : x=   0.000, y=  24.997, z=   0.000
  Object   : x=   0.162, y=  24.202, z= 618.064
  Detector : x= -25.318, y=  18.687, z=1059.000
  Obj rotY :  -1.0400 deg

Initial calibration:
  Source   : x=   0.000, y=   0.000, z=   0.000
  Object   : x=   0.000, y=   0.000, z=   0.000
  Detector : x=  25.318, y=   6.310, z=  40.001

After Calibration: 

Unity geometry (world coordinates):
  Source   : x=   0.000, y=  24.997, z=   0.000
  Object   : x=   0.162, y=  24.202, z= 618.064
  Detector : x=   0.000, y=  24.997, z=1099.001
  Obj rotY :  -1.0400 deg
view   0 | SOD= 620.606 mm | SDD=1099.001 mm | M= 1.771 | incident=0.0000°
[[ 278.22748    -554.7437       -0.79569626]
 [-212.68163     428.52182      -0.7952328 ]
 [   0.13384569    0.06682433    0.        ]
 [   0.            0.            0.1496    ]]
Residual vector length: 120, Jacobian shape: (120, 6)
view   0 | SOD= 620.544 mm | SDD=1099.001 mm | M= 1.771 | incident=0.0000°
[[ 280.7625     -553.3951       -0.80993843]
 [-214.77124     427.54794      -0.80947495]
 [   0.13352953    0.06745386    0.        ]
 [   0.            0.            0.1496    ]]

iter 22 cost=16084.295619 -> 16048.132375 |dtheta|=2.864690e-01  lambda=6.202e+02

============================================================
Iteration 23
============================================================
Theta offsets (Unity frame):
  Source   : dSx=   0.000, dSy=   0.000, dSz=   0.000  (mm)
  Object   : dOx=  -0.393, dOy=   4.187, dOz=  18.068  (mm)
  Object offset: offset_x=  -1.271, offset_z=   2.452  (mm)
  Detector : dDx=   0.000, dDy=   0.000, dDz=   0.000  (mm)
  Obj Stage rotY :   27.841 deg
============================================================

Unity geometry (world coordinates):
  Source   : x=   0.000, y=  24.997, z=   0.000
  Object   : x=   0.147, y=  24.187, z= 618.068
  Detector : x= -25.318, y=  18.687, z=1059.000
  Obj rotY :  -1.0400 deg

Initial calibration:
  Source   : x=   0.000, y=   0.000, z=   0.000
  Object   : x=   0.000, y=   0.000, z=   0.000
  Detector : x=  25.318, y=   6.310, z=  40.001

After Calibration: 

Unity geometry (world coordinates):
  Source   : x=   0.000, y=  24.997, z=   0.000
  Object   : x=   0.147, y=  24.187, z= 618.068
  Detector : x=   0.000, y=  24.997, z=1099.001
  Obj rotY :  -1.0400 deg
view   0 | SOD= 620.544 mm | SDD=1099.001 mm | M= 1.771 | incident=0.0000°
[[ 280.7625     -553.3951       -0.80993843]
 [-214.77124     427.54794      -0.80947495]
 [   0.13352953    0.06745386    0.        ]
 [   0.            0.            0.1496    ]]
Residual vector length: 120, Jacobian shape: (120, 6)
view   0 | SOD= 620.678 mm | SDD=1099.001 mm | M= 1.771 | incident=0.0000°
[[ 291.4468     -547.9962       -0.8184433 ]
 [-223.18704     423.06247      -0.8179798 ]
 [   0.13218404    0.07005383    0.        ]
 [   0.            0.            0.1496    ]]

iter 23 cost=16048.132375 -> 15992.648661 |dtheta|=1.140447e+00  lambda=2.067e+02

============================================================
Iteration 24
============================================================
Theta offsets (Unity frame):
  Source   : dSx=   0.000, dSy=   0.000, dSz=   0.000  (mm)
  Object   : dOx=  -0.383, dOy=   4.179, dOz=  18.196  (mm)
  Object offset: offset_x=  -1.108, offset_z=   2.461  (mm)
  Detector : dDx=   0.000, dDy=   0.000, dDz=   0.000  (mm)
  Obj Stage rotY :   28.962 deg
============================================================

Unity geometry (world coordinates):
  Source   : x=   0.000, y=  24.997, z=   0.000
  Object   : x=   0.158, y=  24.179, z= 618.196
  Detector : x= -25.318, y=  18.687, z=1059.000
  Obj rotY :  -1.0400 deg

Initial calibration:
  Source   : x=   0.000, y=   0.000, z=   0.000
  Object   : x=   0.000, y=   0.000, z=   0.000
  Detector : x=  25.318, y=   6.310, z=  40.001

After Calibration: 

Unity geometry (world coordinates):
  Source   : x=   0.000, y=  24.997, z=   0.000
  Object   : x=   0.158, y=  24.179, z= 618.196
  Detector : x=   0.000, y=  24.997, z=1099.001
  Obj rotY :  -1.0400 deg
view   0 | SOD= 620.678 mm | SDD=1099.001 mm | M= 1.771 | incident=0.0000°
[[ 291.4468     -547.9962       -0.8184433 ]
 [-223.18704     423.06247      -0.8179798 ]
 [   0.13218404    0.07005383    0.        ]
 [   0.            0.            0.1496    ]]
Residual vector length: 120, Jacobian shape: (120, 6)
view   0 | SOD= 620.503 mm | SDD=1099.001 mm | M= 1.771 | incident=0.0000°
[[ 281.54172    -552.95374      -0.7940445 ]
 [-215.16232     427.3972       -0.793581  ]
 [   0.13344894    0.06761316    0.        ]
 [   0.            0.            0.1496    ]]

iter 24 cost=15992.648661 -> 16083.381808 |dtheta|=1.138010e+00  lambda=6.891e+01

============================================================
Iteration 25
============================================================
Theta offsets (Unity frame):
  Source   : dSx=   0.000, dSy=   0.000, dSz=   0.000  (mm)
  Object   : dOx=  -0.383, dOy=   4.179, dOz=  18.196  (mm)
  Object offset: offset_x=  -1.108, offset_z=   2.461  (mm)
  Detector : dDx=   0.000, dDy=   0.000, dDz=   0.000  (mm)
  Obj Stage rotY :   28.962 deg
============================================================

Unity geometry (world coordinates):
  Source   : x=   0.000, y=  24.997, z=   0.000
  Object   : x=   0.158, y=  24.179, z= 618.196
  Detector : x= -25.318, y=  18.687, z=1059.000
  Obj rotY :  -1.0400 deg

Initial calibration:
  Source   : x=   0.000, y=   0.000, z=   0.000
  Object   : x=   0.000, y=   0.000, z=   0.000
  Detector : x=  25.318, y=   6.310, z=  40.001

After Calibration: 

Unity geometry (world coordinates):
  Source   : x=   0.000, y=  24.997, z=   0.000
  Object   : x=   0.158, y=  24.179, z= 618.196
  Detector : x=   0.000, y=  24.997, z=1099.001
  Obj rotY :  -1.0400 deg
view   0 | SOD= 620.678 mm | SDD=1099.001 mm | M= 1.771 | incident=0.0000°
[[ 291.4468     -547.9962       -0.8184433 ]
 [-223.18704     423.06247      -0.8179798 ]
 [   0.13218404    0.07005383    0.        ]
 [   0.            0.            0.1496    ]]
Residual vector length: 120, Jacobian shape: (120, 6)
view   0 | SOD= 620.688 mm | SDD=1099.001 mm | M= 1.771 | incident=0.0000°
[[ 287.31628    -550.1836       -0.7958603 ]
 [-219.5415      424.95642      -0.7953968 ]
 [   0.13273962    0.06899533    0.        ]
 [   0.            0.            0.1496    ]]

iter 25 cost=15992.648661 -> 16000.214510 |dtheta|=5.533846e-01  lambda=3.445e+02

============================================================
Iteration 26
============================================================
Theta offsets (Unity frame):
  Source   : dSx=   0.000, dSy=   0.000, dSz=   0.000  (mm)
  Object   : dOx=  -0.383, dOy=   4.179, dOz=  18.196  (mm)
  Object offset: offset_x=  -1.108, offset_z=   2.461  (mm)
  Detector : dDx=   0.000, dDy=   0.000, dDz=   0.000  (mm)
  Obj Stage rotY :   28.962 deg
============================================================

Unity geometry (world coordinates):
  Source   : x=   0.000, y=  24.997, z=   0.000
  Object   : x=   0.158, y=  24.179, z= 618.196
  Detector : x= -25.318, y=  18.687, z=1059.000
  Obj rotY :  -1.0400 deg

Initial calibration:
  Source   : x=   0.000, y=   0.000, z=   0.000
  Object   : x=   0.000, y=   0.000, z=   0.000
  Detector : x=  25.318, y=   6.310, z=  40.001

After Calibration: 

Unity geometry (world coordinates):
  Source   : x=   0.000, y=  24.997, z=   0.000
  Object   : x=   0.158, y=  24.179, z= 618.196
  Detector : x=   0.000, y=  24.997, z=1099.001
  Obj rotY :  -1.0400 deg
view   0 | SOD= 620.678 mm | SDD=1099.001 mm | M= 1.771 | incident=0.0000°
[[ 291.4468     -547.9962       -0.8184433 ]
 [-223.18704     423.06247      -0.8179798 ]
 [   0.13218404    0.07005383    0.        ]
 [   0.            0.            0.1496    ]]
Residual vector length: 120, Jacobian shape: (120, 6)
view   0 | SOD= 620.717 mm | SDD=1099.001 mm | M= 1.771 | incident=0.0000°
[[ 290.54175    -548.52         -0.80025864]
 [-222.14482     423.5681       -0.79979515]
 [   0.13232417    0.06978876    0.        ]
 [   0.            0.            0.1496    ]]

iter 26 cost=15992.648661 -> 15971.192682 |dtheta|=2.420327e-01  lambda=1.723e+03

============================================================
Iteration 27
============================================================
Theta offsets (Unity frame):
  Source   : dSx=   0.000, dSy=   0.000, dSz=   0.000  (mm)
  Object   : dOx=  -0.376, dOy=   4.197, dOz=  18.183  (mm)
  Object offset: offset_x=  -1.314, offset_z=   2.509  (mm)
  Detector : dDx=   0.000, dDy=   0.000, dDz=   0.000  (mm)
  Obj Stage rotY :   28.847 deg
============================================================

Unity geometry (world coordinates):
  Source   : x=   0.000, y=  24.997, z=   0.000
  Object   : x=   0.164, y=  24.197, z= 618.183
  Detector : x= -25.318, y=  18.687, z=1059.000
  Obj rotY :  -1.0400 deg

Initial calibration:
  Source   : x=   0.000, y=   0.000, z=   0.000
  Object   : x=   0.000, y=   0.000, z=   0.000
  Detector : x=  25.318, y=   6.310, z=  40.001

After Calibration: 

Unity geometry (world coordinates):
  Source   : x=   0.000, y=  24.997, z=   0.000
  Object   : x=   0.164, y=  24.197, z= 618.183
  Detector : x=   0.000, y=  24.997, z=1099.001
  Obj rotY :  -1.0400 deg
view   0 | SOD= 620.717 mm | SDD=1099.001 mm | M= 1.771 | incident=0.0000°
[[ 290.54175    -548.52         -0.80025864]
 [-222.14482     423.5681       -0.79979515]
 [   0.13232417    0.06978876    0.        ]
 [   0.            0.            0.1496    ]]
Residual vector length: 120, Jacobian shape: (120, 6)
view   0 | SOD= 620.772 mm | SDD=1099.001 mm | M= 1.770 | incident=0.0000°
[[ 287.38455    -550.2433       -0.8078518 ]
 [-219.50822     424.87857      -0.8073883 ]
 [   0.13273713    0.06900009    0.        ]
 [   0.            0.            0.1496    ]]

iter 27 cost=15971.192682 -> 16013.588910 |dtheta|=3.535904e-01  lambda=5.742e+02

============================================================
Iteration 28
============================================================
Theta offsets (Unity frame):
  Source   : dSx=   0.000, dSy=   0.000, dSz=   0.000  (mm)
  Object   : dOx=  -0.376, dOy=   4.197, dOz=  18.183  (mm)
  Object offset: offset_x=  -1.314, offset_z=   2.509  (mm)
  Detector : dDx=   0.000, dDy=   0.000, dDz=   0.000  (mm)
  Obj Stage rotY :   28.847 deg
============================================================

Unity geometry (world coordinates):
  Source   : x=   0.000, y=  24.997, z=   0.000
  Object   : x=   0.164, y=  24.197, z= 618.183
  Detector : x= -25.318, y=  18.687, z=1059.000
  Obj rotY :  -1.0400 deg

Initial calibration:
  Source   : x=   0.000, y=   0.000, z=   0.000
  Object   : x=   0.000, y=   0.000, z=   0.000
  Detector : x=  25.318, y=   6.310, z=  40.001

After Calibration: 

Unity geometry (world coordinates):
  Source   : x=   0.000, y=  24.997, z=   0.000
  Object   : x=   0.164, y=  24.197, z= 618.183
  Detector : x=   0.000, y=  24.997, z=1099.001
  Obj rotY :  -1.0400 deg
view   0 | SOD= 620.717 mm | SDD=1099.001 mm | M= 1.771 | incident=0.0000°
[[ 290.54175    -548.52         -0.80025864]
 [-222.14482     423.5681       -0.79979515]
 [   0.13232417    0.06978876    0.        ]
 [   0.            0.            0.1496    ]]
Residual vector length: 120, Jacobian shape: (120, 6)
view   0 | SOD= 620.742 mm | SDD=1099.001 mm | M= 1.770 | incident=0.0000°
[[ 289.88934    -548.89355      -0.806551  ]
 [-221.52359     423.86526      -0.8060875 ]
 [   0.13241547    0.06961539    0.        ]
 [   0.            0.            0.1496    ]]

iter 28 cost=15971.192682 -> 15981.998275 |dtheta|=9.381685e-02  lambda=2.871e+03

============================================================
Iteration 29
============================================================
Theta offsets (Unity frame):
  Source   : dSx=   0.000, dSy=   0.000, dSz=   0.000  (mm)
  Object   : dOx=  -0.376, dOy=   4.197, dOz=  18.183  (mm)
  Object offset: offset_x=  -1.314, offset_z=   2.509  (mm)
  Detector : dDx=   0.000, dDy=   0.000, dDz=   0.000  (mm)
  Obj Stage rotY :   28.847 deg
============================================================

Unity geometry (world coordinates):
  Source   : x=   0.000, y=  24.997, z=   0.000
  Object   : x=   0.164, y=  24.197, z= 618.183
  Detector : x= -25.318, y=  18.687, z=1059.000
  Obj rotY :  -1.0400 deg

Initial calibration:
  Source   : x=   0.000, y=   0.000, z=   0.000
  Object   : x=   0.000, y=   0.000, z=   0.000
  Detector : x=  25.318, y=   6.310, z=  40.001

After Calibration: 

Unity geometry (world coordinates):
  Source   : x=   0.000, y=  24.997, z=   0.000
  Object   : x=   0.164, y=  24.197, z= 618.183
  Detector : x=   0.000, y=  24.997, z=1099.001
  Obj rotY :  -1.0400 deg
view   0 | SOD= 620.717 mm | SDD=1099.001 mm | M= 1.771 | incident=0.0000°
[[ 290.54175    -548.52         -0.80025864]
 [-222.14482     423.5681       -0.79979515]
 [   0.13232417    0.06978876    0.        ]
 [   0.            0.            0.1496    ]]
Residual vector length: 120, Jacobian shape: (120, 6)
view   0 | SOD= 620.725 mm | SDD=1099.001 mm | M= 1.771 | incident=0.0000°
[[ 290.41702    -548.59485      -0.80295944]
 [-222.00888     423.63074      -0.80249596]
 [   0.13234289    0.06975328    0.        ]
 [   0.            0.            0.1496    ]]

iter 29 cost=15971.192682 -> 15977.737545 |dtheta|=2.430579e-02  lambda=1.436e+04

============================================================
Iteration 30
============================================================
Theta offsets (Unity frame):
  Source   : dSx=   0.000, dSy=   0.000, dSz=   0.000  (mm)
  Object   : dOx=  -0.376, dOy=   4.197, dOz=  18.183  (mm)
  Object offset: offset_x=  -1.314, offset_z=   2.509  (mm)
  Detector : dDx=   0.000, dDy=   0.000, dDz=   0.000  (mm)
  Obj Stage rotY :   28.847 deg
============================================================

Unity geometry (world coordinates):
  Source   : x=   0.000, y=  24.997, z=   0.000
  Object   : x=   0.164, y=  24.197, z= 618.183
  Detector : x= -25.318, y=  18.687, z=1059.000
  Obj rotY :  -1.0400 deg

Initial calibration:
  Source   : x=   0.000, y=   0.000, z=   0.000
  Object   : x=   0.000, y=   0.000, z=   0.000
  Detector : x=  25.318, y=   6.310, z=  40.001

After Calibration: 

Unity geometry (world coordinates):
  Source   : x=   0.000, y=  24.997, z=   0.000
  Object   : x=   0.164, y=  24.197, z= 618.183
  Detector : x=   0.000, y=  24.997, z=1099.001
  Obj rotY :  -1.0400 deg
view   0 | SOD= 620.717 mm | SDD=1099.001 mm | M= 1.771 | incident=0.0000°
[[ 290.54175    -548.52         -0.80025864]
 [-222.14482     423.5681       -0.79979515]
 [   0.13232417    0.06978876    0.        ]
 [   0.            0.            0.1496    ]]
Residual vector length: 120, Jacobian shape: (120, 6)
view   0 | SOD= 620.719 mm | SDD=1099.001 mm | M= 1.771 | incident=0.0000°
[[ 290.5174     -548.535        -0.8009453 ]
 [-222.11676     423.58084      -0.8004818 ]
 [   0.13232794    0.06978163    0.        ]
 [   0.            0.            0.1496    ]]

iter 30 cost=15971.192682 -> 15974.086437 |dtheta|=5.343785e-03  lambda=7.178e+04

============================================================
Iteration 31
============================================================
Theta offsets (Unity frame):
  Source   : dSx=   0.000, dSy=   0.000, dSz=   0.000  (mm)
  Object   : dOx=  -0.376, dOy=   4.197, dOz=  18.183  (mm)
  Object offset: offset_x=  -1.314, offset_z=   2.509  (mm)
  Detector : dDx=   0.000, dDy=   0.000, dDz=   0.000  (mm)
  Obj Stage rotY :   28.847 deg
============================================================

Unity geometry (world coordinates):
  Source   : x=   0.000, y=  24.997, z=   0.000
  Object   : x=   0.164, y=  24.197, z= 618.183
  Detector : x= -25.318, y=  18.687, z=1059.000
  Obj rotY :  -1.0400 deg

Initial calibration:
  Source   : x=   0.000, y=   0.000, z=   0.000
  Object   : x=   0.000, y=   0.000, z=   0.000
  Detector : x=  25.318, y=   6.310, z=  40.001

After Calibration: 

Unity geometry (world coordinates):
  Source   : x=   0.000, y=  24.997, z=   0.000
  Object   : x=   0.164, y=  24.197, z= 618.183
  Detector : x=   0.000, y=  24.997, z=1099.001
  Obj rotY :  -1.0400 deg
view   0 | SOD= 620.717 mm | SDD=1099.001 mm | M= 1.771 | incident=0.0000°
[[ 290.54175    -548.52         -0.80025864]
 [-222.14482     423.5681       -0.79979515]
 [   0.13232417    0.06978876    0.        ]
 [   0.            0.            0.1496    ]]
Residual vector length: 120, Jacobian shape: (120, 6)
view   0 | SOD= 620.717 mm | SDD=1099.001 mm | M= 1.771 | incident=0.0000°
[[ 290.53693    -548.523        -0.8004036 ]
 [-222.13916     423.57065      -0.7999401 ]
 [   0.13232493    0.06978734    0.        ]
 [   0.            0.            0.1496    ]]

iter 31 cost=15971.192682 -> 15969.672994 |dtheta|=1.092587e-03  lambda=3.589e+05

============================================================
Iteration 32
============================================================
Theta offsets (Unity frame):
  Source   : dSx=   0.000, dSy=   0.000, dSz=   0.000  (mm)
  Object   : dOx=  -0.376, dOy=   4.197, dOz=  18.183  (mm)
  Object offset: offset_x=  -1.315, offset_z=   2.509  (mm)
  Detector : dDx=   0.000, dDy=   0.000, dDz=   0.000  (mm)
  Obj Stage rotY :   28.847 deg
============================================================

Unity geometry (world coordinates):
  Source   : x=   0.000, y=  24.997, z=   0.000
  Object   : x=   0.164, y=  24.197, z= 618.183
  Detector : x= -25.318, y=  18.687, z=1059.000
  Obj rotY :  -1.0400 deg

Initial calibration:
  Source   : x=   0.000, y=   0.000, z=   0.000
  Object   : x=   0.000, y=   0.000, z=   0.000
  Detector : x=  25.318, y=   6.310, z=  40.001

After Calibration: 

Unity geometry (world coordinates):
  Source   : x=   0.000, y=  24.997, z=   0.000
  Object   : x=   0.164, y=  24.197, z= 618.183
  Detector : x=   0.000, y=  24.997, z=1099.001
  Obj rotY :  -1.0400 deg
view   0 | SOD= 620.717 mm | SDD=1099.001 mm | M= 1.771 | incident=0.0000°
[[ 290.53693    -548.523        -0.8004036 ]
 [-222.13916     423.57065      -0.7999401 ]
 [   0.13232493    0.06978734    0.        ]
 [   0.            0.            0.1496    ]]
Residual vector length: 120, Jacobian shape: (120, 6)
view   0 | SOD= 620.719 mm | SDD=1099.001 mm | M= 1.771 | incident=0.0000°
[[ 290.52493    -548.5315       -0.8007965 ]
 [-222.12175     423.57767      -0.800333  ]
 [   0.13232704    0.06978333    0.        ]
 [   0.            0.            0.1496    ]]

iter 32 cost=15969.672994 -> 15975.699845 |dtheta|=4.443332e-03  lambda=1.196e+05

============================================================
Iteration 33
============================================================
Theta offsets (Unity frame):
  Source   : dSx=   0.000, dSy=   0.000, dSz=   0.000  (mm)
  Object   : dOx=  -0.376, dOy=   4.197, dOz=  18.183  (mm)
  Object offset: offset_x=  -1.315, offset_z=   2.509  (mm)
  Detector : dDx=   0.000, dDy=   0.000, dDz=   0.000  (mm)
  Obj Stage rotY :   28.847 deg
============================================================

Unity geometry (world coordinates):
  Source   : x=   0.000, y=  24.997, z=   0.000
  Object   : x=   0.164, y=  24.197, z= 618.183
  Detector : x= -25.318, y=  18.687, z=1059.000
  Obj rotY :  -1.0400 deg

Initial calibration:
  Source   : x=   0.000, y=   0.000, z=   0.000
  Object   : x=   0.000, y=   0.000, z=   0.000
  Detector : x=  25.318, y=   6.310, z=  40.001

After Calibration: 

Unity geometry (world coordinates):
  Source   : x=   0.000, y=  24.997, z=   0.000
  Object   : x=   0.164, y=  24.197, z= 618.183
  Detector : x=   0.000, y=  24.997, z=1099.001
  Obj rotY :  -1.0400 deg
view   0 | SOD= 620.717 mm | SDD=1099.001 mm | M= 1.771 | incident=0.0000°
[[ 290.53693    -548.523        -0.8004036 ]
 [-222.13916     423.57065      -0.7999401 ]
 [   0.13232493    0.06978734    0.        ]
 [   0.            0.            0.1496    ]]
Residual vector length: 120, Jacobian shape: (120, 6)
view   0 | SOD= 620.718 mm | SDD=1099.001 mm | M= 1.771 | incident=0.0000°
[[ 290.53452    -548.5247       -0.8004837 ]
 [-222.13567     423.57208      -0.8000202 ]
 [   0.13232535    0.06978653    0.        ]
 [   0.            0.            0.1496    ]]

iter 33 cost=15969.672994 -> 15970.919645 |dtheta|=9.020002e-04  lambda=5.982e+05

============================================================
Iteration 34
============================================================
Theta offsets (Unity frame):
  Source   : dSx=   0.000, dSy=   0.000, dSz=   0.000  (mm)
  Object   : dOx=  -0.376, dOy=   4.197, dOz=  18.183  (mm)
  Object offset: offset_x=  -1.315, offset_z=   2.509  (mm)
  Detector : dDx=   0.000, dDy=   0.000, dDz=   0.000  (mm)
  Obj Stage rotY :   28.847 deg
============================================================

Unity geometry (world coordinates):
  Source   : x=   0.000, y=  24.997, z=   0.000
  Object   : x=   0.164, y=  24.197, z= 618.183
  Detector : x= -25.318, y=  18.687, z=1059.000
  Obj rotY :  -1.0400 deg

Initial calibration:
  Source   : x=   0.000, y=   0.000, z=   0.000
  Object   : x=   0.000, y=   0.000, z=   0.000
  Detector : x=  25.318, y=   6.310, z=  40.001

After Calibration: 

Unity geometry (world coordinates):
  Source   : x=   0.000, y=  24.997, z=   0.000
  Object   : x=   0.164, y=  24.197, z= 618.183
  Detector : x=   0.000, y=  24.997, z=1099.001
  Obj rotY :  -1.0400 deg
view   0 | SOD= 620.717 mm | SDD=1099.001 mm | M= 1.771 | incident=0.0000°
[[ 290.53693    -548.523        -0.8004036 ]
 [-222.13916     423.57065      -0.7999401 ]
 [   0.13232493    0.06978734    0.        ]
 [   0.            0.            0.1496    ]]
Residual vector length: 120, Jacobian shape: (120, 6)
view   0 | SOD= 620.717 mm | SDD=1099.001 mm | M= 1.771 | incident=0.0000°
[[ 290.5355     -548.52405      -0.8004513 ]
 [-222.13707     423.57147      -0.7999878 ]
 [   0.13232519    0.06978685    0.        ]
 [   0.            0.            0.1496    ]]

iter 34 cost=15969.672994 -> 15969.713996 |dtheta|=5.403669e-04  lambda=1.000e+06

============================================================
Iteration 35
============================================================
Theta offsets (Unity frame):
  Source   : dSx=   0.000, dSy=   0.000, dSz=   0.000  (mm)
  Object   : dOx=  -0.376, dOy=   4.197, dOz=  18.183  (mm)
  Object offset: offset_x=  -1.315, offset_z=   2.509  (mm)
  Detector : dDx=   0.000, dDy=   0.000, dDz=   0.000  (mm)
  Obj Stage rotY :   28.847 deg
============================================================

Unity geometry (world coordinates):
  Source   : x=   0.000, y=  24.997, z=   0.000
  Object   : x=   0.164, y=  24.197, z= 618.183
  Detector : x= -25.318, y=  18.687, z=1059.000
  Obj rotY :  -1.0400 deg

Initial calibration:
  Source   : x=   0.000, y=   0.000, z=   0.000
  Object   : x=   0.000, y=   0.000, z=   0.000
  Detector : x=  25.318, y=   6.310, z=  40.001

After Calibration: 

Unity geometry (world coordinates):
  Source   : x=   0.000, y=  24.997, z=   0.000
  Object   : x=   0.164, y=  24.197, z= 618.183
  Detector : x=   0.000, y=  24.997, z=1099.001
  Obj rotY :  -1.0400 deg
view   0 | SOD= 620.717 mm | SDD=1099.001 mm | M= 1.771 | incident=0.0000°
[[ 290.53693    -548.523        -0.8004036 ]
 [-222.13916     423.57065      -0.7999401 ]
 [   0.13232493    0.06978734    0.        ]
 [   0.            0.            0.1496    ]]
Residual vector length: 120, Jacobian shape: (120, 6)
view   0 | SOD= 620.717 mm | SDD=1099.001 mm | M= 1.771 | incident=0.0000°
[[ 290.5355     -548.52405      -0.8004513 ]
 [-222.13707     423.57147      -0.7999878 ]
 [   0.13232519    0.06978685    0.        ]
 [   0.            0.            0.1496    ]]

iter 35 cost=15969.672994 -> 15969.713996 |dtheta|=5.403669e-04  lambda=1.000e+06

============================================================
Iteration 36
============================================================
Theta offsets (Unity frame):
  Source   : dSx=   0.000, dSy=   0.000, dSz=   0.000  (mm)
  Object   : dOx=  -0.376, dOy=   4.197, dOz=  18.183  (mm)
  Object offset: offset_x=  -1.315, offset_z=   2.509  (mm)
  Detector : dDx=   0.000, dDy=   0.000, dDz=   0.000  (mm)
  Obj Stage rotY :   28.847 deg
============================================================

Unity geometry (world coordinates):
  Source   : x=   0.000, y=  24.997, z=   0.000
  Object   : x=   0.164, y=  24.197, z= 618.183
  Detector : x= -25.318, y=  18.687, z=1059.000
  Obj rotY :  -1.0400 deg

Initial calibration:
  Source   : x=   0.000, y=   0.000, z=   0.000
  Object   : x=   0.000, y=   0.000, z=   0.000
  Detector : x=  25.318, y=   6.310, z=  40.001

After Calibration: 

Unity geometry (world coordinates):
  Source   : x=   0.000, y=  24.997, z=   0.000
  Object   : x=   0.164, y=  24.197, z= 618.183
  Detector : x=   0.000, y=  24.997, z=1099.001
  Obj rotY :  -1.0400 deg
view   0 | SOD= 620.717 mm | SDD=1099.001 mm | M= 1.771 | incident=0.0000°
[[ 290.53693    -548.523        -0.8004036 ]
 [-222.13916     423.57065      -0.7999401 ]
 [   0.13232493    0.06978734    0.        ]
 [   0.            0.            0.1496    ]]
Residual vector length: 120, Jacobian shape: (120, 6)
view   0 | SOD= 620.717 mm | SDD=1099.001 mm | M= 1.771 | incident=0.0000°
[[ 290.5355     -548.52405      -0.8004513 ]
 [-222.13707     423.57147      -0.7999878 ]
 [   0.13232519    0.06978685    0.        ]
 [   0.            0.            0.1496    ]]

iter 36 cost=15969.672994 -> 15969.713996 |dtheta|=5.403669e-04  lambda=1.000e+06

============================================================
Iteration 37
============================================================
Theta offsets (Unity frame):
  Source   : dSx=   0.000, dSy=   0.000, dSz=   0.000  (mm)
  Object   : dOx=  -0.376, dOy=   4.197, dOz=  18.183  (mm)
  Object offset: offset_x=  -1.315, offset_z=   2.509  (mm)
  Detector : dDx=   0.000, dDy=   0.000, dDz=   0.000  (mm)
  Obj Stage rotY :   28.847 deg
============================================================

Unity geometry (world coordinates):
  Source   : x=   0.000, y=  24.997, z=   0.000
  Object   : x=   0.164, y=  24.197, z= 618.183
  Detector : x= -25.318, y=  18.687, z=1059.000
  Obj rotY :  -1.0400 deg

Initial calibration:
  Source   : x=   0.000, y=   0.000, z=   0.000
  Object   : x=   0.000, y=   0.000, z=   0.000
  Detector : x=  25.318, y=   6.310, z=  40.001

After Calibration: 

Unity geometry (world coordinates):
  Source   : x=   0.000, y=  24.997, z=   0.000
  Object   : x=   0.164, y=  24.197, z= 618.183
  Detector : x=   0.000, y=  24.997, z=1099.001
  Obj rotY :  -1.0400 deg
view   0 | SOD= 620.717 mm | SDD=1099.001 mm | M= 1.771 | incident=0.0000°
[[ 290.53693    -548.523        -0.8004036 ]
 [-222.13916     423.57065      -0.7999401 ]
 [   0.13232493    0.06978734    0.        ]
 [   0.            0.            0.1496    ]]
Residual vector length: 120, Jacobian shape: (120, 6)
view   0 | SOD= 620.717 mm | SDD=1099.001 mm | M= 1.771 | incident=0.0000°
[[ 290.5355     -548.52405      -0.8004513 ]
 [-222.13707     423.57147      -0.7999878 ]
 [   0.13232519    0.06978685    0.        ]
 [   0.            0.            0.1496    ]]

iter 37 cost=15969.672994 -> 15969.713996 |dtheta|=5.403669e-04  lambda=1.000e+06

============================================================
Iteration 38
============================================================
Theta offsets (Unity frame):
  Source   : dSx=   0.000, dSy=   0.000, dSz=   0.000  (mm)
  Object   : dOx=  -0.376, dOy=   4.197, dOz=  18.183  (mm)
  Object offset: offset_x=  -1.315, offset_z=   2.509  (mm)
  Detector : dDx=   0.000, dDy=   0.000, dDz=   0.000  (mm)
  Obj Stage rotY :   28.847 deg
============================================================

Unity geometry (world coordinates):
  Source   : x=   0.000, y=  24.997, z=   0.000
  Object   : x=   0.164, y=  24.197, z= 618.183
  Detector : x= -25.318, y=  18.687, z=1059.000
  Obj rotY :  -1.0400 deg

Initial calibration:
  Source   : x=   0.000, y=   0.000, z=   0.000
  Object   : x=   0.000, y=   0.000, z=   0.000
  Detector : x=  25.318, y=   6.310, z=  40.001

After Calibration: 

Unity geometry (world coordinates):
  Source   : x=   0.000, y=  24.997, z=   0.000
  Object   : x=   0.164, y=  24.197, z= 618.183
  Detector : x=   0.000, y=  24.997, z=1099.001
  Obj rotY :  -1.0400 deg
view   0 | SOD= 620.717 mm | SDD=1099.001 mm | M= 1.771 | incident=0.0000°
[[ 290.53693    -548.523        -0.8004036 ]
 [-222.13916     423.57065      -0.7999401 ]
 [   0.13232493    0.06978734    0.        ]
 [   0.            0.            0.1496    ]]
Residual vector length: 120, Jacobian shape: (120, 6)
view   0 | SOD= 620.717 mm | SDD=1099.001 mm | M= 1.771 | incident=0.0000°
[[ 290.5355     -548.52405      -0.8004513 ]
 [-222.13707     423.57147      -0.7999878 ]
 [   0.13232519    0.06978685    0.        ]
 [   0.            0.            0.1496    ]]

iter 38 cost=15969.672994 -> 15969.713996 |dtheta|=5.403669e-04  lambda=1.000e+06

============================================================
Iteration 39
============================================================
Theta offsets (Unity frame):
  Source   : dSx=   0.000, dSy=   0.000, dSz=   0.000  (mm)
  Object   : dOx=  -0.376, dOy=   4.197, dOz=  18.183  (mm)
  Object offset: offset_x=  -1.315, offset_z=   2.509  (mm)
  Detector : dDx=   0.000, dDy=   0.000, dDz=   0.000  (mm)
  Obj Stage rotY :   28.847 deg
============================================================

Unity geometry (world coordinates):
  Source   : x=   0.000, y=  24.997, z=   0.000
  Object   : x=   0.164, y=  24.197, z= 618.183
  Detector : x= -25.318, y=  18.687, z=1059.000
  Obj rotY :  -1.0400 deg

Initial calibration:
  Source   : x=   0.000, y=   0.000, z=   0.000
  Object   : x=   0.000, y=   0.000, z=   0.000
  Detector : x=  25.318, y=   6.310, z=  40.001

After Calibration: 

Unity geometry (world coordinates):
  Source   : x=   0.000, y=  24.997, z=   0.000
  Object   : x=   0.164, y=  24.197, z= 618.183
  Detector : x=   0.000, y=  24.997, z=1099.001
  Obj rotY :  -1.0400 deg
view   0 | SOD= 620.717 mm | SDD=1099.001 mm | M= 1.771 | incident=0.0000°
[[ 290.53693    -548.523        -0.8004036 ]
 [-222.13916     423.57065      -0.7999401 ]
 [   0.13232493    0.06978734    0.        ]
 [   0.            0.            0.1496    ]]
Residual vector length: 120, Jacobian shape: (120, 6)
view   0 | SOD= 620.717 mm | SDD=1099.001 mm | M= 1.771 | incident=0.0000°
[[ 290.5355     -548.52405      -0.8004513 ]
 [-222.13707     423.57147      -0.7999878 ]
 [   0.13232519    0.06978685    0.        ]
 [   0.            0.            0.1496    ]]

iter 39 cost=15969.672994 -> 15969.713996 |dtheta|=5.403669e-04  lambda=1.000e+06

============================================================
Iteration 40
============================================================
Theta offsets (Unity frame):
  Source   : dSx=   0.000, dSy=   0.000, dSz=   0.000  (mm)
  Object   : dOx=  -0.376, dOy=   4.197, dOz=  18.183  (mm)
  Object offset: offset_x=  -1.315, offset_z=   2.509  (mm)
  Detector : dDx=   0.000, dDy=   0.000, dDz=   0.000  (mm)
  Obj Stage rotY :   28.847 deg
============================================================

Unity geometry (world coordinates):
  Source   : x=   0.000, y=  24.997, z=   0.000
  Object   : x=   0.164, y=  24.197, z= 618.183
  Detector : x= -25.318, y=  18.687, z=1059.000
  Obj rotY :  -1.0400 deg

Initial calibration:
  Source   : x=   0.000, y=   0.000, z=   0.000
  Object   : x=   0.000, y=   0.000, z=   0.000
  Detector : x=  25.318, y=   6.310, z=  40.001

After Calibration: 

Unity geometry (world coordinates):
  Source   : x=   0.000, y=  24.997, z=   0.000
  Object   : x=   0.164, y=  24.197, z= 618.183
  Detector : x=   0.000, y=  24.997, z=1099.001
  Obj rotY :  -1.0400 deg
view   0 | SOD= 620.717 mm | SDD=1099.001 mm | M= 1.771 | incident=0.0000°
[[ 290.53693    -548.523        -0.8004036 ]
 [-222.13916     423.57065      -0.7999401 ]
 [   0.13232493    0.06978734    0.        ]
 [   0.            0.            0.1496    ]]
Residual vector length: 120, Jacobian shape: (120, 6)
view   0 | SOD= 620.717 mm | SDD=1099.001 mm | M= 1.771 | incident=0.0000°
[[ 290.5355     -548.52405      -0.8004513 ]
 [-222.13707     423.57147      -0.7999878 ]
 [   0.13232519    0.06978685    0.        ]
 [   0.            0.            0.1496    ]]

iter 40 cost=15969.672994 -> 15969.713996 |dtheta|=5.403669e-04  lambda=1.000e+06
Stalled.

Estimated theta:
  dSx: +0.000000
  dSy: +0.000000
  dOx: -0.376491
  dOy: +4.196965
  dOz: +18.182908
  dDx: +0.000000
  dDy: +0.000000
  dDz: +0.000000
alpha: +2.884686e+01 deg)
offset_x: -1.314863
offset_z: +2.509336

Final cost table:
Final estimated theta: [ 0.          0.         -0.37649136  4.196965   18.18290812  0.
  0.          0.         28.84685625 -1.31486274  2.50933568]
################################################################################

