
################################################################################
Running scenario=Scan6 Projections=360 Used=8, K=5

============================================================
Iteration 0
============================================================
Theta offsets (Unity frame):
  Source   : dSx=   0.000, dSy=   0.000, dSz=   0.000  (mm)
  Object   : dOx=   0.000, dOy=   0.000, dOz=   0.000  (mm)
  Object offset: offset_x=   0.000, offset_z=   0.000  (mm)
  Detector : dDx=   0.000, dDy=   0.000, dDz=   0.000  (mm)
  Obj Stage rotY :    0.000 deg
============================================================

Unity geometry (world coordinates):
  Source   : x=   0.000, y=  29.997, z=   0.000
  Object   : x=   0.541, y=  20.000, z= 600.000
  Detector : x=  -6.002, y=  33.656, z= 959.000
  Obj rotY :  -4.5698 deg

Initial calibration:
  Source   : x=   0.000, y=   0.000, z=   0.000
  Object   : x=   0.000, y=   0.000, z=   0.000
  Detector : x=  25.318, y=   6.310, z=  40.001

After Calibration: 

Unity geometry (world coordinates):
  Source   : x=   0.000, y=  29.997, z=   0.000
  Object   : x=   0.541, y=  20.000, z= 600.000
  Detector : x=  19.316, y=  39.966, z= 999.001
  Obj rotY :  -4.5698 deg
view   0 | SOD= 600.084 mm | SDD= 999.237 mm | M= 1.665 | incident=1.2464°
[[ -48.342674   -598.04956      -9.997368  ]
 [  50.50566     396.23645     -19.965702  ]
 [   0.14912441   -0.01191922    0.        ]
 [   0.            0.            0.1496    ]]
Residual vector length: 160, Jacobian shape: (160, 6)
view   0 | SOD= 622.304 mm | SDD= 999.237 mm | M= 1.606 | incident=1.2464°
[[  30.695093   -621.5152       -6.2731895 ]
 [   1.6073658   377.24884     -16.241524  ]
 [   0.14942446    0.00724496    0.        ]
 [   0.            0.            0.1496    ]]
/vol/home/s3777103/Documents/workspace/Thesis/AutoCalibration/gauss_newton_real.py:300: FutureWarning: The behavior of DataFrame concatenation with empty or all-NA entries is deprecated. In a future version, this will no longer exclude empty or all-NA columns when determining the result dtypes. To retain the old behavior, exclude the relevant entries before the concat operation.
  df_r0 = pd.concat([df_r0, df_iter], ignore_index=True)

iter 00 cost=91575.361587 -> 20843.687429 |dtheta|=2.152046e+01  lambda=1.000e-02

============================================================
Iteration 1
============================================================
Theta offsets (Unity frame):
  Source   : dSx=   0.000, dSy=   0.000, dSz=   0.000  (mm)
  Object   : dOx=  -0.142, dOy=   3.724, dOz=  19.690  (mm)
  Object offset: offset_x=  -1.161, offset_z=   2.498  (mm)
  Detector : dDx=   0.000, dDy=   0.000, dDz=   0.000  (mm)
  Obj Stage rotY :    7.346 deg
============================================================

Unity geometry (world coordinates):
  Source   : x=   0.000, y=  29.997, z=   0.000
  Object   : x=   0.399, y=  23.724, z= 619.690
  Detector : x=  -6.002, y=  33.656, z= 959.000
  Obj rotY :  -4.5698 deg

Initial calibration:
  Source   : x=   0.000, y=   0.000, z=   0.000
  Object   : x=   0.000, y=   0.000, z=   0.000
  Detector : x=  25.318, y=   6.310, z=  40.001

After Calibration: 

Unity geometry (world coordinates):
  Source   : x=   0.000, y=  29.997, z=   0.000
  Object   : x=   0.399, y=  23.724, z= 619.690
  Detector : x=  19.316, y=  39.966, z= 999.001
  Obj rotY :  -4.5698 deg
view   0 | SOD= 622.304 mm | SDD= 999.237 mm | M= 1.606 | incident=1.2464°
[[  30.695093   -621.5152       -6.2731895 ]
 [   1.6073658   377.24884     -16.241524  ]
 [   0.14942446    0.00724496    0.        ]
 [   0.            0.            0.1496    ]]
Residual vector length: 160, Jacobian shape: (160, 6)
view   0 | SOD= 620.991 mm | SDD= 999.237 mm | M= 1.609 | incident=1.2464°
[[  76.75385    -616.2017       -5.849615  ]
 [ -26.213493    377.6662      -15.817949  ]
 [   0.14847772    0.0182901     0.        ]
 [   0.            0.            0.1496    ]]

iter 01 cost=20843.687429 -> 15737.012467 |dtheta|=4.608288e+00  lambda=3.333e-03

============================================================
Iteration 2
============================================================
Theta offsets (Unity frame):
  Source   : dSx=   0.000, dSy=   0.000, dSz=   0.000  (mm)
  Object   : dOx=  -0.402, dOy=   4.148, dOz=  18.011  (mm)
  Object offset: offset_x=  -1.211, offset_z=   2.864  (mm)
  Detector : dDx=   0.000, dDy=   0.000, dDz=   0.000  (mm)
  Obj Stage rotY :   11.592 deg
============================================================

Unity geometry (world coordinates):
  Source   : x=   0.000, y=  29.997, z=   0.000
  Object   : x=   0.138, y=  24.148, z= 618.011
  Detector : x=  -6.002, y=  33.656, z= 959.000
  Obj rotY :  -4.5698 deg

Initial calibration:
  Source   : x=   0.000, y=   0.000, z=   0.000
  Object   : x=   0.000, y=   0.000, z=   0.000
  Detector : x=  25.318, y=   6.310, z=  40.001

After Calibration: 

Unity geometry (world coordinates):
  Source   : x=   0.000, y=  29.997, z=   0.000
  Object   : x=   0.138, y=  24.148, z= 618.011
  Detector : x=  19.316, y=  39.966, z= 999.001
  Obj rotY :  -4.5698 deg
view   0 | SOD= 620.991 mm | SDD= 999.237 mm | M= 1.609 | incident=1.2464°
[[  76.75385    -616.2017       -5.849615  ]
 [ -26.213493    377.6662      -15.817949  ]
 [   0.14847772    0.0182901     0.        ]
 [   0.            0.            0.1496    ]]
Residual vector length: 160, Jacobian shape: (160, 6)
view   0 | SOD= 620.505 mm | SDD= 999.237 mm | M= 1.610 | incident=1.2464°
[[ 131.04416    -606.4825       -5.7820053 ]
 [ -59.354214    374.3968      -15.7503395 ]
 [   0.14628035    0.03134038    0.        ]
 [   0.            0.            0.1496    ]]

iter 02 cost=15737.012467 -> 12057.790275 |dtheta|=5.092057e+00  lambda=1.111e-03

============================================================
Iteration 3
============================================================
Theta offsets (Unity frame):
  Source   : dSx=   0.000, dSy=   0.000, dSz=   0.000  (mm)
  Object   : dOx=  -0.419, dOy=   4.215, dOz=  17.611  (mm)
  Object offset: offset_x=  -1.427, offset_z=   2.761  (mm)
  Detector : dDx=   0.000, dDy=   0.000, dDz=   0.000  (mm)
  Obj Stage rotY :   16.663 deg
============================================================

Unity geometry (world coordinates):
  Source   : x=   0.000, y=  29.997, z=   0.000
  Object   : x=   0.122, y=  24.215, z= 617.611
  Detector : x=  -6.002, y=  33.656, z= 959.000
  Obj rotY :  -4.5698 deg

Initial calibration:
  Source   : x=   0.000, y=   0.000, z=   0.000
  Object   : x=   0.000, y=   0.000, z=   0.000
  Detector : x=  25.318, y=   6.310, z=  40.001

After Calibration: 

Unity geometry (world coordinates):
  Source   : x=   0.000, y=  29.997, z=   0.000
  Object   : x=   0.122, y=  24.215, z= 617.611
  Detector : x=  19.316, y=  39.966, z= 999.001
  Obj rotY :  -4.5698 deg
view   0 | SOD= 620.505 mm | SDD= 999.237 mm | M= 1.610 | incident=1.2464°
[[ 131.04416    -606.4825       -5.7820053 ]
 [ -59.354214    374.3968      -15.7503395 ]
 [   0.14628035    0.03134038    0.        ]
 [   0.            0.            0.1496    ]]
Residual vector length: 160, Jacobian shape: (160, 6)
view   0 | SOD= 619.468 mm | SDD= 999.237 mm | M= 1.613 | incident=1.2464°
[[ 150.04416    -600.9947       -5.757225  ]
 [ -71.660515    373.28592     -15.725559  ]
 [   0.14520197    0.03600764    0.        ]
 [   0.            0.            0.1496    ]]

iter 03 cost=12057.790275 -> 11169.758342 |dtheta|=2.102853e+00  lambda=3.704e-04

============================================================
Iteration 4
============================================================
Theta offsets (Unity frame):
  Source   : dSx=   0.000, dSy=   0.000, dSz=   0.000  (mm)
  Object   : dOx=  -0.403, dOy=   4.240, dOz=  16.588  (mm)
  Object offset: offset_x=  -1.339, offset_z=   2.755  (mm)
  Detector : dDx=   0.000, dDy=   0.000, dDz=   0.000  (mm)
  Obj Stage rotY :   18.497 deg
============================================================

Unity geometry (world coordinates):
  Source   : x=   0.000, y=  29.997, z=   0.000
  Object   : x=   0.138, y=  24.240, z= 616.588
  Detector : x=  -6.002, y=  33.656, z= 959.000
  Obj rotY :  -4.5698 deg

Initial calibration:
  Source   : x=   0.000, y=   0.000, z=   0.000
  Object   : x=   0.000, y=   0.000, z=   0.000
  Detector : x=  25.318, y=   6.310, z=  40.001

After Calibration: 

Unity geometry (world coordinates):
  Source   : x=   0.000, y=  29.997, z=   0.000
  Object   : x=   0.138, y=  24.240, z= 616.588
  Detector : x=  19.316, y=  39.966, z= 999.001
  Obj rotY :  -4.5698 deg
view   0 | SOD= 619.468 mm | SDD= 999.237 mm | M= 1.613 | incident=1.2464°
[[ 150.04416    -600.9947       -5.757225  ]
 [ -71.660515    373.28592     -15.725559  ]
 [   0.14520197    0.03600764    0.        ]
 [   0.            0.            0.1496    ]]
Residual vector length: 160, Jacobian shape: (160, 6)
view   0 | SOD= 617.939 mm | SDD= 999.237 mm | M= 1.617 | incident=1.2464°
[[ 153.78014    -598.471        -5.736601  ]
 [ -74.50179     374.28955     -15.704935  ]
 [   0.14495538    0.03698781    0.        ]
 [   0.            0.            0.1496    ]]

iter 04 cost=11169.758342 -> 11003.542130 |dtheta|=1.734488e+00  lambda=1.235e-04

============================================================
Iteration 5
============================================================
Theta offsets (Unity frame):
  Source   : dSx=   0.000, dSy=   0.000, dSz=   0.000  (mm)
  Object   : dOx=  -0.396, dOy=   4.261, dOz=  14.905  (mm)
  Object offset: offset_x=  -1.416, offset_z=   2.903  (mm)
  Detector : dDx=   0.000, dDy=   0.000, dDz=   0.000  (mm)
  Obj Stage rotY :   18.884 deg
============================================================

Unity geometry (world coordinates):
  Source   : x=   0.000, y=  29.997, z=   0.000
  Object   : x=   0.144, y=  24.261, z= 614.905
  Detector : x=  -6.002, y=  33.656, z= 959.000
  Obj rotY :  -4.5698 deg

Initial calibration:
  Source   : x=   0.000, y=   0.000, z=   0.000
  Object   : x=   0.000, y=   0.000, z=   0.000
  Detector : x=  25.318, y=   6.310, z=  40.001

After Calibration: 

Unity geometry (world coordinates):
  Source   : x=   0.000, y=  29.997, z=   0.000
  Object   : x=   0.144, y=  24.261, z= 614.905
  Detector : x=  19.316, y=  39.966, z= 999.001
  Obj rotY :  -4.5698 deg
view   0 | SOD= 617.939 mm | SDD= 999.237 mm | M= 1.617 | incident=1.2464°
[[ 153.78014    -598.471        -5.736601  ]
 [ -74.50179     374.28955     -15.704935  ]
 [   0.14495538    0.03698781    0.        ]
 [   0.            0.            0.1496    ]]
Residual vector length: 160, Jacobian shape: (160, 6)
view   0 | SOD= 619.092 mm | SDD= 999.237 mm | M= 1.614 | incident=1.2464°
[[ 182.46596    -591.563        -5.814537  ]
 [ -92.20876     369.12918     -15.782871  ]
 [   0.14301455    0.04389759    0.        ]
 [   0.            0.            0.1496    ]]

iter 05 cost=11003.542130 -> 10081.592283 |dtheta|=3.070070e+00  lambda=4.115e-05

============================================================
Iteration 6
============================================================
Theta offsets (Unity frame):
  Source   : dSx=   0.000, dSy=   0.000, dSz=   0.000  (mm)
  Object   : dOx=  -0.388, dOy=   4.183, dOz=  16.245  (mm)
  Object offset: offset_x=  -1.223, offset_z=   2.730  (mm)
  Detector : dDx=   0.000, dDy=   0.000, dDz=   0.000  (mm)
  Obj Stage rotY :   21.633 deg
============================================================

Unity geometry (world coordinates):
  Source   : x=   0.000, y=  29.997, z=   0.000
  Object   : x=   0.152, y=  24.183, z= 616.245
  Detector : x=  -6.002, y=  33.656, z= 959.000
  Obj rotY :  -4.5698 deg

Initial calibration:
  Source   : x=   0.000, y=   0.000, z=   0.000
  Object   : x=   0.000, y=   0.000, z=   0.000
  Detector : x=  25.318, y=   6.310, z=  40.001

After Calibration: 

Unity geometry (world coordinates):
  Source   : x=   0.000, y=  29.997, z=   0.000
  Object   : x=   0.152, y=  24.183, z= 616.245
  Detector : x=  19.316, y=  39.966, z= 999.001
  Obj rotY :  -4.5698 deg
view   0 | SOD= 619.092 mm | SDD= 999.237 mm | M= 1.614 | incident=1.2464°
[[ 182.46596    -591.563        -5.814537  ]
 [ -92.20876     369.12918     -15.782871  ]
 [   0.14301455    0.04389759    0.        ]
 [   0.            0.            0.1496    ]]
Residual vector length: 160, Jacobian shape: (160, 6)
view   0 | SOD= 618.495 mm | SDD= 999.237 mm | M= 1.616 | incident=1.2464°
[[ 206.61823    -582.93427      -5.706415  ]
 [-107.51801     365.5878      -15.674749  ]
 [   0.14107855    0.04976951    0.        ]
 [   0.            0.            0.1496    ]]

iter 06 cost=10081.592283 -> 9638.494769 |dtheta|=2.439634e+00  lambda=1.372e-05

============================================================
Iteration 7
============================================================
Theta offsets (Unity frame):
  Source   : dSx=   0.000, dSy=   0.000, dSz=   0.000  (mm)
  Object   : dOx=  -0.368, dOy=   4.291, dOz=  15.677  (mm)
  Object offset: offset_x=  -1.308, offset_z=   2.696  (mm)
  Detector : dDx=   0.000, dDy=   0.000, dDz=   0.000  (mm)
  Obj Stage rotY :   24.002 deg
============================================================

Unity geometry (world coordinates):
  Source   : x=   0.000, y=  29.997, z=   0.000
  Object   : x=   0.173, y=  24.291, z= 615.677
  Detector : x=  -6.002, y=  33.656, z= 959.000
  Obj rotY :  -4.5698 deg

Initial calibration:
  Source   : x=   0.000, y=   0.000, z=   0.000
  Object   : x=   0.000, y=   0.000, z=   0.000
  Detector : x=  25.318, y=   6.310, z=  40.001

After Calibration: 

Unity geometry (world coordinates):
  Source   : x=   0.000, y=  29.997, z=   0.000
  Object   : x=   0.173, y=  24.291, z= 615.677
  Detector : x=  19.316, y=  39.966, z= 999.001
  Obj rotY :  -4.5698 deg
view   0 | SOD= 618.495 mm | SDD= 999.237 mm | M= 1.616 | incident=1.2464°
[[ 206.61823    -582.93427      -5.706415  ]
 [-107.51801     365.5878      -15.674749  ]
 [   0.14107855    0.04976951    0.        ]
 [   0.            0.            0.1496    ]]
Residual vector length: 160, Jacobian shape: (160, 6)
view   0 | SOD= 620.163 mm | SDD= 999.237 mm | M= 1.611 | incident=1.2464°
[[ 220.3253     -579.67706      -5.7726746 ]
 [-115.42954     361.40973     -15.741009  ]
 [   0.13990296    0.05298415    0.        ]
 [   0.            0.            0.1496    ]]

iter 07 cost=9638.494769 -> 9439.629069 |dtheta|=1.957471e+00  lambda=4.572e-06

============================================================
Iteration 8
============================================================
Theta offsets (Unity frame):
  Source   : dSx=   0.000, dSy=   0.000, dSz=   0.000  (mm)
  Object   : dOx=  -0.401, dOy=   4.225, dOz=  17.090  (mm)
  Object offset: offset_x=  -1.117, offset_z=   2.966  (mm)
  Detector : dDx=   0.000, dDy=   0.000, dDz=   0.000  (mm)
  Obj Stage rotY :   25.313 deg
============================================================

Unity geometry (world coordinates):
  Source   : x=   0.000, y=  29.997, z=   0.000
  Object   : x=   0.139, y=  24.225, z= 617.090
  Detector : x=  -6.002, y=  33.656, z= 959.000
  Obj rotY :  -4.5698 deg

Initial calibration:
  Source   : x=   0.000, y=   0.000, z=   0.000
  Object   : x=   0.000, y=   0.000, z=   0.000
  Detector : x=  25.318, y=   6.310, z=  40.001

After Calibration: 

Unity geometry (world coordinates):
  Source   : x=   0.000, y=  29.997, z=   0.000
  Object   : x=   0.139, y=  24.225, z= 617.090
  Detector : x=  19.316, y=  39.966, z= 999.001
  Obj rotY :  -4.5698 deg
view   0 | SOD= 620.163 mm | SDD= 999.237 mm | M= 1.611 | incident=1.2464°
[[ 220.3253     -579.67706      -5.7726746 ]
 [-115.42954     361.40973     -15.741009  ]
 [   0.13990296    0.05298415    0.        ]
 [   0.            0.            0.1496    ]]
Residual vector length: 160, Jacobian shape: (160, 6)
view   0 | SOD= 619.294 mm | SDD= 999.237 mm | M= 1.614 | incident=1.2464°
[[ 223.25943    -577.6223       -5.7550774 ]
 [-117.46176     361.67783     -15.723412  ]
 [   0.13962114    0.05372241    0.        ]
 [   0.            0.            0.1496    ]]

iter 08 cost=9439.629069 -> 9451.077132 |dtheta|=8.977830e-01  lambda=1.524e-06

============================================================
Iteration 9
============================================================
Theta offsets (Unity frame):
  Source   : dSx=   0.000, dSy=   0.000, dSz=   0.000  (mm)
  Object   : dOx=  -0.401, dOy=   4.225, dOz=  17.090  (mm)
  Object offset: offset_x=  -1.117, offset_z=   2.966  (mm)
  Detector : dDx=   0.000, dDy=   0.000, dDz=   0.000  (mm)
  Obj Stage rotY :   25.313 deg
============================================================

Unity geometry (world coordinates):
  Source   : x=   0.000, y=  29.997, z=   0.000
  Object   : x=   0.139, y=  24.225, z= 617.090
  Detector : x=  -6.002, y=  33.656, z= 959.000
  Obj rotY :  -4.5698 deg

Initial calibration:
  Source   : x=   0.000, y=   0.000, z=   0.000
  Object   : x=   0.000, y=   0.000, z=   0.000
  Detector : x=  25.318, y=   6.310, z=  40.001

After Calibration: 

Unity geometry (world coordinates):
  Source   : x=   0.000, y=  29.997, z=   0.000
  Object   : x=   0.139, y=  24.225, z= 617.090
  Detector : x=  19.316, y=  39.966, z= 999.001
  Obj rotY :  -4.5698 deg
view   0 | SOD= 620.163 mm | SDD= 999.237 mm | M= 1.611 | incident=1.2464°
[[ 220.3253     -579.67706      -5.7726746 ]
 [-115.42954     361.40973     -15.741009  ]
 [   0.13990296    0.05298415    0.        ]
 [   0.            0.            0.1496    ]]
Residual vector length: 160, Jacobian shape: (160, 6)
view   0 | SOD= 619.294 mm | SDD= 999.237 mm | M= 1.614 | incident=1.2464°
[[ 223.25943    -577.6223       -5.7550774 ]
 [-117.46176     361.67783     -15.723412  ]
 [   0.13962114    0.05372241    0.        ]
 [   0.            0.            0.1496    ]]

iter 09 cost=9439.629069 -> 9451.077132 |dtheta|=8.977828e-01  lambda=7.621e-06

============================================================
Iteration 10
============================================================
Theta offsets (Unity frame):
  Source   : dSx=   0.000, dSy=   0.000, dSz=   0.000  (mm)
  Object   : dOx=  -0.401, dOy=   4.225, dOz=  17.090  (mm)
  Object offset: offset_x=  -1.117, offset_z=   2.966  (mm)
  Detector : dDx=   0.000, dDy=   0.000, dDz=   0.000  (mm)
  Obj Stage rotY :   25.313 deg
============================================================

Unity geometry (world coordinates):
  Source   : x=   0.000, y=  29.997, z=   0.000
  Object   : x=   0.139, y=  24.225, z= 617.090
  Detector : x=  -6.002, y=  33.656, z= 959.000
  Obj rotY :  -4.5698 deg

Initial calibration:
  Source   : x=   0.000, y=   0.000, z=   0.000
  Object   : x=   0.000, y=   0.000, z=   0.000
  Detector : x=  25.318, y=   6.310, z=  40.001

After Calibration: 

Unity geometry (world coordinates):
  Source   : x=   0.000, y=  29.997, z=   0.000
  Object   : x=   0.139, y=  24.225, z= 617.090
  Detector : x=  19.316, y=  39.966, z= 999.001
  Obj rotY :  -4.5698 deg
view   0 | SOD= 620.163 mm | SDD= 999.237 mm | M= 1.611 | incident=1.2464°
[[ 220.3253     -579.67706      -5.7726746 ]
 [-115.42954     361.40973     -15.741009  ]
 [   0.13990296    0.05298415    0.        ]
 [   0.            0.            0.1496    ]]
Residual vector length: 160, Jacobian shape: (160, 6)
view   0 | SOD= 619.294 mm | SDD= 999.237 mm | M= 1.614 | incident=1.2464°
[[ 223.25943    -577.6223       -5.7550774 ]
 [-117.46176     361.67783     -15.723412  ]
 [   0.13962114    0.05372241    0.        ]
 [   0.            0.            0.1496    ]]

iter 10 cost=9439.629069 -> 9451.077132 |dtheta|=8.977819e-01  lambda=3.810e-05

============================================================
Iteration 11
============================================================
Theta offsets (Unity frame):
  Source   : dSx=   0.000, dSy=   0.000, dSz=   0.000  (mm)
  Object   : dOx=  -0.401, dOy=   4.225, dOz=  17.090  (mm)
  Object offset: offset_x=  -1.117, offset_z=   2.966  (mm)
  Detector : dDx=   0.000, dDy=   0.000, dDz=   0.000  (mm)
  Obj Stage rotY :   25.313 deg
============================================================

Unity geometry (world coordinates):
  Source   : x=   0.000, y=  29.997, z=   0.000
  Object   : x=   0.139, y=  24.225, z= 617.090
  Detector : x=  -6.002, y=  33.656, z= 959.000
  Obj rotY :  -4.5698 deg

Initial calibration:
  Source   : x=   0.000, y=   0.000, z=   0.000
  Object   : x=   0.000, y=   0.000, z=   0.000
  Detector : x=  25.318, y=   6.310, z=  40.001

After Calibration: 

Unity geometry (world coordinates):
  Source   : x=   0.000, y=  29.997, z=   0.000
  Object   : x=   0.139, y=  24.225, z= 617.090
  Detector : x=  19.316, y=  39.966, z= 999.001
  Obj rotY :  -4.5698 deg
view   0 | SOD= 620.163 mm | SDD= 999.237 mm | M= 1.611 | incident=1.2464°
[[ 220.3253     -579.67706      -5.7726746 ]
 [-115.42954     361.40973     -15.741009  ]
 [   0.13990296    0.05298415    0.        ]
 [   0.            0.            0.1496    ]]
Residual vector length: 160, Jacobian shape: (160, 6)
view   0 | SOD= 619.294 mm | SDD= 999.237 mm | M= 1.614 | incident=1.2464°
[[ 223.25943    -577.6223       -5.7550774 ]
 [-117.46176     361.67783     -15.723412  ]
 [   0.13962114    0.05372241    0.        ]
 [   0.            0.            0.1496    ]]

iter 11 cost=9439.629069 -> 9450.771985 |dtheta|=8.977773e-01  lambda=1.905e-04

============================================================
Iteration 12
============================================================
Theta offsets (Unity frame):
  Source   : dSx=   0.000, dSy=   0.000, dSz=   0.000  (mm)
  Object   : dOx=  -0.401, dOy=   4.225, dOz=  17.090  (mm)
  Object offset: offset_x=  -1.117, offset_z=   2.966  (mm)
  Detector : dDx=   0.000, dDy=   0.000, dDz=   0.000  (mm)
  Obj Stage rotY :   25.313 deg
============================================================

Unity geometry (world coordinates):
  Source   : x=   0.000, y=  29.997, z=   0.000
  Object   : x=   0.139, y=  24.225, z= 617.090
  Detector : x=  -6.002, y=  33.656, z= 959.000
  Obj rotY :  -4.5698 deg

Initial calibration:
  Source   : x=   0.000, y=   0.000, z=   0.000
  Object   : x=   0.000, y=   0.000, z=   0.000
  Detector : x=  25.318, y=   6.310, z=  40.001

After Calibration: 

Unity geometry (world coordinates):
  Source   : x=   0.000, y=  29.997, z=   0.000
  Object   : x=   0.139, y=  24.225, z= 617.090
  Detector : x=  19.316, y=  39.966, z= 999.001
  Obj rotY :  -4.5698 deg
view   0 | SOD= 620.163 mm | SDD= 999.237 mm | M= 1.611 | incident=1.2464°
[[ 220.3253     -579.67706      -5.7726746 ]
 [-115.42954     361.40973     -15.741009  ]
 [   0.13990296    0.05298415    0.        ]
 [   0.            0.            0.1496    ]]
Residual vector length: 160, Jacobian shape: (160, 6)
view   0 | SOD= 619.294 mm | SDD= 999.237 mm | M= 1.614 | incident=1.2464°
[[ 223.25941    -577.6223       -5.7550774 ]
 [-117.461754    361.67783     -15.723412  ]
 [   0.13962114    0.05372241    0.        ]
 [   0.            0.            0.1496    ]]

iter 12 cost=9439.629069 -> 9451.077132 |dtheta|=8.977543e-01  lambda=9.526e-04

============================================================
Iteration 13
============================================================
Theta offsets (Unity frame):
  Source   : dSx=   0.000, dSy=   0.000, dSz=   0.000  (mm)
  Object   : dOx=  -0.401, dOy=   4.225, dOz=  17.090  (mm)
  Object offset: offset_x=  -1.117, offset_z=   2.966  (mm)
  Detector : dDx=   0.000, dDy=   0.000, dDz=   0.000  (mm)
  Obj Stage rotY :   25.313 deg
============================================================

Unity geometry (world coordinates):
  Source   : x=   0.000, y=  29.997, z=   0.000
  Object   : x=   0.139, y=  24.225, z= 617.090
  Detector : x=  -6.002, y=  33.656, z= 959.000
  Obj rotY :  -4.5698 deg

Initial calibration:
  Source   : x=   0.000, y=   0.000, z=   0.000
  Object   : x=   0.000, y=   0.000, z=   0.000
  Detector : x=  25.318, y=   6.310, z=  40.001

After Calibration: 

Unity geometry (world coordinates):
  Source   : x=   0.000, y=  29.997, z=   0.000
  Object   : x=   0.139, y=  24.225, z= 617.090
  Detector : x=  19.316, y=  39.966, z= 999.001
  Obj rotY :  -4.5698 deg
view   0 | SOD= 620.163 mm | SDD= 999.237 mm | M= 1.611 | incident=1.2464°
[[ 220.3253     -579.67706      -5.7726746 ]
 [-115.42954     361.40973     -15.741009  ]
 [   0.13990296    0.05298415    0.        ]
 [   0.            0.            0.1496    ]]
Residual vector length: 160, Jacobian shape: (160, 6)
view   0 | SOD= 619.294 mm | SDD= 999.237 mm | M= 1.614 | incident=1.2464°
[[ 223.2594     -577.62244      -5.7550793 ]
 [-117.46168     361.67773     -15.723413  ]
 [   0.13962114    0.0537224     0.        ]
 [   0.            0.            0.1496    ]]

iter 13 cost=9439.629069 -> 9451.077132 |dtheta|=8.976392e-01  lambda=4.763e-03

============================================================
Iteration 14
============================================================
Theta offsets (Unity frame):
  Source   : dSx=   0.000, dSy=   0.000, dSz=   0.000  (mm)
  Object   : dOx=  -0.401, dOy=   4.225, dOz=  17.090  (mm)
  Object offset: offset_x=  -1.117, offset_z=   2.966  (mm)
  Detector : dDx=   0.000, dDy=   0.000, dDz=   0.000  (mm)
  Obj Stage rotY :   25.313 deg
============================================================

Unity geometry (world coordinates):
  Source   : x=   0.000, y=  29.997, z=   0.000
  Object   : x=   0.139, y=  24.225, z= 617.090
  Detector : x=  -6.002, y=  33.656, z= 959.000
  Obj rotY :  -4.5698 deg

Initial calibration:
  Source   : x=   0.000, y=   0.000, z=   0.000
  Object   : x=   0.000, y=   0.000, z=   0.000
  Detector : x=  25.318, y=   6.310, z=  40.001

After Calibration: 

Unity geometry (world coordinates):
  Source   : x=   0.000, y=  29.997, z=   0.000
  Object   : x=   0.139, y=  24.225, z= 617.090
  Detector : x=  19.316, y=  39.966, z= 999.001
  Obj rotY :  -4.5698 deg
view   0 | SOD= 620.163 mm | SDD= 999.237 mm | M= 1.611 | incident=1.2464°
[[ 220.3253     -579.67706      -5.7726746 ]
 [-115.42954     361.40973     -15.741009  ]
 [   0.13990296    0.05298415    0.        ]
 [   0.            0.            0.1496    ]]
Residual vector length: 160, Jacobian shape: (160, 6)
view   0 | SOD= 619.295 mm | SDD= 999.237 mm | M= 1.614 | incident=1.2464°
[[ 223.25935    -577.6231       -5.755083  ]
 [-117.46128     361.67722     -15.723417  ]
 [   0.13962117    0.05372233    0.        ]
 [   0.            0.            0.1496    ]]

iter 14 cost=9439.629069 -> 9451.077132 |dtheta|=8.970641e-01  lambda=2.381e-02

============================================================
Iteration 15
============================================================
Theta offsets (Unity frame):
  Source   : dSx=   0.000, dSy=   0.000, dSz=   0.000  (mm)
  Object   : dOx=  -0.401, dOy=   4.225, dOz=  17.090  (mm)
  Object offset: offset_x=  -1.117, offset_z=   2.966  (mm)
  Detector : dDx=   0.000, dDy=   0.000, dDz=   0.000  (mm)
  Obj Stage rotY :   25.313 deg
============================================================

Unity geometry (world coordinates):
  Source   : x=   0.000, y=  29.997, z=   0.000
  Object   : x=   0.139, y=  24.225, z= 617.090
  Detector : x=  -6.002, y=  33.656, z= 959.000
  Obj rotY :  -4.5698 deg

Initial calibration:
  Source   : x=   0.000, y=   0.000, z=   0.000
  Object   : x=   0.000, y=   0.000, z=   0.000
  Detector : x=  25.318, y=   6.310, z=  40.001

After Calibration: 

Unity geometry (world coordinates):
  Source   : x=   0.000, y=  29.997, z=   0.000
  Object   : x=   0.139, y=  24.225, z= 617.090
  Detector : x=  19.316, y=  39.966, z= 999.001
  Obj rotY :  -4.5698 deg
view   0 | SOD= 620.163 mm | SDD= 999.237 mm | M= 1.611 | incident=1.2464°
[[ 220.3253     -579.67706      -5.7726746 ]
 [-115.42954     361.40973     -15.741009  ]
 [   0.13990296    0.05298415    0.        ]
 [   0.            0.            0.1496    ]]
Residual vector length: 160, Jacobian shape: (160, 6)
view   0 | SOD= 619.298 mm | SDD= 999.237 mm | M= 1.613 | incident=1.2464°
[[ 223.25911    -577.62665      -5.7551003 ]
 [-117.45925     361.67453     -15.723434  ]
 [   0.1396213     0.05372199    0.        ]
 [   0.            0.            0.1496    ]]

iter 15 cost=9439.629069 -> 9451.035399 |dtheta|=8.942027e-01  lambda=1.191e-01

============================================================
Iteration 16
============================================================
Theta offsets (Unity frame):
  Source   : dSx=   0.000, dSy=   0.000, dSz=   0.000  (mm)
  Object   : dOx=  -0.401, dOy=   4.225, dOz=  17.090  (mm)
  Object offset: offset_x=  -1.117, offset_z=   2.966  (mm)
  Detector : dDx=   0.000, dDy=   0.000, dDz=   0.000  (mm)
  Obj Stage rotY :   25.313 deg
============================================================

Unity geometry (world coordinates):
  Source   : x=   0.000, y=  29.997, z=   0.000
  Object   : x=   0.139, y=  24.225, z= 617.090
  Detector : x=  -6.002, y=  33.656, z= 959.000
  Obj rotY :  -4.5698 deg

Initial calibration:
  Source   : x=   0.000, y=   0.000, z=   0.000
  Object   : x=   0.000, y=   0.000, z=   0.000
  Detector : x=  25.318, y=   6.310, z=  40.001

After Calibration: 

Unity geometry (world coordinates):
  Source   : x=   0.000, y=  29.997, z=   0.000
  Object   : x=   0.139, y=  24.225, z= 617.090
  Detector : x=  19.316, y=  39.966, z= 999.001
  Obj rotY :  -4.5698 deg
view   0 | SOD= 620.163 mm | SDD= 999.237 mm | M= 1.611 | incident=1.2464°
[[ 220.3253     -579.67706      -5.7726746 ]
 [-115.42954     361.40973     -15.741009  ]
 [   0.13990296    0.05298415    0.        ]
 [   0.            0.            0.1496    ]]
Residual vector length: 160, Jacobian shape: (160, 6)
view   0 | SOD= 619.313 mm | SDD= 999.237 mm | M= 1.613 | incident=1.2464°
[[ 223.25772    -577.6435       -5.75519   ]
 [-117.44938     361.6617      -15.723524  ]
 [   0.13962194    0.05372032    0.        ]
 [   0.            0.            0.1496    ]]

iter 16 cost=9439.629069 -> 9451.994584 |dtheta|=8.802346e-01  lambda=5.954e-01

============================================================
Iteration 17
============================================================
Theta offsets (Unity frame):
  Source   : dSx=   0.000, dSy=   0.000, dSz=   0.000  (mm)
  Object   : dOx=  -0.401, dOy=   4.225, dOz=  17.090  (mm)
  Object offset: offset_x=  -1.117, offset_z=   2.966  (mm)
  Detector : dDx=   0.000, dDy=   0.000, dDz=   0.000  (mm)
  Obj Stage rotY :   25.313 deg
============================================================

Unity geometry (world coordinates):
  Source   : x=   0.000, y=  29.997, z=   0.000
  Object   : x=   0.139, y=  24.225, z= 617.090
  Detector : x=  -6.002, y=  33.656, z= 959.000
  Obj rotY :  -4.5698 deg

Initial calibration:
  Source   : x=   0.000, y=   0.000, z=   0.000
  Object   : x=   0.000, y=   0.000, z=   0.000
  Detector : x=  25.318, y=   6.310, z=  40.001

After Calibration: 

Unity geometry (world coordinates):
  Source   : x=   0.000, y=  29.997, z=   0.000
  Object   : x=   0.139, y=  24.225, z= 617.090
  Detector : x=  19.316, y=  39.966, z= 999.001
  Obj rotY :  -4.5698 deg
view   0 | SOD= 620.163 mm | SDD= 999.237 mm | M= 1.611 | incident=1.2464°
[[ 220.3253     -579.67706      -5.7726746 ]
 [-115.42954     361.40973     -15.741009  ]
 [   0.13990296    0.05298415    0.        ]
 [   0.            0.            0.1496    ]]
Residual vector length: 160, Jacobian shape: (160, 6)
view   0 | SOD= 619.382 mm | SDD= 999.237 mm | M= 1.613 | incident=1.2464°
[[ 223.249      -577.72046      -5.7555904 ]
 [-117.40347     361.6046      -15.723925  ]
 [   0.13962507    0.0537122     0.        ]
 [   0.            0.            0.1496    ]]

iter 17 cost=9439.629069 -> 9445.121266 |dtheta|=8.179564e-01  lambda=2.977e+00

============================================================
Iteration 18
============================================================
Theta offsets (Unity frame):
  Source   : dSx=   0.000, dSy=   0.000, dSz=   0.000  (mm)
  Object   : dOx=  -0.401, dOy=   4.225, dOz=  17.090  (mm)
  Object offset: offset_x=  -1.117, offset_z=   2.966  (mm)
  Detector : dDx=   0.000, dDy=   0.000, dDz=   0.000  (mm)
  Obj Stage rotY :   25.313 deg
============================================================

Unity geometry (world coordinates):
  Source   : x=   0.000, y=  29.997, z=   0.000
  Object   : x=   0.139, y=  24.225, z= 617.090
  Detector : x=  -6.002, y=  33.656, z= 959.000
  Obj rotY :  -4.5698 deg

Initial calibration:
  Source   : x=   0.000, y=   0.000, z=   0.000
  Object   : x=   0.000, y=   0.000, z=   0.000
  Detector : x=  25.318, y=   6.310, z=  40.001

After Calibration: 

Unity geometry (world coordinates):
  Source   : x=   0.000, y=  29.997, z=   0.000
  Object   : x=   0.139, y=  24.225, z= 617.090
  Detector : x=  19.316, y=  39.966, z= 999.001
  Obj rotY :  -4.5698 deg
view   0 | SOD= 620.163 mm | SDD= 999.237 mm | M= 1.611 | incident=1.2464°
[[ 220.3253     -579.67706      -5.7726746 ]
 [-115.42954     361.40973     -15.741009  ]
 [   0.13990296    0.05298415    0.        ]
 [   0.            0.            0.1496    ]]
Residual vector length: 160, Jacobian shape: (160, 6)
view   0 | SOD= 619.602 mm | SDD= 999.237 mm | M= 1.613 | incident=1.2464°
[[ 223.17926    -577.9835       -5.756916  ]
 [-117.23034     361.4296      -15.72525   ]
 [   0.13963895    0.05367609    0.        ]
 [   0.            0.            0.1496    ]]

iter 18 cost=9439.629069 -> 9440.261702 |dtheta|=6.243594e-01  lambda=1.488e+01

============================================================
Iteration 19
============================================================
Theta offsets (Unity frame):
  Source   : dSx=   0.000, dSy=   0.000, dSz=   0.000  (mm)
  Object   : dOx=  -0.401, dOy=   4.225, dOz=  17.090  (mm)
  Object offset: offset_x=  -1.117, offset_z=   2.966  (mm)
  Detector : dDx=   0.000, dDy=   0.000, dDz=   0.000  (mm)
  Obj Stage rotY :   25.313 deg
============================================================

Unity geometry (world coordinates):
  Source   : x=   0.000, y=  29.997, z=   0.000
  Object   : x=   0.139, y=  24.225, z= 617.090
  Detector : x=  -6.002, y=  33.656, z= 959.000
  Obj rotY :  -4.5698 deg

Initial calibration:
  Source   : x=   0.000, y=   0.000, z=   0.000
  Object   : x=   0.000, y=   0.000, z=   0.000
  Detector : x=  25.318, y=   6.310, z=  40.001

After Calibration: 

Unity geometry (world coordinates):
  Source   : x=   0.000, y=  29.997, z=   0.000
  Object   : x=   0.139, y=  24.225, z= 617.090
  Detector : x=  19.316, y=  39.966, z= 999.001
  Obj rotY :  -4.5698 deg
view   0 | SOD= 620.163 mm | SDD= 999.237 mm | M= 1.611 | incident=1.2464°
[[ 220.3253     -579.67706      -5.7726746 ]
 [-115.42954     361.40973     -15.741009  ]
 [   0.13990296    0.05298415    0.        ]
 [   0.            0.            0.1496    ]]
Residual vector length: 160, Jacobian shape: (160, 6)
view   0 | SOD= 619.914 mm | SDD= 999.237 mm | M= 1.612 | incident=1.2464°
[[ 222.75647    -578.4808       -5.7591114 ]
 [-116.78588     361.24615     -15.727446  ]
 [   0.13968843    0.05354718    0.        ]
 [   0.            0.            0.1496    ]]

iter 19 cost=9439.629069 -> 9446.502187 |dtheta|=3.770254e-01  lambda=7.442e+01

============================================================
Iteration 20
============================================================
Theta offsets (Unity frame):
  Source   : dSx=   0.000, dSy=   0.000, dSz=   0.000  (mm)
  Object   : dOx=  -0.401, dOy=   4.225, dOz=  17.090  (mm)
  Object offset: offset_x=  -1.117, offset_z=   2.966  (mm)
  Detector : dDx=   0.000, dDy=   0.000, dDz=   0.000  (mm)
  Obj Stage rotY :   25.313 deg
============================================================

Unity geometry (world coordinates):
  Source   : x=   0.000, y=  29.997, z=   0.000
  Object   : x=   0.139, y=  24.225, z= 617.090
  Detector : x=  -6.002, y=  33.656, z= 959.000
  Obj rotY :  -4.5698 deg

Initial calibration:
  Source   : x=   0.000, y=   0.000, z=   0.000
  Object   : x=   0.000, y=   0.000, z=   0.000
  Detector : x=  25.318, y=   6.310, z=  40.001

After Calibration: 

Unity geometry (world coordinates):
  Source   : x=   0.000, y=  29.997, z=   0.000
  Object   : x=   0.139, y=  24.225, z= 617.090
  Detector : x=  19.316, y=  39.966, z= 999.001
  Obj rotY :  -4.5698 deg
view   0 | SOD= 620.163 mm | SDD= 999.237 mm | M= 1.611 | incident=1.2464°
[[ 220.3253     -579.67706      -5.7726746 ]
 [-115.42954     361.40973     -15.741009  ]
 [   0.13990296    0.05298415    0.        ]
 [   0.            0.            0.1496    ]]
Residual vector length: 160, Jacobian shape: (160, 6)
view   0 | SOD= 620.077 mm | SDD= 999.237 mm | M= 1.611 | incident=1.2464°
[[ 221.70203    -579.05994      -5.761469  ]
 [-116.052284    361.31113     -15.729803  ]
 [   0.13979003    0.05328139    0.        ]
 [   0.            0.            0.1496    ]]

iter 20 cost=9439.629069 -> 9439.233722 |dtheta|=2.413193e-01  lambda=3.721e+02

============================================================
Iteration 21
============================================================
Theta offsets (Unity frame):
  Source   : dSx=   0.000, dSy=   0.000, dSz=   0.000  (mm)
  Object   : dOx=  -0.391, dOy=   4.236, dOz=  17.040  (mm)
  Object offset: offset_x=  -1.312, offset_z=   2.914  (mm)
  Detector : dDx=   0.000, dDy=   0.000, dDz=   0.000  (mm)
  Obj Stage rotY :   25.434 deg
============================================================

Unity geometry (world coordinates):
  Source   : x=   0.000, y=  29.997, z=   0.000
  Object   : x=   0.149, y=  24.236, z= 617.040
  Detector : x=  -6.002, y=  33.656, z= 959.000
  Obj rotY :  -4.5698 deg

Initial calibration:
  Source   : x=   0.000, y=   0.000, z=   0.000
  Object   : x=   0.000, y=   0.000, z=   0.000
  Detector : x=  25.318, y=   6.310, z=  40.001

After Calibration: 

Unity geometry (world coordinates):
  Source   : x=   0.000, y=  29.997, z=   0.000
  Object   : x=   0.149, y=  24.236, z= 617.040
  Detector : x=  19.316, y=  39.966, z= 999.001
  Obj rotY :  -4.5698 deg
view   0 | SOD= 620.077 mm | SDD= 999.237 mm | M= 1.611 | incident=1.2464°
[[ 221.70203    -579.05994      -5.761469  ]
 [-116.052284    361.31113     -15.729803  ]
 [   0.13979003    0.05328139    0.        ]
 [   0.            0.            0.1496    ]]
Residual vector length: 160, Jacobian shape: (160, 6)
view   0 | SOD= 620.051 mm | SDD= 999.237 mm | M= 1.612 | incident=1.2464°
[[ 233.30905    -574.45374      -5.7389126 ]
 [-123.39756     358.89297     -15.707247  ]
 [   0.13868368    0.0560981     0.        ]
 [   0.            0.            0.1496    ]]

iter 21 cost=9439.233722 -> 9415.612630 |dtheta|=1.163137e+00  lambda=1.240e+02

============================================================
Iteration 22
============================================================
Theta offsets (Unity frame):
  Source   : dSx=   0.000, dSy=   0.000, dSz=   0.000  (mm)
  Object   : dOx=  -0.422, dOy=   4.258, dOz=  17.039  (mm)
  Object offset: offset_x=  -1.224, offset_z=   2.896  (mm)
  Detector : dDx=   0.000, dDy=   0.000, dDz=   0.000  (mm)
  Obj Stage rotY :   26.593 deg
============================================================

Unity geometry (world coordinates):
  Source   : x=   0.000, y=  29.997, z=   0.000
  Object   : x=   0.118, y=  24.258, z= 617.039
  Detector : x=  -6.002, y=  33.656, z= 959.000
  Obj rotY :  -4.5698 deg

Initial calibration:
  Source   : x=   0.000, y=   0.000, z=   0.000
  Object   : x=   0.000, y=   0.000, z=   0.000
  Detector : x=  25.318, y=   6.310, z=  40.001

After Calibration: 

Unity geometry (world coordinates):
  Source   : x=   0.000, y=  29.997, z=   0.000
  Object   : x=   0.118, y=  24.258, z= 617.039
  Detector : x=  19.316, y=  39.966, z= 999.001
  Obj rotY :  -4.5698 deg
view   0 | SOD= 620.051 mm | SDD= 999.237 mm | M= 1.612 | incident=1.2464°
[[ 233.30905    -574.45374      -5.7389126 ]
 [-123.39756     358.89297     -15.707247  ]
 [   0.13868368    0.0560981     0.        ]
 [   0.            0.            0.1496    ]]
Residual vector length: 160, Jacobian shape: (160, 6)
view   0 | SOD= 620.225 mm | SDD= 999.237 mm | M= 1.611 | incident=1.2464°
[[ 223.94237    -578.35626      -5.732624  ]
 [-117.635475    360.63272     -15.700958  ]
 [   0.13957208    0.05384975    0.        ]
 [   0.            0.            0.1496    ]]

iter 22 cost=9415.612630 -> 9443.086983 |dtheta|=9.509805e-01  lambda=4.135e+01

============================================================
Iteration 23
============================================================
Theta offsets (Unity frame):
  Source   : dSx=   0.000, dSy=   0.000, dSz=   0.000  (mm)
  Object   : dOx=  -0.422, dOy=   4.258, dOz=  17.039  (mm)
  Object offset: offset_x=  -1.224, offset_z=   2.896  (mm)
  Detector : dDx=   0.000, dDy=   0.000, dDz=   0.000  (mm)
  Obj Stage rotY :   26.593 deg
============================================================

Unity geometry (world coordinates):
  Source   : x=   0.000, y=  29.997, z=   0.000
  Object   : x=   0.118, y=  24.258, z= 617.039
  Detector : x=  -6.002, y=  33.656, z= 959.000
  Obj rotY :  -4.5698 deg

Initial calibration:
  Source   : x=   0.000, y=   0.000, z=   0.000
  Object   : x=   0.000, y=   0.000, z=   0.000
  Detector : x=  25.318, y=   6.310, z=  40.001

After Calibration: 

Unity geometry (world coordinates):
  Source   : x=   0.000, y=  29.997, z=   0.000
  Object   : x=   0.118, y=  24.258, z= 617.039
  Detector : x=  19.316, y=  39.966, z= 999.001
  Obj rotY :  -4.5698 deg
view   0 | SOD= 620.051 mm | SDD= 999.237 mm | M= 1.612 | incident=1.2464°
[[ 233.30905    -574.45374      -5.7389126 ]
 [-123.39756     358.89297     -15.707247  ]
 [   0.13868368    0.0560981     0.        ]
 [   0.            0.            0.1496    ]]
Residual vector length: 160, Jacobian shape: (160, 6)
view   0 | SOD= 620.089 mm | SDD= 999.237 mm | M= 1.611 | incident=1.2464°
[[ 226.99498    -577.01855      -5.7322845 ]
 [-119.630936    360.11865     -15.700619  ]
 [   0.13928027    0.05460005    0.        ]
 [   0.            0.            0.1496    ]]

iter 23 cost=9415.612630 -> 9411.719143 |dtheta|=6.309239e-01  lambda=2.067e+02

============================================================
Iteration 24
============================================================
Theta offsets (Unity frame):
  Source   : dSx=   0.000, dSy=   0.000, dSz=   0.000  (mm)
  Object   : dOx=  -0.408, dOy=   4.265, dOz=  17.088  (mm)
  Object offset: offset_x=  -1.106, offset_z=   2.894  (mm)
  Detector : dDx=   0.000, dDy=   0.000, dDz=   0.000  (mm)
  Obj Stage rotY :   25.976 deg
============================================================

Unity geometry (world coordinates):
  Source   : x=   0.000, y=  29.997, z=   0.000
  Object   : x=   0.132, y=  24.265, z= 617.088
  Detector : x=  -6.002, y=  33.656, z= 959.000
  Obj rotY :  -4.5698 deg

Initial calibration:
  Source   : x=   0.000, y=   0.000, z=   0.000
  Object   : x=   0.000, y=   0.000, z=   0.000
  Detector : x=  25.318, y=   6.310, z=  40.001

After Calibration: 

Unity geometry (world coordinates):
  Source   : x=   0.000, y=  29.997, z=   0.000
  Object   : x=   0.132, y=  24.265, z= 617.088
  Detector : x=  19.316, y=  39.966, z= 999.001
  Obj rotY :  -4.5698 deg
view   0 | SOD= 620.089 mm | SDD= 999.237 mm | M= 1.611 | incident=1.2464°
[[ 226.99498    -577.01855      -5.7322845 ]
 [-119.630936    360.11865     -15.700619  ]
 [   0.13928027    0.05460005    0.        ]
 [   0.            0.            0.1496    ]]
Residual vector length: 160, Jacobian shape: (160, 6)
view   0 | SOD= 619.993 mm | SDD= 999.237 mm | M= 1.612 | incident=1.2464°
[[ 229.14516    -576.0653       -5.7513256 ]
 [-120.58145     359.91916     -15.71966   ]
 [   0.13909875    0.05506087    0.        ]
 [   0.            0.            0.1496    ]]

iter 24 cost=9411.719143 -> 9473.846459 |dtheta|=3.687049e-01  lambda=6.891e+01

============================================================
Iteration 25
============================================================
Theta offsets (Unity frame):
  Source   : dSx=   0.000, dSy=   0.000, dSz=   0.000  (mm)
  Object   : dOx=  -0.408, dOy=   4.265, dOz=  17.088  (mm)
  Object offset: offset_x=  -1.106, offset_z=   2.894  (mm)
  Detector : dDx=   0.000, dDy=   0.000, dDz=   0.000  (mm)
  Obj Stage rotY :   25.976 deg
============================================================

Unity geometry (world coordinates):
  Source   : x=   0.000, y=  29.997, z=   0.000
  Object   : x=   0.132, y=  24.265, z= 617.088
  Detector : x=  -6.002, y=  33.656, z= 959.000
  Obj rotY :  -4.5698 deg

Initial calibration:
  Source   : x=   0.000, y=   0.000, z=   0.000
  Object   : x=   0.000, y=   0.000, z=   0.000
  Detector : x=  25.318, y=   6.310, z=  40.001

After Calibration: 

Unity geometry (world coordinates):
  Source   : x=   0.000, y=  29.997, z=   0.000
  Object   : x=   0.132, y=  24.265, z= 617.088
  Detector : x=  19.316, y=  39.966, z= 999.001
  Obj rotY :  -4.5698 deg
view   0 | SOD= 620.089 mm | SDD= 999.237 mm | M= 1.611 | incident=1.2464°
[[ 226.99498    -577.01855      -5.7322845 ]
 [-119.630936    360.11865     -15.700619  ]
 [   0.13928027    0.05460005    0.        ]
 [   0.            0.            0.1496    ]]
Residual vector length: 160, Jacobian shape: (160, 6)
view   0 | SOD= 620.055 mm | SDD= 999.237 mm | M= 1.612 | incident=1.2464°
[[ 228.08609    -576.55194      -5.751751  ]
 [-119.90973     360.07742     -15.720085  ]
 [   0.13920029    0.05480365    0.        ]
 [   0.            0.            0.1496    ]]

iter 25 cost=9411.719143 -> 9458.204809 |dtheta|=2.993532e-01  lambda=3.445e+02

============================================================
Iteration 26
============================================================
Theta offsets (Unity frame):
  Source   : dSx=   0.000, dSy=   0.000, dSz=   0.000  (mm)
  Object   : dOx=  -0.408, dOy=   4.265, dOz=  17.088  (mm)
  Object offset: offset_x=  -1.106, offset_z=   2.894  (mm)
  Detector : dDx=   0.000, dDy=   0.000, dDz=   0.000  (mm)
  Obj Stage rotY :   25.976 deg
============================================================

Unity geometry (world coordinates):
  Source   : x=   0.000, y=  29.997, z=   0.000
  Object   : x=   0.132, y=  24.265, z= 617.088
  Detector : x=  -6.002, y=  33.656, z= 959.000
  Obj rotY :  -4.5698 deg

Initial calibration:
  Source   : x=   0.000, y=   0.000, z=   0.000
  Object   : x=   0.000, y=   0.000, z=   0.000
  Detector : x=  25.318, y=   6.310, z=  40.001

After Calibration: 

Unity geometry (world coordinates):
  Source   : x=   0.000, y=  29.997, z=   0.000
  Object   : x=   0.132, y=  24.265, z= 617.088
  Detector : x=  19.316, y=  39.966, z= 999.001
  Obj rotY :  -4.5698 deg
view   0 | SOD= 620.089 mm | SDD= 999.237 mm | M= 1.611 | incident=1.2464°
[[ 226.99498    -577.01855      -5.7322845 ]
 [-119.630936    360.11865     -15.700619  ]
 [   0.13928027    0.05460005    0.        ]
 [   0.            0.            0.1496    ]]
Residual vector length: 160, Jacobian shape: (160, 6)
view   0 | SOD= 620.073 mm | SDD= 999.237 mm | M= 1.611 | incident=1.2464°
[[ 227.48897    -576.8067       -5.7479095 ]
 [-119.64992     360.14062     -15.716244  ]
 [   0.13925037    0.05467629    0.        ]
 [   0.            0.            0.1496    ]]

iter 26 cost=9411.719143 -> 9426.847419 |dtheta|=2.040077e-01  lambda=1.723e+03

============================================================
Iteration 27
============================================================
Theta offsets (Unity frame):
  Source   : dSx=   0.000, dSy=   0.000, dSz=   0.000  (mm)
  Object   : dOx=  -0.408, dOy=   4.265, dOz=  17.088  (mm)
  Object offset: offset_x=  -1.106, offset_z=   2.894  (mm)
  Detector : dDx=   0.000, dDy=   0.000, dDz=   0.000  (mm)
  Obj Stage rotY :   25.976 deg
============================================================

Unity geometry (world coordinates):
  Source   : x=   0.000, y=  29.997, z=   0.000
  Object   : x=   0.132, y=  24.265, z= 617.088
  Detector : x=  -6.002, y=  33.656, z= 959.000
  Obj rotY :  -4.5698 deg

Initial calibration:
  Source   : x=   0.000, y=   0.000, z=   0.000
  Object   : x=   0.000, y=   0.000, z=   0.000
  Detector : x=  25.318, y=   6.310, z=  40.001

After Calibration: 

Unity geometry (world coordinates):
  Source   : x=   0.000, y=  29.997, z=   0.000
  Object   : x=   0.132, y=  24.265, z= 617.088
  Detector : x=  19.316, y=  39.966, z= 999.001
  Obj rotY :  -4.5698 deg
view   0 | SOD= 620.089 mm | SDD= 999.237 mm | M= 1.611 | incident=1.2464°
[[ 226.99498    -577.01855      -5.7322845 ]
 [-119.630936    360.11865     -15.700619  ]
 [   0.13928027    0.05460005    0.        ]
 [   0.            0.            0.1496    ]]
Residual vector length: 160, Jacobian shape: (160, 6)
view   0 | SOD= 620.083 mm | SDD= 999.237 mm | M= 1.611 | incident=1.2464°
[[ 227.16508    -576.9449       -5.739773  ]
 [-119.62073     360.13315     -15.708107  ]
 [   0.13927095    0.05462382    0.        ]
 [   0.            0.            0.1496    ]]

iter 27 cost=9411.719143 -> 9410.928681 |dtheta|=8.065820e-02  lambda=8.614e+03

============================================================
Iteration 28
============================================================
Theta offsets (Unity frame):
  Source   : dSx=   0.000, dSy=   0.000, dSz=   0.000  (mm)
  Object   : dOx=  -0.408, dOy=   4.258, dOz=  17.088  (mm)
  Object offset: offset_x=  -1.184, offset_z=   2.882  (mm)
  Detector : dDx=   0.000, dDy=   0.000, dDz=   0.000  (mm)
  Obj Stage rotY :   25.986 deg
============================================================

Unity geometry (world coordinates):
  Source   : x=   0.000, y=  29.997, z=   0.000
  Object   : x=   0.132, y=  24.258, z= 617.088
  Detector : x=  -6.002, y=  33.656, z= 959.000
  Obj rotY :  -4.5698 deg

Initial calibration:
  Source   : x=   0.000, y=   0.000, z=   0.000
  Object   : x=   0.000, y=   0.000, z=   0.000
  Detector : x=  25.318, y=   6.310, z=  40.001

After Calibration: 

Unity geometry (world coordinates):
  Source   : x=   0.000, y=  29.997, z=   0.000
  Object   : x=   0.132, y=  24.258, z= 617.088
  Detector : x=  19.316, y=  39.966, z= 999.001
  Obj rotY :  -4.5698 deg
view   0 | SOD= 620.083 mm | SDD= 999.237 mm | M= 1.611 | incident=1.2464°
[[ 227.16508    -576.9449       -5.739773  ]
 [-119.62073     360.13315     -15.708107  ]
 [   0.13927095    0.05462382    0.        ]
 [   0.            0.            0.1496    ]]
Residual vector length: 160, Jacobian shape: (160, 6)
view   0 | SOD= 620.162 mm | SDD= 999.237 mm | M= 1.611 | incident=1.2464°
[[ 228.0213     -576.6929       -5.750263  ]
 [-120.04767     359.9093      -15.718597  ]
 [   0.13919601    0.05481452    0.        ]
 [   0.            0.            0.1496    ]]

iter 28 cost=9410.928681 -> 9416.920952 |dtheta|=1.186644e-01  lambda=2.871e+03

============================================================
Iteration 29
============================================================
Theta offsets (Unity frame):
  Source   : dSx=   0.000, dSy=   0.000, dSz=   0.000  (mm)
  Object   : dOx=  -0.408, dOy=   4.258, dOz=  17.088  (mm)
  Object offset: offset_x=  -1.184, offset_z=   2.882  (mm)
  Detector : dDx=   0.000, dDy=   0.000, dDz=   0.000  (mm)
  Obj Stage rotY :   25.986 deg
============================================================

Unity geometry (world coordinates):
  Source   : x=   0.000, y=  29.997, z=   0.000
  Object   : x=   0.132, y=  24.258, z= 617.088
  Detector : x=  -6.002, y=  33.656, z= 959.000
  Obj rotY :  -4.5698 deg

Initial calibration:
  Source   : x=   0.000, y=   0.000, z=   0.000
  Object   : x=   0.000, y=   0.000, z=   0.000
  Detector : x=  25.318, y=   6.310, z=  40.001

After Calibration: 

Unity geometry (world coordinates):
  Source   : x=   0.000, y=  29.997, z=   0.000
  Object   : x=   0.132, y=  24.258, z= 617.088
  Detector : x=  19.316, y=  39.966, z= 999.001
  Obj rotY :  -4.5698 deg
view   0 | SOD= 620.083 mm | SDD= 999.237 mm | M= 1.611 | incident=1.2464°
[[ 227.16508    -576.9449       -5.739773  ]
 [-119.62073     360.13315     -15.708107  ]
 [   0.13927095    0.05462382    0.        ]
 [   0.            0.            0.1496    ]]
Residual vector length: 160, Jacobian shape: (160, 6)
view   0 | SOD= 620.109 mm | SDD= 999.237 mm | M= 1.611 | incident=1.2464°
[[ 227.35304    -576.8998       -5.7439365 ]
 [-119.70192     360.07858     -15.712271  ]
 [   0.13925526    0.05466382    0.        ]
 [   0.            0.            0.1496    ]]

iter 29 cost=9410.928681 -> 9405.420530 |dtheta|=3.564310e-02  lambda=1.436e+04

============================================================
Iteration 30
============================================================
Theta offsets (Unity frame):
  Source   : dSx=   0.000, dSy=   0.000, dSz=   0.000  (mm)
  Object   : dOx=  -0.405, dOy=   4.253, dOz=  17.089  (mm)
  Object offset: offset_x=  -1.203, offset_z=   2.907  (mm)
  Detector : dDx=   0.000, dDy=   0.000, dDz=   0.000  (mm)
  Obj Stage rotY :   26.002 deg
============================================================

Unity geometry (world coordinates):
  Source   : x=   0.000, y=  29.997, z=   0.000
  Object   : x=   0.136, y=  24.253, z= 617.089
  Detector : x=  -6.002, y=  33.656, z= 959.000
  Obj rotY :  -4.5698 deg

Initial calibration:
  Source   : x=   0.000, y=   0.000, z=   0.000
  Object   : x=   0.000, y=   0.000, z=   0.000
  Detector : x=  25.318, y=   6.310, z=  40.001

After Calibration: 

Unity geometry (world coordinates):
  Source   : x=   0.000, y=  29.997, z=   0.000
  Object   : x=   0.136, y=  24.253, z= 617.089
  Detector : x=  19.316, y=  39.966, z= 999.001
  Obj rotY :  -4.5698 deg
view   0 | SOD= 620.109 mm | SDD= 999.237 mm | M= 1.611 | incident=1.2464°
[[ 227.35304    -576.8998       -5.7439365 ]
 [-119.70192     360.07858     -15.712271  ]
 [   0.13925526    0.05466382    0.        ]
 [   0.            0.            0.1496    ]]
Residual vector length: 160, Jacobian shape: (160, 6)
view   0 | SOD= 620.140 mm | SDD= 999.237 mm | M= 1.611 | incident=1.2464°
[[ 227.79424    -576.75903      -5.74625   ]
 [-119.96288     359.959       -15.714584  ]
 [   0.13921425    0.05476817    0.        ]
 [   0.            0.            0.1496    ]]

iter 30 cost=9405.420530 -> 9412.916470 |dtheta|=5.600141e-02  lambda=4.785e+03

============================================================
Iteration 31
============================================================
Theta offsets (Unity frame):
  Source   : dSx=   0.000, dSy=   0.000, dSz=   0.000  (mm)
  Object   : dOx=  -0.405, dOy=   4.253, dOz=  17.089  (mm)
  Object offset: offset_x=  -1.203, offset_z=   2.907  (mm)
  Detector : dDx=   0.000, dDy=   0.000, dDz=   0.000  (mm)
  Obj Stage rotY :   26.002 deg
============================================================

Unity geometry (world coordinates):
  Source   : x=   0.000, y=  29.997, z=   0.000
  Object   : x=   0.136, y=  24.253, z= 617.089
  Detector : x=  -6.002, y=  33.656, z= 959.000
  Obj rotY :  -4.5698 deg

Initial calibration:
  Source   : x=   0.000, y=   0.000, z=   0.000
  Object   : x=   0.000, y=   0.000, z=   0.000
  Detector : x=  25.318, y=   6.310, z=  40.001

After Calibration: 

Unity geometry (world coordinates):
  Source   : x=   0.000, y=  29.997, z=   0.000
  Object   : x=   0.136, y=  24.253, z= 617.089
  Detector : x=  19.316, y=  39.966, z= 999.001
  Obj rotY :  -4.5698 deg
view   0 | SOD= 620.109 mm | SDD= 999.237 mm | M= 1.611 | incident=1.2464°
[[ 227.35304    -576.8998       -5.7439365 ]
 [-119.70192     360.07858     -15.712271  ]
 [   0.13925526    0.05466382    0.        ]
 [   0.            0.            0.1496    ]]
Residual vector length: 160, Jacobian shape: (160, 6)
view   0 | SOD= 620.118 mm | SDD= 999.237 mm | M= 1.611 | incident=1.2464°
[[ 227.44505    -576.8731       -5.7447453 ]
 [-119.75521     360.05145     -15.713079  ]
 [   0.13924678    0.05468541    0.        ]
 [   0.            0.            0.1496    ]]

iter 31 cost=9405.420530 -> 9405.269295 |dtheta|=1.340701e-02  lambda=2.393e+04

============================================================
Iteration 32
============================================================
Theta offsets (Unity frame):
  Source   : dSx=   0.000, dSy=   0.000, dSz=   0.000  (mm)
  Object   : dOx=  -0.403, dOy=   4.253, dOz=  17.088  (mm)
  Object offset: offset_x=  -1.205, offset_z=   2.916  (mm)
  Detector : dDx=   0.000, dDy=   0.000, dDz=   0.000  (mm)
  Obj Stage rotY :   26.011 deg
============================================================

Unity geometry (world coordinates):
  Source   : x=   0.000, y=  29.997, z=   0.000
  Object   : x=   0.138, y=  24.253, z= 617.088
  Detector : x=  -6.002, y=  33.656, z= 959.000
  Obj rotY :  -4.5698 deg

Initial calibration:
  Source   : x=   0.000, y=   0.000, z=   0.000
  Object   : x=   0.000, y=   0.000, z=   0.000
  Detector : x=  25.318, y=   6.310, z=  40.001

After Calibration: 

Unity geometry (world coordinates):
  Source   : x=   0.000, y=  29.997, z=   0.000
  Object   : x=   0.138, y=  24.253, z= 617.088
  Detector : x=  19.316, y=  39.966, z= 999.001
  Obj rotY :  -4.5698 deg
view   0 | SOD= 620.118 mm | SDD= 999.237 mm | M= 1.611 | incident=1.2464°
[[ 227.44505    -576.8731       -5.7447453 ]
 [-119.75521     360.05145     -15.713079  ]
 [   0.13924678    0.05468541    0.        ]
 [   0.            0.            0.1496    ]]
Residual vector length: 160, Jacobian shape: (160, 6)
view   0 | SOD= 620.088 mm | SDD= 999.237 mm | M= 1.611 | incident=1.2464°
[[ 227.1178     -576.96985      -5.746969  ]
 [-119.56784     360.1453      -15.715303  ]
 [   0.13927679    0.05460893    0.        ]
 [   0.            0.            0.1496    ]]

iter 32 cost=9405.269295 -> 9410.702246 |dtheta|=4.167899e-02  lambda=7.976e+03

============================================================
Iteration 33
============================================================
Theta offsets (Unity frame):
  Source   : dSx=   0.000, dSy=   0.000, dSz=   0.000  (mm)
  Object   : dOx=  -0.403, dOy=   4.253, dOz=  17.088  (mm)
  Object offset: offset_x=  -1.205, offset_z=   2.916  (mm)
  Detector : dDx=   0.000, dDy=   0.000, dDz=   0.000  (mm)
  Obj Stage rotY :   26.011 deg
============================================================

Unity geometry (world coordinates):
  Source   : x=   0.000, y=  29.997, z=   0.000
  Object   : x=   0.138, y=  24.253, z= 617.088
  Detector : x=  -6.002, y=  33.656, z= 959.000
  Obj rotY :  -4.5698 deg

Initial calibration:
  Source   : x=   0.000, y=   0.000, z=   0.000
  Object   : x=   0.000, y=   0.000, z=   0.000
  Detector : x=  25.318, y=   6.310, z=  40.001

After Calibration: 

Unity geometry (world coordinates):
  Source   : x=   0.000, y=  29.997, z=   0.000
  Object   : x=   0.138, y=  24.253, z= 617.088
  Detector : x=  19.316, y=  39.966, z= 999.001
  Obj rotY :  -4.5698 deg
view   0 | SOD= 620.118 mm | SDD= 999.237 mm | M= 1.611 | incident=1.2464°
[[ 227.44505    -576.8731       -5.7447453 ]
 [-119.75521     360.05145     -15.713079  ]
 [   0.13924678    0.05468541    0.        ]
 [   0.            0.            0.1496    ]]
Residual vector length: 160, Jacobian shape: (160, 6)
view   0 | SOD= 620.111 mm | SDD= 999.237 mm | M= 1.611 | incident=1.2464°
[[ 227.37677    -576.8917       -5.745331  ]
 [-119.71733     360.0722      -15.713665  ]
 [   0.13925298    0.05466963    0.        ]
 [   0.            0.            0.1496    ]]

iter 33 cost=9405.269295 -> 9404.706137 |dtheta|=9.726638e-03  lambda=3.988e+04

============================================================
Iteration 34
============================================================
Theta offsets (Unity frame):
  Source   : dSx=   0.000, dSy=   0.000, dSz=   0.000  (mm)
  Object   : dOx=  -0.403, dOy=   4.252, dOz=  17.087  (mm)
  Object offset: offset_x=  -1.205, offset_z=   2.909  (mm)
  Detector : dDx=   0.000, dDy=   0.000, dDz=   0.000  (mm)
  Obj Stage rotY :   26.004 deg
============================================================

Unity geometry (world coordinates):
  Source   : x=   0.000, y=  29.997, z=   0.000
  Object   : x=   0.138, y=  24.252, z= 617.087
  Detector : x=  -6.002, y=  33.656, z= 959.000
  Obj rotY :  -4.5698 deg

Initial calibration:
  Source   : x=   0.000, y=   0.000, z=   0.000
  Object   : x=   0.000, y=   0.000, z=   0.000
  Detector : x=  25.318, y=   6.310, z=  40.001

After Calibration: 

Unity geometry (world coordinates):
  Source   : x=   0.000, y=  29.997, z=   0.000
  Object   : x=   0.138, y=  24.252, z= 617.087
  Detector : x=  19.316, y=  39.966, z= 999.001
  Obj rotY :  -4.5698 deg
view   0 | SOD= 620.111 mm | SDD= 999.237 mm | M= 1.611 | incident=1.2464°
[[ 227.37677    -576.8917       -5.745331  ]
 [-119.71733     360.0722      -15.713665  ]
 [   0.13925298    0.05466963    0.        ]
 [   0.            0.            0.1496    ]]
Residual vector length: 160, Jacobian shape: (160, 6)
view   0 | SOD= 620.135 mm | SDD= 999.237 mm | M= 1.611 | incident=1.2464°
[[ 227.38136    -576.9156       -5.744751  ]
 [-119.70802     360.05005     -15.713085  ]
 [   0.13925324    0.05466893    0.        ]
 [   0.            0.            0.1496    ]]

iter 34 cost=9404.706137 -> 9412.685148 |dtheta|=2.575921e-02  lambda=1.329e+04

============================================================
Iteration 35
============================================================
Theta offsets (Unity frame):
  Source   : dSx=   0.000, dSy=   0.000, dSz=   0.000  (mm)
  Object   : dOx=  -0.403, dOy=   4.252, dOz=  17.087  (mm)
  Object offset: offset_x=  -1.205, offset_z=   2.909  (mm)
  Detector : dDx=   0.000, dDy=   0.000, dDz=   0.000  (mm)
  Obj Stage rotY :   26.004 deg
============================================================

Unity geometry (world coordinates):
  Source   : x=   0.000, y=  29.997, z=   0.000
  Object   : x=   0.138, y=  24.252, z= 617.087
  Detector : x=  -6.002, y=  33.656, z= 959.000
  Obj rotY :  -4.5698 deg

Initial calibration:
  Source   : x=   0.000, y=   0.000, z=   0.000
  Object   : x=   0.000, y=   0.000, z=   0.000
  Detector : x=  25.318, y=   6.310, z=  40.001

After Calibration: 

Unity geometry (world coordinates):
  Source   : x=   0.000, y=  29.997, z=   0.000
  Object   : x=   0.138, y=  24.252, z= 617.087
  Detector : x=  19.316, y=  39.966, z= 999.001
  Obj rotY :  -4.5698 deg
view   0 | SOD= 620.111 mm | SDD= 999.237 mm | M= 1.611 | incident=1.2464°
[[ 227.37677    -576.8917       -5.745331  ]
 [-119.71733     360.0722      -15.713665  ]
 [   0.13925298    0.05466963    0.        ]
 [   0.            0.            0.1496    ]]
Residual vector length: 160, Jacobian shape: (160, 6)
view   0 | SOD= 620.116 mm | SDD= 999.237 mm | M= 1.611 | incident=1.2464°
[[ 227.37776    -576.89746      -5.745144  ]
 [-119.714966    360.06693     -15.713478  ]
 [   0.13925305    0.05466943    0.        ]
 [   0.            0.            0.1496    ]]

iter 35 cost=9404.706137 -> 9405.103151 |dtheta|=6.102875e-03  lambda=6.646e+04

============================================================
Iteration 36
============================================================
Theta offsets (Unity frame):
  Source   : dSx=   0.000, dSy=   0.000, dSz=   0.000  (mm)
  Object   : dOx=  -0.403, dOy=   4.252, dOz=  17.087  (mm)
  Object offset: offset_x=  -1.205, offset_z=   2.909  (mm)
  Detector : dDx=   0.000, dDy=   0.000, dDz=   0.000  (mm)
  Obj Stage rotY :   26.004 deg
============================================================

Unity geometry (world coordinates):
  Source   : x=   0.000, y=  29.997, z=   0.000
  Object   : x=   0.138, y=  24.252, z= 617.087
  Detector : x=  -6.002, y=  33.656, z= 959.000
  Obj rotY :  -4.5698 deg

Initial calibration:
  Source   : x=   0.000, y=   0.000, z=   0.000
  Object   : x=   0.000, y=   0.000, z=   0.000
  Detector : x=  25.318, y=   6.310, z=  40.001

After Calibration: 

Unity geometry (world coordinates):
  Source   : x=   0.000, y=  29.997, z=   0.000
  Object   : x=   0.138, y=  24.252, z= 617.087
  Detector : x=  19.316, y=  39.966, z= 999.001
  Obj rotY :  -4.5698 deg
view   0 | SOD= 620.111 mm | SDD= 999.237 mm | M= 1.611 | incident=1.2464°
[[ 227.37677    -576.8917       -5.745331  ]
 [-119.71733     360.0722      -15.713665  ]
 [   0.13925298    0.05466963    0.        ]
 [   0.            0.            0.1496    ]]
Residual vector length: 160, Jacobian shape: (160, 6)
view   0 | SOD= 620.112 mm | SDD= 999.237 mm | M= 1.611 | incident=1.2464°
[[ 227.37695    -576.8929       -5.745289  ]
 [-119.71684     360.07114     -15.713623  ]
 [   0.13925299    0.05466959    0.        ]
 [   0.            0.            0.1496    ]]

iter 36 cost=9404.706137 -> 9401.203531 |dtheta|=1.267512e-03  lambda=3.323e+05

============================================================
Iteration 37
============================================================
Theta offsets (Unity frame):
  Source   : dSx=   0.000, dSy=   0.000, dSz=   0.000  (mm)
  Object   : dOx=  -0.403, dOy=   4.252, dOz=  17.087  (mm)
  Object offset: offset_x=  -1.205, offset_z=   2.911  (mm)
  Detector : dDx=   0.000, dDy=   0.000, dDz=   0.000  (mm)
  Obj Stage rotY :   26.004 deg
============================================================

Unity geometry (world coordinates):
  Source   : x=   0.000, y=  29.997, z=   0.000
  Object   : x=   0.138, y=  24.252, z= 617.087
  Detector : x=  -6.002, y=  33.656, z= 959.000
  Obj rotY :  -4.5698 deg

Initial calibration:
  Source   : x=   0.000, y=   0.000, z=   0.000
  Object   : x=   0.000, y=   0.000, z=   0.000
  Detector : x=  25.318, y=   6.310, z=  40.001

After Calibration: 

Unity geometry (world coordinates):
  Source   : x=   0.000, y=  29.997, z=   0.000
  Object   : x=   0.138, y=  24.252, z= 617.087
  Detector : x=  19.316, y=  39.966, z= 999.001
  Obj rotY :  -4.5698 deg
view   0 | SOD= 620.112 mm | SDD= 999.237 mm | M= 1.611 | incident=1.2464°
[[ 227.37695    -576.8929       -5.745289  ]
 [-119.71684     360.07114     -15.713623  ]
 [   0.13925299    0.05466959    0.        ]
 [   0.            0.            0.1496    ]]
Residual vector length: 160, Jacobian shape: (160, 6)
view   0 | SOD= 620.114 mm | SDD= 999.237 mm | M= 1.611 | incident=1.2464°
[[ 227.36646    -576.8996       -5.745249  ]
 [-119.70762     360.07175     -15.713583  ]
 [   0.13925414    0.05466666    0.        ]
 [   0.            0.            0.1496    ]]

iter 37 cost=9401.203531 -> 9406.237638 |dtheta|=3.023431e-03  lambda=1.108e+05

============================================================
Iteration 38
============================================================
Theta offsets (Unity frame):
  Source   : dSx=   0.000, dSy=   0.000, dSz=   0.000  (mm)
  Object   : dOx=  -0.403, dOy=   4.252, dOz=  17.087  (mm)
  Object offset: offset_x=  -1.205, offset_z=   2.911  (mm)
  Detector : dDx=   0.000, dDy=   0.000, dDz=   0.000  (mm)
  Obj Stage rotY :   26.004 deg
============================================================

Unity geometry (world coordinates):
  Source   : x=   0.000, y=  29.997, z=   0.000
  Object   : x=   0.138, y=  24.252, z= 617.087
  Detector : x=  -6.002, y=  33.656, z= 959.000
  Obj rotY :  -4.5698 deg

Initial calibration:
  Source   : x=   0.000, y=   0.000, z=   0.000
  Object   : x=   0.000, y=   0.000, z=   0.000
  Detector : x=  25.318, y=   6.310, z=  40.001

After Calibration: 

Unity geometry (world coordinates):
  Source   : x=   0.000, y=  29.997, z=   0.000
  Object   : x=   0.138, y=  24.252, z= 617.087
  Detector : x=  19.316, y=  39.966, z= 999.001
  Obj rotY :  -4.5698 deg
view   0 | SOD= 620.112 mm | SDD= 999.237 mm | M= 1.611 | incident=1.2464°
[[ 227.37695    -576.8929       -5.745289  ]
 [-119.71684     360.07114     -15.713623  ]
 [   0.13925299    0.05466959    0.        ]
 [   0.            0.            0.1496    ]]
Residual vector length: 160, Jacobian shape: (160, 6)
view   0 | SOD= 620.112 mm | SDD= 999.237 mm | M= 1.611 | incident=1.2464°
[[ 227.3749     -576.8943       -5.7452793 ]
 [-119.714966    360.0712      -15.7136135 ]
 [   0.13925323    0.054669      0.        ]
 [   0.            0.            0.1496    ]]

iter 38 cost=9401.203531 -> 9402.532397 |dtheta|=6.177197e-04  lambda=5.539e+05

============================================================
Iteration 39
============================================================
Theta offsets (Unity frame):
  Source   : dSx=   0.000, dSy=   0.000, dSz=   0.000  (mm)
  Object   : dOx=  -0.403, dOy=   4.252, dOz=  17.087  (mm)
  Object offset: offset_x=  -1.205, offset_z=   2.911  (mm)
  Detector : dDx=   0.000, dDy=   0.000, dDz=   0.000  (mm)
  Obj Stage rotY :   26.004 deg
============================================================

Unity geometry (world coordinates):
  Source   : x=   0.000, y=  29.997, z=   0.000
  Object   : x=   0.138, y=  24.252, z= 617.087
  Detector : x=  -6.002, y=  33.656, z= 959.000
  Obj rotY :  -4.5698 deg

Initial calibration:
  Source   : x=   0.000, y=   0.000, z=   0.000
  Object   : x=   0.000, y=   0.000, z=   0.000
  Detector : x=  25.318, y=   6.310, z=  40.001

After Calibration: 

Unity geometry (world coordinates):
  Source   : x=   0.000, y=  29.997, z=   0.000
  Object   : x=   0.138, y=  24.252, z= 617.087
  Detector : x=  19.316, y=  39.966, z= 999.001
  Obj rotY :  -4.5698 deg
view   0 | SOD= 620.112 mm | SDD= 999.237 mm | M= 1.611 | incident=1.2464°
[[ 227.37695    -576.8929       -5.745289  ]
 [-119.71684     360.07114     -15.713623  ]
 [   0.13925299    0.05466959    0.        ]
 [   0.            0.            0.1496    ]]
Residual vector length: 160, Jacobian shape: (160, 6)
view   0 | SOD= 620.112 mm | SDD= 999.237 mm | M= 1.611 | incident=1.2464°
[[ 227.37581    -576.8937       -5.745283  ]
 [-119.715805    360.07117     -15.713617  ]
 [   0.13925312    0.05466926    0.        ]
 [   0.            0.            0.1496    ]]

iter 39 cost=9401.203531 -> 9401.961895 |dtheta|=3.429597e-04  lambda=1.000e+06

============================================================
Iteration 40
============================================================
Theta offsets (Unity frame):
  Source   : dSx=   0.000, dSy=   0.000, dSz=   0.000  (mm)
  Object   : dOx=  -0.403, dOy=   4.252, dOz=  17.087  (mm)
  Object offset: offset_x=  -1.205, offset_z=   2.911  (mm)
  Detector : dDx=   0.000, dDy=   0.000, dDz=   0.000  (mm)
  Obj Stage rotY :   26.004 deg
============================================================

Unity geometry (world coordinates):
  Source   : x=   0.000, y=  29.997, z=   0.000
  Object   : x=   0.138, y=  24.252, z= 617.087
  Detector : x=  -6.002, y=  33.656, z= 959.000
  Obj rotY :  -4.5698 deg

Initial calibration:
  Source   : x=   0.000, y=   0.000, z=   0.000
  Object   : x=   0.000, y=   0.000, z=   0.000
  Detector : x=  25.318, y=   6.310, z=  40.001

After Calibration: 

Unity geometry (world coordinates):
  Source   : x=   0.000, y=  29.997, z=   0.000
  Object   : x=   0.138, y=  24.252, z= 617.087
  Detector : x=  19.316, y=  39.966, z= 999.001
  Obj rotY :  -4.5698 deg
view   0 | SOD= 620.112 mm | SDD= 999.237 mm | M= 1.611 | incident=1.2464°
[[ 227.37695    -576.8929       -5.745289  ]
 [-119.71684     360.07114     -15.713623  ]
 [   0.13925299    0.05466959    0.        ]
 [   0.            0.            0.1496    ]]
Residual vector length: 160, Jacobian shape: (160, 6)
view   0 | SOD= 620.112 mm | SDD= 999.237 mm | M= 1.611 | incident=1.2464°
[[ 227.37581    -576.8937       -5.745283  ]
 [-119.715805    360.07117     -15.713617  ]
 [   0.13925312    0.05466926    0.        ]
 [   0.            0.            0.1496    ]]

iter 40 cost=9401.203531 -> 9401.961895 |dtheta|=3.429597e-04  lambda=1.000e+06

============================================================
Iteration 41
============================================================
Theta offsets (Unity frame):
  Source   : dSx=   0.000, dSy=   0.000, dSz=   0.000  (mm)
  Object   : dOx=  -0.403, dOy=   4.252, dOz=  17.087  (mm)
  Object offset: offset_x=  -1.205, offset_z=   2.911  (mm)
  Detector : dDx=   0.000, dDy=   0.000, dDz=   0.000  (mm)
  Obj Stage rotY :   26.004 deg
============================================================

Unity geometry (world coordinates):
  Source   : x=   0.000, y=  29.997, z=   0.000
  Object   : x=   0.138, y=  24.252, z= 617.087
  Detector : x=  -6.002, y=  33.656, z= 959.000
  Obj rotY :  -4.5698 deg

Initial calibration:
  Source   : x=   0.000, y=   0.000, z=   0.000
  Object   : x=   0.000, y=   0.000, z=   0.000
  Detector : x=  25.318, y=   6.310, z=  40.001

After Calibration: 

Unity geometry (world coordinates):
  Source   : x=   0.000, y=  29.997, z=   0.000
  Object   : x=   0.138, y=  24.252, z= 617.087
  Detector : x=  19.316, y=  39.966, z= 999.001
  Obj rotY :  -4.5698 deg
view   0 | SOD= 620.112 mm | SDD= 999.237 mm | M= 1.611 | incident=1.2464°
[[ 227.37695    -576.8929       -5.745289  ]
 [-119.71684     360.07114     -15.713623  ]
 [   0.13925299    0.05466959    0.        ]
 [   0.            0.            0.1496    ]]
Residual vector length: 160, Jacobian shape: (160, 6)
view   0 | SOD= 620.112 mm | SDD= 999.237 mm | M= 1.611 | incident=1.2464°
[[ 227.37581    -576.8937       -5.745283  ]
 [-119.715805    360.07117     -15.713617  ]
 [   0.13925312    0.05466926    0.        ]
 [   0.            0.            0.1496    ]]

iter 41 cost=9401.203531 -> 9401.961895 |dtheta|=3.429597e-04  lambda=1.000e+06

============================================================
Iteration 42
============================================================
Theta offsets (Unity frame):
  Source   : dSx=   0.000, dSy=   0.000, dSz=   0.000  (mm)
  Object   : dOx=  -0.403, dOy=   4.252, dOz=  17.087  (mm)
  Object offset: offset_x=  -1.205, offset_z=   2.911  (mm)
  Detector : dDx=   0.000, dDy=   0.000, dDz=   0.000  (mm)
  Obj Stage rotY :   26.004 deg
============================================================

Unity geometry (world coordinates):
  Source   : x=   0.000, y=  29.997, z=   0.000
  Object   : x=   0.138, y=  24.252, z= 617.087
  Detector : x=  -6.002, y=  33.656, z= 959.000
  Obj rotY :  -4.5698 deg

Initial calibration:
  Source   : x=   0.000, y=   0.000, z=   0.000
  Object   : x=   0.000, y=   0.000, z=   0.000
  Detector : x=  25.318, y=   6.310, z=  40.001

After Calibration: 

Unity geometry (world coordinates):
  Source   : x=   0.000, y=  29.997, z=   0.000
  Object   : x=   0.138, y=  24.252, z= 617.087
  Detector : x=  19.316, y=  39.966, z= 999.001
  Obj rotY :  -4.5698 deg
view   0 | SOD= 620.112 mm | SDD= 999.237 mm | M= 1.611 | incident=1.2464°
[[ 227.37695    -576.8929       -5.745289  ]
 [-119.71684     360.07114     -15.713623  ]
 [   0.13925299    0.05466959    0.        ]
 [   0.            0.            0.1496    ]]
Residual vector length: 160, Jacobian shape: (160, 6)
view   0 | SOD= 620.112 mm | SDD= 999.237 mm | M= 1.611 | incident=1.2464°
[[ 227.37581    -576.8937       -5.745283  ]
 [-119.715805    360.07117     -15.713617  ]
 [   0.13925312    0.05466926    0.        ]
 [   0.            0.            0.1496    ]]

iter 42 cost=9401.203531 -> 9401.961895 |dtheta|=3.429597e-04  lambda=1.000e+06

============================================================
Iteration 43
============================================================
Theta offsets (Unity frame):
  Source   : dSx=   0.000, dSy=   0.000, dSz=   0.000  (mm)
  Object   : dOx=  -0.403, dOy=   4.252, dOz=  17.087  (mm)
  Object offset: offset_x=  -1.205, offset_z=   2.911  (mm)
  Detector : dDx=   0.000, dDy=   0.000, dDz=   0.000  (mm)
  Obj Stage rotY :   26.004 deg
============================================================

Unity geometry (world coordinates):
  Source   : x=   0.000, y=  29.997, z=   0.000
  Object   : x=   0.138, y=  24.252, z= 617.087
  Detector : x=  -6.002, y=  33.656, z= 959.000
  Obj rotY :  -4.5698 deg

Initial calibration:
  Source   : x=   0.000, y=   0.000, z=   0.000
  Object   : x=   0.000, y=   0.000, z=   0.000
  Detector : x=  25.318, y=   6.310, z=  40.001

After Calibration: 

Unity geometry (world coordinates):
  Source   : x=   0.000, y=  29.997, z=   0.000
  Object   : x=   0.138, y=  24.252, z= 617.087
  Detector : x=  19.316, y=  39.966, z= 999.001
  Obj rotY :  -4.5698 deg
view   0 | SOD= 620.112 mm | SDD= 999.237 mm | M= 1.611 | incident=1.2464°
[[ 227.37695    -576.8929       -5.745289  ]
 [-119.71684     360.07114     -15.713623  ]
 [   0.13925299    0.05466959    0.        ]
 [   0.            0.            0.1496    ]]
Residual vector length: 160, Jacobian shape: (160, 6)
view   0 | SOD= 620.112 mm | SDD= 999.237 mm | M= 1.611 | incident=1.2464°
[[ 227.37581    -576.8937       -5.745283  ]
 [-119.715805    360.07117     -15.713617  ]
 [   0.13925312    0.05466926    0.        ]
 [   0.            0.            0.1496    ]]

iter 43 cost=9401.203531 -> 9401.961895 |dtheta|=3.429597e-04  lambda=1.000e+06

============================================================
Iteration 44
============================================================
Theta offsets (Unity frame):
  Source   : dSx=   0.000, dSy=   0.000, dSz=   0.000  (mm)
  Object   : dOx=  -0.403, dOy=   4.252, dOz=  17.087  (mm)
  Object offset: offset_x=  -1.205, offset_z=   2.911  (mm)
  Detector : dDx=   0.000, dDy=   0.000, dDz=   0.000  (mm)
  Obj Stage rotY :   26.004 deg
============================================================

Unity geometry (world coordinates):
  Source   : x=   0.000, y=  29.997, z=   0.000
  Object   : x=   0.138, y=  24.252, z= 617.087
  Detector : x=  -6.002, y=  33.656, z= 959.000
  Obj rotY :  -4.5698 deg

Initial calibration:
  Source   : x=   0.000, y=   0.000, z=   0.000
  Object   : x=   0.000, y=   0.000, z=   0.000
  Detector : x=  25.318, y=   6.310, z=  40.001

After Calibration: 

Unity geometry (world coordinates):
  Source   : x=   0.000, y=  29.997, z=   0.000
  Object   : x=   0.138, y=  24.252, z= 617.087
  Detector : x=  19.316, y=  39.966, z= 999.001
  Obj rotY :  -4.5698 deg
view   0 | SOD= 620.112 mm | SDD= 999.237 mm | M= 1.611 | incident=1.2464°
[[ 227.37695    -576.8929       -5.745289  ]
 [-119.71684     360.07114     -15.713623  ]
 [   0.13925299    0.05466959    0.        ]
 [   0.            0.            0.1496    ]]
Residual vector length: 160, Jacobian shape: (160, 6)
view   0 | SOD= 620.112 mm | SDD= 999.237 mm | M= 1.611 | incident=1.2464°
[[ 227.37581    -576.8937       -5.745283  ]
 [-119.715805    360.07117     -15.713617  ]
 [   0.13925312    0.05466926    0.        ]
 [   0.            0.            0.1496    ]]

iter 44 cost=9401.203531 -> 9401.961895 |dtheta|=3.429597e-04  lambda=1.000e+06

============================================================
Iteration 45
============================================================
Theta offsets (Unity frame):
  Source   : dSx=   0.000, dSy=   0.000, dSz=   0.000  (mm)
  Object   : dOx=  -0.403, dOy=   4.252, dOz=  17.087  (mm)
  Object offset: offset_x=  -1.205, offset_z=   2.911  (mm)
  Detector : dDx=   0.000, dDy=   0.000, dDz=   0.000  (mm)
  Obj Stage rotY :   26.004 deg
============================================================

Unity geometry (world coordinates):
  Source   : x=   0.000, y=  29.997, z=   0.000
  Object   : x=   0.138, y=  24.252, z= 617.087
  Detector : x=  -6.002, y=  33.656, z= 959.000
  Obj rotY :  -4.5698 deg

Initial calibration:
  Source   : x=   0.000, y=   0.000, z=   0.000
  Object   : x=   0.000, y=   0.000, z=   0.000
  Detector : x=  25.318, y=   6.310, z=  40.001

After Calibration: 

Unity geometry (world coordinates):
  Source   : x=   0.000, y=  29.997, z=   0.000
  Object   : x=   0.138, y=  24.252, z= 617.087
  Detector : x=  19.316, y=  39.966, z= 999.001
  Obj rotY :  -4.5698 deg
view   0 | SOD= 620.112 mm | SDD= 999.237 mm | M= 1.611 | incident=1.2464°
[[ 227.37695    -576.8929       -5.745289  ]
 [-119.71684     360.07114     -15.713623  ]
 [   0.13925299    0.05466959    0.        ]
 [   0.            0.            0.1496    ]]
Residual vector length: 160, Jacobian shape: (160, 6)
view   0 | SOD= 620.112 mm | SDD= 999.237 mm | M= 1.611 | incident=1.2464°
[[ 227.37581    -576.8937       -5.745283  ]
 [-119.715805    360.07117     -15.713617  ]
 [   0.13925312    0.05466926    0.        ]
 [   0.            0.            0.1496    ]]

iter 45 cost=9401.203531 -> 9401.961895 |dtheta|=3.429597e-04  lambda=1.000e+06
Stalled.

Estimated theta:
  dSx: +0.000000
  dSy: +0.000000
  dOx: -0.402645
  dOy: +4.252080
  dOz: +17.087369
  dDx: +0.000000
  dDy: +0.000000
  dDz: +0.000000
alpha: +2.600439e+01 deg)
offset_x: -1.204835
offset_z: +2.910570

Final cost table:
Final estimated theta: [ 0.          0.         -0.40264524  4.25207959 17.08736875  0.
  0.          0.         26.00439057 -1.20483527  2.91057037]
################################################################################

