
################################################################################
Running scenario=Scan1 Projections=1434 Used=10, K=5

============================================================
Iteration 0
============================================================
Theta offsets (Unity frame):
  Source   : dSx=   0.000, dSy=   0.000, dSz=   0.000  (mm)
  Object   : dOx=   0.000, dOy=   0.000, dOz=   0.000  (mm)
  Object offset: offset_x=   0.000, offset_z=   0.000  (mm)
  Detector : dDx=   0.000, dDy=   0.000, dDz=   0.000  (mm)
  Obj Stage rotY :    0.000 deg
============================================================

Unity geometry (world coordinates):
  Source   : x=   0.000, y=  24.997, z=   0.000
  Object   : x=   0.541, y=  20.000, z= 600.000
  Detector : x= -25.318, y=  18.687, z=1059.000
  Obj rotY :  -1.0400 deg

Initial calibration:
  Source   : x=   0.000, y=   0.000, z=   0.000
  Object   : x=   0.000, y=   0.000, z=   0.000
  Detector : x=  25.318, y=   6.310, z=  40.001

After Calibration: 

Unity geometry (world coordinates):
  Source   : x=   0.000, y=  24.997, z=   0.000
  Object   : x=   0.541, y=  20.000, z= 600.000
  Detector : x=   0.000, y=  24.997, z=1099.001
  Obj rotY :  -1.0400 deg
view   0 | SOD= 600.021 mm | SDD=1099.001 mm | M= 1.832 | incident=0.0000°
[[ -11.430422   -599.89136      -4.997368  ]
 [   8.516415    498.92847      -4.9969044 ]
 [   0.14957535   -0.00271524    0.        ]
 [   0.            0.            0.1496    ]]
Residual vector length: 200, Jacobian shape: (200, 6)
view   0 | SOD= 614.385 mm | SDD=1099.001 mm | M= 1.789 | incident=0.0000°
[[  60.030685   -611.4448       -0.814518  ]
 [ -46.336605    482.3965       -0.8140545 ]
 [   0.14889766    0.0144791     0.        ]
 [   0.            0.            0.1496    ]]
/vol/home/s3777103/Documents/workspace/Thesis/AutoCalibration/gauss_newton_real.py:300: FutureWarning: The behavior of DataFrame concatenation with empty or all-NA entries is deprecated. In a future version, this will no longer exclude empty or all-NA columns when determining the result dtypes. To retain the old behavior, exclude the relevant entries before the concat operation.
  df_r0 = pd.concat([df_r0, df_iter], ignore_index=True)

iter 00 cost=113183.551780 -> 16546.068423 |dtheta|=1.460049e+01  lambda=1.000e-02

============================================================
Iteration 1
============================================================
Theta offsets (Unity frame):
  Source   : dSx=   0.000, dSy=   0.000, dSz=   0.000  (mm)
  Object   : dOx=  -0.433, dOy=   4.183, dOz=  12.096  (mm)
  Object offset: offset_x=  -0.719, offset_z=   2.276  (mm)
  Detector : dDx=   0.000, dDy=   0.000, dDz=   0.000  (mm)
  Obj Stage rotY :    6.594 deg
============================================================

Unity geometry (world coordinates):
  Source   : x=   0.000, y=  24.997, z=   0.000
  Object   : x=   0.108, y=  24.183, z= 612.096
  Detector : x= -25.318, y=  18.687, z=1059.000
  Obj rotY :  -1.0400 deg

Initial calibration:
  Source   : x=   0.000, y=   0.000, z=   0.000
  Object   : x=   0.000, y=   0.000, z=   0.000
  Detector : x=  25.318, y=   6.310, z=  40.001

After Calibration: 

Unity geometry (world coordinates):
  Source   : x=   0.000, y=  24.997, z=   0.000
  Object   : x=   0.108, y=  24.183, z= 612.096
  Detector : x=   0.000, y=  24.997, z=1099.001
  Obj rotY :  -1.0400 deg
view   0 | SOD= 614.385 mm | SDD=1099.001 mm | M= 1.789 | incident=0.0000°
[[  60.030685   -611.4448       -0.814518  ]
 [ -46.336605    482.3965       -0.8140545 ]
 [   0.14889766    0.0144791     0.        ]
 [   0.            0.            0.1496    ]]
Residual vector length: 200, Jacobian shape: (200, 6)
view   0 | SOD= 618.697 mm | SDD=1099.001 mm | M= 1.776 | incident=0.0000°
[[  88.21933    -612.375        -0.82723236]
 [ -67.134346    475.59015      -0.8267689 ]
 [   0.14809777    0.02114731    0.        ]
 [   0.            0.            0.1496    ]]

iter 01 cost=16546.068423 -> 12700.841556 |dtheta|=4.647932e+00  lambda=3.333e-03

============================================================
Iteration 2
============================================================
Theta offsets (Unity frame):
  Source   : dSx=   0.000, dSy=   0.000, dSz=   0.000  (mm)
  Object   : dOx=  -0.443, dOy=   4.170, dOz=  15.933  (mm)
  Object offset: offset_x=  -0.916, offset_z=   2.747  (mm)
  Detector : dDx=   0.000, dDy=   0.000, dDz=   0.000  (mm)
  Obj Stage rotY :    9.166 deg
============================================================

Unity geometry (world coordinates):
  Source   : x=   0.000, y=  24.997, z=   0.000
  Object   : x=   0.097, y=  24.170, z= 615.933
  Detector : x= -25.318, y=  18.687, z=1059.000
  Obj rotY :  -1.0400 deg

Initial calibration:
  Source   : x=   0.000, y=   0.000, z=   0.000
  Object   : x=   0.000, y=   0.000, z=   0.000
  Detector : x=  25.318, y=   6.310, z=  40.001

After Calibration: 

Unity geometry (world coordinates):
  Source   : x=   0.000, y=  24.997, z=   0.000
  Object   : x=   0.097, y=  24.170, z= 615.933
  Detector : x=   0.000, y=  24.997, z=1099.001
  Obj rotY :  -1.0400 deg
view   0 | SOD= 618.697 mm | SDD=1099.001 mm | M= 1.776 | incident=0.0000°
[[  88.21933    -612.375        -0.82723236]
 [ -67.134346    475.59015      -0.8267689 ]
 [   0.14809777    0.02114731    0.        ]
 [   0.            0.            0.1496    ]]
Residual vector length: 200, Jacobian shape: (200, 6)
view   0 | SOD= 620.615 mm | SDD=1099.001 mm | M= 1.771 | incident=0.0000°
[[ 111.420456   -610.5306       -0.8048649 ]
 [ -84.68672     470.83194      -0.8044014 ]
 [   0.147199      0.02669482    0.        ]
 [   0.            0.            0.1496    ]]

iter 02 cost=12700.841556 -> 10842.726394 |dtheta|=2.691056e+00  lambda=1.111e-03

============================================================
Iteration 3
============================================================
Theta offsets (Unity frame):
  Source   : dSx=   0.000, dSy=   0.000, dSz=   0.000  (mm)
  Object   : dOx=  -0.370, dOy=   4.193, dOz=  17.510  (mm)
  Object offset: offset_x=  -0.915, offset_z=   3.088  (mm)
  Detector : dDx=   0.000, dDy=   0.000, dDz=   0.000  (mm)
  Obj Stage rotY :   11.319 deg
============================================================

Unity geometry (world coordinates):
  Source   : x=   0.000, y=  24.997, z=   0.000
  Object   : x=   0.171, y=  24.193, z= 617.510
  Detector : x= -25.318, y=  18.687, z=1059.000
  Obj rotY :  -1.0400 deg

Initial calibration:
  Source   : x=   0.000, y=   0.000, z=   0.000
  Object   : x=   0.000, y=   0.000, z=   0.000
  Detector : x=  25.318, y=   6.310, z=  40.001

After Calibration: 

Unity geometry (world coordinates):
  Source   : x=   0.000, y=  24.997, z=   0.000
  Object   : x=   0.171, y=  24.193, z= 617.510
  Detector : x=   0.000, y=  24.997, z=1099.001
  Obj rotY :  -1.0400 deg
view   0 | SOD= 620.615 mm | SDD=1099.001 mm | M= 1.771 | incident=0.0000°
[[ 111.420456   -610.5306       -0.8048649 ]
 [ -84.68672     470.83194      -0.8044014 ]
 [   0.147199      0.02669482    0.        ]
 [   0.            0.            0.1496    ]]
Residual vector length: 200, Jacobian shape: (200, 6)
view   0 | SOD= 621.011 mm | SDD=1099.001 mm | M= 1.770 | incident=0.0000°
[[ 143.3144     -604.24756      -0.8147087 ]
 [-108.9665      465.4053       -0.8142452 ]
 [   0.14560504    0.03434139    0.        ]
 [   0.            0.            0.1496    ]]

iter 03 cost=10842.726394 -> 9352.047853 |dtheta|=3.006973e+00  lambda=3.704e-04

============================================================
Iteration 4
============================================================
Theta offsets (Unity frame):
  Source   : dSx=   0.000, dSy=   0.000, dSz=   0.000  (mm)
  Object   : dOx=  -0.402, dOy=   4.183, dOz=  17.769  (mm)
  Object offset: offset_x=  -0.976, offset_z=   3.223  (mm)
  Detector : dDx=   0.000, dDy=   0.000, dDz=   0.000  (mm)
  Obj Stage rotY :   14.311 deg
============================================================

Unity geometry (world coordinates):
  Source   : x=   0.000, y=  24.997, z=   0.000
  Object   : x=   0.138, y=  24.183, z= 617.769
  Detector : x= -25.318, y=  18.687, z=1059.000
  Obj rotY :  -1.0400 deg

Initial calibration:
  Source   : x=   0.000, y=   0.000, z=   0.000
  Object   : x=   0.000, y=   0.000, z=   0.000
  Detector : x=  25.318, y=   6.310, z=  40.001

After Calibration: 

Unity geometry (world coordinates):
  Source   : x=   0.000, y=  24.997, z=   0.000
  Object   : x=   0.138, y=  24.183, z= 617.769
  Detector : x=   0.000, y=  24.997, z=1099.001
  Obj rotY :  -1.0400 deg
view   0 | SOD= 621.011 mm | SDD=1099.001 mm | M= 1.770 | incident=0.0000°
[[ 143.3144     -604.24756      -0.8147087 ]
 [-108.9665      465.4053       -0.8142452 ]
 [   0.14560504    0.03434139    0.        ]
 [   0.            0.            0.1496    ]]
Residual vector length: 200, Jacobian shape: (200, 6)
view   0 | SOD= 619.898 mm | SDD=1099.001 mm | M= 1.773 | incident=0.0000°
[[ 153.55716    -600.5773       -0.7863674 ]
 [-117.5292      464.46503      -0.78590393]
 [   0.14497744    0.03690126    0.        ]
 [   0.            0.            0.1496    ]]

iter 04 cost=9352.047853 -> 9033.939040 |dtheta|=1.442902e+00  lambda=1.235e-04

============================================================
Iteration 5
============================================================
Theta offsets (Unity frame):
  Source   : dSx=   0.000, dSy=   0.000, dSz=   0.000  (mm)
  Object   : dOx=  -0.405, dOy=   4.211, dOz=  16.749  (mm)
  Object offset: offset_x=  -0.862, offset_z=   3.133  (mm)
  Detector : dDx=   0.000, dDy=   0.000, dDz=   0.000  (mm)
  Obj Stage rotY :   15.320 deg
============================================================

Unity geometry (world coordinates):
  Source   : x=   0.000, y=  24.997, z=   0.000
  Object   : x=   0.135, y=  24.211, z= 616.749
  Detector : x= -25.318, y=  18.687, z=1059.000
  Obj rotY :  -1.0400 deg

Initial calibration:
  Source   : x=   0.000, y=   0.000, z=   0.000
  Object   : x=   0.000, y=   0.000, z=   0.000
  Detector : x=  25.318, y=   6.310, z=  40.001

After Calibration: 

Unity geometry (world coordinates):
  Source   : x=   0.000, y=  24.997, z=   0.000
  Object   : x=   0.135, y=  24.211, z= 616.749
  Detector : x=   0.000, y=  24.997, z=1099.001
  Obj rotY :  -1.0400 deg
view   0 | SOD= 619.898 mm | SDD=1099.001 mm | M= 1.773 | incident=0.0000°
[[ 153.55716    -600.5773       -0.7863674 ]
 [-117.5292      464.46503      -0.78590393]
 [   0.14497744    0.03690126    0.        ]
 [   0.            0.            0.1496    ]]
Residual vector length: 200, Jacobian shape: (200, 6)
view   0 | SOD= 621.297 mm | SDD=1099.001 mm | M= 1.769 | incident=0.0000°
[[ 169.0467     -597.8568       -0.7955971 ]
 [-128.6796      460.0477       -0.7951336 ]
 [   0.14400582    0.04052759    0.        ]
 [   0.            0.            0.1496    ]]

iter 05 cost=9033.939040 -> 8863.055003 |dtheta|=2.060760e+00  lambda=4.115e-05

============================================================
Iteration 6
============================================================
Theta offsets (Unity frame):
  Source   : dSx=   0.000, dSy=   0.000, dSz=   0.000  (mm)
  Object   : dOx=  -0.385, dOy=   4.202, dOz=  18.219  (mm)
  Object offset: offset_x=  -0.974, offset_z=   3.060  (mm)
  Detector : dDx=   0.000, dDy=   0.000, dDz=   0.000  (mm)
  Obj Stage rotY :   16.758 deg
============================================================

Unity geometry (world coordinates):
  Source   : x=   0.000, y=  24.997, z=   0.000
  Object   : x=   0.156, y=  24.202, z= 618.219
  Detector : x= -25.318, y=  18.687, z=1059.000
  Obj rotY :  -1.0400 deg

Initial calibration:
  Source   : x=   0.000, y=   0.000, z=   0.000
  Object   : x=   0.000, y=   0.000, z=   0.000
  Detector : x=  25.318, y=   6.310, z=  40.001

After Calibration: 

Unity geometry (world coordinates):
  Source   : x=   0.000, y=  24.997, z=   0.000
  Object   : x=   0.156, y=  24.202, z= 618.219
  Detector : x=   0.000, y=  24.997, z=1099.001
  Obj rotY :  -1.0400 deg
view   0 | SOD= 621.297 mm | SDD=1099.001 mm | M= 1.769 | incident=0.0000°
[[ 169.0467     -597.8568       -0.7955971 ]
 [-128.6796      460.0477       -0.7951336 ]
 [   0.14400582    0.04052759    0.        ]
 [   0.            0.            0.1496    ]]
Residual vector length: 200, Jacobian shape: (200, 6)
view   0 | SOD= 620.598 mm | SDD=1099.001 mm | M= 1.771 | incident=0.0000°
[[ 174.78217    -595.4763       -0.79829407]
 [-133.6323      459.36176      -0.7978306 ]
 [   0.14358841    0.0419825     0.        ]
 [   0.            0.            0.1496    ]]

iter 06 cost=8863.055003 -> 8716.704460 |dtheta|=9.944758e-01  lambda=1.372e-05

============================================================
Iteration 7
============================================================
Theta offsets (Unity frame):
  Source   : dSx=   0.000, dSy=   0.000, dSz=   0.000  (mm)
  Object   : dOx=  -0.390, dOy=   4.199, dOz=  17.426  (mm)
  Object offset: offset_x=  -0.857, offset_z=   3.156  (mm)
  Detector : dDx=   0.000, dDy=   0.000, dDz=   0.000  (mm)
  Obj Stage rotY :   17.338 deg
============================================================

Unity geometry (world coordinates):
  Source   : x=   0.000, y=  24.997, z=   0.000
  Object   : x=   0.150, y=  24.199, z= 617.426
  Detector : x= -25.318, y=  18.687, z=1059.000
  Obj rotY :  -1.0400 deg

Initial calibration:
  Source   : x=   0.000, y=   0.000, z=   0.000
  Object   : x=   0.000, y=   0.000, z=   0.000
  Detector : x=  25.318, y=   6.310, z=  40.001

After Calibration: 

Unity geometry (world coordinates):
  Source   : x=   0.000, y=  24.997, z=   0.000
  Object   : x=   0.150, y=  24.199, z= 617.426
  Detector : x=   0.000, y=  24.997, z=1099.001
  Obj rotY :  -1.0400 deg
view   0 | SOD= 620.598 mm | SDD=1099.001 mm | M= 1.771 | incident=0.0000°
[[ 174.78217    -595.4763       -0.79829407]
 [-133.6323      459.36176      -0.7978306 ]
 [   0.14358841    0.0419825     0.        ]
 [   0.            0.            0.1496    ]]
Residual vector length: 200, Jacobian shape: (200, 6)
view   0 | SOD= 617.632 mm | SDD=1099.001 mm | M= 1.779 | incident=0.0000°
[[ 170.2228     -593.71124      -0.7999077 ]
 [-131.72716     462.99545      -0.7994442 ]
 [   0.14384277    0.04110252    0.        ]
 [   0.            0.            0.1496    ]]

iter 07 cost=8716.704460 -> 8867.026863 |dtheta|=3.223069e+00  lambda=4.572e-06

============================================================
Iteration 8
============================================================
Theta offsets (Unity frame):
  Source   : dSx=   0.000, dSy=   0.000, dSz=   0.000  (mm)
  Object   : dOx=  -0.390, dOy=   4.199, dOz=  17.426  (mm)
  Object offset: offset_x=  -0.857, offset_z=   3.156  (mm)
  Detector : dDx=   0.000, dDy=   0.000, dDz=   0.000  (mm)
  Obj Stage rotY :   17.338 deg
============================================================

Unity geometry (world coordinates):
  Source   : x=   0.000, y=  24.997, z=   0.000
  Object   : x=   0.150, y=  24.199, z= 617.426
  Detector : x= -25.318, y=  18.687, z=1059.000
  Obj rotY :  -1.0400 deg

Initial calibration:
  Source   : x=   0.000, y=   0.000, z=   0.000
  Object   : x=   0.000, y=   0.000, z=   0.000
  Detector : x=  25.318, y=   6.310, z=  40.001

After Calibration: 

Unity geometry (world coordinates):
  Source   : x=   0.000, y=  24.997, z=   0.000
  Object   : x=   0.150, y=  24.199, z= 617.426
  Detector : x=   0.000, y=  24.997, z=1099.001
  Obj rotY :  -1.0400 deg
view   0 | SOD= 620.598 mm | SDD=1099.001 mm | M= 1.771 | incident=0.0000°
[[ 174.78217    -595.4763       -0.79829407]
 [-133.6323      459.36176      -0.7978306 ]
 [   0.14358841    0.0419825     0.        ]
 [   0.            0.            0.1496    ]]
Residual vector length: 200, Jacobian shape: (200, 6)
view   0 | SOD= 617.632 mm | SDD=1099.001 mm | M= 1.779 | incident=0.0000°
[[ 170.2228     -593.71124      -0.7999077 ]
 [-131.72716     462.99545      -0.7994442 ]
 [   0.14384277    0.04110253    0.        ]
 [   0.            0.            0.1496    ]]

iter 08 cost=8716.704460 -> 8867.026863 |dtheta|=3.223067e+00  lambda=2.286e-05

============================================================
Iteration 9
============================================================
Theta offsets (Unity frame):
  Source   : dSx=   0.000, dSy=   0.000, dSz=   0.000  (mm)
  Object   : dOx=  -0.390, dOy=   4.199, dOz=  17.426  (mm)
  Object offset: offset_x=  -0.857, offset_z=   3.156  (mm)
  Detector : dDx=   0.000, dDy=   0.000, dDz=   0.000  (mm)
  Obj Stage rotY :   17.338 deg
============================================================

Unity geometry (world coordinates):
  Source   : x=   0.000, y=  24.997, z=   0.000
  Object   : x=   0.150, y=  24.199, z= 617.426
  Detector : x= -25.318, y=  18.687, z=1059.000
  Obj rotY :  -1.0400 deg

Initial calibration:
  Source   : x=   0.000, y=   0.000, z=   0.000
  Object   : x=   0.000, y=   0.000, z=   0.000
  Detector : x=  25.318, y=   6.310, z=  40.001

After Calibration: 

Unity geometry (world coordinates):
  Source   : x=   0.000, y=  24.997, z=   0.000
  Object   : x=   0.150, y=  24.199, z= 617.426
  Detector : x=   0.000, y=  24.997, z=1099.001
  Obj rotY :  -1.0400 deg
view   0 | SOD= 620.598 mm | SDD=1099.001 mm | M= 1.771 | incident=0.0000°
[[ 174.78217    -595.4763       -0.79829407]
 [-133.6323      459.36176      -0.7978306 ]
 [   0.14358841    0.0419825     0.        ]
 [   0.            0.            0.1496    ]]
Residual vector length: 200, Jacobian shape: (200, 6)
view   0 | SOD= 617.632 mm | SDD=1099.001 mm | M= 1.779 | incident=0.0000°
[[ 170.22282    -593.7113       -0.7999077 ]
 [-131.72716     462.9954       -0.7994442 ]
 [   0.14384277    0.04110253    0.        ]
 [   0.            0.            0.1496    ]]

iter 09 cost=8716.704460 -> 8867.100051 |dtheta|=3.223054e+00  lambda=1.143e-04

============================================================
Iteration 10
============================================================
Theta offsets (Unity frame):
  Source   : dSx=   0.000, dSy=   0.000, dSz=   0.000  (mm)
  Object   : dOx=  -0.390, dOy=   4.199, dOz=  17.426  (mm)
  Object offset: offset_x=  -0.857, offset_z=   3.156  (mm)
  Detector : dDx=   0.000, dDy=   0.000, dDz=   0.000  (mm)
  Obj Stage rotY :   17.338 deg
============================================================

Unity geometry (world coordinates):
  Source   : x=   0.000, y=  24.997, z=   0.000
  Object   : x=   0.150, y=  24.199, z= 617.426
  Detector : x= -25.318, y=  18.687, z=1059.000
  Obj rotY :  -1.0400 deg

Initial calibration:
  Source   : x=   0.000, y=   0.000, z=   0.000
  Object   : x=   0.000, y=   0.000, z=   0.000
  Detector : x=  25.318, y=   6.310, z=  40.001

After Calibration: 

Unity geometry (world coordinates):
  Source   : x=   0.000, y=  24.997, z=   0.000
  Object   : x=   0.150, y=  24.199, z= 617.426
  Detector : x=   0.000, y=  24.997, z=1099.001
  Obj rotY :  -1.0400 deg
view   0 | SOD= 620.598 mm | SDD=1099.001 mm | M= 1.771 | incident=0.0000°
[[ 174.78217    -595.4763       -0.79829407]
 [-133.6323      459.36176      -0.7978306 ]
 [   0.14358841    0.0419825     0.        ]
 [   0.            0.            0.1496    ]]
Residual vector length: 200, Jacobian shape: (200, 6)
view   0 | SOD= 617.632 mm | SDD=1099.001 mm | M= 1.779 | incident=0.0000°
[[ 170.2229     -593.71136      -0.7999077 ]
 [-131.72717     462.99533      -0.7994442 ]
 [   0.14384276    0.04110254    0.        ]
 [   0.            0.            0.1496    ]]

iter 10 cost=8716.704460 -> 8867.100051 |dtheta|=3.222991e+00  lambda=5.716e-04

============================================================
Iteration 11
============================================================
Theta offsets (Unity frame):
  Source   : dSx=   0.000, dSy=   0.000, dSz=   0.000  (mm)
  Object   : dOx=  -0.390, dOy=   4.199, dOz=  17.426  (mm)
  Object offset: offset_x=  -0.857, offset_z=   3.156  (mm)
  Detector : dDx=   0.000, dDy=   0.000, dDz=   0.000  (mm)
  Obj Stage rotY :   17.338 deg
============================================================

Unity geometry (world coordinates):
  Source   : x=   0.000, y=  24.997, z=   0.000
  Object   : x=   0.150, y=  24.199, z= 617.426
  Detector : x= -25.318, y=  18.687, z=1059.000
  Obj rotY :  -1.0400 deg

Initial calibration:
  Source   : x=   0.000, y=   0.000, z=   0.000
  Object   : x=   0.000, y=   0.000, z=   0.000
  Detector : x=  25.318, y=   6.310, z=  40.001

After Calibration: 

Unity geometry (world coordinates):
  Source   : x=   0.000, y=  24.997, z=   0.000
  Object   : x=   0.150, y=  24.199, z= 617.426
  Detector : x=   0.000, y=  24.997, z=1099.001
  Obj rotY :  -1.0400 deg
view   0 | SOD= 620.598 mm | SDD=1099.001 mm | M= 1.771 | incident=0.0000°
[[ 174.78217    -595.4763       -0.79829407]
 [-133.6323      459.36176      -0.7978306 ]
 [   0.14358841    0.0419825     0.        ]
 [   0.            0.            0.1496    ]]
Residual vector length: 200, Jacobian shape: (200, 6)
view   0 | SOD= 617.633 mm | SDD=1099.001 mm | M= 1.779 | incident=0.0000°
[[ 170.22328    -593.71155      -0.7999077 ]
 [-131.72733     462.99496      -0.7994442 ]
 [   0.14384274    0.04110261    0.        ]
 [   0.            0.            0.1496    ]]

iter 11 cost=8716.704460 -> 8867.174452 |dtheta|=3.222677e+00  lambda=2.858e-03

============================================================
Iteration 12
============================================================
Theta offsets (Unity frame):
  Source   : dSx=   0.000, dSy=   0.000, dSz=   0.000  (mm)
  Object   : dOx=  -0.390, dOy=   4.199, dOz=  17.426  (mm)
  Object offset: offset_x=  -0.857, offset_z=   3.156  (mm)
  Detector : dDx=   0.000, dDy=   0.000, dDz=   0.000  (mm)
  Obj Stage rotY :   17.338 deg
============================================================

Unity geometry (world coordinates):
  Source   : x=   0.000, y=  24.997, z=   0.000
  Object   : x=   0.150, y=  24.199, z= 617.426
  Detector : x= -25.318, y=  18.687, z=1059.000
  Obj rotY :  -1.0400 deg

Initial calibration:
  Source   : x=   0.000, y=   0.000, z=   0.000
  Object   : x=   0.000, y=   0.000, z=   0.000
  Detector : x=  25.318, y=   6.310, z=  40.001

After Calibration: 

Unity geometry (world coordinates):
  Source   : x=   0.000, y=  24.997, z=   0.000
  Object   : x=   0.150, y=  24.199, z= 617.426
  Detector : x=   0.000, y=  24.997, z=1099.001
  Obj rotY :  -1.0400 deg
view   0 | SOD= 620.598 mm | SDD=1099.001 mm | M= 1.771 | incident=0.0000°
[[ 174.78217    -595.4763       -0.79829407]
 [-133.6323      459.36176      -0.7978306 ]
 [   0.14358841    0.0419825     0.        ]
 [   0.            0.            0.1496    ]]
Residual vector length: 200, Jacobian shape: (200, 6)
view   0 | SOD= 617.634 mm | SDD=1099.001 mm | M= 1.779 | incident=0.0000°
[[ 170.22519    -593.7126       -0.7999115 ]
 [-131.72803     462.9932       -0.799448  ]
 [   0.14384264    0.04110297    0.        ]
 [   0.            0.            0.1496    ]]

iter 12 cost=8716.704460 -> 8866.568671 |dtheta|=3.221109e+00  lambda=1.429e-02

============================================================
Iteration 13
============================================================
Theta offsets (Unity frame):
  Source   : dSx=   0.000, dSy=   0.000, dSz=   0.000  (mm)
  Object   : dOx=  -0.390, dOy=   4.199, dOz=  17.426  (mm)
  Object offset: offset_x=  -0.857, offset_z=   3.156  (mm)
  Detector : dDx=   0.000, dDy=   0.000, dDz=   0.000  (mm)
  Obj Stage rotY :   17.338 deg
============================================================

Unity geometry (world coordinates):
  Source   : x=   0.000, y=  24.997, z=   0.000
  Object   : x=   0.150, y=  24.199, z= 617.426
  Detector : x= -25.318, y=  18.687, z=1059.000
  Obj rotY :  -1.0400 deg

Initial calibration:
  Source   : x=   0.000, y=   0.000, z=   0.000
  Object   : x=   0.000, y=   0.000, z=   0.000
  Detector : x=  25.318, y=   6.310, z=  40.001

After Calibration: 

Unity geometry (world coordinates):
  Source   : x=   0.000, y=  24.997, z=   0.000
  Object   : x=   0.150, y=  24.199, z= 617.426
  Detector : x=   0.000, y=  24.997, z=1099.001
  Obj rotY :  -1.0400 deg
view   0 | SOD= 620.598 mm | SDD=1099.001 mm | M= 1.771 | incident=0.0000°
[[ 174.78217    -595.4763       -0.79829407]
 [-133.6323      459.36176      -0.7978306 ]
 [   0.14358841    0.0419825     0.        ]
 [   0.            0.            0.1496    ]]
Residual vector length: 200, Jacobian shape: (200, 6)
view   0 | SOD= 617.642 mm | SDD=1099.001 mm | M= 1.779 | incident=0.0000°
[[ 170.23476    -593.7179       -0.79992485]
 [-131.73154     462.98413      -0.79946136]
 [   0.14384213    0.04110475    0.        ]
 [   0.            0.            0.1496    ]]

iter 13 cost=8716.704460 -> 8867.563816 |dtheta|=3.213290e+00  lambda=7.144e-02

============================================================
Iteration 14
============================================================
Theta offsets (Unity frame):
  Source   : dSx=   0.000, dSy=   0.000, dSz=   0.000  (mm)
  Object   : dOx=  -0.390, dOy=   4.199, dOz=  17.426  (mm)
  Object offset: offset_x=  -0.857, offset_z=   3.156  (mm)
  Detector : dDx=   0.000, dDy=   0.000, dDz=   0.000  (mm)
  Obj Stage rotY :   17.338 deg
============================================================

Unity geometry (world coordinates):
  Source   : x=   0.000, y=  24.997, z=   0.000
  Object   : x=   0.150, y=  24.199, z= 617.426
  Detector : x= -25.318, y=  18.687, z=1059.000
  Obj rotY :  -1.0400 deg

Initial calibration:
  Source   : x=   0.000, y=   0.000, z=   0.000
  Object   : x=   0.000, y=   0.000, z=   0.000
  Detector : x=  25.318, y=   6.310, z=  40.001

After Calibration: 

Unity geometry (world coordinates):
  Source   : x=   0.000, y=  24.997, z=   0.000
  Object   : x=   0.150, y=  24.199, z= 617.426
  Detector : x=   0.000, y=  24.997, z=1099.001
  Obj rotY :  -1.0400 deg
view   0 | SOD= 620.598 mm | SDD=1099.001 mm | M= 1.771 | incident=0.0000°
[[ 174.78217    -595.4763       -0.79829407]
 [-133.6323      459.36176      -0.7978306 ]
 [   0.14358841    0.0419825     0.        ]
 [   0.            0.            0.1496    ]]
Residual vector length: 200, Jacobian shape: (200, 6)
view   0 | SOD= 617.680 mm | SDD=1099.001 mm | M= 1.779 | incident=0.0000°
[[ 170.28189    -593.7441       -0.7999916 ]
 [-131.74883     462.93954      -0.7995281 ]
 [   0.14383963    0.04111352    0.        ]
 [   0.            0.            0.1496    ]]

iter 14 cost=8716.704460 -> 8867.969802 |dtheta|=3.174762e+00  lambda=3.572e-01

============================================================
Iteration 15
============================================================
Theta offsets (Unity frame):
  Source   : dSx=   0.000, dSy=   0.000, dSz=   0.000  (mm)
  Object   : dOx=  -0.390, dOy=   4.199, dOz=  17.426  (mm)
  Object offset: offset_x=  -0.857, offset_z=   3.156  (mm)
  Detector : dDx=   0.000, dDy=   0.000, dDz=   0.000  (mm)
  Obj Stage rotY :   17.338 deg
============================================================

Unity geometry (world coordinates):
  Source   : x=   0.000, y=  24.997, z=   0.000
  Object   : x=   0.150, y=  24.199, z= 617.426
  Detector : x= -25.318, y=  18.687, z=1059.000
  Obj rotY :  -1.0400 deg

Initial calibration:
  Source   : x=   0.000, y=   0.000, z=   0.000
  Object   : x=   0.000, y=   0.000, z=   0.000
  Detector : x=  25.318, y=   6.310, z=  40.001

After Calibration: 

Unity geometry (world coordinates):
  Source   : x=   0.000, y=  24.997, z=   0.000
  Object   : x=   0.150, y=  24.199, z= 617.426
  Detector : x=   0.000, y=  24.997, z=1099.001
  Obj rotY :  -1.0400 deg
view   0 | SOD= 620.598 mm | SDD=1099.001 mm | M= 1.771 | incident=0.0000°
[[ 174.78217    -595.4763       -0.79829407]
 [-133.6323      459.36176      -0.7978306 ]
 [   0.14358841    0.0419825     0.        ]
 [   0.            0.            0.1496    ]]
Residual vector length: 200, Jacobian shape: (200, 6)
view   0 | SOD= 617.858 mm | SDD=1099.001 mm | M= 1.779 | incident=0.0000°
[[ 170.50179    -593.8659       -0.8003044 ]
 [-131.82944     462.7318       -0.7998409 ]
 [   0.14382793    0.04115443    0.        ]
 [   0.            0.            0.1496    ]]

iter 15 cost=8716.704460 -> 8847.397539 |dtheta|=2.995286e+00  lambda=1.786e+00

============================================================
Iteration 16
============================================================
Theta offsets (Unity frame):
  Source   : dSx=   0.000, dSy=   0.000, dSz=   0.000  (mm)
  Object   : dOx=  -0.390, dOy=   4.199, dOz=  17.426  (mm)
  Object offset: offset_x=  -0.857, offset_z=   3.156  (mm)
  Detector : dDx=   0.000, dDy=   0.000, dDz=   0.000  (mm)
  Obj Stage rotY :   17.338 deg
============================================================

Unity geometry (world coordinates):
  Source   : x=   0.000, y=  24.997, z=   0.000
  Object   : x=   0.150, y=  24.199, z= 617.426
  Detector : x= -25.318, y=  18.687, z=1059.000
  Obj rotY :  -1.0400 deg

Initial calibration:
  Source   : x=   0.000, y=   0.000, z=   0.000
  Object   : x=   0.000, y=   0.000, z=   0.000
  Detector : x=  25.318, y=   6.310, z=  40.001

After Calibration: 

Unity geometry (world coordinates):
  Source   : x=   0.000, y=  24.997, z=   0.000
  Object   : x=   0.150, y=  24.199, z= 617.426
  Detector : x=   0.000, y=  24.997, z=1099.001
  Obj rotY :  -1.0400 deg
view   0 | SOD= 620.598 mm | SDD=1099.001 mm | M= 1.771 | incident=0.0000°
[[ 174.78217    -595.4763       -0.79829407]
 [-133.6323      459.36176      -0.7978306 ]
 [   0.14358841    0.0419825     0.        ]
 [   0.            0.            0.1496    ]]
Residual vector length: 200, Jacobian shape: (200, 6)
view   0 | SOD= 618.510 mm | SDD=1099.001 mm | M= 1.777 | incident=0.0000°
[[ 171.31383    -594.3113       -0.80145264]
 [-132.12761     461.9681       -0.80098915]
 [   0.1437846     0.04130555    0.        ]
 [   0.            0.            0.1496    ]]

iter 16 cost=8716.704460 -> 8809.265079 |dtheta|=2.336728e+00  lambda=8.931e+00

============================================================
Iteration 17
============================================================
Theta offsets (Unity frame):
  Source   : dSx=   0.000, dSy=   0.000, dSz=   0.000  (mm)
  Object   : dOx=  -0.390, dOy=   4.199, dOz=  17.426  (mm)
  Object offset: offset_x=  -0.857, offset_z=   3.156  (mm)
  Detector : dDx=   0.000, dDy=   0.000, dDz=   0.000  (mm)
  Obj Stage rotY :   17.338 deg
============================================================

Unity geometry (world coordinates):
  Source   : x=   0.000, y=  24.997, z=   0.000
  Object   : x=   0.150, y=  24.199, z= 617.426
  Detector : x= -25.318, y=  18.687, z=1059.000
  Obj rotY :  -1.0400 deg

Initial calibration:
  Source   : x=   0.000, y=   0.000, z=   0.000
  Object   : x=   0.000, y=   0.000, z=   0.000
  Detector : x=  25.318, y=   6.310, z=  40.001

After Calibration: 

Unity geometry (world coordinates):
  Source   : x=   0.000, y=  24.997, z=   0.000
  Object   : x=   0.150, y=  24.199, z= 617.426
  Detector : x=   0.000, y=  24.997, z=1099.001
  Obj rotY :  -1.0400 deg
view   0 | SOD= 620.598 mm | SDD=1099.001 mm | M= 1.771 | incident=0.0000°
[[ 174.78217    -595.4763       -0.79829407]
 [-133.6323      459.36176      -0.7978306 ]
 [   0.14358841    0.0419825     0.        ]
 [   0.            0.            0.1496    ]]
Residual vector length: 200, Jacobian shape: (200, 6)
view   0 | SOD= 619.715 mm | SDD=1099.001 mm | M= 1.773 | incident=0.0000°
[[ 172.85713    -595.1192       -0.8035507 ]
 [-132.7053      460.54858      -0.80308723]
 [   0.14370134    0.04159427    0.        ]
 [   0.            0.            0.1496    ]]

iter 17 cost=8716.704460 -> 8750.268295 |dtheta|=1.125839e+00  lambda=4.465e+01

============================================================
Iteration 18
============================================================
Theta offsets (Unity frame):
  Source   : dSx=   0.000, dSy=   0.000, dSz=   0.000  (mm)
  Object   : dOx=  -0.390, dOy=   4.199, dOz=  17.426  (mm)
  Object offset: offset_x=  -0.857, offset_z=   3.156  (mm)
  Detector : dDx=   0.000, dDy=   0.000, dDz=   0.000  (mm)
  Obj Stage rotY :   17.338 deg
============================================================

Unity geometry (world coordinates):
  Source   : x=   0.000, y=  24.997, z=   0.000
  Object   : x=   0.150, y=  24.199, z= 617.426
  Detector : x= -25.318, y=  18.687, z=1059.000
  Obj rotY :  -1.0400 deg

Initial calibration:
  Source   : x=   0.000, y=   0.000, z=   0.000
  Object   : x=   0.000, y=   0.000, z=   0.000
  Detector : x=  25.318, y=   6.310, z=  40.001

After Calibration: 

Unity geometry (world coordinates):
  Source   : x=   0.000, y=  24.997, z=   0.000
  Object   : x=   0.150, y=  24.199, z= 617.426
  Detector : x=   0.000, y=  24.997, z=1099.001
  Obj rotY :  -1.0400 deg
view   0 | SOD= 620.598 mm | SDD=1099.001 mm | M= 1.771 | incident=0.0000°
[[ 174.78217    -595.4763       -0.79829407]
 [-133.6323      459.36176      -0.7978306 ]
 [   0.14358841    0.0419825     0.        ]
 [   0.            0.            0.1496    ]]
Residual vector length: 200, Jacobian shape: (200, 6)
view   0 | SOD= 620.497 mm | SDD=1099.001 mm | M= 1.771 | incident=0.0000°
[[ 174.02179    -595.59375      -0.80472946]
 [-133.19786     459.59293      -0.804266  ]
 [   0.14363585    0.04181986    0.        ]
 [   0.            0.            0.1496    ]]

iter 18 cost=8716.704460 -> 8730.532049 |dtheta|=3.680517e-01  lambda=2.233e+02

============================================================
Iteration 19
============================================================
Theta offsets (Unity frame):
  Source   : dSx=   0.000, dSy=   0.000, dSz=   0.000  (mm)
  Object   : dOx=  -0.390, dOy=   4.199, dOz=  17.426  (mm)
  Object offset: offset_x=  -0.857, offset_z=   3.156  (mm)
  Detector : dDx=   0.000, dDy=   0.000, dDz=   0.000  (mm)
  Obj Stage rotY :   17.338 deg
============================================================

Unity geometry (world coordinates):
  Source   : x=   0.000, y=  24.997, z=   0.000
  Object   : x=   0.150, y=  24.199, z= 617.426
  Detector : x= -25.318, y=  18.687, z=1059.000
  Obj rotY :  -1.0400 deg

Initial calibration:
  Source   : x=   0.000, y=   0.000, z=   0.000
  Object   : x=   0.000, y=   0.000, z=   0.000
  Detector : x=  25.318, y=   6.310, z=  40.001

After Calibration: 

Unity geometry (world coordinates):
  Source   : x=   0.000, y=  24.997, z=   0.000
  Object   : x=   0.150, y=  24.199, z= 617.426
  Detector : x=   0.000, y=  24.997, z=1099.001
  Obj rotY :  -1.0400 deg
view   0 | SOD= 620.598 mm | SDD=1099.001 mm | M= 1.771 | incident=0.0000°
[[ 174.78217    -595.4763       -0.79829407]
 [-133.6323      459.36176      -0.7978306 ]
 [   0.14358841    0.0419825     0.        ]
 [   0.            0.            0.1496    ]]
Residual vector length: 200, Jacobian shape: (200, 6)
view   0 | SOD= 620.700 mm | SDD=1099.001 mm | M= 1.771 | incident=0.0000°
[[ 174.5462     -595.6521       -0.80410385]
 [-133.47778     459.30008      -0.80364037]
 [   0.14360394    0.04192935    0.        ]
 [   0.            0.            0.1496    ]]

iter 19 cost=8716.704460 -> 8716.743561 |dtheta|=1.840614e-01  lambda=1.116e+03

============================================================
Iteration 20
============================================================
Theta offsets (Unity frame):
  Source   : dSx=   0.000, dSy=   0.000, dSz=   0.000  (mm)
  Object   : dOx=  -0.390, dOy=   4.199, dOz=  17.426  (mm)
  Object offset: offset_x=  -0.857, offset_z=   3.156  (mm)
  Detector : dDx=   0.000, dDy=   0.000, dDz=   0.000  (mm)
  Obj Stage rotY :   17.338 deg
============================================================

Unity geometry (world coordinates):
  Source   : x=   0.000, y=  24.997, z=   0.000
  Object   : x=   0.150, y=  24.199, z= 617.426
  Detector : x= -25.318, y=  18.687, z=1059.000
  Obj rotY :  -1.0400 deg

Initial calibration:
  Source   : x=   0.000, y=   0.000, z=   0.000
  Object   : x=   0.000, y=   0.000, z=   0.000
  Detector : x=  25.318, y=   6.310, z=  40.001

After Calibration: 

Unity geometry (world coordinates):
  Source   : x=   0.000, y=  24.997, z=   0.000
  Object   : x=   0.150, y=  24.199, z= 617.426
  Detector : x=   0.000, y=  24.997, z=1099.001
  Obj rotY :  -1.0400 deg
view   0 | SOD= 620.598 mm | SDD=1099.001 mm | M= 1.771 | incident=0.0000°
[[ 174.78217    -595.4763       -0.79829407]
 [-133.6323      459.36176      -0.7978306 ]
 [   0.14358841    0.0419825     0.        ]
 [   0.            0.            0.1496    ]]
Residual vector length: 200, Jacobian shape: (200, 6)
view   0 | SOD= 620.678 mm | SDD=1099.001 mm | M= 1.771 | incident=0.0000°
[[ 174.72328    -595.57745      -0.80163765]
 [-133.58473     459.29178      -0.80117416]
 [   0.14359264    0.04196801    0.        ]
 [   0.            0.            0.1496    ]]

iter 20 cost=8716.704460 -> 8706.053501 |dtheta|=9.670192e-02  lambda=5.582e+03

============================================================
Iteration 21
============================================================
Theta offsets (Unity frame):
  Source   : dSx=   0.000, dSy=   0.000, dSz=   0.000  (mm)
  Object   : dOx=  -0.392, dOy=   4.196, dOz=  17.414  (mm)
  Object offset: offset_x=  -0.834, offset_z=   3.249  (mm)
  Detector : dDx=   0.000, dDy=   0.000, dDz=   0.000  (mm)
  Obj Stage rotY :   17.332 deg
============================================================

Unity geometry (world coordinates):
  Source   : x=   0.000, y=  24.997, z=   0.000
  Object   : x=   0.148, y=  24.196, z= 617.414
  Detector : x= -25.318, y=  18.687, z=1059.000
  Obj rotY :  -1.0400 deg

Initial calibration:
  Source   : x=   0.000, y=   0.000, z=   0.000
  Object   : x=   0.000, y=   0.000, z=   0.000
  Detector : x=  25.318, y=   6.310, z=  40.001

After Calibration: 

Unity geometry (world coordinates):
  Source   : x=   0.000, y=  24.997, z=   0.000
  Object   : x=   0.148, y=  24.196, z= 617.414
  Detector : x=   0.000, y=  24.997, z=1099.001
  Obj rotY :  -1.0400 deg
view   0 | SOD= 620.678 mm | SDD=1099.001 mm | M= 1.771 | incident=0.0000°
[[ 174.72328    -595.57745      -0.80163765]
 [-133.58473     459.29178      -0.80117416]
 [   0.14359264    0.04196801    0.        ]
 [   0.            0.            0.1496    ]]
Residual vector length: 200, Jacobian shape: (200, 6)
view   0 | SOD= 620.617 mm | SDD=1099.001 mm | M= 1.771 | incident=0.0000°
[[ 174.19157    -595.66925      -0.8032379 ]
 [-133.1255      459.48907      -0.8027744 ]
 [   0.143632      0.04183312    0.        ]
 [   0.            0.            0.1496    ]]

iter 21 cost=8706.053501 -> 8704.681542 |dtheta|=8.571132e-02  lambda=1.861e+03

============================================================
Iteration 22
============================================================
Theta offsets (Unity frame):
  Source   : dSx=   0.000, dSy=   0.000, dSz=   0.000  (mm)
  Object   : dOx=  -0.392, dOy=   4.194, dOz=  17.396  (mm)
  Object offset: offset_x=  -0.880, offset_z=   3.205  (mm)
  Detector : dDx=   0.000, dDy=   0.000, dDz=   0.000  (mm)
  Obj Stage rotY :   17.278 deg
============================================================

Unity geometry (world coordinates):
  Source   : x=   0.000, y=  24.997, z=   0.000
  Object   : x=   0.148, y=  24.194, z= 617.396
  Detector : x= -25.318, y=  18.687, z=1059.000
  Obj rotY :  -1.0400 deg

Initial calibration:
  Source   : x=   0.000, y=   0.000, z=   0.000
  Object   : x=   0.000, y=   0.000, z=   0.000
  Detector : x=  25.318, y=   6.310, z=  40.001

After Calibration: 

Unity geometry (world coordinates):
  Source   : x=   0.000, y=  24.997, z=   0.000
  Object   : x=   0.148, y=  24.194, z= 617.396
  Detector : x=   0.000, y=  24.997, z=1099.001
  Obj rotY :  -1.0400 deg
view   0 | SOD= 620.617 mm | SDD=1099.001 mm | M= 1.771 | incident=0.0000°
[[ 174.19157    -595.66925      -0.8032379 ]
 [-133.1255      459.48907      -0.8027744 ]
 [   0.143632      0.04183312    0.        ]
 [   0.            0.            0.1496    ]]
Residual vector length: 200, Jacobian shape: (200, 6)
view   0 | SOD= 620.535 mm | SDD=1099.001 mm | M= 1.771 | incident=0.0000°
[[ 176.88292    -594.79016      -0.7983589 ]
 [-135.41069     458.90598      -0.79789543]
 [   0.14343296    0.04251054    0.        ]
 [   0.            0.            0.1496    ]]

iter 22 cost=8704.681542 -> 8685.086793 |dtheta|=2.986143e-01  lambda=6.202e+02

============================================================
Iteration 23
============================================================
Theta offsets (Unity frame):
  Source   : dSx=   0.000, dSy=   0.000, dSz=   0.000  (mm)
  Object   : dOx=  -0.388, dOy=   4.199, dOz=  17.312  (mm)
  Object offset: offset_x=  -0.786, offset_z=   3.209  (mm)
  Detector : dDx=   0.000, dDy=   0.000, dDz=   0.000  (mm)
  Obj Stage rotY :   17.549 deg
============================================================

Unity geometry (world coordinates):
  Source   : x=   0.000, y=  24.997, z=   0.000
  Object   : x=   0.153, y=  24.199, z= 617.312
  Detector : x= -25.318, y=  18.687, z=1059.000
  Obj rotY :  -1.0400 deg

Initial calibration:
  Source   : x=   0.000, y=   0.000, z=   0.000
  Object   : x=   0.000, y=   0.000, z=   0.000
  Detector : x=  25.318, y=   6.310, z=  40.001

After Calibration: 

Unity geometry (world coordinates):
  Source   : x=   0.000, y=  24.997, z=   0.000
  Object   : x=   0.153, y=  24.199, z= 617.312
  Detector : x=   0.000, y=  24.997, z=1099.001
  Obj rotY :  -1.0400 deg
view   0 | SOD= 620.535 mm | SDD=1099.001 mm | M= 1.771 | incident=0.0000°
[[ 176.88292    -594.79016      -0.7983589 ]
 [-135.41069     458.90598      -0.79789543]
 [   0.14343296    0.04251054    0.        ]
 [   0.            0.            0.1496    ]]
Residual vector length: 200, Jacobian shape: (200, 6)
view   0 | SOD= 620.577 mm | SDD=1099.001 mm | M= 1.771 | incident=0.0000°
[[ 176.85707    -594.8417       -0.7947216 ]
 [-135.3617      458.87665      -0.7942581 ]
 [   0.14343597    0.04250035    0.        ]
 [   0.            0.            0.1496    ]]

iter 23 cost=8685.086793 -> 8693.378852 |dtheta|=8.454519e-02  lambda=2.067e+02

============================================================
Iteration 24
============================================================
Theta offsets (Unity frame):
  Source   : dSx=   0.000, dSy=   0.000, dSz=   0.000  (mm)
  Object   : dOx=  -0.388, dOy=   4.199, dOz=  17.312  (mm)
  Object offset: offset_x=  -0.786, offset_z=   3.209  (mm)
  Detector : dDx=   0.000, dDy=   0.000, dDz=   0.000  (mm)
  Obj Stage rotY :   17.549 deg
============================================================

Unity geometry (world coordinates):
  Source   : x=   0.000, y=  24.997, z=   0.000
  Object   : x=   0.153, y=  24.199, z= 617.312
  Detector : x= -25.318, y=  18.687, z=1059.000
  Obj rotY :  -1.0400 deg

Initial calibration:
  Source   : x=   0.000, y=   0.000, z=   0.000
  Object   : x=   0.000, y=   0.000, z=   0.000
  Detector : x=  25.318, y=   6.310, z=  40.001

After Calibration: 

Unity geometry (world coordinates):
  Source   : x=   0.000, y=  24.997, z=   0.000
  Object   : x=   0.153, y=  24.199, z= 617.312
  Detector : x=   0.000, y=  24.997, z=1099.001
  Obj rotY :  -1.0400 deg
view   0 | SOD= 620.535 mm | SDD=1099.001 mm | M= 1.771 | incident=0.0000°
[[ 176.88292    -594.79016      -0.7983589 ]
 [-135.41069     458.90598      -0.79789543]
 [   0.14343296    0.04251054    0.        ]
 [   0.            0.            0.1496    ]]
Residual vector length: 200, Jacobian shape: (200, 6)
view   0 | SOD= 620.592 mm | SDD=1099.001 mm | M= 1.771 | incident=0.0000°
[[ 176.8898     -594.8478       -0.7951393 ]
 [-135.38069     458.8552       -0.7946758 ]
 [   0.14343388    0.0425074     0.        ]
 [   0.            0.            0.1496    ]]

iter 24 cost=8685.086793 -> 8699.957917 |dtheta|=6.616615e-02  lambda=1.034e+03

============================================================
Iteration 25
============================================================
Theta offsets (Unity frame):
  Source   : dSx=   0.000, dSy=   0.000, dSz=   0.000  (mm)
  Object   : dOx=  -0.388, dOy=   4.199, dOz=  17.312  (mm)
  Object offset: offset_x=  -0.786, offset_z=   3.209  (mm)
  Detector : dDx=   0.000, dDy=   0.000, dDz=   0.000  (mm)
  Obj Stage rotY :   17.549 deg
============================================================

Unity geometry (world coordinates):
  Source   : x=   0.000, y=  24.997, z=   0.000
  Object   : x=   0.153, y=  24.199, z= 617.312
  Detector : x= -25.318, y=  18.687, z=1059.000
  Obj rotY :  -1.0400 deg

Initial calibration:
  Source   : x=   0.000, y=   0.000, z=   0.000
  Object   : x=   0.000, y=   0.000, z=   0.000
  Detector : x=  25.318, y=   6.310, z=  40.001

After Calibration: 

Unity geometry (world coordinates):
  Source   : x=   0.000, y=  24.997, z=   0.000
  Object   : x=   0.153, y=  24.199, z= 617.312
  Detector : x=   0.000, y=  24.997, z=1099.001
  Obj rotY :  -1.0400 deg
view   0 | SOD= 620.535 mm | SDD=1099.001 mm | M= 1.771 | incident=0.0000°
[[ 176.88292    -594.79016      -0.7983589 ]
 [-135.41069     458.90598      -0.79789543]
 [   0.14343296    0.04251054    0.        ]
 [   0.            0.            0.1496    ]]
Residual vector length: 200, Jacobian shape: (200, 6)
view   0 | SOD= 620.570 mm | SDD=1099.001 mm | M= 1.771 | incident=0.0000°
[[ 176.89514    -594.82367      -0.7964325 ]
 [-135.39859     458.87244      -0.795969  ]
 [   0.14343296    0.04251056    0.        ]
 [   0.            0.            0.1496    ]]

iter 25 cost=8685.086793 -> 8684.878588 |dtheta|=3.768358e-02  lambda=5.168e+03

============================================================
Iteration 26
============================================================
Theta offsets (Unity frame):
  Source   : dSx=   0.000, dSy=   0.000, dSz=   0.000  (mm)
  Object   : dOx=  -0.390, dOy=   4.201, dOz=  17.310  (mm)
  Object offset: offset_x=  -0.787, offset_z=   3.246  (mm)
  Detector : dDx=   0.000, dDy=   0.000, dDz=   0.000  (mm)
  Obj Stage rotY :   17.549 deg
============================================================

Unity geometry (world coordinates):
  Source   : x=   0.000, y=  24.997, z=   0.000
  Object   : x=   0.151, y=  24.201, z= 617.310
  Detector : x= -25.318, y=  18.687, z=1059.000
  Obj rotY :  -1.0400 deg

Initial calibration:
  Source   : x=   0.000, y=   0.000, z=   0.000
  Object   : x=   0.000, y=   0.000, z=   0.000
  Detector : x=  25.318, y=   6.310, z=  40.001

After Calibration: 

Unity geometry (world coordinates):
  Source   : x=   0.000, y=  24.997, z=   0.000
  Object   : x=   0.151, y=  24.201, z= 617.310
  Detector : x=   0.000, y=  24.997, z=1099.001
  Obj rotY :  -1.0400 deg
view   0 | SOD= 620.570 mm | SDD=1099.001 mm | M= 1.771 | incident=0.0000°
[[ 176.89514    -594.82367      -0.7964325 ]
 [-135.39859     458.87244      -0.795969  ]
 [   0.14343296    0.04251056    0.        ]
 [   0.            0.            0.1496    ]]
Residual vector length: 200, Jacobian shape: (200, 6)
view   0 | SOD= 620.494 mm | SDD=1099.001 mm | M= 1.771 | incident=0.0000°
[[ 177.03387    -594.70245      -0.79689217]
 [-135.50029     458.9224       -0.7964287 ]
 [   0.14342324    0.04254329    0.        ]
 [   0.            0.            0.1496    ]]

iter 26 cost=8684.878588 -> 8700.312130 |dtheta|=6.717238e-02  lambda=1.723e+03

============================================================
Iteration 27
============================================================
Theta offsets (Unity frame):
  Source   : dSx=   0.000, dSy=   0.000, dSz=   0.000  (mm)
  Object   : dOx=  -0.390, dOy=   4.201, dOz=  17.310  (mm)
  Object offset: offset_x=  -0.787, offset_z=   3.246  (mm)
  Detector : dDx=   0.000, dDy=   0.000, dDz=   0.000  (mm)
  Obj Stage rotY :   17.549 deg
============================================================

Unity geometry (world coordinates):
  Source   : x=   0.000, y=  24.997, z=   0.000
  Object   : x=   0.151, y=  24.201, z= 617.310
  Detector : x= -25.318, y=  18.687, z=1059.000
  Obj rotY :  -1.0400 deg

Initial calibration:
  Source   : x=   0.000, y=   0.000, z=   0.000
  Object   : x=   0.000, y=   0.000, z=   0.000
  Detector : x=  25.318, y=   6.310, z=  40.001

After Calibration: 

Unity geometry (world coordinates):
  Source   : x=   0.000, y=  24.997, z=   0.000
  Object   : x=   0.151, y=  24.201, z= 617.310
  Detector : x=   0.000, y=  24.997, z=1099.001
  Obj rotY :  -1.0400 deg
view   0 | SOD= 620.570 mm | SDD=1099.001 mm | M= 1.771 | incident=0.0000°
[[ 176.89514    -594.82367      -0.7964325 ]
 [-135.39859     458.87244      -0.795969  ]
 [   0.14343296    0.04251056    0.        ]
 [   0.            0.            0.1496    ]]
Residual vector length: 200, Jacobian shape: (200, 6)
view   0 | SOD= 620.538 mm | SDD=1099.001 mm | M= 1.771 | incident=0.0000°
[[ 176.93076    -594.7787       -0.7972641 ]
 [-135.41948     458.90067      -0.7968006 ]
 [   0.14343068    0.04251825    0.        ]
 [   0.            0.            0.1496    ]]

iter 27 cost=8684.878588 -> 8688.419365 |dtheta|=3.239746e-02  lambda=8.614e+03

============================================================
Iteration 28
============================================================
Theta offsets (Unity frame):
  Source   : dSx=   0.000, dSy=   0.000, dSz=   0.000  (mm)
  Object   : dOx=  -0.390, dOy=   4.201, dOz=  17.310  (mm)
  Object offset: offset_x=  -0.787, offset_z=   3.246  (mm)
  Detector : dDx=   0.000, dDy=   0.000, dDz=   0.000  (mm)
  Obj Stage rotY :   17.549 deg
============================================================

Unity geometry (world coordinates):
  Source   : x=   0.000, y=  24.997, z=   0.000
  Object   : x=   0.151, y=  24.201, z= 617.310
  Detector : x= -25.318, y=  18.687, z=1059.000
  Obj rotY :  -1.0400 deg

Initial calibration:
  Source   : x=   0.000, y=   0.000, z=   0.000
  Object   : x=   0.000, y=   0.000, z=   0.000
  Detector : x=  25.318, y=   6.310, z=  40.001

After Calibration: 

Unity geometry (world coordinates):
  Source   : x=   0.000, y=  24.997, z=   0.000
  Object   : x=   0.151, y=  24.201, z= 617.310
  Detector : x=   0.000, y=  24.997, z=1099.001
  Obj rotY :  -1.0400 deg
view   0 | SOD= 620.570 mm | SDD=1099.001 mm | M= 1.771 | incident=0.0000°
[[ 176.89514    -594.82367      -0.7964325 ]
 [-135.39859     458.87244      -0.795969  ]
 [   0.14343296    0.04251056    0.        ]
 [   0.            0.            0.1496    ]]
Residual vector length: 200, Jacobian shape: (200, 6)
view   0 | SOD= 620.561 mm | SDD=1099.001 mm | M= 1.771 | incident=0.0000°
[[ 176.90302    -594.8117       -0.7968178 ]
 [-135.40242     458.88092      -0.7963543 ]
 [   0.14343248    0.04251215    0.        ]
 [   0.            0.            0.1496    ]]

iter 28 cost=8684.878588 -> 8686.624348 |dtheta|=9.313035e-03  lambda=4.307e+04

============================================================
Iteration 29
============================================================
Theta offsets (Unity frame):
  Source   : dSx=   0.000, dSy=   0.000, dSz=   0.000  (mm)
  Object   : dOx=  -0.390, dOy=   4.201, dOz=  17.310  (mm)
  Object offset: offset_x=  -0.787, offset_z=   3.246  (mm)
  Detector : dDx=   0.000, dDy=   0.000, dDz=   0.000  (mm)
  Obj Stage rotY :   17.549 deg
============================================================

Unity geometry (world coordinates):
  Source   : x=   0.000, y=  24.997, z=   0.000
  Object   : x=   0.151, y=  24.201, z= 617.310
  Detector : x= -25.318, y=  18.687, z=1059.000
  Obj rotY :  -1.0400 deg

Initial calibration:
  Source   : x=   0.000, y=   0.000, z=   0.000
  Object   : x=   0.000, y=   0.000, z=   0.000
  Detector : x=  25.318, y=   6.310, z=  40.001

After Calibration: 

Unity geometry (world coordinates):
  Source   : x=   0.000, y=  24.997, z=   0.000
  Object   : x=   0.151, y=  24.201, z= 617.310
  Detector : x=   0.000, y=  24.997, z=1099.001
  Obj rotY :  -1.0400 deg
view   0 | SOD= 620.570 mm | SDD=1099.001 mm | M= 1.771 | incident=0.0000°
[[ 176.89514    -594.82367      -0.7964325 ]
 [-135.39859     458.87244      -0.795969  ]
 [   0.14343296    0.04251056    0.        ]
 [   0.            0.            0.1496    ]]
Residual vector length: 200, Jacobian shape: (200, 6)
view   0 | SOD= 620.568 mm | SDD=1099.001 mm | M= 1.771 | incident=0.0000°
[[ 176.89677    -594.8211       -0.79652977]
 [-135.39932     458.87433      -0.7960663 ]
 [   0.14343286    0.04251088    0.        ]
 [   0.            0.            0.1496    ]]

iter 29 cost=8684.878588 -> 8682.078610 |dtheta|=2.043424e-03  lambda=2.153e+05

============================================================
Iteration 30
============================================================
Theta offsets (Unity frame):
  Source   : dSx=   0.000, dSy=   0.000, dSz=   0.000  (mm)
  Object   : dOx=  -0.390, dOy=   4.201, dOz=  17.310  (mm)
  Object offset: offset_x=  -0.788, offset_z=   3.244  (mm)
  Detector : dDx=   0.000, dDy=   0.000, dDz=   0.000  (mm)
  Obj Stage rotY :   17.549 deg
============================================================

Unity geometry (world coordinates):
  Source   : x=   0.000, y=  24.997, z=   0.000
  Object   : x=   0.151, y=  24.201, z= 617.310
  Detector : x= -25.318, y=  18.687, z=1059.000
  Obj rotY :  -1.0400 deg

Initial calibration:
  Source   : x=   0.000, y=   0.000, z=   0.000
  Object   : x=   0.000, y=   0.000, z=   0.000
  Detector : x=  25.318, y=   6.310, z=  40.001

After Calibration: 

Unity geometry (world coordinates):
  Source   : x=   0.000, y=  24.997, z=   0.000
  Object   : x=   0.151, y=  24.201, z= 617.310
  Detector : x=   0.000, y=  24.997, z=1099.001
  Obj rotY :  -1.0400 deg
view   0 | SOD= 620.568 mm | SDD=1099.001 mm | M= 1.771 | incident=0.0000°
[[ 176.89677    -594.8211       -0.79652977]
 [-135.39932     458.87433      -0.7960663 ]
 [   0.14343286    0.04251088    0.        ]
 [   0.            0.            0.1496    ]]
Residual vector length: 200, Jacobian shape: (200, 6)
view   0 | SOD= 620.566 mm | SDD=1099.001 mm | M= 1.771 | incident=0.0000°
[[ 176.87657    -594.8244       -0.796957  ]
 [-135.38338     458.8817       -0.79649353]
 [   0.14343432    0.04250596    0.        ]
 [   0.            0.            0.1496    ]]

iter 30 cost=8682.078610 -> 8687.640900 |dtheta|=3.110789e-03  lambda=7.178e+04

============================================================
Iteration 31
============================================================
Theta offsets (Unity frame):
  Source   : dSx=   0.000, dSy=   0.000, dSz=   0.000  (mm)
  Object   : dOx=  -0.390, dOy=   4.201, dOz=  17.310  (mm)
  Object offset: offset_x=  -0.788, offset_z=   3.244  (mm)
  Detector : dDx=   0.000, dDy=   0.000, dDz=   0.000  (mm)
  Obj Stage rotY :   17.549 deg
============================================================

Unity geometry (world coordinates):
  Source   : x=   0.000, y=  24.997, z=   0.000
  Object   : x=   0.151, y=  24.201, z= 617.310
  Detector : x= -25.318, y=  18.687, z=1059.000
  Obj rotY :  -1.0400 deg

Initial calibration:
  Source   : x=   0.000, y=   0.000, z=   0.000
  Object   : x=   0.000, y=   0.000, z=   0.000
  Detector : x=  25.318, y=   6.310, z=  40.001

After Calibration: 

Unity geometry (world coordinates):
  Source   : x=   0.000, y=  24.997, z=   0.000
  Object   : x=   0.151, y=  24.201, z= 617.310
  Detector : x=   0.000, y=  24.997, z=1099.001
  Obj rotY :  -1.0400 deg
view   0 | SOD= 620.568 mm | SDD=1099.001 mm | M= 1.771 | incident=0.0000°
[[ 176.89677    -594.8211       -0.79652977]
 [-135.39932     458.87433      -0.7960663 ]
 [   0.14343286    0.04251088    0.        ]
 [   0.            0.            0.1496    ]]
Residual vector length: 200, Jacobian shape: (200, 6)
view   0 | SOD= 620.568 mm | SDD=1099.001 mm | M= 1.771 | incident=0.0000°
[[ 176.8927     -594.8217       -0.7966213 ]
 [-135.39612     458.87585      -0.79615784]
 [   0.14343315    0.04250989    0.        ]
 [   0.            0.            0.1496    ]]

iter 31 cost=8682.078610 -> 8681.682016 |dtheta|=6.439495e-04  lambda=3.589e+05

============================================================
Iteration 32
============================================================
Theta offsets (Unity frame):
  Source   : dSx=   0.000, dSy=   0.000, dSz=   0.000  (mm)
  Object   : dOx=  -0.390, dOy=   4.201, dOz=  17.310  (mm)
  Object offset: offset_x=  -0.788, offset_z=   3.244  (mm)
  Detector : dDx=   0.000, dDy=   0.000, dDz=   0.000  (mm)
  Obj Stage rotY :   17.548 deg
============================================================

Unity geometry (world coordinates):
  Source   : x=   0.000, y=  24.997, z=   0.000
  Object   : x=   0.151, y=  24.201, z= 617.310
  Detector : x= -25.318, y=  18.687, z=1059.000
  Obj rotY :  -1.0400 deg

Initial calibration:
  Source   : x=   0.000, y=   0.000, z=   0.000
  Object   : x=   0.000, y=   0.000, z=   0.000
  Detector : x=  25.318, y=   6.310, z=  40.001

After Calibration: 

Unity geometry (world coordinates):
  Source   : x=   0.000, y=  24.997, z=   0.000
  Object   : x=   0.151, y=  24.201, z= 617.310
  Detector : x=   0.000, y=  24.997, z=1099.001
  Obj rotY :  -1.0400 deg
view   0 | SOD= 620.568 mm | SDD=1099.001 mm | M= 1.771 | incident=0.0000°
[[ 176.8927     -594.8217       -0.7966213 ]
 [-135.39612     458.87585      -0.79615784]
 [   0.14343315    0.04250989    0.        ]
 [   0.            0.            0.1496    ]]
Residual vector length: 200, Jacobian shape: (200, 6)
view   0 | SOD= 620.566 mm | SDD=1099.001 mm | M= 1.771 | incident=0.0000°
[[ 176.8753     -594.82477      -0.79699326]
 [-135.38223     458.88205      -0.79652977]
 [   0.1434344     0.04250564    0.        ]
 [   0.            0.            0.1496    ]]

iter 32 cost=8681.682016 -> 8687.425695 |dtheta|=2.487043e-03  lambda=1.196e+05

============================================================
Iteration 33
============================================================
Theta offsets (Unity frame):
  Source   : dSx=   0.000, dSy=   0.000, dSz=   0.000  (mm)
  Object   : dOx=  -0.390, dOy=   4.201, dOz=  17.310  (mm)
  Object offset: offset_x=  -0.788, offset_z=   3.244  (mm)
  Detector : dDx=   0.000, dDy=   0.000, dDz=   0.000  (mm)
  Obj Stage rotY :   17.548 deg
============================================================

Unity geometry (world coordinates):
  Source   : x=   0.000, y=  24.997, z=   0.000
  Object   : x=   0.151, y=  24.201, z= 617.310
  Detector : x= -25.318, y=  18.687, z=1059.000
  Obj rotY :  -1.0400 deg

Initial calibration:
  Source   : x=   0.000, y=   0.000, z=   0.000
  Object   : x=   0.000, y=   0.000, z=   0.000
  Detector : x=  25.318, y=   6.310, z=  40.001

After Calibration: 

Unity geometry (world coordinates):
  Source   : x=   0.000, y=  24.997, z=   0.000
  Object   : x=   0.151, y=  24.201, z= 617.310
  Detector : x=   0.000, y=  24.997, z=1099.001
  Obj rotY :  -1.0400 deg
view   0 | SOD= 620.568 mm | SDD=1099.001 mm | M= 1.771 | incident=0.0000°
[[ 176.8927     -594.8217       -0.7966213 ]
 [-135.39612     458.87585      -0.79615784]
 [   0.14343315    0.04250989    0.        ]
 [   0.            0.            0.1496    ]]
Residual vector length: 200, Jacobian shape: (200, 6)
view   0 | SOD= 620.568 mm | SDD=1099.001 mm | M= 1.771 | incident=0.0000°
[[ 176.88922    -594.8224       -0.7966995 ]
 [-135.39331     458.87708      -0.79623604]
 [   0.1434334     0.04250903    0.        ]
 [   0.            0.            0.1496    ]]

iter 33 cost=8681.682016 -> 8682.573459 |dtheta|=5.066559e-04  lambda=5.982e+05

============================================================
Iteration 34
============================================================
Theta offsets (Unity frame):
  Source   : dSx=   0.000, dSy=   0.000, dSz=   0.000  (mm)
  Object   : dOx=  -0.390, dOy=   4.201, dOz=  17.310  (mm)
  Object offset: offset_x=  -0.788, offset_z=   3.244  (mm)
  Detector : dDx=   0.000, dDy=   0.000, dDz=   0.000  (mm)
  Obj Stage rotY :   17.548 deg
============================================================

Unity geometry (world coordinates):
  Source   : x=   0.000, y=  24.997, z=   0.000
  Object   : x=   0.151, y=  24.201, z= 617.310
  Detector : x= -25.318, y=  18.687, z=1059.000
  Obj rotY :  -1.0400 deg

Initial calibration:
  Source   : x=   0.000, y=   0.000, z=   0.000
  Object   : x=   0.000, y=   0.000, z=   0.000
  Detector : x=  25.318, y=   6.310, z=  40.001

After Calibration: 

Unity geometry (world coordinates):
  Source   : x=   0.000, y=  24.997, z=   0.000
  Object   : x=   0.151, y=  24.201, z= 617.310
  Detector : x=   0.000, y=  24.997, z=1099.001
  Obj rotY :  -1.0400 deg
view   0 | SOD= 620.568 mm | SDD=1099.001 mm | M= 1.771 | incident=0.0000°
[[ 176.8927     -594.8217       -0.7966213 ]
 [-135.39612     458.87585      -0.79615784]
 [   0.14343315    0.04250989    0.        ]
 [   0.            0.            0.1496    ]]
Residual vector length: 200, Jacobian shape: (200, 6)
view   0 | SOD= 620.568 mm | SDD=1099.001 mm | M= 1.771 | incident=0.0000°
[[ 176.89061    -594.8221       -0.796669  ]
 [-135.39444     458.8766       -0.7962055 ]
 [   0.1434333     0.04250938    0.        ]
 [   0.            0.            0.1496    ]]

iter 34 cost=8681.682016 -> 8682.888937 |dtheta|=3.036431e-04  lambda=1.000e+06

============================================================
Iteration 35
============================================================
Theta offsets (Unity frame):
  Source   : dSx=   0.000, dSy=   0.000, dSz=   0.000  (mm)
  Object   : dOx=  -0.390, dOy=   4.201, dOz=  17.310  (mm)
  Object offset: offset_x=  -0.788, offset_z=   3.244  (mm)
  Detector : dDx=   0.000, dDy=   0.000, dDz=   0.000  (mm)
  Obj Stage rotY :   17.548 deg
============================================================

Unity geometry (world coordinates):
  Source   : x=   0.000, y=  24.997, z=   0.000
  Object   : x=   0.151, y=  24.201, z= 617.310
  Detector : x= -25.318, y=  18.687, z=1059.000
  Obj rotY :  -1.0400 deg

Initial calibration:
  Source   : x=   0.000, y=   0.000, z=   0.000
  Object   : x=   0.000, y=   0.000, z=   0.000
  Detector : x=  25.318, y=   6.310, z=  40.001

After Calibration: 

Unity geometry (world coordinates):
  Source   : x=   0.000, y=  24.997, z=   0.000
  Object   : x=   0.151, y=  24.201, z= 617.310
  Detector : x=   0.000, y=  24.997, z=1099.001
  Obj rotY :  -1.0400 deg
view   0 | SOD= 620.568 mm | SDD=1099.001 mm | M= 1.771 | incident=0.0000°
[[ 176.8927     -594.8217       -0.7966213 ]
 [-135.39612     458.87585      -0.79615784]
 [   0.14343315    0.04250989    0.        ]
 [   0.            0.            0.1496    ]]
Residual vector length: 200, Jacobian shape: (200, 6)
view   0 | SOD= 620.568 mm | SDD=1099.001 mm | M= 1.771 | incident=0.0000°
[[ 176.89061    -594.8221       -0.796669  ]
 [-135.39444     458.8766       -0.7962055 ]
 [   0.1434333     0.04250938    0.        ]
 [   0.            0.            0.1496    ]]

iter 35 cost=8681.682016 -> 8682.888937 |dtheta|=3.036431e-04  lambda=1.000e+06

============================================================
Iteration 36
============================================================
Theta offsets (Unity frame):
  Source   : dSx=   0.000, dSy=   0.000, dSz=   0.000  (mm)
  Object   : dOx=  -0.390, dOy=   4.201, dOz=  17.310  (mm)
  Object offset: offset_x=  -0.788, offset_z=   3.244  (mm)
  Detector : dDx=   0.000, dDy=   0.000, dDz=   0.000  (mm)
  Obj Stage rotY :   17.548 deg
============================================================

Unity geometry (world coordinates):
  Source   : x=   0.000, y=  24.997, z=   0.000
  Object   : x=   0.151, y=  24.201, z= 617.310
  Detector : x= -25.318, y=  18.687, z=1059.000
  Obj rotY :  -1.0400 deg

Initial calibration:
  Source   : x=   0.000, y=   0.000, z=   0.000
  Object   : x=   0.000, y=   0.000, z=   0.000
  Detector : x=  25.318, y=   6.310, z=  40.001

After Calibration: 

Unity geometry (world coordinates):
  Source   : x=   0.000, y=  24.997, z=   0.000
  Object   : x=   0.151, y=  24.201, z= 617.310
  Detector : x=   0.000, y=  24.997, z=1099.001
  Obj rotY :  -1.0400 deg
view   0 | SOD= 620.568 mm | SDD=1099.001 mm | M= 1.771 | incident=0.0000°
[[ 176.8927     -594.8217       -0.7966213 ]
 [-135.39612     458.87585      -0.79615784]
 [   0.14343315    0.04250989    0.        ]
 [   0.            0.            0.1496    ]]
Residual vector length: 200, Jacobian shape: (200, 6)
view   0 | SOD= 620.568 mm | SDD=1099.001 mm | M= 1.771 | incident=0.0000°
[[ 176.89061    -594.8221       -0.796669  ]
 [-135.39444     458.8766       -0.7962055 ]
 [   0.1434333     0.04250938    0.        ]
 [   0.            0.            0.1496    ]]

iter 36 cost=8681.682016 -> 8682.888937 |dtheta|=3.036431e-04  lambda=1.000e+06

============================================================
Iteration 37
============================================================
Theta offsets (Unity frame):
  Source   : dSx=   0.000, dSy=   0.000, dSz=   0.000  (mm)
  Object   : dOx=  -0.390, dOy=   4.201, dOz=  17.310  (mm)
  Object offset: offset_x=  -0.788, offset_z=   3.244  (mm)
  Detector : dDx=   0.000, dDy=   0.000, dDz=   0.000  (mm)
  Obj Stage rotY :   17.548 deg
============================================================

Unity geometry (world coordinates):
  Source   : x=   0.000, y=  24.997, z=   0.000
  Object   : x=   0.151, y=  24.201, z= 617.310
  Detector : x= -25.318, y=  18.687, z=1059.000
  Obj rotY :  -1.0400 deg

Initial calibration:
  Source   : x=   0.000, y=   0.000, z=   0.000
  Object   : x=   0.000, y=   0.000, z=   0.000
  Detector : x=  25.318, y=   6.310, z=  40.001

After Calibration: 

Unity geometry (world coordinates):
  Source   : x=   0.000, y=  24.997, z=   0.000
  Object   : x=   0.151, y=  24.201, z= 617.310
  Detector : x=   0.000, y=  24.997, z=1099.001
  Obj rotY :  -1.0400 deg
view   0 | SOD= 620.568 mm | SDD=1099.001 mm | M= 1.771 | incident=0.0000°
[[ 176.8927     -594.8217       -0.7966213 ]
 [-135.39612     458.87585      -0.79615784]
 [   0.14343315    0.04250989    0.        ]
 [   0.            0.            0.1496    ]]
Residual vector length: 200, Jacobian shape: (200, 6)
view   0 | SOD= 620.568 mm | SDD=1099.001 mm | M= 1.771 | incident=0.0000°
[[ 176.89061    -594.8221       -0.796669  ]
 [-135.39444     458.8766       -0.7962055 ]
 [   0.1434333     0.04250938    0.        ]
 [   0.            0.            0.1496    ]]

iter 37 cost=8681.682016 -> 8682.888937 |dtheta|=3.036431e-04  lambda=1.000e+06

============================================================
Iteration 38
============================================================
Theta offsets (Unity frame):
  Source   : dSx=   0.000, dSy=   0.000, dSz=   0.000  (mm)
  Object   : dOx=  -0.390, dOy=   4.201, dOz=  17.310  (mm)
  Object offset: offset_x=  -0.788, offset_z=   3.244  (mm)
  Detector : dDx=   0.000, dDy=   0.000, dDz=   0.000  (mm)
  Obj Stage rotY :   17.548 deg
============================================================

Unity geometry (world coordinates):
  Source   : x=   0.000, y=  24.997, z=   0.000
  Object   : x=   0.151, y=  24.201, z= 617.310
  Detector : x= -25.318, y=  18.687, z=1059.000
  Obj rotY :  -1.0400 deg

Initial calibration:
  Source   : x=   0.000, y=   0.000, z=   0.000
  Object   : x=   0.000, y=   0.000, z=   0.000
  Detector : x=  25.318, y=   6.310, z=  40.001

After Calibration: 

Unity geometry (world coordinates):
  Source   : x=   0.000, y=  24.997, z=   0.000
  Object   : x=   0.151, y=  24.201, z= 617.310
  Detector : x=   0.000, y=  24.997, z=1099.001
  Obj rotY :  -1.0400 deg
view   0 | SOD= 620.568 mm | SDD=1099.001 mm | M= 1.771 | incident=0.0000°
[[ 176.8927     -594.8217       -0.7966213 ]
 [-135.39612     458.87585      -0.79615784]
 [   0.14343315    0.04250989    0.        ]
 [   0.            0.            0.1496    ]]
Residual vector length: 200, Jacobian shape: (200, 6)
view   0 | SOD= 620.568 mm | SDD=1099.001 mm | M= 1.771 | incident=0.0000°
[[ 176.89061    -594.8221       -0.796669  ]
 [-135.39444     458.8766       -0.7962055 ]
 [   0.1434333     0.04250938    0.        ]
 [   0.            0.            0.1496    ]]

iter 38 cost=8681.682016 -> 8682.888937 |dtheta|=3.036431e-04  lambda=1.000e+06

============================================================
Iteration 39
============================================================
Theta offsets (Unity frame):
  Source   : dSx=   0.000, dSy=   0.000, dSz=   0.000  (mm)
  Object   : dOx=  -0.390, dOy=   4.201, dOz=  17.310  (mm)
  Object offset: offset_x=  -0.788, offset_z=   3.244  (mm)
  Detector : dDx=   0.000, dDy=   0.000, dDz=   0.000  (mm)
  Obj Stage rotY :   17.548 deg
============================================================

Unity geometry (world coordinates):
  Source   : x=   0.000, y=  24.997, z=   0.000
  Object   : x=   0.151, y=  24.201, z= 617.310
  Detector : x= -25.318, y=  18.687, z=1059.000
  Obj rotY :  -1.0400 deg

Initial calibration:
  Source   : x=   0.000, y=   0.000, z=   0.000
  Object   : x=   0.000, y=   0.000, z=   0.000
  Detector : x=  25.318, y=   6.310, z=  40.001

After Calibration: 

Unity geometry (world coordinates):
  Source   : x=   0.000, y=  24.997, z=   0.000
  Object   : x=   0.151, y=  24.201, z= 617.310
  Detector : x=   0.000, y=  24.997, z=1099.001
  Obj rotY :  -1.0400 deg
view   0 | SOD= 620.568 mm | SDD=1099.001 mm | M= 1.771 | incident=0.0000°
[[ 176.8927     -594.8217       -0.7966213 ]
 [-135.39612     458.87585      -0.79615784]
 [   0.14343315    0.04250989    0.        ]
 [   0.            0.            0.1496    ]]
Residual vector length: 200, Jacobian shape: (200, 6)
view   0 | SOD= 620.568 mm | SDD=1099.001 mm | M= 1.771 | incident=0.0000°
[[ 176.89061    -594.8221       -0.796669  ]
 [-135.39444     458.8766       -0.7962055 ]
 [   0.1434333     0.04250938    0.        ]
 [   0.            0.            0.1496    ]]

iter 39 cost=8681.682016 -> 8682.888937 |dtheta|=3.036431e-04  lambda=1.000e+06

============================================================
Iteration 40
============================================================
Theta offsets (Unity frame):
  Source   : dSx=   0.000, dSy=   0.000, dSz=   0.000  (mm)
  Object   : dOx=  -0.390, dOy=   4.201, dOz=  17.310  (mm)
  Object offset: offset_x=  -0.788, offset_z=   3.244  (mm)
  Detector : dDx=   0.000, dDy=   0.000, dDz=   0.000  (mm)
  Obj Stage rotY :   17.548 deg
============================================================

Unity geometry (world coordinates):
  Source   : x=   0.000, y=  24.997, z=   0.000
  Object   : x=   0.151, y=  24.201, z= 617.310
  Detector : x= -25.318, y=  18.687, z=1059.000
  Obj rotY :  -1.0400 deg

Initial calibration:
  Source   : x=   0.000, y=   0.000, z=   0.000
  Object   : x=   0.000, y=   0.000, z=   0.000
  Detector : x=  25.318, y=   6.310, z=  40.001

After Calibration: 

Unity geometry (world coordinates):
  Source   : x=   0.000, y=  24.997, z=   0.000
  Object   : x=   0.151, y=  24.201, z= 617.310
  Detector : x=   0.000, y=  24.997, z=1099.001
  Obj rotY :  -1.0400 deg
view   0 | SOD= 620.568 mm | SDD=1099.001 mm | M= 1.771 | incident=0.0000°
[[ 176.8927     -594.8217       -0.7966213 ]
 [-135.39612     458.87585      -0.79615784]
 [   0.14343315    0.04250989    0.        ]
 [   0.            0.            0.1496    ]]
Residual vector length: 200, Jacobian shape: (200, 6)
view   0 | SOD= 620.568 mm | SDD=1099.001 mm | M= 1.771 | incident=0.0000°
[[ 176.89061    -594.8221       -0.796669  ]
 [-135.39444     458.8766       -0.7962055 ]
 [   0.1434333     0.04250938    0.        ]
 [   0.            0.            0.1496    ]]

iter 40 cost=8681.682016 -> 8682.888937 |dtheta|=3.036431e-04  lambda=1.000e+06
Stalled.

Estimated theta:
  dSx: +0.000000
  dSy: +0.000000
  dOx: -0.389763
  dOy: +4.200746
  dOz: +17.309638
  dDx: +0.000000
  dDy: +0.000000
  dDz: +0.000000
alpha: +1.754844e+01 deg)
offset_x: -0.787781
offset_z: +3.243754

Final cost table:
Final estimated theta: [ 0.          0.         -0.38976303  4.20074625 17.3096376   0.
  0.          0.         17.54844011 -0.78778144  3.24375387]
################################################################################

