
################################################################################
Running scenario=Scan2 Projections=360 Used=12, K=5

============================================================
Iteration 0
============================================================
Theta offsets (Unity frame):
  Source   : dSx=   0.000, dSy=   0.000, dSz=   0.000  (mm)
  Object   : dOx=   0.000, dOy=   0.000, dOz=   0.000  (mm)
  Object offset: offset_x=   0.000, offset_z=   0.000  (mm)
  Detector : dDx=   0.000, dDy=   0.000, dDz=   0.000  (mm)
  Obj Stage rotY :    0.000 deg
============================================================

Unity geometry (world coordinates):
  Source   : x=   5.000, y=  29.995, z=   0.000
  Object   : x=   0.541, y=  20.000, z= 600.000
  Detector : x= -25.318, y=  18.677, z=1059.000
  Obj rotY :  -4.5698 deg

Initial calibration:
  Source   : x=   0.000, y=   0.000, z=   0.000
  Object   : x=   0.000, y=   0.000, z=   0.000
  Detector : x=  25.318, y=   6.310, z=  40.001

After Calibration: 

Unity geometry (world coordinates):
  Source   : x=   5.000, y=  29.995, z=   0.000
  Object   : x=   0.541, y=  20.000, z= 600.000
  Detector : x=   0.000, y=  24.987, z=1099.001
  Obj rotY :  -4.5698 deg
view   0 | SOD= 600.100 mm | SDD=1099.024 mm | M= 1.831 | incident=0.3689°
[[ -43.359543   -598.4479       -9.994888  ]
 [  39.218548    497.45758      -4.986948  ]
 [   0.14912441   -0.01191922    0.        ]
 [   0.            0.            0.1496    ]]
Residual vector length: 240, Jacobian shape: (240, 6)
view   0 | SOD= 614.926 mm | SDD=1099.024 mm | M= 1.787 | incident=0.3689°
[[  24.72299    -614.4005       -5.8756256 ]
 [ -14.5631485   483.90933      -0.8676853 ]
 [   0.14952716    0.00466755    0.        ]
 [   0.            0.            0.1496    ]]
/vol/home/s3777103/Documents/workspace/Thesis/AutoCalibration/gauss_newton_real.py:300: FutureWarning: The behavior of DataFrame concatenation with empty or all-NA entries is deprecated. In a future version, this will no longer exclude empty or all-NA columns when determining the result dtypes. To retain the old behavior, exclude the relevant entries before the concat operation.
  df_r0 = pd.concat([df_r0, df_iter], ignore_index=True)

iter 00 cost=137663.766548 -> 16936.491289 |dtheta|=1.486010e+01  lambda=1.000e-02

============================================================
Iteration 1
============================================================
Theta offsets (Unity frame):
  Source   : dSx=   0.000, dSy=   0.000, dSz=   0.000  (mm)
  Object   : dOx=  -0.537, dOy=   4.119, dOz=  12.548  (mm)
  Object offset: offset_x=  -0.729, offset_z=   2.274  (mm)
  Detector : dDx=   0.000, dDy=   0.000, dDz=   0.000  (mm)
  Obj Stage rotY :    6.358 deg
============================================================

Unity geometry (world coordinates):
  Source   : x=   5.000, y=  29.995, z=   0.000
  Object   : x=   0.003, y=  24.119, z= 612.548
  Detector : x= -25.318, y=  18.677, z=1059.000
  Obj rotY :  -4.5698 deg

Initial calibration:
  Source   : x=   0.000, y=   0.000, z=   0.000
  Object   : x=   0.000, y=   0.000, z=   0.000
  Detector : x=  25.318, y=   6.310, z=  40.001

After Calibration: 

Unity geometry (world coordinates):
  Source   : x=   5.000, y=  29.995, z=   0.000
  Object   : x=   0.003, y=  24.119, z= 612.548
  Detector : x=   0.000, y=  24.987, z=1099.001
  Obj rotY :  -4.5698 deg
view   0 | SOD= 614.926 mm | SDD=1099.024 mm | M= 1.787 | incident=0.3689°
[[  24.72299    -614.4005       -5.8756256 ]
 [ -14.5631485   483.90933      -0.8676853 ]
 [   0.14952716    0.00466755    0.        ]
 [   0.            0.            0.1496    ]]
Residual vector length: 240, Jacobian shape: (240, 6)
view   0 | SOD= 621.677 mm | SDD=1099.024 mm | M= 1.768 | incident=0.3689°
[[  65.73871    -618.16437      -5.8111534 ]
 [ -45.61864     475.19165      -0.8032131 ]
 [   0.14889748    0.01448101    0.        ]
 [   0.            0.            0.1496    ]]

iter 01 cost=16936.491289 -> 10546.172278 |dtheta|=7.042986e+00  lambda=3.333e-03

============================================================
Iteration 2
============================================================
Theta offsets (Unity frame):
  Source   : dSx=   0.000, dSy=   0.000, dSz=   0.000  (mm)
  Object   : dOx=  -0.503, dOy=   4.184, dOz=  18.434  (mm)
  Object offset: offset_x=  -0.883, offset_z=   3.130  (mm)
  Detector : dDx=   0.000, dDy=   0.000, dDz=   0.000  (mm)
  Obj Stage rotY :   10.125 deg
============================================================

Unity geometry (world coordinates):
  Source   : x=   5.000, y=  29.995, z=   0.000
  Object   : x=   0.037, y=  24.184, z= 618.434
  Detector : x= -25.318, y=  18.677, z=1059.000
  Obj rotY :  -4.5698 deg

Initial calibration:
  Source   : x=   0.000, y=   0.000, z=   0.000
  Object   : x=   0.000, y=   0.000, z=   0.000
  Detector : x=  25.318, y=   6.310, z=  40.001

After Calibration: 

Unity geometry (world coordinates):
  Source   : x=   5.000, y=  29.995, z=   0.000
  Object   : x=   0.037, y=  24.184, z= 618.434
  Detector : x=   0.000, y=  24.987, z=1099.001
  Obj rotY :  -4.5698 deg
view   0 | SOD= 621.677 mm | SDD=1099.024 mm | M= 1.768 | incident=0.3689°
[[  65.73871    -618.16437      -5.8111534 ]
 [ -45.61864     475.19165      -0.8032131 ]
 [   0.14889748    0.01448101    0.        ]
 [   0.            0.            0.1496    ]]
Residual vector length: 240, Jacobian shape: (240, 6)
view   0 | SOD= 618.628 mm | SDD=1099.024 mm | M= 1.777 | incident=0.3689°
[[  82.40721    -613.0868       -5.8117027 ]
 [ -58.90317     476.8028       -0.80376244]
 [   0.14844418    0.01856039    0.        ]
 [   0.            0.            0.1496    ]]

iter 02 cost=10546.172278 -> 9215.721442 |dtheta|=3.564217e+00  lambda=1.111e-03

============================================================
Iteration 3
============================================================
Theta offsets (Unity frame):
  Source   : dSx=   0.000, dSy=   0.000, dSz=   0.000  (mm)
  Object   : dOx=  -0.432, dOy=   4.183, dOz=  15.245  (mm)
  Object offset: offset_x=  -1.079, offset_z=   3.254  (mm)
  Detector : dDx=   0.000, dDy=   0.000, dDz=   0.000  (mm)
  Obj Stage rotY :   11.697 deg
============================================================

Unity geometry (world coordinates):
  Source   : x=   5.000, y=  29.995, z=   0.000
  Object   : x=   0.109, y=  24.183, z= 615.245
  Detector : x= -25.318, y=  18.677, z=1059.000
  Obj rotY :  -4.5698 deg

Initial calibration:
  Source   : x=   0.000, y=   0.000, z=   0.000
  Object   : x=   0.000, y=   0.000, z=   0.000
  Detector : x=  25.318, y=   6.310, z=  40.001

After Calibration: 

Unity geometry (world coordinates):
  Source   : x=   5.000, y=  29.995, z=   0.000
  Object   : x=   0.109, y=  24.183, z= 615.245
  Detector : x=   0.000, y=  24.987, z=1099.001
  Obj rotY :  -4.5698 deg
view   0 | SOD= 618.628 mm | SDD=1099.024 mm | M= 1.777 | incident=0.3689°
[[  82.40721    -613.0868       -5.8117027 ]
 [ -58.90317     476.8028       -0.80376244]
 [   0.14844418    0.01856039    0.        ]
 [   0.            0.            0.1496    ]]
Residual vector length: 240, Jacobian shape: (240, 6)
view   0 | SOD= 619.834 mm | SDD=1099.024 mm | M= 1.773 | incident=0.3689°
[[ 118.45568    -608.38226      -5.8008213 ]
 [ -86.90329     471.27304      -0.792881  ]
 [   0.14709073    0.02728507    0.        ]
 [   0.            0.            0.1496    ]]

iter 03 cost=9215.721442 -> 7559.693640 |dtheta|=3.559366e+00  lambda=3.704e-04

============================================================
Iteration 4
============================================================
Theta offsets (Unity frame):
  Source   : dSx=   0.000, dSy=   0.000, dSz=   0.000  (mm)
  Object   : dOx=  -0.365, dOy=   4.194, dOz=  16.338  (mm)
  Object offset: offset_x=  -0.956, offset_z=   3.379  (mm)
  Detector : dDx=   0.000, dDy=   0.000, dDz=   0.000  (mm)
  Obj Stage rotY :   15.079 deg
============================================================

Unity geometry (world coordinates):
  Source   : x=   5.000, y=  29.995, z=   0.000
  Object   : x=   0.175, y=  24.194, z= 616.338
  Detector : x= -25.318, y=  18.677, z=1059.000
  Obj rotY :  -4.5698 deg

Initial calibration:
  Source   : x=   0.000, y=   0.000, z=   0.000
  Object   : x=   0.000, y=   0.000, z=   0.000
  Detector : x=  25.318, y=   6.310, z=  40.001

After Calibration: 

Unity geometry (world coordinates):
  Source   : x=   5.000, y=  29.995, z=   0.000
  Object   : x=   0.175, y=  24.194, z= 616.338
  Detector : x=   0.000, y=  24.987, z=1099.001
  Obj rotY :  -4.5698 deg
view   0 | SOD= 619.834 mm | SDD=1099.024 mm | M= 1.773 | incident=0.3689°
[[ 118.45568    -608.38226      -5.8008213 ]
 [ -86.90329     471.27304      -0.792881  ]
 [   0.14709073    0.02728507    0.        ]
 [   0.            0.            0.1496    ]]
Residual vector length: 240, Jacobian shape: (240, 6)
view   0 | SOD= 619.333 mm | SDD=1099.024 mm | M= 1.775 | incident=0.3689°
[[ 128.91533    -605.7398       -5.795229  ]
 [ -95.02281     470.2154       -0.78728867]
 [   0.14659858    0.02981638    0.        ]
 [   0.            0.            0.1496    ]]

iter 04 cost=7559.693640 -> 7281.783588 |dtheta|=1.081767e+00  lambda=1.235e-04

============================================================
Iteration 5
============================================================
Theta offsets (Unity frame):
  Source   : dSx=   0.000, dSy=   0.000, dSz=   0.000  (mm)
  Object   : dOx=  -0.435, dOy=   4.200, dOz=  15.909  (mm)
  Object offset: offset_x=  -0.973, offset_z=   3.304  (mm)
  Detector : dDx=   0.000, dDy=   0.000, dDz=   0.000  (mm)
  Obj Stage rotY :   16.066 deg
============================================================

Unity geometry (world coordinates):
  Source   : x=   5.000, y=  29.995, z=   0.000
  Object   : x=   0.105, y=  24.200, z= 615.909
  Detector : x= -25.318, y=  18.677, z=1059.000
  Obj rotY :  -4.5698 deg

Initial calibration:
  Source   : x=   0.000, y=   0.000, z=   0.000
  Object   : x=   0.000, y=   0.000, z=   0.000
  Detector : x=  25.318, y=   6.310, z=  40.001

After Calibration: 

Unity geometry (world coordinates):
  Source   : x=   5.000, y=  29.995, z=   0.000
  Object   : x=   0.105, y=  24.200, z= 615.909
  Detector : x=   0.000, y=  24.987, z=1099.001
  Obj rotY :  -4.5698 deg
view   0 | SOD= 619.333 mm | SDD=1099.024 mm | M= 1.775 | incident=0.3689°
[[ 128.91533    -605.7398       -5.795229  ]
 [ -95.02281     470.2154       -0.78728867]
 [   0.14659858    0.02981638    0.        ]
 [   0.            0.            0.1496    ]]
Residual vector length: 240, Jacobian shape: (240, 6)
view   0 | SOD= 619.345 mm | SDD=1099.024 mm | M= 1.774 | incident=0.3689°
[[ 126.31255    -606.29974      -5.801752  ]
 [ -93.14906     470.57742      -0.7938118 ]
 [   0.1467213     0.02920646    0.        ]
 [   0.            0.            0.1496    ]]

iter 05 cost=7281.783588 -> 7336.558091 |dtheta|=2.589137e-01  lambda=4.115e-05

============================================================
Iteration 6
============================================================
Theta offsets (Unity frame):
  Source   : dSx=   0.000, dSy=   0.000, dSz=   0.000  (mm)
  Object   : dOx=  -0.435, dOy=   4.200, dOz=  15.909  (mm)
  Object offset: offset_x=  -0.973, offset_z=   3.304  (mm)
  Detector : dDx=   0.000, dDy=   0.000, dDz=   0.000  (mm)
  Obj Stage rotY :   16.066 deg
============================================================

Unity geometry (world coordinates):
  Source   : x=   5.000, y=  29.995, z=   0.000
  Object   : x=   0.105, y=  24.200, z= 615.909
  Detector : x= -25.318, y=  18.677, z=1059.000
  Obj rotY :  -4.5698 deg

Initial calibration:
  Source   : x=   0.000, y=   0.000, z=   0.000
  Object   : x=   0.000, y=   0.000, z=   0.000
  Detector : x=  25.318, y=   6.310, z=  40.001

After Calibration: 

Unity geometry (world coordinates):
  Source   : x=   5.000, y=  29.995, z=   0.000
  Object   : x=   0.105, y=  24.200, z= 615.909
  Detector : x=   0.000, y=  24.987, z=1099.001
  Obj rotY :  -4.5698 deg
view   0 | SOD= 619.333 mm | SDD=1099.024 mm | M= 1.775 | incident=0.3689°
[[ 128.91533    -605.7398       -5.795229  ]
 [ -95.02281     470.2154       -0.78728867]
 [   0.14659858    0.02981638    0.        ]
 [   0.            0.            0.1496    ]]
Residual vector length: 240, Jacobian shape: (240, 6)
view   0 | SOD= 619.345 mm | SDD=1099.024 mm | M= 1.774 | incident=0.3689°
[[ 126.31256    -606.29974      -5.801752  ]
 [ -93.14906     470.57742      -0.7938118 ]
 [   0.1467213     0.02920646    0.        ]
 [   0.            0.            0.1496    ]]

iter 06 cost=7281.783588 -> 7336.558091 |dtheta|=2.589136e-01  lambda=2.058e-04

============================================================
Iteration 7
============================================================
Theta offsets (Unity frame):
  Source   : dSx=   0.000, dSy=   0.000, dSz=   0.000  (mm)
  Object   : dOx=  -0.435, dOy=   4.200, dOz=  15.909  (mm)
  Object offset: offset_x=  -0.973, offset_z=   3.304  (mm)
  Detector : dDx=   0.000, dDy=   0.000, dDz=   0.000  (mm)
  Obj Stage rotY :   16.066 deg
============================================================

Unity geometry (world coordinates):
  Source   : x=   5.000, y=  29.995, z=   0.000
  Object   : x=   0.105, y=  24.200, z= 615.909
  Detector : x= -25.318, y=  18.677, z=1059.000
  Obj rotY :  -4.5698 deg

Initial calibration:
  Source   : x=   0.000, y=   0.000, z=   0.000
  Object   : x=   0.000, y=   0.000, z=   0.000
  Detector : x=  25.318, y=   6.310, z=  40.001

After Calibration: 

Unity geometry (world coordinates):
  Source   : x=   5.000, y=  29.995, z=   0.000
  Object   : x=   0.105, y=  24.200, z= 615.909
  Detector : x=   0.000, y=  24.987, z=1099.001
  Obj rotY :  -4.5698 deg
view   0 | SOD= 619.333 mm | SDD=1099.024 mm | M= 1.775 | incident=0.3689°
[[ 128.91533    -605.7398       -5.795229  ]
 [ -95.02281     470.2154       -0.78728867]
 [   0.14659858    0.02981638    0.        ]
 [   0.            0.            0.1496    ]]
Residual vector length: 240, Jacobian shape: (240, 6)
view   0 | SOD= 619.345 mm | SDD=1099.024 mm | M= 1.774 | incident=0.3689°
[[ 126.31257    -606.29974      -5.801752  ]
 [ -93.14907     470.57742      -0.7938118 ]
 [   0.1467213     0.02920646    0.        ]
 [   0.            0.            0.1496    ]]

iter 07 cost=7281.783588 -> 7336.558091 |dtheta|=2.589128e-01  lambda=1.029e-03

============================================================
Iteration 8
============================================================
Theta offsets (Unity frame):
  Source   : dSx=   0.000, dSy=   0.000, dSz=   0.000  (mm)
  Object   : dOx=  -0.435, dOy=   4.200, dOz=  15.909  (mm)
  Object offset: offset_x=  -0.973, offset_z=   3.304  (mm)
  Detector : dDx=   0.000, dDy=   0.000, dDz=   0.000  (mm)
  Obj Stage rotY :   16.066 deg
============================================================

Unity geometry (world coordinates):
  Source   : x=   5.000, y=  29.995, z=   0.000
  Object   : x=   0.105, y=  24.200, z= 615.909
  Detector : x= -25.318, y=  18.677, z=1059.000
  Obj rotY :  -4.5698 deg

Initial calibration:
  Source   : x=   0.000, y=   0.000, z=   0.000
  Object   : x=   0.000, y=   0.000, z=   0.000
  Detector : x=  25.318, y=   6.310, z=  40.001

After Calibration: 

Unity geometry (world coordinates):
  Source   : x=   5.000, y=  29.995, z=   0.000
  Object   : x=   0.105, y=  24.200, z= 615.909
  Detector : x=   0.000, y=  24.987, z=1099.001
  Obj rotY :  -4.5698 deg
view   0 | SOD= 619.333 mm | SDD=1099.024 mm | M= 1.775 | incident=0.3689°
[[ 128.91533    -605.7398       -5.795229  ]
 [ -95.02281     470.2154       -0.78728867]
 [   0.14659858    0.02981638    0.        ]
 [   0.            0.            0.1496    ]]
Residual vector length: 240, Jacobian shape: (240, 6)
view   0 | SOD= 619.345 mm | SDD=1099.024 mm | M= 1.774 | incident=0.3689°
[[ 126.31261    -606.29974      -5.801752  ]
 [ -93.1491      470.57742      -0.7938118 ]
 [   0.1467213     0.02920647    0.        ]
 [   0.            0.            0.1496    ]]

iter 08 cost=7281.783588 -> 7336.558091 |dtheta|=2.589089e-01  lambda=5.144e-03

============================================================
Iteration 9
============================================================
Theta offsets (Unity frame):
  Source   : dSx=   0.000, dSy=   0.000, dSz=   0.000  (mm)
  Object   : dOx=  -0.435, dOy=   4.200, dOz=  15.909  (mm)
  Object offset: offset_x=  -0.973, offset_z=   3.304  (mm)
  Detector : dDx=   0.000, dDy=   0.000, dDz=   0.000  (mm)
  Obj Stage rotY :   16.066 deg
============================================================

Unity geometry (world coordinates):
  Source   : x=   5.000, y=  29.995, z=   0.000
  Object   : x=   0.105, y=  24.200, z= 615.909
  Detector : x= -25.318, y=  18.677, z=1059.000
  Obj rotY :  -4.5698 deg

Initial calibration:
  Source   : x=   0.000, y=   0.000, z=   0.000
  Object   : x=   0.000, y=   0.000, z=   0.000
  Detector : x=  25.318, y=   6.310, z=  40.001

After Calibration: 

Unity geometry (world coordinates):
  Source   : x=   5.000, y=  29.995, z=   0.000
  Object   : x=   0.105, y=  24.200, z= 615.909
  Detector : x=   0.000, y=  24.987, z=1099.001
  Obj rotY :  -4.5698 deg
view   0 | SOD= 619.333 mm | SDD=1099.024 mm | M= 1.775 | incident=0.3689°
[[ 128.91533    -605.7398       -5.795229  ]
 [ -95.02281     470.2154       -0.78728867]
 [   0.14659858    0.02981638    0.        ]
 [   0.            0.            0.1496    ]]
Residual vector length: 240, Jacobian shape: (240, 6)
view   0 | SOD= 619.345 mm | SDD=1099.024 mm | M= 1.774 | incident=0.3689°
[[ 126.312805   -606.29974      -5.801752  ]
 [ -93.14924     470.57733      -0.7938118 ]
 [   0.1467213     0.02920652    0.        ]
 [   0.            0.            0.1496    ]]

iter 09 cost=7281.783588 -> 7336.558091 |dtheta|=2.588892e-01  lambda=2.572e-02

============================================================
Iteration 10
============================================================
Theta offsets (Unity frame):
  Source   : dSx=   0.000, dSy=   0.000, dSz=   0.000  (mm)
  Object   : dOx=  -0.435, dOy=   4.200, dOz=  15.909  (mm)
  Object offset: offset_x=  -0.973, offset_z=   3.304  (mm)
  Detector : dDx=   0.000, dDy=   0.000, dDz=   0.000  (mm)
  Obj Stage rotY :   16.066 deg
============================================================

Unity geometry (world coordinates):
  Source   : x=   5.000, y=  29.995, z=   0.000
  Object   : x=   0.105, y=  24.200, z= 615.909
  Detector : x= -25.318, y=  18.677, z=1059.000
  Obj rotY :  -4.5698 deg

Initial calibration:
  Source   : x=   0.000, y=   0.000, z=   0.000
  Object   : x=   0.000, y=   0.000, z=   0.000
  Detector : x=  25.318, y=   6.310, z=  40.001

After Calibration: 

Unity geometry (world coordinates):
  Source   : x=   5.000, y=  29.995, z=   0.000
  Object   : x=   0.105, y=  24.200, z= 615.909
  Detector : x=   0.000, y=  24.987, z=1099.001
  Obj rotY :  -4.5698 deg
view   0 | SOD= 619.333 mm | SDD=1099.024 mm | M= 1.775 | incident=0.3689°
[[ 128.91533    -605.7398       -5.795229  ]
 [ -95.02281     470.2154       -0.78728867]
 [   0.14659858    0.02981638    0.        ]
 [   0.            0.            0.1496    ]]
Residual vector length: 240, Jacobian shape: (240, 6)
view   0 | SOD= 619.345 mm | SDD=1099.024 mm | M= 1.774 | incident=0.3689°
[[ 126.31377    -606.2997       -5.801754  ]
 [ -93.14994     470.57706      -0.7938137 ]
 [   0.14672126    0.02920674    0.        ]
 [   0.            0.            0.1496    ]]

iter 10 cost=7281.783588 -> 7336.501793 |dtheta|=2.587909e-01  lambda=1.286e-01

============================================================
Iteration 11
============================================================
Theta offsets (Unity frame):
  Source   : dSx=   0.000, dSy=   0.000, dSz=   0.000  (mm)
  Object   : dOx=  -0.435, dOy=   4.200, dOz=  15.909  (mm)
  Object offset: offset_x=  -0.973, offset_z=   3.304  (mm)
  Detector : dDx=   0.000, dDy=   0.000, dDz=   0.000  (mm)
  Obj Stage rotY :   16.066 deg
============================================================

Unity geometry (world coordinates):
  Source   : x=   5.000, y=  29.995, z=   0.000
  Object   : x=   0.105, y=  24.200, z= 615.909
  Detector : x= -25.318, y=  18.677, z=1059.000
  Obj rotY :  -4.5698 deg

Initial calibration:
  Source   : x=   0.000, y=   0.000, z=   0.000
  Object   : x=   0.000, y=   0.000, z=   0.000
  Detector : x=  25.318, y=   6.310, z=  40.001

After Calibration: 

Unity geometry (world coordinates):
  Source   : x=   5.000, y=  29.995, z=   0.000
  Object   : x=   0.105, y=  24.200, z= 615.909
  Detector : x=   0.000, y=  24.987, z=1099.001
  Obj rotY :  -4.5698 deg
view   0 | SOD= 619.333 mm | SDD=1099.024 mm | M= 1.775 | incident=0.3689°
[[ 128.91533    -605.7398       -5.795229  ]
 [ -95.02281     470.2154       -0.78728867]
 [   0.14659858    0.02981638    0.        ]
 [   0.            0.            0.1496    ]]
Residual vector length: 240, Jacobian shape: (240, 6)
view   0 | SOD= 619.346 mm | SDD=1099.024 mm | M= 1.774 | incident=0.3689°
[[ 126.318565   -606.2993       -5.801758  ]
 [ -93.15344     470.57574      -0.7938175 ]
 [   0.14672102    0.02920787    0.        ]
 [   0.            0.            0.1496    ]]

iter 11 cost=7281.783588 -> 7336.501793 |dtheta|=2.583031e-01  lambda=6.430e-01

============================================================
Iteration 12
============================================================
Theta offsets (Unity frame):
  Source   : dSx=   0.000, dSy=   0.000, dSz=   0.000  (mm)
  Object   : dOx=  -0.435, dOy=   4.200, dOz=  15.909  (mm)
  Object offset: offset_x=  -0.973, offset_z=   3.304  (mm)
  Detector : dDx=   0.000, dDy=   0.000, dDz=   0.000  (mm)
  Obj Stage rotY :   16.066 deg
============================================================

Unity geometry (world coordinates):
  Source   : x=   5.000, y=  29.995, z=   0.000
  Object   : x=   0.105, y=  24.200, z= 615.909
  Detector : x= -25.318, y=  18.677, z=1059.000
  Obj rotY :  -4.5698 deg

Initial calibration:
  Source   : x=   0.000, y=   0.000, z=   0.000
  Object   : x=   0.000, y=   0.000, z=   0.000
  Detector : x=  25.318, y=   6.310, z=  40.001

After Calibration: 

Unity geometry (world coordinates):
  Source   : x=   5.000, y=  29.995, z=   0.000
  Object   : x=   0.105, y=  24.200, z= 615.909
  Detector : x=   0.000, y=  24.987, z=1099.001
  Obj rotY :  -4.5698 deg
view   0 | SOD= 619.333 mm | SDD=1099.024 mm | M= 1.775 | incident=0.3689°
[[ 128.91533    -605.7398       -5.795229  ]
 [ -95.02281     470.2154       -0.78728867]
 [   0.14659858    0.02981638    0.        ]
 [   0.            0.            0.1496    ]]
Residual vector length: 240, Jacobian shape: (240, 6)
view   0 | SOD= 619.348 mm | SDD=1099.024 mm | M= 1.774 | incident=0.3689°
[[ 126.342125   -606.2973       -5.8017845 ]
 [ -93.1707      470.56946      -0.7938442 ]
 [   0.14671992    0.02921344    0.        ]
 [   0.            0.            0.1496    ]]

iter 12 cost=7281.783588 -> 7337.431505 |dtheta|=2.559442e-01  lambda=3.215e+00

============================================================
Iteration 13
============================================================
Theta offsets (Unity frame):
  Source   : dSx=   0.000, dSy=   0.000, dSz=   0.000  (mm)
  Object   : dOx=  -0.435, dOy=   4.200, dOz=  15.909  (mm)
  Object offset: offset_x=  -0.973, offset_z=   3.304  (mm)
  Detector : dDx=   0.000, dDy=   0.000, dDz=   0.000  (mm)
  Obj Stage rotY :   16.066 deg
============================================================

Unity geometry (world coordinates):
  Source   : x=   5.000, y=  29.995, z=   0.000
  Object   : x=   0.105, y=  24.200, z= 615.909
  Detector : x= -25.318, y=  18.677, z=1059.000
  Obj rotY :  -4.5698 deg

Initial calibration:
  Source   : x=   0.000, y=   0.000, z=   0.000
  Object   : x=   0.000, y=   0.000, z=   0.000
  Detector : x=  25.318, y=   6.310, z=  40.001

After Calibration: 

Unity geometry (world coordinates):
  Source   : x=   5.000, y=  29.995, z=   0.000
  Object   : x=   0.105, y=  24.200, z= 615.909
  Detector : x=   0.000, y=  24.987, z=1099.001
  Obj rotY :  -4.5698 deg
view   0 | SOD= 619.333 mm | SDD=1099.024 mm | M= 1.775 | incident=0.3689°
[[ 128.91533    -605.7398       -5.795229  ]
 [ -95.02281     470.2154       -0.78728867]
 [   0.14659858    0.02981638    0.        ]
 [   0.            0.            0.1496    ]]
Residual vector length: 240, Jacobian shape: (240, 6)
view   0 | SOD= 619.358 mm | SDD=1099.024 mm | M= 1.774 | incident=0.3689°
[[ 126.45097    -606.28467      -5.8018837 ]
 [ -93.25159     470.54337      -0.7939434 ]
 [   0.14671478    0.02923929    0.        ]
 [   0.            0.            0.1496    ]]

iter 13 cost=7281.783588 -> 7330.432723 |dtheta|=2.455969e-01  lambda=1.608e+01

============================================================
Iteration 14
============================================================
Theta offsets (Unity frame):
  Source   : dSx=   0.000, dSy=   0.000, dSz=   0.000  (mm)
  Object   : dOx=  -0.435, dOy=   4.200, dOz=  15.909  (mm)
  Object offset: offset_x=  -0.973, offset_z=   3.304  (mm)
  Detector : dDx=   0.000, dDy=   0.000, dDz=   0.000  (mm)
  Obj Stage rotY :   16.066 deg
============================================================

Unity geometry (world coordinates):
  Source   : x=   5.000, y=  29.995, z=   0.000
  Object   : x=   0.105, y=  24.200, z= 615.909
  Detector : x= -25.318, y=  18.677, z=1059.000
  Obj rotY :  -4.5698 deg

Initial calibration:
  Source   : x=   0.000, y=   0.000, z=   0.000
  Object   : x=   0.000, y=   0.000, z=   0.000
  Detector : x=  25.318, y=   6.310, z=  40.001

After Calibration: 

Unity geometry (world coordinates):
  Source   : x=   5.000, y=  29.995, z=   0.000
  Object   : x=   0.105, y=  24.200, z= 615.909
  Detector : x=   0.000, y=  24.987, z=1099.001
  Obj rotY :  -4.5698 deg
view   0 | SOD= 619.333 mm | SDD=1099.024 mm | M= 1.775 | incident=0.3689°
[[ 128.91533    -605.7398       -5.795229  ]
 [ -95.02281     470.2154       -0.78728867]
 [   0.14659858    0.02981638    0.        ]
 [   0.            0.            0.1496    ]]
Residual vector length: 240, Jacobian shape: (240, 6)
view   0 | SOD= 619.374 mm | SDD=1099.024 mm | M= 1.774 | incident=0.3689°
[[ 126.863106   -606.2143       -5.8021107 ]
 [ -93.565765    470.4653       -0.7941704 ]
 [   0.14669502    0.02933824    0.        ]
 [   0.            0.            0.1496    ]]

iter 14 cost=7281.783588 -> 7325.531248 |dtheta|=2.093817e-01  lambda=8.038e+01

============================================================
Iteration 15
============================================================
Theta offsets (Unity frame):
  Source   : dSx=   0.000, dSy=   0.000, dSz=   0.000  (mm)
  Object   : dOx=  -0.435, dOy=   4.200, dOz=  15.909  (mm)
  Object offset: offset_x=  -0.973, offset_z=   3.304  (mm)
  Detector : dDx=   0.000, dDy=   0.000, dDz=   0.000  (mm)
  Obj Stage rotY :   16.066 deg
============================================================

Unity geometry (world coordinates):
  Source   : x=   5.000, y=  29.995, z=   0.000
  Object   : x=   0.105, y=  24.200, z= 615.909
  Detector : x= -25.318, y=  18.677, z=1059.000
  Obj rotY :  -4.5698 deg

Initial calibration:
  Source   : x=   0.000, y=   0.000, z=   0.000
  Object   : x=   0.000, y=   0.000, z=   0.000
  Detector : x=  25.318, y=   6.310, z=  40.001

After Calibration: 

Unity geometry (world coordinates):
  Source   : x=   5.000, y=  29.995, z=   0.000
  Object   : x=   0.105, y=  24.200, z= 615.909
  Detector : x=   0.000, y=  24.987, z=1099.001
  Obj rotY :  -4.5698 deg
view   0 | SOD= 619.333 mm | SDD=1099.024 mm | M= 1.775 | incident=0.3689°
[[ 128.91533    -605.7398       -5.795229  ]
 [ -95.02281     470.2154       -0.78728867]
 [   0.14659858    0.02981638    0.        ]
 [   0.            0.            0.1496    ]]
Residual vector length: 240, Jacobian shape: (240, 6)
view   0 | SOD= 619.376 mm | SDD=1099.024 mm | M= 1.774 | incident=0.3689°
[[ 127.76774   -606.0264      -5.802305 ]
 [ -94.263054   470.32397     -0.7943649]
 [   0.1466512    0.0295565    0.       ]
 [   0.           0.           0.1496   ]]

iter 15 cost=7281.783588 -> 7302.912776 |dtheta|=1.358144e-01  lambda=4.019e+02

============================================================
Iteration 16
============================================================
Theta offsets (Unity frame):
  Source   : dSx=   0.000, dSy=   0.000, dSz=   0.000  (mm)
  Object   : dOx=  -0.435, dOy=   4.200, dOz=  15.909  (mm)
  Object offset: offset_x=  -0.973, offset_z=   3.304  (mm)
  Detector : dDx=   0.000, dDy=   0.000, dDz=   0.000  (mm)
  Obj Stage rotY :   16.066 deg
============================================================

Unity geometry (world coordinates):
  Source   : x=   5.000, y=  29.995, z=   0.000
  Object   : x=   0.105, y=  24.200, z= 615.909
  Detector : x= -25.318, y=  18.677, z=1059.000
  Obj rotY :  -4.5698 deg

Initial calibration:
  Source   : x=   0.000, y=   0.000, z=   0.000
  Object   : x=   0.000, y=   0.000, z=   0.000
  Detector : x=  25.318, y=   6.310, z=  40.001

After Calibration: 

Unity geometry (world coordinates):
  Source   : x=   5.000, y=  29.995, z=   0.000
  Object   : x=   0.105, y=  24.200, z= 615.909
  Detector : x=   0.000, y=  24.987, z=1099.001
  Obj rotY :  -4.5698 deg
view   0 | SOD= 619.333 mm | SDD=1099.024 mm | M= 1.775 | incident=0.3689°
[[ 128.91533    -605.7398       -5.795229  ]
 [ -95.02281     470.2154       -0.78728867]
 [   0.14659858    0.02981638    0.        ]
 [   0.            0.            0.1496    ]]
Residual vector length: 240, Jacobian shape: (240, 6)
view   0 | SOD= 619.365 mm | SDD=1099.024 mm | M= 1.774 | incident=0.3689°
[[ 128.52408    -605.8557       -5.8016853 ]
 [ -94.82678     470.22156      -0.79374504]
 [   0.14661483    0.02973636    0.        ]
 [   0.            0.            0.1496    ]]

iter 16 cost=7281.783588 -> 7293.145336 |dtheta|=7.862238e-02  lambda=2.009e+03

============================================================
Iteration 17
============================================================
Theta offsets (Unity frame):
  Source   : dSx=   0.000, dSy=   0.000, dSz=   0.000  (mm)
  Object   : dOx=  -0.435, dOy=   4.200, dOz=  15.909  (mm)
  Object offset: offset_x=  -0.973, offset_z=   3.304  (mm)
  Detector : dDx=   0.000, dDy=   0.000, dDz=   0.000  (mm)
  Obj Stage rotY :   16.066 deg
============================================================

Unity geometry (world coordinates):
  Source   : x=   5.000, y=  29.995, z=   0.000
  Object   : x=   0.105, y=  24.200, z= 615.909
  Detector : x= -25.318, y=  18.677, z=1059.000
  Obj rotY :  -4.5698 deg

Initial calibration:
  Source   : x=   0.000, y=   0.000, z=   0.000
  Object   : x=   0.000, y=   0.000, z=   0.000
  Detector : x=  25.318, y=   6.310, z=  40.001

After Calibration: 

Unity geometry (world coordinates):
  Source   : x=   5.000, y=  29.995, z=   0.000
  Object   : x=   0.105, y=  24.200, z= 615.909
  Detector : x=   0.000, y=  24.987, z=1099.001
  Obj rotY :  -4.5698 deg
view   0 | SOD= 619.333 mm | SDD=1099.024 mm | M= 1.775 | incident=0.3689°
[[ 128.91533    -605.7398       -5.795229  ]
 [ -95.02281     470.2154       -0.78728867]
 [   0.14659858    0.02981638    0.        ]
 [   0.            0.            0.1496    ]]
Residual vector length: 240, Jacobian shape: (240, 6)
view   0 | SOD= 619.349 mm | SDD=1099.024 mm | M= 1.774 | incident=0.3689°
[[ 128.80927    -605.77826      -5.799206  ]
 [ -94.99477     470.20483      -0.7912655 ]
 [   0.14660229    0.02979811    0.        ]
 [   0.            0.            0.1496    ]]

iter 17 cost=7281.783588 -> 7265.519676 |dtheta|=3.652570e-02  lambda=1.005e+04

============================================================
Iteration 18
============================================================
Theta offsets (Unity frame):
  Source   : dSx=   0.000, dSy=   0.000, dSz=   0.000  (mm)
  Object   : dOx=  -0.433, dOy=   4.196, dOz=  15.910  (mm)
  Object offset: offset_x=  -0.942, offset_z=   3.322  (mm)
  Detector : dDx=   0.000, dDy=   0.000, dDz=   0.000  (mm)
  Obj Stage rotY :   16.059 deg
============================================================

Unity geometry (world coordinates):
  Source   : x=   5.000, y=  29.995, z=   0.000
  Object   : x=   0.108, y=  24.196, z= 615.910
  Detector : x= -25.318, y=  18.677, z=1059.000
  Obj rotY :  -4.5698 deg

Initial calibration:
  Source   : x=   0.000, y=   0.000, z=   0.000
  Object   : x=   0.000, y=   0.000, z=   0.000
  Detector : x=  25.318, y=   6.310, z=  40.001

After Calibration: 

Unity geometry (world coordinates):
  Source   : x=   5.000, y=  29.995, z=   0.000
  Object   : x=   0.108, y=  24.196, z= 615.910
  Detector : x=   0.000, y=  24.987, z=1099.001
  Obj rotY :  -4.5698 deg
view   0 | SOD= 619.349 mm | SDD=1099.024 mm | M= 1.774 | incident=0.3689°
[[ 128.80927    -605.77826      -5.799206  ]
 [ -94.99477     470.20483      -0.7912655 ]
 [   0.14660229    0.02979811    0.        ]
 [   0.            0.            0.1496    ]]
Residual vector length: 240, Jacobian shape: (240, 6)
view   0 | SOD= 619.330 mm | SDD=1099.024 mm | M= 1.775 | incident=0.3689°
[[ 129.5381     -605.6042       -5.798765  ]
 [ -95.672676    470.08536      -0.7908249 ]
 [   0.1465632     0.02998977    0.        ]
 [   0.            0.            0.1496    ]]

iter 18 cost=7265.519676 -> 7278.455212 |dtheta|=9.223742e-02  lambda=3.349e+03

============================================================
Iteration 19
============================================================
Theta offsets (Unity frame):
  Source   : dSx=   0.000, dSy=   0.000, dSz=   0.000  (mm)
  Object   : dOx=  -0.433, dOy=   4.196, dOz=  15.910  (mm)
  Object offset: offset_x=  -0.942, offset_z=   3.322  (mm)
  Detector : dDx=   0.000, dDy=   0.000, dDz=   0.000  (mm)
  Obj Stage rotY :   16.059 deg
============================================================

Unity geometry (world coordinates):
  Source   : x=   5.000, y=  29.995, z=   0.000
  Object   : x=   0.108, y=  24.196, z= 615.910
  Detector : x= -25.318, y=  18.677, z=1059.000
  Obj rotY :  -4.5698 deg

Initial calibration:
  Source   : x=   0.000, y=   0.000, z=   0.000
  Object   : x=   0.000, y=   0.000, z=   0.000
  Detector : x=  25.318, y=   6.310, z=  40.001

After Calibration: 

Unity geometry (world coordinates):
  Source   : x=   5.000, y=  29.995, z=   0.000
  Object   : x=   0.108, y=  24.196, z= 615.910
  Detector : x=   0.000, y=  24.987, z=1099.001
  Obj rotY :  -4.5698 deg
view   0 | SOD= 619.349 mm | SDD=1099.024 mm | M= 1.774 | incident=0.3689°
[[ 128.80927    -605.77826      -5.799206  ]
 [ -94.99477     470.20483      -0.7912655 ]
 [   0.14660229    0.02979811    0.        ]
 [   0.            0.            0.1496    ]]
Residual vector length: 240, Jacobian shape: (240, 6)
view   0 | SOD= 619.343 mm | SDD=1099.024 mm | M= 1.774 | incident=0.3689°
[[ 128.95242    -605.74243      -5.799303  ]
 [ -95.15109     470.17834      -0.79136276]
 [   0.14659399    0.02983891    0.        ]
 [   0.            0.            0.1496    ]]

iter 19 cost=7265.519676 -> 7269.196574 |dtheta|=2.670869e-02  lambda=1.674e+04

============================================================
Iteration 20
============================================================
Theta offsets (Unity frame):
  Source   : dSx=   0.000, dSy=   0.000, dSz=   0.000  (mm)
  Object   : dOx=  -0.433, dOy=   4.196, dOz=  15.910  (mm)
  Object offset: offset_x=  -0.942, offset_z=   3.322  (mm)
  Detector : dDx=   0.000, dDy=   0.000, dDz=   0.000  (mm)
  Obj Stage rotY :   16.059 deg
============================================================

Unity geometry (world coordinates):
  Source   : x=   5.000, y=  29.995, z=   0.000
  Object   : x=   0.108, y=  24.196, z= 615.910
  Detector : x= -25.318, y=  18.677, z=1059.000
  Obj rotY :  -4.5698 deg

Initial calibration:
  Source   : x=   0.000, y=   0.000, z=   0.000
  Object   : x=   0.000, y=   0.000, z=   0.000
  Detector : x=  25.318, y=   6.310, z=  40.001

After Calibration: 

Unity geometry (world coordinates):
  Source   : x=   5.000, y=  29.995, z=   0.000
  Object   : x=   0.108, y=  24.196, z= 615.910
  Detector : x=   0.000, y=  24.987, z=1099.001
  Obj rotY :  -4.5698 deg
view   0 | SOD= 619.349 mm | SDD=1099.024 mm | M= 1.774 | incident=0.3689°
[[ 128.80927    -605.77826      -5.799206  ]
 [ -94.99477     470.20483      -0.7912655 ]
 [   0.14660229    0.02979811    0.        ]
 [   0.            0.            0.1496    ]]
Residual vector length: 240, Jacobian shape: (240, 6)
view   0 | SOD= 619.347 mm | SDD=1099.024 mm | M= 1.774 | incident=0.3689°
[[ 128.83682    -605.7711       -5.799265  ]
 [ -95.02763     470.19943      -0.7913246 ]
 [   0.14660062    0.02980634    0.        ]
 [   0.            0.            0.1496    ]]

iter 20 cost=7265.519676 -> 7266.231812 |dtheta|=6.293352e-03  lambda=8.372e+04

============================================================
Iteration 21
============================================================
Theta offsets (Unity frame):
  Source   : dSx=   0.000, dSy=   0.000, dSz=   0.000  (mm)
  Object   : dOx=  -0.433, dOy=   4.196, dOz=  15.910  (mm)
  Object offset: offset_x=  -0.942, offset_z=   3.322  (mm)
  Detector : dDx=   0.000, dDy=   0.000, dDz=   0.000  (mm)
  Obj Stage rotY :   16.059 deg
============================================================

Unity geometry (world coordinates):
  Source   : x=   5.000, y=  29.995, z=   0.000
  Object   : x=   0.108, y=  24.196, z= 615.910
  Detector : x= -25.318, y=  18.677, z=1059.000
  Obj rotY :  -4.5698 deg

Initial calibration:
  Source   : x=   0.000, y=   0.000, z=   0.000
  Object   : x=   0.000, y=   0.000, z=   0.000
  Detector : x=  25.318, y=   6.310, z=  40.001

After Calibration: 

Unity geometry (world coordinates):
  Source   : x=   5.000, y=  29.995, z=   0.000
  Object   : x=   0.108, y=  24.196, z= 615.910
  Detector : x=   0.000, y=  24.987, z=1099.001
  Obj rotY :  -4.5698 deg
view   0 | SOD= 619.349 mm | SDD=1099.024 mm | M= 1.774 | incident=0.3689°
[[ 128.80927    -605.77826      -5.799206  ]
 [ -94.99477     470.20483      -0.7912655 ]
 [   0.14660229    0.02979811    0.        ]
 [   0.            0.            0.1496    ]]
Residual vector length: 240, Jacobian shape: (240, 6)
view   0 | SOD= 619.348 mm | SDD=1099.024 mm | M= 1.774 | incident=0.3689°
[[ 128.81471    -605.7768       -5.799221  ]
 [ -95.00143     470.2038       -0.79128075]
 [   0.14660196    0.02979975    0.        ]
 [   0.            0.            0.1496    ]]

iter 21 cost=7265.519676 -> 7270.198111 |dtheta|=1.311401e-03  lambda=4.186e+05

============================================================
Iteration 22
============================================================
Theta offsets (Unity frame):
  Source   : dSx=   0.000, dSy=   0.000, dSz=   0.000  (mm)
  Object   : dOx=  -0.433, dOy=   4.196, dOz=  15.910  (mm)
  Object offset: offset_x=  -0.942, offset_z=   3.322  (mm)
  Detector : dDx=   0.000, dDy=   0.000, dDz=   0.000  (mm)
  Obj Stage rotY :   16.059 deg
============================================================

Unity geometry (world coordinates):
  Source   : x=   5.000, y=  29.995, z=   0.000
  Object   : x=   0.108, y=  24.196, z= 615.910
  Detector : x= -25.318, y=  18.677, z=1059.000
  Obj rotY :  -4.5698 deg

Initial calibration:
  Source   : x=   0.000, y=   0.000, z=   0.000
  Object   : x=   0.000, y=   0.000, z=   0.000
  Detector : x=  25.318, y=   6.310, z=  40.001

After Calibration: 

Unity geometry (world coordinates):
  Source   : x=   5.000, y=  29.995, z=   0.000
  Object   : x=   0.108, y=  24.196, z= 615.910
  Detector : x=   0.000, y=  24.987, z=1099.001
  Obj rotY :  -4.5698 deg
view   0 | SOD= 619.349 mm | SDD=1099.024 mm | M= 1.774 | incident=0.3689°
[[ 128.80927    -605.77826      -5.799206  ]
 [ -94.99477     470.20483      -0.7912655 ]
 [   0.14660229    0.02979811    0.        ]
 [   0.            0.            0.1496    ]]
Residual vector length: 240, Jacobian shape: (240, 6)
view   0 | SOD= 619.349 mm | SDD=1099.024 mm | M= 1.774 | incident=0.3689°
[[ 128.81154    -605.77765      -5.7992134 ]
 [ -94.99756     470.20438      -0.7912731 ]
 [   0.14660215    0.0297988     0.        ]
 [   0.            0.            0.1496    ]]

iter 22 cost=7265.519676 -> 7268.168101 |dtheta|=5.524246e-04  lambda=1.000e+06

============================================================
Iteration 23
============================================================
Theta offsets (Unity frame):
  Source   : dSx=   0.000, dSy=   0.000, dSz=   0.000  (mm)
  Object   : dOx=  -0.433, dOy=   4.196, dOz=  15.910  (mm)
  Object offset: offset_x=  -0.942, offset_z=   3.322  (mm)
  Detector : dDx=   0.000, dDy=   0.000, dDz=   0.000  (mm)
  Obj Stage rotY :   16.059 deg
============================================================

Unity geometry (world coordinates):
  Source   : x=   5.000, y=  29.995, z=   0.000
  Object   : x=   0.108, y=  24.196, z= 615.910
  Detector : x= -25.318, y=  18.677, z=1059.000
  Obj rotY :  -4.5698 deg

Initial calibration:
  Source   : x=   0.000, y=   0.000, z=   0.000
  Object   : x=   0.000, y=   0.000, z=   0.000
  Detector : x=  25.318, y=   6.310, z=  40.001

After Calibration: 

Unity geometry (world coordinates):
  Source   : x=   5.000, y=  29.995, z=   0.000
  Object   : x=   0.108, y=  24.196, z= 615.910
  Detector : x=   0.000, y=  24.987, z=1099.001
  Obj rotY :  -4.5698 deg
view   0 | SOD= 619.349 mm | SDD=1099.024 mm | M= 1.774 | incident=0.3689°
[[ 128.80927    -605.77826      -5.799206  ]
 [ -94.99477     470.20483      -0.7912655 ]
 [   0.14660229    0.02979811    0.        ]
 [   0.            0.            0.1496    ]]
Residual vector length: 240, Jacobian shape: (240, 6)
view   0 | SOD= 619.349 mm | SDD=1099.024 mm | M= 1.774 | incident=0.3689°
[[ 128.81154    -605.77765      -5.7992134 ]
 [ -94.99756     470.20438      -0.7912731 ]
 [   0.14660215    0.0297988     0.        ]
 [   0.            0.            0.1496    ]]

iter 23 cost=7265.519676 -> 7268.168101 |dtheta|=5.524246e-04  lambda=1.000e+06

============================================================
Iteration 24
============================================================
Theta offsets (Unity frame):
  Source   : dSx=   0.000, dSy=   0.000, dSz=   0.000  (mm)
  Object   : dOx=  -0.433, dOy=   4.196, dOz=  15.910  (mm)
  Object offset: offset_x=  -0.942, offset_z=   3.322  (mm)
  Detector : dDx=   0.000, dDy=   0.000, dDz=   0.000  (mm)
  Obj Stage rotY :   16.059 deg
============================================================

Unity geometry (world coordinates):
  Source   : x=   5.000, y=  29.995, z=   0.000
  Object   : x=   0.108, y=  24.196, z= 615.910
  Detector : x= -25.318, y=  18.677, z=1059.000
  Obj rotY :  -4.5698 deg

Initial calibration:
  Source   : x=   0.000, y=   0.000, z=   0.000
  Object   : x=   0.000, y=   0.000, z=   0.000
  Detector : x=  25.318, y=   6.310, z=  40.001

After Calibration: 

Unity geometry (world coordinates):
  Source   : x=   5.000, y=  29.995, z=   0.000
  Object   : x=   0.108, y=  24.196, z= 615.910
  Detector : x=   0.000, y=  24.987, z=1099.001
  Obj rotY :  -4.5698 deg
view   0 | SOD= 619.349 mm | SDD=1099.024 mm | M= 1.774 | incident=0.3689°
[[ 128.80927    -605.77826      -5.799206  ]
 [ -94.99477     470.20483      -0.7912655 ]
 [   0.14660229    0.02979811    0.        ]
 [   0.            0.            0.1496    ]]
Residual vector length: 240, Jacobian shape: (240, 6)
view   0 | SOD= 619.349 mm | SDD=1099.024 mm | M= 1.774 | incident=0.3689°
[[ 128.81154    -605.77765      -5.7992134 ]
 [ -94.99756     470.20438      -0.7912731 ]
 [   0.14660215    0.0297988     0.        ]
 [   0.            0.            0.1496    ]]

iter 24 cost=7265.519676 -> 7268.168101 |dtheta|=5.524246e-04  lambda=1.000e+06

============================================================
Iteration 25
============================================================
Theta offsets (Unity frame):
  Source   : dSx=   0.000, dSy=   0.000, dSz=   0.000  (mm)
  Object   : dOx=  -0.433, dOy=   4.196, dOz=  15.910  (mm)
  Object offset: offset_x=  -0.942, offset_z=   3.322  (mm)
  Detector : dDx=   0.000, dDy=   0.000, dDz=   0.000  (mm)
  Obj Stage rotY :   16.059 deg
============================================================

Unity geometry (world coordinates):
  Source   : x=   5.000, y=  29.995, z=   0.000
  Object   : x=   0.108, y=  24.196, z= 615.910
  Detector : x= -25.318, y=  18.677, z=1059.000
  Obj rotY :  -4.5698 deg

Initial calibration:
  Source   : x=   0.000, y=   0.000, z=   0.000
  Object   : x=   0.000, y=   0.000, z=   0.000
  Detector : x=  25.318, y=   6.310, z=  40.001

After Calibration: 

Unity geometry (world coordinates):
  Source   : x=   5.000, y=  29.995, z=   0.000
  Object   : x=   0.108, y=  24.196, z= 615.910
  Detector : x=   0.000, y=  24.987, z=1099.001
  Obj rotY :  -4.5698 deg
view   0 | SOD= 619.349 mm | SDD=1099.024 mm | M= 1.774 | incident=0.3689°
[[ 128.80927    -605.77826      -5.799206  ]
 [ -94.99477     470.20483      -0.7912655 ]
 [   0.14660229    0.02979811    0.        ]
 [   0.            0.            0.1496    ]]
Residual vector length: 240, Jacobian shape: (240, 6)
view   0 | SOD= 619.349 mm | SDD=1099.024 mm | M= 1.774 | incident=0.3689°
[[ 128.81154    -605.77765      -5.7992134 ]
 [ -94.99756     470.20438      -0.7912731 ]
 [   0.14660215    0.0297988     0.        ]
 [   0.            0.            0.1496    ]]

iter 25 cost=7265.519676 -> 7268.168101 |dtheta|=5.524246e-04  lambda=1.000e+06

============================================================
Iteration 26
============================================================
Theta offsets (Unity frame):
  Source   : dSx=   0.000, dSy=   0.000, dSz=   0.000  (mm)
  Object   : dOx=  -0.433, dOy=   4.196, dOz=  15.910  (mm)
  Object offset: offset_x=  -0.942, offset_z=   3.322  (mm)
  Detector : dDx=   0.000, dDy=   0.000, dDz=   0.000  (mm)
  Obj Stage rotY :   16.059 deg
============================================================

Unity geometry (world coordinates):
  Source   : x=   5.000, y=  29.995, z=   0.000
  Object   : x=   0.108, y=  24.196, z= 615.910
  Detector : x= -25.318, y=  18.677, z=1059.000
  Obj rotY :  -4.5698 deg

Initial calibration:
  Source   : x=   0.000, y=   0.000, z=   0.000
  Object   : x=   0.000, y=   0.000, z=   0.000
  Detector : x=  25.318, y=   6.310, z=  40.001

After Calibration: 

Unity geometry (world coordinates):
  Source   : x=   5.000, y=  29.995, z=   0.000
  Object   : x=   0.108, y=  24.196, z= 615.910
  Detector : x=   0.000, y=  24.987, z=1099.001
  Obj rotY :  -4.5698 deg
view   0 | SOD= 619.349 mm | SDD=1099.024 mm | M= 1.774 | incident=0.3689°
[[ 128.80927    -605.77826      -5.799206  ]
 [ -94.99477     470.20483      -0.7912655 ]
 [   0.14660229    0.02979811    0.        ]
 [   0.            0.            0.1496    ]]
Residual vector length: 240, Jacobian shape: (240, 6)
view   0 | SOD= 619.349 mm | SDD=1099.024 mm | M= 1.774 | incident=0.3689°
[[ 128.81154    -605.77765      -5.7992134 ]
 [ -94.99756     470.20438      -0.7912731 ]
 [   0.14660215    0.0297988     0.        ]
 [   0.            0.            0.1496    ]]

iter 26 cost=7265.519676 -> 7268.168101 |dtheta|=5.524246e-04  lambda=1.000e+06

============================================================
Iteration 27
============================================================
Theta offsets (Unity frame):
  Source   : dSx=   0.000, dSy=   0.000, dSz=   0.000  (mm)
  Object   : dOx=  -0.433, dOy=   4.196, dOz=  15.910  (mm)
  Object offset: offset_x=  -0.942, offset_z=   3.322  (mm)
  Detector : dDx=   0.000, dDy=   0.000, dDz=   0.000  (mm)
  Obj Stage rotY :   16.059 deg
============================================================

Unity geometry (world coordinates):
  Source   : x=   5.000, y=  29.995, z=   0.000
  Object   : x=   0.108, y=  24.196, z= 615.910
  Detector : x= -25.318, y=  18.677, z=1059.000
  Obj rotY :  -4.5698 deg

Initial calibration:
  Source   : x=   0.000, y=   0.000, z=   0.000
  Object   : x=   0.000, y=   0.000, z=   0.000
  Detector : x=  25.318, y=   6.310, z=  40.001

After Calibration: 

Unity geometry (world coordinates):
  Source   : x=   5.000, y=  29.995, z=   0.000
  Object   : x=   0.108, y=  24.196, z= 615.910
  Detector : x=   0.000, y=  24.987, z=1099.001
  Obj rotY :  -4.5698 deg
view   0 | SOD= 619.349 mm | SDD=1099.024 mm | M= 1.774 | incident=0.3689°
[[ 128.80927    -605.77826      -5.799206  ]
 [ -94.99477     470.20483      -0.7912655 ]
 [   0.14660229    0.02979811    0.        ]
 [   0.            0.            0.1496    ]]
Residual vector length: 240, Jacobian shape: (240, 6)
view   0 | SOD= 619.349 mm | SDD=1099.024 mm | M= 1.774 | incident=0.3689°
[[ 128.81154    -605.77765      -5.7992134 ]
 [ -94.99756     470.20438      -0.7912731 ]
 [   0.14660215    0.0297988     0.        ]
 [   0.            0.            0.1496    ]]

iter 27 cost=7265.519676 -> 7268.168101 |dtheta|=5.524246e-04  lambda=1.000e+06

============================================================
Iteration 28
============================================================
Theta offsets (Unity frame):
  Source   : dSx=   0.000, dSy=   0.000, dSz=   0.000  (mm)
  Object   : dOx=  -0.433, dOy=   4.196, dOz=  15.910  (mm)
  Object offset: offset_x=  -0.942, offset_z=   3.322  (mm)
  Detector : dDx=   0.000, dDy=   0.000, dDz=   0.000  (mm)
  Obj Stage rotY :   16.059 deg
============================================================

Unity geometry (world coordinates):
  Source   : x=   5.000, y=  29.995, z=   0.000
  Object   : x=   0.108, y=  24.196, z= 615.910
  Detector : x= -25.318, y=  18.677, z=1059.000
  Obj rotY :  -4.5698 deg

Initial calibration:
  Source   : x=   0.000, y=   0.000, z=   0.000
  Object   : x=   0.000, y=   0.000, z=   0.000
  Detector : x=  25.318, y=   6.310, z=  40.001

After Calibration: 

Unity geometry (world coordinates):
  Source   : x=   5.000, y=  29.995, z=   0.000
  Object   : x=   0.108, y=  24.196, z= 615.910
  Detector : x=   0.000, y=  24.987, z=1099.001
  Obj rotY :  -4.5698 deg
view   0 | SOD= 619.349 mm | SDD=1099.024 mm | M= 1.774 | incident=0.3689°
[[ 128.80927    -605.77826      -5.799206  ]
 [ -94.99477     470.20483      -0.7912655 ]
 [   0.14660229    0.02979811    0.        ]
 [   0.            0.            0.1496    ]]
Residual vector length: 240, Jacobian shape: (240, 6)
view   0 | SOD= 619.349 mm | SDD=1099.024 mm | M= 1.774 | incident=0.3689°
[[ 128.81154    -605.77765      -5.7992134 ]
 [ -94.99756     470.20438      -0.7912731 ]
 [   0.14660215    0.0297988     0.        ]
 [   0.            0.            0.1496    ]]

iter 28 cost=7265.519676 -> 7268.168101 |dtheta|=5.524246e-04  lambda=1.000e+06
Stalled.

Estimated theta:
  dSx: +0.000000
  dSy: +0.000000
  dOx: -0.432618
  dOy: +4.195682
  dOz: +15.909653
  dDx: +0.000000
  dDy: +0.000000
  dDz: +0.000000
alpha: +1.605914e+01 deg)
offset_x: -0.942203
offset_z: +3.322330

Final cost table:
Final estimated theta: [ 0.          0.         -0.43261811  4.19568156 15.90965282  0.
  0.          0.         16.05913875 -0.94220304  3.32232961]
################################################################################

