
################################################################################
Running scenario=Scan8 Projections=360 Used=12, K=5

============================================================
Iteration 0
============================================================
Theta offsets (Unity frame):
  Source   : dSx=   0.000, dSy=   0.000, dSz=   0.000  (mm)
  Object   : dOx=   0.000, dOy=   0.000, dOz=   0.000  (mm)
  Object offset: offset_x=   0.000, offset_z=   0.000  (mm)
  Detector : dDx=   0.000, dDy=   0.000, dDz=   0.000  (mm)
  Obj Stage rotY :    0.000 deg
============================================================

Unity geometry (world coordinates):
  Source   : x=   5.000, y=  29.992, z=   0.000
  Object   : x=   0.541, y=  20.000, z= 800.000
  Detector : x= -25.318, y=  18.667, z=1059.000
  Obj rotY :  -4.5698 deg

Initial calibration:
  Source   : x=   0.000, y=   0.000, z=   0.000
  Object   : x=   0.000, y=   0.000, z=   0.000
  Detector : x=  25.318, y=   6.310, z=  40.001

After Calibration: 

Unity geometry (world coordinates):
  Source   : x=   5.000, y=  29.992, z=   0.000
  Object   : x=   0.541, y=  20.000, z= 800.000
  Detector : x=   0.000, y=  24.977, z=1099.001
  Obj rotY :  -4.5698 deg
view   0 | SOD= 800.074 mm | SDD=1099.024 mm | M= 1.374 | incident=0.3692°
[[ -59.29429    -797.8116       -9.992371  ]
 [  23.2838      298.09387      -4.9769535 ]
 [   0.14912441   -0.01191922    0.        ]
 [   0.            0.            0.1496    ]]
Residual vector length: 240, Jacobian shape: (240, 6)
view   0 | SOD= 826.350 mm | SDD=1099.024 mm | M= 1.330 | incident=0.3692°
[[ -57.25577    -824.34576      -5.54228   ]
 [   7.7278605   272.74356      -0.5268631 ]
 [   0.14929646   -0.00952498    0.        ]
 [   0.            0.            0.1496    ]]
/vol/home/s3777103/Documents/workspace/Thesis/AutoCalibration/gauss_newton_real.py:300: FutureWarning: The behavior of DataFrame concatenation with empty or all-NA entries is deprecated. In a future version, this will no longer exclude empty or all-NA columns when determining the result dtypes. To retain the old behavior, exclude the relevant entries before the concat operation.
  df_r0 = pd.concat([df_r0, df_iter], ignore_index=True)

iter 00 cost=535148.664581 -> 74726.260979 |dtheta|=2.167058e+01  lambda=1.000e-02

============================================================
Iteration 1
============================================================
Theta offsets (Unity frame):
  Source   : dSx=   0.000, dSy=   0.000, dSz=   0.000  (mm)
  Object   : dOx=   0.186, dOy=   4.450, dOz=  16.543  (mm)
  Object offset: offset_x=   8.119, offset_z=  10.456  (mm)
  Detector : dDx=   0.000, dDy=   0.000, dDz=   0.000  (mm)
  Obj Stage rotY :    0.919 deg
============================================================

Unity geometry (world coordinates):
  Source   : x=   5.000, y=  29.992, z=   0.000
  Object   : x=   0.727, y=  24.450, z= 816.543
  Detector : x= -25.318, y=  18.667, z=1059.000
  Obj rotY :  -4.5698 deg

Initial calibration:
  Source   : x=   0.000, y=   0.000, z=   0.000
  Object   : x=   0.000, y=   0.000, z=   0.000
  Detector : x=  25.318, y=   6.310, z=  40.001

After Calibration: 

Unity geometry (world coordinates):
  Source   : x=   5.000, y=  29.992, z=   0.000
  Object   : x=   0.727, y=  24.450, z= 816.543
  Detector : x=   0.000, y=  24.977, z=1099.001
  Obj rotY :  -4.5698 deg
view   0 | SOD= 826.350 mm | SDD=1099.024 mm | M= 1.330 | incident=0.3692°
[[ -57.25577    -824.34576      -5.54228   ]
 [   7.7278605   272.74356      -0.5268631 ]
 [   0.14929646   -0.00952498    0.        ]
 [   0.            0.            0.1496    ]]
Residual vector length: 240, Jacobian shape: (240, 6)
view   0 | SOD= 836.884 mm | SDD=1099.024 mm | M= 1.313 | incident=0.3692°
[[ -34.94027    -836.1339       -5.785528  ]
 [  -3.4909918   262.42828      -0.7701111 ]
 [   0.14951771   -0.00496117    0.        ]
 [   0.            0.            0.1496    ]]

iter 01 cost=74726.260979 -> 33572.625661 |dtheta|=8.408795e+00  lambda=3.333e-03

============================================================
Iteration 2
============================================================
Theta offsets (Unity frame):
  Source   : dSx=   0.000, dSy=   0.000, dSz=   0.000  (mm)
  Object   : dOx=   0.968, dOy=   4.207, dOz=  23.876  (mm)
  Object offset: offset_x=   9.617, offset_z=  13.767  (mm)
  Detector : dDx=   0.000, dDy=   0.000, dDz=   0.000  (mm)
  Obj Stage rotY :    2.669 deg
============================================================

Unity geometry (world coordinates):
  Source   : x=   5.000, y=  29.992, z=   0.000
  Object   : x=   1.508, y=  24.207, z= 823.875
  Detector : x= -25.318, y=  18.667, z=1059.000
  Obj rotY :  -4.5698 deg

Initial calibration:
  Source   : x=   0.000, y=   0.000, z=   0.000
  Object   : x=   0.000, y=   0.000, z=   0.000
  Detector : x=  25.318, y=   6.310, z=  40.001

After Calibration: 

Unity geometry (world coordinates):
  Source   : x=   5.000, y=  29.992, z=   0.000
  Object   : x=   1.508, y=  24.207, z= 823.875
  Detector : x=   0.000, y=  24.977, z=1099.001
  Obj rotY :  -4.5698 deg
view   0 | SOD= 836.884 mm | SDD=1099.024 mm | M= 1.313 | incident=0.3692°
[[ -34.94027    -836.1339       -5.785528  ]
 [  -3.4909918   262.42828      -0.7701111 ]
 [   0.14951771   -0.00496117    0.        ]
 [   0.            0.            0.1496    ]]
Residual vector length: 240, Jacobian shape: (240, 6)
view   0 | SOD= 829.319 mm | SDD=1099.024 mm | M= 1.325 | incident=0.3692°
[[   9.62819    -829.24335      -5.76523   ]
 [ -19.028011    269.39523      -0.7498131 ]
 [   0.14956534    0.00322039    0.        ]
 [   0.            0.            0.1496    ]]

iter 02 cost=33572.625661 -> 23336.246704 |dtheta|=9.033715e+00  lambda=1.111e-03

============================================================
Iteration 3
============================================================
Theta offsets (Unity frame):
  Source   : dSx=   0.000, dSy=   0.000, dSz=   0.000  (mm)
  Object   : dOx=   0.980, dOy=   4.227, dOz=  15.503  (mm)
  Object offset: offset_x=  10.570, offset_z=  14.645  (mm)
  Detector : dDx=   0.000, dDy=   0.000, dDz=   0.000  (mm)
  Obj Stage rotY :    5.803 deg
============================================================

Unity geometry (world coordinates):
  Source   : x=   5.000, y=  29.992, z=   0.000
  Object   : x=   1.521, y=  24.227, z= 815.502
  Detector : x= -25.318, y=  18.667, z=1059.000
  Obj rotY :  -4.5698 deg

Initial calibration:
  Source   : x=   0.000, y=   0.000, z=   0.000
  Object   : x=   0.000, y=   0.000, z=   0.000
  Detector : x=  25.318, y=   6.310, z=  40.001

After Calibration: 

Unity geometry (world coordinates):
  Source   : x=   5.000, y=  29.992, z=   0.000
  Object   : x=   1.521, y=  24.227, z= 815.502
  Detector : x=   0.000, y=  24.977, z=1099.001
  Obj rotY :  -4.5698 deg
view   0 | SOD= 829.319 mm | SDD=1099.024 mm | M= 1.325 | incident=0.3692°
[[   9.62819    -829.24335      -5.76523   ]
 [ -19.028011    269.39523      -0.7498131 ]
 [   0.14956534    0.00322039    0.        ]
 [   0.            0.            0.1496    ]]
Residual vector length: 240, Jacobian shape: (240, 6)
view   0 | SOD= 837.481 mm | SDD=1099.024 mm | M= 1.312 | incident=0.3692°
[[  65.13554    -834.9245       -5.713175  ]
 [ -36.522926    259.37592      -0.6977577 ]
 [   0.14902003    0.01316021    0.        ]
 [   0.            0.            0.1496    ]]

iter 03 cost=23336.246704 -> 18084.809050 |dtheta|=8.073625e+00  lambda=3.704e-04

============================================================
Iteration 4
============================================================
Theta offsets (Unity frame):
  Source   : dSx=   0.000, dSy=   0.000, dSz=   0.000  (mm)
  Object   : dOx=   0.775, dOy=   4.279, dOz=  22.499  (mm)
  Object offset: offset_x=  11.021, offset_z=  15.847  (mm)
  Detector : dDx=   0.000, dDy=   0.000, dDz=   0.000  (mm)
  Obj Stage rotY :    9.617 deg
============================================================

Unity geometry (world coordinates):
  Source   : x=   5.000, y=  29.992, z=   0.000
  Object   : x=   1.316, y=  24.279, z= 822.499
  Detector : x= -25.318, y=  18.667, z=1059.000
  Obj rotY :  -4.5698 deg

Initial calibration:
  Source   : x=   0.000, y=   0.000, z=   0.000
  Object   : x=   0.000, y=   0.000, z=   0.000
  Detector : x=  25.318, y=   6.310, z=  40.001

After Calibration: 

Unity geometry (world coordinates):
  Source   : x=   5.000, y=  29.992, z=   0.000
  Object   : x=   1.316, y=  24.279, z= 822.499
  Detector : x=   0.000, y=  24.977, z=1099.001
  Obj rotY :  -4.5698 deg
view   0 | SOD= 837.481 mm | SDD=1099.024 mm | M= 1.312 | incident=0.3692°
[[  65.13554    -834.9245       -5.713175  ]
 [ -36.522926    259.37592      -0.6977577 ]
 [   0.14902003    0.01316021    0.        ]
 [   0.            0.            0.1496    ]]
Residual vector length: 240, Jacobian shape: (240, 6)
view   0 | SOD= 833.111 mm | SDD=1099.024 mm | M= 1.319 | incident=0.3692°
[[ 101.2812     -826.9123       -5.69273   ]
 [ -49.075935    261.76608      -0.67731285]
 [   0.14828491    0.01979259    0.        ]
 [   0.            0.            0.1496    ]]

iter 04 cost=18084.809050 -> 16253.341759 |dtheta|=5.171093e+00  lambda=1.235e-04

============================================================
Iteration 5
============================================================
Theta offsets (Unity frame):
  Source   : dSx=   0.000, dSy=   0.000, dSz=   0.000  (mm)
  Object   : dOx=   0.908, dOy=   4.300, dOz=  18.018  (mm)
  Object offset: offset_x=  11.326, offset_z=  15.978  (mm)
  Detector : dDx=   0.000, dDy=   0.000, dDz=   0.000  (mm)
  Obj Stage rotY :   12.173 deg
============================================================

Unity geometry (world coordinates):
  Source   : x=   5.000, y=  29.992, z=   0.000
  Object   : x=   1.449, y=  24.300, z= 818.018
  Detector : x= -25.318, y=  18.667, z=1059.000
  Obj rotY :  -4.5698 deg

Initial calibration:
  Source   : x=   0.000, y=   0.000, z=   0.000
  Object   : x=   0.000, y=   0.000, z=   0.000
  Detector : x=  25.318, y=   6.310, z=  40.001

After Calibration: 

Unity geometry (world coordinates):
  Source   : x=   5.000, y=  29.992, z=   0.000
  Object   : x=   1.449, y=  24.300, z= 818.018
  Detector : x=   0.000, y=  24.977, z=1099.001
  Obj rotY :  -4.5698 deg
view   0 | SOD= 833.111 mm | SDD=1099.024 mm | M= 1.319 | incident=0.3692°
[[ 101.2812     -826.9123       -5.69273   ]
 [ -49.075935    261.76608      -0.67731285]
 [   0.14828491    0.01979259    0.        ]
 [   0.            0.            0.1496    ]]
Residual vector length: 240, Jacobian shape: (240, 6)
view   0 | SOD= 832.250 mm | SDD=1099.024 mm | M= 1.321 | incident=0.3692°
[[ 119.85108    -823.5551       -5.674658  ]
 [ -55.415974    261.39157      -0.6592407 ]
 [   0.14779237    0.02318566    0.        ]
 [   0.            0.            0.1496    ]]

iter 05 cost=16253.341759 -> 15685.148751 |dtheta|=1.742862e+00  lambda=4.115e-05

============================================================
Iteration 6
============================================================
Theta offsets (Unity frame):
  Source   : dSx=   0.000, dSy=   0.000, dSz=   0.000  (mm)
  Object   : dOx=   0.873, dOy=   4.318, dOz=  16.926  (mm)
  Object offset: offset_x=  11.565, offset_z=  16.227  (mm)
  Detector : dDx=   0.000, dDy=   0.000, dDz=   0.000  (mm)
  Obj Stage rotY :   13.486 deg
============================================================

Unity geometry (world coordinates):
  Source   : x=   5.000, y=  29.992, z=   0.000
  Object   : x=   1.414, y=  24.318, z= 816.925
  Detector : x= -25.318, y=  18.667, z=1059.000
  Obj rotY :  -4.5698 deg

Initial calibration:
  Source   : x=   0.000, y=   0.000, z=   0.000
  Object   : x=   0.000, y=   0.000, z=   0.000
  Detector : x=  25.318, y=   6.310, z=  40.001

After Calibration: 

Unity geometry (world coordinates):
  Source   : x=   5.000, y=  29.992, z=   0.000
  Object   : x=   1.414, y=  24.318, z= 816.925
  Detector : x=   0.000, y=  24.977, z=1099.001
  Obj rotY :  -4.5698 deg
view   0 | SOD= 832.250 mm | SDD=1099.024 mm | M= 1.321 | incident=0.3692°
[[ 119.85108    -823.5551       -5.674658  ]
 [ -55.415974    261.39157      -0.6592407 ]
 [   0.14779237    0.02318566    0.        ]
 [   0.            0.            0.1496    ]]
Residual vector length: 240, Jacobian shape: (240, 6)
view   0 | SOD= 835.108 mm | SDD=1099.024 mm | M= 1.316 | incident=0.3692°
[[ 144.42708    -822.5049       -5.6878834 ]
 [ -62.173897    256.91345      -0.6724663 ]
 [   0.14705925    0.02745428    0.        ]
 [   0.            0.            0.1496    ]]

iter 06 cost=15685.148751 -> 14939.669394 |dtheta|=3.266684e+00  lambda=1.372e-05

============================================================
Iteration 7
============================================================
Theta offsets (Unity frame):
  Source   : dSx=   0.000, dSy=   0.000, dSz=   0.000  (mm)
  Object   : dOx=   0.848, dOy=   4.304, dOz=  19.729  (mm)
  Object offset: offset_x=  11.321, offset_z=  16.266  (mm)
  Detector : dDx=   0.000, dDy=   0.000, dDz=   0.000  (mm)
  Obj Stage rotY :   15.145 deg
============================================================

Unity geometry (world coordinates):
  Source   : x=   5.000, y=  29.992, z=   0.000
  Object   : x=   1.389, y=  24.304, z= 819.729
  Detector : x= -25.318, y=  18.667, z=1059.000
  Obj rotY :  -4.5698 deg

Initial calibration:
  Source   : x=   0.000, y=   0.000, z=   0.000
  Object   : x=   0.000, y=   0.000, z=   0.000
  Detector : x=  25.318, y=   6.310, z=  40.001

After Calibration: 

Unity geometry (world coordinates):
  Source   : x=   5.000, y=  29.992, z=   0.000
  Object   : x=   1.389, y=  24.304, z= 819.729
  Detector : x=   0.000, y=  24.977, z=1099.001
  Obj rotY :  -4.5698 deg
view   0 | SOD= 835.108 mm | SDD=1099.024 mm | M= 1.316 | incident=0.3692°
[[ 144.42708    -822.5049       -5.6878834 ]
 [ -62.173897    256.91345      -0.6724663 ]
 [   0.14705925    0.02745428    0.        ]
 [   0.            0.            0.1496    ]]
Residual vector length: 240, Jacobian shape: (240, 6)
view   0 | SOD= 833.035 mm | SDD=1099.024 mm | M= 1.319 | incident=0.3692°
[[ 157.85442    -817.92285      -5.6697235 ]
 [ -66.94422     257.85287      -0.6543064 ]
 [   0.14657469    0.02993362    0.        ]
 [   0.            0.            0.1496    ]]

iter 07 cost=14939.669394 -> 14588.186348 |dtheta|=2.188871e+00  lambda=4.572e-06

============================================================
Iteration 8
============================================================
Theta offsets (Unity frame):
  Source   : dSx=   0.000, dSy=   0.000, dSz=   0.000  (mm)
  Object   : dOx=   0.886, dOy=   4.323, dOz=  17.769  (mm)
  Object offset: offset_x=  11.319, offset_z=  16.152  (mm)
  Detector : dDx=   0.000, dDy=   0.000, dDz=   0.000  (mm)
  Obj Stage rotY :   16.112 deg
============================================================

Unity geometry (world coordinates):
  Source   : x=   5.000, y=  29.992, z=   0.000
  Object   : x=   1.427, y=  24.323, z= 817.769
  Detector : x= -25.318, y=  18.667, z=1059.000
  Obj rotY :  -4.5698 deg

Initial calibration:
  Source   : x=   0.000, y=   0.000, z=   0.000
  Object   : x=   0.000, y=   0.000, z=   0.000
  Detector : x=  25.318, y=   6.310, z=  40.001

After Calibration: 

Unity geometry (world coordinates):
  Source   : x=   5.000, y=  29.992, z=   0.000
  Object   : x=   1.427, y=  24.323, z= 817.769
  Detector : x=   0.000, y=  24.977, z=1099.001
  Obj rotY :  -4.5698 deg
view   0 | SOD= 833.035 mm | SDD=1099.024 mm | M= 1.319 | incident=0.3692°
[[ 157.85442    -817.92285      -5.6697235 ]
 [ -66.94422     257.85287      -0.6543064 ]
 [   0.14657469    0.02993362    0.        ]
 [   0.            0.            0.1496    ]]
Residual vector length: 240, Jacobian shape: (240, 6)
view   0 | SOD= 833.565 mm | SDD=1099.024 mm | M= 1.318 | incident=0.3692°
[[ 176.17326    -814.7159       -5.6917953 ]
 [ -72.50515     255.79192      -0.67637825]
 [   0.1458724     0.03318742    0.        ]
 [   0.            0.            0.1496    ]]

iter 08 cost=14588.186348 -> 14326.358072 |dtheta|=1.347517e+00  lambda=1.524e-06

============================================================
Iteration 9
============================================================
Theta offsets (Unity frame):
  Source   : dSx=   0.000, dSy=   0.000, dSz=   0.000  (mm)
  Object   : dOx=   0.900, dOy=   4.301, dOz=  18.186  (mm)
  Object offset: offset_x=  11.253, offset_z=  16.261  (mm)
  Detector : dDx=   0.000, dDy=   0.000, dDz=   0.000  (mm)
  Obj Stage rotY :   17.387 deg
============================================================

Unity geometry (world coordinates):
  Source   : x=   5.000, y=  29.992, z=   0.000
  Object   : x=   1.441, y=  24.301, z= 818.185
  Detector : x= -25.318, y=  18.667, z=1059.000
  Obj rotY :  -4.5698 deg

Initial calibration:
  Source   : x=   0.000, y=   0.000, z=   0.000
  Object   : x=   0.000, y=   0.000, z=   0.000
  Detector : x=  25.318, y=   6.310, z=  40.001

After Calibration: 

Unity geometry (world coordinates):
  Source   : x=   5.000, y=  29.992, z=   0.000
  Object   : x=   1.441, y=  24.301, z= 818.185
  Detector : x=   0.000, y=  24.977, z=1099.001
  Obj rotY :  -4.5698 deg
view   0 | SOD= 833.565 mm | SDD=1099.024 mm | M= 1.318 | incident=0.3692°
[[ 176.17326    -814.7159       -5.6917953 ]
 [ -72.50515     255.79192      -0.67637825]
 [   0.1458724     0.03318742    0.        ]
 [   0.            0.            0.1496    ]]
Residual vector length: 240, Jacobian shape: (240, 6)
view   0 | SOD= 838.562 mm | SDD=1099.024 mm | M= 1.311 | incident=0.3692°
[[ 179.39574    -819.128        -5.7120514 ]
 [ -72.27335     250.68066      -0.6966343 ]
 [   0.14577907    0.03359494    0.        ]
 [   0.            0.            0.1496    ]]

iter 09 cost=14326.358072 -> 14466.237057 |dtheta|=5.142356e+00  lambda=1.000e-06

============================================================
Iteration 10
============================================================
Theta offsets (Unity frame):
  Source   : dSx=   0.000, dSy=   0.000, dSz=   0.000  (mm)
  Object   : dOx=   0.900, dOy=   4.301, dOz=  18.186  (mm)
  Object offset: offset_x=  11.253, offset_z=  16.261  (mm)
  Detector : dDx=   0.000, dDy=   0.000, dDz=   0.000  (mm)
  Obj Stage rotY :   17.387 deg
============================================================

Unity geometry (world coordinates):
  Source   : x=   5.000, y=  29.992, z=   0.000
  Object   : x=   1.441, y=  24.301, z= 818.185
  Detector : x= -25.318, y=  18.667, z=1059.000
  Obj rotY :  -4.5698 deg

Initial calibration:
  Source   : x=   0.000, y=   0.000, z=   0.000
  Object   : x=   0.000, y=   0.000, z=   0.000
  Detector : x=  25.318, y=   6.310, z=  40.001

After Calibration: 

Unity geometry (world coordinates):
  Source   : x=   5.000, y=  29.992, z=   0.000
  Object   : x=   1.441, y=  24.301, z= 818.185
  Detector : x=   0.000, y=  24.977, z=1099.001
  Obj rotY :  -4.5698 deg
view   0 | SOD= 833.565 mm | SDD=1099.024 mm | M= 1.318 | incident=0.3692°
[[ 176.17326    -814.7159       -5.6917953 ]
 [ -72.50515     255.79192      -0.67637825]
 [   0.1458724     0.03318742    0.        ]
 [   0.            0.            0.1496    ]]
Residual vector length: 240, Jacobian shape: (240, 6)
view   0 | SOD= 838.562 mm | SDD=1099.024 mm | M= 1.311 | incident=0.3692°
[[ 179.39575    -819.128        -5.7120514 ]
 [ -72.27335     250.68066      -0.6966343 ]
 [   0.14577907    0.03359494    0.        ]
 [   0.            0.            0.1496    ]]

iter 10 cost=14326.358072 -> 14465.751903 |dtheta|=5.142355e+00  lambda=5.000e-06

============================================================
Iteration 11
============================================================
Theta offsets (Unity frame):
  Source   : dSx=   0.000, dSy=   0.000, dSz=   0.000  (mm)
  Object   : dOx=   0.900, dOy=   4.301, dOz=  18.186  (mm)
  Object offset: offset_x=  11.253, offset_z=  16.261  (mm)
  Detector : dDx=   0.000, dDy=   0.000, dDz=   0.000  (mm)
  Obj Stage rotY :   17.387 deg
============================================================

Unity geometry (world coordinates):
  Source   : x=   5.000, y=  29.992, z=   0.000
  Object   : x=   1.441, y=  24.301, z= 818.185
  Detector : x= -25.318, y=  18.667, z=1059.000
  Obj rotY :  -4.5698 deg

Initial calibration:
  Source   : x=   0.000, y=   0.000, z=   0.000
  Object   : x=   0.000, y=   0.000, z=   0.000
  Detector : x=  25.318, y=   6.310, z=  40.001

After Calibration: 

Unity geometry (world coordinates):
  Source   : x=   5.000, y=  29.992, z=   0.000
  Object   : x=   1.441, y=  24.301, z= 818.185
  Detector : x=   0.000, y=  24.977, z=1099.001
  Obj rotY :  -4.5698 deg
view   0 | SOD= 833.565 mm | SDD=1099.024 mm | M= 1.318 | incident=0.3692°
[[ 176.17326    -814.7159       -5.6917953 ]
 [ -72.50515     255.79192      -0.67637825]
 [   0.1458724     0.03318742    0.        ]
 [   0.            0.            0.1496    ]]
Residual vector length: 240, Jacobian shape: (240, 6)
view   0 | SOD= 838.562 mm | SDD=1099.024 mm | M= 1.311 | incident=0.3692°
[[ 179.39575    -819.128        -5.7120514 ]
 [ -72.27335     250.68065      -0.6966343 ]
 [   0.14577907    0.03359494    0.        ]
 [   0.            0.            0.1496    ]]

iter 11 cost=14326.358072 -> 14465.751903 |dtheta|=5.142351e+00  lambda=2.500e-05

============================================================
Iteration 12
============================================================
Theta offsets (Unity frame):
  Source   : dSx=   0.000, dSy=   0.000, dSz=   0.000  (mm)
  Object   : dOx=   0.900, dOy=   4.301, dOz=  18.186  (mm)
  Object offset: offset_x=  11.253, offset_z=  16.261  (mm)
  Detector : dDx=   0.000, dDy=   0.000, dDz=   0.000  (mm)
  Obj Stage rotY :   17.387 deg
============================================================

Unity geometry (world coordinates):
  Source   : x=   5.000, y=  29.992, z=   0.000
  Object   : x=   1.441, y=  24.301, z= 818.185
  Detector : x= -25.318, y=  18.667, z=1059.000
  Obj rotY :  -4.5698 deg

Initial calibration:
  Source   : x=   0.000, y=   0.000, z=   0.000
  Object   : x=   0.000, y=   0.000, z=   0.000
  Detector : x=  25.318, y=   6.310, z=  40.001

After Calibration: 

Unity geometry (world coordinates):
  Source   : x=   5.000, y=  29.992, z=   0.000
  Object   : x=   1.441, y=  24.301, z= 818.185
  Detector : x=   0.000, y=  24.977, z=1099.001
  Obj rotY :  -4.5698 deg
view   0 | SOD= 833.565 mm | SDD=1099.024 mm | M= 1.318 | incident=0.3692°
[[ 176.17326    -814.7159       -5.6917953 ]
 [ -72.50515     255.79192      -0.67637825]
 [   0.1458724     0.03318742    0.        ]
 [   0.            0.            0.1496    ]]
Residual vector length: 240, Jacobian shape: (240, 6)
view   0 | SOD= 838.562 mm | SDD=1099.024 mm | M= 1.311 | incident=0.3692°
[[ 179.39577    -819.128        -5.7120495 ]
 [ -72.27336     250.68065      -0.6966324 ]
 [   0.14577907    0.03359495    0.        ]
 [   0.            0.            0.1496    ]]

iter 12 cost=14326.358072 -> 14465.751903 |dtheta|=5.142328e+00  lambda=1.250e-04

============================================================
Iteration 13
============================================================
Theta offsets (Unity frame):
  Source   : dSx=   0.000, dSy=   0.000, dSz=   0.000  (mm)
  Object   : dOx=   0.900, dOy=   4.301, dOz=  18.186  (mm)
  Object offset: offset_x=  11.253, offset_z=  16.261  (mm)
  Detector : dDx=   0.000, dDy=   0.000, dDz=   0.000  (mm)
  Obj Stage rotY :   17.387 deg
============================================================

Unity geometry (world coordinates):
  Source   : x=   5.000, y=  29.992, z=   0.000
  Object   : x=   1.441, y=  24.301, z= 818.185
  Detector : x= -25.318, y=  18.667, z=1059.000
  Obj rotY :  -4.5698 deg

Initial calibration:
  Source   : x=   0.000, y=   0.000, z=   0.000
  Object   : x=   0.000, y=   0.000, z=   0.000
  Detector : x=  25.318, y=   6.310, z=  40.001

After Calibration: 

Unity geometry (world coordinates):
  Source   : x=   5.000, y=  29.992, z=   0.000
  Object   : x=   1.441, y=  24.301, z= 818.185
  Detector : x=   0.000, y=  24.977, z=1099.001
  Obj rotY :  -4.5698 deg
view   0 | SOD= 833.565 mm | SDD=1099.024 mm | M= 1.318 | incident=0.3692°
[[ 176.17326    -814.7159       -5.6917953 ]
 [ -72.50515     255.79192      -0.67637825]
 [   0.1458724     0.03318742    0.        ]
 [   0.            0.            0.1496    ]]
Residual vector length: 240, Jacobian shape: (240, 6)
view   0 | SOD= 838.562 mm | SDD=1099.024 mm | M= 1.311 | incident=0.3692°
[[ 179.39583    -819.12787      -5.7120495 ]
 [ -72.273415    250.68077      -0.6966324 ]
 [   0.14577907    0.03359496    0.        ]
 [   0.            0.            0.1496    ]]

iter 13 cost=14326.358072 -> 14465.110612 |dtheta|=5.142211e+00  lambda=6.250e-04

============================================================
Iteration 14
============================================================
Theta offsets (Unity frame):
  Source   : dSx=   0.000, dSy=   0.000, dSz=   0.000  (mm)
  Object   : dOx=   0.900, dOy=   4.301, dOz=  18.186  (mm)
  Object offset: offset_x=  11.253, offset_z=  16.261  (mm)
  Detector : dDx=   0.000, dDy=   0.000, dDz=   0.000  (mm)
  Obj Stage rotY :   17.387 deg
============================================================

Unity geometry (world coordinates):
  Source   : x=   5.000, y=  29.992, z=   0.000
  Object   : x=   1.441, y=  24.301, z= 818.185
  Detector : x= -25.318, y=  18.667, z=1059.000
  Obj rotY :  -4.5698 deg

Initial calibration:
  Source   : x=   0.000, y=   0.000, z=   0.000
  Object   : x=   0.000, y=   0.000, z=   0.000
  Detector : x=  25.318, y=   6.310, z=  40.001

After Calibration: 

Unity geometry (world coordinates):
  Source   : x=   5.000, y=  29.992, z=   0.000
  Object   : x=   1.441, y=  24.301, z= 818.185
  Detector : x=   0.000, y=  24.977, z=1099.001
  Obj rotY :  -4.5698 deg
view   0 | SOD= 833.565 mm | SDD=1099.024 mm | M= 1.318 | incident=0.3692°
[[ 176.17326    -814.7159       -5.6917953 ]
 [ -72.50515     255.79192      -0.67637825]
 [   0.1458724     0.03318742    0.        ]
 [   0.            0.            0.1496    ]]
Residual vector length: 240, Jacobian shape: (240, 6)
view   0 | SOD= 838.561 mm | SDD=1099.024 mm | M= 1.311 | incident=0.3692°
[[ 179.39612    -819.12714      -5.712044  ]
 [ -72.27367     250.68132      -0.69662666]
 [   0.14577906    0.03359504    0.        ]
 [   0.            0.            0.1496    ]]

iter 14 cost=14326.358072 -> 14465.110612 |dtheta|=5.141629e+00  lambda=3.125e-03

============================================================
Iteration 15
============================================================
Theta offsets (Unity frame):
  Source   : dSx=   0.000, dSy=   0.000, dSz=   0.000  (mm)
  Object   : dOx=   0.900, dOy=   4.301, dOz=  18.186  (mm)
  Object offset: offset_x=  11.253, offset_z=  16.261  (mm)
  Detector : dDx=   0.000, dDy=   0.000, dDz=   0.000  (mm)
  Obj Stage rotY :   17.387 deg
============================================================

Unity geometry (world coordinates):
  Source   : x=   5.000, y=  29.992, z=   0.000
  Object   : x=   1.441, y=  24.301, z= 818.185
  Detector : x= -25.318, y=  18.667, z=1059.000
  Obj rotY :  -4.5698 deg

Initial calibration:
  Source   : x=   0.000, y=   0.000, z=   0.000
  Object   : x=   0.000, y=   0.000, z=   0.000
  Detector : x=  25.318, y=   6.310, z=  40.001

After Calibration: 

Unity geometry (world coordinates):
  Source   : x=   5.000, y=  29.992, z=   0.000
  Object   : x=   1.441, y=  24.301, z= 818.185
  Detector : x=   0.000, y=  24.977, z=1099.001
  Obj rotY :  -4.5698 deg
view   0 | SOD= 833.565 mm | SDD=1099.024 mm | M= 1.318 | incident=0.3692°
[[ 176.17326    -814.7159       -5.6917953 ]
 [ -72.50515     255.79192      -0.67637825]
 [   0.1458724     0.03318742    0.        ]
 [   0.            0.            0.1496    ]]
Residual vector length: 240, Jacobian shape: (240, 6)
view   0 | SOD= 838.558 mm | SDD=1099.024 mm | M= 1.311 | incident=0.3692°
[[ 179.3976     -819.12384      -5.712017  ]
 [ -72.27492     250.684        -0.69659996]
 [   0.14577897    0.03359541    0.        ]
 [   0.            0.            0.1496    ]]

iter 15 cost=14326.358072 -> 14464.702586 |dtheta|=5.138719e+00  lambda=1.562e-02

============================================================
Iteration 16
============================================================
Theta offsets (Unity frame):
  Source   : dSx=   0.000, dSy=   0.000, dSz=   0.000  (mm)
  Object   : dOx=   0.900, dOy=   4.301, dOz=  18.186  (mm)
  Object offset: offset_x=  11.253, offset_z=  16.261  (mm)
  Detector : dDx=   0.000, dDy=   0.000, dDz=   0.000  (mm)
  Obj Stage rotY :   17.387 deg
============================================================

Unity geometry (world coordinates):
  Source   : x=   5.000, y=  29.992, z=   0.000
  Object   : x=   1.441, y=  24.301, z= 818.185
  Detector : x= -25.318, y=  18.667, z=1059.000
  Obj rotY :  -4.5698 deg

Initial calibration:
  Source   : x=   0.000, y=   0.000, z=   0.000
  Object   : x=   0.000, y=   0.000, z=   0.000
  Detector : x=  25.318, y=   6.310, z=  40.001

After Calibration: 

Unity geometry (world coordinates):
  Source   : x=   5.000, y=  29.992, z=   0.000
  Object   : x=   1.441, y=  24.301, z= 818.185
  Detector : x=   0.000, y=  24.977, z=1099.001
  Obj rotY :  -4.5698 deg
view   0 | SOD= 833.565 mm | SDD=1099.024 mm | M= 1.318 | incident=0.3692°
[[ 176.17326    -814.7159       -5.6917953 ]
 [ -72.50515     255.79192      -0.67637825]
 [   0.1458724     0.03318742    0.        ]
 [   0.            0.            0.1496    ]]
Residual vector length: 240, Jacobian shape: (240, 6)
view   0 | SOD= 838.544 mm | SDD=1099.024 mm | M= 1.311 | incident=0.3692°
[[ 179.40495    -819.1071       -5.7118816 ]
 [ -72.28118     250.69754      -0.69646454]
 [   0.14577854    0.03359727    0.        ]
 [   0.            0.            0.1496    ]]

iter 16 cost=14326.358072 -> 14462.569876 |dtheta|=5.124218e+00  lambda=7.812e-02

============================================================
Iteration 17
============================================================
Theta offsets (Unity frame):
  Source   : dSx=   0.000, dSy=   0.000, dSz=   0.000  (mm)
  Object   : dOx=   0.900, dOy=   4.301, dOz=  18.186  (mm)
  Object offset: offset_x=  11.253, offset_z=  16.261  (mm)
  Detector : dDx=   0.000, dDy=   0.000, dDz=   0.000  (mm)
  Obj Stage rotY :   17.387 deg
============================================================

Unity geometry (world coordinates):
  Source   : x=   5.000, y=  29.992, z=   0.000
  Object   : x=   1.441, y=  24.301, z= 818.185
  Detector : x= -25.318, y=  18.667, z=1059.000
  Obj rotY :  -4.5698 deg

Initial calibration:
  Source   : x=   0.000, y=   0.000, z=   0.000
  Object   : x=   0.000, y=   0.000, z=   0.000
  Detector : x=  25.318, y=   6.310, z=  40.001

After Calibration: 

Unity geometry (world coordinates):
  Source   : x=   5.000, y=  29.992, z=   0.000
  Object   : x=   1.441, y=  24.301, z= 818.185
  Detector : x=   0.000, y=  24.977, z=1099.001
  Obj rotY :  -4.5698 deg
view   0 | SOD= 833.565 mm | SDD=1099.024 mm | M= 1.318 | incident=0.3692°
[[ 176.17326    -814.7159       -5.6917953 ]
 [ -72.50515     255.79192      -0.67637825]
 [   0.1458724     0.03318742    0.        ]
 [   0.            0.            0.1496    ]]
Residual vector length: 240, Jacobian shape: (240, 6)
view   0 | SOD= 838.471 mm | SDD=1099.024 mm | M= 1.311 | incident=0.3692°
[[ 179.441      -819.02496      -5.71122   ]
 [ -72.311935    250.76395      -0.6958027 ]
 [   0.14577645    0.03360637    0.        ]
 [   0.            0.            0.1496    ]]

iter 17 cost=14326.358072 -> 14461.282594 |dtheta|=5.052945e+00  lambda=3.906e-01

============================================================
Iteration 18
============================================================
Theta offsets (Unity frame):
  Source   : dSx=   0.000, dSy=   0.000, dSz=   0.000  (mm)
  Object   : dOx=   0.900, dOy=   4.301, dOz=  18.186  (mm)
  Object offset: offset_x=  11.253, offset_z=  16.261  (mm)
  Detector : dDx=   0.000, dDy=   0.000, dDz=   0.000  (mm)
  Obj Stage rotY :   17.387 deg
============================================================

Unity geometry (world coordinates):
  Source   : x=   5.000, y=  29.992, z=   0.000
  Object   : x=   1.441, y=  24.301, z= 818.185
  Detector : x= -25.318, y=  18.667, z=1059.000
  Obj rotY :  -4.5698 deg

Initial calibration:
  Source   : x=   0.000, y=   0.000, z=   0.000
  Object   : x=   0.000, y=   0.000, z=   0.000
  Detector : x=  25.318, y=   6.310, z=  40.001

After Calibration: 

Unity geometry (world coordinates):
  Source   : x=   5.000, y=  29.992, z=   0.000
  Object   : x=   1.441, y=  24.301, z= 818.185
  Detector : x=   0.000, y=  24.977, z=1099.001
  Obj rotY :  -4.5698 deg
view   0 | SOD= 833.565 mm | SDD=1099.024 mm | M= 1.318 | incident=0.3692°
[[ 176.17326    -814.7159       -5.6917953 ]
 [ -72.50515     255.79192      -0.67637825]
 [   0.1458724     0.03318742    0.        ]
 [   0.            0.            0.1496    ]]
Residual vector length: 240, Jacobian shape: (240, 6)
view   0 | SOD= 838.137 mm | SDD=1099.024 mm | M= 1.311 | incident=0.3692°
[[ 179.60341    -818.6473       -5.7081757 ]
 [ -72.45265     251.07027      -0.69275856]
 [   0.14576691    0.03364767    0.        ]
 [   0.            0.            0.1496    ]]

iter 18 cost=14326.358072 -> 14433.255287 |dtheta|=4.724748e+00  lambda=1.953e+00

============================================================
Iteration 19
============================================================
Theta offsets (Unity frame):
  Source   : dSx=   0.000, dSy=   0.000, dSz=   0.000  (mm)
  Object   : dOx=   0.900, dOy=   4.301, dOz=  18.186  (mm)
  Object offset: offset_x=  11.253, offset_z=  16.261  (mm)
  Detector : dDx=   0.000, dDy=   0.000, dDz=   0.000  (mm)
  Obj Stage rotY :   17.387 deg
============================================================

Unity geometry (world coordinates):
  Source   : x=   5.000, y=  29.992, z=   0.000
  Object   : x=   1.441, y=  24.301, z= 818.185
  Detector : x= -25.318, y=  18.667, z=1059.000
  Obj rotY :  -4.5698 deg

Initial calibration:
  Source   : x=   0.000, y=   0.000, z=   0.000
  Object   : x=   0.000, y=   0.000, z=   0.000
  Detector : x=  25.318, y=   6.310, z=  40.001

After Calibration: 

Unity geometry (world coordinates):
  Source   : x=   5.000, y=  29.992, z=   0.000
  Object   : x=   1.441, y=  24.301, z= 818.185
  Detector : x=   0.000, y=  24.977, z=1099.001
  Obj rotY :  -4.5698 deg
view   0 | SOD= 833.565 mm | SDD=1099.024 mm | M= 1.318 | incident=0.3692°
[[ 176.17326    -814.7159       -5.6917953 ]
 [ -72.50515     255.79192      -0.67637825]
 [   0.1458724     0.03318742    0.        ]
 [   0.            0.            0.1496    ]]
Residual vector length: 240, Jacobian shape: (240, 6)
view   0 | SOD= 836.961 mm | SDD=1099.024 mm | M= 1.313 | incident=0.3692°
[[ 180.11116    -817.3318       -5.697525  ]
 [ -72.929756    252.1532       -0.6821079 ]
 [   0.14573587    0.03378187    0.        ]
 [   0.            0.            0.1496    ]]

iter 19 cost=14326.358072 -> 14400.767596 |dtheta|=3.572135e+00  lambda=9.766e+00

============================================================
Iteration 20
============================================================
Theta offsets (Unity frame):
  Source   : dSx=   0.000, dSy=   0.000, dSz=   0.000  (mm)
  Object   : dOx=   0.900, dOy=   4.301, dOz=  18.186  (mm)
  Object offset: offset_x=  11.253, offset_z=  16.261  (mm)
  Detector : dDx=   0.000, dDy=   0.000, dDz=   0.000  (mm)
  Obj Stage rotY :   17.387 deg
============================================================

Unity geometry (world coordinates):
  Source   : x=   5.000, y=  29.992, z=   0.000
  Object   : x=   1.441, y=  24.301, z= 818.185
  Detector : x= -25.318, y=  18.667, z=1059.000
  Obj rotY :  -4.5698 deg

Initial calibration:
  Source   : x=   0.000, y=   0.000, z=   0.000
  Object   : x=   0.000, y=   0.000, z=   0.000
  Detector : x=  25.318, y=   6.310, z=  40.001

After Calibration: 

Unity geometry (world coordinates):
  Source   : x=   5.000, y=  29.992, z=   0.000
  Object   : x=   1.441, y=  24.301, z= 818.185
  Detector : x=   0.000, y=  24.977, z=1099.001
  Obj rotY :  -4.5698 deg
view   0 | SOD= 833.565 mm | SDD=1099.024 mm | M= 1.318 | incident=0.3692°
[[ 176.17326    -814.7159       -5.6917953 ]
 [ -72.50515     255.79192      -0.67637825]
 [   0.1458724     0.03318742    0.        ]
 [   0.            0.            0.1496    ]]
Residual vector length: 240, Jacobian shape: (240, 6)
view   0 | SOD= 834.979 mm | SDD=1099.024 mm | M= 1.316 | incident=0.3692°
[[ 180.40181    -815.23773      -5.680126  ]
 [ -73.561516    254.02863      -0.6647091 ]
 [   0.14570668    0.03390757    0.        ]
 [   0.            0.            0.1496    ]]

iter 20 cost=14326.358072 -> 14295.327382 |dtheta|=1.645511e+00  lambda=4.883e+01

============================================================
Iteration 21
============================================================
Theta offsets (Unity frame):
  Source   : dSx=   0.000, dSy=   0.000, dSz=   0.000  (mm)
  Object   : dOx=   0.864, dOy=   4.312, dOz=  19.788  (mm)
  Object offset: offset_x=  11.421, offset_z=  16.084  (mm)
  Detector : dDx=   0.000, dDy=   0.000, dDz=   0.000  (mm)
  Obj Stage rotY :   17.670 deg
============================================================

Unity geometry (world coordinates):
  Source   : x=   5.000, y=  29.992, z=   0.000
  Object   : x=   1.404, y=  24.312, z= 819.788
  Detector : x= -25.318, y=  18.667, z=1059.000
  Obj rotY :  -4.5698 deg

Initial calibration:
  Source   : x=   0.000, y=   0.000, z=   0.000
  Object   : x=   0.000, y=   0.000, z=   0.000
  Detector : x=  25.318, y=   6.310, z=  40.001

After Calibration: 

Unity geometry (world coordinates):
  Source   : x=   5.000, y=  29.992, z=   0.000
  Object   : x=   1.404, y=  24.312, z= 819.788
  Detector : x=   0.000, y=  24.977, z=1099.001
  Obj rotY :  -4.5698 deg
view   0 | SOD= 834.979 mm | SDD=1099.024 mm | M= 1.316 | incident=0.3692°
[[ 180.40181    -815.23773      -5.680126  ]
 [ -73.561516    254.02863      -0.6647091 ]
 [   0.14570668    0.03390757    0.        ]
 [   0.            0.            0.1496    ]]
Residual vector length: 240, Jacobian shape: (240, 6)
view   0 | SOD= 834.635 mm | SDD=1099.024 mm | M= 1.317 | incident=0.3692°
[[ 186.99081    -813.39905      -5.630167  ]
 [ -75.817245    253.72787      -0.6147499 ]
 [   0.14542094    0.03511285    0.        ]
 [   0.            0.            0.1496    ]]

iter 21 cost=14295.327382 -> 14251.062787 |dtheta|=6.155988e-01  lambda=1.628e+01

============================================================
Iteration 22
============================================================
Theta offsets (Unity frame):
  Source   : dSx=   0.000, dSy=   0.000, dSz=   0.000  (mm)
  Object   : dOx=   0.893, dOy=   4.362, dOz=  19.405  (mm)
  Object offset: offset_x=  11.465, offset_z=  16.126  (mm)
  Detector : dDx=   0.000, dDy=   0.000, dDz=   0.000  (mm)
  Obj Stage rotY :   18.144 deg
============================================================

Unity geometry (world coordinates):
  Source   : x=   5.000, y=  29.992, z=   0.000
  Object   : x=   1.433, y=  24.362, z= 819.404
  Detector : x= -25.318, y=  18.667, z=1059.000
  Obj rotY :  -4.5698 deg

Initial calibration:
  Source   : x=   0.000, y=   0.000, z=   0.000
  Object   : x=   0.000, y=   0.000, z=   0.000
  Detector : x=  25.318, y=   6.310, z=  40.001

After Calibration: 

Unity geometry (world coordinates):
  Source   : x=   5.000, y=  29.992, z=   0.000
  Object   : x=   1.433, y=  24.362, z= 819.404
  Detector : x=   0.000, y=  24.977, z=1099.001
  Obj rotY :  -4.5698 deg
view   0 | SOD= 834.635 mm | SDD=1099.024 mm | M= 1.317 | incident=0.3692°
[[ 186.99081    -813.39905      -5.630167  ]
 [ -75.817245    253.72787      -0.6147499 ]
 [   0.14542094    0.03511285    0.        ]
 [   0.            0.            0.1496    ]]
Residual vector length: 240, Jacobian shape: (240, 6)
view   0 | SOD= 829.411 mm | SDD=1099.024 mm | M= 1.325 | incident=0.3692°
[[ 184.56746    -808.59424      -5.680704  ]
 [ -76.76853     258.8941       -0.665287  ]
 [   0.14546922    0.03491225    0.        ]
 [   0.            0.            0.1496    ]]

iter 22 cost=14251.062787 -> 14557.919766 |dtheta|=4.803951e+00  lambda=5.425e+00

============================================================
Iteration 23
============================================================
Theta offsets (Unity frame):
  Source   : dSx=   0.000, dSy=   0.000, dSz=   0.000  (mm)
  Object   : dOx=   0.893, dOy=   4.362, dOz=  19.405  (mm)
  Object offset: offset_x=  11.465, offset_z=  16.126  (mm)
  Detector : dDx=   0.000, dDy=   0.000, dDz=   0.000  (mm)
  Obj Stage rotY :   18.144 deg
============================================================

Unity geometry (world coordinates):
  Source   : x=   5.000, y=  29.992, z=   0.000
  Object   : x=   1.433, y=  24.362, z= 819.404
  Detector : x= -25.318, y=  18.667, z=1059.000
  Obj rotY :  -4.5698 deg

Initial calibration:
  Source   : x=   0.000, y=   0.000, z=   0.000
  Object   : x=   0.000, y=   0.000, z=   0.000
  Detector : x=  25.318, y=   6.310, z=  40.001

After Calibration: 

Unity geometry (world coordinates):
  Source   : x=   5.000, y=  29.992, z=   0.000
  Object   : x=   1.433, y=  24.362, z= 819.404
  Detector : x=   0.000, y=  24.977, z=1099.001
  Obj rotY :  -4.5698 deg
view   0 | SOD= 834.635 mm | SDD=1099.024 mm | M= 1.317 | incident=0.3692°
[[ 186.99081    -813.39905      -5.630167  ]
 [ -75.817245    253.72787      -0.6147499 ]
 [   0.14542094    0.03511285    0.        ]
 [   0.            0.            0.1496    ]]
Residual vector length: 240, Jacobian shape: (240, 6)
view   0 | SOD= 832.178 mm | SDD=1099.024 mm | M= 1.321 | incident=0.3692°
[[ 183.44476   -811.6872      -5.694254 ]
 [ -75.58155    256.36392     -0.6788368]
 [   0.1455444    0.0345975    0.       ]
 [   0.           0.           0.1496   ]]

iter 23 cost=14251.062787 -> 14508.319231 |dtheta|=2.133379e+00  lambda=2.713e+01

============================================================
Iteration 24
============================================================
Theta offsets (Unity frame):
  Source   : dSx=   0.000, dSy=   0.000, dSz=   0.000  (mm)
  Object   : dOx=   0.893, dOy=   4.362, dOz=  19.405  (mm)
  Object offset: offset_x=  11.465, offset_z=  16.126  (mm)
  Detector : dDx=   0.000, dDy=   0.000, dDz=   0.000  (mm)
  Obj Stage rotY :   18.144 deg
============================================================

Unity geometry (world coordinates):
  Source   : x=   5.000, y=  29.992, z=   0.000
  Object   : x=   1.433, y=  24.362, z= 819.404
  Detector : x= -25.318, y=  18.667, z=1059.000
  Obj rotY :  -4.5698 deg

Initial calibration:
  Source   : x=   0.000, y=   0.000, z=   0.000
  Object   : x=   0.000, y=   0.000, z=   0.000
  Detector : x=  25.318, y=   6.310, z=  40.001

After Calibration: 

Unity geometry (world coordinates):
  Source   : x=   5.000, y=  29.992, z=   0.000
  Object   : x=   1.433, y=  24.362, z= 819.404
  Detector : x=   0.000, y=  24.977, z=1099.001
  Obj rotY :  -4.5698 deg
view   0 | SOD= 834.635 mm | SDD=1099.024 mm | M= 1.317 | incident=0.3692°
[[ 186.99081    -813.39905      -5.630167  ]
 [ -75.817245    253.72787      -0.6147499 ]
 [   0.14542094    0.03511285    0.        ]
 [   0.            0.            0.1496    ]]
Residual vector length: 240, Jacobian shape: (240, 6)
view   0 | SOD= 833.767 mm | SDD=1099.024 mm | M= 1.318 | incident=0.3692°
[[ 183.62561    -813.2755       -5.6996803 ]
 [ -75.163734    254.8331       -0.6842632 ]
 [   0.14555207    0.03456521    0.        ]
 [   0.            0.            0.1496    ]]

iter 24 cost=14251.062787 -> 14469.614888 |dtheta|=6.840814e-01  lambda=1.356e+02

============================================================
Iteration 25
============================================================
Theta offsets (Unity frame):
  Source   : dSx=   0.000, dSy=   0.000, dSz=   0.000  (mm)
  Object   : dOx=   0.893, dOy=   4.362, dOz=  19.405  (mm)
  Object offset: offset_x=  11.465, offset_z=  16.126  (mm)
  Detector : dDx=   0.000, dDy=   0.000, dDz=   0.000  (mm)
  Obj Stage rotY :   18.144 deg
============================================================

Unity geometry (world coordinates):
  Source   : x=   5.000, y=  29.992, z=   0.000
  Object   : x=   1.433, y=  24.362, z= 819.404
  Detector : x= -25.318, y=  18.667, z=1059.000
  Obj rotY :  -4.5698 deg

Initial calibration:
  Source   : x=   0.000, y=   0.000, z=   0.000
  Object   : x=   0.000, y=   0.000, z=   0.000
  Detector : x=  25.318, y=   6.310, z=  40.001

After Calibration: 

Unity geometry (world coordinates):
  Source   : x=   5.000, y=  29.992, z=   0.000
  Object   : x=   1.433, y=  24.362, z= 819.404
  Detector : x=   0.000, y=  24.977, z=1099.001
  Obj rotY :  -4.5698 deg
view   0 | SOD= 834.635 mm | SDD=1099.024 mm | M= 1.317 | incident=0.3692°
[[ 186.99081    -813.39905      -5.630167  ]
 [ -75.817245    253.72787      -0.6147499 ]
 [   0.14542094    0.03511285    0.        ]
 [   0.            0.            0.1496    ]]
Residual vector length: 240, Jacobian shape: (240, 6)
view   0 | SOD= 834.255 mm | SDD=1099.024 mm | M= 1.317 | incident=0.3692°
[[ 185.2463     -813.408        -5.692581  ]
 [ -75.51347     254.2212       -0.6771641 ]
 [   0.14548804    0.03483373    0.        ]
 [   0.            0.            0.1496    ]]

iter 25 cost=14251.062787 -> 14439.523434 |dtheta|=3.318027e-01  lambda=6.782e+02

============================================================
Iteration 26
============================================================
Theta offsets (Unity frame):
  Source   : dSx=   0.000, dSy=   0.000, dSz=   0.000  (mm)
  Object   : dOx=   0.893, dOy=   4.362, dOz=  19.405  (mm)
  Object offset: offset_x=  11.465, offset_z=  16.126  (mm)
  Detector : dDx=   0.000, dDy=   0.000, dDz=   0.000  (mm)
  Obj Stage rotY :   18.144 deg
============================================================

Unity geometry (world coordinates):
  Source   : x=   5.000, y=  29.992, z=   0.000
  Object   : x=   1.433, y=  24.362, z= 819.404
  Detector : x= -25.318, y=  18.667, z=1059.000
  Obj rotY :  -4.5698 deg

Initial calibration:
  Source   : x=   0.000, y=   0.000, z=   0.000
  Object   : x=   0.000, y=   0.000, z=   0.000
  Detector : x=  25.318, y=   6.310, z=  40.001

After Calibration: 

Unity geometry (world coordinates):
  Source   : x=   5.000, y=  29.992, z=   0.000
  Object   : x=   1.433, y=  24.362, z= 819.404
  Detector : x=   0.000, y=  24.977, z=1099.001
  Obj rotY :  -4.5698 deg
view   0 | SOD= 834.635 mm | SDD=1099.024 mm | M= 1.317 | incident=0.3692°
[[ 186.99081    -813.39905      -5.630167  ]
 [ -75.817245    253.72787      -0.6147499 ]
 [   0.14542094    0.03511285    0.        ]
 [   0.            0.            0.1496    ]]
Residual vector length: 240, Jacobian shape: (240, 6)
view   0 | SOD= 834.458 mm | SDD=1099.024 mm | M= 1.317 | incident=0.3692°
[[ 186.45746    -813.33966      -5.6700172 ]
 [ -75.78915     253.92534      -0.65460014]
 [   0.14543939    0.03503634    0.        ]
 [   0.            0.            0.1496    ]]

iter 26 cost=14251.062787 -> 14305.210829 |dtheta|=1.772719e-01  lambda=3.391e+03

============================================================
Iteration 27
============================================================
Theta offsets (Unity frame):
  Source   : dSx=   0.000, dSy=   0.000, dSz=   0.000  (mm)
  Object   : dOx=   0.893, dOy=   4.362, dOz=  19.405  (mm)
  Object offset: offset_x=  11.465, offset_z=  16.126  (mm)
  Detector : dDx=   0.000, dDy=   0.000, dDz=   0.000  (mm)
  Obj Stage rotY :   18.144 deg
============================================================

Unity geometry (world coordinates):
  Source   : x=   5.000, y=  29.992, z=   0.000
  Object   : x=   1.433, y=  24.362, z= 819.404
  Detector : x= -25.318, y=  18.667, z=1059.000
  Obj rotY :  -4.5698 deg

Initial calibration:
  Source   : x=   0.000, y=   0.000, z=   0.000
  Object   : x=   0.000, y=   0.000, z=   0.000
  Detector : x=  25.318, y=   6.310, z=  40.001

After Calibration: 

Unity geometry (world coordinates):
  Source   : x=   5.000, y=  29.992, z=   0.000
  Object   : x=   1.433, y=  24.362, z= 819.404
  Detector : x=   0.000, y=  24.977, z=1099.001
  Obj rotY :  -4.5698 deg
view   0 | SOD= 834.635 mm | SDD=1099.024 mm | M= 1.317 | incident=0.3692°
[[ 186.99081    -813.39905      -5.630167  ]
 [ -75.817245    253.72787      -0.6147499 ]
 [   0.14542094    0.03511285    0.        ]
 [   0.            0.            0.1496    ]]
Residual vector length: 240, Jacobian shape: (240, 6)
view   0 | SOD= 834.580 mm | SDD=1099.024 mm | M= 1.317 | incident=0.3692°
[[ 186.8634     -813.3716       -5.6445084 ]
 [ -75.82593     253.78453      -0.62909126]
 [   0.14542484    0.03509667    0.        ]
 [   0.            0.            0.1496    ]]

iter 27 cost=14251.062787 -> 14260.064421 |dtheta|=5.847484e-02  lambda=1.695e+04

============================================================
Iteration 28
============================================================
Theta offsets (Unity frame):
  Source   : dSx=   0.000, dSy=   0.000, dSz=   0.000  (mm)
  Object   : dOx=   0.893, dOy=   4.362, dOz=  19.405  (mm)
  Object offset: offset_x=  11.465, offset_z=  16.126  (mm)
  Detector : dDx=   0.000, dDy=   0.000, dDz=   0.000  (mm)
  Obj Stage rotY :   18.144 deg
============================================================

Unity geometry (world coordinates):
  Source   : x=   5.000, y=  29.992, z=   0.000
  Object   : x=   1.433, y=  24.362, z= 819.404
  Detector : x= -25.318, y=  18.667, z=1059.000
  Obj rotY :  -4.5698 deg

Initial calibration:
  Source   : x=   0.000, y=   0.000, z=   0.000
  Object   : x=   0.000, y=   0.000, z=   0.000
  Detector : x=  25.318, y=   6.310, z=  40.001

After Calibration: 

Unity geometry (world coordinates):
  Source   : x=   5.000, y=  29.992, z=   0.000
  Object   : x=   1.433, y=  24.362, z= 819.404
  Detector : x=   0.000, y=  24.977, z=1099.001
  Obj rotY :  -4.5698 deg
view   0 | SOD= 834.635 mm | SDD=1099.024 mm | M= 1.317 | incident=0.3692°
[[ 186.99081    -813.39905      -5.630167  ]
 [ -75.817245    253.72787      -0.6147499 ]
 [   0.14542094    0.03511285    0.        ]
 [   0.            0.            0.1496    ]]
Residual vector length: 240, Jacobian shape: (240, 6)
view   0 | SOD= 834.622 mm | SDD=1099.024 mm | M= 1.317 | incident=0.3692°
[[ 186.96384    -813.3923       -5.633589  ]
 [ -75.82032     253.74051      -0.6181717 ]
 [   0.14542171    0.03510959    0.        ]
 [   0.            0.            0.1496    ]]

iter 28 cost=14251.062787 -> 14276.553815 |dtheta|=1.350827e-02  lambda=8.477e+04

============================================================
Iteration 29
============================================================
Theta offsets (Unity frame):
  Source   : dSx=   0.000, dSy=   0.000, dSz=   0.000  (mm)
  Object   : dOx=   0.893, dOy=   4.362, dOz=  19.405  (mm)
  Object offset: offset_x=  11.465, offset_z=  16.126  (mm)
  Detector : dDx=   0.000, dDy=   0.000, dDz=   0.000  (mm)
  Obj Stage rotY :   18.144 deg
============================================================

Unity geometry (world coordinates):
  Source   : x=   5.000, y=  29.992, z=   0.000
  Object   : x=   1.433, y=  24.362, z= 819.404
  Detector : x= -25.318, y=  18.667, z=1059.000
  Obj rotY :  -4.5698 deg

Initial calibration:
  Source   : x=   0.000, y=   0.000, z=   0.000
  Object   : x=   0.000, y=   0.000, z=   0.000
  Detector : x=  25.318, y=   6.310, z=  40.001

After Calibration: 

Unity geometry (world coordinates):
  Source   : x=   5.000, y=  29.992, z=   0.000
  Object   : x=   1.433, y=  24.362, z= 819.404
  Detector : x=   0.000, y=  24.977, z=1099.001
  Obj rotY :  -4.5698 deg
view   0 | SOD= 834.635 mm | SDD=1099.024 mm | M= 1.317 | incident=0.3692°
[[ 186.99081    -813.39905      -5.630167  ]
 [ -75.817245    253.72787      -0.6147499 ]
 [   0.14542094    0.03511285    0.        ]
 [   0.            0.            0.1496    ]]
Residual vector length: 240, Jacobian shape: (240, 6)
view   0 | SOD= 834.632 mm | SDD=1099.024 mm | M= 1.317 | incident=0.3692°
[[ 186.98535    -813.3976       -5.6308784 ]
 [ -75.817924    253.73047      -0.61546135]
 [   0.14542109    0.0351122     0.        ]
 [   0.            0.            0.1496    ]]

iter 29 cost=14251.062787 -> 14280.034481 |dtheta|=2.788883e-03  lambda=4.239e+05

============================================================
Iteration 30
============================================================
Theta offsets (Unity frame):
  Source   : dSx=   0.000, dSy=   0.000, dSz=   0.000  (mm)
  Object   : dOx=   0.893, dOy=   4.362, dOz=  19.405  (mm)
  Object offset: offset_x=  11.465, offset_z=  16.126  (mm)
  Detector : dDx=   0.000, dDy=   0.000, dDz=   0.000  (mm)
  Obj Stage rotY :   18.144 deg
============================================================

Unity geometry (world coordinates):
  Source   : x=   5.000, y=  29.992, z=   0.000
  Object   : x=   1.433, y=  24.362, z= 819.404
  Detector : x= -25.318, y=  18.667, z=1059.000
  Obj rotY :  -4.5698 deg

Initial calibration:
  Source   : x=   0.000, y=   0.000, z=   0.000
  Object   : x=   0.000, y=   0.000, z=   0.000
  Detector : x=  25.318, y=   6.310, z=  40.001

After Calibration: 

Unity geometry (world coordinates):
  Source   : x=   5.000, y=  29.992, z=   0.000
  Object   : x=   1.433, y=  24.362, z= 819.404
  Detector : x=   0.000, y=  24.977, z=1099.001
  Obj rotY :  -4.5698 deg
view   0 | SOD= 834.635 mm | SDD=1099.024 mm | M= 1.317 | incident=0.3692°
[[ 186.99081    -813.39905      -5.630167  ]
 [ -75.817245    253.72787      -0.6147499 ]
 [   0.14542094    0.03511285    0.        ]
 [   0.            0.            0.1496    ]]
Residual vector length: 240, Jacobian shape: (240, 6)
view   0 | SOD= 834.634 mm | SDD=1099.024 mm | M= 1.317 | incident=0.3692°
[[ 186.9885     -813.39844      -5.6304703 ]
 [ -75.817535    253.72896      -0.6150532 ]
 [   0.145421      0.03511257    0.        ]
 [   0.            0.            0.1496    ]]

iter 30 cost=14251.062787 -> 14248.271102 |dtheta|=1.187616e-03  lambda=1.000e+06

============================================================
Iteration 31
============================================================
Theta offsets (Unity frame):
  Source   : dSx=   0.000, dSy=   0.000, dSz=   0.000  (mm)
  Object   : dOx=   0.893, dOy=   4.362, dOz=  19.405  (mm)
  Object offset: offset_x=  11.465, offset_z=  16.125  (mm)
  Detector : dDx=   0.000, dDy=   0.000, dDz=   0.000  (mm)
  Obj Stage rotY :   18.144 deg
============================================================

Unity geometry (world coordinates):
  Source   : x=   5.000, y=  29.992, z=   0.000
  Object   : x=   1.433, y=  24.362, z= 819.404
  Detector : x= -25.318, y=  18.667, z=1059.000
  Obj rotY :  -4.5698 deg

Initial calibration:
  Source   : x=   0.000, y=   0.000, z=   0.000
  Object   : x=   0.000, y=   0.000, z=   0.000
  Detector : x=  25.318, y=   6.310, z=  40.001

After Calibration: 

Unity geometry (world coordinates):
  Source   : x=   5.000, y=  29.992, z=   0.000
  Object   : x=   1.433, y=  24.362, z= 819.404
  Detector : x=   0.000, y=  24.977, z=1099.001
  Obj rotY :  -4.5698 deg
view   0 | SOD= 834.634 mm | SDD=1099.024 mm | M= 1.317 | incident=0.3692°
[[ 186.9885     -813.39844      -5.6304703 ]
 [ -75.817535    253.72896      -0.6150532 ]
 [   0.145421      0.03511257    0.        ]
 [   0.            0.            0.1496    ]]
Residual vector length: 240, Jacobian shape: (240, 6)
view   0 | SOD= 834.631 mm | SDD=1099.024 mm | M= 1.317 | incident=0.3692°
[[ 186.97972    -813.39734      -5.631405  ]
 [ -75.81725     253.73228      -0.6159878 ]
 [   0.1454213     0.03511134    0.        ]
 [   0.            0.            0.1496    ]]

iter 31 cost=14248.271102 -> 14242.628531 |dtheta|=3.078665e-03  lambda=3.333e+05

============================================================
Iteration 32
============================================================
Theta offsets (Unity frame):
  Source   : dSx=   0.000, dSy=   0.000, dSz=   0.000  (mm)
  Object   : dOx=   0.893, dOy=   4.361, dOz=  19.404  (mm)
  Object offset: offset_x=  11.466, offset_z=  16.122  (mm)
  Detector : dDx=   0.000, dDy=   0.000, dDz=   0.000  (mm)
  Obj Stage rotY :   18.144 deg
============================================================

Unity geometry (world coordinates):
  Source   : x=   5.000, y=  29.992, z=   0.000
  Object   : x=   1.434, y=  24.361, z= 819.404
  Detector : x= -25.318, y=  18.667, z=1059.000
  Obj rotY :  -4.5698 deg

Initial calibration:
  Source   : x=   0.000, y=   0.000, z=   0.000
  Object   : x=   0.000, y=   0.000, z=   0.000
  Detector : x=  25.318, y=   6.310, z=  40.001

After Calibration: 

Unity geometry (world coordinates):
  Source   : x=   5.000, y=  29.992, z=   0.000
  Object   : x=   1.434, y=  24.361, z= 819.404
  Detector : x=   0.000, y=  24.977, z=1099.001
  Obj rotY :  -4.5698 deg
view   0 | SOD= 834.631 mm | SDD=1099.024 mm | M= 1.317 | incident=0.3692°
[[ 186.97972    -813.39734      -5.631405  ]
 [ -75.81725     253.73228      -0.6159878 ]
 [   0.1454213     0.03511134    0.        ]
 [   0.            0.            0.1496    ]]
Residual vector length: 240, Jacobian shape: (240, 6)
view   0 | SOD= 834.625 mm | SDD=1099.024 mm | M= 1.317 | incident=0.3692°
[[ 186.74265    -813.4458       -5.6345406 ]
 [ -75.75592     253.75725      -0.61912346]
 [   0.14543112    0.03507067    0.        ]
 [   0.            0.            0.1496    ]]

iter 32 cost=14242.628531 -> 14277.319892 |dtheta|=1.934432e-02  lambda=1.111e+05

============================================================
Iteration 33
============================================================
Theta offsets (Unity frame):
  Source   : dSx=   0.000, dSy=   0.000, dSz=   0.000  (mm)
  Object   : dOx=   0.893, dOy=   4.361, dOz=  19.404  (mm)
  Object offset: offset_x=  11.466, offset_z=  16.122  (mm)
  Detector : dDx=   0.000, dDy=   0.000, dDz=   0.000  (mm)
  Obj Stage rotY :   18.144 deg
============================================================

Unity geometry (world coordinates):
  Source   : x=   5.000, y=  29.992, z=   0.000
  Object   : x=   1.434, y=  24.361, z= 819.404
  Detector : x= -25.318, y=  18.667, z=1059.000
  Obj rotY :  -4.5698 deg

Initial calibration:
  Source   : x=   0.000, y=   0.000, z=   0.000
  Object   : x=   0.000, y=   0.000, z=   0.000
  Detector : x=  25.318, y=   6.310, z=  40.001

After Calibration: 

Unity geometry (world coordinates):
  Source   : x=   5.000, y=  29.992, z=   0.000
  Object   : x=   1.434, y=  24.361, z= 819.404
  Detector : x=   0.000, y=  24.977, z=1099.001
  Obj rotY :  -4.5698 deg
view   0 | SOD= 834.631 mm | SDD=1099.024 mm | M= 1.317 | incident=0.3692°
[[ 186.97972    -813.39734      -5.631405  ]
 [ -75.81725     253.73228      -0.6159878 ]
 [   0.1454213     0.03511134    0.        ]
 [   0.            0.            0.1496    ]]
Residual vector length: 240, Jacobian shape: (240, 6)
view   0 | SOD= 834.629 mm | SDD=1099.024 mm | M= 1.317 | incident=0.3692°
[[ 186.9308     -813.40735      -5.6320457 ]
 [ -75.80462     253.73743      -0.61662865]
 [   0.14542332    0.03510295    0.        ]
 [   0.            0.            0.1496    ]]

iter 33 cost=14242.628531 -> 14236.566834 |dtheta|=3.998309e-03  lambda=5.556e+05

============================================================
Iteration 34
============================================================
Theta offsets (Unity frame):
  Source   : dSx=   0.000, dSy=   0.000, dSz=   0.000  (mm)
  Object   : dOx=   0.893, dOy=   4.360, dOz=  19.405  (mm)
  Object offset: offset_x=  11.468, offset_z=  16.121  (mm)
  Detector : dDx=   0.000, dDy=   0.000, dDz=   0.000  (mm)
  Obj Stage rotY :   18.141 deg
============================================================

Unity geometry (world coordinates):
  Source   : x=   5.000, y=  29.992, z=   0.000
  Object   : x=   1.434, y=  24.360, z= 819.404
  Detector : x= -25.318, y=  18.667, z=1059.000
  Obj rotY :  -4.5698 deg

Initial calibration:
  Source   : x=   0.000, y=   0.000, z=   0.000
  Object   : x=   0.000, y=   0.000, z=   0.000
  Detector : x=  25.318, y=   6.310, z=  40.001

After Calibration: 

Unity geometry (world coordinates):
  Source   : x=   5.000, y=  29.992, z=   0.000
  Object   : x=   1.434, y=  24.360, z= 819.404
  Detector : x=   0.000, y=  24.977, z=1099.001
  Obj rotY :  -4.5698 deg
view   0 | SOD= 834.629 mm | SDD=1099.024 mm | M= 1.317 | incident=0.3692°
[[ 186.9308     -813.40735      -5.6320457 ]
 [ -75.80462     253.73743      -0.61662865]
 [   0.14542332    0.03510295    0.        ]
 [   0.            0.            0.1496    ]]
Residual vector length: 240, Jacobian shape: (240, 6)
view   0 | SOD= 834.627 mm | SDD=1099.024 mm | M= 1.317 | incident=0.3692°
[[ 186.93651    -813.4034       -5.6340103 ]
 [ -75.81513     253.73738      -0.6185932 ]
 [   0.14542279    0.03510516    0.        ]
 [   0.            0.            0.1496    ]]

iter 34 cost=14236.566834 -> 14243.571966 |dtheta|=6.597613e-03  lambda=1.852e+05

============================================================
Iteration 35
============================================================
Theta offsets (Unity frame):
  Source   : dSx=   0.000, dSy=   0.000, dSz=   0.000  (mm)
  Object   : dOx=   0.893, dOy=   4.360, dOz=  19.405  (mm)
  Object offset: offset_x=  11.468, offset_z=  16.121  (mm)
  Detector : dDx=   0.000, dDy=   0.000, dDz=   0.000  (mm)
  Obj Stage rotY :   18.141 deg
============================================================

Unity geometry (world coordinates):
  Source   : x=   5.000, y=  29.992, z=   0.000
  Object   : x=   1.434, y=  24.360, z= 819.404
  Detector : x= -25.318, y=  18.667, z=1059.000
  Obj rotY :  -4.5698 deg

Initial calibration:
  Source   : x=   0.000, y=   0.000, z=   0.000
  Object   : x=   0.000, y=   0.000, z=   0.000
  Detector : x=  25.318, y=   6.310, z=  40.001

After Calibration: 

Unity geometry (world coordinates):
  Source   : x=   5.000, y=  29.992, z=   0.000
  Object   : x=   1.434, y=  24.360, z= 819.404
  Detector : x=   0.000, y=  24.977, z=1099.001
  Obj rotY :  -4.5698 deg
view   0 | SOD= 834.629 mm | SDD=1099.024 mm | M= 1.317 | incident=0.3692°
[[ 186.9308     -813.40735      -5.6320457 ]
 [ -75.80462     253.73743      -0.61662865]
 [   0.14542332    0.03510295    0.        ]
 [   0.            0.            0.1496    ]]
Residual vector length: 240, Jacobian shape: (240, 6)
view   0 | SOD= 834.629 mm | SDD=1099.024 mm | M= 1.317 | incident=0.3692°
[[ 186.93193    -813.4066       -5.6324463 ]
 [ -75.80673     253.73738      -0.6170292 ]
 [   0.14542322    0.03510339    0.        ]
 [   0.            0.            0.1496    ]]

iter 35 cost=14236.566834 -> 14273.477886 |dtheta|=1.338934e-03  lambda=9.259e+05

============================================================
Iteration 36
============================================================
Theta offsets (Unity frame):
  Source   : dSx=   0.000, dSy=   0.000, dSz=   0.000  (mm)
  Object   : dOx=   0.893, dOy=   4.360, dOz=  19.405  (mm)
  Object offset: offset_x=  11.468, offset_z=  16.121  (mm)
  Detector : dDx=   0.000, dDy=   0.000, dDz=   0.000  (mm)
  Obj Stage rotY :   18.141 deg
============================================================

Unity geometry (world coordinates):
  Source   : x=   5.000, y=  29.992, z=   0.000
  Object   : x=   1.434, y=  24.360, z= 819.404
  Detector : x= -25.318, y=  18.667, z=1059.000
  Obj rotY :  -4.5698 deg

Initial calibration:
  Source   : x=   0.000, y=   0.000, z=   0.000
  Object   : x=   0.000, y=   0.000, z=   0.000
  Detector : x=  25.318, y=   6.310, z=  40.001

After Calibration: 

Unity geometry (world coordinates):
  Source   : x=   5.000, y=  29.992, z=   0.000
  Object   : x=   1.434, y=  24.360, z= 819.404
  Detector : x=   0.000, y=  24.977, z=1099.001
  Obj rotY :  -4.5698 deg
view   0 | SOD= 834.629 mm | SDD=1099.024 mm | M= 1.317 | incident=0.3692°
[[ 186.9308     -813.40735      -5.6320457 ]
 [ -75.80462     253.73743      -0.61662865]
 [   0.14542332    0.03510295    0.        ]
 [   0.            0.            0.1496    ]]
Residual vector length: 240, Jacobian shape: (240, 6)
view   0 | SOD= 834.629 mm | SDD=1099.024 mm | M= 1.317 | incident=0.3692°
[[ 186.93184    -813.4066       -5.6324177 ]
 [ -75.80659     253.73743      -0.6170006 ]
 [   0.14542322    0.03510336    0.        ]
 [   0.            0.            0.1496    ]]

iter 36 cost=14236.566834 -> 14276.270792 |dtheta|=1.240092e-03  lambda=1.000e+06

============================================================
Iteration 37
============================================================
Theta offsets (Unity frame):
  Source   : dSx=   0.000, dSy=   0.000, dSz=   0.000  (mm)
  Object   : dOx=   0.893, dOy=   4.360, dOz=  19.405  (mm)
  Object offset: offset_x=  11.468, offset_z=  16.121  (mm)
  Detector : dDx=   0.000, dDy=   0.000, dDz=   0.000  (mm)
  Obj Stage rotY :   18.141 deg
============================================================

Unity geometry (world coordinates):
  Source   : x=   5.000, y=  29.992, z=   0.000
  Object   : x=   1.434, y=  24.360, z= 819.404
  Detector : x= -25.318, y=  18.667, z=1059.000
  Obj rotY :  -4.5698 deg

Initial calibration:
  Source   : x=   0.000, y=   0.000, z=   0.000
  Object   : x=   0.000, y=   0.000, z=   0.000
  Detector : x=  25.318, y=   6.310, z=  40.001

After Calibration: 

Unity geometry (world coordinates):
  Source   : x=   5.000, y=  29.992, z=   0.000
  Object   : x=   1.434, y=  24.360, z= 819.404
  Detector : x=   0.000, y=  24.977, z=1099.001
  Obj rotY :  -4.5698 deg
view   0 | SOD= 834.629 mm | SDD=1099.024 mm | M= 1.317 | incident=0.3692°
[[ 186.9308     -813.40735      -5.6320457 ]
 [ -75.80462     253.73743      -0.61662865]
 [   0.14542332    0.03510295    0.        ]
 [   0.            0.            0.1496    ]]
Residual vector length: 240, Jacobian shape: (240, 6)
view   0 | SOD= 834.629 mm | SDD=1099.024 mm | M= 1.317 | incident=0.3692°
[[ 186.93184    -813.4066       -5.6324177 ]
 [ -75.80659     253.73743      -0.6170006 ]
 [   0.14542322    0.03510336    0.        ]
 [   0.            0.            0.1496    ]]

iter 37 cost=14236.566834 -> 14276.270792 |dtheta|=1.240092e-03  lambda=1.000e+06

============================================================
Iteration 38
============================================================
Theta offsets (Unity frame):
  Source   : dSx=   0.000, dSy=   0.000, dSz=   0.000  (mm)
  Object   : dOx=   0.893, dOy=   4.360, dOz=  19.405  (mm)
  Object offset: offset_x=  11.468, offset_z=  16.121  (mm)
  Detector : dDx=   0.000, dDy=   0.000, dDz=   0.000  (mm)
  Obj Stage rotY :   18.141 deg
============================================================

Unity geometry (world coordinates):
  Source   : x=   5.000, y=  29.992, z=   0.000
  Object   : x=   1.434, y=  24.360, z= 819.404
  Detector : x= -25.318, y=  18.667, z=1059.000
  Obj rotY :  -4.5698 deg

Initial calibration:
  Source   : x=   0.000, y=   0.000, z=   0.000
  Object   : x=   0.000, y=   0.000, z=   0.000
  Detector : x=  25.318, y=   6.310, z=  40.001

After Calibration: 

Unity geometry (world coordinates):
  Source   : x=   5.000, y=  29.992, z=   0.000
  Object   : x=   1.434, y=  24.360, z= 819.404
  Detector : x=   0.000, y=  24.977, z=1099.001
  Obj rotY :  -4.5698 deg
view   0 | SOD= 834.629 mm | SDD=1099.024 mm | M= 1.317 | incident=0.3692°
[[ 186.9308     -813.40735      -5.6320457 ]
 [ -75.80462     253.73743      -0.61662865]
 [   0.14542332    0.03510295    0.        ]
 [   0.            0.            0.1496    ]]
Residual vector length: 240, Jacobian shape: (240, 6)
view   0 | SOD= 834.629 mm | SDD=1099.024 mm | M= 1.317 | incident=0.3692°
[[ 186.93184    -813.4066       -5.6324177 ]
 [ -75.80659     253.73743      -0.6170006 ]
 [   0.14542322    0.03510336    0.        ]
 [   0.            0.            0.1496    ]]

iter 38 cost=14236.566834 -> 14276.270792 |dtheta|=1.240092e-03  lambda=1.000e+06

============================================================
Iteration 39
============================================================
Theta offsets (Unity frame):
  Source   : dSx=   0.000, dSy=   0.000, dSz=   0.000  (mm)
  Object   : dOx=   0.893, dOy=   4.360, dOz=  19.405  (mm)
  Object offset: offset_x=  11.468, offset_z=  16.121  (mm)
  Detector : dDx=   0.000, dDy=   0.000, dDz=   0.000  (mm)
  Obj Stage rotY :   18.141 deg
============================================================

Unity geometry (world coordinates):
  Source   : x=   5.000, y=  29.992, z=   0.000
  Object   : x=   1.434, y=  24.360, z= 819.404
  Detector : x= -25.318, y=  18.667, z=1059.000
  Obj rotY :  -4.5698 deg

Initial calibration:
  Source   : x=   0.000, y=   0.000, z=   0.000
  Object   : x=   0.000, y=   0.000, z=   0.000
  Detector : x=  25.318, y=   6.310, z=  40.001

After Calibration: 

Unity geometry (world coordinates):
  Source   : x=   5.000, y=  29.992, z=   0.000
  Object   : x=   1.434, y=  24.360, z= 819.404
  Detector : x=   0.000, y=  24.977, z=1099.001
  Obj rotY :  -4.5698 deg
view   0 | SOD= 834.629 mm | SDD=1099.024 mm | M= 1.317 | incident=0.3692°
[[ 186.9308     -813.40735      -5.6320457 ]
 [ -75.80462     253.73743      -0.61662865]
 [   0.14542332    0.03510295    0.        ]
 [   0.            0.            0.1496    ]]
Residual vector length: 240, Jacobian shape: (240, 6)
view   0 | SOD= 834.629 mm | SDD=1099.024 mm | M= 1.317 | incident=0.3692°
[[ 186.93184    -813.4066       -5.6324177 ]
 [ -75.80659     253.73743      -0.6170006 ]
 [   0.14542322    0.03510336    0.        ]
 [   0.            0.            0.1496    ]]

iter 39 cost=14236.566834 -> 14276.270792 |dtheta|=1.240092e-03  lambda=1.000e+06

============================================================
Iteration 40
============================================================
Theta offsets (Unity frame):
  Source   : dSx=   0.000, dSy=   0.000, dSz=   0.000  (mm)
  Object   : dOx=   0.893, dOy=   4.360, dOz=  19.405  (mm)
  Object offset: offset_x=  11.468, offset_z=  16.121  (mm)
  Detector : dDx=   0.000, dDy=   0.000, dDz=   0.000  (mm)
  Obj Stage rotY :   18.141 deg
============================================================

Unity geometry (world coordinates):
  Source   : x=   5.000, y=  29.992, z=   0.000
  Object   : x=   1.434, y=  24.360, z= 819.404
  Detector : x= -25.318, y=  18.667, z=1059.000
  Obj rotY :  -4.5698 deg

Initial calibration:
  Source   : x=   0.000, y=   0.000, z=   0.000
  Object   : x=   0.000, y=   0.000, z=   0.000
  Detector : x=  25.318, y=   6.310, z=  40.001

After Calibration: 

Unity geometry (world coordinates):
  Source   : x=   5.000, y=  29.992, z=   0.000
  Object   : x=   1.434, y=  24.360, z= 819.404
  Detector : x=   0.000, y=  24.977, z=1099.001
  Obj rotY :  -4.5698 deg
view   0 | SOD= 834.629 mm | SDD=1099.024 mm | M= 1.317 | incident=0.3692°
[[ 186.9308     -813.40735      -5.6320457 ]
 [ -75.80462     253.73743      -0.61662865]
 [   0.14542332    0.03510295    0.        ]
 [   0.            0.            0.1496    ]]
Residual vector length: 240, Jacobian shape: (240, 6)
view   0 | SOD= 834.629 mm | SDD=1099.024 mm | M= 1.317 | incident=0.3692°
[[ 186.93184    -813.4066       -5.6324177 ]
 [ -75.80659     253.73743      -0.6170006 ]
 [   0.14542322    0.03510336    0.        ]
 [   0.            0.            0.1496    ]]

iter 40 cost=14236.566834 -> 14276.270792 |dtheta|=1.240092e-03  lambda=1.000e+06

============================================================
Iteration 41
============================================================
Theta offsets (Unity frame):
  Source   : dSx=   0.000, dSy=   0.000, dSz=   0.000  (mm)
  Object   : dOx=   0.893, dOy=   4.360, dOz=  19.405  (mm)
  Object offset: offset_x=  11.468, offset_z=  16.121  (mm)
  Detector : dDx=   0.000, dDy=   0.000, dDz=   0.000  (mm)
  Obj Stage rotY :   18.141 deg
============================================================

Unity geometry (world coordinates):
  Source   : x=   5.000, y=  29.992, z=   0.000
  Object   : x=   1.434, y=  24.360, z= 819.404
  Detector : x= -25.318, y=  18.667, z=1059.000
  Obj rotY :  -4.5698 deg

Initial calibration:
  Source   : x=   0.000, y=   0.000, z=   0.000
  Object   : x=   0.000, y=   0.000, z=   0.000
  Detector : x=  25.318, y=   6.310, z=  40.001

After Calibration: 

Unity geometry (world coordinates):
  Source   : x=   5.000, y=  29.992, z=   0.000
  Object   : x=   1.434, y=  24.360, z= 819.404
  Detector : x=   0.000, y=  24.977, z=1099.001
  Obj rotY :  -4.5698 deg
view   0 | SOD= 834.629 mm | SDD=1099.024 mm | M= 1.317 | incident=0.3692°
[[ 186.9308     -813.40735      -5.6320457 ]
 [ -75.80462     253.73743      -0.61662865]
 [   0.14542332    0.03510295    0.        ]
 [   0.            0.            0.1496    ]]
Residual vector length: 240, Jacobian shape: (240, 6)
view   0 | SOD= 834.629 mm | SDD=1099.024 mm | M= 1.317 | incident=0.3692°
[[ 186.93184    -813.4066       -5.6324177 ]
 [ -75.80659     253.73743      -0.6170006 ]
 [   0.14542322    0.03510336    0.        ]
 [   0.            0.            0.1496    ]]

iter 41 cost=14236.566834 -> 14276.270792 |dtheta|=1.240092e-03  lambda=1.000e+06

============================================================
Iteration 42
============================================================
Theta offsets (Unity frame):
  Source   : dSx=   0.000, dSy=   0.000, dSz=   0.000  (mm)
  Object   : dOx=   0.893, dOy=   4.360, dOz=  19.405  (mm)
  Object offset: offset_x=  11.468, offset_z=  16.121  (mm)
  Detector : dDx=   0.000, dDy=   0.000, dDz=   0.000  (mm)
  Obj Stage rotY :   18.141 deg
============================================================

Unity geometry (world coordinates):
  Source   : x=   5.000, y=  29.992, z=   0.000
  Object   : x=   1.434, y=  24.360, z= 819.404
  Detector : x= -25.318, y=  18.667, z=1059.000
  Obj rotY :  -4.5698 deg

Initial calibration:
  Source   : x=   0.000, y=   0.000, z=   0.000
  Object   : x=   0.000, y=   0.000, z=   0.000
  Detector : x=  25.318, y=   6.310, z=  40.001

After Calibration: 

Unity geometry (world coordinates):
  Source   : x=   5.000, y=  29.992, z=   0.000
  Object   : x=   1.434, y=  24.360, z= 819.404
  Detector : x=   0.000, y=  24.977, z=1099.001
  Obj rotY :  -4.5698 deg
view   0 | SOD= 834.629 mm | SDD=1099.024 mm | M= 1.317 | incident=0.3692°
[[ 186.9308     -813.40735      -5.6320457 ]
 [ -75.80462     253.73743      -0.61662865]
 [   0.14542332    0.03510295    0.        ]
 [   0.            0.            0.1496    ]]
Residual vector length: 240, Jacobian shape: (240, 6)
view   0 | SOD= 834.629 mm | SDD=1099.024 mm | M= 1.317 | incident=0.3692°
[[ 186.93184    -813.4066       -5.6324177 ]
 [ -75.80659     253.73743      -0.6170006 ]
 [   0.14542322    0.03510336    0.        ]
 [   0.            0.            0.1496    ]]

iter 42 cost=14236.566834 -> 14276.270792 |dtheta|=1.240092e-03  lambda=1.000e+06
Stalled.

Estimated theta:
  dSx: +0.000000
  dSy: +0.000000
  dOx: +0.893306
  dOy: +4.360324
  dOz: +19.404612
  dDx: +0.000000
  dDy: +0.000000
  dDz: +0.000000
alpha: +1.814054e+01 deg)
offset_x: +11.468100
offset_z: +16.121171

Final cost table:
Final estimated theta: [ 0.          0.          0.89330641  4.36032437 19.40461163  0.
  0.          0.         18.14054444 11.4680997  16.12117128]
################################################################################

