Phantom already exists, skipping: cuboid_phantom_3_compact.npy

################################################################################
Running cuboid=compact scenario=G2 N_ANGLES=24, K=3
view   0 | SOD= 570.046 mm | SDD= 696.006 mm | M= 1.221 | incident=0.2470°
[[ 119.47323    -557.34204      -7.        ]
 [ -25.864782    123.32077      -7.        ]
 [   0.14616601    0.03186934    0.        ]
 [   0.            0.            0.1496    ]]
           image          x1     y1  area1          x2          y2  area2          x3          y3  area3
0   proj_000.png  486.208000  379.5    750  461.244265  436.395412    741  486.315232  494.230464    755
1   proj_001.png  480.886544  379.5    758  466.694482  436.382234    743  480.891821  494.310026    758
2   proj_002.png  474.926121  379.5    758  472.589502  436.343203    743  474.959211  494.294737    760
3   proj_003.png  468.965699  379.5    758  478.575881  436.367209    738  468.961842  494.360526    760
4   proj_004.png  463.136000  379.5    750  484.175439  436.391363    741  463.151394  494.235060    753
5   proj_005.png  458.168449  379.5    748  489.219512  436.411924    738  458.205843  494.176627    753
6   proj_006.png  454.208000  379.5    750  493.046980  436.483221    745  454.302789  494.066401    753
7   proj_007.png  451.816489  379.5    752  495.712366  436.532258    744  451.818543  493.932450    755
8   proj_008.png  450.751337  379.5    748  496.789333  436.632000    750  450.789826  493.844712    747
9   proj_009.png  451.223118  379.5    744  496.320375  436.697051    746  451.256376  493.651007    745
10  proj_010.png  453.223118  379.5    744  494.311671  436.810345    754  453.238223  493.485868    743
11  proj_011.png  456.618529  379.5    734  490.936424  436.852980    755  456.683853  493.424695    737
12  proj_012.png  461.259459  379.5    740  486.295756  436.891247    754  461.265141  493.275908    743
13  proj_013.png  466.687332  379.5    742  480.877470  436.870883    759  466.771198  493.266487    743
14  proj_014.png  472.542234  379.5    734  474.911493  436.936592    757  472.663073  493.239892    742
15  proj_015.png  478.500000  379.5    732  468.918421  436.886842    760  478.584345  493.215924    741
16  proj_016.png  484.182306  379.5    746  463.159841  436.907530    757  484.153020  493.281879    745
17  proj_017.png  489.208108  379.5    740  458.201592  436.843501    754  489.183784  493.341892    740
18  proj_018.png  493.034946  379.5    744  454.277926  436.799202    752  493.055108  493.443548    744
19  proj_019.png  495.706989  379.5    744  451.828229  436.719041    751  495.686828  493.595430    744
20  proj_020.png  496.792000  379.5    750  450.735648  436.680908    749  496.832000  493.798667    750
21  proj_021.png  496.262735  379.5    746  451.245638  436.543624    745  496.309840  493.920213    752
22  proj_022.png  494.248663  379.5    748  453.238223  436.485868    743  494.322709  494.026560    753
23  proj_023.png  491.000000  379.5    750  456.662144  436.458616    737  490.953704  494.136243    756

============================================================
Iteration 0
============================================================
Theta offsets (Unity frame):
  Source   : dSx=   0.000, dSy=   0.000, dSz=   0.000  (mm)
  Object   : dOx=   0.000, dOy=   0.000, dOz=   0.000  (mm)
  Object offset: offset_x=   0.000, offset_z=   0.000  (mm)
  Detector : dDx=   0.000, dDy=   0.000, dDz=   0.000  (mm)
  Obj Stage rotY :    0.000 deg
============================================================

Unity geometry (world coordinates):
  Source   : x=  -2.000, y=  47.000, z=   0.000
  Object   : x=  14.000, y=  32.000, z= 592.000
  Detector : x=   1.000, y=  47.000, z= 696.000
  Obj rotY :   0.0000 deg
view   0 | SOD= 592.406 mm | SDD= 696.006 mm | M= 1.175 | incident=0.2470°
[[ -16.     -592.      -15.    ]
 [ -13.      104.      -15.    ]
 [   0.1496    0.        0.    ]
 [   0.        0.        0.1496]]
Residual vector length: 216, Jacobian shape: (216, 6)
view   0 | SOD= 593.859 mm | SDD= 696.006 mm | M= 1.172 | incident=0.2470°
[[   6.6288843  -593.77734      -7.3177757 ]
 [  -0.7010179   102.19055      -7.3177757 ]
 [   0.14958352    0.00222026    0.        ]
 [   0.            0.            0.1496    ]]

iter 00 cost=565182.290615 -> 1057.401882 |dtheta|=1.588763e+01  lambda=1.000e-02

============================================================
Iteration 1
============================================================
Theta offsets (Unity frame):
  Source   : dSx=   0.000, dSy=   0.000, dSz=   0.000  (mm)
  Object   : dOx= -13.775, dOy=   7.682, dOz=   1.710  (mm)
  Object offset: offset_x=  -0.041, offset_z=   0.100  (mm)
  Detector : dDx=   0.000, dDy=   0.000, dDz=   0.000  (mm)
  Obj Stage rotY :    0.850 deg
============================================================

Unity geometry (world coordinates):
  Source   : x=  -2.000, y=  47.000, z=   0.000
  Object   : x=   0.225, y=  39.682, z= 593.710
  Detector : x=   1.000, y=  47.000, z= 696.000
  Obj rotY :   0.0000 deg
view   0 | SOD= 593.859 mm | SDD= 696.006 mm | M= 1.172 | incident=0.2470°
[[   6.6288843  -593.77734      -7.3177757 ]
 [  -0.7010179   102.19055      -7.3177757 ]
 [   0.14958352    0.00222026    0.        ]
 [   0.            0.            0.1496    ]]
Residual vector length: 216, Jacobian shape: (216, 6)
view   0 | SOD= 586.762 mm | SDD= 696.006 mm | M= 1.186 | incident=0.2470°
[[  31.904123   -585.84985      -7.2209053 ]
 [  -5.2384562   109.164856     -7.2209053 ]
 [   0.14935103    0.00862727    0.        ]
 [   0.            0.            0.1496    ]]

iter 01 cost=1057.401882 -> 561.536972 |dtheta|=7.489278e+00  lambda=3.333e-03

============================================================
Iteration 2
============================================================
Theta offsets (Unity frame):
  Source   : dSx=   0.000, dSy=   0.000, dSz=   0.000  (mm)
  Object   : dOx= -13.962, dOy=   7.779, dOz=  -5.362  (mm)
  Object offset: offset_x=  -0.104, offset_z=   0.076  (mm)
  Detector : dDx=   0.000, dDy=   0.000, dDz=   0.000  (mm)
  Obj Stage rotY :    3.306 deg
============================================================

Unity geometry (world coordinates):
  Source   : x=  -2.000, y=  47.000, z=   0.000
  Object   : x=   0.038, y=  39.779, z= 586.638
  Detector : x=   1.000, y=  47.000, z= 696.000
  Obj rotY :   0.0000 deg
view   0 | SOD= 586.762 mm | SDD= 696.006 mm | M= 1.186 | incident=0.2470°
[[  31.904123   -585.84985      -7.2209053 ]
 [  -5.2384562   109.164856     -7.2209053 ]
 [   0.14935103    0.00862727    0.        ]
 [   0.            0.            0.1496    ]]
Residual vector length: 216, Jacobian shape: (216, 6)
view   0 | SOD= 578.979 mm | SDD= 696.006 mm | M= 1.202 | incident=0.2470°
[[  42.40427    -577.3798       -7.155792  ]
 [  -7.9039607   116.80608      -7.155792  ]
 [   0.1491607     0.01145631    0.        ]
 [   0.            0.            0.1496    ]]

iter 02 cost=561.536972 -> 314.619360 |dtheta|=7.840290e+00  lambda=1.111e-03

============================================================
Iteration 3
============================================================
Theta offsets (Unity frame):
  Source   : dSx=   0.000, dSy=   0.000, dSz=   0.000  (mm)
  Object   : dOx= -13.964, dOy=   7.844, dOz= -13.126  (mm)
  Object offset: offset_x=  -0.100, offset_z=   0.058  (mm)
  Detector : dDx=   0.000, dDy=   0.000, dDz=   0.000  (mm)
  Obj Stage rotY :    4.392 deg
============================================================

Unity geometry (world coordinates):
  Source   : x=  -2.000, y=  47.000, z=   0.000
  Object   : x=   0.036, y=  39.844, z= 578.874
  Detector : x=   1.000, y=  47.000, z= 696.000
  Obj rotY :   0.0000 deg
view   0 | SOD= 578.979 mm | SDD= 696.006 mm | M= 1.202 | incident=0.2470°
[[  42.40427    -577.3798       -7.155792  ]
 [  -7.9039607   116.80608      -7.155792  ]
 [   0.1491607     0.01145631    0.        ]
 [   0.            0.            0.1496    ]]
Residual vector length: 216, Jacobian shape: (216, 6)
view   0 | SOD= 575.684 mm | SDD= 696.006 mm | M= 1.209 | incident=0.2470°
[[  49.398148   -573.51715      -7.0734634 ]
 [  -9.702334    119.97555      -7.0734634 ]
 [   0.14900355    0.01334546    0.        ]
 [   0.            0.            0.1496    ]]

iter 03 cost=314.619360 -> 214.793094 |dtheta|=3.413755e+00  lambda=3.704e-04

============================================================
Iteration 4
============================================================
Theta offsets (Unity frame):
  Source   : dSx=   0.000, dSy=   0.000, dSz=   0.000  (mm)
  Object   : dOx= -13.981, dOy=   7.927, dOz= -16.460  (mm)
  Object offset: offset_x=  -0.058, offset_z=   0.097  (mm)
  Detector : dDx=   0.000, dDy=   0.000, dDz=   0.000  (mm)
  Obj Stage rotY :    5.118 deg
============================================================

Unity geometry (world coordinates):
  Source   : x=  -2.000, y=  47.000, z=   0.000
  Object   : x=   0.019, y=  39.927, z= 575.540
  Detector : x=   1.000, y=  47.000, z= 696.000
  Obj rotY :   0.0000 deg
view   0 | SOD= 575.684 mm | SDD= 696.006 mm | M= 1.209 | incident=0.2470°
[[  49.398148   -573.51715      -7.0734634 ]
 [  -9.702334    119.97555      -7.0734634 ]
 [   0.14900355    0.01334546    0.        ]
 [   0.            0.            0.1496    ]]
Residual vector length: 216, Jacobian shape: (216, 6)
view   0 | SOD= 573.775 mm | SDD= 696.006 mm | M= 1.213 | incident=0.2470°
[[  61.526863   -570.423        -7.039974  ]
 [ -12.45457     121.640434     -7.039974  ]
 [   0.14868255    0.01654263    0.        ]
 [   0.            0.            0.1496    ]]

iter 04 cost=214.793094 -> 141.051810 |dtheta|=2.247393e+00  lambda=1.235e-04

============================================================
Iteration 5
============================================================
Theta offsets (Unity frame):
  Source   : dSx=   0.000, dSy=   0.000, dSz=   0.000  (mm)
  Object   : dOx= -14.002, dOy=   7.960, dOz= -18.340  (mm)
  Object offset: offset_x=  -0.071, offset_z=   0.068  (mm)
  Detector : dDx=   0.000, dDy=   0.000, dDz=   0.000  (mm)
  Obj Stage rotY :    6.349 deg
============================================================

Unity geometry (world coordinates):
  Source   : x=  -2.000, y=  47.000, z=   0.000
  Object   : x=  -0.002, y=  39.960, z= 573.660
  Detector : x=   1.000, y=  47.000, z= 696.000
  Obj rotY :   0.0000 deg
view   0 | SOD= 573.775 mm | SDD= 696.006 mm | M= 1.213 | incident=0.2470°
[[  61.526863   -570.423        -7.039974  ]
 [ -12.45457     121.640434     -7.039974  ]
 [   0.14868255    0.01654263    0.        ]
 [   0.            0.            0.1496    ]]
Residual vector length: 216, Jacobian shape: (216, 6)
view   0 | SOD= 571.652 mm | SDD= 696.006 mm | M= 1.218 | incident=0.2470°
[[  65.86743    -567.8015       -7.0181274 ]
 [ -13.693317    123.64266      -7.0181274 ]
 [   0.1485443     0.01774126    0.        ]
 [   0.            0.            0.1496    ]]

iter 05 cost=141.051810 -> 110.768513 |dtheta|=2.163601e+00  lambda=4.115e-05

============================================================
Iteration 6
============================================================
Theta offsets (Unity frame):
  Source   : dSx=   0.000, dSy=   0.000, dSz=   0.000  (mm)
  Object   : dOx= -14.000, dOy=   7.982, dOz= -20.454  (mm)
  Object offset: offset_x=  -0.066, offset_z=   0.059  (mm)
  Detector : dDx=   0.000, dDy=   0.000, dDz=   0.000  (mm)
  Obj Stage rotY :    6.811 deg
============================================================

Unity geometry (world coordinates):
  Source   : x=  -2.000, y=  47.000, z=   0.000
  Object   : x=  -0.000, y=  39.982, z= 571.547
  Detector : x=   1.000, y=  47.000, z= 696.000
  Obj rotY :   0.0000 deg
view   0 | SOD= 571.652 mm | SDD= 696.006 mm | M= 1.218 | incident=0.2470°
[[  65.86743    -567.8015       -7.0181274 ]
 [ -13.693317    123.64266      -7.0181274 ]
 [   0.1485443     0.01774126    0.        ]
 [   0.            0.            0.1496    ]]
Residual vector length: 216, Jacobian shape: (216, 6)
view   0 | SOD= 570.013 mm | SDD= 696.006 mm | M= 1.221 | incident=0.2470°
[[  74.66081    -565.05884      -7.0074997 ]
 [ -15.893188    125.03171      -7.0074997 ]
 [   0.14824316    0.02010288    0.        ]
 [   0.            0.            0.1496    ]]

iter 06 cost=110.768513 -> 75.926240 |dtheta|=1.859971e+00  lambda=1.372e-05

============================================================
Iteration 7
============================================================
Theta offsets (Unity frame):
  Source   : dSx=   0.000, dSy=   0.000, dSz=   0.000  (mm)
  Object   : dOx= -13.998, dOy=   7.993, dOz= -22.074  (mm)
  Object offset: offset_x=  -0.054, offset_z=   0.041  (mm)
  Detector : dDx=   0.000, dDy=   0.000, dDz=   0.000  (mm)
  Obj Stage rotY :    7.723 deg
============================================================

Unity geometry (world coordinates):
  Source   : x=  -2.000, y=  47.000, z=   0.000
  Object   : x=   0.002, y=  39.993, z= 569.926
  Detector : x=   1.000, y=  47.000, z= 696.000
  Obj rotY :   0.0000 deg
view   0 | SOD= 570.013 mm | SDD= 696.006 mm | M= 1.221 | incident=0.2470°
[[  74.66081    -565.05884      -7.0074997 ]
 [ -15.893188    125.03171      -7.0074997 ]
 [   0.14824316    0.02010288    0.        ]
 [   0.            0.            0.1496    ]]
Residual vector length: 216, Jacobian shape: (216, 6)
view   0 | SOD= 570.353 mm | SDD= 696.006 mm | M= 1.220 | incident=0.2470°
[[  81.311554   -564.4839       -7.007206  ]
 [ -17.329224    124.49726      -7.007206  ]
 [   0.1479972     0.02184002    0.        ]
 [   0.            0.            0.1496    ]]

iter 07 cost=75.926240 -> 53.817817 |dtheta|=7.530774e-01  lambda=4.572e-06

============================================================
Iteration 8
============================================================
Theta offsets (Unity frame):
  Source   : dSx=   0.000, dSy=   0.000, dSz=   0.000  (mm)
  Object   : dOx= -13.985, dOy=   7.993, dOz= -21.735  (mm)
  Object offset: offset_x=  -0.047, offset_z=   0.042  (mm)
  Detector : dDx=   0.000, dDy=   0.000, dDz=   0.000  (mm)
  Obj Stage rotY :    8.395 deg
============================================================

Unity geometry (world coordinates):
  Source   : x=  -2.000, y=  47.000, z=   0.000
  Object   : x=   0.015, y=  39.993, z= 570.265
  Detector : x=   1.000, y=  47.000, z= 696.000
  Obj rotY :   0.0000 deg
view   0 | SOD= 570.353 mm | SDD= 696.006 mm | M= 1.220 | incident=0.2470°
[[  81.311554   -564.4839       -7.007206  ]
 [ -17.329224    124.49726      -7.007206  ]
 [   0.1479972     0.02184002    0.        ]
 [   0.            0.            0.1496    ]]
Residual vector length: 216, Jacobian shape: (216, 6)
view   0 | SOD= 570.342 mm | SDD= 696.006 mm | M= 1.220 | incident=0.2470°
[[  85.85521    -563.79956      -7.0046806 ]
 [ -18.319979    124.36652      -7.0046806 ]
 [   0.1478169     0.02302882    0.        ]
 [   0.            0.            0.1496    ]]

iter 08 cost=53.817817 -> 43.164236 |dtheta|=4.611676e-01  lambda=1.524e-06

============================================================
Iteration 9
============================================================
Theta offsets (Unity frame):
  Source   : dSx=   0.000, dSy=   0.000, dSz=   0.000  (mm)
  Object   : dOx= -14.004, dOy=   7.995, dOz= -21.733  (mm)
  Object offset: offset_x=  -0.039, offset_z=   0.028  (mm)
  Detector : dDx=   0.000, dDy=   0.000, dDz=   0.000  (mm)
  Obj Stage rotY :    8.855 deg
============================================================

Unity geometry (world coordinates):
  Source   : x=  -2.000, y=  47.000, z=   0.000
  Object   : x=  -0.004, y=  39.995, z= 570.267
  Detector : x=   1.000, y=  47.000, z= 696.000
  Obj rotY :   0.0000 deg
view   0 | SOD= 570.342 mm | SDD= 696.006 mm | M= 1.220 | incident=0.2470°
[[  85.85521    -563.79956      -7.0046806 ]
 [ -18.319979    124.36652      -7.0046806 ]
 [   0.1478169     0.02302882    0.        ]
 [   0.            0.            0.1496    ]]
Residual vector length: 216, Jacobian shape: (216, 6)
view   0 | SOD= 570.211 mm | SDD= 696.006 mm | M= 1.221 | incident=0.2470°
[[  90.07576    -563.00806      -7.000099  ]
 [ -19.255873    124.35763      -7.000099  ]
 [   0.14764008    0.0241364     0.        ]
 [   0.            0.            0.1496    ]]

iter 09 cost=43.164236 -> 33.095538 |dtheta|=4.531379e-01  lambda=1.000e-06

============================================================
Iteration 10
============================================================
Theta offsets (Unity frame):
  Source   : dSx=   0.000, dSy=   0.000, dSz=   0.000  (mm)
  Object   : dOx= -14.006, dOy=   8.000, dOz= -21.875  (mm)
  Object offset: offset_x=  -0.054, offset_z=   0.040  (mm)
  Detector : dDx=   0.000, dDy=   0.000, dDz=   0.000  (mm)
  Obj Stage rotY :    9.285 deg
============================================================

Unity geometry (world coordinates):
  Source   : x=  -2.000, y=  47.000, z=   0.000
  Object   : x=  -0.006, y=  40.000, z= 570.125
  Detector : x=   1.000, y=  47.000, z= 696.000
  Obj rotY :   0.0000 deg
view   0 | SOD= 570.211 mm | SDD= 696.006 mm | M= 1.221 | incident=0.2470°
[[  90.07576    -563.00806      -7.000099  ]
 [ -19.255873    124.35763      -7.000099  ]
 [   0.14764008    0.0241364     0.        ]
 [   0.            0.            0.1496    ]]
Residual vector length: 216, Jacobian shape: (216, 6)
view   0 | SOD= 570.320 mm | SDD= 696.006 mm | M= 1.220 | incident=0.2470°
[[  94.40516    -562.4083       -7.0009766 ]
 [ -20.21359     124.09556      -7.0009766 ]
 [   0.14744994    0.025272      0.        ]
 [   0.            0.            0.1496    ]]

iter 10 cost=33.095538 -> 24.424163 |dtheta|=4.569544e-01  lambda=1.000e-06

============================================================
Iteration 11
============================================================
Theta offsets (Unity frame):
  Source   : dSx=   0.000, dSy=   0.000, dSz=   0.000  (mm)
  Object   : dOx= -14.003, dOy=   7.999, dOz= -21.757  (mm)
  Object offset: offset_x=  -0.038, offset_z=   0.031  (mm)
  Detector : dDx=   0.000, dDy=   0.000, dDz=   0.000  (mm)
  Obj Stage rotY :    9.726 deg
============================================================

Unity geometry (world coordinates):
  Source   : x=  -2.000, y=  47.000, z=   0.000
  Object   : x=  -0.003, y=  39.999, z= 570.243
  Detector : x=   1.000, y=  47.000, z= 696.000
  Obj rotY :   0.0000 deg
view   0 | SOD= 570.320 mm | SDD= 696.006 mm | M= 1.220 | incident=0.2470°
[[  94.40516    -562.4083       -7.0009766 ]
 [ -20.21359     124.09556      -7.0009766 ]
 [   0.14744994    0.025272      0.        ]
 [   0.            0.            0.1496    ]]
Residual vector length: 216, Jacobian shape: (216, 6)
view   0 | SOD= 570.401 mm | SDD= 696.006 mm | M= 1.220 | incident=0.2470°
[[  97.458466   -561.96954      -7.006176  ]
 [ -20.880787    123.90277      -7.006176  ]
 [   0.14731075    0.0260711     0.        ]
 [   0.            0.            0.1496    ]]

iter 11 cost=24.424163 -> 19.151566 |dtheta|=3.221164e-01  lambda=1.000e-06

============================================================
Iteration 12
============================================================
Theta offsets (Unity frame):
  Source   : dSx=   0.000, dSy=   0.000, dSz=   0.000  (mm)
  Object   : dOx= -14.002, dOy=   7.994, dOz= -21.673  (mm)
  Object offset: offset_x=  -0.030, offset_z=   0.027  (mm)
  Detector : dDx=   0.000, dDy=   0.000, dDz=   0.000  (mm)
  Obj Stage rotY :   10.036 deg
============================================================

Unity geometry (world coordinates):
  Source   : x=  -2.000, y=  47.000, z=   0.000
  Object   : x=  -0.002, y=  39.994, z= 570.327
  Detector : x=   1.000, y=  47.000, z= 696.000
  Obj rotY :   0.0000 deg
view   0 | SOD= 570.401 mm | SDD= 696.006 mm | M= 1.220 | incident=0.2470°
[[  97.458466   -561.96954      -7.006176  ]
 [ -20.880787    123.90277      -7.006176  ]
 [   0.14731075    0.0260711     0.        ]
 [   0.            0.            0.1496    ]]
Residual vector length: 216, Jacobian shape: (216, 6)
view   0 | SOD= 570.004 mm | SDD= 696.006 mm | M= 1.221 | incident=0.2470°
[[ 101.02803    -560.93604      -6.9993973 ]
 [ -21.750126    124.15556      -6.9993973 ]
 [   0.14713883    0.02702447    0.        ]
 [   0.            0.            0.1496    ]]

iter 12 cost=19.151566 -> 13.487243 |dtheta|=5.352365e-01  lambda=1.000e-06

============================================================
Iteration 13
============================================================
Theta offsets (Unity frame):
  Source   : dSx=   0.000, dSy=   0.000, dSz=   0.000  (mm)
  Object   : dOx= -14.005, dOy=   8.001, dOz= -22.058  (mm)
  Object offset: offset_x=  -0.031, offset_z=   0.016  (mm)
  Detector : dDx=   0.000, dDy=   0.000, dDz=   0.000  (mm)
  Obj Stage rotY :   10.407 deg
============================================================

Unity geometry (world coordinates):
  Source   : x=  -2.000, y=  47.000, z=   0.000
  Object   : x=  -0.005, y=  40.001, z= 569.942
  Detector : x=   1.000, y=  47.000, z= 696.000
  Obj rotY :   0.0000 deg
view   0 | SOD= 570.004 mm | SDD= 696.006 mm | M= 1.221 | incident=0.2470°
[[ 101.02803    -560.93604      -6.9993973 ]
 [ -21.750126    124.15556      -6.9993973 ]
 [   0.14713883    0.02702447    0.        ]
 [   0.            0.            0.1496    ]]
Residual vector length: 216, Jacobian shape: (216, 6)
view   0 | SOD= 569.928 mm | SDD= 696.006 mm | M= 1.221 | incident=0.2470°
[[ 104.47003    -560.2281       -6.9987907 ]
 [ -22.538136    124.09198      -6.9987907 ]
 [   0.14696908    0.02793294    0.        ]
 [   0.            0.            0.1496    ]]

iter 13 cost=13.487243 -> 8.917266 |dtheta|=3.613907e-01  lambda=1.000e-06

============================================================
Iteration 14
============================================================
Theta offsets (Unity frame):
  Source   : dSx=   0.000, dSy=   0.000, dSz=   0.000  (mm)
  Object   : dOx= -14.006, dOy=   8.001, dOz= -22.131  (mm)
  Object offset: offset_x=  -0.022, offset_z=   0.013  (mm)
  Detector : dDx=   0.000, dDy=   0.000, dDz=   0.000  (mm)
  Obj Stage rotY :   10.761 deg
============================================================

Unity geometry (world coordinates):
  Source   : x=  -2.000, y=  47.000, z=   0.000
  Object   : x=  -0.006, y=  40.001, z= 569.869
  Detector : x=   1.000, y=  47.000, z= 696.000
  Obj rotY :   0.0000 deg
view   0 | SOD= 569.928 mm | SDD= 696.006 mm | M= 1.221 | incident=0.2470°
[[ 104.47003    -560.2281       -6.9987907 ]
 [ -22.538136    124.09198      -6.9987907 ]
 [   0.14696908    0.02793294    0.        ]
 [   0.            0.            0.1496    ]]
Residual vector length: 216, Jacobian shape: (216, 6)
view   0 | SOD= 569.806 mm | SDD= 696.006 mm | M= 1.221 | incident=0.2470°
[[ 106.55301    -559.7112       -6.9973373 ]
 [ -23.02638     124.126656     -6.9973373 ]
 [   0.14686306    0.02848515    0.        ]
 [   0.            0.            0.1496    ]]

iter 14 cost=8.917266 -> 6.588515 |dtheta|=2.446641e-01  lambda=1.000e-06

============================================================
Iteration 15
============================================================
Theta offsets (Unity frame):
  Source   : dSx=   0.000, dSy=   0.000, dSz=   0.000  (mm)
  Object   : dOx= -14.007, dOy=   8.003, dOz= -22.246  (mm)
  Object offset: offset_x=  -0.023, offset_z=   0.006  (mm)
  Detector : dDx=   0.000, dDy=   0.000, dDz=   0.000  (mm)
  Obj Stage rotY :   10.977 deg
============================================================

Unity geometry (world coordinates):
  Source   : x=  -2.000, y=  47.000, z=   0.000
  Object   : x=  -0.007, y=  40.003, z= 569.754
  Detector : x=   1.000, y=  47.000, z= 696.000
  Obj rotY :   0.0000 deg
view   0 | SOD= 569.806 mm | SDD= 696.006 mm | M= 1.221 | incident=0.2470°
[[ 106.55301    -559.7112       -6.9973373 ]
 [ -23.02638     124.126656     -6.9973373 ]
 [   0.14686306    0.02848515    0.        ]
 [   0.            0.            0.1496    ]]
Residual vector length: 216, Jacobian shape: (216, 6)
view   0 | SOD= 569.748 mm | SDD= 696.006 mm | M= 1.222 | incident=0.2470°
[[ 108.210266   -559.33374      -6.9962234 ]
 [ -23.416212    124.11303      -6.9962234 ]
 [   0.1467771     0.02892479    0.        ]
 [   0.            0.            0.1496    ]]

iter 15 cost=6.588515 -> 5.275230 |dtheta|=1.816374e-01  lambda=1.000e-06

============================================================
Iteration 16
============================================================
Theta offsets (Unity frame):
  Source   : dSx=   0.000, dSy=   0.000, dSz=   0.000  (mm)
  Object   : dOx= -14.004, dOy=   8.004, dOz= -22.306  (mm)
  Object offset: offset_x=  -0.018, offset_z=   0.007  (mm)
  Detector : dDx=   0.000, dDy=   0.000, dDz=   0.000  (mm)
  Obj Stage rotY :   11.148 deg
============================================================

Unity geometry (world coordinates):
  Source   : x=  -2.000, y=  47.000, z=   0.000
  Object   : x=  -0.004, y=  40.004, z= 569.694
  Detector : x=   1.000, y=  47.000, z= 696.000
  Obj rotY :   0.0000 deg
view   0 | SOD= 569.748 mm | SDD= 696.006 mm | M= 1.222 | incident=0.2470°
[[ 108.210266   -559.33374      -6.9962234 ]
 [ -23.416212    124.11303      -6.9962234 ]
 [   0.1467771     0.02892479    0.        ]
 [   0.            0.            0.1496    ]]
Residual vector length: 216, Jacobian shape: (216, 6)
view   0 | SOD= 569.763 mm | SDD= 696.006 mm | M= 1.222 | incident=0.2470°
[[ 109.690506   -559.0605       -6.9958763 ]
 [ -23.739946    124.036354     -6.9958763 ]
 [   0.14670022    0.02931221    0.        ]
 [   0.            0.            0.1496    ]]

iter 16 cost=5.275230 -> 4.006106 |dtheta|=1.519296e-01  lambda=1.000e-06

============================================================
Iteration 17
============================================================
Theta offsets (Unity frame):
  Source   : dSx=   0.000, dSy=   0.000, dSz=   0.000  (mm)
  Object   : dOx= -14.003, dOy=   8.004, dOz= -22.292  (mm)
  Object offset: offset_x=  -0.020, offset_z=   0.008  (mm)
  Detector : dDx=   0.000, dDy=   0.000, dDz=   0.000  (mm)
  Obj Stage rotY :   11.299 deg
============================================================

Unity geometry (world coordinates):
  Source   : x=  -2.000, y=  47.000, z=   0.000
  Object   : x=  -0.003, y=  40.004, z= 569.708
  Detector : x=   1.000, y=  47.000, z= 696.000
  Obj rotY :   0.0000 deg
view   0 | SOD= 569.763 mm | SDD= 696.006 mm | M= 1.222 | incident=0.2470°
[[ 109.690506   -559.0605       -6.9958763 ]
 [ -23.739946    124.036354     -6.9958763 ]
 [   0.14670022    0.02931221    0.        ]
 [   0.            0.            0.1496    ]]
Residual vector length: 216, Jacobian shape: (216, 6)
view   0 | SOD= 569.853 mm | SDD= 696.006 mm | M= 1.221 | incident=0.2470°
[[ 111.11838    -558.87054      -6.9972687 ]
 [ -24.041157    123.88627      -6.9972687 ]
 [   0.14662553    0.02968354    0.        ]
 [   0.            0.            0.1496    ]]

iter 17 cost=4.006106 -> 3.003703 |dtheta|=1.709073e-01  lambda=1.000e-06

============================================================
Iteration 18
============================================================
Theta offsets (Unity frame):
  Source   : dSx=   0.000, dSy=   0.000, dSz=   0.000  (mm)
  Object   : dOx= -14.003, dOy=   8.003, dOz= -22.202  (mm)
  Object offset: offset_x=  -0.015, offset_z=   0.009  (mm)
  Detector : dDx=   0.000, dDy=   0.000, dDz=   0.000  (mm)
  Obj Stage rotY :   11.445 deg
============================================================

Unity geometry (world coordinates):
  Source   : x=  -2.000, y=  47.000, z=   0.000
  Object   : x=  -0.003, y=  40.003, z= 569.798
  Detector : x=   1.000, y=  47.000, z= 696.000
  Obj rotY :   0.0000 deg
view   0 | SOD= 569.853 mm | SDD= 696.006 mm | M= 1.221 | incident=0.2470°
[[ 111.11838    -558.87054      -6.9972687 ]
 [ -24.041157    123.88627      -6.9972687 ]
 [   0.14662553    0.02968354    0.        ]
 [   0.            0.            0.1496    ]]
Residual vector length: 216, Jacobian shape: (216, 6)
view   0 | SOD= 569.835 mm | SDD= 696.006 mm | M= 1.221 | incident=0.2470°
[[ 112.267136   -558.6229       -6.997528  ]
 [ -24.303064    123.85311      -6.997528  ]
 [   0.14656387    0.02998648    0.        ]
 [   0.            0.            0.1496    ]]

iter 18 cost=3.003703 -> 2.286714 |dtheta|=1.195061e-01  lambda=1.000e-06

============================================================
Iteration 19
============================================================
Theta offsets (Unity frame):
  Source   : dSx=   0.000, dSy=   0.000, dSz=   0.000  (mm)
  Object   : dOx= -14.004, dOy=   8.002, dOz= -22.217  (mm)
  Object offset: offset_x=  -0.012, offset_z=   0.007  (mm)
  Detector : dDx=   0.000, dDy=   0.000, dDz=   0.000  (mm)
  Obj Stage rotY :   11.563 deg
============================================================

Unity geometry (world coordinates):
  Source   : x=  -2.000, y=  47.000, z=   0.000
  Object   : x=  -0.004, y=  40.002, z= 569.783
  Detector : x=   1.000, y=  47.000, z= 696.000
  Obj rotY :   0.0000 deg
view   0 | SOD= 569.835 mm | SDD= 696.006 mm | M= 1.221 | incident=0.2470°
[[ 112.267136   -558.6229       -6.997528  ]
 [ -24.303064    123.85311      -6.997528  ]
 [   0.14656387    0.02998648    0.        ]
 [   0.            0.            0.1496    ]]
Residual vector length: 216, Jacobian shape: (216, 6)
view   0 | SOD= 569.838 mm | SDD= 696.006 mm | M= 1.221 | incident=0.2470°
[[ 113.015976   -558.47473      -6.996456  ]
 [ -24.475689    123.81627      -6.996456  ]
 [   0.14652325    0.03018437    0.        ]
 [   0.            0.            0.1496    ]]

iter 19 cost=2.286714 -> 1.984493 |dtheta|=7.753049e-02  lambda=1.000e-06

============================================================
Iteration 20
============================================================
Theta offsets (Unity frame):
  Source   : dSx=   0.000, dSy=   0.000, dSz=   0.000  (mm)
  Object   : dOx= -14.002, dOy=   8.004, dOz= -22.215  (mm)
  Object offset: offset_x=  -0.008, offset_z=   0.007  (mm)
  Detector : dDx=   0.000, dDy=   0.000, dDz=   0.000  (mm)
  Obj Stage rotY :   11.640 deg
============================================================

Unity geometry (world coordinates):
  Source   : x=  -2.000, y=  47.000, z=   0.000
  Object   : x=  -0.002, y=  40.004, z= 569.785
  Detector : x=   1.000, y=  47.000, z= 696.000
  Obj rotY :   0.0000 deg
view   0 | SOD= 569.838 mm | SDD= 696.006 mm | M= 1.221 | incident=0.2470°
[[ 113.015976   -558.47473      -6.996456  ]
 [ -24.475689    123.81627      -6.996456  ]
 [   0.14652325    0.03018437    0.        ]
 [   0.            0.            0.1496    ]]
Residual vector length: 216, Jacobian shape: (216, 6)
view   0 | SOD= 569.852 mm | SDD= 696.006 mm | M= 1.221 | incident=0.2470°
[[ 113.948135   -558.2989       -6.99712   ]
 [ -24.681152    123.761894     -6.99712   ]
 [   0.1464727     0.03042868    0.        ]
 [   0.            0.            0.1496    ]]

iter 20 cost=1.984493 -> 1.538842 |dtheta|=9.675114e-02  lambda=1.000e-06

============================================================
Iteration 21
============================================================
Theta offsets (Unity frame):
  Source   : dSx=   0.000, dSy=   0.000, dSz=   0.000  (mm)
  Object   : dOx= -14.003, dOy=   8.003, dOz= -22.201  (mm)
  Object offset: offset_x=  -0.005, offset_z=   0.006  (mm)
  Detector : dDx=   0.000, dDy=   0.000, dDz=   0.000  (mm)
  Obj Stage rotY :   11.736 deg
============================================================

Unity geometry (world coordinates):
  Source   : x=  -2.000, y=  47.000, z=   0.000
  Object   : x=  -0.003, y=  40.003, z= 569.799
  Detector : x=   1.000, y=  47.000, z= 696.000
  Obj rotY :   0.0000 deg
view   0 | SOD= 569.852 mm | SDD= 696.006 mm | M= 1.221 | incident=0.2470°
[[ 113.948135   -558.2989       -6.99712   ]
 [ -24.681152    123.761894     -6.99712   ]
 [   0.1464727     0.03042868    0.        ]
 [   0.            0.            0.1496    ]]
Residual vector length: 216, Jacobian shape: (216, 6)
view   0 | SOD= 569.922 mm | SDD= 696.006 mm | M= 1.221 | incident=0.2470°
[[ 115.27029    -558.09924      -6.9971924 ]
 [ -24.955206    123.63514      -6.9971924 ]
 [   0.14640108    0.03077146    0.        ]
 [   0.            0.            0.1496    ]]

iter 21 cost=1.538842 -> 1.137145 |dtheta|=1.505646e-01  lambda=1.000e-06

============================================================
Iteration 22
============================================================
Theta offsets (Unity frame):
  Source   : dSx=   0.000, dSy=   0.000, dSz=   0.000  (mm)
  Object   : dOx= -14.002, dOy=   8.003, dOz= -22.132  (mm)
  Object offset: offset_x=  -0.007, offset_z=   0.008  (mm)
  Detector : dDx=   0.000, dDy=   0.000, dDz=   0.000  (mm)
  Obj Stage rotY :   11.870 deg
============================================================

Unity geometry (world coordinates):
  Source   : x=  -2.000, y=  47.000, z=   0.000
  Object   : x=  -0.002, y=  40.003, z= 569.868
  Detector : x=   1.000, y=  47.000, z= 696.000
  Obj rotY :   0.0000 deg
view   0 | SOD= 569.922 mm | SDD= 696.006 mm | M= 1.221 | incident=0.2470°
[[ 115.27029    -558.09924      -6.9971924 ]
 [ -24.955206    123.63514      -6.9971924 ]
 [   0.14640108    0.03077146    0.        ]
 [   0.            0.            0.1496    ]]
Residual vector length: 216, Jacobian shape: (216, 6)
view   0 | SOD= 569.936 mm | SDD= 696.006 mm | M= 1.221 | incident=0.2470°
[[ 116.007744   -557.9613       -6.9973526 ]
 [ -25.117928    123.58734      -6.9973526 ]
 [   0.14636032    0.03096477    0.        ]
 [   0.            0.            0.1496    ]]

iter 22 cost=1.137145 -> 0.909732 |dtheta|=7.790648e-02  lambda=1.000e-06

============================================================
Iteration 23
============================================================
Theta offsets (Unity frame):
  Source   : dSx=   0.000, dSy=   0.000, dSz=   0.000  (mm)
  Object   : dOx= -14.001, dOy=   8.003, dOz= -22.114  (mm)
  Object offset: offset_x=  -0.006, offset_z=   0.004  (mm)
  Detector : dDx=   0.000, dDy=   0.000, dDz=   0.000  (mm)
  Obj Stage rotY :   11.946 deg
============================================================

Unity geometry (world coordinates):
  Source   : x=  -2.000, y=  47.000, z=   0.000
  Object   : x=  -0.001, y=  40.003, z= 569.886
  Detector : x=   1.000, y=  47.000, z= 696.000
  Obj rotY :   0.0000 deg
view   0 | SOD= 569.936 mm | SDD= 696.006 mm | M= 1.221 | incident=0.2470°
[[ 116.007744   -557.9613       -6.9973526 ]
 [ -25.117928    123.58734      -6.9973526 ]
 [   0.14636032    0.03096477    0.        ]
 [   0.            0.            0.1496    ]]
Residual vector length: 216, Jacobian shape: (216, 6)
view   0 | SOD= 569.958 mm | SDD= 696.006 mm | M= 1.221 | incident=0.2470°
[[ 116.67325    -557.84485      -6.998047  ]
 [ -25.260534    123.535965     -6.998047  ]
 [   0.1463235     0.03113831    0.        ]
 [   0.            0.            0.1496    ]]

iter 23 cost=0.909732 -> 0.769053 |dtheta|=7.187847e-02  lambda=1.000e-06

============================================================
Iteration 24
============================================================
Theta offsets (Unity frame):
  Source   : dSx=   0.000, dSy=   0.000, dSz=   0.000  (mm)
  Object   : dOx= -14.002, dOy=   8.002, dOz= -22.091  (mm)
  Object offset: offset_x=  -0.004, offset_z=   0.003  (mm)
  Detector : dDx=   0.000, dDy=   0.000, dDz=   0.000  (mm)
  Obj Stage rotY :   12.014 deg
============================================================

Unity geometry (world coordinates):
  Source   : x=  -2.000, y=  47.000, z=   0.000
  Object   : x=  -0.002, y=  40.002, z= 569.909
  Detector : x=   1.000, y=  47.000, z= 696.000
  Obj rotY :   0.0000 deg
view   0 | SOD= 569.958 mm | SDD= 696.006 mm | M= 1.221 | incident=0.2470°
[[ 116.67325    -557.84485      -6.998047  ]
 [ -25.260534    123.535965     -6.998047  ]
 [   0.1463235     0.03113831    0.        ]
 [   0.            0.            0.1496    ]]
Residual vector length: 216, Jacobian shape: (216, 6)
view   0 | SOD= 569.970 mm | SDD= 696.006 mm | M= 1.221 | incident=0.2470°
[[ 117.2084     -557.74493      -6.998474  ]
 [ -25.376518    123.499916     -6.998474  ]
 [   0.14629367    0.03127814    0.        ]
 [   0.            0.            0.1496    ]]

iter 24 cost=0.769053 -> 0.657486 |dtheta|=5.637348e-02  lambda=1.000e-06

============================================================
Iteration 25
============================================================
Theta offsets (Unity frame):
  Source   : dSx=   0.000, dSy=   0.000, dSz=   0.000  (mm)
  Object   : dOx= -14.002, dOy=   8.002, dOz= -22.078  (mm)
  Object offset: offset_x=  -0.003, offset_z=   0.001  (mm)
  Detector : dDx=   0.000, dDy=   0.000, dDz=   0.000  (mm)
  Obj Stage rotY :   12.068 deg
============================================================

Unity geometry (world coordinates):
  Source   : x=  -2.000, y=  47.000, z=   0.000
  Object   : x=  -0.002, y=  40.002, z= 569.922
  Detector : x=   1.000, y=  47.000, z= 696.000
  Obj rotY :   0.0000 deg
view   0 | SOD= 569.970 mm | SDD= 696.006 mm | M= 1.221 | incident=0.2470°
[[ 117.2084     -557.74493      -6.998474  ]
 [ -25.376518    123.499916     -6.998474  ]
 [   0.14629367    0.03127814    0.        ]
 [   0.            0.            0.1496    ]]
Residual vector length: 216, Jacobian shape: (216, 6)
view   0 | SOD= 569.962 mm | SDD= 696.006 mm | M= 1.221 | incident=0.2470°
[[ 117.50247    -557.6746       -6.9987106 ]
 [ -25.4453      123.49416      -6.9987106 ]
 [   0.146277      0.03135606    0.        ]
 [   0.            0.            0.1496    ]]

iter 25 cost=0.657486 -> 0.603217 |dtheta|=3.188443e-02  lambda=1.000e-06

============================================================
Iteration 26
============================================================
Theta offsets (Unity frame):
  Source   : dSx=   0.000, dSy=   0.000, dSz=   0.000  (mm)
  Object   : dOx= -14.002, dOy=   8.001, dOz= -22.087  (mm)
  Object offset: offset_x=  -0.002, offset_z=   0.002  (mm)
  Detector : dDx=   0.000, dDy=   0.000, dDz=   0.000  (mm)
  Obj Stage rotY :   12.099 deg
============================================================

Unity geometry (world coordinates):
  Source   : x=  -2.000, y=  47.000, z=   0.000
  Object   : x=  -0.002, y=  40.001, z= 569.913
  Detector : x=   1.000, y=  47.000, z= 696.000
  Obj rotY :   0.0000 deg
view   0 | SOD= 569.962 mm | SDD= 696.006 mm | M= 1.221 | incident=0.2470°
[[ 117.50247    -557.6746       -6.9987106 ]
 [ -25.4453      123.49416      -6.9987106 ]
 [   0.146277      0.03135606    0.        ]
 [   0.            0.            0.1496    ]]
Residual vector length: 216, Jacobian shape: (216, 6)
view   0 | SOD= 569.975 mm | SDD= 696.006 mm | M= 1.221 | incident=0.2470°
[[ 117.67003    -557.65295      -6.9987335 ]
 [ -25.479122    123.47354      -6.9987335 ]
 [   0.14626771    0.03139931    0.        ]
 [   0.            0.            0.1496    ]]

iter 26 cost=0.603217 -> 0.574690 |dtheta|=2.115772e-02  lambda=1.000e-06

============================================================
Iteration 27
============================================================
Theta offsets (Unity frame):
  Source   : dSx=   0.000, dSy=   0.000, dSz=   0.000  (mm)
  Object   : dOx= -14.002, dOy=   8.001, dOz= -22.074  (mm)
  Object offset: offset_x=  -0.002, offset_z=   0.003  (mm)
  Detector : dDx=   0.000, dDy=   0.000, dDz=   0.000  (mm)
  Obj Stage rotY :   12.116 deg
============================================================

Unity geometry (world coordinates):
  Source   : x=  -2.000, y=  47.000, z=   0.000
  Object   : x=  -0.002, y=  40.001, z= 569.926
  Detector : x=   1.000, y=  47.000, z= 696.000
  Obj rotY :   0.0000 deg
view   0 | SOD= 569.975 mm | SDD= 696.006 mm | M= 1.221 | incident=0.2470°
[[ 117.67003    -557.65295      -6.9987335 ]
 [ -25.479122    123.47354      -6.9987335 ]
 [   0.14626771    0.03139931    0.        ]
 [   0.            0.            0.1496    ]]
Residual vector length: 216, Jacobian shape: (216, 6)
view   0 | SOD= 570.003 mm | SDD= 696.006 mm | M= 1.221 | incident=0.2470°
[[ 118.06755    -557.5975       -6.9990997 ]
 [ -25.560612    123.42821      -6.9990997 ]
 [   0.1462456     0.03150217    0.        ]
 [   0.            0.            0.1496    ]]

iter 27 cost=0.574690 -> 0.522481 |dtheta|=4.926245e-02  lambda=1.000e-06

============================================================
Iteration 28
============================================================
Theta offsets (Unity frame):
  Source   : dSx=   0.000, dSy=   0.000, dSz=   0.000  (mm)
  Object   : dOx= -14.002, dOy=   8.001, dOz= -22.046  (mm)
  Object offset: offset_x=  -0.002, offset_z=   0.003  (mm)
  Detector : dDx=   0.000, dDy=   0.000, dDz=   0.000  (mm)
  Obj Stage rotY :   12.156 deg
============================================================

Unity geometry (world coordinates):
  Source   : x=  -2.000, y=  47.000, z=   0.000
  Object   : x=  -0.002, y=  40.001, z= 569.954
  Detector : x=   1.000, y=  47.000, z= 696.000
  Obj rotY :   0.0000 deg
view   0 | SOD= 570.003 mm | SDD= 696.006 mm | M= 1.221 | incident=0.2470°
[[ 118.06755    -557.5975       -6.9990997 ]
 [ -25.560612    123.42821      -6.9990997 ]
 [   0.1462456     0.03150217    0.        ]
 [   0.            0.            0.1496    ]]
Residual vector length: 216, Jacobian shape: (216, 6)
view   0 | SOD= 570.040 mm | SDD= 696.006 mm | M= 1.221 | incident=0.2470°
[[ 118.2229     -557.6015       -6.9998207 ]
 [ -25.586721    123.385895     -6.9998207 ]
 [   0.1462372     0.03154114    0.        ]
 [   0.            0.            0.1496    ]]

iter 28 cost=0.522481 -> 0.476444 |dtheta|=3.927841e-02  lambda=1.000e-06

============================================================
Iteration 29
============================================================
Theta offsets (Unity frame):
  Source   : dSx=   0.000, dSy=   0.000, dSz=   0.000  (mm)
  Object   : dOx= -14.002, dOy=   8.000, dOz= -22.009  (mm)
  Object offset: offset_x=  -0.001, offset_z=   0.003  (mm)
  Detector : dDx=   0.000, dDy=   0.000, dDz=   0.000  (mm)
  Obj Stage rotY :   12.171 deg
============================================================

Unity geometry (world coordinates):
  Source   : x=  -2.000, y=  47.000, z=   0.000
  Object   : x=  -0.002, y=  40.000, z= 569.991
  Detector : x=   1.000, y=  47.000, z= 696.000
  Obj rotY :   0.0000 deg
view   0 | SOD= 570.040 mm | SDD= 696.006 mm | M= 1.221 | incident=0.2470°
[[ 118.2229     -557.6015       -6.9998207 ]
 [ -25.586721    123.385895     -6.9998207 ]
 [   0.1462372     0.03154114    0.        ]
 [   0.            0.            0.1496    ]]
Residual vector length: 216, Jacobian shape: (216, 6)
view   0 | SOD= 570.047 mm | SDD= 696.006 mm | M= 1.221 | incident=0.2470°
[[ 118.52076    -557.5463       -6.9997864 ]
 [ -25.651953    123.364235     -6.9997864 ]
 [   0.14622036    0.03161911    0.        ]
 [   0.            0.            0.1496    ]]

iter 29 cost=0.476444 -> 0.457262 |dtheta|=3.195058e-02  lambda=1.000e-06

============================================================
Iteration 30
============================================================
Theta offsets (Unity frame):
  Source   : dSx=   0.000, dSy=   0.000, dSz=   0.000  (mm)
  Object   : dOx= -14.001, dOy=   8.000, dOz= -22.000  (mm)
  Object offset: offset_x=  -0.001, offset_z=   0.001  (mm)
  Detector : dDx=   0.000, dDy=   0.000, dDz=   0.000  (mm)
  Obj Stage rotY :   12.202 deg
============================================================

Unity geometry (world coordinates):
  Source   : x=  -2.000, y=  47.000, z=   0.000
  Object   : x=  -0.001, y=  40.000, z= 570.000
  Detector : x=   1.000, y=  47.000, z= 696.000
  Obj rotY :   0.0000 deg
view   0 | SOD= 570.047 mm | SDD= 696.006 mm | M= 1.221 | incident=0.2470°
[[ 118.52076    -557.5463       -6.9997864 ]
 [ -25.651953    123.364235     -6.9997864 ]
 [   0.14622036    0.03161911    0.        ]
 [   0.            0.            0.1496    ]]
Residual vector length: 216, Jacobian shape: (216, 6)
view   0 | SOD= 570.049 mm | SDD= 696.006 mm | M= 1.221 | incident=0.2470°
[[ 118.62656    -557.5255       -7.000164  ]
 [ -25.672407    123.358315     -7.000164  ]
 [   0.14621449    0.03164622    0.        ]
 [   0.            0.            0.1496    ]]

iter 30 cost=0.457262 -> 0.427365 |dtheta|=1.081168e-02  lambda=1.000e-06

============================================================
Iteration 31
============================================================
Theta offsets (Unity frame):
  Source   : dSx=   0.000, dSy=   0.000, dSz=   0.000  (mm)
  Object   : dOx= -14.002, dOy=   8.000, dOz= -22.000  (mm)
  Object offset: offset_x=  -0.002, offset_z=   0.002  (mm)
  Detector : dDx=   0.000, dDy=   0.000, dDz=   0.000  (mm)
  Obj Stage rotY :   12.213 deg
============================================================

Unity geometry (world coordinates):
  Source   : x=  -2.000, y=  47.000, z=   0.000
  Object   : x=  -0.002, y=  40.000, z= 570.000
  Detector : x=   1.000, y=  47.000, z= 696.000
  Obj rotY :   0.0000 deg
view   0 | SOD= 570.049 mm | SDD= 696.006 mm | M= 1.221 | incident=0.2470°
[[ 118.62656    -557.5255       -7.000164  ]
 [ -25.672407    123.358315     -7.000164  ]
 [   0.14621449    0.03164622    0.        ]
 [   0.            0.            0.1496    ]]
Residual vector length: 216, Jacobian shape: (216, 6)
view   0 | SOD= 570.032 mm | SDD= 696.006 mm | M= 1.221 | incident=0.2470°
[[ 118.93262    -557.4431       -6.9998093 ]
 [ -25.744864    123.36042      -6.9998093 ]
 [   0.14619687    0.0317275     0.        ]
 [   0.            0.            0.1496    ]]

iter 31 cost=0.427365 -> 0.419891 |dtheta|=3.582263e-02  lambda=1.000e-06

============================================================
Iteration 32
============================================================
Theta offsets (Unity frame):
  Source   : dSx=   0.000, dSy=   0.000, dSz=   0.000  (mm)
  Object   : dOx= -14.002, dOy=   8.000, dOz= -22.016  (mm)
  Object offset: offset_x=  -0.001, offset_z=   0.002  (mm)
  Detector : dDx=   0.000, dDy=   0.000, dDz=   0.000  (mm)
  Obj Stage rotY :   12.244 deg
============================================================

Unity geometry (world coordinates):
  Source   : x=  -2.000, y=  47.000, z=   0.000
  Object   : x=  -0.002, y=  40.000, z= 569.984
  Detector : x=   1.000, y=  47.000, z= 696.000
  Obj rotY :   0.0000 deg
view   0 | SOD= 570.032 mm | SDD= 696.006 mm | M= 1.221 | incident=0.2470°
[[ 118.93262    -557.4431       -6.9998093 ]
 [ -25.744864    123.36042      -6.9998093 ]
 [   0.14619687    0.0317275     0.        ]
 [   0.            0.            0.1496    ]]
Residual vector length: 216, Jacobian shape: (216, 6)
view   0 | SOD= 570.012 mm | SDD= 696.006 mm | M= 1.221 | incident=0.2470°
[[ 118.725945   -557.4667       -6.9994583 ]
 [ -25.704609    123.38926      -6.9994583 ]
 [   0.14620838    0.03167447    0.        ]
 [   0.            0.            0.1496    ]]

iter 32 cost=0.419891 -> 0.439190 |dtheta|=2.925779e-02  lambda=1.000e-06

============================================================
Iteration 33
============================================================
Theta offsets (Unity frame):
  Source   : dSx=   0.000, dSy=   0.000, dSz=   0.000  (mm)
  Object   : dOx= -14.002, dOy=   8.000, dOz= -22.016  (mm)
  Object offset: offset_x=  -0.001, offset_z=   0.002  (mm)
  Detector : dDx=   0.000, dDy=   0.000, dDz=   0.000  (mm)
  Obj Stage rotY :   12.244 deg
============================================================

Unity geometry (world coordinates):
  Source   : x=  -2.000, y=  47.000, z=   0.000
  Object   : x=  -0.002, y=  40.000, z= 569.984
  Detector : x=   1.000, y=  47.000, z= 696.000
  Obj rotY :   0.0000 deg
view   0 | SOD= 570.032 mm | SDD= 696.006 mm | M= 1.221 | incident=0.2470°
[[ 118.93262    -557.4431       -6.9998093 ]
 [ -25.744864    123.36042      -6.9998093 ]
 [   0.14619687    0.0317275     0.        ]
 [   0.            0.            0.1496    ]]
Residual vector length: 216, Jacobian shape: (216, 6)
view   0 | SOD= 570.012 mm | SDD= 696.006 mm | M= 1.221 | incident=0.2470°
[[ 118.725945   -557.4667       -6.9994583 ]
 [ -25.704609    123.38926      -6.9994583 ]
 [   0.14620838    0.03167447    0.        ]
 [   0.            0.            0.1496    ]]

iter 33 cost=0.419891 -> 0.439190 |dtheta|=2.925779e-02  lambda=5.000e-06

============================================================
Iteration 34
============================================================
Theta offsets (Unity frame):
  Source   : dSx=   0.000, dSy=   0.000, dSz=   0.000  (mm)
  Object   : dOx= -14.002, dOy=   8.000, dOz= -22.016  (mm)
  Object offset: offset_x=  -0.001, offset_z=   0.002  (mm)
  Detector : dDx=   0.000, dDy=   0.000, dDz=   0.000  (mm)
  Obj Stage rotY :   12.244 deg
============================================================

Unity geometry (world coordinates):
  Source   : x=  -2.000, y=  47.000, z=   0.000
  Object   : x=  -0.002, y=  40.000, z= 569.984
  Detector : x=   1.000, y=  47.000, z= 696.000
  Obj rotY :   0.0000 deg
view   0 | SOD= 570.032 mm | SDD= 696.006 mm | M= 1.221 | incident=0.2470°
[[ 118.93262    -557.4431       -6.9998093 ]
 [ -25.744864    123.36042      -6.9998093 ]
 [   0.14619687    0.0317275     0.        ]
 [   0.            0.            0.1496    ]]
Residual vector length: 216, Jacobian shape: (216, 6)
view   0 | SOD= 570.012 mm | SDD= 696.006 mm | M= 1.221 | incident=0.2470°
[[ 118.725945   -557.4667       -6.9994583 ]
 [ -25.704609    123.38926      -6.9994583 ]
 [   0.14620838    0.03167447    0.        ]
 [   0.            0.            0.1496    ]]

iter 34 cost=0.419891 -> 0.439190 |dtheta|=2.925774e-02  lambda=2.500e-05

============================================================
Iteration 35
============================================================
Theta offsets (Unity frame):
  Source   : dSx=   0.000, dSy=   0.000, dSz=   0.000  (mm)
  Object   : dOx= -14.002, dOy=   8.000, dOz= -22.016  (mm)
  Object offset: offset_x=  -0.001, offset_z=   0.002  (mm)
  Detector : dDx=   0.000, dDy=   0.000, dDz=   0.000  (mm)
  Obj Stage rotY :   12.244 deg
============================================================

Unity geometry (world coordinates):
  Source   : x=  -2.000, y=  47.000, z=   0.000
  Object   : x=  -0.002, y=  40.000, z= 569.984
  Detector : x=   1.000, y=  47.000, z= 696.000
  Obj rotY :   0.0000 deg
view   0 | SOD= 570.032 mm | SDD= 696.006 mm | M= 1.221 | incident=0.2470°
[[ 118.93262    -557.4431       -6.9998093 ]
 [ -25.744864    123.36042      -6.9998093 ]
 [   0.14619687    0.0317275     0.        ]
 [   0.            0.            0.1496    ]]
Residual vector length: 216, Jacobian shape: (216, 6)
view   0 | SOD= 570.012 mm | SDD= 696.006 mm | M= 1.221 | incident=0.2470°
[[ 118.725945   -557.4667       -6.9994583 ]
 [ -25.704609    123.38926      -6.9994583 ]
 [   0.14620838    0.03167447    0.        ]
 [   0.            0.            0.1496    ]]

iter 35 cost=0.419891 -> 0.439190 |dtheta|=2.925751e-02  lambda=1.250e-04

============================================================
Iteration 36
============================================================
Theta offsets (Unity frame):
  Source   : dSx=   0.000, dSy=   0.000, dSz=   0.000  (mm)
  Object   : dOx= -14.002, dOy=   8.000, dOz= -22.016  (mm)
  Object offset: offset_x=  -0.001, offset_z=   0.002  (mm)
  Detector : dDx=   0.000, dDy=   0.000, dDz=   0.000  (mm)
  Obj Stage rotY :   12.244 deg
============================================================

Unity geometry (world coordinates):
  Source   : x=  -2.000, y=  47.000, z=   0.000
  Object   : x=  -0.002, y=  40.000, z= 569.984
  Detector : x=   1.000, y=  47.000, z= 696.000
  Obj rotY :   0.0000 deg
view   0 | SOD= 570.032 mm | SDD= 696.006 mm | M= 1.221 | incident=0.2470°
[[ 118.93262    -557.4431       -6.9998093 ]
 [ -25.744864    123.36042      -6.9998093 ]
 [   0.14619687    0.0317275     0.        ]
 [   0.            0.            0.1496    ]]
Residual vector length: 216, Jacobian shape: (216, 6)
view   0 | SOD= 570.012 mm | SDD= 696.006 mm | M= 1.221 | incident=0.2470°
[[ 118.725945   -557.4667       -6.9994583 ]
 [ -25.704609    123.38926      -6.9994583 ]
 [   0.14620838    0.03167448    0.        ]
 [   0.            0.            0.1496    ]]

iter 36 cost=0.419891 -> 0.439190 |dtheta|=2.925637e-02  lambda=6.250e-04

============================================================
Iteration 37
============================================================
Theta offsets (Unity frame):
  Source   : dSx=   0.000, dSy=   0.000, dSz=   0.000  (mm)
  Object   : dOx= -14.002, dOy=   8.000, dOz= -22.016  (mm)
  Object offset: offset_x=  -0.001, offset_z=   0.002  (mm)
  Detector : dDx=   0.000, dDy=   0.000, dDz=   0.000  (mm)
  Obj Stage rotY :   12.244 deg
============================================================

Unity geometry (world coordinates):
  Source   : x=  -2.000, y=  47.000, z=   0.000
  Object   : x=  -0.002, y=  40.000, z= 569.984
  Detector : x=   1.000, y=  47.000, z= 696.000
  Obj rotY :   0.0000 deg
view   0 | SOD= 570.032 mm | SDD= 696.006 mm | M= 1.221 | incident=0.2470°
[[ 118.93262    -557.4431       -6.9998093 ]
 [ -25.744864    123.36042      -6.9998093 ]
 [   0.14619687    0.0317275     0.        ]
 [   0.            0.            0.1496    ]]
Residual vector length: 216, Jacobian shape: (216, 6)
view   0 | SOD= 570.012 mm | SDD= 696.006 mm | M= 1.221 | incident=0.2470°
[[ 118.72595    -557.4667       -6.9994583 ]
 [ -25.70461     123.38926      -6.9994583 ]
 [   0.14620838    0.03167448    0.        ]
 [   0.            0.            0.1496    ]]

iter 37 cost=0.419891 -> 0.439190 |dtheta|=2.925068e-02  lambda=3.125e-03

============================================================
Iteration 38
============================================================
Theta offsets (Unity frame):
  Source   : dSx=   0.000, dSy=   0.000, dSz=   0.000  (mm)
  Object   : dOx= -14.002, dOy=   8.000, dOz= -22.016  (mm)
  Object offset: offset_x=  -0.001, offset_z=   0.002  (mm)
  Detector : dDx=   0.000, dDy=   0.000, dDz=   0.000  (mm)
  Obj Stage rotY :   12.244 deg
============================================================

Unity geometry (world coordinates):
  Source   : x=  -2.000, y=  47.000, z=   0.000
  Object   : x=  -0.002, y=  40.000, z= 569.984
  Detector : x=   1.000, y=  47.000, z= 696.000
  Obj rotY :   0.0000 deg
view   0 | SOD= 570.032 mm | SDD= 696.006 mm | M= 1.221 | incident=0.2470°
[[ 118.93262    -557.4431       -6.9998093 ]
 [ -25.744864    123.36042      -6.9998093 ]
 [   0.14619687    0.0317275     0.        ]
 [   0.            0.            0.1496    ]]
Residual vector length: 216, Jacobian shape: (216, 6)
view   0 | SOD= 570.012 mm | SDD= 696.006 mm | M= 1.221 | incident=0.2470°
[[ 118.726006   -557.46674      -6.9994583 ]
 [ -25.704607    123.3892       -6.9994583 ]
 [   0.14620836    0.03167449    0.        ]
 [   0.            0.            0.1496    ]]

iter 38 cost=0.419891 -> 0.439190 |dtheta|=2.922227e-02  lambda=1.562e-02

============================================================
Iteration 39
============================================================
Theta offsets (Unity frame):
  Source   : dSx=   0.000, dSy=   0.000, dSz=   0.000  (mm)
  Object   : dOx= -14.002, dOy=   8.000, dOz= -22.016  (mm)
  Object offset: offset_x=  -0.001, offset_z=   0.002  (mm)
  Detector : dDx=   0.000, dDy=   0.000, dDz=   0.000  (mm)
  Obj Stage rotY :   12.244 deg
============================================================

Unity geometry (world coordinates):
  Source   : x=  -2.000, y=  47.000, z=   0.000
  Object   : x=  -0.002, y=  40.000, z= 569.984
  Detector : x=   1.000, y=  47.000, z= 696.000
  Obj rotY :   0.0000 deg
view   0 | SOD= 570.032 mm | SDD= 696.006 mm | M= 1.221 | incident=0.2470°
[[ 118.93262    -557.4431       -6.9998093 ]
 [ -25.744864    123.36042      -6.9998093 ]
 [   0.14619687    0.0317275     0.        ]
 [   0.            0.            0.1496    ]]
Residual vector length: 216, Jacobian shape: (216, 6)
view   0 | SOD= 570.012 mm | SDD= 696.006 mm | M= 1.221 | incident=0.2470°
[[ 118.726234   -557.4668       -6.999462  ]
 [ -25.704628    123.38907      -6.999462  ]
 [   0.14620836    0.03167455    0.        ]
 [   0.            0.            0.1496    ]]

iter 39 cost=0.419891 -> 0.439880 |dtheta|=2.908182e-02  lambda=7.812e-02

============================================================
Iteration 40
============================================================
Theta offsets (Unity frame):
  Source   : dSx=   0.000, dSy=   0.000, dSz=   0.000  (mm)
  Object   : dOx= -14.002, dOy=   8.000, dOz= -22.016  (mm)
  Object offset: offset_x=  -0.001, offset_z=   0.002  (mm)
  Detector : dDx=   0.000, dDy=   0.000, dDz=   0.000  (mm)
  Obj Stage rotY :   12.244 deg
============================================================

Unity geometry (world coordinates):
  Source   : x=  -2.000, y=  47.000, z=   0.000
  Object   : x=  -0.002, y=  40.000, z= 569.984
  Detector : x=   1.000, y=  47.000, z= 696.000
  Obj rotY :   0.0000 deg
view   0 | SOD= 570.032 mm | SDD= 696.006 mm | M= 1.221 | incident=0.2470°
[[ 118.93262    -557.4431       -6.9998093 ]
 [ -25.744864    123.36042      -6.9998093 ]
 [   0.14619687    0.0317275     0.        ]
 [   0.            0.            0.1496    ]]
Residual vector length: 216, Jacobian shape: (216, 6)
view   0 | SOD= 570.013 mm | SDD= 696.006 mm | M= 1.221 | incident=0.2470°
[[ 118.727455   -557.4674       -6.9994774 ]
 [ -25.704681    123.38818      -6.9994774 ]
 [   0.1462083     0.03167482    0.        ]
 [   0.            0.            0.1496    ]]

iter 40 cost=0.419891 -> 0.439880 |dtheta|=2.841730e-02  lambda=3.906e-01

============================================================
Iteration 41
============================================================
Theta offsets (Unity frame):
  Source   : dSx=   0.000, dSy=   0.000, dSz=   0.000  (mm)
  Object   : dOx= -14.002, dOy=   8.000, dOz= -22.016  (mm)
  Object offset: offset_x=  -0.001, offset_z=   0.002  (mm)
  Detector : dDx=   0.000, dDy=   0.000, dDz=   0.000  (mm)
  Obj Stage rotY :   12.244 deg
============================================================

Unity geometry (world coordinates):
  Source   : x=  -2.000, y=  47.000, z=   0.000
  Object   : x=  -0.002, y=  40.000, z= 569.984
  Detector : x=   1.000, y=  47.000, z= 696.000
  Obj rotY :   0.0000 deg
view   0 | SOD= 570.032 mm | SDD= 696.006 mm | M= 1.221 | incident=0.2470°
[[ 118.93262    -557.4431       -6.9998093 ]
 [ -25.744864    123.36042      -6.9998093 ]
 [   0.14619687    0.0317275     0.        ]
 [   0.            0.            0.1496    ]]
Residual vector length: 216, Jacobian shape: (216, 6)
view   0 | SOD= 570.017 mm | SDD= 696.006 mm | M= 1.221 | incident=0.2470°
[[ 118.73349    -557.46954      -6.999527  ]
 [ -25.705166    123.38465      -6.999527  ]
 [   0.14620799    0.03167622    0.        ]
 [   0.            0.            0.1496    ]]

iter 41 cost=0.419891 -> 0.439919 |dtheta|=2.581001e-02  lambda=1.953e+00

============================================================
Iteration 42
============================================================
Theta offsets (Unity frame):
  Source   : dSx=   0.000, dSy=   0.000, dSz=   0.000  (mm)
  Object   : dOx= -14.002, dOy=   8.000, dOz= -22.016  (mm)
  Object offset: offset_x=  -0.001, offset_z=   0.002  (mm)
  Detector : dDx=   0.000, dDy=   0.000, dDz=   0.000  (mm)
  Obj Stage rotY :   12.244 deg
============================================================

Unity geometry (world coordinates):
  Source   : x=  -2.000, y=  47.000, z=   0.000
  Object   : x=  -0.002, y=  40.000, z= 569.984
  Detector : x=   1.000, y=  47.000, z= 696.000
  Obj rotY :   0.0000 deg
view   0 | SOD= 570.032 mm | SDD= 696.006 mm | M= 1.221 | incident=0.2470°
[[ 118.93262    -557.4431       -6.9998093 ]
 [ -25.744864    123.36042      -6.9998093 ]
 [   0.14619687    0.0317275     0.        ]
 [   0.            0.            0.1496    ]]
Residual vector length: 216, Jacobian shape: (216, 6)
view   0 | SOD= 570.024 mm | SDD= 696.006 mm | M= 1.221 | incident=0.2470°
[[ 118.760216   -557.4714       -6.999653  ]
 [ -25.709223    123.37633      -6.999653  ]
 [   0.14620656    0.03168283    0.        ]
 [   0.            0.            0.1496    ]]

iter 42 cost=0.419891 -> 0.431945 |dtheta|=1.963980e-02  lambda=9.766e+00

============================================================
Iteration 43
============================================================
Theta offsets (Unity frame):
  Source   : dSx=   0.000, dSy=   0.000, dSz=   0.000  (mm)
  Object   : dOx= -14.002, dOy=   8.000, dOz= -22.016  (mm)
  Object offset: offset_x=  -0.001, offset_z=   0.002  (mm)
  Detector : dDx=   0.000, dDy=   0.000, dDz=   0.000  (mm)
  Obj Stage rotY :   12.244 deg
============================================================

Unity geometry (world coordinates):
  Source   : x=  -2.000, y=  47.000, z=   0.000
  Object   : x=  -0.002, y=  40.000, z= 569.984
  Detector : x=   1.000, y=  47.000, z= 696.000
  Obj rotY :   0.0000 deg
view   0 | SOD= 570.032 mm | SDD= 696.006 mm | M= 1.221 | incident=0.2470°
[[ 118.93262    -557.4431       -6.9998093 ]
 [ -25.744864    123.36042      -6.9998093 ]
 [   0.14619687    0.0317275     0.        ]
 [   0.            0.            0.1496    ]]
Residual vector length: 216, Jacobian shape: (216, 6)
view   0 | SOD= 570.030 mm | SDD= 696.006 mm | M= 1.221 | incident=0.2470°
[[ 118.83074    -557.4625       -6.99979   ]
 [ -25.723293    123.36722      -6.99979   ]
 [   0.14620262    0.03170099    0.        ]
 [   0.            0.            0.1496    ]]

iter 43 cost=0.419891 -> 0.424750 |dtheta|=1.080226e-02  lambda=4.883e+01

============================================================
Iteration 44
============================================================
Theta offsets (Unity frame):
  Source   : dSx=   0.000, dSy=   0.000, dSz=   0.000  (mm)
  Object   : dOx= -14.002, dOy=   8.000, dOz= -22.016  (mm)
  Object offset: offset_x=  -0.001, offset_z=   0.002  (mm)
  Detector : dDx=   0.000, dDy=   0.000, dDz=   0.000  (mm)
  Obj Stage rotY :   12.244 deg
============================================================

Unity geometry (world coordinates):
  Source   : x=  -2.000, y=  47.000, z=   0.000
  Object   : x=  -0.002, y=  40.000, z= 569.984
  Detector : x=   1.000, y=  47.000, z= 696.000
  Obj rotY :   0.0000 deg
view   0 | SOD= 570.032 mm | SDD= 696.006 mm | M= 1.221 | incident=0.2470°
[[ 118.93262    -557.4431       -6.9998093 ]
 [ -25.744864    123.36042      -6.9998093 ]
 [   0.14619687    0.0317275     0.        ]
 [   0.            0.            0.1496    ]]
Residual vector length: 216, Jacobian shape: (216, 6)
view   0 | SOD= 570.032 mm | SDD= 696.006 mm | M= 1.221 | incident=0.2470°
[[ 118.89917    -557.4502       -6.9998703 ]
 [ -25.737864    123.36194      -6.9998703 ]
 [   0.14619875    0.03171882    0.        ]
 [   0.            0.            0.1496    ]]

iter 44 cost=0.419891 -> 0.422894 |dtheta|=3.534241e-03  lambda=2.441e+02

============================================================
Iteration 45
============================================================
Theta offsets (Unity frame):
  Source   : dSx=   0.000, dSy=   0.000, dSz=   0.000  (mm)
  Object   : dOx= -14.002, dOy=   8.000, dOz= -22.016  (mm)
  Object offset: offset_x=  -0.001, offset_z=   0.002  (mm)
  Detector : dDx=   0.000, dDy=   0.000, dDz=   0.000  (mm)
  Obj Stage rotY :   12.244 deg
============================================================

Unity geometry (world coordinates):
  Source   : x=  -2.000, y=  47.000, z=   0.000
  Object   : x=  -0.002, y=  40.000, z= 569.984
  Detector : x=   1.000, y=  47.000, z= 696.000
  Obj rotY :   0.0000 deg
view   0 | SOD= 570.032 mm | SDD= 696.006 mm | M= 1.221 | incident=0.2470°
[[ 118.93262    -557.4431       -6.9998093 ]
 [ -25.744864    123.36042      -6.9998093 ]
 [   0.14619687    0.0317275     0.        ]
 [   0.            0.            0.1496    ]]
Residual vector length: 216, Jacobian shape: (216, 6)
view   0 | SOD= 570.033 mm | SDD= 696.006 mm | M= 1.221 | incident=0.2470°
[[ 118.924805   -557.4451       -6.9998817 ]
 [ -25.74338     123.36035      -6.9998817 ]
 [   0.1461973     0.03172551    0.        ]
 [   0.            0.            0.1496    ]]

iter 45 cost=0.419891 -> 0.422767 |dtheta|=9.577601e-04  lambda=1.221e+03

============================================================
Iteration 46
============================================================
Theta offsets (Unity frame):
  Source   : dSx=   0.000, dSy=   0.000, dSz=   0.000  (mm)
  Object   : dOx= -14.002, dOy=   8.000, dOz= -22.016  (mm)
  Object offset: offset_x=  -0.001, offset_z=   0.002  (mm)
  Detector : dDx=   0.000, dDy=   0.000, dDz=   0.000  (mm)
  Obj Stage rotY :   12.244 deg
============================================================

Unity geometry (world coordinates):
  Source   : x=  -2.000, y=  47.000, z=   0.000
  Object   : x=  -0.002, y=  40.000, z= 569.984
  Detector : x=   1.000, y=  47.000, z= 696.000
  Obj rotY :   0.0000 deg
view   0 | SOD= 570.032 mm | SDD= 696.006 mm | M= 1.221 | incident=0.2470°
[[ 118.93262    -557.4431       -6.9998093 ]
 [ -25.744864    123.36042      -6.9998093 ]
 [   0.14619687    0.0317275     0.        ]
 [   0.            0.            0.1496    ]]
Residual vector length: 216, Jacobian shape: (216, 6)
view   0 | SOD= 570.033 mm | SDD= 696.006 mm | M= 1.221 | incident=0.2470°
[[ 118.93093    -557.4437       -6.999855  ]
 [ -25.744623    123.360214     -6.999855  ]
 [   0.14619696    0.03172709    0.        ]
 [   0.            0.            0.1496    ]]

iter 46 cost=0.419891 -> 0.426286 |dtheta|=3.180217e-04  lambda=6.104e+03

============================================================
Iteration 47
============================================================
Theta offsets (Unity frame):
  Source   : dSx=   0.000, dSy=   0.000, dSz=   0.000  (mm)
  Object   : dOx= -14.002, dOy=   8.000, dOz= -22.016  (mm)
  Object offset: offset_x=  -0.001, offset_z=   0.002  (mm)
  Detector : dDx=   0.000, dDy=   0.000, dDz=   0.000  (mm)
  Obj Stage rotY :   12.244 deg
============================================================

Unity geometry (world coordinates):
  Source   : x=  -2.000, y=  47.000, z=   0.000
  Object   : x=  -0.002, y=  40.000, z= 569.984
  Detector : x=   1.000, y=  47.000, z= 696.000
  Obj rotY :   0.0000 deg
view   0 | SOD= 570.032 mm | SDD= 696.006 mm | M= 1.221 | incident=0.2470°
[[ 118.93262    -557.4431       -6.9998093 ]
 [ -25.744864    123.36042      -6.9998093 ]
 [   0.14619687    0.0317275     0.        ]
 [   0.            0.            0.1496    ]]
Residual vector length: 216, Jacobian shape: (216, 6)
view   0 | SOD= 570.032 mm | SDD= 696.006 mm | M= 1.221 | incident=0.2470°
[[ 118.93226    -557.44324      -6.9998245 ]
 [ -25.744831    123.36036      -6.9998245 ]
 [   0.14619689    0.03172742    0.        ]
 [   0.            0.            0.1496    ]]

iter 47 cost=0.419891 -> 0.425973 |dtheta|=8.609222e-05  lambda=3.052e+04

============================================================
Iteration 48
============================================================
Theta offsets (Unity frame):
  Source   : dSx=   0.000, dSy=   0.000, dSz=   0.000  (mm)
  Object   : dOx= -14.002, dOy=   8.000, dOz= -22.016  (mm)
  Object offset: offset_x=  -0.001, offset_z=   0.002  (mm)
  Detector : dDx=   0.000, dDy=   0.000, dDz=   0.000  (mm)
  Obj Stage rotY :   12.244 deg
============================================================

Unity geometry (world coordinates):
  Source   : x=  -2.000, y=  47.000, z=   0.000
  Object   : x=  -0.002, y=  40.000, z= 569.984
  Detector : x=   1.000, y=  47.000, z= 696.000
  Obj rotY :   0.0000 deg
view   0 | SOD= 570.032 mm | SDD= 696.006 mm | M= 1.221 | incident=0.2470°
[[ 118.93262    -557.4431       -6.9998093 ]
 [ -25.744864    123.36042      -6.9998093 ]
 [   0.14619687    0.0317275     0.        ]
 [   0.            0.            0.1496    ]]
Residual vector length: 216, Jacobian shape: (216, 6)
view   0 | SOD= 570.032 mm | SDD= 696.006 mm | M= 1.221 | incident=0.2470°
[[ 118.93254    -557.4431       -6.999813  ]
 [ -25.74486     123.36042      -6.999813  ]
 [   0.14619687    0.03172749    0.        ]
 [   0.            0.            0.1496    ]]

iter 48 cost=0.419891 -> 0.425415 |dtheta|=1.873866e-05  lambda=1.526e+05

============================================================
Iteration 49
============================================================
Theta offsets (Unity frame):
  Source   : dSx=   0.000, dSy=   0.000, dSz=   0.000  (mm)
  Object   : dOx= -14.002, dOy=   8.000, dOz= -22.016  (mm)
  Object offset: offset_x=  -0.001, offset_z=   0.002  (mm)
  Detector : dDx=   0.000, dDy=   0.000, dDz=   0.000  (mm)
  Obj Stage rotY :   12.244 deg
============================================================

Unity geometry (world coordinates):
  Source   : x=  -2.000, y=  47.000, z=   0.000
  Object   : x=  -0.002, y=  40.000, z= 569.984
  Detector : x=   1.000, y=  47.000, z= 696.000
  Obj rotY :   0.0000 deg
view   0 | SOD= 570.032 mm | SDD= 696.006 mm | M= 1.221 | incident=0.2470°
[[ 118.93262    -557.4431       -6.9998093 ]
 [ -25.744864    123.36042      -6.9998093 ]
 [   0.14619687    0.0317275     0.        ]
 [   0.            0.            0.1496    ]]
Residual vector length: 216, Jacobian shape: (216, 6)
view   0 | SOD= 570.032 mm | SDD= 696.006 mm | M= 1.221 | incident=0.2470°
[[ 118.9326     -557.4431       -6.9998093 ]
 [ -25.744862    123.36042      -6.9998093 ]
 [   0.14619687    0.0317275     0.        ]
 [   0.            0.            0.1496    ]]

iter 49 cost=0.419891 -> 0.419891 |dtheta|=3.816969e-06  lambda=7.629e+05

============================================================
Iteration 50
============================================================
Theta offsets (Unity frame):
  Source   : dSx=   0.000, dSy=   0.000, dSz=   0.000  (mm)
  Object   : dOx= -14.002, dOy=   8.000, dOz= -22.016  (mm)
  Object offset: offset_x=  -0.001, offset_z=   0.002  (mm)
  Detector : dDx=   0.000, dDy=   0.000, dDz=   0.000  (mm)
  Obj Stage rotY :   12.244 deg
============================================================

Unity geometry (world coordinates):
  Source   : x=  -2.000, y=  47.000, z=   0.000
  Object   : x=  -0.002, y=  40.000, z= 569.984
  Detector : x=   1.000, y=  47.000, z= 696.000
  Obj rotY :   0.0000 deg
view   0 | SOD= 570.032 mm | SDD= 696.006 mm | M= 1.221 | incident=0.2470°
[[ 118.93262    -557.4431       -6.9998093 ]
 [ -25.744864    123.36042      -6.9998093 ]
 [   0.14619687    0.0317275     0.        ]
 [   0.            0.            0.1496    ]]
Residual vector length: 216, Jacobian shape: (216, 6)
view   0 | SOD= 570.032 mm | SDD= 696.006 mm | M= 1.221 | incident=0.2470°
[[ 118.9326     -557.4431       -6.9998093 ]
 [ -25.744862    123.36042      -6.9998093 ]
 [   0.14619687    0.0317275     0.        ]
 [   0.            0.            0.1496    ]]

iter 50 cost=0.419891 -> 0.419891 |dtheta|=2.915323e-06  lambda=1.000e+06

============================================================
Iteration 51
============================================================
Theta offsets (Unity frame):
  Source   : dSx=   0.000, dSy=   0.000, dSz=   0.000  (mm)
  Object   : dOx= -14.002, dOy=   8.000, dOz= -22.016  (mm)
  Object offset: offset_x=  -0.001, offset_z=   0.002  (mm)
  Detector : dDx=   0.000, dDy=   0.000, dDz=   0.000  (mm)
  Obj Stage rotY :   12.244 deg
============================================================

Unity geometry (world coordinates):
  Source   : x=  -2.000, y=  47.000, z=   0.000
  Object   : x=  -0.002, y=  40.000, z= 569.984
  Detector : x=   1.000, y=  47.000, z= 696.000
  Obj rotY :   0.0000 deg
view   0 | SOD= 570.032 mm | SDD= 696.006 mm | M= 1.221 | incident=0.2470°
[[ 118.93262    -557.4431       -6.9998093 ]
 [ -25.744864    123.36042      -6.9998093 ]
 [   0.14619687    0.0317275     0.        ]
 [   0.            0.            0.1496    ]]
Residual vector length: 216, Jacobian shape: (216, 6)
view   0 | SOD= 570.032 mm | SDD= 696.006 mm | M= 1.221 | incident=0.2470°
[[ 118.9326     -557.4431       -6.9998093 ]
 [ -25.744862    123.36042      -6.9998093 ]
 [   0.14619687    0.0317275     0.        ]
 [   0.            0.            0.1496    ]]

iter 51 cost=0.419891 -> 0.419891 |dtheta|=2.915323e-06  lambda=1.000e+06

============================================================
Iteration 52
============================================================
Theta offsets (Unity frame):
  Source   : dSx=   0.000, dSy=   0.000, dSz=   0.000  (mm)
  Object   : dOx= -14.002, dOy=   8.000, dOz= -22.016  (mm)
  Object offset: offset_x=  -0.001, offset_z=   0.002  (mm)
  Detector : dDx=   0.000, dDy=   0.000, dDz=   0.000  (mm)
  Obj Stage rotY :   12.244 deg
============================================================

Unity geometry (world coordinates):
  Source   : x=  -2.000, y=  47.000, z=   0.000
  Object   : x=  -0.002, y=  40.000, z= 569.984
  Detector : x=   1.000, y=  47.000, z= 696.000
  Obj rotY :   0.0000 deg
view   0 | SOD= 570.032 mm | SDD= 696.006 mm | M= 1.221 | incident=0.2470°
[[ 118.93262    -557.4431       -6.9998093 ]
 [ -25.744864    123.36042      -6.9998093 ]
 [   0.14619687    0.0317275     0.        ]
 [   0.            0.            0.1496    ]]
Residual vector length: 216, Jacobian shape: (216, 6)
view   0 | SOD= 570.032 mm | SDD= 696.006 mm | M= 1.221 | incident=0.2470°
[[ 118.9326     -557.4431       -6.9998093 ]
 [ -25.744862    123.36042      -6.9998093 ]
 [   0.14619687    0.0317275     0.        ]
 [   0.            0.            0.1496    ]]

iter 52 cost=0.419891 -> 0.419891 |dtheta|=2.915323e-06  lambda=1.000e+06

============================================================
Iteration 53
============================================================
Theta offsets (Unity frame):
  Source   : dSx=   0.000, dSy=   0.000, dSz=   0.000  (mm)
  Object   : dOx= -14.002, dOy=   8.000, dOz= -22.016  (mm)
  Object offset: offset_x=  -0.001, offset_z=   0.002  (mm)
  Detector : dDx=   0.000, dDy=   0.000, dDz=   0.000  (mm)
  Obj Stage rotY :   12.244 deg
============================================================

Unity geometry (world coordinates):
  Source   : x=  -2.000, y=  47.000, z=   0.000
  Object   : x=  -0.002, y=  40.000, z= 569.984
  Detector : x=   1.000, y=  47.000, z= 696.000
  Obj rotY :   0.0000 deg
view   0 | SOD= 570.032 mm | SDD= 696.006 mm | M= 1.221 | incident=0.2470°
[[ 118.93262    -557.4431       -6.9998093 ]
 [ -25.744864    123.36042      -6.9998093 ]
 [   0.14619687    0.0317275     0.        ]
 [   0.            0.            0.1496    ]]
Residual vector length: 216, Jacobian shape: (216, 6)
view   0 | SOD= 570.032 mm | SDD= 696.006 mm | M= 1.221 | incident=0.2470°
[[ 118.9326     -557.4431       -6.9998093 ]
 [ -25.744862    123.36042      -6.9998093 ]
 [   0.14619687    0.0317275     0.        ]
 [   0.            0.            0.1496    ]]

iter 53 cost=0.419891 -> 0.419891 |dtheta|=2.915323e-06  lambda=1.000e+06

============================================================
Iteration 54
============================================================
Theta offsets (Unity frame):
  Source   : dSx=   0.000, dSy=   0.000, dSz=   0.000  (mm)
  Object   : dOx= -14.002, dOy=   8.000, dOz= -22.016  (mm)
  Object offset: offset_x=  -0.001, offset_z=   0.002  (mm)
  Detector : dDx=   0.000, dDy=   0.000, dDz=   0.000  (mm)
  Obj Stage rotY :   12.244 deg
============================================================

Unity geometry (world coordinates):
  Source   : x=  -2.000, y=  47.000, z=   0.000
  Object   : x=  -0.002, y=  40.000, z= 569.984
  Detector : x=   1.000, y=  47.000, z= 696.000
  Obj rotY :   0.0000 deg
view   0 | SOD= 570.032 mm | SDD= 696.006 mm | M= 1.221 | incident=0.2470°
[[ 118.93262    -557.4431       -6.9998093 ]
 [ -25.744864    123.36042      -6.9998093 ]
 [   0.14619687    0.0317275     0.        ]
 [   0.            0.            0.1496    ]]
Residual vector length: 216, Jacobian shape: (216, 6)
view   0 | SOD= 570.032 mm | SDD= 696.006 mm | M= 1.221 | incident=0.2470°
[[ 118.9326     -557.4431       -6.9998093 ]
 [ -25.744862    123.36042      -6.9998093 ]
 [   0.14619687    0.0317275     0.        ]
 [   0.            0.            0.1496    ]]

iter 54 cost=0.419891 -> 0.419891 |dtheta|=2.915323e-06  lambda=1.000e+06

============================================================
Iteration 55
============================================================
Theta offsets (Unity frame):
  Source   : dSx=   0.000, dSy=   0.000, dSz=   0.000  (mm)
  Object   : dOx= -14.002, dOy=   8.000, dOz= -22.016  (mm)
  Object offset: offset_x=  -0.001, offset_z=   0.002  (mm)
  Detector : dDx=   0.000, dDy=   0.000, dDz=   0.000  (mm)
  Obj Stage rotY :   12.244 deg
============================================================

Unity geometry (world coordinates):
  Source   : x=  -2.000, y=  47.000, z=   0.000
  Object   : x=  -0.002, y=  40.000, z= 569.984
  Detector : x=   1.000, y=  47.000, z= 696.000
  Obj rotY :   0.0000 deg
view   0 | SOD= 570.032 mm | SDD= 696.006 mm | M= 1.221 | incident=0.2470°
[[ 118.93262    -557.4431       -6.9998093 ]
 [ -25.744864    123.36042      -6.9998093 ]
 [   0.14619687    0.0317275     0.        ]
 [   0.            0.            0.1496    ]]
Residual vector length: 216, Jacobian shape: (216, 6)
view   0 | SOD= 570.032 mm | SDD= 696.006 mm | M= 1.221 | incident=0.2470°
[[ 118.9326     -557.4431       -6.9998093 ]
 [ -25.744862    123.36042      -6.9998093 ]
 [   0.14619687    0.0317275     0.        ]
 [   0.            0.            0.1496    ]]

iter 55 cost=0.419891 -> 0.419891 |dtheta|=2.915323e-06  lambda=1.000e+06

============================================================
Iteration 56
============================================================
Theta offsets (Unity frame):
  Source   : dSx=   0.000, dSy=   0.000, dSz=   0.000  (mm)
  Object   : dOx= -14.002, dOy=   8.000, dOz= -22.016  (mm)
  Object offset: offset_x=  -0.001, offset_z=   0.002  (mm)
  Detector : dDx=   0.000, dDy=   0.000, dDz=   0.000  (mm)
  Obj Stage rotY :   12.244 deg
============================================================

Unity geometry (world coordinates):
  Source   : x=  -2.000, y=  47.000, z=   0.000
  Object   : x=  -0.002, y=  40.000, z= 569.984
  Detector : x=   1.000, y=  47.000, z= 696.000
  Obj rotY :   0.0000 deg
view   0 | SOD= 570.032 mm | SDD= 696.006 mm | M= 1.221 | incident=0.2470°
[[ 118.93262    -557.4431       -6.9998093 ]
 [ -25.744864    123.36042      -6.9998093 ]
 [   0.14619687    0.0317275     0.        ]
 [   0.            0.            0.1496    ]]
Residual vector length: 216, Jacobian shape: (216, 6)
view   0 | SOD= 570.032 mm | SDD= 696.006 mm | M= 1.221 | incident=0.2470°
[[ 118.9326     -557.4431       -6.9998093 ]
 [ -25.744862    123.36042      -6.9998093 ]
 [   0.14619687    0.0317275     0.        ]
 [   0.            0.            0.1496    ]]

iter 56 cost=0.419891 -> 0.419891 |dtheta|=2.915323e-06  lambda=1.000e+06
Stalled.

Estimated theta:
  dSx: +0.000000
  dSy: +0.000000
  dOx: -14.001965
  dOy: +8.000191
  dOz: -22.016112
  dDx: +0.000000
  dDy: +0.000000
  dDz: +0.000000
alpha: +1.224440e+01 deg)
offset_x: -0.001374
offset_z: +0.001894

Final cost table:
Fake theta: [  0.    0.  -14.    8.  -22.    0.    0.    0.   12.3   0.    0. ]
Final estimated theta: [  0.           0.         -14.00196496   8.00019145 -22.0161121
   0.           0.           0.          12.24440439  -0.00137381
   0.00189398]
Diff from Expected: [ 0.          0.         -0.00196496  0.00019145 -0.0161121   0.
  0.          0.         -0.0555958  -0.00137381  0.00189398]
################################################################################

