Phantom already exists, skipping: cuboid_phantom_3_compact.npy

################################################################################
Running cuboid=compact scenario=G0 N_ANGLES=10, K=3
view   0 | SOD= 570.548 mm | SDD= 675.501 mm | M= 1.184 | incident=3.8197°
[[  98.97946    -561.3404      -25.        ]
 [ -18.05941     102.420006     20.        ]
 [   0.14732724    0.02597777    0.        ]
 [   0.            0.            0.1496    ]]
          image          x1          y1  area1          x2          y2  area2          x3          y3  area3
0  proj_000.png  490.361582  221.555085    708  464.720630  275.488539    698  490.320169  332.679831    709
1  proj_001.png  477.104668  221.630835    707  477.925501  275.392550    698  477.089636  332.819328    714
2  proj_002.png  464.000000  221.500000    702  490.934097  275.500000    698  463.991489  332.571631    705
3  proj_003.png  456.223329  221.219061    703  498.694405  276.015782    697  456.201133  332.021246    706
4  proj_004.png  456.426950  220.731915    705  498.703808  276.606488    709  456.501420  331.174716    704
5  proj_005.png  464.703438  220.414040    698  490.427762  277.147309    706  464.755365  330.587983    699
6  proj_006.png  477.896996  220.361946    699  477.114407  277.350282    708  477.945637  330.399142    699
7  proj_007.png  490.941092  220.461207    696  463.978903  277.098453    711  490.925180  330.630216    695
8  proj_008.png  498.790598  220.752137    702  456.149148  276.552557    704  498.816761  331.306818    704
9  proj_009.png  498.637518  221.225670    709  456.479197  275.995696    697  498.599144  332.075606    701

============================================================
Iteration 0
============================================================
Theta offsets (Unity frame):
  Source   : dSx=   0.000, dSy=   0.000, dSz=   0.000  (mm)
  Object   : dOx=   0.000, dOy=   0.000, dOz=   0.000  (mm)
  Object offset: offset_x=   0.000, offset_z=   0.000  (mm)
  Detector : dDx=   0.000, dDy=   0.000, dDz=   0.000  (mm)
  Obj Stage rotY :    0.000 deg
============================================================

Unity geometry (world coordinates):
  Source   : x=   0.000, y=  45.000, z=   0.000
  Object   : x=  10.000, y=  15.000, z= 589.000
  Detector : x=   0.000, y=   0.000, z= 674.000
  Obj rotY :   0.0000 deg
view   0 | SOD= 589.848 mm | SDD= 675.501 mm | M= 1.145 | incident=3.8197°
[[ -10.     -589.      -30.    ]
 [ -10.       85.       15.    ]
 [   0.1496    0.        0.    ]
 [   0.        0.        0.1496]]
Residual vector length: 90, Jacobian shape: (90, 6)
view   0 | SOD= 585.993 mm | SDD= 675.501 mm | M= 1.153 | incident=3.8197°
[[  40.096245   -584.0538      -25.724995  ]
 [  -6.1636095    88.35686      19.275005  ]
 [   0.14924721    0.01026777    0.        ]
 [   0.            0.            0.1496    ]]

iter 00 cost=103301.516592 -> 221.202601 |dtheta|=1.214140e+01  lambda=1.000e-02

============================================================
Iteration 1
============================================================
Theta offsets (Unity frame):
  Source   : dSx=   0.000, dSy=   0.000, dSz=   0.000  (mm)
  Object   : dOx= -10.108, dOy=   4.275, dOz=  -3.375  (mm)
  Object offset: offset_x=   0.193, offset_z=  -0.196  (mm)
  Detector : dDx=   0.000, dDy=   0.000, dDz=   0.000  (mm)
  Obj Stage rotY :    3.936 deg
============================================================

Unity geometry (world coordinates):
  Source   : x=   0.000, y=  45.000, z=   0.000
  Object   : x=  -0.108, y=  19.275, z= 585.625
  Detector : x=   0.000, y=   0.000, z= 674.000
  Obj rotY :   0.0000 deg
view   0 | SOD= 585.993 mm | SDD= 675.501 mm | M= 1.153 | incident=3.8197°
[[  40.096245   -584.0538      -25.724995  ]
 [  -6.1636095    88.35686      19.275005  ]
 [   0.14924721    0.01026777    0.        ]
 [   0.            0.            0.1496    ]]
Residual vector length: 90, Jacobian shape: (90, 6)
view   0 | SOD= 582.148 mm | SDD= 675.501 mm | M= 1.160 | incident=3.8197°
[[  57.052273   -578.7821      -25.548344  ]
 [  -8.937126     91.97968      19.451656  ]
 [   0.14888126    0.0146469     0.        ]
 [   0.            0.            0.1496    ]]

iter 01 cost=221.202601 -> 84.092950 |dtheta|=4.415632e+00  lambda=3.333e-03

============================================================
Iteration 2
============================================================
Theta offsets (Unity frame):
  Source   : dSx=   0.000, dSy=   0.000, dSz=   0.000  (mm)
  Object   : dOx= -10.050, dOy=   4.452, dOz=  -7.439  (mm)
  Object offset: offset_x=  -0.061, offset_z=   0.026  (mm)
  Detector : dDx=   0.000, dDy=   0.000, dDz=   0.000  (mm)
  Obj Stage rotY :    5.619 deg
============================================================

Unity geometry (world coordinates):
  Source   : x=   0.000, y=  45.000, z=   0.000
  Object   : x=  -0.050, y=  19.452, z= 581.561
  Detector : x=   0.000, y=   0.000, z= 674.000
  Obj rotY :   0.0000 deg
view   0 | SOD= 582.148 mm | SDD= 675.501 mm | M= 1.160 | incident=3.8197°
[[  57.052273   -578.7821      -25.548344  ]
 [  -8.937126     91.97968      19.451656  ]
 [   0.14888126    0.0146469     0.        ]
 [   0.            0.            0.1496    ]]
Residual vector length: 90, Jacobian shape: (90, 6)
view   0 | SOD= 579.969 mm | SDD= 675.501 mm | M= 1.165 | incident=3.8197°
[[  61.77285    -576.1099      -25.399195  ]
 [ -10.086141     94.04848      19.600805  ]
 [   0.14874732    0.01594971    0.        ]
 [   0.            0.            0.1496    ]]

iter 02 cost=84.092950 -> 59.610555 |dtheta|=2.317085e+00  lambda=1.111e-03

============================================================
Iteration 3
============================================================
Theta offsets (Unity frame):
  Source   : dSx=   0.000, dSy=   0.000, dSz=   0.000  (mm)
  Object   : dOx=  -9.998, dOy=   4.601, dOz=  -9.694  (mm)
  Object offset: offset_x=   0.000, offset_z=   0.106  (mm)
  Detector : dDx=   0.000, dDy=   0.000, dDz=   0.000  (mm)
  Obj Stage rotY :    6.120 deg
============================================================

Unity geometry (world coordinates):
  Source   : x=   0.000, y=  45.000, z=   0.000
  Object   : x=   0.002, y=  19.601, z= 579.306
  Detector : x=   0.000, y=   0.000, z= 674.000
  Obj rotY :   0.0000 deg
view   0 | SOD= 579.969 mm | SDD= 675.501 mm | M= 1.165 | incident=3.8197°
[[  61.77285    -576.1099      -25.399195  ]
 [ -10.086141     94.04848      19.600805  ]
 [   0.14874732    0.01594971    0.        ]
 [   0.            0.            0.1496    ]]
Residual vector length: 90, Jacobian shape: (90, 6)
view   0 | SOD= 578.656 mm | SDD= 675.501 mm | M= 1.167 | incident=3.8197°
[[  61.276485   -574.843       -25.360142  ]
 [ -10.1120615    95.36566      19.639858  ]
 [   0.14875849    0.01584529    0.        ]
 [   0.            0.            0.1496    ]]

iter 03 cost=59.610555 -> 49.294649 |dtheta|=1.279562e+00  lambda=3.704e-04

============================================================
Iteration 4
============================================================
Theta offsets (Unity frame):
  Source   : dSx=   0.000, dSy=   0.000, dSz=   0.000  (mm)
  Object   : dOx= -10.007, dOy=   4.640, dOz= -10.971  (mm)
  Object offset: offset_x=  -0.039, offset_z=   0.071  (mm)
  Detector : dDx=   0.000, dDy=   0.000, dDz=   0.000  (mm)
  Obj Stage rotY :    6.080 deg
============================================================

Unity geometry (world coordinates):
  Source   : x=   0.000, y=  45.000, z=   0.000
  Object   : x=  -0.007, y=  19.640, z= 578.029
  Detector : x=   0.000, y=   0.000, z= 674.000
  Obj rotY :   0.0000 deg
view   0 | SOD= 578.656 mm | SDD= 675.501 mm | M= 1.167 | incident=3.8197°
[[  61.276485   -574.843       -25.360142  ]
 [ -10.1120615    95.36566      19.639858  ]
 [   0.14875849    0.01584529    0.        ]
 [   0.            0.            0.1496    ]]
Residual vector length: 90, Jacobian shape: (90, 6)
view   0 | SOD= 577.138 mm | SDD= 675.501 mm | M= 1.170 | incident=3.8197°
[[  64.11978    -573.00745     -25.291195  ]
 [ -10.761844     96.81995      19.708805  ]
 [   0.14867386    0.01662061    0.        ]
 [   0.            0.            0.1496    ]]

iter 04 cost=49.294649 -> 34.654164 |dtheta|=1.499209e+00  lambda=1.235e-04

============================================================
Iteration 5
============================================================
Theta offsets (Unity frame):
  Source   : dSx=   0.000, dSy=   0.000, dSz=   0.000  (mm)
  Object   : dOx=  -9.996, dOy=   4.709, dOz= -12.437  (mm)
  Object offset: offset_x=  -0.066, offset_z=   0.021  (mm)
  Detector : dDx=   0.000, dDy=   0.000, dDz=   0.000  (mm)
  Obj Stage rotY :    6.379 deg
============================================================

Unity geometry (world coordinates):
  Source   : x=   0.000, y=  45.000, z=   0.000
  Object   : x=   0.004, y=  19.709, z= 576.563
  Detector : x=   0.000, y=   0.000, z= 674.000
  Obj rotY :   0.0000 deg
view   0 | SOD= 577.138 mm | SDD= 675.501 mm | M= 1.170 | incident=3.8197°
[[  64.11978    -573.00745     -25.291195  ]
 [ -10.761844     96.81995      19.708805  ]
 [   0.14867386    0.01662061    0.        ]
 [   0.            0.            0.1496    ]]
Residual vector length: 90, Jacobian shape: (90, 6)
view   0 | SOD= 575.974 mm | SDD= 675.501 mm | M= 1.173 | incident=3.8197°
[[  66.31401    -571.5871      -25.23742   ]
 [ -11.28257      97.93122      19.76258   ]
 [   0.14860526    0.01722322    0.        ]
 [   0.            0.            0.1496    ]]

iter 05 cost=34.654164 -> 27.079997 |dtheta|=1.207370e+00  lambda=4.115e-05

============================================================
Iteration 6
============================================================
Theta offsets (Unity frame):
  Source   : dSx=   0.000, dSy=   0.000, dSz=   0.000  (mm)
  Object   : dOx=  -9.994, dOy=   4.763, dOz= -13.621  (mm)
  Object offset: offset_x=  -0.073, offset_z=   0.042  (mm)
  Detector : dDx=   0.000, dDy=   0.000, dDz=   0.000  (mm)
  Obj Stage rotY :    6.611 deg
============================================================

Unity geometry (world coordinates):
  Source   : x=   0.000, y=  45.000, z=   0.000
  Object   : x=   0.006, y=  19.763, z= 575.379
  Detector : x=   0.000, y=   0.000, z= 674.000
  Obj rotY :   0.0000 deg
view   0 | SOD= 575.974 mm | SDD= 675.501 mm | M= 1.173 | incident=3.8197°
[[  66.31401    -571.5871      -25.23742   ]
 [ -11.28257      97.93122      19.76258   ]
 [   0.14860526    0.01722322    0.        ]
 [   0.            0.            0.1496    ]]
Residual vector length: 90, Jacobian shape: (90, 6)
view   0 | SOD= 575.092 mm | SDD= 675.501 mm | M= 1.175 | incident=3.8197°
[[  71.28959    -570.0997      -25.19166   ]
 [ -12.292609     98.69777      19.80834   ]
 [   0.14844525    0.01855178    0.        ]
 [   0.            0.            0.1496    ]]

iter 06 cost=27.079997 -> 20.082848 |dtheta|=9.806270e-01  lambda=1.372e-05

============================================================
Iteration 7
============================================================
Theta offsets (Unity frame):
  Source   : dSx=   0.000, dSy=   0.000, dSz=   0.000  (mm)
  Object   : dOx=  -9.991, dOy=   4.808, dOz= -14.454  (mm)
  Object offset: offset_x=  -0.051, offset_z=  -0.007  (mm)
  Detector : dDx=   0.000, dDy=   0.000, dDz=   0.000  (mm)
  Obj Stage rotY :    7.124 deg
============================================================

Unity geometry (world coordinates):
  Source   : x=   0.000, y=  45.000, z=   0.000
  Object   : x=   0.009, y=  19.808, z= 574.546
  Detector : x=   0.000, y=   0.000, z= 674.000
  Obj rotY :   0.0000 deg
view   0 | SOD= 575.092 mm | SDD= 675.501 mm | M= 1.175 | incident=3.8197°
[[  71.28959    -570.0997      -25.19166   ]
 [ -12.292609     98.69777      19.80834   ]
 [   0.14844525    0.01855178    0.        ]
 [   0.            0.            0.1496    ]]
Residual vector length: 90, Jacobian shape: (90, 6)
view   0 | SOD= 574.493 mm | SDD= 675.501 mm | M= 1.176 | incident=3.8197°
[[  75.382034   -568.96924     -25.174147  ]
 [ -13.093488     99.198456     19.825853  ]
 [   0.14830548    0.01963789    0.        ]
 [   0.            0.            0.1496    ]]

iter 07 cost=20.082848 -> 14.533764 |dtheta|=7.583588e-01  lambda=4.572e-06

============================================================
Iteration 8
============================================================
Theta offsets (Unity frame):
  Source   : dSx=   0.000, dSy=   0.000, dSz=   0.000  (mm)
  Object   : dOx= -10.004, dOy=   4.826, dOz= -15.084  (mm)
  Object offset: offset_x=  -0.037, offset_z=   0.025  (mm)
  Detector : dDx=   0.000, dDy=   0.000, dDz=   0.000  (mm)
  Obj Stage rotY :    7.543 deg
============================================================

Unity geometry (world coordinates):
  Source   : x=   0.000, y=  45.000, z=   0.000
  Object   : x=  -0.004, y=  19.826, z= 573.916
  Detector : x=   0.000, y=   0.000, z= 674.000
  Obj rotY :   0.0000 deg
view   0 | SOD= 574.493 mm | SDD= 675.501 mm | M= 1.176 | incident=3.8197°
[[  75.382034   -568.96924     -25.174147  ]
 [ -13.093488     99.198456     19.825853  ]
 [   0.14830548    0.01963789    0.        ]
 [   0.            0.            0.1496    ]]
Residual vector length: 90, Jacobian shape: (90, 6)
view   0 | SOD= 573.707 mm | SDD= 675.501 mm | M= 1.177 | incident=3.8197°
[[  78.26269    -567.7875      -25.13632   ]
 [ -13.750708     99.90222      19.86368   ]
 [   0.14819938    0.02042315    0.        ]
 [   0.            0.            0.1496    ]]

iter 08 cost=14.533764 -> 10.160784 |dtheta|=8.175160e-01  lambda=1.524e-06

============================================================
Iteration 9
============================================================
Theta offsets (Unity frame):
  Source   : dSx=   0.000, dSy=   0.000, dSz=   0.000  (mm)
  Object   : dOx= -10.001, dOy=   4.864, dOz= -15.842  (mm)
  Object offset: offset_x=  -0.015, offset_z=  -0.003  (mm)
  Detector : dDx=   0.000, dDy=   0.000, dDz=   0.000  (mm)
  Obj Stage rotY :    7.846 deg
============================================================

Unity geometry (world coordinates):
  Source   : x=   0.000, y=  45.000, z=   0.000
  Object   : x=  -0.001, y=  19.864, z= 573.158
  Detector : x=   0.000, y=   0.000, z= 674.000
  Obj rotY :   0.0000 deg
view   0 | SOD= 573.707 mm | SDD= 675.501 mm | M= 1.177 | incident=3.8197°
[[  78.26269    -567.7875      -25.13632   ]
 [ -13.750708     99.90222      19.86368   ]
 [   0.14819938    0.02042315    0.        ]
 [   0.            0.            0.1496    ]]
Residual vector length: 90, Jacobian shape: (90, 6)
view   0 | SOD= 573.015 mm | SDD= 675.501 mm | M= 1.179 | incident=3.8197°
[[  76.926674   -567.2726      -25.107754  ]
 [ -13.632566    100.61587      19.892246  ]
 [   0.1482435     0.02010039    0.        ]
 [   0.            0.            0.1496    ]]

iter 09 cost=10.160784 -> 9.681270 |dtheta|=7.112432e-01  lambda=1.000e-06

============================================================
Iteration 10
============================================================
Theta offsets (Unity frame):
  Source   : dSx=   0.000, dSy=   0.000, dSz=   0.000  (mm)
  Object   : dOx= -10.000, dOy=   4.892, dOz= -16.541  (mm)
  Object offset: offset_x=  -0.010, offset_z=   0.006  (mm)
  Detector : dDx=   0.000, dDy=   0.000, dDz=   0.000  (mm)
  Obj Stage rotY :    7.722 deg
============================================================

Unity geometry (world coordinates):
  Source   : x=   0.000, y=  45.000, z=   0.000
  Object   : x=  -0.000, y=  19.892, z= 572.459
  Detector : x=   0.000, y=   0.000, z= 674.000
  Obj rotY :   0.0000 deg
view   0 | SOD= 573.015 mm | SDD= 675.501 mm | M= 1.179 | incident=3.8197°
[[  76.926674   -567.2726      -25.107754  ]
 [ -13.632566    100.61587      19.892246  ]
 [   0.1482435     0.02010039    0.        ]
 [   0.            0.            0.1496    ]]
Residual vector length: 90, Jacobian shape: (90, 6)
view   0 | SOD= 572.177 mm | SDD= 675.501 mm | M= 1.181 | incident=3.8197°
[[  80.56996    -565.9206      -25.079865  ]
 [ -14.42046     101.352066     19.920135  ]
 [   0.14810681    0.02108393    0.        ]
 [   0.            0.            0.1496    ]]

iter 10 cost=9.681270 -> 5.952890 |dtheta|=9.171792e-01  lambda=1.000e-06

============================================================
Iteration 11
============================================================
Theta offsets (Unity frame):
  Source   : dSx=   0.000, dSy=   0.000, dSz=   0.000  (mm)
  Object   : dOx= -10.002, dOy=   4.920, dOz= -17.375  (mm)
  Object offset: offset_x=  -0.006, offset_z=   0.002  (mm)
  Detector : dDx=   0.000, dDy=   0.000, dDz=   0.000  (mm)
  Obj Stage rotY :    8.102 deg
============================================================

Unity geometry (world coordinates):
  Source   : x=   0.000, y=  45.000, z=   0.000
  Object   : x=  -0.002, y=  19.920, z= 571.625
  Detector : x=   0.000, y=   0.000, z= 674.000
  Obj rotY :   0.0000 deg
view   0 | SOD= 572.177 mm | SDD= 675.501 mm | M= 1.181 | incident=3.8197°
[[  80.56996    -565.9206      -25.079865  ]
 [ -14.42046     101.352066     19.920135  ]
 [   0.14810681    0.02108393    0.        ]
 [   0.            0.            0.1496    ]]
Residual vector length: 90, Jacobian shape: (90, 6)
view   0 | SOD= 571.610 mm | SDD= 675.501 mm | M= 1.182 | incident=3.8197°
[[  83.531685   -564.91833     -25.046423  ]
 [ -15.045958    101.83381      19.953577  ]
 [   0.14799128    0.02188014    0.        ]
 [   0.            0.            0.1496    ]]

iter 11 cost=5.952890 -> 4.000514 |dtheta|=6.595976e-01  lambda=1.000e-06

============================================================
Iteration 12
============================================================
Theta offsets (Unity frame):
  Source   : dSx=   0.000, dSy=   0.000, dSz=   0.000  (mm)
  Object   : dOx=  -9.997, dOy=   4.954, dOz= -17.957  (mm)
  Object offset: offset_x=  -0.013, offset_z=   0.018  (mm)
  Detector : dDx=   0.000, dDy=   0.000, dDz=   0.000  (mm)
  Obj Stage rotY :    8.410 deg
============================================================

Unity geometry (world coordinates):
  Source   : x=   0.000, y=  45.000, z=   0.000
  Object   : x=   0.003, y=  19.954, z= 571.043
  Detector : x=   0.000, y=   0.000, z= 674.000
  Obj rotY :   0.0000 deg
view   0 | SOD= 571.610 mm | SDD= 675.501 mm | M= 1.182 | incident=3.8197°
[[  83.531685   -564.91833     -25.046423  ]
 [ -15.045958    101.83381      19.953577  ]
 [   0.14799128    0.02188014    0.        ]
 [   0.            0.            0.1496    ]]
Residual vector length: 90, Jacobian shape: (90, 6)
view   0 | SOD= 571.219 mm | SDD= 675.501 mm | M= 1.183 | incident=3.8197°
[[  85.75589    -564.1898      -25.029793  ]
 [ -15.50543     102.16004      19.970207  ]
 [   0.14790198    0.02247581    0.        ]
 [   0.            0.            0.1496    ]]

iter 12 cost=4.000514 -> 2.819390 |dtheta|=4.474784e-01  lambda=1.000e-06

============================================================
Iteration 13
============================================================
Theta offsets (Unity frame):
  Source   : dSx=   0.000, dSy=   0.000, dSz=   0.000  (mm)
  Object   : dOx=  -9.996, dOy=   4.970, dOz= -18.340  (mm)
  Object offset: offset_x=  -0.023, offset_z=   0.010  (mm)
  Detector : dDx=   0.000, dDy=   0.000, dDz=   0.000  (mm)
  Obj Stage rotY :    8.641 deg
============================================================

Unity geometry (world coordinates):
  Source   : x=   0.000, y=  45.000, z=   0.000
  Object   : x=   0.004, y=  19.970, z= 570.660
  Detector : x=   0.000, y=   0.000, z= 674.000
  Obj rotY :   0.0000 deg
view   0 | SOD= 571.219 mm | SDD= 675.501 mm | M= 1.183 | incident=3.8197°
[[  85.75589    -564.1898      -25.029793  ]
 [ -15.50543     102.16004      19.970207  ]
 [   0.14790198    0.02247581    0.        ]
 [   0.            0.            0.1496    ]]
Residual vector length: 90, Jacobian shape: (90, 6)
view   0 | SOD= 571.178 mm | SDD= 675.501 mm | M= 1.183 | incident=3.8197°
[[  87.23548    -563.92163     -25.027153  ]
 [ -15.7858715   102.1584       19.972847  ]
 [   0.1478421     0.02286646    0.        ]
 [   0.            0.            0.1496    ]]

iter 13 cost=2.819390 -> 2.273421 |dtheta|=1.600498e-01  lambda=1.000e-06

============================================================
Iteration 14
============================================================
Theta offsets (Unity frame):
  Source   : dSx=   0.000, dSy=   0.000, dSz=   0.000  (mm)
  Object   : dOx=  -9.999, dOy=   4.973, dOz= -18.391  (mm)
  Object offset: offset_x=  -0.016, offset_z=   0.020  (mm)
  Detector : dDx=   0.000, dDy=   0.000, dDz=   0.000  (mm)
  Obj Stage rotY :    8.792 deg
============================================================

Unity geometry (world coordinates):
  Source   : x=   0.000, y=  45.000, z=   0.000
  Object   : x=   0.001, y=  19.973, z= 570.609
  Detector : x=   0.000, y=   0.000, z= 674.000
  Obj rotY :   0.0000 deg
view   0 | SOD= 571.178 mm | SDD= 675.501 mm | M= 1.183 | incident=3.8197°
[[  87.23548    -563.92163     -25.027153  ]
 [ -15.7858715   102.1584       19.972847  ]
 [   0.1478421     0.02286646    0.        ]
 [   0.            0.            0.1496    ]]
Residual vector length: 90, Jacobian shape: (90, 6)
view   0 | SOD= 571.060 mm | SDD= 675.501 mm | M= 1.183 | incident=3.8197°
[[  88.57721    -563.593       -25.020445  ]
 [ -16.060337    102.23504      19.979555  ]
 [   0.14778617    0.02322519    0.        ]
 [   0.            0.            0.1496    ]]

iter 14 cost=2.273421 -> 1.873326 |dtheta|=1.777191e-01  lambda=1.000e-06

============================================================
Iteration 15
============================================================
Theta offsets (Unity frame):
  Source   : dSx=   0.000, dSy=   0.000, dSz=   0.000  (mm)
  Object   : dOx=  -9.998, dOy=   4.980, dOz= -18.501  (mm)
  Object offset: offset_x=  -0.008, offset_z=   0.012  (mm)
  Detector : dDx=   0.000, dDy=   0.000, dDz=   0.000  (mm)
  Obj Stage rotY :    8.931 deg
============================================================

Unity geometry (world coordinates):
  Source   : x=   0.000, y=  45.000, z=   0.000
  Object   : x=   0.002, y=  19.980, z= 570.499
  Detector : x=   0.000, y=   0.000, z= 674.000
  Obj rotY :   0.0000 deg
view   0 | SOD= 571.060 mm | SDD= 675.501 mm | M= 1.183 | incident=3.8197°
[[  88.57721    -563.593       -25.020445  ]
 [ -16.060337    102.23504      19.979555  ]
 [   0.14778617    0.02322519    0.        ]
 [   0.            0.            0.1496    ]]
Residual vector length: 90, Jacobian shape: (90, 6)
view   0 | SOD= 570.881 mm | SDD= 675.501 mm | M= 1.183 | incident=3.8197°
[[  89.39772    -563.2825      -25.014317  ]
 [ -16.251644    102.38576      19.985683  ]
 [   0.14775069    0.02344977    0.        ]
 [   0.            0.            0.1496    ]]

iter 15 cost=1.873326 -> 1.645065 |dtheta|=2.010667e-01  lambda=1.000e-06

============================================================
Iteration 16
============================================================
Theta offsets (Unity frame):
  Source   : dSx=   0.000, dSy=   0.000, dSz=   0.000  (mm)
  Object   : dOx=  -9.994, dOy=   4.986, dOz= -18.682  (mm)
  Object offset: offset_x=  -0.004, offset_z=   0.014  (mm)
  Detector : dDx=   0.000, dDy=   0.000, dDz=   0.000  (mm)
  Obj Stage rotY :    9.018 deg
============================================================

Unity geometry (world coordinates):
  Source   : x=   0.000, y=  45.000, z=   0.000
  Object   : x=   0.006, y=  19.986, z= 570.318
  Detector : x=   0.000, y=   0.000, z= 674.000
  Obj rotY :   0.0000 deg
view   0 | SOD= 570.881 mm | SDD= 675.501 mm | M= 1.183 | incident=3.8197°
[[  89.39772    -563.2825      -25.014317  ]
 [ -16.251644    102.38576      19.985683  ]
 [   0.14775069    0.02344977    0.        ]
 [   0.            0.            0.1496    ]]
Residual vector length: 90, Jacobian shape: (90, 6)
view   0 | SOD= 570.973 mm | SDD= 675.501 mm | M= 1.183 | incident=3.8197°
[[  92.59204    -562.8599      -25.017122  ]
 [ -16.804638    102.202736     19.982878  ]
 [   0.14761628    0.02428152    0.        ]
 [   0.            0.            0.1496    ]]

iter 16 cost=1.645065 -> 0.939393 |dtheta|=3.340899e-01  lambda=1.000e-06

============================================================
Iteration 17
============================================================
Theta offsets (Unity frame):
  Source   : dSx=   0.000, dSy=   0.000, dSz=   0.000  (mm)
  Object   : dOx=  -9.996, dOy=   4.983, dOz= -18.596  (mm)
  Object offset: offset_x=  -0.011, offset_z=   0.021  (mm)
  Detector : dDx=   0.000, dDy=   0.000, dDz=   0.000  (mm)
  Obj Stage rotY :    9.341 deg
============================================================

Unity geometry (world coordinates):
  Source   : x=   0.000, y=  45.000, z=   0.000
  Object   : x=   0.004, y=  19.983, z= 570.404
  Detector : x=   0.000, y=   0.000, z= 674.000
  Obj rotY :   0.0000 deg
view   0 | SOD= 570.973 mm | SDD= 675.501 mm | M= 1.183 | incident=3.8197°
[[  92.59204    -562.8599      -25.017122  ]
 [ -16.804638    102.202736     19.982878  ]
 [   0.14761628    0.02428152    0.        ]
 [   0.            0.            0.1496    ]]
Residual vector length: 90, Jacobian shape: (90, 6)
view   0 | SOD= 570.771 mm | SDD= 675.501 mm | M= 1.183 | incident=3.8197°
[[  93.26999    -562.54266     -25.0091    ]
 [ -16.974598    102.38         19.9909    ]
 [   0.1475852     0.02446972    0.        ]
 [   0.            0.            0.1496    ]]

iter 17 cost=0.939393 -> 0.769775 |dtheta|=2.093453e-01  lambda=1.000e-06

============================================================
Iteration 18
============================================================
Theta offsets (Unity frame):
  Source   : dSx=   0.000, dSy=   0.000, dSz=   0.000  (mm)
  Object   : dOx=  -9.995, dOy=   4.991, dOz= -18.792  (mm)
  Object offset: offset_x=  -0.005, offset_z=   0.014  (mm)
  Detector : dDx=   0.000, dDy=   0.000, dDz=   0.000  (mm)
  Obj Stage rotY :    9.414 deg
============================================================

Unity geometry (world coordinates):
  Source   : x=   0.000, y=  45.000, z=   0.000
  Object   : x=   0.005, y=  19.991, z= 570.208
  Detector : x=   0.000, y=   0.000, z= 674.000
  Obj rotY :   0.0000 deg
view   0 | SOD= 570.771 mm | SDD= 675.501 mm | M= 1.183 | incident=3.8197°
[[  93.26999    -562.54266     -25.0091    ]
 [ -16.974598    102.38         19.9909    ]
 [   0.1475852     0.02446972    0.        ]
 [   0.            0.            0.1496    ]]
Residual vector length: 90, Jacobian shape: (90, 6)
view   0 | SOD= 570.789 mm | SDD= 675.501 mm | M= 1.183 | incident=3.8197°
[[  93.86218    -562.4628      -25.010185  ]
 [ -17.07431     102.34473      19.989815  ]
 [   0.14755966    0.02462329    0.        ]
 [   0.            0.            0.1496    ]]

iter 18 cost=0.769775 -> 0.707008 |dtheta|=6.357423e-02  lambda=1.000e-06

============================================================
Iteration 19
============================================================
Theta offsets (Unity frame):
  Source   : dSx=   0.000, dSy=   0.000, dSz=   0.000  (mm)
  Object   : dOx=  -9.999, dOy=   4.990, dOz= -18.770  (mm)
  Object offset: offset_x=  -0.005, offset_z=   0.011  (mm)
  Detector : dDx=   0.000, dDy=   0.000, dDz=   0.000  (mm)
  Obj Stage rotY :    9.474 deg
============================================================

Unity geometry (world coordinates):
  Source   : x=   0.000, y=  45.000, z=   0.000
  Object   : x=   0.001, y=  19.990, z= 570.230
  Detector : x=   0.000, y=   0.000, z= 674.000
  Obj rotY :   0.0000 deg
view   0 | SOD= 570.789 mm | SDD= 675.501 mm | M= 1.183 | incident=3.8197°
[[  93.86218    -562.4628      -25.010185  ]
 [ -17.07431     102.34473      19.989815  ]
 [   0.14755966    0.02462329    0.        ]
 [   0.            0.            0.1496    ]]
Residual vector length: 90, Jacobian shape: (90, 6)
view   0 | SOD= 570.772 mm | SDD= 675.501 mm | M= 1.183 | incident=3.8197°
[[  94.6193     -562.31885     -25.008991  ]
 [ -17.214647    102.338356     19.991009  ]
 [   0.14752628    0.02482249    0.        ]
 [   0.            0.            0.1496    ]]

iter 19 cost=0.707008 -> 0.547382 |dtheta|=7.943964e-02  lambda=1.000e-06

============================================================
Iteration 20
============================================================
Theta offsets (Unity frame):
  Source   : dSx=   0.000, dSy=   0.000, dSz=   0.000  (mm)
  Object   : dOx=  -9.996, dOy=   4.991, dOz= -18.788  (mm)
  Object offset: offset_x=  -0.009, offset_z=   0.011  (mm)
  Detector : dDx=   0.000, dDy=   0.000, dDz=   0.000  (mm)
  Obj Stage rotY :    9.551 deg
============================================================

Unity geometry (world coordinates):
  Source   : x=   0.000, y=  45.000, z=   0.000
  Object   : x=   0.004, y=  19.991, z= 570.212
  Detector : x=   0.000, y=   0.000, z= 674.000
  Obj rotY :   0.0000 deg
view   0 | SOD= 570.772 mm | SDD= 675.501 mm | M= 1.183 | incident=3.8197°
[[  94.6193     -562.31885     -25.008991  ]
 [ -17.214647    102.338356     19.991009  ]
 [   0.14752628    0.02482249    0.        ]
 [   0.            0.            0.1496    ]]
Residual vector length: 90, Jacobian shape: (90, 6)
view   0 | SOD= 570.726 mm | SDD= 675.501 mm | M= 1.184 | incident=3.8197°
[[  95.193596   -562.17535     -25.006407  ]
 [ -17.323717    102.3665       19.993593  ]
 [   0.14750068    0.02497417    0.        ]
 [   0.            0.            0.1496    ]]

iter 20 cost=0.547382 -> 0.429670 |dtheta|=7.397173e-02  lambda=1.000e-06

============================================================
Iteration 21
============================================================
Theta offsets (Unity frame):
  Source   : dSx=   0.000, dSy=   0.000, dSz=   0.000  (mm)
  Object   : dOx=  -9.997, dOy=   4.994, dOz= -18.832  (mm)
  Object offset: offset_x=  -0.011, offset_z=   0.010  (mm)
  Detector : dDx=   0.000, dDy=   0.000, dDz=   0.000  (mm)
  Obj Stage rotY :    9.610 deg
============================================================

Unity geometry (world coordinates):
  Source   : x=   0.000, y=  45.000, z=   0.000
  Object   : x=   0.003, y=  19.994, z= 570.168
  Detector : x=   0.000, y=   0.000, z= 674.000
  Obj rotY :   0.0000 deg
view   0 | SOD= 570.726 mm | SDD= 675.501 mm | M= 1.184 | incident=3.8197°
[[  95.193596   -562.17535     -25.006407  ]
 [ -17.323717    102.3665       19.993593  ]
 [   0.14750068    0.02497417    0.        ]
 [   0.            0.            0.1496    ]]
Residual vector length: 90, Jacobian shape: (90, 6)
view   0 | SOD= 570.736 mm | SDD= 675.501 mm | M= 1.184 | incident=3.8197°
[[  95.83995    -562.075       -25.008549  ]
 [ -17.439896    102.33724      19.991451  ]
 [   0.14747192    0.02514342    0.        ]
 [   0.            0.            0.1496    ]]

iter 21 cost=0.429670 -> 0.407445 |dtheta|=6.709516e-02  lambda=1.000e-06

============================================================
Iteration 22
============================================================
Theta offsets (Unity frame):
  Source   : dSx=   0.000, dSy=   0.000, dSz=   0.000  (mm)
  Object   : dOx=  -9.997, dOy=   4.991, dOz= -18.819  (mm)
  Object offset: offset_x=  -0.011, offset_z=   0.007  (mm)
  Detector : dDx=   0.000, dDy=   0.000, dDz=   0.000  (mm)
  Obj Stage rotY :    9.676 deg
============================================================

Unity geometry (world coordinates):
  Source   : x=   0.000, y=  45.000, z=   0.000
  Object   : x=   0.003, y=  19.991, z= 570.181
  Detector : x=   0.000, y=   0.000, z= 674.000
  Obj rotY :   0.0000 deg
view   0 | SOD= 570.736 mm | SDD= 675.501 mm | M= 1.184 | incident=3.8197°
[[  95.83995    -562.075       -25.008549  ]
 [ -17.439896    102.33724      19.991451  ]
 [   0.14747192    0.02514342    0.        ]
 [   0.            0.            0.1496    ]]
Residual vector length: 90, Jacobian shape: (90, 6)
view   0 | SOD= 570.783 mm | SDD= 675.501 mm | M= 1.183 | incident=3.8197°
[[  96.27632    -562.0483      -25.010103  ]
 [ -17.511066    102.27728      19.989897  ]
 [   0.14745267    0.02525607    0.        ]
 [   0.            0.            0.1496    ]]

iter 22 cost=0.407445 -> 0.394936 |dtheta|=6.476856e-02  lambda=1.000e-06

============================================================
Iteration 23
============================================================
Theta offsets (Unity frame):
  Source   : dSx=   0.000, dSy=   0.000, dSz=   0.000  (mm)
  Object   : dOx=  -9.997, dOy=   4.990, dOz= -18.772  (mm)
  Object offset: offset_x=  -0.010, offset_z=   0.006  (mm)
  Detector : dDx=   0.000, dDy=   0.000, dDz=   0.000  (mm)
  Obj Stage rotY :    9.719 deg
============================================================

Unity geometry (world coordinates):
  Source   : x=   0.000, y=  45.000, z=   0.000
  Object   : x=   0.003, y=  19.990, z= 570.228
  Detector : x=   0.000, y=   0.000, z= 674.000
  Obj rotY :   0.0000 deg
view   0 | SOD= 570.783 mm | SDD= 675.501 mm | M= 1.183 | incident=3.8197°
[[  96.27632    -562.0483      -25.010103  ]
 [ -17.511066    102.27728      19.989897  ]
 [   0.14745267    0.02525607    0.        ]
 [   0.            0.            0.1496    ]]
Residual vector length: 90, Jacobian shape: (90, 6)
view   0 | SOD= 570.849 mm | SDD= 675.501 mm | M= 1.183 | incident=3.8197°
[[  96.639984  -562.0527     -25.012611 ]
 [ -17.566986   102.20087     19.987389 ]
 [   0.1474367    0.0253492    0.       ]
 [   0.           0.           0.1496   ]]

iter 23 cost=0.394936 -> 0.344974 |dtheta|=7.493695e-02  lambda=1.000e-06

============================================================
Iteration 24
============================================================
Theta offsets (Unity frame):
  Source   : dSx=   0.000, dSy=   0.000, dSz=   0.000  (mm)
  Object   : dOx=  -9.998, dOy=   4.987, dOz= -18.706  (mm)
  Object offset: offset_x=  -0.007, offset_z=   0.007  (mm)
  Detector : dDx=   0.000, dDy=   0.000, dDz=   0.000  (mm)
  Obj Stage rotY :    9.756 deg
============================================================

Unity geometry (world coordinates):
  Source   : x=   0.000, y=  45.000, z=   0.000
  Object   : x=   0.002, y=  19.987, z= 570.294
  Detector : x=   0.000, y=   0.000, z= 674.000
  Obj rotY :   0.0000 deg
view   0 | SOD= 570.849 mm | SDD= 675.501 mm | M= 1.183 | incident=3.8197°
[[  96.639984  -562.0527     -25.012611 ]
 [ -17.566986   102.20087     19.987389 ]
 [   0.1474367    0.0253492    0.       ]
 [   0.           0.           0.1496   ]]
Residual vector length: 90, Jacobian shape: (90, 6)
view   0 | SOD= 570.826 mm | SDD= 675.501 mm | M= 1.183 | incident=3.8197°
[[  96.96052    -561.9747      -25.012821  ]
 [ -17.635897    102.21179      19.987179  ]
 [   0.1474218     0.02543564    0.        ]
 [   0.            0.            0.1496    ]]

iter 24 cost=0.344974 -> 0.332086 |dtheta|=4.066688e-02  lambda=1.000e-06

============================================================
Iteration 25
============================================================
Theta offsets (Unity frame):
  Source   : dSx=   0.000, dSy=   0.000, dSz=   0.000  (mm)
  Object   : dOx=  -9.997, dOy=   4.987, dOz= -18.729  (mm)
  Object offset: offset_x=  -0.002, offset_z=   0.007  (mm)
  Detector : dDx=   0.000, dDy=   0.000, dDz=   0.000  (mm)
  Obj Stage rotY :    9.789 deg
============================================================

Unity geometry (world coordinates):
  Source   : x=   0.000, y=  45.000, z=   0.000
  Object   : x=   0.003, y=  19.987, z= 570.271
  Detector : x=   0.000, y=   0.000, z= 674.000
  Obj rotY :   0.0000 deg
view   0 | SOD= 570.826 mm | SDD= 675.501 mm | M= 1.183 | incident=3.8197°
[[  96.96052    -561.9747      -25.012821  ]
 [ -17.635897    102.21179      19.987179  ]
 [   0.1474218     0.02543564    0.        ]
 [   0.            0.            0.1496    ]]
Residual vector length: 90, Jacobian shape: (90, 6)
view   0 | SOD= 570.834 mm | SDD= 675.501 mm | M= 1.183 | incident=3.8197°
[[  97.533775   -561.88385     -25.013496  ]
 [ -17.740011    102.18541      19.986504  ]
 [   0.14739579    0.02558599    0.        ]
 [   0.            0.            0.1496    ]]

iter 25 cost=0.332086 -> 0.306463 |dtheta|=5.977067e-02  lambda=1.000e-06

============================================================
Iteration 26
============================================================
Theta offsets (Unity frame):
  Source   : dSx=   0.000, dSy=   0.000, dSz=   0.000  (mm)
  Object   : dOx=  -9.997, dOy=   4.987, dOz= -18.717  (mm)
  Object offset: offset_x=  -0.001, offset_z=   0.003  (mm)
  Detector : dDx=   0.000, dDy=   0.000, dDz=   0.000  (mm)
  Obj Stage rotY :    9.848 deg
============================================================

Unity geometry (world coordinates):
  Source   : x=   0.000, y=  45.000, z=   0.000
  Object   : x=   0.003, y=  19.987, z= 570.283
  Detector : x=   0.000, y=   0.000, z= 674.000
  Obj rotY :   0.0000 deg
view   0 | SOD= 570.834 mm | SDD= 675.501 mm | M= 1.183 | incident=3.8197°
[[  97.533775   -561.88385     -25.013496  ]
 [ -17.740011    102.18541      19.986504  ]
 [   0.14739579    0.02558599    0.        ]
 [   0.            0.            0.1496    ]]
Residual vector length: 90, Jacobian shape: (90, 6)
view   0 | SOD= 570.881 mm | SDD= 675.501 mm | M= 1.183 | incident=3.8197°
[[  98.11191    -561.83075     -25.01528   ]
 [ -17.835526    102.1212       19.98472   ]
 [   0.14736974    0.02573551    0.        ]
 [   0.            0.            0.1496    ]]

iter 26 cost=0.306463 -> 0.259769 |dtheta|=7.378466e-02  lambda=1.000e-06

============================================================
Iteration 27
============================================================
Theta offsets (Unity frame):
  Source   : dSx=   0.000, dSy=   0.000, dSz=   0.000  (mm)
  Object   : dOx=  -9.996, dOy=   4.985, dOz= -18.671  (mm)
  Object offset: offset_x=  -0.002, offset_z=   0.004  (mm)
  Detector : dDx=   0.000, dDy=   0.000, dDz=   0.000  (mm)
  Obj Stage rotY :    9.906 deg
============================================================

Unity geometry (world coordinates):
  Source   : x=   0.000, y=  45.000, z=   0.000
  Object   : x=   0.004, y=  19.985, z= 570.329
  Detector : x=   0.000, y=   0.000, z= 674.000
  Obj rotY :   0.0000 deg
view   0 | SOD= 570.881 mm | SDD= 675.501 mm | M= 1.183 | incident=3.8197°
[[  98.11191    -561.83075     -25.01528   ]
 [ -17.835526    102.1212       19.98472   ]
 [   0.14736974    0.02573551    0.        ]
 [   0.            0.            0.1496    ]]
Residual vector length: 90, Jacobian shape: (90, 6)
view   0 | SOD= 570.814 mm | SDD= 675.501 mm | M= 1.183 | incident=3.8197°
[[  98.400314   -561.7124      -25.01251   ]
 [ -17.90518     102.176926     19.98749   ]
 [   0.14735585    0.02581499    0.        ]
 [   0.            0.            0.1496    ]]

iter 27 cost=0.259769 -> 0.212155 |dtheta|=7.284905e-02  lambda=1.000e-06

============================================================
Iteration 28
============================================================
Theta offsets (Unity frame):
  Source   : dSx=   0.000, dSy=   0.000, dSz=   0.000  (mm)
  Object   : dOx=  -9.996, dOy=   4.987, dOz= -18.737  (mm)
  Object offset: offset_x=   0.001, offset_z=   0.003  (mm)
  Detector : dDx=   0.000, dDy=   0.000, dDz=   0.000  (mm)
  Obj Stage rotY :    9.937 deg
============================================================

Unity geometry (world coordinates):
  Source   : x=   0.000, y=  45.000, z=   0.000
  Object   : x=   0.004, y=  19.987, z= 570.263
  Detector : x=   0.000, y=   0.000, z= 674.000
  Obj rotY :   0.0000 deg
view   0 | SOD= 570.814 mm | SDD= 675.501 mm | M= 1.183 | incident=3.8197°
[[  98.400314   -561.7124      -25.01251   ]
 [ -17.90518     102.176926     19.98749   ]
 [   0.14735585    0.02581499    0.        ]
 [   0.            0.            0.1496    ]]
Residual vector length: 90, Jacobian shape: (90, 6)
view   0 | SOD= 570.797 mm | SDD= 675.501 mm | M= 1.183 | incident=3.8197°
[[  98.8458     -561.61615     -25.011414  ]
 [ -17.987637    102.18047      19.988586  ]
 [   0.14733528    0.02593217    0.        ]
 [   0.            0.            0.1496    ]]

iter 28 cost=0.212155 -> 0.207671 |dtheta|=4.833365e-02  lambda=1.000e-06

============================================================
Iteration 29
============================================================
Theta offsets (Unity frame):
  Source   : dSx=   0.000, dSy=   0.000, dSz=   0.000  (mm)
  Object   : dOx=  -9.997, dOy=   4.989, dOz= -18.753  (mm)
  Object offset: offset_x=   0.000, offset_z=   0.001  (mm)
  Detector : dDx=   0.000, dDy=   0.000, dDz=   0.000  (mm)
  Obj Stage rotY :    9.982 deg
============================================================

Unity geometry (world coordinates):
  Source   : x=   0.000, y=  45.000, z=   0.000
  Object   : x=   0.003, y=  19.989, z= 570.247
  Detector : x=   0.000, y=   0.000, z= 674.000
  Obj rotY :   0.0000 deg
view   0 | SOD= 570.797 mm | SDD= 675.501 mm | M= 1.183 | incident=3.8197°
[[  98.8458     -561.61615     -25.011414  ]
 [ -17.987637    102.18047      19.988586  ]
 [   0.14733528    0.02593217    0.        ]
 [   0.            0.            0.1496    ]]
Residual vector length: 90, Jacobian shape: (90, 6)
view   0 | SOD= 570.818 mm | SDD= 675.501 mm | M= 1.183 | incident=3.8197°
[[  98.87229    -561.63367     -25.012215  ]
 [ -17.990427    102.1578       19.987785  ]
 [   0.14733413    0.02593867    0.        ]
 [   0.            0.            0.1496    ]]

iter 29 cost=0.207671 -> 0.202421 |dtheta|=2.282503e-02  lambda=1.000e-06

============================================================
Iteration 30
============================================================
Theta offsets (Unity frame):
  Source   : dSx=   0.000, dSy=   0.000, dSz=   0.000  (mm)
  Object   : dOx=  -9.996, dOy=   4.988, dOz= -18.730  (mm)
  Object offset: offset_x=   0.001, offset_z=   0.001  (mm)
  Detector : dDx=   0.000, dDy=   0.000, dDz=   0.000  (mm)
  Obj Stage rotY :    9.985 deg
============================================================

Unity geometry (world coordinates):
  Source   : x=   0.000, y=  45.000, z=   0.000
  Object   : x=   0.004, y=  19.988, z= 570.270
  Detector : x=   0.000, y=   0.000, z= 674.000
  Obj rotY :   0.0000 deg
view   0 | SOD= 570.818 mm | SDD= 675.501 mm | M= 1.183 | incident=3.8197°
[[  98.87229    -561.63367     -25.012215  ]
 [ -17.990427    102.1578       19.987785  ]
 [   0.14733413    0.02593867    0.        ]
 [   0.            0.            0.1496    ]]
Residual vector length: 90, Jacobian shape: (90, 6)
view   0 | SOD= 570.835 mm | SDD= 675.501 mm | M= 1.183 | incident=3.8197°
[[  98.88994    -561.64703     -25.01299   ]
 [ -17.98891     102.14158      19.98701   ]
 [   0.1473335     0.02594225    0.        ]
 [   0.            0.            0.1496    ]]

iter 30 cost=0.202421 -> 0.204815 |dtheta|=1.595090e-02  lambda=1.000e-06

============================================================
Iteration 31
============================================================
Theta offsets (Unity frame):
  Source   : dSx=   0.000, dSy=   0.000, dSz=   0.000  (mm)
  Object   : dOx=  -9.996, dOy=   4.988, dOz= -18.730  (mm)
  Object offset: offset_x=   0.001, offset_z=   0.001  (mm)
  Detector : dDx=   0.000, dDy=   0.000, dDz=   0.000  (mm)
  Obj Stage rotY :    9.985 deg
============================================================

Unity geometry (world coordinates):
  Source   : x=   0.000, y=  45.000, z=   0.000
  Object   : x=   0.004, y=  19.988, z= 570.270
  Detector : x=   0.000, y=   0.000, z= 674.000
  Obj rotY :   0.0000 deg
view   0 | SOD= 570.818 mm | SDD= 675.501 mm | M= 1.183 | incident=3.8197°
[[  98.87229    -561.63367     -25.012215  ]
 [ -17.990427    102.1578       19.987785  ]
 [   0.14733413    0.02593867    0.        ]
 [   0.            0.            0.1496    ]]
Residual vector length: 90, Jacobian shape: (90, 6)
view   0 | SOD= 570.835 mm | SDD= 675.501 mm | M= 1.183 | incident=3.8197°
[[  98.88994    -561.64703     -25.01299   ]
 [ -17.98891     102.14158      19.98701   ]
 [   0.1473335     0.02594225    0.        ]
 [   0.            0.            0.1496    ]]

iter 31 cost=0.202421 -> 0.204815 |dtheta|=1.595088e-02  lambda=5.000e-06

============================================================
Iteration 32
============================================================
Theta offsets (Unity frame):
  Source   : dSx=   0.000, dSy=   0.000, dSz=   0.000  (mm)
  Object   : dOx=  -9.996, dOy=   4.988, dOz= -18.730  (mm)
  Object offset: offset_x=   0.001, offset_z=   0.001  (mm)
  Detector : dDx=   0.000, dDy=   0.000, dDz=   0.000  (mm)
  Obj Stage rotY :    9.985 deg
============================================================

Unity geometry (world coordinates):
  Source   : x=   0.000, y=  45.000, z=   0.000
  Object   : x=   0.004, y=  19.988, z= 570.270
  Detector : x=   0.000, y=   0.000, z= 674.000
  Obj rotY :   0.0000 deg
view   0 | SOD= 570.818 mm | SDD= 675.501 mm | M= 1.183 | incident=3.8197°
[[  98.87229    -561.63367     -25.012215  ]
 [ -17.990427    102.1578       19.987785  ]
 [   0.14733413    0.02593867    0.        ]
 [   0.            0.            0.1496    ]]
Residual vector length: 90, Jacobian shape: (90, 6)
view   0 | SOD= 570.835 mm | SDD= 675.501 mm | M= 1.183 | incident=3.8197°
[[  98.88994    -561.64703     -25.01299   ]
 [ -17.98891     102.14158      19.98701   ]
 [   0.1473335     0.02594225    0.        ]
 [   0.            0.            0.1496    ]]

iter 32 cost=0.202421 -> 0.204815 |dtheta|=1.595079e-02  lambda=2.500e-05

============================================================
Iteration 33
============================================================
Theta offsets (Unity frame):
  Source   : dSx=   0.000, dSy=   0.000, dSz=   0.000  (mm)
  Object   : dOx=  -9.996, dOy=   4.988, dOz= -18.730  (mm)
  Object offset: offset_x=   0.001, offset_z=   0.001  (mm)
  Detector : dDx=   0.000, dDy=   0.000, dDz=   0.000  (mm)
  Obj Stage rotY :    9.985 deg
============================================================

Unity geometry (world coordinates):
  Source   : x=   0.000, y=  45.000, z=   0.000
  Object   : x=   0.004, y=  19.988, z= 570.270
  Detector : x=   0.000, y=   0.000, z= 674.000
  Obj rotY :   0.0000 deg
view   0 | SOD= 570.818 mm | SDD= 675.501 mm | M= 1.183 | incident=3.8197°
[[  98.87229    -561.63367     -25.012215  ]
 [ -17.990427    102.1578       19.987785  ]
 [   0.14733413    0.02593867    0.        ]
 [   0.            0.            0.1496    ]]
Residual vector length: 90, Jacobian shape: (90, 6)
view   0 | SOD= 570.835 mm | SDD= 675.501 mm | M= 1.183 | incident=3.8197°
[[  98.88994    -561.64703     -25.01299   ]
 [ -17.98891     102.14158      19.98701   ]
 [   0.1473335     0.02594225    0.        ]
 [   0.            0.            0.1496    ]]

iter 33 cost=0.202421 -> 0.204815 |dtheta|=1.595032e-02  lambda=1.250e-04

============================================================
Iteration 34
============================================================
Theta offsets (Unity frame):
  Source   : dSx=   0.000, dSy=   0.000, dSz=   0.000  (mm)
  Object   : dOx=  -9.996, dOy=   4.988, dOz= -18.730  (mm)
  Object offset: offset_x=   0.001, offset_z=   0.001  (mm)
  Detector : dDx=   0.000, dDy=   0.000, dDz=   0.000  (mm)
  Obj Stage rotY :    9.985 deg
============================================================

Unity geometry (world coordinates):
  Source   : x=   0.000, y=  45.000, z=   0.000
  Object   : x=   0.004, y=  19.988, z= 570.270
  Detector : x=   0.000, y=   0.000, z= 674.000
  Obj rotY :   0.0000 deg
view   0 | SOD= 570.818 mm | SDD= 675.501 mm | M= 1.183 | incident=3.8197°
[[  98.87229    -561.63367     -25.012215  ]
 [ -17.990427    102.1578       19.987785  ]
 [   0.14733413    0.02593867    0.        ]
 [   0.            0.            0.1496    ]]
Residual vector length: 90, Jacobian shape: (90, 6)
view   0 | SOD= 570.835 mm | SDD= 675.501 mm | M= 1.183 | incident=3.8197°
[[  98.88994    -561.64703     -25.01299   ]
 [ -17.98891     102.14158      19.98701   ]
 [   0.1473335     0.02594225    0.        ]
 [   0.            0.            0.1496    ]]

iter 34 cost=0.202421 -> 0.204815 |dtheta|=1.594795e-02  lambda=6.250e-04

============================================================
Iteration 35
============================================================
Theta offsets (Unity frame):
  Source   : dSx=   0.000, dSy=   0.000, dSz=   0.000  (mm)
  Object   : dOx=  -9.996, dOy=   4.988, dOz= -18.730  (mm)
  Object offset: offset_x=   0.001, offset_z=   0.001  (mm)
  Detector : dDx=   0.000, dDy=   0.000, dDz=   0.000  (mm)
  Obj Stage rotY :    9.985 deg
============================================================

Unity geometry (world coordinates):
  Source   : x=   0.000, y=  45.000, z=   0.000
  Object   : x=   0.004, y=  19.988, z= 570.270
  Detector : x=   0.000, y=   0.000, z= 674.000
  Obj rotY :   0.0000 deg
view   0 | SOD= 570.818 mm | SDD= 675.501 mm | M= 1.183 | incident=3.8197°
[[  98.87229    -561.63367     -25.012215  ]
 [ -17.990427    102.1578       19.987785  ]
 [   0.14733413    0.02593867    0.        ]
 [   0.            0.            0.1496    ]]
Residual vector length: 90, Jacobian shape: (90, 6)
view   0 | SOD= 570.835 mm | SDD= 675.501 mm | M= 1.183 | incident=3.8197°
[[  98.889946   -561.64703     -25.012989  ]
 [ -17.98891     102.14158      19.987011  ]
 [   0.1473335     0.02594225    0.        ]
 [   0.            0.            0.1496    ]]

iter 35 cost=0.202421 -> 0.204815 |dtheta|=1.593615e-02  lambda=3.125e-03

============================================================
Iteration 36
============================================================
Theta offsets (Unity frame):
  Source   : dSx=   0.000, dSy=   0.000, dSz=   0.000  (mm)
  Object   : dOx=  -9.996, dOy=   4.988, dOz= -18.730  (mm)
  Object offset: offset_x=   0.001, offset_z=   0.001  (mm)
  Detector : dDx=   0.000, dDy=   0.000, dDz=   0.000  (mm)
  Obj Stage rotY :    9.985 deg
============================================================

Unity geometry (world coordinates):
  Source   : x=   0.000, y=  45.000, z=   0.000
  Object   : x=   0.004, y=  19.988, z= 570.270
  Detector : x=   0.000, y=   0.000, z= 674.000
  Obj rotY :   0.0000 deg
view   0 | SOD= 570.818 mm | SDD= 675.501 mm | M= 1.183 | incident=3.8197°
[[  98.87229    -561.63367     -25.012215  ]
 [ -17.990427    102.1578       19.987785  ]
 [   0.14733413    0.02593867    0.        ]
 [   0.            0.            0.1496    ]]
Residual vector length: 90, Jacobian shape: (90, 6)
view   0 | SOD= 570.835 mm | SDD= 675.501 mm | M= 1.183 | incident=3.8197°
[[  98.88996    -561.647       -25.012989  ]
 [ -17.988924    102.14164      19.987011  ]
 [   0.1473335     0.02594226    0.        ]
 [   0.            0.            0.1496    ]]

iter 36 cost=0.202421 -> 0.204815 |dtheta|=1.587740e-02  lambda=1.562e-02

============================================================
Iteration 37
============================================================
Theta offsets (Unity frame):
  Source   : dSx=   0.000, dSy=   0.000, dSz=   0.000  (mm)
  Object   : dOx=  -9.996, dOy=   4.988, dOz= -18.730  (mm)
  Object offset: offset_x=   0.001, offset_z=   0.001  (mm)
  Detector : dDx=   0.000, dDy=   0.000, dDz=   0.000  (mm)
  Obj Stage rotY :    9.985 deg
============================================================

Unity geometry (world coordinates):
  Source   : x=   0.000, y=  45.000, z=   0.000
  Object   : x=   0.004, y=  19.988, z= 570.270
  Detector : x=   0.000, y=   0.000, z= 674.000
  Obj rotY :   0.0000 deg
view   0 | SOD= 570.818 mm | SDD= 675.501 mm | M= 1.183 | incident=3.8197°
[[  98.87229    -561.63367     -25.012215  ]
 [ -17.990427    102.1578       19.987785  ]
 [   0.14733413    0.02593867    0.        ]
 [   0.            0.            0.1496    ]]
Residual vector length: 90, Jacobian shape: (90, 6)
view   0 | SOD= 570.834 mm | SDD= 675.501 mm | M= 1.183 | incident=3.8197°
[[  98.89002    -561.64667     -25.012978  ]
 [ -17.988995    102.14194      19.987022  ]
 [   0.14733349    0.02594229    0.        ]
 [   0.            0.            0.1496    ]]

iter 37 cost=0.202421 -> 0.204815 |dtheta|=1.559023e-02  lambda=7.812e-02

============================================================
Iteration 38
============================================================
Theta offsets (Unity frame):
  Source   : dSx=   0.000, dSy=   0.000, dSz=   0.000  (mm)
  Object   : dOx=  -9.996, dOy=   4.988, dOz= -18.730  (mm)
  Object offset: offset_x=   0.001, offset_z=   0.001  (mm)
  Detector : dDx=   0.000, dDy=   0.000, dDz=   0.000  (mm)
  Obj Stage rotY :    9.985 deg
============================================================

Unity geometry (world coordinates):
  Source   : x=   0.000, y=  45.000, z=   0.000
  Object   : x=   0.004, y=  19.988, z= 570.270
  Detector : x=   0.000, y=   0.000, z= 674.000
  Obj rotY :   0.0000 deg
view   0 | SOD= 570.818 mm | SDD= 675.501 mm | M= 1.183 | incident=3.8197°
[[  98.87229    -561.63367     -25.012215  ]
 [ -17.990427    102.1578       19.987785  ]
 [   0.14733413    0.02593867    0.        ]
 [   0.            0.            0.1496    ]]
Residual vector length: 90, Jacobian shape: (90, 6)
view   0 | SOD= 570.833 mm | SDD= 675.501 mm | M= 1.183 | incident=3.8197°
[[  98.890274   -561.64526     -25.012928  ]
 [ -17.989298    102.14324      19.987072  ]
 [   0.14733347    0.02594241    0.        ]
 [   0.            0.            0.1496    ]]

iter 38 cost=0.202421 -> 0.204815 |dtheta|=1.430198e-02  lambda=3.906e-01

============================================================
Iteration 39
============================================================
Theta offsets (Unity frame):
  Source   : dSx=   0.000, dSy=   0.000, dSz=   0.000  (mm)
  Object   : dOx=  -9.996, dOy=   4.988, dOz= -18.730  (mm)
  Object offset: offset_x=   0.001, offset_z=   0.001  (mm)
  Detector : dDx=   0.000, dDy=   0.000, dDz=   0.000  (mm)
  Obj Stage rotY :    9.985 deg
============================================================

Unity geometry (world coordinates):
  Source   : x=   0.000, y=  45.000, z=   0.000
  Object   : x=   0.004, y=  19.988, z= 570.270
  Detector : x=   0.000, y=   0.000, z= 674.000
  Obj rotY :   0.0000 deg
view   0 | SOD= 570.818 mm | SDD= 675.501 mm | M= 1.183 | incident=3.8197°
[[  98.87229    -561.63367     -25.012215  ]
 [ -17.990427    102.1578       19.987785  ]
 [   0.14733413    0.02593867    0.        ]
 [   0.            0.            0.1496    ]]
Residual vector length: 90, Jacobian shape: (90, 6)
view   0 | SOD= 570.829 mm | SDD= 675.501 mm | M= 1.183 | incident=3.8197°
[[  98.89068    -561.6409      -25.01277   ]
 [ -17.990171    102.14737      19.98723   ]
 [   0.14733341    0.02594269    0.        ]
 [   0.            0.            0.1496    ]]

iter 39 cost=0.202421 -> 0.205607 |dtheta|=1.018341e-02  lambda=1.953e+00

============================================================
Iteration 40
============================================================
Theta offsets (Unity frame):
  Source   : dSx=   0.000, dSy=   0.000, dSz=   0.000  (mm)
  Object   : dOx=  -9.996, dOy=   4.988, dOz= -18.730  (mm)
  Object offset: offset_x=   0.001, offset_z=   0.001  (mm)
  Detector : dDx=   0.000, dDy=   0.000, dDz=   0.000  (mm)
  Obj Stage rotY :    9.985 deg
============================================================

Unity geometry (world coordinates):
  Source   : x=   0.000, y=  45.000, z=   0.000
  Object   : x=   0.004, y=  19.988, z= 570.270
  Detector : x=   0.000, y=   0.000, z= 674.000
  Obj rotY :   0.0000 deg
view   0 | SOD= 570.818 mm | SDD= 675.501 mm | M= 1.183 | incident=3.8197°
[[  98.87229    -561.63367     -25.012215  ]
 [ -17.990427    102.1578       19.987785  ]
 [   0.14733413    0.02593867    0.        ]
 [   0.            0.            0.1496    ]]
Residual vector length: 90, Jacobian shape: (90, 6)
view   0 | SOD= 570.823 mm | SDD= 675.501 mm | M= 1.183 | incident=3.8197°
[[  98.888176   -561.63525     -25.012547  ]
 [ -17.990839    102.15332      19.987453  ]
 [   0.14733349    0.02594228    0.        ]
 [   0.            0.            0.1496    ]]

iter 40 cost=0.202421 -> 0.202199 |dtheta|=4.485095e-03  lambda=9.766e+00

============================================================
Iteration 41
============================================================
Theta offsets (Unity frame):
  Source   : dSx=   0.000, dSy=   0.000, dSz=   0.000  (mm)
  Object   : dOx=  -9.996, dOy=   4.987, dOz= -18.726  (mm)
  Object offset: offset_x=   0.000, offset_z=   0.001  (mm)
  Detector : dDx=   0.000, dDy=   0.000, dDz=   0.000  (mm)
  Obj Stage rotY :    9.986 deg
============================================================

Unity geometry (world coordinates):
  Source   : x=   0.000, y=  45.000, z=   0.000
  Object   : x=   0.004, y=  19.987, z= 570.274
  Detector : x=   0.000, y=   0.000, z= 674.000
  Obj rotY :   0.0000 deg
view   0 | SOD= 570.823 mm | SDD= 675.501 mm | M= 1.183 | incident=3.8197°
[[  98.888176   -561.63525     -25.012547  ]
 [ -17.990839    102.15332      19.987453  ]
 [   0.14733349    0.02594228    0.        ]
 [   0.            0.            0.1496    ]]
Residual vector length: 90, Jacobian shape: (90, 6)
view   0 | SOD= 570.836 mm | SDD= 675.501 mm | M= 1.183 | incident=3.8197°
[[  98.908806   -561.6446      -25.012825  ]
 [ -17.99345     102.13991      19.987175  ]
 [   0.14733258    0.02594744    0.        ]
 [   0.            0.            0.1496    ]]

iter 41 cost=0.202199 -> 0.199893 |dtheta|=1.253662e-02  lambda=3.255e+00

============================================================
Iteration 42
============================================================
Theta offsets (Unity frame):
  Source   : dSx=   0.000, dSy=   0.000, dSz=   0.000  (mm)
  Object   : dOx=  -9.996, dOy=   4.987, dOz= -18.714  (mm)
  Object offset: offset_x=   0.001, offset_z=   0.001  (mm)
  Detector : dDx=   0.000, dDy=   0.000, dDz=   0.000  (mm)
  Obj Stage rotY :    9.988 deg
============================================================

Unity geometry (world coordinates):
  Source   : x=   0.000, y=  45.000, z=   0.000
  Object   : x=   0.004, y=  19.987, z= 570.286
  Detector : x=   0.000, y=   0.000, z= 674.000
  Obj rotY :   0.0000 deg
view   0 | SOD= 570.836 mm | SDD= 675.501 mm | M= 1.183 | incident=3.8197°
[[  98.908806   -561.6446      -25.012825  ]
 [ -17.99345     102.13991      19.987175  ]
 [   0.14733258    0.02594744    0.        ]
 [   0.            0.            0.1496    ]]
Residual vector length: 90, Jacobian shape: (90, 6)
view   0 | SOD= 570.835 mm | SDD= 675.501 mm | M= 1.183 | incident=3.8197°
[[  98.93017    -561.6399      -25.013016  ]
 [ -17.996649    102.140274     19.986984  ]
 [   0.14733163    0.0259529     0.        ]
 [   0.            0.            0.1496    ]]

iter 42 cost=0.199893 -> 0.202841 |dtheta|=2.289699e-03  lambda=1.085e+00

============================================================
Iteration 43
============================================================
Theta offsets (Unity frame):
  Source   : dSx=   0.000, dSy=   0.000, dSz=   0.000  (mm)
  Object   : dOx=  -9.996, dOy=   4.987, dOz= -18.714  (mm)
  Object offset: offset_x=   0.001, offset_z=   0.001  (mm)
  Detector : dDx=   0.000, dDy=   0.000, dDz=   0.000  (mm)
  Obj Stage rotY :    9.988 deg
============================================================

Unity geometry (world coordinates):
  Source   : x=   0.000, y=  45.000, z=   0.000
  Object   : x=   0.004, y=  19.987, z= 570.286
  Detector : x=   0.000, y=   0.000, z= 674.000
  Obj rotY :   0.0000 deg
view   0 | SOD= 570.836 mm | SDD= 675.501 mm | M= 1.183 | incident=3.8197°
[[  98.908806   -561.6446      -25.012825  ]
 [ -17.99345     102.13991      19.987175  ]
 [   0.14733258    0.02594744    0.        ]
 [   0.            0.            0.1496    ]]
Residual vector length: 90, Jacobian shape: (90, 6)
view   0 | SOD= 570.835 mm | SDD= 675.501 mm | M= 1.183 | incident=3.8197°
[[  98.926895   -561.6408      -25.013027  ]
 [ -17.995974    102.14008      19.986973  ]
 [   0.14733177    0.02595202    0.        ]
 [   0.            0.            0.1496    ]]

iter 43 cost=0.199893 -> 0.202841 |dtheta|=1.928624e-03  lambda=5.425e+00

============================================================
Iteration 44
============================================================
Theta offsets (Unity frame):
  Source   : dSx=   0.000, dSy=   0.000, dSz=   0.000  (mm)
  Object   : dOx=  -9.996, dOy=   4.987, dOz= -18.714  (mm)
  Object offset: offset_x=   0.001, offset_z=   0.001  (mm)
  Detector : dDx=   0.000, dDy=   0.000, dDz=   0.000  (mm)
  Obj Stage rotY :    9.988 deg
============================================================

Unity geometry (world coordinates):
  Source   : x=   0.000, y=  45.000, z=   0.000
  Object   : x=   0.004, y=  19.987, z= 570.286
  Detector : x=   0.000, y=   0.000, z= 674.000
  Obj rotY :   0.0000 deg
view   0 | SOD= 570.836 mm | SDD= 675.501 mm | M= 1.183 | incident=3.8197°
[[  98.908806   -561.6446      -25.012825  ]
 [ -17.99345     102.13991      19.987175  ]
 [   0.14733258    0.02594744    0.        ]
 [   0.            0.            0.1496    ]]
Residual vector length: 90, Jacobian shape: (90, 6)
view   0 | SOD= 570.835 mm | SDD= 675.501 mm | M= 1.183 | incident=3.8197°
[[  98.91952    -561.6423      -25.013031  ]
 [ -17.994558    102.14015      19.986969  ]
 [   0.14733212    0.02595007    0.        ]
 [   0.            0.            0.1496    ]]

iter 44 cost=0.199893 -> 0.208254 |dtheta|=1.261366e-03  lambda=2.713e+01

============================================================
Iteration 45
============================================================
Theta offsets (Unity frame):
  Source   : dSx=   0.000, dSy=   0.000, dSz=   0.000  (mm)
  Object   : dOx=  -9.996, dOy=   4.987, dOz= -18.714  (mm)
  Object offset: offset_x=   0.001, offset_z=   0.001  (mm)
  Detector : dDx=   0.000, dDy=   0.000, dDz=   0.000  (mm)
  Obj Stage rotY :    9.988 deg
============================================================

Unity geometry (world coordinates):
  Source   : x=   0.000, y=  45.000, z=   0.000
  Object   : x=   0.004, y=  19.987, z= 570.286
  Detector : x=   0.000, y=   0.000, z= 674.000
  Obj rotY :   0.0000 deg
view   0 | SOD= 570.836 mm | SDD= 675.501 mm | M= 1.183 | incident=3.8197°
[[  98.908806   -561.6446      -25.012825  ]
 [ -17.99345     102.13991      19.987175  ]
 [   0.14733258    0.02594744    0.        ]
 [   0.            0.            0.1496    ]]
Residual vector length: 90, Jacobian shape: (90, 6)
view   0 | SOD= 570.835 mm | SDD= 675.501 mm | M= 1.183 | incident=3.8197°
[[  98.91284    -561.64343     -25.01302   ]
 [ -17.99336     102.14036      19.98698   ]
 [   0.14733243    0.02594832    0.        ]
 [   0.            0.            0.1496    ]]

iter 45 cost=0.199893 -> 0.214643 |dtheta|=7.864565e-04  lambda=1.356e+02

============================================================
Iteration 46
============================================================
Theta offsets (Unity frame):
  Source   : dSx=   0.000, dSy=   0.000, dSz=   0.000  (mm)
  Object   : dOx=  -9.996, dOy=   4.987, dOz= -18.714  (mm)
  Object offset: offset_x=   0.001, offset_z=   0.001  (mm)
  Detector : dDx=   0.000, dDy=   0.000, dDz=   0.000  (mm)
  Obj Stage rotY :    9.988 deg
============================================================

Unity geometry (world coordinates):
  Source   : x=   0.000, y=  45.000, z=   0.000
  Object   : x=   0.004, y=  19.987, z= 570.286
  Detector : x=   0.000, y=   0.000, z= 674.000
  Obj rotY :   0.0000 deg
view   0 | SOD= 570.836 mm | SDD= 675.501 mm | M= 1.183 | incident=3.8197°
[[  98.908806   -561.6446      -25.012825  ]
 [ -17.99345     102.13991      19.987175  ]
 [   0.14733258    0.02594744    0.        ]
 [   0.            0.            0.1496    ]]
Residual vector length: 90, Jacobian shape: (90, 6)
view   0 | SOD= 570.835 mm | SDD= 675.501 mm | M= 1.183 | incident=3.8197°
[[  98.91023    -561.64404     -25.012974  ]
 [ -17.993065    102.14029      19.987026  ]
 [   0.14733255    0.02594768    0.        ]
 [   0.            0.            0.1496    ]]

iter 46 cost=0.199893 -> 0.206320 |dtheta|=5.401958e-04  lambda=6.782e+02

============================================================
Iteration 47
============================================================
Theta offsets (Unity frame):
  Source   : dSx=   0.000, dSy=   0.000, dSz=   0.000  (mm)
  Object   : dOx=  -9.996, dOy=   4.987, dOz= -18.714  (mm)
  Object offset: offset_x=   0.001, offset_z=   0.001  (mm)
  Detector : dDx=   0.000, dDy=   0.000, dDz=   0.000  (mm)
  Obj Stage rotY :    9.988 deg
============================================================

Unity geometry (world coordinates):
  Source   : x=   0.000, y=  45.000, z=   0.000
  Object   : x=   0.004, y=  19.987, z= 570.286
  Detector : x=   0.000, y=   0.000, z= 674.000
  Obj rotY :   0.0000 deg
view   0 | SOD= 570.836 mm | SDD= 675.501 mm | M= 1.183 | incident=3.8197°
[[  98.908806   -561.6446      -25.012825  ]
 [ -17.99345     102.13991      19.987175  ]
 [   0.14733258    0.02594744    0.        ]
 [   0.            0.            0.1496    ]]
Residual vector length: 90, Jacobian shape: (90, 6)
view   0 | SOD= 570.835 mm | SDD= 675.501 mm | M= 1.183 | incident=3.8197°
[[  98.90929    -561.6444      -25.012894  ]
 [ -17.993235    102.140076     19.987106  ]
 [   0.14733258    0.0259475     0.        ]
 [   0.            0.            0.1496    ]]

iter 47 cost=0.199893 -> 0.203620 |dtheta|=2.421851e-04  lambda=3.391e+03

============================================================
Iteration 48
============================================================
Theta offsets (Unity frame):
  Source   : dSx=   0.000, dSy=   0.000, dSz=   0.000  (mm)
  Object   : dOx=  -9.996, dOy=   4.987, dOz= -18.714  (mm)
  Object offset: offset_x=   0.001, offset_z=   0.001  (mm)
  Detector : dDx=   0.000, dDy=   0.000, dDz=   0.000  (mm)
  Obj Stage rotY :    9.988 deg
============================================================

Unity geometry (world coordinates):
  Source   : x=   0.000, y=  45.000, z=   0.000
  Object   : x=   0.004, y=  19.987, z= 570.286
  Detector : x=   0.000, y=   0.000, z= 674.000
  Obj rotY :   0.0000 deg
view   0 | SOD= 570.836 mm | SDD= 675.501 mm | M= 1.183 | incident=3.8197°
[[  98.908806   -561.6446      -25.012825  ]
 [ -17.99345     102.13991      19.987175  ]
 [   0.14733258    0.02594744    0.        ]
 [   0.            0.            0.1496    ]]
Residual vector length: 90, Jacobian shape: (90, 6)
view   0 | SOD= 570.836 mm | SDD= 675.501 mm | M= 1.183 | incident=3.8197°
[[  98.90893    -561.6446      -25.012844  ]
 [ -17.993383    102.13992      19.987156  ]
 [   0.14733258    0.02594746    0.        ]
 [   0.            0.            0.1496    ]]

iter 48 cost=0.199893 -> 0.197035 |dtheta|=6.563647e-05  lambda=1.695e+04

============================================================
Iteration 49
============================================================
Theta offsets (Unity frame):
  Source   : dSx=   0.000, dSy=   0.000, dSz=   0.000  (mm)
  Object   : dOx=  -9.996, dOy=   4.987, dOz= -18.714  (mm)
  Object offset: offset_x=   0.001, offset_z=   0.001  (mm)
  Detector : dDx=   0.000, dDy=   0.000, dDz=   0.000  (mm)
  Obj Stage rotY :    9.988 deg
============================================================

Unity geometry (world coordinates):
  Source   : x=   0.000, y=  45.000, z=   0.000
  Object   : x=   0.004, y=  19.987, z= 570.286
  Detector : x=   0.000, y=   0.000, z= 674.000
  Obj rotY :   0.0000 deg
view   0 | SOD= 570.836 mm | SDD= 675.501 mm | M= 1.183 | incident=3.8197°
[[  98.90893    -561.6446      -25.012844  ]
 [ -17.993383    102.13992      19.987156  ]
 [   0.14733258    0.02594746    0.        ]
 [   0.            0.            0.1496    ]]
Residual vector length: 90, Jacobian shape: (90, 6)
view   0 | SOD= 570.835 mm | SDD= 675.501 mm | M= 1.183 | incident=3.8197°
[[  98.90951    -561.64435     -25.01289   ]
 [ -17.993353    102.14005      19.98711   ]
 [   0.14733256    0.02594758    0.        ]
 [   0.            0.            0.1496    ]]

iter 49 cost=0.197035 -> 0.203620 |dtheta|=1.362246e-04  lambda=5.651e+03

============================================================
Iteration 50
============================================================
Theta offsets (Unity frame):
  Source   : dSx=   0.000, dSy=   0.000, dSz=   0.000  (mm)
  Object   : dOx=  -9.996, dOy=   4.987, dOz= -18.714  (mm)
  Object offset: offset_x=   0.001, offset_z=   0.001  (mm)
  Detector : dDx=   0.000, dDy=   0.000, dDz=   0.000  (mm)
  Obj Stage rotY :    9.988 deg
============================================================

Unity geometry (world coordinates):
  Source   : x=   0.000, y=  45.000, z=   0.000
  Object   : x=   0.004, y=  19.987, z= 570.286
  Detector : x=   0.000, y=   0.000, z= 674.000
  Obj rotY :   0.0000 deg
view   0 | SOD= 570.836 mm | SDD= 675.501 mm | M= 1.183 | incident=3.8197°
[[  98.90893    -561.6446      -25.012844  ]
 [ -17.993383    102.13992      19.987156  ]
 [   0.14733258    0.02594746    0.        ]
 [   0.            0.            0.1496    ]]
Residual vector length: 90, Jacobian shape: (90, 6)
view   0 | SOD= 570.835 mm | SDD= 675.501 mm | M= 1.183 | incident=3.8197°
[[  98.90905    -561.6445      -25.012856  ]
 [ -17.993378    102.139984     19.987144  ]
 [   0.14733258    0.02594748    0.        ]
 [   0.            0.            0.1496    ]]

iter 50 cost=0.197035 -> 0.198754 |dtheta|=3.241789e-05  lambda=2.826e+04

============================================================
Iteration 51
============================================================
Theta offsets (Unity frame):
  Source   : dSx=   0.000, dSy=   0.000, dSz=   0.000  (mm)
  Object   : dOx=  -9.996, dOy=   4.987, dOz= -18.714  (mm)
  Object offset: offset_x=   0.001, offset_z=   0.001  (mm)
  Detector : dDx=   0.000, dDy=   0.000, dDz=   0.000  (mm)
  Obj Stage rotY :    9.988 deg
============================================================

Unity geometry (world coordinates):
  Source   : x=   0.000, y=  45.000, z=   0.000
  Object   : x=   0.004, y=  19.987, z= 570.286
  Detector : x=   0.000, y=   0.000, z= 674.000
  Obj rotY :   0.0000 deg
view   0 | SOD= 570.836 mm | SDD= 675.501 mm | M= 1.183 | incident=3.8197°
[[  98.90893    -561.6446      -25.012844  ]
 [ -17.993383    102.13992      19.987156  ]
 [   0.14733258    0.02594746    0.        ]
 [   0.            0.            0.1496    ]]
Residual vector length: 90, Jacobian shape: (90, 6)
view   0 | SOD= 570.836 mm | SDD= 675.501 mm | M= 1.183 | incident=3.8197°
[[  98.90894    -561.64453     -25.012846  ]
 [ -17.993391    102.139984     19.987154  ]
 [   0.14733258    0.02594746    0.        ]
 [   0.            0.            0.1496    ]]

iter 51 cost=0.197035 -> 0.197035 |dtheta|=6.753333e-06  lambda=1.413e+05

============================================================
Iteration 52
============================================================
Theta offsets (Unity frame):
  Source   : dSx=   0.000, dSy=   0.000, dSz=   0.000  (mm)
  Object   : dOx=  -9.996, dOy=   4.987, dOz= -18.714  (mm)
  Object offset: offset_x=   0.001, offset_z=   0.001  (mm)
  Detector : dDx=   0.000, dDy=   0.000, dDz=   0.000  (mm)
  Obj Stage rotY :    9.988 deg
============================================================

Unity geometry (world coordinates):
  Source   : x=   0.000, y=  45.000, z=   0.000
  Object   : x=   0.004, y=  19.987, z= 570.286
  Detector : x=   0.000, y=   0.000, z= 674.000
  Obj rotY :   0.0000 deg
view   0 | SOD= 570.836 mm | SDD= 675.501 mm | M= 1.183 | incident=3.8197°
[[  98.90893    -561.6446      -25.012844  ]
 [ -17.993383    102.13992      19.987156  ]
 [   0.14733258    0.02594746    0.        ]
 [   0.            0.            0.1496    ]]
Residual vector length: 90, Jacobian shape: (90, 6)
view   0 | SOD= 570.836 mm | SDD= 675.501 mm | M= 1.183 | incident=3.8197°
[[  98.908936   -561.6446      -25.012844  ]
 [ -17.993383    102.13992      19.987156  ]
 [   0.14733258    0.02594746    0.        ]
 [   0.            0.            0.1496    ]]

iter 52 cost=0.197035 -> 0.197035 |dtheta|=1.362123e-06  lambda=7.064e+05

============================================================
Iteration 53
============================================================
Theta offsets (Unity frame):
  Source   : dSx=   0.000, dSy=   0.000, dSz=   0.000  (mm)
  Object   : dOx=  -9.996, dOy=   4.987, dOz= -18.714  (mm)
  Object offset: offset_x=   0.001, offset_z=   0.001  (mm)
  Detector : dDx=   0.000, dDy=   0.000, dDz=   0.000  (mm)
  Obj Stage rotY :    9.988 deg
============================================================

Unity geometry (world coordinates):
  Source   : x=   0.000, y=  45.000, z=   0.000
  Object   : x=   0.004, y=  19.987, z= 570.286
  Detector : x=   0.000, y=   0.000, z= 674.000
  Obj rotY :   0.0000 deg
view   0 | SOD= 570.836 mm | SDD= 675.501 mm | M= 1.183 | incident=3.8197°
[[  98.90893    -561.6446      -25.012844  ]
 [ -17.993383    102.13992      19.987156  ]
 [   0.14733258    0.02594746    0.        ]
 [   0.            0.            0.1496    ]]
Residual vector length: 90, Jacobian shape: (90, 6)
view   0 | SOD= 570.836 mm | SDD= 675.501 mm | M= 1.183 | incident=3.8197°
[[  98.908936   -561.6446      -25.012844  ]
 [ -17.993383    102.13992      19.987156  ]
 [   0.14733258    0.02594746    0.        ]
 [   0.            0.            0.1496    ]]

iter 53 cost=0.197035 -> 0.197035 |dtheta|=9.628388e-07  lambda=1.000e+06
Converged.

Estimated theta:
  dSx: +0.000000
  dSy: +0.000000
  dOx: -9.996175
  dOy: +4.987157
  dOz: -18.714073
  dDx: +0.000000
  dDy: +0.000000
  dDz: +0.000000
alpha: +9.988213e+00 deg)
offset_x: +0.001123
offset_z: +0.001313

Final cost table:
Fake theta: [  0.   0. -10.   5. -19.   0.   0.   0.  10.   0.   0.]
Final estimated theta: [  0.           0.          -9.99617472   4.98715664 -18.71407321
   0.           0.           0.           9.98821265   0.00112341
   0.0013129 ]
Diff from Expected: [ 0.          0.          0.00382528 -0.01284336  0.28592679  0.
  0.          0.         -0.01178735  0.00112341  0.0013129 ]
################################################################################

