Phantom already exists, skipping: cuboid_phantom_3_small.npy

################################################################################
Running cuboid=small scenario=G4 N_ANGLES=60, K=3
view   0 | SOD= 570.594 mm | SDD= 809.425 mm | M= 1.419 | incident=3.4005°
[[  33.809837   -568.99725     -26.        ]
 [ -13.700238    237.60535      22.        ]
 [   0.14935194    0.00861158    0.        ]
 [   0.            0.            0.1496    ]]
           image          x1          y1  area1          x2          y2  area2          x3          y3  area3
0   proj_000.png  537.747792  145.050049   1019  413.193814  301.876289    970  537.715400  471.446394   1026
1   proj_001.png  530.076848  145.198444   1028  420.869207  301.658084    971  530.074757  471.866990   1030
2   proj_002.png  521.705366  145.276098   1025  429.058945  301.306101    967  521.693204  472.309709   1030
3   proj_003.png  512.823699  145.340077   1038  437.784979  301.110082    972  512.873917  472.608277   1039
4   proj_004.png  503.548698  145.447445   1037  446.796087  301.000000    971  503.574038  472.868269   1040
5   proj_005.png  493.783446  145.435034   1039  456.158436  300.945473    972  493.820116  473.111219   1034
6   proj_006.png  483.995215  145.455502   1045  465.781089  300.876670    973  484.025690  473.289248   1051
7   proj_007.png  474.040346  145.467819   1041  475.350103  300.860370    974  474.016330  473.330451   1041
8   proj_008.png  464.146833  145.442418   1042  484.931352  300.883197    976  464.124402  473.263158   1045
9   proj_009.png  454.298939  145.430087   1037  494.511795  300.904615    975  454.261079  473.083815   1038
10  proj_010.png  444.616054  145.424565   1034  503.809278  301.012371    970  444.614644  472.873796   1038
11  proj_011.png  435.361165  145.354369   1030  512.914256  301.173554    968  435.370514  472.601358   1031
12  proj_012.png  426.514174  145.296188   1023  521.447071  301.322713    973  426.525753  472.370262   1029
13  proj_013.png  418.249513  145.157895   1026  529.594233  301.666323    971  418.222222  471.824561   1026
14  proj_014.png  410.636542  145.000000   1018  537.094845  301.908247    970  410.566699  471.427459   1027
15  proj_015.png  403.744094  144.916339   1016  544.042094  302.201232    974  403.728165  470.812561   1019
16  proj_016.png  397.732673  144.754455   1010  550.120041  302.538149    983  397.732742  470.273176   1014
17  proj_017.png  392.508391  144.599210   1013  555.525355  302.908722    986  392.468504  469.611220   1016
18  proj_018.png  388.263889  144.505952   1008  559.973333  303.254359    975  388.291833  469.000996   1004
19  proj_019.png  384.840479  144.370887   1003  563.563008  303.795732    984  384.884462  468.283865   1004
20  proj_020.png  382.545546  144.182182    999  566.196738  304.124363    981  382.566038  467.583913   1007
21  proj_021.png  381.231080  144.037336    991  567.873482  304.557692    988  381.240964  466.882530    996
22  proj_022.png  380.981781  143.955466    988  568.457114  305.050454    991  380.983806  466.032389    988
23  proj_023.png  381.771574  143.784772    985  568.042424  305.465657    990  381.788462  465.281377    988
24  proj_024.png  383.482125  143.650664    979  566.583920  305.944724    995  383.470528  464.639228    984
25  proj_025.png  386.181263  143.397149    982  564.153234  306.365174   1005  386.255601  463.927699    982
26  proj_026.png  389.993834  143.268243    973  560.614087  306.731151   1008  389.974438  463.155419    978
27  proj_027.png  394.545270  143.131231    983  556.320829  307.227048   1013  394.641913  462.585961    983
28  proj_028.png  399.983573  143.041068    974  550.913386  307.541339   1016  399.994888  461.982618    978
29  proj_029.png  406.250771  142.969168    973  544.783677  307.914454   1017  406.150461  461.385875    977
30  proj_030.png  413.202062  142.865979    970  537.734634  308.268293   1025  413.214800  460.919836    973
31  proj_031.png  420.847265  142.799794    969  530.071081  308.495618   1027  420.876025  460.395492    976
32  proj_032.png  429.036232  142.696687    966  521.663434  308.664403   1031  429.009259  460.015432    972
33  proj_033.png  437.830421  142.641316    973  512.899038  309.003846   1040  437.772308  459.772308    975
34  proj_034.png  446.824255  142.570401    973  503.586936  309.258405   1041  446.797325  459.453704    972
35  proj_035.png  456.131687  142.500000    972  493.847784  309.325626   1038  456.126674  459.249228    971
36  proj_036.png  465.818462  142.457436    975  484.018147  309.419293   1047  465.768756  459.121274    973
37  proj_037.png  475.403509  142.446852    969  474.055662  309.440499   1042  475.339816  459.111566    977
38  proj_038.png  485.000000  142.500000    976  464.141210  309.386167   1041  484.985612  459.134635    973
39  proj_039.png  494.500000  142.500000    966  454.280077  309.338787   1039  494.522587  459.213552    974
40  proj_040.png  503.844330  142.572165    970  444.587500  309.225962   1040  503.833505  459.471737    973
41  proj_041.png  512.920537  142.672859    969  435.407122  308.974013   1039  512.890834  459.777549    971
42  proj_042.png  521.446612  142.715606    974  426.519569  308.686888   1022  521.424770  460.101331    977
43  proj_043.png  529.605749  142.799795    974  418.284047  308.500000   1028  529.600412  460.435633    971
44  proj_044.png  537.159959  142.840041    969  410.603718  308.297456   1022  537.131823  460.968074    971
45  proj_045.png  544.050360  142.949640    973  403.739686  307.861493   1018  544.027607  461.411043    978
46  proj_046.png  550.174047  143.058702    971  397.691929  307.504921   1016  550.194872  462.000000    975
47  proj_047.png  555.482197  143.119023    983  392.555666  307.150099   1006  555.518293  462.754065    984
48  proj_048.png  559.998974  143.274872    975  388.277336  306.674950   1006  559.969262  463.244877    976
49  proj_049.png  563.580020  143.454638    981  384.870518  306.323705   1004  563.549139  463.992908    987
50  proj_050.png  566.155804  143.652749    982  382.525151  305.948692    994  566.189217  464.752798    983
51  proj_051.png  567.857724  143.801829    984  381.172691  305.444779    996  567.866801  465.368315    991
52  proj_052.png  568.464646  143.933333    990  380.965657  304.986869    990  568.455096  466.049445    991
53  proj_053.png  568.044355  144.056452    992  381.810920  304.585440    989  568.041331  466.910282    992
54  proj_054.png  566.630893  144.224674    997  383.487284  304.094608    983  566.645000  467.668000   1000
55  proj_055.png  564.148406  144.414343   1004  386.171429  303.674490    980  564.143284  468.354229   1005
56  proj_056.png  560.613254  144.528190   1011  389.991778  303.254882    973  560.642786  469.051741   1005
57  proj_057.png  556.353465  144.652475   1010  394.555894  302.883130    984  556.293307  469.696850   1016
58  proj_058.png  550.903733  144.768173   1018  400.010173  302.514751    983  550.959606  470.333005   1015
59  proj_059.png  544.784024  144.932939   1014  406.218686  302.096509    974  544.781925  470.896857   1018

============================================================
Iteration 0
============================================================
Theta offsets (Unity frame):
  Source   : dSx=   0.000, dSy=   0.000, dSz=   0.000  (mm)
  Object   : dOx=   0.000, dOy=   0.000, dOz=   0.000  (mm)
  Object offset: offset_x=   0.000, offset_z=   0.000  (mm)
  Detector : dDx=   0.000, dDy=   0.000, dDz=   0.000  (mm)
  Obj Stage rotY :    0.000 deg
============================================================

Unity geometry (world coordinates):
  Source   : x=   1.000, y=  46.000, z=   0.000
  Object   : x=  12.000, y=  17.000, z= 583.000
  Detector : x=   0.000, y=  -2.000, z= 808.000
  Obj rotY :   0.0000 deg
view   0 | SOD= 583.824 mm | SDD= 809.425 mm | M= 1.386 | incident=3.4005°
[[ -11.     -583.      -29.    ]
 [ -12.      225.       19.    ]
 [   0.1496    0.        0.    ]
 [   0.        0.        0.1496]]
Residual vector length: 540, Jacobian shape: (540, 6)
view   0 | SOD= 576.721 mm | SDD= 809.425 mm | M= 1.403 | incident=3.4005°
[[  15.464405   -575.913       -26.318493  ]
 [  -5.5545745   231.81416      21.681507  ]
 [   0.14955407    0.00370654    0.        ]
 [   0.            0.            0.1496    ]]

iter 00 cost=1169208.892631 -> 1646.791807 |dtheta|=1.430517e+01  lambda=1.000e-02

============================================================
Iteration 1
============================================================
Theta offsets (Unity frame):
  Source   : dSx=   0.000, dSy=   0.000, dSz=   0.000  (mm)
  Object   : dOx= -12.155, dOy=   2.682, dOz=  -6.906  (mm)
  Object offset: offset_x=  -0.036, offset_z=   0.026  (mm)
  Detector : dDx=   0.000, dDy=   0.000, dDz=   0.000  (mm)
  Obj Stage rotY :    1.420 deg
============================================================

Unity geometry (world coordinates):
  Source   : x=   1.000, y=  46.000, z=   0.000
  Object   : x=  -0.155, y=  19.682, z= 576.094
  Detector : x=   0.000, y=  -2.000, z= 808.000
  Obj rotY :   0.0000 deg
view   0 | SOD= 576.721 mm | SDD= 809.425 mm | M= 1.403 | incident=3.4005°
[[  15.464405   -575.913       -26.318493  ]
 [  -5.5545745   231.81416      21.681507  ]
 [   0.14955407    0.00370654    0.        ]
 [   0.            0.            0.1496    ]]
Residual vector length: 540, Jacobian shape: (540, 6)
view   0 | SOD= 573.644 mm | SDD= 809.425 mm | M= 1.411 | incident=3.4005°
[[  23.28637    -572.5753      -26.13401   ]
 [  -9.114525    234.77542      21.86599   ]
 [   0.14948697    0.00581397    0.        ]
 [   0.            0.            0.1496    ]]

iter 01 cost=1646.791807 -> 425.705798 |dtheta|=3.179394e+00  lambda=3.333e-03

============================================================
Iteration 2
============================================================
Theta offsets (Unity frame):
  Source   : dSx=   0.000, dSy=   0.000, dSz=   0.000  (mm)
  Object   : dOx= -12.007, dOy=   2.866, dOz=  -9.972  (mm)
  Object offset: offset_x=  -0.010, offset_z=   0.020  (mm)
  Detector : dDx=   0.000, dDy=   0.000, dDz=   0.000  (mm)
  Obj Stage rotY :    2.227 deg
============================================================

Unity geometry (world coordinates):
  Source   : x=   1.000, y=  46.000, z=   0.000
  Object   : x=  -0.007, y=  19.866, z= 573.028
  Detector : x=   0.000, y=  -2.000, z= 808.000
  Obj rotY :   0.0000 deg
view   0 | SOD= 573.644 mm | SDD= 809.425 mm | M= 1.411 | incident=3.4005°
[[  23.28637    -572.5753      -26.13401   ]
 [  -9.114525    234.77542      21.86599   ]
 [   0.14948697    0.00581397    0.        ]
 [   0.            0.            0.1496    ]]
Residual vector length: 540, Jacobian shape: (540, 6)
view   0 | SOD= 572.192 mm | SDD= 809.425 mm | M= 1.415 | incident=3.4005°
[[  28.313293   -570.89557     -26.077848  ]
 [ -11.27781     236.13452      21.922152  ]
 [   0.14942926    0.0071453     0.        ]
 [   0.            0.            0.1496    ]]

iter 02 cost=425.705798 -> 118.021227 |dtheta|=1.539799e+00  lambda=1.111e-03

============================================================
Iteration 3
============================================================
Theta offsets (Unity frame):
  Source   : dSx=   0.000, dSy=   0.000, dSz=   0.000  (mm)
  Object   : dOx= -12.002, dOy=   2.922, dOz= -11.424  (mm)
  Object offset: offset_x=  -0.011, offset_z=   0.020  (mm)
  Detector : dDx=   0.000, dDy=   0.000, dDz=   0.000  (mm)
  Obj Stage rotY :    2.738 deg
============================================================

Unity geometry (world coordinates):
  Source   : x=   1.000, y=  46.000, z=   0.000
  Object   : x=  -0.002, y=  19.922, z= 571.576
  Detector : x=   0.000, y=  -2.000, z= 808.000
  Obj rotY :   0.0000 deg
view   0 | SOD= 572.192 mm | SDD= 809.425 mm | M= 1.415 | incident=3.4005°
[[  28.313293   -570.89557     -26.077848  ]
 [ -11.27781     236.13452      21.922152  ]
 [   0.14942926    0.0071453     0.        ]
 [   0.            0.            0.1496    ]]
Residual vector length: 540, Jacobian shape: (540, 6)
view   0 | SOD= 571.313 mm | SDD= 809.425 mm | M= 1.417 | incident=3.4005°
[[  30.87929    -569.8839      -26.030552  ]
 [ -12.402553    236.95665      21.969448  ]
 [   0.14939502    0.00782867    0.        ]
 [   0.            0.            0.1496    ]]

iter 03 cost=118.021227 -> 29.096587 |dtheta|=9.046264e-01  lambda=3.704e-04

============================================================
Iteration 4
============================================================
Theta offsets (Unity frame):
  Source   : dSx=   0.000, dSy=   0.000, dSz=   0.000  (mm)
  Object   : dOx= -12.002, dOy=   2.969, dOz= -12.288  (mm)
  Object offset: offset_x=  -0.013, offset_z=   0.007  (mm)
  Detector : dDx=   0.000, dDy=   0.000, dDz=   0.000  (mm)
  Obj Stage rotY :    3.000 deg
============================================================

Unity geometry (world coordinates):
  Source   : x=   1.000, y=  46.000, z=   0.000
  Object   : x=  -0.002, y=  19.969, z= 570.712
  Detector : x=   0.000, y=  -2.000, z= 808.000
  Obj rotY :   0.0000 deg
view   0 | SOD= 571.313 mm | SDD= 809.425 mm | M= 1.417 | incident=3.4005°
[[  30.87929    -569.8839      -26.030552  ]
 [ -12.402553    236.95665      21.969448  ]
 [   0.14939502    0.00782867    0.        ]
 [   0.            0.            0.1496    ]]
Residual vector length: 540, Jacobian shape: (540, 6)
view   0 | SOD= 570.929 mm | SDD= 809.425 mm | M= 1.418 | incident=3.4005°
[[  32.137012   -569.4301      -26.016598  ]
 [ -12.965169    237.31071      21.983402  ]
 [   0.14937697    0.00816573    0.        ]
 [   0.            0.            0.1496    ]]

iter 04 cost=29.096587 -> 10.152423 |dtheta|=4.053389e-01  lambda=1.235e-04

============================================================
Iteration 5
============================================================
Theta offsets (Unity frame):
  Source   : dSx=   0.000, dSy=   0.000, dSz=   0.000  (mm)
  Object   : dOx= -12.002, dOy=   2.983, dOz= -12.672  (mm)
  Object offset: offset_x=  -0.006, offset_z=   0.008  (mm)
  Detector : dDx=   0.000, dDy=   0.000, dDz=   0.000  (mm)
  Obj Stage rotY :    3.129 deg
============================================================

Unity geometry (world coordinates):
  Source   : x=   1.000, y=  46.000, z=   0.000
  Object   : x=  -0.002, y=  19.983, z= 570.328
  Detector : x=   0.000, y=  -2.000, z= 808.000
  Obj rotY :   0.0000 deg
view   0 | SOD= 570.929 mm | SDD= 809.425 mm | M= 1.418 | incident=3.4005°
[[  32.137012   -569.4301      -26.016598  ]
 [ -12.965169    237.31071      21.983402  ]
 [   0.14937697    0.00816573    0.        ]
 [   0.            0.            0.1496    ]]
Residual vector length: 540, Jacobian shape: (540, 6)
view   0 | SOD= 570.766 mm | SDD= 809.425 mm | M= 1.418 | incident=3.4005°
[[  32.893227   -569.22314     -26.009304  ]
 [ -13.296971    237.45612      21.990696  ]
 [   0.14936583    0.00836719    0.        ]
 [   0.            0.            0.1496    ]]

iter 05 cost=10.152423 -> 4.766861 |dtheta|=1.773038e-01  lambda=4.115e-05

============================================================
Iteration 6
============================================================
Theta offsets (Unity frame):
  Source   : dSx=   0.000, dSy=   0.000, dSz=   0.000  (mm)
  Object   : dOx= -12.002, dOy=   2.991, dOz= -12.832  (mm)
  Object offset: offset_x=  -0.003, offset_z=   0.004  (mm)
  Detector : dDx=   0.000, dDy=   0.000, dDz=   0.000  (mm)
  Obj Stage rotY :    3.206 deg
============================================================

Unity geometry (world coordinates):
  Source   : x=   1.000, y=  46.000, z=   0.000
  Object   : x=  -0.002, y=  19.991, z= 570.168
  Detector : x=   0.000, y=  -2.000, z= 808.000
  Obj rotY :   0.0000 deg
view   0 | SOD= 570.766 mm | SDD= 809.425 mm | M= 1.418 | incident=3.4005°
[[  32.893227   -569.22314     -26.009304  ]
 [ -13.296971    237.45612      21.990696  ]
 [   0.14936583    0.00836719    0.        ]
 [   0.            0.            0.1496    ]]
Residual vector length: 540, Jacobian shape: (540, 6)
view   0 | SOD= 570.682 mm | SDD= 809.425 mm | M= 1.418 | incident=3.4005°
[[  33.39731    -569.1099      -26.005257  ]
 [ -13.516165    237.52762      21.994743  ]
 [   0.14935826    0.00850111    0.        ]
 [   0.            0.            0.1496    ]]

iter 06 cost=4.766861 -> 3.082541 |dtheta|=9.736992e-02  lambda=1.372e-05

============================================================
Iteration 7
============================================================
Theta offsets (Unity frame):
  Source   : dSx=   0.000, dSy=   0.000, dSz=   0.000  (mm)
  Object   : dOx= -12.002, dOy=   2.995, dOz= -12.914  (mm)
  Object offset: offset_x=  -0.001, offset_z=   0.002  (mm)
  Detector : dDx=   0.000, dDy=   0.000, dDz=   0.000  (mm)
  Obj Stage rotY :    3.258 deg
============================================================

Unity geometry (world coordinates):
  Source   : x=   1.000, y=  46.000, z=   0.000
  Object   : x=  -0.002, y=  19.995, z= 570.086
  Detector : x=   0.000, y=  -2.000, z= 808.000
  Obj rotY :   0.0000 deg
view   0 | SOD= 570.682 mm | SDD= 809.425 mm | M= 1.418 | incident=3.4005°
[[  33.39731    -569.1099      -26.005257  ]
 [ -13.516165    237.52762      21.994743  ]
 [   0.14935826    0.00850111    0.        ]
 [   0.            0.            0.1496    ]]
Residual vector length: 540, Jacobian shape: (540, 6)
view   0 | SOD= 570.639 mm | SDD= 809.425 mm | M= 1.418 | incident=3.4005°
[[  33.55569    -569.0577      -26.002813  ]
 [ -13.58526     237.56659      21.997187  ]
 [   0.14935586    0.00854323    0.        ]
 [   0.            0.            0.1496    ]]

iter 07 cost=3.082541 -> 2.807171 |dtheta|=4.620039e-02  lambda=4.572e-06

============================================================
Iteration 8
============================================================
Theta offsets (Unity frame):
  Source   : dSx=   0.000, dSy=   0.000, dSz=   0.000  (mm)
  Object   : dOx= -12.002, dOy=   2.997, dOz= -12.957  (mm)
  Object offset: offset_x=  -0.002, offset_z=   0.003  (mm)
  Detector : dDx=   0.000, dDy=   0.000, dDz=   0.000  (mm)
  Obj Stage rotY :    3.274 deg
============================================================

Unity geometry (world coordinates):
  Source   : x=   1.000, y=  46.000, z=   0.000
  Object   : x=  -0.002, y=  19.997, z= 570.043
  Detector : x=   0.000, y=  -2.000, z= 808.000
  Obj rotY :   0.0000 deg
view   0 | SOD= 570.639 mm | SDD= 809.425 mm | M= 1.418 | incident=3.4005°
[[  33.55569    -569.0577      -26.002813  ]
 [ -13.58526     237.56659      21.997187  ]
 [   0.14935586    0.00854323    0.        ]
 [   0.            0.            0.1496    ]]
Residual vector length: 540, Jacobian shape: (540, 6)
view   0 | SOD= 570.610 mm | SDD= 809.425 mm | M= 1.419 | incident=3.4005°
[[  33.683353   -569.02106     -26.001463  ]
 [ -13.641499    237.59247      21.998537  ]
 [   0.1493539     0.00857728    0.        ]
 [   0.            0.            0.1496    ]]

iter 08 cost=2.807171 -> 2.749061 |dtheta|=3.131131e-02  lambda=1.524e-06

============================================================
Iteration 9
============================================================
Theta offsets (Unity frame):
  Source   : dSx=   0.000, dSy=   0.000, dSz=   0.000  (mm)
  Object   : dOx= -12.002, dOy=   2.999, dOz= -12.986  (mm)
  Object offset: offset_x=  -0.002, offset_z=   0.002  (mm)
  Detector : dDx=   0.000, dDy=   0.000, dDz=   0.000  (mm)
  Obj Stage rotY :    3.287 deg
============================================================

Unity geometry (world coordinates):
  Source   : x=   1.000, y=  46.000, z=   0.000
  Object   : x=  -0.002, y=  19.999, z= 570.014
  Detector : x=   0.000, y=  -2.000, z= 808.000
  Obj rotY :   0.0000 deg
view   0 | SOD= 570.610 mm | SDD= 809.425 mm | M= 1.419 | incident=3.4005°
[[  33.683353   -569.02106     -26.001463  ]
 [ -13.641499    237.59247      21.998537  ]
 [   0.1493539     0.00857728    0.        ]
 [   0.            0.            0.1496    ]]
Residual vector length: 540, Jacobian shape: (540, 6)
view   0 | SOD= 570.591 mm | SDD= 809.425 mm | M= 1.419 | incident=3.4005°
[[  33.76903   -568.9975     -26.000538 ]
 [ -13.679058   237.60878     21.999462 ]
 [   0.1493526    0.0086001    0.       ]
 [   0.           0.           0.1496   ]]

iter 09 cost=2.749061 -> 2.794874 |dtheta|=1.982219e-02  lambda=1.000e-06

============================================================
Iteration 10
============================================================
Theta offsets (Unity frame):
  Source   : dSx=   0.000, dSy=   0.000, dSz=   0.000  (mm)
  Object   : dOx= -12.002, dOy=   2.999, dOz= -12.986  (mm)
  Object offset: offset_x=  -0.002, offset_z=   0.002  (mm)
  Detector : dDx=   0.000, dDy=   0.000, dDz=   0.000  (mm)
  Obj Stage rotY :    3.287 deg
============================================================

Unity geometry (world coordinates):
  Source   : x=   1.000, y=  46.000, z=   0.000
  Object   : x=  -0.002, y=  19.999, z= 570.014
  Detector : x=   0.000, y=  -2.000, z= 808.000
  Obj rotY :   0.0000 deg
view   0 | SOD= 570.610 mm | SDD= 809.425 mm | M= 1.419 | incident=3.4005°
[[  33.683353   -569.02106     -26.001463  ]
 [ -13.641499    237.59247      21.998537  ]
 [   0.1493539     0.00857728    0.        ]
 [   0.            0.            0.1496    ]]
Residual vector length: 540, Jacobian shape: (540, 6)
view   0 | SOD= 570.591 mm | SDD= 809.425 mm | M= 1.419 | incident=3.4005°
[[  33.76903   -568.9975     -26.000538 ]
 [ -13.679058   237.60878     21.999462 ]
 [   0.1493526    0.0086001    0.       ]
 [   0.           0.           0.1496   ]]

iter 10 cost=2.749061 -> 2.794874 |dtheta|=1.982219e-02  lambda=5.000e-06

============================================================
Iteration 11
============================================================
Theta offsets (Unity frame):
  Source   : dSx=   0.000, dSy=   0.000, dSz=   0.000  (mm)
  Object   : dOx= -12.002, dOy=   2.999, dOz= -12.986  (mm)
  Object offset: offset_x=  -0.002, offset_z=   0.002  (mm)
  Detector : dDx=   0.000, dDy=   0.000, dDz=   0.000  (mm)
  Obj Stage rotY :    3.287 deg
============================================================

Unity geometry (world coordinates):
  Source   : x=   1.000, y=  46.000, z=   0.000
  Object   : x=  -0.002, y=  19.999, z= 570.014
  Detector : x=   0.000, y=  -2.000, z= 808.000
  Obj rotY :   0.0000 deg
view   0 | SOD= 570.610 mm | SDD= 809.425 mm | M= 1.419 | incident=3.4005°
[[  33.683353   -569.02106     -26.001463  ]
 [ -13.641499    237.59247      21.998537  ]
 [   0.1493539     0.00857728    0.        ]
 [   0.            0.            0.1496    ]]
Residual vector length: 540, Jacobian shape: (540, 6)
view   0 | SOD= 570.591 mm | SDD= 809.425 mm | M= 1.419 | incident=3.4005°
[[  33.76903   -568.9975     -26.000538 ]
 [ -13.679058   237.60878     21.999462 ]
 [   0.1493526    0.0086001    0.       ]
 [   0.           0.           0.1496   ]]

iter 11 cost=2.749061 -> 2.794874 |dtheta|=1.982219e-02  lambda=2.500e-05

============================================================
Iteration 12
============================================================
Theta offsets (Unity frame):
  Source   : dSx=   0.000, dSy=   0.000, dSz=   0.000  (mm)
  Object   : dOx= -12.002, dOy=   2.999, dOz= -12.986  (mm)
  Object offset: offset_x=  -0.002, offset_z=   0.002  (mm)
  Detector : dDx=   0.000, dDy=   0.000, dDz=   0.000  (mm)
  Obj Stage rotY :    3.287 deg
============================================================

Unity geometry (world coordinates):
  Source   : x=   1.000, y=  46.000, z=   0.000
  Object   : x=  -0.002, y=  19.999, z= 570.014
  Detector : x=   0.000, y=  -2.000, z= 808.000
  Obj rotY :   0.0000 deg
view   0 | SOD= 570.610 mm | SDD= 809.425 mm | M= 1.419 | incident=3.4005°
[[  33.683353   -569.02106     -26.001463  ]
 [ -13.641499    237.59247      21.998537  ]
 [   0.1493539     0.00857728    0.        ]
 [   0.            0.            0.1496    ]]
Residual vector length: 540, Jacobian shape: (540, 6)
view   0 | SOD= 570.591 mm | SDD= 809.425 mm | M= 1.419 | incident=3.4005°
[[  33.76903   -568.9975     -26.000538 ]
 [ -13.679058   237.60878     21.999462 ]
 [   0.1493526    0.0086001    0.       ]
 [   0.           0.           0.1496   ]]

iter 12 cost=2.749061 -> 2.794874 |dtheta|=1.982217e-02  lambda=1.250e-04

============================================================
Iteration 13
============================================================
Theta offsets (Unity frame):
  Source   : dSx=   0.000, dSy=   0.000, dSz=   0.000  (mm)
  Object   : dOx= -12.002, dOy=   2.999, dOz= -12.986  (mm)
  Object offset: offset_x=  -0.002, offset_z=   0.002  (mm)
  Detector : dDx=   0.000, dDy=   0.000, dDz=   0.000  (mm)
  Obj Stage rotY :    3.287 deg
============================================================

Unity geometry (world coordinates):
  Source   : x=   1.000, y=  46.000, z=   0.000
  Object   : x=  -0.002, y=  19.999, z= 570.014
  Detector : x=   0.000, y=  -2.000, z= 808.000
  Obj rotY :   0.0000 deg
view   0 | SOD= 570.610 mm | SDD= 809.425 mm | M= 1.419 | incident=3.4005°
[[  33.683353   -569.02106     -26.001463  ]
 [ -13.641499    237.59247      21.998537  ]
 [   0.1493539     0.00857728    0.        ]
 [   0.            0.            0.1496    ]]
Residual vector length: 540, Jacobian shape: (540, 6)
view   0 | SOD= 570.591 mm | SDD= 809.425 mm | M= 1.419 | incident=3.4005°
[[  33.76903   -568.9975     -26.000538 ]
 [ -13.679058   237.60878     21.999462 ]
 [   0.1493526    0.0086001    0.       ]
 [   0.           0.           0.1496   ]]

iter 13 cost=2.749061 -> 2.794874 |dtheta|=1.982205e-02  lambda=6.250e-04

============================================================
Iteration 14
============================================================
Theta offsets (Unity frame):
  Source   : dSx=   0.000, dSy=   0.000, dSz=   0.000  (mm)
  Object   : dOx= -12.002, dOy=   2.999, dOz= -12.986  (mm)
  Object offset: offset_x=  -0.002, offset_z=   0.002  (mm)
  Detector : dDx=   0.000, dDy=   0.000, dDz=   0.000  (mm)
  Obj Stage rotY :    3.287 deg
============================================================

Unity geometry (world coordinates):
  Source   : x=   1.000, y=  46.000, z=   0.000
  Object   : x=  -0.002, y=  19.999, z= 570.014
  Detector : x=   0.000, y=  -2.000, z= 808.000
  Obj rotY :   0.0000 deg
view   0 | SOD= 570.610 mm | SDD= 809.425 mm | M= 1.419 | incident=3.4005°
[[  33.683353   -569.02106     -26.001463  ]
 [ -13.641499    237.59247      21.998537  ]
 [   0.1493539     0.00857728    0.        ]
 [   0.            0.            0.1496    ]]
Residual vector length: 540, Jacobian shape: (540, 6)
view   0 | SOD= 570.591 mm | SDD= 809.425 mm | M= 1.419 | incident=3.4005°
[[  33.76903   -568.9975     -26.000538 ]
 [ -13.679058   237.60878     21.999462 ]
 [   0.1493526    0.0086001    0.       ]
 [   0.           0.           0.1496   ]]

iter 14 cost=2.749061 -> 2.794874 |dtheta|=1.982148e-02  lambda=3.125e-03

============================================================
Iteration 15
============================================================
Theta offsets (Unity frame):
  Source   : dSx=   0.000, dSy=   0.000, dSz=   0.000  (mm)
  Object   : dOx= -12.002, dOy=   2.999, dOz= -12.986  (mm)
  Object offset: offset_x=  -0.002, offset_z=   0.002  (mm)
  Detector : dDx=   0.000, dDy=   0.000, dDz=   0.000  (mm)
  Obj Stage rotY :    3.287 deg
============================================================

Unity geometry (world coordinates):
  Source   : x=   1.000, y=  46.000, z=   0.000
  Object   : x=  -0.002, y=  19.999, z= 570.014
  Detector : x=   0.000, y=  -2.000, z= 808.000
  Obj rotY :   0.0000 deg
view   0 | SOD= 570.610 mm | SDD= 809.425 mm | M= 1.419 | incident=3.4005°
[[  33.683353   -569.02106     -26.001463  ]
 [ -13.641499    237.59247      21.998537  ]
 [   0.1493539     0.00857728    0.        ]
 [   0.            0.            0.1496    ]]
Residual vector length: 540, Jacobian shape: (540, 6)
view   0 | SOD= 570.591 mm | SDD= 809.425 mm | M= 1.419 | incident=3.4005°
[[  33.769028  -568.9975     -26.000538 ]
 [ -13.679056   237.60878     21.999462 ]
 [   0.1493526    0.0086001    0.       ]
 [   0.           0.           0.1496   ]]

iter 15 cost=2.749061 -> 2.794608 |dtheta|=1.981864e-02  lambda=1.562e-02

============================================================
Iteration 16
============================================================
Theta offsets (Unity frame):
  Source   : dSx=   0.000, dSy=   0.000, dSz=   0.000  (mm)
  Object   : dOx= -12.002, dOy=   2.999, dOz= -12.986  (mm)
  Object offset: offset_x=  -0.002, offset_z=   0.002  (mm)
  Detector : dDx=   0.000, dDy=   0.000, dDz=   0.000  (mm)
  Obj Stage rotY :    3.287 deg
============================================================

Unity geometry (world coordinates):
  Source   : x=   1.000, y=  46.000, z=   0.000
  Object   : x=  -0.002, y=  19.999, z= 570.014
  Detector : x=   0.000, y=  -2.000, z= 808.000
  Obj rotY :   0.0000 deg
view   0 | SOD= 570.610 mm | SDD= 809.425 mm | M= 1.419 | incident=3.4005°
[[  33.683353   -569.02106     -26.001463  ]
 [ -13.641499    237.59247      21.998537  ]
 [   0.1493539     0.00857728    0.        ]
 [   0.            0.            0.1496    ]]
Residual vector length: 540, Jacobian shape: (540, 6)
view   0 | SOD= 570.591 mm | SDD= 809.425 mm | M= 1.419 | incident=3.4005°
[[  33.769016  -568.9975     -26.000538 ]
 [ -13.67905    237.60878     21.999462 ]
 [   0.1493526    0.0086001    0.       ]
 [   0.           0.           0.1496   ]]

iter 16 cost=2.749061 -> 2.794874 |dtheta|=1.980445e-02  lambda=7.812e-02

============================================================
Iteration 17
============================================================
Theta offsets (Unity frame):
  Source   : dSx=   0.000, dSy=   0.000, dSz=   0.000  (mm)
  Object   : dOx= -12.002, dOy=   2.999, dOz= -12.986  (mm)
  Object offset: offset_x=  -0.002, offset_z=   0.002  (mm)
  Detector : dDx=   0.000, dDy=   0.000, dDz=   0.000  (mm)
  Obj Stage rotY :    3.287 deg
============================================================

Unity geometry (world coordinates):
  Source   : x=   1.000, y=  46.000, z=   0.000
  Object   : x=  -0.002, y=  19.999, z= 570.014
  Detector : x=   0.000, y=  -2.000, z= 808.000
  Obj rotY :   0.0000 deg
view   0 | SOD= 570.610 mm | SDD= 809.425 mm | M= 1.419 | incident=3.4005°
[[  33.683353   -569.02106     -26.001463  ]
 [ -13.641499    237.59247      21.998537  ]
 [   0.1493539     0.00857728    0.        ]
 [   0.            0.            0.1496    ]]
Residual vector length: 540, Jacobian shape: (540, 6)
view   0 | SOD= 570.591 mm | SDD= 809.425 mm | M= 1.419 | incident=3.4005°
[[  33.76895    -568.99756     -26.000542  ]
 [ -13.679019    237.60872      21.999458  ]
 [   0.1493526     0.00860008    0.        ]
 [   0.            0.            0.1496    ]]

iter 17 cost=2.749061 -> 2.793790 |dtheta|=1.973385e-02  lambda=3.906e-01

============================================================
Iteration 18
============================================================
Theta offsets (Unity frame):
  Source   : dSx=   0.000, dSy=   0.000, dSz=   0.000  (mm)
  Object   : dOx= -12.002, dOy=   2.999, dOz= -12.986  (mm)
  Object offset: offset_x=  -0.002, offset_z=   0.002  (mm)
  Detector : dDx=   0.000, dDy=   0.000, dDz=   0.000  (mm)
  Obj Stage rotY :    3.287 deg
============================================================

Unity geometry (world coordinates):
  Source   : x=   1.000, y=  46.000, z=   0.000
  Object   : x=  -0.002, y=  19.999, z= 570.014
  Detector : x=   0.000, y=  -2.000, z= 808.000
  Obj rotY :   0.0000 deg
view   0 | SOD= 570.610 mm | SDD= 809.425 mm | M= 1.419 | incident=3.4005°
[[  33.683353   -569.02106     -26.001463  ]
 [ -13.641499    237.59247      21.998537  ]
 [   0.1493539     0.00857728    0.        ]
 [   0.            0.            0.1496    ]]
Residual vector length: 540, Jacobian shape: (540, 6)
view   0 | SOD= 570.592 mm | SDD= 809.425 mm | M= 1.419 | incident=3.4005°
[[  33.76864    -568.998       -26.000557  ]
 [ -13.678854    237.60829      21.999443  ]
 [   0.14935261    0.00859999    0.        ]
 [   0.            0.            0.1496    ]]

iter 18 cost=2.749061 -> 2.793078 |dtheta|=1.938990e-02  lambda=1.953e+00

============================================================
Iteration 19
============================================================
Theta offsets (Unity frame):
  Source   : dSx=   0.000, dSy=   0.000, dSz=   0.000  (mm)
  Object   : dOx= -12.002, dOy=   2.999, dOz= -12.986  (mm)
  Object offset: offset_x=  -0.002, offset_z=   0.002  (mm)
  Detector : dDx=   0.000, dDy=   0.000, dDz=   0.000  (mm)
  Obj Stage rotY :    3.287 deg
============================================================

Unity geometry (world coordinates):
  Source   : x=   1.000, y=  46.000, z=   0.000
  Object   : x=  -0.002, y=  19.999, z= 570.014
  Detector : x=   0.000, y=  -2.000, z= 808.000
  Obj rotY :   0.0000 deg
view   0 | SOD= 570.610 mm | SDD= 809.425 mm | M= 1.419 | incident=3.4005°
[[  33.683353   -569.02106     -26.001463  ]
 [ -13.641499    237.59247      21.998537  ]
 [   0.1493539     0.00857728    0.        ]
 [   0.            0.            0.1496    ]]
Residual vector length: 540, Jacobian shape: (540, 6)
view   0 | SOD= 570.594 mm | SDD= 809.425 mm | M= 1.419 | incident=3.4005°
[[  33.76714    -568.99976     -26.000624  ]
 [ -13.678095    237.60669      21.999376  ]
 [   0.14935263    0.00859957    0.        ]
 [   0.            0.            0.1496    ]]

iter 19 cost=2.749061 -> 2.794613 |dtheta|=1.786978e-02  lambda=9.766e+00

============================================================
Iteration 20
============================================================
Theta offsets (Unity frame):
  Source   : dSx=   0.000, dSy=   0.000, dSz=   0.000  (mm)
  Object   : dOx= -12.002, dOy=   2.999, dOz= -12.986  (mm)
  Object offset: offset_x=  -0.002, offset_z=   0.002  (mm)
  Detector : dDx=   0.000, dDy=   0.000, dDz=   0.000  (mm)
  Obj Stage rotY :    3.287 deg
============================================================

Unity geometry (world coordinates):
  Source   : x=   1.000, y=  46.000, z=   0.000
  Object   : x=  -0.002, y=  19.999, z= 570.014
  Detector : x=   0.000, y=  -2.000, z= 808.000
  Obj rotY :   0.0000 deg
view   0 | SOD= 570.610 mm | SDD= 809.425 mm | M= 1.419 | incident=3.4005°
[[  33.683353   -569.02106     -26.001463  ]
 [ -13.641499    237.59247      21.998537  ]
 [   0.1493539     0.00857728    0.        ]
 [   0.            0.            0.1496    ]]
Residual vector length: 540, Jacobian shape: (540, 6)
view   0 | SOD= 570.599 mm | SDD= 809.425 mm | M= 1.419 | incident=3.4005°
[[  33.760994   -569.00525     -26.000832  ]
 [ -13.67511     237.60173      21.999168  ]
 [   0.14935273    0.00859788    0.        ]
 [   0.            0.            0.1496    ]]

iter 20 cost=2.749061 -> 2.796452 |dtheta|=1.325778e-02  lambda=4.883e+01

============================================================
Iteration 21
============================================================
Theta offsets (Unity frame):
  Source   : dSx=   0.000, dSy=   0.000, dSz=   0.000  (mm)
  Object   : dOx= -12.002, dOy=   2.999, dOz= -12.986  (mm)
  Object offset: offset_x=  -0.002, offset_z=   0.002  (mm)
  Detector : dDx=   0.000, dDy=   0.000, dDz=   0.000  (mm)
  Obj Stage rotY :    3.287 deg
============================================================

Unity geometry (world coordinates):
  Source   : x=   1.000, y=  46.000, z=   0.000
  Object   : x=  -0.002, y=  19.999, z= 570.014
  Detector : x=   0.000, y=  -2.000, z= 808.000
  Obj rotY :   0.0000 deg
view   0 | SOD= 570.610 mm | SDD= 809.425 mm | M= 1.419 | incident=3.4005°
[[  33.683353   -569.02106     -26.001463  ]
 [ -13.641499    237.59247      21.998537  ]
 [   0.1493539     0.00857728    0.        ]
 [   0.            0.            0.1496    ]]
Residual vector length: 540, Jacobian shape: (540, 6)
view   0 | SOD= 570.605 mm | SDD= 809.425 mm | M= 1.419 | incident=3.4005°
[[  33.74231    -569.013       -26.0011    ]
 [ -13.666724    237.59555      21.9989    ]
 [   0.14935301    0.00859287    0.        ]
 [   0.            0.            0.1496    ]]

iter 21 cost=2.749061 -> 2.768138 |dtheta|=7.215460e-03  lambda=2.441e+02

============================================================
Iteration 22
============================================================
Theta offsets (Unity frame):
  Source   : dSx=   0.000, dSy=   0.000, dSz=   0.000  (mm)
  Object   : dOx= -12.002, dOy=   2.999, dOz= -12.986  (mm)
  Object offset: offset_x=  -0.002, offset_z=   0.002  (mm)
  Detector : dDx=   0.000, dDy=   0.000, dDz=   0.000  (mm)
  Obj Stage rotY :    3.287 deg
============================================================

Unity geometry (world coordinates):
  Source   : x=   1.000, y=  46.000, z=   0.000
  Object   : x=  -0.002, y=  19.999, z= 570.014
  Detector : x=   0.000, y=  -2.000, z= 808.000
  Obj rotY :   0.0000 deg
view   0 | SOD= 570.610 mm | SDD= 809.425 mm | M= 1.419 | incident=3.4005°
[[  33.683353   -569.02106     -26.001463  ]
 [ -13.641499    237.59247      21.998537  ]
 [   0.1493539     0.00857728    0.        ]
 [   0.            0.            0.1496    ]]
Residual vector length: 540, Jacobian shape: (540, 6)
view   0 | SOD= 570.609 mm | SDD= 809.425 mm | M= 1.419 | incident=3.4005°
[[  33.710903   -569.0182      -26.00122   ]
 [ -13.653232    237.59302      21.99878   ]
 [   0.14935349    0.00858456    0.        ]
 [   0.            0.            0.1496    ]]

iter 22 cost=2.749061 -> 2.773315 |dtheta|=2.971779e-03  lambda=1.221e+03

============================================================
Iteration 23
============================================================
Theta offsets (Unity frame):
  Source   : dSx=   0.000, dSy=   0.000, dSz=   0.000  (mm)
  Object   : dOx= -12.002, dOy=   2.999, dOz= -12.986  (mm)
  Object offset: offset_x=  -0.002, offset_z=   0.002  (mm)
  Detector : dDx=   0.000, dDy=   0.000, dDz=   0.000  (mm)
  Obj Stage rotY :    3.287 deg
============================================================

Unity geometry (world coordinates):
  Source   : x=   1.000, y=  46.000, z=   0.000
  Object   : x=  -0.002, y=  19.999, z= 570.014
  Detector : x=   0.000, y=  -2.000, z= 808.000
  Obj rotY :   0.0000 deg
view   0 | SOD= 570.610 mm | SDD= 809.425 mm | M= 1.419 | incident=3.4005°
[[  33.683353   -569.02106     -26.001463  ]
 [ -13.641499    237.59247      21.998537  ]
 [   0.1493539     0.00857728    0.        ]
 [   0.            0.            0.1496    ]]
Residual vector length: 540, Jacobian shape: (540, 6)
view   0 | SOD= 570.609 mm | SDD= 809.425 mm | M= 1.419 | incident=3.4005°
[[  33.690865   -569.0202      -26.001286  ]
 [ -13.644708    237.59265      21.998714  ]
 [   0.14935379    0.00857927    0.        ]
 [   0.            0.            0.1496    ]]

iter 23 cost=2.749061 -> 2.768851 |dtheta|=8.278723e-04  lambda=6.104e+03

============================================================
Iteration 24
============================================================
Theta offsets (Unity frame):
  Source   : dSx=   0.000, dSy=   0.000, dSz=   0.000  (mm)
  Object   : dOx= -12.002, dOy=   2.999, dOz= -12.986  (mm)
  Object offset: offset_x=  -0.002, offset_z=   0.002  (mm)
  Detector : dDx=   0.000, dDy=   0.000, dDz=   0.000  (mm)
  Obj Stage rotY :    3.287 deg
============================================================

Unity geometry (world coordinates):
  Source   : x=   1.000, y=  46.000, z=   0.000
  Object   : x=  -0.002, y=  19.999, z= 570.014
  Detector : x=   0.000, y=  -2.000, z= 808.000
  Obj rotY :   0.0000 deg
view   0 | SOD= 570.610 mm | SDD= 809.425 mm | M= 1.419 | incident=3.4005°
[[  33.683353   -569.02106     -26.001463  ]
 [ -13.641499    237.59247      21.998537  ]
 [   0.1493539     0.00857728    0.        ]
 [   0.            0.            0.1496    ]]
Residual vector length: 540, Jacobian shape: (540, 6)
view   0 | SOD= 570.610 mm | SDD= 809.425 mm | M= 1.419 | incident=3.4005°
[[  33.684963   -569.0208      -26.001379  ]
 [ -13.642188    237.59256      21.998621  ]
 [   0.14935388    0.00857771    0.        ]
 [   0.            0.            0.1496    ]]

iter 24 cost=2.749061 -> 2.746237 |dtheta|=2.021955e-04  lambda=3.052e+04

============================================================
Iteration 25
============================================================
Theta offsets (Unity frame):
  Source   : dSx=   0.000, dSy=   0.000, dSz=   0.000  (mm)
  Object   : dOx= -12.002, dOy=   2.999, dOz= -12.986  (mm)
  Object offset: offset_x=  -0.002, offset_z=   0.002  (mm)
  Detector : dDx=   0.000, dDy=   0.000, dDz=   0.000  (mm)
  Obj Stage rotY :    3.287 deg
============================================================

Unity geometry (world coordinates):
  Source   : x=   1.000, y=  46.000, z=   0.000
  Object   : x=  -0.002, y=  19.999, z= 570.014
  Detector : x=   0.000, y=  -2.000, z= 808.000
  Obj rotY :   0.0000 deg
view   0 | SOD= 570.610 mm | SDD= 809.425 mm | M= 1.419 | incident=3.4005°
[[  33.684963   -569.0208      -26.001379  ]
 [ -13.642188    237.59256      21.998621  ]
 [   0.14935388    0.00857771    0.        ]
 [   0.            0.            0.1496    ]]
Residual vector length: 540, Jacobian shape: (540, 6)
view   0 | SOD= 570.609 mm | SDD= 809.425 mm | M= 1.419 | incident=3.4005°
[[  33.68964    -569.0203      -26.001318  ]
 [ -13.644187    237.59268      21.998682  ]
 [   0.14935382    0.00857894    0.        ]
 [   0.            0.            0.1496    ]]

iter 25 cost=2.746237 -> 2.765432 |dtheta|=5.163052e-04  lambda=1.017e+04

============================================================
Iteration 26
============================================================
Theta offsets (Unity frame):
  Source   : dSx=   0.000, dSy=   0.000, dSz=   0.000  (mm)
  Object   : dOx= -12.002, dOy=   2.999, dOz= -12.986  (mm)
  Object offset: offset_x=  -0.002, offset_z=   0.002  (mm)
  Detector : dDx=   0.000, dDy=   0.000, dDz=   0.000  (mm)
  Obj Stage rotY :    3.287 deg
============================================================

Unity geometry (world coordinates):
  Source   : x=   1.000, y=  46.000, z=   0.000
  Object   : x=  -0.002, y=  19.999, z= 570.014
  Detector : x=   0.000, y=  -2.000, z= 808.000
  Obj rotY :   0.0000 deg
view   0 | SOD= 570.610 mm | SDD= 809.425 mm | M= 1.419 | incident=3.4005°
[[  33.684963   -569.0208      -26.001379  ]
 [ -13.642188    237.59256      21.998621  ]
 [   0.14935388    0.00857771    0.        ]
 [   0.            0.            0.1496    ]]
Residual vector length: 540, Jacobian shape: (540, 6)
view   0 | SOD= 570.610 mm | SDD= 809.425 mm | M= 1.419 | incident=3.4005°
[[  33.68594    -569.0207      -26.001354  ]
 [ -13.642605    237.59259      21.998646  ]
 [   0.14935388    0.00857797    0.        ]
 [   0.            0.            0.1496    ]]

iter 26 cost=2.746237 -> 2.751492 |dtheta|=1.158202e-04  lambda=5.086e+04

============================================================
Iteration 27
============================================================
Theta offsets (Unity frame):
  Source   : dSx=   0.000, dSy=   0.000, dSz=   0.000  (mm)
  Object   : dOx= -12.002, dOy=   2.999, dOz= -12.986  (mm)
  Object offset: offset_x=  -0.002, offset_z=   0.002  (mm)
  Detector : dDx=   0.000, dDy=   0.000, dDz=   0.000  (mm)
  Obj Stage rotY :    3.287 deg
============================================================

Unity geometry (world coordinates):
  Source   : x=   1.000, y=  46.000, z=   0.000
  Object   : x=  -0.002, y=  19.999, z= 570.014
  Detector : x=   0.000, y=  -2.000, z= 808.000
  Obj rotY :   0.0000 deg
view   0 | SOD= 570.610 mm | SDD= 809.425 mm | M= 1.419 | incident=3.4005°
[[  33.684963   -569.0208      -26.001379  ]
 [ -13.642188    237.59256      21.998621  ]
 [   0.14935388    0.00857771    0.        ]
 [   0.            0.            0.1496    ]]
Residual vector length: 540, Jacobian shape: (540, 6)
view   0 | SOD= 570.610 mm | SDD= 809.425 mm | M= 1.419 | incident=3.4005°
[[  33.685158   -569.0208      -26.001373  ]
 [ -13.642272    237.59254      21.998627  ]
 [   0.14935388    0.00857776    0.        ]
 [   0.            0.            0.1496    ]]

iter 27 cost=2.746237 -> 2.746237 |dtheta|=2.424679e-05  lambda=2.543e+05

============================================================
Iteration 28
============================================================
Theta offsets (Unity frame):
  Source   : dSx=   0.000, dSy=   0.000, dSz=   0.000  (mm)
  Object   : dOx= -12.002, dOy=   2.999, dOz= -12.986  (mm)
  Object offset: offset_x=  -0.002, offset_z=   0.002  (mm)
  Detector : dDx=   0.000, dDy=   0.000, dDz=   0.000  (mm)
  Obj Stage rotY :    3.287 deg
============================================================

Unity geometry (world coordinates):
  Source   : x=   1.000, y=  46.000, z=   0.000
  Object   : x=  -0.002, y=  19.999, z= 570.014
  Detector : x=   0.000, y=  -2.000, z= 808.000
  Obj rotY :   0.0000 deg
view   0 | SOD= 570.610 mm | SDD= 809.425 mm | M= 1.419 | incident=3.4005°
[[  33.684963   -569.0208      -26.001379  ]
 [ -13.642188    237.59256      21.998621  ]
 [   0.14935388    0.00857771    0.        ]
 [   0.            0.            0.1496    ]]
Residual vector length: 540, Jacobian shape: (540, 6)
view   0 | SOD= 570.610 mm | SDD= 809.425 mm | M= 1.419 | incident=3.4005°
[[  33.685013   -569.0208      -26.001377  ]
 [ -13.642209    237.59254      21.998623  ]
 [   0.14935388    0.00857772    0.        ]
 [   0.            0.            0.1496    ]]

iter 28 cost=2.746237 -> 2.746237 |dtheta|=6.231813e-06  lambda=1.000e+06

============================================================
Iteration 29
============================================================
Theta offsets (Unity frame):
  Source   : dSx=   0.000, dSy=   0.000, dSz=   0.000  (mm)
  Object   : dOx= -12.002, dOy=   2.999, dOz= -12.986  (mm)
  Object offset: offset_x=  -0.002, offset_z=   0.002  (mm)
  Detector : dDx=   0.000, dDy=   0.000, dDz=   0.000  (mm)
  Obj Stage rotY :    3.287 deg
============================================================

Unity geometry (world coordinates):
  Source   : x=   1.000, y=  46.000, z=   0.000
  Object   : x=  -0.002, y=  19.999, z= 570.014
  Detector : x=   0.000, y=  -2.000, z= 808.000
  Obj rotY :   0.0000 deg
view   0 | SOD= 570.610 mm | SDD= 809.425 mm | M= 1.419 | incident=3.4005°
[[  33.684963   -569.0208      -26.001379  ]
 [ -13.642188    237.59256      21.998621  ]
 [   0.14935388    0.00857771    0.        ]
 [   0.            0.            0.1496    ]]
Residual vector length: 540, Jacobian shape: (540, 6)
view   0 | SOD= 570.610 mm | SDD= 809.425 mm | M= 1.419 | incident=3.4005°
[[  33.685013   -569.0208      -26.001377  ]
 [ -13.642209    237.59254      21.998623  ]
 [   0.14935388    0.00857772    0.        ]
 [   0.            0.            0.1496    ]]

iter 29 cost=2.746237 -> 2.746237 |dtheta|=6.231813e-06  lambda=1.000e+06

============================================================
Iteration 30
============================================================
Theta offsets (Unity frame):
  Source   : dSx=   0.000, dSy=   0.000, dSz=   0.000  (mm)
  Object   : dOx= -12.002, dOy=   2.999, dOz= -12.986  (mm)
  Object offset: offset_x=  -0.002, offset_z=   0.002  (mm)
  Detector : dDx=   0.000, dDy=   0.000, dDz=   0.000  (mm)
  Obj Stage rotY :    3.287 deg
============================================================

Unity geometry (world coordinates):
  Source   : x=   1.000, y=  46.000, z=   0.000
  Object   : x=  -0.002, y=  19.999, z= 570.014
  Detector : x=   0.000, y=  -2.000, z= 808.000
  Obj rotY :   0.0000 deg
view   0 | SOD= 570.610 mm | SDD= 809.425 mm | M= 1.419 | incident=3.4005°
[[  33.684963   -569.0208      -26.001379  ]
 [ -13.642188    237.59256      21.998621  ]
 [   0.14935388    0.00857771    0.        ]
 [   0.            0.            0.1496    ]]
Residual vector length: 540, Jacobian shape: (540, 6)
view   0 | SOD= 570.610 mm | SDD= 809.425 mm | M= 1.419 | incident=3.4005°
[[  33.685013   -569.0208      -26.001377  ]
 [ -13.642209    237.59254      21.998623  ]
 [   0.14935388    0.00857772    0.        ]
 [   0.            0.            0.1496    ]]

iter 30 cost=2.746237 -> 2.746237 |dtheta|=6.231813e-06  lambda=1.000e+06

============================================================
Iteration 31
============================================================
Theta offsets (Unity frame):
  Source   : dSx=   0.000, dSy=   0.000, dSz=   0.000  (mm)
  Object   : dOx= -12.002, dOy=   2.999, dOz= -12.986  (mm)
  Object offset: offset_x=  -0.002, offset_z=   0.002  (mm)
  Detector : dDx=   0.000, dDy=   0.000, dDz=   0.000  (mm)
  Obj Stage rotY :    3.287 deg
============================================================

Unity geometry (world coordinates):
  Source   : x=   1.000, y=  46.000, z=   0.000
  Object   : x=  -0.002, y=  19.999, z= 570.014
  Detector : x=   0.000, y=  -2.000, z= 808.000
  Obj rotY :   0.0000 deg
view   0 | SOD= 570.610 mm | SDD= 809.425 mm | M= 1.419 | incident=3.4005°
[[  33.684963   -569.0208      -26.001379  ]
 [ -13.642188    237.59256      21.998621  ]
 [   0.14935388    0.00857771    0.        ]
 [   0.            0.            0.1496    ]]
Residual vector length: 540, Jacobian shape: (540, 6)
view   0 | SOD= 570.610 mm | SDD= 809.425 mm | M= 1.419 | incident=3.4005°
[[  33.685013   -569.0208      -26.001377  ]
 [ -13.642209    237.59254      21.998623  ]
 [   0.14935388    0.00857772    0.        ]
 [   0.            0.            0.1496    ]]

iter 31 cost=2.746237 -> 2.746237 |dtheta|=6.231813e-06  lambda=1.000e+06

============================================================
Iteration 32
============================================================
Theta offsets (Unity frame):
  Source   : dSx=   0.000, dSy=   0.000, dSz=   0.000  (mm)
  Object   : dOx= -12.002, dOy=   2.999, dOz= -12.986  (mm)
  Object offset: offset_x=  -0.002, offset_z=   0.002  (mm)
  Detector : dDx=   0.000, dDy=   0.000, dDz=   0.000  (mm)
  Obj Stage rotY :    3.287 deg
============================================================

Unity geometry (world coordinates):
  Source   : x=   1.000, y=  46.000, z=   0.000
  Object   : x=  -0.002, y=  19.999, z= 570.014
  Detector : x=   0.000, y=  -2.000, z= 808.000
  Obj rotY :   0.0000 deg
view   0 | SOD= 570.610 mm | SDD= 809.425 mm | M= 1.419 | incident=3.4005°
[[  33.684963   -569.0208      -26.001379  ]
 [ -13.642188    237.59256      21.998621  ]
 [   0.14935388    0.00857771    0.        ]
 [   0.            0.            0.1496    ]]
Residual vector length: 540, Jacobian shape: (540, 6)
view   0 | SOD= 570.610 mm | SDD= 809.425 mm | M= 1.419 | incident=3.4005°
[[  33.685013   -569.0208      -26.001377  ]
 [ -13.642209    237.59254      21.998623  ]
 [   0.14935388    0.00857772    0.        ]
 [   0.            0.            0.1496    ]]

iter 32 cost=2.746237 -> 2.746237 |dtheta|=6.231813e-06  lambda=1.000e+06

============================================================
Iteration 33
============================================================
Theta offsets (Unity frame):
  Source   : dSx=   0.000, dSy=   0.000, dSz=   0.000  (mm)
  Object   : dOx= -12.002, dOy=   2.999, dOz= -12.986  (mm)
  Object offset: offset_x=  -0.002, offset_z=   0.002  (mm)
  Detector : dDx=   0.000, dDy=   0.000, dDz=   0.000  (mm)
  Obj Stage rotY :    3.287 deg
============================================================

Unity geometry (world coordinates):
  Source   : x=   1.000, y=  46.000, z=   0.000
  Object   : x=  -0.002, y=  19.999, z= 570.014
  Detector : x=   0.000, y=  -2.000, z= 808.000
  Obj rotY :   0.0000 deg
view   0 | SOD= 570.610 mm | SDD= 809.425 mm | M= 1.419 | incident=3.4005°
[[  33.684963   -569.0208      -26.001379  ]
 [ -13.642188    237.59256      21.998621  ]
 [   0.14935388    0.00857771    0.        ]
 [   0.            0.            0.1496    ]]
Residual vector length: 540, Jacobian shape: (540, 6)
view   0 | SOD= 570.610 mm | SDD= 809.425 mm | M= 1.419 | incident=3.4005°
[[  33.685013   -569.0208      -26.001377  ]
 [ -13.642209    237.59254      21.998623  ]
 [   0.14935388    0.00857772    0.        ]
 [   0.            0.            0.1496    ]]

iter 33 cost=2.746237 -> 2.746237 |dtheta|=6.231813e-06  lambda=1.000e+06

============================================================
Iteration 34
============================================================
Theta offsets (Unity frame):
  Source   : dSx=   0.000, dSy=   0.000, dSz=   0.000  (mm)
  Object   : dOx= -12.002, dOy=   2.999, dOz= -12.986  (mm)
  Object offset: offset_x=  -0.002, offset_z=   0.002  (mm)
  Detector : dDx=   0.000, dDy=   0.000, dDz=   0.000  (mm)
  Obj Stage rotY :    3.287 deg
============================================================

Unity geometry (world coordinates):
  Source   : x=   1.000, y=  46.000, z=   0.000
  Object   : x=  -0.002, y=  19.999, z= 570.014
  Detector : x=   0.000, y=  -2.000, z= 808.000
  Obj rotY :   0.0000 deg
view   0 | SOD= 570.610 mm | SDD= 809.425 mm | M= 1.419 | incident=3.4005°
[[  33.684963   -569.0208      -26.001379  ]
 [ -13.642188    237.59256      21.998621  ]
 [   0.14935388    0.00857771    0.        ]
 [   0.            0.            0.1496    ]]
Residual vector length: 540, Jacobian shape: (540, 6)
view   0 | SOD= 570.610 mm | SDD= 809.425 mm | M= 1.419 | incident=3.4005°
[[  33.685013   -569.0208      -26.001377  ]
 [ -13.642209    237.59254      21.998623  ]
 [   0.14935388    0.00857772    0.        ]
 [   0.            0.            0.1496    ]]

iter 34 cost=2.746237 -> 2.746237 |dtheta|=6.231813e-06  lambda=1.000e+06
Stalled.

Estimated theta:
  dSx: +0.000000
  dSy: +0.000000
  dOx: -12.001580
  dOy: +2.998620
  dOz: -12.985832
  dDx: +0.000000
  dDy: +0.000000
  dDz: +0.000000
alpha: +3.287006e+00 deg)
offset_x: -0.001666
offset_z: +0.001966

Final cost table:
Fake theta: [  0.    0.  -12.    3.  -13.    0.    0.    0.    3.3   0.    0. ]
Final estimated theta: [  0.           0.         -12.00158017   2.99862043 -12.98583213
   0.           0.           0.           3.28700623  -0.00166591
   0.00196644]
Diff from Expected: [ 0.          0.         -0.00158017 -0.00137957  0.01416787  0.
  0.          0.         -0.01299372 -0.00166591  0.00196644]
################################################################################

