Phantom already exists, skipping: cuboid_phantom_3_compact.npy

################################################################################
Running cuboid=compact scenario=G2 N_ANGLES=10, K=3
view   0 | SOD= 570.046 mm | SDD= 696.006 mm | M= 1.221 | incident=0.2470°
[[ 119.47323    -557.34204      -7.        ]
 [ -25.864782    123.32077      -7.        ]
 [   0.14616601    0.03186934    0.        ]
 [   0.            0.            0.1496    ]]
          image          x1     y1  area1          x2          y2  area2          x3          y3  area3
0  proj_000.png  486.208000  379.5    750  461.244265  436.395412    741  486.315232  494.230464    755
1  proj_001.png  472.536000  379.5    750  475.000000  436.355405    740  472.519308  494.256991    751
2  proj_002.png  459.151194  379.5    754  488.345061  436.433018    739  459.149669  494.178808    755
3  proj_003.png  451.418478  379.5    736  496.020107  436.550938    746  451.427249  493.958995    756
4  proj_004.png  452.262735  379.5    746  495.274172  436.792053    755  452.251007  493.539597    745
5  proj_005.png  461.259459  379.5    740  486.295756  436.891247    754  461.265141  493.275908    743
6  proj_006.png  475.040323  379.5    744  472.495413  436.906946    763  475.014785  493.168011    744
7  proj_007.png  488.421196  379.5    736  459.112434  436.890212    756  488.300000  493.331081    740
8  proj_008.png  496.040107  379.5    748  451.416555  436.724967    749  496.001342  493.598658    745
9  proj_009.png  495.248663  379.5    748  452.270777  436.533512    746  495.316976  493.981432    754

============================================================
Iteration 0
============================================================
Theta offsets (Unity frame):
  Source   : dSx=   0.000, dSy=   0.000, dSz=   0.000  (mm)
  Object   : dOx=   0.000, dOy=   0.000, dOz=   0.000  (mm)
  Object offset: offset_x=   0.000, offset_z=   0.000  (mm)
  Detector : dDx=   0.000, dDy=   0.000, dDz=   0.000  (mm)
  Obj Stage rotY :    0.000 deg
============================================================

Unity geometry (world coordinates):
  Source   : x=  -2.000, y=  47.000, z=   0.000
  Object   : x=  14.000, y=  32.000, z= 592.000
  Detector : x=   1.000, y=  47.000, z= 696.000
  Obj rotY :   0.0000 deg
view   0 | SOD= 592.406 mm | SDD= 696.006 mm | M= 1.175 | incident=0.2470°
[[ -16.     -592.      -15.    ]
 [ -13.      104.      -15.    ]
 [   0.1496    0.        0.    ]
 [   0.        0.        0.1496]]
Residual vector length: 90, Jacobian shape: (90, 6)
view   0 | SOD= 590.731 mm | SDD= 696.006 mm | M= 1.178 | incident=0.2470°
[[  15.800468   -590.47687      -7.126831  ]
 [  -2.2797585   105.29475      -7.126831  ]
 [   0.14953138    0.00453074    0.        ]
 [   0.            0.            0.1496    ]]

iter 00 cost=235605.519747 -> 362.279421 |dtheta|=1.613232e+01  lambda=1.000e-02

============================================================
Iteration 1
============================================================
Theta offsets (Unity frame):
  Source   : dSx=   0.000, dSy=   0.000, dSz=   0.000  (mm)
  Object   : dOx= -13.907, dOy=   7.873, dOz=  -1.361  (mm)
  Object offset: offset_x=  -0.003, offset_z=   0.045  (mm)
  Detector : dDx=   0.000, dDy=   0.000, dDz=   0.000  (mm)
  Obj Stage rotY :    1.736 deg
============================================================

Unity geometry (world coordinates):
  Source   : x=  -2.000, y=  47.000, z=   0.000
  Object   : x=   0.093, y=  39.873, z= 590.639
  Detector : x=   1.000, y=  47.000, z= 696.000
  Obj rotY :   0.0000 deg
view   0 | SOD= 590.731 mm | SDD= 696.006 mm | M= 1.178 | incident=0.2470°
[[  15.800468   -590.47687      -7.126831  ]
 [  -2.2797585   105.29475      -7.126831  ]
 [   0.14953138    0.00453074    0.        ]
 [   0.            0.            0.1496    ]]
Residual vector length: 90, Jacobian shape: (90, 6)
view   0 | SOD= 586.792 mm | SDD= 696.006 mm | M= 1.186 | incident=0.2470°
[[  28.217974   -586.0692       -7.1794205 ]
 [  -4.610299    109.16265      -7.1794205 ]
 [   0.1494017     0.00770016    0.        ]
 [   0.            0.            0.1496    ]]

iter 01 cost=362.279421 -> 248.197882 |dtheta|=4.164192e+00  lambda=3.333e-03

============================================================
Iteration 2
============================================================
Theta offsets (Unity frame):
  Source   : dSx=   0.000, dSy=   0.000, dSz=   0.000  (mm)
  Object   : dOx= -13.969, dOy=   7.821, dOz=  -5.343  (mm)
  Object offset: offset_x=  -0.046, offset_z=   0.087  (mm)
  Detector : dDx=   0.000, dDy=   0.000, dDz=   0.000  (mm)
  Obj Stage rotY :    2.950 deg
============================================================

Unity geometry (world coordinates):
  Source   : x=  -2.000, y=  47.000, z=   0.000
  Object   : x=   0.031, y=  39.821, z= 586.657
  Detector : x=   1.000, y=  47.000, z= 696.000
  Obj rotY :   0.0000 deg
view   0 | SOD= 586.792 mm | SDD= 696.006 mm | M= 1.186 | incident=0.2470°
[[  28.217974   -586.0692       -7.1794205 ]
 [  -4.610299    109.16265      -7.1794205 ]
 [   0.1494017     0.00770016    0.        ]
 [   0.            0.            0.1496    ]]
Residual vector length: 90, Jacobian shape: (90, 6)
view   0 | SOD= 578.333 mm | SDD= 696.006 mm | M= 1.203 | incident=0.2470°
[[  40.063766   -576.90027      -7.0849075 ]
 [  -7.465112    117.481476     -7.0849075 ]
 [   0.14920536    0.0108591     0.        ]
 [   0.            0.            0.1496    ]]

iter 02 cost=248.197882 -> 131.693603 |dtheta|=8.496537e+00  lambda=1.111e-03

============================================================
Iteration 3
============================================================
Theta offsets (Unity frame):
  Source   : dSx=   0.000, dSy=   0.000, dSz=   0.000  (mm)
  Object   : dOx= -14.015, dOy=   7.915, dOz= -13.751  (mm)
  Object offset: offset_x=  -0.067, offset_z=   0.038  (mm)
  Detector : dDx=   0.000, dDy=   0.000, dDz=   0.000  (mm)
  Obj Stage rotY :    4.163 deg
============================================================

Unity geometry (world coordinates):
  Source   : x=  -2.000, y=  47.000, z=   0.000
  Object   : x=  -0.015, y=  39.915, z= 578.249
  Detector : x=   1.000, y=  47.000, z= 696.000
  Obj rotY :   0.0000 deg
view   0 | SOD= 578.333 mm | SDD= 696.006 mm | M= 1.203 | incident=0.2470°
[[  40.063766   -576.90027      -7.0849075 ]
 [  -7.465112    117.481476     -7.0849075 ]
 [   0.14920536    0.0108591     0.        ]
 [   0.            0.            0.1496    ]]
Residual vector length: 90, Jacobian shape: (90, 6)
view   0 | SOD= 574.147 mm | SDD= 696.006 mm | M= 1.212 | incident=0.2470°
[[  42.81412    -572.5056       -7.041382  ]
 [  -8.463882    121.60934      -7.041382  ]
 [   0.14914455    0.01166469    0.        ]
 [   0.            0.            0.1496    ]]

iter 03 cost=131.693603 -> 102.328059 |dtheta|=4.249502e+00  lambda=3.704e-04

============================================================
Iteration 4
============================================================
Theta offsets (Unity frame):
  Source   : dSx=   0.000, dSy=   0.000, dSz=   0.000  (mm)
  Object   : dOx= -13.995, dOy=   7.959, dOz= -17.989  (mm)
  Object offset: offset_x=  -0.049, offset_z=   0.090  (mm)
  Detector : dDx=   0.000, dDy=   0.000, dDz=   0.000  (mm)
  Obj Stage rotY :    4.472 deg
============================================================

Unity geometry (world coordinates):
  Source   : x=  -2.000, y=  47.000, z=   0.000
  Object   : x=   0.005, y=  39.959, z= 574.011
  Detector : x=   1.000, y=  47.000, z= 696.000
  Obj rotY :   0.0000 deg
view   0 | SOD= 574.147 mm | SDD= 696.006 mm | M= 1.212 | incident=0.2470°
[[  42.81412    -572.5056       -7.041382  ]
 [  -8.463882    121.60934      -7.041382  ]
 [   0.14914455    0.01166469    0.        ]
 [   0.            0.            0.1496    ]]
Residual vector length: 90, Jacobian shape: (90, 6)
view   0 | SOD= 572.700 mm | SDD= 696.006 mm | M= 1.215 | incident=0.2470°
[[  61.125263   -569.3853       -7.027542  ]
 [ -12.501847    122.71587      -7.027542  ]
 [   0.148691      0.01646651    0.        ]
 [   0.            0.            0.1496    ]]

iter 04 cost=102.328059 -> 57.777346 |dtheta|=2.308960e+00  lambda=1.235e-04

============================================================
Iteration 5
============================================================
Theta offsets (Unity frame):
  Source   : dSx=   0.000, dSy=   0.000, dSz=   0.000  (mm)
  Object   : dOx= -14.006, dOy=   7.972, dOz= -19.372  (mm)
  Object offset: offset_x=  -0.075, offset_z=   0.026  (mm)
  Detector : dDx=   0.000, dDy=   0.000, dDz=   0.000  (mm)
  Obj Stage rotY :    6.319 deg
============================================================

Unity geometry (world coordinates):
  Source   : x=  -2.000, y=  47.000, z=   0.000
  Object   : x=  -0.006, y=  39.972, z= 572.628
  Detector : x=   1.000, y=  47.000, z= 696.000
  Obj rotY :   0.0000 deg
view   0 | SOD= 572.700 mm | SDD= 696.006 mm | M= 1.215 | incident=0.2470°
[[  61.125263   -569.3853       -7.027542  ]
 [ -12.501847    122.71587      -7.027542  ]
 [   0.148691      0.01646651    0.        ]
 [   0.            0.            0.1496    ]]
Residual vector length: 90, Jacobian shape: (90, 6)
view   0 | SOD= 571.205 mm | SDD= 696.006 mm | M= 1.218 | incident=0.2470°
[[  67.40219    -567.17126      -7.0144157 ]
 [ -14.1352415   124.04266      -7.0144157 ]
 [   0.14849296    0.01816592    0.        ]
 [   0.            0.            0.1496    ]]

iter 05 cost=57.777346 -> 45.155884 |dtheta|=1.677445e+00  lambda=4.115e-05

============================================================
Iteration 6
============================================================
Theta offsets (Unity frame):
  Source   : dSx=   0.000, dSy=   0.000, dSz=   0.000  (mm)
  Object   : dOx= -13.998, dOy=   7.986, dOz= -20.915  (mm)
  Object offset: offset_x=  -0.034, offset_z=   0.074  (mm)
  Detector : dDx=   0.000, dDy=   0.000, dDz=   0.000  (mm)
  Obj Stage rotY :    6.975 deg
============================================================

Unity geometry (world coordinates):
  Source   : x=  -2.000, y=  47.000, z=   0.000
  Object   : x=   0.002, y=  39.986, z= 571.085
  Detector : x=   1.000, y=  47.000, z= 696.000
  Obj rotY :   0.0000 deg
view   0 | SOD= 571.205 mm | SDD= 696.006 mm | M= 1.218 | incident=0.2470°
[[  67.40219    -567.17126      -7.0144157 ]
 [ -14.1352415   124.04266      -7.0144157 ]
 [   0.14849296    0.01816592    0.        ]
 [   0.            0.            0.1496    ]]
Residual vector length: 90, Jacobian shape: (90, 6)
view   0 | SOD= 571.079 mm | SDD= 696.006 mm | M= 1.219 | incident=0.2470°
[[  75.065956   -566.08057      -7.0111084 ]
 [ -15.810852    123.96756      -7.0111084 ]
 [   0.14823374    0.02017223    0.        ]
 [   0.            0.            0.1496    ]]

iter 06 cost=45.155884 -> 33.398857 |dtheta|=7.833527e-01  lambda=1.372e-05

============================================================
Iteration 7
============================================================
Theta offsets (Unity frame):
  Source   : dSx=   0.000, dSy=   0.000, dSz=   0.000  (mm)
  Object   : dOx= -13.991, dOy=   7.989, dOz= -21.026  (mm)
  Object offset: offset_x=  -0.059, offset_z=   0.059  (mm)
  Detector : dDx=   0.000, dDy=   0.000, dDz=   0.000  (mm)
  Obj Stage rotY :    7.749 deg
============================================================

Unity geometry (world coordinates):
  Source   : x=  -2.000, y=  47.000, z=   0.000
  Object   : x=   0.009, y=  39.989, z= 570.974
  Detector : x=   1.000, y=  47.000, z= 696.000
  Obj rotY :   0.0000 deg
view   0 | SOD= 571.079 mm | SDD= 696.006 mm | M= 1.219 | incident=0.2470°
[[  75.065956   -566.08057      -7.0111084 ]
 [ -15.810852    123.96756      -7.0111084 ]
 [   0.14823374    0.02017223    0.        ]
 [   0.            0.            0.1496    ]]
Residual vector length: 90, Jacobian shape: (90, 6)
view   0 | SOD= 570.182 mm | SDD= 696.006 mm | M= 1.221 | incident=0.2470°
[[  82.89956    -564.0795       -7.006584  ]
 [ -17.706322    124.617386     -7.006584  ]
 [   0.1479343     0.02226213    0.        ]
 [   0.            0.            0.1496    ]]

iter 07 cost=33.398857 -> 21.525445 |dtheta|=1.192696e+00  lambda=4.572e-06

============================================================
Iteration 8
============================================================
Theta offsets (Unity frame):
  Source   : dSx=   0.000, dSy=   0.000, dSz=   0.000  (mm)
  Object   : dOx= -13.998, dOy=   7.993, dOz= -21.903  (mm)
  Object offset: offset_x=  -0.038, offset_z=   0.038  (mm)
  Detector : dDx=   0.000, dDy=   0.000, dDz=   0.000  (mm)
  Obj Stage rotY :    8.558 deg
============================================================

Unity geometry (world coordinates):
  Source   : x=  -2.000, y=  47.000, z=   0.000
  Object   : x=   0.002, y=  39.993, z= 570.097
  Detector : x=   1.000, y=  47.000, z= 696.000
  Obj rotY :   0.0000 deg
view   0 | SOD= 570.182 mm | SDD= 696.006 mm | M= 1.221 | incident=0.2470°
[[  82.89956    -564.0795       -7.006584  ]
 [ -17.706322    124.617386     -7.006584  ]
 [   0.1479343     0.02226213    0.        ]
 [   0.            0.            0.1496    ]]
Residual vector length: 90, Jacobian shape: (90, 6)
view   0 | SOD= 570.080 mm | SDD= 696.006 mm | M= 1.221 | incident=0.2470°
[[  91.53347    -562.6404       -7.005501  ]
 [ -19.575413    124.44027      -7.005501  ]
 [   0.14757717    0.02451813    0.        ]
 [   0.            0.            0.1496    ]]

iter 08 cost=21.525445 -> 13.900224 |dtheta|=8.790201e-01  lambda=1.524e-06

============================================================
Iteration 9
============================================================
Theta offsets (Unity frame):
  Source   : dSx=   0.000, dSy=   0.000, dSz=   0.000  (mm)
  Object   : dOx= -14.016, dOy=   7.995, dOz= -21.976  (mm)
  Object offset: offset_x=  -0.068, offset_z=   0.010  (mm)
  Detector : dDx=   0.000, dDy=   0.000, dDz=   0.000  (mm)
  Obj Stage rotY :    9.433 deg
============================================================

Unity geometry (world coordinates):
  Source   : x=  -2.000, y=  47.000, z=   0.000
  Object   : x=  -0.016, y=  39.994, z= 570.024
  Detector : x=   1.000, y=  47.000, z= 696.000
  Obj rotY :   0.0000 deg
view   0 | SOD= 570.080 mm | SDD= 696.006 mm | M= 1.221 | incident=0.2470°
[[  91.53347    -562.6404       -7.005501  ]
 [ -19.575413    124.44027      -7.005501  ]
 [   0.14757717    0.02451813    0.        ]
 [   0.            0.            0.1496    ]]
Residual vector length: 90, Jacobian shape: (90, 6)
view   0 | SOD= 570.485 mm | SDD= 696.006 mm | M= 1.220 | incident=0.2470°
[[  95.5215     -562.3878       -7.008854  ]
 [ -20.450478    123.88875      -7.008854  ]
 [   0.14739983    0.02556266    0.        ]
 [   0.            0.            0.1496    ]]

iter 09 cost=13.900224 -> 10.332715 |dtheta|=5.780362e-01  lambda=1.000e-06

============================================================
Iteration 10
============================================================
Theta offsets (Unity frame):
  Source   : dSx=   0.000, dSy=   0.000, dSz=   0.000  (mm)
  Object   : dOx= -13.997, dOy=   7.991, dOz= -21.567  (mm)
  Object offset: offset_x=  -0.023, offset_z=   0.006  (mm)
  Detector : dDx=   0.000, dDy=   0.000, dDz=   0.000  (mm)
  Obj Stage rotY :    9.839 deg
============================================================

Unity geometry (world coordinates):
  Source   : x=  -2.000, y=  47.000, z=   0.000
  Object   : x=   0.003, y=  39.991, z= 570.433
  Detector : x=   1.000, y=  47.000, z= 696.000
  Obj rotY :   0.0000 deg
view   0 | SOD= 570.485 mm | SDD= 696.006 mm | M= 1.220 | incident=0.2470°
[[  95.5215     -562.3878       -7.008854  ]
 [ -20.450478    123.88875      -7.008854  ]
 [   0.14739983    0.02556266    0.        ]
 [   0.            0.            0.1496    ]]
Residual vector length: 90, Jacobian shape: (90, 6)
view   0 | SOD= 570.150 mm | SDD= 696.006 mm | M= 1.221 | incident=0.2470°
[[  98.564285   -561.52234      -7.0030937 ]
 [ -21.184027    124.105354     -7.0030937 ]
 [   0.14725687    0.02637373    0.        ]
 [   0.            0.            0.1496    ]]

iter 10 cost=10.332715 -> 7.811425 |dtheta|=4.673880e-01  lambda=1.000e-06

============================================================
Iteration 11
============================================================
Theta offsets (Unity frame):
  Source   : dSx=   0.000, dSy=   0.000, dSz=   0.000  (mm)
  Object   : dOx= -14.001, dOy=   7.997, dOz= -21.912  (mm)
  Object offset: offset_x=  -0.026, offset_z=   0.016  (mm)
  Detector : dDx=   0.000, dDy=   0.000, dDz=   0.000  (mm)
  Obj Stage rotY :   10.154 deg
============================================================

Unity geometry (world coordinates):
  Source   : x=  -2.000, y=  47.000, z=   0.000
  Object   : x=  -0.001, y=  39.997, z= 570.088
  Detector : x=   1.000, y=  47.000, z= 696.000
  Obj rotY :   0.0000 deg
view   0 | SOD= 570.150 mm | SDD= 696.006 mm | M= 1.221 | incident=0.2470°
[[  98.564285   -561.52234      -7.0030937 ]
 [ -21.184027    124.105354     -7.0030937 ]
 [   0.14725687    0.02637373    0.        ]
 [   0.            0.            0.1496    ]]
Residual vector length: 90, Jacobian shape: (90, 6)
view   0 | SOD= 570.094 mm | SDD= 696.006 mm | M= 1.221 | incident=0.2470°
[[ 101.8469     -560.879        -7.000534  ]
 [ -21.928743    124.0331       -7.000534  ]
 [   0.14709933    0.0272387     0.        ]
 [   0.            0.            0.1496    ]]

iter 11 cost=7.811425 -> 5.544154 |dtheta|=3.404326e-01  lambda=1.000e-06

============================================================
Iteration 12
============================================================
Theta offsets (Unity frame):
  Source   : dSx=   0.000, dSy=   0.000, dSz=   0.000  (mm)
  Object   : dOx= -14.006, dOy=   7.999, dOz= -21.960  (mm)
  Object offset: offset_x=  -0.016, offset_z=   0.007  (mm)
  Detector : dDx=   0.000, dDy=   0.000, dDz=   0.000  (mm)
  Obj Stage rotY :   10.491 deg
============================================================

Unity geometry (world coordinates):
  Source   : x=  -2.000, y=  47.000, z=   0.000
  Object   : x=  -0.006, y=  39.999, z= 570.040
  Detector : x=   1.000, y=  47.000, z= 696.000
  Obj rotY :   0.0000 deg
view   0 | SOD= 570.094 mm | SDD= 696.006 mm | M= 1.221 | incident=0.2470°
[[ 101.8469     -560.879        -7.000534  ]
 [ -21.928743    124.0331       -7.000534  ]
 [   0.14709933    0.0272387     0.        ]
 [   0.            0.            0.1496    ]]
Residual vector length: 90, Jacobian shape: (90, 6)
view   0 | SOD= 569.900 mm | SDD= 696.006 mm | M= 1.221 | incident=0.2470°
[[ 105.68006    -559.97253      -7.001652  ]
 [ -22.838331    124.06551      -7.001652  ]
 [   0.14690706    0.02825729    0.        ]
 [   0.            0.            0.1496    ]]

iter 12 cost=5.544154 -> 3.663838 |dtheta|=4.436519e-01  lambda=1.000e-06

============================================================
Iteration 13
============================================================
Theta offsets (Unity frame):
  Source   : dSx=   0.000, dSy=   0.000, dSz=   0.000  (mm)
  Object   : dOx= -13.998, dOy=   7.998, dOz= -22.158  (mm)
  Object offset: offset_x=  -0.009, offset_z=   0.012  (mm)
  Detector : dDx=   0.000, dDy=   0.000, dDz=   0.000  (mm)
  Obj Stage rotY :   10.888 deg
============================================================

Unity geometry (world coordinates):
  Source   : x=  -2.000, y=  47.000, z=   0.000
  Object   : x=   0.002, y=  39.998, z= 569.842
  Detector : x=   1.000, y=  47.000, z= 696.000
  Obj rotY :   0.0000 deg
view   0 | SOD= 569.900 mm | SDD= 696.006 mm | M= 1.221 | incident=0.2470°
[[ 105.68006    -559.97253      -7.001652  ]
 [ -22.838331    124.06551      -7.001652  ]
 [   0.14690706    0.02825729    0.        ]
 [   0.            0.            0.1496    ]]
Residual vector length: 90, Jacobian shape: (90, 6)
view   0 | SOD= 569.634 mm | SDD= 696.006 mm | M= 1.222 | incident=0.2470°
[[ 109.33456    -558.9987       -6.9943657 ]
 [ -23.715588    124.17234      -6.9943657 ]
 [   0.14671652    0.02923053    0.        ]
 [   0.            0.            0.1496    ]]

iter 13 cost=3.663838 -> 2.176006 |dtheta|=4.645208e-01  lambda=1.000e-06

============================================================
Iteration 14
============================================================
Theta offsets (Unity frame):
  Source   : dSx=   0.000, dSy=   0.000, dSz=   0.000  (mm)
  Object   : dOx= -13.998, dOy=   8.006, dOz= -22.425  (mm)
  Object offset: offset_x=  -0.006, offset_z=   0.012  (mm)
  Detector : dDx=   0.000, dDy=   0.000, dDz=   0.000  (mm)
  Obj Stage rotY :   11.268 deg
============================================================

Unity geometry (world coordinates):
  Source   : x=  -2.000, y=  47.000, z=   0.000
  Object   : x=   0.002, y=  40.006, z= 569.575
  Detector : x=   1.000, y=  47.000, z= 696.000
  Obj rotY :   0.0000 deg
view   0 | SOD= 569.634 mm | SDD= 696.006 mm | M= 1.222 | incident=0.2470°
[[ 109.33456    -558.9987       -6.9943657 ]
 [ -23.715588    124.17234      -6.9943657 ]
 [   0.14671652    0.02923053    0.        ]
 [   0.            0.            0.1496    ]]
Residual vector length: 90, Jacobian shape: (90, 6)
view   0 | SOD= 569.708 mm | SDD= 696.006 mm | M= 1.222 | incident=0.2470°
[[ 110.187355   -558.90735      -6.9935875 ]
 [ -23.878506    124.065094     -6.9935875 ]
 [   0.14667289    0.02944867    0.        ]
 [   0.            0.            0.1496    ]]

iter 14 cost=2.176006 -> 1.744599 |dtheta|=1.097168e-01  lambda=1.000e-06

============================================================
Iteration 15
============================================================
Theta offsets (Unity frame):
  Source   : dSx=   0.000, dSy=   0.000, dSz=   0.000  (mm)
  Object   : dOx= -14.002, dOy=   8.006, dOz= -22.356  (mm)
  Object offset: offset_x=  -0.009, offset_z=   0.018  (mm)
  Detector : dDx=   0.000, dDy=   0.000, dDz=   0.000  (mm)
  Obj Stage rotY :   11.353 deg
============================================================

Unity geometry (world coordinates):
  Source   : x=  -2.000, y=  47.000, z=   0.000
  Object   : x=  -0.002, y=  40.006, z= 569.644
  Detector : x=   1.000, y=  47.000, z= 696.000
  Obj rotY :   0.0000 deg
view   0 | SOD= 569.708 mm | SDD= 696.006 mm | M= 1.222 | incident=0.2470°
[[ 110.187355   -558.90735      -6.9935875 ]
 [ -23.878506    124.065094     -6.9935875 ]
 [   0.14667289    0.02944867    0.        ]
 [   0.            0.            0.1496    ]]
Residual vector length: 90, Jacobian shape: (90, 6)
view   0 | SOD= 569.643 mm | SDD= 696.006 mm | M= 1.222 | incident=0.2470°
[[ 111.97349    -558.4853       -6.994728  ]
 [ -24.289482    124.052155     -6.994728  ]
 [   0.14657736    0.02992051    0.        ]
 [   0.            0.            0.1496    ]]

iter 15 cost=1.744599 -> 1.360186 |dtheta|=1.939643e-01  lambda=1.000e-06

============================================================
Iteration 16
============================================================
Theta offsets (Unity frame):
  Source   : dSx=   0.000, dSy=   0.000, dSz=   0.000  (mm)
  Object   : dOx= -14.002, dOy=   8.005, dOz= -22.416  (mm)
  Object offset: offset_x=  -0.010, offset_z=   0.012  (mm)
  Detector : dDx=   0.000, dDy=   0.000, dDz=   0.000  (mm)
  Obj Stage rotY :   11.537 deg
============================================================

Unity geometry (world coordinates):
  Source   : x=  -2.000, y=  47.000, z=   0.000
  Object   : x=  -0.002, y=  40.005, z= 569.584
  Detector : x=   1.000, y=  47.000, z= 696.000
  Obj rotY :   0.0000 deg
view   0 | SOD= 569.643 mm | SDD= 696.006 mm | M= 1.222 | incident=0.2470°
[[ 111.97349    -558.4853       -6.994728  ]
 [ -24.289482    124.052155     -6.994728  ]
 [   0.14657736    0.02992051    0.        ]
 [   0.            0.            0.1496    ]]
Residual vector length: 90, Jacobian shape: (90, 6)
view   0 | SOD= 569.750 mm | SDD= 696.006 mm | M= 1.222 | incident=0.2470°
[[ 113.67696    -558.25037      -6.99852   ]
 [ -24.650578    123.8717       -6.99852   ]
 [   0.14648616    0.03036388    0.        ]
 [   0.            0.            0.1496    ]]

iter 16 cost=1.360186 -> 1.031519 |dtheta|=2.041303e-01  lambda=1.000e-06

============================================================
Iteration 17
============================================================
Theta offsets (Unity frame):
  Source   : dSx=   0.000, dSy=   0.000, dSz=   0.000  (mm)
  Object   : dOx= -13.998, dOy=   8.001, dOz= -22.309  (mm)
  Object offset: offset_x=  -0.007, offset_z=   0.012  (mm)
  Detector : dDx=   0.000, dDy=   0.000, dDz=   0.000  (mm)
  Obj Stage rotY :   11.711 deg
============================================================

Unity geometry (world coordinates):
  Source   : x=  -2.000, y=  47.000, z=   0.000
  Object   : x=   0.002, y=  40.001, z= 569.691
  Detector : x=   1.000, y=  47.000, z= 696.000
  Obj rotY :   0.0000 deg
view   0 | SOD= 569.750 mm | SDD= 696.006 mm | M= 1.222 | incident=0.2470°
[[ 113.67696    -558.25037      -6.99852   ]
 [ -24.650578    123.8717       -6.99852   ]
 [   0.14648616    0.03036388    0.        ]
 [   0.            0.            0.1496    ]]
Residual vector length: 90, Jacobian shape: (90, 6)
view   0 | SOD= 569.807 mm | SDD= 696.006 mm | M= 1.221 | incident=0.2470°
[[ 114.78657    -558.0817       -6.996071  ]
 [ -24.883324    123.766754     -6.996071  ]
 [   0.14642611    0.03065215    0.        ]
 [   0.            0.            0.1496    ]]

iter 17 cost=1.031519 -> 0.757806 |dtheta|=1.276113e-01  lambda=1.000e-06

============================================================
Iteration 18
============================================================
Theta offsets (Unity frame):
  Source   : dSx=   0.000, dSy=   0.000, dSz=   0.000  (mm)
  Object   : dOx= -13.999, dOy=   8.004, dOz= -22.249  (mm)
  Object offset: offset_x=  -0.005, offset_z=   0.010  (mm)
  Detector : dDx=   0.000, dDy=   0.000, dDz=   0.000  (mm)
  Obj Stage rotY :   11.823 deg
============================================================

Unity geometry (world coordinates):
  Source   : x=  -2.000, y=  47.000, z=   0.000
  Object   : x=   0.001, y=  40.004, z= 569.751
  Detector : x=   1.000, y=  47.000, z= 696.000
  Obj rotY :   0.0000 deg
view   0 | SOD= 569.807 mm | SDD= 696.006 mm | M= 1.221 | incident=0.2470°
[[ 114.78657    -558.0817       -6.996071  ]
 [ -24.883324    123.766754     -6.996071  ]
 [   0.14642611    0.03065215    0.        ]
 [   0.            0.            0.1496    ]]
Residual vector length: 90, Jacobian shape: (90, 6)
view   0 | SOD= 569.791 mm | SDD= 696.006 mm | M= 1.222 | incident=0.2470°
[[ 115.84465    -557.84656      -6.997776  ]
 [ -25.116932    123.73603      -6.997776  ]
 [   0.14636777    0.03092953    0.        ]
 [   0.            0.            0.1496    ]]

iter 18 cost=0.757806 -> 0.528727 |dtheta|=1.095071e-01  lambda=1.000e-06

============================================================
Iteration 19
============================================================
Theta offsets (Unity frame):
  Source   : dSx=   0.000, dSy=   0.000, dSz=   0.000  (mm)
  Object   : dOx= -14.000, dOy=   8.002, dOz= -22.263  (mm)
  Object offset: offset_x=  -0.007, offset_z=   0.007  (mm)
  Detector : dDx=   0.000, dDy=   0.000, dDz=   0.000  (mm)
  Obj Stage rotY :   11.932 deg
============================================================

Unity geometry (world coordinates):
  Source   : x=  -2.000, y=  47.000, z=   0.000
  Object   : x=  -0.000, y=  40.002, z= 569.737
  Detector : x=   1.000, y=  47.000, z= 696.000
  Obj rotY :   0.0000 deg
view   0 | SOD= 569.791 mm | SDD= 696.006 mm | M= 1.222 | incident=0.2470°
[[ 115.84465    -557.84656      -6.997776  ]
 [ -25.116932    123.73603      -6.997776  ]
 [   0.14636777    0.03092953    0.        ]
 [   0.            0.            0.1496    ]]
Residual vector length: 90, Jacobian shape: (90, 6)
view   0 | SOD= 569.775 mm | SDD= 696.006 mm | M= 1.222 | incident=0.2470°
[[ 116.798134   -557.6316       -6.9964333 ]
 [ -25.340475    123.70653      -6.9964333 ]
 [   0.14631413    0.0311823     0.        ]
 [   0.            0.            0.1496    ]]

iter 19 cost=0.528727 -> 0.494648 |dtheta|=9.988536e-02  lambda=1.000e-06

============================================================
Iteration 20
============================================================
Theta offsets (Unity frame):
  Source   : dSx=   0.000, dSy=   0.000, dSz=   0.000  (mm)
  Object   : dOx= -13.999, dOy=   8.004, dOz= -22.274  (mm)
  Object offset: offset_x=  -0.002, offset_z=   0.003  (mm)
  Detector : dDx=   0.000, dDy=   0.000, dDz=   0.000  (mm)
  Obj Stage rotY :   12.031 deg
============================================================

Unity geometry (world coordinates):
  Source   : x=  -2.000, y=  47.000, z=   0.000
  Object   : x=   0.001, y=  40.004, z= 569.726
  Detector : x=   1.000, y=  47.000, z= 696.000
  Obj rotY :   0.0000 deg
view   0 | SOD= 569.775 mm | SDD= 696.006 mm | M= 1.222 | incident=0.2470°
[[ 116.798134   -557.6316       -6.9964333 ]
 [ -25.340475    123.70653      -6.9964333 ]
 [   0.14631413    0.0311823     0.        ]
 [   0.            0.            0.1496    ]]
Residual vector length: 90, Jacobian shape: (90, 6)
view   0 | SOD= 569.835 mm | SDD= 696.006 mm | M= 1.221 | incident=0.2470°
[[ 117.22405    -557.60376      -6.9975014 ]
 [ -25.417685    123.629196     -6.9975014 ]
 [   0.14629106    0.03129034    0.        ]
 [   0.            0.            0.1496    ]]

iter 20 cost=0.494648 -> 0.395602 |dtheta|=7.228283e-02  lambda=1.000e-06

============================================================
Iteration 21
============================================================
Theta offsets (Unity frame):
  Source   : dSx=   0.000, dSy=   0.000, dSz=   0.000  (mm)
  Object   : dOx= -14.000, dOy=   8.002, dOz= -22.216  (mm)
  Object offset: offset_x=  -0.003, offset_z=   0.005  (mm)
  Detector : dDx=   0.000, dDy=   0.000, dDz=   0.000  (mm)
  Obj Stage rotY :   12.073 deg
============================================================

Unity geometry (world coordinates):
  Source   : x=  -2.000, y=  47.000, z=   0.000
  Object   : x=   0.000, y=  40.002, z= 569.784
  Detector : x=   1.000, y=  47.000, z= 696.000
  Obj rotY :   0.0000 deg
view   0 | SOD= 569.835 mm | SDD= 696.006 mm | M= 1.221 | incident=0.2470°
[[ 117.22405    -557.60376      -6.9975014 ]
 [ -25.417685    123.629196     -6.9975014 ]
 [   0.14629106    0.03129034    0.        ]
 [   0.            0.            0.1496    ]]
Residual vector length: 90, Jacobian shape: (90, 6)
view   0 | SOD= 569.851 mm | SDD= 696.006 mm | M= 1.221 | incident=0.2470°
[[ 118.28542    -557.39514      -6.9973106 ]
 [ -25.654892    123.56463      -6.9973106 ]
 [   0.14623113    0.0315692     0.        ]
 [   0.            0.            0.1496    ]]

iter 21 cost=0.395602 -> 0.336937 |dtheta|=1.105986e-01  lambda=1.000e-06

============================================================
Iteration 22
============================================================
Theta offsets (Unity frame):
  Source   : dSx=   0.000, dSy=   0.000, dSz=   0.000  (mm)
  Object   : dOx= -13.998, dOy=   8.003, dOz= -22.199  (mm)
  Object offset: offset_x=   0.001, offset_z=   0.003  (mm)
  Detector : dDx=   0.000, dDy=   0.000, dDz=   0.000  (mm)
  Obj Stage rotY :   12.182 deg
============================================================

Unity geometry (world coordinates):
  Source   : x=  -2.000, y=  47.000, z=   0.000
  Object   : x=   0.002, y=  40.003, z= 569.801
  Detector : x=   1.000, y=  47.000, z= 696.000
  Obj rotY :   0.0000 deg
view   0 | SOD= 569.851 mm | SDD= 696.006 mm | M= 1.221 | incident=0.2470°
[[ 118.28542    -557.39514      -6.9973106 ]
 [ -25.654892    123.56463      -6.9973106 ]
 [   0.14623113    0.0315692     0.        ]
 [   0.            0.            0.1496    ]]
Residual vector length: 90, Jacobian shape: (90, 6)
view   0 | SOD= 569.858 mm | SDD= 696.006 mm | M= 1.221 | incident=0.2470°
[[ 118.9394     -557.26306      -6.9977264 ]
 [ -25.797262    123.527885     -6.9977264 ]
 [   0.14619412    0.03174021    0.        ]
 [   0.            0.            0.1496    ]]

iter 22 cost=0.336937 -> 0.288065 |dtheta|=6.737207e-02  lambda=1.000e-06

============================================================
Iteration 23
============================================================
Theta offsets (Unity frame):
  Source   : dSx=   0.000, dSy=   0.000, dSz=   0.000  (mm)
  Object   : dOx= -13.999, dOy=   8.002, dOz= -22.192  (mm)
  Object offset: offset_x=   0.000, offset_z=   0.003  (mm)
  Detector : dDx=   0.000, dDy=   0.000, dDz=   0.000  (mm)
  Obj Stage rotY :   12.249 deg
============================================================

Unity geometry (world coordinates):
  Source   : x=  -2.000, y=  47.000, z=   0.000
  Object   : x=   0.001, y=  40.002, z= 569.808
  Detector : x=   1.000, y=  47.000, z= 696.000
  Obj rotY :   0.0000 deg
view   0 | SOD= 569.858 mm | SDD= 696.006 mm | M= 1.221 | incident=0.2470°
[[ 118.9394     -557.26306      -6.9977264 ]
 [ -25.797262    123.527885     -6.9977264 ]
 [   0.14619412    0.03174021    0.        ]
 [   0.            0.            0.1496    ]]
Residual vector length: 90, Jacobian shape: (90, 6)
view   0 | SOD= 569.855 mm | SDD= 696.006 mm | M= 1.221 | incident=0.2470°
[[ 119.388214   -557.16473      -6.9981995 ]
 [ -25.896679    123.50939      -6.9981995 ]
 [   0.1461685     0.03185794    0.        ]
 [   0.            0.            0.1496    ]]

iter 23 cost=0.288065 -> 0.236823 |dtheta|=4.622179e-02  lambda=1.000e-06

============================================================
Iteration 24
============================================================
Theta offsets (Unity frame):
  Source   : dSx=   0.000, dSy=   0.000, dSz=   0.000  (mm)
  Object   : dOx= -14.000, dOy=   8.002, dOz= -22.194  (mm)
  Object offset: offset_x=   0.000, offset_z=   0.003  (mm)
  Detector : dDx=   0.000, dDy=   0.000, dDz=   0.000  (mm)
  Obj Stage rotY :   12.296 deg
============================================================

Unity geometry (world coordinates):
  Source   : x=  -2.000, y=  47.000, z=   0.000
  Object   : x=   0.000, y=  40.002, z= 569.806
  Detector : x=   1.000, y=  47.000, z= 696.000
  Obj rotY :   0.0000 deg
view   0 | SOD= 569.855 mm | SDD= 696.006 mm | M= 1.221 | incident=0.2470°
[[ 119.388214   -557.16473      -6.9981995 ]
 [ -25.896679    123.50939      -6.9981995 ]
 [   0.1461685     0.03185794    0.        ]
 [   0.            0.            0.1496    ]]
Residual vector length: 90, Jacobian shape: (90, 6)
view   0 | SOD= 569.840 mm | SDD= 696.006 mm | M= 1.221 | incident=0.2470°
[[ 119.33881    -557.1594       -6.9972687 ]
 [ -25.889242    123.526855     -6.9972687 ]
 [   0.14617117    0.03184573    0.        ]
 [   0.            0.            0.1496    ]]

iter 24 cost=0.236823 -> 0.258433 |dtheta|=1.649911e-02  lambda=1.000e-06

============================================================
Iteration 25
============================================================
Theta offsets (Unity frame):
  Source   : dSx=   0.000, dSy=   0.000, dSz=   0.000  (mm)
  Object   : dOx= -14.000, dOy=   8.002, dOz= -22.194  (mm)
  Object offset: offset_x=   0.000, offset_z=   0.003  (mm)
  Detector : dDx=   0.000, dDy=   0.000, dDz=   0.000  (mm)
  Obj Stage rotY :   12.296 deg
============================================================

Unity geometry (world coordinates):
  Source   : x=  -2.000, y=  47.000, z=   0.000
  Object   : x=   0.000, y=  40.002, z= 569.806
  Detector : x=   1.000, y=  47.000, z= 696.000
  Obj rotY :   0.0000 deg
view   0 | SOD= 569.855 mm | SDD= 696.006 mm | M= 1.221 | incident=0.2470°
[[ 119.388214   -557.16473      -6.9981995 ]
 [ -25.896679    123.50939      -6.9981995 ]
 [   0.1461685     0.03185794    0.        ]
 [   0.            0.            0.1496    ]]
Residual vector length: 90, Jacobian shape: (90, 6)
view   0 | SOD= 569.840 mm | SDD= 696.006 mm | M= 1.221 | incident=0.2470°
[[ 119.33881    -557.1594       -6.9972687 ]
 [ -25.889242    123.526855     -6.9972687 ]
 [   0.14617117    0.03184573    0.        ]
 [   0.            0.            0.1496    ]]

iter 25 cost=0.236823 -> 0.258433 |dtheta|=1.649910e-02  lambda=5.000e-06

============================================================
Iteration 26
============================================================
Theta offsets (Unity frame):
  Source   : dSx=   0.000, dSy=   0.000, dSz=   0.000  (mm)
  Object   : dOx= -14.000, dOy=   8.002, dOz= -22.194  (mm)
  Object offset: offset_x=   0.000, offset_z=   0.003  (mm)
  Detector : dDx=   0.000, dDy=   0.000, dDz=   0.000  (mm)
  Obj Stage rotY :   12.296 deg
============================================================

Unity geometry (world coordinates):
  Source   : x=  -2.000, y=  47.000, z=   0.000
  Object   : x=   0.000, y=  40.002, z= 569.806
  Detector : x=   1.000, y=  47.000, z= 696.000
  Obj rotY :   0.0000 deg
view   0 | SOD= 569.855 mm | SDD= 696.006 mm | M= 1.221 | incident=0.2470°
[[ 119.388214   -557.16473      -6.9981995 ]
 [ -25.896679    123.50939      -6.9981995 ]
 [   0.1461685     0.03185794    0.        ]
 [   0.            0.            0.1496    ]]
Residual vector length: 90, Jacobian shape: (90, 6)
view   0 | SOD= 569.840 mm | SDD= 696.006 mm | M= 1.221 | incident=0.2470°
[[ 119.33881    -557.1594       -6.9972687 ]
 [ -25.889242    123.526855     -6.9972687 ]
 [   0.14617117    0.03184573    0.        ]
 [   0.            0.            0.1496    ]]

iter 26 cost=0.236823 -> 0.258433 |dtheta|=1.649902e-02  lambda=2.500e-05

============================================================
Iteration 27
============================================================
Theta offsets (Unity frame):
  Source   : dSx=   0.000, dSy=   0.000, dSz=   0.000  (mm)
  Object   : dOx= -14.000, dOy=   8.002, dOz= -22.194  (mm)
  Object offset: offset_x=   0.000, offset_z=   0.003  (mm)
  Detector : dDx=   0.000, dDy=   0.000, dDz=   0.000  (mm)
  Obj Stage rotY :   12.296 deg
============================================================

Unity geometry (world coordinates):
  Source   : x=  -2.000, y=  47.000, z=   0.000
  Object   : x=   0.000, y=  40.002, z= 569.806
  Detector : x=   1.000, y=  47.000, z= 696.000
  Obj rotY :   0.0000 deg
view   0 | SOD= 569.855 mm | SDD= 696.006 mm | M= 1.221 | incident=0.2470°
[[ 119.388214   -557.16473      -6.9981995 ]
 [ -25.896679    123.50939      -6.9981995 ]
 [   0.1461685     0.03185794    0.        ]
 [   0.            0.            0.1496    ]]
Residual vector length: 90, Jacobian shape: (90, 6)
view   0 | SOD= 569.840 mm | SDD= 696.006 mm | M= 1.221 | incident=0.2470°
[[ 119.33881    -557.1594       -6.9972687 ]
 [ -25.889242    123.526855     -6.9972687 ]
 [   0.14617117    0.03184573    0.        ]
 [   0.            0.            0.1496    ]]

iter 27 cost=0.236823 -> 0.258433 |dtheta|=1.649863e-02  lambda=1.250e-04

============================================================
Iteration 28
============================================================
Theta offsets (Unity frame):
  Source   : dSx=   0.000, dSy=   0.000, dSz=   0.000  (mm)
  Object   : dOx= -14.000, dOy=   8.002, dOz= -22.194  (mm)
  Object offset: offset_x=   0.000, offset_z=   0.003  (mm)
  Detector : dDx=   0.000, dDy=   0.000, dDz=   0.000  (mm)
  Obj Stage rotY :   12.296 deg
============================================================

Unity geometry (world coordinates):
  Source   : x=  -2.000, y=  47.000, z=   0.000
  Object   : x=   0.000, y=  40.002, z= 569.806
  Detector : x=   1.000, y=  47.000, z= 696.000
  Obj rotY :   0.0000 deg
view   0 | SOD= 569.855 mm | SDD= 696.006 mm | M= 1.221 | incident=0.2470°
[[ 119.388214   -557.16473      -6.9981995 ]
 [ -25.896679    123.50939      -6.9981995 ]
 [   0.1461685     0.03185794    0.        ]
 [   0.            0.            0.1496    ]]
Residual vector length: 90, Jacobian shape: (90, 6)
view   0 | SOD= 569.840 mm | SDD= 696.006 mm | M= 1.221 | incident=0.2470°
[[ 119.33881    -557.1594       -6.9972687 ]
 [ -25.889242    123.526855     -6.9972687 ]
 [   0.14617117    0.03184573    0.        ]
 [   0.            0.            0.1496    ]]

iter 28 cost=0.236823 -> 0.258433 |dtheta|=1.649669e-02  lambda=6.250e-04

============================================================
Iteration 29
============================================================
Theta offsets (Unity frame):
  Source   : dSx=   0.000, dSy=   0.000, dSz=   0.000  (mm)
  Object   : dOx= -14.000, dOy=   8.002, dOz= -22.194  (mm)
  Object offset: offset_x=   0.000, offset_z=   0.003  (mm)
  Detector : dDx=   0.000, dDy=   0.000, dDz=   0.000  (mm)
  Obj Stage rotY :   12.296 deg
============================================================

Unity geometry (world coordinates):
  Source   : x=  -2.000, y=  47.000, z=   0.000
  Object   : x=   0.000, y=  40.002, z= 569.806
  Detector : x=   1.000, y=  47.000, z= 696.000
  Obj rotY :   0.0000 deg
view   0 | SOD= 569.855 mm | SDD= 696.006 mm | M= 1.221 | incident=0.2470°
[[ 119.388214   -557.16473      -6.9981995 ]
 [ -25.896679    123.50939      -6.9981995 ]
 [   0.1461685     0.03185794    0.        ]
 [   0.            0.            0.1496    ]]
Residual vector length: 90, Jacobian shape: (90, 6)
view   0 | SOD= 569.840 mm | SDD= 696.006 mm | M= 1.221 | incident=0.2470°
[[ 119.33882    -557.1595       -6.9972687 ]
 [ -25.889229    123.526794     -6.9972687 ]
 [   0.14617117    0.03184573    0.        ]
 [   0.            0.            0.1496    ]]

iter 29 cost=0.236823 -> 0.258433 |dtheta|=1.648698e-02  lambda=3.125e-03

============================================================
Iteration 30
============================================================
Theta offsets (Unity frame):
  Source   : dSx=   0.000, dSy=   0.000, dSz=   0.000  (mm)
  Object   : dOx= -14.000, dOy=   8.002, dOz= -22.194  (mm)
  Object offset: offset_x=   0.000, offset_z=   0.003  (mm)
  Detector : dDx=   0.000, dDy=   0.000, dDz=   0.000  (mm)
  Obj Stage rotY :   12.296 deg
============================================================

Unity geometry (world coordinates):
  Source   : x=  -2.000, y=  47.000, z=   0.000
  Object   : x=   0.000, y=  40.002, z= 569.806
  Detector : x=   1.000, y=  47.000, z= 696.000
  Obj rotY :   0.0000 deg
view   0 | SOD= 569.855 mm | SDD= 696.006 mm | M= 1.221 | incident=0.2470°
[[ 119.388214   -557.16473      -6.9981995 ]
 [ -25.896679    123.50939      -6.9981995 ]
 [   0.1461685     0.03185794    0.        ]
 [   0.            0.            0.1496    ]]
Residual vector length: 90, Jacobian shape: (90, 6)
view   0 | SOD= 569.840 mm | SDD= 696.006 mm | M= 1.221 | incident=0.2470°
[[ 119.3388     -557.1595       -6.9972687 ]
 [ -25.889225    123.526794     -6.9972687 ]
 [   0.14617117    0.03184573    0.        ]
 [   0.            0.            0.1496    ]]

iter 30 cost=0.236823 -> 0.258433 |dtheta|=1.643864e-02  lambda=1.562e-02

============================================================
Iteration 31
============================================================
Theta offsets (Unity frame):
  Source   : dSx=   0.000, dSy=   0.000, dSz=   0.000  (mm)
  Object   : dOx= -14.000, dOy=   8.002, dOz= -22.194  (mm)
  Object offset: offset_x=   0.000, offset_z=   0.003  (mm)
  Detector : dDx=   0.000, dDy=   0.000, dDz=   0.000  (mm)
  Obj Stage rotY :   12.296 deg
============================================================

Unity geometry (world coordinates):
  Source   : x=  -2.000, y=  47.000, z=   0.000
  Object   : x=   0.000, y=  40.002, z= 569.806
  Detector : x=   1.000, y=  47.000, z= 696.000
  Obj rotY :   0.0000 deg
view   0 | SOD= 569.855 mm | SDD= 696.006 mm | M= 1.221 | incident=0.2470°
[[ 119.388214   -557.16473      -6.9981995 ]
 [ -25.896679    123.50939      -6.9981995 ]
 [   0.1461685     0.03185794    0.        ]
 [   0.            0.            0.1496    ]]
Residual vector length: 90, Jacobian shape: (90, 6)
view   0 | SOD= 569.840 mm | SDD= 696.006 mm | M= 1.221 | incident=0.2470°
[[ 119.33877    -557.1598       -6.9972763 ]
 [ -25.88914     123.526505     -6.9972763 ]
 [   0.14617117    0.0318457     0.        ]
 [   0.            0.            0.1496    ]]

iter 31 cost=0.236823 -> 0.258433 |dtheta|=1.620190e-02  lambda=7.812e-02

============================================================
Iteration 32
============================================================
Theta offsets (Unity frame):
  Source   : dSx=   0.000, dSy=   0.000, dSz=   0.000  (mm)
  Object   : dOx= -14.000, dOy=   8.002, dOz= -22.194  (mm)
  Object offset: offset_x=   0.000, offset_z=   0.003  (mm)
  Detector : dDx=   0.000, dDy=   0.000, dDz=   0.000  (mm)
  Obj Stage rotY :   12.296 deg
============================================================

Unity geometry (world coordinates):
  Source   : x=  -2.000, y=  47.000, z=   0.000
  Object   : x=   0.000, y=  40.002, z= 569.806
  Detector : x=   1.000, y=  47.000, z= 696.000
  Obj rotY :   0.0000 deg
view   0 | SOD= 569.855 mm | SDD= 696.006 mm | M= 1.221 | incident=0.2470°
[[ 119.388214   -557.16473      -6.9981995 ]
 [ -25.896679    123.50939      -6.9981995 ]
 [   0.1461685     0.03185794    0.        ]
 [   0.            0.            0.1496    ]]
Residual vector length: 90, Jacobian shape: (90, 6)
view   0 | SOD= 569.841 mm | SDD= 696.006 mm | M= 1.221 | incident=0.2470°
[[ 119.33863    -557.16095      -6.9972954 ]
 [ -25.88883     123.525444     -6.9972954 ]
 [   0.1461712     0.03184561    0.        ]
 [   0.            0.            0.1496    ]]

iter 32 cost=0.236823 -> 0.258433 |dtheta|=1.513018e-02  lambda=3.906e-01

============================================================
Iteration 33
============================================================
Theta offsets (Unity frame):
  Source   : dSx=   0.000, dSy=   0.000, dSz=   0.000  (mm)
  Object   : dOx= -14.000, dOy=   8.002, dOz= -22.194  (mm)
  Object offset: offset_x=   0.000, offset_z=   0.003  (mm)
  Detector : dDx=   0.000, dDy=   0.000, dDz=   0.000  (mm)
  Obj Stage rotY :   12.296 deg
============================================================

Unity geometry (world coordinates):
  Source   : x=  -2.000, y=  47.000, z=   0.000
  Object   : x=   0.000, y=  40.002, z= 569.806
  Detector : x=   1.000, y=  47.000, z= 696.000
  Obj rotY :   0.0000 deg
view   0 | SOD= 569.855 mm | SDD= 696.006 mm | M= 1.221 | incident=0.2470°
[[ 119.388214   -557.16473      -6.9981995 ]
 [ -25.896679    123.50939      -6.9981995 ]
 [   0.1461685     0.03185794    0.        ]
 [   0.            0.            0.1496    ]]
Residual vector length: 90, Jacobian shape: (90, 6)
view   0 | SOD= 569.845 mm | SDD= 696.006 mm | M= 1.221 | incident=0.2470°
[[ 119.33956    -557.1646       -6.997364  ]
 [ -25.888075    123.521736     -6.997364  ]
 [   0.14617118    0.03184564    0.        ]
 [   0.            0.            0.1496    ]]

iter 33 cost=0.236823 -> 0.258433 |dtheta|=1.158482e-02  lambda=1.953e+00

============================================================
Iteration 34
============================================================
Theta offsets (Unity frame):
  Source   : dSx=   0.000, dSy=   0.000, dSz=   0.000  (mm)
  Object   : dOx= -14.000, dOy=   8.002, dOz= -22.194  (mm)
  Object offset: offset_x=   0.000, offset_z=   0.003  (mm)
  Detector : dDx=   0.000, dDy=   0.000, dDz=   0.000  (mm)
  Obj Stage rotY :   12.296 deg
============================================================

Unity geometry (world coordinates):
  Source   : x=  -2.000, y=  47.000, z=   0.000
  Object   : x=   0.000, y=  40.002, z= 569.806
  Detector : x=   1.000, y=  47.000, z= 696.000
  Obj rotY :   0.0000 deg
view   0 | SOD= 569.855 mm | SDD= 696.006 mm | M= 1.221 | incident=0.2470°
[[ 119.388214   -557.16473      -6.9981995 ]
 [ -25.896679    123.50939      -6.9981995 ]
 [   0.1461685     0.03185794    0.        ]
 [   0.            0.            0.1496    ]]
Residual vector length: 90, Jacobian shape: (90, 6)
view   0 | SOD= 569.851 mm | SDD= 696.006 mm | M= 1.221 | incident=0.2470°
[[ 119.35012    -557.16833      -6.9974747 ]
 [ -25.888922    123.51557      -6.9974747 ]
 [   0.14617065    0.03184809    0.        ]
 [   0.            0.            0.1496    ]]

iter 34 cost=0.236823 -> 0.258270 |dtheta|=6.088474e-03  lambda=9.766e+00

============================================================
Iteration 35
============================================================
Theta offsets (Unity frame):
  Source   : dSx=   0.000, dSy=   0.000, dSz=   0.000  (mm)
  Object   : dOx= -14.000, dOy=   8.002, dOz= -22.194  (mm)
  Object offset: offset_x=   0.000, offset_z=   0.003  (mm)
  Detector : dDx=   0.000, dDy=   0.000, dDz=   0.000  (mm)
  Obj Stage rotY :   12.296 deg
============================================================

Unity geometry (world coordinates):
  Source   : x=  -2.000, y=  47.000, z=   0.000
  Object   : x=   0.000, y=  40.002, z= 569.806
  Detector : x=   1.000, y=  47.000, z= 696.000
  Obj rotY :   0.0000 deg
view   0 | SOD= 569.855 mm | SDD= 696.006 mm | M= 1.221 | incident=0.2470°
[[ 119.388214   -557.16473      -6.9981995 ]
 [ -25.896679    123.50939      -6.9981995 ]
 [   0.1461685     0.03185794    0.        ]
 [   0.            0.            0.1496    ]]
Residual vector length: 90, Jacobian shape: (90, 6)
view   0 | SOD= 569.854 mm | SDD= 696.006 mm | M= 1.221 | incident=0.2470°
[[ 119.37191    -557.16705      -6.997555  ]
 [ -25.892916    123.51137      -6.997555  ]
 [   0.14616944    0.03185363    0.        ]
 [   0.            0.            0.1496    ]]

iter 35 cost=0.236823 -> 0.248501 |dtheta|=2.259528e-03  lambda=4.883e+01

============================================================
Iteration 36
============================================================
Theta offsets (Unity frame):
  Source   : dSx=   0.000, dSy=   0.000, dSz=   0.000  (mm)
  Object   : dOx= -14.000, dOy=   8.002, dOz= -22.194  (mm)
  Object offset: offset_x=   0.000, offset_z=   0.003  (mm)
  Detector : dDx=   0.000, dDy=   0.000, dDz=   0.000  (mm)
  Obj Stage rotY :   12.296 deg
============================================================

Unity geometry (world coordinates):
  Source   : x=  -2.000, y=  47.000, z=   0.000
  Object   : x=   0.000, y=  40.002, z= 569.806
  Detector : x=   1.000, y=  47.000, z= 696.000
  Obj rotY :   0.0000 deg
view   0 | SOD= 569.855 mm | SDD= 696.006 mm | M= 1.221 | incident=0.2470°
[[ 119.388214   -557.16473      -6.9981995 ]
 [ -25.896679    123.50939      -6.9981995 ]
 [   0.1461685     0.03185794    0.        ]
 [   0.            0.            0.1496    ]]
Residual vector length: 90, Jacobian shape: (90, 6)
view   0 | SOD= 569.855 mm | SDD= 696.006 mm | M= 1.221 | incident=0.2470°
[[ 119.38431    -557.1654       -6.997635  ]
 [ -25.89547     123.509834     -6.997635  ]
 [   0.14616874    0.03185684    0.        ]
 [   0.            0.            0.1496    ]]

iter 36 cost=0.236823 -> 0.238865 |dtheta|=8.594824e-04  lambda=2.441e+02

============================================================
Iteration 37
============================================================
Theta offsets (Unity frame):
  Source   : dSx=   0.000, dSy=   0.000, dSz=   0.000  (mm)
  Object   : dOx= -14.000, dOy=   8.002, dOz= -22.194  (mm)
  Object offset: offset_x=   0.000, offset_z=   0.003  (mm)
  Detector : dDx=   0.000, dDy=   0.000, dDz=   0.000  (mm)
  Obj Stage rotY :   12.296 deg
============================================================

Unity geometry (world coordinates):
  Source   : x=  -2.000, y=  47.000, z=   0.000
  Object   : x=   0.000, y=  40.002, z= 569.806
  Detector : x=   1.000, y=  47.000, z= 696.000
  Obj rotY :   0.0000 deg
view   0 | SOD= 569.855 mm | SDD= 696.006 mm | M= 1.221 | incident=0.2470°
[[ 119.388214   -557.16473      -6.9981995 ]
 [ -25.896679    123.50939      -6.9981995 ]
 [   0.1461685     0.03185794    0.        ]
 [   0.            0.            0.1496    ]]
Residual vector length: 90, Jacobian shape: (90, 6)
view   0 | SOD= 569.855 mm | SDD= 696.006 mm | M= 1.221 | incident=0.2470°
[[ 119.38757    -557.165        -6.997814  ]
 [ -25.896288    123.509415     -6.997814  ]
 [   0.14616854    0.03185772    0.        ]
 [   0.            0.            0.1496    ]]

iter 37 cost=0.236823 -> 0.239139 |dtheta|=4.694727e-04  lambda=1.221e+03

============================================================
Iteration 38
============================================================
Theta offsets (Unity frame):
  Source   : dSx=   0.000, dSy=   0.000, dSz=   0.000  (mm)
  Object   : dOx= -14.000, dOy=   8.002, dOz= -22.194  (mm)
  Object offset: offset_x=   0.000, offset_z=   0.003  (mm)
  Detector : dDx=   0.000, dDy=   0.000, dDz=   0.000  (mm)
  Obj Stage rotY :   12.296 deg
============================================================

Unity geometry (world coordinates):
  Source   : x=  -2.000, y=  47.000, z=   0.000
  Object   : x=   0.000, y=  40.002, z= 569.806
  Detector : x=   1.000, y=  47.000, z= 696.000
  Obj rotY :   0.0000 deg
view   0 | SOD= 569.855 mm | SDD= 696.006 mm | M= 1.221 | incident=0.2470°
[[ 119.388214   -557.16473      -6.9981995 ]
 [ -25.896679    123.50939      -6.9981995 ]
 [   0.1461685     0.03185794    0.        ]
 [   0.            0.            0.1496    ]]
Residual vector length: 90, Jacobian shape: (90, 6)
view   0 | SOD= 569.855 mm | SDD= 696.006 mm | M= 1.221 | incident=0.2470°
[[ 119.388115   -557.1648       -6.9980507 ]
 [ -25.896582    123.509415     -6.9980507 ]
 [   0.14616852    0.0318579     0.        ]
 [   0.            0.            0.1496    ]]

iter 38 cost=0.236823 -> 0.235410 |dtheta|=1.749265e-04  lambda=6.104e+03

============================================================
Iteration 39
============================================================
Theta offsets (Unity frame):
  Source   : dSx=   0.000, dSy=   0.000, dSz=   0.000  (mm)
  Object   : dOx= -14.000, dOy=   8.002, dOz= -22.194  (mm)
  Object offset: offset_x=   0.000, offset_z=   0.003  (mm)
  Detector : dDx=   0.000, dDy=   0.000, dDz=   0.000  (mm)
  Obj Stage rotY :   12.296 deg
============================================================

Unity geometry (world coordinates):
  Source   : x=  -2.000, y=  47.000, z=   0.000
  Object   : x=   0.000, y=  40.002, z= 569.806
  Detector : x=   1.000, y=  47.000, z= 696.000
  Obj rotY :   0.0000 deg
view   0 | SOD= 569.855 mm | SDD= 696.006 mm | M= 1.221 | incident=0.2470°
[[ 119.388115   -557.1648       -6.9980507 ]
 [ -25.896582    123.509415     -6.9980507 ]
 [   0.14616852    0.0318579     0.        ]
 [   0.            0.            0.1496    ]]
Residual vector length: 90, Jacobian shape: (90, 6)
view   0 | SOD= 569.855 mm | SDD= 696.006 mm | M= 1.221 | incident=0.2470°
[[ 119.386826   -557.1652       -6.997818  ]
 [ -25.895987    123.50935      -6.997818  ]
 [   0.1461686     0.03185749    0.        ]
 [   0.            0.            0.1496    ]]

iter 39 cost=0.235410 -> 0.241361 |dtheta|=4.204661e-04  lambda=2.035e+03

============================================================
Iteration 40
============================================================
Theta offsets (Unity frame):
  Source   : dSx=   0.000, dSy=   0.000, dSz=   0.000  (mm)
  Object   : dOx= -14.000, dOy=   8.002, dOz= -22.194  (mm)
  Object offset: offset_x=   0.000, offset_z=   0.003  (mm)
  Detector : dDx=   0.000, dDy=   0.000, dDz=   0.000  (mm)
  Obj Stage rotY :   12.296 deg
============================================================

Unity geometry (world coordinates):
  Source   : x=  -2.000, y=  47.000, z=   0.000
  Object   : x=   0.000, y=  40.002, z= 569.806
  Detector : x=   1.000, y=  47.000, z= 696.000
  Obj rotY :   0.0000 deg
view   0 | SOD= 569.855 mm | SDD= 696.006 mm | M= 1.221 | incident=0.2470°
[[ 119.388115   -557.1648       -6.9980507 ]
 [ -25.896582    123.509415     -6.9980507 ]
 [   0.14616852    0.0318579     0.        ]
 [   0.            0.            0.1496    ]]
Residual vector length: 90, Jacobian shape: (90, 6)
view   0 | SOD= 569.855 mm | SDD= 696.006 mm | M= 1.221 | incident=0.2470°
[[ 119.387886   -557.1649       -6.9979744 ]
 [ -25.89644     123.50938      -6.9979744 ]
 [   0.14616853    0.03185782    0.        ]
 [   0.            0.            0.1496    ]]

iter 40 cost=0.235410 -> 0.236742 |dtheta|=1.238224e-04  lambda=1.017e+04

============================================================
Iteration 41
============================================================
Theta offsets (Unity frame):
  Source   : dSx=   0.000, dSy=   0.000, dSz=   0.000  (mm)
  Object   : dOx= -14.000, dOy=   8.002, dOz= -22.194  (mm)
  Object offset: offset_x=   0.000, offset_z=   0.003  (mm)
  Detector : dDx=   0.000, dDy=   0.000, dDz=   0.000  (mm)
  Obj Stage rotY :   12.296 deg
============================================================

Unity geometry (world coordinates):
  Source   : x=  -2.000, y=  47.000, z=   0.000
  Object   : x=   0.000, y=  40.002, z= 569.806
  Detector : x=   1.000, y=  47.000, z= 696.000
  Obj rotY :   0.0000 deg
view   0 | SOD= 569.855 mm | SDD= 696.006 mm | M= 1.221 | incident=0.2470°
[[ 119.388115   -557.1648       -6.9980507 ]
 [ -25.896582    123.509415     -6.9980507 ]
 [   0.14616852    0.0318579     0.        ]
 [   0.            0.            0.1496    ]]
Residual vector length: 90, Jacobian shape: (90, 6)
view   0 | SOD= 569.855 mm | SDD= 696.006 mm | M= 1.221 | incident=0.2470°
[[ 119.38807    -557.1648       -6.9980316 ]
 [ -25.896557    123.509415     -6.9980316 ]
 [   0.14616852    0.03185788    0.        ]
 [   0.            0.            0.1496    ]]

iter 41 cost=0.235410 -> 0.239910 |dtheta|=2.764683e-05  lambda=5.086e+04

============================================================
Iteration 42
============================================================
Theta offsets (Unity frame):
  Source   : dSx=   0.000, dSy=   0.000, dSz=   0.000  (mm)
  Object   : dOx= -14.000, dOy=   8.002, dOz= -22.194  (mm)
  Object offset: offset_x=   0.000, offset_z=   0.003  (mm)
  Detector : dDx=   0.000, dDy=   0.000, dDz=   0.000  (mm)
  Obj Stage rotY :   12.296 deg
============================================================

Unity geometry (world coordinates):
  Source   : x=  -2.000, y=  47.000, z=   0.000
  Object   : x=   0.000, y=  40.002, z= 569.806
  Detector : x=   1.000, y=  47.000, z= 696.000
  Obj rotY :   0.0000 deg
view   0 | SOD= 569.855 mm | SDD= 696.006 mm | M= 1.221 | incident=0.2470°
[[ 119.388115   -557.1648       -6.9980507 ]
 [ -25.896582    123.509415     -6.9980507 ]
 [   0.14616852    0.0318579     0.        ]
 [   0.            0.            0.1496    ]]
Residual vector length: 90, Jacobian shape: (90, 6)
view   0 | SOD= 569.855 mm | SDD= 696.006 mm | M= 1.221 | incident=0.2470°
[[ 119.38811    -557.1648       -6.998047  ]
 [ -25.896576    123.509415     -6.998047  ]
 [   0.14616852    0.03185789    0.        ]
 [   0.            0.            0.1496    ]]

iter 42 cost=0.235410 -> 0.235410 |dtheta|=5.663855e-06  lambda=2.543e+05

============================================================
Iteration 43
============================================================
Theta offsets (Unity frame):
  Source   : dSx=   0.000, dSy=   0.000, dSz=   0.000  (mm)
  Object   : dOx= -14.000, dOy=   8.002, dOz= -22.194  (mm)
  Object offset: offset_x=   0.000, offset_z=   0.003  (mm)
  Detector : dDx=   0.000, dDy=   0.000, dDz=   0.000  (mm)
  Obj Stage rotY :   12.296 deg
============================================================

Unity geometry (world coordinates):
  Source   : x=  -2.000, y=  47.000, z=   0.000
  Object   : x=   0.000, y=  40.002, z= 569.806
  Detector : x=   1.000, y=  47.000, z= 696.000
  Obj rotY :   0.0000 deg
view   0 | SOD= 569.855 mm | SDD= 696.006 mm | M= 1.221 | incident=0.2470°
[[ 119.388115   -557.1648       -6.9980507 ]
 [ -25.896582    123.509415     -6.9980507 ]
 [   0.14616852    0.0318579     0.        ]
 [   0.            0.            0.1496    ]]
Residual vector length: 90, Jacobian shape: (90, 6)
view   0 | SOD= 569.855 mm | SDD= 696.006 mm | M= 1.221 | incident=0.2470°
[[ 119.388115   -557.1648       -6.998047  ]
 [ -25.896582    123.509415     -6.998047  ]
 [   0.14616852    0.0318579     0.        ]
 [   0.            0.            0.1496    ]]

iter 43 cost=0.235410 -> 0.235410 |dtheta|=1.446980e-06  lambda=1.000e+06

============================================================
Iteration 44
============================================================
Theta offsets (Unity frame):
  Source   : dSx=   0.000, dSy=   0.000, dSz=   0.000  (mm)
  Object   : dOx= -14.000, dOy=   8.002, dOz= -22.194  (mm)
  Object offset: offset_x=   0.000, offset_z=   0.003  (mm)
  Detector : dDx=   0.000, dDy=   0.000, dDz=   0.000  (mm)
  Obj Stage rotY :   12.296 deg
============================================================

Unity geometry (world coordinates):
  Source   : x=  -2.000, y=  47.000, z=   0.000
  Object   : x=   0.000, y=  40.002, z= 569.806
  Detector : x=   1.000, y=  47.000, z= 696.000
  Obj rotY :   0.0000 deg
view   0 | SOD= 569.855 mm | SDD= 696.006 mm | M= 1.221 | incident=0.2470°
[[ 119.388115   -557.1648       -6.9980507 ]
 [ -25.896582    123.509415     -6.9980507 ]
 [   0.14616852    0.0318579     0.        ]
 [   0.            0.            0.1496    ]]
Residual vector length: 90, Jacobian shape: (90, 6)
view   0 | SOD= 569.855 mm | SDD= 696.006 mm | M= 1.221 | incident=0.2470°
[[ 119.388115   -557.1648       -6.998047  ]
 [ -25.896582    123.509415     -6.998047  ]
 [   0.14616852    0.0318579     0.        ]
 [   0.            0.            0.1496    ]]

iter 44 cost=0.235410 -> 0.235410 |dtheta|=1.446980e-06  lambda=1.000e+06

============================================================
Iteration 45
============================================================
Theta offsets (Unity frame):
  Source   : dSx=   0.000, dSy=   0.000, dSz=   0.000  (mm)
  Object   : dOx= -14.000, dOy=   8.002, dOz= -22.194  (mm)
  Object offset: offset_x=   0.000, offset_z=   0.003  (mm)
  Detector : dDx=   0.000, dDy=   0.000, dDz=   0.000  (mm)
  Obj Stage rotY :   12.296 deg
============================================================

Unity geometry (world coordinates):
  Source   : x=  -2.000, y=  47.000, z=   0.000
  Object   : x=   0.000, y=  40.002, z= 569.806
  Detector : x=   1.000, y=  47.000, z= 696.000
  Obj rotY :   0.0000 deg
view   0 | SOD= 569.855 mm | SDD= 696.006 mm | M= 1.221 | incident=0.2470°
[[ 119.388115   -557.1648       -6.9980507 ]
 [ -25.896582    123.509415     -6.9980507 ]
 [   0.14616852    0.0318579     0.        ]
 [   0.            0.            0.1496    ]]
Residual vector length: 90, Jacobian shape: (90, 6)
view   0 | SOD= 569.855 mm | SDD= 696.006 mm | M= 1.221 | incident=0.2470°
[[ 119.388115   -557.1648       -6.998047  ]
 [ -25.896582    123.509415     -6.998047  ]
 [   0.14616852    0.0318579     0.        ]
 [   0.            0.            0.1496    ]]

iter 45 cost=0.235410 -> 0.235410 |dtheta|=1.446980e-06  lambda=1.000e+06

============================================================
Iteration 46
============================================================
Theta offsets (Unity frame):
  Source   : dSx=   0.000, dSy=   0.000, dSz=   0.000  (mm)
  Object   : dOx= -14.000, dOy=   8.002, dOz= -22.194  (mm)
  Object offset: offset_x=   0.000, offset_z=   0.003  (mm)
  Detector : dDx=   0.000, dDy=   0.000, dDz=   0.000  (mm)
  Obj Stage rotY :   12.296 deg
============================================================

Unity geometry (world coordinates):
  Source   : x=  -2.000, y=  47.000, z=   0.000
  Object   : x=   0.000, y=  40.002, z= 569.806
  Detector : x=   1.000, y=  47.000, z= 696.000
  Obj rotY :   0.0000 deg
view   0 | SOD= 569.855 mm | SDD= 696.006 mm | M= 1.221 | incident=0.2470°
[[ 119.388115   -557.1648       -6.9980507 ]
 [ -25.896582    123.509415     -6.9980507 ]
 [   0.14616852    0.0318579     0.        ]
 [   0.            0.            0.1496    ]]
Residual vector length: 90, Jacobian shape: (90, 6)
view   0 | SOD= 569.855 mm | SDD= 696.006 mm | M= 1.221 | incident=0.2470°
[[ 119.388115   -557.1648       -6.998047  ]
 [ -25.896582    123.509415     -6.998047  ]
 [   0.14616852    0.0318579     0.        ]
 [   0.            0.            0.1496    ]]

iter 46 cost=0.235410 -> 0.235410 |dtheta|=1.446980e-06  lambda=1.000e+06

============================================================
Iteration 47
============================================================
Theta offsets (Unity frame):
  Source   : dSx=   0.000, dSy=   0.000, dSz=   0.000  (mm)
  Object   : dOx= -14.000, dOy=   8.002, dOz= -22.194  (mm)
  Object offset: offset_x=   0.000, offset_z=   0.003  (mm)
  Detector : dDx=   0.000, dDy=   0.000, dDz=   0.000  (mm)
  Obj Stage rotY :   12.296 deg
============================================================

Unity geometry (world coordinates):
  Source   : x=  -2.000, y=  47.000, z=   0.000
  Object   : x=   0.000, y=  40.002, z= 569.806
  Detector : x=   1.000, y=  47.000, z= 696.000
  Obj rotY :   0.0000 deg
view   0 | SOD= 569.855 mm | SDD= 696.006 mm | M= 1.221 | incident=0.2470°
[[ 119.388115   -557.1648       -6.9980507 ]
 [ -25.896582    123.509415     -6.9980507 ]
 [   0.14616852    0.0318579     0.        ]
 [   0.            0.            0.1496    ]]
Residual vector length: 90, Jacobian shape: (90, 6)
view   0 | SOD= 569.855 mm | SDD= 696.006 mm | M= 1.221 | incident=0.2470°
[[ 119.388115   -557.1648       -6.998047  ]
 [ -25.896582    123.509415     -6.998047  ]
 [   0.14616852    0.0318579     0.        ]
 [   0.            0.            0.1496    ]]

iter 47 cost=0.235410 -> 0.235410 |dtheta|=1.446980e-06  lambda=1.000e+06

============================================================
Iteration 48
============================================================
Theta offsets (Unity frame):
  Source   : dSx=   0.000, dSy=   0.000, dSz=   0.000  (mm)
  Object   : dOx= -14.000, dOy=   8.002, dOz= -22.194  (mm)
  Object offset: offset_x=   0.000, offset_z=   0.003  (mm)
  Detector : dDx=   0.000, dDy=   0.000, dDz=   0.000  (mm)
  Obj Stage rotY :   12.296 deg
============================================================

Unity geometry (world coordinates):
  Source   : x=  -2.000, y=  47.000, z=   0.000
  Object   : x=   0.000, y=  40.002, z= 569.806
  Detector : x=   1.000, y=  47.000, z= 696.000
  Obj rotY :   0.0000 deg
view   0 | SOD= 569.855 mm | SDD= 696.006 mm | M= 1.221 | incident=0.2470°
[[ 119.388115   -557.1648       -6.9980507 ]
 [ -25.896582    123.509415     -6.9980507 ]
 [   0.14616852    0.0318579     0.        ]
 [   0.            0.            0.1496    ]]
Residual vector length: 90, Jacobian shape: (90, 6)
view   0 | SOD= 569.855 mm | SDD= 696.006 mm | M= 1.221 | incident=0.2470°
[[ 119.388115   -557.1648       -6.998047  ]
 [ -25.896582    123.509415     -6.998047  ]
 [   0.14616852    0.0318579     0.        ]
 [   0.            0.            0.1496    ]]

iter 48 cost=0.235410 -> 0.235410 |dtheta|=1.446980e-06  lambda=1.000e+06

============================================================
Iteration 49
============================================================
Theta offsets (Unity frame):
  Source   : dSx=   0.000, dSy=   0.000, dSz=   0.000  (mm)
  Object   : dOx= -14.000, dOy=   8.002, dOz= -22.194  (mm)
  Object offset: offset_x=   0.000, offset_z=   0.003  (mm)
  Detector : dDx=   0.000, dDy=   0.000, dDz=   0.000  (mm)
  Obj Stage rotY :   12.296 deg
============================================================

Unity geometry (world coordinates):
  Source   : x=  -2.000, y=  47.000, z=   0.000
  Object   : x=   0.000, y=  40.002, z= 569.806
  Detector : x=   1.000, y=  47.000, z= 696.000
  Obj rotY :   0.0000 deg
view   0 | SOD= 569.855 mm | SDD= 696.006 mm | M= 1.221 | incident=0.2470°
[[ 119.388115   -557.1648       -6.9980507 ]
 [ -25.896582    123.509415     -6.9980507 ]
 [   0.14616852    0.0318579     0.        ]
 [   0.            0.            0.1496    ]]
Residual vector length: 90, Jacobian shape: (90, 6)
view   0 | SOD= 569.855 mm | SDD= 696.006 mm | M= 1.221 | incident=0.2470°
[[ 119.388115   -557.1648       -6.998047  ]
 [ -25.896582    123.509415     -6.998047  ]
 [   0.14616852    0.0318579     0.        ]
 [   0.            0.            0.1496    ]]

iter 49 cost=0.235410 -> 0.235410 |dtheta|=1.446980e-06  lambda=1.000e+06
Stalled.

Estimated theta:
  dSx: +0.000000
  dSy: +0.000000
  dOx: -13.999566
  dOy: +8.001950
  dOz: -22.194440
  dDx: +0.000000
  dDy: +0.000000
  dDz: +0.000000
alpha: +1.229551e+01 deg)
offset_x: +0.000333
offset_z: +0.003310

Final cost table:
Fake theta: [  0.    0.  -14.    8.  -22.    0.    0.    0.   12.3   0.    0. ]
Final estimated theta: [  0.           0.         -13.99956574   8.00194992 -22.19443986
   0.           0.           0.          12.29551218   0.00033327
   0.00331027]
Diff from Expected: [ 0.          0.          0.00043426  0.00194992 -0.19443986  0.
  0.          0.         -0.00448801  0.00033327  0.00331027]
################################################################################

