Phantom already exists, skipping: cuboid_phantom_3_square.npy

################################################################################
Running cuboid=square scenario=G2 N_ANGLES=10, K=3
view   0 | SOD= 570.046 mm | SDD= 696.006 mm | M= 1.221 | incident=0.2470°
[[ 119.47323    -557.34204      -7.        ]
 [ -25.864782    123.32077      -7.        ]
 [   0.14616601    0.03186934    0.        ]
 [   0.            0.            0.1496    ]]
          image          x1          y1  area1          x2          y2  area2          x3          y3  area3
0  proj_000.png  550.979408  337.661519    777  400.387234  435.239716    705  551.000000  538.574359    780
1  proj_001.png  466.135338  337.411028    798  481.001397  434.979050    716  466.141604  539.333333    798
2  proj_002.png  384.275194  337.817829    774  559.201693  435.410437    709  384.264516  538.165161    775
3  proj_003.png  338.963514  338.409459    740  606.559889  436.314763    718  338.923284  535.725437    743
4  proj_004.png  345.976356  339.141864    719  604.303071  437.229640    749  345.995822  532.866295    718
5  proj_005.png  400.340395  339.673729    708  550.917949  438.115385    780  400.419858  530.782979    705
6  proj_006.png  481.016783  339.809790    715  466.125313  438.354637    798  481.029412  530.159664    714
7  proj_007.png  559.186441  339.574859    708  384.347938  438.000000    776  559.219858  531.113475    705
8  proj_008.png  606.560393  338.959270    712  338.915550  437.040214    746  606.548966  533.424828    725
9  proj_009.png  604.325333  338.172000    750  345.980609  436.091413    722  604.288770  536.244652    748

============================================================
Iteration 0
============================================================
Theta offsets (Unity frame):
  Source   : dSx=   0.000, dSy=   0.000, dSz=   0.000  (mm)
  Object   : dOx=   0.000, dOy=   0.000, dOz=   0.000  (mm)
  Object offset: offset_x=   0.000, offset_z=   0.000  (mm)
  Detector : dDx=   0.000, dDy=   0.000, dDz=   0.000  (mm)
  Obj Stage rotY :    0.000 deg
============================================================

Unity geometry (world coordinates):
  Source   : x=  -2.000, y=  47.000, z=   0.000
  Object   : x=  14.000, y=  32.000, z= 592.000
  Detector : x=   1.000, y=  47.000, z= 696.000
  Obj rotY :   0.0000 deg
view   0 | SOD= 592.406 mm | SDD= 696.006 mm | M= 1.175 | incident=0.2470°
[[ -16.     -592.      -15.    ]
 [ -13.      104.      -15.    ]
 [   0.1496    0.        0.    ]
 [   0.        0.        0.1496]]
             x1        y1  area1          x2        y2  area2          x3         y3   area3
range  264.5057  1.384692   96.0  264.547211  6.741705  101.0  247.303977  95.258092  2771.0
FAILURE!!!! Some beads might have been misidentified
               x1        y1  area1          x2        y2  area2          x3         y3   area3
range  264.548805  1.387674  105.0  264.566615  6.724049  105.0  234.250473  96.798617  3626.0
FAILURE!!!! Some beads might have been misidentified
               x1        y1  area1          x2        y2  area2          x3         y3   area3
range  264.496138  1.390466  101.0  264.560502  6.713243   99.0  234.322871  98.735197  4729.0
FAILURE!!!! Some beads might have been misidentified
               x1        y1  area1          x2        y2  area2         x3         y3   area3
range  264.567886  1.280566  100.0  264.548472  6.616299  101.0  247.32808  96.528827  3454.0
FAILURE!!!! Some beads might have been misidentified
               x1        y1  area1          x2        y2  area2          x3         y3  area3
range  264.537975  1.473913  103.0  264.543965  6.821837  105.0  247.348401  82.861228  676.0
FAILURE!!!! Some beads might have been misidentified
               x1        y1  area1          x2        y2  area2          x3         y3   area3
range  264.465296  1.461609   99.0  264.446902  6.758875  102.0  247.292047  88.697428  1250.0
FAILURE!!!! Some beads might have been misidentified
               x1        y1  area1          x2        y2  area2          x3         y3   area3
range  264.573608  1.387007   96.0  264.566227  6.734036  102.0  247.349503  97.448055  3577.0
FAILURE!!!! Some beads might have been misidentified
               x1        y1  area1          x2        y2  area2          x3        y3   area3
range  264.465296  1.425941   98.0  264.477243  6.744458  101.0  247.323353  95.25867  2765.0
FAILURE!!!! Some beads might have been misidentified
               x1        y1  area1          x2        y2  area2          x3         y3   area3
range  264.525825  1.383775   97.0  264.547211  6.731268   99.0  247.289411  95.515739  2842.0
FAILURE!!!! Some beads might have been misidentified
               x1        y1  area1          x2        y2  area2          x3         y3   area3
range  264.660808  1.406394   99.0  264.403599  6.750568   98.0  234.365945  99.084779  5222.0
FAILURE!!!! Some beads might have been misidentified
               x1        y1  area1          x2        y2  area2          x3         y3  area3
range  264.407742  1.417906  101.0  264.680609  6.717845  101.0  247.196033  85.466923  883.0
FAILURE!!!! Some beads might have been misidentified
               x1        y1  area1          x2       y2  area2          x3         y3   area3
range  264.643017  1.417906  102.0  264.420849  6.71249   97.0  247.404085  97.236949  3555.0
FAILURE!!!! Some beads might have been misidentified
               x1        y1  area1          x2        y2  area2          x3         y3   area3
range  264.446589  1.405854   98.0  264.620333  6.748634  102.0  247.208727  89.490344  1362.0
FAILURE!!!! Some beads might have been misidentified
Residual vector length: 90, Jacobian shape: (90, 6)
view   0 | SOD= 655.297 mm | SDD= 696.006 mm | M= 1.062 | incident=0.2470°
[[  34.68578    -654.31354      -9.24176   ]
 [ -15.245137     39.899605     -9.24176   ]
 [   0.1491669     0.01137524    0.        ]
 [   0.            0.            0.1496    ]]
               x1          y1  area1          x2          y2  area2          x3          y3  area3
range  708.071763  360.075734  700.0  666.234421  447.480851  705.0  708.046875  534.568571  700.0
FAILURE!!!! Some beads might have been misidentified

iter 00 cost=256108.384084 -> 1447521.441480 |dtheta|=5.884163e+01  lambda=1.000e-02

============================================================
Iteration 1
============================================================
Theta offsets (Unity frame):
  Source   : dSx=   0.000, dSy=   0.000, dSz=   0.000  (mm)
  Object   : dOx=   0.000, dOy=   0.000, dOz=   0.000  (mm)
  Object offset: offset_x=   0.000, offset_z=   0.000  (mm)
  Detector : dDx=   0.000, dDy=   0.000, dDz=   0.000  (mm)
  Obj Stage rotY :    0.000 deg
============================================================

Unity geometry (world coordinates):
  Source   : x=  -2.000, y=  47.000, z=   0.000
  Object   : x=  14.000, y=  32.000, z= 592.000
  Detector : x=   1.000, y=  47.000, z= 696.000
  Obj rotY :   0.0000 deg
view   0 | SOD= 592.406 mm | SDD= 696.006 mm | M= 1.175 | incident=0.2470°
[[ -16.     -592.      -15.    ]
 [ -13.      104.      -15.    ]
 [   0.1496    0.        0.    ]
 [   0.        0.        0.1496]]
             x1        y1  area1          x2        y2  area2          x3         y3   area3
range  264.5057  1.384692   96.0  264.547211  6.741705  101.0  247.303977  95.258092  2771.0
FAILURE!!!! Some beads might have been misidentified
               x1        y1  area1          x2        y2  area2          x3         y3   area3
range  264.548805  1.387674  105.0  264.566615  6.724049  105.0  234.250473  96.798617  3626.0
FAILURE!!!! Some beads might have been misidentified
               x1        y1  area1          x2        y2  area2          x3         y3   area3
range  264.496138  1.390466  101.0  264.560502  6.713243   99.0  234.322871  98.735197  4729.0
FAILURE!!!! Some beads might have been misidentified
               x1        y1  area1          x2        y2  area2         x3         y3   area3
range  264.567886  1.280566  100.0  264.548472  6.616299  101.0  247.32808  96.528827  3454.0
FAILURE!!!! Some beads might have been misidentified
               x1        y1  area1          x2        y2  area2          x3         y3  area3
range  264.537975  1.473913  103.0  264.543965  6.821837  105.0  247.348401  82.861228  676.0
FAILURE!!!! Some beads might have been misidentified
               x1        y1  area1          x2        y2  area2          x3         y3   area3
range  264.465296  1.461609   99.0  264.446902  6.758875  102.0  247.292047  88.697428  1250.0
FAILURE!!!! Some beads might have been misidentified
               x1        y1  area1          x2        y2  area2          x3         y3   area3
range  264.573608  1.387007   96.0  264.566227  6.734036  102.0  247.349503  97.448055  3577.0
FAILURE!!!! Some beads might have been misidentified
               x1        y1  area1          x2        y2  area2          x3        y3   area3
range  264.465296  1.425941   98.0  264.477243  6.744458  101.0  247.323353  95.25867  2765.0
FAILURE!!!! Some beads might have been misidentified
               x1        y1  area1          x2        y2  area2          x3         y3   area3
range  264.525825  1.383775   97.0  264.547211  6.731268   99.0  247.289411  95.515739  2842.0
FAILURE!!!! Some beads might have been misidentified
               x1        y1  area1          x2        y2  area2          x3         y3   area3
range  264.660808  1.406394   99.0  264.403599  6.750568   98.0  234.365945  99.084779  5222.0
FAILURE!!!! Some beads might have been misidentified
               x1        y1  area1          x2        y2  area2          x3         y3  area3
range  264.407742  1.417906  101.0  264.680609  6.717845  101.0  247.196033  85.466923  883.0
FAILURE!!!! Some beads might have been misidentified
               x1        y1  area1          x2       y2  area2          x3         y3   area3
range  264.643017  1.417906  102.0  264.420849  6.71249   97.0  247.404085  97.236949  3555.0
FAILURE!!!! Some beads might have been misidentified
               x1        y1  area1          x2        y2  area2          x3         y3   area3
range  264.446589  1.405854   98.0  264.620333  6.748634  102.0  247.208727  89.490344  1362.0
FAILURE!!!! Some beads might have been misidentified
Residual vector length: 90, Jacobian shape: (90, 6)
view   0 | SOD= 655.118 mm | SDD= 696.006 mm | M= 1.062 | incident=0.2470°
[[  34.80643    -654.1278       -9.24081   ]
 [ -15.269218     40.074944     -9.24081   ]
 [   0.14916453    0.01140634    0.        ]
 [   0.            0.            0.1496    ]]
               x1          y1  area1          x2     y2  area2          x3          y3  area3
range  708.071763  360.075734  699.0  666.284444  447.5  706.0  708.012461  534.598571  700.0
FAILURE!!!! Some beads might have been misidentified

iter 01 cost=256108.384084 -> 1447549.112286 |dtheta|=5.868022e+01  lambda=5.000e-02

============================================================
Iteration 2
============================================================
Theta offsets (Unity frame):
  Source   : dSx=   0.000, dSy=   0.000, dSz=   0.000  (mm)
  Object   : dOx=   0.000, dOy=   0.000, dOz=   0.000  (mm)
  Object offset: offset_x=   0.000, offset_z=   0.000  (mm)
  Detector : dDx=   0.000, dDy=   0.000, dDz=   0.000  (mm)
  Obj Stage rotY :    0.000 deg
============================================================

Unity geometry (world coordinates):
  Source   : x=  -2.000, y=  47.000, z=   0.000
  Object   : x=  14.000, y=  32.000, z= 592.000
  Detector : x=   1.000, y=  47.000, z= 696.000
  Obj rotY :   0.0000 deg
view   0 | SOD= 592.406 mm | SDD= 696.006 mm | M= 1.175 | incident=0.2470°
[[ -16.     -592.      -15.    ]
 [ -13.      104.      -15.    ]
 [   0.1496    0.        0.    ]
 [   0.        0.        0.1496]]
             x1        y1  area1          x2        y2  area2          x3         y3   area3
range  264.5057  1.384692   96.0  264.547211  6.741705  101.0  247.303977  95.258092  2771.0
FAILURE!!!! Some beads might have been misidentified
               x1        y1  area1          x2        y2  area2          x3         y3   area3
range  264.548805  1.387674  105.0  264.566615  6.724049  105.0  234.250473  96.798617  3626.0
FAILURE!!!! Some beads might have been misidentified
               x1        y1  area1          x2        y2  area2          x3         y3   area3
range  264.496138  1.390466  101.0  264.560502  6.713243   99.0  234.322871  98.735197  4729.0
FAILURE!!!! Some beads might have been misidentified
               x1        y1  area1          x2        y2  area2         x3         y3   area3
range  264.567886  1.280566  100.0  264.548472  6.616299  101.0  247.32808  96.528827  3454.0
FAILURE!!!! Some beads might have been misidentified
               x1        y1  area1          x2        y2  area2          x3         y3  area3
range  264.537975  1.473913  103.0  264.543965  6.821837  105.0  247.348401  82.861228  676.0
FAILURE!!!! Some beads might have been misidentified
               x1        y1  area1          x2        y2  area2          x3         y3   area3
range  264.465296  1.461609   99.0  264.446902  6.758875  102.0  247.292047  88.697428  1250.0
FAILURE!!!! Some beads might have been misidentified
               x1        y1  area1          x2        y2  area2          x3         y3   area3
range  264.573608  1.387007   96.0  264.566227  6.734036  102.0  247.349503  97.448055  3577.0
FAILURE!!!! Some beads might have been misidentified
               x1        y1  area1          x2        y2  area2          x3        y3   area3
range  264.465296  1.425941   98.0  264.477243  6.744458  101.0  247.323353  95.25867  2765.0
FAILURE!!!! Some beads might have been misidentified
               x1        y1  area1          x2        y2  area2          x3         y3   area3
range  264.525825  1.383775   97.0  264.547211  6.731268   99.0  247.289411  95.515739  2842.0
FAILURE!!!! Some beads might have been misidentified
               x1        y1  area1          x2        y2  area2          x3         y3   area3
range  264.660808  1.406394   99.0  264.403599  6.750568   98.0  234.365945  99.084779  5222.0
FAILURE!!!! Some beads might have been misidentified
               x1        y1  area1          x2        y2  area2          x3         y3  area3
range  264.407742  1.417906  101.0  264.680609  6.717845  101.0  247.196033  85.466923  883.0
FAILURE!!!! Some beads might have been misidentified
               x1        y1  area1          x2       y2  area2          x3         y3   area3
range  264.643017  1.417906  102.0  264.420849  6.71249   97.0  247.404085  97.236949  3555.0
FAILURE!!!! Some beads might have been misidentified
               x1        y1  area1          x2        y2  area2          x3         y3   area3
range  264.446589  1.405854   98.0  264.620333  6.748634  102.0  247.208727  89.490344  1362.0
FAILURE!!!! Some beads might have been misidentified
Residual vector length: 90, Jacobian shape: (90, 6)
view   0 | SOD= 654.238 mm | SDD= 696.006 mm | M= 1.064 | incident=0.2470°
[[  35.397102   -653.2145       -9.236153  ]
 [ -15.388577     40.93667      -9.236153  ]
 [   0.14915279    0.0115589     0.        ]
 [   0.            0.            0.1496    ]]
               x1          y1  area1          x2          y2  area2          x3          y3  area3
range  707.913043  360.046012  703.0  666.938053  447.519149  706.0  707.922481  534.748222  703.0
FAILURE!!!! Some beads might have been misidentified

iter 02 cost=256108.384084 -> 1447583.423115 |dtheta|=5.788691e+01  lambda=2.500e-01

============================================================
Iteration 3
============================================================
Theta offsets (Unity frame):
  Source   : dSx=   0.000, dSy=   0.000, dSz=   0.000  (mm)
  Object   : dOx=   0.000, dOy=   0.000, dOz=   0.000  (mm)
  Object offset: offset_x=   0.000, offset_z=   0.000  (mm)
  Detector : dDx=   0.000, dDy=   0.000, dDz=   0.000  (mm)
  Obj Stage rotY :    0.000 deg
============================================================

Unity geometry (world coordinates):
  Source   : x=  -2.000, y=  47.000, z=   0.000
  Object   : x=  14.000, y=  32.000, z= 592.000
  Detector : x=   1.000, y=  47.000, z= 696.000
  Obj rotY :   0.0000 deg
view   0 | SOD= 592.406 mm | SDD= 696.006 mm | M= 1.175 | incident=0.2470°
[[ -16.     -592.      -15.    ]
 [ -13.      104.      -15.    ]
 [   0.1496    0.        0.    ]
 [   0.        0.        0.1496]]
             x1        y1  area1          x2        y2  area2          x3         y3   area3
range  264.5057  1.384692   96.0  264.547211  6.741705  101.0  247.303977  95.258092  2771.0
FAILURE!!!! Some beads might have been misidentified
               x1        y1  area1          x2        y2  area2          x3         y3   area3
range  264.548805  1.387674  105.0  264.566615  6.724049  105.0  234.250473  96.798617  3626.0
FAILURE!!!! Some beads might have been misidentified
               x1        y1  area1          x2        y2  area2          x3         y3   area3
range  264.496138  1.390466  101.0  264.560502  6.713243   99.0  234.322871  98.735197  4729.0
FAILURE!!!! Some beads might have been misidentified
               x1        y1  area1          x2        y2  area2         x3         y3   area3
range  264.567886  1.280566  100.0  264.548472  6.616299  101.0  247.32808  96.528827  3454.0
FAILURE!!!! Some beads might have been misidentified
               x1        y1  area1          x2        y2  area2          x3         y3  area3
range  264.537975  1.473913  103.0  264.543965  6.821837  105.0  247.348401  82.861228  676.0
FAILURE!!!! Some beads might have been misidentified
               x1        y1  area1          x2        y2  area2          x3         y3   area3
range  264.465296  1.461609   99.0  264.446902  6.758875  102.0  247.292047  88.697428  1250.0
FAILURE!!!! Some beads might have been misidentified
               x1        y1  area1          x2        y2  area2          x3         y3   area3
range  264.573608  1.387007   96.0  264.566227  6.734036  102.0  247.349503  97.448055  3577.0
FAILURE!!!! Some beads might have been misidentified
               x1        y1  area1          x2        y2  area2          x3        y3   area3
range  264.465296  1.425941   98.0  264.477243  6.744458  101.0  247.323353  95.25867  2765.0
FAILURE!!!! Some beads might have been misidentified
               x1        y1  area1          x2        y2  area2          x3         y3   area3
range  264.525825  1.383775   97.0  264.547211  6.731268   99.0  247.289411  95.515739  2842.0
FAILURE!!!! Some beads might have been misidentified
               x1        y1  area1          x2        y2  area2          x3         y3   area3
range  264.660808  1.406394   99.0  264.403599  6.750568   98.0  234.365945  99.084779  5222.0
FAILURE!!!! Some beads might have been misidentified
               x1        y1  area1          x2        y2  area2          x3         y3  area3
range  264.407742  1.417906  101.0  264.680609  6.717845  101.0  247.196033  85.466923  883.0
FAILURE!!!! Some beads might have been misidentified
               x1        y1  area1          x2       y2  area2          x3         y3   area3
range  264.643017  1.417906  102.0  264.420849  6.71249   97.0  247.404085  97.236949  3555.0
FAILURE!!!! Some beads might have been misidentified
               x1        y1  area1          x2        y2  area2          x3         y3   area3
range  264.446589  1.405854   98.0  264.620333  6.748634  102.0  247.208727  89.490344  1362.0
FAILURE!!!! Some beads might have been misidentified
Residual vector length: 90, Jacobian shape: (90, 6)
view   0 | SOD= 650.182 mm | SDD= 696.006 mm | M= 1.070 | incident=0.2470°
[[  38.063145   -649.0012       -9.214996  ]
 [ -15.959258     44.90551      -9.214996  ]
 [   0.14909725    0.01225437    0.        ]
 [   0.            0.            0.1496    ]]
              x1          y1  area1          x2          y2  area2          x3         y3  area3
range  707.48228  359.841463  717.0  669.898975  447.703497  717.0  707.487654  535.56338  710.0
FAILURE!!!! Some beads might have been misidentified

iter 03 cost=256108.384084 -> 1447858.001021 |dtheta|=5.423631e+01  lambda=1.250e+00

============================================================
Iteration 4
============================================================
Theta offsets (Unity frame):
  Source   : dSx=   0.000, dSy=   0.000, dSz=   0.000  (mm)
  Object   : dOx=   0.000, dOy=   0.000, dOz=   0.000  (mm)
  Object offset: offset_x=   0.000, offset_z=   0.000  (mm)
  Detector : dDx=   0.000, dDy=   0.000, dDz=   0.000  (mm)
  Obj Stage rotY :    0.000 deg
============================================================

Unity geometry (world coordinates):
  Source   : x=  -2.000, y=  47.000, z=   0.000
  Object   : x=  14.000, y=  32.000, z= 592.000
  Detector : x=   1.000, y=  47.000, z= 696.000
  Obj rotY :   0.0000 deg
view   0 | SOD= 592.406 mm | SDD= 696.006 mm | M= 1.175 | incident=0.2470°
[[ -16.     -592.      -15.    ]
 [ -13.      104.      -15.    ]
 [   0.1496    0.        0.    ]
 [   0.        0.        0.1496]]
             x1        y1  area1          x2        y2  area2          x3         y3   area3
range  264.5057  1.384692   96.0  264.547211  6.741705  101.0  247.303977  95.258092  2771.0
FAILURE!!!! Some beads might have been misidentified
               x1        y1  area1          x2        y2  area2          x3         y3   area3
range  264.548805  1.387674  105.0  264.566615  6.724049  105.0  234.250473  96.798617  3626.0
FAILURE!!!! Some beads might have been misidentified
               x1        y1  area1          x2        y2  area2          x3         y3   area3
range  264.496138  1.390466  101.0  264.560502  6.713243   99.0  234.322871  98.735197  4729.0
FAILURE!!!! Some beads might have been misidentified
               x1        y1  area1          x2        y2  area2         x3         y3   area3
range  264.567886  1.280566  100.0  264.548472  6.616299  101.0  247.32808  96.528827  3454.0
FAILURE!!!! Some beads might have been misidentified
               x1        y1  area1          x2        y2  area2          x3         y3  area3
range  264.537975  1.473913  103.0  264.543965  6.821837  105.0  247.348401  82.861228  676.0
FAILURE!!!! Some beads might have been misidentified
               x1        y1  area1          x2        y2  area2          x3         y3   area3
range  264.465296  1.461609   99.0  264.446902  6.758875  102.0  247.292047  88.697428  1250.0
FAILURE!!!! Some beads might have been misidentified
               x1        y1  area1          x2        y2  area2          x3         y3   area3
range  264.573608  1.387007   96.0  264.566227  6.734036  102.0  247.349503  97.448055  3577.0
FAILURE!!!! Some beads might have been misidentified
               x1        y1  area1          x2        y2  area2          x3        y3   area3
range  264.465296  1.425941   98.0  264.477243  6.744458  101.0  247.323353  95.25867  2765.0
FAILURE!!!! Some beads might have been misidentified
               x1        y1  area1          x2        y2  area2          x3         y3   area3
range  264.525825  1.383775   97.0  264.547211  6.731268   99.0  247.289411  95.515739  2842.0
FAILURE!!!! Some beads might have been misidentified
               x1        y1  area1          x2        y2  area2          x3         y3   area3
range  264.660808  1.406394   99.0  264.403599  6.750568   98.0  234.365945  99.084779  5222.0
FAILURE!!!! Some beads might have been misidentified
               x1        y1  area1          x2        y2  area2          x3         y3  area3
range  264.407742  1.417906  101.0  264.680609  6.717845  101.0  247.196033  85.466923  883.0
FAILURE!!!! Some beads might have been misidentified
               x1        y1  area1          x2       y2  area2          x3         y3   area3
range  264.643017  1.417906  102.0  264.420849  6.71249   97.0  247.404085  97.236949  3555.0
FAILURE!!!! Some beads might have been misidentified
               x1        y1  area1          x2        y2  area2          x3         y3   area3
range  264.446589  1.405854   98.0  264.620333  6.748634  102.0  247.208727  89.490344  1362.0
FAILURE!!!! Some beads might have been misidentified
Residual vector length: 90, Jacobian shape: (90, 6)
view   0 | SOD= 635.892 mm | SDD= 696.006 mm | M= 1.095 | incident=0.2470°
[[  46.573303   -634.1187       -9.146084  ]
 [ -18.212196     58.866043     -9.146084  ]
 [   0.1488891     0.01456692    0.        ]
 [   0.            0.            0.1496    ]]
               x1         y1  area1     x2     y2  area2         x3          y3  area3
range  705.737778  358.89528  736.0  680.5  448.5  745.0  705.72969  538.396175  735.0
FAILURE!!!! Some beads might have been misidentified

iter 04 cost=256108.384084 -> 1449982.316870 |dtheta|=4.146339e+01  lambda=6.250e+00

============================================================
Iteration 5
============================================================
Theta offsets (Unity frame):
  Source   : dSx=   0.000, dSy=   0.000, dSz=   0.000  (mm)
  Object   : dOx=   0.000, dOy=   0.000, dOz=   0.000  (mm)
  Object offset: offset_x=   0.000, offset_z=   0.000  (mm)
  Detector : dDx=   0.000, dDy=   0.000, dDz=   0.000  (mm)
  Obj Stage rotY :    0.000 deg
============================================================

Unity geometry (world coordinates):
  Source   : x=  -2.000, y=  47.000, z=   0.000
  Object   : x=  14.000, y=  32.000, z= 592.000
  Detector : x=   1.000, y=  47.000, z= 696.000
  Obj rotY :   0.0000 deg
view   0 | SOD= 592.406 mm | SDD= 696.006 mm | M= 1.175 | incident=0.2470°
[[ -16.     -592.      -15.    ]
 [ -13.      104.      -15.    ]
 [   0.1496    0.        0.    ]
 [   0.        0.        0.1496]]
             x1        y1  area1          x2        y2  area2          x3         y3   area3
range  264.5057  1.384692   96.0  264.547211  6.741705  101.0  247.303977  95.258092  2771.0
FAILURE!!!! Some beads might have been misidentified
               x1        y1  area1          x2        y2  area2          x3         y3   area3
range  264.548805  1.387674  105.0  264.566615  6.724049  105.0  234.250473  96.798617  3626.0
FAILURE!!!! Some beads might have been misidentified
               x1        y1  area1          x2        y2  area2          x3         y3   area3
range  264.496138  1.390466  101.0  264.560502  6.713243   99.0  234.322871  98.735197  4729.0
FAILURE!!!! Some beads might have been misidentified
               x1        y1  area1          x2        y2  area2         x3         y3   area3
range  264.567886  1.280566  100.0  264.548472  6.616299  101.0  247.32808  96.528827  3454.0
FAILURE!!!! Some beads might have been misidentified
               x1        y1  area1          x2        y2  area2          x3         y3  area3
range  264.537975  1.473913  103.0  264.543965  6.821837  105.0  247.348401  82.861228  676.0
FAILURE!!!! Some beads might have been misidentified
               x1        y1  area1          x2        y2  area2          x3         y3   area3
range  264.465296  1.461609   99.0  264.446902  6.758875  102.0  247.292047  88.697428  1250.0
FAILURE!!!! Some beads might have been misidentified
               x1        y1  area1          x2        y2  area2          x3         y3   area3
range  264.573608  1.387007   96.0  264.566227  6.734036  102.0  247.349503  97.448055  3577.0
FAILURE!!!! Some beads might have been misidentified
               x1        y1  area1          x2        y2  area2          x3        y3   area3
range  264.465296  1.425941   98.0  264.477243  6.744458  101.0  247.323353  95.25867  2765.0
FAILURE!!!! Some beads might have been misidentified
               x1        y1  area1          x2        y2  area2          x3         y3   area3
range  264.525825  1.383775   97.0  264.547211  6.731268   99.0  247.289411  95.515739  2842.0
FAILURE!!!! Some beads might have been misidentified
               x1        y1  area1          x2        y2  area2          x3         y3   area3
range  264.660808  1.406394   99.0  264.403599  6.750568   98.0  234.365945  99.084779  5222.0
FAILURE!!!! Some beads might have been misidentified
               x1        y1  area1          x2        y2  area2          x3         y3  area3
range  264.407742  1.417906  101.0  264.680609  6.717845  101.0  247.196033  85.466923  883.0
FAILURE!!!! Some beads might have been misidentified
               x1        y1  area1          x2       y2  area2          x3         y3   area3
range  264.643017  1.417906  102.0  264.420849  6.71249   97.0  247.404085  97.236949  3555.0
FAILURE!!!! Some beads might have been misidentified
               x1        y1  area1          x2        y2  area2          x3         y3   area3
range  264.446589  1.405854   98.0  264.620333  6.748634  102.0  247.208727  89.490344  1362.0
FAILURE!!!! Some beads might have been misidentified
Residual vector length: 90, Jacobian shape: (90, 6)
view   0 | SOD= 611.717 mm | SDD= 696.006 mm | M= 1.138 | incident=0.2470°
[[  54.476665   -609.2182       -9.090439  ]
 [ -22.262993     82.54477      -9.090439  ]
 [   0.14861542    0.0171352     0.        ]
 [   0.            0.            0.1496    ]]
               x1          y1  area1          x2          y2  area2         x3          y3  area3
range  706.828418  357.868785  791.0  699.606667  450.432704  798.0  706.81976  543.965649  791.0
FAILURE!!!! Some beads might have been misidentified

iter 05 cost=256108.384084 -> 1458662.427060 |dtheta|=2.059146e+01  lambda=3.125e+01

============================================================
Iteration 6
============================================================
Theta offsets (Unity frame):
  Source   : dSx=   0.000, dSy=   0.000, dSz=   0.000  (mm)
  Object   : dOx=   0.000, dOy=   0.000, dOz=   0.000  (mm)
  Object offset: offset_x=   0.000, offset_z=   0.000  (mm)
  Detector : dDx=   0.000, dDy=   0.000, dDz=   0.000  (mm)
  Obj Stage rotY :    0.000 deg
============================================================

Unity geometry (world coordinates):
  Source   : x=  -2.000, y=  47.000, z=   0.000
  Object   : x=  14.000, y=  32.000, z= 592.000
  Detector : x=   1.000, y=  47.000, z= 696.000
  Obj rotY :   0.0000 deg
view   0 | SOD= 592.406 mm | SDD= 696.006 mm | M= 1.175 | incident=0.2470°
[[ -16.     -592.      -15.    ]
 [ -13.      104.      -15.    ]
 [   0.1496    0.        0.    ]
 [   0.        0.        0.1496]]
             x1        y1  area1          x2        y2  area2          x3         y3   area3
range  264.5057  1.384692   96.0  264.547211  6.741705  101.0  247.303977  95.258092  2771.0
FAILURE!!!! Some beads might have been misidentified
               x1        y1  area1          x2        y2  area2          x3         y3   area3
range  264.548805  1.387674  105.0  264.566615  6.724049  105.0  234.250473  96.798617  3626.0
FAILURE!!!! Some beads might have been misidentified
               x1        y1  area1          x2        y2  area2          x3         y3   area3
range  264.496138  1.390466  101.0  264.560502  6.713243   99.0  234.322871  98.735197  4729.0
FAILURE!!!! Some beads might have been misidentified
               x1        y1  area1          x2        y2  area2         x3         y3   area3
range  264.567886  1.280566  100.0  264.548472  6.616299  101.0  247.32808  96.528827  3454.0
FAILURE!!!! Some beads might have been misidentified
               x1        y1  area1          x2        y2  area2          x3         y3  area3
range  264.537975  1.473913  103.0  264.543965  6.821837  105.0  247.348401  82.861228  676.0
FAILURE!!!! Some beads might have been misidentified
               x1        y1  area1          x2        y2  area2          x3         y3   area3
range  264.465296  1.461609   99.0  264.446902  6.758875  102.0  247.292047  88.697428  1250.0
FAILURE!!!! Some beads might have been misidentified
               x1        y1  area1          x2        y2  area2          x3         y3   area3
range  264.573608  1.387007   96.0  264.566227  6.734036  102.0  247.349503  97.448055  3577.0
FAILURE!!!! Some beads might have been misidentified
               x1        y1  area1          x2        y2  area2          x3        y3   area3
range  264.465296  1.425941   98.0  264.477243  6.744458  101.0  247.323353  95.25867  2765.0
FAILURE!!!! Some beads might have been misidentified
               x1        y1  area1          x2        y2  area2          x3         y3   area3
range  264.525825  1.383775   97.0  264.547211  6.731268   99.0  247.289411  95.515739  2842.0
FAILURE!!!! Some beads might have been misidentified
               x1        y1  area1          x2        y2  area2          x3         y3   area3
range  264.660808  1.406394   99.0  264.403599  6.750568   98.0  234.365945  99.084779  5222.0
FAILURE!!!! Some beads might have been misidentified
               x1        y1  area1          x2        y2  area2          x3         y3  area3
range  264.407742  1.417906  101.0  264.680609  6.717845  101.0  247.196033  85.466923  883.0
FAILURE!!!! Some beads might have been misidentified
               x1        y1  area1          x2       y2  area2          x3         y3   area3
range  264.643017  1.417906  102.0  264.420849  6.71249   97.0  247.404085  97.236949  3555.0
FAILURE!!!! Some beads might have been misidentified
               x1        y1  area1          x2        y2  area2          x3         y3   area3
range  264.446589  1.405854   98.0  264.620333  6.748634  102.0  247.208727  89.490344  1362.0
FAILURE!!!! Some beads might have been misidentified
Residual vector length: 90, Jacobian shape: (90, 6)
view   0 | SOD= 597.092 mm | SDD= 696.006 mm | M= 1.166 | incident=0.2470°
[[  37.377903   -595.84656      -9.414181  ]
 [ -21.526854     97.662796     -9.414181  ]
 [   0.1490073     0.01330341    0.        ]
 [   0.            0.            0.1496    ]]
               x1          y1  area1          x2          y2  area2          x3          y3  area3
range  707.951469  359.892857  839.0  712.346887  454.679177  826.0  707.989757  550.406024  836.0
FAILURE!!!! Some beads might have been misidentified

iter 06 cost=256108.384084 -> 1469114.945020 |dtheta|=9.263281e+00  lambda=1.562e+02

============================================================
Iteration 7
============================================================
Theta offsets (Unity frame):
  Source   : dSx=   0.000, dSy=   0.000, dSz=   0.000  (mm)
  Object   : dOx=   0.000, dOy=   0.000, dOz=   0.000  (mm)
  Object offset: offset_x=   0.000, offset_z=   0.000  (mm)
  Detector : dDx=   0.000, dDy=   0.000, dDz=   0.000  (mm)
  Obj Stage rotY :    0.000 deg
============================================================

Unity geometry (world coordinates):
  Source   : x=  -2.000, y=  47.000, z=   0.000
  Object   : x=  14.000, y=  32.000, z= 592.000
  Detector : x=   1.000, y=  47.000, z= 696.000
  Obj rotY :   0.0000 deg
view   0 | SOD= 592.406 mm | SDD= 696.006 mm | M= 1.175 | incident=0.2470°
[[ -16.     -592.      -15.    ]
 [ -13.      104.      -15.    ]
 [   0.1496    0.        0.    ]
 [   0.        0.        0.1496]]
             x1        y1  area1          x2        y2  area2          x3         y3   area3
range  264.5057  1.384692   96.0  264.547211  6.741705  101.0  247.303977  95.258092  2771.0
FAILURE!!!! Some beads might have been misidentified
               x1        y1  area1          x2        y2  area2          x3         y3   area3
range  264.548805  1.387674  105.0  264.566615  6.724049  105.0  234.250473  96.798617  3626.0
FAILURE!!!! Some beads might have been misidentified
               x1        y1  area1          x2        y2  area2          x3         y3   area3
range  264.496138  1.390466  101.0  264.560502  6.713243   99.0  234.322871  98.735197  4729.0
FAILURE!!!! Some beads might have been misidentified
               x1        y1  area1          x2        y2  area2         x3         y3   area3
range  264.567886  1.280566  100.0  264.548472  6.616299  101.0  247.32808  96.528827  3454.0
FAILURE!!!! Some beads might have been misidentified
               x1        y1  area1          x2        y2  area2          x3         y3  area3
range  264.537975  1.473913  103.0  264.543965  6.821837  105.0  247.348401  82.861228  676.0
FAILURE!!!! Some beads might have been misidentified
               x1        y1  area1          x2        y2  area2          x3         y3   area3
range  264.465296  1.461609   99.0  264.446902  6.758875  102.0  247.292047  88.697428  1250.0
FAILURE!!!! Some beads might have been misidentified
               x1        y1  area1          x2        y2  area2          x3         y3   area3
range  264.573608  1.387007   96.0  264.566227  6.734036  102.0  247.349503  97.448055  3577.0
FAILURE!!!! Some beads might have been misidentified
               x1        y1  area1          x2        y2  area2          x3        y3   area3
range  264.465296  1.425941   98.0  264.477243  6.744458  101.0  247.323353  95.25867  2765.0
FAILURE!!!! Some beads might have been misidentified
               x1        y1  area1          x2        y2  area2          x3         y3   area3
range  264.525825  1.383775   97.0  264.547211  6.731268   99.0  247.289411  95.515739  2842.0
FAILURE!!!! Some beads might have been misidentified
               x1        y1  area1          x2        y2  area2          x3         y3   area3
range  264.660808  1.406394   99.0  264.403599  6.750568   98.0  234.365945  99.084779  5222.0
FAILURE!!!! Some beads might have been misidentified
               x1        y1  area1          x2        y2  area2          x3         y3  area3
range  264.407742  1.417906  101.0  264.680609  6.717845  101.0  247.196033  85.466923  883.0
FAILURE!!!! Some beads might have been misidentified
               x1        y1  area1          x2       y2  area2          x3         y3   area3
range  264.643017  1.417906  102.0  264.420849  6.71249   97.0  247.404085  97.236949  3555.0
FAILURE!!!! Some beads might have been misidentified
               x1        y1  area1          x2        y2  area2          x3         y3   area3
range  264.446589  1.405854   98.0  264.620333  6.748634  102.0  247.208727  89.490344  1362.0
FAILURE!!!! Some beads might have been misidentified
Residual vector length: 90, Jacobian shape: (90, 6)
view   0 | SOD= 592.731 mm | SDD= 696.006 mm | M= 1.174 | incident=0.2470°
[[   5.4858594  -592.60754     -10.772358  ]
 [ -16.296516    103.05799     -10.772358  ]
 [   0.14950515    0.00532638    0.        ]
 [   0.            0.            0.1496    ]]
               x1          y1  area1          x2          y2  area2          x3          y3  area3
range  708.126103  370.077734  873.0  715.725441  466.027091  849.0  708.117573  563.388128  876.0
FAILURE!!!! Some beads might have been misidentified

iter 07 cost=256108.384084 -> 842001.654967 |dtheta|=4.967721e+00  lambda=7.812e+02

============================================================
Iteration 8
============================================================
Theta offsets (Unity frame):
  Source   : dSx=   0.000, dSy=   0.000, dSz=   0.000  (mm)
  Object   : dOx=   0.000, dOy=   0.000, dOz=   0.000  (mm)
  Object offset: offset_x=   0.000, offset_z=   0.000  (mm)
  Detector : dDx=   0.000, dDy=   0.000, dDz=   0.000  (mm)
  Obj Stage rotY :    0.000 deg
============================================================

Unity geometry (world coordinates):
  Source   : x=  -2.000, y=  47.000, z=   0.000
  Object   : x=  14.000, y=  32.000, z= 592.000
  Detector : x=   1.000, y=  47.000, z= 696.000
  Obj rotY :   0.0000 deg
view   0 | SOD= 592.406 mm | SDD= 696.006 mm | M= 1.175 | incident=0.2470°
[[ -16.     -592.      -15.    ]
 [ -13.      104.      -15.    ]
 [   0.1496    0.        0.    ]
 [   0.        0.        0.1496]]
             x1        y1  area1          x2        y2  area2          x3         y3   area3
range  264.5057  1.384692   96.0  264.547211  6.741705  101.0  247.303977  95.258092  2771.0
FAILURE!!!! Some beads might have been misidentified
               x1        y1  area1          x2        y2  area2          x3         y3   area3
range  264.548805  1.387674  105.0  264.566615  6.724049  105.0  234.250473  96.798617  3626.0
FAILURE!!!! Some beads might have been misidentified
               x1        y1  area1          x2        y2  area2          x3         y3   area3
range  264.496138  1.390466  101.0  264.560502  6.713243   99.0  234.322871  98.735197  4729.0
FAILURE!!!! Some beads might have been misidentified
               x1        y1  area1          x2        y2  area2         x3         y3   area3
range  264.567886  1.280566  100.0  264.548472  6.616299  101.0  247.32808  96.528827  3454.0
FAILURE!!!! Some beads might have been misidentified
               x1        y1  area1          x2        y2  area2          x3         y3  area3
range  264.537975  1.473913  103.0  264.543965  6.821837  105.0  247.348401  82.861228  676.0
FAILURE!!!! Some beads might have been misidentified
               x1        y1  area1          x2        y2  area2          x3         y3   area3
range  264.465296  1.461609   99.0  264.446902  6.758875  102.0  247.292047  88.697428  1250.0
FAILURE!!!! Some beads might have been misidentified
               x1        y1  area1          x2        y2  area2          x3         y3   area3
range  264.573608  1.387007   96.0  264.566227  6.734036  102.0  247.349503  97.448055  3577.0
FAILURE!!!! Some beads might have been misidentified
               x1        y1  area1          x2        y2  area2          x3        y3   area3
range  264.465296  1.425941   98.0  264.477243  6.744458  101.0  247.323353  95.25867  2765.0
FAILURE!!!! Some beads might have been misidentified
               x1        y1  area1          x2        y2  area2          x3         y3   area3
range  264.525825  1.383775   97.0  264.547211  6.731268   99.0  247.289411  95.515739  2842.0
FAILURE!!!! Some beads might have been misidentified
               x1        y1  area1          x2        y2  area2          x3         y3   area3
range  264.660808  1.406394   99.0  264.403599  6.750568   98.0  234.365945  99.084779  5222.0
FAILURE!!!! Some beads might have been misidentified
               x1        y1  area1          x2        y2  area2          x3         y3  area3
range  264.407742  1.417906  101.0  264.680609  6.717845  101.0  247.196033  85.466923  883.0
FAILURE!!!! Some beads might have been misidentified
               x1        y1  area1          x2       y2  area2          x3         y3   area3
range  264.643017  1.417906  102.0  264.420849  6.71249   97.0  247.404085  97.236949  3555.0
FAILURE!!!! Some beads might have been misidentified
               x1        y1  area1          x2        y2  area2          x3         y3   area3
range  264.446589  1.405854   98.0  264.620333  6.748634  102.0  247.208727  89.490344  1362.0
FAILURE!!!! Some beads might have been misidentified
Residual vector length: 90, Jacobian shape: (90, 6)
view   0 | SOD= 591.938 mm | SDD= 696.006 mm | M= 1.176 | incident=0.2470°
[[ -10.0675125  -591.7083      -13.076527  ]
 [ -13.379542    104.2903      -13.076527  ]
 [   0.14959385    0.0013567     0.        ]
 [   0.            0.            0.1496    ]]

iter 08 cost=256108.384084 -> 214767.498639 |dtheta|=2.223308e+00  lambda=3.906e+03

============================================================
Iteration 9
============================================================
Theta offsets (Unity frame):
  Source   : dSx=   0.000, dSy=   0.000, dSz=   0.000  (mm)
  Object   : dOx=  -0.564, dOy=   1.923, dOz=   0.331  (mm)
  Object offset: offset_x=  -0.003, offset_z=  -0.739  (mm)
  Detector : dDx=   0.000, dDy=   0.000, dDz=   0.000  (mm)
  Obj Stage rotY :    0.520 deg
============================================================

Unity geometry (world coordinates):
  Source   : x=  -2.000, y=  47.000, z=   0.000
  Object   : x=  13.436, y=  33.923, z= 592.331
  Detector : x=   1.000, y=  47.000, z= 696.000
  Obj rotY :   0.0000 deg
view   0 | SOD= 591.938 mm | SDD= 696.006 mm | M= 1.176 | incident=0.2470°
[[ -10.0675125  -591.7083      -13.076527  ]
 [ -13.379542    104.2903      -13.076527  ]
 [   0.14959385    0.0013567     0.        ]
 [   0.            0.            0.1496    ]]
Residual vector length: 90, Jacobian shape: (90, 6)
view   0 | SOD= 592.960 mm | SDD= 696.006 mm | M= 1.174 | incident=0.2470°
[[   9.970446   -592.79596      -9.7363205 ]
 [  -7.4772706   102.99178      -9.7363205 ]
 [   0.14953543    0.00439481    0.        ]
 [   0.            0.            0.1496    ]]
               x1          y1  area1          x2          y2  area2          x3          y3  area3
range  649.010165  362.161206  839.0  648.118687  457.912322  844.0  649.038119  554.545131  842.0
FAILURE!!!! Some beads might have been misidentified

iter 09 cost=214767.498639 -> 1359441.109561 |dtheta|=8.711228e+00  lambda=1.302e+03

============================================================
Iteration 10
============================================================
Theta offsets (Unity frame):
  Source   : dSx=   0.000, dSy=   0.000, dSz=   0.000  (mm)
  Object   : dOx=  -0.564, dOy=   1.923, dOz=   0.331  (mm)
  Object offset: offset_x=  -0.003, offset_z=  -0.739  (mm)
  Detector : dDx=   0.000, dDy=   0.000, dDz=   0.000  (mm)
  Obj Stage rotY :    0.520 deg
============================================================

Unity geometry (world coordinates):
  Source   : x=  -2.000, y=  47.000, z=   0.000
  Object   : x=  13.436, y=  33.923, z= 592.331
  Detector : x=   1.000, y=  47.000, z= 696.000
  Obj rotY :   0.0000 deg
view   0 | SOD= 591.938 mm | SDD= 696.006 mm | M= 1.176 | incident=0.2470°
[[ -10.0675125  -591.7083      -13.076527  ]
 [ -13.379542    104.2903      -13.076527  ]
 [   0.14959385    0.0013567     0.        ]
 [   0.            0.            0.1496    ]]
Residual vector length: 90, Jacobian shape: (90, 6)
view   0 | SOD= 592.319 mm | SDD= 696.006 mm | M= 1.175 | incident=0.2470°
[[  -3.8341813  -592.18866     -11.797108  ]
 [ -10.84713     103.782486    -11.797108  ]
 [   0.14958452    0.00215214    0.        ]
 [   0.            0.            0.1496    ]]

iter 10 cost=214767.498639 -> 134491.434949 |dtheta|=3.296614e+00  lambda=6.510e+03

============================================================
Iteration 11
============================================================
Theta offsets (Unity frame):
  Source   : dSx=   0.000, dSy=   0.000, dSz=   0.000  (mm)
  Object   : dOx=  -3.559, dOy=   3.203, dOz=   0.425  (mm)
  Object offset: offset_x=  -0.088, offset_z=  -0.353  (mm)
  Detector : dDx=   0.000, dDy=   0.000, dDz=   0.000  (mm)
  Obj Stage rotY :    0.824 deg
============================================================

Unity geometry (world coordinates):
  Source   : x=  -2.000, y=  47.000, z=   0.000
  Object   : x=  10.441, y=  35.203, z= 592.425
  Detector : x=   1.000, y=  47.000, z= 696.000
  Obj rotY :   0.0000 deg
view   0 | SOD= 592.319 mm | SDD= 696.006 mm | M= 1.175 | incident=0.2470°
[[  -3.8341813  -592.18866     -11.797108  ]
 [ -10.84713     103.782486    -11.797108  ]
 [   0.14958452    0.00215214    0.        ]
 [   0.            0.            0.1496    ]]
               x1          y1  area1         x2          y2  area2          x3          y3  area3
range  685.463659  378.788787  873.0  689.67044  475.249115  847.0  685.421384  572.719862  871.0
FAILURE!!!! Some beads might have been misidentified
               x1          y1  area1          x2     y2  area2          x3          y3  area3
range  685.414573  377.970091  870.0  689.663728  474.5  846.0  685.426065  571.851382  868.0
FAILURE!!!! Some beads might have been misidentified
Residual vector length: 90, Jacobian shape: (90, 6)
view   0 | SOD= 594.431 mm | SDD= 696.006 mm | M= 1.171 | incident=0.2470°
[[  10.3145895  -594.2487      -10.518673  ]
 [  -7.678939    101.52509     -10.518673  ]
 [   0.14953195    0.00451211    0.        ]
 [   0.            0.            0.1496    ]]
               x1          y1  area1          x2     y2  area2          x3          y3  area3
range  651.691139  368.169737  838.0  651.021684  464.0  849.0  651.671302  560.557143  840.0
FAILURE!!!! Some beads might have been misidentified

iter 11 cost=134491.434949 -> 1365817.535616 |dtheta|=5.025075e+00  lambda=2.170e+03

============================================================
Iteration 12
============================================================
Theta offsets (Unity frame):
  Source   : dSx=   0.000, dSy=   0.000, dSz=   0.000  (mm)
  Object   : dOx=  -3.559, dOy=   3.203, dOz=   0.425  (mm)
  Object offset: offset_x=  -0.088, offset_z=  -0.353  (mm)
  Detector : dDx=   0.000, dDy=   0.000, dDz=   0.000  (mm)
  Obj Stage rotY :    0.824 deg
============================================================

Unity geometry (world coordinates):
  Source   : x=  -2.000, y=  47.000, z=   0.000
  Object   : x=  10.441, y=  35.203, z= 592.425
  Detector : x=   1.000, y=  47.000, z= 696.000
  Obj rotY :   0.0000 deg
view   0 | SOD= 592.319 mm | SDD= 696.006 mm | M= 1.175 | incident=0.2470°
[[  -3.8341813  -592.18866     -11.797108  ]
 [ -10.84713     103.782486    -11.797108  ]
 [   0.14958452    0.00215214    0.        ]
 [   0.            0.            0.1496    ]]
               x1          y1  area1         x2          y2  area2          x3          y3  area3
range  685.463659  378.788787  873.0  689.67044  475.249115  847.0  685.421384  572.719862  871.0
FAILURE!!!! Some beads might have been misidentified
               x1          y1  area1          x2     y2  area2          x3          y3  area3
range  685.414573  377.970091  870.0  689.663728  474.5  846.0  685.426065  571.851382  868.0
FAILURE!!!! Some beads might have been misidentified
Residual vector length: 90, Jacobian shape: (90, 6)
view   0 | SOD= 592.930 mm | SDD= 696.006 mm | M= 1.174 | incident=0.2470°
[[   0.17442691 -592.8194      -11.46806   ]
 [  -9.772796    103.11596     -11.46806   ]
 [   0.14957412    0.0027828     0.        ]
 [   0.            0.            0.1496    ]]
               x1          y1  area1          x2          y2  area2          x3        y3  area3
range  674.839241  375.443433  853.0  677.677987  471.945819  849.0  674.801517  568.5172  843.0
FAILURE!!!! Some beads might have been misidentified

iter 12 cost=134491.434949 -> 1406878.147979 |dtheta|=1.540006e+00  lambda=1.085e+04

============================================================
Iteration 13
============================================================
Theta offsets (Unity frame):
  Source   : dSx=   0.000, dSy=   0.000, dSz=   0.000  (mm)
  Object   : dOx=  -3.559, dOy=   3.203, dOz=   0.425  (mm)
  Object offset: offset_x=  -0.088, offset_z=  -0.353  (mm)
  Detector : dDx=   0.000, dDy=   0.000, dDz=   0.000  (mm)
  Obj Stage rotY :    0.824 deg
============================================================

Unity geometry (world coordinates):
  Source   : x=  -2.000, y=  47.000, z=   0.000
  Object   : x=  10.441, y=  35.203, z= 592.425
  Detector : x=   1.000, y=  47.000, z= 696.000
  Obj rotY :   0.0000 deg
view   0 | SOD= 592.319 mm | SDD= 696.006 mm | M= 1.175 | incident=0.2470°
[[  -3.8341813  -592.18866     -11.797108  ]
 [ -10.84713     103.782486    -11.797108  ]
 [   0.14958452    0.00215214    0.        ]
 [   0.            0.            0.1496    ]]
               x1          y1  area1         x2          y2  area2          x3          y3  area3
range  685.463659  378.788787  873.0  689.67044  475.249115  847.0  685.421384  572.719862  871.0
FAILURE!!!! Some beads might have been misidentified
               x1          y1  area1          x2     y2  area2          x3          y3  area3
range  685.414573  377.970091  870.0  689.663728  474.5  846.0  685.426065  571.851382  868.0
FAILURE!!!! Some beads might have been misidentified
Residual vector length: 90, Jacobian shape: (90, 6)
view   0 | SOD= 592.461 mm | SDD= 696.006 mm | M= 1.175 | incident=0.2470°
[[  -2.9504797  -592.3371      -11.734825  ]
 [ -10.600653    103.627335    -11.734825  ]
 [   0.14958249    0.0022891     0.        ]
 [   0.            0.            0.1496    ]]
               x1     y1  area1          x2     y2  area2         x3          y3  area3
range  683.029337  377.5  871.0  686.981037  474.0  847.0  683.01261  571.293578  872.0
FAILURE!!!! Some beads might have been misidentified

iter 13 cost=134491.434949 -> 779225.946043 |dtheta|=3.457347e-01  lambda=5.425e+04

============================================================
Iteration 14
============================================================
Theta offsets (Unity frame):
  Source   : dSx=   0.000, dSy=   0.000, dSz=   0.000  (mm)
  Object   : dOx=  -3.559, dOy=   3.203, dOz=   0.425  (mm)
  Object offset: offset_x=  -0.088, offset_z=  -0.353  (mm)
  Detector : dDx=   0.000, dDy=   0.000, dDz=   0.000  (mm)
  Obj Stage rotY :    0.824 deg
============================================================

Unity geometry (world coordinates):
  Source   : x=  -2.000, y=  47.000, z=   0.000
  Object   : x=  10.441, y=  35.203, z= 592.425
  Detector : x=   1.000, y=  47.000, z= 696.000
  Obj rotY :   0.0000 deg
view   0 | SOD= 592.319 mm | SDD= 696.006 mm | M= 1.175 | incident=0.2470°
[[  -3.8341813  -592.18866     -11.797108  ]
 [ -10.84713     103.782486    -11.797108  ]
 [   0.14958452    0.00215214    0.        ]
 [   0.            0.            0.1496    ]]
               x1          y1  area1         x2          y2  area2          x3          y3  area3
range  685.463659  378.788787  873.0  689.67044  475.249115  847.0  685.421384  572.719862  871.0
FAILURE!!!! Some beads might have been misidentified
               x1          y1  area1          x2     y2  area2          x3          y3  area3
range  685.414573  377.970091  870.0  689.663728  474.5  846.0  685.426065  571.851382  868.0
FAILURE!!!! Some beads might have been misidentified
Residual vector length: 90, Jacobian shape: (90, 6)
view   0 | SOD= 592.356 mm | SDD= 696.006 mm | M= 1.175 | incident=0.2470°
[[  -3.653528   -592.2272      -11.792576  ]
 [ -10.796252    103.74267     -11.792576  ]
 [   0.14958411    0.00218003    0.        ]
 [   0.            0.            0.1496    ]]

iter 14 cost=134491.434949 -> 133149.897690 |dtheta|=7.226159e-02  lambda=2.713e+05

============================================================
Iteration 15
============================================================
Theta offsets (Unity frame):
  Source   : dSx=   0.000, dSy=   0.000, dSz=   0.000  (mm)
  Object   : dOx=  -3.624, dOy=   3.207, dOz=   0.450  (mm)
  Object offset: offset_x=  -0.092, offset_z=  -0.339  (mm)
  Detector : dDx=   0.000, dDy=   0.000, dDz=   0.000  (mm)
  Obj Stage rotY :    0.835 deg
============================================================

Unity geometry (world coordinates):
  Source   : x=  -2.000, y=  47.000, z=   0.000
  Object   : x=  10.376, y=  35.207, z= 592.450
  Detector : x=   1.000, y=  47.000, z= 696.000
  Obj rotY :   0.0000 deg
view   0 | SOD= 592.356 mm | SDD= 696.006 mm | M= 1.175 | incident=0.2470°
[[  -3.653528   -592.2272      -11.792576  ]
 [ -10.796252    103.74267     -11.792576  ]
 [   0.14958411    0.00218003    0.        ]
 [   0.            0.            0.1496    ]]
Residual vector length: 90, Jacobian shape: (90, 6)
view   0 | SOD= 592.363 mm | SDD= 696.006 mm | M= 1.175 | incident=0.2470°
[[  -3.163679   -592.2385      -11.70018   ]
 [ -10.603667    103.72817     -11.70018   ]
 [   0.14958318    0.00224393    0.        ]
 [   0.            0.            0.1496    ]]

iter 15 cost=133149.897690 -> 128255.054687 |dtheta|=2.334891e-01  lambda=9.042e+04

============================================================
Iteration 16
============================================================
Theta offsets (Unity frame):
  Source   : dSx=   0.000, dSy=   0.000, dSz=   0.000  (mm)
  Object   : dOx=  -3.836, dOy=   3.300, dOz=   0.455  (mm)
  Object offset: offset_x=  -0.118, offset_z=  -0.330  (mm)
  Detector : dDx=   0.000, dDy=   0.000, dDz=   0.000  (mm)
  Obj Stage rotY :    0.859 deg
============================================================

Unity geometry (world coordinates):
  Source   : x=  -2.000, y=  47.000, z=   0.000
  Object   : x=  10.164, y=  35.300, z= 592.455
  Detector : x=   1.000, y=  47.000, z= 696.000
  Obj rotY :   0.0000 deg
view   0 | SOD= 592.363 mm | SDD= 696.006 mm | M= 1.175 | incident=0.2470°
[[  -3.163679   -592.2385      -11.70018   ]
 [ -10.603667    103.72817     -11.70018   ]
 [   0.14958318    0.00224393    0.        ]
 [   0.            0.            0.1496    ]]
               x1          y1  area1          x2          y2  area2          x3          y3  area3
range  683.138539  377.213911  874.0  687.535176  473.809693  846.0  683.145386  571.021814  871.0
FAILURE!!!! Some beads might have been misidentified
Residual vector length: 90, Jacobian shape: (90, 6)
view   0 | SOD= 592.482 mm | SDD= 696.006 mm | M= 1.175 | incident=0.2470°
[[  -1.8487476  -592.36847     -11.473831  ]
 [ -10.174232    103.58821     -11.473831  ]
 [   0.1495802     0.00243424    0.        ]
 [   0.            0.            0.1496    ]]

iter 16 cost=128255.054687 -> 115776.094265 |dtheta|=6.222287e-01  lambda=3.014e+04

============================================================
Iteration 17
============================================================
Theta offsets (Unity frame):
  Source   : dSx=   0.000, dSy=   0.000, dSz=   0.000  (mm)
  Object   : dOx=  -4.398, dOy=   3.526, dOz=   0.473  (mm)
  Object offset: offset_x=  -0.114, offset_z=  -0.214  (mm)
  Detector : dDx=   0.000, dDy=   0.000, dDz=   0.000  (mm)
  Obj Stage rotY :    0.932 deg
============================================================

Unity geometry (world coordinates):
  Source   : x=  -2.000, y=  47.000, z=   0.000
  Object   : x=   9.602, y=  35.526, z= 592.473
  Detector : x=   1.000, y=  47.000, z= 696.000
  Obj rotY :   0.0000 deg
view   0 | SOD= 592.482 mm | SDD= 696.006 mm | M= 1.175 | incident=0.2470°
[[  -1.8487476  -592.36847     -11.473831  ]
 [ -10.174232    103.58821     -11.473831  ]
 [   0.1495802     0.00243424    0.        ]
 [   0.            0.            0.1496    ]]
Residual vector length: 90, Jacobian shape: (90, 6)
view   0 | SOD= 592.626 mm | SDD= 696.006 mm | M= 1.174 | incident=0.2470°
[[   1.7786367  -592.5251      -10.808456  ]
 [  -8.9878435   103.398125    -10.808456  ]
 [   0.14957073    0.00295888    0.        ]
 [   0.            0.            0.1496    ]]

iter 17 cost=115776.094265 -> 85357.129408 |dtheta|=1.679046e+00  lambda=1.005e+04

============================================================
Iteration 18
============================================================
Theta offsets (Unity frame):
  Source   : dSx=   0.000, dSy=   0.000, dSz=   0.000  (mm)
  Object   : dOx=  -5.918, dOy=   4.192, dOz=   0.498  (mm)
  Object offset: offset_x=  -0.141, offset_z=  -0.053  (mm)
  Detector : dDx=   0.000, dDy=   0.000, dDz=   0.000  (mm)
  Obj Stage rotY :    1.133 deg
============================================================

Unity geometry (world coordinates):
  Source   : x=  -2.000, y=  47.000, z=   0.000
  Object   : x=   8.082, y=  36.192, z= 592.497
  Detector : x=   1.000, y=  47.000, z= 696.000
  Obj rotY :   0.0000 deg
view   0 | SOD= 592.626 mm | SDD= 696.006 mm | M= 1.174 | incident=0.2470°
[[   1.7786367  -592.5251      -10.808456  ]
 [  -8.9878435   103.398125    -10.808456  ]
 [   0.14957073    0.00295888    0.        ]
 [   0.            0.            0.1496    ]]
               x1         y1  area1          x2          y2  area2          x3          y3  area3
range  667.668348  369.67624  849.0  669.980989  466.017321  866.0  667.666667  562.481657  845.0
FAILURE!!!! Some beads might have been misidentified
               x1          y1  area1     x2          y2  area2          x3         y3  area3
range  667.631447  370.344916  874.0  670.0  466.518343  845.0  667.654523  563.84271  871.0
FAILURE!!!! Some beads might have been misidentified
Residual vector length: 90, Jacobian shape: (90, 6)
view   0 | SOD= 592.956 mm | SDD= 696.006 mm | M= 1.174 | incident=0.2470°
[[  10.781757   -592.76        -10.793674  ]
 [  -7.289969    103.011826    -10.793674  ]
 [   0.14953142    0.00452891    0.        ]
 [   0.            0.            0.1496    ]]
               x1          y1  area1          x2          y2  area2     x3         y3  area3
range  647.486759  370.248691  846.0  650.126103  466.288076  847.0  647.5  563.14218  845.0
FAILURE!!!! Some beads might have been misidentified

iter 18 cost=85357.129408 -> 1364166.660849 |dtheta|=2.622233e+00  lambda=3.349e+03

============================================================
Iteration 19
============================================================
Theta offsets (Unity frame):
  Source   : dSx=   0.000, dSy=   0.000, dSz=   0.000  (mm)
  Object   : dOx=  -5.918, dOy=   4.192, dOz=   0.498  (mm)
  Object offset: offset_x=  -0.141, offset_z=  -0.053  (mm)
  Detector : dDx=   0.000, dDy=   0.000, dDz=   0.000  (mm)
  Obj Stage rotY :    1.133 deg
============================================================

Unity geometry (world coordinates):
  Source   : x=  -2.000, y=  47.000, z=   0.000
  Object   : x=   8.082, y=  36.192, z= 592.497
  Detector : x=   1.000, y=  47.000, z= 696.000
  Obj rotY :   0.0000 deg
view   0 | SOD= 592.626 mm | SDD= 696.006 mm | M= 1.174 | incident=0.2470°
[[   1.7786367  -592.5251      -10.808456  ]
 [  -8.9878435   103.398125    -10.808456  ]
 [   0.14957073    0.00295888    0.        ]
 [   0.            0.            0.1496    ]]
               x1         y1  area1          x2          y2  area2          x3          y3  area3
range  667.668348  369.67624  849.0  669.980989  466.017321  866.0  667.666667  562.481657  845.0
FAILURE!!!! Some beads might have been misidentified
               x1          y1  area1     x2          y2  area2          x3         y3  area3
range  667.631447  370.344916  874.0  670.0  466.518343  845.0  667.654523  563.84271  871.0
FAILURE!!!! Some beads might have been misidentified
Residual vector length: 90, Jacobian shape: (90, 6)
view   0 | SOD= 592.718 mm | SDD= 696.006 mm | M= 1.174 | incident=0.2470°
[[   3.929122   -592.60706     -10.790062  ]
 [  -8.47595     103.28888     -10.790062  ]
 [   0.14956336    0.00331105    0.        ]
 [   0.            0.            0.1496    ]]

iter 19 cost=85357.129408 -> 74898.899219 |dtheta|=7.093224e-01  lambda=1.674e+04

============================================================
Iteration 20
============================================================
Theta offsets (Unity frame):
  Source   : dSx=   0.000, dSy=   0.000, dSz=   0.000  (mm)
  Object   : dOx=  -6.605, dOy=   4.210, dOz=   0.513  (mm)
  Object offset: offset_x=  -0.207, offset_z=   0.036  (mm)
  Detector : dDx=   0.000, dDy=   0.000, dDz=   0.000  (mm)
  Obj Stage rotY :    1.268 deg
============================================================

Unity geometry (world coordinates):
  Source   : x=  -2.000, y=  47.000, z=   0.000
  Object   : x=   7.395, y=  36.210, z= 592.513
  Detector : x=   1.000, y=  47.000, z= 696.000
  Obj rotY :   0.0000 deg
view   0 | SOD= 592.718 mm | SDD= 696.006 mm | M= 1.174 | incident=0.2470°
[[   3.929122   -592.60706     -10.790062  ]
 [  -8.47595     103.28888     -10.790062  ]
 [   0.14956336    0.00331105    0.        ]
 [   0.            0.            0.1496    ]]
               x1          y1  area1         x2          y2  area2          x3         y3  area3
range  662.962025  370.198953  848.0  665.34717  466.281176  850.0  662.961881  563.07619  847.0
FAILURE!!!! Some beads might have been misidentified
               x1          y1  area1          x2          y2  area2          x3          y3  area3
range  662.151324  369.471429  869.0  664.562972  465.567376  846.0  662.202771  562.896194  867.0
FAILURE!!!! Some beads might have been misidentified
               x1          y1  area1     x2          y2  area2          x3          y3  area3
range  662.178481  370.235602  871.0  664.5  466.319575  848.0  662.248111  563.683908  870.0
FAILURE!!!! Some beads might have been misidentified
               x1          y1  area1          x2          y2  area2         x3          y3  area3
range  662.098361  370.225131  846.0  664.624685  466.738232  871.0  662.07858  563.070155  845.0
FAILURE!!!! Some beads might have been misidentified
               x1          y1  area1          x2          y2  area2       x3          y3  area3
range  662.114899  370.224115  870.0  664.612579  466.317217  848.0  662.125  563.698851  870.0
FAILURE!!!! Some beads might have been misidentified
Residual vector length: 90, Jacobian shape: (90, 6)
view   0 | SOD= 592.474 mm | SDD= 696.006 mm | M= 1.175 | incident=0.2470°
[[   8.977825   -592.3201      -10.085922  ]
 [  -7.435288    103.4928      -10.085922  ]
 [   0.1495418     0.00417245    0.        ]
 [   0.            0.            0.1496    ]]
               x1          y1  area1          x2          y2  area2          x3     y3  area3
range  648.274559  364.854331  848.0  654.680451  460.791519  849.0  648.222083  557.5  848.0
FAILURE!!!! Some beads might have been misidentified

iter 20 cost=74898.899219 -> 1364275.411504 |dtheta|=1.704337e+00  lambda=5.582e+03

============================================================
Iteration 21
============================================================
Theta offsets (Unity frame):
  Source   : dSx=   0.000, dSy=   0.000, dSz=   0.000  (mm)
  Object   : dOx=  -6.605, dOy=   4.210, dOz=   0.513  (mm)
  Object offset: offset_x=  -0.207, offset_z=   0.036  (mm)
  Detector : dDx=   0.000, dDy=   0.000, dDz=   0.000  (mm)
  Obj Stage rotY :    1.268 deg
============================================================

Unity geometry (world coordinates):
  Source   : x=  -2.000, y=  47.000, z=   0.000
  Object   : x=   7.395, y=  36.210, z= 592.513
  Detector : x=   1.000, y=  47.000, z= 696.000
  Obj rotY :   0.0000 deg
view   0 | SOD= 592.718 mm | SDD= 696.006 mm | M= 1.174 | incident=0.2470°
[[   3.929122   -592.60706     -10.790062  ]
 [  -8.47595     103.28888     -10.790062  ]
 [   0.14956336    0.00331105    0.        ]
 [   0.            0.            0.1496    ]]
               x1          y1  area1         x2          y2  area2          x3         y3  area3
range  662.962025  370.198953  848.0  665.34717  466.281176  850.0  662.961881  563.07619  847.0
FAILURE!!!! Some beads might have been misidentified
               x1          y1  area1          x2          y2  area2          x3          y3  area3
range  662.151324  369.471429  869.0  664.562972  465.567376  846.0  662.202771  562.896194  867.0
FAILURE!!!! Some beads might have been misidentified
               x1          y1  area1     x2          y2  area2          x3          y3  area3
range  662.178481  370.235602  871.0  664.5  466.319575  848.0  662.248111  563.683908  870.0
FAILURE!!!! Some beads might have been misidentified
               x1          y1  area1          x2          y2  area2         x3          y3  area3
range  662.098361  370.225131  846.0  664.624685  466.738232  871.0  662.07858  563.070155  845.0
FAILURE!!!! Some beads might have been misidentified
               x1          y1  area1          x2          y2  area2       x3          y3  area3
range  662.114899  370.224115  870.0  664.612579  466.317217  848.0  662.125  563.698851  870.0
FAILURE!!!! Some beads might have been misidentified
Residual vector length: 90, Jacobian shape: (90, 6)
view   0 | SOD= 592.658 mm | SDD= 696.006 mm | M= 1.174 | incident=0.2470°
[[   5.0236607  -592.5416      -10.620354  ]
 [  -8.205364    103.339096    -10.620354  ]
 [   0.14955933    0.00348813    0.        ]
 [   0.            0.            0.1496    ]]
               x1          y1  area1          x2     y2  area2         x3          y3  area3
range  658.774275  368.963351  872.0  662.274559  465.0  847.0  658.82763  562.222989  870.0
FAILURE!!!! Some beads might have been misidentified

iter 21 cost=74898.899219 -> 725212.674376 |dtheta|=4.067185e-01  lambda=2.791e+04

============================================================
Iteration 22
============================================================
Theta offsets (Unity frame):
  Source   : dSx=   0.000, dSy=   0.000, dSz=   0.000  (mm)
  Object   : dOx=  -6.605, dOy=   4.210, dOz=   0.513  (mm)
  Object offset: offset_x=  -0.207, offset_z=   0.036  (mm)
  Detector : dDx=   0.000, dDy=   0.000, dDz=   0.000  (mm)
  Obj Stage rotY :    1.268 deg
============================================================

Unity geometry (world coordinates):
  Source   : x=  -2.000, y=  47.000, z=   0.000
  Object   : x=   7.395, y=  36.210, z= 592.513
  Detector : x=   1.000, y=  47.000, z= 696.000
  Obj rotY :   0.0000 deg
view   0 | SOD= 592.718 mm | SDD= 696.006 mm | M= 1.174 | incident=0.2470°
[[   3.929122   -592.60706     -10.790062  ]
 [  -8.47595     103.28888     -10.790062  ]
 [   0.14956336    0.00331105    0.        ]
 [   0.            0.            0.1496    ]]
               x1          y1  area1         x2          y2  area2          x3         y3  area3
range  662.962025  370.198953  848.0  665.34717  466.281176  850.0  662.961881  563.07619  847.0
FAILURE!!!! Some beads might have been misidentified
               x1          y1  area1          x2          y2  area2          x3          y3  area3
range  662.151324  369.471429  869.0  664.562972  465.567376  846.0  662.202771  562.896194  867.0
FAILURE!!!! Some beads might have been misidentified
               x1          y1  area1     x2          y2  area2          x3          y3  area3
range  662.178481  370.235602  871.0  664.5  466.319575  848.0  662.248111  563.683908  870.0
FAILURE!!!! Some beads might have been misidentified
               x1          y1  area1          x2          y2  area2         x3          y3  area3
range  662.098361  370.225131  846.0  664.624685  466.738232  871.0  662.07858  563.070155  845.0
FAILURE!!!! Some beads might have been misidentified
               x1          y1  area1          x2          y2  area2       x3          y3  area3
range  662.114899  370.224115  870.0  664.612579  466.317217  848.0  662.125  563.698851  870.0
FAILURE!!!! Some beads might have been misidentified
Residual vector length: 90, Jacobian shape: (90, 6)
view   0 | SOD= 592.703 mm | SDD= 696.006 mm | M= 1.174 | incident=0.2470°
[[   4.1525645  -592.5911      -10.754429  ]
 [  -8.41798     103.301834    -10.754429  ]
 [   0.14956257    0.00334661    0.        ]
 [   0.            0.            0.1496    ]]
               x1         y1  area1          x2          y2  area2          x3          y3  area3
range  661.463659  369.95806  875.0  664.127848  466.052443  842.0  661.416877  563.329519  874.0
FAILURE!!!! Some beads might have been misidentified

iter 22 cost=74898.899219 -> 729533.020953 |dtheta|=8.471716e-02  lambda=1.395e+05

============================================================
Iteration 23
============================================================
Theta offsets (Unity frame):
  Source   : dSx=   0.000, dSy=   0.000, dSz=   0.000  (mm)
  Object   : dOx=  -6.605, dOy=   4.210, dOz=   0.513  (mm)
  Object offset: offset_x=  -0.207, offset_z=   0.036  (mm)
  Detector : dDx=   0.000, dDy=   0.000, dDz=   0.000  (mm)
  Obj Stage rotY :    1.268 deg
============================================================

Unity geometry (world coordinates):
  Source   : x=  -2.000, y=  47.000, z=   0.000
  Object   : x=   7.395, y=  36.210, z= 592.513
  Detector : x=   1.000, y=  47.000, z= 696.000
  Obj rotY :   0.0000 deg
view   0 | SOD= 592.718 mm | SDD= 696.006 mm | M= 1.174 | incident=0.2470°
[[   3.929122   -592.60706     -10.790062  ]
 [  -8.47595     103.28888     -10.790062  ]
 [   0.14956336    0.00331105    0.        ]
 [   0.            0.            0.1496    ]]
               x1          y1  area1         x2          y2  area2          x3         y3  area3
range  662.962025  370.198953  848.0  665.34717  466.281176  850.0  662.961881  563.07619  847.0
FAILURE!!!! Some beads might have been misidentified
               x1          y1  area1          x2          y2  area2          x3          y3  area3
range  662.151324  369.471429  869.0  664.562972  465.567376  846.0  662.202771  562.896194  867.0
FAILURE!!!! Some beads might have been misidentified
               x1          y1  area1     x2          y2  area2          x3          y3  area3
range  662.178481  370.235602  871.0  664.5  466.319575  848.0  662.248111  563.683908  870.0
FAILURE!!!! Some beads might have been misidentified
               x1          y1  area1          x2          y2  area2         x3          y3  area3
range  662.098361  370.225131  846.0  664.624685  466.738232  871.0  662.07858  563.070155  845.0
FAILURE!!!! Some beads might have been misidentified
               x1          y1  area1          x2          y2  area2       x3          y3  area3
range  662.114899  370.224115  870.0  664.612579  466.317217  848.0  662.125  563.698851  870.0
FAILURE!!!! Some beads might have been misidentified
Residual vector length: 90, Jacobian shape: (90, 6)
view   0 | SOD= 592.713 mm | SDD= 696.006 mm | M= 1.174 | incident=0.2470°
[[   3.9746675  -592.60126     -10.782623  ]
 [  -8.463523    103.29405     -10.782623  ]
 [   0.1495632     0.00331816    0.        ]
 [   0.            0.            0.1496    ]]
          x1          y1  area1          x2          y2  area2          x3          y3  area3
range  662.0  370.165138  841.0  664.504391  466.187279  849.0  661.965649  563.033413  849.0
FAILURE!!!! Some beads might have been misidentified

iter 23 cost=74898.899219 -> 1382505.738125 |dtheta|=1.746688e-02  lambda=6.977e+05

============================================================
Iteration 24
============================================================
Theta offsets (Unity frame):
  Source   : dSx=   0.000, dSy=   0.000, dSz=   0.000  (mm)
  Object   : dOx=  -6.605, dOy=   4.210, dOz=   0.513  (mm)
  Object offset: offset_x=  -0.207, offset_z=   0.036  (mm)
  Detector : dDx=   0.000, dDy=   0.000, dDz=   0.000  (mm)
  Obj Stage rotY :    1.268 deg
============================================================

Unity geometry (world coordinates):
  Source   : x=  -2.000, y=  47.000, z=   0.000
  Object   : x=   7.395, y=  36.210, z= 592.513
  Detector : x=   1.000, y=  47.000, z= 696.000
  Obj rotY :   0.0000 deg
view   0 | SOD= 592.718 mm | SDD= 696.006 mm | M= 1.174 | incident=0.2470°
[[   3.929122   -592.60706     -10.790062  ]
 [  -8.47595     103.28888     -10.790062  ]
 [   0.14956336    0.00331105    0.        ]
 [   0.            0.            0.1496    ]]
               x1          y1  area1         x2          y2  area2          x3         y3  area3
range  662.962025  370.198953  848.0  665.34717  466.281176  850.0  662.961881  563.07619  847.0
FAILURE!!!! Some beads might have been misidentified
               x1          y1  area1          x2          y2  area2          x3          y3  area3
range  662.151324  369.471429  869.0  664.562972  465.567376  846.0  662.202771  562.896194  867.0
FAILURE!!!! Some beads might have been misidentified
               x1          y1  area1     x2          y2  area2          x3          y3  area3
range  662.178481  370.235602  871.0  664.5  466.319575  848.0  662.248111  563.683908  870.0
FAILURE!!!! Some beads might have been misidentified
               x1          y1  area1          x2          y2  area2         x3          y3  area3
range  662.098361  370.225131  846.0  664.624685  466.738232  871.0  662.07858  563.070155  845.0
FAILURE!!!! Some beads might have been misidentified
               x1          y1  area1          x2          y2  area2       x3          y3  area3
range  662.114899  370.224115  870.0  664.612579  466.317217  848.0  662.125  563.698851  870.0
FAILURE!!!! Some beads might have been misidentified
Residual vector length: 90, Jacobian shape: (90, 6)
view   0 | SOD= 592.713 mm | SDD= 696.006 mm | M= 1.174 | incident=0.2470°
[[   3.961173   -592.6021      -10.784771  ]
 [  -8.467007    103.29339     -10.784771  ]
 [   0.14956324    0.00331601    0.        ]
 [   0.            0.            0.1496    ]]
          x1          y1  area1          x2         y2  area2          x3          y3  area3
range  662.0  370.162304  844.0  664.540778  466.23086  849.0  661.998728  563.033413  849.0
FAILURE!!!! Some beads might have been misidentified

iter 24 cost=74898.899219 -> 1382551.351829 |dtheta|=1.248196e-02  lambda=1.000e+06

============================================================
Iteration 25
============================================================
Theta offsets (Unity frame):
  Source   : dSx=   0.000, dSy=   0.000, dSz=   0.000  (mm)
  Object   : dOx=  -6.605, dOy=   4.210, dOz=   0.513  (mm)
  Object offset: offset_x=  -0.207, offset_z=   0.036  (mm)
  Detector : dDx=   0.000, dDy=   0.000, dDz=   0.000  (mm)
  Obj Stage rotY :    1.268 deg
============================================================

Unity geometry (world coordinates):
  Source   : x=  -2.000, y=  47.000, z=   0.000
  Object   : x=   7.395, y=  36.210, z= 592.513
  Detector : x=   1.000, y=  47.000, z= 696.000
  Obj rotY :   0.0000 deg
view   0 | SOD= 592.718 mm | SDD= 696.006 mm | M= 1.174 | incident=0.2470°
[[   3.929122   -592.60706     -10.790062  ]
 [  -8.47595     103.28888     -10.790062  ]
 [   0.14956336    0.00331105    0.        ]
 [   0.            0.            0.1496    ]]
               x1          y1  area1         x2          y2  area2          x3         y3  area3
range  662.962025  370.198953  848.0  665.34717  466.281176  850.0  662.961881  563.07619  847.0
FAILURE!!!! Some beads might have been misidentified
               x1          y1  area1          x2          y2  area2          x3          y3  area3
range  662.151324  369.471429  869.0  664.562972  465.567376  846.0  662.202771  562.896194  867.0
FAILURE!!!! Some beads might have been misidentified
               x1          y1  area1     x2          y2  area2          x3          y3  area3
range  662.178481  370.235602  871.0  664.5  466.319575  848.0  662.248111  563.683908  870.0
FAILURE!!!! Some beads might have been misidentified
               x1          y1  area1          x2          y2  area2         x3          y3  area3
range  662.098361  370.225131  846.0  664.624685  466.738232  871.0  662.07858  563.070155  845.0
FAILURE!!!! Some beads might have been misidentified
               x1          y1  area1          x2          y2  area2       x3          y3  area3
range  662.114899  370.224115  870.0  664.612579  466.317217  848.0  662.125  563.698851  870.0
FAILURE!!!! Some beads might have been misidentified
Residual vector length: 90, Jacobian shape: (90, 6)
view   0 | SOD= 592.713 mm | SDD= 696.006 mm | M= 1.174 | incident=0.2470°
[[   3.961173   -592.6021      -10.784771  ]
 [  -8.467007    103.29339     -10.784771  ]
 [   0.14956324    0.00331601    0.        ]
 [   0.            0.            0.1496    ]]
          x1          y1  area1          x2         y2  area2          x3          y3  area3
range  662.0  370.162304  844.0  664.540778  466.23086  849.0  661.998728  563.033413  849.0
FAILURE!!!! Some beads might have been misidentified

iter 25 cost=74898.899219 -> 1382551.351829 |dtheta|=1.248196e-02  lambda=1.000e+06

============================================================
Iteration 26
============================================================
Theta offsets (Unity frame):
  Source   : dSx=   0.000, dSy=   0.000, dSz=   0.000  (mm)
  Object   : dOx=  -6.605, dOy=   4.210, dOz=   0.513  (mm)
  Object offset: offset_x=  -0.207, offset_z=   0.036  (mm)
  Detector : dDx=   0.000, dDy=   0.000, dDz=   0.000  (mm)
  Obj Stage rotY :    1.268 deg
============================================================

Unity geometry (world coordinates):
  Source   : x=  -2.000, y=  47.000, z=   0.000
  Object   : x=   7.395, y=  36.210, z= 592.513
  Detector : x=   1.000, y=  47.000, z= 696.000
  Obj rotY :   0.0000 deg
view   0 | SOD= 592.718 mm | SDD= 696.006 mm | M= 1.174 | incident=0.2470°
[[   3.929122   -592.60706     -10.790062  ]
 [  -8.47595     103.28888     -10.790062  ]
 [   0.14956336    0.00331105    0.        ]
 [   0.            0.            0.1496    ]]
               x1          y1  area1         x2          y2  area2          x3         y3  area3
range  662.962025  370.198953  848.0  665.34717  466.281176  850.0  662.961881  563.07619  847.0
FAILURE!!!! Some beads might have been misidentified
               x1          y1  area1          x2          y2  area2          x3          y3  area3
range  662.151324  369.471429  869.0  664.562972  465.567376  846.0  662.202771  562.896194  867.0
FAILURE!!!! Some beads might have been misidentified
               x1          y1  area1     x2          y2  area2          x3          y3  area3
range  662.178481  370.235602  871.0  664.5  466.319575  848.0  662.248111  563.683908  870.0
FAILURE!!!! Some beads might have been misidentified
               x1          y1  area1          x2          y2  area2         x3          y3  area3
range  662.098361  370.225131  846.0  664.624685  466.738232  871.0  662.07858  563.070155  845.0
FAILURE!!!! Some beads might have been misidentified
               x1          y1  area1          x2          y2  area2       x3          y3  area3
range  662.114899  370.224115  870.0  664.612579  466.317217  848.0  662.125  563.698851  870.0
FAILURE!!!! Some beads might have been misidentified
Residual vector length: 90, Jacobian shape: (90, 6)
view   0 | SOD= 592.713 mm | SDD= 696.006 mm | M= 1.174 | incident=0.2470°
[[   3.961173   -592.6021      -10.784771  ]
 [  -8.467007    103.29339     -10.784771  ]
 [   0.14956324    0.00331601    0.        ]
 [   0.            0.            0.1496    ]]
          x1          y1  area1          x2         y2  area2          x3          y3  area3
range  662.0  370.162304  844.0  664.540778  466.23086  849.0  661.998728  563.033413  849.0
FAILURE!!!! Some beads might have been misidentified

iter 26 cost=74898.899219 -> 1382551.351829 |dtheta|=1.248196e-02  lambda=1.000e+06

============================================================
Iteration 27
============================================================
Theta offsets (Unity frame):
  Source   : dSx=   0.000, dSy=   0.000, dSz=   0.000  (mm)
  Object   : dOx=  -6.605, dOy=   4.210, dOz=   0.513  (mm)
  Object offset: offset_x=  -0.207, offset_z=   0.036  (mm)
  Detector : dDx=   0.000, dDy=   0.000, dDz=   0.000  (mm)
  Obj Stage rotY :    1.268 deg
============================================================

Unity geometry (world coordinates):
  Source   : x=  -2.000, y=  47.000, z=   0.000
  Object   : x=   7.395, y=  36.210, z= 592.513
  Detector : x=   1.000, y=  47.000, z= 696.000
  Obj rotY :   0.0000 deg
view   0 | SOD= 592.718 mm | SDD= 696.006 mm | M= 1.174 | incident=0.2470°
[[   3.929122   -592.60706     -10.790062  ]
 [  -8.47595     103.28888     -10.790062  ]
 [   0.14956336    0.00331105    0.        ]
 [   0.            0.            0.1496    ]]
               x1          y1  area1         x2          y2  area2          x3         y3  area3
range  662.962025  370.198953  848.0  665.34717  466.281176  850.0  662.961881  563.07619  847.0
FAILURE!!!! Some beads might have been misidentified
               x1          y1  area1          x2          y2  area2          x3          y3  area3
range  662.151324  369.471429  869.0  664.562972  465.567376  846.0  662.202771  562.896194  867.0
FAILURE!!!! Some beads might have been misidentified
               x1          y1  area1     x2          y2  area2          x3          y3  area3
range  662.178481  370.235602  871.0  664.5  466.319575  848.0  662.248111  563.683908  870.0
FAILURE!!!! Some beads might have been misidentified
               x1          y1  area1          x2          y2  area2         x3          y3  area3
range  662.098361  370.225131  846.0  664.624685  466.738232  871.0  662.07858  563.070155  845.0
FAILURE!!!! Some beads might have been misidentified
               x1          y1  area1          x2          y2  area2       x3          y3  area3
range  662.114899  370.224115  870.0  664.612579  466.317217  848.0  662.125  563.698851  870.0
FAILURE!!!! Some beads might have been misidentified
Residual vector length: 90, Jacobian shape: (90, 6)
view   0 | SOD= 592.713 mm | SDD= 696.006 mm | M= 1.174 | incident=0.2470°
[[   3.961173   -592.6021      -10.784771  ]
 [  -8.467007    103.29339     -10.784771  ]
 [   0.14956324    0.00331601    0.        ]
 [   0.            0.            0.1496    ]]
          x1          y1  area1          x2         y2  area2          x3          y3  area3
range  662.0  370.162304  844.0  664.540778  466.23086  849.0  661.998728  563.033413  849.0
FAILURE!!!! Some beads might have been misidentified

iter 27 cost=74898.899219 -> 1382551.351829 |dtheta|=1.248196e-02  lambda=1.000e+06

============================================================
Iteration 28
============================================================
Theta offsets (Unity frame):
  Source   : dSx=   0.000, dSy=   0.000, dSz=   0.000  (mm)
  Object   : dOx=  -6.605, dOy=   4.210, dOz=   0.513  (mm)
  Object offset: offset_x=  -0.207, offset_z=   0.036  (mm)
  Detector : dDx=   0.000, dDy=   0.000, dDz=   0.000  (mm)
  Obj Stage rotY :    1.268 deg
============================================================

Unity geometry (world coordinates):
  Source   : x=  -2.000, y=  47.000, z=   0.000
  Object   : x=   7.395, y=  36.210, z= 592.513
  Detector : x=   1.000, y=  47.000, z= 696.000
  Obj rotY :   0.0000 deg
view   0 | SOD= 592.718 mm | SDD= 696.006 mm | M= 1.174 | incident=0.2470°
[[   3.929122   -592.60706     -10.790062  ]
 [  -8.47595     103.28888     -10.790062  ]
 [   0.14956336    0.00331105    0.        ]
 [   0.            0.            0.1496    ]]
               x1          y1  area1         x2          y2  area2          x3         y3  area3
range  662.962025  370.198953  848.0  665.34717  466.281176  850.0  662.961881  563.07619  847.0
FAILURE!!!! Some beads might have been misidentified
               x1          y1  area1          x2          y2  area2          x3          y3  area3
range  662.151324  369.471429  869.0  664.562972  465.567376  846.0  662.202771  562.896194  867.0
FAILURE!!!! Some beads might have been misidentified
               x1          y1  area1     x2          y2  area2          x3          y3  area3
range  662.178481  370.235602  871.0  664.5  466.319575  848.0  662.248111  563.683908  870.0
FAILURE!!!! Some beads might have been misidentified
               x1          y1  area1          x2          y2  area2         x3          y3  area3
range  662.098361  370.225131  846.0  664.624685  466.738232  871.0  662.07858  563.070155  845.0
FAILURE!!!! Some beads might have been misidentified
               x1          y1  area1          x2          y2  area2       x3          y3  area3
range  662.114899  370.224115  870.0  664.612579  466.317217  848.0  662.125  563.698851  870.0
FAILURE!!!! Some beads might have been misidentified
Residual vector length: 90, Jacobian shape: (90, 6)
view   0 | SOD= 592.713 mm | SDD= 696.006 mm | M= 1.174 | incident=0.2470°
[[   3.961173   -592.6021      -10.784771  ]
 [  -8.467007    103.29339     -10.784771  ]
 [   0.14956324    0.00331601    0.        ]
 [   0.            0.            0.1496    ]]
          x1          y1  area1          x2         y2  area2          x3          y3  area3
range  662.0  370.162304  844.0  664.540778  466.23086  849.0  661.998728  563.033413  849.0
FAILURE!!!! Some beads might have been misidentified

iter 28 cost=74898.899219 -> 1382551.351829 |dtheta|=1.248196e-02  lambda=1.000e+06

============================================================
Iteration 29
============================================================
Theta offsets (Unity frame):
  Source   : dSx=   0.000, dSy=   0.000, dSz=   0.000  (mm)
  Object   : dOx=  -6.605, dOy=   4.210, dOz=   0.513  (mm)
  Object offset: offset_x=  -0.207, offset_z=   0.036  (mm)
  Detector : dDx=   0.000, dDy=   0.000, dDz=   0.000  (mm)
  Obj Stage rotY :    1.268 deg
============================================================

Unity geometry (world coordinates):
  Source   : x=  -2.000, y=  47.000, z=   0.000
  Object   : x=   7.395, y=  36.210, z= 592.513
  Detector : x=   1.000, y=  47.000, z= 696.000
  Obj rotY :   0.0000 deg
view   0 | SOD= 592.718 mm | SDD= 696.006 mm | M= 1.174 | incident=0.2470°
[[   3.929122   -592.60706     -10.790062  ]
 [  -8.47595     103.28888     -10.790062  ]
 [   0.14956336    0.00331105    0.        ]
 [   0.            0.            0.1496    ]]
               x1          y1  area1         x2          y2  area2          x3         y3  area3
range  662.962025  370.198953  848.0  665.34717  466.281176  850.0  662.961881  563.07619  847.0
FAILURE!!!! Some beads might have been misidentified
               x1          y1  area1          x2          y2  area2          x3          y3  area3
range  662.151324  369.471429  869.0  664.562972  465.567376  846.0  662.202771  562.896194  867.0
FAILURE!!!! Some beads might have been misidentified
               x1          y1  area1     x2          y2  area2          x3          y3  area3
range  662.178481  370.235602  871.0  664.5  466.319575  848.0  662.248111  563.683908  870.0
FAILURE!!!! Some beads might have been misidentified
               x1          y1  area1          x2          y2  area2         x3          y3  area3
range  662.098361  370.225131  846.0  664.624685  466.738232  871.0  662.07858  563.070155  845.0
FAILURE!!!! Some beads might have been misidentified
               x1          y1  area1          x2          y2  area2       x3          y3  area3
range  662.114899  370.224115  870.0  664.612579  466.317217  848.0  662.125  563.698851  870.0
FAILURE!!!! Some beads might have been misidentified
Residual vector length: 90, Jacobian shape: (90, 6)
view   0 | SOD= 592.713 mm | SDD= 696.006 mm | M= 1.174 | incident=0.2470°
[[   3.961173   -592.6021      -10.784771  ]
 [  -8.467007    103.29339     -10.784771  ]
 [   0.14956324    0.00331601    0.        ]
 [   0.            0.            0.1496    ]]
          x1          y1  area1          x2         y2  area2          x3          y3  area3
range  662.0  370.162304  844.0  664.540778  466.23086  849.0  661.998728  563.033413  849.0
FAILURE!!!! Some beads might have been misidentified

iter 29 cost=74898.899219 -> 1382551.351829 |dtheta|=1.248196e-02  lambda=1.000e+06

============================================================
Iteration 30
============================================================
Theta offsets (Unity frame):
  Source   : dSx=   0.000, dSy=   0.000, dSz=   0.000  (mm)
  Object   : dOx=  -6.605, dOy=   4.210, dOz=   0.513  (mm)
  Object offset: offset_x=  -0.207, offset_z=   0.036  (mm)
  Detector : dDx=   0.000, dDy=   0.000, dDz=   0.000  (mm)
  Obj Stage rotY :    1.268 deg
============================================================

Unity geometry (world coordinates):
  Source   : x=  -2.000, y=  47.000, z=   0.000
  Object   : x=   7.395, y=  36.210, z= 592.513
  Detector : x=   1.000, y=  47.000, z= 696.000
  Obj rotY :   0.0000 deg
view   0 | SOD= 592.718 mm | SDD= 696.006 mm | M= 1.174 | incident=0.2470°
[[   3.929122   -592.60706     -10.790062  ]
 [  -8.47595     103.28888     -10.790062  ]
 [   0.14956336    0.00331105    0.        ]
 [   0.            0.            0.1496    ]]
               x1          y1  area1         x2          y2  area2          x3         y3  area3
range  662.962025  370.198953  848.0  665.34717  466.281176  850.0  662.961881  563.07619  847.0
FAILURE!!!! Some beads might have been misidentified
               x1          y1  area1          x2          y2  area2          x3          y3  area3
range  662.151324  369.471429  869.0  664.562972  465.567376  846.0  662.202771  562.896194  867.0
FAILURE!!!! Some beads might have been misidentified
               x1          y1  area1     x2          y2  area2          x3          y3  area3
range  662.178481  370.235602  871.0  664.5  466.319575  848.0  662.248111  563.683908  870.0
FAILURE!!!! Some beads might have been misidentified
               x1          y1  area1          x2          y2  area2         x3          y3  area3
range  662.098361  370.225131  846.0  664.624685  466.738232  871.0  662.07858  563.070155  845.0
FAILURE!!!! Some beads might have been misidentified
               x1          y1  area1          x2          y2  area2       x3          y3  area3
range  662.114899  370.224115  870.0  664.612579  466.317217  848.0  662.125  563.698851  870.0
FAILURE!!!! Some beads might have been misidentified
Residual vector length: 90, Jacobian shape: (90, 6)
view   0 | SOD= 592.713 mm | SDD= 696.006 mm | M= 1.174 | incident=0.2470°
[[   3.961173   -592.6021      -10.784771  ]
 [  -8.467007    103.29339     -10.784771  ]
 [   0.14956324    0.00331601    0.        ]
 [   0.            0.            0.1496    ]]
          x1          y1  area1          x2         y2  area2          x3          y3  area3
range  662.0  370.162304  844.0  664.540778  466.23086  849.0  661.998728  563.033413  849.0
FAILURE!!!! Some beads might have been misidentified

iter 30 cost=74898.899219 -> 1382551.351829 |dtheta|=1.248196e-02  lambda=1.000e+06
Stalled.

Estimated theta:
  dSx: +0.000000
  dSy: +0.000000
  dOx: -6.604922
  dOy: +4.209938
  dOz: +0.512715
  dDx: +0.000000
  dDy: +0.000000
  dDz: +0.000000
alpha: +1.268212e+00 deg)
offset_x: -0.207262
offset_z: +0.036106

Final cost table:
Fake theta: [  0.    0.  -14.    8.  -22.    0.    0.    0.   12.3   0.    0. ]
Final estimated theta: [ 0.          0.         -6.60492171  4.20993802  0.51271454  0.
  0.          0.          1.26821206 -0.20726248  0.03610615]
Diff from Expected: [  0.           0.           7.39507829  -3.79006198  22.51271454
   0.           0.           0.         -11.03178813  -0.20726248
   0.03610615]
################################################################################

