Phantom already exists, skipping: cuboid_phantom_3_compact.npy

################################################################################
Running cuboid=compact scenario=G4 N_ANGLES=18, K=3
view   0 | SOD= 570.594 mm | SDD= 809.425 mm | M= 1.419 | incident=3.4005°
[[  33.809837   -568.99725     -26.        ]
 [ -13.700238    237.60535      22.        ]
 [   0.14935194    0.00861158    0.        ]
 [   0.            0.            0.1496    ]]
           image          x1          y1  area1          x2          y2  area2          x3          y3  area3
0   proj_000.png  492.539293  239.422397   1018  457.000000  304.084763    991  492.517140  372.495593   1021
1   proj_001.png  484.583008  239.512695   1024  464.835000  303.916000   1000  484.564153  372.693438   1021
2   proj_002.png  475.475634  239.554581   1026  473.967871  303.826305    996  475.437684  372.845927   1019
3   proj_003.png  466.258789  239.510742   1024  483.195219  303.874502   1004  466.247312  372.760508   1023
4   proj_004.png  458.042532  239.375865   1011  491.258776  304.076229    997  457.986193  372.571992   1014
5   proj_005.png  451.711045  239.157791   1014  497.475248  304.440594   1010  451.744597  372.176817   1018
6   proj_006.png  448.438492  238.868056   1008  500.911355  304.740040   1004  448.500982  371.650295   1018
7   proj_007.png  448.264881  238.534722   1008  501.217694  305.234592   1006  448.274900  371.134462   1004
8   proj_008.png  451.252243  238.281157   1003  498.425616  305.531034   1015  451.302488  370.646766   1005
9   proj_009.png  457.000000  238.000000    997  492.581188  305.895050   1010  456.976931  370.177533    997
10  proj_010.png  464.845000  237.891000   1000  484.589216  306.279412   1020  464.835000  369.916000   1000
11  proj_011.png  473.955868  237.840522    997  475.500000  306.277344   1024  473.963892  369.816449    997
12  proj_012.png  483.191426  237.824526   1003  466.195695  306.197652   1022  483.185629  369.907186   1002
13  proj_013.png  491.264529  237.972946    998  458.009930  305.985104   1007  491.272272  370.137137    999
14  proj_014.png  497.487487  238.163163    999  451.789941  305.611440   1014  497.483615  370.541212   1007
15  proj_015.png  500.923459  238.473161   1006  448.478304  305.287968   1014  500.909000  370.996000   1000
16  proj_016.png  501.203777  238.796223   1006  448.219682  304.820080   1006  501.168150  371.548961   1011
17  proj_017.png  498.369307  239.106931   1010  451.274627  304.481592   1005  498.365079  372.084325   1008

============================================================
Iteration 0
============================================================
Theta offsets (Unity frame):
  Source   : dSx=   0.000, dSy=   0.000, dSz=   0.000  (mm)
  Object   : dOx=   0.000, dOy=   0.000, dOz=   0.000  (mm)
  Object offset: offset_x=   0.000, offset_z=   0.000  (mm)
  Detector : dDx=   0.000, dDy=   0.000, dDz=   0.000  (mm)
  Obj Stage rotY :    0.000 deg
============================================================

Unity geometry (world coordinates):
  Source   : x=   1.000, y=  46.000, z=   0.000
  Object   : x=  12.000, y=  17.000, z= 583.000
  Detector : x=   0.000, y=  -2.000, z= 808.000
  Obj rotY :   0.0000 deg
view   0 | SOD= 583.824 mm | SDD= 809.425 mm | M= 1.386 | incident=3.4005°
[[ -11.     -583.      -29.    ]
 [ -12.      225.       19.    ]
 [   0.1496    0.        0.    ]
 [   0.        0.        0.1496]]
Residual vector length: 162, Jacobian shape: (162, 6)
view   0 | SOD= 585.152 mm | SDD= 809.425 mm | M= 1.383 | incident=3.4005°
[[   2.719811   -584.53577     -26.716675  ]
 [  -0.53278935  223.45831      21.283325  ]
 [   0.14959942    0.00041707    0.        ]
 [   0.            0.            0.1496    ]]

iter 00 cost=348704.065923 -> 268.778576 |dtheta|=1.233007e+01  lambda=1.000e-02

============================================================
Iteration 1
============================================================
Theta offsets (Unity frame):
  Source   : dSx=   0.000, dSy=   0.000, dSz=   0.000  (mm)
  Object   : dOx= -12.020, dOy=   2.283, dOz=   1.515  (mm)
  Object offset: offset_x=  -0.070, offset_z=   0.027  (mm)
  Detector : dDx=   0.000, dDy=   0.000, dDz=   0.000  (mm)
  Obj Stage rotY :    0.160 deg
============================================================

Unity geometry (world coordinates):
  Source   : x=   1.000, y=  46.000, z=   0.000
  Object   : x=  -0.020, y=  19.283, z= 584.515
  Detector : x=   0.000, y=  -2.000, z= 808.000
  Obj rotY :   0.0000 deg
view   0 | SOD= 585.152 mm | SDD= 809.425 mm | M= 1.383 | incident=3.4005°
[[   2.719811   -584.53577     -26.716675  ]
 [  -0.53278935  223.45831      21.283325  ]
 [   0.14959942    0.00041707    0.        ]
 [   0.            0.            0.1496    ]]
Residual vector length: 162, Jacobian shape: (162, 6)
view   0 | SOD= 583.572 mm | SDD= 809.425 mm | M= 1.387 | incident=3.4005°
[[  12.918629   -582.8217      -26.607435  ]
 [  -4.5121126   224.99084      21.392565  ]
 [   0.14956906    0.00304217    0.        ]
 [   0.            0.            0.1496    ]]

iter 01 cost=268.778576 -> 195.417681 |dtheta|=1.879158e+00  lambda=3.333e-03

============================================================
Iteration 2
============================================================
Theta offsets (Unity frame):
  Source   : dSx=   0.000, dSy=   0.000, dSz=   0.000  (mm)
  Object   : dOx= -12.035, dOy=   2.393, dOz=  -0.069  (mm)
  Object offset: offset_x=  -0.029, offset_z=   0.033  (mm)
  Detector : dDx=   0.000, dDy=   0.000, dDz=   0.000  (mm)
  Obj Stage rotY :    1.165 deg
============================================================

Unity geometry (world coordinates):
  Source   : x=   1.000, y=  46.000, z=   0.000
  Object   : x=  -0.035, y=  19.393, z= 582.931
  Detector : x=   0.000, y=  -2.000, z= 808.000
  Obj rotY :   0.0000 deg
view   0 | SOD= 583.572 mm | SDD= 809.425 mm | M= 1.387 | incident=3.4005°
[[  12.918629   -582.8217      -26.607435  ]
 [  -4.5121126   224.99084      21.392565  ]
 [   0.14956906    0.00304217    0.        ]
 [   0.            0.            0.1496    ]]
Residual vector length: 162, Jacobian shape: (162, 6)
view   0 | SOD= 582.422 mm | SDD= 809.425 mm | M= 1.390 | incident=3.4005°
[[  19.838354   -581.47833     -26.547018  ]
 [  -7.292071    226.0667       21.452982  ]
 [   0.14952175    0.00483811    0.        ]
 [   0.            0.            0.1496    ]]

iter 02 cost=195.417681 -> 157.254325 |dtheta|=1.319905e+00  lambda=1.111e-03

============================================================
Iteration 3
============================================================
Theta offsets (Unity frame):
  Source   : dSx=   0.000, dSy=   0.000, dSz=   0.000  (mm)
  Object   : dOx= -12.021, dOy=   2.453, dOz=  -1.193  (mm)
  Object offset: offset_x=  -0.002, offset_z=   0.008  (mm)
  Detector : dDx=   0.000, dDy=   0.000, dDz=   0.000  (mm)
  Obj Stage rotY :    1.853 deg
============================================================

Unity geometry (world coordinates):
  Source   : x=   1.000, y=  46.000, z=   0.000
  Object   : x=  -0.021, y=  19.453, z= 581.807
  Detector : x=   0.000, y=  -2.000, z= 808.000
  Obj rotY :   0.0000 deg
view   0 | SOD= 582.422 mm | SDD= 809.425 mm | M= 1.390 | incident=3.4005°
[[  19.838354   -581.47833     -26.547018  ]
 [  -7.292071    226.0667       21.452982  ]
 [   0.14952175    0.00483811    0.        ]
 [   0.            0.            0.1496    ]]
Residual vector length: 162, Jacobian shape: (162, 6)
view   0 | SOD= 581.585 mm | SDD= 809.425 mm | M= 1.392 | incident=3.4005°
[[  22.31079    -580.5521      -26.502287  ]
 [  -8.307073    226.86816      21.497713  ]
 [   0.14949946    0.00548383    0.        ]
 [   0.            0.            0.1496    ]]

iter 03 cost=157.254325 -> 136.904043 |dtheta|=8.716073e-01  lambda=3.704e-04

============================================================
Iteration 4
============================================================
Theta offsets (Unity frame):
  Source   : dSx=   0.000, dSy=   0.000, dSz=   0.000  (mm)
  Object   : dOx= -12.019, dOy=   2.498, dOz=  -2.027  (mm)
  Object offset: offset_x=   0.004, offset_z=   0.007  (mm)
  Detector : dDx=   0.000, dDy=   0.000, dDz=   0.000  (mm)
  Obj Stage rotY :    2.101 deg
============================================================

Unity geometry (world coordinates):
  Source   : x=   1.000, y=  46.000, z=   0.000
  Object   : x=  -0.019, y=  19.498, z= 580.973
  Detector : x=   0.000, y=  -2.000, z= 808.000
  Obj rotY :   0.0000 deg
view   0 | SOD= 581.585 mm | SDD= 809.425 mm | M= 1.392 | incident=3.4005°
[[  22.31079    -580.5521      -26.502287  ]
 [  -8.307073    226.86816      21.497713  ]
 [   0.14949946    0.00548383    0.        ]
 [   0.            0.            0.1496    ]]
Residual vector length: 162, Jacobian shape: (162, 6)
view   0 | SOD= 579.787 mm | SDD= 809.425 mm | M= 1.396 | incident=3.4004°
[[  25.619211   -578.61755     -26.41735   ]
 [  -9.713328    228.61021      21.58265   ]
 [   0.14946488    0.00635679    0.        ]
 [   0.            0.            0.1496    ]]

iter 04 cost=136.904043 -> 92.755122 |dtheta|=1.852515e+00  lambda=1.235e-04

============================================================
Iteration 5
============================================================
Theta offsets (Unity frame):
  Source   : dSx=   0.000, dSy=   0.000, dSz=   0.000  (mm)
  Object   : dOx= -12.010, dOy=   2.583, dOz=  -3.847  (mm)
  Object offset: offset_x=   0.000, offset_z=   0.031  (mm)
  Detector : dDx=   0.000, dDy=   0.000, dDz=   0.000  (mm)
  Obj Stage rotY :    2.435 deg
============================================================

Unity geometry (world coordinates):
  Source   : x=   1.000, y=  46.000, z=   0.000
  Object   : x=  -0.010, y=  19.583, z= 579.153
  Detector : x=   0.000, y=  -2.000, z= 808.000
  Obj rotY :   0.0000 deg
view   0 | SOD= 579.787 mm | SDD= 809.425 mm | M= 1.396 | incident=3.4004°
[[  25.619211   -578.61755     -26.41735   ]
 [  -9.713328    228.61021      21.58265   ]
 [   0.14946488    0.00635679    0.        ]
 [   0.            0.            0.1496    ]]
Residual vector length: 162, Jacobian shape: (162, 6)
view   0 | SOD= 577.719 mm | SDD= 809.425 mm | M= 1.401 | incident=3.4005°
[[  24.512365   -576.59827     -26.32345   ]
 [  -9.384741    230.69102      21.67655   ]
 [   0.14947595    0.006091      0.        ]
 [   0.            0.            0.1496    ]]

iter 05 cost=92.755122 -> 55.424666 |dtheta|=2.068673e+00  lambda=4.115e-05

============================================================
Iteration 6
============================================================
Theta offsets (Unity frame):
  Source   : dSx=   0.000, dSy=   0.000, dSz=   0.000  (mm)
  Object   : dOx= -12.012, dOy=   2.677, dOz=  -5.911  (mm)
  Object offset: offset_x=  -0.004, offset_z=   0.029  (mm)
  Detector : dDx=   0.000, dDy=   0.000, dDz=   0.000  (mm)
  Obj Stage rotY :    2.333 deg
============================================================

Unity geometry (world coordinates):
  Source   : x=   1.000, y=  46.000, z=   0.000
  Object   : x=  -0.012, y=  19.677, z= 577.089
  Detector : x=   0.000, y=  -2.000, z= 808.000
  Obj rotY :   0.0000 deg
view   0 | SOD= 577.719 mm | SDD= 809.425 mm | M= 1.401 | incident=3.4005°
[[  24.512365   -576.59827     -26.32345   ]
 [  -9.384741    230.69102      21.67655   ]
 [   0.14947595    0.006091      0.        ]
 [   0.            0.            0.1496    ]]
Residual vector length: 162, Jacobian shape: (162, 6)
view   0 | SOD= 576.409 mm | SDD= 809.425 mm | M= 1.404 | incident=3.4005°
[[  25.64363    -575.2393      -26.26036   ]
 [  -9.92141     231.97818      21.73964   ]
 [   0.14946304    0.00639984    0.        ]
 [   0.            0.            0.1496    ]]

iter 06 cost=55.424666 -> 38.638731 |dtheta|=1.305036e+00  lambda=1.372e-05

============================================================
Iteration 7
============================================================
Theta offsets (Unity frame):
  Source   : dSx=   0.000, dSy=   0.000, dSz=   0.000  (mm)
  Object   : dOx= -12.005, dOy=   2.740, dOz=  -7.209  (mm)
  Object offset: offset_x=  -0.006, offset_z=   0.019  (mm)
  Detector : dDx=   0.000, dDy=   0.000, dDz=   0.000  (mm)
  Obj Stage rotY :    2.452 deg
============================================================

Unity geometry (world coordinates):
  Source   : x=   1.000, y=  46.000, z=   0.000
  Object   : x=  -0.005, y=  19.740, z= 575.791
  Detector : x=   0.000, y=  -2.000, z= 808.000
  Obj rotY :   0.0000 deg
view   0 | SOD= 576.409 mm | SDD= 809.425 mm | M= 1.404 | incident=3.4005°
[[  25.64363    -575.2393      -26.26036   ]
 [  -9.92141     231.97818      21.73964   ]
 [   0.14946304    0.00639984    0.        ]
 [   0.            0.            0.1496    ]]
Residual vector length: 162, Jacobian shape: (162, 6)
view   0 | SOD= 574.835 mm | SDD= 809.425 mm | M= 1.408 | incident=3.4005°
[[  30.550573   -573.4241      -26.198164  ]
 [ -12.016746    233.45448      21.801836  ]
 [   0.14940189    0.00769637    0.        ]
 [   0.            0.            0.1496    ]]

iter 07 cost=38.638731 -> 21.994707 |dtheta|=1.651126e+00  lambda=4.572e-06

============================================================
Iteration 8
============================================================
Theta offsets (Unity frame):
  Source   : dSx=   0.000, dSy=   0.000, dSz=   0.000  (mm)
  Object   : dOx= -12.005, dOy=   2.802, dOz=  -8.782  (mm)
  Object offset: offset_x=  -0.005, offset_z=   0.019  (mm)
  Detector : dDx=   0.000, dDy=   0.000, dDz=   0.000  (mm)
  Obj Stage rotY :    2.949 deg
============================================================

Unity geometry (world coordinates):
  Source   : x=   1.000, y=  46.000, z=   0.000
  Object   : x=  -0.005, y=  19.802, z= 574.218
  Detector : x=   0.000, y=  -2.000, z= 808.000
  Obj rotY :   0.0000 deg
view   0 | SOD= 574.835 mm | SDD= 809.425 mm | M= 1.408 | incident=3.4005°
[[  30.550573   -573.4241      -26.198164  ]
 [ -12.016746    233.45448      21.801836  ]
 [   0.14940189    0.00769637    0.        ]
 [   0.            0.            0.1496    ]]
Residual vector length: 162, Jacobian shape: (162, 6)
view   0 | SOD= 573.990 mm | SDD= 809.425 mm | M= 1.410 | incident=3.4005°
[[  31.468357   -572.5299      -26.154737  ]
 [ -12.468647    234.27524      21.845263  ]
 [   0.14938861    0.00794998    0.        ]
 [   0.            0.            0.1496    ]]

iter 08 cost=21.994707 -> 14.621388 |dtheta|=8.371874e-01  lambda=1.524e-06

============================================================
Iteration 9
============================================================
Theta offsets (Unity frame):
  Source   : dSx=   0.000, dSy=   0.000, dSz=   0.000  (mm)
  Object   : dOx= -12.002, dOy=   2.845, dOz=  -9.613  (mm)
  Object offset: offset_x=   0.004, offset_z=   0.006  (mm)
  Detector : dDx=   0.000, dDy=   0.000, dDz=   0.000  (mm)
  Obj Stage rotY :    3.046 deg
============================================================

Unity geometry (world coordinates):
  Source   : x=   1.000, y=  46.000, z=   0.000
  Object   : x=  -0.002, y=  19.845, z= 573.387
  Detector : x=   0.000, y=  -2.000, z= 808.000
  Obj rotY :   0.0000 deg
view   0 | SOD= 573.990 mm | SDD= 809.425 mm | M= 1.410 | incident=3.4005°
[[  31.468357   -572.5299      -26.154737  ]
 [ -12.468647    234.27524      21.845263  ]
 [   0.14938861    0.00794998    0.        ]
 [   0.            0.            0.1496    ]]
Residual vector length: 162, Jacobian shape: (162, 6)
view   0 | SOD= 573.464 mm | SDD= 809.425 mm | M= 1.411 | incident=3.4005°
[[  32.113743   -571.96704     -26.130505  ]
 [ -12.764145    234.78629      21.869495  ]
 [   0.14937924    0.0081242     0.        ]
 [   0.            0.            0.1496    ]]

iter 09 cost=14.621388 -> 10.448675 |dtheta|=5.356541e-01  lambda=1.000e-06

============================================================
Iteration 10
============================================================
Theta offsets (Unity frame):
  Source   : dSx=   0.000, dSy=   0.000, dSz=   0.000  (mm)
  Object   : dOx= -12.004, dOy=   2.869, dOz= -10.144  (mm)
  Object offset: offset_x=  -0.001, offset_z=   0.011  (mm)
  Detector : dDx=   0.000, dDy=   0.000, dDz=   0.000  (mm)
  Obj Stage rotY :    3.113 deg
============================================================

Unity geometry (world coordinates):
  Source   : x=   1.000, y=  46.000, z=   0.000
  Object   : x=  -0.004, y=  19.869, z= 572.856
  Detector : x=   0.000, y=  -2.000, z= 808.000
  Obj rotY :   0.0000 deg
view   0 | SOD= 573.464 mm | SDD= 809.425 mm | M= 1.411 | incident=3.4005°
[[  32.113743   -571.96704     -26.130505  ]
 [ -12.764145    234.78629      21.869495  ]
 [   0.14937924    0.0081242     0.        ]
 [   0.            0.            0.1496    ]]
Residual vector length: 162, Jacobian shape: (162, 6)
view   0 | SOD= 573.107 mm | SDD= 809.425 mm | M= 1.412 | incident=3.4005°
[[  32.65174    -571.5804      -26.11364   ]
 [ -13.010961    235.12894      21.88636   ]
 [   0.14937127    0.00826952    0.        ]
 [   0.            0.            0.1496    ]]

iter 10 cost=10.448675 -> 8.355042 |dtheta|=3.499606e-01  lambda=1.000e-06

============================================================
Iteration 11
============================================================
Theta offsets (Unity frame):
  Source   : dSx=   0.000, dSy=   0.000, dSz=   0.000  (mm)
  Object   : dOx= -12.005, dOy=   2.886, dOz= -10.489  (mm)
  Object offset: offset_x=  -0.002, offset_z=  -0.000  (mm)
  Detector : dDx=   0.000, dDy=   0.000, dDz=   0.000  (mm)
  Obj Stage rotY :    3.169 deg
============================================================

Unity geometry (world coordinates):
  Source   : x=   1.000, y=  46.000, z=   0.000
  Object   : x=  -0.005, y=  19.886, z= 572.511
  Detector : x=   0.000, y=  -2.000, z= 808.000
  Obj rotY :   0.0000 deg
view   0 | SOD= 573.107 mm | SDD= 809.425 mm | M= 1.412 | incident=3.4005°
[[  32.65174    -571.5804      -26.11364   ]
 [ -13.010961    235.12894      21.88636   ]
 [   0.14937127    0.00826952    0.        ]
 [   0.            0.            0.1496    ]]
Residual vector length: 162, Jacobian shape: (162, 6)
view   0 | SOD= 572.722 mm | SDD= 809.425 mm | M= 1.413 | incident=3.4005°
[[  32.849827   -571.1832      -26.096933  ]
 [ -13.121091    235.5086       21.903067  ]
 [   0.14936809    0.00832659    0.        ]
 [   0.            0.            0.1496    ]]

iter 11 cost=8.355042 -> 6.519905 |dtheta|=3.943807e-01  lambda=1.000e-06

============================================================
Iteration 12
============================================================
Theta offsets (Unity frame):
  Source   : dSx=   0.000, dSy=   0.000, dSz=   0.000  (mm)
  Object   : dOx= -12.005, dOy=   2.903, dOz= -10.882  (mm)
  Object offset: offset_x=  -0.002, offset_z=   0.008  (mm)
  Detector : dDx=   0.000, dDy=   0.000, dDz=   0.000  (mm)
  Obj Stage rotY :    3.191 deg
============================================================

Unity geometry (world coordinates):
  Source   : x=   1.000, y=  46.000, z=   0.000
  Object   : x=  -0.005, y=  19.903, z= 572.118
  Detector : x=   0.000, y=  -2.000, z= 808.000
  Obj rotY :   0.0000 deg
view   0 | SOD= 572.722 mm | SDD= 809.425 mm | M= 1.413 | incident=3.4005°
[[  32.849827   -571.1832      -26.096933  ]
 [ -13.121091    235.5086       21.903067  ]
 [   0.14936809    0.00832659    0.        ]
 [   0.            0.            0.1496    ]]
Residual vector length: 162, Jacobian shape: (162, 6)
view   0 | SOD= 572.519 mm | SDD= 809.425 mm | M= 1.414 | incident=3.4005°
[[  32.643894   -570.99194     -26.087349  ]
 [ -13.055903    235.71524      21.912651  ]
 [   0.14937088    0.00827638    0.        ]
 [   0.            0.            0.1496    ]]

iter 12 cost=6.519905 -> 5.428327 |dtheta|=2.017113e-01  lambda=1.000e-06

============================================================
Iteration 13
============================================================
Theta offsets (Unity frame):
  Source   : dSx=   0.000, dSy=   0.000, dSz=   0.000  (mm)
  Object   : dOx= -12.003, dOy=   2.913, dOz= -11.082  (mm)
  Object offset: offset_x=  -0.002, offset_z=   0.006  (mm)
  Detector : dDx=   0.000, dDy=   0.000, dDz=   0.000  (mm)
  Obj Stage rotY :    3.171 deg
============================================================

Unity geometry (world coordinates):
  Source   : x=   1.000, y=  46.000, z=   0.000
  Object   : x=  -0.003, y=  19.913, z= 571.918
  Detector : x=   0.000, y=  -2.000, z= 808.000
  Obj rotY :   0.0000 deg
view   0 | SOD= 572.519 mm | SDD= 809.425 mm | M= 1.414 | incident=3.4005°
[[  32.643894   -570.99194     -26.087349  ]
 [ -13.055903    235.71524      21.912651  ]
 [   0.14937088    0.00827638    0.        ]
 [   0.            0.            0.1496    ]]
Residual vector length: 162, Jacobian shape: (162, 6)
view   0 | SOD= 572.289 mm | SDD= 809.425 mm | M= 1.414 | incident=3.4005°
[[  32.43538    -570.77356     -26.077461  ]
 [ -12.989242    235.94919      21.922539  ]
 [   0.1493737     0.00822543    0.        ]
 [   0.            0.            0.1496    ]]

iter 13 cost=5.428327 -> 4.509987 |dtheta|=2.235392e-01  lambda=1.000e-06

============================================================
Iteration 14
============================================================
Theta offsets (Unity frame):
  Source   : dSx=   0.000, dSy=   0.000, dSz=   0.000  (mm)
  Object   : dOx= -12.003, dOy=   2.923, dOz= -11.305  (mm)
  Object offset: offset_x=  -0.001, offset_z=  -0.002  (mm)
  Detector : dDx=   0.000, dDy=   0.000, dDz=   0.000  (mm)
  Obj Stage rotY :    3.152 deg
============================================================

Unity geometry (world coordinates):
  Source   : x=   1.000, y=  46.000, z=   0.000
  Object   : x=  -0.003, y=  19.923, z= 571.695
  Detector : x=   0.000, y=  -2.000, z= 808.000
  Obj rotY :   0.0000 deg
view   0 | SOD= 572.289 mm | SDD= 809.425 mm | M= 1.414 | incident=3.4005°
[[  32.43538    -570.77356     -26.077461  ]
 [ -12.989242    235.94919      21.922539  ]
 [   0.1493737     0.00822543    0.        ]
 [   0.            0.            0.1496    ]]
Residual vector length: 162, Jacobian shape: (162, 6)
view   0 | SOD= 572.073 mm | SDD= 809.425 mm | M= 1.415 | incident=3.4005°
[[  32.644573   -570.54517     -26.067413  ]
 [ -13.090976    236.16003      21.932587  ]
 [   0.14937052    0.008283      0.        ]
 [   0.            0.            0.1496    ]]

iter 14 cost=4.509987 -> 3.646159 |dtheta|=2.212368e-01  lambda=1.000e-06

============================================================
Iteration 15
============================================================
Theta offsets (Unity frame):
  Source   : dSx=   0.000, dSy=   0.000, dSz=   0.000  (mm)
  Object   : dOx= -12.002, dOy=   2.933, dOz= -11.525  (mm)
  Object offset: offset_x=  -0.002, offset_z=   0.002  (mm)
  Detector : dDx=   0.000, dDy=   0.000, dDz=   0.000  (mm)
  Obj Stage rotY :    3.174 deg
============================================================

Unity geometry (world coordinates):
  Source   : x=   1.000, y=  46.000, z=   0.000
  Object   : x=  -0.002, y=  19.933, z= 571.475
  Detector : x=   0.000, y=  -2.000, z= 808.000
  Obj rotY :   0.0000 deg
view   0 | SOD= 572.073 mm | SDD= 809.425 mm | M= 1.415 | incident=3.4005°
[[  32.644573   -570.54517     -26.067413  ]
 [ -13.090976    236.16003      21.932587  ]
 [   0.14937052    0.008283      0.        ]
 [   0.            0.            0.1496    ]]
Residual vector length: 162, Jacobian shape: (162, 6)
view   0 | SOD= 571.889 mm | SDD= 809.425 mm | M= 1.415 | incident=3.4005°
[[  33.0228     -570.3398      -26.058672  ]
 [ -13.26467     236.33391      21.941328  ]
 [   0.14936481    0.0083852     0.        ]
 [   0.            0.            0.1496    ]]

iter 15 cost=3.646159 -> 3.159841 |dtheta|=1.895784e-01  lambda=1.000e-06

============================================================
Iteration 16
============================================================
Theta offsets (Unity frame):
  Source   : dSx=   0.000, dSy=   0.000, dSz=   0.000  (mm)
  Object   : dOx= -12.003, dOy=   2.941, dOz= -11.710  (mm)
  Object offset: offset_x=  -0.000, offset_z=   0.004  (mm)
  Detector : dDx=   0.000, dDy=   0.000, dDz=   0.000  (mm)
  Obj Stage rotY :    3.213 deg
============================================================

Unity geometry (world coordinates):
  Source   : x=   1.000, y=  46.000, z=   0.000
  Object   : x=  -0.003, y=  19.941, z= 571.290
  Detector : x=   0.000, y=  -2.000, z= 808.000
  Obj rotY :   0.0000 deg
view   0 | SOD= 571.889 mm | SDD= 809.425 mm | M= 1.415 | incident=3.4005°
[[  33.0228     -570.3398      -26.058672  ]
 [ -13.26467     236.33391      21.941328  ]
 [   0.14936481    0.0083852     0.        ]
 [   0.            0.            0.1496    ]]
Residual vector length: 162, Jacobian shape: (162, 6)
view   0 | SOD= 571.718 mm | SDD= 809.425 mm | M= 1.416 | incident=3.4005°
[[  33.94897    -570.1143      -26.050278  ]
 [ -13.663717    236.48224      21.949722  ]
 [   0.14935084    0.00863058    0.        ]
 [   0.            0.            0.1496    ]]

iter 16 cost=3.159841 -> 2.673352 |dtheta|=1.962211e-01  lambda=1.000e-06

============================================================
Iteration 17
============================================================
Theta offsets (Unity frame):
  Source   : dSx=   0.000, dSy=   0.000, dSz=   0.000  (mm)
  Object   : dOx= -12.003, dOy=   2.950, dOz= -11.882  (mm)
  Object offset: offset_x=   0.001, offset_z=   0.005  (mm)
  Detector : dDx=   0.000, dDy=   0.000, dDz=   0.000  (mm)
  Obj Stage rotY :    3.307 deg
============================================================

Unity geometry (world coordinates):
  Source   : x=   1.000, y=  46.000, z=   0.000
  Object   : x=  -0.003, y=  19.950, z= 571.118
  Detector : x=   0.000, y=  -2.000, z= 808.000
  Obj rotY :   0.0000 deg
view   0 | SOD= 571.718 mm | SDD= 809.425 mm | M= 1.416 | incident=3.4005°
[[  33.94897    -570.1143      -26.050278  ]
 [ -13.663717    236.48224      21.949722  ]
 [   0.14935084    0.00863058    0.        ]
 [   0.            0.            0.1496    ]]
Residual vector length: 162, Jacobian shape: (162, 6)
view   0 | SOD= 571.550 mm | SDD= 809.425 mm | M= 1.416 | incident=3.4005°
[[  32.90465    -570.00775     -26.043768  ]
 [ -13.243914    236.67392      21.956232  ]
 [   0.14936626    0.00835948    0.        ]
 [   0.            0.            0.1496    ]]

iter 17 cost=2.673352 -> 2.190423 |dtheta|=1.949111e-01  lambda=1.000e-06

============================================================
Iteration 18
============================================================
Theta offsets (Unity frame):
  Source   : dSx=   0.000, dSy=   0.000, dSz=   0.000  (mm)
  Object   : dOx= -12.000, dOy=   2.956, dOz= -12.046  (mm)
  Object offset: offset_x=  -0.001, offset_z=   0.002  (mm)
  Detector : dDx=   0.000, dDy=   0.000, dDz=   0.000  (mm)
  Obj Stage rotY :    3.203 deg
============================================================

Unity geometry (world coordinates):
  Source   : x=   1.000, y=  46.000, z=   0.000
  Object   : x=  -0.000, y=  19.956, z= 570.954
  Detector : x=   0.000, y=  -2.000, z= 808.000
  Obj rotY :   0.0000 deg
view   0 | SOD= 571.550 mm | SDD= 809.425 mm | M= 1.416 | incident=3.4005°
[[  32.90465    -570.00775     -26.043768  ]
 [ -13.243914    236.67392      21.956232  ]
 [   0.14936626    0.00835948    0.        ]
 [   0.            0.            0.1496    ]]
Residual vector length: 162, Jacobian shape: (162, 6)
view   0 | SOD= 571.470 mm | SDD= 809.425 mm | M= 1.416 | incident=3.4005°
[[  33.455868   -569.8954      -26.039186  ]
 [ -13.477337    236.74101      21.960814  ]
 [   0.14935805    0.00850476    0.        ]
 [   0.            0.            0.1496    ]]

iter 18 cost=2.190423 -> 1.998715 |dtheta|=1.005536e-01  lambda=1.000e-06

============================================================
Iteration 19
============================================================
Theta offsets (Unity frame):
  Source   : dSx=   0.000, dSy=   0.000, dSz=   0.000  (mm)
  Object   : dOx= -12.001, dOy=   2.961, dOz= -12.130  (mm)
  Object offset: offset_x=  -0.002, offset_z=   0.006  (mm)
  Detector : dDx=   0.000, dDy=   0.000, dDz=   0.000  (mm)
  Obj Stage rotY :    3.259 deg
============================================================

Unity geometry (world coordinates):
  Source   : x=   1.000, y=  46.000, z=   0.000
  Object   : x=  -0.001, y=  19.961, z= 570.870
  Detector : x=   0.000, y=  -2.000, z= 808.000
  Obj rotY :   0.0000 deg
view   0 | SOD= 571.470 mm | SDD= 809.425 mm | M= 1.416 | incident=3.4005°
[[  33.455868   -569.8954      -26.039186  ]
 [ -13.477337    236.74101      21.960814  ]
 [   0.14935805    0.00850476    0.        ]
 [   0.            0.            0.1496    ]]
Residual vector length: 162, Jacobian shape: (162, 6)
view   0 | SOD= 571.366 mm | SDD= 809.425 mm | M= 1.417 | incident=3.4005°
[[  33.551567   -569.78516     -26.034258  ]
 [ -13.527441    236.84276      21.965742  ]
 [   0.14935651    0.00853176    0.        ]
 [   0.            0.            0.1496    ]]

iter 19 cost=1.998715 -> 1.756192 |dtheta|=1.012808e-01  lambda=1.000e-06

============================================================
Iteration 20
============================================================
Theta offsets (Unity frame):
  Source   : dSx=   0.000, dSy=   0.000, dSz=   0.000  (mm)
  Object   : dOx= -12.000, dOy=   2.966, dOz= -12.230  (mm)
  Object offset: offset_x=  -0.001, offset_z=   0.002  (mm)
  Detector : dDx=   0.000, dDy=   0.000, dDz=   0.000  (mm)
  Obj Stage rotY :    3.269 deg
============================================================

Unity geometry (world coordinates):
  Source   : x=   1.000, y=  46.000, z=   0.000
  Object   : x=  -0.000, y=  19.966, z= 570.770
  Detector : x=   0.000, y=  -2.000, z= 808.000
  Obj rotY :   0.0000 deg
view   0 | SOD= 571.366 mm | SDD= 809.425 mm | M= 1.417 | incident=3.4005°
[[  33.551567   -569.78516     -26.034258  ]
 [ -13.527441    236.84276      21.965742  ]
 [   0.14935651    0.00853176    0.        ]
 [   0.            0.            0.1496    ]]
Residual vector length: 162, Jacobian shape: (162, 6)
view   0 | SOD= 571.239 mm | SDD= 809.425 mm | M= 1.417 | incident=3.4005°
[[  33.812725   -569.6427      -26.028767  ]
 [ -13.647052    236.96288      21.971233  ]
 [   0.14935248    0.00860227    0.        ]
 [   0.            0.            0.1496    ]]

iter 20 cost=1.756192 -> 1.562578 |dtheta|=1.287310e-01  lambda=1.000e-06

============================================================
Iteration 21
============================================================
Theta offsets (Unity frame):
  Source   : dSx=   0.000, dSy=   0.000, dSz=   0.000  (mm)
  Object   : dOx= -12.001, dOy=   2.971, dOz= -12.356  (mm)
  Object offset: offset_x=  -0.000, offset_z=   0.001  (mm)
  Detector : dDx=   0.000, dDy=   0.000, dDz=   0.000  (mm)
  Obj Stage rotY :    3.296 deg
============================================================

Unity geometry (world coordinates):
  Source   : x=   1.000, y=  46.000, z=   0.000
  Object   : x=  -0.001, y=  19.971, z= 570.644
  Detector : x=   0.000, y=  -2.000, z= 808.000
  Obj rotY :   0.0000 deg
view   0 | SOD= 571.239 mm | SDD= 809.425 mm | M= 1.417 | incident=3.4005°
[[  33.812725   -569.6427      -26.028767  ]
 [ -13.647052    236.96288      21.971233  ]
 [   0.14935248    0.00860227    0.        ]
 [   0.            0.            0.1496    ]]
Residual vector length: 162, Jacobian shape: (162, 6)
view   0 | SOD= 571.151 mm | SDD= 809.425 mm | M= 1.417 | incident=3.4005°
[[  34.319927   -569.52435     -26.024727  ]
 [ -13.86764     237.03806      21.975273  ]
 [   0.14934465    0.00873702    0.        ]
 [   0.            0.            0.1496    ]]

iter 21 cost=1.562578 -> 1.445459 |dtheta|=9.990846e-02  lambda=1.000e-06

============================================================
Iteration 22
============================================================
Theta offsets (Unity frame):
  Source   : dSx=   0.000, dSy=   0.000, dSz=   0.000  (mm)
  Object   : dOx= -12.000, dOy=   2.975, dOz= -12.442  (mm)
  Object offset: offset_x=   0.000, offset_z=  -0.002  (mm)
  Detector : dDx=   0.000, dDy=   0.000, dDz=   0.000  (mm)
  Obj Stage rotY :    3.348 deg
============================================================

Unity geometry (world coordinates):
  Source   : x=   1.000, y=  46.000, z=   0.000
  Object   : x=   0.000, y=  19.975, z= 570.558
  Detector : x=   0.000, y=  -2.000, z= 808.000
  Obj rotY :   0.0000 deg
view   0 | SOD= 571.151 mm | SDD= 809.425 mm | M= 1.417 | incident=3.4005°
[[  34.319927   -569.52435     -26.024727  ]
 [ -13.86764     237.03806      21.975273  ]
 [   0.14934465    0.00873702    0.        ]
 [   0.            0.            0.1496    ]]
Residual vector length: 162, Jacobian shape: (162, 6)
view   0 | SOD= 571.105 mm | SDD= 809.425 mm | M= 1.417 | incident=3.4005°
[[  34.13588    -569.48956     -26.022219  ]
 [ -13.792815    237.08827      21.977781  ]
 [   0.14934744    0.00868909    0.        ]
 [   0.            0.            0.1496    ]]

iter 22 cost=1.445459 -> 1.365364 |dtheta|=5.154978e-02  lambda=1.000e-06

============================================================
Iteration 23
============================================================
Theta offsets (Unity frame):
  Source   : dSx=   0.000, dSy=   0.000, dSz=   0.000  (mm)
  Object   : dOx= -12.000, dOy=   2.978, dOz= -12.490  (mm)
  Object offset: offset_x=  -0.001, offset_z=   0.000  (mm)
  Detector : dDx=   0.000, dDy=   0.000, dDz=   0.000  (mm)
  Obj Stage rotY :    3.330 deg
============================================================

Unity geometry (world coordinates):
  Source   : x=   1.000, y=  46.000, z=   0.000
  Object   : x=   0.000, y=  19.978, z= 570.510
  Detector : x=   0.000, y=  -2.000, z= 808.000
  Obj rotY :   0.0000 deg
view   0 | SOD= 571.105 mm | SDD= 809.425 mm | M= 1.417 | incident=3.4005°
[[  34.13588    -569.48956     -26.022219  ]
 [ -13.792815    237.08827      21.977781  ]
 [   0.14934744    0.00868909    0.        ]
 [   0.            0.            0.1496    ]]
Residual vector length: 162, Jacobian shape: (162, 6)
view   0 | SOD= 571.066 mm | SDD= 809.425 mm | M= 1.417 | incident=3.4005°
[[  34.144993   -569.45056     -26.020496  ]
 [ -13.800967    237.12625      21.979504  ]
 [   0.14934726    0.00869229    0.        ]
 [   0.            0.            0.1496    ]]

iter 23 cost=1.365364 -> 1.364309 |dtheta|=3.761590e-02  lambda=1.000e-06

============================================================
Iteration 24
============================================================
Theta offsets (Unity frame):
  Source   : dSx=   0.000, dSy=   0.000, dSz=   0.000  (mm)
  Object   : dOx= -12.000, dOy=   2.980, dOz= -12.527  (mm)
  Object offset: offset_x=  -0.000, offset_z=  -0.000  (mm)
  Detector : dDx=   0.000, dDy=   0.000, dDz=   0.000  (mm)
  Obj Stage rotY :    3.331 deg
============================================================

Unity geometry (world coordinates):
  Source   : x=   1.000, y=  46.000, z=   0.000
  Object   : x=   0.000, y=  19.980, z= 570.473
  Detector : x=   0.000, y=  -2.000, z= 808.000
  Obj rotY :   0.0000 deg
view   0 | SOD= 571.066 mm | SDD= 809.425 mm | M= 1.417 | incident=3.4005°
[[  34.144993   -569.45056     -26.020496  ]
 [ -13.800967    237.12625      21.979504  ]
 [   0.14934726    0.00869229    0.        ]
 [   0.            0.            0.1496    ]]
Residual vector length: 162, Jacobian shape: (162, 6)
view   0 | SOD= 571.033 mm | SDD= 809.425 mm | M= 1.417 | incident=3.4005°
[[  34.143204   -569.41724     -26.019035  ]
 [ -13.803036    237.15958      21.980965  ]
 [   0.14934726    0.00869234    0.        ]
 [   0.            0.            0.1496    ]]

iter 24 cost=1.364309 -> 1.347841 |dtheta|=3.295232e-02  lambda=1.000e-06

============================================================
Iteration 25
============================================================
Theta offsets (Unity frame):
  Source   : dSx=   0.000, dSy=   0.000, dSz=   0.000  (mm)
  Object   : dOx= -11.999, dOy=   2.981, dOz= -12.560  (mm)
  Object offset: offset_x=  -0.001, offset_z=  -0.001  (mm)
  Detector : dDx=   0.000, dDy=   0.000, dDz=   0.000  (mm)
  Obj Stage rotY :    3.331 deg
============================================================

Unity geometry (world coordinates):
  Source   : x=   1.000, y=  46.000, z=   0.000
  Object   : x=   0.001, y=  19.981, z= 570.440
  Detector : x=   0.000, y=  -2.000, z= 808.000
  Obj rotY :   0.0000 deg
view   0 | SOD= 571.033 mm | SDD= 809.425 mm | M= 1.417 | incident=3.4005°
[[  34.143204   -569.41724     -26.019035  ]
 [ -13.803036    237.15958      21.980965  ]
 [   0.14934726    0.00869234    0.        ]
 [   0.            0.            0.1496    ]]
Residual vector length: 162, Jacobian shape: (162, 6)
view   0 | SOD= 571.013 mm | SDD= 809.425 mm | M= 1.418 | incident=3.4004°
[[  34.026936   -569.4046      -26.017979  ]
 [ -13.756359    237.18192      21.982021  ]
 [   0.149349      0.00866217    0.        ]
 [   0.            0.            0.1496    ]]

iter 25 cost=1.347841 -> 1.319006 |dtheta|=2.268517e-02  lambda=1.000e-06

============================================================
Iteration 26
============================================================
Theta offsets (Unity frame):
  Source   : dSx=   0.000, dSy=   0.000, dSz=   0.000  (mm)
  Object   : dOx= -12.000, dOy=   2.982, dOz= -12.580  (mm)
  Object offset: offset_x=  -0.001, offset_z=  -0.001  (mm)
  Detector : dDx=   0.000, dDy=   0.000, dDz=   0.000  (mm)
  Obj Stage rotY :    3.319 deg
============================================================

Unity geometry (world coordinates):
  Source   : x=   1.000, y=  46.000, z=   0.000
  Object   : x=   0.000, y=  19.982, z= 570.420
  Detector : x=   0.000, y=  -2.000, z= 808.000
  Obj rotY :   0.0000 deg
view   0 | SOD= 571.013 mm | SDD= 809.425 mm | M= 1.418 | incident=3.4004°
[[  34.026936   -569.4046      -26.017979  ]
 [ -13.756359    237.18192      21.982021  ]
 [   0.149349      0.00866217    0.        ]
 [   0.            0.            0.1496    ]]
Residual vector length: 162, Jacobian shape: (162, 6)
view   0 | SOD= 570.995 mm | SDD= 809.425 mm | M= 1.418 | incident=3.4005°
[[  34.058205   -569.3845      -26.017212  ]
 [ -13.7710285   237.19922      21.982788  ]
 [   0.14934851    0.00867067    0.        ]
 [   0.            0.            0.1496    ]]

iter 26 cost=1.319006 -> 1.347019 |dtheta|=2.002603e-02  lambda=1.000e-06

============================================================
Iteration 27
============================================================
Theta offsets (Unity frame):
  Source   : dSx=   0.000, dSy=   0.000, dSz=   0.000  (mm)
  Object   : dOx= -12.000, dOy=   2.982, dOz= -12.580  (mm)
  Object offset: offset_x=  -0.001, offset_z=  -0.001  (mm)
  Detector : dDx=   0.000, dDy=   0.000, dDz=   0.000  (mm)
  Obj Stage rotY :    3.319 deg
============================================================

Unity geometry (world coordinates):
  Source   : x=   1.000, y=  46.000, z=   0.000
  Object   : x=   0.000, y=  19.982, z= 570.420
  Detector : x=   0.000, y=  -2.000, z= 808.000
  Obj rotY :   0.0000 deg
view   0 | SOD= 571.013 mm | SDD= 809.425 mm | M= 1.418 | incident=3.4004°
[[  34.026936   -569.4046      -26.017979  ]
 [ -13.756359    237.18192      21.982021  ]
 [   0.149349      0.00866217    0.        ]
 [   0.            0.            0.1496    ]]
Residual vector length: 162, Jacobian shape: (162, 6)
view   0 | SOD= 570.995 mm | SDD= 809.425 mm | M= 1.418 | incident=3.4005°
[[  34.058205   -569.3845      -26.017212  ]
 [ -13.7710285   237.19922      21.982788  ]
 [   0.14934851    0.00867067    0.        ]
 [   0.            0.            0.1496    ]]

iter 27 cost=1.319006 -> 1.347019 |dtheta|=2.002603e-02  lambda=5.000e-06

============================================================
Iteration 28
============================================================
Theta offsets (Unity frame):
  Source   : dSx=   0.000, dSy=   0.000, dSz=   0.000  (mm)
  Object   : dOx= -12.000, dOy=   2.982, dOz= -12.580  (mm)
  Object offset: offset_x=  -0.001, offset_z=  -0.001  (mm)
  Detector : dDx=   0.000, dDy=   0.000, dDz=   0.000  (mm)
  Obj Stage rotY :    3.319 deg
============================================================

Unity geometry (world coordinates):
  Source   : x=   1.000, y=  46.000, z=   0.000
  Object   : x=   0.000, y=  19.982, z= 570.420
  Detector : x=   0.000, y=  -2.000, z= 808.000
  Obj rotY :   0.0000 deg
view   0 | SOD= 571.013 mm | SDD= 809.425 mm | M= 1.418 | incident=3.4004°
[[  34.026936   -569.4046      -26.017979  ]
 [ -13.756359    237.18192      21.982021  ]
 [   0.149349      0.00866217    0.        ]
 [   0.            0.            0.1496    ]]
Residual vector length: 162, Jacobian shape: (162, 6)
view   0 | SOD= 570.995 mm | SDD= 809.425 mm | M= 1.418 | incident=3.4005°
[[  34.058205   -569.3845      -26.017212  ]
 [ -13.7710285   237.19922      21.982788  ]
 [   0.14934851    0.00867067    0.        ]
 [   0.            0.            0.1496    ]]

iter 28 cost=1.319006 -> 1.347019 |dtheta|=2.002601e-02  lambda=2.500e-05

============================================================
Iteration 29
============================================================
Theta offsets (Unity frame):
  Source   : dSx=   0.000, dSy=   0.000, dSz=   0.000  (mm)
  Object   : dOx= -12.000, dOy=   2.982, dOz= -12.580  (mm)
  Object offset: offset_x=  -0.001, offset_z=  -0.001  (mm)
  Detector : dDx=   0.000, dDy=   0.000, dDz=   0.000  (mm)
  Obj Stage rotY :    3.319 deg
============================================================

Unity geometry (world coordinates):
  Source   : x=   1.000, y=  46.000, z=   0.000
  Object   : x=   0.000, y=  19.982, z= 570.420
  Detector : x=   0.000, y=  -2.000, z= 808.000
  Obj rotY :   0.0000 deg
view   0 | SOD= 571.013 mm | SDD= 809.425 mm | M= 1.418 | incident=3.4004°
[[  34.026936   -569.4046      -26.017979  ]
 [ -13.756359    237.18192      21.982021  ]
 [   0.149349      0.00866217    0.        ]
 [   0.            0.            0.1496    ]]
Residual vector length: 162, Jacobian shape: (162, 6)
view   0 | SOD= 570.995 mm | SDD= 809.425 mm | M= 1.418 | incident=3.4005°
[[  34.058205   -569.3845      -26.017212  ]
 [ -13.7710285   237.19922      21.982788  ]
 [   0.14934851    0.00867067    0.        ]
 [   0.            0.            0.1496    ]]

iter 29 cost=1.319006 -> 1.347019 |dtheta|=2.002592e-02  lambda=1.250e-04

============================================================
Iteration 30
============================================================
Theta offsets (Unity frame):
  Source   : dSx=   0.000, dSy=   0.000, dSz=   0.000  (mm)
  Object   : dOx= -12.000, dOy=   2.982, dOz= -12.580  (mm)
  Object offset: offset_x=  -0.001, offset_z=  -0.001  (mm)
  Detector : dDx=   0.000, dDy=   0.000, dDz=   0.000  (mm)
  Obj Stage rotY :    3.319 deg
============================================================

Unity geometry (world coordinates):
  Source   : x=   1.000, y=  46.000, z=   0.000
  Object   : x=   0.000, y=  19.982, z= 570.420
  Detector : x=   0.000, y=  -2.000, z= 808.000
  Obj rotY :   0.0000 deg
view   0 | SOD= 571.013 mm | SDD= 809.425 mm | M= 1.418 | incident=3.4004°
[[  34.026936   -569.4046      -26.017979  ]
 [ -13.756359    237.18192      21.982021  ]
 [   0.149349      0.00866217    0.        ]
 [   0.            0.            0.1496    ]]
Residual vector length: 162, Jacobian shape: (162, 6)
view   0 | SOD= 570.995 mm | SDD= 809.425 mm | M= 1.418 | incident=3.4005°
[[  34.058205   -569.3845      -26.017212  ]
 [ -13.771028    237.19922      21.982788  ]
 [   0.14934851    0.00867067    0.        ]
 [   0.            0.            0.1496    ]]

iter 30 cost=1.319006 -> 1.347019 |dtheta|=2.002547e-02  lambda=6.250e-04

============================================================
Iteration 31
============================================================
Theta offsets (Unity frame):
  Source   : dSx=   0.000, dSy=   0.000, dSz=   0.000  (mm)
  Object   : dOx= -12.000, dOy=   2.982, dOz= -12.580  (mm)
  Object offset: offset_x=  -0.001, offset_z=  -0.001  (mm)
  Detector : dDx=   0.000, dDy=   0.000, dDz=   0.000  (mm)
  Obj Stage rotY :    3.319 deg
============================================================

Unity geometry (world coordinates):
  Source   : x=   1.000, y=  46.000, z=   0.000
  Object   : x=   0.000, y=  19.982, z= 570.420
  Detector : x=   0.000, y=  -2.000, z= 808.000
  Obj rotY :   0.0000 deg
view   0 | SOD= 571.013 mm | SDD= 809.425 mm | M= 1.418 | incident=3.4004°
[[  34.026936   -569.4046      -26.017979  ]
 [ -13.756359    237.18192      21.982021  ]
 [   0.149349      0.00866217    0.        ]
 [   0.            0.            0.1496    ]]
Residual vector length: 162, Jacobian shape: (162, 6)
view   0 | SOD= 570.995 mm | SDD= 809.425 mm | M= 1.418 | incident=3.4005°
[[  34.0582     -569.3845      -26.017212  ]
 [ -13.771027    237.19922      21.982788  ]
 [   0.14934851    0.00867067    0.        ]
 [   0.            0.            0.1496    ]]

iter 31 cost=1.319006 -> 1.347019 |dtheta|=2.002324e-02  lambda=3.125e-03

============================================================
Iteration 32
============================================================
Theta offsets (Unity frame):
  Source   : dSx=   0.000, dSy=   0.000, dSz=   0.000  (mm)
  Object   : dOx= -12.000, dOy=   2.982, dOz= -12.580  (mm)
  Object offset: offset_x=  -0.001, offset_z=  -0.001  (mm)
  Detector : dDx=   0.000, dDy=   0.000, dDz=   0.000  (mm)
  Obj Stage rotY :    3.319 deg
============================================================

Unity geometry (world coordinates):
  Source   : x=   1.000, y=  46.000, z=   0.000
  Object   : x=   0.000, y=  19.982, z= 570.420
  Detector : x=   0.000, y=  -2.000, z= 808.000
  Obj rotY :   0.0000 deg
view   0 | SOD= 571.013 mm | SDD= 809.425 mm | M= 1.418 | incident=3.4004°
[[  34.026936   -569.4046      -26.017979  ]
 [ -13.756359    237.18192      21.982021  ]
 [   0.149349      0.00866217    0.        ]
 [   0.            0.            0.1496    ]]
Residual vector length: 162, Jacobian shape: (162, 6)
view   0 | SOD= 570.995 mm | SDD= 809.425 mm | M= 1.418 | incident=3.4005°
[[  34.05819    -569.3845      -26.017214  ]
 [ -13.771022    237.19922      21.982786  ]
 [   0.14934851    0.00867067    0.        ]
 [   0.            0.            0.1496    ]]

iter 32 cost=1.319006 -> 1.342517 |dtheta|=2.001211e-02  lambda=1.562e-02

============================================================
Iteration 33
============================================================
Theta offsets (Unity frame):
  Source   : dSx=   0.000, dSy=   0.000, dSz=   0.000  (mm)
  Object   : dOx= -12.000, dOy=   2.982, dOz= -12.580  (mm)
  Object offset: offset_x=  -0.001, offset_z=  -0.001  (mm)
  Detector : dDx=   0.000, dDy=   0.000, dDz=   0.000  (mm)
  Obj Stage rotY :    3.319 deg
============================================================

Unity geometry (world coordinates):
  Source   : x=   1.000, y=  46.000, z=   0.000
  Object   : x=   0.000, y=  19.982, z= 570.420
  Detector : x=   0.000, y=  -2.000, z= 808.000
  Obj rotY :   0.0000 deg
view   0 | SOD= 571.013 mm | SDD= 809.425 mm | M= 1.418 | incident=3.4004°
[[  34.026936   -569.4046      -26.017979  ]
 [ -13.756359    237.18192      21.982021  ]
 [   0.149349      0.00866217    0.        ]
 [   0.            0.            0.1496    ]]
Residual vector length: 162, Jacobian shape: (162, 6)
view   0 | SOD= 570.995 mm | SDD= 809.425 mm | M= 1.418 | incident=3.4005°
[[  34.058136   -569.3846      -26.017216  ]
 [ -13.770993    237.19916      21.982784  ]
 [   0.14934851    0.00867066    0.        ]
 [   0.            0.            0.1496    ]]

iter 33 cost=1.319006 -> 1.347019 |dtheta|=1.995660e-02  lambda=7.812e-02

============================================================
Iteration 34
============================================================
Theta offsets (Unity frame):
  Source   : dSx=   0.000, dSy=   0.000, dSz=   0.000  (mm)
  Object   : dOx= -12.000, dOy=   2.982, dOz= -12.580  (mm)
  Object offset: offset_x=  -0.001, offset_z=  -0.001  (mm)
  Detector : dDx=   0.000, dDy=   0.000, dDz=   0.000  (mm)
  Obj Stage rotY :    3.319 deg
============================================================

Unity geometry (world coordinates):
  Source   : x=   1.000, y=  46.000, z=   0.000
  Object   : x=   0.000, y=  19.982, z= 570.420
  Detector : x=   0.000, y=  -2.000, z= 808.000
  Obj rotY :   0.0000 deg
view   0 | SOD= 571.013 mm | SDD= 809.425 mm | M= 1.418 | incident=3.4004°
[[  34.026936   -569.4046      -26.017979  ]
 [ -13.756359    237.18192      21.982021  ]
 [   0.149349      0.00866217    0.        ]
 [   0.            0.            0.1496    ]]
Residual vector length: 162, Jacobian shape: (162, 6)
view   0 | SOD= 570.996 mm | SDD= 809.425 mm | M= 1.418 | incident=3.4005°
[[  34.057858   -569.3849      -26.017225  ]
 [ -13.770858    237.19893      21.982775  ]
 [   0.14934853    0.00867058    0.        ]
 [   0.            0.            0.1496    ]]

iter 34 cost=1.319006 -> 1.347019 |dtheta|=1.968370e-02  lambda=3.906e-01

============================================================
Iteration 35
============================================================
Theta offsets (Unity frame):
  Source   : dSx=   0.000, dSy=   0.000, dSz=   0.000  (mm)
  Object   : dOx= -12.000, dOy=   2.982, dOz= -12.580  (mm)
  Object offset: offset_x=  -0.001, offset_z=  -0.001  (mm)
  Detector : dDx=   0.000, dDy=   0.000, dDz=   0.000  (mm)
  Obj Stage rotY :    3.319 deg
============================================================

Unity geometry (world coordinates):
  Source   : x=   1.000, y=  46.000, z=   0.000
  Object   : x=   0.000, y=  19.982, z= 570.420
  Detector : x=   0.000, y=  -2.000, z= 808.000
  Obj rotY :   0.0000 deg
view   0 | SOD= 571.013 mm | SDD= 809.425 mm | M= 1.418 | incident=3.4004°
[[  34.026936   -569.4046      -26.017979  ]
 [ -13.756359    237.18192      21.982021  ]
 [   0.149349      0.00866217    0.        ]
 [   0.            0.            0.1496    ]]
Residual vector length: 162, Jacobian shape: (162, 6)
view   0 | SOD= 570.997 mm | SDD= 809.425 mm | M= 1.418 | incident=3.4005°
[[  34.056564   -569.3862      -26.017273  ]
 [ -13.770216    237.19768      21.982727  ]
 [   0.14934854    0.00867022    0.        ]
 [   0.            0.            0.1496    ]]

iter 35 cost=1.319006 -> 1.344591 |dtheta|=1.842538e-02  lambda=1.953e+00

============================================================
Iteration 36
============================================================
Theta offsets (Unity frame):
  Source   : dSx=   0.000, dSy=   0.000, dSz=   0.000  (mm)
  Object   : dOx= -12.000, dOy=   2.982, dOz= -12.580  (mm)
  Object offset: offset_x=  -0.001, offset_z=  -0.001  (mm)
  Detector : dDx=   0.000, dDy=   0.000, dDz=   0.000  (mm)
  Obj Stage rotY :    3.319 deg
============================================================

Unity geometry (world coordinates):
  Source   : x=   1.000, y=  46.000, z=   0.000
  Object   : x=   0.000, y=  19.982, z= 570.420
  Detector : x=   0.000, y=  -2.000, z= 808.000
  Obj rotY :   0.0000 deg
view   0 | SOD= 571.013 mm | SDD= 809.425 mm | M= 1.418 | incident=3.4004°
[[  34.026936   -569.4046      -26.017979  ]
 [ -13.756359    237.18192      21.982021  ]
 [   0.149349      0.00866217    0.        ]
 [   0.            0.            0.1496    ]]
Residual vector length: 162, Jacobian shape: (162, 6)
view   0 | SOD= 571.001 mm | SDD= 809.425 mm | M= 1.418 | incident=3.4005°
[[  34.051712   -569.391       -26.017443  ]
 [ -13.767834    237.19334      21.982557  ]
 [   0.14934862    0.00866888    0.        ]
 [   0.            0.            0.1496    ]]

iter 36 cost=1.319006 -> 1.340088 |dtheta|=1.398399e-02  lambda=9.766e+00

============================================================
Iteration 37
============================================================
Theta offsets (Unity frame):
  Source   : dSx=   0.000, dSy=   0.000, dSz=   0.000  (mm)
  Object   : dOx= -12.000, dOy=   2.982, dOz= -12.580  (mm)
  Object offset: offset_x=  -0.001, offset_z=  -0.001  (mm)
  Detector : dDx=   0.000, dDy=   0.000, dDz=   0.000  (mm)
  Obj Stage rotY :    3.319 deg
============================================================

Unity geometry (world coordinates):
  Source   : x=   1.000, y=  46.000, z=   0.000
  Object   : x=   0.000, y=  19.982, z= 570.420
  Detector : x=   0.000, y=  -2.000, z= 808.000
  Obj rotY :   0.0000 deg
view   0 | SOD= 571.013 mm | SDD= 809.425 mm | M= 1.418 | incident=3.4004°
[[  34.026936   -569.4046      -26.017979  ]
 [ -13.756359    237.18192      21.982021  ]
 [   0.149349      0.00866217    0.        ]
 [   0.            0.            0.1496    ]]
Residual vector length: 162, Jacobian shape: (162, 6)
view   0 | SOD= 571.009 mm | SDD= 809.425 mm | M= 1.418 | incident=3.4005°
[[  34.041557   -569.3991      -26.01773   ]
 [ -13.762964    237.18611      21.98227   ]
 [   0.14934878    0.0086661     0.        ]
 [   0.            0.            0.1496    ]]

iter 37 cost=1.319006 -> 1.336628 |dtheta|=6.485956e-03  lambda=4.883e+01

============================================================
Iteration 38
============================================================
Theta offsets (Unity frame):
  Source   : dSx=   0.000, dSy=   0.000, dSz=   0.000  (mm)
  Object   : dOx= -12.000, dOy=   2.982, dOz= -12.580  (mm)
  Object offset: offset_x=  -0.001, offset_z=  -0.001  (mm)
  Detector : dDx=   0.000, dDy=   0.000, dDz=   0.000  (mm)
  Obj Stage rotY :    3.319 deg
============================================================

Unity geometry (world coordinates):
  Source   : x=   1.000, y=  46.000, z=   0.000
  Object   : x=   0.000, y=  19.982, z= 570.420
  Detector : x=   0.000, y=  -2.000, z= 808.000
  Obj rotY :   0.0000 deg
view   0 | SOD= 571.013 mm | SDD= 809.425 mm | M= 1.418 | incident=3.4004°
[[  34.026936   -569.4046      -26.017979  ]
 [ -13.756359    237.18192      21.982021  ]
 [   0.149349      0.00866217    0.        ]
 [   0.            0.            0.1496    ]]
Residual vector length: 162, Jacobian shape: (162, 6)
view   0 | SOD= 571.013 mm | SDD= 809.425 mm | M= 1.418 | incident=3.4005°
[[  34.032272   -569.4041      -26.017904  ]
 [ -13.758674    237.1819       21.982096  ]
 [   0.14934893    0.00866359    0.        ]
 [   0.            0.            0.1496    ]]

iter 38 cost=1.319006 -> 1.332157 |dtheta|=2.239814e-03  lambda=2.441e+02

============================================================
Iteration 39
============================================================
Theta offsets (Unity frame):
  Source   : dSx=   0.000, dSy=   0.000, dSz=   0.000  (mm)
  Object   : dOx= -12.000, dOy=   2.982, dOz= -12.580  (mm)
  Object offset: offset_x=  -0.001, offset_z=  -0.001  (mm)
  Detector : dDx=   0.000, dDy=   0.000, dDz=   0.000  (mm)
  Obj Stage rotY :    3.319 deg
============================================================

Unity geometry (world coordinates):
  Source   : x=   1.000, y=  46.000, z=   0.000
  Object   : x=   0.000, y=  19.982, z= 570.420
  Detector : x=   0.000, y=  -2.000, z= 808.000
  Obj rotY :   0.0000 deg
view   0 | SOD= 571.013 mm | SDD= 809.425 mm | M= 1.418 | incident=3.4004°
[[  34.026936   -569.4046      -26.017979  ]
 [ -13.756359    237.18192      21.982021  ]
 [   0.149349      0.00866217    0.        ]
 [   0.            0.            0.1496    ]]
Residual vector length: 162, Jacobian shape: (162, 6)
view   0 | SOD= 571.014 mm | SDD= 809.425 mm | M= 1.418 | incident=3.4005°
[[  34.028393   -569.4053      -26.017952  ]
 [ -13.75694     237.18108      21.982048  ]
 [   0.14934899    0.00866255    0.        ]
 [   0.            0.            0.1496    ]]

iter 39 cost=1.319006 -> 1.327726 |dtheta|=1.169774e-03  lambda=1.221e+03

============================================================
Iteration 40
============================================================
Theta offsets (Unity frame):
  Source   : dSx=   0.000, dSy=   0.000, dSz=   0.000  (mm)
  Object   : dOx= -12.000, dOy=   2.982, dOz= -12.580  (mm)
  Object offset: offset_x=  -0.001, offset_z=  -0.001  (mm)
  Detector : dDx=   0.000, dDy=   0.000, dDz=   0.000  (mm)
  Obj Stage rotY :    3.319 deg
============================================================

Unity geometry (world coordinates):
  Source   : x=   1.000, y=  46.000, z=   0.000
  Object   : x=   0.000, y=  19.982, z= 570.420
  Detector : x=   0.000, y=  -2.000, z= 808.000
  Obj rotY :   0.0000 deg
view   0 | SOD= 571.013 mm | SDD= 809.425 mm | M= 1.418 | incident=3.4004°
[[  34.026936   -569.4046      -26.017979  ]
 [ -13.756359    237.18192      21.982021  ]
 [   0.149349      0.00866217    0.        ]
 [   0.            0.            0.1496    ]]
Residual vector length: 162, Jacobian shape: (162, 6)
view   0 | SOD= 571.014 mm | SDD= 809.425 mm | M= 1.418 | incident=3.4005°
[[  34.02731    -569.405       -26.017963  ]
 [ -13.756488    237.18141      21.982037  ]
 [   0.149349      0.00866226    0.        ]
 [   0.            0.            0.1496    ]]

iter 40 cost=1.319006 -> 1.338090 |dtheta|=5.138587e-04  lambda=6.104e+03

============================================================
Iteration 41
============================================================
Theta offsets (Unity frame):
  Source   : dSx=   0.000, dSy=   0.000, dSz=   0.000  (mm)
  Object   : dOx= -12.000, dOy=   2.982, dOz= -12.580  (mm)
  Object offset: offset_x=  -0.001, offset_z=  -0.001  (mm)
  Detector : dDx=   0.000, dDy=   0.000, dDz=   0.000  (mm)
  Obj Stage rotY :    3.319 deg
============================================================

Unity geometry (world coordinates):
  Source   : x=   1.000, y=  46.000, z=   0.000
  Object   : x=   0.000, y=  19.982, z= 570.420
  Detector : x=   0.000, y=  -2.000, z= 808.000
  Obj rotY :   0.0000 deg
view   0 | SOD= 571.013 mm | SDD= 809.425 mm | M= 1.418 | incident=3.4004°
[[  34.026936   -569.4046      -26.017979  ]
 [ -13.756359    237.18192      21.982021  ]
 [   0.149349      0.00866217    0.        ]
 [   0.            0.            0.1496    ]]
Residual vector length: 162, Jacobian shape: (162, 6)
view   0 | SOD= 571.014 mm | SDD= 809.425 mm | M= 1.418 | incident=3.4005°
[[  34.027023   -569.4047      -26.017973  ]
 [ -13.756383    237.18173      21.982027  ]
 [   0.149349      0.00866219    0.        ]
 [   0.            0.            0.1496    ]]

iter 41 cost=1.319006 -> 1.338502 |dtheta|=1.378728e-04  lambda=3.052e+04

============================================================
Iteration 42
============================================================
Theta offsets (Unity frame):
  Source   : dSx=   0.000, dSy=   0.000, dSz=   0.000  (mm)
  Object   : dOx= -12.000, dOy=   2.982, dOz= -12.580  (mm)
  Object offset: offset_x=  -0.001, offset_z=  -0.001  (mm)
  Detector : dDx=   0.000, dDy=   0.000, dDz=   0.000  (mm)
  Obj Stage rotY :    3.319 deg
============================================================

Unity geometry (world coordinates):
  Source   : x=   1.000, y=  46.000, z=   0.000
  Object   : x=   0.000, y=  19.982, z= 570.420
  Detector : x=   0.000, y=  -2.000, z= 808.000
  Obj rotY :   0.0000 deg
view   0 | SOD= 571.013 mm | SDD= 809.425 mm | M= 1.418 | incident=3.4004°
[[  34.026936   -569.4046      -26.017979  ]
 [ -13.756359    237.18192      21.982021  ]
 [   0.149349      0.00866217    0.        ]
 [   0.            0.            0.1496    ]]
Residual vector length: 162, Jacobian shape: (162, 6)
view   0 | SOD= 571.014 mm | SDD= 809.425 mm | M= 1.418 | incident=3.4004°
[[  34.026955   -569.40466     -26.017977  ]
 [ -13.756362    237.18185      21.982023  ]
 [   0.149349      0.00866217    0.        ]
 [   0.            0.            0.1496    ]]

iter 42 cost=1.319006 -> 1.328928 |dtheta|=2.961613e-05  lambda=1.526e+05

============================================================
Iteration 43
============================================================
Theta offsets (Unity frame):
  Source   : dSx=   0.000, dSy=   0.000, dSz=   0.000  (mm)
  Object   : dOx= -12.000, dOy=   2.982, dOz= -12.580  (mm)
  Object offset: offset_x=  -0.001, offset_z=  -0.001  (mm)
  Detector : dDx=   0.000, dDy=   0.000, dDz=   0.000  (mm)
  Obj Stage rotY :    3.319 deg
============================================================

Unity geometry (world coordinates):
  Source   : x=   1.000, y=  46.000, z=   0.000
  Object   : x=   0.000, y=  19.982, z= 570.420
  Detector : x=   0.000, y=  -2.000, z= 808.000
  Obj rotY :   0.0000 deg
view   0 | SOD= 571.013 mm | SDD= 809.425 mm | M= 1.418 | incident=3.4004°
[[  34.026936   -569.4046      -26.017979  ]
 [ -13.756359    237.18192      21.982021  ]
 [   0.149349      0.00866217    0.        ]
 [   0.            0.            0.1496    ]]
Residual vector length: 162, Jacobian shape: (162, 6)
view   0 | SOD= 571.013 mm | SDD= 809.425 mm | M= 1.418 | incident=3.4004°
[[  34.02694    -569.4046      -26.017977  ]
 [ -13.75636     237.18192      21.982023  ]
 [   0.149349      0.00866217    0.        ]
 [   0.            0.            0.1496    ]]

iter 43 cost=1.319006 -> 1.319006 |dtheta|=6.012420e-06  lambda=7.629e+05

============================================================
Iteration 44
============================================================
Theta offsets (Unity frame):
  Source   : dSx=   0.000, dSy=   0.000, dSz=   0.000  (mm)
  Object   : dOx= -12.000, dOy=   2.982, dOz= -12.580  (mm)
  Object offset: offset_x=  -0.001, offset_z=  -0.001  (mm)
  Detector : dDx=   0.000, dDy=   0.000, dDz=   0.000  (mm)
  Obj Stage rotY :    3.319 deg
============================================================

Unity geometry (world coordinates):
  Source   : x=   1.000, y=  46.000, z=   0.000
  Object   : x=   0.000, y=  19.982, z= 570.420
  Detector : x=   0.000, y=  -2.000, z= 808.000
  Obj rotY :   0.0000 deg
view   0 | SOD= 571.013 mm | SDD= 809.425 mm | M= 1.418 | incident=3.4004°
[[  34.026936   -569.4046      -26.017979  ]
 [ -13.756359    237.18192      21.982021  ]
 [   0.149349      0.00866217    0.        ]
 [   0.            0.            0.1496    ]]
Residual vector length: 162, Jacobian shape: (162, 6)
view   0 | SOD= 571.013 mm | SDD= 809.425 mm | M= 1.418 | incident=3.4004°
[[  34.02694    -569.4046      -26.017979  ]
 [ -13.75636     237.18192      21.982021  ]
 [   0.149349      0.00866217    0.        ]
 [   0.            0.            0.1496    ]]

iter 44 cost=1.319006 -> 1.319006 |dtheta|=4.591211e-06  lambda=1.000e+06

============================================================
Iteration 45
============================================================
Theta offsets (Unity frame):
  Source   : dSx=   0.000, dSy=   0.000, dSz=   0.000  (mm)
  Object   : dOx= -12.000, dOy=   2.982, dOz= -12.580  (mm)
  Object offset: offset_x=  -0.001, offset_z=  -0.001  (mm)
  Detector : dDx=   0.000, dDy=   0.000, dDz=   0.000  (mm)
  Obj Stage rotY :    3.319 deg
============================================================

Unity geometry (world coordinates):
  Source   : x=   1.000, y=  46.000, z=   0.000
  Object   : x=   0.000, y=  19.982, z= 570.420
  Detector : x=   0.000, y=  -2.000, z= 808.000
  Obj rotY :   0.0000 deg
view   0 | SOD= 571.013 mm | SDD= 809.425 mm | M= 1.418 | incident=3.4004°
[[  34.026936   -569.4046      -26.017979  ]
 [ -13.756359    237.18192      21.982021  ]
 [   0.149349      0.00866217    0.        ]
 [   0.            0.            0.1496    ]]
Residual vector length: 162, Jacobian shape: (162, 6)
view   0 | SOD= 571.013 mm | SDD= 809.425 mm | M= 1.418 | incident=3.4004°
[[  34.02694    -569.4046      -26.017979  ]
 [ -13.75636     237.18192      21.982021  ]
 [   0.149349      0.00866217    0.        ]
 [   0.            0.            0.1496    ]]

iter 45 cost=1.319006 -> 1.319006 |dtheta|=4.591211e-06  lambda=1.000e+06

============================================================
Iteration 46
============================================================
Theta offsets (Unity frame):
  Source   : dSx=   0.000, dSy=   0.000, dSz=   0.000  (mm)
  Object   : dOx= -12.000, dOy=   2.982, dOz= -12.580  (mm)
  Object offset: offset_x=  -0.001, offset_z=  -0.001  (mm)
  Detector : dDx=   0.000, dDy=   0.000, dDz=   0.000  (mm)
  Obj Stage rotY :    3.319 deg
============================================================

Unity geometry (world coordinates):
  Source   : x=   1.000, y=  46.000, z=   0.000
  Object   : x=   0.000, y=  19.982, z= 570.420
  Detector : x=   0.000, y=  -2.000, z= 808.000
  Obj rotY :   0.0000 deg
view   0 | SOD= 571.013 mm | SDD= 809.425 mm | M= 1.418 | incident=3.4004°
[[  34.026936   -569.4046      -26.017979  ]
 [ -13.756359    237.18192      21.982021  ]
 [   0.149349      0.00866217    0.        ]
 [   0.            0.            0.1496    ]]
Residual vector length: 162, Jacobian shape: (162, 6)
view   0 | SOD= 571.013 mm | SDD= 809.425 mm | M= 1.418 | incident=3.4004°
[[  34.02694    -569.4046      -26.017979  ]
 [ -13.75636     237.18192      21.982021  ]
 [   0.149349      0.00866217    0.        ]
 [   0.            0.            0.1496    ]]

iter 46 cost=1.319006 -> 1.319006 |dtheta|=4.591211e-06  lambda=1.000e+06

============================================================
Iteration 47
============================================================
Theta offsets (Unity frame):
  Source   : dSx=   0.000, dSy=   0.000, dSz=   0.000  (mm)
  Object   : dOx= -12.000, dOy=   2.982, dOz= -12.580  (mm)
  Object offset: offset_x=  -0.001, offset_z=  -0.001  (mm)
  Detector : dDx=   0.000, dDy=   0.000, dDz=   0.000  (mm)
  Obj Stage rotY :    3.319 deg
============================================================

Unity geometry (world coordinates):
  Source   : x=   1.000, y=  46.000, z=   0.000
  Object   : x=   0.000, y=  19.982, z= 570.420
  Detector : x=   0.000, y=  -2.000, z= 808.000
  Obj rotY :   0.0000 deg
view   0 | SOD= 571.013 mm | SDD= 809.425 mm | M= 1.418 | incident=3.4004°
[[  34.026936   -569.4046      -26.017979  ]
 [ -13.756359    237.18192      21.982021  ]
 [   0.149349      0.00866217    0.        ]
 [   0.            0.            0.1496    ]]
Residual vector length: 162, Jacobian shape: (162, 6)
view   0 | SOD= 571.013 mm | SDD= 809.425 mm | M= 1.418 | incident=3.4004°
[[  34.02694    -569.4046      -26.017979  ]
 [ -13.75636     237.18192      21.982021  ]
 [   0.149349      0.00866217    0.        ]
 [   0.            0.            0.1496    ]]

iter 47 cost=1.319006 -> 1.319006 |dtheta|=4.591211e-06  lambda=1.000e+06

============================================================
Iteration 48
============================================================
Theta offsets (Unity frame):
  Source   : dSx=   0.000, dSy=   0.000, dSz=   0.000  (mm)
  Object   : dOx= -12.000, dOy=   2.982, dOz= -12.580  (mm)
  Object offset: offset_x=  -0.001, offset_z=  -0.001  (mm)
  Detector : dDx=   0.000, dDy=   0.000, dDz=   0.000  (mm)
  Obj Stage rotY :    3.319 deg
============================================================

Unity geometry (world coordinates):
  Source   : x=   1.000, y=  46.000, z=   0.000
  Object   : x=   0.000, y=  19.982, z= 570.420
  Detector : x=   0.000, y=  -2.000, z= 808.000
  Obj rotY :   0.0000 deg
view   0 | SOD= 571.013 mm | SDD= 809.425 mm | M= 1.418 | incident=3.4004°
[[  34.026936   -569.4046      -26.017979  ]
 [ -13.756359    237.18192      21.982021  ]
 [   0.149349      0.00866217    0.        ]
 [   0.            0.            0.1496    ]]
Residual vector length: 162, Jacobian shape: (162, 6)
view   0 | SOD= 571.013 mm | SDD= 809.425 mm | M= 1.418 | incident=3.4004°
[[  34.02694    -569.4046      -26.017979  ]
 [ -13.75636     237.18192      21.982021  ]
 [   0.149349      0.00866217    0.        ]
 [   0.            0.            0.1496    ]]

iter 48 cost=1.319006 -> 1.319006 |dtheta|=4.591211e-06  lambda=1.000e+06

============================================================
Iteration 49
============================================================
Theta offsets (Unity frame):
  Source   : dSx=   0.000, dSy=   0.000, dSz=   0.000  (mm)
  Object   : dOx= -12.000, dOy=   2.982, dOz= -12.580  (mm)
  Object offset: offset_x=  -0.001, offset_z=  -0.001  (mm)
  Detector : dDx=   0.000, dDy=   0.000, dDz=   0.000  (mm)
  Obj Stage rotY :    3.319 deg
============================================================

Unity geometry (world coordinates):
  Source   : x=   1.000, y=  46.000, z=   0.000
  Object   : x=   0.000, y=  19.982, z= 570.420
  Detector : x=   0.000, y=  -2.000, z= 808.000
  Obj rotY :   0.0000 deg
view   0 | SOD= 571.013 mm | SDD= 809.425 mm | M= 1.418 | incident=3.4004°
[[  34.026936   -569.4046      -26.017979  ]
 [ -13.756359    237.18192      21.982021  ]
 [   0.149349      0.00866217    0.        ]
 [   0.            0.            0.1496    ]]
Residual vector length: 162, Jacobian shape: (162, 6)
view   0 | SOD= 571.013 mm | SDD= 809.425 mm | M= 1.418 | incident=3.4004°
[[  34.02694    -569.4046      -26.017979  ]
 [ -13.75636     237.18192      21.982021  ]
 [   0.149349      0.00866217    0.        ]
 [   0.            0.            0.1496    ]]

iter 49 cost=1.319006 -> 1.319006 |dtheta|=4.591211e-06  lambda=1.000e+06

============================================================
Iteration 50
============================================================
Theta offsets (Unity frame):
  Source   : dSx=   0.000, dSy=   0.000, dSz=   0.000  (mm)
  Object   : dOx= -12.000, dOy=   2.982, dOz= -12.580  (mm)
  Object offset: offset_x=  -0.001, offset_z=  -0.001  (mm)
  Detector : dDx=   0.000, dDy=   0.000, dDz=   0.000  (mm)
  Obj Stage rotY :    3.319 deg
============================================================

Unity geometry (world coordinates):
  Source   : x=   1.000, y=  46.000, z=   0.000
  Object   : x=   0.000, y=  19.982, z= 570.420
  Detector : x=   0.000, y=  -2.000, z= 808.000
  Obj rotY :   0.0000 deg
view   0 | SOD= 571.013 mm | SDD= 809.425 mm | M= 1.418 | incident=3.4004°
[[  34.026936   -569.4046      -26.017979  ]
 [ -13.756359    237.18192      21.982021  ]
 [   0.149349      0.00866217    0.        ]
 [   0.            0.            0.1496    ]]
Residual vector length: 162, Jacobian shape: (162, 6)
view   0 | SOD= 571.013 mm | SDD= 809.425 mm | M= 1.418 | incident=3.4004°
[[  34.02694    -569.4046      -26.017979  ]
 [ -13.75636     237.18192      21.982021  ]
 [   0.149349      0.00866217    0.        ]
 [   0.            0.            0.1496    ]]

iter 50 cost=1.319006 -> 1.319006 |dtheta|=4.591211e-06  lambda=1.000e+06
Stalled.

Estimated theta:
  dSx: +0.000000
  dSy: +0.000000
  dOx: -11.999555
  dOy: +2.982022
  dOz: -12.579511
  dDx: +0.000000
  dDy: +0.000000
  dDz: +0.000000
alpha: +3.319408e+00 deg)
offset_x: -0.000519
offset_z: -0.000956

Final cost table:
Fake theta: [  0.    0.  -12.    3.  -13.    0.    0.    0.    3.3   0.    0. ]
Final estimated theta: [  0.           0.         -11.99955487   2.98202219 -12.57951113
   0.           0.           0.           3.31940795  -0.00051948
  -0.00095581]
Diff from Expected: [ 0.          0.          0.00044513 -0.01797781  0.42048887  0.
  0.          0.          0.01940799 -0.00051948 -0.00095581]
################################################################################

