Phantom already exists, skipping: cuboid_phantom_3_small.npy

################################################################################
Running cuboid=small scenario=G2 N_ANGLES=12, K=3
view   0 | SOD= 570.046 mm | SDD= 696.006 mm | M= 1.221 | incident=0.2470°
[[ 119.47323    -557.34204      -7.        ]
 [ -25.864782    123.32077      -7.        ]
 [   0.14616601    0.03186934    0.        ]
 [   0.            0.            0.1496    ]]
           image          x1          y1  area1          x2          y2  area2          x3          y3  area3
0   proj_000.png  518.292267  296.719528    763  430.500000  435.736695    714  518.313237  578.246396    763
1   proj_001.png  477.970437  296.476864    778  469.689751  435.585873    722  477.891473  578.838501    774
2   proj_002.png  436.339844  296.665365    768  510.034341  435.700549    728  436.381137  578.453488    774
3   proj_003.png  405.316069  297.104914    753  540.975138  436.124309    724  405.329787  577.206117    752
4   proj_004.png  393.005391  297.866577    742  554.413370  436.537517    733  393.075574  575.549258    741
5   proj_005.png  402.488276  298.557241    725  546.125501  437.121495    749  402.458333  573.808333    720
6   proj_006.png  430.529986  299.037657    717  518.235911  437.479685    763  430.482711  572.586445    723
7   proj_007.png  469.744799  299.307906    721  477.953608  437.632732    776  469.732143  572.049451    728
8   proj_008.png  510.052559  299.171508    723  436.381818  437.548052    770  509.995868  572.429752    726
9   proj_009.png  540.868603  298.634855    723  405.307590  437.157124    751  540.879668  573.564315    723
10  proj_010.png  554.341001  297.970230    739  393.055631  436.681140    737  554.368065  575.227334    739
11  proj_011.png  546.119143  297.183400    747  402.479889  436.277393    721  546.123506  577.011952    753

============================================================
Iteration 0
============================================================
Theta offsets (Unity frame):
  Source   : dSx=   0.000, dSy=   0.000, dSz=   0.000  (mm)
  Object   : dOx=   0.000, dOy=   0.000, dOz=   0.000  (mm)
  Object offset: offset_x=   0.000, offset_z=   0.000  (mm)
  Detector : dDx=   0.000, dDy=   0.000, dDz=   0.000  (mm)
  Obj Stage rotY :    0.000 deg
============================================================

Unity geometry (world coordinates):
  Source   : x=  -2.000, y=  47.000, z=   0.000
  Object   : x=  14.000, y=  32.000, z= 592.000
  Detector : x=   1.000, y=  47.000, z= 696.000
  Obj rotY :   0.0000 deg
view   0 | SOD= 592.406 mm | SDD= 696.006 mm | M= 1.175 | incident=0.2470°
[[ -16.     -592.      -15.    ]
 [ -13.      104.      -15.    ]
 [   0.1496    0.        0.    ]
 [   0.        0.        0.1496]]
Residual vector length: 108, Jacobian shape: (108, 6)
view   0 | SOD= 585.384 mm | SDD= 696.006 mm | M= 1.189 | incident=0.2470°
[[  55.982853   -582.66034      -6.8431396 ]
 [  -9.249943    110.2824       -6.8431396 ]
 [   0.14887966    0.01466302    0.        ]
 [   0.            0.            0.1496    ]]

iter 00 cost=288570.798553 -> 2325.110673 |dtheta|=1.869255e+01  lambda=1.000e-02

============================================================
Iteration 1
============================================================
Theta offsets (Unity frame):
  Source   : dSx=   0.000, dSy=   0.000, dSz=   0.000  (mm)
  Object   : dOx= -14.395, dOy=   8.157, dOz=  -6.631  (mm)
  Object offset: offset_x=  -0.209, offset_z=  -0.027  (mm)
  Detector : dDx=   0.000, dDy=   0.000, dDz=   0.000  (mm)
  Obj Stage rotY :    5.625 deg
============================================================

Unity geometry (world coordinates):
  Source   : x=  -2.000, y=  47.000, z=   0.000
  Object   : x=  -0.395, y=  40.157, z= 585.369
  Detector : x=   1.000, y=  47.000, z= 696.000
  Obj rotY :   0.0000 deg
view   0 | SOD= 585.384 mm | SDD= 696.006 mm | M= 1.189 | incident=0.2470°
[[  55.982853   -582.66034      -6.8431396 ]
 [  -9.249943    110.2824       -6.8431396 ]
 [   0.14887966    0.01466302    0.        ]
 [   0.            0.            0.1496    ]]
Residual vector length: 108, Jacobian shape: (108, 6)
view   0 | SOD= 577.902 mm | SDD= 696.006 mm | M= 1.204 | incident=0.2470°
[[  82.370415   -571.9578       -7.06118   ]
 [ -15.833522    117.08571      -7.06118   ]
 [   0.14801103    0.02174618    0.        ]
 [   0.            0.            0.1496    ]]

iter 01 cost=2325.110673 -> 711.935708 |dtheta|=7.829151e+00  lambda=3.333e-03

============================================================
Iteration 2
============================================================
Theta offsets (Unity frame):
  Source   : dSx=   0.000, dSy=   0.000, dSz=   0.000  (mm)
  Object   : dOx= -14.069, dOy=   7.939, dOz= -13.955  (mm)
  Object offset: offset_x=  -0.286, offset_z=  -0.189  (mm)
  Detector : dDx=   0.000, dDy=   0.000, dDz=   0.000  (mm)
  Obj Stage rotY :    8.358 deg
============================================================

Unity geometry (world coordinates):
  Source   : x=  -2.000, y=  47.000, z=   0.000
  Object   : x=  -0.069, y=  39.939, z= 578.045
  Detector : x=   1.000, y=  47.000, z= 696.000
  Obj rotY :   0.0000 deg
view   0 | SOD= 577.902 mm | SDD= 696.006 mm | M= 1.204 | incident=0.2470°
[[  82.370415   -571.9578       -7.06118   ]
 [ -15.833522    117.08571      -7.06118   ]
 [   0.14801103    0.02174618    0.        ]
 [   0.            0.            0.1496    ]]
Residual vector length: 108, Jacobian shape: (108, 6)
view   0 | SOD= 571.909 mm | SDD= 696.006 mm | M= 1.217 | incident=0.2470°
[[  97.44343    -563.5024       -7.0504723 ]
 [ -20.32443     122.46829      -7.0504723 ]
 [   0.14733241    0.02594837    0.        ]
 [   0.            0.            0.1496    ]]

iter 02 cost=711.935708 -> 163.487603 |dtheta|=6.482479e+00  lambda=1.111e-03

============================================================
Iteration 3
============================================================
Theta offsets (Unity frame):
  Source   : dSx=   0.000, dSy=   0.000, dSz=   0.000  (mm)
  Object   : dOx= -13.994, dOy=   7.950, dOz= -20.222  (mm)
  Object offset: offset_x=  -0.232, offset_z=   0.085  (mm)
  Detector : dDx=   0.000, dDy=   0.000, dDz=   0.000  (mm)
  Obj Stage rotY :    9.989 deg
============================================================

Unity geometry (world coordinates):
  Source   : x=  -2.000, y=  47.000, z=   0.000
  Object   : x=   0.006, y=  39.950, z= 571.778
  Detector : x=   1.000, y=  47.000, z= 696.000
  Obj rotY :   0.0000 deg
view   0 | SOD= 571.909 mm | SDD= 696.006 mm | M= 1.217 | incident=0.2470°
[[  97.44343    -563.5024       -7.0504723 ]
 [ -20.32443     122.46829      -7.0504723 ]
 [   0.14733241    0.02594837    0.        ]
 [   0.            0.            0.1496    ]]
Residual vector length: 108, Jacobian shape: (108, 6)
view   0 | SOD= 570.830 mm | SDD= 696.006 mm | M= 1.219 | incident=0.2470°
[[ 106.41556    -560.7794       -6.9874306 ]
 [ -22.770721    123.132805     -6.9874306 ]
 [   0.1468794     0.02840073    0.        ]
 [   0.            0.            0.1496    ]]

iter 03 cost=163.487603 -> 54.113084 |dtheta|=1.439214e+00  lambda=3.704e-04

============================================================
Iteration 4
============================================================
Theta offsets (Unity frame):
  Source   : dSx=   0.000, dSy=   0.000, dSz=   0.000  (mm)
  Object   : dOx= -14.009, dOy=   8.013, dOz= -21.274  (mm)
  Object offset: offset_x=  -0.011, offset_z=   0.057  (mm)
  Detector : dDx=   0.000, dDy=   0.000, dDz=   0.000  (mm)
  Obj Stage rotY :   10.944 deg
============================================================

Unity geometry (world coordinates):
  Source   : x=  -2.000, y=  47.000, z=   0.000
  Object   : x=  -0.009, y=  40.013, z= 570.727
  Detector : x=   1.000, y=  47.000, z= 696.000
  Obj rotY :   0.0000 deg
view   0 | SOD= 570.830 mm | SDD= 696.006 mm | M= 1.219 | incident=0.2470°
[[ 106.41556    -560.7794       -6.9874306 ]
 [ -22.770721    123.132805     -6.9874306 ]
 [   0.1468794     0.02840073    0.        ]
 [   0.            0.            0.1496    ]]
Residual vector length: 108, Jacobian shape: (108, 6)
view   0 | SOD= 570.305 mm | SDD= 696.006 mm | M= 1.220 | incident=0.2470°
[[ 111.75906    -559.20355      -7.006054  ]
 [ -24.084145    123.41759      -7.006054  ]
 [   0.14659573    0.02983036    0.        ]
 [   0.            0.            0.1496    ]]

iter 04 cost=54.113084 -> 18.887103 |dtheta|=7.481644e-01  lambda=1.235e-04

============================================================
Iteration 5
============================================================
Theta offsets (Unity frame):
  Source   : dSx=   0.000, dSy=   0.000, dSz=   0.000  (mm)
  Object   : dOx= -14.007, dOy=   7.994, dOz= -21.770  (mm)
  Object offset: offset_x=  -0.002, offset_z=   0.029  (mm)
  Detector : dDx=   0.000, dDy=   0.000, dDz=   0.000  (mm)
  Obj Stage rotY :   11.502 deg
============================================================

Unity geometry (world coordinates):
  Source   : x=  -2.000, y=  47.000, z=   0.000
  Object   : x=  -0.007, y=  39.994, z= 570.230
  Detector : x=   1.000, y=  47.000, z= 696.000
  Obj rotY :   0.0000 deg
view   0 | SOD= 570.305 mm | SDD= 696.006 mm | M= 1.220 | incident=0.2470°
[[ 111.75906    -559.20355      -7.006054  ]
 [ -24.084145    123.41759      -7.006054  ]
 [   0.14659573    0.02983036    0.        ]
 [   0.            0.            0.1496    ]]
Residual vector length: 108, Jacobian shape: (108, 6)
view   0 | SOD= 570.010 mm | SDD= 696.006 mm | M= 1.221 | incident=0.2470°
[[ 114.82964    -558.2795       -7.0013275 ]
 [ -24.83896     123.56925      -7.0013275 ]
 [   0.14642617    0.03065187    0.        ]
 [   0.            0.            0.1496    ]]

iter 05 cost=18.887103 -> 7.251917 |dtheta|=4.351652e-01  lambda=4.115e-05

============================================================
Iteration 6
============================================================
Theta offsets (Unity frame):
  Source   : dSx=   0.000, dSy=   0.000, dSz=   0.000  (mm)
  Object   : dOx= -14.005, dOy=   7.999, dOz= -22.064  (mm)
  Object offset: offset_x=  -0.001, offset_z=   0.027  (mm)
  Detector : dDx=   0.000, dDy=   0.000, dDz=   0.000  (mm)
  Obj Stage rotY :   11.823 deg
============================================================

Unity geometry (world coordinates):
  Source   : x=  -2.000, y=  47.000, z=   0.000
  Object   : x=  -0.005, y=  39.999, z= 569.936
  Detector : x=   1.000, y=  47.000, z= 696.000
  Obj rotY :   0.0000 deg
view   0 | SOD= 570.010 mm | SDD= 696.006 mm | M= 1.221 | incident=0.2470°
[[ 114.82964    -558.2795       -7.0013275 ]
 [ -24.83896     123.56925      -7.0013275 ]
 [   0.14642617    0.03065187    0.        ]
 [   0.            0.            0.1496    ]]
Residual vector length: 108, Jacobian shape: (108, 6)
view   0 | SOD= 570.095 mm | SDD= 696.006 mm | M= 1.221 | incident=0.2470°
[[ 116.67861    -557.98376      -6.998184  ]
 [ -25.214207    123.40555      -6.998184  ]
 [   0.14632536    0.03112951    0.        ]
 [   0.            0.            0.1496    ]]

iter 06 cost=7.251917 -> 2.907546 |dtheta|=2.133060e-01  lambda=1.372e-05

============================================================
Iteration 7
============================================================
Theta offsets (Unity frame):
  Source   : dSx=   0.000, dSy=   0.000, dSz=   0.000  (mm)
  Object   : dOx= -13.999, dOy=   8.002, dOz= -21.964  (mm)
  Object offset: offset_x=  -0.017, offset_z=   0.013  (mm)
  Detector : dDx=   0.000, dDy=   0.000, dDz=   0.000  (mm)
  Obj Stage rotY :   12.010 deg
============================================================

Unity geometry (world coordinates):
  Source   : x=  -2.000, y=  47.000, z=   0.000
  Object   : x=   0.001, y=  40.002, z= 570.036
  Detector : x=   1.000, y=  47.000, z= 696.000
  Obj rotY :   0.0000 deg
view   0 | SOD= 570.095 mm | SDD= 696.006 mm | M= 1.221 | incident=0.2470°
[[ 116.67861    -557.98376      -6.998184  ]
 [ -25.214207    123.40555      -6.998184  ]
 [   0.14632536    0.03112951    0.        ]
 [   0.            0.            0.1496    ]]
Residual vector length: 108, Jacobian shape: (108, 6)
view   0 | SOD= 570.033 mm | SDD= 696.006 mm | M= 1.221 | incident=0.2470°
[[ 117.64672    -557.71674      -6.9978333 ]
 [ -25.455772    123.419556     -6.9978333 ]
 [   0.14626986    0.03138928    0.        ]
 [   0.            0.            0.1496    ]]

iter 07 cost=2.907546 -> 1.392997 |dtheta|=1.189898e-01  lambda=4.572e-06

============================================================
Iteration 8
============================================================
Theta offsets (Unity frame):
  Source   : dSx=   0.000, dSy=   0.000, dSz=   0.000  (mm)
  Object   : dOx= -13.998, dOy=   8.002, dOz= -22.025  (mm)
  Object offset: offset_x=  -0.009, offset_z=   0.011  (mm)
  Detector : dDx=   0.000, dDy=   0.000, dDz=   0.000  (mm)
  Obj Stage rotY :   12.112 deg
============================================================

Unity geometry (world coordinates):
  Source   : x=  -2.000, y=  47.000, z=   0.000
  Object   : x=   0.002, y=  40.002, z= 569.975
  Detector : x=   1.000, y=  47.000, z= 696.000
  Obj rotY :   0.0000 deg
view   0 | SOD= 570.033 mm | SDD= 696.006 mm | M= 1.221 | incident=0.2470°
[[ 117.64672    -557.71674      -6.9978333 ]
 [ -25.455772    123.419556     -6.9978333 ]
 [   0.14626986    0.03138928    0.        ]
 [   0.            0.            0.1496    ]]
Residual vector length: 108, Jacobian shape: (108, 6)
view   0 | SOD= 569.993 mm | SDD= 696.006 mm | M= 1.221 | incident=0.2470°
[[ 118.80077    -557.43134      -7.00095   ]
 [ -25.71862     123.40578      -7.00095   ]
 [   0.14620423    0.03169356    0.        ]
 [   0.            0.            0.1496    ]]

iter 08 cost=1.392997 -> 0.573130 |dtheta|=1.243739e-01  lambda=1.524e-06

============================================================
Iteration 9
============================================================
Theta offsets (Unity frame):
  Source   : dSx=   0.000, dSy=   0.000, dSz=   0.000  (mm)
  Object   : dOx= -14.003, dOy=   7.999, dOz= -22.059  (mm)
  Object offset: offset_x=  -0.007, offset_z=   0.006  (mm)
  Detector : dDx=   0.000, dDy=   0.000, dDz=   0.000  (mm)
  Obj Stage rotY :   12.231 deg
============================================================

Unity geometry (world coordinates):
  Source   : x=  -2.000, y=  47.000, z=   0.000
  Object   : x=  -0.003, y=  39.999, z= 569.941
  Detector : x=   1.000, y=  47.000, z= 696.000
  Obj rotY :   0.0000 deg
view   0 | SOD= 569.993 mm | SDD= 696.006 mm | M= 1.221 | incident=0.2470°
[[ 118.80077    -557.43134      -7.00095   ]
 [ -25.71862     123.40578      -7.00095   ]
 [   0.14620423    0.03169356    0.        ]
 [   0.            0.            0.1496    ]]
Residual vector length: 108, Jacobian shape: (108, 6)
view   0 | SOD= 570.079 mm | SDD= 696.006 mm | M= 1.221 | incident=0.2470°
[[ 118.957054   -557.4853       -7.001133  ]
 [ -25.743166    123.313416     -7.001133  ]
 [   0.14619581    0.03173238    0.        ]
 [   0.            0.            0.1496    ]]

iter 09 cost=0.573130 -> 0.386113 |dtheta|=9.177083e-02  lambda=1.000e-06

============================================================
Iteration 10
============================================================
Theta offsets (Unity frame):
  Source   : dSx=   0.000, dSy=   0.000, dSz=   0.000  (mm)
  Object   : dOx= -14.000, dOy=   7.999, dOz= -21.969  (mm)
  Object offset: offset_x=   0.001, offset_z=   0.001  (mm)
  Detector : dDx=   0.000, dDy=   0.000, dDz=   0.000  (mm)
  Obj Stage rotY :   12.246 deg
============================================================

Unity geometry (world coordinates):
  Source   : x=  -2.000, y=  47.000, z=   0.000
  Object   : x=  -0.000, y=  39.999, z= 570.031
  Detector : x=   1.000, y=  47.000, z= 696.000
  Obj rotY :   0.0000 deg
view   0 | SOD= 570.079 mm | SDD= 696.006 mm | M= 1.221 | incident=0.2470°
[[ 118.957054   -557.4853       -7.001133  ]
 [ -25.743166    123.313416     -7.001133  ]
 [   0.14619581    0.03173238    0.        ]
 [   0.            0.            0.1496    ]]
Residual vector length: 108, Jacobian shape: (108, 6)
view   0 | SOD= 570.096 mm | SDD= 696.006 mm | M= 1.221 | incident=0.2470°
[[ 119.0175     -557.4901       -7.0009613 ]
 [ -25.751484    123.293976     -7.0009613 ]
 [   0.14619261    0.03174715    0.        ]
 [   0.            0.            0.1496    ]]

iter 10 cost=0.386113 -> 0.372042 |dtheta|=1.772126e-02  lambda=1.000e-06

============================================================
Iteration 11
============================================================
Theta offsets (Unity frame):
  Source   : dSx=   0.000, dSy=   0.000, dSz=   0.000  (mm)
  Object   : dOx= -14.000, dOy=   7.999, dOz= -21.953  (mm)
  Object offset: offset_x=   0.001, offset_z=   0.002  (mm)
  Detector : dDx=   0.000, dDy=   0.000, dDz=   0.000  (mm)
  Obj Stage rotY :   12.252 deg
============================================================

Unity geometry (world coordinates):
  Source   : x=  -2.000, y=  47.000, z=   0.000
  Object   : x=  -0.000, y=  39.999, z= 570.047
  Detector : x=   1.000, y=  47.000, z= 696.000
  Obj rotY :   0.0000 deg
view   0 | SOD= 570.096 mm | SDD= 696.006 mm | M= 1.221 | incident=0.2470°
[[ 119.0175     -557.4901       -7.0009613 ]
 [ -25.751484    123.293976     -7.0009613 ]
 [   0.14619261    0.03174715    0.        ]
 [   0.            0.            0.1496    ]]
Residual vector length: 108, Jacobian shape: (108, 6)
view   0 | SOD= 570.081 mm | SDD= 696.006 mm | M= 1.221 | incident=0.2470°
[[ 119.08382    -557.461        -7.000702  ]
 [ -25.769892    123.30503      -7.000702  ]
 [   0.14618866    0.03176535    0.        ]
 [   0.            0.            0.1496    ]]

iter 11 cost=0.372042 -> 0.382950 |dtheta|=1.587272e-02  lambda=1.000e-06

============================================================
Iteration 12
============================================================
Theta offsets (Unity frame):
  Source   : dSx=   0.000, dSy=   0.000, dSz=   0.000  (mm)
  Object   : dOx= -14.000, dOy=   7.999, dOz= -21.953  (mm)
  Object offset: offset_x=   0.001, offset_z=   0.002  (mm)
  Detector : dDx=   0.000, dDy=   0.000, dDz=   0.000  (mm)
  Obj Stage rotY :   12.252 deg
============================================================

Unity geometry (world coordinates):
  Source   : x=  -2.000, y=  47.000, z=   0.000
  Object   : x=  -0.000, y=  39.999, z= 570.047
  Detector : x=   1.000, y=  47.000, z= 696.000
  Obj rotY :   0.0000 deg
view   0 | SOD= 570.096 mm | SDD= 696.006 mm | M= 1.221 | incident=0.2470°
[[ 119.0175     -557.4901       -7.0009613 ]
 [ -25.751484    123.293976     -7.0009613 ]
 [   0.14619261    0.03174715    0.        ]
 [   0.            0.            0.1496    ]]
Residual vector length: 108, Jacobian shape: (108, 6)
view   0 | SOD= 570.081 mm | SDD= 696.006 mm | M= 1.221 | incident=0.2470°
[[ 119.08382    -557.461        -7.000702  ]
 [ -25.769892    123.30503      -7.000702  ]
 [   0.14618866    0.03176535    0.        ]
 [   0.            0.            0.1496    ]]

iter 12 cost=0.372042 -> 0.382950 |dtheta|=1.587271e-02  lambda=5.000e-06

============================================================
Iteration 13
============================================================
Theta offsets (Unity frame):
  Source   : dSx=   0.000, dSy=   0.000, dSz=   0.000  (mm)
  Object   : dOx= -14.000, dOy=   7.999, dOz= -21.953  (mm)
  Object offset: offset_x=   0.001, offset_z=   0.002  (mm)
  Detector : dDx=   0.000, dDy=   0.000, dDz=   0.000  (mm)
  Obj Stage rotY :   12.252 deg
============================================================

Unity geometry (world coordinates):
  Source   : x=  -2.000, y=  47.000, z=   0.000
  Object   : x=  -0.000, y=  39.999, z= 570.047
  Detector : x=   1.000, y=  47.000, z= 696.000
  Obj rotY :   0.0000 deg
view   0 | SOD= 570.096 mm | SDD= 696.006 mm | M= 1.221 | incident=0.2470°
[[ 119.0175     -557.4901       -7.0009613 ]
 [ -25.751484    123.293976     -7.0009613 ]
 [   0.14619261    0.03174715    0.        ]
 [   0.            0.            0.1496    ]]
Residual vector length: 108, Jacobian shape: (108, 6)
view   0 | SOD= 570.081 mm | SDD= 696.006 mm | M= 1.221 | incident=0.2470°
[[ 119.08382    -557.461        -7.000702  ]
 [ -25.769892    123.30503      -7.000702  ]
 [   0.14618866    0.03176535    0.        ]
 [   0.            0.            0.1496    ]]

iter 13 cost=0.372042 -> 0.382950 |dtheta|=1.587269e-02  lambda=2.500e-05

============================================================
Iteration 14
============================================================
Theta offsets (Unity frame):
  Source   : dSx=   0.000, dSy=   0.000, dSz=   0.000  (mm)
  Object   : dOx= -14.000, dOy=   7.999, dOz= -21.953  (mm)
  Object offset: offset_x=   0.001, offset_z=   0.002  (mm)
  Detector : dDx=   0.000, dDy=   0.000, dDz=   0.000  (mm)
  Obj Stage rotY :   12.252 deg
============================================================

Unity geometry (world coordinates):
  Source   : x=  -2.000, y=  47.000, z=   0.000
  Object   : x=  -0.000, y=  39.999, z= 570.047
  Detector : x=   1.000, y=  47.000, z= 696.000
  Obj rotY :   0.0000 deg
view   0 | SOD= 570.096 mm | SDD= 696.006 mm | M= 1.221 | incident=0.2470°
[[ 119.0175     -557.4901       -7.0009613 ]
 [ -25.751484    123.293976     -7.0009613 ]
 [   0.14619261    0.03174715    0.        ]
 [   0.            0.            0.1496    ]]
Residual vector length: 108, Jacobian shape: (108, 6)
view   0 | SOD= 570.081 mm | SDD= 696.006 mm | M= 1.221 | incident=0.2470°
[[ 119.08382    -557.461        -7.000702  ]
 [ -25.769892    123.30503      -7.000702  ]
 [   0.14618866    0.03176535    0.        ]
 [   0.            0.            0.1496    ]]

iter 14 cost=0.372042 -> 0.382950 |dtheta|=1.587256e-02  lambda=1.250e-04

============================================================
Iteration 15
============================================================
Theta offsets (Unity frame):
  Source   : dSx=   0.000, dSy=   0.000, dSz=   0.000  (mm)
  Object   : dOx= -14.000, dOy=   7.999, dOz= -21.953  (mm)
  Object offset: offset_x=   0.001, offset_z=   0.002  (mm)
  Detector : dDx=   0.000, dDy=   0.000, dDz=   0.000  (mm)
  Obj Stage rotY :   12.252 deg
============================================================

Unity geometry (world coordinates):
  Source   : x=  -2.000, y=  47.000, z=   0.000
  Object   : x=  -0.000, y=  39.999, z= 570.047
  Detector : x=   1.000, y=  47.000, z= 696.000
  Obj rotY :   0.0000 deg
view   0 | SOD= 570.096 mm | SDD= 696.006 mm | M= 1.221 | incident=0.2470°
[[ 119.0175     -557.4901       -7.0009613 ]
 [ -25.751484    123.293976     -7.0009613 ]
 [   0.14619261    0.03174715    0.        ]
 [   0.            0.            0.1496    ]]
Residual vector length: 108, Jacobian shape: (108, 6)
view   0 | SOD= 570.081 mm | SDD= 696.006 mm | M= 1.221 | incident=0.2470°
[[ 119.08382    -557.461        -7.000702  ]
 [ -25.769892    123.30503      -7.000702  ]
 [   0.14618866    0.03176535    0.        ]
 [   0.            0.            0.1496    ]]

iter 15 cost=0.372042 -> 0.382950 |dtheta|=1.587192e-02  lambda=6.250e-04

============================================================
Iteration 16
============================================================
Theta offsets (Unity frame):
  Source   : dSx=   0.000, dSy=   0.000, dSz=   0.000  (mm)
  Object   : dOx= -14.000, dOy=   7.999, dOz= -21.953  (mm)
  Object offset: offset_x=   0.001, offset_z=   0.002  (mm)
  Detector : dDx=   0.000, dDy=   0.000, dDz=   0.000  (mm)
  Obj Stage rotY :   12.252 deg
============================================================

Unity geometry (world coordinates):
  Source   : x=  -2.000, y=  47.000, z=   0.000
  Object   : x=  -0.000, y=  39.999, z= 570.047
  Detector : x=   1.000, y=  47.000, z= 696.000
  Obj rotY :   0.0000 deg
view   0 | SOD= 570.096 mm | SDD= 696.006 mm | M= 1.221 | incident=0.2470°
[[ 119.0175     -557.4901       -7.0009613 ]
 [ -25.751484    123.293976     -7.0009613 ]
 [   0.14619261    0.03174715    0.        ]
 [   0.            0.            0.1496    ]]
Residual vector length: 108, Jacobian shape: (108, 6)
view   0 | SOD= 570.081 mm | SDD= 696.006 mm | M= 1.221 | incident=0.2470°
[[ 119.08382    -557.461        -7.000702  ]
 [ -25.769892    123.30503      -7.000702  ]
 [   0.14618865    0.03176535    0.        ]
 [   0.            0.            0.1496    ]]

iter 16 cost=0.372042 -> 0.382950 |dtheta|=1.586871e-02  lambda=3.125e-03

============================================================
Iteration 17
============================================================
Theta offsets (Unity frame):
  Source   : dSx=   0.000, dSy=   0.000, dSz=   0.000  (mm)
  Object   : dOx= -14.000, dOy=   7.999, dOz= -21.953  (mm)
  Object offset: offset_x=   0.001, offset_z=   0.002  (mm)
  Detector : dDx=   0.000, dDy=   0.000, dDz=   0.000  (mm)
  Obj Stage rotY :   12.252 deg
============================================================

Unity geometry (world coordinates):
  Source   : x=  -2.000, y=  47.000, z=   0.000
  Object   : x=  -0.000, y=  39.999, z= 570.047
  Detector : x=   1.000, y=  47.000, z= 696.000
  Obj rotY :   0.0000 deg
view   0 | SOD= 570.096 mm | SDD= 696.006 mm | M= 1.221 | incident=0.2470°
[[ 119.0175     -557.4901       -7.0009613 ]
 [ -25.751484    123.293976     -7.0009613 ]
 [   0.14619261    0.03174715    0.        ]
 [   0.            0.            0.1496    ]]
Residual vector length: 108, Jacobian shape: (108, 6)
view   0 | SOD= 570.081 mm | SDD= 696.006 mm | M= 1.221 | incident=0.2470°
[[ 119.083824   -557.461        -7.000702  ]
 [ -25.769892    123.30503      -7.000702  ]
 [   0.14618865    0.03176535    0.        ]
 [   0.            0.            0.1496    ]]

iter 17 cost=0.372042 -> 0.382950 |dtheta|=1.585268e-02  lambda=1.562e-02

============================================================
Iteration 18
============================================================
Theta offsets (Unity frame):
  Source   : dSx=   0.000, dSy=   0.000, dSz=   0.000  (mm)
  Object   : dOx= -14.000, dOy=   7.999, dOz= -21.953  (mm)
  Object offset: offset_x=   0.001, offset_z=   0.002  (mm)
  Detector : dDx=   0.000, dDy=   0.000, dDz=   0.000  (mm)
  Obj Stage rotY :   12.252 deg
============================================================

Unity geometry (world coordinates):
  Source   : x=  -2.000, y=  47.000, z=   0.000
  Object   : x=  -0.000, y=  39.999, z= 570.047
  Detector : x=   1.000, y=  47.000, z= 696.000
  Obj rotY :   0.0000 deg
view   0 | SOD= 570.096 mm | SDD= 696.006 mm | M= 1.221 | incident=0.2470°
[[ 119.0175     -557.4901       -7.0009613 ]
 [ -25.751484    123.293976     -7.0009613 ]
 [   0.14619261    0.03174715    0.        ]
 [   0.            0.            0.1496    ]]
Residual vector length: 108, Jacobian shape: (108, 6)
view   0 | SOD= 570.081 mm | SDD= 696.006 mm | M= 1.221 | incident=0.2470°
[[ 119.083855   -557.46106      -7.000702  ]
 [ -25.769884    123.30497      -7.000702  ]
 [   0.14618865    0.03176535    0.        ]
 [   0.            0.            0.1496    ]]

iter 18 cost=0.372042 -> 0.387678 |dtheta|=1.577322e-02  lambda=7.812e-02

============================================================
Iteration 19
============================================================
Theta offsets (Unity frame):
  Source   : dSx=   0.000, dSy=   0.000, dSz=   0.000  (mm)
  Object   : dOx= -14.000, dOy=   7.999, dOz= -21.953  (mm)
  Object offset: offset_x=   0.001, offset_z=   0.002  (mm)
  Detector : dDx=   0.000, dDy=   0.000, dDz=   0.000  (mm)
  Obj Stage rotY :   12.252 deg
============================================================

Unity geometry (world coordinates):
  Source   : x=  -2.000, y=  47.000, z=   0.000
  Object   : x=  -0.000, y=  39.999, z= 570.047
  Detector : x=   1.000, y=  47.000, z= 696.000
  Obj rotY :   0.0000 deg
view   0 | SOD= 570.096 mm | SDD= 696.006 mm | M= 1.221 | incident=0.2470°
[[ 119.0175     -557.4901       -7.0009613 ]
 [ -25.751484    123.293976     -7.0009613 ]
 [   0.14619261    0.03174715    0.        ]
 [   0.            0.            0.1496    ]]
Residual vector length: 108, Jacobian shape: (108, 6)
view   0 | SOD= 570.082 mm | SDD= 696.006 mm | M= 1.221 | incident=0.2470°
[[ 119.08402    -557.4615       -7.0007095 ]
 [ -25.769812    123.30455      -7.0007095 ]
 [   0.14618865    0.03176537    0.        ]
 [   0.            0.            0.1496    ]]

iter 19 cost=0.372042 -> 0.387678 |dtheta|=1.539247e-02  lambda=3.906e-01

============================================================
Iteration 20
============================================================
Theta offsets (Unity frame):
  Source   : dSx=   0.000, dSy=   0.000, dSz=   0.000  (mm)
  Object   : dOx= -14.000, dOy=   7.999, dOz= -21.953  (mm)
  Object offset: offset_x=   0.001, offset_z=   0.002  (mm)
  Detector : dDx=   0.000, dDy=   0.000, dDz=   0.000  (mm)
  Obj Stage rotY :   12.252 deg
============================================================

Unity geometry (world coordinates):
  Source   : x=  -2.000, y=  47.000, z=   0.000
  Object   : x=  -0.000, y=  39.999, z= 570.047
  Detector : x=   1.000, y=  47.000, z= 696.000
  Obj rotY :   0.0000 deg
view   0 | SOD= 570.096 mm | SDD= 696.006 mm | M= 1.221 | incident=0.2470°
[[ 119.0175     -557.4901       -7.0009613 ]
 [ -25.751484    123.293976     -7.0009613 ]
 [   0.14619261    0.03174715    0.        ]
 [   0.            0.            0.1496    ]]
Residual vector length: 108, Jacobian shape: (108, 6)
view   0 | SOD= 570.084 mm | SDD= 696.006 mm | M= 1.221 | incident=0.2470°
[[ 119.08464    -557.4632       -7.000736  ]
 [ -25.769474    123.30275      -7.000736  ]
 [   0.14618863    0.03176543    0.        ]
 [   0.            0.            0.1496    ]]

iter 20 cost=0.372042 -> 0.393838 |dtheta|=1.382889e-02  lambda=1.953e+00

============================================================
Iteration 21
============================================================
Theta offsets (Unity frame):
  Source   : dSx=   0.000, dSy=   0.000, dSz=   0.000  (mm)
  Object   : dOx= -14.000, dOy=   7.999, dOz= -21.953  (mm)
  Object offset: offset_x=   0.001, offset_z=   0.002  (mm)
  Detector : dDx=   0.000, dDy=   0.000, dDz=   0.000  (mm)
  Obj Stage rotY :   12.252 deg
============================================================

Unity geometry (world coordinates):
  Source   : x=  -2.000, y=  47.000, z=   0.000
  Object   : x=  -0.000, y=  39.999, z= 570.047
  Detector : x=   1.000, y=  47.000, z= 696.000
  Obj rotY :   0.0000 deg
view   0 | SOD= 570.096 mm | SDD= 696.006 mm | M= 1.221 | incident=0.2470°
[[ 119.0175     -557.4901       -7.0009613 ]
 [ -25.751484    123.293976     -7.0009613 ]
 [   0.14619261    0.03174715    0.        ]
 [   0.            0.            0.1496    ]]
Residual vector length: 108, Jacobian shape: (108, 6)
view   0 | SOD= 570.088 mm | SDD= 696.006 mm | M= 1.221 | incident=0.2470°
[[ 119.08456    -557.46796      -7.000805  ]
 [ -25.76824     123.29827      -7.000805  ]
 [   0.14618869    0.03176515    0.        ]
 [   0.            0.            0.1496    ]]

iter 21 cost=0.372042 -> 0.393756 |dtheta|=1.008154e-02  lambda=9.766e+00

============================================================
Iteration 22
============================================================
Theta offsets (Unity frame):
  Source   : dSx=   0.000, dSy=   0.000, dSz=   0.000  (mm)
  Object   : dOx= -14.000, dOy=   7.999, dOz= -21.953  (mm)
  Object offset: offset_x=   0.001, offset_z=   0.002  (mm)
  Detector : dDx=   0.000, dDy=   0.000, dDz=   0.000  (mm)
  Obj Stage rotY :   12.252 deg
============================================================

Unity geometry (world coordinates):
  Source   : x=  -2.000, y=  47.000, z=   0.000
  Object   : x=  -0.000, y=  39.999, z= 570.047
  Detector : x=   1.000, y=  47.000, z= 696.000
  Obj rotY :   0.0000 deg
view   0 | SOD= 570.096 mm | SDD= 696.006 mm | M= 1.221 | incident=0.2470°
[[ 119.0175     -557.4901       -7.0009613 ]
 [ -25.751484    123.293976     -7.0009613 ]
 [   0.14619261    0.03174715    0.        ]
 [   0.            0.            0.1496    ]]
Residual vector length: 108, Jacobian shape: (108, 6)
view   0 | SOD= 570.093 mm | SDD= 696.006 mm | M= 1.221 | incident=0.2470°
[[ 119.07424    -557.475        -7.000889  ]
 [ -25.76461     123.29423      -7.000889  ]
 [   0.14618935    0.03176216    0.        ]
 [   0.            0.            0.1496    ]]

iter 22 cost=0.372042 -> 0.391107 |dtheta|=6.463620e-03  lambda=4.883e+01

============================================================
Iteration 23
============================================================
Theta offsets (Unity frame):
  Source   : dSx=   0.000, dSy=   0.000, dSz=   0.000  (mm)
  Object   : dOx= -14.000, dOy=   7.999, dOz= -21.953  (mm)
  Object offset: offset_x=   0.001, offset_z=   0.002  (mm)
  Detector : dDx=   0.000, dDy=   0.000, dDz=   0.000  (mm)
  Obj Stage rotY :   12.252 deg
============================================================

Unity geometry (world coordinates):
  Source   : x=  -2.000, y=  47.000, z=   0.000
  Object   : x=  -0.000, y=  39.999, z= 570.047
  Detector : x=   1.000, y=  47.000, z= 696.000
  Obj rotY :   0.0000 deg
view   0 | SOD= 570.096 mm | SDD= 696.006 mm | M= 1.221 | incident=0.2470°
[[ 119.0175     -557.4901       -7.0009613 ]
 [ -25.751484    123.293976     -7.0009613 ]
 [   0.14619261    0.03174715    0.        ]
 [   0.            0.            0.1496    ]]
Residual vector length: 108, Jacobian shape: (108, 6)
view   0 | SOD= 570.095 mm | SDD= 696.006 mm | M= 1.221 | incident=0.2470°
[[ 119.04726    -557.48267      -7.0009537 ]
 [ -25.757887    123.2937       -7.0009537 ]
 [   0.14619093    0.03175492    0.        ]
 [   0.            0.            0.1496    ]]

iter 23 cost=0.372042 -> 0.373261 |dtheta|=3.215821e-03  lambda=2.441e+02

============================================================
Iteration 24
============================================================
Theta offsets (Unity frame):
  Source   : dSx=   0.000, dSy=   0.000, dSz=   0.000  (mm)
  Object   : dOx= -14.000, dOy=   7.999, dOz= -21.953  (mm)
  Object offset: offset_x=   0.001, offset_z=   0.002  (mm)
  Detector : dDx=   0.000, dDy=   0.000, dDz=   0.000  (mm)
  Obj Stage rotY :   12.252 deg
============================================================

Unity geometry (world coordinates):
  Source   : x=  -2.000, y=  47.000, z=   0.000
  Object   : x=  -0.000, y=  39.999, z= 570.047
  Detector : x=   1.000, y=  47.000, z= 696.000
  Obj rotY :   0.0000 deg
view   0 | SOD= 570.096 mm | SDD= 696.006 mm | M= 1.221 | incident=0.2470°
[[ 119.0175     -557.4901       -7.0009613 ]
 [ -25.751484    123.293976     -7.0009613 ]
 [   0.14619261    0.03174715    0.        ]
 [   0.            0.            0.1496    ]]
Residual vector length: 108, Jacobian shape: (108, 6)
view   0 | SOD= 570.096 mm | SDD= 696.006 mm | M= 1.221 | incident=0.2470°
[[ 119.02653    -557.4878       -7.0009766 ]
 [ -25.753132    123.29401      -7.0009766 ]
 [   0.1461921     0.03174944    0.        ]
 [   0.            0.            0.1496    ]]

iter 24 cost=0.372042 -> 0.376047 |dtheta|=1.078305e-03  lambda=1.221e+03

============================================================
Iteration 25
============================================================
Theta offsets (Unity frame):
  Source   : dSx=   0.000, dSy=   0.000, dSz=   0.000  (mm)
  Object   : dOx= -14.000, dOy=   7.999, dOz= -21.953  (mm)
  Object offset: offset_x=   0.001, offset_z=   0.002  (mm)
  Detector : dDx=   0.000, dDy=   0.000, dDz=   0.000  (mm)
  Obj Stage rotY :   12.252 deg
============================================================

Unity geometry (world coordinates):
  Source   : x=  -2.000, y=  47.000, z=   0.000
  Object   : x=  -0.000, y=  39.999, z= 570.047
  Detector : x=   1.000, y=  47.000, z= 696.000
  Obj rotY :   0.0000 deg
view   0 | SOD= 570.096 mm | SDD= 696.006 mm | M= 1.221 | incident=0.2470°
[[ 119.0175     -557.4901       -7.0009613 ]
 [ -25.751484    123.293976     -7.0009613 ]
 [   0.14619261    0.03174715    0.        ]
 [   0.            0.            0.1496    ]]
Residual vector length: 108, Jacobian shape: (108, 6)
view   0 | SOD= 570.096 mm | SDD= 696.006 mm | M= 1.221 | incident=0.2470°
[[ 119.019585   -557.4895       -7.000965  ]
 [ -25.751795    123.29404      -7.000965  ]
 [   0.14619249    0.03174767    0.        ]
 [   0.            0.            0.1496    ]]

iter 25 cost=0.372042 -> 0.372071 |dtheta|=3.071656e-04  lambda=6.104e+03

============================================================
Iteration 26
============================================================
Theta offsets (Unity frame):
  Source   : dSx=   0.000, dSy=   0.000, dSz=   0.000  (mm)
  Object   : dOx= -14.000, dOy=   7.999, dOz= -21.953  (mm)
  Object offset: offset_x=   0.001, offset_z=   0.002  (mm)
  Detector : dDx=   0.000, dDy=   0.000, dDz=   0.000  (mm)
  Obj Stage rotY :   12.252 deg
============================================================

Unity geometry (world coordinates):
  Source   : x=  -2.000, y=  47.000, z=   0.000
  Object   : x=  -0.000, y=  39.999, z= 570.047
  Detector : x=   1.000, y=  47.000, z= 696.000
  Obj rotY :   0.0000 deg
view   0 | SOD= 570.096 mm | SDD= 696.006 mm | M= 1.221 | incident=0.2470°
[[ 119.0175     -557.4901       -7.0009613 ]
 [ -25.751484    123.293976     -7.0009613 ]
 [   0.14619261    0.03174715    0.        ]
 [   0.            0.            0.1496    ]]
Residual vector length: 108, Jacobian shape: (108, 6)
view   0 | SOD= 570.096 mm | SDD= 696.006 mm | M= 1.221 | incident=0.2470°
[[ 119.01793    -557.4899       -7.0009613 ]
 [ -25.751549    123.29402      -7.0009613 ]
 [   0.14619258    0.03174726    0.        ]
 [   0.            0.            0.1496    ]]

iter 26 cost=0.372042 -> 0.372042 |dtheta|=7.075907e-05  lambda=3.052e+04

============================================================
Iteration 27
============================================================
Theta offsets (Unity frame):
  Source   : dSx=   0.000, dSy=   0.000, dSz=   0.000  (mm)
  Object   : dOx= -14.000, dOy=   7.999, dOz= -21.953  (mm)
  Object offset: offset_x=   0.001, offset_z=   0.002  (mm)
  Detector : dDx=   0.000, dDy=   0.000, dDz=   0.000  (mm)
  Obj Stage rotY :   12.252 deg
============================================================

Unity geometry (world coordinates):
  Source   : x=  -2.000, y=  47.000, z=   0.000
  Object   : x=  -0.000, y=  39.999, z= 570.047
  Detector : x=   1.000, y=  47.000, z= 696.000
  Obj rotY :   0.0000 deg
view   0 | SOD= 570.096 mm | SDD= 696.006 mm | M= 1.221 | incident=0.2470°
[[ 119.0175     -557.4901       -7.0009613 ]
 [ -25.751484    123.293976     -7.0009613 ]
 [   0.14619261    0.03174715    0.        ]
 [   0.            0.            0.1496    ]]
Residual vector length: 108, Jacobian shape: (108, 6)
view   0 | SOD= 570.096 mm | SDD= 696.006 mm | M= 1.221 | incident=0.2470°
[[ 119.01759    -557.49005      -7.0009613 ]
 [ -25.751493    123.293976     -7.0009613 ]
 [   0.1461926     0.03174717    0.        ]
 [   0.            0.            0.1496    ]]

iter 27 cost=0.372042 -> 0.372042 |dtheta|=1.464661e-05  lambda=1.526e+05

============================================================
Iteration 28
============================================================
Theta offsets (Unity frame):
  Source   : dSx=   0.000, dSy=   0.000, dSz=   0.000  (mm)
  Object   : dOx= -14.000, dOy=   7.999, dOz= -21.953  (mm)
  Object offset: offset_x=   0.001, offset_z=   0.002  (mm)
  Detector : dDx=   0.000, dDy=   0.000, dDz=   0.000  (mm)
  Obj Stage rotY :   12.252 deg
============================================================

Unity geometry (world coordinates):
  Source   : x=  -2.000, y=  47.000, z=   0.000
  Object   : x=  -0.000, y=  39.999, z= 570.047
  Detector : x=   1.000, y=  47.000, z= 696.000
  Obj rotY :   0.0000 deg
view   0 | SOD= 570.096 mm | SDD= 696.006 mm | M= 1.221 | incident=0.2470°
[[ 119.0175     -557.4901       -7.0009613 ]
 [ -25.751484    123.293976     -7.0009613 ]
 [   0.14619261    0.03174715    0.        ]
 [   0.            0.            0.1496    ]]
Residual vector length: 108, Jacobian shape: (108, 6)
view   0 | SOD= 570.096 mm | SDD= 696.006 mm | M= 1.221 | incident=0.2470°
[[ 119.017525   -557.4901       -7.0009613 ]
 [ -25.751486    123.293976     -7.0009613 ]
 [   0.14619261    0.03174716    0.        ]
 [   0.            0.            0.1496    ]]

iter 28 cost=0.372042 -> 0.374186 |dtheta|=2.950411e-06  lambda=7.629e+05

============================================================
Iteration 29
============================================================
Theta offsets (Unity frame):
  Source   : dSx=   0.000, dSy=   0.000, dSz=   0.000  (mm)
  Object   : dOx= -14.000, dOy=   7.999, dOz= -21.953  (mm)
  Object offset: offset_x=   0.001, offset_z=   0.002  (mm)
  Detector : dDx=   0.000, dDy=   0.000, dDz=   0.000  (mm)
  Obj Stage rotY :   12.252 deg
============================================================

Unity geometry (world coordinates):
  Source   : x=  -2.000, y=  47.000, z=   0.000
  Object   : x=  -0.000, y=  39.999, z= 570.047
  Detector : x=   1.000, y=  47.000, z= 696.000
  Obj rotY :   0.0000 deg
view   0 | SOD= 570.096 mm | SDD= 696.006 mm | M= 1.221 | incident=0.2470°
[[ 119.0175     -557.4901       -7.0009613 ]
 [ -25.751484    123.293976     -7.0009613 ]
 [   0.14619261    0.03174715    0.        ]
 [   0.            0.            0.1496    ]]
Residual vector length: 108, Jacobian shape: (108, 6)
view   0 | SOD= 570.096 mm | SDD= 696.006 mm | M= 1.221 | incident=0.2470°
[[ 119.01752    -557.4901       -7.0009613 ]
 [ -25.751486    123.293976     -7.0009613 ]
 [   0.14619261    0.03174715    0.        ]
 [   0.            0.            0.1496    ]]

iter 29 cost=0.372042 -> 0.374186 |dtheta|=2.251949e-06  lambda=1.000e+06

============================================================
Iteration 30
============================================================
Theta offsets (Unity frame):
  Source   : dSx=   0.000, dSy=   0.000, dSz=   0.000  (mm)
  Object   : dOx= -14.000, dOy=   7.999, dOz= -21.953  (mm)
  Object offset: offset_x=   0.001, offset_z=   0.002  (mm)
  Detector : dDx=   0.000, dDy=   0.000, dDz=   0.000  (mm)
  Obj Stage rotY :   12.252 deg
============================================================

Unity geometry (world coordinates):
  Source   : x=  -2.000, y=  47.000, z=   0.000
  Object   : x=  -0.000, y=  39.999, z= 570.047
  Detector : x=   1.000, y=  47.000, z= 696.000
  Obj rotY :   0.0000 deg
view   0 | SOD= 570.096 mm | SDD= 696.006 mm | M= 1.221 | incident=0.2470°
[[ 119.0175     -557.4901       -7.0009613 ]
 [ -25.751484    123.293976     -7.0009613 ]
 [   0.14619261    0.03174715    0.        ]
 [   0.            0.            0.1496    ]]
Residual vector length: 108, Jacobian shape: (108, 6)
view   0 | SOD= 570.096 mm | SDD= 696.006 mm | M= 1.221 | incident=0.2470°
[[ 119.01752    -557.4901       -7.0009613 ]
 [ -25.751486    123.293976     -7.0009613 ]
 [   0.14619261    0.03174715    0.        ]
 [   0.            0.            0.1496    ]]

iter 30 cost=0.372042 -> 0.374186 |dtheta|=2.251949e-06  lambda=1.000e+06

============================================================
Iteration 31
============================================================
Theta offsets (Unity frame):
  Source   : dSx=   0.000, dSy=   0.000, dSz=   0.000  (mm)
  Object   : dOx= -14.000, dOy=   7.999, dOz= -21.953  (mm)
  Object offset: offset_x=   0.001, offset_z=   0.002  (mm)
  Detector : dDx=   0.000, dDy=   0.000, dDz=   0.000  (mm)
  Obj Stage rotY :   12.252 deg
============================================================

Unity geometry (world coordinates):
  Source   : x=  -2.000, y=  47.000, z=   0.000
  Object   : x=  -0.000, y=  39.999, z= 570.047
  Detector : x=   1.000, y=  47.000, z= 696.000
  Obj rotY :   0.0000 deg
view   0 | SOD= 570.096 mm | SDD= 696.006 mm | M= 1.221 | incident=0.2470°
[[ 119.0175     -557.4901       -7.0009613 ]
 [ -25.751484    123.293976     -7.0009613 ]
 [   0.14619261    0.03174715    0.        ]
 [   0.            0.            0.1496    ]]
Residual vector length: 108, Jacobian shape: (108, 6)
view   0 | SOD= 570.096 mm | SDD= 696.006 mm | M= 1.221 | incident=0.2470°
[[ 119.01752    -557.4901       -7.0009613 ]
 [ -25.751486    123.293976     -7.0009613 ]
 [   0.14619261    0.03174715    0.        ]
 [   0.            0.            0.1496    ]]

iter 31 cost=0.372042 -> 0.374186 |dtheta|=2.251949e-06  lambda=1.000e+06

============================================================
Iteration 32
============================================================
Theta offsets (Unity frame):
  Source   : dSx=   0.000, dSy=   0.000, dSz=   0.000  (mm)
  Object   : dOx= -14.000, dOy=   7.999, dOz= -21.953  (mm)
  Object offset: offset_x=   0.001, offset_z=   0.002  (mm)
  Detector : dDx=   0.000, dDy=   0.000, dDz=   0.000  (mm)
  Obj Stage rotY :   12.252 deg
============================================================

Unity geometry (world coordinates):
  Source   : x=  -2.000, y=  47.000, z=   0.000
  Object   : x=  -0.000, y=  39.999, z= 570.047
  Detector : x=   1.000, y=  47.000, z= 696.000
  Obj rotY :   0.0000 deg
view   0 | SOD= 570.096 mm | SDD= 696.006 mm | M= 1.221 | incident=0.2470°
[[ 119.0175     -557.4901       -7.0009613 ]
 [ -25.751484    123.293976     -7.0009613 ]
 [   0.14619261    0.03174715    0.        ]
 [   0.            0.            0.1496    ]]
Residual vector length: 108, Jacobian shape: (108, 6)
view   0 | SOD= 570.096 mm | SDD= 696.006 mm | M= 1.221 | incident=0.2470°
[[ 119.01752    -557.4901       -7.0009613 ]
 [ -25.751486    123.293976     -7.0009613 ]
 [   0.14619261    0.03174715    0.        ]
 [   0.            0.            0.1496    ]]

iter 32 cost=0.372042 -> 0.374186 |dtheta|=2.251949e-06  lambda=1.000e+06

============================================================
Iteration 33
============================================================
Theta offsets (Unity frame):
  Source   : dSx=   0.000, dSy=   0.000, dSz=   0.000  (mm)
  Object   : dOx= -14.000, dOy=   7.999, dOz= -21.953  (mm)
  Object offset: offset_x=   0.001, offset_z=   0.002  (mm)
  Detector : dDx=   0.000, dDy=   0.000, dDz=   0.000  (mm)
  Obj Stage rotY :   12.252 deg
============================================================

Unity geometry (world coordinates):
  Source   : x=  -2.000, y=  47.000, z=   0.000
  Object   : x=  -0.000, y=  39.999, z= 570.047
  Detector : x=   1.000, y=  47.000, z= 696.000
  Obj rotY :   0.0000 deg
view   0 | SOD= 570.096 mm | SDD= 696.006 mm | M= 1.221 | incident=0.2470°
[[ 119.0175     -557.4901       -7.0009613 ]
 [ -25.751484    123.293976     -7.0009613 ]
 [   0.14619261    0.03174715    0.        ]
 [   0.            0.            0.1496    ]]
Residual vector length: 108, Jacobian shape: (108, 6)
view   0 | SOD= 570.096 mm | SDD= 696.006 mm | M= 1.221 | incident=0.2470°
[[ 119.01752    -557.4901       -7.0009613 ]
 [ -25.751486    123.293976     -7.0009613 ]
 [   0.14619261    0.03174715    0.        ]
 [   0.            0.            0.1496    ]]

iter 33 cost=0.372042 -> 0.374186 |dtheta|=2.251949e-06  lambda=1.000e+06

============================================================
Iteration 34
============================================================
Theta offsets (Unity frame):
  Source   : dSx=   0.000, dSy=   0.000, dSz=   0.000  (mm)
  Object   : dOx= -14.000, dOy=   7.999, dOz= -21.953  (mm)
  Object offset: offset_x=   0.001, offset_z=   0.002  (mm)
  Detector : dDx=   0.000, dDy=   0.000, dDz=   0.000  (mm)
  Obj Stage rotY :   12.252 deg
============================================================

Unity geometry (world coordinates):
  Source   : x=  -2.000, y=  47.000, z=   0.000
  Object   : x=  -0.000, y=  39.999, z= 570.047
  Detector : x=   1.000, y=  47.000, z= 696.000
  Obj rotY :   0.0000 deg
view   0 | SOD= 570.096 mm | SDD= 696.006 mm | M= 1.221 | incident=0.2470°
[[ 119.0175     -557.4901       -7.0009613 ]
 [ -25.751484    123.293976     -7.0009613 ]
 [   0.14619261    0.03174715    0.        ]
 [   0.            0.            0.1496    ]]
Residual vector length: 108, Jacobian shape: (108, 6)
view   0 | SOD= 570.096 mm | SDD= 696.006 mm | M= 1.221 | incident=0.2470°
[[ 119.01752    -557.4901       -7.0009613 ]
 [ -25.751486    123.293976     -7.0009613 ]
 [   0.14619261    0.03174715    0.        ]
 [   0.            0.            0.1496    ]]

iter 34 cost=0.372042 -> 0.374186 |dtheta|=2.251949e-06  lambda=1.000e+06

============================================================
Iteration 35
============================================================
Theta offsets (Unity frame):
  Source   : dSx=   0.000, dSy=   0.000, dSz=   0.000  (mm)
  Object   : dOx= -14.000, dOy=   7.999, dOz= -21.953  (mm)
  Object offset: offset_x=   0.001, offset_z=   0.002  (mm)
  Detector : dDx=   0.000, dDy=   0.000, dDz=   0.000  (mm)
  Obj Stage rotY :   12.252 deg
============================================================

Unity geometry (world coordinates):
  Source   : x=  -2.000, y=  47.000, z=   0.000
  Object   : x=  -0.000, y=  39.999, z= 570.047
  Detector : x=   1.000, y=  47.000, z= 696.000
  Obj rotY :   0.0000 deg
view   0 | SOD= 570.096 mm | SDD= 696.006 mm | M= 1.221 | incident=0.2470°
[[ 119.0175     -557.4901       -7.0009613 ]
 [ -25.751484    123.293976     -7.0009613 ]
 [   0.14619261    0.03174715    0.        ]
 [   0.            0.            0.1496    ]]
Residual vector length: 108, Jacobian shape: (108, 6)
view   0 | SOD= 570.096 mm | SDD= 696.006 mm | M= 1.221 | incident=0.2470°
[[ 119.01752    -557.4901       -7.0009613 ]
 [ -25.751486    123.293976     -7.0009613 ]
 [   0.14619261    0.03174715    0.        ]
 [   0.            0.            0.1496    ]]

iter 35 cost=0.372042 -> 0.374186 |dtheta|=2.251949e-06  lambda=1.000e+06
Stalled.

Estimated theta:
  dSx: +0.000000
  dSy: +0.000000
  dOx: -14.000486
  dOy: +7.999041
  dOz: -21.952611
  dDx: +0.000000
  dDy: +0.000000
  dDz: +0.000000
alpha: +1.225211e+01 deg)
offset_x: +0.000779
offset_z: +0.002057

Final cost table:
Fake theta: [  0.    0.  -14.    8.  -22.    0.    0.    0.   12.3   0.    0. ]
Final estimated theta: [  0.           0.         -14.00048561   7.99904077 -21.95261061
   0.           0.           0.          12.25210585   0.00077884
   0.00205702]
Diff from Expected: [ 0.          0.         -0.00048561 -0.00095923  0.04738939  0.
  0.          0.         -0.04789434  0.00077884  0.00205702]
################################################################################

