Phantom already exists, skipping: cuboid_phantom_3_tall.npy

################################################################################
Running cuboid=tall scenario=G3 N_ANGLES=9, K=3
view   0 | SOD= 570.464 mm | SDD= 705.315 mm | M= 1.236 | incident=3.4990°
[[ 138.86055    -552.827       -23.        ]
 [ -34.584156    129.47562      20.        ]
 [   0.14509286    0.03644481    0.        ]
 [   0.            0.            0.1496    ]]
          image          x1          y1  area1          x2          y2  area2          x3          y3  area3
0  proj_000.png  478.951058  281.108466    756  502.908854  589.546875    768  502.908854  897.985284    0.0
1  proj_001.png  494.511229  281.017173    757  487.160000  589.918710    775  487.160000  898.820246    0.0
2  proj_002.png  508.436000  281.236000    750  473.165796  589.014360    766  473.165796  896.792721    0.0
3  proj_003.png  514.106299  281.994751    762  467.590377  587.443433    769  467.590377  892.892115    0.0
4  proj_004.png  509.054830  282.571802    766  472.834211  585.932895    760  472.834211  889.293988    0.0
5  proj_005.png  495.247409  282.914508    772  486.482850  585.036939    758  486.482850  887.159371    0.0
6  proj_006.png  479.485123  282.833118    773  502.163130  585.249337    754  502.163130  887.665556    0.0
7  proj_007.png  469.043194  282.285340    764  512.719160  586.577428    762  512.719160  890.869515    0.0
8  proj_008.png  468.852437  281.623188    759  512.937500  588.265625    768  512.937500  894.908062    0.0

============================================================
Iteration 0
============================================================
Theta offsets (Unity frame):
  Source   : dSx=   0.000, dSy=   0.000, dSz=   0.000  (mm)
  Object   : dOx=   0.000, dOy=   0.000, dOz=   0.000  (mm)
  Object offset: offset_x=   0.000, offset_z=   0.000  (mm)
  Detector : dDx=   0.000, dDy=   0.000, dDz=   0.000  (mm)
  Obj Stage rotY :    0.000 deg
============================================================

Unity geometry (world coordinates):
  Source   : x=   0.000, y=  43.000, z=   0.000
  Object   : x=   8.000, y=  14.000, z= 595.000
  Detector : x=  -2.000, y=   0.000, z= 704.000
  Obj rotY :   0.0000 deg
view   0 | SOD= 595.760 mm | SDD= 705.315 mm | M= 1.184 | incident=3.4990°
[[  -8.     -595.      -29.    ]
 [ -10.      109.       14.    ]
 [   0.1496    0.        0.    ]
 [   0.        0.        0.1496]]
Residual vector length: 81, Jacobian shape: (81, 6)
view   0 | SOD= 575.427 mm | SDD= 705.315 mm | M= 1.226 | incident=3.4990°
[[ -84.32859    -565.8998      -61.33695   ]
 [  17.868118    130.64586     -18.336948  ]
 [   0.14795306   -0.02213712    0.        ]
 [   0.            0.            0.1496    ]]

iter 00 cost=1024766.585184 -> 16302.794189 |dtheta|=4.164916e+01  lambda=1.000e-02

============================================================
Iteration 1
============================================================
Theta offsets (Unity frame):
  Source   : dSx=   0.000, dSy=   0.000, dSz=   0.000  (mm)
  Object   : dOx=  -7.960, dOy= -32.337, dOz= -23.508  (mm)
  Object offset: offset_x=  -0.379, offset_z=   0.656  (mm)
  Detector : dDx=   0.000, dDy=   0.000, dDz=   0.000  (mm)
  Obj Stage rotY :   -8.510 deg
============================================================

Unity geometry (world coordinates):
  Source   : x=   0.000, y=  43.000, z=   0.000
  Object   : x=   0.040, y= -18.337, z= 571.492
  Detector : x=  -2.000, y=   0.000, z= 704.000
  Obj rotY :   0.0000 deg
view   0 | SOD= 575.427 mm | SDD= 705.315 mm | M= 1.226 | incident=3.4990°
[[ -84.32859    -565.8998      -61.33695   ]
 [  17.868118    130.64586     -18.336948  ]
 [   0.14795306   -0.02213712    0.        ]
 [   0.            0.            0.1496    ]]
Residual vector length: 81, Jacobian shape: (81, 6)
view   0 | SOD= 574.778 mm | SDD= 705.315 mm | M= 1.227 | incident=3.4990°
[[  33.264072   -570.67426     -59.948097  ]
 [  -9.676798    132.01779     -16.948095  ]
 [   0.14934677    0.00870065    0.        ]
 [   0.            0.            0.1496    ]]

iter 01 cost=16302.794189 -> 14938.418546 |dtheta|=1.198077e+01  lambda=3.333e-03

============================================================
Iteration 2
============================================================
Theta offsets (Unity frame):
  Source   : dSx=   0.000, dSy=   0.000, dSz=   0.000  (mm)
  Object   : dOx=  -7.852, dOy= -30.948, dOz= -24.519  (mm)
  Object offset: offset_x=  -0.165, offset_z=   1.162  (mm)
  Detector : dDx=   0.000, dDy=   0.000, dDz=   0.000  (mm)
  Obj Stage rotY :    3.334 deg
============================================================

Unity geometry (world coordinates):
  Source   : x=   0.000, y=  43.000, z=   0.000
  Object   : x=   0.148, y= -16.948, z= 570.481
  Detector : x=  -2.000, y=   0.000, z= 704.000
  Obj rotY :   0.0000 deg
view   0 | SOD= 574.778 mm | SDD= 705.315 mm | M= 1.227 | incident=3.4990°
[[  33.264072   -570.67426     -59.948097  ]
 [  -9.676798    132.01779     -16.948095  ]
 [   0.14934677    0.00870065    0.        ]
 [   0.            0.            0.1496    ]]
Residual vector length: 81, Jacobian shape: (81, 6)
view   0 | SOD= 577.232 mm | SDD= 705.315 mm | M= 1.222 | incident=3.4990°
[[ 102.53043    -564.8251      -60.472733  ]
 [ -25.456408    127.44612     -17.47273   ]
 [   0.1471837     0.02677907    0.        ]
 [   0.            0.            0.1496    ]]

iter 02 cost=14938.418546 -> 14743.259890 |dtheta|=7.354528e+00  lambda=1.111e-03

============================================================
Iteration 3
============================================================
Theta offsets (Unity frame):
  Source   : dSx=   0.000, dSy=   0.000, dSz=   0.000  (mm)
  Object   : dOx=  -7.888, dOy= -31.473, dOz= -22.280  (mm)
  Object offset: offset_x=   0.120, offset_z=   1.335  (mm)
  Detector : dDx=   0.000, dDy=   0.000, dDz=   0.000  (mm)
  Obj Stage rotY :   10.312 deg
============================================================

Unity geometry (world coordinates):
  Source   : x=   0.000, y=  43.000, z=   0.000
  Object   : x=   0.112, y= -17.473, z= 572.720
  Detector : x=  -2.000, y=   0.000, z= 704.000
  Obj rotY :   0.0000 deg
view   0 | SOD= 577.232 mm | SDD= 705.315 mm | M= 1.222 | incident=3.4990°
[[ 102.53043    -564.8251      -60.472733  ]
 [ -25.456408    127.44612     -17.47273   ]
 [   0.1471837     0.02677907    0.        ]
 [   0.            0.            0.1496    ]]
Residual vector length: 81, Jacobian shape: (81, 6)
view   0 | SOD= 574.056 mm | SDD= 705.315 mm | M= 1.229 | incident=3.4990°
[[  79.9057     -565.30164     -59.909187  ]
 [ -21.584042    131.3474      -16.909187  ]
 [   0.14809799    0.02114584    0.        ]
 [   0.            0.            0.1496    ]]

iter 03 cost=14743.259890 -> 14406.587825 |dtheta|=4.033383e+00  lambda=3.704e-04

============================================================
Iteration 4
============================================================
Theta offsets (Unity frame):
  Source   : dSx=   0.000, dSy=   0.000, dSz=   0.000  (mm)
  Object   : dOx=  -8.101, dOy= -30.909, dOz= -25.521  (mm)
  Object offset: offset_x=   0.903, offset_z=   1.441  (mm)
  Detector : dDx=   0.000, dDy=   0.000, dDz=   0.000  (mm)
  Obj Stage rotY :    8.126 deg
============================================================

Unity geometry (world coordinates):
  Source   : x=   0.000, y=  43.000, z=   0.000
  Object   : x=  -0.101, y= -16.909, z= 569.479
  Detector : x=  -2.000, y=   0.000, z= 704.000
  Obj rotY :   0.0000 deg
view   0 | SOD= 574.056 mm | SDD= 705.315 mm | M= 1.229 | incident=3.4990°
[[  79.9057     -565.30164     -59.909187  ]
 [ -21.584042    131.3474      -16.909187  ]
 [   0.14809799    0.02114584    0.        ]
 [   0.            0.            0.1496    ]]
Residual vector length: 81, Jacobian shape: (81, 6)
view   0 | SOD= 575.813 mm | SDD= 705.315 mm | M= 1.225 | incident=3.4990°
[[  84.89495    -566.3324      -60.17269   ]
 [ -23.057453    129.34447     -17.172691  ]
 [   0.1478953     0.02251973    0.        ]
 [   0.            0.            0.1496    ]]

iter 04 cost=14406.587825 -> 14487.047665 |dtheta|=2.195287e+00  lambda=1.235e-04

============================================================
Iteration 5
============================================================
Theta offsets (Unity frame):
  Source   : dSx=   0.000, dSy=   0.000, dSz=   0.000  (mm)
  Object   : dOx=  -8.101, dOy= -30.909, dOz= -25.521  (mm)
  Object offset: offset_x=   0.903, offset_z=   1.441  (mm)
  Detector : dDx=   0.000, dDy=   0.000, dDz=   0.000  (mm)
  Obj Stage rotY :    8.126 deg
============================================================

Unity geometry (world coordinates):
  Source   : x=   0.000, y=  43.000, z=   0.000
  Object   : x=  -0.101, y= -16.909, z= 569.479
  Detector : x=  -2.000, y=   0.000, z= 704.000
  Obj rotY :   0.0000 deg
view   0 | SOD= 574.056 mm | SDD= 705.315 mm | M= 1.229 | incident=3.4990°
[[  79.9057     -565.30164     -59.909187  ]
 [ -21.584042    131.3474      -16.909187  ]
 [   0.14809799    0.02114584    0.        ]
 [   0.            0.            0.1496    ]]
Residual vector length: 81, Jacobian shape: (81, 6)
view   0 | SOD= 575.813 mm | SDD= 705.315 mm | M= 1.225 | incident=3.4990°
[[  84.894745   -566.33234     -60.172688  ]
 [ -23.057417    129.34453     -17.172688  ]
 [   0.14789532    0.02251968    0.        ]
 [   0.            0.            0.1496    ]]

iter 05 cost=14406.587825 -> 14487.047665 |dtheta|=2.195258e+00  lambda=6.173e-04

============================================================
Iteration 6
============================================================
Theta offsets (Unity frame):
  Source   : dSx=   0.000, dSy=   0.000, dSz=   0.000  (mm)
  Object   : dOx=  -8.101, dOy= -30.909, dOz= -25.521  (mm)
  Object offset: offset_x=   0.903, offset_z=   1.441  (mm)
  Detector : dDx=   0.000, dDy=   0.000, dDz=   0.000  (mm)
  Obj Stage rotY :    8.126 deg
============================================================

Unity geometry (world coordinates):
  Source   : x=   0.000, y=  43.000, z=   0.000
  Object   : x=  -0.101, y= -16.909, z= 569.479
  Detector : x=  -2.000, y=   0.000, z= 704.000
  Obj rotY :   0.0000 deg
view   0 | SOD= 574.056 mm | SDD= 705.315 mm | M= 1.229 | incident=3.4990°
[[  79.9057     -565.30164     -59.909187  ]
 [ -21.584042    131.3474      -16.909187  ]
 [   0.14809799    0.02114584    0.        ]
 [   0.            0.            0.1496    ]]
Residual vector length: 81, Jacobian shape: (81, 6)
view   0 | SOD= 575.813 mm | SDD= 705.315 mm | M= 1.225 | incident=3.4990°
[[  84.893745   -566.3324      -60.172676  ]
 [ -23.057215    129.3447      -17.172674  ]
 [   0.14789535    0.02251942    0.        ]
 [   0.            0.            0.1496    ]]

iter 06 cost=14406.587825 -> 14487.047665 |dtheta|=2.195112e+00  lambda=3.086e-03

============================================================
Iteration 7
============================================================
Theta offsets (Unity frame):
  Source   : dSx=   0.000, dSy=   0.000, dSz=   0.000  (mm)
  Object   : dOx=  -8.101, dOy= -30.909, dOz= -25.521  (mm)
  Object offset: offset_x=   0.903, offset_z=   1.441  (mm)
  Detector : dDx=   0.000, dDy=   0.000, dDz=   0.000  (mm)
  Obj Stage rotY :    8.126 deg
============================================================

Unity geometry (world coordinates):
  Source   : x=   0.000, y=  43.000, z=   0.000
  Object   : x=  -0.101, y= -16.909, z= 569.479
  Detector : x=  -2.000, y=   0.000, z= 704.000
  Obj rotY :   0.0000 deg
view   0 | SOD= 574.056 mm | SDD= 705.315 mm | M= 1.229 | incident=3.4990°
[[  79.9057     -565.30164     -59.909187  ]
 [ -21.584042    131.3474      -16.909187  ]
 [   0.14809799    0.02114584    0.        ]
 [   0.            0.            0.1496    ]]
Residual vector length: 81, Jacobian shape: (81, 6)
view   0 | SOD= 575.812 mm | SDD= 705.315 mm | M= 1.225 | incident=3.4990°
[[  84.888756   -566.3325      -60.172607  ]
 [ -23.0562      129.34549     -17.172606  ]
 [   0.14789554    0.02251814    0.        ]
 [   0.            0.            0.1496    ]]

iter 07 cost=14406.587825 -> 14487.047665 |dtheta|=2.194382e+00  lambda=1.543e-02

============================================================
Iteration 8
============================================================
Theta offsets (Unity frame):
  Source   : dSx=   0.000, dSy=   0.000, dSz=   0.000  (mm)
  Object   : dOx=  -8.101, dOy= -30.909, dOz= -25.521  (mm)
  Object offset: offset_x=   0.903, offset_z=   1.441  (mm)
  Detector : dDx=   0.000, dDy=   0.000, dDz=   0.000  (mm)
  Obj Stage rotY :    8.126 deg
============================================================

Unity geometry (world coordinates):
  Source   : x=   0.000, y=  43.000, z=   0.000
  Object   : x=  -0.101, y= -16.909, z= 569.479
  Detector : x=  -2.000, y=   0.000, z= 704.000
  Obj rotY :   0.0000 deg
view   0 | SOD= 574.056 mm | SDD= 705.315 mm | M= 1.229 | incident=3.4990°
[[  79.9057     -565.30164     -59.909187  ]
 [ -21.584042    131.3474      -16.909187  ]
 [   0.14809799    0.02114584    0.        ]
 [   0.            0.            0.1496    ]]
Residual vector length: 81, Jacobian shape: (81, 6)
view   0 | SOD= 575.809 mm | SDD= 705.315 mm | M= 1.225 | incident=3.4990°
[[  84.86397    -566.33307     -60.172264  ]
 [ -23.051178    129.34955     -17.172262  ]
 [   0.14789651    0.02251181    0.        ]
 [   0.            0.            0.1496    ]]

iter 08 cost=14406.587825 -> 14487.341495 |dtheta|=2.190742e+00  lambda=7.716e-02

============================================================
Iteration 9
============================================================
Theta offsets (Unity frame):
  Source   : dSx=   0.000, dSy=   0.000, dSz=   0.000  (mm)
  Object   : dOx=  -8.101, dOy= -30.909, dOz= -25.521  (mm)
  Object offset: offset_x=   0.903, offset_z=   1.441  (mm)
  Detector : dDx=   0.000, dDy=   0.000, dDz=   0.000  (mm)
  Obj Stage rotY :    8.126 deg
============================================================

Unity geometry (world coordinates):
  Source   : x=   0.000, y=  43.000, z=   0.000
  Object   : x=  -0.101, y= -16.909, z= 569.479
  Detector : x=  -2.000, y=   0.000, z= 704.000
  Obj rotY :   0.0000 deg
view   0 | SOD= 574.056 mm | SDD= 705.315 mm | M= 1.229 | incident=3.4990°
[[  79.9057     -565.30164     -59.909187  ]
 [ -21.584042    131.3474      -16.909187  ]
 [   0.14809799    0.02114584    0.        ]
 [   0.            0.            0.1496    ]]
Residual vector length: 81, Jacobian shape: (81, 6)
view   0 | SOD= 575.793 mm | SDD= 705.315 mm | M= 1.225 | incident=3.4990°
[[  84.743706   -566.3355      -60.170563  ]
 [ -23.026863    129.3695      -17.170563  ]
 [   0.14790119    0.02248107    0.        ]
 [   0.            0.            0.1496    ]]

iter 09 cost=14406.587825 -> 14488.573144 |dtheta|=2.172784e+00  lambda=3.858e-01

============================================================
Iteration 10
============================================================
Theta offsets (Unity frame):
  Source   : dSx=   0.000, dSy=   0.000, dSz=   0.000  (mm)
  Object   : dOx=  -8.101, dOy= -30.909, dOz= -25.521  (mm)
  Object offset: offset_x=   0.903, offset_z=   1.441  (mm)
  Detector : dDx=   0.000, dDy=   0.000, dDz=   0.000  (mm)
  Obj Stage rotY :    8.126 deg
============================================================

Unity geometry (world coordinates):
  Source   : x=   0.000, y=  43.000, z=   0.000
  Object   : x=  -0.101, y= -16.909, z= 569.479
  Detector : x=  -2.000, y=   0.000, z= 704.000
  Obj rotY :   0.0000 deg
view   0 | SOD= 574.056 mm | SDD= 705.315 mm | M= 1.229 | incident=3.4990°
[[  79.9057     -565.30164     -59.909187  ]
 [ -21.584042    131.3474      -16.909187  ]
 [   0.14809799    0.02114584    0.        ]
 [   0.            0.            0.1496    ]]
Residual vector length: 81, Jacobian shape: (81, 6)
view   0 | SOD= 575.719 mm | SDD= 705.315 mm | M= 1.225 | incident=3.4990°
[[  84.22167    -566.339       -60.162426  ]
 [ -22.922579    129.46278     -17.162426  ]
 [   0.14792137    0.02234792    0.        ]
 [   0.            0.            0.1496    ]]

iter 10 cost=14406.587825 -> 14490.671633 |dtheta|=2.088501e+00  lambda=1.929e+00

============================================================
Iteration 11
============================================================
Theta offsets (Unity frame):
  Source   : dSx=   0.000, dSy=   0.000, dSz=   0.000  (mm)
  Object   : dOx=  -8.101, dOy= -30.909, dOz= -25.521  (mm)
  Object offset: offset_x=   0.903, offset_z=   1.441  (mm)
  Detector : dDx=   0.000, dDy=   0.000, dDz=   0.000  (mm)
  Obj Stage rotY :    8.126 deg
============================================================

Unity geometry (world coordinates):
  Source   : x=   0.000, y=  43.000, z=   0.000
  Object   : x=  -0.101, y= -16.909, z= 569.479
  Detector : x=  -2.000, y=   0.000, z= 704.000
  Obj rotY :   0.0000 deg
view   0 | SOD= 574.056 mm | SDD= 705.315 mm | M= 1.229 | incident=3.4990°
[[  79.9057     -565.30164     -59.909187  ]
 [ -21.584042    131.3474      -16.909187  ]
 [   0.14809799    0.02114584    0.        ]
 [   0.            0.            0.1496    ]]
Residual vector length: 81, Jacobian shape: (81, 6)
view   0 | SOD= 575.416 mm | SDD= 705.315 mm | M= 1.226 | incident=3.4990°
[[  82.700966   -566.2588      -60.129257  ]
 [ -22.634516    129.8191      -17.129255  ]
 [   0.14797895    0.0219634     0.        ]
 [   0.            0.            0.1496    ]]

iter 11 cost=14406.587825 -> 14473.321298 |dtheta|=1.763152e+00  lambda=9.645e+00

============================================================
Iteration 12
============================================================
Theta offsets (Unity frame):
  Source   : dSx=   0.000, dSy=   0.000, dSz=   0.000  (mm)
  Object   : dOx=  -8.101, dOy= -30.909, dOz= -25.521  (mm)
  Object offset: offset_x=   0.903, offset_z=   1.441  (mm)
  Detector : dDx=   0.000, dDy=   0.000, dDz=   0.000  (mm)
  Obj Stage rotY :    8.126 deg
============================================================

Unity geometry (world coordinates):
  Source   : x=   0.000, y=  43.000, z=   0.000
  Object   : x=  -0.101, y= -16.909, z= 569.479
  Detector : x=  -2.000, y=   0.000, z= 704.000
  Obj rotY :   0.0000 deg
view   0 | SOD= 574.056 mm | SDD= 705.315 mm | M= 1.229 | incident=3.4990°
[[  79.9057     -565.30164     -59.909187  ]
 [ -21.584042    131.3474      -16.909187  ]
 [   0.14809799    0.02114584    0.        ]
 [   0.            0.            0.1496    ]]
Residual vector length: 81, Jacobian shape: (81, 6)
view   0 | SOD= 574.704 mm | SDD= 705.315 mm | M= 1.227 | incident=3.4990°
[[  80.75394    -565.82477     -60.05037   ]
 [ -22.31644     130.59215     -17.050367  ]
 [   0.14804962    0.02148186    0.        ]
 [   0.            0.            0.1496    ]]

iter 12 cost=14406.587825 -> 14464.513867 |dtheta|=1.056079e+00  lambda=4.823e+01

============================================================
Iteration 13
============================================================
Theta offsets (Unity frame):
  Source   : dSx=   0.000, dSy=   0.000, dSz=   0.000  (mm)
  Object   : dOx=  -8.101, dOy= -30.909, dOz= -25.521  (mm)
  Object offset: offset_x=   0.903, offset_z=   1.441  (mm)
  Detector : dDx=   0.000, dDy=   0.000, dDz=   0.000  (mm)
  Obj Stage rotY :    8.126 deg
============================================================

Unity geometry (world coordinates):
  Source   : x=   0.000, y=  43.000, z=   0.000
  Object   : x=  -0.101, y= -16.909, z= 569.479
  Detector : x=  -2.000, y=   0.000, z= 704.000
  Obj rotY :   0.0000 deg
view   0 | SOD= 574.056 mm | SDD= 705.315 mm | M= 1.229 | incident=3.4990°
[[  79.9057     -565.30164     -59.909187  ]
 [ -21.584042    131.3474      -16.909187  ]
 [   0.14809799    0.02114584    0.        ]
 [   0.            0.            0.1496    ]]
Residual vector length: 81, Jacobian shape: (81, 6)
view   0 | SOD= 574.109 mm | SDD= 705.315 mm | M= 1.229 | incident=3.4990°
[[  79.772484   -565.3675      -59.975742  ]
 [ -22.135862    131.22041     -16.975742  ]
 [   0.14808525    0.02123483    0.        ]
 [   0.            0.            0.1496    ]]

iter 13 cost=14406.587825 -> 14474.661872 |dtheta|=5.305062e-01  lambda=2.411e+02

============================================================
Iteration 14
============================================================
Theta offsets (Unity frame):
  Source   : dSx=   0.000, dSy=   0.000, dSz=   0.000  (mm)
  Object   : dOx=  -8.101, dOy= -30.909, dOz= -25.521  (mm)
  Object offset: offset_x=   0.903, offset_z=   1.441  (mm)
  Detector : dDx=   0.000, dDy=   0.000, dDz=   0.000  (mm)
  Obj Stage rotY :    8.126 deg
============================================================

Unity geometry (world coordinates):
  Source   : x=   0.000, y=  43.000, z=   0.000
  Object   : x=  -0.101, y= -16.909, z= 569.479
  Detector : x=  -2.000, y=   0.000, z= 704.000
  Obj rotY :   0.0000 deg
view   0 | SOD= 574.056 mm | SDD= 705.315 mm | M= 1.229 | incident=3.4990°
[[  79.9057     -565.30164     -59.909187  ]
 [ -21.584042    131.3474      -16.909187  ]
 [   0.14809799    0.02114584    0.        ]
 [   0.            0.            0.1496    ]]
Residual vector length: 81, Jacobian shape: (81, 6)
view   0 | SOD= 573.968 mm | SDD= 705.315 mm | M= 1.229 | incident=3.4990°
[[  79.65473    -565.246       -59.93287   ]
 [ -21.92442     131.39001     -16.93287   ]
 [   0.14809527    0.02116485    0.        ]
 [   0.            0.            0.1496    ]]

iter 14 cost=14406.587825 -> 14404.107608 |dtheta|=2.958177e-01  lambda=1.206e+03

============================================================
Iteration 15
============================================================
Theta offsets (Unity frame):
  Source   : dSx=   0.000, dSy=   0.000, dSz=   0.000  (mm)
  Object   : dOx=  -8.016, dOy= -30.933, dOz= -25.458  (mm)
  Object offset: offset_x=   1.131, offset_z=   1.288  (mm)
  Detector : dDx=   0.000, dDy=   0.000, dDz=   0.000  (mm)
  Obj Stage rotY :    8.133 deg
============================================================

Unity geometry (world coordinates):
  Source   : x=   0.000, y=  43.000, z=   0.000
  Object   : x=  -0.016, y= -16.933, z= 569.542
  Detector : x=  -2.000, y=   0.000, z= 704.000
  Obj rotY :   0.0000 deg
view   0 | SOD= 573.968 mm | SDD= 705.315 mm | M= 1.229 | incident=3.4990°
[[  79.65473    -565.246       -59.93287   ]
 [ -21.92442     131.39001     -16.93287   ]
 [   0.14809527    0.02116485    0.        ]
 [   0.            0.            0.1496    ]]
Residual vector length: 81, Jacobian shape: (81, 6)
view   0 | SOD= 573.864 mm | SDD= 705.315 mm | M= 1.229 | incident=3.4990°
[[  80.98373    -564.94714     -59.969345  ]
 [ -21.277119    131.58911     -16.969345  ]
 [   0.1480745     0.02130976    0.        ]
 [   0.            0.            0.1496    ]]

iter 15 cost=14404.107608 -> 14715.125535 |dtheta|=1.031867e+00  lambda=4.019e+02

============================================================
Iteration 16
============================================================
Theta offsets (Unity frame):
  Source   : dSx=   0.000, dSy=   0.000, dSz=   0.000  (mm)
  Object   : dOx=  -8.016, dOy= -30.933, dOz= -25.458  (mm)
  Object offset: offset_x=   1.131, offset_z=   1.288  (mm)
  Detector : dDx=   0.000, dDy=   0.000, dDz=   0.000  (mm)
  Obj Stage rotY :    8.133 deg
============================================================

Unity geometry (world coordinates):
  Source   : x=   0.000, y=  43.000, z=   0.000
  Object   : x=  -0.016, y= -16.933, z= 569.542
  Detector : x=  -2.000, y=   0.000, z= 704.000
  Obj rotY :   0.0000 deg
view   0 | SOD= 573.968 mm | SDD= 705.315 mm | M= 1.229 | incident=3.4990°
[[  79.65473    -565.246       -59.93287   ]
 [ -21.92442     131.39001     -16.93287   ]
 [   0.14809527    0.02116485    0.        ]
 [   0.            0.            0.1496    ]]
Residual vector length: 81, Jacobian shape: (81, 6)
view   0 | SOD= 573.835 mm | SDD= 705.315 mm | M= 1.229 | incident=3.4990°
[[  80.13741    -565.0399      -59.958336  ]
 [ -21.567732    131.57767     -16.958338  ]
 [   0.14809144    0.02119163    0.        ]
 [   0.            0.            0.1496    ]]

iter 16 cost=14404.107608 -> 14459.539759 |dtheta|=4.830327e-01  lambda=2.009e+03

============================================================
Iteration 17
============================================================
Theta offsets (Unity frame):
  Source   : dSx=   0.000, dSy=   0.000, dSz=   0.000  (mm)
  Object   : dOx=  -8.016, dOy= -30.933, dOz= -25.458  (mm)
  Object offset: offset_x=   1.131, offset_z=   1.288  (mm)
  Detector : dDx=   0.000, dDy=   0.000, dDz=   0.000  (mm)
  Obj Stage rotY :    8.133 deg
============================================================

Unity geometry (world coordinates):
  Source   : x=   0.000, y=  43.000, z=   0.000
  Object   : x=  -0.016, y= -16.933, z= 569.542
  Detector : x=  -2.000, y=   0.000, z= 704.000
  Obj rotY :   0.0000 deg
view   0 | SOD= 573.968 mm | SDD= 705.315 mm | M= 1.229 | incident=3.4990°
[[  79.65473    -565.246       -59.93287   ]
 [ -21.92442     131.39001     -16.93287   ]
 [   0.14809527    0.02116485    0.        ]
 [   0.            0.            0.1496    ]]
Residual vector length: 81, Jacobian shape: (81, 6)
view   0 | SOD= 573.926 mm | SDD= 705.315 mm | M= 1.229 | incident=3.4990°
[[  79.7813     -565.1838      -59.94382   ]
 [ -21.818054    131.44926     -16.94382   ]
 [   0.14809465    0.02116914    0.        ]
 [   0.            0.            0.1496    ]]

iter 17 cost=14404.107608 -> 14387.858986 |dtheta|=1.351615e-01  lambda=1.005e+04

============================================================
Iteration 18
============================================================
Theta offsets (Unity frame):
  Source   : dSx=   0.000, dSy=   0.000, dSz=   0.000  (mm)
  Object   : dOx=  -8.013, dOy= -30.944, dOz= -25.443  (mm)
  Object offset: offset_x=   1.011, offset_z=   1.229  (mm)
  Detector : dDx=   0.000, dDy=   0.000, dDz=   0.000  (mm)
  Obj Stage rotY :    8.135 deg
============================================================

Unity geometry (world coordinates):
  Source   : x=   0.000, y=  43.000, z=   0.000
  Object   : x=  -0.013, y= -16.944, z= 569.557
  Detector : x=  -2.000, y=   0.000, z= 704.000
  Obj rotY :   0.0000 deg
view   0 | SOD= 573.926 mm | SDD= 705.315 mm | M= 1.229 | incident=3.4990°
[[  79.7813     -565.1838      -59.94382   ]
 [ -21.818054    131.44926     -16.94382   ]
 [   0.14809465    0.02116914    0.        ]
 [   0.            0.            0.1496    ]]
Residual vector length: 81, Jacobian shape: (81, 6)
view   0 | SOD= 573.981 mm | SDD= 705.315 mm | M= 1.229 | incident=3.4990°
[[  80.052414   -565.19165     -60.032455  ]
 [ -21.672613    131.42305     -17.032457  ]
 [   0.14809084    0.02119586    0.        ]
 [   0.            0.            0.1496    ]]

iter 18 cost=14387.858986 -> 14409.053834 |dtheta|=2.233946e-01  lambda=3.349e+03

============================================================
Iteration 19
============================================================
Theta offsets (Unity frame):
  Source   : dSx=   0.000, dSy=   0.000, dSz=   0.000  (mm)
  Object   : dOx=  -8.013, dOy= -30.944, dOz= -25.443  (mm)
  Object offset: offset_x=   1.011, offset_z=   1.229  (mm)
  Detector : dDx=   0.000, dDy=   0.000, dDz=   0.000  (mm)
  Obj Stage rotY :    8.135 deg
============================================================

Unity geometry (world coordinates):
  Source   : x=   0.000, y=  43.000, z=   0.000
  Object   : x=  -0.013, y= -16.944, z= 569.557
  Detector : x=  -2.000, y=   0.000, z= 704.000
  Obj rotY :   0.0000 deg
view   0 | SOD= 573.926 mm | SDD= 705.315 mm | M= 1.229 | incident=3.4990°
[[  79.7813     -565.1838      -59.94382   ]
 [ -21.818054    131.44926     -16.94382   ]
 [   0.14809465    0.02116914    0.        ]
 [   0.            0.            0.1496    ]]
Residual vector length: 81, Jacobian shape: (81, 6)
view   0 | SOD= 573.936 mm | SDD= 705.315 mm | M= 1.229 | incident=3.4990°
[[  79.84371    -565.1825      -59.967926  ]
 [ -21.7798      131.44699     -16.967926  ]
 [   0.14809392    0.02117427    0.        ]
 [   0.            0.            0.1496    ]]

iter 19 cost=14387.858986 -> 14430.946234 |dtheta|=5.532863e-02  lambda=1.674e+04

============================================================
Iteration 20
============================================================
Theta offsets (Unity frame):
  Source   : dSx=   0.000, dSy=   0.000, dSz=   0.000  (mm)
  Object   : dOx=  -8.013, dOy= -30.944, dOz= -25.443  (mm)
  Object offset: offset_x=   1.011, offset_z=   1.229  (mm)
  Detector : dDx=   0.000, dDy=   0.000, dDz=   0.000  (mm)
  Obj Stage rotY :    8.135 deg
============================================================

Unity geometry (world coordinates):
  Source   : x=   0.000, y=  43.000, z=   0.000
  Object   : x=  -0.013, y= -16.944, z= 569.557
  Detector : x=  -2.000, y=   0.000, z= 704.000
  Obj rotY :   0.0000 deg
view   0 | SOD= 573.926 mm | SDD= 705.315 mm | M= 1.229 | incident=3.4990°
[[  79.7813     -565.1838      -59.94382   ]
 [ -21.818054    131.44926     -16.94382   ]
 [   0.14809465    0.02116914    0.        ]
 [   0.            0.            0.1496    ]]
Residual vector length: 81, Jacobian shape: (81, 6)
view   0 | SOD= 573.928 mm | SDD= 705.315 mm | M= 1.229 | incident=3.4990°
[[  79.79423    -565.1834      -59.949036  ]
 [ -21.809895    131.44893     -16.949034  ]
 [   0.1480945     0.02117015    0.        ]
 [   0.            0.            0.1496    ]]

iter 20 cost=14387.858986 -> 14398.817364 |dtheta|=1.167995e-02  lambda=8.372e+04

============================================================
Iteration 21
============================================================
Theta offsets (Unity frame):
  Source   : dSx=   0.000, dSy=   0.000, dSz=   0.000  (mm)
  Object   : dOx=  -8.013, dOy= -30.944, dOz= -25.443  (mm)
  Object offset: offset_x=   1.011, offset_z=   1.229  (mm)
  Detector : dDx=   0.000, dDy=   0.000, dDz=   0.000  (mm)
  Obj Stage rotY :    8.135 deg
============================================================

Unity geometry (world coordinates):
  Source   : x=   0.000, y=  43.000, z=   0.000
  Object   : x=  -0.013, y= -16.944, z= 569.557
  Detector : x=  -2.000, y=   0.000, z= 704.000
  Obj rotY :   0.0000 deg
view   0 | SOD= 573.926 mm | SDD= 705.315 mm | M= 1.229 | incident=3.4990°
[[  79.7813     -565.1838      -59.94382   ]
 [ -21.818054    131.44926     -16.94382   ]
 [   0.14809465    0.02116914    0.        ]
 [   0.            0.            0.1496    ]]
Residual vector length: 81, Jacobian shape: (81, 6)
view   0 | SOD= 573.926 mm | SDD= 705.315 mm | M= 1.229 | incident=3.4990°
[[  79.7839     -565.18365     -59.94488   ]
 [ -21.816408    131.44925     -16.944881  ]
 [   0.14809462    0.02116934    0.        ]
 [   0.            0.            0.1496    ]]

iter 21 cost=14387.858986 -> 14392.158644 |dtheta|=2.362794e-03  lambda=4.186e+05

============================================================
Iteration 22
============================================================
Theta offsets (Unity frame):
  Source   : dSx=   0.000, dSy=   0.000, dSz=   0.000  (mm)
  Object   : dOx=  -8.013, dOy= -30.944, dOz= -25.443  (mm)
  Object offset: offset_x=   1.011, offset_z=   1.229  (mm)
  Detector : dDx=   0.000, dDy=   0.000, dDz=   0.000  (mm)
  Obj Stage rotY :    8.135 deg
============================================================

Unity geometry (world coordinates):
  Source   : x=   0.000, y=  43.000, z=   0.000
  Object   : x=  -0.013, y= -16.944, z= 569.557
  Detector : x=  -2.000, y=   0.000, z= 704.000
  Obj rotY :   0.0000 deg
view   0 | SOD= 573.926 mm | SDD= 705.315 mm | M= 1.229 | incident=3.4990°
[[  79.7813     -565.1838      -59.94382   ]
 [ -21.818054    131.44926     -16.94382   ]
 [   0.14809465    0.02116914    0.        ]
 [   0.            0.            0.1496    ]]
Residual vector length: 81, Jacobian shape: (81, 6)
view   0 | SOD= 573.926 mm | SDD= 705.315 mm | M= 1.229 | incident=3.4990°
[[  79.78238    -565.18365     -59.944267  ]
 [ -21.81737     131.4493      -16.944265  ]
 [   0.14809464    0.02116922    0.        ]
 [   0.            0.            0.1496    ]]

iter 22 cost=14387.858986 -> 14388.641238 |dtheta|=9.907783e-04  lambda=1.000e+06

============================================================
Iteration 23
============================================================
Theta offsets (Unity frame):
  Source   : dSx=   0.000, dSy=   0.000, dSz=   0.000  (mm)
  Object   : dOx=  -8.013, dOy= -30.944, dOz= -25.443  (mm)
  Object offset: offset_x=   1.011, offset_z=   1.229  (mm)
  Detector : dDx=   0.000, dDy=   0.000, dDz=   0.000  (mm)
  Obj Stage rotY :    8.135 deg
============================================================

Unity geometry (world coordinates):
  Source   : x=   0.000, y=  43.000, z=   0.000
  Object   : x=  -0.013, y= -16.944, z= 569.557
  Detector : x=  -2.000, y=   0.000, z= 704.000
  Obj rotY :   0.0000 deg
view   0 | SOD= 573.926 mm | SDD= 705.315 mm | M= 1.229 | incident=3.4990°
[[  79.7813     -565.1838      -59.94382   ]
 [ -21.818054    131.44926     -16.94382   ]
 [   0.14809465    0.02116914    0.        ]
 [   0.            0.            0.1496    ]]
Residual vector length: 81, Jacobian shape: (81, 6)
view   0 | SOD= 573.926 mm | SDD= 705.315 mm | M= 1.229 | incident=3.4990°
[[  79.78238    -565.18365     -59.944267  ]
 [ -21.81737     131.4493      -16.944265  ]
 [   0.14809464    0.02116922    0.        ]
 [   0.            0.            0.1496    ]]

iter 23 cost=14387.858986 -> 14388.641238 |dtheta|=9.907783e-04  lambda=1.000e+06

============================================================
Iteration 24
============================================================
Theta offsets (Unity frame):
  Source   : dSx=   0.000, dSy=   0.000, dSz=   0.000  (mm)
  Object   : dOx=  -8.013, dOy= -30.944, dOz= -25.443  (mm)
  Object offset: offset_x=   1.011, offset_z=   1.229  (mm)
  Detector : dDx=   0.000, dDy=   0.000, dDz=   0.000  (mm)
  Obj Stage rotY :    8.135 deg
============================================================

Unity geometry (world coordinates):
  Source   : x=   0.000, y=  43.000, z=   0.000
  Object   : x=  -0.013, y= -16.944, z= 569.557
  Detector : x=  -2.000, y=   0.000, z= 704.000
  Obj rotY :   0.0000 deg
view   0 | SOD= 573.926 mm | SDD= 705.315 mm | M= 1.229 | incident=3.4990°
[[  79.7813     -565.1838      -59.94382   ]
 [ -21.818054    131.44926     -16.94382   ]
 [   0.14809465    0.02116914    0.        ]
 [   0.            0.            0.1496    ]]
Residual vector length: 81, Jacobian shape: (81, 6)
view   0 | SOD= 573.926 mm | SDD= 705.315 mm | M= 1.229 | incident=3.4990°
[[  79.78238    -565.18365     -59.944267  ]
 [ -21.81737     131.4493      -16.944265  ]
 [   0.14809464    0.02116922    0.        ]
 [   0.            0.            0.1496    ]]

iter 24 cost=14387.858986 -> 14388.641238 |dtheta|=9.907783e-04  lambda=1.000e+06

============================================================
Iteration 25
============================================================
Theta offsets (Unity frame):
  Source   : dSx=   0.000, dSy=   0.000, dSz=   0.000  (mm)
  Object   : dOx=  -8.013, dOy= -30.944, dOz= -25.443  (mm)
  Object offset: offset_x=   1.011, offset_z=   1.229  (mm)
  Detector : dDx=   0.000, dDy=   0.000, dDz=   0.000  (mm)
  Obj Stage rotY :    8.135 deg
============================================================

Unity geometry (world coordinates):
  Source   : x=   0.000, y=  43.000, z=   0.000
  Object   : x=  -0.013, y= -16.944, z= 569.557
  Detector : x=  -2.000, y=   0.000, z= 704.000
  Obj rotY :   0.0000 deg
view   0 | SOD= 573.926 mm | SDD= 705.315 mm | M= 1.229 | incident=3.4990°
[[  79.7813     -565.1838      -59.94382   ]
 [ -21.818054    131.44926     -16.94382   ]
 [   0.14809465    0.02116914    0.        ]
 [   0.            0.            0.1496    ]]
Residual vector length: 81, Jacobian shape: (81, 6)
view   0 | SOD= 573.926 mm | SDD= 705.315 mm | M= 1.229 | incident=3.4990°
[[  79.78238    -565.18365     -59.944267  ]
 [ -21.81737     131.4493      -16.944265  ]
 [   0.14809464    0.02116922    0.        ]
 [   0.            0.            0.1496    ]]

iter 25 cost=14387.858986 -> 14388.641238 |dtheta|=9.907783e-04  lambda=1.000e+06

============================================================
Iteration 26
============================================================
Theta offsets (Unity frame):
  Source   : dSx=   0.000, dSy=   0.000, dSz=   0.000  (mm)
  Object   : dOx=  -8.013, dOy= -30.944, dOz= -25.443  (mm)
  Object offset: offset_x=   1.011, offset_z=   1.229  (mm)
  Detector : dDx=   0.000, dDy=   0.000, dDz=   0.000  (mm)
  Obj Stage rotY :    8.135 deg
============================================================

Unity geometry (world coordinates):
  Source   : x=   0.000, y=  43.000, z=   0.000
  Object   : x=  -0.013, y= -16.944, z= 569.557
  Detector : x=  -2.000, y=   0.000, z= 704.000
  Obj rotY :   0.0000 deg
view   0 | SOD= 573.926 mm | SDD= 705.315 mm | M= 1.229 | incident=3.4990°
[[  79.7813     -565.1838      -59.94382   ]
 [ -21.818054    131.44926     -16.94382   ]
 [   0.14809465    0.02116914    0.        ]
 [   0.            0.            0.1496    ]]
Residual vector length: 81, Jacobian shape: (81, 6)
view   0 | SOD= 573.926 mm | SDD= 705.315 mm | M= 1.229 | incident=3.4990°
[[  79.78238    -565.18365     -59.944267  ]
 [ -21.81737     131.4493      -16.944265  ]
 [   0.14809464    0.02116922    0.        ]
 [   0.            0.            0.1496    ]]

iter 26 cost=14387.858986 -> 14388.641238 |dtheta|=9.907783e-04  lambda=1.000e+06

============================================================
Iteration 27
============================================================
Theta offsets (Unity frame):
  Source   : dSx=   0.000, dSy=   0.000, dSz=   0.000  (mm)
  Object   : dOx=  -8.013, dOy= -30.944, dOz= -25.443  (mm)
  Object offset: offset_x=   1.011, offset_z=   1.229  (mm)
  Detector : dDx=   0.000, dDy=   0.000, dDz=   0.000  (mm)
  Obj Stage rotY :    8.135 deg
============================================================

Unity geometry (world coordinates):
  Source   : x=   0.000, y=  43.000, z=   0.000
  Object   : x=  -0.013, y= -16.944, z= 569.557
  Detector : x=  -2.000, y=   0.000, z= 704.000
  Obj rotY :   0.0000 deg
view   0 | SOD= 573.926 mm | SDD= 705.315 mm | M= 1.229 | incident=3.4990°
[[  79.7813     -565.1838      -59.94382   ]
 [ -21.818054    131.44926     -16.94382   ]
 [   0.14809465    0.02116914    0.        ]
 [   0.            0.            0.1496    ]]
Residual vector length: 81, Jacobian shape: (81, 6)
view   0 | SOD= 573.926 mm | SDD= 705.315 mm | M= 1.229 | incident=3.4990°
[[  79.78238    -565.18365     -59.944267  ]
 [ -21.81737     131.4493      -16.944265  ]
 [   0.14809464    0.02116922    0.        ]
 [   0.            0.            0.1496    ]]

iter 27 cost=14387.858986 -> 14388.641238 |dtheta|=9.907783e-04  lambda=1.000e+06

============================================================
Iteration 28
============================================================
Theta offsets (Unity frame):
  Source   : dSx=   0.000, dSy=   0.000, dSz=   0.000  (mm)
  Object   : dOx=  -8.013, dOy= -30.944, dOz= -25.443  (mm)
  Object offset: offset_x=   1.011, offset_z=   1.229  (mm)
  Detector : dDx=   0.000, dDy=   0.000, dDz=   0.000  (mm)
  Obj Stage rotY :    8.135 deg
============================================================

Unity geometry (world coordinates):
  Source   : x=   0.000, y=  43.000, z=   0.000
  Object   : x=  -0.013, y= -16.944, z= 569.557
  Detector : x=  -2.000, y=   0.000, z= 704.000
  Obj rotY :   0.0000 deg
view   0 | SOD= 573.926 mm | SDD= 705.315 mm | M= 1.229 | incident=3.4990°
[[  79.7813     -565.1838      -59.94382   ]
 [ -21.818054    131.44926     -16.94382   ]
 [   0.14809465    0.02116914    0.        ]
 [   0.            0.            0.1496    ]]
Residual vector length: 81, Jacobian shape: (81, 6)
view   0 | SOD= 573.926 mm | SDD= 705.315 mm | M= 1.229 | incident=3.4990°
[[  79.78238    -565.18365     -59.944267  ]
 [ -21.81737     131.4493      -16.944265  ]
 [   0.14809464    0.02116922    0.        ]
 [   0.            0.            0.1496    ]]

iter 28 cost=14387.858986 -> 14388.641238 |dtheta|=9.907783e-04  lambda=1.000e+06
Stalled.

Estimated theta:
  dSx: +0.000000
  dSy: +0.000000
  dOx: -8.013200
  dOy: -30.943822
  dOz: -25.442938
  dDx: +0.000000
  dDy: +0.000000
  dDz: +0.000000
alpha: +8.134940e+00 deg)
offset_x: +1.010991
offset_z: +1.228996

Final cost table:
Fake theta: [  0.    0.   -8.    6.  -25.    0.    0.    0.   14.1   0.    0. ]
Final estimated theta: [  0.           0.          -8.01320032 -30.94382152 -25.44293836
   0.           0.           0.           8.1349401    1.01099082
   1.22899634]
Diff from Expected: [  0.           0.          -0.01320032 -36.94382152  -0.44293836
   0.           0.           0.          -5.96506028   1.01099082
   1.22899634]
################################################################################

