Phantom already exists, skipping: cuboid_phantom_3_small.npy

################################################################################
Running cuboid=small scenario=G1 N_ANGLES=5, K=3
view   0 | SOD= 570.551 mm | SDD= 705.315 mm | M= 1.236 | incident=3.4990°
[[  81.309204  -564.17444    -25.       ]
 [ -18.649195   132.69592     18.       ]
 [   0.1481441    0.0208203    0.       ]
 [   0.           0.           0.1496   ]]
          image          x1          y1  area1          x2          y2  area2          x3          y3  area3
0  proj_000.png  523.993573  159.068123    778  426.012212  295.618725    737  524.006427  443.721080    778
1  proj_001.png  426.573454  159.011598    776  520.781081  295.577027    740  426.617949  443.919231    780
2  proj_002.png  396.777926  157.796543    752  552.886991  299.524310    761  396.681698  437.017241    754
3  proj_003.png  473.239189  156.985135    740  475.519497  302.176101    795  473.238926  432.893960    745
4  proj_004.png  551.204819  157.744311    747  396.612484  299.759428    769  551.207723  436.852197    751

============================================================
Iteration 0
============================================================
Theta offsets (Unity frame):
  Source   : dSx=   0.000, dSy=   0.000, dSz=   0.000  (mm)
  Object   : dOx=   0.000, dOy=   0.000, dOz=   0.000  (mm)
  Object offset: offset_x=   0.000, offset_z=   0.000  (mm)
  Detector : dDx=   0.000, dDy=   0.000, dDz=   0.000  (mm)
  Obj Stage rotY :    0.000 deg
============================================================

Unity geometry (world coordinates):
  Source   : x=   2.000, y=  45.000, z=   0.000
  Object   : x=   6.000, y=  18.000, z= 585.000
  Detector : x=   0.000, y=   2.000, z= 704.000
  Obj rotY :   0.0000 deg
view   0 | SOD= 585.636 mm | SDD= 705.315 mm | M= 1.204 | incident=3.4990°
[[  -4.     -585.      -27.    ]
 [  -6.      119.       16.    ]
 [   0.1496    0.        0.    ]
 [   0.        0.        0.1496]]
Residual vector length: 45, Jacobian shape: (45, 6)
view   0 | SOD= 577.710 mm | SDD= 705.315 mm | M= 1.221 | incident=3.4990°
[[  38.16611    -575.8862      -25.451227  ]
 [  -7.049052    126.6631       17.548773  ]
 [   0.14931783    0.00918402    0.        ]
 [   0.            0.            0.1496    ]]

iter 00 cost=19845.485123 -> 373.544010 |dtheta|=1.065481e+01  lambda=1.000e-02

============================================================
Iteration 1
============================================================
Theta offsets (Unity frame):
  Source   : dSx=   0.000, dSy=   0.000, dSz=   0.000  (mm)
  Object   : dOx=  -6.082, dOy=   1.549, dOz=  -7.830  (mm)
  Object offset: offset_x=  -0.658, offset_z=  -0.027  (mm)
  Detector : dDx=   0.000, dDy=   0.000, dDz=   0.000  (mm)
  Obj Stage rotY :    3.520 deg
============================================================

Unity geometry (world coordinates):
  Source   : x=   2.000, y=  45.000, z=   0.000
  Object   : x=  -0.082, y=  19.549, z= 577.170
  Detector : x=   0.000, y=   2.000, z= 704.000
  Obj rotY :   0.0000 deg
view   0 | SOD= 577.710 mm | SDD= 705.315 mm | M= 1.221 | incident=3.4990°
[[  38.16611    -575.8862      -25.451227  ]
 [  -7.049052    126.6631       17.548773  ]
 [   0.14931783    0.00918402    0.        ]
 [   0.            0.            0.1496    ]]
Residual vector length: 45, Jacobian shape: (45, 6)
view   0 | SOD= 575.335 mm | SDD= 705.315 mm | M= 1.226 | incident=3.4990°
[[  49.79225    -572.6201      -25.252142  ]
 [ -10.274585    128.81552      17.747858  ]
 [   0.14909014    0.01234065    0.        ]
 [   0.            0.            0.1496    ]]

iter 01 cost=373.544010 -> 183.355478 |dtheta|=2.648978e+00  lambda=3.333e-03

============================================================
Iteration 2
============================================================
Theta offsets (Unity frame):
  Source   : dSx=   0.000, dSy=   0.000, dSz=   0.000  (mm)
  Object   : dOx=  -5.953, dOy=   1.748, dOz= -10.163  (mm)
  Object offset: offset_x=  -0.434, offset_z=  -0.062  (mm)
  Detector : dDx=   0.000, dDy=   0.000, dDz=   0.000  (mm)
  Obj Stage rotY :    4.732 deg
============================================================

Unity geometry (world coordinates):
  Source   : x=   2.000, y=  45.000, z=   0.000
  Object   : x=   0.047, y=  19.748, z= 574.837
  Detector : x=   0.000, y=   2.000, z= 704.000
  Obj rotY :   0.0000 deg
view   0 | SOD= 575.335 mm | SDD= 705.315 mm | M= 1.226 | incident=3.4990°
[[  49.79225    -572.6201      -25.252142  ]
 [ -10.274585    128.81552      17.747858  ]
 [   0.14909014    0.01234065    0.        ]
 [   0.            0.            0.1496    ]]
Residual vector length: 45, Jacobian shape: (45, 6)
view   0 | SOD= 572.320 mm | SDD= 705.315 mm | M= 1.232 | incident=3.4990°
[[  62.262276   -568.36707     -25.141232  ]
 [ -13.794986    131.51529      17.858768  ]
 [   0.1487697     0.01573953    0.        ]
 [   0.            0.            0.1496    ]]

iter 02 cost=183.355478 -> 49.526560 |dtheta|=3.409333e+00  lambda=1.111e-03

============================================================
Iteration 3
============================================================
Theta offsets (Unity frame):
  Source   : dSx=   0.000, dSy=   0.000, dSz=   0.000  (mm)
  Object   : dOx=  -6.016, dOy=   1.859, dOz= -13.289  (mm)
  Object offset: offset_x=  -0.102, offset_z=   0.052  (mm)
  Detector : dDx=   0.000, dDy=   0.000, dDz=   0.000  (mm)
  Obj Stage rotY :    6.039 deg
============================================================

Unity geometry (world coordinates):
  Source   : x=   2.000, y=  45.000, z=   0.000
  Object   : x=  -0.016, y=  19.859, z= 571.711
  Detector : x=   0.000, y=   2.000, z= 704.000
  Obj rotY :   0.0000 deg
view   0 | SOD= 572.320 mm | SDD= 705.315 mm | M= 1.232 | incident=3.4990°
[[  62.262276   -568.36707     -25.141232  ]
 [ -13.794986    131.51529      17.858768  ]
 [   0.1487697     0.01573953    0.        ]
 [   0.            0.            0.1496    ]]
Residual vector length: 45, Jacobian shape: (45, 6)
view   0 | SOD= 570.285 mm | SDD= 705.315 mm | M= 1.237 | incident=3.4990°
[[  65.85479    -565.9174      -25.01407   ]
 [ -14.952815    133.43239      17.98593   ]
 [   0.14865941    0.01674929    0.        ]
 [   0.            0.            0.1496    ]]

iter 03 cost=49.526560 -> 26.914723 |dtheta|=2.033062e+00  lambda=3.704e-04

============================================================
Iteration 4
============================================================
Theta offsets (Unity frame):
  Source   : dSx=   0.000, dSy=   0.000, dSz=   0.000  (mm)
  Object   : dOx=  -5.990, dOy=   1.986, dOz= -15.280  (mm)
  Object offset: offset_x=  -0.090, offset_z=   0.012  (mm)
  Detector : dDx=   0.000, dDy=   0.000, dDz=   0.000  (mm)
  Obj Stage rotY :    6.428 deg
============================================================

Unity geometry (world coordinates):
  Source   : x=   2.000, y=  45.000, z=   0.000
  Object   : x=   0.010, y=  19.986, z= 569.720
  Detector : x=   0.000, y=   2.000, z= 704.000
  Obj rotY :   0.0000 deg
view   0 | SOD= 570.285 mm | SDD= 705.315 mm | M= 1.237 | incident=3.4990°
[[  65.85479    -565.9174      -25.01407   ]
 [ -14.952815    133.43239      17.98593   ]
 [   0.14865941    0.01674929    0.        ]
 [   0.            0.            0.1496    ]]
Residual vector length: 45, Jacobian shape: (45, 6)
view   0 | SOD= 569.884 mm | SDD= 705.315 mm | M= 1.238 | incident=3.4990°
[[  74.57365    -564.4318      -24.973866  ]
 [ -17.102043    133.57646      18.026134  ]
 [   0.1483809     0.01905955    0.        ]
 [   0.            0.            0.1496    ]]

iter 04 cost=26.914723 -> 5.870750 |dtheta|=9.659725e-01  lambda=1.235e-04

============================================================
Iteration 5
============================================================
Theta offsets (Unity frame):
  Source   : dSx=   0.000, dSy=   0.000, dSz=   0.000  (mm)
  Object   : dOx=  -6.001, dOy=   2.026, dOz= -15.647  (mm)
  Object offset: offset_x=  -0.054, offset_z=  -0.020  (mm)
  Detector : dDx=   0.000, dDy=   0.000, dDz=   0.000  (mm)
  Obj Stage rotY :    7.320 deg
============================================================

Unity geometry (world coordinates):
  Source   : x=   2.000, y=  45.000, z=   0.000
  Object   : x=  -0.001, y=  20.026, z= 569.353
  Detector : x=   0.000, y=   2.000, z= 704.000
  Obj rotY :   0.0000 deg
view   0 | SOD= 569.884 mm | SDD= 705.315 mm | M= 1.238 | incident=3.4990°
[[  74.57365    -564.4318      -24.973866  ]
 [ -17.102043    133.57646      18.026134  ]
 [   0.1483809     0.01905955    0.        ]
 [   0.            0.            0.1496    ]]
Residual vector length: 45, Jacobian shape: (45, 6)
view   0 | SOD= 570.372 mm | SDD= 705.315 mm | M= 1.237 | incident=3.4990°
[[  76.46101    -564.67114     -24.992567  ]
 [ -17.502592    133.03284      18.007433  ]
 [   0.14831762    0.01954591    0.        ]
 [   0.            0.            0.1496    ]]

iter 05 cost=5.870750 -> 3.036659 |dtheta|=5.185463e-01  lambda=4.115e-05

============================================================
Iteration 6
============================================================
Theta offsets (Unity frame):
  Source   : dSx=   0.000, dSy=   0.000, dSz=   0.000  (mm)
  Object   : dOx=  -5.998, dOy=   2.007, dOz= -15.165  (mm)
  Object offset: offset_x=  -0.031, offset_z=  -0.015  (mm)
  Detector : dDx=   0.000, dDy=   0.000, dDz=   0.000  (mm)
  Obj Stage rotY :    7.507 deg
============================================================

Unity geometry (world coordinates):
  Source   : x=   2.000, y=  45.000, z=   0.000
  Object   : x=   0.002, y=  20.007, z= 569.835
  Detector : x=   0.000, y=   2.000, z= 704.000
  Obj rotY :   0.0000 deg
view   0 | SOD= 570.372 mm | SDD= 705.315 mm | M= 1.237 | incident=3.4990°
[[  76.46101    -564.67114     -24.992567  ]
 [ -17.502592    133.03284      18.007433  ]
 [   0.14831762    0.01954591    0.        ]
 [   0.            0.            0.1496    ]]
Residual vector length: 45, Jacobian shape: (45, 6)
view   0 | SOD= 570.322 mm | SDD= 705.315 mm | M= 1.237 | incident=3.4990°
[[  79.31408    -564.2271      -24.9959    ]
 [ -18.186317    132.99141      18.0041    ]
 [   0.1482166     0.02029776    0.        ]
 [   0.            0.            0.1496    ]]

iter 06 cost=3.036659 -> 0.600137 |dtheta|=3.029658e-01  lambda=1.372e-05

============================================================
Iteration 7
============================================================
Theta offsets (Unity frame):
  Source   : dSx=   0.000, dSy=   0.000, dSz=   0.000  (mm)
  Object   : dOx=  -6.002, dOy=   2.004, dOz= -15.245  (mm)
  Object offset: offset_x=  -0.024, offset_z=   0.016  (mm)
  Detector : dDx=   0.000, dDy=   0.000, dDz=   0.000  (mm)
  Obj Stage rotY :    7.798 deg
============================================================

Unity geometry (world coordinates):
  Source   : x=   2.000, y=  45.000, z=   0.000
  Object   : x=  -0.002, y=  20.004, z= 569.755
  Detector : x=   0.000, y=   2.000, z= 704.000
  Obj rotY :   0.0000 deg
view   0 | SOD= 570.322 mm | SDD= 705.315 mm | M= 1.237 | incident=3.4990°
[[  79.31408    -564.2271      -24.9959    ]
 [ -18.186317    132.99141      18.0041    ]
 [   0.1482166     0.02029776    0.        ]
 [   0.            0.            0.1496    ]]
Residual vector length: 45, Jacobian shape: (45, 6)
view   0 | SOD= 570.301 mm | SDD= 705.315 mm | M= 1.237 | incident=3.4990°
[[  79.85794    -564.1285      -24.990772  ]
 [ -18.338892    132.99228      18.009228  ]
 [   0.14819625    0.02044581    0.        ]
 [   0.            0.            0.1496    ]]

iter 07 cost=0.600137 -> 0.380771 |dtheta|=6.231063e-02  lambda=4.572e-06

============================================================
Iteration 8
============================================================
Theta offsets (Unity frame):
  Source   : dSx=   0.000, dSy=   0.000, dSz=   0.000  (mm)
  Object   : dOx=  -6.002, dOy=   2.009, dOz= -15.250  (mm)
  Object offset: offset_x=  -0.008, offset_z=  -0.001  (mm)
  Detector : dDx=   0.000, dDy=   0.000, dDz=   0.000  (mm)
  Obj Stage rotY :    7.855 deg
============================================================

Unity geometry (world coordinates):
  Source   : x=   2.000, y=  45.000, z=   0.000
  Object   : x=  -0.002, y=  20.009, z= 569.750
  Detector : x=   0.000, y=   2.000, z= 704.000
  Obj rotY :   0.0000 deg
view   0 | SOD= 570.301 mm | SDD= 705.315 mm | M= 1.237 | incident=3.4990°
[[  79.85794    -564.1285      -24.990772  ]
 [ -18.338892    132.99228      18.009228  ]
 [   0.14819625    0.02044581    0.        ]
 [   0.            0.            0.1496    ]]
Residual vector length: 45, Jacobian shape: (45, 6)
view   0 | SOD= 570.391 mm | SDD= 705.315 mm | M= 1.237 | incident=3.4990°
[[  80.20299    -564.1709      -24.995174  ]
 [ -18.401129    132.89243      18.004826  ]
 [   0.14818428    0.0205324     0.        ]
 [   0.            0.            0.1496    ]]

iter 08 cost=0.380771 -> 0.244172 |dtheta|=9.233381e-02  lambda=1.524e-06

============================================================
Iteration 9
============================================================
Theta offsets (Unity frame):
  Source   : dSx=   0.000, dSy=   0.000, dSz=   0.000  (mm)
  Object   : dOx=  -6.004, dOy=   2.005, dOz= -15.164  (mm)
  Object offset: offset_x=  -0.008, offset_z=   0.004  (mm)
  Detector : dDx=   0.000, dDy=   0.000, dDz=   0.000  (mm)
  Obj Stage rotY :    7.889 deg
============================================================

Unity geometry (world coordinates):
  Source   : x=   2.000, y=  45.000, z=   0.000
  Object   : x=  -0.004, y=  20.005, z= 569.836
  Detector : x=   0.000, y=   2.000, z= 704.000
  Obj rotY :   0.0000 deg
view   0 | SOD= 570.391 mm | SDD= 705.315 mm | M= 1.237 | incident=3.4990°
[[  80.20299    -564.1709      -24.995174  ]
 [ -18.401129    132.89243      18.004826  ]
 [   0.14818428    0.0205324     0.        ]
 [   0.            0.            0.1496    ]]
Residual vector length: 45, Jacobian shape: (45, 6)
view   0 | SOD= 570.488 mm | SDD= 705.315 mm | M= 1.236 | incident=3.4990°
[[  80.301704   -564.25464     -24.998877  ]
 [ -18.408728    132.79358      18.001123  ]
 [   0.14818114    0.020555      0.        ]
 [   0.            0.            0.1496    ]]

iter 09 cost=0.244172 -> 0.199367 |dtheta|=9.786998e-02  lambda=1.000e-06

============================================================
Iteration 10
============================================================
Theta offsets (Unity frame):
  Source   : dSx=   0.000, dSy=   0.000, dSz=   0.000  (mm)
  Object   : dOx=  -6.002, dOy=   2.001, dOz= -15.067  (mm)
  Object offset: offset_x=  -0.009, offset_z=   0.003  (mm)
  Detector : dDx=   0.000, dDy=   0.000, dDz=   0.000  (mm)
  Obj Stage rotY :    7.897 deg
============================================================

Unity geometry (world coordinates):
  Source   : x=   2.000, y=  45.000, z=   0.000
  Object   : x=  -0.002, y=  20.001, z= 569.933
  Detector : x=   0.000, y=   2.000, z= 704.000
  Obj rotY :   0.0000 deg
view   0 | SOD= 570.488 mm | SDD= 705.315 mm | M= 1.236 | incident=3.4990°
[[  80.301704   -564.25464     -24.998877  ]
 [ -18.408728    132.79358      18.001123  ]
 [   0.14818114    0.020555      0.        ]
 [   0.            0.            0.1496    ]]
Residual vector length: 45, Jacobian shape: (45, 6)
view   0 | SOD= 570.434 mm | SDD= 705.315 mm | M= 1.236 | incident=3.4990°
[[  80.64788    -564.15076     -24.997128  ]
 [ -18.510517    132.83391      18.002872  ]
 [   0.14816791    0.02065023    0.        ]
 [   0.            0.            0.1496    ]]

iter 10 cost=0.199367 -> 0.205353 |dtheta|=6.378125e-02  lambda=1.000e-06

============================================================
Iteration 11
============================================================
Theta offsets (Unity frame):
  Source   : dSx=   0.000, dSy=   0.000, dSz=   0.000  (mm)
  Object   : dOx=  -6.002, dOy=   2.001, dOz= -15.067  (mm)
  Object offset: offset_x=  -0.009, offset_z=   0.003  (mm)
  Detector : dDx=   0.000, dDy=   0.000, dDz=   0.000  (mm)
  Obj Stage rotY :    7.897 deg
============================================================

Unity geometry (world coordinates):
  Source   : x=   2.000, y=  45.000, z=   0.000
  Object   : x=  -0.002, y=  20.001, z= 569.933
  Detector : x=   0.000, y=   2.000, z= 704.000
  Obj rotY :   0.0000 deg
view   0 | SOD= 570.488 mm | SDD= 705.315 mm | M= 1.236 | incident=3.4990°
[[  80.301704   -564.25464     -24.998877  ]
 [ -18.408728    132.79358      18.001123  ]
 [   0.14818114    0.020555      0.        ]
 [   0.            0.            0.1496    ]]
Residual vector length: 45, Jacobian shape: (45, 6)
view   0 | SOD= 570.434 mm | SDD= 705.315 mm | M= 1.236 | incident=3.4990°
[[  80.64788    -564.15076     -24.997128  ]
 [ -18.510517    132.83391      18.002872  ]
 [   0.14816791    0.02065023    0.        ]
 [   0.            0.            0.1496    ]]

iter 11 cost=0.199367 -> 0.205353 |dtheta|=6.378122e-02  lambda=5.000e-06

============================================================
Iteration 12
============================================================
Theta offsets (Unity frame):
  Source   : dSx=   0.000, dSy=   0.000, dSz=   0.000  (mm)
  Object   : dOx=  -6.002, dOy=   2.001, dOz= -15.067  (mm)
  Object offset: offset_x=  -0.009, offset_z=   0.003  (mm)
  Detector : dDx=   0.000, dDy=   0.000, dDz=   0.000  (mm)
  Obj Stage rotY :    7.897 deg
============================================================

Unity geometry (world coordinates):
  Source   : x=   2.000, y=  45.000, z=   0.000
  Object   : x=  -0.002, y=  20.001, z= 569.933
  Detector : x=   0.000, y=   2.000, z= 704.000
  Obj rotY :   0.0000 deg
view   0 | SOD= 570.488 mm | SDD= 705.315 mm | M= 1.236 | incident=3.4990°
[[  80.301704   -564.25464     -24.998877  ]
 [ -18.408728    132.79358      18.001123  ]
 [   0.14818114    0.020555      0.        ]
 [   0.            0.            0.1496    ]]
Residual vector length: 45, Jacobian shape: (45, 6)
view   0 | SOD= 570.434 mm | SDD= 705.315 mm | M= 1.236 | incident=3.4990°
[[  80.64788    -564.15076     -24.997128  ]
 [ -18.510517    132.83391      18.002872  ]
 [   0.14816791    0.02065023    0.        ]
 [   0.            0.            0.1496    ]]

iter 12 cost=0.199367 -> 0.205353 |dtheta|=6.378102e-02  lambda=2.500e-05

============================================================
Iteration 13
============================================================
Theta offsets (Unity frame):
  Source   : dSx=   0.000, dSy=   0.000, dSz=   0.000  (mm)
  Object   : dOx=  -6.002, dOy=   2.001, dOz= -15.067  (mm)
  Object offset: offset_x=  -0.009, offset_z=   0.003  (mm)
  Detector : dDx=   0.000, dDy=   0.000, dDz=   0.000  (mm)
  Obj Stage rotY :    7.897 deg
============================================================

Unity geometry (world coordinates):
  Source   : x=   2.000, y=  45.000, z=   0.000
  Object   : x=  -0.002, y=  20.001, z= 569.933
  Detector : x=   0.000, y=   2.000, z= 704.000
  Obj rotY :   0.0000 deg
view   0 | SOD= 570.488 mm | SDD= 705.315 mm | M= 1.236 | incident=3.4990°
[[  80.301704   -564.25464     -24.998877  ]
 [ -18.408728    132.79358      18.001123  ]
 [   0.14818114    0.020555      0.        ]
 [   0.            0.            0.1496    ]]
Residual vector length: 45, Jacobian shape: (45, 6)
view   0 | SOD= 570.434 mm | SDD= 705.315 mm | M= 1.236 | incident=3.4990°
[[  80.64788    -564.15076     -24.997128  ]
 [ -18.510517    132.83391      18.002872  ]
 [   0.14816791    0.02065023    0.        ]
 [   0.            0.            0.1496    ]]

iter 13 cost=0.199367 -> 0.205353 |dtheta|=6.378006e-02  lambda=1.250e-04

============================================================
Iteration 14
============================================================
Theta offsets (Unity frame):
  Source   : dSx=   0.000, dSy=   0.000, dSz=   0.000  (mm)
  Object   : dOx=  -6.002, dOy=   2.001, dOz= -15.067  (mm)
  Object offset: offset_x=  -0.009, offset_z=   0.003  (mm)
  Detector : dDx=   0.000, dDy=   0.000, dDz=   0.000  (mm)
  Obj Stage rotY :    7.897 deg
============================================================

Unity geometry (world coordinates):
  Source   : x=   2.000, y=  45.000, z=   0.000
  Object   : x=  -0.002, y=  20.001, z= 569.933
  Detector : x=   0.000, y=   2.000, z= 704.000
  Obj rotY :   0.0000 deg
view   0 | SOD= 570.488 mm | SDD= 705.315 mm | M= 1.236 | incident=3.4990°
[[  80.301704   -564.25464     -24.998877  ]
 [ -18.408728    132.79358      18.001123  ]
 [   0.14818114    0.020555      0.        ]
 [   0.            0.            0.1496    ]]
Residual vector length: 45, Jacobian shape: (45, 6)
view   0 | SOD= 570.434 mm | SDD= 705.315 mm | M= 1.236 | incident=3.4990°
[[  80.64788    -564.1508      -24.997128  ]
 [ -18.510508    132.83385      18.002872  ]
 [   0.14816791    0.02065022    0.        ]
 [   0.            0.            0.1496    ]]

iter 14 cost=0.199367 -> 0.205353 |dtheta|=6.377523e-02  lambda=6.250e-04

============================================================
Iteration 15
============================================================
Theta offsets (Unity frame):
  Source   : dSx=   0.000, dSy=   0.000, dSz=   0.000  (mm)
  Object   : dOx=  -6.002, dOy=   2.001, dOz= -15.067  (mm)
  Object offset: offset_x=  -0.009, offset_z=   0.003  (mm)
  Detector : dDx=   0.000, dDy=   0.000, dDz=   0.000  (mm)
  Obj Stage rotY :    7.897 deg
============================================================

Unity geometry (world coordinates):
  Source   : x=   2.000, y=  45.000, z=   0.000
  Object   : x=  -0.002, y=  20.001, z= 569.933
  Detector : x=   0.000, y=   2.000, z= 704.000
  Obj rotY :   0.0000 deg
view   0 | SOD= 570.488 mm | SDD= 705.315 mm | M= 1.236 | incident=3.4990°
[[  80.301704   -564.25464     -24.998877  ]
 [ -18.408728    132.79358      18.001123  ]
 [   0.14818114    0.020555      0.        ]
 [   0.            0.            0.1496    ]]
Residual vector length: 45, Jacobian shape: (45, 6)
view   0 | SOD= 570.434 mm | SDD= 705.315 mm | M= 1.236 | incident=3.4990°
[[  80.64786    -564.1509      -24.99713   ]
 [ -18.510489    132.83379      18.00287   ]
 [   0.14816791    0.02065022    0.        ]
 [   0.            0.            0.1496    ]]

iter 15 cost=0.199367 -> 0.205353 |dtheta|=6.375113e-02  lambda=3.125e-03

============================================================
Iteration 16
============================================================
Theta offsets (Unity frame):
  Source   : dSx=   0.000, dSy=   0.000, dSz=   0.000  (mm)
  Object   : dOx=  -6.002, dOy=   2.001, dOz= -15.067  (mm)
  Object offset: offset_x=  -0.009, offset_z=   0.003  (mm)
  Detector : dDx=   0.000, dDy=   0.000, dDz=   0.000  (mm)
  Obj Stage rotY :    7.897 deg
============================================================

Unity geometry (world coordinates):
  Source   : x=   2.000, y=  45.000, z=   0.000
  Object   : x=  -0.002, y=  20.001, z= 569.933
  Detector : x=   0.000, y=   2.000, z= 704.000
  Obj rotY :   0.0000 deg
view   0 | SOD= 570.488 mm | SDD= 705.315 mm | M= 1.236 | incident=3.4990°
[[  80.301704   -564.25464     -24.998877  ]
 [ -18.408728    132.79358      18.001123  ]
 [   0.14818114    0.020555      0.        ]
 [   0.            0.            0.1496    ]]
Residual vector length: 45, Jacobian shape: (45, 6)
view   0 | SOD= 570.434 mm | SDD= 705.315 mm | M= 1.236 | incident=3.4990°
[[  80.647705   -564.151       -24.997135  ]
 [ -18.510427    132.83366      18.002865  ]
 [   0.14816791    0.02065017    0.        ]
 [   0.            0.            0.1496    ]]

iter 16 cost=0.199367 -> 0.205353 |dtheta|=6.363101e-02  lambda=1.562e-02

============================================================
Iteration 17
============================================================
Theta offsets (Unity frame):
  Source   : dSx=   0.000, dSy=   0.000, dSz=   0.000  (mm)
  Object   : dOx=  -6.002, dOy=   2.001, dOz= -15.067  (mm)
  Object offset: offset_x=  -0.009, offset_z=   0.003  (mm)
  Detector : dDx=   0.000, dDy=   0.000, dDz=   0.000  (mm)
  Obj Stage rotY :    7.897 deg
============================================================

Unity geometry (world coordinates):
  Source   : x=   2.000, y=  45.000, z=   0.000
  Object   : x=  -0.002, y=  20.001, z= 569.933
  Detector : x=   0.000, y=   2.000, z= 704.000
  Obj rotY :   0.0000 deg
view   0 | SOD= 570.488 mm | SDD= 705.315 mm | M= 1.236 | incident=3.4990°
[[  80.301704   -564.25464     -24.998877  ]
 [ -18.408728    132.79358      18.001123  ]
 [   0.14818114    0.020555      0.        ]
 [   0.            0.            0.1496    ]]
Residual vector length: 45, Jacobian shape: (45, 6)
view   0 | SOD= 570.435 mm | SDD= 705.315 mm | M= 1.236 | incident=3.4990°
[[  80.64696    -564.1518      -24.997166  ]
 [ -18.510115    132.83304      18.002834  ]
 [   0.14816794    0.02064995    0.        ]
 [   0.            0.            0.1496    ]]

iter 17 cost=0.199367 -> 0.204275 |dtheta|=6.304008e-02  lambda=7.812e-02

============================================================
Iteration 18
============================================================
Theta offsets (Unity frame):
  Source   : dSx=   0.000, dSy=   0.000, dSz=   0.000  (mm)
  Object   : dOx=  -6.002, dOy=   2.001, dOz= -15.067  (mm)
  Object offset: offset_x=  -0.009, offset_z=   0.003  (mm)
  Detector : dDx=   0.000, dDy=   0.000, dDz=   0.000  (mm)
  Obj Stage rotY :    7.897 deg
============================================================

Unity geometry (world coordinates):
  Source   : x=   2.000, y=  45.000, z=   0.000
  Object   : x=  -0.002, y=  20.001, z= 569.933
  Detector : x=   0.000, y=   2.000, z= 704.000
  Obj rotY :   0.0000 deg
view   0 | SOD= 570.488 mm | SDD= 705.315 mm | M= 1.236 | incident=3.4990°
[[  80.301704   -564.25464     -24.998877  ]
 [ -18.408728    132.79358      18.001123  ]
 [   0.14818114    0.020555      0.        ]
 [   0.            0.            0.1496    ]]
Residual vector length: 45, Jacobian shape: (45, 6)
view   0 | SOD= 570.438 mm | SDD= 705.315 mm | M= 1.236 | incident=3.4990°
[[  80.64341    -564.1556      -24.997303  ]
 [ -18.508612    132.82999      18.002697  ]
 [   0.14816809    0.02064887    0.        ]
 [   0.            0.            0.1496    ]]

iter 18 cost=0.199367 -> 0.204075 |dtheta|=6.030949e-02  lambda=3.906e-01

============================================================
Iteration 19
============================================================
Theta offsets (Unity frame):
  Source   : dSx=   0.000, dSy=   0.000, dSz=   0.000  (mm)
  Object   : dOx=  -6.002, dOy=   2.001, dOz= -15.067  (mm)
  Object offset: offset_x=  -0.009, offset_z=   0.003  (mm)
  Detector : dDx=   0.000, dDy=   0.000, dDz=   0.000  (mm)
  Obj Stage rotY :    7.897 deg
============================================================

Unity geometry (world coordinates):
  Source   : x=   2.000, y=  45.000, z=   0.000
  Object   : x=  -0.002, y=  20.001, z= 569.933
  Detector : x=   0.000, y=   2.000, z= 704.000
  Obj rotY :   0.0000 deg
view   0 | SOD= 570.488 mm | SDD= 705.315 mm | M= 1.236 | incident=3.4990°
[[  80.301704   -564.25464     -24.998877  ]
 [ -18.408728    132.79358      18.001123  ]
 [   0.14818114    0.020555      0.        ]
 [   0.            0.            0.1496    ]]
Residual vector length: 45, Jacobian shape: (45, 6)
view   0 | SOD= 570.450 mm | SDD= 705.315 mm | M= 1.236 | incident=3.4990°
[[  80.62837    -564.16943     -24.997799  ]
 [ -18.50258     132.8191       18.002201  ]
 [   0.14816871    0.02064439    0.        ]
 [   0.            0.            0.1496    ]]

iter 19 cost=0.199367 -> 0.206488 |dtheta|=5.061929e-02  lambda=1.953e+00

============================================================
Iteration 20
============================================================
Theta offsets (Unity frame):
  Source   : dSx=   0.000, dSy=   0.000, dSz=   0.000  (mm)
  Object   : dOx=  -6.002, dOy=   2.001, dOz= -15.067  (mm)
  Object offset: offset_x=  -0.009, offset_z=   0.003  (mm)
  Detector : dDx=   0.000, dDy=   0.000, dDz=   0.000  (mm)
  Obj Stage rotY :    7.897 deg
============================================================

Unity geometry (world coordinates):
  Source   : x=   2.000, y=  45.000, z=   0.000
  Object   : x=  -0.002, y=  20.001, z= 569.933
  Detector : x=   0.000, y=   2.000, z= 704.000
  Obj rotY :   0.0000 deg
view   0 | SOD= 570.488 mm | SDD= 705.315 mm | M= 1.236 | incident=3.4990°
[[  80.301704   -564.25464     -24.998877  ]
 [ -18.408728    132.79358      18.001123  ]
 [   0.14818114    0.020555      0.        ]
 [   0.            0.            0.1496    ]]
Residual vector length: 45, Jacobian shape: (45, 6)
view   0 | SOD= 570.471 mm | SDD= 705.315 mm | M= 1.236 | incident=3.4990°
[[  80.58049    -564.1977      -24.998642  ]
 [ -18.485855    132.80006      18.001358  ]
 [   0.14817064    0.02063066    0.        ]
 [   0.            0.            0.1496    ]]

iter 20 cost=0.199367 -> 0.215560 |dtheta|=3.383884e-02  lambda=9.766e+00

============================================================
Iteration 21
============================================================
Theta offsets (Unity frame):
  Source   : dSx=   0.000, dSy=   0.000, dSz=   0.000  (mm)
  Object   : dOx=  -6.002, dOy=   2.001, dOz= -15.067  (mm)
  Object offset: offset_x=  -0.009, offset_z=   0.003  (mm)
  Detector : dDx=   0.000, dDy=   0.000, dDz=   0.000  (mm)
  Obj Stage rotY :    7.897 deg
============================================================

Unity geometry (world coordinates):
  Source   : x=   2.000, y=  45.000, z=   0.000
  Object   : x=  -0.002, y=  20.001, z= 569.933
  Detector : x=   0.000, y=   2.000, z= 704.000
  Obj rotY :   0.0000 deg
view   0 | SOD= 570.488 mm | SDD= 705.315 mm | M= 1.236 | incident=3.4990°
[[  80.301704   -564.25464     -24.998877  ]
 [ -18.408728    132.79358      18.001123  ]
 [   0.14818114    0.020555      0.        ]
 [   0.            0.            0.1496    ]]
Residual vector length: 45, Jacobian shape: (45, 6)
view   0 | SOD= 570.485 mm | SDD= 705.315 mm | M= 1.236 | incident=3.4990°
[[  80.47495    -564.2265      -24.998978  ]
 [ -18.454266    132.79071      18.001022  ]
 [   0.14817469    0.02060151    0.        ]
 [   0.            0.            0.1496    ]]

iter 21 cost=0.199367 -> 0.209339 |dtheta|=1.853628e-02  lambda=4.883e+01

============================================================
Iteration 22
============================================================
Theta offsets (Unity frame):
  Source   : dSx=   0.000, dSy=   0.000, dSz=   0.000  (mm)
  Object   : dOx=  -6.002, dOy=   2.001, dOz= -15.067  (mm)
  Object offset: offset_x=  -0.009, offset_z=   0.003  (mm)
  Detector : dDx=   0.000, dDy=   0.000, dDz=   0.000  (mm)
  Obj Stage rotY :    7.897 deg
============================================================

Unity geometry (world coordinates):
  Source   : x=   2.000, y=  45.000, z=   0.000
  Object   : x=  -0.002, y=  20.001, z= 569.933
  Detector : x=   0.000, y=   2.000, z= 704.000
  Obj rotY :   0.0000 deg
view   0 | SOD= 570.488 mm | SDD= 705.315 mm | M= 1.236 | incident=3.4990°
[[  80.301704   -564.25464     -24.998877  ]
 [ -18.408728    132.79358      18.001123  ]
 [   0.14818114    0.020555      0.        ]
 [   0.            0.            0.1496    ]]
Residual vector length: 45, Jacobian shape: (45, 6)
view   0 | SOD= 570.488 mm | SDD= 705.315 mm | M= 1.236 | incident=3.4990°
[[  80.36659    -564.2456      -24.99888   ]
 [ -18.42388     132.79129      18.00112   ]
 [   0.14817879    0.02057201    0.        ]
 [   0.            0.            0.1496    ]]

iter 22 cost=0.199367 -> 0.179250 |dtheta|=6.675517e-03  lambda=2.441e+02

============================================================
Iteration 23
============================================================
Theta offsets (Unity frame):
  Source   : dSx=   0.000, dSy=   0.000, dSz=   0.000  (mm)
  Object   : dOx=  -6.002, dOy=   2.001, dOz= -15.067  (mm)
  Object offset: offset_x=  -0.010, offset_z=   0.004  (mm)
  Detector : dDx=   0.000, dDy=   0.000, dDz=   0.000  (mm)
  Obj Stage rotY :    7.904 deg
============================================================

Unity geometry (world coordinates):
  Source   : x=   2.000, y=  45.000, z=   0.000
  Object   : x=  -0.002, y=  20.001, z= 569.933
  Detector : x=   0.000, y=   2.000, z= 704.000
  Obj rotY :   0.0000 deg
view   0 | SOD= 570.488 mm | SDD= 705.315 mm | M= 1.236 | incident=3.4990°
[[  80.36659    -564.2456      -24.99888   ]
 [ -18.42388     132.79129      18.00112   ]
 [   0.14817879    0.02057201    0.        ]
 [   0.            0.            0.1496    ]]
Residual vector length: 45, Jacobian shape: (45, 6)
view   0 | SOD= 570.487 mm | SDD= 705.315 mm | M= 1.236 | incident=3.4990°
[[  80.5037     -564.2249      -24.99943   ]
 [ -18.456272    132.78796      18.00057   ]
 [   0.14817378    0.02060805    0.        ]
 [   0.            0.            0.1496    ]]

iter 23 cost=0.179250 -> 0.193754 |dtheta|=1.412491e-02  lambda=8.138e+01

============================================================
Iteration 24
============================================================
Theta offsets (Unity frame):
  Source   : dSx=   0.000, dSy=   0.000, dSz=   0.000  (mm)
  Object   : dOx=  -6.002, dOy=   2.001, dOz= -15.067  (mm)
  Object offset: offset_x=  -0.010, offset_z=   0.004  (mm)
  Detector : dDx=   0.000, dDy=   0.000, dDz=   0.000  (mm)
  Obj Stage rotY :    7.904 deg
============================================================

Unity geometry (world coordinates):
  Source   : x=   2.000, y=  45.000, z=   0.000
  Object   : x=  -0.002, y=  20.001, z= 569.933
  Detector : x=   0.000, y=   2.000, z= 704.000
  Obj rotY :   0.0000 deg
view   0 | SOD= 570.488 mm | SDD= 705.315 mm | M= 1.236 | incident=3.4990°
[[  80.36659    -564.2456      -24.99888   ]
 [ -18.42388     132.79129      18.00112   ]
 [   0.14817879    0.02057201    0.        ]
 [   0.            0.            0.1496    ]]
Residual vector length: 45, Jacobian shape: (45, 6)
view   0 | SOD= 570.489 mm | SDD= 705.315 mm | M= 1.236 | incident=3.4990°
[[  80.40561    -564.2406      -24.99923   ]
 [ -18.4322      132.78958      18.00077   ]
 [   0.14817739    0.02058208    0.        ]
 [   0.            0.            0.1496    ]]

iter 24 cost=0.179250 -> 0.194550 |dtheta|=4.027244e-03  lambda=4.069e+02

============================================================
Iteration 25
============================================================
Theta offsets (Unity frame):
  Source   : dSx=   0.000, dSy=   0.000, dSz=   0.000  (mm)
  Object   : dOx=  -6.002, dOy=   2.001, dOz= -15.067  (mm)
  Object offset: offset_x=  -0.010, offset_z=   0.004  (mm)
  Detector : dDx=   0.000, dDy=   0.000, dDz=   0.000  (mm)
  Obj Stage rotY :    7.904 deg
============================================================

Unity geometry (world coordinates):
  Source   : x=   2.000, y=  45.000, z=   0.000
  Object   : x=  -0.002, y=  20.001, z= 569.933
  Detector : x=   0.000, y=   2.000, z= 704.000
  Obj rotY :   0.0000 deg
view   0 | SOD= 570.488 mm | SDD= 705.315 mm | M= 1.236 | incident=3.4990°
[[  80.36659    -564.2456      -24.99888   ]
 [ -18.42388     132.79129      18.00112   ]
 [   0.14817879    0.02057201    0.        ]
 [   0.            0.            0.1496    ]]
Residual vector length: 45, Jacobian shape: (45, 6)
view   0 | SOD= 570.489 mm | SDD= 705.315 mm | M= 1.236 | incident=3.4990°
[[  80.375534   -564.2446      -24.999027  ]
 [ -18.425486    132.79076      18.000973  ]
 [   0.14817847    0.02057425    0.        ]
 [   0.            0.            0.1496    ]]

iter 25 cost=0.179250 -> 0.198347 |dtheta|=9.689823e-04  lambda=2.035e+03

============================================================
Iteration 26
============================================================
Theta offsets (Unity frame):
  Source   : dSx=   0.000, dSy=   0.000, dSz=   0.000  (mm)
  Object   : dOx=  -6.002, dOy=   2.001, dOz= -15.067  (mm)
  Object offset: offset_x=  -0.010, offset_z=   0.004  (mm)
  Detector : dDx=   0.000, dDy=   0.000, dDz=   0.000  (mm)
  Obj Stage rotY :    7.904 deg
============================================================

Unity geometry (world coordinates):
  Source   : x=   2.000, y=  45.000, z=   0.000
  Object   : x=  -0.002, y=  20.001, z= 569.933
  Detector : x=   0.000, y=   2.000, z= 704.000
  Obj rotY :   0.0000 deg
view   0 | SOD= 570.488 mm | SDD= 705.315 mm | M= 1.236 | incident=3.4990°
[[  80.36659    -564.2456      -24.99888   ]
 [ -18.42388     132.79129      18.00112   ]
 [   0.14817879    0.02057201    0.        ]
 [   0.            0.            0.1496    ]]
Residual vector length: 45, Jacobian shape: (45, 6)
view   0 | SOD= 570.488 mm | SDD= 705.315 mm | M= 1.236 | incident=3.4990°
[[  80.36846    -564.2454      -24.998919  ]
 [ -18.424183    132.79118      18.001081  ]
 [   0.14817873    0.02057247    0.        ]
 [   0.            0.            0.1496    ]]

iter 26 cost=0.179250 -> 0.191671 |dtheta|=2.105986e-04  lambda=1.017e+04

============================================================
Iteration 27
============================================================
Theta offsets (Unity frame):
  Source   : dSx=   0.000, dSy=   0.000, dSz=   0.000  (mm)
  Object   : dOx=  -6.002, dOy=   2.001, dOz= -15.067  (mm)
  Object offset: offset_x=  -0.010, offset_z=   0.004  (mm)
  Detector : dDx=   0.000, dDy=   0.000, dDz=   0.000  (mm)
  Obj Stage rotY :    7.904 deg
============================================================

Unity geometry (world coordinates):
  Source   : x=   2.000, y=  45.000, z=   0.000
  Object   : x=  -0.002, y=  20.001, z= 569.933
  Detector : x=   0.000, y=   2.000, z= 704.000
  Obj rotY :   0.0000 deg
view   0 | SOD= 570.488 mm | SDD= 705.315 mm | M= 1.236 | incident=3.4990°
[[  80.36659    -564.2456      -24.99888   ]
 [ -18.42388     132.79129      18.00112   ]
 [   0.14817879    0.02057201    0.        ]
 [   0.            0.            0.1496    ]]
Residual vector length: 45, Jacobian shape: (45, 6)
view   0 | SOD= 570.488 mm | SDD= 705.315 mm | M= 1.236 | incident=3.4990°
[[  80.36697    -564.24554     -24.998888  ]
 [ -18.42394     132.79129      18.001112  ]
 [   0.14817877    0.02057211    0.        ]
 [   0.            0.            0.1496    ]]

iter 27 cost=0.179250 -> 0.188488 |dtheta|=4.309081e-05  lambda=5.086e+04

============================================================
Iteration 28
============================================================
Theta offsets (Unity frame):
  Source   : dSx=   0.000, dSy=   0.000, dSz=   0.000  (mm)
  Object   : dOx=  -6.002, dOy=   2.001, dOz= -15.067  (mm)
  Object offset: offset_x=  -0.010, offset_z=   0.004  (mm)
  Detector : dDx=   0.000, dDy=   0.000, dDz=   0.000  (mm)
  Obj Stage rotY :    7.904 deg
============================================================

Unity geometry (world coordinates):
  Source   : x=   2.000, y=  45.000, z=   0.000
  Object   : x=  -0.002, y=  20.001, z= 569.933
  Detector : x=   0.000, y=   2.000, z= 704.000
  Obj rotY :   0.0000 deg
view   0 | SOD= 570.488 mm | SDD= 705.315 mm | M= 1.236 | incident=3.4990°
[[  80.36659    -564.2456      -24.99888   ]
 [ -18.42388     132.79129      18.00112   ]
 [   0.14817879    0.02057201    0.        ]
 [   0.            0.            0.1496    ]]
Residual vector length: 45, Jacobian shape: (45, 6)
view   0 | SOD= 570.488 mm | SDD= 705.315 mm | M= 1.236 | incident=3.4990°
[[  80.36666    -564.2456      -24.998882  ]
 [ -18.423891    132.79129      18.001118  ]
 [   0.14817879    0.02057203    0.        ]
 [   0.            0.            0.1496    ]]

iter 28 cost=0.179250 -> 0.179250 |dtheta|=8.660740e-06  lambda=2.543e+05

============================================================
Iteration 29
============================================================
Theta offsets (Unity frame):
  Source   : dSx=   0.000, dSy=   0.000, dSz=   0.000  (mm)
  Object   : dOx=  -6.002, dOy=   2.001, dOz= -15.067  (mm)
  Object offset: offset_x=  -0.010, offset_z=   0.004  (mm)
  Detector : dDx=   0.000, dDy=   0.000, dDz=   0.000  (mm)
  Obj Stage rotY :    7.904 deg
============================================================

Unity geometry (world coordinates):
  Source   : x=   2.000, y=  45.000, z=   0.000
  Object   : x=  -0.002, y=  20.001, z= 569.933
  Detector : x=   0.000, y=   2.000, z= 704.000
  Obj rotY :   0.0000 deg
view   0 | SOD= 570.488 mm | SDD= 705.315 mm | M= 1.236 | incident=3.4990°
[[  80.36659    -564.2456      -24.99888   ]
 [ -18.42388     132.79129      18.00112   ]
 [   0.14817879    0.02057201    0.        ]
 [   0.            0.            0.1496    ]]
Residual vector length: 45, Jacobian shape: (45, 6)
view   0 | SOD= 570.488 mm | SDD= 705.315 mm | M= 1.236 | incident=3.4990°
[[  80.36661    -564.2456      -24.99888   ]
 [ -18.423882    132.79129      18.00112   ]
 [   0.14817879    0.02057202    0.        ]
 [   0.            0.            0.1496    ]]

iter 29 cost=0.179250 -> 0.179250 |dtheta|=2.204598e-06  lambda=1.000e+06

============================================================
Iteration 30
============================================================
Theta offsets (Unity frame):
  Source   : dSx=   0.000, dSy=   0.000, dSz=   0.000  (mm)
  Object   : dOx=  -6.002, dOy=   2.001, dOz= -15.067  (mm)
  Object offset: offset_x=  -0.010, offset_z=   0.004  (mm)
  Detector : dDx=   0.000, dDy=   0.000, dDz=   0.000  (mm)
  Obj Stage rotY :    7.904 deg
============================================================

Unity geometry (world coordinates):
  Source   : x=   2.000, y=  45.000, z=   0.000
  Object   : x=  -0.002, y=  20.001, z= 569.933
  Detector : x=   0.000, y=   2.000, z= 704.000
  Obj rotY :   0.0000 deg
view   0 | SOD= 570.488 mm | SDD= 705.315 mm | M= 1.236 | incident=3.4990°
[[  80.36659    -564.2456      -24.99888   ]
 [ -18.42388     132.79129      18.00112   ]
 [   0.14817879    0.02057201    0.        ]
 [   0.            0.            0.1496    ]]
Residual vector length: 45, Jacobian shape: (45, 6)
view   0 | SOD= 570.488 mm | SDD= 705.315 mm | M= 1.236 | incident=3.4990°
[[  80.36661    -564.2456      -24.99888   ]
 [ -18.423882    132.79129      18.00112   ]
 [   0.14817879    0.02057202    0.        ]
 [   0.            0.            0.1496    ]]

iter 30 cost=0.179250 -> 0.179250 |dtheta|=2.204598e-06  lambda=1.000e+06

============================================================
Iteration 31
============================================================
Theta offsets (Unity frame):
  Source   : dSx=   0.000, dSy=   0.000, dSz=   0.000  (mm)
  Object   : dOx=  -6.002, dOy=   2.001, dOz= -15.067  (mm)
  Object offset: offset_x=  -0.010, offset_z=   0.004  (mm)
  Detector : dDx=   0.000, dDy=   0.000, dDz=   0.000  (mm)
  Obj Stage rotY :    7.904 deg
============================================================

Unity geometry (world coordinates):
  Source   : x=   2.000, y=  45.000, z=   0.000
  Object   : x=  -0.002, y=  20.001, z= 569.933
  Detector : x=   0.000, y=   2.000, z= 704.000
  Obj rotY :   0.0000 deg
view   0 | SOD= 570.488 mm | SDD= 705.315 mm | M= 1.236 | incident=3.4990°
[[  80.36659    -564.2456      -24.99888   ]
 [ -18.42388     132.79129      18.00112   ]
 [   0.14817879    0.02057201    0.        ]
 [   0.            0.            0.1496    ]]
Residual vector length: 45, Jacobian shape: (45, 6)
view   0 | SOD= 570.488 mm | SDD= 705.315 mm | M= 1.236 | incident=3.4990°
[[  80.36661    -564.2456      -24.99888   ]
 [ -18.423882    132.79129      18.00112   ]
 [   0.14817879    0.02057202    0.        ]
 [   0.            0.            0.1496    ]]

iter 31 cost=0.179250 -> 0.179250 |dtheta|=2.204598e-06  lambda=1.000e+06

============================================================
Iteration 32
============================================================
Theta offsets (Unity frame):
  Source   : dSx=   0.000, dSy=   0.000, dSz=   0.000  (mm)
  Object   : dOx=  -6.002, dOy=   2.001, dOz= -15.067  (mm)
  Object offset: offset_x=  -0.010, offset_z=   0.004  (mm)
  Detector : dDx=   0.000, dDy=   0.000, dDz=   0.000  (mm)
  Obj Stage rotY :    7.904 deg
============================================================

Unity geometry (world coordinates):
  Source   : x=   2.000, y=  45.000, z=   0.000
  Object   : x=  -0.002, y=  20.001, z= 569.933
  Detector : x=   0.000, y=   2.000, z= 704.000
  Obj rotY :   0.0000 deg
view   0 | SOD= 570.488 mm | SDD= 705.315 mm | M= 1.236 | incident=3.4990°
[[  80.36659    -564.2456      -24.99888   ]
 [ -18.42388     132.79129      18.00112   ]
 [   0.14817879    0.02057201    0.        ]
 [   0.            0.            0.1496    ]]
Residual vector length: 45, Jacobian shape: (45, 6)
view   0 | SOD= 570.488 mm | SDD= 705.315 mm | M= 1.236 | incident=3.4990°
[[  80.36661    -564.2456      -24.99888   ]
 [ -18.423882    132.79129      18.00112   ]
 [   0.14817879    0.02057202    0.        ]
 [   0.            0.            0.1496    ]]

iter 32 cost=0.179250 -> 0.179250 |dtheta|=2.204598e-06  lambda=1.000e+06

============================================================
Iteration 33
============================================================
Theta offsets (Unity frame):
  Source   : dSx=   0.000, dSy=   0.000, dSz=   0.000  (mm)
  Object   : dOx=  -6.002, dOy=   2.001, dOz= -15.067  (mm)
  Object offset: offset_x=  -0.010, offset_z=   0.004  (mm)
  Detector : dDx=   0.000, dDy=   0.000, dDz=   0.000  (mm)
  Obj Stage rotY :    7.904 deg
============================================================

Unity geometry (world coordinates):
  Source   : x=   2.000, y=  45.000, z=   0.000
  Object   : x=  -0.002, y=  20.001, z= 569.933
  Detector : x=   0.000, y=   2.000, z= 704.000
  Obj rotY :   0.0000 deg
view   0 | SOD= 570.488 mm | SDD= 705.315 mm | M= 1.236 | incident=3.4990°
[[  80.36659    -564.2456      -24.99888   ]
 [ -18.42388     132.79129      18.00112   ]
 [   0.14817879    0.02057201    0.        ]
 [   0.            0.            0.1496    ]]
Residual vector length: 45, Jacobian shape: (45, 6)
view   0 | SOD= 570.488 mm | SDD= 705.315 mm | M= 1.236 | incident=3.4990°
[[  80.36661    -564.2456      -24.99888   ]
 [ -18.423882    132.79129      18.00112   ]
 [   0.14817879    0.02057202    0.        ]
 [   0.            0.            0.1496    ]]

iter 33 cost=0.179250 -> 0.179250 |dtheta|=2.204598e-06  lambda=1.000e+06

============================================================
Iteration 34
============================================================
Theta offsets (Unity frame):
  Source   : dSx=   0.000, dSy=   0.000, dSz=   0.000  (mm)
  Object   : dOx=  -6.002, dOy=   2.001, dOz= -15.067  (mm)
  Object offset: offset_x=  -0.010, offset_z=   0.004  (mm)
  Detector : dDx=   0.000, dDy=   0.000, dDz=   0.000  (mm)
  Obj Stage rotY :    7.904 deg
============================================================

Unity geometry (world coordinates):
  Source   : x=   2.000, y=  45.000, z=   0.000
  Object   : x=  -0.002, y=  20.001, z= 569.933
  Detector : x=   0.000, y=   2.000, z= 704.000
  Obj rotY :   0.0000 deg
view   0 | SOD= 570.488 mm | SDD= 705.315 mm | M= 1.236 | incident=3.4990°
[[  80.36659    -564.2456      -24.99888   ]
 [ -18.42388     132.79129      18.00112   ]
 [   0.14817879    0.02057201    0.        ]
 [   0.            0.            0.1496    ]]
Residual vector length: 45, Jacobian shape: (45, 6)
view   0 | SOD= 570.488 mm | SDD= 705.315 mm | M= 1.236 | incident=3.4990°
[[  80.36661    -564.2456      -24.99888   ]
 [ -18.423882    132.79129      18.00112   ]
 [   0.14817879    0.02057202    0.        ]
 [   0.            0.            0.1496    ]]

iter 34 cost=0.179250 -> 0.179250 |dtheta|=2.204598e-06  lambda=1.000e+06

============================================================
Iteration 35
============================================================
Theta offsets (Unity frame):
  Source   : dSx=   0.000, dSy=   0.000, dSz=   0.000  (mm)
  Object   : dOx=  -6.002, dOy=   2.001, dOz= -15.067  (mm)
  Object offset: offset_x=  -0.010, offset_z=   0.004  (mm)
  Detector : dDx=   0.000, dDy=   0.000, dDz=   0.000  (mm)
  Obj Stage rotY :    7.904 deg
============================================================

Unity geometry (world coordinates):
  Source   : x=   2.000, y=  45.000, z=   0.000
  Object   : x=  -0.002, y=  20.001, z= 569.933
  Detector : x=   0.000, y=   2.000, z= 704.000
  Obj rotY :   0.0000 deg
view   0 | SOD= 570.488 mm | SDD= 705.315 mm | M= 1.236 | incident=3.4990°
[[  80.36659    -564.2456      -24.99888   ]
 [ -18.42388     132.79129      18.00112   ]
 [   0.14817879    0.02057201    0.        ]
 [   0.            0.            0.1496    ]]
Residual vector length: 45, Jacobian shape: (45, 6)
view   0 | SOD= 570.488 mm | SDD= 705.315 mm | M= 1.236 | incident=3.4990°
[[  80.36661    -564.2456      -24.99888   ]
 [ -18.423882    132.79129      18.00112   ]
 [   0.14817879    0.02057202    0.        ]
 [   0.            0.            0.1496    ]]

iter 35 cost=0.179250 -> 0.179250 |dtheta|=2.204598e-06  lambda=1.000e+06
Stalled.

Estimated theta:
  dSx: +0.000000
  dSy: +0.000000
  dOx: -6.002049
  dOy: +2.001120
  dOz: -15.067111
  dDx: +0.000000
  dDy: +0.000000
  dDz: +0.000000
alpha: +7.903986e+00 deg)
offset_x: -0.009689
offset_z: +0.003857

Final cost table:
Fake theta: [  0.   0.  -6.   2. -15.   0.   0.   0.   8.   0.   0.]
Final estimated theta: [  0.           0.          -6.00204901   2.0011196  -15.06711115
   0.           0.           0.           7.90398568  -0.00968924
   0.00385721]
Diff from Expected: [ 0.          0.         -0.00204901  0.0011196  -0.06711115  0.
  0.          0.         -0.09601432 -0.00968924  0.00385721]
################################################################################

