Phantom already exists, skipping: cuboid_phantom_3_compact.npy

################################################################################
Running cuboid=compact scenario=G4 N_ANGLES=6, K=3
view   0 | SOD= 570.594 mm | SDD= 809.425 mm | M= 1.419 | incident=3.4005°
[[  33.809837   -568.99725     -26.        ]
 [ -13.700238    237.60535      22.        ]
 [   0.14935194    0.00861158    0.        ]
 [   0.            0.            0.1496    ]]
          image          x1          y1  area1          x2          y2  area2          x3          y3  area3
0  proj_000.png  492.539293  239.422397   1018  457.000000  304.084763    991  492.517140  372.495593   1021
1  proj_001.png  466.258789  239.510742   1024  483.195219  303.874502   1004  466.247312  372.760508   1023
2  proj_002.png  448.438492  238.868056   1008  500.911355  304.740040   1004  448.500982  371.650295   1018
3  proj_003.png  457.000000  238.000000    997  492.581188  305.895050   1010  456.976931  370.177533    997
4  proj_004.png  483.191426  237.824526   1003  466.195695  306.197652   1022  483.185629  369.907186   1002
5  proj_005.png  500.923459  238.473161   1006  448.478304  305.287968   1014  500.909000  370.996000   1000

============================================================
Iteration 0
============================================================
Theta offsets (Unity frame):
  Source   : dSx=   0.000, dSy=   0.000, dSz=   0.000  (mm)
  Object   : dOx=   0.000, dOy=   0.000, dOz=   0.000  (mm)
  Object offset: offset_x=   0.000, offset_z=   0.000  (mm)
  Detector : dDx=   0.000, dDy=   0.000, dDz=   0.000  (mm)
  Obj Stage rotY :    0.000 deg
============================================================

Unity geometry (world coordinates):
  Source   : x=   1.000, y=  46.000, z=   0.000
  Object   : x=  12.000, y=  17.000, z= 583.000
  Detector : x=   0.000, y=  -2.000, z= 808.000
  Obj rotY :   0.0000 deg
view   0 | SOD= 583.824 mm | SDD= 809.425 mm | M= 1.386 | incident=3.4005°
[[ -11.     -583.      -29.    ]
 [ -12.      225.       19.    ]
 [   0.1496    0.        0.    ]
 [   0.        0.        0.1496]]
Residual vector length: 54, Jacobian shape: (54, 6)
view   0 | SOD= 585.399 mm | SDD= 809.425 mm | M= 1.383 | incident=3.4005°
[[  -0.7133845  -584.7865      -26.76488   ]
 [   1.0029708   223.21231      21.23512   ]
 [   0.14959915   -0.00050293    0.        ]
 [   0.            0.            0.1496    ]]

iter 00 cost=116266.250840 -> 114.739570 |dtheta|=1.250005e+01  lambda=1.000e-02

============================================================
Iteration 1
============================================================
Theta offsets (Unity frame):
  Source   : dSx=   0.000, dSy=   0.000, dSz=   0.000  (mm)
  Object   : dOx= -12.173, dOy=   2.235, dOz=   1.740  (mm)
  Object offset: offset_x=  -0.080, offset_z=   0.045  (mm)
  Detector : dDx=   0.000, dDy=   0.000, dDz=   0.000  (mm)
  Obj Stage rotY :   -0.193 deg
============================================================

Unity geometry (world coordinates):
  Source   : x=   1.000, y=  46.000, z=   0.000
  Object   : x=  -0.173, y=  19.235, z= 584.740
  Detector : x=   0.000, y=  -2.000, z= 808.000
  Obj rotY :   0.0000 deg
view   0 | SOD= 585.399 mm | SDD= 809.425 mm | M= 1.383 | incident=3.4005°
[[  -0.7133845  -584.7865      -26.76488   ]
 [   1.0029708   223.21231      21.23512   ]
 [   0.14959915   -0.00050293    0.        ]
 [   0.            0.            0.1496    ]]
Residual vector length: 54, Jacobian shape: (54, 6)
view   0 | SOD= 583.517 mm | SDD= 809.425 mm | M= 1.387 | incident=3.4005°
[[   2.5821886  -582.9063      -26.561466  ]
 [  -0.47469205  225.08852      21.438534  ]
 [   0.14959951    0.00038083    0.        ]
 [   0.            0.            0.1496    ]]

iter 01 cost=114.739570 -> 69.907547 |dtheta|=1.991624e+00  lambda=3.333e-03

============================================================
Iteration 2
============================================================
Theta offsets (Unity frame):
  Source   : dSx=   0.000, dSy=   0.000, dSz=   0.000  (mm)
  Object   : dOx= -12.038, dOy=   2.439, dOz=  -0.206  (mm)
  Object offset: offset_x=  -0.060, offset_z=   0.117  (mm)
  Detector : dDx=   0.000, dDy=   0.000, dDz=   0.000  (mm)
  Obj Stage rotY :    0.146 deg
============================================================

Unity geometry (world coordinates):
  Source   : x=   1.000, y=  46.000, z=   0.000
  Object   : x=  -0.038, y=  19.439, z= 582.794
  Detector : x=   0.000, y=  -2.000, z= 808.000
  Obj rotY :   0.0000 deg
view   0 | SOD= 583.517 mm | SDD= 809.425 mm | M= 1.387 | incident=3.4005°
[[   2.5821886  -582.9063      -26.561466  ]
 [  -0.47469205  225.08852      21.438534  ]
 [   0.14959951    0.00038083    0.        ]
 [   0.            0.            0.1496    ]]
Residual vector length: 54, Jacobian shape: (54, 6)
view   0 | SOD= 581.413 mm | SDD= 809.425 mm | M= 1.392 | incident=3.4005°
[[   9.201087   -580.7366      -26.487123  ]
 [  -3.2921543   227.16743      21.512877  ]
 [   0.14958486    0.00212798    0.        ]
 [   0.            0.            0.1496    ]]

iter 02 cost=69.907547 -> 53.161081 |dtheta|=2.100084e+00  lambda=1.111e-03

============================================================
Iteration 3
============================================================
Theta offsets (Unity frame):
  Source   : dSx=   0.000, dSy=   0.000, dSz=   0.000  (mm)
  Object   : dOx= -11.984, dOy=   2.513, dOz=  -2.188  (mm)
  Object offset: offset_x=   0.045, offset_z=  -0.003  (mm)
  Detector : dDx=   0.000, dDy=   0.000, dDz=   0.000  (mm)
  Obj Stage rotY :    0.815 deg
============================================================

Unity geometry (world coordinates):
  Source   : x=   1.000, y=  46.000, z=   0.000
  Object   : x=   0.016, y=  19.513, z= 580.812
  Detector : x=   0.000, y=  -2.000, z= 808.000
  Obj rotY :   0.0000 deg
view   0 | SOD= 581.413 mm | SDD= 809.425 mm | M= 1.392 | incident=3.4005°
[[   9.201087   -580.7366      -26.487123  ]
 [  -3.2921543   227.16743      21.512877  ]
 [   0.14958486    0.00212798    0.        ]
 [   0.            0.            0.1496    ]]
Residual vector length: 54, Jacobian shape: (54, 6)
view   0 | SOD= 581.035 mm | SDD= 809.425 mm | M= 1.393 | incident=3.4005°
[[  12.485322   -580.2968      -26.479736  ]
 [  -4.442561    227.52646      21.520264  ]
 [   0.14957093    0.00294906    0.        ]
 [   0.            0.            0.1496    ]]

iter 03 cost=53.161081 -> 46.217000 |dtheta|=5.429457e-01  lambda=3.704e-04

============================================================
Iteration 4
============================================================
Theta offsets (Unity frame):
  Source   : dSx=   0.000, dSy=   0.000, dSz=   0.000  (mm)
  Object   : dOx= -12.006, dOy=   2.520, dOz=  -2.619  (mm)
  Object offset: offset_x=  -0.038, offset_z=   0.049  (mm)
  Detector : dDx=   0.000, dDy=   0.000, dDz=   0.000  (mm)
  Obj Stage rotY :    1.130 deg
============================================================

Unity geometry (world coordinates):
  Source   : x=   1.000, y=  46.000, z=   0.000
  Object   : x=  -0.006, y=  19.520, z= 580.381
  Detector : x=   0.000, y=  -2.000, z= 808.000
  Obj rotY :   0.0000 deg
view   0 | SOD= 581.035 mm | SDD= 809.425 mm | M= 1.393 | incident=3.4005°
[[  12.485322   -580.2968      -26.479736  ]
 [  -4.442561    227.52646      21.520264  ]
 [   0.14957093    0.00294906    0.        ]
 [   0.            0.            0.1496    ]]
Residual vector length: 54, Jacobian shape: (54, 6)
view   0 | SOD= 579.622 mm | SDD= 809.425 mm | M= 1.396 | incident=3.4005°
[[  25.653614   -578.45184     -26.40375   ]
 [  -9.721274    228.77402      21.59625   ]
 [   0.14946455    0.00636463    0.        ]
 [   0.            0.            0.1496    ]]

iter 04 cost=46.217000 -> 30.111267 |dtheta|=1.872780e+00  lambda=1.235e-04

============================================================
Iteration 5
============================================================
Theta offsets (Unity frame):
  Source   : dSx=   0.000, dSy=   0.000, dSz=   0.000  (mm)
  Object   : dOx= -12.022, dOy=   2.596, dOz=  -3.954  (mm)
  Object offset: offset_x=   0.001, offset_z=  -0.027  (mm)
  Detector : dDx=   0.000, dDy=   0.000, dDz=   0.000  (mm)
  Obj Stage rotY :    2.438 deg
============================================================

Unity geometry (world coordinates):
  Source   : x=   1.000, y=  46.000, z=   0.000
  Object   : x=  -0.022, y=  19.596, z= 579.046
  Detector : x=   0.000, y=  -2.000, z= 808.000
  Obj rotY :   0.0000 deg
view   0 | SOD= 579.622 mm | SDD= 809.425 mm | M= 1.396 | incident=3.4005°
[[  25.653614   -578.45184     -26.40375   ]
 [  -9.721274    228.77402      21.59625   ]
 [   0.14946455    0.00636463    0.        ]
 [   0.            0.            0.1496    ]]
Residual vector length: 54, Jacobian shape: (54, 6)
view   0 | SOD= 578.584 mm | SDD= 809.425 mm | M= 1.399 | incident=3.4005°
[[  33.2393     -577.0267      -26.355062  ]
 [ -12.815495    229.66035      21.644938  ]
 [   0.14936723    0.00834212    0.        ]
 [   0.            0.            0.1496    ]]

iter 05 cost=30.111267 -> 21.910745 |dtheta|=1.334801e+00  lambda=4.115e-05

============================================================
Iteration 6
============================================================
Theta offsets (Unity frame):
  Source   : dSx=   0.000, dSy=   0.000, dSz=   0.000  (mm)
  Object   : dOx= -12.017, dOy=   2.645, dOz=  -5.049  (mm)
  Object offset: offset_x=   0.006, offset_z=   0.032  (mm)
  Detector : dDx=   0.000, dDy=   0.000, dDz=   0.000  (mm)
  Obj Stage rotY :    3.197 deg
============================================================

Unity geometry (world coordinates):
  Source   : x=   1.000, y=  46.000, z=   0.000
  Object   : x=  -0.017, y=  19.645, z= 577.951
  Detector : x=   0.000, y=  -2.000, z= 808.000
  Obj rotY :   0.0000 deg
view   0 | SOD= 578.584 mm | SDD= 809.425 mm | M= 1.399 | incident=3.4005°
[[  33.2393     -577.0267      -26.355062  ]
 [ -12.815495    229.66035      21.644938  ]
 [   0.14936723    0.00834212    0.        ]
 [   0.            0.            0.1496    ]]
Residual vector length: 54, Jacobian shape: (54, 6)
view   0 | SOD= 577.693 mm | SDD= 809.425 mm | M= 1.401 | incident=3.4005°
[[  37.816093   -575.85266     -26.326296  ]
 [ -14.689756    230.44017      21.673704  ]
 [   0.14929572    0.00953661    0.        ]
 [   0.            0.            0.1496    ]]

iter 06 cost=21.910745 -> 17.280471 |dtheta|=9.837437e-01  lambda=1.372e-05

============================================================
Iteration 7
============================================================
Theta offsets (Unity frame):
  Source   : dSx=   0.000, dSy=   0.000, dSz=   0.000  (mm)
  Object   : dOx= -12.016, dOy=   2.674, dOz=  -5.919  (mm)
  Object offset: offset_x=  -0.015, offset_z=   0.011  (mm)
  Detector : dDx=   0.000, dDy=   0.000, dDz=   0.000  (mm)
  Obj Stage rotY :    3.655 deg
============================================================

Unity geometry (world coordinates):
  Source   : x=   1.000, y=  46.000, z=   0.000
  Object   : x=  -0.016, y=  19.674, z= 577.081
  Detector : x=   0.000, y=  -2.000, z= 808.000
  Obj rotY :   0.0000 deg
view   0 | SOD= 577.693 mm | SDD= 809.425 mm | M= 1.401 | incident=3.4005°
[[  37.816093   -575.85266     -26.326296  ]
 [ -14.689756    230.44017      21.673704  ]
 [   0.14929572    0.00953661    0.        ]
 [   0.            0.            0.1496    ]]
Residual vector length: 54, Jacobian shape: (54, 6)
view   0 | SOD= 576.789 mm | SDD= 809.425 mm | M= 1.403 | incident=3.4005°
[[  38.654472   -574.89215     -26.28571   ]
 [ -15.133382    231.31616      21.71429   ]
 [   0.14928037    0.00977399    0.        ]
 [   0.            0.            0.1496    ]]

iter 07 cost=17.280471 -> 13.079595 |dtheta|=8.878278e-01  lambda=4.572e-06

============================================================
Iteration 8
============================================================
Theta offsets (Unity frame):
  Source   : dSx=   0.000, dSy=   0.000, dSz=   0.000  (mm)
  Object   : dOx= -12.007, dOy=   2.714, dOz=  -6.801  (mm)
  Object offset: offset_x=  -0.005, offset_z=  -0.010  (mm)
  Detector : dDx=   0.000, dDy=   0.000, dDz=   0.000  (mm)
  Obj Stage rotY :    3.746 deg
============================================================

Unity geometry (world coordinates):
  Source   : x=   1.000, y=  46.000, z=   0.000
  Object   : x=  -0.007, y=  19.714, z= 576.199
  Detector : x=   0.000, y=  -2.000, z= 808.000
  Obj rotY :   0.0000 deg
view   0 | SOD= 576.789 mm | SDD= 809.425 mm | M= 1.403 | incident=3.4005°
[[  38.654472   -574.89215     -26.28571   ]
 [ -15.133382    231.31616      21.71429   ]
 [   0.14928037    0.00977399    0.        ]
 [   0.            0.            0.1496    ]]
Residual vector length: 54, Jacobian shape: (54, 6)
view   0 | SOD= 575.697 mm | SDD= 809.425 mm | M= 1.406 | incident=3.4005°
[[  37.431107   -573.8791      -26.23911   ]
 [ -14.743215    232.43524      21.76089   ]
 [   0.14929964    0.00947522    0.        ]
 [   0.            0.            0.1496    ]]

iter 08 cost=13.079595 -> 9.925763 |dtheta|=1.111066e+00  lambda=1.524e-06

============================================================
Iteration 9
============================================================
Theta offsets (Unity frame):
  Source   : dSx=   0.000, dSy=   0.000, dSz=   0.000  (mm)
  Object   : dOx= -12.007, dOy=   2.761, dOz=  -7.905  (mm)
  Object offset: offset_x=  -0.001, offset_z=   0.003  (mm)
  Detector : dDx=   0.000, dDy=   0.000, dDz=   0.000  (mm)
  Obj Stage rotY :    3.631 deg
============================================================

Unity geometry (world coordinates):
  Source   : x=   1.000, y=  46.000, z=   0.000
  Object   : x=  -0.007, y=  19.761, z= 575.095
  Detector : x=   0.000, y=  -2.000, z= 808.000
  Obj rotY :   0.0000 deg
view   0 | SOD= 575.697 mm | SDD= 809.425 mm | M= 1.406 | incident=3.4005°
[[  37.431107   -573.8791      -26.23911   ]
 [ -14.743215    232.43524      21.76089   ]
 [   0.14929964    0.00947522    0.        ]
 [   0.            0.            0.1496    ]]
Residual vector length: 54, Jacobian shape: (54, 6)
view   0 | SOD= 574.780 mm | SDD= 809.425 mm | M= 1.408 | incident=3.4005°
[[  38.716652   -572.8753      -26.203709  ]
 [ -15.3519125   233.31425      21.796291  ]
 [   0.14927696    0.00982597    0.        ]
 [   0.            0.            0.1496    ]]

iter 09 cost=9.925763 -> 7.274094 |dtheta|=9.074647e-01  lambda=1.000e-06

============================================================
Iteration 10
============================================================
Theta offsets (Unity frame):
  Source   : dSx=   0.000, dSy=   0.000, dSz=   0.000  (mm)
  Object   : dOx= -11.998, dOy=   2.796, dOz=  -8.801  (mm)
  Object offset: offset_x=  -0.008, offset_z=  -0.017  (mm)
  Detector : dDx=   0.000, dDy=   0.000, dDz=   0.000  (mm)
  Obj Stage rotY :    3.766 deg
============================================================

Unity geometry (world coordinates):
  Source   : x=   1.000, y=  46.000, z=   0.000
  Object   : x=   0.002, y=  19.796, z= 574.199
  Detector : x=   0.000, y=  -2.000, z= 808.000
  Obj rotY :   0.0000 deg
view   0 | SOD= 574.780 mm | SDD= 809.425 mm | M= 1.408 | incident=3.4005°
[[  38.716652   -572.8753      -26.203709  ]
 [ -15.3519125   233.31425      21.796291  ]
 [   0.14927696    0.00982597    0.        ]
 [   0.            0.            0.1496    ]]
Residual vector length: 54, Jacobian shape: (54, 6)
view   0 | SOD= 573.523 mm | SDD= 809.425 mm | M= 1.411 | incident=3.4005°
[[  33.091843   -571.9707      -26.143045  ]
 [ -13.143551    234.706        21.856955  ]
 [   0.14936535    0.00837556    0.        ]
 [   0.            0.            0.1496    ]]

iter 10 cost=7.274094 -> 3.374163 |dtheta|=1.401701e+00  lambda=1.000e-06

============================================================
Iteration 11
============================================================
Theta offsets (Unity frame):
  Source   : dSx=   0.000, dSy=   0.000, dSz=   0.000  (mm)
  Object   : dOx= -12.009, dOy=   2.857, dOz= -10.086  (mm)
  Object offset: offset_x=  -0.009, offset_z=   0.012  (mm)
  Detector : dDx=   0.000, dDy=   0.000, dDz=   0.000  (mm)
  Obj Stage rotY :    3.209 deg
============================================================

Unity geometry (world coordinates):
  Source   : x=   1.000, y=  46.000, z=   0.000
  Object   : x=  -0.009, y=  19.857, z= 572.914
  Detector : x=   0.000, y=  -2.000, z= 808.000
  Obj rotY :   0.0000 deg
view   0 | SOD= 573.523 mm | SDD= 809.425 mm | M= 1.411 | incident=3.4005°
[[  33.091843   -571.9707      -26.143045  ]
 [ -13.143551    234.706        21.856955  ]
 [   0.14936535    0.00837556    0.        ]
 [   0.            0.            0.1496    ]]
Residual vector length: 54, Jacobian shape: (54, 6)
view   0 | SOD= 573.065 mm | SDD= 809.425 mm | M= 1.412 | incident=3.4005°
[[  31.934853   -571.5779      -26.111786  ]
 [ -12.724471    235.18759      21.888214  ]
 [   0.14938143    0.00808373    0.        ]
 [   0.            0.            0.1496    ]]

iter 11 cost=3.374163 -> 2.696735 |dtheta|=4.665237e-01  lambda=1.000e-06

============================================================
Iteration 12
============================================================
Theta offsets (Unity frame):
  Source   : dSx=   0.000, dSy=   0.000, dSz=   0.000  (mm)
  Object   : dOx= -12.007, dOy=   2.888, dOz= -10.538  (mm)
  Object offset: offset_x=   0.004, offset_z=   0.006  (mm)
  Detector : dDx=   0.000, dDy=   0.000, dDz=   0.000  (mm)
  Obj Stage rotY :    3.098 deg
============================================================

Unity geometry (world coordinates):
  Source   : x=   1.000, y=  46.000, z=   0.000
  Object   : x=  -0.007, y=  19.888, z= 572.462
  Detector : x=   0.000, y=  -2.000, z= 808.000
  Obj rotY :   0.0000 deg
view   0 | SOD= 573.065 mm | SDD= 809.425 mm | M= 1.412 | incident=3.4005°
[[  31.934853   -571.5779      -26.111786  ]
 [ -12.724471    235.18759      21.888214  ]
 [   0.14938143    0.00808373    0.        ]
 [   0.            0.            0.1496    ]]
Residual vector length: 54, Jacobian shape: (54, 6)
view   0 | SOD= 572.734 mm | SDD= 809.425 mm | M= 1.413 | incident=3.4005°
[[  31.711868   -571.25934     -26.097033  ]
 [ -12.658015    235.5221       21.902967  ]
 [   0.14938432    0.00803014    0.        ]
 [   0.            0.            0.1496    ]]

iter 12 cost=2.696735 -> 2.057786 |dtheta|=3.364448e-01  lambda=1.000e-06

============================================================
Iteration 13
============================================================
Theta offsets (Unity frame):
  Source   : dSx=   0.000, dSy=   0.000, dSz=   0.000  (mm)
  Object   : dOx= -12.001, dOy=   2.903, dOz= -10.873  (mm)
  Object offset: offset_x=  -0.001, offset_z=   0.011  (mm)
  Detector : dDx=   0.000, dDy=   0.000, dDz=   0.000  (mm)
  Obj Stage rotY :    3.077 deg
============================================================

Unity geometry (world coordinates):
  Source   : x=   1.000, y=  46.000, z=   0.000
  Object   : x=  -0.001, y=  19.903, z= 572.127
  Detector : x=   0.000, y=  -2.000, z= 808.000
  Obj rotY :   0.0000 deg
view   0 | SOD= 572.734 mm | SDD= 809.425 mm | M= 1.413 | incident=3.4005°
[[  31.711868   -571.25934     -26.097033  ]
 [ -12.658015    235.5221       21.902967  ]
 [   0.14938432    0.00803014    0.        ]
 [   0.            0.            0.1496    ]]
Residual vector length: 54, Jacobian shape: (54, 6)
view   0 | SOD= 572.610 mm | SDD= 809.425 mm | M= 1.414 | incident=3.4005°
[[  33.446667   -571.03687     -26.093397  ]
 [ -13.391914    235.60506      21.906603  ]
 [   0.14935905    0.00848724    0.        ]
 [   0.            0.            0.1496    ]]

iter 13 cost=2.057786 -> 1.818762 |dtheta|=2.064755e-01  lambda=1.000e-06

============================================================
Iteration 14
============================================================
Theta offsets (Unity frame):
  Source   : dSx=   0.000, dSy=   0.000, dSz=   0.000  (mm)
  Object   : dOx= -12.001, dOy=   2.907, dOz= -10.981  (mm)
  Object offset: offset_x=   0.005, offset_z=  -0.005  (mm)
  Detector : dDx=   0.000, dDy=   0.000, dDz=   0.000  (mm)
  Obj Stage rotY :    3.252 deg
============================================================

Unity geometry (world coordinates):
  Source   : x=   1.000, y=  46.000, z=   0.000
  Object   : x=  -0.001, y=  19.907, z= 572.019
  Detector : x=   0.000, y=  -2.000, z= 808.000
  Obj rotY :   0.0000 deg
view   0 | SOD= 572.610 mm | SDD= 809.425 mm | M= 1.414 | incident=3.4005°
[[  33.446667   -571.03687     -26.093397  ]
 [ -13.391914    235.60506      21.906603  ]
 [   0.14935905    0.00848724    0.        ]
 [   0.            0.            0.1496    ]]
Residual vector length: 54, Jacobian shape: (54, 6)
view   0 | SOD= 572.421 mm | SDD= 809.425 mm | M= 1.414 | incident=3.4005°
[[  33.375835   -570.85126     -26.08316   ]
 [ -13.372106    235.79588      21.91684   ]
 [   0.14936       0.00847046    0.        ]
 [   0.            0.            0.1496    ]]

iter 14 cost=1.818762 -> 1.496734 |dtheta|=2.002778e-01  lambda=1.000e-06

============================================================
Iteration 15
============================================================
Theta offsets (Unity frame):
  Source   : dSx=   0.000, dSy=   0.000, dSz=   0.000  (mm)
  Object   : dOx= -12.001, dOy=   2.917, dOz= -11.180  (mm)
  Object offset: offset_x=   0.001, offset_z=   0.006  (mm)
  Detector : dDx=   0.000, dDy=   0.000, dDz=   0.000  (mm)
  Obj Stage rotY :    3.246 deg
============================================================

Unity geometry (world coordinates):
  Source   : x=   1.000, y=  46.000, z=   0.000
  Object   : x=  -0.001, y=  19.917, z= 571.820
  Detector : x=   0.000, y=  -2.000, z= 808.000
  Obj rotY :   0.0000 deg
view   0 | SOD= 572.421 mm | SDD= 809.425 mm | M= 1.414 | incident=3.4005°
[[  33.375835   -570.85126     -26.08316   ]
 [ -13.372106    235.79588      21.91684   ]
 [   0.14936       0.00847046    0.        ]
 [   0.            0.            0.1496    ]]
Residual vector length: 54, Jacobian shape: (54, 6)
view   0 | SOD= 572.301 mm | SDD= 809.425 mm | M= 1.414 | incident=3.4005°
[[  33.80715   -570.7059     -26.07668  ]
 [ -13.555593   235.90541     21.92332  ]
 [   0.1493535    0.0085843    0.       ]
 [   0.           0.           0.1496   ]]

iter 15 cost=1.496734 -> 1.346266 |dtheta|=1.266310e-01  lambda=1.000e-06

============================================================
Iteration 16
============================================================
Theta offsets (Unity frame):
  Source   : dSx=   0.000, dSy=   0.000, dSz=   0.000  (mm)
  Object   : dOx= -12.001, dOy=   2.923, dOz= -11.299  (mm)
  Object offset: offset_x=  -0.002, offset_z=   0.004  (mm)
  Detector : dDx=   0.000, dDy=   0.000, dDz=   0.000  (mm)
  Obj Stage rotY :    3.290 deg
============================================================

Unity geometry (world coordinates):
  Source   : x=   1.000, y=  46.000, z=   0.000
  Object   : x=  -0.001, y=  19.923, z= 571.701
  Detector : x=   0.000, y=  -2.000, z= 808.000
  Obj rotY :   0.0000 deg
view   0 | SOD= 572.301 mm | SDD= 809.425 mm | M= 1.414 | incident=3.4005°
[[  33.80715   -570.7059     -26.07668  ]
 [ -13.555593   235.90541     21.92332  ]
 [   0.1493535    0.0085843    0.       ]
 [   0.           0.           0.1496   ]]
Residual vector length: 54, Jacobian shape: (54, 6)
view   0 | SOD= 572.114 mm | SDD= 809.425 mm | M= 1.415 | incident=3.4005°
[[  34.206245   -570.49554     -26.070723  ]
 [ -13.738187    236.08138      21.929277  ]
 [   0.14934728    0.008692      0.        ]
 [   0.            0.            0.1496    ]]

iter 16 cost=1.346266 -> 1.252109 |dtheta|=1.899080e-01  lambda=1.000e-06

============================================================
Iteration 17
============================================================
Theta offsets (Unity frame):
  Source   : dSx=   0.000, dSy=   0.000, dSz=   0.000  (mm)
  Object   : dOx= -12.002, dOy=   2.929, dOz= -11.484  (mm)
  Object offset: offset_x=   0.000, offset_z=   0.003  (mm)
  Detector : dDx=   0.000, dDy=   0.000, dDz=   0.000  (mm)
  Obj Stage rotY :    3.331 deg
============================================================

Unity geometry (world coordinates):
  Source   : x=   1.000, y=  46.000, z=   0.000
  Object   : x=  -0.002, y=  19.929, z= 571.516
  Detector : x=   0.000, y=  -2.000, z= 808.000
  Obj rotY :   0.0000 deg
view   0 | SOD= 572.114 mm | SDD= 809.425 mm | M= 1.415 | incident=3.4005°
[[  34.206245   -570.49554     -26.070723  ]
 [ -13.738187    236.08138      21.929277  ]
 [   0.14934728    0.008692      0.        ]
 [   0.            0.            0.1496    ]]
Residual vector length: 54, Jacobian shape: (54, 6)
view   0 | SOD= 571.816 mm | SDD= 809.425 mm | M= 1.416 | incident=3.4005°
[[  32.667168   -570.2867      -26.058527  ]
 [ -13.12683     236.4152       21.941473  ]
 [   0.14936991    0.00829383    0.        ]
 [   0.            0.            0.1496    ]]

iter 17 cost=1.252109 -> 1.014015 |dtheta|=3.385147e-01  lambda=1.000e-06

============================================================
Iteration 18
============================================================
Theta offsets (Unity frame):
  Source   : dSx=   0.000, dSy=   0.000, dSz=   0.000  (mm)
  Object   : dOx= -12.000, dOy=   2.941, dOz= -11.786  (mm)
  Object offset: offset_x=   0.000, offset_z=   0.007  (mm)
  Detector : dDx=   0.000, dDy=   0.000, dDz=   0.000  (mm)
  Obj Stage rotY :    3.178 deg
============================================================

Unity geometry (world coordinates):
  Source   : x=   1.000, y=  46.000, z=   0.000
  Object   : x=  -0.000, y=  19.941, z= 571.214
  Detector : x=   0.000, y=  -2.000, z= 808.000
  Obj rotY :   0.0000 deg
view   0 | SOD= 571.816 mm | SDD= 809.425 mm | M= 1.416 | incident=3.4005°
[[  32.667168   -570.2867      -26.058527  ]
 [ -13.12683     236.4152       21.941473  ]
 [   0.14936991    0.00829383    0.        ]
 [   0.            0.            0.1496    ]]
Residual vector length: 54, Jacobian shape: (54, 6)
view   0 | SOD= 571.785 mm | SDD= 809.425 mm | M= 1.416 | incident=3.4005°
[[  32.813354   -570.2474      -26.052917  ]
 [ -13.185415    236.44283      21.947083  ]
 [   0.14936781    0.00833174    0.        ]
 [   0.            0.            0.1496    ]]

iter 18 cost=1.014015 -> 0.809854 |dtheta|=3.553211e-02  lambda=1.000e-06

============================================================
Iteration 19
============================================================
Theta offsets (Unity frame):
  Source   : dSx=   0.000, dSy=   0.000, dSz=   0.000  (mm)
  Object   : dOx= -12.002, dOy=   2.947, dOz= -11.818  (mm)
  Object offset: offset_x=  -0.001, offset_z=   0.008  (mm)
  Detector : dDx=   0.000, dDy=   0.000, dDz=   0.000  (mm)
  Obj Stage rotY :    3.193 deg
============================================================

Unity geometry (world coordinates):
  Source   : x=   1.000, y=  46.000, z=   0.000
  Object   : x=  -0.002, y=  19.947, z= 571.182
  Detector : x=   0.000, y=  -2.000, z= 808.000
  Obj rotY :   0.0000 deg
view   0 | SOD= 571.785 mm | SDD= 809.425 mm | M= 1.416 | incident=3.4005°
[[  32.813354   -570.2474      -26.052917  ]
 [ -13.185415    236.44283      21.947083  ]
 [   0.14936781    0.00833174    0.        ]
 [   0.            0.            0.1496    ]]
Residual vector length: 54, Jacobian shape: (54, 6)
view   0 | SOD= 571.642 mm | SDD= 809.425 mm | M= 1.416 | incident=3.4004°
[[  32.679523   -570.11224     -26.046425  ]
 [ -13.141884    236.5881       21.953575  ]
 [   0.14936964    0.0082989     0.        ]
 [   0.            0.            0.1496    ]]

iter 19 cost=0.809854 -> 0.733459 |dtheta|=1.435719e-01  lambda=1.000e-06

============================================================
Iteration 20
============================================================
Theta offsets (Unity frame):
  Source   : dSx=   0.000, dSy=   0.000, dSz=   0.000  (mm)
  Object   : dOx= -12.002, dOy=   2.954, dOz= -11.961  (mm)
  Object offset: offset_x=  -0.001, offset_z=   0.008  (mm)
  Detector : dDx=   0.000, dDy=   0.000, dDz=   0.000  (mm)
  Obj Stage rotY :    3.180 deg
============================================================

Unity geometry (world coordinates):
  Source   : x=   1.000, y=  46.000, z=   0.000
  Object   : x=  -0.002, y=  19.954, z= 571.039
  Detector : x=   0.000, y=  -2.000, z= 808.000
  Obj rotY :   0.0000 deg
view   0 | SOD= 571.642 mm | SDD= 809.425 mm | M= 1.416 | incident=3.4004°
[[  32.679523   -570.11224     -26.046425  ]
 [ -13.141884    236.5881       21.953575  ]
 [   0.14936964    0.0082989     0.        ]
 [   0.            0.            0.1496    ]]
Residual vector length: 54, Jacobian shape: (54, 6)
view   0 | SOD= 571.504 mm | SDD= 809.425 mm | M= 1.416 | incident=3.4005°
[[  33.061962   -569.95233     -26.040882  ]
 [ -13.309607    236.71652      21.959118  ]
 [   0.14936393    0.00840077    0.        ]
 [   0.            0.            0.1496    ]]

iter 20 cost=0.733459 -> 0.599603 |dtheta|=1.403914e-01  lambda=1.000e-06

============================================================
Iteration 21
============================================================
Theta offsets (Unity frame):
  Source   : dSx=   0.000, dSy=   0.000, dSz=   0.000  (mm)
  Object   : dOx= -12.000, dOy=   2.959, dOz= -12.095  (mm)
  Object offset: offset_x=  -0.004, offset_z=   0.005  (mm)
  Detector : dDx=   0.000, dDy=   0.000, dDz=   0.000  (mm)
  Obj Stage rotY :    3.219 deg
============================================================

Unity geometry (world coordinates):
  Source   : x=   1.000, y=  46.000, z=   0.000
  Object   : x=   0.000, y=  19.959, z= 570.905
  Detector : x=   0.000, y=  -2.000, z= 808.000
  Obj rotY :   0.0000 deg
view   0 | SOD= 571.504 mm | SDD= 809.425 mm | M= 1.416 | incident=3.4005°
[[  33.061962   -569.95233     -26.040882  ]
 [ -13.309607    236.71652      21.959118  ]
 [   0.14936393    0.00840077    0.        ]
 [   0.            0.            0.1496    ]]
Residual vector length: 54, Jacobian shape: (54, 6)
view   0 | SOD= 571.383 mm | SDD= 809.425 mm | M= 1.417 | incident=3.4005°
[[  32.742496   -569.8493      -26.034826  ]
 [ -13.185746    236.84491      21.965174  ]
 [   0.14936854    0.00831868    0.        ]
 [   0.            0.            0.1496    ]]

iter 21 cost=0.599603 -> 0.543431 |dtheta|=1.267686e-01  lambda=1.000e-06

============================================================
Iteration 22
============================================================
Theta offsets (Unity frame):
  Source   : dSx=   0.000, dSy=   0.000, dSz=   0.000  (mm)
  Object   : dOx= -12.001, dOy=   2.965, dOz= -12.218  (mm)
  Object offset: offset_x=  -0.004, offset_z=   0.006  (mm)
  Detector : dDx=   0.000, dDy=   0.000, dDz=   0.000  (mm)
  Obj Stage rotY :    3.188 deg
============================================================

Unity geometry (world coordinates):
  Source   : x=   1.000, y=  46.000, z=   0.000
  Object   : x=  -0.001, y=  19.965, z= 570.782
  Detector : x=   0.000, y=  -2.000, z= 808.000
  Obj rotY :   0.0000 deg
view   0 | SOD= 571.383 mm | SDD= 809.425 mm | M= 1.417 | incident=3.4005°
[[  32.742496   -569.8493      -26.034826  ]
 [ -13.185746    236.84491      21.965174  ]
 [   0.14936854    0.00831868    0.        ]
 [   0.            0.            0.1496    ]]
Residual vector length: 54, Jacobian shape: (54, 6)
view   0 | SOD= 571.316 mm | SDD= 809.425 mm | M= 1.417 | incident=3.4005°
[[  34.48331    -569.6795      -26.030993  ]
 [ -13.91117     236.87054      21.969007  ]
 [   0.1493424     0.00877534    0.        ]
 [   0.            0.            0.1496    ]]

iter 22 cost=0.543431 -> 0.555512 |dtheta|=1.860961e-01  lambda=1.000e-06

============================================================
Iteration 23
============================================================
Theta offsets (Unity frame):
  Source   : dSx=   0.000, dSy=   0.000, dSz=   0.000  (mm)
  Object   : dOx= -12.001, dOy=   2.965, dOz= -12.218  (mm)
  Object offset: offset_x=  -0.004, offset_z=   0.006  (mm)
  Detector : dDx=   0.000, dDy=   0.000, dDz=   0.000  (mm)
  Obj Stage rotY :    3.188 deg
============================================================

Unity geometry (world coordinates):
  Source   : x=   1.000, y=  46.000, z=   0.000
  Object   : x=  -0.001, y=  19.965, z= 570.782
  Detector : x=   0.000, y=  -2.000, z= 808.000
  Obj rotY :   0.0000 deg
view   0 | SOD= 571.383 mm | SDD= 809.425 mm | M= 1.417 | incident=3.4005°
[[  32.742496   -569.8493      -26.034826  ]
 [ -13.185746    236.84491      21.965174  ]
 [   0.14936854    0.00831868    0.        ]
 [   0.            0.            0.1496    ]]
Residual vector length: 54, Jacobian shape: (54, 6)
view   0 | SOD= 571.316 mm | SDD= 809.425 mm | M= 1.417 | incident=3.4005°
[[  34.483307   -569.6795      -26.030993  ]
 [ -13.91117     236.87054      21.969007  ]
 [   0.1493424     0.00877534    0.        ]
 [   0.            0.            0.1496    ]]

iter 23 cost=0.543431 -> 0.555512 |dtheta|=1.860960e-01  lambda=5.000e-06

============================================================
Iteration 24
============================================================
Theta offsets (Unity frame):
  Source   : dSx=   0.000, dSy=   0.000, dSz=   0.000  (mm)
  Object   : dOx= -12.001, dOy=   2.965, dOz= -12.218  (mm)
  Object offset: offset_x=  -0.004, offset_z=   0.006  (mm)
  Detector : dDx=   0.000, dDy=   0.000, dDz=   0.000  (mm)
  Obj Stage rotY :    3.188 deg
============================================================

Unity geometry (world coordinates):
  Source   : x=   1.000, y=  46.000, z=   0.000
  Object   : x=  -0.001, y=  19.965, z= 570.782
  Detector : x=   0.000, y=  -2.000, z= 808.000
  Obj rotY :   0.0000 deg
view   0 | SOD= 571.383 mm | SDD= 809.425 mm | M= 1.417 | incident=3.4005°
[[  32.742496   -569.8493      -26.034826  ]
 [ -13.185746    236.84491      21.965174  ]
 [   0.14936854    0.00831868    0.        ]
 [   0.            0.            0.1496    ]]
Residual vector length: 54, Jacobian shape: (54, 6)
view   0 | SOD= 571.316 mm | SDD= 809.425 mm | M= 1.417 | incident=3.4005°
[[  34.483303   -569.6795      -26.030993  ]
 [ -13.911168    236.87054      21.969007  ]
 [   0.1493424     0.00877533    0.        ]
 [   0.            0.            0.1496    ]]

iter 24 cost=0.543431 -> 0.555512 |dtheta|=1.860956e-01  lambda=2.500e-05

============================================================
Iteration 25
============================================================
Theta offsets (Unity frame):
  Source   : dSx=   0.000, dSy=   0.000, dSz=   0.000  (mm)
  Object   : dOx= -12.001, dOy=   2.965, dOz= -12.218  (mm)
  Object offset: offset_x=  -0.004, offset_z=   0.006  (mm)
  Detector : dDx=   0.000, dDy=   0.000, dDz=   0.000  (mm)
  Obj Stage rotY :    3.188 deg
============================================================

Unity geometry (world coordinates):
  Source   : x=   1.000, y=  46.000, z=   0.000
  Object   : x=  -0.001, y=  19.965, z= 570.782
  Detector : x=   0.000, y=  -2.000, z= 808.000
  Obj rotY :   0.0000 deg
view   0 | SOD= 571.383 mm | SDD= 809.425 mm | M= 1.417 | incident=3.4005°
[[  32.742496   -569.8493      -26.034826  ]
 [ -13.185746    236.84491      21.965174  ]
 [   0.14936854    0.00831868    0.        ]
 [   0.            0.            0.1496    ]]
Residual vector length: 54, Jacobian shape: (54, 6)
view   0 | SOD= 571.316 mm | SDD= 809.425 mm | M= 1.417 | incident=3.4005°
[[  34.483284   -569.6795      -26.030993  ]
 [ -13.9111595   236.87054      21.969007  ]
 [   0.1493424     0.00877533    0.        ]
 [   0.            0.            0.1496    ]]

iter 25 cost=0.543431 -> 0.555512 |dtheta|=1.860932e-01  lambda=1.250e-04

============================================================
Iteration 26
============================================================
Theta offsets (Unity frame):
  Source   : dSx=   0.000, dSy=   0.000, dSz=   0.000  (mm)
  Object   : dOx= -12.001, dOy=   2.965, dOz= -12.218  (mm)
  Object offset: offset_x=  -0.004, offset_z=   0.006  (mm)
  Detector : dDx=   0.000, dDy=   0.000, dDz=   0.000  (mm)
  Obj Stage rotY :    3.188 deg
============================================================

Unity geometry (world coordinates):
  Source   : x=   1.000, y=  46.000, z=   0.000
  Object   : x=  -0.001, y=  19.965, z= 570.782
  Detector : x=   0.000, y=  -2.000, z= 808.000
  Obj rotY :   0.0000 deg
view   0 | SOD= 571.383 mm | SDD= 809.425 mm | M= 1.417 | incident=3.4005°
[[  32.742496   -569.8493      -26.034826  ]
 [ -13.185746    236.84491      21.965174  ]
 [   0.14936854    0.00831868    0.        ]
 [   0.            0.            0.1496    ]]
Residual vector length: 54, Jacobian shape: (54, 6)
view   0 | SOD= 571.316 mm | SDD= 809.425 mm | M= 1.417 | incident=3.4005°
[[  34.483173  -569.6795     -26.030993 ]
 [ -13.911114   236.87054     21.969007 ]
 [   0.1493424    0.0087753    0.       ]
 [   0.           0.           0.1496   ]]

iter 26 cost=0.543431 -> 0.555512 |dtheta|=1.860814e-01  lambda=6.250e-04

============================================================
Iteration 27
============================================================
Theta offsets (Unity frame):
  Source   : dSx=   0.000, dSy=   0.000, dSz=   0.000  (mm)
  Object   : dOx= -12.001, dOy=   2.965, dOz= -12.218  (mm)
  Object offset: offset_x=  -0.004, offset_z=   0.006  (mm)
  Detector : dDx=   0.000, dDy=   0.000, dDz=   0.000  (mm)
  Obj Stage rotY :    3.188 deg
============================================================

Unity geometry (world coordinates):
  Source   : x=   1.000, y=  46.000, z=   0.000
  Object   : x=  -0.001, y=  19.965, z= 570.782
  Detector : x=   0.000, y=  -2.000, z= 808.000
  Obj rotY :   0.0000 deg
view   0 | SOD= 571.383 mm | SDD= 809.425 mm | M= 1.417 | incident=3.4005°
[[  32.742496   -569.8493      -26.034826  ]
 [ -13.185746    236.84491      21.965174  ]
 [   0.14936854    0.00831868    0.        ]
 [   0.            0.            0.1496    ]]
Residual vector length: 54, Jacobian shape: (54, 6)
view   0 | SOD= 571.316 mm | SDD= 809.425 mm | M= 1.417 | incident=3.4005°
[[  34.482624   -569.67957     -26.030993  ]
 [ -13.910886    236.87056      21.969007  ]
 [   0.14934242    0.00877516    0.        ]
 [   0.            0.            0.1496    ]]

iter 27 cost=0.543431 -> 0.555512 |dtheta|=1.860224e-01  lambda=3.125e-03

============================================================
Iteration 28
============================================================
Theta offsets (Unity frame):
  Source   : dSx=   0.000, dSy=   0.000, dSz=   0.000  (mm)
  Object   : dOx= -12.001, dOy=   2.965, dOz= -12.218  (mm)
  Object offset: offset_x=  -0.004, offset_z=   0.006  (mm)
  Detector : dDx=   0.000, dDy=   0.000, dDz=   0.000  (mm)
  Obj Stage rotY :    3.188 deg
============================================================

Unity geometry (world coordinates):
  Source   : x=   1.000, y=  46.000, z=   0.000
  Object   : x=  -0.001, y=  19.965, z= 570.782
  Detector : x=   0.000, y=  -2.000, z= 808.000
  Obj rotY :   0.0000 deg
view   0 | SOD= 571.383 mm | SDD= 809.425 mm | M= 1.417 | incident=3.4005°
[[  32.742496   -569.8493      -26.034826  ]
 [ -13.185746    236.84491      21.965174  ]
 [   0.14936854    0.00831868    0.        ]
 [   0.            0.            0.1496    ]]
Residual vector length: 54, Jacobian shape: (54, 6)
view   0 | SOD= 571.316 mm | SDD= 809.425 mm | M= 1.417 | incident=3.4005°
[[  34.4799     -569.6799      -26.030998  ]
 [ -13.90974     236.87044      21.969002  ]
 [   0.14934246    0.00877444    0.        ]
 [   0.            0.            0.1496    ]]

iter 28 cost=0.543431 -> 0.555512 |dtheta|=1.857281e-01  lambda=1.562e-02

============================================================
Iteration 29
============================================================
Theta offsets (Unity frame):
  Source   : dSx=   0.000, dSy=   0.000, dSz=   0.000  (mm)
  Object   : dOx= -12.001, dOy=   2.965, dOz= -12.218  (mm)
  Object offset: offset_x=  -0.004, offset_z=   0.006  (mm)
  Detector : dDx=   0.000, dDy=   0.000, dDz=   0.000  (mm)
  Obj Stage rotY :    3.188 deg
============================================================

Unity geometry (world coordinates):
  Source   : x=   1.000, y=  46.000, z=   0.000
  Object   : x=  -0.001, y=  19.965, z= 570.782
  Detector : x=   0.000, y=  -2.000, z= 808.000
  Obj rotY :   0.0000 deg
view   0 | SOD= 571.383 mm | SDD= 809.425 mm | M= 1.417 | incident=3.4005°
[[  32.742496   -569.8493      -26.034826  ]
 [ -13.185746    236.84491      21.965174  ]
 [   0.14936854    0.00831868    0.        ]
 [   0.            0.            0.1496    ]]
Residual vector length: 54, Jacobian shape: (54, 6)
view   0 | SOD= 571.316 mm | SDD= 809.425 mm | M= 1.417 | incident=3.4005°
[[  34.466377   -569.6813      -26.031021  ]
 [ -13.904088    236.87022      21.968979  ]
 [   0.14934267    0.00877089    0.        ]
 [   0.            0.            0.1496    ]]

iter 29 cost=0.543431 -> 0.555512 |dtheta|=1.842703e-01  lambda=7.812e-02

============================================================
Iteration 30
============================================================
Theta offsets (Unity frame):
  Source   : dSx=   0.000, dSy=   0.000, dSz=   0.000  (mm)
  Object   : dOx= -12.001, dOy=   2.965, dOz= -12.218  (mm)
  Object offset: offset_x=  -0.004, offset_z=   0.006  (mm)
  Detector : dDx=   0.000, dDy=   0.000, dDz=   0.000  (mm)
  Obj Stage rotY :    3.188 deg
============================================================

Unity geometry (world coordinates):
  Source   : x=   1.000, y=  46.000, z=   0.000
  Object   : x=  -0.001, y=  19.965, z= 570.782
  Detector : x=   0.000, y=  -2.000, z= 808.000
  Obj rotY :   0.0000 deg
view   0 | SOD= 571.383 mm | SDD= 809.425 mm | M= 1.417 | incident=3.4005°
[[  32.742496   -569.8493      -26.034826  ]
 [ -13.185746    236.84491      21.965174  ]
 [   0.14936854    0.00831868    0.        ]
 [   0.            0.            0.1496    ]]
Residual vector length: 54, Jacobian shape: (54, 6)
view   0 | SOD= 571.319 mm | SDD= 809.425 mm | M= 1.417 | incident=3.4005°
[[  34.4018     -569.68774     -26.03113   ]
 [ -13.877089    236.86925      21.96887   ]
 [   0.14934365    0.00875393    0.        ]
 [   0.            0.            0.1496    ]]

iter 30 cost=0.543431 -> 0.551604 |dtheta|=1.773117e-01  lambda=3.906e-01

============================================================
Iteration 31
============================================================
Theta offsets (Unity frame):
  Source   : dSx=   0.000, dSy=   0.000, dSz=   0.000  (mm)
  Object   : dOx= -12.001, dOy=   2.965, dOz= -12.218  (mm)
  Object offset: offset_x=  -0.004, offset_z=   0.006  (mm)
  Detector : dDx=   0.000, dDy=   0.000, dDz=   0.000  (mm)
  Obj Stage rotY :    3.188 deg
============================================================

Unity geometry (world coordinates):
  Source   : x=   1.000, y=  46.000, z=   0.000
  Object   : x=  -0.001, y=  19.965, z= 570.782
  Detector : x=   0.000, y=  -2.000, z= 808.000
  Obj rotY :   0.0000 deg
view   0 | SOD= 571.383 mm | SDD= 809.425 mm | M= 1.417 | incident=3.4005°
[[  32.742496   -569.8493      -26.034826  ]
 [ -13.185746    236.84491      21.965174  ]
 [   0.14936854    0.00831868    0.        ]
 [   0.            0.            0.1496    ]]
Residual vector length: 54, Jacobian shape: (54, 6)
view   0 | SOD= 571.329 mm | SDD= 809.425 mm | M= 1.417 | incident=3.4005°
[[  34.139835   -569.7138      -26.031565  ]
 [ -13.767593    236.8653       21.968435  ]
 [   0.14934768    0.00868515    0.        ]
 [   0.            0.            0.1496    ]]

iter 31 cost=0.543431 -> 0.551705 |dtheta|=1.491536e-01  lambda=1.953e+00

============================================================
Iteration 32
============================================================
Theta offsets (Unity frame):
  Source   : dSx=   0.000, dSy=   0.000, dSz=   0.000  (mm)
  Object   : dOx= -12.001, dOy=   2.965, dOz= -12.218  (mm)
  Object offset: offset_x=  -0.004, offset_z=   0.006  (mm)
  Detector : dDx=   0.000, dDy=   0.000, dDz=   0.000  (mm)
  Obj Stage rotY :    3.188 deg
============================================================

Unity geometry (world coordinates):
  Source   : x=   1.000, y=  46.000, z=   0.000
  Object   : x=  -0.001, y=  19.965, z= 570.782
  Detector : x=   0.000, y=  -2.000, z= 808.000
  Obj rotY :   0.0000 deg
view   0 | SOD= 571.383 mm | SDD= 809.425 mm | M= 1.417 | incident=3.4005°
[[  32.742496   -569.8493      -26.034826  ]
 [ -13.185746    236.84491      21.965174  ]
 [   0.14936854    0.00831868    0.        ]
 [   0.            0.            0.1496    ]]
Residual vector length: 54, Jacobian shape: (54, 6)
view   0 | SOD= 571.353 mm | SDD= 809.425 mm | M= 1.417 | incident=3.4005°
[[  33.523113   -569.7739      -26.032562  ]
 [ -13.50994     236.85666      21.967438  ]
 [   0.149357      0.00852325    0.        ]
 [   0.            0.            0.1496    ]]

iter 32 cost=0.543431 -> 0.568599 |dtheta|=8.315516e-02  lambda=9.766e+00

============================================================
Iteration 33
============================================================
Theta offsets (Unity frame):
  Source   : dSx=   0.000, dSy=   0.000, dSz=   0.000  (mm)
  Object   : dOx= -12.001, dOy=   2.965, dOz= -12.218  (mm)
  Object offset: offset_x=  -0.004, offset_z=   0.006  (mm)
  Detector : dDx=   0.000, dDy=   0.000, dDz=   0.000  (mm)
  Obj Stage rotY :    3.188 deg
============================================================

Unity geometry (world coordinates):
  Source   : x=   1.000, y=  46.000, z=   0.000
  Object   : x=  -0.001, y=  19.965, z= 570.782
  Detector : x=   0.000, y=  -2.000, z= 808.000
  Obj rotY :   0.0000 deg
view   0 | SOD= 571.383 mm | SDD= 809.425 mm | M= 1.417 | incident=3.4005°
[[  32.742496   -569.8493      -26.034826  ]
 [ -13.185746    236.84491      21.965174  ]
 [   0.14936854    0.00831868    0.        ]
 [   0.            0.            0.1496    ]]
Residual vector length: 54, Jacobian shape: (54, 6)
view   0 | SOD= 571.373 mm | SDD= 809.425 mm | M= 1.417 | incident=3.4005°
[[  32.986336   -569.8252      -26.033424  ]
 [ -13.28581     236.84941      21.966576  ]
 [   0.14936498    0.00838236    0.        ]
 [   0.            0.            0.1496    ]]

iter 33 cost=0.543431 -> 0.581846 |dtheta|=2.594610e-02  lambda=4.883e+01

============================================================
Iteration 34
============================================================
Theta offsets (Unity frame):
  Source   : dSx=   0.000, dSy=   0.000, dSz=   0.000  (mm)
  Object   : dOx= -12.001, dOy=   2.965, dOz= -12.218  (mm)
  Object offset: offset_x=  -0.004, offset_z=   0.006  (mm)
  Detector : dDx=   0.000, dDy=   0.000, dDz=   0.000  (mm)
  Obj Stage rotY :    3.188 deg
============================================================

Unity geometry (world coordinates):
  Source   : x=   1.000, y=  46.000, z=   0.000
  Object   : x=  -0.001, y=  19.965, z= 570.782
  Detector : x=   0.000, y=  -2.000, z= 808.000
  Obj rotY :   0.0000 deg
view   0 | SOD= 571.383 mm | SDD= 809.425 mm | M= 1.417 | incident=3.4005°
[[  32.742496   -569.8493      -26.034826  ]
 [ -13.185746    236.84491      21.965174  ]
 [   0.14936854    0.00831868    0.        ]
 [   0.            0.            0.1496    ]]
Residual vector length: 54, Jacobian shape: (54, 6)
view   0 | SOD= 571.380 mm | SDD= 809.425 mm | M= 1.417 | incident=3.4005°
[[  32.798054   -569.8431      -26.033817  ]
 [ -13.207323    236.84677      21.966183  ]
 [   0.14936773    0.00833297    0.        ]
 [   0.            0.            0.1496    ]]

iter 34 cost=0.543431 -> 0.575907 |dtheta|=6.067638e-03  lambda=2.441e+02

============================================================
Iteration 35
============================================================
Theta offsets (Unity frame):
  Source   : dSx=   0.000, dSy=   0.000, dSz=   0.000  (mm)
  Object   : dOx= -12.001, dOy=   2.965, dOz= -12.218  (mm)
  Object offset: offset_x=  -0.004, offset_z=   0.006  (mm)
  Detector : dDx=   0.000, dDy=   0.000, dDz=   0.000  (mm)
  Obj Stage rotY :    3.188 deg
============================================================

Unity geometry (world coordinates):
  Source   : x=   1.000, y=  46.000, z=   0.000
  Object   : x=  -0.001, y=  19.965, z= 570.782
  Detector : x=   0.000, y=  -2.000, z= 808.000
  Obj rotY :   0.0000 deg
view   0 | SOD= 571.383 mm | SDD= 809.425 mm | M= 1.417 | incident=3.4005°
[[  32.742496   -569.8493      -26.034826  ]
 [ -13.185746    236.84491      21.965174  ]
 [   0.14936854    0.00831868    0.        ]
 [   0.            0.            0.1496    ]]
Residual vector length: 54, Jacobian shape: (54, 6)
view   0 | SOD= 571.382 mm | SDD= 809.425 mm | M= 1.417 | incident=3.4005°
[[  32.754395   -569.84766     -26.034187  ]
 [ -13.189517    236.84569      21.965813  ]
 [   0.14936838    0.00832159    0.        ]
 [   0.            0.            0.1496    ]]

iter 35 cost=0.543431 -> 0.571019 |dtheta|=1.631050e-03  lambda=1.221e+03

============================================================
Iteration 36
============================================================
Theta offsets (Unity frame):
  Source   : dSx=   0.000, dSy=   0.000, dSz=   0.000  (mm)
  Object   : dOx= -12.001, dOy=   2.965, dOz= -12.218  (mm)
  Object offset: offset_x=  -0.004, offset_z=   0.006  (mm)
  Detector : dDx=   0.000, dDy=   0.000, dDz=   0.000  (mm)
  Obj Stage rotY :    3.188 deg
============================================================

Unity geometry (world coordinates):
  Source   : x=   1.000, y=  46.000, z=   0.000
  Object   : x=  -0.001, y=  19.965, z= 570.782
  Detector : x=   0.000, y=  -2.000, z= 808.000
  Obj rotY :   0.0000 deg
view   0 | SOD= 571.383 mm | SDD= 809.425 mm | M= 1.417 | incident=3.4005°
[[  32.742496   -569.8493      -26.034826  ]
 [ -13.185746    236.84491      21.965174  ]
 [   0.14936854    0.00831868    0.        ]
 [   0.            0.            0.1496    ]]
Residual vector length: 54, Jacobian shape: (54, 6)
view   0 | SOD= 571.382 mm | SDD= 809.425 mm | M= 1.417 | incident=3.4005°
[[  32.745052   -569.84894     -26.034588  ]
 [ -13.186304    236.84512      21.965412  ]
 [   0.14936851    0.00831926    0.        ]
 [   0.            0.            0.1496    ]]

iter 36 cost=0.543431 -> 0.550473 |dtheta|=4.815569e-04  lambda=6.104e+03

============================================================
Iteration 37
============================================================
Theta offsets (Unity frame):
  Source   : dSx=   0.000, dSy=   0.000, dSz=   0.000  (mm)
  Object   : dOx= -12.001, dOy=   2.965, dOz= -12.218  (mm)
  Object offset: offset_x=  -0.004, offset_z=   0.006  (mm)
  Detector : dDx=   0.000, dDy=   0.000, dDz=   0.000  (mm)
  Obj Stage rotY :    3.188 deg
============================================================

Unity geometry (world coordinates):
  Source   : x=   1.000, y=  46.000, z=   0.000
  Object   : x=  -0.001, y=  19.965, z= 570.782
  Detector : x=   0.000, y=  -2.000, z= 808.000
  Obj rotY :   0.0000 deg
view   0 | SOD= 571.383 mm | SDD= 809.425 mm | M= 1.417 | incident=3.4005°
[[  32.742496   -569.8493      -26.034826  ]
 [ -13.185746    236.84491      21.965174  ]
 [   0.14936854    0.00831868    0.        ]
 [   0.            0.            0.1496    ]]
Residual vector length: 54, Jacobian shape: (54, 6)
view   0 | SOD= 571.383 mm | SDD= 809.425 mm | M= 1.417 | incident=3.4005°
[[  32.743023   -569.8492      -26.03477   ]
 [ -13.185841    236.84503      21.96523   ]
 [   0.14936852    0.0083188     0.        ]
 [   0.            0.            0.1496    ]]

iter 37 cost=0.543431 -> 0.564075 |dtheta|=1.130025e-04  lambda=3.052e+04

============================================================
Iteration 38
============================================================
Theta offsets (Unity frame):
  Source   : dSx=   0.000, dSy=   0.000, dSz=   0.000  (mm)
  Object   : dOx= -12.001, dOy=   2.965, dOz= -12.218  (mm)
  Object offset: offset_x=  -0.004, offset_z=   0.006  (mm)
  Detector : dDx=   0.000, dDy=   0.000, dDz=   0.000  (mm)
  Obj Stage rotY :    3.188 deg
============================================================

Unity geometry (world coordinates):
  Source   : x=   1.000, y=  46.000, z=   0.000
  Object   : x=  -0.001, y=  19.965, z= 570.782
  Detector : x=   0.000, y=  -2.000, z= 808.000
  Obj rotY :   0.0000 deg
view   0 | SOD= 571.383 mm | SDD= 809.425 mm | M= 1.417 | incident=3.4005°
[[  32.742496   -569.8493      -26.034826  ]
 [ -13.185746    236.84491      21.965174  ]
 [   0.14936854    0.00831868    0.        ]
 [   0.            0.            0.1496    ]]
Residual vector length: 54, Jacobian shape: (54, 6)
view   0 | SOD= 571.383 mm | SDD= 809.425 mm | M= 1.417 | incident=3.4005°
[[  32.742603   -569.8493      -26.034815  ]
 [ -13.185762    236.84491      21.965185  ]
 [   0.14936854    0.00831871    0.        ]
 [   0.            0.            0.1496    ]]

iter 38 cost=0.543431 -> 0.551942 |dtheta|=2.349358e-05  lambda=1.526e+05

============================================================
Iteration 39
============================================================
Theta offsets (Unity frame):
  Source   : dSx=   0.000, dSy=   0.000, dSz=   0.000  (mm)
  Object   : dOx= -12.001, dOy=   2.965, dOz= -12.218  (mm)
  Object offset: offset_x=  -0.004, offset_z=   0.006  (mm)
  Detector : dDx=   0.000, dDy=   0.000, dDz=   0.000  (mm)
  Obj Stage rotY :    3.188 deg
============================================================

Unity geometry (world coordinates):
  Source   : x=   1.000, y=  46.000, z=   0.000
  Object   : x=  -0.001, y=  19.965, z= 570.782
  Detector : x=   0.000, y=  -2.000, z= 808.000
  Obj rotY :   0.0000 deg
view   0 | SOD= 571.383 mm | SDD= 809.425 mm | M= 1.417 | incident=3.4005°
[[  32.742496   -569.8493      -26.034826  ]
 [ -13.185746    236.84491      21.965174  ]
 [   0.14936854    0.00831868    0.        ]
 [   0.            0.            0.1496    ]]
Residual vector length: 54, Jacobian shape: (54, 6)
view   0 | SOD= 571.383 mm | SDD= 809.425 mm | M= 1.417 | incident=3.4005°
[[  32.742516   -569.8493      -26.034824  ]
 [ -13.185749    236.84491      21.965176  ]
 [   0.14936854    0.00831869    0.        ]
 [   0.            0.            0.1496    ]]

iter 39 cost=0.543431 -> 0.543431 |dtheta|=4.736860e-06  lambda=7.629e+05

============================================================
Iteration 40
============================================================
Theta offsets (Unity frame):
  Source   : dSx=   0.000, dSy=   0.000, dSz=   0.000  (mm)
  Object   : dOx= -12.001, dOy=   2.965, dOz= -12.218  (mm)
  Object offset: offset_x=  -0.004, offset_z=   0.006  (mm)
  Detector : dDx=   0.000, dDy=   0.000, dDz=   0.000  (mm)
  Obj Stage rotY :    3.188 deg
============================================================

Unity geometry (world coordinates):
  Source   : x=   1.000, y=  46.000, z=   0.000
  Object   : x=  -0.001, y=  19.965, z= 570.782
  Detector : x=   0.000, y=  -2.000, z= 808.000
  Obj rotY :   0.0000 deg
view   0 | SOD= 571.383 mm | SDD= 809.425 mm | M= 1.417 | incident=3.4005°
[[  32.742496   -569.8493      -26.034826  ]
 [ -13.185746    236.84491      21.965174  ]
 [   0.14936854    0.00831868    0.        ]
 [   0.            0.            0.1496    ]]
Residual vector length: 54, Jacobian shape: (54, 6)
view   0 | SOD= 571.383 mm | SDD= 809.425 mm | M= 1.417 | incident=3.4005°
[[  32.74251    -569.8493      -26.034824  ]
 [ -13.185748    236.84491      21.965176  ]
 [   0.14936854    0.00831869    0.        ]
 [   0.            0.            0.1496    ]]

iter 40 cost=0.543431 -> 0.543431 |dtheta|=3.615683e-06  lambda=1.000e+06

============================================================
Iteration 41
============================================================
Theta offsets (Unity frame):
  Source   : dSx=   0.000, dSy=   0.000, dSz=   0.000  (mm)
  Object   : dOx= -12.001, dOy=   2.965, dOz= -12.218  (mm)
  Object offset: offset_x=  -0.004, offset_z=   0.006  (mm)
  Detector : dDx=   0.000, dDy=   0.000, dDz=   0.000  (mm)
  Obj Stage rotY :    3.188 deg
============================================================

Unity geometry (world coordinates):
  Source   : x=   1.000, y=  46.000, z=   0.000
  Object   : x=  -0.001, y=  19.965, z= 570.782
  Detector : x=   0.000, y=  -2.000, z= 808.000
  Obj rotY :   0.0000 deg
view   0 | SOD= 571.383 mm | SDD= 809.425 mm | M= 1.417 | incident=3.4005°
[[  32.742496   -569.8493      -26.034826  ]
 [ -13.185746    236.84491      21.965174  ]
 [   0.14936854    0.00831868    0.        ]
 [   0.            0.            0.1496    ]]
Residual vector length: 54, Jacobian shape: (54, 6)
view   0 | SOD= 571.383 mm | SDD= 809.425 mm | M= 1.417 | incident=3.4005°
[[  32.74251    -569.8493      -26.034824  ]
 [ -13.185748    236.84491      21.965176  ]
 [   0.14936854    0.00831869    0.        ]
 [   0.            0.            0.1496    ]]

iter 41 cost=0.543431 -> 0.543431 |dtheta|=3.615683e-06  lambda=1.000e+06

============================================================
Iteration 42
============================================================
Theta offsets (Unity frame):
  Source   : dSx=   0.000, dSy=   0.000, dSz=   0.000  (mm)
  Object   : dOx= -12.001, dOy=   2.965, dOz= -12.218  (mm)
  Object offset: offset_x=  -0.004, offset_z=   0.006  (mm)
  Detector : dDx=   0.000, dDy=   0.000, dDz=   0.000  (mm)
  Obj Stage rotY :    3.188 deg
============================================================

Unity geometry (world coordinates):
  Source   : x=   1.000, y=  46.000, z=   0.000
  Object   : x=  -0.001, y=  19.965, z= 570.782
  Detector : x=   0.000, y=  -2.000, z= 808.000
  Obj rotY :   0.0000 deg
view   0 | SOD= 571.383 mm | SDD= 809.425 mm | M= 1.417 | incident=3.4005°
[[  32.742496   -569.8493      -26.034826  ]
 [ -13.185746    236.84491      21.965174  ]
 [   0.14936854    0.00831868    0.        ]
 [   0.            0.            0.1496    ]]
Residual vector length: 54, Jacobian shape: (54, 6)
view   0 | SOD= 571.383 mm | SDD= 809.425 mm | M= 1.417 | incident=3.4005°
[[  32.74251    -569.8493      -26.034824  ]
 [ -13.185748    236.84491      21.965176  ]
 [   0.14936854    0.00831869    0.        ]
 [   0.            0.            0.1496    ]]

iter 42 cost=0.543431 -> 0.543431 |dtheta|=3.615683e-06  lambda=1.000e+06

============================================================
Iteration 43
============================================================
Theta offsets (Unity frame):
  Source   : dSx=   0.000, dSy=   0.000, dSz=   0.000  (mm)
  Object   : dOx= -12.001, dOy=   2.965, dOz= -12.218  (mm)
  Object offset: offset_x=  -0.004, offset_z=   0.006  (mm)
  Detector : dDx=   0.000, dDy=   0.000, dDz=   0.000  (mm)
  Obj Stage rotY :    3.188 deg
============================================================

Unity geometry (world coordinates):
  Source   : x=   1.000, y=  46.000, z=   0.000
  Object   : x=  -0.001, y=  19.965, z= 570.782
  Detector : x=   0.000, y=  -2.000, z= 808.000
  Obj rotY :   0.0000 deg
view   0 | SOD= 571.383 mm | SDD= 809.425 mm | M= 1.417 | incident=3.4005°
[[  32.742496   -569.8493      -26.034826  ]
 [ -13.185746    236.84491      21.965174  ]
 [   0.14936854    0.00831868    0.        ]
 [   0.            0.            0.1496    ]]
Residual vector length: 54, Jacobian shape: (54, 6)
view   0 | SOD= 571.383 mm | SDD= 809.425 mm | M= 1.417 | incident=3.4005°
[[  32.74251    -569.8493      -26.034824  ]
 [ -13.185748    236.84491      21.965176  ]
 [   0.14936854    0.00831869    0.        ]
 [   0.            0.            0.1496    ]]

iter 43 cost=0.543431 -> 0.543431 |dtheta|=3.615683e-06  lambda=1.000e+06

============================================================
Iteration 44
============================================================
Theta offsets (Unity frame):
  Source   : dSx=   0.000, dSy=   0.000, dSz=   0.000  (mm)
  Object   : dOx= -12.001, dOy=   2.965, dOz= -12.218  (mm)
  Object offset: offset_x=  -0.004, offset_z=   0.006  (mm)
  Detector : dDx=   0.000, dDy=   0.000, dDz=   0.000  (mm)
  Obj Stage rotY :    3.188 deg
============================================================

Unity geometry (world coordinates):
  Source   : x=   1.000, y=  46.000, z=   0.000
  Object   : x=  -0.001, y=  19.965, z= 570.782
  Detector : x=   0.000, y=  -2.000, z= 808.000
  Obj rotY :   0.0000 deg
view   0 | SOD= 571.383 mm | SDD= 809.425 mm | M= 1.417 | incident=3.4005°
[[  32.742496   -569.8493      -26.034826  ]
 [ -13.185746    236.84491      21.965174  ]
 [   0.14936854    0.00831868    0.        ]
 [   0.            0.            0.1496    ]]
Residual vector length: 54, Jacobian shape: (54, 6)
view   0 | SOD= 571.383 mm | SDD= 809.425 mm | M= 1.417 | incident=3.4005°
[[  32.74251    -569.8493      -26.034824  ]
 [ -13.185748    236.84491      21.965176  ]
 [   0.14936854    0.00831869    0.        ]
 [   0.            0.            0.1496    ]]

iter 44 cost=0.543431 -> 0.543431 |dtheta|=3.615683e-06  lambda=1.000e+06

============================================================
Iteration 45
============================================================
Theta offsets (Unity frame):
  Source   : dSx=   0.000, dSy=   0.000, dSz=   0.000  (mm)
  Object   : dOx= -12.001, dOy=   2.965, dOz= -12.218  (mm)
  Object offset: offset_x=  -0.004, offset_z=   0.006  (mm)
  Detector : dDx=   0.000, dDy=   0.000, dDz=   0.000  (mm)
  Obj Stage rotY :    3.188 deg
============================================================

Unity geometry (world coordinates):
  Source   : x=   1.000, y=  46.000, z=   0.000
  Object   : x=  -0.001, y=  19.965, z= 570.782
  Detector : x=   0.000, y=  -2.000, z= 808.000
  Obj rotY :   0.0000 deg
view   0 | SOD= 571.383 mm | SDD= 809.425 mm | M= 1.417 | incident=3.4005°
[[  32.742496   -569.8493      -26.034826  ]
 [ -13.185746    236.84491      21.965174  ]
 [   0.14936854    0.00831868    0.        ]
 [   0.            0.            0.1496    ]]
Residual vector length: 54, Jacobian shape: (54, 6)
view   0 | SOD= 571.383 mm | SDD= 809.425 mm | M= 1.417 | incident=3.4005°
[[  32.74251    -569.8493      -26.034824  ]
 [ -13.185748    236.84491      21.965176  ]
 [   0.14936854    0.00831869    0.        ]
 [   0.            0.            0.1496    ]]

iter 45 cost=0.543431 -> 0.543431 |dtheta|=3.615683e-06  lambda=1.000e+06

============================================================
Iteration 46
============================================================
Theta offsets (Unity frame):
  Source   : dSx=   0.000, dSy=   0.000, dSz=   0.000  (mm)
  Object   : dOx= -12.001, dOy=   2.965, dOz= -12.218  (mm)
  Object offset: offset_x=  -0.004, offset_z=   0.006  (mm)
  Detector : dDx=   0.000, dDy=   0.000, dDz=   0.000  (mm)
  Obj Stage rotY :    3.188 deg
============================================================

Unity geometry (world coordinates):
  Source   : x=   1.000, y=  46.000, z=   0.000
  Object   : x=  -0.001, y=  19.965, z= 570.782
  Detector : x=   0.000, y=  -2.000, z= 808.000
  Obj rotY :   0.0000 deg
view   0 | SOD= 571.383 mm | SDD= 809.425 mm | M= 1.417 | incident=3.4005°
[[  32.742496   -569.8493      -26.034826  ]
 [ -13.185746    236.84491      21.965174  ]
 [   0.14936854    0.00831868    0.        ]
 [   0.            0.            0.1496    ]]
Residual vector length: 54, Jacobian shape: (54, 6)
view   0 | SOD= 571.383 mm | SDD= 809.425 mm | M= 1.417 | incident=3.4005°
[[  32.74251    -569.8493      -26.034824  ]
 [ -13.185748    236.84491      21.965176  ]
 [   0.14936854    0.00831869    0.        ]
 [   0.            0.            0.1496    ]]

iter 46 cost=0.543431 -> 0.543431 |dtheta|=3.615683e-06  lambda=1.000e+06
Stalled.

Estimated theta:
  dSx: +0.000000
  dSy: +0.000000
  dOx: -12.000766
  dOy: +2.965174
  dOz: -12.217915
  dDx: +0.000000
  dDy: +0.000000
  dDz: +0.000000
alpha: +3.187643e+00 deg)
offset_x: -0.003929
offset_z: +0.006227

Final cost table:
Fake theta: [  0.    0.  -12.    3.  -13.    0.    0.    0.    3.3   0.    0. ]
Final estimated theta: [  0.           0.         -12.00076624   2.96517401 -12.21791468
   0.           0.           0.           3.18764324  -0.00392866
   0.00622702]
Diff from Expected: [ 0.          0.         -0.00076624 -0.03482599  0.78208532  0.
  0.          0.         -0.11235671 -0.00392866  0.00622702]
################################################################################

