Phantom already exists, skipping: cuboid_phantom_3_square.npy

################################################################################
Running cuboid=square scenario=G3 N_ANGLES=5, K=3
view   0 | SOD= 570.464 mm | SDD= 705.315 mm | M= 1.236 | incident=3.4990°
[[ 138.86055    -552.827       -23.        ]
 [ -34.584156    129.47562      20.        ]
 [   0.14509286    0.03644481    0.        ]
 [   0.            0.            0.1496    ]]
          image          x1          y1  area1          x2          y2  area2          x3          y3  area3
0  proj_000.png  564.686642  185.323346    801  420.697095  277.300138    723  564.650437  388.519351    801
1  proj_001.png  396.635561  184.982346    793  580.921596  277.782669    727  396.638994  387.612579    795
2  proj_002.png  363.573388  181.834019    729  621.209424  284.157068    764  363.564917  377.621547    724
3  proj_003.png  502.921488  180.278237    726  478.091575  287.719170    819  502.906722  372.689986    729
4  proj_004.png  626.466484  182.417237    731  353.478780  283.143236    754  626.512821  379.151147    741

============================================================
Iteration 0
============================================================
Theta offsets (Unity frame):
  Source   : dSx=   0.000, dSy=   0.000, dSz=   0.000  (mm)
  Object   : dOx=   0.000, dOy=   0.000, dOz=   0.000  (mm)
  Object offset: offset_x=   0.000, offset_z=   0.000  (mm)
  Detector : dDx=   0.000, dDy=   0.000, dDz=   0.000  (mm)
  Obj Stage rotY :    0.000 deg
============================================================

Unity geometry (world coordinates):
  Source   : x=   0.000, y=  43.000, z=   0.000
  Object   : x=   8.000, y=  14.000, z= 595.000
  Detector : x=  -2.000, y=   0.000, z= 704.000
  Obj rotY :   0.0000 deg
view   0 | SOD= 595.760 mm | SDD= 705.315 mm | M= 1.184 | incident=3.4990°
[[  -8.     -595.      -29.    ]
 [ -10.      109.       14.    ]
 [   0.1496    0.        0.    ]
 [   0.        0.        0.1496]]
Residual vector length: 45, Jacobian shape: (45, 6)
view   0 | SOD= 588.528 mm | SDD= 705.315 mm | M= 1.198 | incident=3.4990°
[[ 117.79966    -576.1189      -23.997337  ]
 [ -24.917889    113.26609      19.002663  ]
 [   0.1465793     0.02991106    0.        ]
 [   0.            0.            0.1496    ]]
             x1      y1  area1          x2          y2  area2          x3          y3  area3
range  618.1425  190.45  880.0  624.465144  285.983173  832.0  618.141427  387.196101  872.0
FAILURE!!!! Some beads might have been misidentified

iter 00 cost=52842.219098 -> 523584.990906 |dtheta|=1.624002e+01  lambda=1.000e-02

============================================================
Iteration 1
============================================================
Theta offsets (Unity frame):
  Source   : dSx=   0.000, dSy=   0.000, dSz=   0.000  (mm)
  Object   : dOx=   0.000, dOy=   0.000, dOz=   0.000  (mm)
  Object offset: offset_x=   0.000, offset_z=   0.000  (mm)
  Detector : dDx=   0.000, dDy=   0.000, dDz=   0.000  (mm)
  Obj Stage rotY :    0.000 deg
============================================================

Unity geometry (world coordinates):
  Source   : x=   0.000, y=  43.000, z=   0.000
  Object   : x=   8.000, y=  14.000, z= 595.000
  Detector : x=  -2.000, y=   0.000, z= 704.000
  Obj rotY :   0.0000 deg
view   0 | SOD= 595.760 mm | SDD= 705.315 mm | M= 1.184 | incident=3.4990°
[[  -8.     -595.      -29.    ]
 [ -10.      109.       14.    ]
 [   0.1496    0.        0.    ]
 [   0.        0.        0.1496]]
Residual vector length: 45, Jacobian shape: (45, 6)
view   0 | SOD= 588.590 mm | SDD= 705.315 mm | M= 1.198 | incident=3.4990°
[[ 117.7865     -576.1846      -24.000225  ]
 [ -24.900795    113.20668      18.999775  ]
 [   0.1465806     0.02990463    0.        ]
 [   0.            0.            0.1496    ]]
               x1      y1  area1          x2          y2  area2          x3          y3  area3
range  618.116541  190.45  880.0  624.448857  285.993983  831.0  618.136591  387.196101  872.0
FAILURE!!!! Some beads might have been misidentified

iter 01 cost=52842.219098 -> 523588.415864 |dtheta|=1.621240e+01  lambda=5.000e-02

============================================================
Iteration 2
============================================================
Theta offsets (Unity frame):
  Source   : dSx=   0.000, dSy=   0.000, dSz=   0.000  (mm)
  Object   : dOx=   0.000, dOy=   0.000, dOz=   0.000  (mm)
  Object offset: offset_x=   0.000, offset_z=   0.000  (mm)
  Detector : dDx=   0.000, dDy=   0.000, dDz=   0.000  (mm)
  Obj Stage rotY :    0.000 deg
============================================================

Unity geometry (world coordinates):
  Source   : x=   0.000, y=  43.000, z=   0.000
  Object   : x=   8.000, y=  14.000, z= 595.000
  Detector : x=  -2.000, y=   0.000, z= 704.000
  Obj rotY :   0.0000 deg
view   0 | SOD= 595.760 mm | SDD= 705.315 mm | M= 1.184 | incident=3.4990°
[[  -8.     -595.      -29.    ]
 [ -10.      109.       14.    ]
 [   0.1496    0.        0.    ]
 [   0.        0.        0.1496]]
Residual vector length: 45, Jacobian shape: (45, 6)
view   0 | SOD= 588.882 mm | SDD= 705.315 mm | M= 1.198 | incident=3.4990°
[[ 117.70561    -576.49835     -24.013851  ]
 [ -24.816233    112.92716      18.986149  ]
 [   0.14658777    0.02986945    0.        ]
 [   0.            0.            0.1496    ]]
               x1          y1  area1          x2          y2  area2          x3          y3  area3
range  618.109159  190.558723  877.0  624.431325  285.985542  830.0  618.136591  387.161697  872.0
FAILURE!!!! Some beads might have been misidentified

iter 02 cost=52842.219098 -> 523602.701717 |dtheta|=1.608317e+01  lambda=2.500e-01

============================================================
Iteration 3
============================================================
Theta offsets (Unity frame):
  Source   : dSx=   0.000, dSy=   0.000, dSz=   0.000  (mm)
  Object   : dOx=   0.000, dOy=   0.000, dOz=   0.000  (mm)
  Object offset: offset_x=   0.000, offset_z=   0.000  (mm)
  Detector : dDx=   0.000, dDy=   0.000, dDz=   0.000  (mm)
  Obj Stage rotY :    0.000 deg
============================================================

Unity geometry (world coordinates):
  Source   : x=   0.000, y=  43.000, z=   0.000
  Object   : x=   8.000, y=  14.000, z= 595.000
  Detector : x=  -2.000, y=   0.000, z= 704.000
  Obj rotY :   0.0000 deg
view   0 | SOD= 595.760 mm | SDD= 705.315 mm | M= 1.184 | incident=3.4990°
[[  -8.     -595.      -29.    ]
 [ -10.      109.       14.    ]
 [   0.1496    0.        0.    ]
 [   0.        0.        0.1496]]
Residual vector length: 45, Jacobian shape: (45, 6)
view   0 | SOD= 590.010 mm | SDD= 705.315 mm | M= 1.195 | incident=3.4990°
[[ 117.0209     -577.7873      -24.066534  ]
 [ -24.412642    111.862305     18.933466  ]
 [   0.14663474    0.02963805    0.        ]
 [   0.            0.            0.1496    ]]
               x1          y1  area1          x2     y2  area2          x3          y3  area3
range  618.065823  190.793578  872.0  624.395181  286.0  830.0  618.067089  386.988426  871.0
FAILURE!!!! Some beads might have been misidentified

iter 03 cost=52842.219098 -> 523672.902654 |dtheta|=1.559656e+01  lambda=1.250e+00

============================================================
Iteration 4
============================================================
Theta offsets (Unity frame):
  Source   : dSx=   0.000, dSy=   0.000, dSz=   0.000  (mm)
  Object   : dOx=   0.000, dOy=   0.000, dOz=   0.000  (mm)
  Object offset: offset_x=   0.000, offset_z=   0.000  (mm)
  Detector : dDx=   0.000, dDy=   0.000, dDz=   0.000  (mm)
  Obj Stage rotY :    0.000 deg
============================================================

Unity geometry (world coordinates):
  Source   : x=   0.000, y=  43.000, z=   0.000
  Object   : x=   8.000, y=  14.000, z= 595.000
  Detector : x=  -2.000, y=   0.000, z= 704.000
  Obj rotY :   0.0000 deg
view   0 | SOD= 595.760 mm | SDD= 705.315 mm | M= 1.184 | incident=3.4990°
[[  -8.     -595.      -29.    ]
 [ -10.      109.       14.    ]
 [   0.1496    0.        0.    ]
 [   0.        0.        0.1496]]
Residual vector length: 45, Jacobian shape: (45, 6)
view   0 | SOD= 592.412 mm | SDD= 705.315 mm | M= 1.191 | incident=3.4990°
[[ 111.254745   -581.36896     -24.179647  ]
 [ -22.688433    109.77447      18.820353  ]
 [   0.14694765    0.02804546    0.        ]
 [   0.            0.            0.1496    ]]
               x1          y1  area1          x2          y2  area2          x3          y3  area3
range  617.908397  191.180139  866.0  624.765492  286.134872  823.0  617.891139  386.728538  865.0
FAILURE!!!! Some beads might have been misidentified

iter 04 cost=52842.219098 -> 523917.240648 |dtheta|=1.446683e+01  lambda=6.250e+00

============================================================
Iteration 5
============================================================
Theta offsets (Unity frame):
  Source   : dSx=   0.000, dSy=   0.000, dSz=   0.000  (mm)
  Object   : dOx=   0.000, dOy=   0.000, dOz=   0.000  (mm)
  Object offset: offset_x=   0.000, offset_z=   0.000  (mm)
  Detector : dDx=   0.000, dDy=   0.000, dDz=   0.000  (mm)
  Obj Stage rotY :    0.000 deg
============================================================

Unity geometry (world coordinates):
  Source   : x=   0.000, y=  43.000, z=   0.000
  Object   : x=   8.000, y=  14.000, z= 595.000
  Detector : x=  -2.000, y=   0.000, z= 704.000
  Obj rotY :   0.0000 deg
view   0 | SOD= 595.760 mm | SDD= 705.315 mm | M= 1.184 | incident=3.4990°
[[  -8.     -595.      -29.    ]
 [ -10.      109.       14.    ]
 [   0.1496    0.        0.    ]
 [   0.        0.        0.1496]]
Residual vector length: 45, Jacobian shape: (45, 6)
view   0 | SOD= 594.575 mm | SDD= 705.315 mm | M= 1.186 | incident=3.4990°
[[  85.53772    -587.88727     -24.319485  ]
 [ -17.188063    108.580536     18.680515  ]
 [   0.14806023    0.0214086     0.        ]
 [   0.            0.            0.1496    ]]
              x1          y1  area1          x2          y2  area2         x3          y3  area3
range  617.95122  192.089744  858.0  628.480935  286.505535  813.0  617.90665  387.038417  859.0
FAILURE!!!! Some beads might have been misidentified

iter 05 cost=52842.219098 -> 524896.783057 |dtheta|=1.224923e+01  lambda=3.125e+01

============================================================
Iteration 6
============================================================
Theta offsets (Unity frame):
  Source   : dSx=   0.000, dSy=   0.000, dSz=   0.000  (mm)
  Object   : dOx=   0.000, dOy=   0.000, dOz=   0.000  (mm)
  Object offset: offset_x=   0.000, offset_z=   0.000  (mm)
  Detector : dDx=   0.000, dDy=   0.000, dDz=   0.000  (mm)
  Obj Stage rotY :    0.000 deg
============================================================

Unity geometry (world coordinates):
  Source   : x=   0.000, y=  43.000, z=   0.000
  Object   : x=   8.000, y=  14.000, z= 595.000
  Detector : x=  -2.000, y=   0.000, z= 704.000
  Obj rotY :   0.0000 deg
view   0 | SOD= 595.760 mm | SDD= 705.315 mm | M= 1.184 | incident=3.4990°
[[  -8.     -595.      -29.    ]
 [ -10.      109.       14.    ]
 [   0.1496    0.        0.    ]
 [   0.        0.        0.1496]]
Residual vector length: 45, Jacobian shape: (45, 6)
view   0 | SOD= 595.793 mm | SDD= 705.315 mm | M= 1.184 | incident=3.4990°
[[  40.98009    -593.865       -24.79088   ]
 [  -9.349241    108.336525     18.20912   ]
 [   0.149247      0.01027099    0.        ]
 [   0.            0.            0.1496    ]]
               x1          y1  area1          x2          y2  area2          x3          y3  area3
range  621.879845  195.977778  857.0  637.631319  289.971814  816.0  621.884467  390.879532  855.0
FAILURE!!!! Some beads might have been misidentified

iter 06 cost=52842.219098 -> 528095.649117 |dtheta|=9.066633e+00  lambda=1.562e+02

============================================================
Iteration 7
============================================================
Theta offsets (Unity frame):
  Source   : dSx=   0.000, dSy=   0.000, dSz=   0.000  (mm)
  Object   : dOx=   0.000, dOy=   0.000, dOz=   0.000  (mm)
  Object offset: offset_x=   0.000, offset_z=   0.000  (mm)
  Detector : dDx=   0.000, dDy=   0.000, dDz=   0.000  (mm)
  Obj Stage rotY :    0.000 deg
============================================================

Unity geometry (world coordinates):
  Source   : x=   0.000, y=  43.000, z=   0.000
  Object   : x=   8.000, y=  14.000, z= 595.000
  Detector : x=  -2.000, y=   0.000, z= 704.000
  Obj rotY :   0.0000 deg
view   0 | SOD= 595.760 mm | SDD= 705.315 mm | M= 1.184 | incident=3.4990°
[[  -8.     -595.      -29.    ]
 [ -10.      109.       14.    ]
 [   0.1496    0.        0.    ]
 [   0.        0.        0.1496]]
Residual vector length: 45, Jacobian shape: (45, 6)
view   0 | SOD= 596.015 mm | SDD= 705.315 mm | M= 1.183 | incident=3.4990°
[[  10.467569   -595.34296     -26.291462  ]
 [  -7.2551317   108.43679      16.708538  ]
 [   0.14956269    0.00334118    0.        ]
 [   0.            0.            0.1496    ]]
               x1          y1  area1         x2          y2  area2          x3     y3  area3
range  639.180412  208.073256  860.0  656.07196  302.261406  811.0  639.183463  403.0  857.0
FAILURE!!!! Some beads might have been misidentified

iter 07 cost=52842.219098 -> 537096.128569 |dtheta|=5.370709e+00  lambda=7.812e+02

============================================================
Iteration 8
============================================================
Theta offsets (Unity frame):
  Source   : dSx=   0.000, dSy=   0.000, dSz=   0.000  (mm)
  Object   : dOx=   0.000, dOy=   0.000, dOz=   0.000  (mm)
  Object offset: offset_x=   0.000, offset_z=   0.000  (mm)
  Detector : dDx=   0.000, dDy=   0.000, dDz=   0.000  (mm)
  Obj Stage rotY :    0.000 deg
============================================================

Unity geometry (world coordinates):
  Source   : x=   0.000, y=  43.000, z=   0.000
  Object   : x=   8.000, y=  14.000, z= 595.000
  Detector : x=  -2.000, y=   0.000, z= 704.000
  Obj rotY :   0.0000 deg
view   0 | SOD= 595.760 mm | SDD= 705.315 mm | M= 1.184 | incident=3.4990°
[[  -8.     -595.      -29.    ]
 [ -10.      109.       14.    ]
 [   0.1496    0.        0.    ]
 [   0.        0.        0.1496]]
Residual vector length: 45, Jacobian shape: (45, 6)
view   0 | SOD= 595.858 mm | SDD= 705.315 mm | M= 1.184 | incident=3.4990°
[[  -2.8461502  -595.1914      -28.034534  ]
 [  -8.837023    108.78594      14.965465  ]
 [   0.1495976     0.00084807    0.        ]
 [   0.            0.            0.1496    ]]

iter 08 cost=52842.219098 -> 37505.007288 |dtheta|=1.865376e+00  lambda=3.906e+03

============================================================
Iteration 9
============================================================
Theta offsets (Unity frame):
  Source   : dSx=   0.000, dSy=   0.000, dSz=   0.000  (mm)
  Object   : dOx=  -1.538, dOy=   0.965, dOz=   0.033  (mm)
  Object offset: offset_x=  -0.242, offset_z=   0.133  (mm)
  Detector : dDx=   0.000, dDy=   0.000, dDz=   0.000  (mm)
  Obj Stage rotY :    0.325 deg
============================================================

Unity geometry (world coordinates):
  Source   : x=   0.000, y=  43.000, z=   0.000
  Object   : x=   6.462, y=  14.965, z= 595.033
  Detector : x=  -2.000, y=   0.000, z= 704.000
  Obj rotY :   0.0000 deg
view   0 | SOD= 595.858 mm | SDD= 705.315 mm | M= 1.184 | incident=3.4990°
[[  -2.8461502  -595.1914      -28.034534  ]
 [  -8.837023    108.78594      14.965465  ]
 [   0.1495976     0.00084807    0.        ]
 [   0.            0.            0.1496    ]]
Residual vector length: 45, Jacobian shape: (45, 6)
view   0 | SOD= 596.302 mm | SDD= 705.315 mm | M= 1.183 | incident=3.4990°
[[  12.931672   -595.5781      -26.37913   ]
 [  -7.657966    108.123566     16.62087   ]
 [   0.14954783    0.00395045    0.        ]
 [   0.            0.            0.1496    ]]

iter 09 cost=37505.007288 -> 17791.480806 |dtheta|=3.446350e+00  lambda=1.302e+03

============================================================
Iteration 10
============================================================
Theta offsets (Unity frame):
  Source   : dSx=   0.000, dSy=   0.000, dSz=   0.000  (mm)
  Object   : dOx=  -4.157, dOy=   2.621, dOz=   0.116  (mm)
  Object offset: offset_x=  -1.042, offset_z=   0.596  (mm)
  Detector : dDx=   0.000, dDy=   0.000, dDz=   0.000  (mm)
  Obj Stage rotY :    1.513 deg
============================================================

Unity geometry (world coordinates):
  Source   : x=   0.000, y=  43.000, z=   0.000
  Object   : x=   3.843, y=  16.621, z= 595.116
  Detector : x=  -2.000, y=   0.000, z= 704.000
  Obj rotY :   0.0000 deg
view   0 | SOD= 596.302 mm | SDD= 705.315 mm | M= 1.183 | incident=3.4990°
[[  12.931672   -595.5781      -26.37913   ]
 [  -7.657966    108.123566     16.62087   ]
 [   0.14954783    0.00395045    0.        ]
 [   0.            0.            0.1496    ]]
              x1          y1  area1          x2         y2  area2          x3          y3  area3
range  641.25097  208.931555  862.0  657.419236  302.80344  814.0  641.290488  403.752037  859.0
FAILURE!!!! Some beads might have been misidentified
               x1          y1  area1          x2          y2  area2          x3          y3  area3
range  642.037613  208.889791  862.0  658.321782  302.783684  809.0  642.069858  403.837775  863.0
FAILURE!!!! Some beads might have been misidentified
               x1          y1  area1          x2          y2  area2          x3          y3  area3
range  642.155239  208.895349  860.0  658.217822  302.760789  811.0  642.135484  403.810905  862.0
FAILURE!!!! Some beads might have been misidentified
Residual vector length: 45, Jacobian shape: (45, 6)
view   0 | SOD= 595.869 mm | SDD= 705.315 mm | M= 1.184 | incident=3.4990°
[[  38.585983   -594.0979      -24.873562  ]
 [  -9.407606    108.26712      18.126438  ]
 [   0.14928034    0.00977455    0.        ]
 [   0.            0.            0.1496    ]]
               x1          y1  area1          x2          y2  area2          x3          y3  area3
range  623.064599  196.645349  860.0  639.462299  290.636139  809.0  623.101804  391.369338  861.0
FAILURE!!!! Some beads might have been misidentified

iter 10 cost=17791.480806 -> 528651.547426 |dtheta|=3.649251e+00  lambda=4.340e+02

============================================================
Iteration 11
============================================================
Theta offsets (Unity frame):
  Source   : dSx=   0.000, dSy=   0.000, dSz=   0.000  (mm)
  Object   : dOx=  -4.157, dOy=   2.621, dOz=   0.116  (mm)
  Object offset: offset_x=  -1.042, offset_z=   0.596  (mm)
  Detector : dDx=   0.000, dDy=   0.000, dDz=   0.000  (mm)
  Obj Stage rotY :    1.513 deg
============================================================

Unity geometry (world coordinates):
  Source   : x=   0.000, y=  43.000, z=   0.000
  Object   : x=   3.843, y=  16.621, z= 595.116
  Detector : x=  -2.000, y=   0.000, z= 704.000
  Obj rotY :   0.0000 deg
view   0 | SOD= 596.302 mm | SDD= 705.315 mm | M= 1.183 | incident=3.4990°
[[  12.931672   -595.5781      -26.37913   ]
 [  -7.657966    108.123566     16.62087   ]
 [   0.14954783    0.00395045    0.        ]
 [   0.            0.            0.1496    ]]
              x1          y1  area1          x2         y2  area2          x3          y3  area3
range  641.25097  208.931555  862.0  657.419236  302.80344  814.0  641.290488  403.752037  859.0
FAILURE!!!! Some beads might have been misidentified
               x1          y1  area1          x2          y2  area2          x3          y3  area3
range  642.037613  208.889791  862.0  658.321782  302.783684  809.0  642.069858  403.837775  863.0
FAILURE!!!! Some beads might have been misidentified
               x1          y1  area1          x2          y2  area2          x3          y3  area3
range  642.155239  208.895349  860.0  658.217822  302.760789  811.0  642.135484  403.810905  862.0
FAILURE!!!! Some beads might have been misidentified
Residual vector length: 45, Jacobian shape: (45, 6)
view   0 | SOD= 596.138 mm | SDD= 705.315 mm | M= 1.183 | incident=3.4990°
[[  20.055738   -595.2439      -25.74022   ]
 [  -7.7366614   108.21015      17.25978   ]
 [   0.14949955    0.00548117    0.        ]
 [   0.            0.            0.1496    ]]
               x1          y1  area1          x2          y2  area2          x3          y3  area3
range  633.869001  203.673256  860.0  650.988834  297.674505  808.0  633.929032  398.596737  858.0
FAILURE!!!! Some beads might have been misidentified

iter 11 cost=17791.480806 -> 533244.560837 |dtheta|=1.328446e+00  lambda=2.170e+03

============================================================
Iteration 12
============================================================
Theta offsets (Unity frame):
  Source   : dSx=   0.000, dSy=   0.000, dSz=   0.000  (mm)
  Object   : dOx=  -4.157, dOy=   2.621, dOz=   0.116  (mm)
  Object offset: offset_x=  -1.042, offset_z=   0.596  (mm)
  Detector : dDx=   0.000, dDy=   0.000, dDz=   0.000  (mm)
  Obj Stage rotY :    1.513 deg
============================================================

Unity geometry (world coordinates):
  Source   : x=   0.000, y=  43.000, z=   0.000
  Object   : x=   3.843, y=  16.621, z= 595.116
  Detector : x=  -2.000, y=   0.000, z= 704.000
  Obj rotY :   0.0000 deg
view   0 | SOD= 596.302 mm | SDD= 705.315 mm | M= 1.183 | incident=3.4990°
[[  12.931672   -595.5781      -26.37913   ]
 [  -7.657966    108.123566     16.62087   ]
 [   0.14954783    0.00395045    0.        ]
 [   0.            0.            0.1496    ]]
              x1          y1  area1          x2         y2  area2          x3          y3  area3
range  641.25097  208.931555  862.0  657.419236  302.80344  814.0  641.290488  403.752037  859.0
FAILURE!!!! Some beads might have been misidentified
               x1          y1  area1          x2          y2  area2          x3          y3  area3
range  642.037613  208.889791  862.0  658.321782  302.783684  809.0  642.069858  403.837775  863.0
FAILURE!!!! Some beads might have been misidentified
               x1          y1  area1          x2          y2  area2          x3          y3  area3
range  642.155239  208.895349  860.0  658.217822  302.760789  811.0  642.135484  403.810905  862.0
FAILURE!!!! Some beads might have been misidentified
Residual vector length: 45, Jacobian shape: (45, 6)
view   0 | SOD= 596.262 mm | SDD= 705.315 mm | M= 1.183 | incident=3.4990°
[[  14.506983   -595.5088      -26.21408   ]
 [  -7.63693     108.1457       16.78592   ]
 [   0.14953874    0.00428076    0.        ]
 [   0.            0.            0.1496    ]]

iter 12 cost=17791.480806 -> 16357.264922 |dtheta|=3.274391e-01  lambda=1.085e+04

============================================================
Iteration 13
============================================================
Theta offsets (Unity frame):
  Source   : dSx=   0.000, dSy=   0.000, dSz=   0.000  (mm)
  Object   : dOx=  -4.408, dOy=   2.786, dOz=   0.119  (mm)
  Object offset: offset_x=  -1.053, offset_z=   0.561  (mm)
  Detector : dDx=   0.000, dDy=   0.000, dDz=   0.000  (mm)
  Obj Stage rotY :    1.640 deg
============================================================

Unity geometry (world coordinates):
  Source   : x=   0.000, y=  43.000, z=   0.000
  Object   : x=   3.592, y=  16.786, z= 595.119
  Detector : x=  -2.000, y=   0.000, z= 704.000
  Obj rotY :   0.0000 deg
view   0 | SOD= 596.262 mm | SDD= 705.315 mm | M= 1.183 | incident=3.4990°
[[  14.506983   -595.5088      -26.21408   ]
 [  -7.63693     108.1457       16.78592   ]
 [   0.14953874    0.00428076    0.        ]
 [   0.            0.            0.1496    ]]
               x1          y1  area1          x2          y2  area2          x3          y3  area3
range  639.198444  207.533565  864.0  655.631319  301.528905  813.0  639.204398  402.309942  855.0
FAILURE!!!! Some beads might have been misidentified
Residual vector length: 45, Jacobian shape: (45, 6)
view   0 | SOD= 596.302 mm | SDD= 705.315 mm | M= 1.183 | incident=3.4990°
[[  17.749756   -595.4766      -25.846888  ]
 [  -8.243585    108.04621      17.153112  ]
 [   0.14951308    0.00509883    0.        ]
 [   0.            0.            0.1496    ]]
               x1          y1  area1          x2          y2  area2          x3         y3  area3
range  640.661935  204.513234  869.0  655.874845  298.548947  807.0  640.677461  399.24102  863.0
FAILURE!!!! Some beads might have been misidentified

iter 13 cost=16357.264922 -> 535311.328458 |dtheta|=4.855279e-01  lambda=3.617e+03

============================================================
Iteration 14
============================================================
Theta offsets (Unity frame):
  Source   : dSx=   0.000, dSy=   0.000, dSz=   0.000  (mm)
  Object   : dOx=  -4.408, dOy=   2.786, dOz=   0.119  (mm)
  Object offset: offset_x=  -1.053, offset_z=   0.561  (mm)
  Detector : dDx=   0.000, dDy=   0.000, dDz=   0.000  (mm)
  Obj Stage rotY :    1.640 deg
============================================================

Unity geometry (world coordinates):
  Source   : x=   0.000, y=  43.000, z=   0.000
  Object   : x=   3.592, y=  16.786, z= 595.119
  Detector : x=  -2.000, y=   0.000, z= 704.000
  Obj rotY :   0.0000 deg
view   0 | SOD= 596.262 mm | SDD= 705.315 mm | M= 1.183 | incident=3.4990°
[[  14.506983   -595.5088      -26.21408   ]
 [  -7.63693     108.1457       16.78592   ]
 [   0.14953874    0.00428076    0.        ]
 [   0.            0.            0.1496    ]]
               x1          y1  area1          x2          y2  area2          x3          y3  area3
range  639.198444  207.533565  864.0  655.631319  301.528905  813.0  639.204398  402.309942  855.0
FAILURE!!!! Some beads might have been misidentified
Residual vector length: 45, Jacobian shape: (45, 6)
view   0 | SOD= 596.271 mm | SDD= 705.315 mm | M= 1.183 | incident=3.4990°
[[  15.188407   -595.50494     -26.126717  ]
 [  -7.754156    108.12394      16.873283  ]
 [   0.14953378    0.00445048    0.        ]
 [   0.            0.            0.1496    ]]

iter 14 cost=16357.264922 -> 16071.908284 |dtheta|=1.099773e-01  lambda=1.808e+04

============================================================
Iteration 15
============================================================
Theta offsets (Unity frame):
  Source   : dSx=   0.000, dSy=   0.000, dSz=   0.000  (mm)
  Object   : dOx=  -4.418, dOy=   2.873, dOz=   0.123  (mm)
  Object offset: offset_x=  -1.048, offset_z=   0.570  (mm)
  Detector : dDx=   0.000, dDy=   0.000, dDz=   0.000  (mm)
  Obj Stage rotY :    1.705 deg
============================================================

Unity geometry (world coordinates):
  Source   : x=   0.000, y=  43.000, z=   0.000
  Object   : x=   3.582, y=  16.873, z= 595.123
  Detector : x=  -2.000, y=   0.000, z= 704.000
  Obj rotY :   0.0000 deg
view   0 | SOD= 596.271 mm | SDD= 705.315 mm | M= 1.183 | incident=3.4990°
[[  15.188407   -595.50494     -26.126717  ]
 [  -7.754156    108.12394      16.873283  ]
 [   0.14953378    0.00445048    0.        ]
 [   0.            0.            0.1496    ]]
               x1          y1  area1          x2          y2  area2          x3          y3  area3
range  640.869001  206.788056  854.0  657.003736  300.768473  812.0  640.907216  401.728438  858.0
FAILURE!!!! Some beads might have been misidentified
               x1          y1  area1          x2          y2  area2          x3          y3  area3
range  639.225681  206.910569  861.0  655.419236  300.744444  811.0  639.265385  401.732869  861.0
FAILURE!!!! Some beads might have been misidentified
               x1          y1  area1          x2          y2  area2          x3          y3  area3
range  640.097276  206.833527  859.0  656.199504  300.768473  812.0  640.063307  401.723776  858.0
FAILURE!!!! Some beads might have been misidentified
          x1         y1  area1          x2          y2  area2     x3          y3  area3
range  640.0  206.87007  862.0  656.287841  300.770936  812.0  640.0  401.718931  861.0
FAILURE!!!! Some beads might have been misidentified
Residual vector length: 45, Jacobian shape: (45, 6)
view   0 | SOD= 596.328 mm | SDD= 705.315 mm | M= 1.183 | incident=3.4990°
[[  17.123426   -595.5196      -25.885742  ]
 [  -7.699073    108.04547      17.114258  ]
 [   0.14952137    0.00485       0.        ]
 [   0.            0.            0.1496    ]]
               x1          y1  area1          x2          y2  area2          x3          y3  area3
range  637.760309  204.905814  860.0  652.258984  298.877475  808.0  637.748711  399.708285  857.0
FAILURE!!!! Some beads might have been misidentified

iter 15 cost=16071.908284 -> 534397.040716 |dtheta|=5.055378e-01  lambda=6.028e+03

============================================================
Iteration 16
============================================================
Theta offsets (Unity frame):
  Source   : dSx=   0.000, dSy=   0.000, dSz=   0.000  (mm)
  Object   : dOx=  -4.418, dOy=   2.873, dOz=   0.123  (mm)
  Object offset: offset_x=  -1.048, offset_z=   0.570  (mm)
  Detector : dDx=   0.000, dDy=   0.000, dDz=   0.000  (mm)
  Obj Stage rotY :    1.705 deg
============================================================

Unity geometry (world coordinates):
  Source   : x=   0.000, y=  43.000, z=   0.000
  Object   : x=   3.582, y=  16.873, z= 595.123
  Detector : x=  -2.000, y=   0.000, z= 704.000
  Obj rotY :   0.0000 deg
view   0 | SOD= 596.271 mm | SDD= 705.315 mm | M= 1.183 | incident=3.4990°
[[  15.188407   -595.50494     -26.126717  ]
 [  -7.754156    108.12394      16.873283  ]
 [   0.14953378    0.00445048    0.        ]
 [   0.            0.            0.1496    ]]
               x1          y1  area1          x2          y2  area2          x3          y3  area3
range  640.869001  206.788056  854.0  657.003736  300.768473  812.0  640.907216  401.728438  858.0
FAILURE!!!! Some beads might have been misidentified
               x1          y1  area1          x2          y2  area2          x3          y3  area3
range  639.225681  206.910569  861.0  655.419236  300.744444  811.0  639.265385  401.732869  861.0
FAILURE!!!! Some beads might have been misidentified
               x1          y1  area1          x2          y2  area2          x3          y3  area3
range  640.097276  206.833527  859.0  656.199504  300.768473  812.0  640.063307  401.723776  858.0
FAILURE!!!! Some beads might have been misidentified
          x1         y1  area1          x2          y2  area2     x3          y3  area3
range  640.0  206.87007  862.0  656.287841  300.770936  812.0  640.0  401.718931  861.0
FAILURE!!!! Some beads might have been misidentified
Residual vector length: 45, Jacobian shape: (45, 6)
view   0 | SOD= 596.284 mm | SDD= 705.315 mm | M= 1.183 | incident=3.4990°
[[  15.592522   -595.5094      -26.07311   ]
 [  -7.738672    108.10671      16.92689   ]
 [   0.1495313     0.00453307    0.        ]
 [   0.            0.            0.1496    ]]
               x1        y1  area1          x2        y2   area2         x3         y3  area3
range  248.648953  97.23033  864.0  257.210592  8.153623  3157.0  248.63194  96.906586  119.0
FAILURE!!!! Some beads might have been misidentified

iter 16 cost=16071.908284 -> 43611.148977 |dtheta|=1.113172e-01  lambda=3.014e+04

============================================================
Iteration 17
============================================================
Theta offsets (Unity frame):
  Source   : dSx=   0.000, dSy=   0.000, dSz=   0.000  (mm)
  Object   : dOx=  -4.418, dOy=   2.873, dOz=   0.123  (mm)
  Object offset: offset_x=  -1.048, offset_z=   0.570  (mm)
  Detector : dDx=   0.000, dDy=   0.000, dDz=   0.000  (mm)
  Obj Stage rotY :    1.705 deg
============================================================

Unity geometry (world coordinates):
  Source   : x=   0.000, y=  43.000, z=   0.000
  Object   : x=   3.582, y=  16.873, z= 595.123
  Detector : x=  -2.000, y=   0.000, z= 704.000
  Obj rotY :   0.0000 deg
view   0 | SOD= 596.271 mm | SDD= 705.315 mm | M= 1.183 | incident=3.4990°
[[  15.188407   -595.50494     -26.126717  ]
 [  -7.754156    108.12394      16.873283  ]
 [   0.14953378    0.00445048    0.        ]
 [   0.            0.            0.1496    ]]
               x1          y1  area1          x2          y2  area2          x3          y3  area3
range  640.869001  206.788056  854.0  657.003736  300.768473  812.0  640.907216  401.728438  858.0
FAILURE!!!! Some beads might have been misidentified
               x1          y1  area1          x2          y2  area2          x3          y3  area3
range  639.225681  206.910569  861.0  655.419236  300.744444  811.0  639.265385  401.732869  861.0
FAILURE!!!! Some beads might have been misidentified
               x1          y1  area1          x2          y2  area2          x3          y3  area3
range  640.097276  206.833527  859.0  656.199504  300.768473  812.0  640.063307  401.723776  858.0
FAILURE!!!! Some beads might have been misidentified
          x1         y1  area1          x2          y2  area2     x3          y3  area3
range  640.0  206.87007  862.0  656.287841  300.770936  812.0  640.0  401.718931  861.0
FAILURE!!!! Some beads might have been misidentified
Residual vector length: 45, Jacobian shape: (45, 6)
view   0 | SOD= 596.273 mm | SDD= 705.315 mm | M= 1.183 | incident=3.4990°
[[  15.269563   -595.50555     -26.115747  ]
 [  -7.751249    108.12077      16.884253  ]
 [   0.14953329    0.00446711    0.        ]
 [   0.            0.            0.1496    ]]
          x1          y1  area1          x2          y2  area2          x3          y3  area3
range  640.0  206.728121  857.0  656.013631  300.719753  810.0  639.983204  401.645688  858.0
FAILURE!!!! Some beads might have been misidentified

iter 17 cost=16071.908284 -> 535909.090691 |dtheta|=2.273669e-02  lambda=1.507e+05

============================================================
Iteration 18
============================================================
Theta offsets (Unity frame):
  Source   : dSx=   0.000, dSy=   0.000, dSz=   0.000  (mm)
  Object   : dOx=  -4.418, dOy=   2.873, dOz=   0.123  (mm)
  Object offset: offset_x=  -1.048, offset_z=   0.570  (mm)
  Detector : dDx=   0.000, dDy=   0.000, dDz=   0.000  (mm)
  Obj Stage rotY :    1.705 deg
============================================================

Unity geometry (world coordinates):
  Source   : x=   0.000, y=  43.000, z=   0.000
  Object   : x=   3.582, y=  16.873, z= 595.123
  Detector : x=  -2.000, y=   0.000, z= 704.000
  Obj rotY :   0.0000 deg
view   0 | SOD= 596.271 mm | SDD= 705.315 mm | M= 1.183 | incident=3.4990°
[[  15.188407   -595.50494     -26.126717  ]
 [  -7.754156    108.12394      16.873283  ]
 [   0.14953378    0.00445048    0.        ]
 [   0.            0.            0.1496    ]]
               x1          y1  area1          x2          y2  area2          x3          y3  area3
range  640.869001  206.788056  854.0  657.003736  300.768473  812.0  640.907216  401.728438  858.0
FAILURE!!!! Some beads might have been misidentified
               x1          y1  area1          x2          y2  area2          x3          y3  area3
range  639.225681  206.910569  861.0  655.419236  300.744444  811.0  639.265385  401.732869  861.0
FAILURE!!!! Some beads might have been misidentified
               x1          y1  area1          x2          y2  area2          x3          y3  area3
range  640.097276  206.833527  859.0  656.199504  300.768473  812.0  640.063307  401.723776  858.0
FAILURE!!!! Some beads might have been misidentified
          x1         y1  area1          x2          y2  area2     x3          y3  area3
range  640.0  206.87007  862.0  656.287841  300.770936  812.0  640.0  401.718931  861.0
FAILURE!!!! Some beads might have been misidentified
Residual vector length: 45, Jacobian shape: (45, 6)
view   0 | SOD= 596.271 mm | SDD= 705.315 mm | M= 1.183 | incident=3.4990°
[[  15.20425    -595.5047      -26.124512  ]
 [  -7.753984    108.12372      16.875488  ]
 [   0.14953369    0.00445381    0.        ]
 [   0.            0.            0.1496    ]]
               x1          y1  area1          x2          y2  area2          x3          y3  area3
range  640.046753  206.840512  859.0  656.217553  300.762315  812.0  640.055484  401.714119  857.0
FAILURE!!!! Some beads might have been misidentified

iter 18 cost=16071.908284 -> 535973.856012 |dtheta|=4.620157e-03  lambda=7.535e+05

============================================================
Iteration 19
============================================================
Theta offsets (Unity frame):
  Source   : dSx=   0.000, dSy=   0.000, dSz=   0.000  (mm)
  Object   : dOx=  -4.418, dOy=   2.873, dOz=   0.123  (mm)
  Object offset: offset_x=  -1.048, offset_z=   0.570  (mm)
  Detector : dDx=   0.000, dDy=   0.000, dDz=   0.000  (mm)
  Obj Stage rotY :    1.705 deg
============================================================

Unity geometry (world coordinates):
  Source   : x=   0.000, y=  43.000, z=   0.000
  Object   : x=   3.582, y=  16.873, z= 595.123
  Detector : x=  -2.000, y=   0.000, z= 704.000
  Obj rotY :   0.0000 deg
view   0 | SOD= 596.271 mm | SDD= 705.315 mm | M= 1.183 | incident=3.4990°
[[  15.188407   -595.50494     -26.126717  ]
 [  -7.754156    108.12394      16.873283  ]
 [   0.14953378    0.00445048    0.        ]
 [   0.            0.            0.1496    ]]
               x1          y1  area1          x2          y2  area2          x3          y3  area3
range  640.869001  206.788056  854.0  657.003736  300.768473  812.0  640.907216  401.728438  858.0
FAILURE!!!! Some beads might have been misidentified
               x1          y1  area1          x2          y2  area2          x3          y3  area3
range  639.225681  206.910569  861.0  655.419236  300.744444  811.0  639.265385  401.732869  861.0
FAILURE!!!! Some beads might have been misidentified
               x1          y1  area1          x2          y2  area2          x3          y3  area3
range  640.097276  206.833527  859.0  656.199504  300.768473  812.0  640.063307  401.723776  858.0
FAILURE!!!! Some beads might have been misidentified
          x1         y1  area1          x2          y2  area2     x3          y3  area3
range  640.0  206.87007  862.0  656.287841  300.770936  812.0  640.0  401.718931  861.0
FAILURE!!!! Some beads might have been misidentified
Residual vector length: 45, Jacobian shape: (45, 6)
view   0 | SOD= 596.271 mm | SDD= 705.315 mm | M= 1.183 | incident=3.4990°
[[  15.200218   -595.50464     -26.125055  ]
 [  -7.7541537   108.12386      16.874945  ]
 [   0.1495337     0.00445299    0.        ]
 [   0.            0.            0.1496    ]]

iter 19 cost=16071.908284 -> 16061.301463 |dtheta|=3.514080e-03  lambda=1.000e+06

============================================================
Iteration 20
============================================================
Theta offsets (Unity frame):
  Source   : dSx=   0.000, dSy=   0.000, dSz=   0.000  (mm)
  Object   : dOx=  -4.421, dOy=   2.875, dOz=   0.123  (mm)
  Object offset: offset_x=  -1.047, offset_z=   0.570  (mm)
  Detector : dDx=   0.000, dDy=   0.000, dDz=   0.000  (mm)
  Obj Stage rotY :    1.706 deg
============================================================

Unity geometry (world coordinates):
  Source   : x=   0.000, y=  43.000, z=   0.000
  Object   : x=   3.579, y=  16.875, z= 595.123
  Detector : x=  -2.000, y=   0.000, z= 704.000
  Obj rotY :   0.0000 deg
view   0 | SOD= 596.271 mm | SDD= 705.315 mm | M= 1.183 | incident=3.4990°
[[  15.200218   -595.50464     -26.125055  ]
 [  -7.7541537   108.12386      16.874945  ]
 [   0.1495337     0.00445299    0.        ]
 [   0.            0.            0.1496    ]]
               x1          y1  area1          x2          y2  area2          x3          y3  area3
range  640.869001  206.777778  855.0  657.003731  300.768473  812.0  640.907216  401.711292  859.0
FAILURE!!!! Some beads might have been misidentified
               x1          y1  area1          x2          y2  area2          x3          y3  area3
range  639.225681  206.876887  861.0  655.407407  300.763906  810.0  639.214929  401.702671  861.0
FAILURE!!!! Some beads might have been misidentified
               x1          y1  area1         x2          y2  area2          x3          y3  area3
range  640.020779  206.829837  858.0  656.21358  300.747537  812.0  640.031048  401.654249  859.0
FAILURE!!!! Some beads might have been misidentified
              x1          y1  area1          x2          y2  area2          x3          y3  area3
range  640.06632  206.829837  858.0  656.179678  300.768473  812.0  640.055484  401.714119  857.0
FAILURE!!!! Some beads might have been misidentified
               x1         y1  area1          x2          y2  area2     x3          y3  area3
range  639.961039  206.87007  862.0  656.269802  300.755857  811.0  640.0  401.731083  859.0
FAILURE!!!! Some beads might have been misidentified
Residual vector length: 45, Jacobian shape: (45, 6)
view   0 | SOD= 596.273 mm | SDD= 705.315 mm | M= 1.183 | incident=3.4990°
[[  15.234773   -595.5059      -26.12001   ]
 [  -7.7541223   108.121506     16.87999   ]
 [   0.1495335     0.00446033    0.        ]
 [   0.            0.            0.1496    ]]
               x1          y1  area1          x2          y2  area2          x3          y3  area3
range  639.990933  206.770396  858.0  656.130112  300.738272  810.0  640.028424  401.663562  859.0
FAILURE!!!! Some beads might have been misidentified

iter 20 cost=16061.301463 -> 535941.430791 |dtheta|=1.067385e-02  lambda=3.333e+05

============================================================
Iteration 21
============================================================
Theta offsets (Unity frame):
  Source   : dSx=   0.000, dSy=   0.000, dSz=   0.000  (mm)
  Object   : dOx=  -4.421, dOy=   2.875, dOz=   0.123  (mm)
  Object offset: offset_x=  -1.047, offset_z=   0.570  (mm)
  Detector : dDx=   0.000, dDy=   0.000, dDz=   0.000  (mm)
  Obj Stage rotY :    1.706 deg
============================================================

Unity geometry (world coordinates):
  Source   : x=   0.000, y=  43.000, z=   0.000
  Object   : x=   3.579, y=  16.875, z= 595.123
  Detector : x=  -2.000, y=   0.000, z= 704.000
  Obj rotY :   0.0000 deg
view   0 | SOD= 596.271 mm | SDD= 705.315 mm | M= 1.183 | incident=3.4990°
[[  15.200218   -595.50464     -26.125055  ]
 [  -7.7541537   108.12386      16.874945  ]
 [   0.1495337     0.00445299    0.        ]
 [   0.            0.            0.1496    ]]
               x1          y1  area1          x2          y2  area2          x3          y3  area3
range  640.869001  206.777778  855.0  657.003731  300.768473  812.0  640.907216  401.711292  859.0
FAILURE!!!! Some beads might have been misidentified
               x1          y1  area1          x2          y2  area2          x3          y3  area3
range  639.225681  206.876887  861.0  655.407407  300.763906  810.0  639.214929  401.702671  861.0
FAILURE!!!! Some beads might have been misidentified
               x1          y1  area1         x2          y2  area2          x3          y3  area3
range  640.020779  206.829837  858.0  656.21358  300.747537  812.0  640.031048  401.654249  859.0
FAILURE!!!! Some beads might have been misidentified
              x1          y1  area1          x2          y2  area2          x3          y3  area3
range  640.06632  206.829837  858.0  656.179678  300.768473  812.0  640.055484  401.714119  857.0
FAILURE!!!! Some beads might have been misidentified
               x1         y1  area1          x2          y2  area2     x3          y3  area3
range  639.961039  206.87007  862.0  656.269802  300.755857  811.0  640.0  401.731083  859.0
FAILURE!!!! Some beads might have been misidentified
Residual vector length: 45, Jacobian shape: (45, 6)
view   0 | SOD= 596.272 mm | SDD= 705.315 mm | M= 1.183 | incident=3.4990°
[[  15.211395   -595.50476     -26.123371  ]
 [  -7.754489    108.12341      16.876629  ]
 [   0.14953364    0.00445544    0.        ]
 [   0.            0.            0.1496    ]]
               x1          y1  area1          x2          y2  area2          x3          y3  area3
range  640.037613  206.840512  859.0  656.218519  300.753391  811.0  640.016774  401.688009  859.0
FAILURE!!!! Some beads might have been misidentified

iter 21 cost=16061.301463 -> 535964.774421 |dtheta|=3.627644e-03  lambda=1.000e+06

============================================================
Iteration 22
============================================================
Theta offsets (Unity frame):
  Source   : dSx=   0.000, dSy=   0.000, dSz=   0.000  (mm)
  Object   : dOx=  -4.421, dOy=   2.875, dOz=   0.123  (mm)
  Object offset: offset_x=  -1.047, offset_z=   0.570  (mm)
  Detector : dDx=   0.000, dDy=   0.000, dDz=   0.000  (mm)
  Obj Stage rotY :    1.706 deg
============================================================

Unity geometry (world coordinates):
  Source   : x=   0.000, y=  43.000, z=   0.000
  Object   : x=   3.579, y=  16.875, z= 595.123
  Detector : x=  -2.000, y=   0.000, z= 704.000
  Obj rotY :   0.0000 deg
view   0 | SOD= 596.271 mm | SDD= 705.315 mm | M= 1.183 | incident=3.4990°
[[  15.200218   -595.50464     -26.125055  ]
 [  -7.7541537   108.12386      16.874945  ]
 [   0.1495337     0.00445299    0.        ]
 [   0.            0.            0.1496    ]]
               x1          y1  area1          x2          y2  area2          x3          y3  area3
range  640.869001  206.777778  855.0  657.003731  300.768473  812.0  640.907216  401.711292  859.0
FAILURE!!!! Some beads might have been misidentified
               x1          y1  area1          x2          y2  area2          x3          y3  area3
range  639.225681  206.876887  861.0  655.407407  300.763906  810.0  639.214929  401.702671  861.0
FAILURE!!!! Some beads might have been misidentified
               x1          y1  area1         x2          y2  area2          x3          y3  area3
range  640.020779  206.829837  858.0  656.21358  300.747537  812.0  640.031048  401.654249  859.0
FAILURE!!!! Some beads might have been misidentified
              x1          y1  area1          x2          y2  area2          x3          y3  area3
range  640.06632  206.829837  858.0  656.179678  300.768473  812.0  640.055484  401.714119  857.0
FAILURE!!!! Some beads might have been misidentified
               x1         y1  area1          x2          y2  area2     x3          y3  area3
range  639.961039  206.87007  862.0  656.269802  300.755857  811.0  640.0  401.731083  859.0
FAILURE!!!! Some beads might have been misidentified
Residual vector length: 45, Jacobian shape: (45, 6)
view   0 | SOD= 596.272 mm | SDD= 705.315 mm | M= 1.183 | incident=3.4990°
[[  15.211395   -595.50476     -26.123371  ]
 [  -7.754489    108.12341      16.876629  ]
 [   0.14953364    0.00445544    0.        ]
 [   0.            0.            0.1496    ]]
               x1          y1  area1          x2          y2  area2          x3          y3  area3
range  640.037613  206.840512  859.0  656.218519  300.753391  811.0  640.016774  401.688009  859.0
FAILURE!!!! Some beads might have been misidentified

iter 22 cost=16061.301463 -> 535964.774421 |dtheta|=3.627644e-03  lambda=1.000e+06

============================================================
Iteration 23
============================================================
Theta offsets (Unity frame):
  Source   : dSx=   0.000, dSy=   0.000, dSz=   0.000  (mm)
  Object   : dOx=  -4.421, dOy=   2.875, dOz=   0.123  (mm)
  Object offset: offset_x=  -1.047, offset_z=   0.570  (mm)
  Detector : dDx=   0.000, dDy=   0.000, dDz=   0.000  (mm)
  Obj Stage rotY :    1.706 deg
============================================================

Unity geometry (world coordinates):
  Source   : x=   0.000, y=  43.000, z=   0.000
  Object   : x=   3.579, y=  16.875, z= 595.123
  Detector : x=  -2.000, y=   0.000, z= 704.000
  Obj rotY :   0.0000 deg
view   0 | SOD= 596.271 mm | SDD= 705.315 mm | M= 1.183 | incident=3.4990°
[[  15.200218   -595.50464     -26.125055  ]
 [  -7.7541537   108.12386      16.874945  ]
 [   0.1495337     0.00445299    0.        ]
 [   0.            0.            0.1496    ]]
               x1          y1  area1          x2          y2  area2          x3          y3  area3
range  640.869001  206.777778  855.0  657.003731  300.768473  812.0  640.907216  401.711292  859.0
FAILURE!!!! Some beads might have been misidentified
               x1          y1  area1          x2          y2  area2          x3          y3  area3
range  639.225681  206.876887  861.0  655.407407  300.763906  810.0  639.214929  401.702671  861.0
FAILURE!!!! Some beads might have been misidentified
               x1          y1  area1         x2          y2  area2          x3          y3  area3
range  640.020779  206.829837  858.0  656.21358  300.747537  812.0  640.031048  401.654249  859.0
FAILURE!!!! Some beads might have been misidentified
              x1          y1  area1          x2          y2  area2          x3          y3  area3
range  640.06632  206.829837  858.0  656.179678  300.768473  812.0  640.055484  401.714119  857.0
FAILURE!!!! Some beads might have been misidentified
               x1         y1  area1          x2          y2  area2     x3          y3  area3
range  639.961039  206.87007  862.0  656.269802  300.755857  811.0  640.0  401.731083  859.0
FAILURE!!!! Some beads might have been misidentified
Residual vector length: 45, Jacobian shape: (45, 6)
view   0 | SOD= 596.272 mm | SDD= 705.315 mm | M= 1.183 | incident=3.4990°
[[  15.211395   -595.50476     -26.123371  ]
 [  -7.754489    108.12341      16.876629  ]
 [   0.14953364    0.00445544    0.        ]
 [   0.            0.            0.1496    ]]
               x1          y1  area1          x2          y2  area2          x3          y3  area3
range  640.037613  206.840512  859.0  656.218519  300.753391  811.0  640.016774  401.688009  859.0
FAILURE!!!! Some beads might have been misidentified

iter 23 cost=16061.301463 -> 535964.774421 |dtheta|=3.627644e-03  lambda=1.000e+06

============================================================
Iteration 24
============================================================
Theta offsets (Unity frame):
  Source   : dSx=   0.000, dSy=   0.000, dSz=   0.000  (mm)
  Object   : dOx=  -4.421, dOy=   2.875, dOz=   0.123  (mm)
  Object offset: offset_x=  -1.047, offset_z=   0.570  (mm)
  Detector : dDx=   0.000, dDy=   0.000, dDz=   0.000  (mm)
  Obj Stage rotY :    1.706 deg
============================================================

Unity geometry (world coordinates):
  Source   : x=   0.000, y=  43.000, z=   0.000
  Object   : x=   3.579, y=  16.875, z= 595.123
  Detector : x=  -2.000, y=   0.000, z= 704.000
  Obj rotY :   0.0000 deg
view   0 | SOD= 596.271 mm | SDD= 705.315 mm | M= 1.183 | incident=3.4990°
[[  15.200218   -595.50464     -26.125055  ]
 [  -7.7541537   108.12386      16.874945  ]
 [   0.1495337     0.00445299    0.        ]
 [   0.            0.            0.1496    ]]
               x1          y1  area1          x2          y2  area2          x3          y3  area3
range  640.869001  206.777778  855.0  657.003731  300.768473  812.0  640.907216  401.711292  859.0
FAILURE!!!! Some beads might have been misidentified
               x1          y1  area1          x2          y2  area2          x3          y3  area3
range  639.225681  206.876887  861.0  655.407407  300.763906  810.0  639.214929  401.702671  861.0
FAILURE!!!! Some beads might have been misidentified
               x1          y1  area1         x2          y2  area2          x3          y3  area3
range  640.020779  206.829837  858.0  656.21358  300.747537  812.0  640.031048  401.654249  859.0
FAILURE!!!! Some beads might have been misidentified
              x1          y1  area1          x2          y2  area2          x3          y3  area3
range  640.06632  206.829837  858.0  656.179678  300.768473  812.0  640.055484  401.714119  857.0
FAILURE!!!! Some beads might have been misidentified
               x1         y1  area1          x2          y2  area2     x3          y3  area3
range  639.961039  206.87007  862.0  656.269802  300.755857  811.0  640.0  401.731083  859.0
FAILURE!!!! Some beads might have been misidentified
Residual vector length: 45, Jacobian shape: (45, 6)
view   0 | SOD= 596.272 mm | SDD= 705.315 mm | M= 1.183 | incident=3.4990°
[[  15.211395   -595.50476     -26.123371  ]
 [  -7.754489    108.12341      16.876629  ]
 [   0.14953364    0.00445544    0.        ]
 [   0.            0.            0.1496    ]]
               x1          y1  area1          x2          y2  area2          x3          y3  area3
range  640.037613  206.840512  859.0  656.218519  300.753391  811.0  640.016774  401.688009  859.0
FAILURE!!!! Some beads might have been misidentified

iter 24 cost=16061.301463 -> 535964.774421 |dtheta|=3.627644e-03  lambda=1.000e+06

============================================================
Iteration 25
============================================================
Theta offsets (Unity frame):
  Source   : dSx=   0.000, dSy=   0.000, dSz=   0.000  (mm)
  Object   : dOx=  -4.421, dOy=   2.875, dOz=   0.123  (mm)
  Object offset: offset_x=  -1.047, offset_z=   0.570  (mm)
  Detector : dDx=   0.000, dDy=   0.000, dDz=   0.000  (mm)
  Obj Stage rotY :    1.706 deg
============================================================

Unity geometry (world coordinates):
  Source   : x=   0.000, y=  43.000, z=   0.000
  Object   : x=   3.579, y=  16.875, z= 595.123
  Detector : x=  -2.000, y=   0.000, z= 704.000
  Obj rotY :   0.0000 deg
view   0 | SOD= 596.271 mm | SDD= 705.315 mm | M= 1.183 | incident=3.4990°
[[  15.200218   -595.50464     -26.125055  ]
 [  -7.7541537   108.12386      16.874945  ]
 [   0.1495337     0.00445299    0.        ]
 [   0.            0.            0.1496    ]]
               x1          y1  area1          x2          y2  area2          x3          y3  area3
range  640.869001  206.777778  855.0  657.003731  300.768473  812.0  640.907216  401.711292  859.0
FAILURE!!!! Some beads might have been misidentified
               x1          y1  area1          x2          y2  area2          x3          y3  area3
range  639.225681  206.876887  861.0  655.407407  300.763906  810.0  639.214929  401.702671  861.0
FAILURE!!!! Some beads might have been misidentified
               x1          y1  area1         x2          y2  area2          x3          y3  area3
range  640.020779  206.829837  858.0  656.21358  300.747537  812.0  640.031048  401.654249  859.0
FAILURE!!!! Some beads might have been misidentified
              x1          y1  area1          x2          y2  area2          x3          y3  area3
range  640.06632  206.829837  858.0  656.179678  300.768473  812.0  640.055484  401.714119  857.0
FAILURE!!!! Some beads might have been misidentified
               x1         y1  area1          x2          y2  area2     x3          y3  area3
range  639.961039  206.87007  862.0  656.269802  300.755857  811.0  640.0  401.731083  859.0
FAILURE!!!! Some beads might have been misidentified
Residual vector length: 45, Jacobian shape: (45, 6)
view   0 | SOD= 596.272 mm | SDD= 705.315 mm | M= 1.183 | incident=3.4990°
[[  15.211395   -595.50476     -26.123371  ]
 [  -7.754489    108.12341      16.876629  ]
 [   0.14953364    0.00445544    0.        ]
 [   0.            0.            0.1496    ]]
               x1          y1  area1          x2          y2  area2          x3          y3  area3
range  640.037613  206.840512  859.0  656.218519  300.753391  811.0  640.016774  401.688009  859.0
FAILURE!!!! Some beads might have been misidentified

iter 25 cost=16061.301463 -> 535964.774421 |dtheta|=3.627644e-03  lambda=1.000e+06

============================================================
Iteration 26
============================================================
Theta offsets (Unity frame):
  Source   : dSx=   0.000, dSy=   0.000, dSz=   0.000  (mm)
  Object   : dOx=  -4.421, dOy=   2.875, dOz=   0.123  (mm)
  Object offset: offset_x=  -1.047, offset_z=   0.570  (mm)
  Detector : dDx=   0.000, dDy=   0.000, dDz=   0.000  (mm)
  Obj Stage rotY :    1.706 deg
============================================================

Unity geometry (world coordinates):
  Source   : x=   0.000, y=  43.000, z=   0.000
  Object   : x=   3.579, y=  16.875, z= 595.123
  Detector : x=  -2.000, y=   0.000, z= 704.000
  Obj rotY :   0.0000 deg
view   0 | SOD= 596.271 mm | SDD= 705.315 mm | M= 1.183 | incident=3.4990°
[[  15.200218   -595.50464     -26.125055  ]
 [  -7.7541537   108.12386      16.874945  ]
 [   0.1495337     0.00445299    0.        ]
 [   0.            0.            0.1496    ]]
               x1          y1  area1          x2          y2  area2          x3          y3  area3
range  640.869001  206.777778  855.0  657.003731  300.768473  812.0  640.907216  401.711292  859.0
FAILURE!!!! Some beads might have been misidentified
               x1          y1  area1          x2          y2  area2          x3          y3  area3
range  639.225681  206.876887  861.0  655.407407  300.763906  810.0  639.214929  401.702671  861.0
FAILURE!!!! Some beads might have been misidentified
               x1          y1  area1         x2          y2  area2          x3          y3  area3
range  640.020779  206.829837  858.0  656.21358  300.747537  812.0  640.031048  401.654249  859.0
FAILURE!!!! Some beads might have been misidentified
              x1          y1  area1          x2          y2  area2          x3          y3  area3
range  640.06632  206.829837  858.0  656.179678  300.768473  812.0  640.055484  401.714119  857.0
FAILURE!!!! Some beads might have been misidentified
               x1         y1  area1          x2          y2  area2     x3          y3  area3
range  639.961039  206.87007  862.0  656.269802  300.755857  811.0  640.0  401.731083  859.0
FAILURE!!!! Some beads might have been misidentified
Residual vector length: 45, Jacobian shape: (45, 6)
view   0 | SOD= 596.272 mm | SDD= 705.315 mm | M= 1.183 | incident=3.4990°
[[  15.211395   -595.50476     -26.123371  ]
 [  -7.754489    108.12341      16.876629  ]
 [   0.14953364    0.00445544    0.        ]
 [   0.            0.            0.1496    ]]
               x1          y1  area1          x2          y2  area2          x3          y3  area3
range  640.037613  206.840512  859.0  656.218519  300.753391  811.0  640.016774  401.688009  859.0
FAILURE!!!! Some beads might have been misidentified

iter 26 cost=16061.301463 -> 535964.774421 |dtheta|=3.627644e-03  lambda=1.000e+06

============================================================
Iteration 27
============================================================
Theta offsets (Unity frame):
  Source   : dSx=   0.000, dSy=   0.000, dSz=   0.000  (mm)
  Object   : dOx=  -4.421, dOy=   2.875, dOz=   0.123  (mm)
  Object offset: offset_x=  -1.047, offset_z=   0.570  (mm)
  Detector : dDx=   0.000, dDy=   0.000, dDz=   0.000  (mm)
  Obj Stage rotY :    1.706 deg
============================================================

Unity geometry (world coordinates):
  Source   : x=   0.000, y=  43.000, z=   0.000
  Object   : x=   3.579, y=  16.875, z= 595.123
  Detector : x=  -2.000, y=   0.000, z= 704.000
  Obj rotY :   0.0000 deg
view   0 | SOD= 596.271 mm | SDD= 705.315 mm | M= 1.183 | incident=3.4990°
[[  15.200218   -595.50464     -26.125055  ]
 [  -7.7541537   108.12386      16.874945  ]
 [   0.1495337     0.00445299    0.        ]
 [   0.            0.            0.1496    ]]
               x1          y1  area1          x2          y2  area2          x3          y3  area3
range  640.869001  206.777778  855.0  657.003731  300.768473  812.0  640.907216  401.711292  859.0
FAILURE!!!! Some beads might have been misidentified
               x1          y1  area1          x2          y2  area2          x3          y3  area3
range  639.225681  206.876887  861.0  655.407407  300.763906  810.0  639.214929  401.702671  861.0
FAILURE!!!! Some beads might have been misidentified
               x1          y1  area1         x2          y2  area2          x3          y3  area3
range  640.020779  206.829837  858.0  656.21358  300.747537  812.0  640.031048  401.654249  859.0
FAILURE!!!! Some beads might have been misidentified
              x1          y1  area1          x2          y2  area2          x3          y3  area3
range  640.06632  206.829837  858.0  656.179678  300.768473  812.0  640.055484  401.714119  857.0
FAILURE!!!! Some beads might have been misidentified
               x1         y1  area1          x2          y2  area2     x3          y3  area3
range  639.961039  206.87007  862.0  656.269802  300.755857  811.0  640.0  401.731083  859.0
FAILURE!!!! Some beads might have been misidentified
Residual vector length: 45, Jacobian shape: (45, 6)
view   0 | SOD= 596.272 mm | SDD= 705.315 mm | M= 1.183 | incident=3.4990°
[[  15.211395   -595.50476     -26.123371  ]
 [  -7.754489    108.12341      16.876629  ]
 [   0.14953364    0.00445544    0.        ]
 [   0.            0.            0.1496    ]]
               x1          y1  area1          x2          y2  area2          x3          y3  area3
range  640.037613  206.840512  859.0  656.218519  300.753391  811.0  640.016774  401.688009  859.0
FAILURE!!!! Some beads might have been misidentified

iter 27 cost=16061.301463 -> 535964.774421 |dtheta|=3.627644e-03  lambda=1.000e+06
Stalled.

Estimated theta:
  dSx: +0.000000
  dSy: +0.000000
  dOx: -4.420790
  dOy: +2.874945
  dOz: +0.122846
  dDx: +0.000000
  dDy: +0.000000
  dDz: +0.000000
alpha: +1.705718e+00 deg)
offset_x: -1.046906
offset_z: +0.570358

Final cost table:
Fake theta: [  0.    0.   -8.    6.  -25.    0.    0.    0.   14.1   0.    0. ]
Final estimated theta: [ 0.          0.         -4.42079025  2.87494465  0.12284589  0.
  0.          0.          1.70571767 -1.0469061   0.57035788]
Diff from Expected: [  0.           0.           3.57920975  -3.12505535  25.12284589
   0.           0.           0.         -12.39428271  -1.0469061
   0.57035788]
################################################################################

