Phantom already exists, skipping: cuboid_phantom_3_compact.npy

################################################################################
Running cuboid=compact scenario=G3 N_ANGLES=5, K=3
view   0 | SOD= 570.464 mm | SDD= 705.315 mm | M= 1.236 | incident=3.4990°
[[ 138.86055    -552.827       -23.        ]
 [ -34.584156    129.47562      20.        ]
 [   0.14509286    0.03644481    0.        ]
 [   0.            0.            0.1496    ]]
          image          x1          y1  area1          x2          y2  area2          x3          y3  area3
0  proj_000.png  502.899870  224.776333    769  478.965654  281.122853    757  502.884715  340.829016    772
1  proj_001.png  475.431169  224.749351    770  506.119580  281.223390    761  475.400778  340.757458    771
2  proj_002.png  469.427451  223.917647    765  512.370466  282.272021    772  469.460836  339.180157    766
3  proj_003.png  492.928947  223.500000    760  488.788036  282.911573    769  492.927536  338.520422    759
4  proj_004.png  513.559322  224.007823    767  468.101562  282.157552    768  513.601307  339.448366    765

============================================================
Iteration 0
============================================================
Theta offsets (Unity frame):
  Source   : dSx=   0.000, dSy=   0.000, dSz=   0.000  (mm)
  Object   : dOx=   0.000, dOy=   0.000, dOz=   0.000  (mm)
  Object offset: offset_x=   0.000, offset_z=   0.000  (mm)
  Detector : dDx=   0.000, dDy=   0.000, dDz=   0.000  (mm)
  Obj Stage rotY :    0.000 deg
============================================================

Unity geometry (world coordinates):
  Source   : x=   0.000, y=  43.000, z=   0.000
  Object   : x=   8.000, y=  14.000, z= 595.000
  Detector : x=  -2.000, y=   0.000, z= 704.000
  Obj rotY :   0.0000 deg
view   0 | SOD= 595.760 mm | SDD= 705.315 mm | M= 1.184 | incident=3.4990°
[[  -8.     -595.      -29.    ]
 [ -10.      109.       14.    ]
 [   0.1496    0.        0.    ]
 [   0.        0.        0.1496]]
Residual vector length: 45, Jacobian shape: (45, 6)
view   0 | SOD= 591.999 mm | SDD= 705.315 mm | M= 1.191 | incident=3.4990°
[[   5.893506   -591.484       -23.97018   ]
 [  -2.5847502   112.4678       19.02982   ]
 [   0.14959367    0.00137665    0.        ]
 [   0.            0.            0.1496    ]]

iter 00 cost=42073.617778 -> 257.547531 |dtheta|=1.032290e+01  lambda=1.000e-02

============================================================
Iteration 1
============================================================
Theta offsets (Unity frame):
  Source   : dSx=   0.000, dSy=   0.000, dSz=   0.000  (mm)
  Object   : dOx=  -8.129, dOy=   5.030, dOz=  -3.832  (mm)
  Object offset: offset_x=  -0.322, offset_z=   0.345  (mm)
  Detector : dDx=   0.000, dDy=   0.000, dDz=   0.000  (mm)
  Obj Stage rotY :    0.527 deg
============================================================

Unity geometry (world coordinates):
  Source   : x=   0.000, y=  43.000, z=   0.000
  Object   : x=  -0.129, y=  19.030, z= 591.168
  Detector : x=  -2.000, y=   0.000, z= 704.000
  Obj rotY :   0.0000 deg
view   0 | SOD= 591.999 mm | SDD= 705.315 mm | M= 1.191 | incident=3.4990°
[[   5.893506   -591.484       -23.97018   ]
 [  -2.5847502   112.4678       19.02982   ]
 [   0.14959367    0.00137665    0.        ]
 [   0.            0.            0.1496    ]]
Residual vector length: 45, Jacobian shape: (45, 6)
view   0 | SOD= 589.299 mm | SDD= 705.315 mm | M= 1.197 | incident=3.4990°
[[  41.70295    -587.34        -23.792362  ]
 [  -9.677801    114.78534      19.207638  ]
 [   0.14923145    0.01049446    0.        ]
 [   0.            0.            0.1496    ]]

iter 01 cost=257.547531 -> 165.041724 |dtheta|=4.299560e+00  lambda=3.333e-03

============================================================
Iteration 2
============================================================
Theta offsets (Unity frame):
  Source   : dSx=   0.000, dSy=   0.000, dSz=   0.000  (mm)
  Object   : dOx=  -8.156, dOy=   5.208, dOz=  -6.320  (mm)
  Object offset: offset_x=  -0.243, offset_z=   0.138  (mm)
  Detector : dDx=   0.000, dDy=   0.000, dDz=   0.000  (mm)
  Obj Stage rotY :    4.023 deg
============================================================

Unity geometry (world coordinates):
  Source   : x=   0.000, y=  43.000, z=   0.000
  Object   : x=  -0.156, y=  19.208, z= 588.680
  Detector : x=  -2.000, y=   0.000, z= 704.000
  Obj rotY :   0.0000 deg
view   0 | SOD= 589.299 mm | SDD= 705.315 mm | M= 1.197 | incident=3.4990°
[[  41.70295    -587.34        -23.792362  ]
 [  -9.677801    114.78534      19.207638  ]
 [   0.14923145    0.01049446    0.        ]
 [   0.            0.            0.1496    ]]
Residual vector length: 45, Jacobian shape: (45, 6)
view   0 | SOD= 584.728 mm | SDD= 705.315 mm | M= 1.206 | incident=3.4990°
[[  37.00711    -583.07904     -23.594452  ]
 [  -9.273522    119.400925     19.405548  ]
 [   0.14930372    0.00941048    0.        ]
 [   0.            0.            0.1496    ]]

iter 02 cost=165.041724 -> 127.682963 |dtheta|=4.578459e+00  lambda=1.111e-03

============================================================
Iteration 3
============================================================
Theta offsets (Unity frame):
  Source   : dSx=   0.000, dSy=   0.000, dSz=   0.000  (mm)
  Object   : dOx=  -8.019, dOy=   5.406, dOz= -10.873  (mm)
  Object offset: offset_x=  -0.237, offset_z=   0.125  (mm)
  Detector : dDx=   0.000, dDy=   0.000, dDz=   0.000  (mm)
  Obj Stage rotY :    3.607 deg
============================================================

Unity geometry (world coordinates):
  Source   : x=   0.000, y=  43.000, z=   0.000
  Object   : x=  -0.019, y=  19.406, z= 584.127
  Detector : x=  -2.000, y=   0.000, z= 704.000
  Obj rotY :   0.0000 deg
view   0 | SOD= 584.728 mm | SDD= 705.315 mm | M= 1.206 | incident=3.4990°
[[  37.00711    -583.07904     -23.594452  ]
 [  -9.273522    119.400925     19.405548  ]
 [   0.14930372    0.00941048    0.        ]
 [   0.            0.            0.1496    ]]
Residual vector length: 45, Jacobian shape: (45, 6)
view   0 | SOD= 585.408 mm | SDD= 705.315 mm | M= 1.205 | incident=3.4990°
[[  48.19429   -582.944      -23.593506 ]
 [ -11.829019   118.49539     19.406494 ]
 [   0.1490909    0.0123314    0.       ]
 [   0.           0.           0.1496   ]]

iter 03 cost=127.682963 -> 118.124660 |dtheta|=1.297167e+00  lambda=3.704e-04

============================================================
Iteration 4
============================================================
Theta offsets (Unity frame):
  Source   : dSx=   0.000, dSy=   0.000, dSz=   0.000  (mm)
  Object   : dOx=  -7.985, dOy=   5.406, dOz= -10.275  (mm)
  Object offset: offset_x=   0.006, offset_z=   0.208  (mm)
  Detector : dDx=   0.000, dDy=   0.000, dDz=   0.000  (mm)
  Obj Stage rotY :    4.728 deg
============================================================

Unity geometry (world coordinates):
  Source   : x=   0.000, y=  43.000, z=   0.000
  Object   : x=   0.015, y=  19.406, z= 584.725
  Detector : x=  -2.000, y=   0.000, z= 704.000
  Obj rotY :   0.0000 deg
view   0 | SOD= 585.408 mm | SDD= 705.315 mm | M= 1.205 | incident=3.4990°
[[  48.19429   -582.944      -23.593506 ]
 [ -11.829019   118.49539     19.406494 ]
 [   0.1490909    0.0123314    0.       ]
 [   0.           0.           0.1496   ]]
Residual vector length: 45, Jacobian shape: (45, 6)
view   0 | SOD= 582.108 mm | SDD= 705.315 mm | M= 1.212 | incident=3.4990°
[[  57.35473    -578.79895     -23.49881   ]
 [ -13.907782    121.58782      19.50119   ]
 [   0.14887401    0.01472035    0.        ]
 [   0.            0.            0.1496    ]]

iter 04 cost=118.124660 -> 81.738954 |dtheta|=3.358188e+00  lambda=1.235e-04

============================================================
Iteration 5
============================================================
Theta offsets (Unity frame):
  Source   : dSx=   0.000, dSy=   0.000, dSz=   0.000  (mm)
  Object   : dOx=  -7.988, dOy=   5.501, dOz= -13.500  (mm)
  Object offset: offset_x=  -0.136, offset_z=   0.133  (mm)
  Detector : dDx=   0.000, dDy=   0.000, dDz=   0.000  (mm)
  Obj Stage rotY :    5.647 deg
============================================================

Unity geometry (world coordinates):
  Source   : x=   0.000, y=  43.000, z=   0.000
  Object   : x=   0.012, y=  19.501, z= 581.500
  Detector : x=  -2.000, y=   0.000, z= 704.000
  Obj rotY :   0.0000 deg
view   0 | SOD= 582.108 mm | SDD= 705.315 mm | M= 1.212 | incident=3.4990°
[[  57.35473    -578.79895     -23.49881   ]
 [ -13.907782    121.58782      19.50119   ]
 [   0.14887401    0.01472035    0.        ]
 [   0.            0.            0.1496    ]]
Residual vector length: 45, Jacobian shape: (45, 6)
view   0 | SOD= 580.883 mm | SDD= 705.315 mm | M= 1.214 | incident=3.4990°
[[  60.311443   -577.2697      -23.383022  ]
 [ -14.740322    122.72116      19.616978  ]
 [   0.14879216    0.01552579    0.        ]
 [   0.            0.            0.1496    ]]

iter 05 cost=81.738954 -> 76.054211 |dtheta|=1.176004e+00  lambda=4.115e-05

============================================================
Iteration 6
============================================================
Theta offsets (Unity frame):
  Source   : dSx=   0.000, dSy=   0.000, dSz=   0.000  (mm)
  Object   : dOx=  -7.991, dOy=   5.617, dOz= -14.623  (mm)
  Object offset: offset_x=  -0.085, offset_z=   0.034  (mm)
  Detector : dDx=   0.000, dDy=   0.000, dDz=   0.000  (mm)
  Obj Stage rotY :    5.957 deg
============================================================

Unity geometry (world coordinates):
  Source   : x=   0.000, y=  43.000, z=   0.000
  Object   : x=   0.009, y=  19.617, z= 580.377
  Detector : x=  -2.000, y=   0.000, z= 704.000
  Obj rotY :   0.0000 deg
view   0 | SOD= 580.883 mm | SDD= 705.315 mm | M= 1.214 | incident=3.4990°
[[  60.311443   -577.2697      -23.383022  ]
 [ -14.740322    122.72116      19.616978  ]
 [   0.14879216    0.01552579    0.        ]
 [   0.            0.            0.1496    ]]
Residual vector length: 45, Jacobian shape: (45, 6)
view   0 | SOD= 578.819 mm | SDD= 705.315 mm | M= 1.219 | incident=3.4990°
[[  69.24371    -574.1876      -23.357107  ]
 [ -16.857777    124.53017      19.642893  ]
 [   0.14852831    0.01787461    0.        ]
 [   0.            0.            0.1496    ]]

iter 06 cost=76.054211 -> 54.364523 |dtheta|=2.299263e+00  lambda=1.372e-05

============================================================
Iteration 7
============================================================
Theta offsets (Unity frame):
  Source   : dSx=   0.000, dSy=   0.000, dSz=   0.000  (mm)
  Object   : dOx=  -8.002, dOy=   5.643, dOz= -16.735  (mm)
  Object offset: offset_x=  -0.141, offset_z=   0.082  (mm)
  Detector : dDx=   0.000, dDy=   0.000, dDz=   0.000  (mm)
  Obj Stage rotY :    6.862 deg
============================================================

Unity geometry (world coordinates):
  Source   : x=   0.000, y=  43.000, z=   0.000
  Object   : x=  -0.002, y=  19.643, z= 578.265
  Detector : x=  -2.000, y=   0.000, z= 704.000
  Obj rotY :   0.0000 deg
view   0 | SOD= 578.819 mm | SDD= 705.315 mm | M= 1.219 | incident=3.4990°
[[  69.24371    -574.1876      -23.357107  ]
 [ -16.857777    124.53017      19.642893  ]
 [   0.14852831    0.01787461    0.        ]
 [   0.            0.            0.1496    ]]
Residual vector length: 45, Jacobian shape: (45, 6)
view   0 | SOD= 576.845 mm | SDD= 705.315 mm | M= 1.223 | incident=3.4990°
[[  81.50403    -570.5855      -23.229246  ]
 [ -19.956238    126.06777      19.770754  ]
 [   0.14809889    0.02113957    0.        ]
 [   0.            0.            0.1496    ]]

iter 07 cost=54.364523 -> 37.483321 |dtheta|=2.310460e+00  lambda=4.572e-06

============================================================
Iteration 8
============================================================
Theta offsets (Unity frame):
  Source   : dSx=   0.000, dSy=   0.000, dSz=   0.000  (mm)
  Object   : dOx=  -8.021, dOy=   5.771, dOz= -18.663  (mm)
  Object offset: offset_x=  -0.037, offset_z=   0.040  (mm)
  Detector : dDx=   0.000, dDy=   0.000, dDz=   0.000  (mm)
  Obj Stage rotY :    8.124 deg
============================================================

Unity geometry (world coordinates):
  Source   : x=   0.000, y=  43.000, z=   0.000
  Object   : x=  -0.021, y=  19.771, z= 576.337
  Detector : x=  -2.000, y=   0.000, z= 704.000
  Obj rotY :   0.0000 deg
view   0 | SOD= 576.845 mm | SDD= 705.315 mm | M= 1.223 | incident=3.4990°
[[  81.50403    -570.5855      -23.229246  ]
 [ -19.956238    126.06777      19.770754  ]
 [   0.14809889    0.02113957    0.        ]
 [   0.            0.            0.1496    ]]
Residual vector length: 45, Jacobian shape: (45, 6)
view   0 | SOD= 575.638 mm | SDD= 705.315 mm | M= 1.225 | incident=3.4990°
[[  91.50123    -567.8452      -23.19355   ]
 [ -22.4681      126.87128      19.80645   ]
 [   0.14769486    0.02379889    0.        ]
 [   0.            0.            0.1496    ]]

iter 08 cost=37.483321 -> 26.844009 |dtheta|=1.559707e+00  lambda=1.524e-06

============================================================
Iteration 9
============================================================
Theta offsets (Unity frame):
  Source   : dSx=   0.000, dSy=   0.000, dSz=   0.000  (mm)
  Object   : dOx=  -8.007, dOy=   5.806, dOz= -19.832  (mm)
  Object offset: offset_x=   0.005, offset_z=   0.002  (mm)
  Detector : dDx=   0.000, dDy=   0.000, dDz=   0.000  (mm)
  Obj Stage rotY :    9.154 deg
============================================================

Unity geometry (world coordinates):
  Source   : x=   0.000, y=  43.000, z=   0.000
  Object   : x=  -0.007, y=  19.806, z= 575.168
  Detector : x=  -2.000, y=   0.000, z= 704.000
  Obj rotY :   0.0000 deg
view   0 | SOD= 575.638 mm | SDD= 705.315 mm | M= 1.225 | incident=3.4990°
[[  91.50123    -567.8452      -23.19355   ]
 [ -22.4681      126.87128      19.80645   ]
 [   0.14769486    0.02379889    0.        ]
 [   0.            0.            0.1496    ]]
Residual vector length: 45, Jacobian shape: (45, 6)
view   0 | SOD= 573.811 mm | SDD= 705.315 mm | M= 1.229 | incident=3.4990°
[[  95.88703    -565.2693      -23.145962  ]
 [ -23.820665    128.48145      19.854038  ]
 [   0.14749311    0.02501887    0.        ]
 [   0.            0.            0.1496    ]]

iter 09 cost=26.844009 -> 19.540476 |dtheta|=1.953971e+00  lambda=1.000e-06

============================================================
Iteration 10
============================================================
Theta offsets (Unity frame):
  Source   : dSx=   0.000, dSy=   0.000, dSz=   0.000  (mm)
  Object   : dOx=  -8.006, dOy=   5.854, dOz= -21.726  (mm)
  Object offset: offset_x=   0.004, offset_z=   0.070  (mm)
  Detector : dDx=   0.000, dDy=   0.000, dDz=   0.000  (mm)
  Obj Stage rotY :    9.627 deg
============================================================

Unity geometry (world coordinates):
  Source   : x=   0.000, y=  43.000, z=   0.000
  Object   : x=  -0.006, y=  19.854, z= 573.274
  Detector : x=  -2.000, y=   0.000, z= 704.000
  Obj rotY :   0.0000 deg
view   0 | SOD= 573.811 mm | SDD= 705.315 mm | M= 1.229 | incident=3.4990°
[[  95.88703    -565.2693      -23.145962  ]
 [ -23.820665    128.48145      19.854038  ]
 [   0.14749311    0.02501887    0.        ]
 [   0.            0.            0.1496    ]]
Residual vector length: 45, Jacobian shape: (45, 6)
view   0 | SOD= 573.424 mm | SDD= 705.315 mm | M= 1.230 | incident=3.4990°
[[ 103.55676    -563.5217      -23.11206   ]
 [ -25.640118    128.52463      19.88794   ]
 [   0.14713666    0.02703634    0.        ]
 [   0.            0.            0.1496    ]]

iter 10 cost=19.540476 -> 12.740815 |dtheta|=8.676361e-01  lambda=1.000e-06

============================================================
Iteration 11
============================================================
Theta offsets (Unity frame):
  Source   : dSx=   0.000, dSy=   0.000, dSz=   0.000  (mm)
  Object   : dOx=  -7.995, dOy=   5.888, dOz= -22.094  (mm)
  Object offset: offset_x=  -0.014, offset_z=   0.052  (mm)
  Detector : dDx=   0.000, dDy=   0.000, dDz=   0.000  (mm)
  Obj Stage rotY :   10.412 deg
============================================================

Unity geometry (world coordinates):
  Source   : x=   0.000, y=  43.000, z=   0.000
  Object   : x=   0.005, y=  19.888, z= 572.906
  Detector : x=  -2.000, y=   0.000, z= 704.000
  Obj rotY :   0.0000 deg
view   0 | SOD= 573.424 mm | SDD= 705.315 mm | M= 1.230 | incident=3.4990°
[[ 103.55676    -563.5217      -23.11206   ]
 [ -25.640118    128.52463      19.88794   ]
 [   0.14713666    0.02703634    0.        ]
 [   0.            0.            0.1496    ]]
Residual vector length: 45, Jacobian shape: (45, 6)
view   0 | SOD= 573.612 mm | SDD= 705.315 mm | M= 1.230 | incident=3.4990°
[[ 109.551056   -562.57825     -23.122875  ]
 [ -26.939056    128.06671      19.877125  ]
 [   0.14684327    0.02858698    0.        ]
 [   0.            0.            0.1496    ]]

iter 11 cost=12.740815 -> 9.660500 |dtheta|=6.262703e-01  lambda=1.000e-06

============================================================
Iteration 12
============================================================
Theta offsets (Unity frame):
  Source   : dSx=   0.000, dSy=   0.000, dSz=   0.000  (mm)
  Object   : dOx=  -8.002, dOy=   5.877, dOz= -21.933  (mm)
  Object offset: offset_x=  -0.028, offset_z=   0.078  (mm)
  Detector : dDx=   0.000, dDy=   0.000, dDz=   0.000  (mm)
  Obj Stage rotY :   11.016 deg
============================================================

Unity geometry (world coordinates):
  Source   : x=   0.000, y=  43.000, z=   0.000
  Object   : x=  -0.002, y=  19.877, z= 573.067
  Detector : x=  -2.000, y=   0.000, z= 704.000
  Obj rotY :   0.0000 deg
view   0 | SOD= 573.612 mm | SDD= 705.315 mm | M= 1.230 | incident=3.4990°
[[ 109.551056   -562.57825     -23.122875  ]
 [ -26.939056    128.06671      19.877125  ]
 [   0.14684327    0.02858698    0.        ]
 [   0.            0.            0.1496    ]]
Residual vector length: 45, Jacobian shape: (45, 6)
view   0 | SOD= 574.208 mm | SDD= 705.315 mm | M= 1.228 | incident=3.4990°
[[ 115.92815    -561.90674     -23.159107  ]
 [ -28.262123    127.171776     19.840893  ]
 [   0.14651504    0.03022419    0.        ]
 [   0.            0.            0.1496    ]]

iter 12 cost=9.660500 -> 7.951806 |dtheta|=9.070512e-01  lambda=1.000e-06

============================================================
Iteration 13
============================================================
Theta offsets (Unity frame):
  Source   : dSx=   0.000, dSy=   0.000, dSz=   0.000  (mm)
  Object   : dOx=  -7.990, dOy=   5.841, dOz= -21.292  (mm)
  Object offset: offset_x=  -0.023, offset_z=   0.033  (mm)
  Detector : dDx=   0.000, dDy=   0.000, dDz=   0.000  (mm)
  Obj Stage rotY :   11.656 deg
============================================================

Unity geometry (world coordinates):
  Source   : x=   0.000, y=  43.000, z=   0.000
  Object   : x=   0.010, y=  19.841, z= 573.708
  Detector : x=  -2.000, y=   0.000, z= 704.000
  Obj rotY :   0.0000 deg
view   0 | SOD= 574.208 mm | SDD= 705.315 mm | M= 1.228 | incident=3.4990°
[[ 115.92815    -561.90674     -23.159107  ]
 [ -28.262123    127.171776     19.840893  ]
 [   0.14651504    0.03022419    0.        ]
 [   0.            0.            0.1496    ]]
Residual vector length: 45, Jacobian shape: (45, 6)
view   0 | SOD= 574.660 mm | SDD= 705.315 mm | M= 1.227 | incident=3.4990°
[[ 128.38527    -559.6557      -23.158518  ]
 [ -30.918783    126.086365     19.841482  ]
 [   0.1458152     0.03343786    0.        ]
 [   0.            0.            0.1496    ]]

iter 13 cost=7.951806 -> 6.122075 |dtheta|=1.327138e+00  lambda=1.000e-06

============================================================
Iteration 14
============================================================
Theta offsets (Unity frame):
  Source   : dSx=   0.000, dSy=   0.000, dSz=   0.000  (mm)
  Object   : dOx=  -7.994, dOy=   5.841, dOz= -20.877  (mm)
  Object offset: offset_x=  -0.052, offset_z=   0.070  (mm)
  Detector : dDx=   0.000, dDy=   0.000, dDz=   0.000  (mm)
  Obj Stage rotY :   12.916 deg
============================================================

Unity geometry (world coordinates):
  Source   : x=   0.000, y=  43.000, z=   0.000
  Object   : x=   0.006, y=  19.841, z= 574.123
  Detector : x=  -2.000, y=   0.000, z= 704.000
  Obj rotY :   0.0000 deg
view   0 | SOD= 574.660 mm | SDD= 705.315 mm | M= 1.227 | incident=3.4990°
[[ 128.38527    -559.6557      -23.158518  ]
 [ -30.918783    126.086365     19.841482  ]
 [   0.1458152     0.03343786    0.        ]
 [   0.            0.            0.1496    ]]
Residual vector length: 45, Jacobian shape: (45, 6)
view   0 | SOD= 573.897 mm | SDD= 705.315 mm | M= 1.229 | incident=3.4990°
[[ 124.8982     -559.663       -23.131794  ]
 [ -30.32961     127.01328      19.868206  ]
 [   0.14601125    0.0325711     0.        ]
 [   0.            0.            0.1496    ]]

iter 14 cost=6.122075 -> 4.659647 |dtheta|=8.082280e-01  lambda=1.000e-06

============================================================
Iteration 15
============================================================
Theta offsets (Unity frame):
  Source   : dSx=   0.000, dSy=   0.000, dSz=   0.000  (mm)
  Object   : dOx=  -8.012, dOy=   5.868, dOz= -21.609  (mm)
  Object offset: offset_x=  -0.040, offset_z=   0.039  (mm)
  Detector : dDx=   0.000, dDy=   0.000, dDz=   0.000  (mm)
  Obj Stage rotY :   12.575 deg
============================================================

Unity geometry (world coordinates):
  Source   : x=   0.000, y=  43.000, z=   0.000
  Object   : x=  -0.012, y=  19.868, z= 573.391
  Detector : x=  -2.000, y=   0.000, z= 704.000
  Obj rotY :   0.0000 deg
view   0 | SOD= 573.897 mm | SDD= 705.315 mm | M= 1.229 | incident=3.4990°
[[ 124.8982     -559.663       -23.131794  ]
 [ -30.32961     127.01328      19.868206  ]
 [   0.14601125    0.0325711     0.        ]
 [   0.            0.            0.1496    ]]
Residual vector length: 45, Jacobian shape: (45, 6)
view   0 | SOD= 573.058 mm | SDD= 705.315 mm | M= 1.231 | incident=3.4990°
[[ 124.78452    -558.8294      -23.104626  ]
 [ -30.568228    127.8186       19.895374  ]
 [   0.14600532    0.03259767    0.        ]
 [   0.            0.            0.1496    ]]

iter 15 cost=4.659647 -> 3.289045 |dtheta|=8.047510e-01  lambda=1.000e-06

============================================================
Iteration 16
============================================================
Theta offsets (Unity frame):
  Source   : dSx=   0.000, dSy=   0.000, dSz=   0.000  (mm)
  Object   : dOx=  -7.998, dOy=   5.895, dOz= -22.412  (mm)
  Object offset: offset_x=  -0.020, offset_z=   0.004  (mm)
  Detector : dDx=   0.000, dDy=   0.000, dDz=   0.000  (mm)
  Obj Stage rotY :   12.586 deg
============================================================

Unity geometry (world coordinates):
  Source   : x=   0.000, y=  43.000, z=   0.000
  Object   : x=   0.002, y=  19.895, z= 572.588
  Detector : x=  -2.000, y=   0.000, z= 704.000
  Obj rotY :   0.0000 deg
view   0 | SOD= 573.058 mm | SDD= 705.315 mm | M= 1.231 | incident=3.4990°
[[ 124.78452    -558.8294      -23.104626  ]
 [ -30.568228    127.8186       19.895374  ]
 [   0.14600532    0.03259767    0.        ]
 [   0.            0.            0.1496    ]]
Residual vector length: 45, Jacobian shape: (45, 6)
view   0 | SOD= 572.657 mm | SDD= 705.315 mm | M= 1.232 | incident=3.4990°
[[ 126.48771    -558.0359      -23.084839  ]
 [ -31.081995    128.10678      19.915161  ]
 [   0.14589927    0.03306907    0.        ]
 [   0.            0.            0.1496    ]]

iter 16 cost=3.289045 -> 2.247915 |dtheta|=4.540414e-01  lambda=1.000e-06

============================================================
Iteration 17
============================================================
Theta offsets (Unity frame):
  Source   : dSx=   0.000, dSy=   0.000, dSz=   0.000  (mm)
  Object   : dOx=  -8.001, dOy=   5.915, dOz= -22.826  (mm)
  Object offset: offset_x=  -0.004, offset_z=   0.017  (mm)
  Detector : dDx=   0.000, dDy=   0.000, dDz=   0.000  (mm)
  Obj Stage rotY :   12.771 deg
============================================================

Unity geometry (world coordinates):
  Source   : x=   0.000, y=  43.000, z=   0.000
  Object   : x=  -0.001, y=  19.915, z= 572.174
  Detector : x=  -2.000, y=   0.000, z= 704.000
  Obj rotY :   0.0000 deg
view   0 | SOD= 572.657 mm | SDD= 705.315 mm | M= 1.232 | incident=3.4990°
[[ 126.48771    -558.0359      -23.084839  ]
 [ -31.081995    128.10678      19.915161  ]
 [   0.14589927    0.03306907    0.        ]
 [   0.            0.            0.1496    ]]
Residual vector length: 45, Jacobian shape: (45, 6)
view   0 | SOD= 572.113 mm | SDD= 705.315 mm | M= 1.233 | incident=3.4990°
[[ 129.69621    -556.74097     -23.061138  ]
 [ -31.970003    128.4481       19.938862  ]
 [   0.1456991     0.03394015    0.        ]
 [   0.            0.            0.1496    ]]

iter 17 cost=2.247915 -> 1.398455 |dtheta|=6.445203e-01  lambda=1.000e-06

============================================================
Iteration 18
============================================================
Theta offsets (Unity frame):
  Source   : dSx=   0.000, dSy=   0.000, dSz=   0.000  (mm)
  Object   : dOx=  -7.995, dOy=   5.939, dOz= -23.371  (mm)
  Object offset: offset_x=  -0.010, offset_z=   0.019  (mm)
  Detector : dDx=   0.000, dDy=   0.000, dDz=   0.000  (mm)
  Obj Stage rotY :   13.113 deg
============================================================

Unity geometry (world coordinates):
  Source   : x=   0.000, y=  43.000, z=   0.000
  Object   : x=   0.005, y=  19.939, z= 571.629
  Detector : x=  -2.000, y=   0.000, z= 704.000
  Obj rotY :   0.0000 deg
view   0 | SOD= 572.113 mm | SDD= 705.315 mm | M= 1.233 | incident=3.4990°
[[ 129.69621    -556.74097     -23.061138  ]
 [ -31.970003    128.4481       19.938862  ]
 [   0.1456991     0.03394015    0.        ]
 [   0.            0.            0.1496    ]]
Residual vector length: 45, Jacobian shape: (45, 6)
view   0 | SOD= 572.173 mm | SDD= 705.315 mm | M= 1.233 | incident=3.4990°
[[ 132.73831    -556.08453     -23.072897  ]
 [ -32.663597    128.21233      19.927103  ]
 [   0.14551176    0.03473452    0.        ]
 [   0.            0.            0.1496    ]]

iter 18 cost=1.398455 -> 1.075175 |dtheta|=3.223164e-01  lambda=1.000e-06

============================================================
Iteration 19
============================================================
Theta offsets (Unity frame):
  Source   : dSx=   0.000, dSy=   0.000, dSz=   0.000  (mm)
  Object   : dOx=  -7.995, dOy=   5.927, dOz= -23.296  (mm)
  Object offset: offset_x=  -0.003, offset_z=   0.003  (mm)
  Detector : dDx=   0.000, dDy=   0.000, dDz=   0.000  (mm)
  Obj Stage rotY :   13.426 deg
============================================================

Unity geometry (world coordinates):
  Source   : x=   0.000, y=  43.000, z=   0.000
  Object   : x=   0.005, y=  19.927, z= 571.704
  Detector : x=  -2.000, y=   0.000, z= 704.000
  Obj rotY :   0.0000 deg
view   0 | SOD= 572.173 mm | SDD= 705.315 mm | M= 1.233 | incident=3.4990°
[[ 132.73831    -556.08453     -23.072897  ]
 [ -32.663597    128.21233      19.927103  ]
 [   0.14551176    0.03473452    0.        ]
 [   0.            0.            0.1496    ]]
Residual vector length: 45, Jacobian shape: (45, 6)
view   0 | SOD= 571.663 mm | SDD= 705.315 mm | M= 1.234 | incident=3.4990°
[[ 133.95456    -555.2693      -23.044462  ]
 [ -33.07538     128.63205      19.955538  ]
 [   0.14542869    0.03508071    0.        ]
 [   0.            0.            0.1496    ]]

iter 19 cost=1.075175 -> 0.639367 |dtheta|=5.293600e-01  lambda=1.000e-06

============================================================
Iteration 20
============================================================
Theta offsets (Unity frame):
  Source   : dSx=   0.000, dSy=   0.000, dSz=   0.000  (mm)
  Object   : dOx=  -8.000, dOy=   5.956, dOz= -23.806  (mm)
  Object offset: offset_x=  -0.011, offset_z=   0.005  (mm)
  Detector : dDx=   0.000, dDy=   0.000, dDz=   0.000  (mm)
  Obj Stage rotY :   13.562 deg
============================================================

Unity geometry (world coordinates):
  Source   : x=   0.000, y=  43.000, z=   0.000
  Object   : x=   0.000, y=  19.956, z= 571.194
  Detector : x=  -2.000, y=   0.000, z= 704.000
  Obj rotY :   0.0000 deg
view   0 | SOD= 571.663 mm | SDD= 705.315 mm | M= 1.234 | incident=3.4990°
[[ 133.95456    -555.2693      -23.044462  ]
 [ -33.07538     128.63205      19.955538  ]
 [   0.14542869    0.03508071    0.        ]
 [   0.            0.            0.1496    ]]
Residual vector length: 45, Jacobian shape: (45, 6)
view   0 | SOD= 571.611 mm | SDD= 705.315 mm | M= 1.234 | incident=3.4990°
[[ 136.05739    -554.7034      -23.04576   ]
 [ -33.584595    128.55461      19.95424   ]
 [   0.14529358    0.03563616    0.        ]
 [   0.            0.            0.1496    ]]

iter 20 cost=0.639367 -> 0.534295 |dtheta|=2.245558e-01  lambda=1.000e-06

============================================================
Iteration 21
============================================================
Theta offsets (Unity frame):
  Source   : dSx=   0.000, dSy=   0.000, dSz=   0.000  (mm)
  Object   : dOx=  -8.004, dOy=   5.954, dOz= -23.855  (mm)
  Object offset: offset_x=  -0.001, offset_z=   0.001  (mm)
  Detector : dDx=   0.000, dDy=   0.000, dDz=   0.000  (mm)
  Obj Stage rotY :   13.781 deg
============================================================

Unity geometry (world coordinates):
  Source   : x=   0.000, y=  43.000, z=   0.000
  Object   : x=  -0.004, y=  19.954, z= 571.145
  Detector : x=  -2.000, y=   0.000, z= 704.000
  Obj rotY :   0.0000 deg
view   0 | SOD= 571.611 mm | SDD= 705.315 mm | M= 1.234 | incident=3.4990°
[[ 136.05739    -554.7034      -23.04576   ]
 [ -33.584595    128.55461      19.95424   ]
 [   0.14529358    0.03563616    0.        ]
 [   0.            0.            0.1496    ]]
Residual vector length: 45, Jacobian shape: (45, 6)
view   0 | SOD= 571.878 mm | SDD= 705.315 mm | M= 1.233 | incident=3.4990°
[[ 135.91776    -555.0129      -23.058605  ]
 [ -33.478203    128.30624      19.941395  ]
 [   0.1453064     0.03558384    0.        ]
 [   0.            0.            0.1496    ]]

iter 21 cost=0.534295 -> 0.664005 |dtheta|=2.640901e-01  lambda=1.000e-06

============================================================
Iteration 22
============================================================
Theta offsets (Unity frame):
  Source   : dSx=   0.000, dSy=   0.000, dSz=   0.000  (mm)
  Object   : dOx=  -8.004, dOy=   5.954, dOz= -23.855  (mm)
  Object offset: offset_x=  -0.001, offset_z=   0.001  (mm)
  Detector : dDx=   0.000, dDy=   0.000, dDz=   0.000  (mm)
  Obj Stage rotY :   13.781 deg
============================================================

Unity geometry (world coordinates):
  Source   : x=   0.000, y=  43.000, z=   0.000
  Object   : x=  -0.004, y=  19.954, z= 571.145
  Detector : x=  -2.000, y=   0.000, z= 704.000
  Obj rotY :   0.0000 deg
view   0 | SOD= 571.611 mm | SDD= 705.315 mm | M= 1.234 | incident=3.4990°
[[ 136.05739    -554.7034      -23.04576   ]
 [ -33.584595    128.55461      19.95424   ]
 [   0.14529358    0.03563616    0.        ]
 [   0.            0.            0.1496    ]]
Residual vector length: 45, Jacobian shape: (45, 6)
view   0 | SOD= 571.878 mm | SDD= 705.315 mm | M= 1.233 | incident=3.4990°
[[ 135.91776    -555.0129      -23.058605  ]
 [ -33.478203    128.30624      19.941395  ]
 [   0.1453064     0.03558384    0.        ]
 [   0.            0.            0.1496    ]]

iter 22 cost=0.534295 -> 0.664005 |dtheta|=2.640894e-01  lambda=5.000e-06

============================================================
Iteration 23
============================================================
Theta offsets (Unity frame):
  Source   : dSx=   0.000, dSy=   0.000, dSz=   0.000  (mm)
  Object   : dOx=  -8.004, dOy=   5.954, dOz= -23.855  (mm)
  Object offset: offset_x=  -0.001, offset_z=   0.001  (mm)
  Detector : dDx=   0.000, dDy=   0.000, dDz=   0.000  (mm)
  Obj Stage rotY :   13.781 deg
============================================================

Unity geometry (world coordinates):
  Source   : x=   0.000, y=  43.000, z=   0.000
  Object   : x=  -0.004, y=  19.954, z= 571.145
  Detector : x=  -2.000, y=   0.000, z= 704.000
  Obj rotY :   0.0000 deg
view   0 | SOD= 571.611 mm | SDD= 705.315 mm | M= 1.234 | incident=3.4990°
[[ 136.05739    -554.7034      -23.04576   ]
 [ -33.584595    128.55461      19.95424   ]
 [   0.14529358    0.03563616    0.        ]
 [   0.            0.            0.1496    ]]
Residual vector length: 45, Jacobian shape: (45, 6)
view   0 | SOD= 571.878 mm | SDD= 705.315 mm | M= 1.233 | incident=3.4990°
[[ 135.91777    -555.0129      -23.058605  ]
 [ -33.478203    128.30624      19.941395  ]
 [   0.1453064     0.03558384    0.        ]
 [   0.            0.            0.1496    ]]

iter 23 cost=0.534295 -> 0.664005 |dtheta|=2.640854e-01  lambda=2.500e-05

============================================================
Iteration 24
============================================================
Theta offsets (Unity frame):
  Source   : dSx=   0.000, dSy=   0.000, dSz=   0.000  (mm)
  Object   : dOx=  -8.004, dOy=   5.954, dOz= -23.855  (mm)
  Object offset: offset_x=  -0.001, offset_z=   0.001  (mm)
  Detector : dDx=   0.000, dDy=   0.000, dDz=   0.000  (mm)
  Obj Stage rotY :   13.781 deg
============================================================

Unity geometry (world coordinates):
  Source   : x=   0.000, y=  43.000, z=   0.000
  Object   : x=  -0.004, y=  19.954, z= 571.145
  Detector : x=  -2.000, y=   0.000, z= 704.000
  Obj rotY :   0.0000 deg
view   0 | SOD= 571.611 mm | SDD= 705.315 mm | M= 1.234 | incident=3.4990°
[[ 136.05739    -554.7034      -23.04576   ]
 [ -33.584595    128.55461      19.95424   ]
 [   0.14529358    0.03563616    0.        ]
 [   0.            0.            0.1496    ]]
Residual vector length: 45, Jacobian shape: (45, 6)
view   0 | SOD= 571.878 mm | SDD= 705.315 mm | M= 1.233 | incident=3.4990°
[[ 135.91777    -555.0128      -23.058605  ]
 [ -33.478226    128.3063       19.941395  ]
 [   0.1453064     0.03558385    0.        ]
 [   0.            0.            0.1496    ]]

iter 24 cost=0.534295 -> 0.664005 |dtheta|=2.640658e-01  lambda=1.250e-04

============================================================
Iteration 25
============================================================
Theta offsets (Unity frame):
  Source   : dSx=   0.000, dSy=   0.000, dSz=   0.000  (mm)
  Object   : dOx=  -8.004, dOy=   5.954, dOz= -23.855  (mm)
  Object offset: offset_x=  -0.001, offset_z=   0.001  (mm)
  Detector : dDx=   0.000, dDy=   0.000, dDz=   0.000  (mm)
  Obj Stage rotY :   13.781 deg
============================================================

Unity geometry (world coordinates):
  Source   : x=   0.000, y=  43.000, z=   0.000
  Object   : x=  -0.004, y=  19.954, z= 571.145
  Detector : x=  -2.000, y=   0.000, z= 704.000
  Obj rotY :   0.0000 deg
view   0 | SOD= 571.611 mm | SDD= 705.315 mm | M= 1.234 | incident=3.4990°
[[ 136.05739    -554.7034      -23.04576   ]
 [ -33.584595    128.55461      19.95424   ]
 [   0.14529358    0.03563616    0.        ]
 [   0.            0.            0.1496    ]]
Residual vector length: 45, Jacobian shape: (45, 6)
view   0 | SOD= 571.878 mm | SDD= 705.315 mm | M= 1.233 | incident=3.4990°
[[ 135.9179     -555.0127      -23.058601  ]
 [ -33.47827     128.30635      19.941399  ]
 [   0.1453064     0.03558388    0.        ]
 [   0.            0.            0.1496    ]]

iter 25 cost=0.534295 -> 0.664005 |dtheta|=2.639675e-01  lambda=6.250e-04

============================================================
Iteration 26
============================================================
Theta offsets (Unity frame):
  Source   : dSx=   0.000, dSy=   0.000, dSz=   0.000  (mm)
  Object   : dOx=  -8.004, dOy=   5.954, dOz= -23.855  (mm)
  Object offset: offset_x=  -0.001, offset_z=   0.001  (mm)
  Detector : dDx=   0.000, dDy=   0.000, dDz=   0.000  (mm)
  Obj Stage rotY :   13.781 deg
============================================================

Unity geometry (world coordinates):
  Source   : x=   0.000, y=  43.000, z=   0.000
  Object   : x=  -0.004, y=  19.954, z= 571.145
  Detector : x=  -2.000, y=   0.000, z= 704.000
  Obj rotY :   0.0000 deg
view   0 | SOD= 571.611 mm | SDD= 705.315 mm | M= 1.234 | incident=3.4990°
[[ 136.05739    -554.7034      -23.04576   ]
 [ -33.584595    128.55461      19.95424   ]
 [   0.14529358    0.03563616    0.        ]
 [   0.            0.            0.1496    ]]
Residual vector length: 45, Jacobian shape: (45, 6)
view   0 | SOD= 571.878 mm | SDD= 705.315 mm | M= 1.233 | incident=3.4990°
[[ 135.91843    -555.0121      -23.058582  ]
 [ -33.47854     128.3068       19.941418  ]
 [   0.14530635    0.03558405    0.        ]
 [   0.            0.            0.1496    ]]

iter 26 cost=0.534295 -> 0.664005 |dtheta|=2.634775e-01  lambda=3.125e-03

============================================================
Iteration 27
============================================================
Theta offsets (Unity frame):
  Source   : dSx=   0.000, dSy=   0.000, dSz=   0.000  (mm)
  Object   : dOx=  -8.004, dOy=   5.954, dOz= -23.855  (mm)
  Object offset: offset_x=  -0.001, offset_z=   0.001  (mm)
  Detector : dDx=   0.000, dDy=   0.000, dDz=   0.000  (mm)
  Obj Stage rotY :   13.781 deg
============================================================

Unity geometry (world coordinates):
  Source   : x=   0.000, y=  43.000, z=   0.000
  Object   : x=  -0.004, y=  19.954, z= 571.145
  Detector : x=  -2.000, y=   0.000, z= 704.000
  Obj rotY :   0.0000 deg
view   0 | SOD= 571.611 mm | SDD= 705.315 mm | M= 1.234 | incident=3.4990°
[[ 136.05739    -554.7034      -23.04576   ]
 [ -33.584595    128.55461      19.95424   ]
 [   0.14529358    0.03563616    0.        ]
 [   0.            0.            0.1496    ]]
Residual vector length: 45, Jacobian shape: (45, 6)
view   0 | SOD= 571.875 mm | SDD= 705.315 mm | M= 1.233 | incident=3.4990°
[[ 135.92107    -555.0089      -23.058495  ]
 [ -33.479874    128.30896      19.941505  ]
 [   0.14530614    0.0355849     0.        ]
 [   0.            0.            0.1496    ]]

iter 27 cost=0.534295 -> 0.659254 |dtheta|=2.610542e-01  lambda=1.562e-02

============================================================
Iteration 28
============================================================
Theta offsets (Unity frame):
  Source   : dSx=   0.000, dSy=   0.000, dSz=   0.000  (mm)
  Object   : dOx=  -8.004, dOy=   5.954, dOz= -23.855  (mm)
  Object offset: offset_x=  -0.001, offset_z=   0.001  (mm)
  Detector : dDx=   0.000, dDy=   0.000, dDz=   0.000  (mm)
  Obj Stage rotY :   13.781 deg
============================================================

Unity geometry (world coordinates):
  Source   : x=   0.000, y=  43.000, z=   0.000
  Object   : x=  -0.004, y=  19.954, z= 571.145
  Detector : x=  -2.000, y=   0.000, z= 704.000
  Obj rotY :   0.0000 deg
view   0 | SOD= 571.611 mm | SDD= 705.315 mm | M= 1.234 | incident=3.4990°
[[ 136.05739    -554.7034      -23.04576   ]
 [ -33.584595    128.55461      19.95424   ]
 [   0.14529358    0.03563616    0.        ]
 [   0.            0.            0.1496    ]]
Residual vector length: 45, Jacobian shape: (45, 6)
view   0 | SOD= 571.864 mm | SDD= 705.315 mm | M= 1.233 | incident=3.4990°
[[ 135.93358    -554.9941      -23.058071  ]
 [ -33.48615     128.31912      19.941929  ]
 [   0.14530516    0.03558889    0.        ]
 [   0.            0.            0.1496    ]]

iter 28 cost=0.534295 -> 0.659254 |dtheta|=2.495811e-01  lambda=7.812e-02

============================================================
Iteration 29
============================================================
Theta offsets (Unity frame):
  Source   : dSx=   0.000, dSy=   0.000, dSz=   0.000  (mm)
  Object   : dOx=  -8.004, dOy=   5.954, dOz= -23.855  (mm)
  Object offset: offset_x=  -0.001, offset_z=   0.001  (mm)
  Detector : dDx=   0.000, dDy=   0.000, dDz=   0.000  (mm)
  Obj Stage rotY :   13.781 deg
============================================================

Unity geometry (world coordinates):
  Source   : x=   0.000, y=  43.000, z=   0.000
  Object   : x=  -0.004, y=  19.954, z= 571.145
  Detector : x=  -2.000, y=   0.000, z= 704.000
  Obj rotY :   0.0000 deg
view   0 | SOD= 571.611 mm | SDD= 705.315 mm | M= 1.234 | incident=3.4990°
[[ 136.05739    -554.7034      -23.04576   ]
 [ -33.584595    128.55461      19.95424   ]
 [   0.14529358    0.03563616    0.        ]
 [   0.            0.            0.1496    ]]
Residual vector length: 45, Jacobian shape: (45, 6)
view   0 | SOD= 571.819 mm | SDD= 705.315 mm | M= 1.233 | incident=3.4990°
[[ 135.98186    -554.93616     -23.056416  ]
 [ -33.510593    128.35904      19.943584  ]
 [   0.14530137    0.03560436    0.        ]
 [   0.            0.            0.1496    ]]

iter 29 cost=0.534295 -> 0.645353 |dtheta|=2.046839e-01  lambda=3.906e-01

============================================================
Iteration 30
============================================================
Theta offsets (Unity frame):
  Source   : dSx=   0.000, dSy=   0.000, dSz=   0.000  (mm)
  Object   : dOx=  -8.004, dOy=   5.954, dOz= -23.855  (mm)
  Object offset: offset_x=  -0.001, offset_z=   0.001  (mm)
  Detector : dDx=   0.000, dDy=   0.000, dDz=   0.000  (mm)
  Obj Stage rotY :   13.781 deg
============================================================

Unity geometry (world coordinates):
  Source   : x=   0.000, y=  43.000, z=   0.000
  Object   : x=  -0.004, y=  19.954, z= 571.145
  Detector : x=  -2.000, y=   0.000, z= 704.000
  Obj rotY :   0.0000 deg
view   0 | SOD= 571.611 mm | SDD= 705.315 mm | M= 1.234 | incident=3.4990°
[[ 136.05739    -554.7034      -23.04576   ]
 [ -33.584595    128.55461      19.95424   ]
 [   0.14529358    0.03563616    0.        ]
 [   0.            0.            0.1496    ]]
Residual vector length: 45, Jacobian shape: (45, 6)
view   0 | SOD= 571.722 mm | SDD= 705.315 mm | M= 1.234 | incident=3.4990°
[[ 136.0779     -554.8133      -23.052826  ]
 [ -33.561398    128.44543      19.947174  ]
 [   0.14529371    0.03563559    0.        ]
 [   0.            0.            0.1496    ]]

iter 30 cost=0.534295 -> 0.590292 |dtheta|=1.083184e-01  lambda=1.953e+00

============================================================
Iteration 31
============================================================
Theta offsets (Unity frame):
  Source   : dSx=   0.000, dSy=   0.000, dSz=   0.000  (mm)
  Object   : dOx=  -8.004, dOy=   5.954, dOz= -23.855  (mm)
  Object offset: offset_x=  -0.001, offset_z=   0.001  (mm)
  Detector : dDx=   0.000, dDy=   0.000, dDz=   0.000  (mm)
  Obj Stage rotY :   13.781 deg
============================================================

Unity geometry (world coordinates):
  Source   : x=   0.000, y=  43.000, z=   0.000
  Object   : x=  -0.004, y=  19.954, z= 571.145
  Detector : x=  -2.000, y=   0.000, z= 704.000
  Obj rotY :   0.0000 deg
view   0 | SOD= 571.611 mm | SDD= 705.315 mm | M= 1.234 | incident=3.4990°
[[ 136.05739    -554.7034      -23.04576   ]
 [ -33.584595    128.55461      19.95424   ]
 [   0.14529358    0.03563616    0.        ]
 [   0.            0.            0.1496    ]]
Residual vector length: 45, Jacobian shape: (45, 6)
view   0 | SOD= 571.647 mm | SDD= 705.315 mm | M= 1.234 | incident=3.4990°
[[ 136.1177     -554.7259      -23.049892  ]
 [ -33.592876    128.51517      19.950108  ]
 [   0.14529       0.03565075    0.        ]
 [   0.            0.            0.1496    ]]

iter 31 cost=0.534295 -> 0.556748 |dtheta|=3.385253e-02  lambda=9.766e+00

============================================================
Iteration 32
============================================================
Theta offsets (Unity frame):
  Source   : dSx=   0.000, dSy=   0.000, dSz=   0.000  (mm)
  Object   : dOx=  -8.004, dOy=   5.954, dOz= -23.855  (mm)
  Object offset: offset_x=  -0.001, offset_z=   0.001  (mm)
  Detector : dDx=   0.000, dDy=   0.000, dDz=   0.000  (mm)
  Obj Stage rotY :   13.781 deg
============================================================

Unity geometry (world coordinates):
  Source   : x=   0.000, y=  43.000, z=   0.000
  Object   : x=  -0.004, y=  19.954, z= 571.145
  Detector : x=  -2.000, y=   0.000, z= 704.000
  Obj rotY :   0.0000 deg
view   0 | SOD= 571.611 mm | SDD= 705.315 mm | M= 1.234 | incident=3.4990°
[[ 136.05739    -554.7034      -23.04576   ]
 [ -33.584595    128.55461      19.95424   ]
 [   0.14529358    0.03563616    0.        ]
 [   0.            0.            0.1496    ]]
Residual vector length: 45, Jacobian shape: (45, 6)
view   0 | SOD= 571.621 mm | SDD= 705.315 mm | M= 1.234 | incident=3.4990°
[[ 136.08463    -554.70764     -23.048677  ]
 [ -33.59246     128.54172      19.951323  ]
 [   0.14529175    0.03564362    0.        ]
 [   0.            0.            0.1496    ]]

iter 32 cost=0.534295 -> 0.559482 |dtheta|=9.599270e-03  lambda=4.883e+01

============================================================
Iteration 33
============================================================
Theta offsets (Unity frame):
  Source   : dSx=   0.000, dSy=   0.000, dSz=   0.000  (mm)
  Object   : dOx=  -8.004, dOy=   5.954, dOz= -23.855  (mm)
  Object offset: offset_x=  -0.001, offset_z=   0.001  (mm)
  Detector : dDx=   0.000, dDy=   0.000, dDz=   0.000  (mm)
  Obj Stage rotY :   13.781 deg
============================================================

Unity geometry (world coordinates):
  Source   : x=   0.000, y=  43.000, z=   0.000
  Object   : x=  -0.004, y=  19.954, z= 571.145
  Detector : x=  -2.000, y=   0.000, z= 704.000
  Obj rotY :   0.0000 deg
view   0 | SOD= 571.611 mm | SDD= 705.315 mm | M= 1.234 | incident=3.4990°
[[ 136.05739    -554.7034      -23.04576   ]
 [ -33.584595    128.55461      19.95424   ]
 [   0.14529358    0.03563616    0.        ]
 [   0.            0.            0.1496    ]]
Residual vector length: 45, Jacobian shape: (45, 6)
view   0 | SOD= 571.615 mm | SDD= 705.315 mm | M= 1.234 | incident=3.4990°
[[ 136.06236    -554.70636     -23.047983  ]
 [ -33.588375    128.54951      19.952017  ]
 [   0.14529312    0.03563802    0.        ]
 [   0.            0.            0.1496    ]]

iter 33 cost=0.534295 -> 0.558060 |dtheta|=4.525952e-03  lambda=2.441e+02

============================================================
Iteration 34
============================================================
Theta offsets (Unity frame):
  Source   : dSx=   0.000, dSy=   0.000, dSz=   0.000  (mm)
  Object   : dOx=  -8.004, dOy=   5.954, dOz= -23.855  (mm)
  Object offset: offset_x=  -0.001, offset_z=   0.001  (mm)
  Detector : dDx=   0.000, dDy=   0.000, dDz=   0.000  (mm)
  Obj Stage rotY :   13.781 deg
============================================================

Unity geometry (world coordinates):
  Source   : x=   0.000, y=  43.000, z=   0.000
  Object   : x=  -0.004, y=  19.954, z= 571.145
  Detector : x=  -2.000, y=   0.000, z= 704.000
  Obj rotY :   0.0000 deg
view   0 | SOD= 571.611 mm | SDD= 705.315 mm | M= 1.234 | incident=3.4990°
[[ 136.05739    -554.7034      -23.04576   ]
 [ -33.584595    128.55461      19.95424   ]
 [   0.14529358    0.03563616    0.        ]
 [   0.            0.            0.1496    ]]
Residual vector length: 45, Jacobian shape: (45, 6)
view   0 | SOD= 571.612 mm | SDD= 705.315 mm | M= 1.234 | incident=3.4990°
[[ 136.05742    -554.705       -23.04699   ]
 [ -33.586212    128.55264      19.95301   ]
 [   0.14529349    0.03563651    0.        ]
 [   0.            0.            0.1496    ]]

iter 34 cost=0.534295 -> 0.541167 |dtheta|=2.214624e-03  lambda=1.221e+03

============================================================
Iteration 35
============================================================
Theta offsets (Unity frame):
  Source   : dSx=   0.000, dSy=   0.000, dSz=   0.000  (mm)
  Object   : dOx=  -8.004, dOy=   5.954, dOz= -23.855  (mm)
  Object offset: offset_x=  -0.001, offset_z=   0.001  (mm)
  Detector : dDx=   0.000, dDy=   0.000, dDz=   0.000  (mm)
  Obj Stage rotY :   13.781 deg
============================================================

Unity geometry (world coordinates):
  Source   : x=   0.000, y=  43.000, z=   0.000
  Object   : x=  -0.004, y=  19.954, z= 571.145
  Detector : x=  -2.000, y=   0.000, z= 704.000
  Obj rotY :   0.0000 deg
view   0 | SOD= 571.611 mm | SDD= 705.315 mm | M= 1.234 | incident=3.4990°
[[ 136.05739    -554.7034      -23.04576   ]
 [ -33.584595    128.55461      19.95424   ]
 [   0.14529358    0.03563616    0.        ]
 [   0.            0.            0.1496    ]]
Residual vector length: 45, Jacobian shape: (45, 6)
view   0 | SOD= 571.611 mm | SDD= 705.315 mm | M= 1.234 | incident=3.4990°
[[ 136.05722    -554.7039      -23.046144  ]
 [ -33.58506     128.55406      19.953856  ]
 [   0.14529356    0.03563622    0.        ]
 [   0.            0.            0.1496    ]]

iter 35 cost=0.534295 -> 0.566738 |dtheta|=6.594578e-04  lambda=6.104e+03

============================================================
Iteration 36
============================================================
Theta offsets (Unity frame):
  Source   : dSx=   0.000, dSy=   0.000, dSz=   0.000  (mm)
  Object   : dOx=  -8.004, dOy=   5.954, dOz= -23.855  (mm)
  Object offset: offset_x=  -0.001, offset_z=   0.001  (mm)
  Detector : dDx=   0.000, dDy=   0.000, dDz=   0.000  (mm)
  Obj Stage rotY :   13.781 deg
============================================================

Unity geometry (world coordinates):
  Source   : x=   0.000, y=  43.000, z=   0.000
  Object   : x=  -0.004, y=  19.954, z= 571.145
  Detector : x=  -2.000, y=   0.000, z= 704.000
  Obj rotY :   0.0000 deg
view   0 | SOD= 571.611 mm | SDD= 705.315 mm | M= 1.234 | incident=3.4990°
[[ 136.05739    -554.7034      -23.04576   ]
 [ -33.584595    128.55461      19.95424   ]
 [   0.14529358    0.03563616    0.        ]
 [   0.            0.            0.1496    ]]
Residual vector length: 45, Jacobian shape: (45, 6)
view   0 | SOD= 571.611 mm | SDD= 705.315 mm | M= 1.234 | incident=3.4990°
[[ 136.05733    -554.70355     -23.045845  ]
 [ -33.584705    128.55452      19.954155  ]
 [   0.14529358    0.03563617    0.        ]
 [   0.            0.            0.1496    ]]

iter 36 cost=0.534295 -> 0.548176 |dtheta|=1.467608e-04  lambda=3.052e+04

============================================================
Iteration 37
============================================================
Theta offsets (Unity frame):
  Source   : dSx=   0.000, dSy=   0.000, dSz=   0.000  (mm)
  Object   : dOx=  -8.004, dOy=   5.954, dOz= -23.855  (mm)
  Object offset: offset_x=  -0.001, offset_z=   0.001  (mm)
  Detector : dDx=   0.000, dDy=   0.000, dDz=   0.000  (mm)
  Obj Stage rotY :   13.781 deg
============================================================

Unity geometry (world coordinates):
  Source   : x=   0.000, y=  43.000, z=   0.000
  Object   : x=  -0.004, y=  19.954, z= 571.145
  Detector : x=  -2.000, y=   0.000, z= 704.000
  Obj rotY :   0.0000 deg
view   0 | SOD= 571.611 mm | SDD= 705.315 mm | M= 1.234 | incident=3.4990°
[[ 136.05739    -554.7034      -23.04576   ]
 [ -33.584595    128.55461      19.95424   ]
 [   0.14529358    0.03563616    0.        ]
 [   0.            0.            0.1496    ]]
Residual vector length: 45, Jacobian shape: (45, 6)
view   0 | SOD= 571.611 mm | SDD= 705.315 mm | M= 1.234 | incident=3.4990°
[[ 136.05737    -554.7035      -23.045776  ]
 [ -33.58462     128.55461      19.954224  ]
 [   0.14529358    0.03563616    0.        ]
 [   0.            0.            0.1496    ]]

iter 37 cost=0.534295 -> 0.539978 |dtheta|=3.003599e-05  lambda=1.526e+05

============================================================
Iteration 38
============================================================
Theta offsets (Unity frame):
  Source   : dSx=   0.000, dSy=   0.000, dSz=   0.000  (mm)
  Object   : dOx=  -8.004, dOy=   5.954, dOz= -23.855  (mm)
  Object offset: offset_x=  -0.001, offset_z=   0.001  (mm)
  Detector : dDx=   0.000, dDy=   0.000, dDz=   0.000  (mm)
  Obj Stage rotY :   13.781 deg
============================================================

Unity geometry (world coordinates):
  Source   : x=   0.000, y=  43.000, z=   0.000
  Object   : x=  -0.004, y=  19.954, z= 571.145
  Detector : x=  -2.000, y=   0.000, z= 704.000
  Obj rotY :   0.0000 deg
view   0 | SOD= 571.611 mm | SDD= 705.315 mm | M= 1.234 | incident=3.4990°
[[ 136.05739    -554.7034      -23.04576   ]
 [ -33.584595    128.55461      19.95424   ]
 [   0.14529358    0.03563616    0.        ]
 [   0.            0.            0.1496    ]]
Residual vector length: 45, Jacobian shape: (45, 6)
view   0 | SOD= 571.611 mm | SDD= 705.315 mm | M= 1.234 | incident=3.4990°
[[ 136.05739    -554.7034      -23.045761  ]
 [ -33.584602    128.55461      19.954239  ]
 [   0.14529358    0.03563616    0.        ]
 [   0.            0.            0.1496    ]]

iter 38 cost=0.534295 -> 0.536726 |dtheta|=6.035378e-06  lambda=7.629e+05

============================================================
Iteration 39
============================================================
Theta offsets (Unity frame):
  Source   : dSx=   0.000, dSy=   0.000, dSz=   0.000  (mm)
  Object   : dOx=  -8.004, dOy=   5.954, dOz= -23.855  (mm)
  Object offset: offset_x=  -0.001, offset_z=   0.001  (mm)
  Detector : dDx=   0.000, dDy=   0.000, dDz=   0.000  (mm)
  Obj Stage rotY :   13.781 deg
============================================================

Unity geometry (world coordinates):
  Source   : x=   0.000, y=  43.000, z=   0.000
  Object   : x=  -0.004, y=  19.954, z= 571.145
  Detector : x=  -2.000, y=   0.000, z= 704.000
  Obj rotY :   0.0000 deg
view   0 | SOD= 571.611 mm | SDD= 705.315 mm | M= 1.234 | incident=3.4990°
[[ 136.05739    -554.7034      -23.04576   ]
 [ -33.584595    128.55461      19.95424   ]
 [   0.14529358    0.03563616    0.        ]
 [   0.            0.            0.1496    ]]
Residual vector length: 45, Jacobian shape: (45, 6)
view   0 | SOD= 571.611 mm | SDD= 705.315 mm | M= 1.234 | incident=3.4990°
[[ 136.05739    -554.7034      -23.045761  ]
 [ -33.5846      128.55461      19.954239  ]
 [   0.14529358    0.03563616    0.        ]
 [   0.            0.            0.1496    ]]

iter 39 cost=0.534295 -> 0.536726 |dtheta|=4.605909e-06  lambda=1.000e+06

============================================================
Iteration 40
============================================================
Theta offsets (Unity frame):
  Source   : dSx=   0.000, dSy=   0.000, dSz=   0.000  (mm)
  Object   : dOx=  -8.004, dOy=   5.954, dOz= -23.855  (mm)
  Object offset: offset_x=  -0.001, offset_z=   0.001  (mm)
  Detector : dDx=   0.000, dDy=   0.000, dDz=   0.000  (mm)
  Obj Stage rotY :   13.781 deg
============================================================

Unity geometry (world coordinates):
  Source   : x=   0.000, y=  43.000, z=   0.000
  Object   : x=  -0.004, y=  19.954, z= 571.145
  Detector : x=  -2.000, y=   0.000, z= 704.000
  Obj rotY :   0.0000 deg
view   0 | SOD= 571.611 mm | SDD= 705.315 mm | M= 1.234 | incident=3.4990°
[[ 136.05739    -554.7034      -23.04576   ]
 [ -33.584595    128.55461      19.95424   ]
 [   0.14529358    0.03563616    0.        ]
 [   0.            0.            0.1496    ]]
Residual vector length: 45, Jacobian shape: (45, 6)
view   0 | SOD= 571.611 mm | SDD= 705.315 mm | M= 1.234 | incident=3.4990°
[[ 136.05739    -554.7034      -23.045761  ]
 [ -33.5846      128.55461      19.954239  ]
 [   0.14529358    0.03563616    0.        ]
 [   0.            0.            0.1496    ]]

iter 40 cost=0.534295 -> 0.536726 |dtheta|=4.605909e-06  lambda=1.000e+06

============================================================
Iteration 41
============================================================
Theta offsets (Unity frame):
  Source   : dSx=   0.000, dSy=   0.000, dSz=   0.000  (mm)
  Object   : dOx=  -8.004, dOy=   5.954, dOz= -23.855  (mm)
  Object offset: offset_x=  -0.001, offset_z=   0.001  (mm)
  Detector : dDx=   0.000, dDy=   0.000, dDz=   0.000  (mm)
  Obj Stage rotY :   13.781 deg
============================================================

Unity geometry (world coordinates):
  Source   : x=   0.000, y=  43.000, z=   0.000
  Object   : x=  -0.004, y=  19.954, z= 571.145
  Detector : x=  -2.000, y=   0.000, z= 704.000
  Obj rotY :   0.0000 deg
view   0 | SOD= 571.611 mm | SDD= 705.315 mm | M= 1.234 | incident=3.4990°
[[ 136.05739    -554.7034      -23.04576   ]
 [ -33.584595    128.55461      19.95424   ]
 [   0.14529358    0.03563616    0.        ]
 [   0.            0.            0.1496    ]]
Residual vector length: 45, Jacobian shape: (45, 6)
view   0 | SOD= 571.611 mm | SDD= 705.315 mm | M= 1.234 | incident=3.4990°
[[ 136.05739    -554.7034      -23.045761  ]
 [ -33.5846      128.55461      19.954239  ]
 [   0.14529358    0.03563616    0.        ]
 [   0.            0.            0.1496    ]]

iter 41 cost=0.534295 -> 0.536726 |dtheta|=4.605909e-06  lambda=1.000e+06

============================================================
Iteration 42
============================================================
Theta offsets (Unity frame):
  Source   : dSx=   0.000, dSy=   0.000, dSz=   0.000  (mm)
  Object   : dOx=  -8.004, dOy=   5.954, dOz= -23.855  (mm)
  Object offset: offset_x=  -0.001, offset_z=   0.001  (mm)
  Detector : dDx=   0.000, dDy=   0.000, dDz=   0.000  (mm)
  Obj Stage rotY :   13.781 deg
============================================================

Unity geometry (world coordinates):
  Source   : x=   0.000, y=  43.000, z=   0.000
  Object   : x=  -0.004, y=  19.954, z= 571.145
  Detector : x=  -2.000, y=   0.000, z= 704.000
  Obj rotY :   0.0000 deg
view   0 | SOD= 571.611 mm | SDD= 705.315 mm | M= 1.234 | incident=3.4990°
[[ 136.05739    -554.7034      -23.04576   ]
 [ -33.584595    128.55461      19.95424   ]
 [   0.14529358    0.03563616    0.        ]
 [   0.            0.            0.1496    ]]
Residual vector length: 45, Jacobian shape: (45, 6)
view   0 | SOD= 571.611 mm | SDD= 705.315 mm | M= 1.234 | incident=3.4990°
[[ 136.05739    -554.7034      -23.045761  ]
 [ -33.5846      128.55461      19.954239  ]
 [   0.14529358    0.03563616    0.        ]
 [   0.            0.            0.1496    ]]

iter 42 cost=0.534295 -> 0.536726 |dtheta|=4.605909e-06  lambda=1.000e+06

============================================================
Iteration 43
============================================================
Theta offsets (Unity frame):
  Source   : dSx=   0.000, dSy=   0.000, dSz=   0.000  (mm)
  Object   : dOx=  -8.004, dOy=   5.954, dOz= -23.855  (mm)
  Object offset: offset_x=  -0.001, offset_z=   0.001  (mm)
  Detector : dDx=   0.000, dDy=   0.000, dDz=   0.000  (mm)
  Obj Stage rotY :   13.781 deg
============================================================

Unity geometry (world coordinates):
  Source   : x=   0.000, y=  43.000, z=   0.000
  Object   : x=  -0.004, y=  19.954, z= 571.145
  Detector : x=  -2.000, y=   0.000, z= 704.000
  Obj rotY :   0.0000 deg
view   0 | SOD= 571.611 mm | SDD= 705.315 mm | M= 1.234 | incident=3.4990°
[[ 136.05739    -554.7034      -23.04576   ]
 [ -33.584595    128.55461      19.95424   ]
 [   0.14529358    0.03563616    0.        ]
 [   0.            0.            0.1496    ]]
Residual vector length: 45, Jacobian shape: (45, 6)
view   0 | SOD= 571.611 mm | SDD= 705.315 mm | M= 1.234 | incident=3.4990°
[[ 136.05739    -554.7034      -23.045761  ]
 [ -33.5846      128.55461      19.954239  ]
 [   0.14529358    0.03563616    0.        ]
 [   0.            0.            0.1496    ]]

iter 43 cost=0.534295 -> 0.536726 |dtheta|=4.605909e-06  lambda=1.000e+06

============================================================
Iteration 44
============================================================
Theta offsets (Unity frame):
  Source   : dSx=   0.000, dSy=   0.000, dSz=   0.000  (mm)
  Object   : dOx=  -8.004, dOy=   5.954, dOz= -23.855  (mm)
  Object offset: offset_x=  -0.001, offset_z=   0.001  (mm)
  Detector : dDx=   0.000, dDy=   0.000, dDz=   0.000  (mm)
  Obj Stage rotY :   13.781 deg
============================================================

Unity geometry (world coordinates):
  Source   : x=   0.000, y=  43.000, z=   0.000
  Object   : x=  -0.004, y=  19.954, z= 571.145
  Detector : x=  -2.000, y=   0.000, z= 704.000
  Obj rotY :   0.0000 deg
view   0 | SOD= 571.611 mm | SDD= 705.315 mm | M= 1.234 | incident=3.4990°
[[ 136.05739    -554.7034      -23.04576   ]
 [ -33.584595    128.55461      19.95424   ]
 [   0.14529358    0.03563616    0.        ]
 [   0.            0.            0.1496    ]]
Residual vector length: 45, Jacobian shape: (45, 6)
view   0 | SOD= 571.611 mm | SDD= 705.315 mm | M= 1.234 | incident=3.4990°
[[ 136.05739    -554.7034      -23.045761  ]
 [ -33.5846      128.55461      19.954239  ]
 [   0.14529358    0.03563616    0.        ]
 [   0.            0.            0.1496    ]]

iter 44 cost=0.534295 -> 0.536726 |dtheta|=4.605909e-06  lambda=1.000e+06

============================================================
Iteration 45
============================================================
Theta offsets (Unity frame):
  Source   : dSx=   0.000, dSy=   0.000, dSz=   0.000  (mm)
  Object   : dOx=  -8.004, dOy=   5.954, dOz= -23.855  (mm)
  Object offset: offset_x=  -0.001, offset_z=   0.001  (mm)
  Detector : dDx=   0.000, dDy=   0.000, dDz=   0.000  (mm)
  Obj Stage rotY :   13.781 deg
============================================================

Unity geometry (world coordinates):
  Source   : x=   0.000, y=  43.000, z=   0.000
  Object   : x=  -0.004, y=  19.954, z= 571.145
  Detector : x=  -2.000, y=   0.000, z= 704.000
  Obj rotY :   0.0000 deg
view   0 | SOD= 571.611 mm | SDD= 705.315 mm | M= 1.234 | incident=3.4990°
[[ 136.05739    -554.7034      -23.04576   ]
 [ -33.584595    128.55461      19.95424   ]
 [   0.14529358    0.03563616    0.        ]
 [   0.            0.            0.1496    ]]
Residual vector length: 45, Jacobian shape: (45, 6)
view   0 | SOD= 571.611 mm | SDD= 705.315 mm | M= 1.234 | incident=3.4990°
[[ 136.05739    -554.7034      -23.045761  ]
 [ -33.5846      128.55461      19.954239  ]
 [   0.14529358    0.03563616    0.        ]
 [   0.            0.            0.1496    ]]

iter 45 cost=0.534295 -> 0.536726 |dtheta|=4.605909e-06  lambda=1.000e+06
Stalled.

Estimated theta:
  dSx: +0.000000
  dSy: +0.000000
  dOx: -8.003634
  dOy: +5.954242
  dOz: -23.854739
  dDx: +0.000000
  dDy: +0.000000
  dDz: +0.000000
alpha: +1.378089e+01 deg)
offset_x: -0.001488
offset_z: +0.000551

Final cost table:
Fake theta: [  0.    0.   -8.    6.  -25.    0.    0.    0.   14.1   0.    0. ]
Final estimated theta: [  0.           0.          -8.00363391   5.95424151 -23.85473887
   0.           0.           0.          13.78089334  -0.00148796
   0.00055133]
Diff from Expected: [ 0.          0.         -0.00363391 -0.04575849  1.14526113  0.
  0.          0.         -0.31910705 -0.00148796  0.00055133]
################################################################################

