Phantom already exists, skipping: cuboid_phantom_3_tall.npy

################################################################################
Running cuboid=tall scenario=G4 N_ANGLES=12, K=3
view   0 | SOD= 570.594 mm | SDD= 809.425 mm | M= 1.419 | incident=3.4005°
[[  33.809837   -568.99725     -26.        ]
 [ -13.700238    237.60535      22.        ]
 [   0.14935194    0.00861158    0.        ]
 [   0.            0.            0.1496    ]]
           image          x1          y1  area1          x2          y2  area2          x3           y3  area3
0   proj_000.png  457.000000  304.095046    989  492.567755  657.881306   1011  492.567755  1011.667566    0.0
1   proj_001.png  469.362814  303.874372    995  480.081693  658.500984   1016  480.081693  1013.127597    0.0
2   proj_002.png  483.121212  303.878788    990  466.279455  658.403116   1027  466.279455  1012.927444    0.0
3   proj_003.png  494.717742  304.172379    992  454.564833  657.551081   1018  454.564833  1010.929782    0.0
4   proj_004.png  500.959960  304.747748    999  448.471230  656.137897   1008  448.471230  1007.528046    0.0
5   proj_005.png  500.121782  305.386139   1010  449.377358  654.730884   1007  449.377358  1004.075629    0.0
6   proj_006.png  492.576424  305.935065   1001  456.974849  653.387324    994  456.974849  1000.839583    0.0
7   proj_007.png  480.094153  306.254708   1009  469.334669  652.807615    998  469.334669   999.360523    0.0
8   proj_008.png  466.223206  306.185841   1017  483.151545  652.892323   1003  483.151545   999.598805    0.0
9   proj_009.png  454.612935  305.811940   1005  494.719439  653.697395    998  494.719439  1001.582849    0.0
10  proj_010.png  448.468657  305.245771   1005  500.883534  655.011044    996  500.883534  1004.776317    0.0
11  proj_011.png  449.380100  304.647761   1005  500.161546  656.597621   1009  500.161546  1008.547482    0.0

============================================================
Iteration 0
============================================================
Theta offsets (Unity frame):
  Source   : dSx=   0.000, dSy=   0.000, dSz=   0.000  (mm)
  Object   : dOx=   0.000, dOy=   0.000, dOz=   0.000  (mm)
  Object offset: offset_x=   0.000, offset_z=   0.000  (mm)
  Detector : dDx=   0.000, dDy=   0.000, dDz=   0.000  (mm)
  Obj Stage rotY :    0.000 deg
============================================================

Unity geometry (world coordinates):
  Source   : x=   1.000, y=  46.000, z=   0.000
  Object   : x=  12.000, y=  17.000, z= 583.000
  Detector : x=   0.000, y=  -2.000, z= 808.000
  Obj rotY :   0.0000 deg
view   0 | SOD= 583.824 mm | SDD= 809.425 mm | M= 1.386 | incident=3.4005°
[[ -11.     -583.      -29.    ]
 [ -12.      225.       19.    ]
 [   0.1496    0.        0.    ]
 [   0.        0.        0.1496]]
Residual vector length: 108, Jacobian shape: (108, 6)
view   0 | SOD= 574.927 mm | SDD= 809.425 mm | M= 1.408 | incident=3.4005°
[[   3.8515537  -574.30786     -26.39474   ]
 [  -0.4721207   233.68118      21.60526   ]
 [   0.14959873    0.00061537    0.        ]
 [   0.            0.            0.1496    ]]

iter 00 cost=230092.264967 -> 605.242078 |dtheta|=1.530677e+01  lambda=1.000e-02

============================================================
Iteration 1
============================================================
Theta offsets (Unity frame):
  Source   : dSx=   0.000, dSy=   0.000, dSz=   0.000  (mm)
  Object   : dOx= -12.380, dOy=   2.605, dOz=  -8.612  (mm)
  Object offset: offset_x=  -0.109, offset_z=  -0.069  (mm)
  Detector : dDx=   0.000, dDy=   0.000, dDz=   0.000  (mm)
  Obj Stage rotY :    0.236 deg
============================================================

Unity geometry (world coordinates):
  Source   : x=   1.000, y=  46.000, z=   0.000
  Object   : x=  -0.380, y=  19.605, z= 574.388
  Detector : x=   0.000, y=  -2.000, z= 808.000
  Obj rotY :   0.0000 deg
view   0 | SOD= 574.927 mm | SDD= 809.425 mm | M= 1.408 | incident=3.4005°
[[   3.8515537  -574.30786     -26.39474   ]
 [  -0.4721207   233.68118      21.60526   ]
 [   0.14959873    0.00061537    0.        ]
 [   0.            0.            0.1496    ]]
Residual vector length: 108, Jacobian shape: (108, 6)
view   0 | SOD= 572.785 mm | SDD= 809.425 mm | M= 1.413 | incident=3.4005°
[[   7.635471   -572.1318      -26.260748  ]
 [  -2.6324916   235.80362      21.739252  ]
 [   0.14959016    0.00171596    0.        ]
 [   0.            0.            0.1496    ]]

iter 01 cost=605.242078 -> 101.617703 |dtheta|=2.352675e+00  lambda=3.333e-03

============================================================
Iteration 2
============================================================
Theta offsets (Unity frame):
  Source   : dSx=   0.000, dSy=   0.000, dSz=   0.000  (mm)
  Object   : dOx= -12.003, dOy=   2.739, dOz= -10.887  (mm)
  Object offset: offset_x=  -0.069, offset_z=   0.069  (mm)
  Detector : dDx=   0.000, dDy=   0.000, dDz=   0.000  (mm)
  Obj Stage rotY :    0.657 deg
============================================================

Unity geometry (world coordinates):
  Source   : x=   1.000, y=  46.000, z=   0.000
  Object   : x=  -0.003, y=  19.739, z= 572.113
  Detector : x=   0.000, y=  -2.000, z= 808.000
  Obj rotY :   0.0000 deg
view   0 | SOD= 572.785 mm | SDD= 809.425 mm | M= 1.413 | incident=3.4005°
[[   7.635471   -572.1318      -26.260748  ]
 [  -2.6324916   235.80362      21.739252  ]
 [   0.14959016    0.00171596    0.        ]
 [   0.            0.            0.1496    ]]
Residual vector length: 108, Jacobian shape: (108, 6)
view   0 | SOD= 571.444 mm | SDD= 809.425 mm | M= 1.416 | incident=3.4005°
[[  12.029041   -570.7205      -26.101202  ]
 [  -4.5319834   237.11038      21.898798  ]
 [   0.14957225    0.00288114    0.        ]
 [   0.            0.            0.1496    ]]

iter 02 cost=101.617703 -> 25.221299 |dtheta|=1.353520e+00  lambda=1.111e-03

============================================================
Iteration 3
============================================================
Theta offsets (Unity frame):
  Source   : dSx=   0.000, dSy=   0.000, dSz=   0.000  (mm)
  Object   : dOx= -11.992, dOy=   2.899, dOz= -12.153  (mm)
  Object offset: offset_x=  -0.043, offset_z=  -0.001  (mm)
  Detector : dDx=   0.000, dDy=   0.000, dDz=   0.000  (mm)
  Obj Stage rotY :    1.104 deg
============================================================

Unity geometry (world coordinates):
  Source   : x=   1.000, y=  46.000, z=   0.000
  Object   : x=   0.008, y=  19.899, z= 570.847
  Detector : x=   0.000, y=  -2.000, z= 808.000
  Obj rotY :   0.0000 deg
view   0 | SOD= 571.444 mm | SDD= 809.425 mm | M= 1.416 | incident=3.4005°
[[  12.029041   -570.7205      -26.101202  ]
 [  -4.5319834   237.11038      21.898798  ]
 [   0.14957225    0.00288114    0.        ]
 [   0.            0.            0.1496    ]]
Residual vector length: 108, Jacobian shape: (108, 6)
view   0 | SOD= 571.120 mm | SDD= 809.425 mm | M= 1.417 | incident=3.4005°
[[  10.554378   -570.4275      -26.049633  ]
 [  -3.921559    237.44345      21.950367  ]
 [   0.1495792     0.00249508    0.        ]
 [   0.            0.            0.1496    ]]

iter 03 cost=25.221299 -> 15.844464 |dtheta|=3.875975e-01  lambda=3.704e-04

============================================================
Iteration 4
============================================================
Theta offsets (Unity frame):
  Source   : dSx=   0.000, dSy=   0.000, dSz=   0.000  (mm)
  Object   : dOx= -11.999, dOy=   2.950, dOz= -12.506  (mm)
  Object offset: offset_x=  -0.040, offset_z=   0.030  (mm)
  Detector : dDx=   0.000, dDy=   0.000, dDz=   0.000  (mm)
  Obj Stage rotY :    0.956 deg
============================================================

Unity geometry (world coordinates):
  Source   : x=   1.000, y=  46.000, z=   0.000
  Object   : x=   0.001, y=  19.950, z= 570.494
  Detector : x=   0.000, y=  -2.000, z= 808.000
  Obj rotY :   0.0000 deg
view   0 | SOD= 571.120 mm | SDD= 809.425 mm | M= 1.417 | incident=3.4005°
[[  10.554378   -570.4275      -26.049633  ]
 [  -3.921559    237.44345      21.950367  ]
 [   0.1495792     0.00249508    0.        ]
 [   0.            0.            0.1496    ]]
Residual vector length: 108, Jacobian shape: (108, 6)
view   0 | SOD= 570.846 mm | SDD= 809.425 mm | M= 1.418 | incident=3.4005°
[[  14.483239   -570.0685      -26.018488  ]
 [  -5.600935    237.6825       21.981512  ]
 [   0.14955826    0.00353346    0.        ]
 [   0.            0.            0.1496    ]]

iter 04 cost=15.844464 -> 9.060432 |dtheta|=4.746527e-01  lambda=1.235e-04

============================================================
Iteration 5
============================================================
Theta offsets (Unity frame):
  Source   : dSx=   0.000, dSy=   0.000, dSz=   0.000  (mm)
  Object   : dOx= -11.999, dOy=   2.982, dOz= -12.761  (mm)
  Object offset: offset_x=  -0.015, offset_z=   0.013  (mm)
  Detector : dDx=   0.000, dDy=   0.000, dDz=   0.000  (mm)
  Obj Stage rotY :    1.353 deg
============================================================

Unity geometry (world coordinates):
  Source   : x=   1.000, y=  46.000, z=   0.000
  Object   : x=   0.001, y=  19.982, z= 570.239
  Detector : x=   0.000, y=  -2.000, z= 808.000
  Obj rotY :   0.0000 deg
view   0 | SOD= 570.846 mm | SDD= 809.425 mm | M= 1.418 | incident=3.4005°
[[  14.483239   -570.0685      -26.018488  ]
 [  -5.600935    237.6825       21.981512  ]
 [   0.14955826    0.00353346    0.        ]
 [   0.            0.            0.1496    ]]
Residual vector length: 108, Jacobian shape: (108, 6)
view   0 | SOD= 570.760 mm | SDD= 809.425 mm | M= 1.418 | incident=3.4005°
[[  16.409794  -569.9306     -26.011286 ]
 [  -6.4161115  237.74754     21.988714 ]
 [   0.1495454    0.0040411    0.       ]
 [   0.           0.           0.1496   ]]

iter 05 cost=9.060432 -> 6.981963 |dtheta|=2.104471e-01  lambda=4.115e-05

============================================================
Iteration 6
============================================================
Theta offsets (Unity frame):
  Source   : dSx=   0.000, dSy=   0.000, dSz=   0.000  (mm)
  Object   : dOx= -11.998, dOy=   2.989, dOz= -12.841  (mm)
  Object offset: offset_x=  -0.010, offset_z=   0.007  (mm)
  Detector : dDx=   0.000, dDy=   0.000, dDz=   0.000  (mm)
  Obj Stage rotY :    1.548 deg
============================================================

Unity geometry (world coordinates):
  Source   : x=   1.000, y=  46.000, z=   0.000
  Object   : x=   0.002, y=  19.989, z= 570.159
  Detector : x=   0.000, y=  -2.000, z= 808.000
  Obj rotY :   0.0000 deg
view   0 | SOD= 570.760 mm | SDD= 809.425 mm | M= 1.418 | incident=3.4005°
[[  16.409794  -569.9306     -26.011286 ]
 [  -6.4161115  237.74754     21.988714 ]
 [   0.1495454    0.0040411    0.       ]
 [   0.           0.           0.1496   ]]
Residual vector length: 108, Jacobian shape: (108, 6)
view   0 | SOD= 570.672 mm | SDD= 809.425 mm | M= 1.418 | incident=3.4005°
[[  19.450556   -569.7475      -26.003214  ]
 [  -7.6903853   237.79718      21.996786  ]
 [   0.14952168    0.00484005    0.        ]
 [   0.            0.            0.1496    ]]

iter 06 cost=6.981963 -> 5.065670 |dtheta|=3.195657e-01  lambda=1.372e-05

============================================================
Iteration 7
============================================================
Theta offsets (Unity frame):
  Source   : dSx=   0.000, dSy=   0.000, dSz=   0.000  (mm)
  Object   : dOx= -12.002, dOy=   2.997, dOz= -12.932  (mm)
  Object offset: offset_x=  -0.005, offset_z=   0.011  (mm)
  Detector : dDx=   0.000, dDy=   0.000, dDz=   0.000  (mm)
  Obj Stage rotY :    1.854 deg
============================================================

Unity geometry (world coordinates):
  Source   : x=   1.000, y=  46.000, z=   0.000
  Object   : x=  -0.002, y=  19.997, z= 570.068
  Detector : x=   0.000, y=  -2.000, z= 808.000
  Obj rotY :   0.0000 deg
view   0 | SOD= 570.672 mm | SDD= 809.425 mm | M= 1.418 | incident=3.4005°
[[  19.450556   -569.7475      -26.003214  ]
 [  -7.6903853   237.79718      21.996786  ]
 [   0.14952168    0.00484005    0.        ]
 [   0.            0.            0.1496    ]]
Residual vector length: 108, Jacobian shape: (108, 6)
view   0 | SOD= 570.631 mm | SDD= 809.425 mm | M= 1.418 | incident=3.4005°
[[  20.674852   -569.6634      -26.000319  ]
 [  -8.196997    237.82124      21.999681  ]
 [   0.14951096    0.00516054    0.        ]
 [   0.            0.            0.1496    ]]

iter 07 cost=5.065670 -> 4.390175 |dtheta|=1.313686e-01  lambda=4.572e-06

============================================================
Iteration 8
============================================================
Theta offsets (Unity frame):
  Source   : dSx=   0.000, dSy=   0.000, dSz=   0.000  (mm)
  Object   : dOx= -12.001, dOy=   3.000, dOz= -12.978  (mm)
  Object offset: offset_x=  -0.011, offset_z=   0.016  (mm)
  Detector : dDx=   0.000, dDy=   0.000, dDz=   0.000  (mm)
  Obj Stage rotY :    1.977 deg
============================================================

Unity geometry (world coordinates):
  Source   : x=   1.000, y=  46.000, z=   0.000
  Object   : x=  -0.001, y=  20.000, z= 570.022
  Detector : x=   0.000, y=  -2.000, z= 808.000
  Obj rotY :   0.0000 deg
view   0 | SOD= 570.631 mm | SDD= 809.425 mm | M= 1.418 | incident=3.4005°
[[  20.674852   -569.6634      -26.000319  ]
 [  -8.196997    237.82124      21.999681  ]
 [   0.14951096    0.00516054    0.        ]
 [   0.            0.            0.1496    ]]
Residual vector length: 108, Jacobian shape: (108, 6)
view   0 | SOD= 570.613 mm | SDD= 809.425 mm | M= 1.419 | incident=3.4005°
[[  22.5676     -569.5731      -25.998547  ]
 [  -9.01032     237.8102       22.001453  ]
 [   0.14949283    0.00566159    0.        ]
 [   0.            0.            0.1496    ]]

iter 08 cost=4.390175 -> 3.644019 |dtheta|=1.927962e-01  lambda=1.524e-06

============================================================
Iteration 9
============================================================
Theta offsets (Unity frame):
  Source   : dSx=   0.000, dSy=   0.000, dSz=   0.000  (mm)
  Object   : dOx= -11.994, dOy=   3.001, dOz= -12.987  (mm)
  Object offset: offset_x=  -0.002, offset_z=   0.006  (mm)
  Detector : dDx=   0.000, dDy=   0.000, dDz=   0.000  (mm)
  Obj Stage rotY :    2.169 deg
============================================================

Unity geometry (world coordinates):
  Source   : x=   1.000, y=  46.000, z=   0.000
  Object   : x=   0.006, y=  20.001, z= 570.013
  Detector : x=   0.000, y=  -2.000, z= 808.000
  Obj rotY :   0.0000 deg
view   0 | SOD= 570.613 mm | SDD= 809.425 mm | M= 1.419 | incident=3.4005°
[[  22.5676     -569.5731      -25.998547  ]
 [  -9.01032     237.8102       22.001453  ]
 [   0.14949283    0.00566159    0.        ]
 [   0.            0.            0.1496    ]]
Residual vector length: 108, Jacobian shape: (108, 6)
view   0 | SOD= 570.609 mm | SDD= 809.425 mm | M= 1.419 | incident=3.4005°
[[  23.12358    -569.5473      -26.000324  ]
 [  -9.23171     237.80525      21.999676  ]
 [   0.14948732    0.00580552    0.        ]
 [   0.            0.            0.1496    ]]

iter 09 cost=3.644019 -> 3.303415 |dtheta|=5.559242e-02  lambda=1.000e-06

============================================================
Iteration 10
============================================================
Theta offsets (Unity frame):
  Source   : dSx=   0.000, dSy=   0.000, dSz=   0.000  (mm)
  Object   : dOx= -11.999, dOy=   3.000, dOz= -12.991  (mm)
  Object offset: offset_x=  -0.005, offset_z=   0.006  (mm)
  Detector : dDx=   0.000, dDy=   0.000, dDz=   0.000  (mm)
  Obj Stage rotY :    2.224 deg
============================================================

Unity geometry (world coordinates):
  Source   : x=   1.000, y=  46.000, z=   0.000
  Object   : x=   0.001, y=  20.000, z= 570.009
  Detector : x=   0.000, y=  -2.000, z= 808.000
  Obj rotY :   0.0000 deg
view   0 | SOD= 570.609 mm | SDD= 809.425 mm | M= 1.419 | incident=3.4005°
[[  23.12358    -569.5473      -26.000324  ]
 [  -9.23171     237.80525      21.999676  ]
 [   0.14948732    0.00580552    0.        ]
 [   0.            0.            0.1496    ]]
Residual vector length: 108, Jacobian shape: (108, 6)
view   0 | SOD= 570.612 mm | SDD= 809.425 mm | M= 1.419 | incident=3.4005°
[[  23.735292   -569.52515     -26.000624  ]
 [  -9.488635    237.79214      21.999376  ]
 [   0.14948098    0.00596636    0.        ]
 [   0.            0.            0.1496    ]]

iter 10 cost=3.303415 -> 3.081659 |dtheta|=6.172807e-02  lambda=1.000e-06

============================================================
Iteration 11
============================================================
Theta offsets (Unity frame):
  Source   : dSx=   0.000, dSy=   0.000, dSz=   0.000  (mm)
  Object   : dOx= -11.999, dOy=   2.999, dOz= -12.988  (mm)
  Object offset: offset_x=  -0.003, offset_z=   0.007  (mm)
  Detector : dDx=   0.000, dDy=   0.000, dDz=   0.000  (mm)
  Obj Stage rotY :    2.286 deg
============================================================

Unity geometry (world coordinates):
  Source   : x=   1.000, y=  46.000, z=   0.000
  Object   : x=   0.001, y=  19.999, z= 570.012
  Detector : x=   0.000, y=  -2.000, z= 808.000
  Obj rotY :   0.0000 deg
view   0 | SOD= 570.612 mm | SDD= 809.425 mm | M= 1.419 | incident=3.4005°
[[  23.735292   -569.52515     -26.000624  ]
 [  -9.488635    237.79214      21.999376  ]
 [   0.14948098    0.00596636    0.        ]
 [   0.            0.            0.1496    ]]
Residual vector length: 108, Jacobian shape: (108, 6)
view   0 | SOD= 570.639 mm | SDD= 809.425 mm | M= 1.418 | incident=3.4005°
[[  24.739874   -569.50885     -26.00449   ]
 [  -9.9074135   237.74855      21.99551   ]
 [   0.14947022    0.00622991    0.        ]
 [   0.            0.            0.1496    ]]

iter 11 cost=3.081659 -> 2.709057 |dtheta|=1.061758e-01  lambda=1.000e-06

============================================================
Iteration 12
============================================================
Theta offsets (Unity frame):
  Source   : dSx=   0.000, dSy=   0.000, dSz=   0.000  (mm)
  Object   : dOx= -12.001, dOy=   2.996, dOz= -12.956  (mm)
  Object offset: offset_x=  -0.001, offset_z=   0.001  (mm)
  Detector : dDx=   0.000, dDy=   0.000, dDz=   0.000  (mm)
  Obj Stage rotY :    2.387 deg
============================================================

Unity geometry (world coordinates):
  Source   : x=   1.000, y=  46.000, z=   0.000
  Object   : x=  -0.001, y=  19.996, z= 570.044
  Detector : x=   0.000, y=  -2.000, z= 808.000
  Obj rotY :   0.0000 deg
view   0 | SOD= 570.639 mm | SDD= 809.425 mm | M= 1.418 | incident=3.4005°
[[  24.739874   -569.50885     -26.00449   ]
 [  -9.9074135   237.74855      21.99551   ]
 [   0.14947022    0.00622991    0.        ]
 [   0.            0.            0.1496    ]]
Residual vector length: 108, Jacobian shape: (108, 6)
view   0 | SOD= 570.618 mm | SDD= 809.425 mm | M= 1.419 | incident=3.4005°
[[  26.932484   -569.38824     -26.001648  ]
 [ -10.816318    237.73007      21.998352  ]
 [   0.14944519    0.00680418    0.        ]
 [   0.            0.            0.1496    ]]

iter 12 cost=2.709057 -> 2.106322 |dtheta|=2.224965e-01  lambda=1.000e-06

============================================================
Iteration 13
============================================================
Theta offsets (Unity frame):
  Source   : dSx=   0.000, dSy=   0.000, dSz=   0.000  (mm)
  Object   : dOx= -12.002, dOy=   2.998, dOz= -12.987  (mm)
  Object offset: offset_x=  -0.006, offset_z=   0.011  (mm)
  Detector : dDx=   0.000, dDy=   0.000, dDz=   0.000  (mm)
  Obj Stage rotY :    2.607 deg
============================================================

Unity geometry (world coordinates):
  Source   : x=   1.000, y=  46.000, z=   0.000
  Object   : x=  -0.002, y=  19.998, z= 570.013
  Detector : x=   0.000, y=  -2.000, z= 808.000
  Obj rotY :   0.0000 deg
view   0 | SOD= 570.618 mm | SDD= 809.425 mm | M= 1.419 | incident=3.4005°
[[  26.932484   -569.38824     -26.001648  ]
 [ -10.816318    237.73007      21.998352  ]
 [   0.14944519    0.00680418    0.        ]
 [   0.            0.            0.1496    ]]
Residual vector length: 108, Jacobian shape: (108, 6)
view   0 | SOD= 570.642 mm | SDD= 809.425 mm | M= 1.418 | incident=3.4005°
[[  27.711412   -569.3754      -26.00367   ]
 [ -11.135064    237.69086      21.99633   ]
 [   0.14943579    0.00700742    0.        ]
 [   0.            0.            0.1496    ]]

iter 13 cost=2.106322 -> 1.615833 |dtheta|=8.083968e-02  lambda=1.000e-06

============================================================
Iteration 14
============================================================
Theta offsets (Unity frame):
  Source   : dSx=   0.000, dSy=   0.000, dSz=   0.000  (mm)
  Object   : dOx= -12.000, dOy=   2.996, dOz= -12.966  (mm)
  Object offset: offset_x=  -0.010, offset_z=   0.015  (mm)
  Detector : dDx=   0.000, dDy=   0.000, dDz=   0.000  (mm)
  Obj Stage rotY :    2.685 deg
============================================================

Unity geometry (world coordinates):
  Source   : x=   1.000, y=  46.000, z=   0.000
  Object   : x=  -0.000, y=  19.996, z= 570.034
  Detector : x=   0.000, y=  -2.000, z= 808.000
  Obj rotY :   0.0000 deg
view   0 | SOD= 570.642 mm | SDD= 809.425 mm | M= 1.418 | incident=3.4005°
[[  27.711412   -569.3754      -26.00367   ]
 [ -11.135064    237.69086      21.99633   ]
 [   0.14943579    0.00700742    0.        ]
 [   0.            0.            0.1496    ]]
Residual vector length: 108, Jacobian shape: (108, 6)
view   0 | SOD= 570.645 mm | SDD= 809.425 mm | M= 1.418 | incident=3.4005°
[[  28.603674   -569.3346      -26.002626  ]
 [ -11.507888    237.6698       21.997374  ]
 [   0.14942463    0.00724166    0.        ]
 [   0.            0.            0.1496    ]]

iter 14 cost=1.615833 -> 1.636164 |dtheta|=9.010465e-02  lambda=1.000e-06

============================================================
Iteration 15
============================================================
Theta offsets (Unity frame):
  Source   : dSx=   0.000, dSy=   0.000, dSz=   0.000  (mm)
  Object   : dOx= -12.000, dOy=   2.996, dOz= -12.966  (mm)
  Object offset: offset_x=  -0.010, offset_z=   0.015  (mm)
  Detector : dDx=   0.000, dDy=   0.000, dDz=   0.000  (mm)
  Obj Stage rotY :    2.685 deg
============================================================

Unity geometry (world coordinates):
  Source   : x=   1.000, y=  46.000, z=   0.000
  Object   : x=  -0.000, y=  19.996, z= 570.034
  Detector : x=   0.000, y=  -2.000, z= 808.000
  Obj rotY :   0.0000 deg
view   0 | SOD= 570.642 mm | SDD= 809.425 mm | M= 1.418 | incident=3.4005°
[[  27.711412   -569.3754      -26.00367   ]
 [ -11.135064    237.69086      21.99633   ]
 [   0.14943579    0.00700742    0.        ]
 [   0.            0.            0.1496    ]]
Residual vector length: 108, Jacobian shape: (108, 6)
view   0 | SOD= 570.645 mm | SDD= 809.425 mm | M= 1.418 | incident=3.4005°
[[  28.603674   -569.3346      -26.002626  ]
 [ -11.507888    237.6698       21.997374  ]
 [   0.14942463    0.00724166    0.        ]
 [   0.            0.            0.1496    ]]

iter 15 cost=1.615833 -> 1.636164 |dtheta|=9.010464e-02  lambda=5.000e-06

============================================================
Iteration 16
============================================================
Theta offsets (Unity frame):
  Source   : dSx=   0.000, dSy=   0.000, dSz=   0.000  (mm)
  Object   : dOx= -12.000, dOy=   2.996, dOz= -12.966  (mm)
  Object offset: offset_x=  -0.010, offset_z=   0.015  (mm)
  Detector : dDx=   0.000, dDy=   0.000, dDz=   0.000  (mm)
  Obj Stage rotY :    2.685 deg
============================================================

Unity geometry (world coordinates):
  Source   : x=   1.000, y=  46.000, z=   0.000
  Object   : x=  -0.000, y=  19.996, z= 570.034
  Detector : x=   0.000, y=  -2.000, z= 808.000
  Obj rotY :   0.0000 deg
view   0 | SOD= 570.642 mm | SDD= 809.425 mm | M= 1.418 | incident=3.4005°
[[  27.711412   -569.3754      -26.00367   ]
 [ -11.135064    237.69086      21.99633   ]
 [   0.14943579    0.00700742    0.        ]
 [   0.            0.            0.1496    ]]
Residual vector length: 108, Jacobian shape: (108, 6)
view   0 | SOD= 570.645 mm | SDD= 809.425 mm | M= 1.418 | incident=3.4005°
[[  28.603672   -569.3346      -26.002626  ]
 [ -11.507887    237.6698       21.997374  ]
 [   0.14942463    0.00724166    0.        ]
 [   0.            0.            0.1496    ]]

iter 16 cost=1.615833 -> 1.636164 |dtheta|=9.010459e-02  lambda=2.500e-05

============================================================
Iteration 17
============================================================
Theta offsets (Unity frame):
  Source   : dSx=   0.000, dSy=   0.000, dSz=   0.000  (mm)
  Object   : dOx= -12.000, dOy=   2.996, dOz= -12.966  (mm)
  Object offset: offset_x=  -0.010, offset_z=   0.015  (mm)
  Detector : dDx=   0.000, dDy=   0.000, dDz=   0.000  (mm)
  Obj Stage rotY :    2.685 deg
============================================================

Unity geometry (world coordinates):
  Source   : x=   1.000, y=  46.000, z=   0.000
  Object   : x=  -0.000, y=  19.996, z= 570.034
  Detector : x=   0.000, y=  -2.000, z= 808.000
  Obj rotY :   0.0000 deg
view   0 | SOD= 570.642 mm | SDD= 809.425 mm | M= 1.418 | incident=3.4005°
[[  27.711412   -569.3754      -26.00367   ]
 [ -11.135064    237.69086      21.99633   ]
 [   0.14943579    0.00700742    0.        ]
 [   0.            0.            0.1496    ]]
Residual vector length: 108, Jacobian shape: (108, 6)
view   0 | SOD= 570.645 mm | SDD= 809.425 mm | M= 1.418 | incident=3.4005°
[[  28.60367    -569.3346      -26.002626  ]
 [ -11.507886    237.6698       21.997374  ]
 [   0.14942463    0.00724166    0.        ]
 [   0.            0.            0.1496    ]]

iter 17 cost=1.615833 -> 1.636164 |dtheta|=9.010433e-02  lambda=1.250e-04

============================================================
Iteration 18
============================================================
Theta offsets (Unity frame):
  Source   : dSx=   0.000, dSy=   0.000, dSz=   0.000  (mm)
  Object   : dOx= -12.000, dOy=   2.996, dOz= -12.966  (mm)
  Object offset: offset_x=  -0.010, offset_z=   0.015  (mm)
  Detector : dDx=   0.000, dDy=   0.000, dDz=   0.000  (mm)
  Obj Stage rotY :    2.685 deg
============================================================

Unity geometry (world coordinates):
  Source   : x=   1.000, y=  46.000, z=   0.000
  Object   : x=  -0.000, y=  19.996, z= 570.034
  Detector : x=   0.000, y=  -2.000, z= 808.000
  Obj rotY :   0.0000 deg
view   0 | SOD= 570.642 mm | SDD= 809.425 mm | M= 1.418 | incident=3.4005°
[[  27.711412   -569.3754      -26.00367   ]
 [ -11.135064    237.69086      21.99633   ]
 [   0.14943579    0.00700742    0.        ]
 [   0.            0.            0.1496    ]]
Residual vector length: 108, Jacobian shape: (108, 6)
view   0 | SOD= 570.645 mm | SDD= 809.425 mm | M= 1.418 | incident=3.4005°
[[  28.603657   -569.3346      -26.002626  ]
 [ -11.507881    237.6698       21.997374  ]
 [   0.14942463    0.00724166    0.        ]
 [   0.            0.            0.1496    ]]

iter 18 cost=1.615833 -> 1.636164 |dtheta|=9.010303e-02  lambda=6.250e-04

============================================================
Iteration 19
============================================================
Theta offsets (Unity frame):
  Source   : dSx=   0.000, dSy=   0.000, dSz=   0.000  (mm)
  Object   : dOx= -12.000, dOy=   2.996, dOz= -12.966  (mm)
  Object offset: offset_x=  -0.010, offset_z=   0.015  (mm)
  Detector : dDx=   0.000, dDy=   0.000, dDz=   0.000  (mm)
  Obj Stage rotY :    2.685 deg
============================================================

Unity geometry (world coordinates):
  Source   : x=   1.000, y=  46.000, z=   0.000
  Object   : x=  -0.000, y=  19.996, z= 570.034
  Detector : x=   0.000, y=  -2.000, z= 808.000
  Obj rotY :   0.0000 deg
view   0 | SOD= 570.642 mm | SDD= 809.425 mm | M= 1.418 | incident=3.4005°
[[  27.711412   -569.3754      -26.00367   ]
 [ -11.135064    237.69086      21.99633   ]
 [   0.14943579    0.00700742    0.        ]
 [   0.            0.            0.1496    ]]
Residual vector length: 108, Jacobian shape: (108, 6)
view   0 | SOD= 570.645 mm | SDD= 809.425 mm | M= 1.418 | incident=3.4005°
[[  28.603594   -569.3346      -26.002626  ]
 [ -11.507854    237.6698       21.997374  ]
 [   0.14942463    0.00724164    0.        ]
 [   0.            0.            0.1496    ]]

iter 19 cost=1.615833 -> 1.636164 |dtheta|=9.009657e-02  lambda=3.125e-03

============================================================
Iteration 20
============================================================
Theta offsets (Unity frame):
  Source   : dSx=   0.000, dSy=   0.000, dSz=   0.000  (mm)
  Object   : dOx= -12.000, dOy=   2.996, dOz= -12.966  (mm)
  Object offset: offset_x=  -0.010, offset_z=   0.015  (mm)
  Detector : dDx=   0.000, dDy=   0.000, dDz=   0.000  (mm)
  Obj Stage rotY :    2.685 deg
============================================================

Unity geometry (world coordinates):
  Source   : x=   1.000, y=  46.000, z=   0.000
  Object   : x=  -0.000, y=  19.996, z= 570.034
  Detector : x=   0.000, y=  -2.000, z= 808.000
  Obj rotY :   0.0000 deg
view   0 | SOD= 570.642 mm | SDD= 809.425 mm | M= 1.418 | incident=3.4005°
[[  27.711412   -569.3754      -26.00367   ]
 [ -11.135064    237.69086      21.99633   ]
 [   0.14943579    0.00700742    0.        ]
 [   0.            0.            0.1496    ]]
Residual vector length: 108, Jacobian shape: (108, 6)
view   0 | SOD= 570.645 mm | SDD= 809.425 mm | M= 1.418 | incident=3.4005°
[[  28.603275   -569.3346      -26.002626  ]
 [ -11.50772     237.66982      21.997374  ]
 [   0.14942463    0.00724156    0.        ]
 [   0.            0.            0.1496    ]]

iter 20 cost=1.615833 -> 1.636164 |dtheta|=9.006428e-02  lambda=1.562e-02

============================================================
Iteration 21
============================================================
Theta offsets (Unity frame):
  Source   : dSx=   0.000, dSy=   0.000, dSz=   0.000  (mm)
  Object   : dOx= -12.000, dOy=   2.996, dOz= -12.966  (mm)
  Object offset: offset_x=  -0.010, offset_z=   0.015  (mm)
  Detector : dDx=   0.000, dDy=   0.000, dDz=   0.000  (mm)
  Obj Stage rotY :    2.685 deg
============================================================

Unity geometry (world coordinates):
  Source   : x=   1.000, y=  46.000, z=   0.000
  Object   : x=  -0.000, y=  19.996, z= 570.034
  Detector : x=   0.000, y=  -2.000, z= 808.000
  Obj rotY :   0.0000 deg
view   0 | SOD= 570.642 mm | SDD= 809.425 mm | M= 1.418 | incident=3.4005°
[[  27.711412   -569.3754      -26.00367   ]
 [ -11.135064    237.69086      21.99633   ]
 [   0.14943579    0.00700742    0.        ]
 [   0.            0.            0.1496    ]]
Residual vector length: 108, Jacobian shape: (108, 6)
view   0 | SOD= 570.645 mm | SDD= 809.425 mm | M= 1.418 | incident=3.4005°
[[  28.601686   -569.33466     -26.002626  ]
 [ -11.507053    237.66985      21.997374  ]
 [   0.14942464    0.00724114    0.        ]
 [   0.            0.            0.1496    ]]

iter 21 cost=1.615833 -> 1.636989 |dtheta|=8.990318e-02  lambda=7.812e-02

============================================================
Iteration 22
============================================================
Theta offsets (Unity frame):
  Source   : dSx=   0.000, dSy=   0.000, dSz=   0.000  (mm)
  Object   : dOx= -12.000, dOy=   2.996, dOz= -12.966  (mm)
  Object offset: offset_x=  -0.010, offset_z=   0.015  (mm)
  Detector : dDx=   0.000, dDy=   0.000, dDz=   0.000  (mm)
  Obj Stage rotY :    2.685 deg
============================================================

Unity geometry (world coordinates):
  Source   : x=   1.000, y=  46.000, z=   0.000
  Object   : x=  -0.000, y=  19.996, z= 570.034
  Detector : x=   0.000, y=  -2.000, z= 808.000
  Obj rotY :   0.0000 deg
view   0 | SOD= 570.642 mm | SDD= 809.425 mm | M= 1.418 | incident=3.4005°
[[  27.711412   -569.3754      -26.00367   ]
 [ -11.135064    237.69086      21.99633   ]
 [   0.14943579    0.00700742    0.        ]
 [   0.            0.            0.1496    ]]
Residual vector length: 108, Jacobian shape: (108, 6)
view   0 | SOD= 570.645 mm | SDD= 809.425 mm | M= 1.418 | incident=3.4005°
[[  28.593815   -569.33496     -26.002625  ]
 [ -11.503763    237.67012      21.997375  ]
 [   0.14942475    0.00723908    0.        ]
 [   0.            0.            0.1496    ]]

iter 22 cost=1.615833 -> 1.636989 |dtheta|=8.910631e-02  lambda=3.906e-01

============================================================
Iteration 23
============================================================
Theta offsets (Unity frame):
  Source   : dSx=   0.000, dSy=   0.000, dSz=   0.000  (mm)
  Object   : dOx= -12.000, dOy=   2.996, dOz= -12.966  (mm)
  Object offset: offset_x=  -0.010, offset_z=   0.015  (mm)
  Detector : dDx=   0.000, dDy=   0.000, dDz=   0.000  (mm)
  Obj Stage rotY :    2.685 deg
============================================================

Unity geometry (world coordinates):
  Source   : x=   1.000, y=  46.000, z=   0.000
  Object   : x=  -0.000, y=  19.996, z= 570.034
  Detector : x=   0.000, y=  -2.000, z= 808.000
  Obj rotY :   0.0000 deg
view   0 | SOD= 570.642 mm | SDD= 809.425 mm | M= 1.418 | incident=3.4005°
[[  27.711412   -569.3754      -26.00367   ]
 [ -11.135064    237.69086      21.99633   ]
 [   0.14943579    0.00700742    0.        ]
 [   0.            0.            0.1496    ]]
Residual vector length: 108, Jacobian shape: (108, 6)
view   0 | SOD= 570.645 mm | SDD= 809.425 mm | M= 1.418 | incident=3.4005°
[[  28.556482   -569.33636     -26.00262   ]
 [ -11.488144    237.67131      21.99738   ]
 [   0.14942522    0.00722927    0.        ]
 [   0.            0.            0.1496    ]]

iter 23 cost=1.615833 -> 1.612921 |dtheta|=8.532603e-02  lambda=1.953e+00

============================================================
Iteration 24
============================================================
Theta offsets (Unity frame):
  Source   : dSx=   0.000, dSy=   0.000, dSz=   0.000  (mm)
  Object   : dOx= -12.002, dOy=   2.997, dOz= -12.961  (mm)
  Object offset: offset_x=  -0.009, offset_z=   0.012  (mm)
  Detector : dDx=   0.000, dDy=   0.000, dDz=   0.000  (mm)
  Obj Stage rotY :    2.770 deg
============================================================

Unity geometry (world coordinates):
  Source   : x=   1.000, y=  46.000, z=   0.000
  Object   : x=  -0.002, y=  19.997, z= 570.039
  Detector : x=   0.000, y=  -2.000, z= 808.000
  Obj rotY :   0.0000 deg
view   0 | SOD= 570.645 mm | SDD= 809.425 mm | M= 1.418 | incident=3.4005°
[[  28.556482   -569.33636     -26.00262   ]
 [ -11.488144    237.67131      21.99738   ]
 [   0.14942522    0.00722927    0.        ]
 [   0.            0.            0.1496    ]]
Residual vector length: 108, Jacobian shape: (108, 6)
view   0 | SOD= 570.625 mm | SDD= 809.425 mm | M= 1.418 | incident=3.4005°
[[  29.907846   -569.2471      -26.002832  ]
 [ -12.06462     237.66266      21.997168  ]
 [   0.14940752    0.00758623    0.        ]
 [   0.            0.            0.1496    ]]

iter 24 cost=1.612921 -> 1.108755 |dtheta|=1.385175e-01  lambda=6.510e-01

============================================================
Iteration 25
============================================================
Theta offsets (Unity frame):
  Source   : dSx=   0.000, dSy=   0.000, dSz=   0.000  (mm)
  Object   : dOx= -12.002, dOy=   2.997, dOz= -12.980  (mm)
  Object offset: offset_x=  -0.001, offset_z=   0.012  (mm)
  Detector : dDx=   0.000, dDy=   0.000, dDz=   0.000  (mm)
  Obj Stage rotY :    2.907 deg
============================================================

Unity geometry (world coordinates):
  Source   : x=   1.000, y=  46.000, z=   0.000
  Object   : x=  -0.002, y=  19.997, z= 570.020
  Detector : x=   0.000, y=  -2.000, z= 808.000
  Obj rotY :   0.0000 deg
view   0 | SOD= 570.625 mm | SDD= 809.425 mm | M= 1.418 | incident=3.4005°
[[  29.907846   -569.2471      -26.002832  ]
 [ -12.06462     237.66266      21.997168  ]
 [   0.14940752    0.00758623    0.        ]
 [   0.            0.            0.1496    ]]
Residual vector length: 108, Jacobian shape: (108, 6)
view   0 | SOD= 570.599 mm | SDD= 809.425 mm | M= 1.419 | incident=3.4005°
[[  30.23746    -569.20416     -26.000015  ]
 [ -12.196828    237.6814       21.999985  ]
 [   0.14940315    0.00767174    0.        ]
 [   0.            0.            0.1496    ]]

iter 25 cost=1.108755 -> 1.165559 |dtheta|=3.953009e-02  lambda=2.170e-01

============================================================
Iteration 26
============================================================
Theta offsets (Unity frame):
  Source   : dSx=   0.000, dSy=   0.000, dSz=   0.000  (mm)
  Object   : dOx= -12.002, dOy=   2.997, dOz= -12.980  (mm)
  Object offset: offset_x=  -0.001, offset_z=   0.012  (mm)
  Detector : dDx=   0.000, dDy=   0.000, dDz=   0.000  (mm)
  Obj Stage rotY :    2.907 deg
============================================================

Unity geometry (world coordinates):
  Source   : x=   1.000, y=  46.000, z=   0.000
  Object   : x=  -0.002, y=  19.997, z= 570.020
  Detector : x=   0.000, y=  -2.000, z= 808.000
  Obj rotY :   0.0000 deg
view   0 | SOD= 570.625 mm | SDD= 809.425 mm | M= 1.418 | incident=3.4005°
[[  29.907846   -569.2471      -26.002832  ]
 [ -12.06462     237.66266      21.997168  ]
 [   0.14940752    0.00758623    0.        ]
 [   0.            0.            0.1496    ]]
Residual vector length: 108, Jacobian shape: (108, 6)
view   0 | SOD= 570.600 mm | SDD= 809.425 mm | M= 1.419 | incident=3.4005°
[[  30.229546   -569.2047      -26.00004   ]
 [ -12.193538    237.68144      21.99996   ]
 [   0.14940326    0.00766967    0.        ]
 [   0.            0.            0.1496    ]]

iter 26 cost=1.108755 -> 1.188632 |dtheta|=3.878278e-02  lambda=1.085e+00

============================================================
Iteration 27
============================================================
Theta offsets (Unity frame):
  Source   : dSx=   0.000, dSy=   0.000, dSz=   0.000  (mm)
  Object   : dOx= -12.002, dOy=   2.997, dOz= -12.980  (mm)
  Object offset: offset_x=  -0.001, offset_z=   0.012  (mm)
  Detector : dDx=   0.000, dDy=   0.000, dDz=   0.000  (mm)
  Obj Stage rotY :    2.907 deg
============================================================

Unity geometry (world coordinates):
  Source   : x=   1.000, y=  46.000, z=   0.000
  Object   : x=  -0.002, y=  19.997, z= 570.020
  Detector : x=   0.000, y=  -2.000, z= 808.000
  Obj rotY :   0.0000 deg
view   0 | SOD= 570.625 mm | SDD= 809.425 mm | M= 1.418 | incident=3.4005°
[[  29.907846   -569.2471      -26.002832  ]
 [ -12.06462     237.66266      21.997168  ]
 [   0.14940752    0.00758623    0.        ]
 [   0.            0.            0.1496    ]]
Residual vector length: 108, Jacobian shape: (108, 6)
view   0 | SOD= 570.600 mm | SDD= 809.425 mm | M= 1.419 | incident=3.4005°
[[  30.195135   -569.20734     -26.00016   ]
 [ -12.179214    237.68138      21.99984   ]
 [   0.14940374    0.00766064    0.        ]
 [   0.            0.            0.1496    ]]

iter 27 cost=1.108755 -> 1.189599 |dtheta|=3.552421e-02  lambda=5.425e+00

============================================================
Iteration 28
============================================================
Theta offsets (Unity frame):
  Source   : dSx=   0.000, dSy=   0.000, dSz=   0.000  (mm)
  Object   : dOx= -12.002, dOy=   2.997, dOz= -12.980  (mm)
  Object offset: offset_x=  -0.001, offset_z=   0.012  (mm)
  Detector : dDx=   0.000, dDy=   0.000, dDz=   0.000  (mm)
  Obj Stage rotY :    2.907 deg
============================================================

Unity geometry (world coordinates):
  Source   : x=   1.000, y=  46.000, z=   0.000
  Object   : x=  -0.002, y=  19.997, z= 570.020
  Detector : x=   0.000, y=  -2.000, z= 808.000
  Obj rotY :   0.0000 deg
view   0 | SOD= 570.625 mm | SDD= 809.425 mm | M= 1.418 | incident=3.4005°
[[  29.907846   -569.2471      -26.002832  ]
 [ -12.06462     237.66266      21.997168  ]
 [   0.14940752    0.00758623    0.        ]
 [   0.            0.            0.1496    ]]
Residual vector length: 108, Jacobian shape: (108, 6)
view   0 | SOD= 570.603 mm | SDD= 809.425 mm | M= 1.419 | incident=3.4005°
[[  30.095669   -569.2157      -26.000631  ]
 [ -12.1377535   237.68039      21.999369  ]
 [   0.14940506    0.00763455    0.        ]
 [   0.            0.            0.1496    ]]

iter 28 cost=1.108755 -> 1.259677 |dtheta|=2.589866e-02  lambda=2.713e+01

============================================================
Iteration 29
============================================================
Theta offsets (Unity frame):
  Source   : dSx=   0.000, dSy=   0.000, dSz=   0.000  (mm)
  Object   : dOx= -12.002, dOy=   2.997, dOz= -12.980  (mm)
  Object offset: offset_x=  -0.001, offset_z=   0.012  (mm)
  Detector : dDx=   0.000, dDy=   0.000, dDz=   0.000  (mm)
  Obj Stage rotY :    2.907 deg
============================================================

Unity geometry (world coordinates):
  Source   : x=   1.000, y=  46.000, z=   0.000
  Object   : x=  -0.002, y=  19.997, z= 570.020
  Detector : x=   0.000, y=  -2.000, z= 808.000
  Obj rotY :   0.0000 deg
view   0 | SOD= 570.625 mm | SDD= 809.425 mm | M= 1.418 | incident=3.4005°
[[  29.907846   -569.2471      -26.002832  ]
 [ -12.06462     237.66266      21.997168  ]
 [   0.14940752    0.00758623    0.        ]
 [   0.            0.            0.1496    ]]
Residual vector length: 108, Jacobian shape: (108, 6)
view   0 | SOD= 570.611 mm | SDD= 809.425 mm | M= 1.419 | incident=3.4005°
[[  29.978447   -569.2294      -26.001678  ]
 [ -12.088728    237.67543      21.998322  ]
 [   0.14940664    0.00760377    0.        ]
 [   0.            0.            0.1496    ]]

iter 29 cost=1.108755 -> 1.174631 |dtheta|=1.311646e-02  lambda=1.356e+02

============================================================
Iteration 30
============================================================
Theta offsets (Unity frame):
  Source   : dSx=   0.000, dSy=   0.000, dSz=   0.000  (mm)
  Object   : dOx= -12.002, dOy=   2.997, dOz= -12.980  (mm)
  Object offset: offset_x=  -0.001, offset_z=   0.012  (mm)
  Detector : dDx=   0.000, dDy=   0.000, dDz=   0.000  (mm)
  Obj Stage rotY :    2.907 deg
============================================================

Unity geometry (world coordinates):
  Source   : x=   1.000, y=  46.000, z=   0.000
  Object   : x=  -0.002, y=  19.997, z= 570.020
  Detector : x=   0.000, y=  -2.000, z= 808.000
  Obj rotY :   0.0000 deg
view   0 | SOD= 570.625 mm | SDD= 809.425 mm | M= 1.418 | incident=3.4005°
[[  29.907846   -569.2471      -26.002832  ]
 [ -12.06462     237.66266      21.997168  ]
 [   0.14940752    0.00758623    0.        ]
 [   0.            0.            0.1496    ]]
Residual vector length: 108, Jacobian shape: (108, 6)
view   0 | SOD= 570.618 mm | SDD= 809.425 mm | M= 1.419 | incident=3.4005°
[[  29.927021   -569.2391      -26.00254   ]
 [ -12.067627    237.66948      21.99746   ]
 [   0.14940731    0.00759034    0.        ]
 [   0.            0.            0.1496    ]]

iter 30 cost=1.108755 -> 1.120123 |dtheta|=6.316708e-03  lambda=6.782e+02

============================================================
Iteration 31
============================================================
Theta offsets (Unity frame):
  Source   : dSx=   0.000, dSy=   0.000, dSz=   0.000  (mm)
  Object   : dOx= -12.002, dOy=   2.997, dOz= -12.980  (mm)
  Object offset: offset_x=  -0.001, offset_z=   0.012  (mm)
  Detector : dDx=   0.000, dDy=   0.000, dDz=   0.000  (mm)
  Obj Stage rotY :    2.907 deg
============================================================

Unity geometry (world coordinates):
  Source   : x=   1.000, y=  46.000, z=   0.000
  Object   : x=  -0.002, y=  19.997, z= 570.020
  Detector : x=   0.000, y=  -2.000, z= 808.000
  Obj rotY :   0.0000 deg
view   0 | SOD= 570.625 mm | SDD= 809.425 mm | M= 1.418 | incident=3.4005°
[[  29.907846   -569.2471      -26.002832  ]
 [ -12.06462     237.66266      21.997168  ]
 [   0.14940752    0.00758623    0.        ]
 [   0.            0.            0.1496    ]]
Residual vector length: 108, Jacobian shape: (108, 6)
view   0 | SOD= 570.622 mm | SDD= 809.425 mm | M= 1.418 | incident=3.4005°
[[  29.913118   -569.24384     -26.00281   ]
 [ -12.063661    237.66565      21.99719   ]
 [   0.14940749    0.00758703    0.        ]
 [   0.            0.            0.1496    ]]

iter 31 cost=1.108755 -> 1.080585 |dtheta|=3.173767e-03  lambda=3.391e+03

============================================================
Iteration 32
============================================================
Theta offsets (Unity frame):
  Source   : dSx=   0.000, dSy=   0.000, dSz=   0.000  (mm)
  Object   : dOx= -12.002, dOy=   2.997, dOz= -12.981  (mm)
  Object offset: offset_x=  -0.003, offset_z=   0.010  (mm)
  Detector : dDx=   0.000, dDy=   0.000, dDz=   0.000  (mm)
  Obj Stage rotY :    2.907 deg
============================================================

Unity geometry (world coordinates):
  Source   : x=   1.000, y=  46.000, z=   0.000
  Object   : x=  -0.002, y=  19.997, z= 570.019
  Detector : x=   0.000, y=  -2.000, z= 808.000
  Obj rotY :   0.0000 deg
view   0 | SOD= 570.622 mm | SDD= 809.425 mm | M= 1.418 | incident=3.4005°
[[  29.913118   -569.24384     -26.00281   ]
 [ -12.063661    237.66565      21.99719   ]
 [   0.14940749    0.00758703    0.        ]
 [   0.            0.            0.1496    ]]
Residual vector length: 108, Jacobian shape: (108, 6)
view   0 | SOD= 570.619 mm | SDD= 809.425 mm | M= 1.419 | incident=3.4005°
[[  29.923208   -569.23987     -26.002438  ]
 [ -12.068278    237.6689       21.997562  ]
 [   0.14940734    0.00758975    0.        ]
 [   0.            0.            0.1496    ]]

iter 32 cost=1.080585 -> 1.148136 |dtheta|=2.729201e-03  lambda=1.130e+03

============================================================
Iteration 33
============================================================
Theta offsets (Unity frame):
  Source   : dSx=   0.000, dSy=   0.000, dSz=   0.000  (mm)
  Object   : dOx= -12.002, dOy=   2.997, dOz= -12.981  (mm)
  Object offset: offset_x=  -0.003, offset_z=   0.010  (mm)
  Detector : dDx=   0.000, dDy=   0.000, dDz=   0.000  (mm)
  Obj Stage rotY :    2.907 deg
============================================================

Unity geometry (world coordinates):
  Source   : x=   1.000, y=  46.000, z=   0.000
  Object   : x=  -0.002, y=  19.997, z= 570.019
  Detector : x=   0.000, y=  -2.000, z= 808.000
  Obj rotY :   0.0000 deg
view   0 | SOD= 570.622 mm | SDD= 809.425 mm | M= 1.418 | incident=3.4005°
[[  29.913118   -569.24384     -26.00281   ]
 [ -12.063661    237.66565      21.99719   ]
 [   0.14940749    0.00758703    0.        ]
 [   0.            0.            0.1496    ]]
Residual vector length: 108, Jacobian shape: (108, 6)
view   0 | SOD= 570.621 mm | SDD= 809.425 mm | M= 1.418 | incident=3.4005°
[[  29.915081   -569.24255     -26.002708  ]
 [ -12.064607    237.66682      21.997292  ]
 [   0.14940746    0.00758757    0.        ]
 [   0.            0.            0.1496    ]]

iter 33 cost=1.080585 -> 1.147269 |dtheta|=9.713946e-04  lambda=5.651e+03

============================================================
Iteration 34
============================================================
Theta offsets (Unity frame):
  Source   : dSx=   0.000, dSy=   0.000, dSz=   0.000  (mm)
  Object   : dOx= -12.002, dOy=   2.997, dOz= -12.981  (mm)
  Object offset: offset_x=  -0.003, offset_z=   0.010  (mm)
  Detector : dDx=   0.000, dDy=   0.000, dDz=   0.000  (mm)
  Obj Stage rotY :    2.907 deg
============================================================

Unity geometry (world coordinates):
  Source   : x=   1.000, y=  46.000, z=   0.000
  Object   : x=  -0.002, y=  19.997, z= 570.019
  Detector : x=   0.000, y=  -2.000, z= 808.000
  Obj rotY :   0.0000 deg
view   0 | SOD= 570.622 mm | SDD= 809.425 mm | M= 1.418 | incident=3.4005°
[[  29.913118   -569.24384     -26.00281   ]
 [ -12.063661    237.66565      21.99719   ]
 [   0.14940749    0.00758703    0.        ]
 [   0.            0.            0.1496    ]]
Residual vector length: 108, Jacobian shape: (108, 6)
view   0 | SOD= 570.622 mm | SDD= 809.425 mm | M= 1.418 | incident=3.4005°
[[  29.913506   -569.2436      -26.002789  ]
 [ -12.063847    237.66588      21.997211  ]
 [   0.14940748    0.00758713    0.        ]
 [   0.            0.            0.1496    ]]

iter 34 cost=1.080585 -> 1.099032 |dtheta|=2.515937e-04  lambda=2.826e+04

============================================================
Iteration 35
============================================================
Theta offsets (Unity frame):
  Source   : dSx=   0.000, dSy=   0.000, dSz=   0.000  (mm)
  Object   : dOx= -12.002, dOy=   2.997, dOz= -12.981  (mm)
  Object offset: offset_x=  -0.003, offset_z=   0.010  (mm)
  Detector : dDx=   0.000, dDy=   0.000, dDz=   0.000  (mm)
  Obj Stage rotY :    2.907 deg
============================================================

Unity geometry (world coordinates):
  Source   : x=   1.000, y=  46.000, z=   0.000
  Object   : x=  -0.002, y=  19.997, z= 570.019
  Detector : x=   0.000, y=  -2.000, z= 808.000
  Obj rotY :   0.0000 deg
view   0 | SOD= 570.622 mm | SDD= 809.425 mm | M= 1.418 | incident=3.4005°
[[  29.913118   -569.24384     -26.00281   ]
 [ -12.063661    237.66565      21.99719   ]
 [   0.14940749    0.00758703    0.        ]
 [   0.            0.            0.1496    ]]
Residual vector length: 108, Jacobian shape: (108, 6)
view   0 | SOD= 570.622 mm | SDD= 809.425 mm | M= 1.418 | incident=3.4005°
[[  29.913197   -569.24384     -26.002804  ]
 [ -12.063696    237.66565      21.997196  ]
 [   0.14940749    0.00758705    0.        ]
 [   0.            0.            0.1496    ]]

iter 35 cost=1.080585 -> 1.092723 |dtheta|=5.372062e-05  lambda=1.413e+05

============================================================
Iteration 36
============================================================
Theta offsets (Unity frame):
  Source   : dSx=   0.000, dSy=   0.000, dSz=   0.000  (mm)
  Object   : dOx= -12.002, dOy=   2.997, dOz= -12.981  (mm)
  Object offset: offset_x=  -0.003, offset_z=   0.010  (mm)
  Detector : dDx=   0.000, dDy=   0.000, dDz=   0.000  (mm)
  Obj Stage rotY :    2.907 deg
============================================================

Unity geometry (world coordinates):
  Source   : x=   1.000, y=  46.000, z=   0.000
  Object   : x=  -0.002, y=  19.997, z= 570.019
  Detector : x=   0.000, y=  -2.000, z= 808.000
  Obj rotY :   0.0000 deg
view   0 | SOD= 570.622 mm | SDD= 809.425 mm | M= 1.418 | incident=3.4005°
[[  29.913118   -569.24384     -26.00281   ]
 [ -12.063661    237.66565      21.99719   ]
 [   0.14940749    0.00758703    0.        ]
 [   0.            0.            0.1496    ]]
Residual vector length: 108, Jacobian shape: (108, 6)
view   0 | SOD= 570.622 mm | SDD= 809.425 mm | M= 1.418 | incident=3.4005°
[[  29.913134   -569.24384     -26.002808  ]
 [ -12.063668    237.66565      21.997192  ]
 [   0.14940749    0.00758703    0.        ]
 [   0.            0.            0.1496    ]]

iter 36 cost=1.080585 -> 1.080585 |dtheta|=1.089346e-05  lambda=7.064e+05

============================================================
Iteration 37
============================================================
Theta offsets (Unity frame):
  Source   : dSx=   0.000, dSy=   0.000, dSz=   0.000  (mm)
  Object   : dOx= -12.002, dOy=   2.997, dOz= -12.981  (mm)
  Object offset: offset_x=  -0.003, offset_z=   0.010  (mm)
  Detector : dDx=   0.000, dDy=   0.000, dDz=   0.000  (mm)
  Obj Stage rotY :    2.907 deg
============================================================

Unity geometry (world coordinates):
  Source   : x=   1.000, y=  46.000, z=   0.000
  Object   : x=  -0.002, y=  19.997, z= 570.019
  Detector : x=   0.000, y=  -2.000, z= 808.000
  Obj rotY :   0.0000 deg
view   0 | SOD= 570.622 mm | SDD= 809.425 mm | M= 1.418 | incident=3.4005°
[[  29.913118   -569.24384     -26.00281   ]
 [ -12.063661    237.66565      21.99719   ]
 [   0.14940749    0.00758703    0.        ]
 [   0.            0.            0.1496    ]]
Residual vector length: 108, Jacobian shape: (108, 6)
view   0 | SOD= 570.622 mm | SDD= 809.425 mm | M= 1.418 | incident=3.4005°
[[  29.913128   -569.24384     -26.002808  ]
 [ -12.063666    237.66565      21.997192  ]
 [   0.14940749    0.00758703    0.        ]
 [   0.            0.            0.1496    ]]

iter 37 cost=1.080585 -> 1.080585 |dtheta|=7.703298e-06  lambda=1.000e+06

============================================================
Iteration 38
============================================================
Theta offsets (Unity frame):
  Source   : dSx=   0.000, dSy=   0.000, dSz=   0.000  (mm)
  Object   : dOx= -12.002, dOy=   2.997, dOz= -12.981  (mm)
  Object offset: offset_x=  -0.003, offset_z=   0.010  (mm)
  Detector : dDx=   0.000, dDy=   0.000, dDz=   0.000  (mm)
  Obj Stage rotY :    2.907 deg
============================================================

Unity geometry (world coordinates):
  Source   : x=   1.000, y=  46.000, z=   0.000
  Object   : x=  -0.002, y=  19.997, z= 570.019
  Detector : x=   0.000, y=  -2.000, z= 808.000
  Obj rotY :   0.0000 deg
view   0 | SOD= 570.622 mm | SDD= 809.425 mm | M= 1.418 | incident=3.4005°
[[  29.913118   -569.24384     -26.00281   ]
 [ -12.063661    237.66565      21.99719   ]
 [   0.14940749    0.00758703    0.        ]
 [   0.            0.            0.1496    ]]
Residual vector length: 108, Jacobian shape: (108, 6)
view   0 | SOD= 570.622 mm | SDD= 809.425 mm | M= 1.418 | incident=3.4005°
[[  29.913128   -569.24384     -26.002808  ]
 [ -12.063666    237.66565      21.997192  ]
 [   0.14940749    0.00758703    0.        ]
 [   0.            0.            0.1496    ]]

iter 38 cost=1.080585 -> 1.080585 |dtheta|=7.703298e-06  lambda=1.000e+06

============================================================
Iteration 39
============================================================
Theta offsets (Unity frame):
  Source   : dSx=   0.000, dSy=   0.000, dSz=   0.000  (mm)
  Object   : dOx= -12.002, dOy=   2.997, dOz= -12.981  (mm)
  Object offset: offset_x=  -0.003, offset_z=   0.010  (mm)
  Detector : dDx=   0.000, dDy=   0.000, dDz=   0.000  (mm)
  Obj Stage rotY :    2.907 deg
============================================================

Unity geometry (world coordinates):
  Source   : x=   1.000, y=  46.000, z=   0.000
  Object   : x=  -0.002, y=  19.997, z= 570.019
  Detector : x=   0.000, y=  -2.000, z= 808.000
  Obj rotY :   0.0000 deg
view   0 | SOD= 570.622 mm | SDD= 809.425 mm | M= 1.418 | incident=3.4005°
[[  29.913118   -569.24384     -26.00281   ]
 [ -12.063661    237.66565      21.99719   ]
 [   0.14940749    0.00758703    0.        ]
 [   0.            0.            0.1496    ]]
Residual vector length: 108, Jacobian shape: (108, 6)
view   0 | SOD= 570.622 mm | SDD= 809.425 mm | M= 1.418 | incident=3.4005°
[[  29.913128   -569.24384     -26.002808  ]
 [ -12.063666    237.66565      21.997192  ]
 [   0.14940749    0.00758703    0.        ]
 [   0.            0.            0.1496    ]]

iter 39 cost=1.080585 -> 1.080585 |dtheta|=7.703298e-06  lambda=1.000e+06

============================================================
Iteration 40
============================================================
Theta offsets (Unity frame):
  Source   : dSx=   0.000, dSy=   0.000, dSz=   0.000  (mm)
  Object   : dOx= -12.002, dOy=   2.997, dOz= -12.981  (mm)
  Object offset: offset_x=  -0.003, offset_z=   0.010  (mm)
  Detector : dDx=   0.000, dDy=   0.000, dDz=   0.000  (mm)
  Obj Stage rotY :    2.907 deg
============================================================

Unity geometry (world coordinates):
  Source   : x=   1.000, y=  46.000, z=   0.000
  Object   : x=  -0.002, y=  19.997, z= 570.019
  Detector : x=   0.000, y=  -2.000, z= 808.000
  Obj rotY :   0.0000 deg
view   0 | SOD= 570.622 mm | SDD= 809.425 mm | M= 1.418 | incident=3.4005°
[[  29.913118   -569.24384     -26.00281   ]
 [ -12.063661    237.66565      21.99719   ]
 [   0.14940749    0.00758703    0.        ]
 [   0.            0.            0.1496    ]]
Residual vector length: 108, Jacobian shape: (108, 6)
view   0 | SOD= 570.622 mm | SDD= 809.425 mm | M= 1.418 | incident=3.4005°
[[  29.913128   -569.24384     -26.002808  ]
 [ -12.063666    237.66565      21.997192  ]
 [   0.14940749    0.00758703    0.        ]
 [   0.            0.            0.1496    ]]

iter 40 cost=1.080585 -> 1.080585 |dtheta|=7.703298e-06  lambda=1.000e+06

============================================================
Iteration 41
============================================================
Theta offsets (Unity frame):
  Source   : dSx=   0.000, dSy=   0.000, dSz=   0.000  (mm)
  Object   : dOx= -12.002, dOy=   2.997, dOz= -12.981  (mm)
  Object offset: offset_x=  -0.003, offset_z=   0.010  (mm)
  Detector : dDx=   0.000, dDy=   0.000, dDz=   0.000  (mm)
  Obj Stage rotY :    2.907 deg
============================================================

Unity geometry (world coordinates):
  Source   : x=   1.000, y=  46.000, z=   0.000
  Object   : x=  -0.002, y=  19.997, z= 570.019
  Detector : x=   0.000, y=  -2.000, z= 808.000
  Obj rotY :   0.0000 deg
view   0 | SOD= 570.622 mm | SDD= 809.425 mm | M= 1.418 | incident=3.4005°
[[  29.913118   -569.24384     -26.00281   ]
 [ -12.063661    237.66565      21.99719   ]
 [   0.14940749    0.00758703    0.        ]
 [   0.            0.            0.1496    ]]
Residual vector length: 108, Jacobian shape: (108, 6)
view   0 | SOD= 570.622 mm | SDD= 809.425 mm | M= 1.418 | incident=3.4005°
[[  29.913128   -569.24384     -26.002808  ]
 [ -12.063666    237.66565      21.997192  ]
 [   0.14940749    0.00758703    0.        ]
 [   0.            0.            0.1496    ]]

iter 41 cost=1.080585 -> 1.080585 |dtheta|=7.703298e-06  lambda=1.000e+06

============================================================
Iteration 42
============================================================
Theta offsets (Unity frame):
  Source   : dSx=   0.000, dSy=   0.000, dSz=   0.000  (mm)
  Object   : dOx= -12.002, dOy=   2.997, dOz= -12.981  (mm)
  Object offset: offset_x=  -0.003, offset_z=   0.010  (mm)
  Detector : dDx=   0.000, dDy=   0.000, dDz=   0.000  (mm)
  Obj Stage rotY :    2.907 deg
============================================================

Unity geometry (world coordinates):
  Source   : x=   1.000, y=  46.000, z=   0.000
  Object   : x=  -0.002, y=  19.997, z= 570.019
  Detector : x=   0.000, y=  -2.000, z= 808.000
  Obj rotY :   0.0000 deg
view   0 | SOD= 570.622 mm | SDD= 809.425 mm | M= 1.418 | incident=3.4005°
[[  29.913118   -569.24384     -26.00281   ]
 [ -12.063661    237.66565      21.99719   ]
 [   0.14940749    0.00758703    0.        ]
 [   0.            0.            0.1496    ]]
Residual vector length: 108, Jacobian shape: (108, 6)
view   0 | SOD= 570.622 mm | SDD= 809.425 mm | M= 1.418 | incident=3.4005°
[[  29.913128   -569.24384     -26.002808  ]
 [ -12.063666    237.66565      21.997192  ]
 [   0.14940749    0.00758703    0.        ]
 [   0.            0.            0.1496    ]]

iter 42 cost=1.080585 -> 1.080585 |dtheta|=7.703298e-06  lambda=1.000e+06

============================================================
Iteration 43
============================================================
Theta offsets (Unity frame):
  Source   : dSx=   0.000, dSy=   0.000, dSz=   0.000  (mm)
  Object   : dOx= -12.002, dOy=   2.997, dOz= -12.981  (mm)
  Object offset: offset_x=  -0.003, offset_z=   0.010  (mm)
  Detector : dDx=   0.000, dDy=   0.000, dDz=   0.000  (mm)
  Obj Stage rotY :    2.907 deg
============================================================

Unity geometry (world coordinates):
  Source   : x=   1.000, y=  46.000, z=   0.000
  Object   : x=  -0.002, y=  19.997, z= 570.019
  Detector : x=   0.000, y=  -2.000, z= 808.000
  Obj rotY :   0.0000 deg
view   0 | SOD= 570.622 mm | SDD= 809.425 mm | M= 1.418 | incident=3.4005°
[[  29.913118   -569.24384     -26.00281   ]
 [ -12.063661    237.66565      21.99719   ]
 [   0.14940749    0.00758703    0.        ]
 [   0.            0.            0.1496    ]]
Residual vector length: 108, Jacobian shape: (108, 6)
view   0 | SOD= 570.622 mm | SDD= 809.425 mm | M= 1.418 | incident=3.4005°
[[  29.913128   -569.24384     -26.002808  ]
 [ -12.063666    237.66565      21.997192  ]
 [   0.14940749    0.00758703    0.        ]
 [   0.            0.            0.1496    ]]

iter 43 cost=1.080585 -> 1.080585 |dtheta|=7.703298e-06  lambda=1.000e+06
Stalled.

Estimated theta:
  dSx: +0.000000
  dSy: +0.000000
  dOx: -12.001784
  dOy: +2.997191
  dOz: -12.981142
  dDx: +0.000000
  dDy: +0.000000
  dDz: +0.000000
alpha: +2.907027e+00 deg)
offset_x: -0.003394
offset_z: +0.009549

Final cost table:
Fake theta: [  0.    0.  -12.    3.  -13.    0.    0.    0.    3.3   0.    0. ]
Final estimated theta: [  0.           0.         -12.00178397   2.99719114 -12.98114152
   0.           0.           0.           2.90702704  -0.00339386
   0.00954861]
Diff from Expected: [ 0.          0.         -0.00178397 -0.00280886  0.01885848  0.
  0.          0.         -0.39297291 -0.00339386  0.00954861]
################################################################################

