Phantom already exists, skipping: cuboid_phantom_3_small.npy

################################################################################
Running cuboid=small scenario=G1 N_ANGLES=24, K=3
view   0 | SOD= 570.551 mm | SDD= 705.315 mm | M= 1.236 | incident=3.4990°
[[  81.309204  -564.17444    -25.       ]
 [ -18.649195   132.69592     18.       ]
 [   0.1481441    0.0208203    0.       ]
 [   0.           0.           0.1496   ]]
           image          x1          y1  area1          x2          y2  area2          x3          y3  area3
0   proj_000.png  523.993573  159.068123    778  426.012212  295.618725    737  524.006427  443.721080    778
1   proj_001.png  505.201521  159.134347    789  444.537736  295.191375    742  505.282472  444.484237    793
2   proj_002.png  484.171934  159.230088    791  464.865047  295.000000    741  484.121827  444.895939    788
3   proj_003.png  462.500000  159.294710    794  485.840970  294.970350    742  462.482412  444.796482    796
4   proj_004.png  441.581013  159.210127    790  506.081769  295.211796    746  441.593199  444.411839    794
5   proj_005.png  423.105128  159.046154    780  524.263514  295.660811    740  423.039693  443.622279    781
6   proj_006.png  408.273316  158.861399    772  539.118758  296.299595    741  408.258065  442.469677    775
7   proj_007.png  398.000000  158.581152    764  549.750000  297.129679    748  398.067885  441.122715    766
8   proj_008.png  393.067194  158.245059    759  555.265604  298.033201    753  393.065876  439.549407    759
9   proj_009.png  393.662234  157.982713    752  555.407359  298.980289    761  393.684768  437.984106    755
10  proj_010.png  399.845430  157.697581    744  549.923984  299.912189    763  399.861745  436.496644    745
11  proj_011.png  410.796221  157.419703    741  539.148387  300.748387    775  410.797315  435.161074    745
12  proj_012.png  426.082656  157.193767    738  524.000000  301.388175    778  426.087601  434.076819    742
13  proj_013.png  444.510782  157.025606    742  505.190114  301.891001    789  444.488498  433.319350    739
14  proj_014.png  464.876011  157.017520    742  484.154235  302.065740    791  464.885599  432.959623    743
15  proj_015.png  485.824087  157.000000    739  462.515763  302.143758    793  485.836707  432.950067    741
16  proj_016.png  506.024161  157.059060    745  441.565272  301.831432    789  506.087483  433.375505    743
17  proj_017.png  524.255405  157.195946    740  423.042362  301.304236    779  524.237197  434.091644    742
18  proj_018.png  539.123989  157.420485    742  408.238710  300.704516    775  539.095559  435.195155    743
19  proj_019.png  549.737617  157.708166    747  397.976440  299.810209    764  549.755705  436.551678    745
20  proj_020.png  555.286093  158.000000    755  393.070013  298.900925    757  555.242021  438.077128    752
21  proj_021.png  555.356764  158.209549    754  393.673307  298.000000    753  555.293651  439.706349    756
22  proj_022.png  549.952818  158.600262    763  399.882195  297.042838    747  549.903646  441.162760    768
23  proj_023.png  539.193506  158.859740    770  410.829071  296.283984    743  539.125000  442.559278    776

============================================================
Iteration 0
============================================================
Theta offsets (Unity frame):
  Source   : dSx=   0.000, dSy=   0.000, dSz=   0.000  (mm)
  Object   : dOx=   0.000, dOy=   0.000, dOz=   0.000  (mm)
  Object offset: offset_x=   0.000, offset_z=   0.000  (mm)
  Detector : dDx=   0.000, dDy=   0.000, dDz=   0.000  (mm)
  Obj Stage rotY :    0.000 deg
============================================================

Unity geometry (world coordinates):
  Source   : x=   2.000, y=  45.000, z=   0.000
  Object   : x=   6.000, y=  18.000, z= 585.000
  Detector : x=   0.000, y=   2.000, z= 704.000
  Obj rotY :   0.0000 deg
view   0 | SOD= 585.636 mm | SDD= 705.315 mm | M= 1.204 | incident=3.4990°
[[  -4.     -585.      -27.    ]
 [  -6.      119.       16.    ]
 [   0.1496    0.        0.    ]
 [   0.        0.        0.1496]]
Residual vector length: 216, Jacobian shape: (216, 6)
view   0 | SOD= 578.885 mm | SDD= 705.315 mm | M= 1.218 | incident=3.4990°
[[  46.546555   -576.45276     -25.371384  ]
 [  -9.600943    125.307495     17.628616  ]
 [   0.14915675    0.0115076     0.        ]
 [   0.            0.            0.1496    ]]

iter 00 cost=95288.326302 -> 1299.207239 |dtheta|=1.005904e+01  lambda=1.000e-02

============================================================
Iteration 1
============================================================
Theta offsets (Unity frame):
  Source   : dSx=   0.000, dSy=   0.000, dSz=   0.000  (mm)
  Object   : dOx=  -6.017, dOy=   1.629, dOz=  -6.546  (mm)
  Object offset: offset_x=  -0.050, offset_z=  -0.129  (mm)
  Detector : dDx=   0.000, dDy=   0.000, dDz=   0.000  (mm)
  Obj Stage rotY :    4.412 deg
============================================================

Unity geometry (world coordinates):
  Source   : x=   2.000, y=  45.000, z=   0.000
  Object   : x=  -0.017, y=  19.629, z= 578.454
  Detector : x=   0.000, y=   2.000, z= 704.000
  Obj rotY :   0.0000 deg
view   0 | SOD= 578.885 mm | SDD= 705.315 mm | M= 1.218 | incident=3.4990°
[[  46.546555   -576.45276     -25.371384  ]
 [  -9.600943    125.307495     17.628616  ]
 [   0.14915675    0.0115076     0.        ]
 [   0.            0.            0.1496    ]]
Residual vector length: 216, Jacobian shape: (216, 6)
view   0 | SOD= 574.307 mm | SDD= 705.315 mm | M= 1.228 | incident=3.4990°
[[  64.19116    -570.15094     -25.210396  ]
 [ -13.949008    129.50192      17.789604  ]
 [   0.1487222     0.01618228    0.        ]
 [   0.            0.            0.1496    ]]

iter 01 cost=1299.207239 -> 293.978417 |dtheta|=5.029797e+00  lambda=3.333e-03

============================================================
Iteration 2
============================================================
Theta offsets (Unity frame):
  Source   : dSx=   0.000, dSy=   0.000, dSz=   0.000  (mm)
  Object   : dOx=  -6.010, dOy=   1.790, dOz= -11.238  (mm)
  Object offset: offset_x=  -0.131, offset_z=  -0.013  (mm)
  Detector : dDx=   0.000, dDy=   0.000, dDz=   0.000  (mm)
  Obj Stage rotY :    6.210 deg
============================================================

Unity geometry (world coordinates):
  Source   : x=   2.000, y=  45.000, z=   0.000
  Object   : x=  -0.010, y=  19.790, z= 573.762
  Detector : x=   0.000, y=   2.000, z= 704.000
  Obj rotY :   0.0000 deg
view   0 | SOD= 574.307 mm | SDD= 705.315 mm | M= 1.228 | incident=3.4990°
[[  64.19116    -570.15094     -25.210396  ]
 [ -13.949008    129.50192      17.789604  ]
 [   0.1487222     0.01618228    0.        ]
 [   0.            0.            0.1496    ]]
Residual vector length: 216, Jacobian shape: (216, 6)
view   0 | SOD= 572.186 mm | SDD= 705.315 mm | M= 1.233 | incident=3.4990°
[[  70.055595   -567.32806     -25.06282   ]
 [ -15.676291    131.43517      17.93718   ]
 [   0.14853774    0.01779605    0.        ]
 [   0.            0.            0.1496    ]]

iter 02 cost=293.978417 -> 92.765458 |dtheta|=2.261717e+00  lambda=1.111e-03

============================================================
Iteration 3
============================================================
Theta offsets (Unity frame):
  Source   : dSx=   0.000, dSy=   0.000, dSz=   0.000  (mm)
  Object   : dOx=  -6.011, dOy=   1.937, dOz= -13.406  (mm)
  Object offset: offset_x=  -0.059, offset_z=   0.039  (mm)
  Detector : dDx=   0.000, dDy=   0.000, dDz=   0.000  (mm)
  Obj Stage rotY :    6.832 deg
============================================================

Unity geometry (world coordinates):
  Source   : x=   2.000, y=  45.000, z=   0.000
  Object   : x=  -0.011, y=  19.937, z= 571.594
  Detector : x=   0.000, y=   2.000, z= 704.000
  Obj rotY :   0.0000 deg
view   0 | SOD= 572.186 mm | SDD= 705.315 mm | M= 1.233 | incident=3.4990°
[[  70.055595   -567.32806     -25.06282   ]
 [ -15.676291    131.43517      17.93718   ]
 [   0.14853774    0.01779605    0.        ]
 [   0.            0.            0.1496    ]]
Residual vector length: 216, Jacobian shape: (216, 6)
view   0 | SOD= 571.364 mm | SDD= 705.315 mm | M= 1.234 | incident=3.4990°
[[  74.25653    -565.9647      -25.032246  ]
 [ -16.819395    132.12209      17.967754  ]
 [   0.14839722    0.01893205    0.        ]
 [   0.            0.            0.1496    ]]

iter 03 cost=92.765458 -> 33.971665 |dtheta|=9.240528e-01  lambda=3.704e-04

============================================================
Iteration 4
============================================================
Theta offsets (Unity frame):
  Source   : dSx=   0.000, dSy=   0.000, dSz=   0.000  (mm)
  Object   : dOx=  -6.008, dOy=   1.968, dOz= -14.218  (mm)
  Object offset: offset_x=  -0.028, offset_z=   0.030  (mm)
  Detector : dDx=   0.000, dDy=   0.000, dDz=   0.000  (mm)
  Obj Stage rotY :    7.270 deg
============================================================

Unity geometry (world coordinates):
  Source   : x=   2.000, y=  45.000, z=   0.000
  Object   : x=  -0.008, y=  19.968, z= 570.782
  Detector : x=   0.000, y=   2.000, z= 704.000
  Obj rotY :   0.0000 deg
view   0 | SOD= 571.364 mm | SDD= 705.315 mm | M= 1.234 | incident=3.4990°
[[  74.25653    -565.9647      -25.032246  ]
 [ -16.819395    132.12209      17.967754  ]
 [   0.14839722    0.01893205    0.        ]
 [   0.            0.            0.1496    ]]
Residual vector length: 216, Jacobian shape: (216, 6)
view   0 | SOD= 570.712 mm | SDD= 705.315 mm | M= 1.236 | incident=3.4990°
[[  77.03705    -564.93555     -25.008945  ]
 [ -17.583466    132.67967      17.991055  ]
 [   0.14829916    0.01968555    0.        ]
 [   0.            0.            0.1496    ]]

iter 04 cost=33.971665 -> 11.660863 |dtheta|=6.943713e-01  lambda=1.235e-04

============================================================
Iteration 5
============================================================
Theta offsets (Unity frame):
  Source   : dSx=   0.000, dSy=   0.000, dSz=   0.000  (mm)
  Object   : dOx=  -6.004, dOy=   1.991, dOz= -14.848  (mm)
  Object offset: offset_x=  -0.024, offset_z=   0.008  (mm)
  Detector : dDx=   0.000, dDy=   0.000, dDz=   0.000  (mm)
  Obj Stage rotY :    7.561 deg
============================================================

Unity geometry (world coordinates):
  Source   : x=   2.000, y=  45.000, z=   0.000
  Object   : x=  -0.004, y=  19.991, z= 570.152
  Detector : x=   0.000, y=   2.000, z= 704.000
  Obj rotY :   0.0000 deg
view   0 | SOD= 570.712 mm | SDD= 705.315 mm | M= 1.236 | incident=3.4990°
[[  77.03705    -564.93555     -25.008945  ]
 [ -17.583466    132.67967      17.991055  ]
 [   0.14829916    0.01968555    0.        ]
 [   0.            0.            0.1496    ]]
Residual vector length: 216, Jacobian shape: (216, 6)
view   0 | SOD= 570.627 mm | SDD= 705.315 mm | M= 1.236 | incident=3.4990°
[[  78.85268    -564.5991      -25.00231   ]
 [ -18.037954    132.70438      17.99769   ]
 [   0.1482343     0.02016814    0.        ]
 [   0.            0.            0.1496    ]]

iter 05 cost=11.660863 -> 4.315979 |dtheta|=2.054545e-01  lambda=4.115e-05

============================================================
Iteration 6
============================================================
Theta offsets (Unity frame):
  Source   : dSx=   0.000, dSy=   0.000, dSz=   0.000  (mm)
  Object   : dOx=  -6.007, dOy=   1.998, dOz= -14.933  (mm)
  Object offset: offset_x=  -0.011, offset_z=   0.008  (mm)
  Detector : dDx=   0.000, dDy=   0.000, dDz=   0.000  (mm)
  Obj Stage rotY :    7.748 deg
============================================================

Unity geometry (world coordinates):
  Source   : x=   2.000, y=  45.000, z=   0.000
  Object   : x=  -0.007, y=  19.998, z= 570.067
  Detector : x=   0.000, y=   2.000, z= 704.000
  Obj rotY :   0.0000 deg
view   0 | SOD= 570.627 mm | SDD= 705.315 mm | M= 1.236 | incident=3.4990°
[[  78.85268    -564.5991      -25.00231   ]
 [ -18.037954    132.70438      17.99769   ]
 [   0.1482343     0.02016814    0.        ]
 [   0.            0.            0.1496    ]]
Residual vector length: 216, Jacobian shape: (216, 6)
view   0 | SOD= 570.536 mm | SDD= 705.315 mm | M= 1.236 | incident=3.4990°
[[  79.92089    -564.3567      -25.001753  ]
 [ -18.318792    132.75809      17.998247  ]
 [   0.148195      0.02045492    0.        ]
 [   0.            0.            0.1496    ]]

iter 06 cost=4.315979 -> 1.617391 |dtheta|=1.408285e-01  lambda=1.372e-05

============================================================
Iteration 7
============================================================
Theta offsets (Unity frame):
  Source   : dSx=   0.000, dSy=   0.000, dSz=   0.000  (mm)
  Object   : dOx=  -6.001, dOy=   1.998, dOz= -15.019  (mm)
  Object offset: offset_x=  -0.004, offset_z=   0.003  (mm)
  Detector : dDx=   0.000, dDy=   0.000, dDz=   0.000  (mm)
  Obj Stage rotY :    7.859 deg
============================================================

Unity geometry (world coordinates):
  Source   : x=   2.000, y=  45.000, z=   0.000
  Object   : x=  -0.001, y=  19.998, z= 569.981
  Detector : x=   0.000, y=   2.000, z= 704.000
  Obj rotY :   0.0000 deg
view   0 | SOD= 570.536 mm | SDD= 705.315 mm | M= 1.236 | incident=3.4990°
[[  79.92089    -564.3567      -25.001753  ]
 [ -18.318792    132.75809      17.998247  ]
 [   0.148195      0.02045492    0.        ]
 [   0.            0.            0.1496    ]]
Residual vector length: 216, Jacobian shape: (216, 6)
view   0 | SOD= 570.539 mm | SDD= 705.315 mm | M= 1.236 | incident=3.4990°
[[  80.51941    -564.2752      -25.00008   ]
 [ -18.460337    132.73483      17.99992   ]
 [   0.1481732     0.02061225    0.        ]
 [   0.            0.            0.1496    ]]

iter 07 cost=1.617391 -> 0.911513 |dtheta|=6.092487e-02  lambda=4.572e-06

============================================================
Iteration 8
============================================================
Theta offsets (Unity frame):
  Source   : dSx=   0.000, dSy=   0.000, dSz=   0.000  (mm)
  Object   : dOx=  -6.001, dOy=   2.000, dOz= -15.017  (mm)
  Object offset: offset_x=  -0.003, offset_z=   0.004  (mm)
  Detector : dDx=   0.000, dDy=   0.000, dDz=   0.000  (mm)
  Obj Stage rotY :    7.920 deg
============================================================

Unity geometry (world coordinates):
  Source   : x=   2.000, y=  45.000, z=   0.000
  Object   : x=  -0.001, y=  20.000, z= 569.983
  Detector : x=   0.000, y=   2.000, z= 704.000
  Obj rotY :   0.0000 deg
view   0 | SOD= 570.539 mm | SDD= 705.315 mm | M= 1.236 | incident=3.4990°
[[  80.51941    -564.2752      -25.00008   ]
 [ -18.460337    132.73483      17.99992   ]
 [   0.1481732     0.02061225    0.        ]
 [   0.            0.            0.1496    ]]
Residual vector length: 216, Jacobian shape: (216, 6)
view   0 | SOD= 570.511 mm | SDD= 705.315 mm | M= 1.236 | incident=3.4990°
[[  81.008484   -564.17725     -24.999403  ]
 [ -18.576647    132.74658      18.000597  ]
 [   0.14815523    0.02074094    0.        ]
 [   0.            0.            0.1496    ]]

iter 08 cost=0.911513 -> 0.537061 |dtheta|=5.666611e-02  lambda=1.524e-06

============================================================
Iteration 9
============================================================
Theta offsets (Unity frame):
  Source   : dSx=   0.000, dSy=   0.000, dSz=   0.000  (mm)
  Object   : dOx=  -6.002, dOy=   2.001, dOz= -15.044  (mm)
  Object offset: offset_x=  -0.005, offset_z=   0.004  (mm)
  Detector : dDx=   0.000, dDy=   0.000, dDz=   0.000  (mm)
  Obj Stage rotY :    7.969 deg
============================================================

Unity geometry (world coordinates):
  Source   : x=   2.000, y=  45.000, z=   0.000
  Object   : x=  -0.002, y=  20.001, z= 569.956
  Detector : x=   0.000, y=   2.000, z= 704.000
  Obj rotY :   0.0000 deg
view   0 | SOD= 570.511 mm | SDD= 705.315 mm | M= 1.236 | incident=3.4990°
[[  81.008484   -564.17725     -24.999403  ]
 [ -18.576647    132.74658      18.000597  ]
 [   0.14815523    0.02074094    0.        ]
 [   0.            0.            0.1496    ]]
Residual vector length: 216, Jacobian shape: (216, 6)
view   0 | SOD= 570.516 mm | SDD= 705.315 mm | M= 1.236 | incident=3.4990°
[[  81.28526    -564.1419      -24.998783  ]
 [ -18.646044    132.73236      18.001217  ]
 [   0.14814492    0.02081454    0.        ]
 [   0.            0.            0.1496    ]]

iter 09 cost=0.537061 -> 0.442253 |dtheta|=2.927742e-02  lambda=1.000e-06

============================================================
Iteration 10
============================================================
Theta offsets (Unity frame):
  Source   : dSx=   0.000, dSy=   0.000, dSz=   0.000  (mm)
  Object   : dOx=  -6.001, dOy=   2.001, dOz= -15.038  (mm)
  Object offset: offset_x=  -0.002, offset_z=   0.002  (mm)
  Detector : dDx=   0.000, dDy=   0.000, dDz=   0.000  (mm)
  Obj Stage rotY :    7.998 deg
============================================================

Unity geometry (world coordinates):
  Source   : x=   2.000, y=  45.000, z=   0.000
  Object   : x=  -0.001, y=  20.001, z= 569.962
  Detector : x=   0.000, y=   2.000, z= 704.000
  Obj rotY :   0.0000 deg
view   0 | SOD= 570.516 mm | SDD= 705.315 mm | M= 1.236 | incident=3.4990°
[[  81.28526    -564.1419      -24.998783  ]
 [ -18.646044    132.73236      18.001217  ]
 [   0.14814492    0.02081454    0.        ]
 [   0.            0.            0.1496    ]]
Residual vector length: 216, Jacobian shape: (216, 6)
view   0 | SOD= 570.509 mm | SDD= 705.315 mm | M= 1.236 | incident=3.4990°
[[  81.44966    -564.11084     -24.99915   ]
 [ -18.686928    132.73395      18.00085   ]
 [   0.14813878    0.02085818    0.        ]
 [   0.            0.            0.1496    ]]

iter 10 cost=0.442253 -> 0.388290 |dtheta|=1.808376e-02  lambda=1.000e-06

============================================================
Iteration 11
============================================================
Theta offsets (Unity frame):
  Source   : dSx=   0.000, dSy=   0.000, dSz=   0.000  (mm)
  Object   : dOx=  -6.002, dOy=   2.001, dOz= -15.044  (mm)
  Object offset: offset_x=  -0.001, offset_z=   0.001  (mm)
  Detector : dDx=   0.000, dDy=   0.000, dDz=   0.000  (mm)
  Obj Stage rotY :    8.015 deg
============================================================

Unity geometry (world coordinates):
  Source   : x=   2.000, y=  45.000, z=   0.000
  Object   : x=  -0.002, y=  20.001, z= 569.956
  Detector : x=   0.000, y=   2.000, z= 704.000
  Obj rotY :   0.0000 deg
view   0 | SOD= 570.509 mm | SDD= 705.315 mm | M= 1.236 | incident=3.4990°
[[  81.44966    -564.11084     -24.99915   ]
 [ -18.686928    132.73395      18.00085   ]
 [   0.14813878    0.02085818    0.        ]
 [   0.            0.            0.1496    ]]
Residual vector length: 216, Jacobian shape: (216, 6)
view   0 | SOD= 570.492 mm | SDD= 705.315 mm | M= 1.236 | incident=3.4990°
[[  81.50478    -564.0858      -24.998247  ]
 [ -18.704166    132.7486       18.001753  ]
 [   0.1481366     0.02087356    0.        ]
 [   0.            0.            0.1496    ]]

iter 11 cost=0.388290 -> 0.403741 |dtheta|=1.722681e-02  lambda=1.000e-06

============================================================
Iteration 12
============================================================
Theta offsets (Unity frame):
  Source   : dSx=   0.000, dSy=   0.000, dSz=   0.000  (mm)
  Object   : dOx=  -6.002, dOy=   2.001, dOz= -15.044  (mm)
  Object offset: offset_x=  -0.001, offset_z=   0.001  (mm)
  Detector : dDx=   0.000, dDy=   0.000, dDz=   0.000  (mm)
  Obj Stage rotY :    8.015 deg
============================================================

Unity geometry (world coordinates):
  Source   : x=   2.000, y=  45.000, z=   0.000
  Object   : x=  -0.002, y=  20.001, z= 569.956
  Detector : x=   0.000, y=   2.000, z= 704.000
  Obj rotY :   0.0000 deg
view   0 | SOD= 570.509 mm | SDD= 705.315 mm | M= 1.236 | incident=3.4990°
[[  81.44966    -564.11084     -24.99915   ]
 [ -18.686928    132.73395      18.00085   ]
 [   0.14813878    0.02085818    0.        ]
 [   0.            0.            0.1496    ]]
Residual vector length: 216, Jacobian shape: (216, 6)
view   0 | SOD= 570.492 mm | SDD= 705.315 mm | M= 1.236 | incident=3.4990°
[[  81.50478    -564.0858      -24.998247  ]
 [ -18.704166    132.7486       18.001753  ]
 [   0.1481366     0.02087356    0.        ]
 [   0.            0.            0.1496    ]]

iter 12 cost=0.388290 -> 0.403741 |dtheta|=1.722681e-02  lambda=5.000e-06

============================================================
Iteration 13
============================================================
Theta offsets (Unity frame):
  Source   : dSx=   0.000, dSy=   0.000, dSz=   0.000  (mm)
  Object   : dOx=  -6.002, dOy=   2.001, dOz= -15.044  (mm)
  Object offset: offset_x=  -0.001, offset_z=   0.001  (mm)
  Detector : dDx=   0.000, dDy=   0.000, dDz=   0.000  (mm)
  Obj Stage rotY :    8.015 deg
============================================================

Unity geometry (world coordinates):
  Source   : x=   2.000, y=  45.000, z=   0.000
  Object   : x=  -0.002, y=  20.001, z= 569.956
  Detector : x=   0.000, y=   2.000, z= 704.000
  Obj rotY :   0.0000 deg
view   0 | SOD= 570.509 mm | SDD= 705.315 mm | M= 1.236 | incident=3.4990°
[[  81.44966    -564.11084     -24.99915   ]
 [ -18.686928    132.73395      18.00085   ]
 [   0.14813878    0.02085818    0.        ]
 [   0.            0.            0.1496    ]]
Residual vector length: 216, Jacobian shape: (216, 6)
view   0 | SOD= 570.492 mm | SDD= 705.315 mm | M= 1.236 | incident=3.4990°
[[  81.50478    -564.0858      -24.998247  ]
 [ -18.704166    132.7486       18.001753  ]
 [   0.1481366     0.02087356    0.        ]
 [   0.            0.            0.1496    ]]

iter 13 cost=0.388290 -> 0.403741 |dtheta|=1.722679e-02  lambda=2.500e-05

============================================================
Iteration 14
============================================================
Theta offsets (Unity frame):
  Source   : dSx=   0.000, dSy=   0.000, dSz=   0.000  (mm)
  Object   : dOx=  -6.002, dOy=   2.001, dOz= -15.044  (mm)
  Object offset: offset_x=  -0.001, offset_z=   0.001  (mm)
  Detector : dDx=   0.000, dDy=   0.000, dDz=   0.000  (mm)
  Obj Stage rotY :    8.015 deg
============================================================

Unity geometry (world coordinates):
  Source   : x=   2.000, y=  45.000, z=   0.000
  Object   : x=  -0.002, y=  20.001, z= 569.956
  Detector : x=   0.000, y=   2.000, z= 704.000
  Obj rotY :   0.0000 deg
view   0 | SOD= 570.509 mm | SDD= 705.315 mm | M= 1.236 | incident=3.4990°
[[  81.44966    -564.11084     -24.99915   ]
 [ -18.686928    132.73395      18.00085   ]
 [   0.14813878    0.02085818    0.        ]
 [   0.            0.            0.1496    ]]
Residual vector length: 216, Jacobian shape: (216, 6)
view   0 | SOD= 570.492 mm | SDD= 705.315 mm | M= 1.236 | incident=3.4990°
[[  81.50478    -564.0858      -24.998247  ]
 [ -18.704166    132.7486       18.001753  ]
 [   0.1481366     0.02087356    0.        ]
 [   0.            0.            0.1496    ]]

iter 14 cost=0.388290 -> 0.403741 |dtheta|=1.722672e-02  lambda=1.250e-04

============================================================
Iteration 15
============================================================
Theta offsets (Unity frame):
  Source   : dSx=   0.000, dSy=   0.000, dSz=   0.000  (mm)
  Object   : dOx=  -6.002, dOy=   2.001, dOz= -15.044  (mm)
  Object offset: offset_x=  -0.001, offset_z=   0.001  (mm)
  Detector : dDx=   0.000, dDy=   0.000, dDz=   0.000  (mm)
  Obj Stage rotY :    8.015 deg
============================================================

Unity geometry (world coordinates):
  Source   : x=   2.000, y=  45.000, z=   0.000
  Object   : x=  -0.002, y=  20.001, z= 569.956
  Detector : x=   0.000, y=   2.000, z= 704.000
  Obj rotY :   0.0000 deg
view   0 | SOD= 570.509 mm | SDD= 705.315 mm | M= 1.236 | incident=3.4990°
[[  81.44966    -564.11084     -24.99915   ]
 [ -18.686928    132.73395      18.00085   ]
 [   0.14813878    0.02085818    0.        ]
 [   0.            0.            0.1496    ]]
Residual vector length: 216, Jacobian shape: (216, 6)
view   0 | SOD= 570.492 mm | SDD= 705.315 mm | M= 1.236 | incident=3.4990°
[[  81.50478    -564.0858      -24.998247  ]
 [ -18.704166    132.7486       18.001753  ]
 [   0.1481366     0.02087356    0.        ]
 [   0.            0.            0.1496    ]]

iter 15 cost=0.388290 -> 0.403741 |dtheta|=1.722634e-02  lambda=6.250e-04

============================================================
Iteration 16
============================================================
Theta offsets (Unity frame):
  Source   : dSx=   0.000, dSy=   0.000, dSz=   0.000  (mm)
  Object   : dOx=  -6.002, dOy=   2.001, dOz= -15.044  (mm)
  Object offset: offset_x=  -0.001, offset_z=   0.001  (mm)
  Detector : dDx=   0.000, dDy=   0.000, dDz=   0.000  (mm)
  Obj Stage rotY :    8.015 deg
============================================================

Unity geometry (world coordinates):
  Source   : x=   2.000, y=  45.000, z=   0.000
  Object   : x=  -0.002, y=  20.001, z= 569.956
  Detector : x=   0.000, y=   2.000, z= 704.000
  Obj rotY :   0.0000 deg
view   0 | SOD= 570.509 mm | SDD= 705.315 mm | M= 1.236 | incident=3.4990°
[[  81.44966    -564.11084     -24.99915   ]
 [ -18.686928    132.73395      18.00085   ]
 [   0.14813878    0.02085818    0.        ]
 [   0.            0.            0.1496    ]]
Residual vector length: 216, Jacobian shape: (216, 6)
view   0 | SOD= 570.492 mm | SDD= 705.315 mm | M= 1.236 | incident=3.4990°
[[  81.504776   -564.0858      -24.998247  ]
 [ -18.704166    132.7486       18.001753  ]
 [   0.1481366     0.02087356    0.        ]
 [   0.            0.            0.1496    ]]

iter 16 cost=0.388290 -> 0.403741 |dtheta|=1.722446e-02  lambda=3.125e-03

============================================================
Iteration 17
============================================================
Theta offsets (Unity frame):
  Source   : dSx=   0.000, dSy=   0.000, dSz=   0.000  (mm)
  Object   : dOx=  -6.002, dOy=   2.001, dOz= -15.044  (mm)
  Object offset: offset_x=  -0.001, offset_z=   0.001  (mm)
  Detector : dDx=   0.000, dDy=   0.000, dDz=   0.000  (mm)
  Obj Stage rotY :    8.015 deg
============================================================

Unity geometry (world coordinates):
  Source   : x=   2.000, y=  45.000, z=   0.000
  Object   : x=  -0.002, y=  20.001, z= 569.956
  Detector : x=   0.000, y=   2.000, z= 704.000
  Obj rotY :   0.0000 deg
view   0 | SOD= 570.509 mm | SDD= 705.315 mm | M= 1.236 | incident=3.4990°
[[  81.44966    -564.11084     -24.99915   ]
 [ -18.686928    132.73395      18.00085   ]
 [   0.14813878    0.02085818    0.        ]
 [   0.            0.            0.1496    ]]
Residual vector length: 216, Jacobian shape: (216, 6)
view   0 | SOD= 570.492 mm | SDD= 705.315 mm | M= 1.236 | incident=3.4990°
[[  81.504776   -564.0858      -24.99825   ]
 [ -18.704165    132.7486       18.00175   ]
 [   0.1481366     0.02087356    0.        ]
 [   0.            0.            0.1496    ]]

iter 17 cost=0.388290 -> 0.403741 |dtheta|=1.721505e-02  lambda=1.562e-02

============================================================
Iteration 18
============================================================
Theta offsets (Unity frame):
  Source   : dSx=   0.000, dSy=   0.000, dSz=   0.000  (mm)
  Object   : dOx=  -6.002, dOy=   2.001, dOz= -15.044  (mm)
  Object offset: offset_x=  -0.001, offset_z=   0.001  (mm)
  Detector : dDx=   0.000, dDy=   0.000, dDz=   0.000  (mm)
  Obj Stage rotY :    8.015 deg
============================================================

Unity geometry (world coordinates):
  Source   : x=   2.000, y=  45.000, z=   0.000
  Object   : x=  -0.002, y=  20.001, z= 569.956
  Detector : x=   0.000, y=   2.000, z= 704.000
  Obj rotY :   0.0000 deg
view   0 | SOD= 570.509 mm | SDD= 705.315 mm | M= 1.236 | incident=3.4990°
[[  81.44966    -564.11084     -24.99915   ]
 [ -18.686928    132.73395      18.00085   ]
 [   0.14813878    0.02085818    0.        ]
 [   0.            0.            0.1496    ]]
Residual vector length: 216, Jacobian shape: (216, 6)
view   0 | SOD= 570.492 mm | SDD= 705.315 mm | M= 1.236 | incident=3.4990°
[[  81.504745   -564.0859      -24.998251  ]
 [ -18.70415     132.74854      18.001749  ]
 [   0.14813662    0.02087355    0.        ]
 [   0.            0.            0.1496    ]]

iter 18 cost=0.388290 -> 0.403741 |dtheta|=1.716816e-02  lambda=7.812e-02

============================================================
Iteration 19
============================================================
Theta offsets (Unity frame):
  Source   : dSx=   0.000, dSy=   0.000, dSz=   0.000  (mm)
  Object   : dOx=  -6.002, dOy=   2.001, dOz= -15.044  (mm)
  Object offset: offset_x=  -0.001, offset_z=   0.001  (mm)
  Detector : dDx=   0.000, dDy=   0.000, dDz=   0.000  (mm)
  Obj Stage rotY :    8.015 deg
============================================================

Unity geometry (world coordinates):
  Source   : x=   2.000, y=  45.000, z=   0.000
  Object   : x=  -0.002, y=  20.001, z= 569.956
  Detector : x=   0.000, y=   2.000, z= 704.000
  Obj rotY :   0.0000 deg
view   0 | SOD= 570.509 mm | SDD= 705.315 mm | M= 1.236 | incident=3.4990°
[[  81.44966    -564.11084     -24.99915   ]
 [ -18.686928    132.73395      18.00085   ]
 [   0.14813878    0.02085818    0.        ]
 [   0.            0.            0.1496    ]]
Residual vector length: 216, Jacobian shape: (216, 6)
view   0 | SOD= 570.492 mm | SDD= 705.315 mm | M= 1.236 | incident=3.4990°
[[  81.504616   -564.0861      -24.99826   ]
 [ -18.704077    132.74829      18.00174   ]
 [   0.14813662    0.0208735     0.        ]
 [   0.            0.            0.1496    ]]

iter 19 cost=0.388290 -> 0.403741 |dtheta|=1.693800e-02  lambda=3.906e-01

============================================================
Iteration 20
============================================================
Theta offsets (Unity frame):
  Source   : dSx=   0.000, dSy=   0.000, dSz=   0.000  (mm)
  Object   : dOx=  -6.002, dOy=   2.001, dOz= -15.044  (mm)
  Object offset: offset_x=  -0.001, offset_z=   0.001  (mm)
  Detector : dDx=   0.000, dDy=   0.000, dDz=   0.000  (mm)
  Obj Stage rotY :    8.015 deg
============================================================

Unity geometry (world coordinates):
  Source   : x=   2.000, y=  45.000, z=   0.000
  Object   : x=  -0.002, y=  20.001, z= 569.956
  Detector : x=   0.000, y=   2.000, z= 704.000
  Obj rotY :   0.0000 deg
view   0 | SOD= 570.509 mm | SDD= 705.315 mm | M= 1.236 | incident=3.4990°
[[  81.44966    -564.11084     -24.99915   ]
 [ -18.686928    132.73395      18.00085   ]
 [   0.14813878    0.02085818    0.        ]
 [   0.            0.            0.1496    ]]
Residual vector length: 216, Jacobian shape: (216, 6)
view   0 | SOD= 570.493 mm | SDD= 705.315 mm | M= 1.236 | incident=3.4990°
[[  81.50399    -564.08734     -24.998308  ]
 [ -18.703743    132.74724      18.001692  ]
 [   0.14813665    0.0208733     0.        ]
 [   0.            0.            0.1496    ]]

iter 20 cost=0.388290 -> 0.403741 |dtheta|=1.588522e-02  lambda=1.953e+00

============================================================
Iteration 21
============================================================
Theta offsets (Unity frame):
  Source   : dSx=   0.000, dSy=   0.000, dSz=   0.000  (mm)
  Object   : dOx=  -6.002, dOy=   2.001, dOz= -15.044  (mm)
  Object offset: offset_x=  -0.001, offset_z=   0.001  (mm)
  Detector : dDx=   0.000, dDy=   0.000, dDz=   0.000  (mm)
  Obj Stage rotY :    8.015 deg
============================================================

Unity geometry (world coordinates):
  Source   : x=   2.000, y=  45.000, z=   0.000
  Object   : x=  -0.002, y=  20.001, z= 569.956
  Detector : x=   0.000, y=   2.000, z= 704.000
  Obj rotY :   0.0000 deg
view   0 | SOD= 570.509 mm | SDD= 705.315 mm | M= 1.236 | incident=3.4990°
[[  81.44966    -564.11084     -24.99915   ]
 [ -18.686928    132.73395      18.00085   ]
 [   0.14813878    0.02085818    0.        ]
 [   0.            0.            0.1496    ]]
Residual vector length: 216, Jacobian shape: (216, 6)
view   0 | SOD= 570.497 mm | SDD= 705.315 mm | M= 1.236 | incident=3.4990°
[[  81.50149    -564.09155     -24.99847   ]
 [ -18.702496    132.74353      18.00153   ]
 [   0.14813675    0.0208725     0.        ]
 [   0.            0.            0.1496    ]]

iter 21 cost=0.388290 -> 0.389192 |dtheta|=1.228902e-02  lambda=9.766e+00

============================================================
Iteration 22
============================================================
Theta offsets (Unity frame):
  Source   : dSx=   0.000, dSy=   0.000, dSz=   0.000  (mm)
  Object   : dOx=  -6.002, dOy=   2.001, dOz= -15.044  (mm)
  Object offset: offset_x=  -0.001, offset_z=   0.001  (mm)
  Detector : dDx=   0.000, dDy=   0.000, dDz=   0.000  (mm)
  Obj Stage rotY :    8.015 deg
============================================================

Unity geometry (world coordinates):
  Source   : x=   2.000, y=  45.000, z=   0.000
  Object   : x=  -0.002, y=  20.001, z= 569.956
  Detector : x=   0.000, y=   2.000, z= 704.000
  Obj rotY :   0.0000 deg
view   0 | SOD= 570.509 mm | SDD= 705.315 mm | M= 1.236 | incident=3.4990°
[[  81.44966    -564.11084     -24.99915   ]
 [ -18.686928    132.73395      18.00085   ]
 [   0.14813878    0.02085818    0.        ]
 [   0.            0.            0.1496    ]]
Residual vector length: 216, Jacobian shape: (216, 6)
view   0 | SOD= 570.503 mm | SDD= 705.315 mm | M= 1.236 | incident=3.4990°
[[  81.49419    -564.099       -24.998732  ]
 [ -18.699648    132.73758      18.001268  ]
 [   0.14813706    0.02087034    0.        ]
 [   0.            0.            0.1496    ]]

iter 22 cost=0.388290 -> 0.385588 |dtheta|=6.732241e-03  lambda=4.883e+01

============================================================
Iteration 23
============================================================
Theta offsets (Unity frame):
  Source   : dSx=   0.000, dSy=   0.000, dSz=   0.000  (mm)
  Object   : dOx=  -6.001, dOy=   2.001, dOz= -15.049  (mm)
  Object offset: offset_x=   0.000, offset_z=   0.000  (mm)
  Detector : dDx=   0.000, dDy=   0.000, dDz=   0.000  (mm)
  Obj Stage rotY :    8.019 deg
============================================================

Unity geometry (world coordinates):
  Source   : x=   2.000, y=  45.000, z=   0.000
  Object   : x=  -0.001, y=  20.001, z= 569.951
  Detector : x=   0.000, y=   2.000, z= 704.000
  Obj rotY :   0.0000 deg
view   0 | SOD= 570.503 mm | SDD= 705.315 mm | M= 1.236 | incident=3.4990°
[[  81.49419    -564.099       -24.998732  ]
 [ -18.699648    132.73758      18.001268  ]
 [   0.14813706    0.02087034    0.        ]
 [   0.            0.            0.1496    ]]
Residual vector length: 216, Jacobian shape: (216, 6)
view   0 | SOD= 570.503 mm | SDD= 705.315 mm | M= 1.236 | incident=3.4990°
[[  81.51899    -564.0955      -24.998734  ]
 [ -18.70532     132.73665      18.001266  ]
 [   0.14813615    0.02087682    0.        ]
 [   0.            0.            0.1496    ]]

iter 23 cost=0.385588 -> 0.378847 |dtheta|=2.511229e-03  lambda=1.628e+01

============================================================
Iteration 24
============================================================
Theta offsets (Unity frame):
  Source   : dSx=   0.000, dSy=   0.000, dSz=   0.000  (mm)
  Object   : dOx=  -6.001, dOy=   2.001, dOz= -15.049  (mm)
  Object offset: offset_x=   0.000, offset_z=   0.001  (mm)
  Detector : dDx=   0.000, dDy=   0.000, dDz=   0.000  (mm)
  Obj Stage rotY :    8.022 deg
============================================================

Unity geometry (world coordinates):
  Source   : x=   2.000, y=  45.000, z=   0.000
  Object   : x=  -0.001, y=  20.001, z= 569.951
  Detector : x=   0.000, y=   2.000, z= 704.000
  Obj rotY :   0.0000 deg
view   0 | SOD= 570.503 mm | SDD= 705.315 mm | M= 1.236 | incident=3.4990°
[[  81.51899    -564.0955      -24.998734  ]
 [ -18.70532     132.73665      18.001266  ]
 [   0.14813615    0.02087682    0.        ]
 [   0.            0.            0.1496    ]]
Residual vector length: 216, Jacobian shape: (216, 6)
view   0 | SOD= 570.493 mm | SDD= 705.315 mm | M= 1.236 | incident=3.4990°
[[  81.549416   -564.0812      -24.998425  ]
 [ -18.71427     132.74532      18.001575  ]
 [   0.14813496    0.0208852     0.        ]
 [   0.            0.            0.1496    ]]

iter 24 cost=0.378847 -> 0.389140 |dtheta|=9.431919e-03  lambda=5.425e+00

============================================================
Iteration 25
============================================================
Theta offsets (Unity frame):
  Source   : dSx=   0.000, dSy=   0.000, dSz=   0.000  (mm)
  Object   : dOx=  -6.001, dOy=   2.001, dOz= -15.049  (mm)
  Object offset: offset_x=   0.000, offset_z=   0.001  (mm)
  Detector : dDx=   0.000, dDy=   0.000, dDz=   0.000  (mm)
  Obj Stage rotY :    8.022 deg
============================================================

Unity geometry (world coordinates):
  Source   : x=   2.000, y=  45.000, z=   0.000
  Object   : x=  -0.001, y=  20.001, z= 569.951
  Detector : x=   0.000, y=   2.000, z= 704.000
  Obj rotY :   0.0000 deg
view   0 | SOD= 570.503 mm | SDD= 705.315 mm | M= 1.236 | incident=3.4990°
[[  81.51899    -564.0955      -24.998734  ]
 [ -18.70532     132.73665      18.001266  ]
 [   0.14813615    0.02087682    0.        ]
 [   0.            0.            0.1496    ]]
Residual vector length: 216, Jacobian shape: (216, 6)
view   0 | SOD= 570.498 mm | SDD= 705.315 mm | M= 1.236 | incident=3.4990°
[[  81.54596    -564.08575     -24.998585  ]
 [ -18.712767    132.74146      18.001415  ]
 [   0.14813511    0.02088414    0.        ]
 [   0.            0.            0.1496    ]]

iter 25 cost=0.378847 -> 0.400745 |dtheta|=5.683702e-03  lambda=2.713e+01

============================================================
Iteration 26
============================================================
Theta offsets (Unity frame):
  Source   : dSx=   0.000, dSy=   0.000, dSz=   0.000  (mm)
  Object   : dOx=  -6.001, dOy=   2.001, dOz= -15.049  (mm)
  Object offset: offset_x=   0.000, offset_z=   0.001  (mm)
  Detector : dDx=   0.000, dDy=   0.000, dDz=   0.000  (mm)
  Obj Stage rotY :    8.022 deg
============================================================

Unity geometry (world coordinates):
  Source   : x=   2.000, y=  45.000, z=   0.000
  Object   : x=  -0.001, y=  20.001, z= 569.951
  Detector : x=   0.000, y=   2.000, z= 704.000
  Obj rotY :   0.0000 deg
view   0 | SOD= 570.503 mm | SDD= 705.315 mm | M= 1.236 | incident=3.4990°
[[  81.51899    -564.0955      -24.998734  ]
 [ -18.70532     132.73665      18.001266  ]
 [   0.14813615    0.02087682    0.        ]
 [   0.            0.            0.1496    ]]
Residual vector length: 216, Jacobian shape: (216, 6)
view   0 | SOD= 570.501 mm | SDD= 705.315 mm | M= 1.236 | incident=3.4990°
[[  81.5388     -564.09033     -24.998718  ]
 [ -18.71045     132.73827      18.001282  ]
 [   0.1481354     0.02088213    0.        ]
 [   0.            0.            0.1496    ]]

iter 26 cost=0.378847 -> 0.396942 |dtheta|=2.656329e-03  lambda=1.356e+02

============================================================
Iteration 27
============================================================
Theta offsets (Unity frame):
  Source   : dSx=   0.000, dSy=   0.000, dSz=   0.000  (mm)
  Object   : dOx=  -6.001, dOy=   2.001, dOz= -15.049  (mm)
  Object offset: offset_x=   0.000, offset_z=   0.001  (mm)
  Detector : dDx=   0.000, dDy=   0.000, dDz=   0.000  (mm)
  Obj Stage rotY :    8.022 deg
============================================================

Unity geometry (world coordinates):
  Source   : x=   2.000, y=  45.000, z=   0.000
  Object   : x=  -0.001, y=  20.001, z= 569.951
  Detector : x=   0.000, y=   2.000, z= 704.000
  Obj rotY :   0.0000 deg
view   0 | SOD= 570.503 mm | SDD= 705.315 mm | M= 1.236 | incident=3.4990°
[[  81.51899    -564.0955      -24.998734  ]
 [ -18.70532     132.73665      18.001266  ]
 [   0.14813615    0.02087682    0.        ]
 [   0.            0.            0.1496    ]]
Residual vector length: 216, Jacobian shape: (216, 6)
view   0 | SOD= 570.502 mm | SDD= 705.315 mm | M= 1.236 | incident=3.4990°
[[  81.528114   -564.09326     -24.99875   ]
 [ -18.707607    132.73726      18.00125   ]
 [   0.14813581    0.02087925    0.        ]
 [   0.            0.            0.1496    ]]

iter 27 cost=0.378847 -> 0.393635 |dtheta|=1.205060e-03  lambda=6.782e+02

============================================================
Iteration 28
============================================================
Theta offsets (Unity frame):
  Source   : dSx=   0.000, dSy=   0.000, dSz=   0.000  (mm)
  Object   : dOx=  -6.001, dOy=   2.001, dOz= -15.049  (mm)
  Object offset: offset_x=   0.000, offset_z=   0.001  (mm)
  Detector : dDx=   0.000, dDy=   0.000, dDz=   0.000  (mm)
  Obj Stage rotY :    8.022 deg
============================================================

Unity geometry (world coordinates):
  Source   : x=   2.000, y=  45.000, z=   0.000
  Object   : x=  -0.001, y=  20.001, z= 569.951
  Detector : x=   0.000, y=   2.000, z= 704.000
  Obj rotY :   0.0000 deg
view   0 | SOD= 570.503 mm | SDD= 705.315 mm | M= 1.236 | incident=3.4990°
[[  81.51899    -564.0955      -24.998734  ]
 [ -18.70532     132.73665      18.001266  ]
 [   0.14813615    0.02087682    0.        ]
 [   0.            0.            0.1496    ]]
Residual vector length: 216, Jacobian shape: (216, 6)
view   0 | SOD= 570.503 mm | SDD= 705.315 mm | M= 1.236 | incident=3.4990°
[[  81.52143    -564.0948      -24.998749  ]
 [ -18.705908    132.73694      18.001251  ]
 [   0.14813605    0.02087747    0.        ]
 [   0.            0.            0.1496    ]]

iter 28 cost=0.378847 -> 0.383858 |dtheta|=4.397711e-04  lambda=3.391e+03

============================================================
Iteration 29
============================================================
Theta offsets (Unity frame):
  Source   : dSx=   0.000, dSy=   0.000, dSz=   0.000  (mm)
  Object   : dOx=  -6.001, dOy=   2.001, dOz= -15.049  (mm)
  Object offset: offset_x=   0.000, offset_z=   0.001  (mm)
  Detector : dDx=   0.000, dDy=   0.000, dDz=   0.000  (mm)
  Obj Stage rotY :    8.022 deg
============================================================

Unity geometry (world coordinates):
  Source   : x=   2.000, y=  45.000, z=   0.000
  Object   : x=  -0.001, y=  20.001, z= 569.951
  Detector : x=   0.000, y=   2.000, z= 704.000
  Obj rotY :   0.0000 deg
view   0 | SOD= 570.503 mm | SDD= 705.315 mm | M= 1.236 | incident=3.4990°
[[  81.51899    -564.0955      -24.998734  ]
 [ -18.70532     132.73665      18.001266  ]
 [   0.14813615    0.02087682    0.        ]
 [   0.            0.            0.1496    ]]
Residual vector length: 216, Jacobian shape: (216, 6)
view   0 | SOD= 570.503 mm | SDD= 705.315 mm | M= 1.236 | incident=3.4990°
[[  81.519516   -564.0954      -24.998741  ]
 [ -18.705431    132.7367       18.001259  ]
 [   0.14813612    0.02087696    0.        ]
 [   0.            0.            0.1496    ]]

iter 29 cost=0.378847 -> 0.373826 |dtheta|=1.196963e-04  lambda=1.695e+04

============================================================
Iteration 30
============================================================
Theta offsets (Unity frame):
  Source   : dSx=   0.000, dSy=   0.000, dSz=   0.000  (mm)
  Object   : dOx=  -6.001, dOy=   2.001, dOz= -15.049  (mm)
  Object offset: offset_x=   0.000, offset_z=   0.000  (mm)
  Detector : dDx=   0.000, dDy=   0.000, dDz=   0.000  (mm)
  Obj Stage rotY :    8.022 deg
============================================================

Unity geometry (world coordinates):
  Source   : x=   2.000, y=  45.000, z=   0.000
  Object   : x=  -0.001, y=  20.001, z= 569.951
  Detector : x=   0.000, y=   2.000, z= 704.000
  Obj rotY :   0.0000 deg
view   0 | SOD= 570.503 mm | SDD= 705.315 mm | M= 1.236 | incident=3.4990°
[[  81.519516   -564.0954      -24.998741  ]
 [ -18.705431    132.7367       18.001259  ]
 [   0.14813612    0.02087696    0.        ]
 [   0.            0.            0.1496    ]]
Residual vector length: 216, Jacobian shape: (216, 6)
view   0 | SOD= 570.503 mm | SDD= 705.315 mm | M= 1.236 | incident=3.4990°
[[  81.52109    -564.095       -24.998743  ]
 [ -18.70583     132.73683      18.001257  ]
 [   0.14813606    0.02087738    0.        ]
 [   0.            0.            0.1496    ]]

iter 30 cost=0.373826 -> 0.380782 |dtheta|=2.097789e-04  lambda=5.651e+03

============================================================
Iteration 31
============================================================
Theta offsets (Unity frame):
  Source   : dSx=   0.000, dSy=   0.000, dSz=   0.000  (mm)
  Object   : dOx=  -6.001, dOy=   2.001, dOz= -15.049  (mm)
  Object offset: offset_x=   0.000, offset_z=   0.000  (mm)
  Detector : dDx=   0.000, dDy=   0.000, dDz=   0.000  (mm)
  Obj Stage rotY :    8.022 deg
============================================================

Unity geometry (world coordinates):
  Source   : x=   2.000, y=  45.000, z=   0.000
  Object   : x=  -0.001, y=  20.001, z= 569.951
  Detector : x=   0.000, y=   2.000, z= 704.000
  Obj rotY :   0.0000 deg
view   0 | SOD= 570.503 mm | SDD= 705.315 mm | M= 1.236 | incident=3.4990°
[[  81.519516   -564.0954      -24.998741  ]
 [ -18.705431    132.7367       18.001259  ]
 [   0.14813612    0.02087696    0.        ]
 [   0.            0.            0.1496    ]]
Residual vector length: 216, Jacobian shape: (216, 6)
view   0 | SOD= 570.503 mm | SDD= 705.315 mm | M= 1.236 | incident=3.4990°
[[  81.519844   -564.0953      -24.998741  ]
 [ -18.705515    132.73676      18.001259  ]
 [   0.14813611    0.02087705    0.        ]
 [   0.            0.            0.1496    ]]

iter 31 cost=0.373826 -> 0.373826 |dtheta|=4.822186e-05  lambda=2.826e+04

============================================================
Iteration 32
============================================================
Theta offsets (Unity frame):
  Source   : dSx=   0.000, dSy=   0.000, dSz=   0.000  (mm)
  Object   : dOx=  -6.001, dOy=   2.001, dOz= -15.049  (mm)
  Object offset: offset_x=   0.000, offset_z=   0.000  (mm)
  Detector : dDx=   0.000, dDy=   0.000, dDz=   0.000  (mm)
  Obj Stage rotY :    8.022 deg
============================================================

Unity geometry (world coordinates):
  Source   : x=   2.000, y=  45.000, z=   0.000
  Object   : x=  -0.001, y=  20.001, z= 569.951
  Detector : x=   0.000, y=   2.000, z= 704.000
  Obj rotY :   0.0000 deg
view   0 | SOD= 570.503 mm | SDD= 705.315 mm | M= 1.236 | incident=3.4990°
[[  81.519516   -564.0954      -24.998741  ]
 [ -18.705431    132.7367       18.001259  ]
 [   0.14813612    0.02087696    0.        ]
 [   0.            0.            0.1496    ]]
Residual vector length: 216, Jacobian shape: (216, 6)
view   0 | SOD= 570.503 mm | SDD= 705.315 mm | M= 1.236 | incident=3.4990°
[[  81.51958    -564.09534     -24.998741  ]
 [ -18.705454    132.73676      18.001259  ]
 [   0.14813612    0.02087698    0.        ]
 [   0.            0.            0.1496    ]]

iter 32 cost=0.373826 -> 0.373826 |dtheta|=1.000455e-05  lambda=1.413e+05

============================================================
Iteration 33
============================================================
Theta offsets (Unity frame):
  Source   : dSx=   0.000, dSy=   0.000, dSz=   0.000  (mm)
  Object   : dOx=  -6.001, dOy=   2.001, dOz= -15.049  (mm)
  Object offset: offset_x=   0.000, offset_z=   0.000  (mm)
  Detector : dDx=   0.000, dDy=   0.000, dDz=   0.000  (mm)
  Obj Stage rotY :    8.022 deg
============================================================

Unity geometry (world coordinates):
  Source   : x=   2.000, y=  45.000, z=   0.000
  Object   : x=  -0.001, y=  20.001, z= 569.951
  Detector : x=   0.000, y=   2.000, z= 704.000
  Obj rotY :   0.0000 deg
view   0 | SOD= 570.503 mm | SDD= 705.315 mm | M= 1.236 | incident=3.4990°
[[  81.519516   -564.0954      -24.998741  ]
 [ -18.705431    132.7367       18.001259  ]
 [   0.14813612    0.02087696    0.        ]
 [   0.            0.            0.1496    ]]
Residual vector length: 216, Jacobian shape: (216, 6)
view   0 | SOD= 570.503 mm | SDD= 705.315 mm | M= 1.236 | incident=3.4990°
[[  81.51953    -564.0954      -24.998741  ]
 [ -18.705435    132.7367       18.001259  ]
 [   0.14813612    0.02087696    0.        ]
 [   0.            0.            0.1496    ]]

iter 33 cost=0.373826 -> 0.373826 |dtheta|=2.016673e-06  lambda=7.064e+05

============================================================
Iteration 34
============================================================
Theta offsets (Unity frame):
  Source   : dSx=   0.000, dSy=   0.000, dSz=   0.000  (mm)
  Object   : dOx=  -6.001, dOy=   2.001, dOz= -15.049  (mm)
  Object offset: offset_x=   0.000, offset_z=   0.000  (mm)
  Detector : dDx=   0.000, dDy=   0.000, dDz=   0.000  (mm)
  Obj Stage rotY :    8.022 deg
============================================================

Unity geometry (world coordinates):
  Source   : x=   2.000, y=  45.000, z=   0.000
  Object   : x=  -0.001, y=  20.001, z= 569.951
  Detector : x=   0.000, y=   2.000, z= 704.000
  Obj rotY :   0.0000 deg
view   0 | SOD= 570.503 mm | SDD= 705.315 mm | M= 1.236 | incident=3.4990°
[[  81.519516   -564.0954      -24.998741  ]
 [ -18.705431    132.7367       18.001259  ]
 [   0.14813612    0.02087696    0.        ]
 [   0.            0.            0.1496    ]]
Residual vector length: 216, Jacobian shape: (216, 6)
view   0 | SOD= 570.503 mm | SDD= 705.315 mm | M= 1.236 | incident=3.4990°
[[  81.51952    -564.0954      -24.998741  ]
 [ -18.705433    132.7367       18.001259  ]
 [   0.14813612    0.02087696    0.        ]
 [   0.            0.            0.1496    ]]

iter 34 cost=0.373826 -> 0.373826 |dtheta|=1.425460e-06  lambda=1.000e+06

============================================================
Iteration 35
============================================================
Theta offsets (Unity frame):
  Source   : dSx=   0.000, dSy=   0.000, dSz=   0.000  (mm)
  Object   : dOx=  -6.001, dOy=   2.001, dOz= -15.049  (mm)
  Object offset: offset_x=   0.000, offset_z=   0.000  (mm)
  Detector : dDx=   0.000, dDy=   0.000, dDz=   0.000  (mm)
  Obj Stage rotY :    8.022 deg
============================================================

Unity geometry (world coordinates):
  Source   : x=   2.000, y=  45.000, z=   0.000
  Object   : x=  -0.001, y=  20.001, z= 569.951
  Detector : x=   0.000, y=   2.000, z= 704.000
  Obj rotY :   0.0000 deg
view   0 | SOD= 570.503 mm | SDD= 705.315 mm | M= 1.236 | incident=3.4990°
[[  81.519516   -564.0954      -24.998741  ]
 [ -18.705431    132.7367       18.001259  ]
 [   0.14813612    0.02087696    0.        ]
 [   0.            0.            0.1496    ]]
Residual vector length: 216, Jacobian shape: (216, 6)
view   0 | SOD= 570.503 mm | SDD= 705.315 mm | M= 1.236 | incident=3.4990°
[[  81.51952    -564.0954      -24.998741  ]
 [ -18.705433    132.7367       18.001259  ]
 [   0.14813612    0.02087696    0.        ]
 [   0.            0.            0.1496    ]]

iter 35 cost=0.373826 -> 0.373826 |dtheta|=1.425460e-06  lambda=1.000e+06

============================================================
Iteration 36
============================================================
Theta offsets (Unity frame):
  Source   : dSx=   0.000, dSy=   0.000, dSz=   0.000  (mm)
  Object   : dOx=  -6.001, dOy=   2.001, dOz= -15.049  (mm)
  Object offset: offset_x=   0.000, offset_z=   0.000  (mm)
  Detector : dDx=   0.000, dDy=   0.000, dDz=   0.000  (mm)
  Obj Stage rotY :    8.022 deg
============================================================

Unity geometry (world coordinates):
  Source   : x=   2.000, y=  45.000, z=   0.000
  Object   : x=  -0.001, y=  20.001, z= 569.951
  Detector : x=   0.000, y=   2.000, z= 704.000
  Obj rotY :   0.0000 deg
view   0 | SOD= 570.503 mm | SDD= 705.315 mm | M= 1.236 | incident=3.4990°
[[  81.519516   -564.0954      -24.998741  ]
 [ -18.705431    132.7367       18.001259  ]
 [   0.14813612    0.02087696    0.        ]
 [   0.            0.            0.1496    ]]
Residual vector length: 216, Jacobian shape: (216, 6)
view   0 | SOD= 570.503 mm | SDD= 705.315 mm | M= 1.236 | incident=3.4990°
[[  81.51952    -564.0954      -24.998741  ]
 [ -18.705433    132.7367       18.001259  ]
 [   0.14813612    0.02087696    0.        ]
 [   0.            0.            0.1496    ]]

iter 36 cost=0.373826 -> 0.373826 |dtheta|=1.425460e-06  lambda=1.000e+06

============================================================
Iteration 37
============================================================
Theta offsets (Unity frame):
  Source   : dSx=   0.000, dSy=   0.000, dSz=   0.000  (mm)
  Object   : dOx=  -6.001, dOy=   2.001, dOz= -15.049  (mm)
  Object offset: offset_x=   0.000, offset_z=   0.000  (mm)
  Detector : dDx=   0.000, dDy=   0.000, dDz=   0.000  (mm)
  Obj Stage rotY :    8.022 deg
============================================================

Unity geometry (world coordinates):
  Source   : x=   2.000, y=  45.000, z=   0.000
  Object   : x=  -0.001, y=  20.001, z= 569.951
  Detector : x=   0.000, y=   2.000, z= 704.000
  Obj rotY :   0.0000 deg
view   0 | SOD= 570.503 mm | SDD= 705.315 mm | M= 1.236 | incident=3.4990°
[[  81.519516   -564.0954      -24.998741  ]
 [ -18.705431    132.7367       18.001259  ]
 [   0.14813612    0.02087696    0.        ]
 [   0.            0.            0.1496    ]]
Residual vector length: 216, Jacobian shape: (216, 6)
view   0 | SOD= 570.503 mm | SDD= 705.315 mm | M= 1.236 | incident=3.4990°
[[  81.51952    -564.0954      -24.998741  ]
 [ -18.705433    132.7367       18.001259  ]
 [   0.14813612    0.02087696    0.        ]
 [   0.            0.            0.1496    ]]

iter 37 cost=0.373826 -> 0.373826 |dtheta|=1.425460e-06  lambda=1.000e+06

============================================================
Iteration 38
============================================================
Theta offsets (Unity frame):
  Source   : dSx=   0.000, dSy=   0.000, dSz=   0.000  (mm)
  Object   : dOx=  -6.001, dOy=   2.001, dOz= -15.049  (mm)
  Object offset: offset_x=   0.000, offset_z=   0.000  (mm)
  Detector : dDx=   0.000, dDy=   0.000, dDz=   0.000  (mm)
  Obj Stage rotY :    8.022 deg
============================================================

Unity geometry (world coordinates):
  Source   : x=   2.000, y=  45.000, z=   0.000
  Object   : x=  -0.001, y=  20.001, z= 569.951
  Detector : x=   0.000, y=   2.000, z= 704.000
  Obj rotY :   0.0000 deg
view   0 | SOD= 570.503 mm | SDD= 705.315 mm | M= 1.236 | incident=3.4990°
[[  81.519516   -564.0954      -24.998741  ]
 [ -18.705431    132.7367       18.001259  ]
 [   0.14813612    0.02087696    0.        ]
 [   0.            0.            0.1496    ]]
Residual vector length: 216, Jacobian shape: (216, 6)
view   0 | SOD= 570.503 mm | SDD= 705.315 mm | M= 1.236 | incident=3.4990°
[[  81.51952    -564.0954      -24.998741  ]
 [ -18.705433    132.7367       18.001259  ]
 [   0.14813612    0.02087696    0.        ]
 [   0.            0.            0.1496    ]]

iter 38 cost=0.373826 -> 0.373826 |dtheta|=1.425460e-06  lambda=1.000e+06

============================================================
Iteration 39
============================================================
Theta offsets (Unity frame):
  Source   : dSx=   0.000, dSy=   0.000, dSz=   0.000  (mm)
  Object   : dOx=  -6.001, dOy=   2.001, dOz= -15.049  (mm)
  Object offset: offset_x=   0.000, offset_z=   0.000  (mm)
  Detector : dDx=   0.000, dDy=   0.000, dDz=   0.000  (mm)
  Obj Stage rotY :    8.022 deg
============================================================

Unity geometry (world coordinates):
  Source   : x=   2.000, y=  45.000, z=   0.000
  Object   : x=  -0.001, y=  20.001, z= 569.951
  Detector : x=   0.000, y=   2.000, z= 704.000
  Obj rotY :   0.0000 deg
view   0 | SOD= 570.503 mm | SDD= 705.315 mm | M= 1.236 | incident=3.4990°
[[  81.519516   -564.0954      -24.998741  ]
 [ -18.705431    132.7367       18.001259  ]
 [   0.14813612    0.02087696    0.        ]
 [   0.            0.            0.1496    ]]
Residual vector length: 216, Jacobian shape: (216, 6)
view   0 | SOD= 570.503 mm | SDD= 705.315 mm | M= 1.236 | incident=3.4990°
[[  81.51952    -564.0954      -24.998741  ]
 [ -18.705433    132.7367       18.001259  ]
 [   0.14813612    0.02087696    0.        ]
 [   0.            0.            0.1496    ]]

iter 39 cost=0.373826 -> 0.373826 |dtheta|=1.425460e-06  lambda=1.000e+06

============================================================
Iteration 40
============================================================
Theta offsets (Unity frame):
  Source   : dSx=   0.000, dSy=   0.000, dSz=   0.000  (mm)
  Object   : dOx=  -6.001, dOy=   2.001, dOz= -15.049  (mm)
  Object offset: offset_x=   0.000, offset_z=   0.000  (mm)
  Detector : dDx=   0.000, dDy=   0.000, dDz=   0.000  (mm)
  Obj Stage rotY :    8.022 deg
============================================================

Unity geometry (world coordinates):
  Source   : x=   2.000, y=  45.000, z=   0.000
  Object   : x=  -0.001, y=  20.001, z= 569.951
  Detector : x=   0.000, y=   2.000, z= 704.000
  Obj rotY :   0.0000 deg
view   0 | SOD= 570.503 mm | SDD= 705.315 mm | M= 1.236 | incident=3.4990°
[[  81.519516   -564.0954      -24.998741  ]
 [ -18.705431    132.7367       18.001259  ]
 [   0.14813612    0.02087696    0.        ]
 [   0.            0.            0.1496    ]]
Residual vector length: 216, Jacobian shape: (216, 6)
view   0 | SOD= 570.503 mm | SDD= 705.315 mm | M= 1.236 | incident=3.4990°
[[  81.51952    -564.0954      -24.998741  ]
 [ -18.705433    132.7367       18.001259  ]
 [   0.14813612    0.02087696    0.        ]
 [   0.            0.            0.1496    ]]

iter 40 cost=0.373826 -> 0.373826 |dtheta|=1.425460e-06  lambda=1.000e+06
Stalled.

Estimated theta:
  dSx: +0.000000
  dSy: +0.000000
  dOx: -6.001388
  dOy: +2.001260
  dOz: -15.048694
  dDx: +0.000000
  dDy: +0.000000
  dDz: +0.000000
alpha: +8.021916e+00 deg)
offset_x: +0.000127
offset_z: +0.000462

Final cost table:
Fake theta: [  0.   0.  -6.   2. -15.   0.   0.   0.   8.   0.   0.]
Final estimated theta: [  0.           0.          -6.00138761   2.00125991 -15.04869417
   0.           0.           0.           8.02191573   0.00012694
   0.00046233]
Diff from Expected: [ 0.          0.         -0.00138761  0.00125991 -0.04869417  0.
  0.          0.          0.02191573  0.00012694  0.00046233]
################################################################################

