Phantom already exists, skipping: cuboid_phantom_3_square.npy

################################################################################
Running cuboid=square scenario=G1 N_ANGLES=3, K=3
view   0 | SOD= 570.551 mm | SDD= 705.315 mm | M= 1.236 | incident=3.4990°
[[  81.309204  -564.17444    -25.       ]
 [ -18.649195   132.69592     18.       ]
 [   0.1481441    0.0208203    0.       ]
 [   0.           0.           0.1496   ]]
          image          x1          y1  area1          x2          y2  area2          x3          y3  area3
0  proj_000.png  560.266751  202.018963    791  392.433702  293.604972    724  560.285354  404.917929    792
1  proj_001.png  334.783820  199.807692    754  612.960969  297.710633    743  334.806878  398.669312    756
2  proj_002.png  528.093923  196.533149    724  417.579078  304.298879    803  528.041152  389.395062    729

============================================================
Iteration 0
============================================================
Theta offsets (Unity frame):
  Source   : dSx=   0.000, dSy=   0.000, dSz=   0.000  (mm)
  Object   : dOx=   0.000, dOy=   0.000, dOz=   0.000  (mm)
  Object offset: offset_x=   0.000, offset_z=   0.000  (mm)
  Detector : dDx=   0.000, dDy=   0.000, dDz=   0.000  (mm)
  Obj Stage rotY :    0.000 deg
============================================================

Unity geometry (world coordinates):
  Source   : x=   2.000, y=  45.000, z=   0.000
  Object   : x=   6.000, y=  18.000, z= 585.000
  Detector : x=   0.000, y=   2.000, z= 704.000
  Obj rotY :   0.0000 deg
view   0 | SOD= 585.636 mm | SDD= 705.315 mm | M= 1.204 | incident=3.4990°
[[  -4.     -585.      -27.    ]
 [  -6.      119.       16.    ]
 [   0.1496    0.        0.    ]
 [   0.        0.        0.1496]]
Residual vector length: 27, Jacobian shape: (27, 6)
view   0 | SOD= 577.134 mm | SDD= 705.315 mm | M= 1.222 | incident=3.4990°
[[  56.596825   -573.7993      -25.202333  ]
 [ -14.192764    126.635414     17.797667  ]
 [   0.14888391    0.01461982    0.        ]
 [   0.            0.            0.1496    ]]

iter 00 cost=13861.045264 -> 641.848144 |dtheta|=1.165325e+01  lambda=1.000e-02

============================================================
Iteration 1
============================================================
Theta offsets (Unity frame):
  Source   : dSx=   0.000, dSy=   0.000, dSz=   0.000  (mm)
  Object   : dOx=  -5.544, dOy=   1.798, dOz=  -8.288  (mm)
  Object offset: offset_x=   1.293, offset_z=  -0.128  (mm)
  Detector : dDx=   0.000, dDy=   0.000, dDz=   0.000  (mm)
  Obj Stage rotY :    5.608 deg
============================================================

Unity geometry (world coordinates):
  Source   : x=   2.000, y=  45.000, z=   0.000
  Object   : x=   0.456, y=  19.798, z= 576.712
  Detector : x=   0.000, y=   2.000, z= 704.000
  Obj rotY :   0.0000 deg
view   0 | SOD= 577.134 mm | SDD= 705.315 mm | M= 1.222 | incident=3.4990°
[[  56.596825   -573.7993      -25.202333  ]
 [ -14.192764    126.635414     17.797667  ]
 [   0.14888391    0.01461982    0.        ]
 [   0.            0.            0.1496    ]]
Residual vector length: 27, Jacobian shape: (27, 6)
view   0 | SOD= 575.079 mm | SDD= 705.315 mm | M= 1.226 | incident=3.4990°
[[  77.2119     -569.3183      -25.123549  ]
 [ -17.01262     128.35051      17.876451  ]
 [   0.1483103     0.01960137    0.        ]
 [   0.            0.            0.1496    ]]

iter 01 cost=641.848144 -> 30.446273 |dtheta|=3.382954e+00  lambda=3.333e-03

============================================================
Iteration 2
============================================================
Theta offsets (Unity frame):
  Source   : dSx=   0.000, dSy=   0.000, dSz=   0.000  (mm)
  Object   : dOx=  -6.021, dOy=   1.876, dOz= -10.715  (mm)
  Object offset: offset_x=   0.069, offset_z=   0.242  (mm)
  Detector : dDx=   0.000, dDy=   0.000, dDz=   0.000  (mm)
  Obj Stage rotY :    7.529 deg
============================================================

Unity geometry (world coordinates):
  Source   : x=   2.000, y=  45.000, z=   0.000
  Object   : x=  -0.021, y=  19.876, z= 574.285
  Detector : x=   0.000, y=   2.000, z= 704.000
  Obj rotY :   0.0000 deg
view   0 | SOD= 575.079 mm | SDD= 705.315 mm | M= 1.226 | incident=3.4990°
[[  77.2119     -569.3183      -25.123549  ]
 [ -17.01262     128.35051      17.876451  ]
 [   0.1483103     0.01960137    0.        ]
 [   0.            0.            0.1496    ]]
               x1        y1  area1          x2         y2  area2         x3         y3   area3
range  227.275299  5.321099   85.0  217.047444  10.618762   86.0  101.45302  93.981203  3180.0
FAILURE!!!! Some beads might have been misidentified
              x1       y1  area1          x2         y2  area2         x3         y3   area3
range  227.25512  5.34645   80.0  217.184407  10.644466   97.0  97.492217  99.860585  5130.0
FAILURE!!!! Some beads might have been misidentified
Residual vector length: 27, Jacobian shape: (27, 6)
view   0 | SOD= 572.994 mm | SDD= 705.315 mm | M= 1.231 | incident=3.4990°
[[  80.27616    -566.78766     -25.083664  ]
 [ -18.008429    130.32077      17.916336  ]
 [   0.14819367    0.02046447    0.        ]
 [   0.            0.            0.1496    ]]

iter 02 cost=30.446273 -> 11.816369 |dtheta|=2.112339e+00  lambda=1.111e-03

============================================================
Iteration 3
============================================================
Theta offsets (Unity frame):
  Source   : dSx=   0.000, dSy=   0.000, dSz=   0.000  (mm)
  Object   : dOx=  -6.007, dOy=   1.916, dOz= -12.799  (mm)
  Object offset: offset_x=   0.019, offset_z=   0.240  (mm)
  Detector : dDx=   0.000, dDy=   0.000, dDz=   0.000  (mm)
  Obj Stage rotY :    7.862 deg
============================================================

Unity geometry (world coordinates):
  Source   : x=   2.000, y=  45.000, z=   0.000
  Object   : x=  -0.007, y=  19.916, z= 572.201
  Detector : x=   0.000, y=   2.000, z= 704.000
  Obj rotY :   0.0000 deg
view   0 | SOD= 572.994 mm | SDD= 705.315 mm | M= 1.231 | incident=3.4990°
[[  80.27616    -566.78766     -25.083664  ]
 [ -18.008429    130.32077      17.916336  ]
 [   0.14819367    0.02046447    0.        ]
 [   0.            0.            0.1496    ]]
Residual vector length: 27, Jacobian shape: (27, 6)
view   0 | SOD= 571.016 mm | SDD= 705.315 mm | M= 1.235 | incident=3.4990°
[[  81.02951    -564.6839      -25.010248  ]
 [ -18.536388    132.24266      17.989752  ]
 [   0.14815581    0.02073686    0.        ]
 [   0.            0.            0.1496    ]]

iter 03 cost=11.816369 -> 1.024053 |dtheta|=1.811952e+00  lambda=3.704e-04

============================================================
Iteration 4
============================================================
Theta offsets (Unity frame):
  Source   : dSx=   0.000, dSy=   0.000, dSz=   0.000  (mm)
  Object   : dOx=  -5.984, dOy=   1.990, dOz= -14.598  (mm)
  Object offset: offset_x=   0.010, offset_z=   0.062  (mm)
  Detector : dDx=   0.000, dDy=   0.000, dDz=   0.000  (mm)
  Obj Stage rotY :    7.968 deg
============================================================

Unity geometry (world coordinates):
  Source   : x=   2.000, y=  45.000, z=   0.000
  Object   : x=   0.016, y=  19.990, z= 570.402
  Detector : x=   0.000, y=   2.000, z= 704.000
  Obj rotY :   0.0000 deg
view   0 | SOD= 571.016 mm | SDD= 705.315 mm | M= 1.235 | incident=3.4990°
[[  81.02951    -564.6839      -25.010248  ]
 [ -18.536388    132.24266      17.989752  ]
 [   0.14815581    0.02073686    0.        ]
 [   0.            0.            0.1496    ]]
Residual vector length: 27, Jacobian shape: (27, 6)
view   0 | SOD= 570.958 mm | SDD= 705.315 mm | M= 1.235 | incident=3.4990°
[[  81.3543     -564.578       -25.02389   ]
 [ -18.60052     132.2929       17.97611   ]
 [   0.14814422    0.02081954    0.        ]
 [   0.            0.            0.1496    ]]

iter 04 cost=1.024053 -> 0.211888 |dtheta|=6.545782e-02  lambda=1.235e-04

============================================================
Iteration 5
============================================================
Theta offsets (Unity frame):
  Source   : dSx=   0.000, dSy=   0.000, dSz=   0.000  (mm)
  Object   : dOx=  -6.007, dOy=   1.976, dOz= -14.608  (mm)
  Object offset: offset_x=   0.016, offset_z=   0.013  (mm)
  Detector : dDx=   0.000, dDy=   0.000, dDz=   0.000  (mm)
  Obj Stage rotY :    8.000 deg
============================================================

Unity geometry (world coordinates):
  Source   : x=   2.000, y=  45.000, z=   0.000
  Object   : x=  -0.007, y=  19.976, z= 570.392
  Detector : x=   0.000, y=   2.000, z= 704.000
  Obj rotY :   0.0000 deg
view   0 | SOD= 570.958 mm | SDD= 705.315 mm | M= 1.235 | incident=3.4990°
[[  81.3543     -564.578       -25.02389   ]
 [ -18.60052     132.2929       17.97611   ]
 [   0.14814422    0.02081954    0.        ]
 [   0.            0.            0.1496    ]]
Residual vector length: 27, Jacobian shape: (27, 6)
view   0 | SOD= 570.675 mm | SDD= 705.315 mm | M= 1.236 | incident=3.4990°
[[  81.28635    -564.30273     -25.004725  ]
 [ -18.625156    132.57437      17.995275  ]
 [   0.1481455     0.02081033    0.        ]
 [   0.            0.            0.1496    ]]

iter 05 cost=0.211888 -> 0.038449 |dtheta|=2.738571e-01  lambda=4.115e-05

============================================================
Iteration 6
============================================================
Theta offsets (Unity frame):
  Source   : dSx=   0.000, dSy=   0.000, dSz=   0.000  (mm)
  Object   : dOx=  -6.002, dOy=   1.995, dOz= -14.880  (mm)
  Object offset: offset_x=   0.004, offset_z=   0.004  (mm)
  Detector : dDx=   0.000, dDy=   0.000, dDz=   0.000  (mm)
  Obj Stage rotY :    7.996 deg
============================================================

Unity geometry (world coordinates):
  Source   : x=   2.000, y=  45.000, z=   0.000
  Object   : x=  -0.002, y=  19.995, z= 570.120
  Detector : x=   0.000, y=   2.000, z= 704.000
  Obj rotY :   0.0000 deg
view   0 | SOD= 570.675 mm | SDD= 705.315 mm | M= 1.236 | incident=3.4990°
[[  81.28635    -564.30273     -25.004725  ]
 [ -18.625156    132.57437      17.995275  ]
 [   0.1481455     0.02081033    0.        ]
 [   0.            0.            0.1496    ]]
Residual vector length: 27, Jacobian shape: (27, 6)
view   0 | SOD= 570.590 mm | SDD= 705.315 mm | M= 1.236 | incident=3.4990°
[[  81.35765    -564.20667     -25.00016   ]
 [ -18.656424    132.6557       17.99984   ]
 [   0.14814244    0.02083213    0.        ]
 [   0.            0.            0.1496    ]]

iter 06 cost=0.038449 -> 0.035744 |dtheta|=8.054754e-02  lambda=1.372e-05

============================================================
Iteration 7
============================================================
Theta offsets (Unity frame):
  Source   : dSx=   0.000, dSy=   0.000, dSz=   0.000  (mm)
  Object   : dOx=  -6.001, dOy=   2.000, dOz= -14.960  (mm)
  Object offset: offset_x=   0.003, offset_z=  -0.001  (mm)
  Detector : dDx=   0.000, dDy=   0.000, dDz=   0.000  (mm)
  Obj Stage rotY :    8.005 deg
============================================================

Unity geometry (world coordinates):
  Source   : x=   2.000, y=  45.000, z=   0.000
  Object   : x=  -0.001, y=  20.000, z= 570.040
  Detector : x=   0.000, y=   2.000, z= 704.000
  Obj rotY :   0.0000 deg
view   0 | SOD= 570.590 mm | SDD= 705.315 mm | M= 1.236 | incident=3.4990°
[[  81.35765    -564.20667     -25.00016   ]
 [ -18.656424    132.6557       17.99984   ]
 [   0.14814244    0.02083213    0.        ]
 [   0.            0.            0.1496    ]]
Residual vector length: 27, Jacobian shape: (27, 6)
view   0 | SOD= 570.609 mm | SDD= 705.315 mm | M= 1.236 | incident=3.4990°
[[  81.398384   -564.22        -25.003393  ]
 [ -18.661436    132.63583      17.996607  ]
 [   0.14814107    0.02084186    0.        ]
 [   0.            0.            0.1496    ]]

iter 07 cost=0.035744 -> 0.029588 |dtheta|=2.088214e-02  lambda=4.572e-06

============================================================
Iteration 8
============================================================
Theta offsets (Unity frame):
  Source   : dSx=   0.000, dSy=   0.000, dSz=   0.000  (mm)
  Object   : dOx=  -6.001, dOy=   1.997, dOz= -14.940  (mm)
  Object offset: offset_x=   0.002, offset_z=  -0.002  (mm)
  Detector : dDx=   0.000, dDy=   0.000, dDz=   0.000  (mm)
  Obj Stage rotY :    8.008 deg
============================================================

Unity geometry (world coordinates):
  Source   : x=   2.000, y=  45.000, z=   0.000
  Object   : x=  -0.001, y=  19.997, z= 570.060
  Detector : x=   0.000, y=   2.000, z= 704.000
  Obj rotY :   0.0000 deg
view   0 | SOD= 570.609 mm | SDD= 705.315 mm | M= 1.236 | incident=3.4990°
[[  81.398384   -564.22        -25.003393  ]
 [ -18.661436    132.63583      17.996607  ]
 [   0.14814107    0.02084186    0.        ]
 [   0.            0.            0.1496    ]]
Residual vector length: 27, Jacobian shape: (27, 6)
view   0 | SOD= 570.578 mm | SDD= 705.315 mm | M= 1.236 | incident=3.4990°
[[  81.363304   -564.1937      -25.001987  ]
 [ -18.660282    132.6673       17.998013  ]
 [   0.14814216    0.02083415    0.        ]
 [   0.            0.            0.1496    ]]

iter 08 cost=0.029588 -> 0.029291 |dtheta|=3.191157e-02  lambda=1.524e-06

============================================================
Iteration 9
============================================================
Theta offsets (Unity frame):
  Source   : dSx=   0.000, dSy=   0.000, dSz=   0.000  (mm)
  Object   : dOx=  -6.001, dOy=   1.998, dOz= -14.972  (mm)
  Object offset: offset_x=   0.004, offset_z=  -0.002  (mm)
  Detector : dDx=   0.000, dDy=   0.000, dDz=   0.000  (mm)
  Obj Stage rotY :    8.005 deg
============================================================

Unity geometry (world coordinates):
  Source   : x=   2.000, y=  45.000, z=   0.000
  Object   : x=  -0.001, y=  19.998, z= 570.029
  Detector : x=   0.000, y=   2.000, z= 704.000
  Obj rotY :   0.0000 deg
view   0 | SOD= 570.578 mm | SDD= 705.315 mm | M= 1.236 | incident=3.4990°
[[  81.363304   -564.1937      -25.001987  ]
 [ -18.660282    132.6673       17.998013  ]
 [   0.14814216    0.02083415    0.        ]
 [   0.            0.            0.1496    ]]
Residual vector length: 27, Jacobian shape: (27, 6)
view   0 | SOD= 570.563 mm | SDD= 705.315 mm | M= 1.236 | incident=3.4990°
[[  81.366394   -564.1778      -25.00156   ]
 [ -18.664064    132.68224      17.99844   ]
 [   0.14814195    0.02083561    0.        ]
 [   0.            0.            0.1496    ]]

iter 09 cost=0.029291 -> 0.032151 |dtheta|=1.380958e-02  lambda=1.000e-06

============================================================
Iteration 10
============================================================
Theta offsets (Unity frame):
  Source   : dSx=   0.000, dSy=   0.000, dSz=   0.000  (mm)
  Object   : dOx=  -6.001, dOy=   1.998, dOz= -14.972  (mm)
  Object offset: offset_x=   0.004, offset_z=  -0.002  (mm)
  Detector : dDx=   0.000, dDy=   0.000, dDz=   0.000  (mm)
  Obj Stage rotY :    8.005 deg
============================================================

Unity geometry (world coordinates):
  Source   : x=   2.000, y=  45.000, z=   0.000
  Object   : x=  -0.001, y=  19.998, z= 570.029
  Detector : x=   0.000, y=   2.000, z= 704.000
  Obj rotY :   0.0000 deg
view   0 | SOD= 570.578 mm | SDD= 705.315 mm | M= 1.236 | incident=3.4990°
[[  81.363304   -564.1937      -25.001987  ]
 [ -18.660282    132.6673       17.998013  ]
 [   0.14814216    0.02083415    0.        ]
 [   0.            0.            0.1496    ]]
Residual vector length: 27, Jacobian shape: (27, 6)
view   0 | SOD= 570.563 mm | SDD= 705.315 mm | M= 1.236 | incident=3.4990°
[[  81.366394   -564.1778      -25.00156   ]
 [ -18.664064    132.68224      17.99844   ]
 [   0.14814195    0.02083561    0.        ]
 [   0.            0.            0.1496    ]]

iter 10 cost=0.029291 -> 0.032151 |dtheta|=1.380955e-02  lambda=5.000e-06

============================================================
Iteration 11
============================================================
Theta offsets (Unity frame):
  Source   : dSx=   0.000, dSy=   0.000, dSz=   0.000  (mm)
  Object   : dOx=  -6.001, dOy=   1.998, dOz= -14.972  (mm)
  Object offset: offset_x=   0.004, offset_z=  -0.002  (mm)
  Detector : dDx=   0.000, dDy=   0.000, dDz=   0.000  (mm)
  Obj Stage rotY :    8.005 deg
============================================================

Unity geometry (world coordinates):
  Source   : x=   2.000, y=  45.000, z=   0.000
  Object   : x=  -0.001, y=  19.998, z= 570.029
  Detector : x=   0.000, y=   2.000, z= 704.000
  Obj rotY :   0.0000 deg
view   0 | SOD= 570.578 mm | SDD= 705.315 mm | M= 1.236 | incident=3.4990°
[[  81.363304   -564.1937      -25.001987  ]
 [ -18.660282    132.6673       17.998013  ]
 [   0.14814216    0.02083415    0.        ]
 [   0.            0.            0.1496    ]]
Residual vector length: 27, Jacobian shape: (27, 6)
view   0 | SOD= 570.563 mm | SDD= 705.315 mm | M= 1.236 | incident=3.4990°
[[  81.366394   -564.1778      -25.00156   ]
 [ -18.664064    132.68224      17.99844   ]
 [   0.14814195    0.02083561    0.        ]
 [   0.            0.            0.1496    ]]

iter 11 cost=0.029291 -> 0.032151 |dtheta|=1.380939e-02  lambda=2.500e-05

============================================================
Iteration 12
============================================================
Theta offsets (Unity frame):
  Source   : dSx=   0.000, dSy=   0.000, dSz=   0.000  (mm)
  Object   : dOx=  -6.001, dOy=   1.998, dOz= -14.972  (mm)
  Object offset: offset_x=   0.004, offset_z=  -0.002  (mm)
  Detector : dDx=   0.000, dDy=   0.000, dDz=   0.000  (mm)
  Obj Stage rotY :    8.005 deg
============================================================

Unity geometry (world coordinates):
  Source   : x=   2.000, y=  45.000, z=   0.000
  Object   : x=  -0.001, y=  19.998, z= 570.029
  Detector : x=   0.000, y=   2.000, z= 704.000
  Obj rotY :   0.0000 deg
view   0 | SOD= 570.578 mm | SDD= 705.315 mm | M= 1.236 | incident=3.4990°
[[  81.363304   -564.1937      -25.001987  ]
 [ -18.660282    132.6673       17.998013  ]
 [   0.14814216    0.02083415    0.        ]
 [   0.            0.            0.1496    ]]
Residual vector length: 27, Jacobian shape: (27, 6)
view   0 | SOD= 570.563 mm | SDD= 705.315 mm | M= 1.236 | incident=3.4990°
[[  81.366394   -564.1778      -25.00156   ]
 [ -18.664064    132.68224      17.99844   ]
 [   0.14814195    0.02083561    0.        ]
 [   0.            0.            0.1496    ]]

iter 12 cost=0.029291 -> 0.032151 |dtheta|=1.380864e-02  lambda=1.250e-04

============================================================
Iteration 13
============================================================
Theta offsets (Unity frame):
  Source   : dSx=   0.000, dSy=   0.000, dSz=   0.000  (mm)
  Object   : dOx=  -6.001, dOy=   1.998, dOz= -14.972  (mm)
  Object offset: offset_x=   0.004, offset_z=  -0.002  (mm)
  Detector : dDx=   0.000, dDy=   0.000, dDz=   0.000  (mm)
  Obj Stage rotY :    8.005 deg
============================================================

Unity geometry (world coordinates):
  Source   : x=   2.000, y=  45.000, z=   0.000
  Object   : x=  -0.001, y=  19.998, z= 570.029
  Detector : x=   0.000, y=   2.000, z= 704.000
  Obj rotY :   0.0000 deg
view   0 | SOD= 570.578 mm | SDD= 705.315 mm | M= 1.236 | incident=3.4990°
[[  81.363304   -564.1937      -25.001987  ]
 [ -18.660282    132.6673       17.998013  ]
 [   0.14814216    0.02083415    0.        ]
 [   0.            0.            0.1496    ]]
Residual vector length: 27, Jacobian shape: (27, 6)
view   0 | SOD= 570.563 mm | SDD= 705.315 mm | M= 1.236 | incident=3.4990°
[[  81.366394   -564.1778      -25.00156   ]
 [ -18.664064    132.68224      17.99844   ]
 [   0.14814195    0.02083561    0.        ]
 [   0.            0.            0.1496    ]]

iter 13 cost=0.029291 -> 0.032151 |dtheta|=1.380487e-02  lambda=6.250e-04

============================================================
Iteration 14
============================================================
Theta offsets (Unity frame):
  Source   : dSx=   0.000, dSy=   0.000, dSz=   0.000  (mm)
  Object   : dOx=  -6.001, dOy=   1.998, dOz= -14.972  (mm)
  Object offset: offset_x=   0.004, offset_z=  -0.002  (mm)
  Detector : dDx=   0.000, dDy=   0.000, dDz=   0.000  (mm)
  Obj Stage rotY :    8.005 deg
============================================================

Unity geometry (world coordinates):
  Source   : x=   2.000, y=  45.000, z=   0.000
  Object   : x=  -0.001, y=  19.998, z= 570.029
  Detector : x=   0.000, y=   2.000, z= 704.000
  Obj rotY :   0.0000 deg
view   0 | SOD= 570.578 mm | SDD= 705.315 mm | M= 1.236 | incident=3.4990°
[[  81.363304   -564.1937      -25.001987  ]
 [ -18.660282    132.6673       17.998013  ]
 [   0.14814216    0.02083415    0.        ]
 [   0.            0.            0.1496    ]]
Residual vector length: 27, Jacobian shape: (27, 6)
view   0 | SOD= 570.563 mm | SDD= 705.315 mm | M= 1.236 | incident=3.4990°
[[  81.3664     -564.17786     -25.00156   ]
 [ -18.664057    132.68219      17.99844   ]
 [   0.14814195    0.02083561    0.        ]
 [   0.            0.            0.1496    ]]

iter 14 cost=0.029291 -> 0.032151 |dtheta|=1.378603e-02  lambda=3.125e-03

============================================================
Iteration 15
============================================================
Theta offsets (Unity frame):
  Source   : dSx=   0.000, dSy=   0.000, dSz=   0.000  (mm)
  Object   : dOx=  -6.001, dOy=   1.998, dOz= -14.972  (mm)
  Object offset: offset_x=   0.004, offset_z=  -0.002  (mm)
  Detector : dDx=   0.000, dDy=   0.000, dDz=   0.000  (mm)
  Obj Stage rotY :    8.005 deg
============================================================

Unity geometry (world coordinates):
  Source   : x=   2.000, y=  45.000, z=   0.000
  Object   : x=  -0.001, y=  19.998, z= 570.029
  Detector : x=   0.000, y=   2.000, z= 704.000
  Obj rotY :   0.0000 deg
view   0 | SOD= 570.578 mm | SDD= 705.315 mm | M= 1.236 | incident=3.4990°
[[  81.363304   -564.1937      -25.001987  ]
 [ -18.660282    132.6673       17.998013  ]
 [   0.14814216    0.02083415    0.        ]
 [   0.            0.            0.1496    ]]
Residual vector length: 27, Jacobian shape: (27, 6)
view   0 | SOD= 570.563 mm | SDD= 705.315 mm | M= 1.236 | incident=3.4990°
[[  81.36642    -564.1779      -25.001566  ]
 [ -18.66405     132.68213      17.998434  ]
 [   0.14814195    0.02083562    0.        ]
 [   0.            0.            0.1496    ]]

iter 15 cost=0.029291 -> 0.032151 |dtheta|=1.369265e-02  lambda=1.562e-02

============================================================
Iteration 16
============================================================
Theta offsets (Unity frame):
  Source   : dSx=   0.000, dSy=   0.000, dSz=   0.000  (mm)
  Object   : dOx=  -6.001, dOy=   1.998, dOz= -14.972  (mm)
  Object offset: offset_x=   0.004, offset_z=  -0.002  (mm)
  Detector : dDx=   0.000, dDy=   0.000, dDz=   0.000  (mm)
  Obj Stage rotY :    8.005 deg
============================================================

Unity geometry (world coordinates):
  Source   : x=   2.000, y=  45.000, z=   0.000
  Object   : x=  -0.001, y=  19.998, z= 570.029
  Detector : x=   0.000, y=   2.000, z= 704.000
  Obj rotY :   0.0000 deg
view   0 | SOD= 570.578 mm | SDD= 705.315 mm | M= 1.236 | incident=3.4990°
[[  81.363304   -564.1937      -25.001987  ]
 [ -18.660282    132.6673       17.998013  ]
 [   0.14814216    0.02083415    0.        ]
 [   0.            0.            0.1496    ]]
Residual vector length: 27, Jacobian shape: (27, 6)
view   0 | SOD= 570.564 mm | SDD= 705.315 mm | M= 1.236 | incident=3.4990°
[[  81.36652    -564.1784      -25.001587  ]
 [ -18.66398     132.68164      17.998413  ]
 [   0.14814195    0.02083562    0.        ]
 [   0.            0.            0.1496    ]]

iter 16 cost=0.029291 -> 0.032151 |dtheta|=1.324464e-02  lambda=7.812e-02

============================================================
Iteration 17
============================================================
Theta offsets (Unity frame):
  Source   : dSx=   0.000, dSy=   0.000, dSz=   0.000  (mm)
  Object   : dOx=  -6.001, dOy=   1.998, dOz= -14.972  (mm)
  Object offset: offset_x=   0.004, offset_z=  -0.002  (mm)
  Detector : dDx=   0.000, dDy=   0.000, dDz=   0.000  (mm)
  Obj Stage rotY :    8.005 deg
============================================================

Unity geometry (world coordinates):
  Source   : x=   2.000, y=  45.000, z=   0.000
  Object   : x=  -0.001, y=  19.998, z= 570.029
  Detector : x=   0.000, y=   2.000, z= 704.000
  Obj rotY :   0.0000 deg
view   0 | SOD= 570.578 mm | SDD= 705.315 mm | M= 1.236 | incident=3.4990°
[[  81.363304   -564.1937      -25.001987  ]
 [ -18.660282    132.6673       17.998013  ]
 [   0.14814216    0.02083415    0.        ]
 [   0.            0.            0.1496    ]]
Residual vector length: 27, Jacobian shape: (27, 6)
view   0 | SOD= 570.566 mm | SDD= 705.315 mm | M= 1.236 | incident=3.4990°
[[  81.36693    -564.18024     -25.00168   ]
 [ -18.663713    132.67976      17.99832   ]
 [   0.14814195    0.02083565    0.        ]
 [   0.            0.            0.1496    ]]

iter 17 cost=0.029291 -> 0.032151 |dtheta|=1.139352e-02  lambda=3.906e-01

============================================================
Iteration 18
============================================================
Theta offsets (Unity frame):
  Source   : dSx=   0.000, dSy=   0.000, dSz=   0.000  (mm)
  Object   : dOx=  -6.001, dOy=   1.998, dOz= -14.972  (mm)
  Object offset: offset_x=   0.004, offset_z=  -0.002  (mm)
  Detector : dDx=   0.000, dDy=   0.000, dDz=   0.000  (mm)
  Obj Stage rotY :    8.005 deg
============================================================

Unity geometry (world coordinates):
  Source   : x=   2.000, y=  45.000, z=   0.000
  Object   : x=  -0.001, y=  19.998, z= 570.029
  Detector : x=   0.000, y=   2.000, z= 704.000
  Obj rotY :   0.0000 deg
view   0 | SOD= 570.578 mm | SDD= 705.315 mm | M= 1.236 | incident=3.4990°
[[  81.363304   -564.1937      -25.001987  ]
 [ -18.660282    132.6673       17.998013  ]
 [   0.14814216    0.02083415    0.        ]
 [   0.            0.            0.1496    ]]
Residual vector length: 27, Jacobian shape: (27, 6)
view   0 | SOD= 570.570 mm | SDD= 705.315 mm | M= 1.236 | incident=3.4990°
[[  81.367905   -564.18494     -25.00191   ]
 [ -18.66303     132.67505      17.99809   ]
 [   0.14814194    0.02083572    0.        ]
 [   0.            0.            0.1496    ]]

iter 18 cost=0.029291 -> 0.030921 |dtheta|=6.828117e-03  lambda=1.953e+00

============================================================
Iteration 19
============================================================
Theta offsets (Unity frame):
  Source   : dSx=   0.000, dSy=   0.000, dSz=   0.000  (mm)
  Object   : dOx=  -6.001, dOy=   1.998, dOz= -14.972  (mm)
  Object offset: offset_x=   0.004, offset_z=  -0.002  (mm)
  Detector : dDx=   0.000, dDy=   0.000, dDz=   0.000  (mm)
  Obj Stage rotY :    8.005 deg
============================================================

Unity geometry (world coordinates):
  Source   : x=   2.000, y=  45.000, z=   0.000
  Object   : x=  -0.001, y=  19.998, z= 570.029
  Detector : x=   0.000, y=   2.000, z= 704.000
  Obj rotY :   0.0000 deg
view   0 | SOD= 570.578 mm | SDD= 705.315 mm | M= 1.236 | incident=3.4990°
[[  81.363304   -564.1937      -25.001987  ]
 [ -18.660282    132.6673       17.998013  ]
 [   0.14814216    0.02083415    0.        ]
 [   0.            0.            0.1496    ]]
Residual vector length: 27, Jacobian shape: (27, 6)
view   0 | SOD= 570.575 mm | SDD= 705.315 mm | M= 1.236 | incident=3.4990°
[[  81.36846    -564.1894      -25.002123  ]
 [ -18.662292    132.6706       17.997877  ]
 [   0.14814194    0.02083568    0.        ]
 [   0.            0.            0.1496    ]]

iter 19 cost=0.029291 -> 0.030921 |dtheta|=2.861284e-03  lambda=9.766e+00

============================================================
Iteration 20
============================================================
Theta offsets (Unity frame):
  Source   : dSx=   0.000, dSy=   0.000, dSz=   0.000  (mm)
  Object   : dOx=  -6.001, dOy=   1.998, dOz= -14.972  (mm)
  Object offset: offset_x=   0.004, offset_z=  -0.002  (mm)
  Detector : dDx=   0.000, dDy=   0.000, dDz=   0.000  (mm)
  Obj Stage rotY :    8.005 deg
============================================================

Unity geometry (world coordinates):
  Source   : x=   2.000, y=  45.000, z=   0.000
  Object   : x=  -0.001, y=  19.998, z= 570.029
  Detector : x=   0.000, y=   2.000, z= 704.000
  Obj rotY :   0.0000 deg
view   0 | SOD= 570.578 mm | SDD= 705.315 mm | M= 1.236 | incident=3.4990°
[[  81.363304   -564.1937      -25.001987  ]
 [ -18.660282    132.6673       17.998013  ]
 [   0.14814216    0.02083415    0.        ]
 [   0.            0.            0.1496    ]]
Residual vector length: 27, Jacobian shape: (27, 6)
view   0 | SOD= 570.577 mm | SDD= 705.315 mm | M= 1.236 | incident=3.4990°
[[  81.367226   -564.19135     -25.002182  ]
 [ -18.661648    132.6689       17.997818  ]
 [   0.148142      0.02083528    0.        ]
 [   0.            0.            0.1496    ]]

iter 20 cost=0.029291 -> 0.030968 |dtheta|=1.825443e-03  lambda=4.883e+01

============================================================
Iteration 21
============================================================
Theta offsets (Unity frame):
  Source   : dSx=   0.000, dSy=   0.000, dSz=   0.000  (mm)
  Object   : dOx=  -6.001, dOy=   1.998, dOz= -14.972  (mm)
  Object offset: offset_x=   0.004, offset_z=  -0.002  (mm)
  Detector : dDx=   0.000, dDy=   0.000, dDz=   0.000  (mm)
  Obj Stage rotY :    8.005 deg
============================================================

Unity geometry (world coordinates):
  Source   : x=   2.000, y=  45.000, z=   0.000
  Object   : x=  -0.001, y=  19.998, z= 570.029
  Detector : x=   0.000, y=   2.000, z= 704.000
  Obj rotY :   0.0000 deg
view   0 | SOD= 570.578 mm | SDD= 705.315 mm | M= 1.236 | incident=3.4990°
[[  81.363304   -564.1937      -25.001987  ]
 [ -18.660282    132.6673       17.998013  ]
 [   0.14814216    0.02083415    0.        ]
 [   0.            0.            0.1496    ]]
Residual vector length: 27, Jacobian shape: (27, 6)
view   0 | SOD= 570.577 mm | SDD= 705.315 mm | M= 1.236 | incident=3.4990°
[[  81.364716   -564.19244     -25.002132  ]
 [ -18.66091     132.66826      17.997868  ]
 [   0.1481421     0.02083459    0.        ]
 [   0.            0.            0.1496    ]]

iter 21 cost=0.029291 -> 0.030968 |dtheta|=1.309153e-03  lambda=2.441e+02

============================================================
Iteration 22
============================================================
Theta offsets (Unity frame):
  Source   : dSx=   0.000, dSy=   0.000, dSz=   0.000  (mm)
  Object   : dOx=  -6.001, dOy=   1.998, dOz= -14.972  (mm)
  Object offset: offset_x=   0.004, offset_z=  -0.002  (mm)
  Detector : dDx=   0.000, dDy=   0.000, dDz=   0.000  (mm)
  Obj Stage rotY :    8.005 deg
============================================================

Unity geometry (world coordinates):
  Source   : x=   2.000, y=  45.000, z=   0.000
  Object   : x=  -0.001, y=  19.998, z= 570.029
  Detector : x=   0.000, y=   2.000, z= 704.000
  Obj rotY :   0.0000 deg
view   0 | SOD= 570.578 mm | SDD= 705.315 mm | M= 1.236 | incident=3.4990°
[[  81.363304   -564.1937      -25.001987  ]
 [ -18.660282    132.6673       17.998013  ]
 [   0.14814216    0.02083415    0.        ]
 [   0.            0.            0.1496    ]]
Residual vector length: 27, Jacobian shape: (27, 6)
view   0 | SOD= 570.578 mm | SDD= 705.315 mm | M= 1.236 | incident=3.4990°
[[  81.36348    -564.19324     -25.002043  ]
 [ -18.660477    132.66771      17.997957  ]
 [   0.14814214    0.02083423    0.        ]
 [   0.            0.            0.1496    ]]

iter 22 cost=0.029291 -> 0.029834 |dtheta|=5.959992e-04  lambda=1.221e+03

============================================================
Iteration 23
============================================================
Theta offsets (Unity frame):
  Source   : dSx=   0.000, dSy=   0.000, dSz=   0.000  (mm)
  Object   : dOx=  -6.001, dOy=   1.998, dOz= -14.972  (mm)
  Object offset: offset_x=   0.004, offset_z=  -0.002  (mm)
  Detector : dDx=   0.000, dDy=   0.000, dDz=   0.000  (mm)
  Obj Stage rotY :    8.005 deg
============================================================

Unity geometry (world coordinates):
  Source   : x=   2.000, y=  45.000, z=   0.000
  Object   : x=  -0.001, y=  19.998, z= 570.029
  Detector : x=   0.000, y=   2.000, z= 704.000
  Obj rotY :   0.0000 deg
view   0 | SOD= 570.578 mm | SDD= 705.315 mm | M= 1.236 | incident=3.4990°
[[  81.363304   -564.1937      -25.001987  ]
 [ -18.660282    132.6673       17.998013  ]
 [   0.14814216    0.02083415    0.        ]
 [   0.            0.            0.1496    ]]
Residual vector length: 27, Jacobian shape: (27, 6)
view   0 | SOD= 570.578 mm | SDD= 705.315 mm | M= 1.236 | incident=3.4990°
[[  81.36331    -564.1936      -25.002     ]
 [ -18.66033     132.66742      17.998     ]
 [   0.14814216    0.02083416    0.        ]
 [   0.            0.            0.1496    ]]

iter 23 cost=0.029291 -> 0.030480 |dtheta|=1.614218e-04  lambda=6.104e+03

============================================================
Iteration 24
============================================================
Theta offsets (Unity frame):
  Source   : dSx=   0.000, dSy=   0.000, dSz=   0.000  (mm)
  Object   : dOx=  -6.001, dOy=   1.998, dOz= -14.972  (mm)
  Object offset: offset_x=   0.004, offset_z=  -0.002  (mm)
  Detector : dDx=   0.000, dDy=   0.000, dDz=   0.000  (mm)
  Obj Stage rotY :    8.005 deg
============================================================

Unity geometry (world coordinates):
  Source   : x=   2.000, y=  45.000, z=   0.000
  Object   : x=  -0.001, y=  19.998, z= 570.029
  Detector : x=   0.000, y=   2.000, z= 704.000
  Obj rotY :   0.0000 deg
view   0 | SOD= 570.578 mm | SDD= 705.315 mm | M= 1.236 | incident=3.4990°
[[  81.363304   -564.1937      -25.001987  ]
 [ -18.660282    132.6673       17.998013  ]
 [   0.14814216    0.02083415    0.        ]
 [   0.            0.            0.1496    ]]
Residual vector length: 27, Jacobian shape: (27, 6)
view   0 | SOD= 570.578 mm | SDD= 705.315 mm | M= 1.236 | incident=3.4990°
[[  81.363304   -564.1937      -25.00199   ]
 [ -18.660288    132.6673       17.99801   ]
 [   0.14814216    0.02083416    0.        ]
 [   0.            0.            0.1496    ]]

iter 24 cost=0.029291 -> 0.029291 |dtheta|=3.476658e-05  lambda=3.052e+04

============================================================
Iteration 25
============================================================
Theta offsets (Unity frame):
  Source   : dSx=   0.000, dSy=   0.000, dSz=   0.000  (mm)
  Object   : dOx=  -6.001, dOy=   1.998, dOz= -14.972  (mm)
  Object offset: offset_x=   0.004, offset_z=  -0.002  (mm)
  Detector : dDx=   0.000, dDy=   0.000, dDz=   0.000  (mm)
  Obj Stage rotY :    8.005 deg
============================================================

Unity geometry (world coordinates):
  Source   : x=   2.000, y=  45.000, z=   0.000
  Object   : x=  -0.001, y=  19.998, z= 570.029
  Detector : x=   0.000, y=   2.000, z= 704.000
  Obj rotY :   0.0000 deg
view   0 | SOD= 570.578 mm | SDD= 705.315 mm | M= 1.236 | incident=3.4990°
[[  81.363304   -564.1937      -25.001987  ]
 [ -18.660282    132.6673       17.998013  ]
 [   0.14814216    0.02083415    0.        ]
 [   0.            0.            0.1496    ]]
Residual vector length: 27, Jacobian shape: (27, 6)
view   0 | SOD= 570.578 mm | SDD= 705.315 mm | M= 1.236 | incident=3.4990°
[[  81.363304   -564.1937      -25.001987  ]
 [ -18.660284    132.6673       17.998013  ]
 [   0.14814216    0.02083415    0.        ]
 [   0.            0.            0.1496    ]]

iter 25 cost=0.029291 -> 0.029291 |dtheta|=7.062121e-06  lambda=1.526e+05

============================================================
Iteration 26
============================================================
Theta offsets (Unity frame):
  Source   : dSx=   0.000, dSy=   0.000, dSz=   0.000  (mm)
  Object   : dOx=  -6.001, dOy=   1.998, dOz= -14.972  (mm)
  Object offset: offset_x=   0.004, offset_z=  -0.002  (mm)
  Detector : dDx=   0.000, dDy=   0.000, dDz=   0.000  (mm)
  Obj Stage rotY :    8.005 deg
============================================================

Unity geometry (world coordinates):
  Source   : x=   2.000, y=  45.000, z=   0.000
  Object   : x=  -0.001, y=  19.998, z= 570.029
  Detector : x=   0.000, y=   2.000, z= 704.000
  Obj rotY :   0.0000 deg
view   0 | SOD= 570.578 mm | SDD= 705.315 mm | M= 1.236 | incident=3.4990°
[[  81.363304   -564.1937      -25.001987  ]
 [ -18.660282    132.6673       17.998013  ]
 [   0.14814216    0.02083415    0.        ]
 [   0.            0.            0.1496    ]]
Residual vector length: 27, Jacobian shape: (27, 6)
view   0 | SOD= 570.578 mm | SDD= 705.315 mm | M= 1.236 | incident=3.4990°
[[  81.363304   -564.1937      -25.001987  ]
 [ -18.660282    132.6673       17.998013  ]
 [   0.14814216    0.02083415    0.        ]
 [   0.            0.            0.1496    ]]

iter 26 cost=0.029291 -> 0.029291 |dtheta|=1.416860e-06  lambda=7.629e+05

============================================================
Iteration 27
============================================================
Theta offsets (Unity frame):
  Source   : dSx=   0.000, dSy=   0.000, dSz=   0.000  (mm)
  Object   : dOx=  -6.001, dOy=   1.998, dOz= -14.972  (mm)
  Object offset: offset_x=   0.004, offset_z=  -0.002  (mm)
  Detector : dDx=   0.000, dDy=   0.000, dDz=   0.000  (mm)
  Obj Stage rotY :    8.005 deg
============================================================

Unity geometry (world coordinates):
  Source   : x=   2.000, y=  45.000, z=   0.000
  Object   : x=  -0.001, y=  19.998, z= 570.029
  Detector : x=   0.000, y=   2.000, z= 704.000
  Obj rotY :   0.0000 deg
view   0 | SOD= 570.578 mm | SDD= 705.315 mm | M= 1.236 | incident=3.4990°
[[  81.363304   -564.1937      -25.001987  ]
 [ -18.660282    132.6673       17.998013  ]
 [   0.14814216    0.02083415    0.        ]
 [   0.            0.            0.1496    ]]
Residual vector length: 27, Jacobian shape: (27, 6)
view   0 | SOD= 570.578 mm | SDD= 705.315 mm | M= 1.236 | incident=3.4990°
[[  81.363304   -564.1937      -25.001987  ]
 [ -18.660282    132.6673       17.998013  ]
 [   0.14814216    0.02083415    0.        ]
 [   0.            0.            0.1496    ]]

iter 27 cost=0.029291 -> 0.029291 |dtheta|=1.081180e-06  lambda=1.000e+06

============================================================
Iteration 28
============================================================
Theta offsets (Unity frame):
  Source   : dSx=   0.000, dSy=   0.000, dSz=   0.000  (mm)
  Object   : dOx=  -6.001, dOy=   1.998, dOz= -14.972  (mm)
  Object offset: offset_x=   0.004, offset_z=  -0.002  (mm)
  Detector : dDx=   0.000, dDy=   0.000, dDz=   0.000  (mm)
  Obj Stage rotY :    8.005 deg
============================================================

Unity geometry (world coordinates):
  Source   : x=   2.000, y=  45.000, z=   0.000
  Object   : x=  -0.001, y=  19.998, z= 570.029
  Detector : x=   0.000, y=   2.000, z= 704.000
  Obj rotY :   0.0000 deg
view   0 | SOD= 570.578 mm | SDD= 705.315 mm | M= 1.236 | incident=3.4990°
[[  81.363304   -564.1937      -25.001987  ]
 [ -18.660282    132.6673       17.998013  ]
 [   0.14814216    0.02083415    0.        ]
 [   0.            0.            0.1496    ]]
Residual vector length: 27, Jacobian shape: (27, 6)
view   0 | SOD= 570.578 mm | SDD= 705.315 mm | M= 1.236 | incident=3.4990°
[[  81.363304   -564.1937      -25.001987  ]
 [ -18.660282    132.6673       17.998013  ]
 [   0.14814216    0.02083415    0.        ]
 [   0.            0.            0.1496    ]]

iter 28 cost=0.029291 -> 0.029291 |dtheta|=1.081180e-06  lambda=1.000e+06

============================================================
Iteration 29
============================================================
Theta offsets (Unity frame):
  Source   : dSx=   0.000, dSy=   0.000, dSz=   0.000  (mm)
  Object   : dOx=  -6.001, dOy=   1.998, dOz= -14.972  (mm)
  Object offset: offset_x=   0.004, offset_z=  -0.002  (mm)
  Detector : dDx=   0.000, dDy=   0.000, dDz=   0.000  (mm)
  Obj Stage rotY :    8.005 deg
============================================================

Unity geometry (world coordinates):
  Source   : x=   2.000, y=  45.000, z=   0.000
  Object   : x=  -0.001, y=  19.998, z= 570.029
  Detector : x=   0.000, y=   2.000, z= 704.000
  Obj rotY :   0.0000 deg
view   0 | SOD= 570.578 mm | SDD= 705.315 mm | M= 1.236 | incident=3.4990°
[[  81.363304   -564.1937      -25.001987  ]
 [ -18.660282    132.6673       17.998013  ]
 [   0.14814216    0.02083415    0.        ]
 [   0.            0.            0.1496    ]]
Residual vector length: 27, Jacobian shape: (27, 6)
view   0 | SOD= 570.578 mm | SDD= 705.315 mm | M= 1.236 | incident=3.4990°
[[  81.363304   -564.1937      -25.001987  ]
 [ -18.660282    132.6673       17.998013  ]
 [   0.14814216    0.02083415    0.        ]
 [   0.            0.            0.1496    ]]

iter 29 cost=0.029291 -> 0.029291 |dtheta|=1.081180e-06  lambda=1.000e+06

============================================================
Iteration 30
============================================================
Theta offsets (Unity frame):
  Source   : dSx=   0.000, dSy=   0.000, dSz=   0.000  (mm)
  Object   : dOx=  -6.001, dOy=   1.998, dOz= -14.972  (mm)
  Object offset: offset_x=   0.004, offset_z=  -0.002  (mm)
  Detector : dDx=   0.000, dDy=   0.000, dDz=   0.000  (mm)
  Obj Stage rotY :    8.005 deg
============================================================

Unity geometry (world coordinates):
  Source   : x=   2.000, y=  45.000, z=   0.000
  Object   : x=  -0.001, y=  19.998, z= 570.029
  Detector : x=   0.000, y=   2.000, z= 704.000
  Obj rotY :   0.0000 deg
view   0 | SOD= 570.578 mm | SDD= 705.315 mm | M= 1.236 | incident=3.4990°
[[  81.363304   -564.1937      -25.001987  ]
 [ -18.660282    132.6673       17.998013  ]
 [   0.14814216    0.02083415    0.        ]
 [   0.            0.            0.1496    ]]
Residual vector length: 27, Jacobian shape: (27, 6)
view   0 | SOD= 570.578 mm | SDD= 705.315 mm | M= 1.236 | incident=3.4990°
[[  81.363304   -564.1937      -25.001987  ]
 [ -18.660282    132.6673       17.998013  ]
 [   0.14814216    0.02083415    0.        ]
 [   0.            0.            0.1496    ]]

iter 30 cost=0.029291 -> 0.029291 |dtheta|=1.081180e-06  lambda=1.000e+06

============================================================
Iteration 31
============================================================
Theta offsets (Unity frame):
  Source   : dSx=   0.000, dSy=   0.000, dSz=   0.000  (mm)
  Object   : dOx=  -6.001, dOy=   1.998, dOz= -14.972  (mm)
  Object offset: offset_x=   0.004, offset_z=  -0.002  (mm)
  Detector : dDx=   0.000, dDy=   0.000, dDz=   0.000  (mm)
  Obj Stage rotY :    8.005 deg
============================================================

Unity geometry (world coordinates):
  Source   : x=   2.000, y=  45.000, z=   0.000
  Object   : x=  -0.001, y=  19.998, z= 570.029
  Detector : x=   0.000, y=   2.000, z= 704.000
  Obj rotY :   0.0000 deg
view   0 | SOD= 570.578 mm | SDD= 705.315 mm | M= 1.236 | incident=3.4990°
[[  81.363304   -564.1937      -25.001987  ]
 [ -18.660282    132.6673       17.998013  ]
 [   0.14814216    0.02083415    0.        ]
 [   0.            0.            0.1496    ]]
Residual vector length: 27, Jacobian shape: (27, 6)
view   0 | SOD= 570.578 mm | SDD= 705.315 mm | M= 1.236 | incident=3.4990°
[[  81.363304   -564.1937      -25.001987  ]
 [ -18.660282    132.6673       17.998013  ]
 [   0.14814216    0.02083415    0.        ]
 [   0.            0.            0.1496    ]]

iter 31 cost=0.029291 -> 0.029291 |dtheta|=1.081180e-06  lambda=1.000e+06

============================================================
Iteration 32
============================================================
Theta offsets (Unity frame):
  Source   : dSx=   0.000, dSy=   0.000, dSz=   0.000  (mm)
  Object   : dOx=  -6.001, dOy=   1.998, dOz= -14.972  (mm)
  Object offset: offset_x=   0.004, offset_z=  -0.002  (mm)
  Detector : dDx=   0.000, dDy=   0.000, dDz=   0.000  (mm)
  Obj Stage rotY :    8.005 deg
============================================================

Unity geometry (world coordinates):
  Source   : x=   2.000, y=  45.000, z=   0.000
  Object   : x=  -0.001, y=  19.998, z= 570.029
  Detector : x=   0.000, y=   2.000, z= 704.000
  Obj rotY :   0.0000 deg
view   0 | SOD= 570.578 mm | SDD= 705.315 mm | M= 1.236 | incident=3.4990°
[[  81.363304   -564.1937      -25.001987  ]
 [ -18.660282    132.6673       17.998013  ]
 [   0.14814216    0.02083415    0.        ]
 [   0.            0.            0.1496    ]]
Residual vector length: 27, Jacobian shape: (27, 6)
view   0 | SOD= 570.578 mm | SDD= 705.315 mm | M= 1.236 | incident=3.4990°
[[  81.363304   -564.1937      -25.001987  ]
 [ -18.660282    132.6673       17.998013  ]
 [   0.14814216    0.02083415    0.        ]
 [   0.            0.            0.1496    ]]

iter 32 cost=0.029291 -> 0.029291 |dtheta|=1.081180e-06  lambda=1.000e+06

============================================================
Iteration 33
============================================================
Theta offsets (Unity frame):
  Source   : dSx=   0.000, dSy=   0.000, dSz=   0.000  (mm)
  Object   : dOx=  -6.001, dOy=   1.998, dOz= -14.972  (mm)
  Object offset: offset_x=   0.004, offset_z=  -0.002  (mm)
  Detector : dDx=   0.000, dDy=   0.000, dDz=   0.000  (mm)
  Obj Stage rotY :    8.005 deg
============================================================

Unity geometry (world coordinates):
  Source   : x=   2.000, y=  45.000, z=   0.000
  Object   : x=  -0.001, y=  19.998, z= 570.029
  Detector : x=   0.000, y=   2.000, z= 704.000
  Obj rotY :   0.0000 deg
view   0 | SOD= 570.578 mm | SDD= 705.315 mm | M= 1.236 | incident=3.4990°
[[  81.363304   -564.1937      -25.001987  ]
 [ -18.660282    132.6673       17.998013  ]
 [   0.14814216    0.02083415    0.        ]
 [   0.            0.            0.1496    ]]
Residual vector length: 27, Jacobian shape: (27, 6)
view   0 | SOD= 570.578 mm | SDD= 705.315 mm | M= 1.236 | incident=3.4990°
[[  81.363304   -564.1937      -25.001987  ]
 [ -18.660282    132.6673       17.998013  ]
 [   0.14814216    0.02083415    0.        ]
 [   0.            0.            0.1496    ]]

iter 33 cost=0.029291 -> 0.029291 |dtheta|=1.081180e-06  lambda=1.000e+06
Stalled.

Estimated theta:
  dSx: +0.000000
  dSy: +0.000000
  dOx: -6.001149
  dOy: +1.998012
  dOz: -14.971505
  dDx: +0.000000
  dDy: +0.000000
  dDz: +0.000000
alpha: +8.005359e+00 deg)
offset_x: +0.003579
offset_z: -0.001686

Final cost table:
Fake theta: [  0.   0.  -6.   2. -15.   0.   0.   0.   8.   0.   0.]
Final estimated theta: [  0.           0.          -6.00114943   1.99801237 -14.97150497
   0.           0.           0.           8.00535941   0.00357887
  -0.0016864 ]
Diff from Expected: [ 0.          0.         -0.00114943 -0.00198763  0.02849503  0.
  0.          0.          0.00535941  0.00357887 -0.0016864 ]
################################################################################

