Phantom already exists, skipping: cuboid_phantom_3_square.npy

################################################################################
Running cuboid=square scenario=G4 N_ANGLES=10, K=3
view   0 | SOD= 570.594 mm | SDD= 809.425 mm | M= 1.419 | incident=3.4005°
[[  33.809837   -568.99725     -26.        ]
 [ -13.700238    237.60535      22.        ]
 [   0.14935194    0.00861158    0.        ]
 [   0.            0.            0.1496    ]]
          image          x1          y1  area1          x2          y2  area2          x3          y3  area3
0  proj_000.png  583.838123  194.408046   1044  370.288118  299.662461    951  583.877885  426.827885   1040
1  proj_001.png  490.930841  195.342056   1070  459.486828  297.928346    949  490.912347  429.598492   1061
2  proj_002.png  391.090823  194.785241   1057  554.033578  298.847849    953  391.159393  428.146110   1054
3  proj_003.png  325.608782  192.881238   1002  620.116910  302.069937    958  325.614000  423.039000   1000
4  proj_004.png  318.727461  190.481865    965  632.816532  306.623992    992  318.710581  416.461618    964
5  proj_005.png  370.278947  188.405263    950  583.841300  310.566922   1046  370.232534  410.910323    959
6  proj_006.png  459.494180  187.482540    945  490.954163  312.562208   1069  459.515312  408.369588    947
7  proj_007.png  554.014721  188.000000    951  391.104167  311.519886   1056  554.034555  409.804188    955
8  proj_008.png  620.196875  189.790625    960  325.666002  307.968096   1003  620.179433  414.495278    953
9  proj_009.png  632.720930  192.157735    989  318.710581  303.461618    964  632.719192  421.000000    990

============================================================
Iteration 0
============================================================
Theta offsets (Unity frame):
  Source   : dSx=   0.000, dSy=   0.000, dSz=   0.000  (mm)
  Object   : dOx=   0.000, dOy=   0.000, dOz=   0.000  (mm)
  Object offset: offset_x=   0.000, offset_z=   0.000  (mm)
  Detector : dDx=   0.000, dDy=   0.000, dDz=   0.000  (mm)
  Obj Stage rotY :    0.000 deg
============================================================

Unity geometry (world coordinates):
  Source   : x=   1.000, y=  46.000, z=   0.000
  Object   : x=  12.000, y=  17.000, z= 583.000
  Detector : x=   0.000, y=  -2.000, z= 808.000
  Obj rotY :   0.0000 deg
view   0 | SOD= 583.824 mm | SDD= 809.425 mm | M= 1.386 | incident=3.4005°
[[ -11.     -583.      -29.    ]
 [ -12.      225.       19.    ]
 [   0.1496    0.        0.    ]
 [   0.        0.        0.1496]]
Residual vector length: 90, Jacobian shape: (90, 6)
view   0 | SOD= 581.681 mm | SDD= 809.425 mm | M= 1.392 | incident=3.4005°
[[  27.340805   -580.43445     -26.469835  ]
 [ -10.27204     226.69025      21.530165  ]
 [   0.14944632    0.006779      0.        ]
 [   0.            0.            0.1496    ]]

iter 00 cost=196999.445608 -> 648.152948 |dtheta|=1.261686e+01  lambda=1.000e-02

============================================================
Iteration 1
============================================================
Theta offsets (Unity frame):
  Source   : dSx=   0.000, dSy=   0.000, dSz=   0.000  (mm)
  Object   : dOx= -11.971, dOy=   2.530, dOz=  -1.627  (mm)
  Object offset: offset_x=  -0.040, offset_z=  -0.296  (mm)
  Detector : dDx=   0.000, dDy=   0.000, dDz=   0.000  (mm)
  Obj Stage rotY :    2.597 deg
============================================================

Unity geometry (world coordinates):
  Source   : x=   1.000, y=  46.000, z=   0.000
  Object   : x=   0.029, y=  19.530, z= 581.373
  Detector : x=   0.000, y=  -2.000, z= 808.000
  Obj rotY :   0.0000 deg
view   0 | SOD= 581.681 mm | SDD= 809.425 mm | M= 1.392 | incident=3.4005°
[[  27.340805   -580.43445     -26.469835  ]
 [ -10.27204     226.69025      21.530165  ]
 [   0.14944632    0.006779      0.        ]
 [   0.            0.            0.1496    ]]
Residual vector length: 90, Jacobian shape: (90, 6)
view   0 | SOD= 574.796 mm | SDD= 809.425 mm | M= 1.408 | incident=3.4005°
[[  32.026394   -573.3036      -26.21687   ]
 [ -12.644542    233.46123      21.78313   ]
 [   0.14938132    0.00808588    0.        ]
 [   0.            0.            0.1496    ]]

iter 01 cost=648.152948 -> 77.631486 |dtheta|=7.161190e+00  lambda=3.333e-03

============================================================
Iteration 2
============================================================
Theta offsets (Unity frame):
  Source   : dSx=   0.000, dSy=   0.000, dSz=   0.000  (mm)
  Object   : dOx= -12.016, dOy=   2.783, dOz=  -8.761  (mm)
  Object offset: offset_x=   0.023, offset_z=  -0.042  (mm)
  Detector : dDx=   0.000, dDy=   0.000, dDz=   0.000  (mm)
  Obj Stage rotY :    3.098 deg
============================================================

Unity geometry (world coordinates):
  Source   : x=   1.000, y=  46.000, z=   0.000
  Object   : x=  -0.016, y=  19.783, z= 574.239
  Detector : x=   0.000, y=  -2.000, z= 808.000
  Obj rotY :   0.0000 deg
view   0 | SOD= 574.796 mm | SDD= 809.425 mm | M= 1.408 | incident=3.4005°
[[  32.026394   -573.3036      -26.21687   ]
 [ -12.644542    233.46123      21.78313   ]
 [   0.14938132    0.00808588    0.        ]
 [   0.            0.            0.1496    ]]
Residual vector length: 90, Jacobian shape: (90, 6)
view   0 | SOD= 572.582 mm | SDD= 809.425 mm | M= 1.414 | incident=3.4005°
[[  33.229713   -571.0207      -26.092813  ]
 [ -13.322525    235.63779      21.907187  ]
 [   0.14936206    0.00843422    0.        ]
 [   0.            0.            0.1496    ]]

iter 02 cost=77.631486 -> 14.736284 |dtheta|=2.304748e+00  lambda=1.111e-03

============================================================
Iteration 3
============================================================
Theta offsets (Unity frame):
  Source   : dSx=   0.000, dSy=   0.000, dSz=   0.000  (mm)
  Object   : dOx= -12.023, dOy=   2.907, dOz= -11.057  (mm)
  Object offset: offset_x=   0.039, offset_z=   0.043  (mm)
  Detector : dDx=   0.000, dDy=   0.000, dDz=   0.000  (mm)
  Obj Stage rotY :    3.232 deg
============================================================

Unity geometry (world coordinates):
  Source   : x=   1.000, y=  46.000, z=   0.000
  Object   : x=  -0.023, y=  19.907, z= 571.943
  Detector : x=   0.000, y=  -2.000, z= 808.000
  Obj rotY :   0.0000 deg
view   0 | SOD= 572.582 mm | SDD= 809.425 mm | M= 1.414 | incident=3.4005°
[[  33.229713   -571.0207      -26.092813  ]
 [ -13.322525    235.63779      21.907187  ]
 [   0.14936206    0.00843422    0.        ]
 [   0.            0.            0.1496    ]]
Residual vector length: 90, Jacobian shape: (90, 6)
view   0 | SOD= 571.492 mm | SDD= 809.425 mm | M= 1.416 | incident=3.4005°
[[  34.247364   -569.87        -26.038158  ]
 [ -13.835216    236.69873      21.961842  ]
 [   0.14934579    0.00871758    0.        ]
 [   0.            0.            0.1496    ]]

iter 03 cost=14.736284 -> 2.819346 |dtheta|=1.055536e+00  lambda=3.704e-04

============================================================
Iteration 4
============================================================
Theta offsets (Unity frame):
  Source   : dSx=   0.000, dSy=   0.000, dSz=   0.000  (mm)
  Object   : dOx= -12.005, dOy=   2.962, dOz= -12.104  (mm)
  Object offset: offset_x=   0.024, offset_z=   0.002  (mm)
  Detector : dDx=   0.000, dDy=   0.000, dDz=   0.000  (mm)
  Obj Stage rotY :    3.341 deg
============================================================

Unity geometry (world coordinates):
  Source   : x=   1.000, y=  46.000, z=   0.000
  Object   : x=  -0.005, y=  19.962, z= 570.896
  Detector : x=   0.000, y=  -2.000, z= 808.000
  Obj rotY :   0.0000 deg
view   0 | SOD= 571.492 mm | SDD= 809.425 mm | M= 1.416 | incident=3.4005°
[[  34.247364   -569.87        -26.038158  ]
 [ -13.835216    236.69873      21.961842  ]
 [   0.14934579    0.00871758    0.        ]
 [   0.            0.            0.1496    ]]
Residual vector length: 90, Jacobian shape: (90, 6)
view   0 | SOD= 570.997 mm | SDD= 809.425 mm | M= 1.418 | incident=3.4005°
[[  33.735565   -569.4047      -26.025198  ]
 [ -13.63839     237.2059       21.974802  ]
 [   0.14935338    0.00858637    0.        ]
 [   0.            0.            0.1496    ]]

iter 04 cost=2.819346 -> 0.695616 |dtheta|=5.026139e-01  lambda=1.235e-04

============================================================
Iteration 5
============================================================
Theta offsets (Unity frame):
  Source   : dSx=   0.000, dSy=   0.000, dSz=   0.000  (mm)
  Object   : dOx= -12.003, dOy=   2.975, dOz= -12.604  (mm)
  Object offset: offset_x=   0.004, offset_z=   0.006  (mm)
  Detector : dDx=   0.000, dDy=   0.000, dDz=   0.000  (mm)
  Obj Stage rotY :    3.290 deg
============================================================

Unity geometry (world coordinates):
  Source   : x=   1.000, y=  46.000, z=   0.000
  Object   : x=  -0.003, y=  19.975, z= 570.396
  Detector : x=   0.000, y=  -2.000, z= 808.000
  Obj rotY :   0.0000 deg
view   0 | SOD= 570.997 mm | SDD= 809.425 mm | M= 1.418 | incident=3.4005°
[[  33.735565   -569.4047      -26.025198  ]
 [ -13.63839     237.2059       21.974802  ]
 [   0.14935338    0.00858637    0.        ]
 [   0.            0.            0.1496    ]]
Residual vector length: 90, Jacobian shape: (90, 6)
view   0 | SOD= 570.783 mm | SDD= 809.425 mm | M= 1.418 | incident=3.4005°
[[  33.715847   -569.19214     -26.014633  ]
 [ -13.648472    237.41905      21.985367  ]
 [   0.14935349    0.00858459    0.        ]
 [   0.            0.            0.1496    ]]

iter 05 cost=0.695616 -> 0.423991 |dtheta|=2.076103e-01  lambda=4.115e-05

============================================================
Iteration 6
============================================================
Theta offsets (Unity frame):
  Source   : dSx=   0.000, dSy=   0.000, dSz=   0.000  (mm)
  Object   : dOx= -12.002, dOy=   2.985, dOz= -12.811  (mm)
  Object offset: offset_x=   0.004, offset_z=   0.000  (mm)
  Detector : dDx=   0.000, dDy=   0.000, dDz=   0.000  (mm)
  Obj Stage rotY :    3.290 deg
============================================================

Unity geometry (world coordinates):
  Source   : x=   1.000, y=  46.000, z=   0.000
  Object   : x=  -0.002, y=  19.985, z= 570.189
  Detector : x=   0.000, y=  -2.000, z= 808.000
  Obj rotY :   0.0000 deg
view   0 | SOD= 570.783 mm | SDD= 809.425 mm | M= 1.418 | incident=3.4005°
[[  33.715847   -569.19214     -26.014633  ]
 [ -13.648472    237.41905      21.985367  ]
 [   0.14935349    0.00858459    0.        ]
 [   0.            0.            0.1496    ]]
Residual vector length: 90, Jacobian shape: (90, 6)
view   0 | SOD= 570.722 mm | SDD= 809.425 mm | M= 1.418 | incident=3.4005°
[[  33.771553   -569.1276      -26.009365  ]
 [ -13.677625    237.47858      21.990635  ]
 [   0.14935258    0.0086003     0.        ]
 [   0.            0.            0.1496    ]]

iter 06 cost=0.423991 -> 0.347112 |dtheta|=6.305476e-02  lambda=1.372e-05

============================================================
Iteration 7
============================================================
Theta offsets (Unity frame):
  Source   : dSx=   0.000, dSy=   0.000, dSz=   0.000  (mm)
  Object   : dOx= -12.001, dOy=   2.991, dOz= -12.874  (mm)
  Object offset: offset_x=   0.004, offset_z=   0.001  (mm)
  Detector : dDx=   0.000, dDy=   0.000, dDz=   0.000  (mm)
  Obj Stage rotY :    3.296 deg
============================================================

Unity geometry (world coordinates):
  Source   : x=   1.000, y=  46.000, z=   0.000
  Object   : x=  -0.001, y=  19.991, z= 570.126
  Detector : x=   0.000, y=  -2.000, z= 808.000
  Obj rotY :   0.0000 deg
view   0 | SOD= 570.722 mm | SDD= 809.425 mm | M= 1.418 | incident=3.4005°
[[  33.771553   -569.1276      -26.009365  ]
 [ -13.677625    237.47858      21.990635  ]
 [   0.14935258    0.0086003     0.        ]
 [   0.            0.            0.1496    ]]
Residual vector length: 90, Jacobian shape: (90, 6)
view   0 | SOD= 570.694 mm | SDD= 809.425 mm | M= 1.418 | incident=3.4005°
[[  33.78456    -569.099       -26.007206  ]
 [ -13.686116    237.50597      21.992794  ]
 [   0.14935236    0.00860428    0.        ]
 [   0.            0.            0.1496    ]]

iter 07 cost=0.347112 -> 0.345398 |dtheta|=2.654211e-02  lambda=4.572e-06

============================================================
Iteration 8
============================================================
Theta offsets (Unity frame):
  Source   : dSx=   0.000, dSy=   0.000, dSz=   0.000  (mm)
  Object   : dOx= -12.001, dOy=   2.993, dOz= -12.900  (mm)
  Object offset: offset_x=   0.004, offset_z=   0.000  (mm)
  Detector : dDx=   0.000, dDy=   0.000, dDz=   0.000  (mm)
  Obj Stage rotY :    3.297 deg
============================================================

Unity geometry (world coordinates):
  Source   : x=   1.000, y=  46.000, z=   0.000
  Object   : x=  -0.001, y=  19.993, z= 570.100
  Detector : x=   0.000, y=  -2.000, z= 808.000
  Obj rotY :   0.0000 deg
view   0 | SOD= 570.694 mm | SDD= 809.425 mm | M= 1.418 | incident=3.4005°
[[  33.78456    -569.099       -26.007206  ]
 [ -13.686116    237.50597      21.992794  ]
 [   0.14935236    0.00860428    0.        ]
 [   0.            0.            0.1496    ]]
Residual vector length: 90, Jacobian shape: (90, 6)
view   0 | SOD= 570.669 mm | SDD= 809.425 mm | M= 1.418 | incident=3.4005°
[[  33.711758   -569.0786      -26.005737  ]
 [ -13.65606     237.5324       21.994263  ]
 [   0.14935344    0.00858524    0.        ]
 [   0.            0.            0.1496    ]]

iter 08 cost=0.345398 -> 0.316070 |dtheta|=2.695590e-02  lambda=1.524e-06

============================================================
Iteration 9
============================================================
Theta offsets (Unity frame):
  Source   : dSx=   0.000, dSy=   0.000, dSz=   0.000  (mm)
  Object   : dOx= -12.001, dOy=   2.994, dOz= -12.926  (mm)
  Object offset: offset_x=   0.003, offset_z=   0.001  (mm)
  Detector : dDx=   0.000, dDy=   0.000, dDz=   0.000  (mm)
  Obj Stage rotY :    3.290 deg
============================================================

Unity geometry (world coordinates):
  Source   : x=   1.000, y=  46.000, z=   0.000
  Object   : x=  -0.001, y=  19.994, z= 570.074
  Detector : x=   0.000, y=  -2.000, z= 808.000
  Obj rotY :   0.0000 deg
view   0 | SOD= 570.669 mm | SDD= 809.425 mm | M= 1.418 | incident=3.4005°
[[  33.711758   -569.0786      -26.005737  ]
 [ -13.65606     237.5324       21.994263  ]
 [   0.14935344    0.00858524    0.        ]
 [   0.            0.            0.1496    ]]
Residual vector length: 90, Jacobian shape: (90, 6)
view   0 | SOD= 570.655 mm | SDD= 809.425 mm | M= 1.418 | incident=3.4005°
[[  33.725395   -569.0639      -26.004814  ]
 [ -13.662904    237.54588      21.995186  ]
 [   0.14935324    0.00858903    0.        ]
 [   0.            0.            0.1496    ]]

iter 09 cost=0.316070 -> 0.319050 |dtheta|=1.254102e-02  lambda=1.000e-06

============================================================
Iteration 10
============================================================
Theta offsets (Unity frame):
  Source   : dSx=   0.000, dSy=   0.000, dSz=   0.000  (mm)
  Object   : dOx= -12.001, dOy=   2.994, dOz= -12.926  (mm)
  Object offset: offset_x=   0.003, offset_z=   0.001  (mm)
  Detector : dDx=   0.000, dDy=   0.000, dDz=   0.000  (mm)
  Obj Stage rotY :    3.290 deg
============================================================

Unity geometry (world coordinates):
  Source   : x=   1.000, y=  46.000, z=   0.000
  Object   : x=  -0.001, y=  19.994, z= 570.074
  Detector : x=   0.000, y=  -2.000, z= 808.000
  Obj rotY :   0.0000 deg
view   0 | SOD= 570.669 mm | SDD= 809.425 mm | M= 1.418 | incident=3.4005°
[[  33.711758   -569.0786      -26.005737  ]
 [ -13.65606     237.5324       21.994263  ]
 [   0.14935344    0.00858524    0.        ]
 [   0.            0.            0.1496    ]]
Residual vector length: 90, Jacobian shape: (90, 6)
view   0 | SOD= 570.655 mm | SDD= 809.425 mm | M= 1.418 | incident=3.4005°
[[  33.725395   -569.0639      -26.004814  ]
 [ -13.662904    237.54588      21.995186  ]
 [   0.14935324    0.00858903    0.        ]
 [   0.            0.            0.1496    ]]

iter 10 cost=0.316070 -> 0.319050 |dtheta|=1.254101e-02  lambda=5.000e-06

============================================================
Iteration 11
============================================================
Theta offsets (Unity frame):
  Source   : dSx=   0.000, dSy=   0.000, dSz=   0.000  (mm)
  Object   : dOx= -12.001, dOy=   2.994, dOz= -12.926  (mm)
  Object offset: offset_x=   0.003, offset_z=   0.001  (mm)
  Detector : dDx=   0.000, dDy=   0.000, dDz=   0.000  (mm)
  Obj Stage rotY :    3.290 deg
============================================================

Unity geometry (world coordinates):
  Source   : x=   1.000, y=  46.000, z=   0.000
  Object   : x=  -0.001, y=  19.994, z= 570.074
  Detector : x=   0.000, y=  -2.000, z= 808.000
  Obj rotY :   0.0000 deg
view   0 | SOD= 570.669 mm | SDD= 809.425 mm | M= 1.418 | incident=3.4005°
[[  33.711758   -569.0786      -26.005737  ]
 [ -13.65606     237.5324       21.994263  ]
 [   0.14935344    0.00858524    0.        ]
 [   0.            0.            0.1496    ]]
Residual vector length: 90, Jacobian shape: (90, 6)
view   0 | SOD= 570.655 mm | SDD= 809.425 mm | M= 1.418 | incident=3.4005°
[[  33.725395   -569.0639      -26.004814  ]
 [ -13.662904    237.54588      21.995186  ]
 [   0.14935324    0.00858903    0.        ]
 [   0.            0.            0.1496    ]]

iter 11 cost=0.316070 -> 0.319050 |dtheta|=1.254099e-02  lambda=2.500e-05

============================================================
Iteration 12
============================================================
Theta offsets (Unity frame):
  Source   : dSx=   0.000, dSy=   0.000, dSz=   0.000  (mm)
  Object   : dOx= -12.001, dOy=   2.994, dOz= -12.926  (mm)
  Object offset: offset_x=   0.003, offset_z=   0.001  (mm)
  Detector : dDx=   0.000, dDy=   0.000, dDz=   0.000  (mm)
  Obj Stage rotY :    3.290 deg
============================================================

Unity geometry (world coordinates):
  Source   : x=   1.000, y=  46.000, z=   0.000
  Object   : x=  -0.001, y=  19.994, z= 570.074
  Detector : x=   0.000, y=  -2.000, z= 808.000
  Obj rotY :   0.0000 deg
view   0 | SOD= 570.669 mm | SDD= 809.425 mm | M= 1.418 | incident=3.4005°
[[  33.711758   -569.0786      -26.005737  ]
 [ -13.65606     237.5324       21.994263  ]
 [   0.14935344    0.00858524    0.        ]
 [   0.            0.            0.1496    ]]
Residual vector length: 90, Jacobian shape: (90, 6)
view   0 | SOD= 570.655 mm | SDD= 809.425 mm | M= 1.418 | incident=3.4005°
[[  33.725395   -569.0639      -26.004814  ]
 [ -13.662904    237.54588      21.995186  ]
 [   0.14935324    0.00858903    0.        ]
 [   0.            0.            0.1496    ]]

iter 12 cost=0.316070 -> 0.319050 |dtheta|=1.254088e-02  lambda=1.250e-04

============================================================
Iteration 13
============================================================
Theta offsets (Unity frame):
  Source   : dSx=   0.000, dSy=   0.000, dSz=   0.000  (mm)
  Object   : dOx= -12.001, dOy=   2.994, dOz= -12.926  (mm)
  Object offset: offset_x=   0.003, offset_z=   0.001  (mm)
  Detector : dDx=   0.000, dDy=   0.000, dDz=   0.000  (mm)
  Obj Stage rotY :    3.290 deg
============================================================

Unity geometry (world coordinates):
  Source   : x=   1.000, y=  46.000, z=   0.000
  Object   : x=  -0.001, y=  19.994, z= 570.074
  Detector : x=   0.000, y=  -2.000, z= 808.000
  Obj rotY :   0.0000 deg
view   0 | SOD= 570.669 mm | SDD= 809.425 mm | M= 1.418 | incident=3.4005°
[[  33.711758   -569.0786      -26.005737  ]
 [ -13.65606     237.5324       21.994263  ]
 [   0.14935344    0.00858524    0.        ]
 [   0.            0.            0.1496    ]]
Residual vector length: 90, Jacobian shape: (90, 6)
view   0 | SOD= 570.655 mm | SDD= 809.425 mm | M= 1.418 | incident=3.4005°
[[  33.725395   -569.0639      -26.004814  ]
 [ -13.662904    237.54588      21.995186  ]
 [   0.14935324    0.00858903    0.        ]
 [   0.            0.            0.1496    ]]

iter 13 cost=0.316070 -> 0.319050 |dtheta|=1.254033e-02  lambda=6.250e-04

============================================================
Iteration 14
============================================================
Theta offsets (Unity frame):
  Source   : dSx=   0.000, dSy=   0.000, dSz=   0.000  (mm)
  Object   : dOx= -12.001, dOy=   2.994, dOz= -12.926  (mm)
  Object offset: offset_x=   0.003, offset_z=   0.001  (mm)
  Detector : dDx=   0.000, dDy=   0.000, dDz=   0.000  (mm)
  Obj Stage rotY :    3.290 deg
============================================================

Unity geometry (world coordinates):
  Source   : x=   1.000, y=  46.000, z=   0.000
  Object   : x=  -0.001, y=  19.994, z= 570.074
  Detector : x=   0.000, y=  -2.000, z= 808.000
  Obj rotY :   0.0000 deg
view   0 | SOD= 570.669 mm | SDD= 809.425 mm | M= 1.418 | incident=3.4005°
[[  33.711758   -569.0786      -26.005737  ]
 [ -13.65606     237.5324       21.994263  ]
 [   0.14935344    0.00858524    0.        ]
 [   0.            0.            0.1496    ]]
Residual vector length: 90, Jacobian shape: (90, 6)
view   0 | SOD= 570.655 mm | SDD= 809.425 mm | M= 1.418 | incident=3.4005°
[[  33.725395   -569.0639      -26.004814  ]
 [ -13.662904    237.54588      21.995186  ]
 [   0.14935324    0.00858903    0.        ]
 [   0.            0.            0.1496    ]]

iter 14 cost=0.316070 -> 0.319050 |dtheta|=1.253759e-02  lambda=3.125e-03

============================================================
Iteration 15
============================================================
Theta offsets (Unity frame):
  Source   : dSx=   0.000, dSy=   0.000, dSz=   0.000  (mm)
  Object   : dOx= -12.001, dOy=   2.994, dOz= -12.926  (mm)
  Object offset: offset_x=   0.003, offset_z=   0.001  (mm)
  Detector : dDx=   0.000, dDy=   0.000, dDz=   0.000  (mm)
  Obj Stage rotY :    3.290 deg
============================================================

Unity geometry (world coordinates):
  Source   : x=   1.000, y=  46.000, z=   0.000
  Object   : x=  -0.001, y=  19.994, z= 570.074
  Detector : x=   0.000, y=  -2.000, z= 808.000
  Obj rotY :   0.0000 deg
view   0 | SOD= 570.669 mm | SDD= 809.425 mm | M= 1.418 | incident=3.4005°
[[  33.711758   -569.0786      -26.005737  ]
 [ -13.65606     237.5324       21.994263  ]
 [   0.14935344    0.00858524    0.        ]
 [   0.            0.            0.1496    ]]
Residual vector length: 90, Jacobian shape: (90, 6)
view   0 | SOD= 570.655 mm | SDD= 809.425 mm | M= 1.418 | incident=3.4005°
[[  33.725395   -569.0639      -26.004814  ]
 [ -13.662905    237.54588      21.995186  ]
 [   0.14935324    0.00858903    0.        ]
 [   0.            0.            0.1496    ]]

iter 15 cost=0.316070 -> 0.319050 |dtheta|=1.252389e-02  lambda=1.562e-02

============================================================
Iteration 16
============================================================
Theta offsets (Unity frame):
  Source   : dSx=   0.000, dSy=   0.000, dSz=   0.000  (mm)
  Object   : dOx= -12.001, dOy=   2.994, dOz= -12.926  (mm)
  Object offset: offset_x=   0.003, offset_z=   0.001  (mm)
  Detector : dDx=   0.000, dDy=   0.000, dDz=   0.000  (mm)
  Obj Stage rotY :    3.290 deg
============================================================

Unity geometry (world coordinates):
  Source   : x=   1.000, y=  46.000, z=   0.000
  Object   : x=  -0.001, y=  19.994, z= 570.074
  Detector : x=   0.000, y=  -2.000, z= 808.000
  Obj rotY :   0.0000 deg
view   0 | SOD= 570.669 mm | SDD= 809.425 mm | M= 1.418 | incident=3.4005°
[[  33.711758   -569.0786      -26.005737  ]
 [ -13.65606     237.5324       21.994263  ]
 [   0.14935344    0.00858524    0.        ]
 [   0.            0.            0.1496    ]]
Residual vector length: 90, Jacobian shape: (90, 6)
view   0 | SOD= 570.655 mm | SDD= 809.425 mm | M= 1.418 | incident=3.4005°
[[  33.725407   -569.06396     -26.004816  ]
 [ -13.662905    237.54582      21.995184  ]
 [   0.14935324    0.00858903    0.        ]
 [   0.            0.            0.1496    ]]

iter 16 cost=0.316070 -> 0.319050 |dtheta|=1.245588e-02  lambda=7.812e-02

============================================================
Iteration 17
============================================================
Theta offsets (Unity frame):
  Source   : dSx=   0.000, dSy=   0.000, dSz=   0.000  (mm)
  Object   : dOx= -12.001, dOy=   2.994, dOz= -12.926  (mm)
  Object offset: offset_x=   0.003, offset_z=   0.001  (mm)
  Detector : dDx=   0.000, dDy=   0.000, dDz=   0.000  (mm)
  Obj Stage rotY :    3.290 deg
============================================================

Unity geometry (world coordinates):
  Source   : x=   1.000, y=  46.000, z=   0.000
  Object   : x=  -0.001, y=  19.994, z= 570.074
  Detector : x=   0.000, y=  -2.000, z= 808.000
  Obj rotY :   0.0000 deg
view   0 | SOD= 570.669 mm | SDD= 809.425 mm | M= 1.418 | incident=3.4005°
[[  33.711758   -569.0786      -26.005737  ]
 [ -13.65606     237.5324       21.994263  ]
 [   0.14935344    0.00858524    0.        ]
 [   0.            0.            0.1496    ]]
Residual vector length: 90, Jacobian shape: (90, 6)
view   0 | SOD= 570.656 mm | SDD= 809.425 mm | M= 1.418 | incident=3.4005°
[[  33.725468   -569.06433     -26.004827  ]
 [ -13.662902    237.54546      21.995173  ]
 [   0.14935324    0.00858904    0.        ]
 [   0.            0.            0.1496    ]]

iter 17 cost=0.316070 -> 0.319050 |dtheta|=1.212707e-02  lambda=3.906e-01

============================================================
Iteration 18
============================================================
Theta offsets (Unity frame):
  Source   : dSx=   0.000, dSy=   0.000, dSz=   0.000  (mm)
  Object   : dOx= -12.001, dOy=   2.994, dOz= -12.926  (mm)
  Object offset: offset_x=   0.003, offset_z=   0.001  (mm)
  Detector : dDx=   0.000, dDy=   0.000, dDz=   0.000  (mm)
  Obj Stage rotY :    3.290 deg
============================================================

Unity geometry (world coordinates):
  Source   : x=   1.000, y=  46.000, z=   0.000
  Object   : x=  -0.001, y=  19.994, z= 570.074
  Detector : x=   0.000, y=  -2.000, z= 808.000
  Obj rotY :   0.0000 deg
view   0 | SOD= 570.669 mm | SDD= 809.425 mm | M= 1.418 | incident=3.4005°
[[  33.711758   -569.0786      -26.005737  ]
 [ -13.65606     237.5324       21.994263  ]
 [   0.14935344    0.00858524    0.        ]
 [   0.            0.            0.1496    ]]
Residual vector length: 90, Jacobian shape: (90, 6)
view   0 | SOD= 570.657 mm | SDD= 809.425 mm | M= 1.418 | incident=3.4005°
[[  33.725704   -569.0658      -26.004873  ]
 [ -13.662888    237.54398      21.995127  ]
 [   0.14935324    0.00858908    0.        ]
 [   0.            0.            0.1496    ]]

iter 18 cost=0.316070 -> 0.320149 |dtheta|=1.072243e-02  lambda=1.953e+00

============================================================
Iteration 19
============================================================
Theta offsets (Unity frame):
  Source   : dSx=   0.000, dSy=   0.000, dSz=   0.000  (mm)
  Object   : dOx= -12.001, dOy=   2.994, dOz= -12.926  (mm)
  Object offset: offset_x=   0.003, offset_z=   0.001  (mm)
  Detector : dDx=   0.000, dDy=   0.000, dDz=   0.000  (mm)
  Obj Stage rotY :    3.290 deg
============================================================

Unity geometry (world coordinates):
  Source   : x=   1.000, y=  46.000, z=   0.000
  Object   : x=  -0.001, y=  19.994, z= 570.074
  Detector : x=   0.000, y=  -2.000, z= 808.000
  Obj rotY :   0.0000 deg
view   0 | SOD= 570.669 mm | SDD= 809.425 mm | M= 1.418 | incident=3.4005°
[[  33.711758   -569.0786      -26.005737  ]
 [ -13.65606     237.5324       21.994263  ]
 [   0.14935344    0.00858524    0.        ]
 [   0.            0.            0.1496    ]]
Residual vector length: 90, Jacobian shape: (90, 6)
view   0 | SOD= 570.661 mm | SDD= 809.425 mm | M= 1.418 | incident=3.4005°
[[  33.726177   -569.0698      -26.005001  ]
 [ -13.662772    237.53995      21.994999  ]
 [   0.14935322    0.00858915    0.        ]
 [   0.            0.            0.1496    ]]

iter 19 cost=0.316070 -> 0.320375 |dtheta|=6.901434e-03  lambda=9.766e+00

============================================================
Iteration 20
============================================================
Theta offsets (Unity frame):
  Source   : dSx=   0.000, dSy=   0.000, dSz=   0.000  (mm)
  Object   : dOx= -12.001, dOy=   2.994, dOz= -12.926  (mm)
  Object offset: offset_x=   0.003, offset_z=   0.001  (mm)
  Detector : dDx=   0.000, dDy=   0.000, dDz=   0.000  (mm)
  Obj Stage rotY :    3.290 deg
============================================================

Unity geometry (world coordinates):
  Source   : x=   1.000, y=  46.000, z=   0.000
  Object   : x=  -0.001, y=  19.994, z= 570.074
  Detector : x=   0.000, y=  -2.000, z= 808.000
  Obj rotY :   0.0000 deg
view   0 | SOD= 570.669 mm | SDD= 809.425 mm | M= 1.418 | incident=3.4005°
[[  33.711758   -569.0786      -26.005737  ]
 [ -13.65606     237.5324       21.994263  ]
 [   0.14935344    0.00858524    0.        ]
 [   0.            0.            0.1496    ]]
Residual vector length: 90, Jacobian shape: (90, 6)
view   0 | SOD= 570.666 mm | SDD= 809.425 mm | M= 1.418 | incident=3.4005°
[[  33.725346   -569.0743      -26.005146  ]
 [ -13.662058    237.53554      21.994854  ]
 [   0.14935324    0.00858886    0.        ]
 [   0.            0.            0.1496    ]]

iter 20 cost=0.316070 -> 0.317970 |dtheta|=3.001620e-03  lambda=4.883e+01

============================================================
Iteration 21
============================================================
Theta offsets (Unity frame):
  Source   : dSx=   0.000, dSy=   0.000, dSz=   0.000  (mm)
  Object   : dOx= -12.001, dOy=   2.994, dOz= -12.926  (mm)
  Object offset: offset_x=   0.003, offset_z=   0.001  (mm)
  Detector : dDx=   0.000, dDy=   0.000, dDz=   0.000  (mm)
  Obj Stage rotY :    3.290 deg
============================================================

Unity geometry (world coordinates):
  Source   : x=   1.000, y=  46.000, z=   0.000
  Object   : x=  -0.001, y=  19.994, z= 570.074
  Detector : x=   0.000, y=  -2.000, z= 808.000
  Obj rotY :   0.0000 deg
view   0 | SOD= 570.669 mm | SDD= 809.425 mm | M= 1.418 | incident=3.4005°
[[  33.711758   -569.0786      -26.005737  ]
 [ -13.65606     237.5324       21.994263  ]
 [   0.14935344    0.00858524    0.        ]
 [   0.            0.            0.1496    ]]
Residual vector length: 90, Jacobian shape: (90, 6)
view   0 | SOD= 570.667 mm | SDD= 809.425 mm | M= 1.418 | incident=3.4005°
[[  33.720585   -569.0765      -26.005241  ]
 [ -13.659853    237.53377      21.994759  ]
 [   0.14935331    0.00858757    0.        ]
 [   0.            0.            0.1496    ]]

iter 21 cost=0.316070 -> 0.321994 |dtheta|=1.564902e-03  lambda=2.441e+02

============================================================
Iteration 22
============================================================
Theta offsets (Unity frame):
  Source   : dSx=   0.000, dSy=   0.000, dSz=   0.000  (mm)
  Object   : dOx= -12.001, dOy=   2.994, dOz= -12.926  (mm)
  Object offset: offset_x=   0.003, offset_z=   0.001  (mm)
  Detector : dDx=   0.000, dDy=   0.000, dDz=   0.000  (mm)
  Obj Stage rotY :    3.290 deg
============================================================

Unity geometry (world coordinates):
  Source   : x=   1.000, y=  46.000, z=   0.000
  Object   : x=  -0.001, y=  19.994, z= 570.074
  Detector : x=   0.000, y=  -2.000, z= 808.000
  Obj rotY :   0.0000 deg
view   0 | SOD= 570.669 mm | SDD= 809.425 mm | M= 1.418 | incident=3.4005°
[[  33.711758   -569.0786      -26.005737  ]
 [ -13.65606     237.5324       21.994263  ]
 [   0.14935344    0.00858524    0.        ]
 [   0.            0.            0.1496    ]]
Residual vector length: 90, Jacobian shape: (90, 6)
view   0 | SOD= 570.668 mm | SDD= 809.425 mm | M= 1.418 | incident=3.4005°
[[  33.7148     -569.07764     -26.005379  ]
 [ -13.657315    237.53311      21.994621  ]
 [   0.1493534     0.00858603    0.        ]
 [   0.            0.            0.1496    ]]

iter 22 cost=0.316070 -> 0.320194 |dtheta|=8.305744e-04  lambda=1.221e+03

============================================================
Iteration 23
============================================================
Theta offsets (Unity frame):
  Source   : dSx=   0.000, dSy=   0.000, dSz=   0.000  (mm)
  Object   : dOx= -12.001, dOy=   2.994, dOz= -12.926  (mm)
  Object offset: offset_x=   0.003, offset_z=   0.001  (mm)
  Detector : dDx=   0.000, dDy=   0.000, dDz=   0.000  (mm)
  Obj Stage rotY :    3.290 deg
============================================================

Unity geometry (world coordinates):
  Source   : x=   1.000, y=  46.000, z=   0.000
  Object   : x=  -0.001, y=  19.994, z= 570.074
  Detector : x=   0.000, y=  -2.000, z= 808.000
  Obj rotY :   0.0000 deg
view   0 | SOD= 570.669 mm | SDD= 809.425 mm | M= 1.418 | incident=3.4005°
[[  33.711758   -569.0786      -26.005737  ]
 [ -13.65606     237.5324       21.994263  ]
 [   0.14935344    0.00858524    0.        ]
 [   0.            0.            0.1496    ]]
Residual vector length: 90, Jacobian shape: (90, 6)
view   0 | SOD= 570.669 mm | SDD= 809.425 mm | M= 1.418 | incident=3.4005°
[[  33.712444   -569.0783      -26.005577  ]
 [ -13.65632     237.53262      21.994423  ]
 [   0.14935344    0.00858541    0.        ]
 [   0.            0.            0.1496    ]]

iter 23 cost=0.316070 -> 0.312991 |dtheta|=3.032688e-04  lambda=6.104e+03

============================================================
Iteration 24
============================================================
Theta offsets (Unity frame):
  Source   : dSx=   0.000, dSy=   0.000, dSz=   0.000  (mm)
  Object   : dOx= -12.001, dOy=   2.994, dOz= -12.926  (mm)
  Object offset: offset_x=   0.003, offset_z=   0.001  (mm)
  Detector : dDx=   0.000, dDy=   0.000, dDz=   0.000  (mm)
  Obj Stage rotY :    3.290 deg
============================================================

Unity geometry (world coordinates):
  Source   : x=   1.000, y=  46.000, z=   0.000
  Object   : x=  -0.001, y=  19.994, z= 570.074
  Detector : x=   0.000, y=  -2.000, z= 808.000
  Obj rotY :   0.0000 deg
view   0 | SOD= 570.669 mm | SDD= 809.425 mm | M= 1.418 | incident=3.4005°
[[  33.712444   -569.0783      -26.005577  ]
 [ -13.65632     237.53262      21.994423  ]
 [   0.14935344    0.00858541    0.        ]
 [   0.            0.            0.1496    ]]
Residual vector length: 90, Jacobian shape: (90, 6)
view   0 | SOD= 570.668 mm | SDD= 809.425 mm | M= 1.418 | incident=3.4005°
[[  33.71189    -569.07794     -26.005377  ]
 [ -13.656129    237.53307      21.994623  ]
 [   0.14935344    0.00858528    0.        ]
 [   0.            0.            0.1496    ]]

iter 24 cost=0.312991 -> 0.319312 |dtheta|=4.134677e-04  lambda=2.035e+03

============================================================
Iteration 25
============================================================
Theta offsets (Unity frame):
  Source   : dSx=   0.000, dSy=   0.000, dSz=   0.000  (mm)
  Object   : dOx= -12.001, dOy=   2.994, dOz= -12.926  (mm)
  Object offset: offset_x=   0.003, offset_z=   0.001  (mm)
  Detector : dDx=   0.000, dDy=   0.000, dDz=   0.000  (mm)
  Obj Stage rotY :    3.290 deg
============================================================

Unity geometry (world coordinates):
  Source   : x=   1.000, y=  46.000, z=   0.000
  Object   : x=  -0.001, y=  19.994, z= 570.074
  Detector : x=   0.000, y=  -2.000, z= 808.000
  Obj rotY :   0.0000 deg
view   0 | SOD= 570.669 mm | SDD= 809.425 mm | M= 1.418 | incident=3.4005°
[[  33.712444   -569.0783      -26.005577  ]
 [ -13.65632     237.53262      21.994423  ]
 [   0.14935344    0.00858541    0.        ]
 [   0.            0.            0.1496    ]]
Residual vector length: 90, Jacobian shape: (90, 6)
view   0 | SOD= 570.669 mm | SDD= 809.425 mm | M= 1.418 | incident=3.4005°
[[  33.712303   -569.0782      -26.005503  ]
 [ -13.656267    237.53275      21.994497  ]
 [   0.14935344    0.00858538    0.        ]
 [   0.            0.            0.1496    ]]

iter 25 cost=0.312991 -> 0.316701 |dtheta|=1.326503e-04  lambda=1.017e+04

============================================================
Iteration 26
============================================================
Theta offsets (Unity frame):
  Source   : dSx=   0.000, dSy=   0.000, dSz=   0.000  (mm)
  Object   : dOx= -12.001, dOy=   2.994, dOz= -12.926  (mm)
  Object offset: offset_x=   0.003, offset_z=   0.001  (mm)
  Detector : dDx=   0.000, dDy=   0.000, dDz=   0.000  (mm)
  Obj Stage rotY :    3.290 deg
============================================================

Unity geometry (world coordinates):
  Source   : x=   1.000, y=  46.000, z=   0.000
  Object   : x=  -0.001, y=  19.994, z= 570.074
  Detector : x=   0.000, y=  -2.000, z= 808.000
  Obj rotY :   0.0000 deg
view   0 | SOD= 570.669 mm | SDD= 809.425 mm | M= 1.418 | incident=3.4005°
[[  33.712444   -569.0783      -26.005577  ]
 [ -13.65632     237.53262      21.994423  ]
 [   0.14935344    0.00858541    0.        ]
 [   0.            0.            0.1496    ]]
Residual vector length: 90, Jacobian shape: (90, 6)
view   0 | SOD= 570.669 mm | SDD= 809.425 mm | M= 1.418 | incident=3.4005°
[[  33.712414   -569.07825     -26.00556   ]
 [ -13.65631     237.53268      21.99444   ]
 [   0.14935344    0.00858541    0.        ]
 [   0.            0.            0.1496    ]]

iter 26 cost=0.312991 -> 0.312991 |dtheta|=3.048750e-05  lambda=5.086e+04

============================================================
Iteration 27
============================================================
Theta offsets (Unity frame):
  Source   : dSx=   0.000, dSy=   0.000, dSz=   0.000  (mm)
  Object   : dOx= -12.001, dOy=   2.994, dOz= -12.926  (mm)
  Object offset: offset_x=   0.003, offset_z=   0.001  (mm)
  Detector : dDx=   0.000, dDy=   0.000, dDz=   0.000  (mm)
  Obj Stage rotY :    3.290 deg
============================================================

Unity geometry (world coordinates):
  Source   : x=   1.000, y=  46.000, z=   0.000
  Object   : x=  -0.001, y=  19.994, z= 570.074
  Detector : x=   0.000, y=  -2.000, z= 808.000
  Obj rotY :   0.0000 deg
view   0 | SOD= 570.669 mm | SDD= 809.425 mm | M= 1.418 | incident=3.4005°
[[  33.712444   -569.0783      -26.005577  ]
 [ -13.65632     237.53262      21.994423  ]
 [   0.14935344    0.00858541    0.        ]
 [   0.            0.            0.1496    ]]
Residual vector length: 90, Jacobian shape: (90, 6)
view   0 | SOD= 570.669 mm | SDD= 809.425 mm | M= 1.418 | incident=3.4005°
[[  33.712437   -569.07825     -26.005573  ]
 [ -13.65632     237.53268      21.994427  ]
 [   0.14935344    0.00858541    0.        ]
 [   0.            0.            0.1496    ]]

iter 27 cost=0.312991 -> 0.312991 |dtheta|=6.289305e-06  lambda=2.543e+05

============================================================
Iteration 28
============================================================
Theta offsets (Unity frame):
  Source   : dSx=   0.000, dSy=   0.000, dSz=   0.000  (mm)
  Object   : dOx= -12.001, dOy=   2.994, dOz= -12.926  (mm)
  Object offset: offset_x=   0.003, offset_z=   0.001  (mm)
  Detector : dDx=   0.000, dDy=   0.000, dDz=   0.000  (mm)
  Obj Stage rotY :    3.290 deg
============================================================

Unity geometry (world coordinates):
  Source   : x=   1.000, y=  46.000, z=   0.000
  Object   : x=  -0.001, y=  19.994, z= 570.074
  Detector : x=   0.000, y=  -2.000, z= 808.000
  Obj rotY :   0.0000 deg
view   0 | SOD= 570.669 mm | SDD= 809.425 mm | M= 1.418 | incident=3.4005°
[[  33.712444   -569.0783      -26.005577  ]
 [ -13.65632     237.53262      21.994423  ]
 [   0.14935344    0.00858541    0.        ]
 [   0.            0.            0.1496    ]]
Residual vector length: 90, Jacobian shape: (90, 6)
view   0 | SOD= 570.669 mm | SDD= 809.425 mm | M= 1.418 | incident=3.4005°
[[  33.712444   -569.0783      -26.005577  ]
 [ -13.656319    237.53262      21.994423  ]
 [   0.14935344    0.00858541    0.        ]
 [   0.            0.            0.1496    ]]

iter 28 cost=0.312991 -> 0.312991 |dtheta|=1.608935e-06  lambda=1.000e+06

============================================================
Iteration 29
============================================================
Theta offsets (Unity frame):
  Source   : dSx=   0.000, dSy=   0.000, dSz=   0.000  (mm)
  Object   : dOx= -12.001, dOy=   2.994, dOz= -12.926  (mm)
  Object offset: offset_x=   0.003, offset_z=   0.001  (mm)
  Detector : dDx=   0.000, dDy=   0.000, dDz=   0.000  (mm)
  Obj Stage rotY :    3.290 deg
============================================================

Unity geometry (world coordinates):
  Source   : x=   1.000, y=  46.000, z=   0.000
  Object   : x=  -0.001, y=  19.994, z= 570.074
  Detector : x=   0.000, y=  -2.000, z= 808.000
  Obj rotY :   0.0000 deg
view   0 | SOD= 570.669 mm | SDD= 809.425 mm | M= 1.418 | incident=3.4005°
[[  33.712444   -569.0783      -26.005577  ]
 [ -13.65632     237.53262      21.994423  ]
 [   0.14935344    0.00858541    0.        ]
 [   0.            0.            0.1496    ]]
Residual vector length: 90, Jacobian shape: (90, 6)
view   0 | SOD= 570.669 mm | SDD= 809.425 mm | M= 1.418 | incident=3.4005°
[[  33.712444   -569.0783      -26.005577  ]
 [ -13.656319    237.53262      21.994423  ]
 [   0.14935344    0.00858541    0.        ]
 [   0.            0.            0.1496    ]]

iter 29 cost=0.312991 -> 0.312991 |dtheta|=1.608935e-06  lambda=1.000e+06

============================================================
Iteration 30
============================================================
Theta offsets (Unity frame):
  Source   : dSx=   0.000, dSy=   0.000, dSz=   0.000  (mm)
  Object   : dOx= -12.001, dOy=   2.994, dOz= -12.926  (mm)
  Object offset: offset_x=   0.003, offset_z=   0.001  (mm)
  Detector : dDx=   0.000, dDy=   0.000, dDz=   0.000  (mm)
  Obj Stage rotY :    3.290 deg
============================================================

Unity geometry (world coordinates):
  Source   : x=   1.000, y=  46.000, z=   0.000
  Object   : x=  -0.001, y=  19.994, z= 570.074
  Detector : x=   0.000, y=  -2.000, z= 808.000
  Obj rotY :   0.0000 deg
view   0 | SOD= 570.669 mm | SDD= 809.425 mm | M= 1.418 | incident=3.4005°
[[  33.712444   -569.0783      -26.005577  ]
 [ -13.65632     237.53262      21.994423  ]
 [   0.14935344    0.00858541    0.        ]
 [   0.            0.            0.1496    ]]
Residual vector length: 90, Jacobian shape: (90, 6)
view   0 | SOD= 570.669 mm | SDD= 809.425 mm | M= 1.418 | incident=3.4005°
[[  33.712444   -569.0783      -26.005577  ]
 [ -13.656319    237.53262      21.994423  ]
 [   0.14935344    0.00858541    0.        ]
 [   0.            0.            0.1496    ]]

iter 30 cost=0.312991 -> 0.312991 |dtheta|=1.608935e-06  lambda=1.000e+06

============================================================
Iteration 31
============================================================
Theta offsets (Unity frame):
  Source   : dSx=   0.000, dSy=   0.000, dSz=   0.000  (mm)
  Object   : dOx= -12.001, dOy=   2.994, dOz= -12.926  (mm)
  Object offset: offset_x=   0.003, offset_z=   0.001  (mm)
  Detector : dDx=   0.000, dDy=   0.000, dDz=   0.000  (mm)
  Obj Stage rotY :    3.290 deg
============================================================

Unity geometry (world coordinates):
  Source   : x=   1.000, y=  46.000, z=   0.000
  Object   : x=  -0.001, y=  19.994, z= 570.074
  Detector : x=   0.000, y=  -2.000, z= 808.000
  Obj rotY :   0.0000 deg
view   0 | SOD= 570.669 mm | SDD= 809.425 mm | M= 1.418 | incident=3.4005°
[[  33.712444   -569.0783      -26.005577  ]
 [ -13.65632     237.53262      21.994423  ]
 [   0.14935344    0.00858541    0.        ]
 [   0.            0.            0.1496    ]]
Residual vector length: 90, Jacobian shape: (90, 6)
view   0 | SOD= 570.669 mm | SDD= 809.425 mm | M= 1.418 | incident=3.4005°
[[  33.712444   -569.0783      -26.005577  ]
 [ -13.656319    237.53262      21.994423  ]
 [   0.14935344    0.00858541    0.        ]
 [   0.            0.            0.1496    ]]

iter 31 cost=0.312991 -> 0.312991 |dtheta|=1.608935e-06  lambda=1.000e+06

============================================================
Iteration 32
============================================================
Theta offsets (Unity frame):
  Source   : dSx=   0.000, dSy=   0.000, dSz=   0.000  (mm)
  Object   : dOx= -12.001, dOy=   2.994, dOz= -12.926  (mm)
  Object offset: offset_x=   0.003, offset_z=   0.001  (mm)
  Detector : dDx=   0.000, dDy=   0.000, dDz=   0.000  (mm)
  Obj Stage rotY :    3.290 deg
============================================================

Unity geometry (world coordinates):
  Source   : x=   1.000, y=  46.000, z=   0.000
  Object   : x=  -0.001, y=  19.994, z= 570.074
  Detector : x=   0.000, y=  -2.000, z= 808.000
  Obj rotY :   0.0000 deg
view   0 | SOD= 570.669 mm | SDD= 809.425 mm | M= 1.418 | incident=3.4005°
[[  33.712444   -569.0783      -26.005577  ]
 [ -13.65632     237.53262      21.994423  ]
 [   0.14935344    0.00858541    0.        ]
 [   0.            0.            0.1496    ]]
Residual vector length: 90, Jacobian shape: (90, 6)
view   0 | SOD= 570.669 mm | SDD= 809.425 mm | M= 1.418 | incident=3.4005°
[[  33.712444   -569.0783      -26.005577  ]
 [ -13.656319    237.53262      21.994423  ]
 [   0.14935344    0.00858541    0.        ]
 [   0.            0.            0.1496    ]]

iter 32 cost=0.312991 -> 0.312991 |dtheta|=1.608935e-06  lambda=1.000e+06

============================================================
Iteration 33
============================================================
Theta offsets (Unity frame):
  Source   : dSx=   0.000, dSy=   0.000, dSz=   0.000  (mm)
  Object   : dOx= -12.001, dOy=   2.994, dOz= -12.926  (mm)
  Object offset: offset_x=   0.003, offset_z=   0.001  (mm)
  Detector : dDx=   0.000, dDy=   0.000, dDz=   0.000  (mm)
  Obj Stage rotY :    3.290 deg
============================================================

Unity geometry (world coordinates):
  Source   : x=   1.000, y=  46.000, z=   0.000
  Object   : x=  -0.001, y=  19.994, z= 570.074
  Detector : x=   0.000, y=  -2.000, z= 808.000
  Obj rotY :   0.0000 deg
view   0 | SOD= 570.669 mm | SDD= 809.425 mm | M= 1.418 | incident=3.4005°
[[  33.712444   -569.0783      -26.005577  ]
 [ -13.65632     237.53262      21.994423  ]
 [   0.14935344    0.00858541    0.        ]
 [   0.            0.            0.1496    ]]
Residual vector length: 90, Jacobian shape: (90, 6)
view   0 | SOD= 570.669 mm | SDD= 809.425 mm | M= 1.418 | incident=3.4005°
[[  33.712444   -569.0783      -26.005577  ]
 [ -13.656319    237.53262      21.994423  ]
 [   0.14935344    0.00858541    0.        ]
 [   0.            0.            0.1496    ]]

iter 33 cost=0.312991 -> 0.312991 |dtheta|=1.608935e-06  lambda=1.000e+06

============================================================
Iteration 34
============================================================
Theta offsets (Unity frame):
  Source   : dSx=   0.000, dSy=   0.000, dSz=   0.000  (mm)
  Object   : dOx= -12.001, dOy=   2.994, dOz= -12.926  (mm)
  Object offset: offset_x=   0.003, offset_z=   0.001  (mm)
  Detector : dDx=   0.000, dDy=   0.000, dDz=   0.000  (mm)
  Obj Stage rotY :    3.290 deg
============================================================

Unity geometry (world coordinates):
  Source   : x=   1.000, y=  46.000, z=   0.000
  Object   : x=  -0.001, y=  19.994, z= 570.074
  Detector : x=   0.000, y=  -2.000, z= 808.000
  Obj rotY :   0.0000 deg
view   0 | SOD= 570.669 mm | SDD= 809.425 mm | M= 1.418 | incident=3.4005°
[[  33.712444   -569.0783      -26.005577  ]
 [ -13.65632     237.53262      21.994423  ]
 [   0.14935344    0.00858541    0.        ]
 [   0.            0.            0.1496    ]]
Residual vector length: 90, Jacobian shape: (90, 6)
view   0 | SOD= 570.669 mm | SDD= 809.425 mm | M= 1.418 | incident=3.4005°
[[  33.712444   -569.0783      -26.005577  ]
 [ -13.656319    237.53262      21.994423  ]
 [   0.14935344    0.00858541    0.        ]
 [   0.            0.            0.1496    ]]

iter 34 cost=0.312991 -> 0.312991 |dtheta|=1.608935e-06  lambda=1.000e+06
Stalled.

Estimated theta:
  dSx: +0.000000
  dSy: +0.000000
  dOx: -12.000651
  dOy: +2.994422
  dOz: -12.925872
  dDx: +0.000000
  dDy: +0.000000
  dDz: +0.000000
alpha: +3.289962e+00 deg)
offset_x: +0.002674
offset_z: +0.000997

Final cost table:
Fake theta: [  0.    0.  -12.    3.  -13.    0.    0.    0.    3.3   0.    0. ]
Final estimated theta: [  0.           0.         -12.00065145   2.99442234 -12.92587205
   0.           0.           0.           3.28996226   0.0026742
   0.00099706]
Diff from Expected: [ 0.          0.         -0.00065145 -0.00557766  0.07412795  0.
  0.          0.         -0.01003769  0.0026742   0.00099706]
################################################################################

