
################################################################################
Running scenario=G1 N_ANGLES=24, K=6
view   0 | SOD= 570.551 mm | SDD= 705.315 mm | M= 1.236 | incident=3.4990°
[[  81.309204  -564.17444    -25.       ]
 [ -18.649195   132.69592     18.       ]
 [   0.1481441    0.0208203    0.       ]
 [   0.           0.           0.1496   ]]
           image          x1         y1  area1          x2          y2  area2          x3          y3  area3          x4          y4  area4          x5          y5  area5          x6          y6  area6
0   proj_000.png  512.776529  75.046192    801  402.037662  166.105195    770  426.500000  251.500000    732  514.479050  336.000000    716  533.962914  431.479470    755  512.757881  535.044136    793
1   proj_001.png  472.160000  75.000000    825  381.593709  165.820446    763  445.855210  251.270636    739  547.533803  336.747887    710  534.717131  432.686587    753  472.137592  535.506143    814
2   proj_002.png  431.681988  75.052174    805  367.822751  165.366402    756  466.815217  251.059783    736  575.863955  337.974755    713  531.211009  433.754915    763  431.642145  535.024938    802
3   proj_003.png  394.398252  75.166042    801  361.500000  164.928382    754  488.441417  251.123978    734  597.721992  339.468880    723  523.875809  434.793014    773  394.389303  533.583333    804
4   proj_004.png  362.991162  75.130051    792  362.882823  164.491345    751  509.087719  251.338731    741  611.697987  341.287248    745  513.050258  435.661082    776  363.006281  531.288945    796
5   proj_005.png  339.783333  75.216667    780  371.746631  164.018868    742  527.478082  251.575342    730  616.372185  343.196026    755  499.531008  436.187339    774  339.722999  528.222363    787
6   proj_006.png  326.039012  75.401821    769  387.500000  163.539726    730  542.345895  252.213997    743  611.373856  345.109804    765  484.158771  436.576184    781  326.075325  524.859740    770
7   proj_007.png  322.749665  75.536814    747  408.863946  163.333333    735  552.827586  252.883289    754  596.821201  347.061303    783  468.186701  436.607417    782  322.765333  521.248000    750
8   proj_008.png  329.603591  75.668508    724  434.450899  163.196404    723  557.904636  253.617219    755  573.498737  348.693182    792  452.625798  436.378033    783  329.592847  517.601100    727
9   proj_009.png  346.217514  75.796610    708  462.549587  163.034435    726  557.421123  254.294118    748  543.021438  349.929382    793  438.720000  435.883871    775  346.216901  514.445070    710
10  proj_010.png  371.114613  75.932665    698  491.383356  163.013643    733  551.221344  255.105402    759  507.495674  350.590853    809  427.156047  434.963589    769  371.124286  511.650000    700
11  proj_011.png  402.499285  76.021459    699  519.287690  163.197787    723  539.608696  255.832675    759  469.509317  350.724224    805  418.855832  434.000000    763  402.571027  509.606188    711
12  proj_012.png  438.368124  76.114245    709  544.005618  163.426966    712  523.575835  256.257069    778  431.767123  350.511831    803  414.543651  432.962963    756  438.332402  508.372905    716
13  proj_013.png  476.410615  76.108939    716  564.500000  163.705882    714  503.764930  256.648030    787  397.484117  349.644219    787  414.183400  431.780455    747  476.446453  507.942976    719
14  proj_014.png  514.479549  76.126939    709  579.050964  164.108815    726  482.123724  256.848214    784  368.538065  348.316129    775  418.006667  430.641333    750  514.472145  508.437326    718
15  proj_015.png  550.000000  76.000000    717  586.609987  164.553306    741  459.847134  256.840764    785  347.294805  346.776623    770  425.521505  429.696237    744  550.013850  509.803324    722
16  proj_016.png  580.831276  75.903978    729  586.716710  164.996084    766  438.500000  256.516456    790  335.141927  344.850260    768  436.415775  428.893048    748  580.836066  511.893443    732
17  proj_017.png  604.818554  75.811733    733  579.000000  165.422280    772  419.813385  256.102960    777  332.603448  342.850133    754  449.734501  428.297844    742  604.759511  514.699728    736
18  proj_018.png  620.319407  75.716981    742  563.930680  165.852375    779  404.983226  255.594839    775  339.723632  340.894526    749  464.751687  427.925776    741  620.317757  517.981308    749
19  proj_019.png  626.104278  75.521390    748  542.464646  166.147727    792  394.890909  254.896104    770  355.780785  339.151556    739  480.331989  427.868280    744  626.066667  521.528000    750
20  proj_020.png  621.718459  75.375830    753  516.102273  166.377525    792  390.475000  254.131579    760  379.477178  337.605809    723  495.563342  428.200809    742  621.575758  525.072464    759
21  proj_021.png  606.829590  75.257596    757  486.645885  166.500000    802  391.768194  253.400270    742  409.297486  336.532123    716  509.442049  428.711590    742  606.831579  528.577632    760
22  proj_022.png  582.559896  75.139323    768  456.500000  166.500000    806  398.649725  252.655220    728  443.173611  335.844444    720  520.853297  429.483176    743  582.550388  531.483204    774
23  proj_023.png  550.250643  75.052699    778  427.425879  166.405779    796  410.536685  252.073370    736  478.852321  335.638537    711  529.297043  430.389785    744  550.307298  533.747759    781

============================================================
Iteration 0
============================================================
Theta offsets (Unity frame):
  Source   : dSx=   0.000, dSy=   0.000, dSz=   0.000  (mm)
  Object   : dOx=   0.000, dOy=   0.000, dOz=   0.000  (mm)
  Object offset: offset_x=   0.000, offset_z=   0.000  (mm)
  Detector : dDx=   0.000, dDy=   0.000, dDz=   0.000  (mm)
  Obj Stage rotY :    0.000 deg
============================================================

Unity geometry (world coordinates):
  Source   : x=   2.000, y=  45.000, z=   0.000
  Object   : x=   6.000, y=  18.000, z= 585.000
  Detector : x=   0.000, y=   2.000, z= 704.000
  Obj rotY :   0.0000 deg
view   0 | SOD= 585.636 mm | SDD= 705.315 mm | M= 1.204 | incident=3.4990°
[[  -4.     -585.      -27.    ]
 [  -6.      119.       16.    ]
 [   0.1496    0.        0.    ]
 [   0.        0.        0.1496]]
Residual vector length: 648, Jacobian shape: (648, 6)
view   0 | SOD= 576.857 mm | SDD= 705.315 mm | M= 1.223 | incident=3.4990°
[[  42.391243   -574.7397      -25.313951  ]
 [  -8.490015    127.42207      17.686049  ]
 [   0.14923888    0.01038829    0.        ]
 [   0.            0.            0.1496    ]]

iter 00 cost=215600.522840 -> 7567.350331 |dtheta|=1.153607e+01  lambda=1.000e-02

============================================================
Iteration 1
============================================================
Theta offsets (Unity frame):
  Source   : dSx=   0.000, dSy=   0.000, dSz=   0.000  (mm)
  Object   : dOx=  -6.123, dOy=   1.686, dOz=  -8.765  (mm)
  Object offset: offset_x=  -0.256, offset_z=   0.061  (mm)
  Detector : dDx=   0.000, dDy=   0.000, dDz=   0.000  (mm)
  Obj Stage rotY :    3.982 deg
============================================================

Unity geometry (world coordinates):
  Source   : x=   2.000, y=  45.000, z=   0.000
  Object   : x=  -0.123, y=  19.686, z= 576.235
  Detector : x=   0.000, y=   2.000, z= 704.000
  Obj rotY :   0.0000 deg
view   0 | SOD= 576.857 mm | SDD= 705.315 mm | M= 1.223 | incident=3.4990°
[[  42.391243   -574.7397      -25.313951  ]
 [  -8.490015    127.42207      17.686049  ]
 [   0.14923888    0.01038829    0.        ]
 [   0.            0.            0.1496    ]]
Residual vector length: 648, Jacobian shape: (648, 6)
view   0 | SOD= 571.799 mm | SDD= 705.315 mm | M= 1.234 | incident=3.4990°
[[  61.48559    -567.92944     -25.102152  ]
 [ -13.63768     132.05379      17.897848  ]
 [   0.14879058    0.01554099    0.        ]
 [   0.            0.            0.1496    ]]

iter 01 cost=7567.350331 -> 1583.743906 |dtheta|=5.416873e+00  lambda=3.333e-03

============================================================
Iteration 2
============================================================
Theta offsets (Unity frame):
  Source   : dSx=   0.000, dSy=   0.000, dSz=   0.000  (mm)
  Object   : dOx=  -6.006, dOy=   1.898, dOz= -13.800  (mm)
  Object offset: offset_x=  -0.148, offset_z=   0.044  (mm)
  Detector : dDx=   0.000, dDy=   0.000, dDz=   0.000  (mm)
  Obj Stage rotY :    5.963 deg
============================================================

Unity geometry (world coordinates):
  Source   : x=   2.000, y=  45.000, z=   0.000
  Object   : x=  -0.006, y=  19.898, z= 571.200
  Detector : x=   0.000, y=   2.000, z= 704.000
  Obj rotY :   0.0000 deg
view   0 | SOD= 571.799 mm | SDD= 705.315 mm | M= 1.234 | incident=3.4990°
[[  61.48559    -567.92944     -25.102152  ]
 [ -13.63768     132.05379      17.897848  ]
 [   0.14879058    0.01554099    0.        ]
 [   0.            0.            0.1496    ]]
Residual vector length: 648, Jacobian shape: (648, 6)
view   0 | SOD= 571.372 mm | SDD= 705.315 mm | M= 1.234 | incident=3.4990°
[[  70.758804   -566.4215      -25.024763  ]
 [ -15.927994    132.22388      17.975237  ]
 [   0.14851329    0.01799903    0.        ]
 [   0.            0.            0.1496    ]]

iter 02 cost=1583.743906 -> 462.151933 |dtheta|=1.049489e+00  lambda=1.111e-03

============================================================
Iteration 3
============================================================
Theta offsets (Unity frame):
  Source   : dSx=   0.000, dSy=   0.000, dSz=   0.000  (mm)
  Object   : dOx=  -5.998, dOy=   1.975, dOz= -14.241  (mm)
  Object offset: offset_x=  -0.098, offset_z=   0.062  (mm)
  Detector : dDx=   0.000, dDy=   0.000, dDz=   0.000  (mm)
  Obj Stage rotY :    6.910 deg
============================================================

Unity geometry (world coordinates):
  Source   : x=   2.000, y=  45.000, z=   0.000
  Object   : x=   0.002, y=  19.975, z= 570.759
  Detector : x=   0.000, y=   2.000, z= 704.000
  Obj rotY :   0.0000 deg
view   0 | SOD= 571.372 mm | SDD= 705.315 mm | M= 1.234 | incident=3.4990°
[[  70.758804   -566.4215      -25.024763  ]
 [ -15.927994    132.22388      17.975237  ]
 [   0.14851329    0.01799903    0.        ]
 [   0.            0.            0.1496    ]]
Residual vector length: 648, Jacobian shape: (648, 6)
view   0 | SOD= 570.857 mm | SDD= 705.315 mm | M= 1.236 | incident=3.4990°
[[  76.69242    -565.12787     -25.018467  ]
 [ -17.443893    132.55281      17.981533  ]
 [   0.14831278    0.01958262    0.        ]
 [   0.            0.            0.1496    ]]

iter 03 cost=462.151933 -> 92.299508 |dtheta|=7.847262e-01  lambda=3.704e-04

============================================================
Iteration 4
============================================================
Theta offsets (Unity frame):
  Source   : dSx=   0.000, dSy=   0.000, dSz=   0.000  (mm)
  Object   : dOx=  -6.005, dOy=   1.982, dOz= -14.730  (mm)
  Object offset: offset_x=  -0.053, offset_z=   0.035  (mm)
  Detector : dDx=   0.000, dDy=   0.000, dDz=   0.000  (mm)
  Obj Stage rotY :    7.522 deg
============================================================

Unity geometry (world coordinates):
  Source   : x=   2.000, y=  45.000, z=   0.000
  Object   : x=  -0.005, y=  19.982, z= 570.270
  Detector : x=   0.000, y=   2.000, z= 704.000
  Obj rotY :   0.0000 deg
view   0 | SOD= 570.857 mm | SDD= 705.315 mm | M= 1.236 | incident=3.4990°
[[  76.69242    -565.12787     -25.018467  ]
 [ -17.443893    132.55281      17.981533  ]
 [   0.14831278    0.01958262    0.        ]
 [   0.            0.            0.1496    ]]
Residual vector length: 648, Jacobian shape: (648, 6)
view   0 | SOD= 570.776 mm | SDD= 705.315 mm | M= 1.236 | incident=3.4990°
[[  79.157555   -564.7069      -25.011889  ]
 [ -18.07096     132.54959      17.988111  ]
 [   0.1482245     0.02023997    0.        ]
 [   0.            0.            0.1496    ]]

iter 04 cost=92.299508 -> 22.853070 |dtheta|=2.637407e-01  lambda=1.235e-04

============================================================
Iteration 5
============================================================
Theta offsets (Unity frame):
  Source   : dSx=   0.000, dSy=   0.000, dSz=   0.000  (mm)
  Object   : dOx=  -6.002, dOy=   1.988, dOz= -14.794  (mm)
  Object offset: offset_x=  -0.026, offset_z=   0.018  (mm)
  Detector : dDx=   0.000, dDy=   0.000, dDz=   0.000  (mm)
  Obj Stage rotY :    7.776 deg
============================================================

Unity geometry (world coordinates):
  Source   : x=   2.000, y=  45.000, z=   0.000
  Object   : x=  -0.002, y=  19.988, z= 570.206
  Detector : x=   0.000, y=   2.000, z= 704.000
  Obj rotY :   0.0000 deg
view   0 | SOD= 570.776 mm | SDD= 705.315 mm | M= 1.236 | incident=3.4990°
[[  79.157555   -564.7069      -25.011889  ]
 [ -18.07096     132.54959      17.988111  ]
 [   0.1482245     0.02023997    0.        ]
 [   0.            0.            0.1496    ]]
Residual vector length: 648, Jacobian shape: (648, 6)
view   0 | SOD= 570.691 mm | SDD= 705.315 mm | M= 1.236 | incident=3.4990°
[[  80.109474   -564.4865      -25.006445  ]
 [ -18.328415    132.60025      17.993555  ]
 [   0.14818917    0.02049706    0.        ]
 [   0.            0.            0.1496    ]]

iter 05 cost=22.853070 -> 8.722833 |dtheta|=1.244748e-01  lambda=4.115e-05

============================================================
Iteration 6
============================================================
Theta offsets (Unity frame):
  Source   : dSx=   0.000, dSy=   0.000, dSz=   0.000  (mm)
  Object   : dOx=  -6.000, dOy=   1.994, dOz= -14.866  (mm)
  Object offset: offset_x=  -0.012, offset_z=   0.005  (mm)
  Detector : dDx=   0.000, dDy=   0.000, dDz=   0.000  (mm)
  Obj Stage rotY :    7.875 deg
============================================================

Unity geometry (world coordinates):
  Source   : x=   2.000, y=  45.000, z=   0.000
  Object   : x=  -0.000, y=  19.994, z= 570.134
  Detector : x=   0.000, y=   2.000, z= 704.000
  Obj rotY :   0.0000 deg
view   0 | SOD= 570.691 mm | SDD= 705.315 mm | M= 1.236 | incident=3.4990°
[[  80.109474   -564.4865      -25.006445  ]
 [ -18.328415    132.60025      17.993555  ]
 [   0.14818917    0.02049706    0.        ]
 [   0.            0.            0.1496    ]]
Residual vector length: 648, Jacobian shape: (648, 6)
view   0 | SOD= 570.620 mm | SDD= 705.315 mm | M= 1.236 | incident=3.4990°
[[  80.7123     -564.3296      -25.003012  ]
 [ -18.487696    132.64912      17.996988  ]
 [   0.14816667    0.02065907    0.        ]
 [   0.            0.            0.1496    ]]

iter 06 cost=8.722833 -> 3.656274 |dtheta|=9.168612e-02  lambda=1.372e-05

============================================================
Iteration 7
============================================================
Theta offsets (Unity frame):
  Source   : dSx=   0.000, dSy=   0.000, dSz=   0.000  (mm)
  Object   : dOx=  -6.001, dOy=   1.997, dOz= -14.932  (mm)
  Object offset: offset_x=  -0.007, offset_z=   0.001  (mm)
  Detector : dDx=   0.000, dDy=   0.000, dDz=   0.000  (mm)
  Obj Stage rotY :    7.938 deg
============================================================

Unity geometry (world coordinates):
  Source   : x=   2.000, y=  45.000, z=   0.000
  Object   : x=  -0.001, y=  19.997, z= 570.068
  Detector : x=   0.000, y=   2.000, z= 704.000
  Obj rotY :   0.0000 deg
view   0 | SOD= 570.620 mm | SDD= 705.315 mm | M= 1.236 | incident=3.4990°
[[  80.7123     -564.3296      -25.003012  ]
 [ -18.487696    132.64912      17.996988  ]
 [   0.14816667    0.02065907    0.        ]
 [   0.            0.            0.1496    ]]
Residual vector length: 648, Jacobian shape: (648, 6)
view   0 | SOD= 570.594 mm | SDD= 705.315 mm | M= 1.236 | incident=3.4990°
[[  81.02921    -564.258       -25.00163   ]
 [ -18.572256    132.66351      17.99837   ]
 [   0.14815475    0.02074442    0.        ]
 [   0.            0.            0.1496    ]]

iter 07 cost=3.656274 -> 2.071385 |dtheta|=4.152461e-02  lambda=4.572e-06

============================================================
Iteration 8
============================================================
Theta offsets (Unity frame):
  Source   : dSx=   0.000, dSy=   0.000, dSz=   0.000  (mm)
  Object   : dOx=  -6.000, dOy=   1.998, dOz= -14.957  (mm)
  Object offset: offset_x=  -0.003, offset_z=  -0.000  (mm)
  Detector : dDx=   0.000, dDy=   0.000, dDz=   0.000  (mm)
  Obj Stage rotY :    7.971 deg
============================================================

Unity geometry (world coordinates):
  Source   : x=   2.000, y=  45.000, z=   0.000
  Object   : x=  -0.000, y=  19.998, z= 570.043
  Detector : x=   0.000, y=   2.000, z= 704.000
  Obj rotY :   0.0000 deg
view   0 | SOD= 570.594 mm | SDD= 705.315 mm | M= 1.236 | incident=3.4990°
[[  81.02921    -564.258       -25.00163   ]
 [ -18.572256    132.66351      17.99837   ]
 [   0.14815475    0.02074442    0.        ]
 [   0.            0.            0.1496    ]]
Residual vector length: 648, Jacobian shape: (648, 6)
view   0 | SOD= 570.587 mm | SDD= 705.315 mm | M= 1.236 | incident=3.4990°
[[  81.20007    -564.22644     -25.001413  ]
 [ -18.61409     132.66461      17.998587  ]
 [   0.1481484     0.02078963    0.        ]
 [   0.            0.            0.1496    ]]

iter 08 cost=2.071385 -> 1.799312 |dtheta|=1.852908e-02  lambda=1.524e-06

============================================================
Iteration 9
============================================================
Theta offsets (Unity frame):
  Source   : dSx=   0.000, dSy=   0.000, dSz=   0.000  (mm)
  Object   : dOx=  -6.000, dOy=   1.999, dOz= -14.963  (mm)
  Object offset: offset_x=  -0.003, offset_z=  -0.001  (mm)
  Detector : dDx=   0.000, dDy=   0.000, dDz=   0.000  (mm)
  Obj Stage rotY :    7.988 deg
============================================================

Unity geometry (world coordinates):
  Source   : x=   2.000, y=  45.000, z=   0.000
  Object   : x=   0.000, y=  19.999, z= 570.037
  Detector : x=   0.000, y=   2.000, z= 704.000
  Obj rotY :   0.0000 deg
view   0 | SOD= 570.587 mm | SDD= 705.315 mm | M= 1.236 | incident=3.4990°
[[  81.20007    -564.22644     -25.001413  ]
 [ -18.61409     132.66461      17.998587  ]
 [   0.1481484     0.02078963    0.        ]
 [   0.            0.            0.1496    ]]
Residual vector length: 648, Jacobian shape: (648, 6)
view   0 | SOD= 570.578 mm | SDD= 705.315 mm | M= 1.236 | incident=3.4990°
[[  81.28115    -564.20514     -25.001064  ]
 [ -18.634584    132.67134      17.998936  ]
 [   0.14814538    0.02081123    0.        ]
 [   0.            0.            0.1496    ]]

iter 09 cost=1.799312 -> 1.708719 |dtheta|=1.198906e-02  lambda=1.000e-06

============================================================
Iteration 10
============================================================
Theta offsets (Unity frame):
  Source   : dSx=   0.000, dSy=   0.000, dSz=   0.000  (mm)
  Object   : dOx=  -6.000, dOy=   1.999, dOz= -14.972  (mm)
  Object offset: offset_x=  -0.003, offset_z=  -0.002  (mm)
  Detector : dDx=   0.000, dDy=   0.000, dDz=   0.000  (mm)
  Obj Stage rotY :    7.996 deg
============================================================

Unity geometry (world coordinates):
  Source   : x=   2.000, y=  45.000, z=   0.000
  Object   : x=   0.000, y=  19.999, z= 570.028
  Detector : x=   0.000, y=   2.000, z= 704.000
  Obj rotY :   0.0000 deg
view   0 | SOD= 570.578 mm | SDD= 705.315 mm | M= 1.236 | incident=3.4990°
[[  81.28115    -564.20514     -25.001064  ]
 [ -18.634584    132.67134      17.998936  ]
 [   0.14814538    0.02081123    0.        ]
 [   0.            0.            0.1496    ]]
Residual vector length: 648, Jacobian shape: (648, 6)
view   0 | SOD= 570.576 mm | SDD= 705.315 mm | M= 1.236 | incident=3.4990°
[[  81.31528    -564.1983      -25.00091   ]
 [ -18.643476    132.67201      17.99909   ]
 [   0.1481441     0.02082037    0.        ]
 [   0.            0.            0.1496    ]]

iter 10 cost=1.708719 -> 1.749600 |dtheta|=3.902490e-03  lambda=1.000e-06

============================================================
Iteration 11
============================================================
Theta offsets (Unity frame):
  Source   : dSx=   0.000, dSy=   0.000, dSz=   0.000  (mm)
  Object   : dOx=  -6.000, dOy=   1.999, dOz= -14.972  (mm)
  Object offset: offset_x=  -0.003, offset_z=  -0.002  (mm)
  Detector : dDx=   0.000, dDy=   0.000, dDz=   0.000  (mm)
  Obj Stage rotY :    7.996 deg
============================================================

Unity geometry (world coordinates):
  Source   : x=   2.000, y=  45.000, z=   0.000
  Object   : x=   0.000, y=  19.999, z= 570.028
  Detector : x=   0.000, y=   2.000, z= 704.000
  Obj rotY :   0.0000 deg
view   0 | SOD= 570.578 mm | SDD= 705.315 mm | M= 1.236 | incident=3.4990°
[[  81.28115    -564.20514     -25.001064  ]
 [ -18.634584    132.67134      17.998936  ]
 [   0.14814538    0.02081123    0.        ]
 [   0.            0.            0.1496    ]]
Residual vector length: 648, Jacobian shape: (648, 6)
view   0 | SOD= 570.576 mm | SDD= 705.315 mm | M= 1.236 | incident=3.4990°
[[  81.31528    -564.1983      -25.00091   ]
 [ -18.643476    132.67201      17.99909   ]
 [   0.1481441     0.02082037    0.        ]
 [   0.            0.            0.1496    ]]

iter 11 cost=1.708719 -> 1.749600 |dtheta|=3.902490e-03  lambda=5.000e-06

============================================================
Iteration 12
============================================================
Theta offsets (Unity frame):
  Source   : dSx=   0.000, dSy=   0.000, dSz=   0.000  (mm)
  Object   : dOx=  -6.000, dOy=   1.999, dOz= -14.972  (mm)
  Object offset: offset_x=  -0.003, offset_z=  -0.002  (mm)
  Detector : dDx=   0.000, dDy=   0.000, dDz=   0.000  (mm)
  Obj Stage rotY :    7.996 deg
============================================================

Unity geometry (world coordinates):
  Source   : x=   2.000, y=  45.000, z=   0.000
  Object   : x=   0.000, y=  19.999, z= 570.028
  Detector : x=   0.000, y=   2.000, z= 704.000
  Obj rotY :   0.0000 deg
view   0 | SOD= 570.578 mm | SDD= 705.315 mm | M= 1.236 | incident=3.4990°
[[  81.28115    -564.20514     -25.001064  ]
 [ -18.634584    132.67134      17.998936  ]
 [   0.14814538    0.02081123    0.        ]
 [   0.            0.            0.1496    ]]
Residual vector length: 648, Jacobian shape: (648, 6)
view   0 | SOD= 570.576 mm | SDD= 705.315 mm | M= 1.236 | incident=3.4990°
[[  81.31528    -564.1983      -25.00091   ]
 [ -18.643476    132.67201      17.99909   ]
 [   0.1481441     0.02082037    0.        ]
 [   0.            0.            0.1496    ]]

iter 12 cost=1.708719 -> 1.749600 |dtheta|=3.902490e-03  lambda=2.500e-05

============================================================
Iteration 13
============================================================
Theta offsets (Unity frame):
  Source   : dSx=   0.000, dSy=   0.000, dSz=   0.000  (mm)
  Object   : dOx=  -6.000, dOy=   1.999, dOz= -14.972  (mm)
  Object offset: offset_x=  -0.003, offset_z=  -0.002  (mm)
  Detector : dDx=   0.000, dDy=   0.000, dDz=   0.000  (mm)
  Obj Stage rotY :    7.996 deg
============================================================

Unity geometry (world coordinates):
  Source   : x=   2.000, y=  45.000, z=   0.000
  Object   : x=   0.000, y=  19.999, z= 570.028
  Detector : x=   0.000, y=   2.000, z= 704.000
  Obj rotY :   0.0000 deg
view   0 | SOD= 570.578 mm | SDD= 705.315 mm | M= 1.236 | incident=3.4990°
[[  81.28115    -564.20514     -25.001064  ]
 [ -18.634584    132.67134      17.998936  ]
 [   0.14814538    0.02081123    0.        ]
 [   0.            0.            0.1496    ]]
Residual vector length: 648, Jacobian shape: (648, 6)
view   0 | SOD= 570.576 mm | SDD= 705.315 mm | M= 1.236 | incident=3.4990°
[[  81.31528    -564.1983      -25.00091   ]
 [ -18.643476    132.67201      17.99909   ]
 [   0.1481441     0.02082037    0.        ]
 [   0.            0.            0.1496    ]]

iter 13 cost=1.708719 -> 1.749600 |dtheta|=3.902489e-03  lambda=1.250e-04

============================================================
Iteration 14
============================================================
Theta offsets (Unity frame):
  Source   : dSx=   0.000, dSy=   0.000, dSz=   0.000  (mm)
  Object   : dOx=  -6.000, dOy=   1.999, dOz= -14.972  (mm)
  Object offset: offset_x=  -0.003, offset_z=  -0.002  (mm)
  Detector : dDx=   0.000, dDy=   0.000, dDz=   0.000  (mm)
  Obj Stage rotY :    7.996 deg
============================================================

Unity geometry (world coordinates):
  Source   : x=   2.000, y=  45.000, z=   0.000
  Object   : x=   0.000, y=  19.999, z= 570.028
  Detector : x=   0.000, y=   2.000, z= 704.000
  Obj rotY :   0.0000 deg
view   0 | SOD= 570.578 mm | SDD= 705.315 mm | M= 1.236 | incident=3.4990°
[[  81.28115    -564.20514     -25.001064  ]
 [ -18.634584    132.67134      17.998936  ]
 [   0.14814538    0.02081123    0.        ]
 [   0.            0.            0.1496    ]]
Residual vector length: 648, Jacobian shape: (648, 6)
view   0 | SOD= 570.576 mm | SDD= 705.315 mm | M= 1.236 | incident=3.4990°
[[  81.31528    -564.1983      -25.00091   ]
 [ -18.643476    132.67201      17.99909   ]
 [   0.1481441     0.02082037    0.        ]
 [   0.            0.            0.1496    ]]

iter 14 cost=1.708719 -> 1.749600 |dtheta|=3.902486e-03  lambda=6.250e-04

============================================================
Iteration 15
============================================================
Theta offsets (Unity frame):
  Source   : dSx=   0.000, dSy=   0.000, dSz=   0.000  (mm)
  Object   : dOx=  -6.000, dOy=   1.999, dOz= -14.972  (mm)
  Object offset: offset_x=  -0.003, offset_z=  -0.002  (mm)
  Detector : dDx=   0.000, dDy=   0.000, dDz=   0.000  (mm)
  Obj Stage rotY :    7.996 deg
============================================================

Unity geometry (world coordinates):
  Source   : x=   2.000, y=  45.000, z=   0.000
  Object   : x=   0.000, y=  19.999, z= 570.028
  Detector : x=   0.000, y=   2.000, z= 704.000
  Obj rotY :   0.0000 deg
view   0 | SOD= 570.578 mm | SDD= 705.315 mm | M= 1.236 | incident=3.4990°
[[  81.28115    -564.20514     -25.001064  ]
 [ -18.634584    132.67134      17.998936  ]
 [   0.14814538    0.02081123    0.        ]
 [   0.            0.            0.1496    ]]
Residual vector length: 648, Jacobian shape: (648, 6)
view   0 | SOD= 570.576 mm | SDD= 705.315 mm | M= 1.236 | incident=3.4990°
[[  81.31528    -564.1983      -25.00091   ]
 [ -18.643476    132.67201      17.99909   ]
 [   0.1481441     0.02082037    0.        ]
 [   0.            0.            0.1496    ]]

iter 15 cost=1.708719 -> 1.749600 |dtheta|=3.902470e-03  lambda=3.125e-03

============================================================
Iteration 16
============================================================
Theta offsets (Unity frame):
  Source   : dSx=   0.000, dSy=   0.000, dSz=   0.000  (mm)
  Object   : dOx=  -6.000, dOy=   1.999, dOz= -14.972  (mm)
  Object offset: offset_x=  -0.003, offset_z=  -0.002  (mm)
  Detector : dDx=   0.000, dDy=   0.000, dDz=   0.000  (mm)
  Obj Stage rotY :    7.996 deg
============================================================

Unity geometry (world coordinates):
  Source   : x=   2.000, y=  45.000, z=   0.000
  Object   : x=   0.000, y=  19.999, z= 570.028
  Detector : x=   0.000, y=   2.000, z= 704.000
  Obj rotY :   0.0000 deg
view   0 | SOD= 570.578 mm | SDD= 705.315 mm | M= 1.236 | incident=3.4990°
[[  81.28115    -564.20514     -25.001064  ]
 [ -18.634584    132.67134      17.998936  ]
 [   0.14814538    0.02081123    0.        ]
 [   0.            0.            0.1496    ]]
Residual vector length: 648, Jacobian shape: (648, 6)
view   0 | SOD= 570.576 mm | SDD= 705.315 mm | M= 1.236 | incident=3.4990°
[[  81.31528    -564.1983      -25.00091   ]
 [ -18.643475    132.67201      17.99909   ]
 [   0.1481441     0.02082037    0.        ]
 [   0.            0.            0.1496    ]]

iter 16 cost=1.708719 -> 1.749600 |dtheta|=3.902392e-03  lambda=1.562e-02

============================================================
Iteration 17
============================================================
Theta offsets (Unity frame):
  Source   : dSx=   0.000, dSy=   0.000, dSz=   0.000  (mm)
  Object   : dOx=  -6.000, dOy=   1.999, dOz= -14.972  (mm)
  Object offset: offset_x=  -0.003, offset_z=  -0.002  (mm)
  Detector : dDx=   0.000, dDy=   0.000, dDz=   0.000  (mm)
  Obj Stage rotY :    7.996 deg
============================================================

Unity geometry (world coordinates):
  Source   : x=   2.000, y=  45.000, z=   0.000
  Object   : x=   0.000, y=  19.999, z= 570.028
  Detector : x=   0.000, y=   2.000, z= 704.000
  Obj rotY :   0.0000 deg
view   0 | SOD= 570.578 mm | SDD= 705.315 mm | M= 1.236 | incident=3.4990°
[[  81.28115    -564.20514     -25.001064  ]
 [ -18.634584    132.67134      17.998936  ]
 [   0.14814538    0.02081123    0.        ]
 [   0.            0.            0.1496    ]]
Residual vector length: 648, Jacobian shape: (648, 6)
view   0 | SOD= 570.576 mm | SDD= 705.315 mm | M= 1.236 | incident=3.4990°
[[  81.31528    -564.1983      -25.00091   ]
 [ -18.643475    132.67201      17.99909   ]
 [   0.1481441     0.02082037    0.        ]
 [   0.            0.            0.1496    ]]

iter 17 cost=1.708719 -> 1.749600 |dtheta|=3.901999e-03  lambda=7.812e-02

============================================================
Iteration 18
============================================================
Theta offsets (Unity frame):
  Source   : dSx=   0.000, dSy=   0.000, dSz=   0.000  (mm)
  Object   : dOx=  -6.000, dOy=   1.999, dOz= -14.972  (mm)
  Object offset: offset_x=  -0.003, offset_z=  -0.002  (mm)
  Detector : dDx=   0.000, dDy=   0.000, dDz=   0.000  (mm)
  Obj Stage rotY :    7.996 deg
============================================================

Unity geometry (world coordinates):
  Source   : x=   2.000, y=  45.000, z=   0.000
  Object   : x=   0.000, y=  19.999, z= 570.028
  Detector : x=   0.000, y=   2.000, z= 704.000
  Obj rotY :   0.0000 deg
view   0 | SOD= 570.578 mm | SDD= 705.315 mm | M= 1.236 | incident=3.4990°
[[  81.28115    -564.20514     -25.001064  ]
 [ -18.634584    132.67134      17.998936  ]
 [   0.14814538    0.02081123    0.        ]
 [   0.            0.            0.1496    ]]
Residual vector length: 648, Jacobian shape: (648, 6)
view   0 | SOD= 570.576 mm | SDD= 705.315 mm | M= 1.236 | incident=3.4990°
[[  81.31527    -564.1983      -25.00091   ]
 [ -18.643473    132.67201      17.99909   ]
 [   0.1481441     0.02082037    0.        ]
 [   0.            0.            0.1496    ]]

iter 18 cost=1.708719 -> 1.749600 |dtheta|=3.900039e-03  lambda=3.906e-01

============================================================
Iteration 19
============================================================
Theta offsets (Unity frame):
  Source   : dSx=   0.000, dSy=   0.000, dSz=   0.000  (mm)
  Object   : dOx=  -6.000, dOy=   1.999, dOz= -14.972  (mm)
  Object offset: offset_x=  -0.003, offset_z=  -0.002  (mm)
  Detector : dDx=   0.000, dDy=   0.000, dDz=   0.000  (mm)
  Obj Stage rotY :    7.996 deg
============================================================

Unity geometry (world coordinates):
  Source   : x=   2.000, y=  45.000, z=   0.000
  Object   : x=   0.000, y=  19.999, z= 570.028
  Detector : x=   0.000, y=   2.000, z= 704.000
  Obj rotY :   0.0000 deg
view   0 | SOD= 570.578 mm | SDD= 705.315 mm | M= 1.236 | incident=3.4990°
[[  81.28115    -564.20514     -25.001064  ]
 [ -18.634584    132.67134      17.998936  ]
 [   0.14814538    0.02081123    0.        ]
 [   0.            0.            0.1496    ]]
Residual vector length: 648, Jacobian shape: (648, 6)
view   0 | SOD= 570.576 mm | SDD= 705.315 mm | M= 1.236 | incident=3.4990°
[[  81.31525    -564.19836     -25.000912  ]
 [ -18.643456    132.67195      17.999088  ]
 [   0.1481441     0.02082036    0.        ]
 [   0.            0.            0.1496    ]]

iter 19 cost=1.708719 -> 1.749600 |dtheta|=3.890357e-03  lambda=1.953e+00

============================================================
Iteration 20
============================================================
Theta offsets (Unity frame):
  Source   : dSx=   0.000, dSy=   0.000, dSz=   0.000  (mm)
  Object   : dOx=  -6.000, dOy=   1.999, dOz= -14.972  (mm)
  Object offset: offset_x=  -0.003, offset_z=  -0.002  (mm)
  Detector : dDx=   0.000, dDy=   0.000, dDz=   0.000  (mm)
  Obj Stage rotY :    7.996 deg
============================================================

Unity geometry (world coordinates):
  Source   : x=   2.000, y=  45.000, z=   0.000
  Object   : x=   0.000, y=  19.999, z= 570.028
  Detector : x=   0.000, y=   2.000, z= 704.000
  Obj rotY :   0.0000 deg
view   0 | SOD= 570.578 mm | SDD= 705.315 mm | M= 1.236 | incident=3.4990°
[[  81.28115    -564.20514     -25.001064  ]
 [ -18.634584    132.67134      17.998936  ]
 [   0.14814538    0.02081123    0.        ]
 [   0.            0.            0.1496    ]]
Residual vector length: 648, Jacobian shape: (648, 6)
view   0 | SOD= 570.576 mm | SDD= 705.315 mm | M= 1.236 | incident=3.4990°
[[  81.31508    -564.1985      -25.000916  ]
 [ -18.643404    132.67189      17.999084  ]
 [   0.1481441     0.02082031    0.        ]
 [   0.            0.            0.1496    ]]

iter 20 cost=1.708719 -> 1.761793 |dtheta|=3.844617e-03  lambda=9.766e+00

============================================================
Iteration 21
============================================================
Theta offsets (Unity frame):
  Source   : dSx=   0.000, dSy=   0.000, dSz=   0.000  (mm)
  Object   : dOx=  -6.000, dOy=   1.999, dOz= -14.972  (mm)
  Object offset: offset_x=  -0.003, offset_z=  -0.002  (mm)
  Detector : dDx=   0.000, dDy=   0.000, dDz=   0.000  (mm)
  Obj Stage rotY :    7.996 deg
============================================================

Unity geometry (world coordinates):
  Source   : x=   2.000, y=  45.000, z=   0.000
  Object   : x=   0.000, y=  19.999, z= 570.028
  Detector : x=   0.000, y=   2.000, z= 704.000
  Obj rotY :   0.0000 deg
view   0 | SOD= 570.578 mm | SDD= 705.315 mm | M= 1.236 | incident=3.4990°
[[  81.28115    -564.20514     -25.001064  ]
 [ -18.634584    132.67134      17.998936  ]
 [   0.14814538    0.02081123    0.        ]
 [   0.            0.            0.1496    ]]
Residual vector length: 648, Jacobian shape: (648, 6)
view   0 | SOD= 570.576 mm | SDD= 705.315 mm | M= 1.236 | incident=3.4990°
[[  81.31426    -564.1989      -25.000927  ]
 [ -18.64315     132.67163      17.999073  ]
 [   0.14814413    0.02082008    0.        ]
 [   0.            0.            0.1496    ]]

iter 21 cost=1.708719 -> 1.764751 |dtheta|=3.662773e-03  lambda=4.883e+01

============================================================
Iteration 22
============================================================
Theta offsets (Unity frame):
  Source   : dSx=   0.000, dSy=   0.000, dSz=   0.000  (mm)
  Object   : dOx=  -6.000, dOy=   1.999, dOz= -14.972  (mm)
  Object offset: offset_x=  -0.003, offset_z=  -0.002  (mm)
  Detector : dDx=   0.000, dDy=   0.000, dDz=   0.000  (mm)
  Obj Stage rotY :    7.996 deg
============================================================

Unity geometry (world coordinates):
  Source   : x=   2.000, y=  45.000, z=   0.000
  Object   : x=   0.000, y=  19.999, z= 570.028
  Detector : x=   0.000, y=   2.000, z= 704.000
  Obj rotY :   0.0000 deg
view   0 | SOD= 570.578 mm | SDD= 705.315 mm | M= 1.236 | incident=3.4990°
[[  81.28115    -564.20514     -25.001064  ]
 [ -18.634584    132.67134      17.998936  ]
 [   0.14814538    0.02081123    0.        ]
 [   0.            0.            0.1496    ]]
Residual vector length: 648, Jacobian shape: (648, 6)
view   0 | SOD= 570.577 mm | SDD= 705.315 mm | M= 1.236 | incident=3.4990°
[[  81.31051    -564.2         -25.000956  ]
 [ -18.642126    132.67122      17.999044  ]
 [   0.14814427    0.02081907    0.        ]
 [   0.            0.            0.1496    ]]

iter 22 cost=1.708719 -> 1.742271 |dtheta|=3.140800e-03  lambda=2.441e+02

============================================================
Iteration 23
============================================================
Theta offsets (Unity frame):
  Source   : dSx=   0.000, dSy=   0.000, dSz=   0.000  (mm)
  Object   : dOx=  -6.000, dOy=   1.999, dOz= -14.972  (mm)
  Object offset: offset_x=  -0.003, offset_z=  -0.002  (mm)
  Detector : dDx=   0.000, dDy=   0.000, dDz=   0.000  (mm)
  Obj Stage rotY :    7.996 deg
============================================================

Unity geometry (world coordinates):
  Source   : x=   2.000, y=  45.000, z=   0.000
  Object   : x=   0.000, y=  19.999, z= 570.028
  Detector : x=   0.000, y=   2.000, z= 704.000
  Obj rotY :   0.0000 deg
view   0 | SOD= 570.578 mm | SDD= 705.315 mm | M= 1.236 | incident=3.4990°
[[  81.28115    -564.20514     -25.001064  ]
 [ -18.634584    132.67134      17.998936  ]
 [   0.14814538    0.02081123    0.        ]
 [   0.            0.            0.1496    ]]
Residual vector length: 648, Jacobian shape: (648, 6)
view   0 | SOD= 570.577 mm | SDD= 705.315 mm | M= 1.236 | incident=3.4990°
[[  81.29969    -564.20197     -25.000986  ]
 [ -18.639366    132.67117      17.999014  ]
 [   0.14814468    0.02081618    0.        ]
 [   0.            0.            0.1496    ]]

iter 23 cost=1.708719 -> 1.749249 |dtheta|=1.980111e-03  lambda=1.221e+03

============================================================
Iteration 24
============================================================
Theta offsets (Unity frame):
  Source   : dSx=   0.000, dSy=   0.000, dSz=   0.000  (mm)
  Object   : dOx=  -6.000, dOy=   1.999, dOz= -14.972  (mm)
  Object offset: offset_x=  -0.003, offset_z=  -0.002  (mm)
  Detector : dDx=   0.000, dDy=   0.000, dDz=   0.000  (mm)
  Obj Stage rotY :    7.996 deg
============================================================

Unity geometry (world coordinates):
  Source   : x=   2.000, y=  45.000, z=   0.000
  Object   : x=   0.000, y=  19.999, z= 570.028
  Detector : x=   0.000, y=   2.000, z= 704.000
  Obj rotY :   0.0000 deg
view   0 | SOD= 570.578 mm | SDD= 705.315 mm | M= 1.236 | incident=3.4990°
[[  81.28115    -564.20514     -25.001064  ]
 [ -18.634584    132.67134      17.998936  ]
 [   0.14814538    0.02081123    0.        ]
 [   0.            0.            0.1496    ]]
Residual vector length: 648, Jacobian shape: (648, 6)
view   0 | SOD= 570.578 mm | SDD= 705.315 mm | M= 1.236 | incident=3.4990°
[[  81.287636   -564.20404     -25.001019  ]
 [ -18.636293    132.6713       17.998981  ]
 [   0.14814514    0.02081297    0.        ]
 [   0.            0.            0.1496    ]]

iter 24 cost=1.708719 -> 1.736163 |dtheta|=7.299104e-04  lambda=6.104e+03

============================================================
Iteration 25
============================================================
Theta offsets (Unity frame):
  Source   : dSx=   0.000, dSy=   0.000, dSz=   0.000  (mm)
  Object   : dOx=  -6.000, dOy=   1.999, dOz= -14.972  (mm)
  Object offset: offset_x=  -0.003, offset_z=  -0.002  (mm)
  Detector : dDx=   0.000, dDy=   0.000, dDz=   0.000  (mm)
  Obj Stage rotY :    7.996 deg
============================================================

Unity geometry (world coordinates):
  Source   : x=   2.000, y=  45.000, z=   0.000
  Object   : x=   0.000, y=  19.999, z= 570.028
  Detector : x=   0.000, y=   2.000, z= 704.000
  Obj rotY :   0.0000 deg
view   0 | SOD= 570.578 mm | SDD= 705.315 mm | M= 1.236 | incident=3.4990°
[[  81.28115    -564.20514     -25.001064  ]
 [ -18.634584    132.67134      17.998936  ]
 [   0.14814538    0.02081123    0.        ]
 [   0.            0.            0.1496    ]]
Residual vector length: 648, Jacobian shape: (648, 6)
view   0 | SOD= 570.578 mm | SDD= 705.315 mm | M= 1.236 | incident=3.4990°
[[  81.28267    -564.20483     -25.001047  ]
 [ -18.634998    132.67136      17.998953  ]
 [   0.14814532    0.02081164    0.        ]
 [   0.            0.            0.1496    ]]

iter 25 cost=1.708719 -> 1.713326 |dtheta|=1.870312e-04  lambda=3.052e+04

============================================================
Iteration 26
============================================================
Theta offsets (Unity frame):
  Source   : dSx=   0.000, dSy=   0.000, dSz=   0.000  (mm)
  Object   : dOx=  -6.000, dOy=   1.999, dOz= -14.972  (mm)
  Object offset: offset_x=  -0.003, offset_z=  -0.002  (mm)
  Detector : dDx=   0.000, dDy=   0.000, dDz=   0.000  (mm)
  Obj Stage rotY :    7.996 deg
============================================================

Unity geometry (world coordinates):
  Source   : x=   2.000, y=  45.000, z=   0.000
  Object   : x=   0.000, y=  19.999, z= 570.028
  Detector : x=   0.000, y=   2.000, z= 704.000
  Obj rotY :   0.0000 deg
view   0 | SOD= 570.578 mm | SDD= 705.315 mm | M= 1.236 | incident=3.4990°
[[  81.28115    -564.20514     -25.001064  ]
 [ -18.634584    132.67134      17.998936  ]
 [   0.14814538    0.02081123    0.        ]
 [   0.            0.            0.1496    ]]
Residual vector length: 648, Jacobian shape: (648, 6)
view   0 | SOD= 570.578 mm | SDD= 705.315 mm | M= 1.236 | incident=3.4990°
[[  81.28147    -564.2051      -25.00106   ]
 [ -18.63467     132.67134      17.99894   ]
 [   0.14814536    0.02081131    0.        ]
 [   0.            0.            0.1496    ]]

iter 26 cost=1.708719 -> 1.706481 |dtheta|=4.044630e-05  lambda=1.526e+05

============================================================
Iteration 27
============================================================
Theta offsets (Unity frame):
  Source   : dSx=   0.000, dSy=   0.000, dSz=   0.000  (mm)
  Object   : dOx=  -6.000, dOy=   1.999, dOz= -14.972  (mm)
  Object offset: offset_x=  -0.003, offset_z=  -0.002  (mm)
  Detector : dDx=   0.000, dDy=   0.000, dDz=   0.000  (mm)
  Obj Stage rotY :    7.997 deg
============================================================

Unity geometry (world coordinates):
  Source   : x=   2.000, y=  45.000, z=   0.000
  Object   : x=   0.000, y=  19.999, z= 570.028
  Detector : x=   0.000, y=   2.000, z= 704.000
  Obj rotY :   0.0000 deg
view   0 | SOD= 570.578 mm | SDD= 705.315 mm | M= 1.236 | incident=3.4990°
[[  81.28147    -564.2051      -25.00106   ]
 [ -18.63467     132.67134      17.99894   ]
 [   0.14814536    0.02081131    0.        ]
 [   0.            0.            0.1496    ]]
Residual vector length: 648, Jacobian shape: (648, 6)
view   0 | SOD= 570.578 mm | SDD= 705.315 mm | M= 1.236 | incident=3.4990°
[[  81.28241    -564.2049      -25.001047  ]
 [ -18.634935    132.67136      17.998953  ]
 [   0.14814533    0.02081157    0.        ]
 [   0.            0.            0.1496    ]]

iter 27 cost=1.706481 -> 1.708182 |dtheta|=1.228840e-04  lambda=5.086e+04

============================================================
Iteration 28
============================================================
Theta offsets (Unity frame):
  Source   : dSx=   0.000, dSy=   0.000, dSz=   0.000  (mm)
  Object   : dOx=  -6.000, dOy=   1.999, dOz= -14.972  (mm)
  Object offset: offset_x=  -0.003, offset_z=  -0.002  (mm)
  Detector : dDx=   0.000, dDy=   0.000, dDz=   0.000  (mm)
  Obj Stage rotY :    7.997 deg
============================================================

Unity geometry (world coordinates):
  Source   : x=   2.000, y=  45.000, z=   0.000
  Object   : x=   0.000, y=  19.999, z= 570.028
  Detector : x=   0.000, y=   2.000, z= 704.000
  Obj rotY :   0.0000 deg
view   0 | SOD= 570.578 mm | SDD= 705.315 mm | M= 1.236 | incident=3.4990°
[[  81.28147    -564.2051      -25.00106   ]
 [ -18.63467     132.67134      17.99894   ]
 [   0.14814536    0.02081131    0.        ]
 [   0.            0.            0.1496    ]]
Residual vector length: 648, Jacobian shape: (648, 6)
view   0 | SOD= 570.578 mm | SDD= 705.315 mm | M= 1.236 | incident=3.4990°
[[  81.28166    -564.2051      -25.001057  ]
 [ -18.634722    132.67133      17.998943  ]
 [   0.14814536    0.02081136    0.        ]
 [   0.            0.            0.1496    ]]

iter 28 cost=1.706481 -> 1.708238 |dtheta|=2.592796e-05  lambda=2.543e+05

============================================================
Iteration 29
============================================================
Theta offsets (Unity frame):
  Source   : dSx=   0.000, dSy=   0.000, dSz=   0.000  (mm)
  Object   : dOx=  -6.000, dOy=   1.999, dOz= -14.972  (mm)
  Object offset: offset_x=  -0.003, offset_z=  -0.002  (mm)
  Detector : dDx=   0.000, dDy=   0.000, dDz=   0.000  (mm)
  Obj Stage rotY :    7.997 deg
============================================================

Unity geometry (world coordinates):
  Source   : x=   2.000, y=  45.000, z=   0.000
  Object   : x=   0.000, y=  19.999, z= 570.028
  Detector : x=   0.000, y=   2.000, z= 704.000
  Obj rotY :   0.0000 deg
view   0 | SOD= 570.578 mm | SDD= 705.315 mm | M= 1.236 | incident=3.4990°
[[  81.28147    -564.2051      -25.00106   ]
 [ -18.63467     132.67134      17.99894   ]
 [   0.14814536    0.02081131    0.        ]
 [   0.            0.            0.1496    ]]
Residual vector length: 648, Jacobian shape: (648, 6)
view   0 | SOD= 570.578 mm | SDD= 705.315 mm | M= 1.236 | incident=3.4990°
[[  81.28152    -564.2051      -25.001059  ]
 [ -18.634684    132.67134      17.998941  ]
 [   0.14814536    0.02081132    0.        ]
 [   0.            0.            0.1496    ]]

iter 29 cost=1.706481 -> 1.697427 |dtheta|=6.666730e-06  lambda=1.000e+06

============================================================
Iteration 30
============================================================
Theta offsets (Unity frame):
  Source   : dSx=   0.000, dSy=   0.000, dSz=   0.000  (mm)
  Object   : dOx=  -6.000, dOy=   1.999, dOz= -14.972  (mm)
  Object offset: offset_x=  -0.003, offset_z=  -0.002  (mm)
  Detector : dDx=   0.000, dDy=   0.000, dDz=   0.000  (mm)
  Obj Stage rotY :    7.997 deg
============================================================

Unity geometry (world coordinates):
  Source   : x=   2.000, y=  45.000, z=   0.000
  Object   : x=   0.000, y=  19.999, z= 570.028
  Detector : x=   0.000, y=   2.000, z= 704.000
  Obj rotY :   0.0000 deg
view   0 | SOD= 570.578 mm | SDD= 705.315 mm | M= 1.236 | incident=3.4990°
[[  81.28152    -564.2051      -25.001059  ]
 [ -18.634684    132.67134      17.998941  ]
 [   0.14814536    0.02081132    0.        ]
 [   0.            0.            0.1496    ]]
Residual vector length: 648, Jacobian shape: (648, 6)
view   0 | SOD= 570.578 mm | SDD= 705.315 mm | M= 1.236 | incident=3.4990°
[[  81.28167    -564.2051      -25.001057  ]
 [ -18.634724    132.67133      17.998943  ]
 [   0.14814536    0.02081137    0.        ]
 [   0.            0.            0.1496    ]]

iter 30 cost=1.697427 -> 1.707296 |dtheta|=1.896591e-05  lambda=3.333e+05

============================================================
Iteration 31
============================================================
Theta offsets (Unity frame):
  Source   : dSx=   0.000, dSy=   0.000, dSz=   0.000  (mm)
  Object   : dOx=  -6.000, dOy=   1.999, dOz= -14.972  (mm)
  Object offset: offset_x=  -0.003, offset_z=  -0.002  (mm)
  Detector : dDx=   0.000, dDy=   0.000, dDz=   0.000  (mm)
  Obj Stage rotY :    7.997 deg
============================================================

Unity geometry (world coordinates):
  Source   : x=   2.000, y=  45.000, z=   0.000
  Object   : x=   0.000, y=  19.999, z= 570.028
  Detector : x=   0.000, y=   2.000, z= 704.000
  Obj rotY :   0.0000 deg
view   0 | SOD= 570.578 mm | SDD= 705.315 mm | M= 1.236 | incident=3.4990°
[[  81.28152    -564.2051      -25.001059  ]
 [ -18.634684    132.67134      17.998941  ]
 [   0.14814536    0.02081132    0.        ]
 [   0.            0.            0.1496    ]]
Residual vector length: 648, Jacobian shape: (648, 6)
view   0 | SOD= 570.578 mm | SDD= 705.315 mm | M= 1.236 | incident=3.4990°
[[  81.28157    -564.2051      -25.001059  ]
 [ -18.634697    132.67133      17.998941  ]
 [   0.14814536    0.02081134    0.        ]
 [   0.            0.            0.1496    ]]

iter 31 cost=1.697427 -> 1.697427 |dtheta|=6.364934e-06  lambda=1.000e+06

============================================================
Iteration 32
============================================================
Theta offsets (Unity frame):
  Source   : dSx=   0.000, dSy=   0.000, dSz=   0.000  (mm)
  Object   : dOx=  -6.000, dOy=   1.999, dOz= -14.972  (mm)
  Object offset: offset_x=  -0.003, offset_z=  -0.002  (mm)
  Detector : dDx=   0.000, dDy=   0.000, dDz=   0.000  (mm)
  Obj Stage rotY :    7.997 deg
============================================================

Unity geometry (world coordinates):
  Source   : x=   2.000, y=  45.000, z=   0.000
  Object   : x=   0.000, y=  19.999, z= 570.028
  Detector : x=   0.000, y=   2.000, z= 704.000
  Obj rotY :   0.0000 deg
view   0 | SOD= 570.578 mm | SDD= 705.315 mm | M= 1.236 | incident=3.4990°
[[  81.28152    -564.2051      -25.001059  ]
 [ -18.634684    132.67134      17.998941  ]
 [   0.14814536    0.02081132    0.        ]
 [   0.            0.            0.1496    ]]
Residual vector length: 648, Jacobian shape: (648, 6)
view   0 | SOD= 570.578 mm | SDD= 705.315 mm | M= 1.236 | incident=3.4990°
[[  81.28157    -564.2051      -25.001059  ]
 [ -18.634697    132.67133      17.998941  ]
 [   0.14814536    0.02081134    0.        ]
 [   0.            0.            0.1496    ]]

iter 32 cost=1.697427 -> 1.697427 |dtheta|=6.364934e-06  lambda=1.000e+06

============================================================
Iteration 33
============================================================
Theta offsets (Unity frame):
  Source   : dSx=   0.000, dSy=   0.000, dSz=   0.000  (mm)
  Object   : dOx=  -6.000, dOy=   1.999, dOz= -14.972  (mm)
  Object offset: offset_x=  -0.003, offset_z=  -0.002  (mm)
  Detector : dDx=   0.000, dDy=   0.000, dDz=   0.000  (mm)
  Obj Stage rotY :    7.997 deg
============================================================

Unity geometry (world coordinates):
  Source   : x=   2.000, y=  45.000, z=   0.000
  Object   : x=   0.000, y=  19.999, z= 570.028
  Detector : x=   0.000, y=   2.000, z= 704.000
  Obj rotY :   0.0000 deg
view   0 | SOD= 570.578 mm | SDD= 705.315 mm | M= 1.236 | incident=3.4990°
[[  81.28152    -564.2051      -25.001059  ]
 [ -18.634684    132.67134      17.998941  ]
 [   0.14814536    0.02081132    0.        ]
 [   0.            0.            0.1496    ]]
Residual vector length: 648, Jacobian shape: (648, 6)
view   0 | SOD= 570.578 mm | SDD= 705.315 mm | M= 1.236 | incident=3.4990°
[[  81.28157    -564.2051      -25.001059  ]
 [ -18.634697    132.67133      17.998941  ]
 [   0.14814536    0.02081134    0.        ]
 [   0.            0.            0.1496    ]]

iter 33 cost=1.697427 -> 1.697427 |dtheta|=6.364934e-06  lambda=1.000e+06

============================================================
Iteration 34
============================================================
Theta offsets (Unity frame):
  Source   : dSx=   0.000, dSy=   0.000, dSz=   0.000  (mm)
  Object   : dOx=  -6.000, dOy=   1.999, dOz= -14.972  (mm)
  Object offset: offset_x=  -0.003, offset_z=  -0.002  (mm)
  Detector : dDx=   0.000, dDy=   0.000, dDz=   0.000  (mm)
  Obj Stage rotY :    7.997 deg
============================================================

Unity geometry (world coordinates):
  Source   : x=   2.000, y=  45.000, z=   0.000
  Object   : x=   0.000, y=  19.999, z= 570.028
  Detector : x=   0.000, y=   2.000, z= 704.000
  Obj rotY :   0.0000 deg
view   0 | SOD= 570.578 mm | SDD= 705.315 mm | M= 1.236 | incident=3.4990°
[[  81.28152    -564.2051      -25.001059  ]
 [ -18.634684    132.67134      17.998941  ]
 [   0.14814536    0.02081132    0.        ]
 [   0.            0.            0.1496    ]]
Residual vector length: 648, Jacobian shape: (648, 6)
view   0 | SOD= 570.578 mm | SDD= 705.315 mm | M= 1.236 | incident=3.4990°
[[  81.28157    -564.2051      -25.001059  ]
 [ -18.634697    132.67133      17.998941  ]
 [   0.14814536    0.02081134    0.        ]
 [   0.            0.            0.1496    ]]

iter 34 cost=1.697427 -> 1.697427 |dtheta|=6.364934e-06  lambda=1.000e+06

============================================================
Iteration 35
============================================================
Theta offsets (Unity frame):
  Source   : dSx=   0.000, dSy=   0.000, dSz=   0.000  (mm)
  Object   : dOx=  -6.000, dOy=   1.999, dOz= -14.972  (mm)
  Object offset: offset_x=  -0.003, offset_z=  -0.002  (mm)
  Detector : dDx=   0.000, dDy=   0.000, dDz=   0.000  (mm)
  Obj Stage rotY :    7.997 deg
============================================================

Unity geometry (world coordinates):
  Source   : x=   2.000, y=  45.000, z=   0.000
  Object   : x=   0.000, y=  19.999, z= 570.028
  Detector : x=   0.000, y=   2.000, z= 704.000
  Obj rotY :   0.0000 deg
view   0 | SOD= 570.578 mm | SDD= 705.315 mm | M= 1.236 | incident=3.4990°
[[  81.28152    -564.2051      -25.001059  ]
 [ -18.634684    132.67134      17.998941  ]
 [   0.14814536    0.02081132    0.        ]
 [   0.            0.            0.1496    ]]
Residual vector length: 648, Jacobian shape: (648, 6)
view   0 | SOD= 570.578 mm | SDD= 705.315 mm | M= 1.236 | incident=3.4990°
[[  81.28157    -564.2051      -25.001059  ]
 [ -18.634697    132.67133      17.998941  ]
 [   0.14814536    0.02081134    0.        ]
 [   0.            0.            0.1496    ]]

iter 35 cost=1.697427 -> 1.697427 |dtheta|=6.364934e-06  lambda=1.000e+06

============================================================
Iteration 36
============================================================
Theta offsets (Unity frame):
  Source   : dSx=   0.000, dSy=   0.000, dSz=   0.000  (mm)
  Object   : dOx=  -6.000, dOy=   1.999, dOz= -14.972  (mm)
  Object offset: offset_x=  -0.003, offset_z=  -0.002  (mm)
  Detector : dDx=   0.000, dDy=   0.000, dDz=   0.000  (mm)
  Obj Stage rotY :    7.997 deg
============================================================

Unity geometry (world coordinates):
  Source   : x=   2.000, y=  45.000, z=   0.000
  Object   : x=   0.000, y=  19.999, z= 570.028
  Detector : x=   0.000, y=   2.000, z= 704.000
  Obj rotY :   0.0000 deg
view   0 | SOD= 570.578 mm | SDD= 705.315 mm | M= 1.236 | incident=3.4990°
[[  81.28152    -564.2051      -25.001059  ]
 [ -18.634684    132.67134      17.998941  ]
 [   0.14814536    0.02081132    0.        ]
 [   0.            0.            0.1496    ]]
Residual vector length: 648, Jacobian shape: (648, 6)
view   0 | SOD= 570.578 mm | SDD= 705.315 mm | M= 1.236 | incident=3.4990°
[[  81.28157    -564.2051      -25.001059  ]
 [ -18.634697    132.67133      17.998941  ]
 [   0.14814536    0.02081134    0.        ]
 [   0.            0.            0.1496    ]]

iter 36 cost=1.697427 -> 1.697427 |dtheta|=6.364934e-06  lambda=1.000e+06

============================================================
Iteration 37
============================================================
Theta offsets (Unity frame):
  Source   : dSx=   0.000, dSy=   0.000, dSz=   0.000  (mm)
  Object   : dOx=  -6.000, dOy=   1.999, dOz= -14.972  (mm)
  Object offset: offset_x=  -0.003, offset_z=  -0.002  (mm)
  Detector : dDx=   0.000, dDy=   0.000, dDz=   0.000  (mm)
  Obj Stage rotY :    7.997 deg
============================================================

Unity geometry (world coordinates):
  Source   : x=   2.000, y=  45.000, z=   0.000
  Object   : x=   0.000, y=  19.999, z= 570.028
  Detector : x=   0.000, y=   2.000, z= 704.000
  Obj rotY :   0.0000 deg
view   0 | SOD= 570.578 mm | SDD= 705.315 mm | M= 1.236 | incident=3.4990°
[[  81.28152    -564.2051      -25.001059  ]
 [ -18.634684    132.67134      17.998941  ]
 [   0.14814536    0.02081132    0.        ]
 [   0.            0.            0.1496    ]]
Residual vector length: 648, Jacobian shape: (648, 6)
view   0 | SOD= 570.578 mm | SDD= 705.315 mm | M= 1.236 | incident=3.4990°
[[  81.28157    -564.2051      -25.001059  ]
 [ -18.634697    132.67133      17.998941  ]
 [   0.14814536    0.02081134    0.        ]
 [   0.            0.            0.1496    ]]

iter 37 cost=1.697427 -> 1.697427 |dtheta|=6.364934e-06  lambda=1.000e+06
Stalled.

Estimated theta:
  dSx: +0.000000
  dSy: +0.000000
  dOx: -5.999894
  dOy: +1.998941
  dOz: -14.971837
  dDx: +0.000000
  dDy: +0.000000
  dDz: +0.000000
alpha: +7.996530e+00 deg)
offset_x: -0.002943
offset_z: -0.001772

Final cost table:
Fake theta: [  0.   0.  -6.   2. -15.   0.   0.   0.   8.   0.   0.]
Final estimated theta: [  0.           0.          -5.99989364   1.99894109 -14.97183723
   0.           0.           0.           7.99653046  -0.00294279
  -0.00177162]
Diff from Expected: [ 0.          0.          0.00010636 -0.00105891  0.02816277  0.
  0.          0.         -0.00346954 -0.00294279 -0.00177162]
################################################################################

