
################################################################################
Running scenario=G3 N_ANGLES=9, K=5
view   0 | SOD= 570.464 mm | SDD= 705.315 mm | M= 1.236 | incident=3.4990°
[[ 138.86055    -552.827       -23.        ]
 [ -34.584156    129.47562      20.        ]
 [   0.14509286    0.03644481    0.        ]
 [   0.            0.            0.1496    ]]
          image          x1         y1  area1          x2          y2  area2          x3          y3  area3          x4          y4  area4          x5          y5  area5
0  proj_000.png  513.482121  57.951911    811  420.202381  171.187831    756  469.647059  276.141457    714  560.258856  390.711172    734  513.457143  518.352795    805
1  proj_001.png  408.840852  58.087719    798  410.415220  170.271028    749  568.538997  276.828691    718  571.834204  394.212794    766  408.753731  516.446517    804
2  proj_002.png  345.209635  58.792969    768  438.062500  169.486413    736  633.555855  280.052490    743  545.038660  397.387887    776  345.235751  509.046632    772
3  proj_003.png  351.566116  59.435262    726  489.636240  169.151226    734  633.537037  284.194444    756  492.181013  398.727848    790  351.519337  500.034530    724
4  proj_004.png  421.087819  59.933428    706  541.625850  169.463946    735  564.664141  287.507576    792  438.625478  397.529936    785  421.079320  493.500000    706
5  proj_005.png  520.685315  60.082517    715  570.802685  170.273826    745  459.118959  288.185874    807  410.381208  394.374497    745  520.672245  492.327755    717
6  proj_006.png  607.653793  59.655172    725  562.870926  171.165580    767  369.358323  285.851334    787  419.998660  390.892761    746  607.686731  496.733242    731
7  proj_007.png  642.734748  59.019894    754  520.508861  171.769620    790  339.312500  281.811170    752  462.152497  388.624831    741  642.738727  505.249337    754
8  proj_008.png  606.585621  58.223529    765  463.741445  171.811153    789  380.070621  277.944915    708  517.139973  388.508748    743  606.556714  513.945241    767

============================================================
Iteration 0
============================================================
Theta offsets (Unity frame):
  Source   : dSx=   0.000, dSy=   0.000, dSz=   0.000  (mm)
  Object   : dOx=   0.000, dOy=   0.000, dOz=   0.000  (mm)
  Object offset: offset_x=   0.000, offset_z=   0.000  (mm)
  Detector : dDx=   0.000, dDy=   0.000, dDz=   0.000  (mm)
  Obj Stage rotY :    0.000 deg
============================================================

Unity geometry (world coordinates):
  Source   : x=   0.000, y=  43.000, z=   0.000
  Object   : x=   8.000, y=  14.000, z= 595.000
  Detector : x=  -2.000, y=   0.000, z= 704.000
  Obj rotY :   0.0000 deg
view   0 | SOD= 595.760 mm | SDD= 705.315 mm | M= 1.184 | incident=3.4990°
[[  -8.     -595.      -29.    ]
 [ -10.      109.       14.    ]
 [   0.1496    0.        0.    ]
 [   0.        0.        0.1496]]
Residual vector length: 180, Jacobian shape: (180, 6)
view   0 | SOD= 582.400 mm | SDD= 705.315 mm | M= 1.211 | incident=3.4990°
[[  66.69751    -578.1032      -23.204103  ]
 [ -15.712186    121.059616     19.795897  ]
 [   0.14862065    0.01708984    0.        ]
 [   0.            0.            0.1496    ]]

iter 00 cost=157933.450091 -> 8609.270540 |dtheta|=1.795264e+01  lambda=1.000e-02

============================================================
Iteration 1
============================================================
Theta offsets (Unity frame):
  Source   : dSx=   0.000, dSy=   0.000, dSz=   0.000  (mm)
  Object   : dOx=  -8.252, dOy=   5.796, dOz= -13.324  (mm)
  Object offset: offset_x=   0.031, offset_z=   0.262  (mm)
  Detector : dDx=   0.000, dDy=   0.000, dDz=   0.000  (mm)
  Obj Stage rotY :    6.560 deg
============================================================

Unity geometry (world coordinates):
  Source   : x=   0.000, y=  43.000, z=   0.000
  Object   : x=  -0.252, y=  19.796, z= 581.676
  Detector : x=  -2.000, y=   0.000, z= 704.000
  Obj rotY :   0.0000 deg
view   0 | SOD= 582.400 mm | SDD= 705.315 mm | M= 1.211 | incident=3.4990°
[[  66.69751    -578.1032      -23.204103  ]
 [ -15.712186    121.059616     19.795897  ]
 [   0.14862065    0.01708984    0.        ]
 [   0.            0.            0.1496    ]]
Residual vector length: 180, Jacobian shape: (180, 6)
view   0 | SOD= 572.522 mm | SDD= 705.315 mm | M= 1.232 | incident=3.4990°
[[ 100.01908    -563.2446      -23.083084  ]
 [ -25.062794    129.55733      19.916916  ]
 [   0.14729473    0.02616145    0.        ]
 [   0.            0.            0.1496    ]]

iter 01 cost=8609.270540 -> 2024.096053 |dtheta|=1.042073e+01  lambda=3.333e-03

============================================================
Iteration 2
============================================================
Theta offsets (Unity frame):
  Source   : dSx=   0.000, dSy=   0.000, dSz=   0.000  (mm)
  Object   : dOx=  -8.049, dOy=   5.917, dOz= -23.132  (mm)
  Object offset: offset_x=   0.069, offset_z=   0.188  (mm)
  Detector : dDx=   0.000, dDy=   0.000, dDz=   0.000  (mm)
  Obj Stage rotY :   10.071 deg
============================================================

Unity geometry (world coordinates):
  Source   : x=   0.000, y=  43.000, z=   0.000
  Object   : x=  -0.049, y=  19.917, z= 571.868
  Detector : x=  -2.000, y=   0.000, z= 704.000
  Obj rotY :   0.0000 deg
view   0 | SOD= 572.522 mm | SDD= 705.315 mm | M= 1.232 | incident=3.4990°
[[ 100.01908    -563.2446      -23.083084  ]
 [ -25.062794    129.55733      19.916916  ]
 [   0.14729473    0.02616145    0.        ]
 [   0.            0.            0.1496    ]]
Residual vector length: 180, Jacobian shape: (180, 6)
view   0 | SOD= 570.032 mm | SDD= 705.315 mm | M= 1.237 | incident=3.4990°
[[ 121.35313    -556.49005     -23.004269  ]
 [ -30.516436    130.93675      19.995731  ]
 [   0.14616871    0.03185703    0.        ]
 [   0.            0.            0.1496    ]]

iter 02 cost=2024.096053 -> 414.028504 |dtheta|=3.261425e+00  lambda=1.111e-03

============================================================
Iteration 3
============================================================
Theta offsets (Unity frame):
  Source   : dSx=   0.000, dSy=   0.000, dSz=   0.000  (mm)
  Object   : dOx=  -8.095, dOy=   5.996, dOz= -25.513  (mm)
  Object offset: offset_x=   0.028, offset_z=   0.081  (mm)
  Detector : dDx=   0.000, dDy=   0.000, dDz=   0.000  (mm)
  Obj Stage rotY :   12.295 deg
============================================================

Unity geometry (world coordinates):
  Source   : x=   0.000, y=  43.000, z=   0.000
  Object   : x=  -0.095, y=  19.996, z= 569.487
  Detector : x=  -2.000, y=   0.000, z= 704.000
  Obj rotY :   0.0000 deg
view   0 | SOD= 570.032 mm | SDD= 705.315 mm | M= 1.237 | incident=3.4990°
[[ 121.35313    -556.49005     -23.004269  ]
 [ -30.516436    130.93675      19.995731  ]
 [   0.14616871    0.03185703    0.        ]
 [   0.            0.            0.1496    ]]
Residual vector length: 180, Jacobian shape: (180, 6)
view   0 | SOD= 570.434 mm | SDD= 705.315 mm | M= 1.236 | incident=3.4990°
[[ 130.53958    -554.82043     -23.001766  ]
 [ -32.712048    129.99258      19.998234  ]
 [   0.14562015    0.03427728    0.        ]
 [   0.            0.            0.1496    ]]

iter 03 cost=414.028504 -> 94.577477 |dtheta|=1.080554e+00  lambda=3.704e-04

============================================================
Iteration 4
============================================================
Theta offsets (Unity frame):
  Source   : dSx=   0.000, dSy=   0.000, dSz=   0.000  (mm)
  Object   : dOx=  -7.972, dOy=   5.998, dOz= -25.022  (mm)
  Object offset: offset_x=   0.029, offset_z=  -0.008  (mm)
  Detector : dDx=   0.000, dDy=   0.000, dDz=   0.000  (mm)
  Obj Stage rotY :   13.246 deg
============================================================

Unity geometry (world coordinates):
  Source   : x=   0.000, y=  43.000, z=   0.000
  Object   : x=   0.028, y=  19.998, z= 569.978
  Detector : x=  -2.000, y=   0.000, z= 704.000
  Obj rotY :   0.0000 deg
view   0 | SOD= 570.434 mm | SDD= 705.315 mm | M= 1.236 | incident=3.4990°
[[ 130.53958    -554.82043     -23.001766  ]
 [ -32.712048    129.99258      19.998234  ]
 [   0.14562015    0.03427728    0.        ]
 [   0.            0.            0.1496    ]]
Residual vector length: 180, Jacobian shape: (180, 6)
view   0 | SOD= 570.564 mm | SDD= 705.315 mm | M= 1.236 | incident=3.4990°
[[ 134.8217     -553.9287      -23.007313  ]
 [ -33.6296      129.62389      19.992687  ]
 [   0.14535545    0.03538296    0.        ]
 [   0.            0.            0.1496    ]]

iter 04 cost=94.577477 -> 22.217366 |dtheta|=4.568590e-01  lambda=1.235e-04

============================================================
Iteration 5
============================================================
Theta offsets (Unity frame):
  Source   : dSx=   0.000, dSy=   0.000, dSz=   0.000  (mm)
  Object   : dOx=  -7.990, dOy=   5.993, dOz= -24.886  (mm)
  Object offset: offset_x=   0.008, offset_z=  -0.014  (mm)
  Detector : dDx=   0.000, dDy=   0.000, dDz=   0.000  (mm)
  Obj Stage rotY :   13.681 deg
============================================================

Unity geometry (world coordinates):
  Source   : x=   0.000, y=  43.000, z=   0.000
  Object   : x=   0.010, y=  19.993, z= 570.114
  Detector : x=  -2.000, y=   0.000, z= 704.000
  Obj rotY :   0.0000 deg
view   0 | SOD= 570.564 mm | SDD= 705.315 mm | M= 1.236 | incident=3.4990°
[[ 134.8217     -553.9287      -23.007313  ]
 [ -33.6296      129.62389      19.992687  ]
 [   0.14535545    0.03538296    0.        ]
 [   0.            0.            0.1496    ]]
Residual vector length: 180, Jacobian shape: (180, 6)
view   0 | SOD= 570.585 mm | SDD= 705.315 mm | M= 1.236 | incident=3.4990°
[[ 136.83908    -553.45593     -23.006481  ]
 [ -34.077316    129.48445      19.993519  ]
 [   0.14522684    0.03590716    0.        ]
 [   0.            0.            0.1496    ]]

iter 05 cost=22.217366 -> 6.526487 |dtheta|=2.075662e-01  lambda=4.115e-05

============================================================
Iteration 6
============================================================
Theta offsets (Unity frame):
  Source   : dSx=   0.000, dSy=   0.000, dSz=   0.000  (mm)
  Object   : dOx=  -7.999, dOy=   5.994, dOz= -24.878  (mm)
  Object offset: offset_x=   0.001, offset_z=  -0.001  (mm)
  Detector : dDx=   0.000, dDy=   0.000, dDz=   0.000  (mm)
  Obj Stage rotY :   13.888 deg
============================================================

Unity geometry (world coordinates):
  Source   : x=   0.000, y=  43.000, z=   0.000
  Object   : x=   0.001, y=  19.994, z= 570.122
  Detector : x=  -2.000, y=   0.000, z= 704.000
  Obj rotY :   0.0000 deg
view   0 | SOD= 570.585 mm | SDD= 705.315 mm | M= 1.236 | incident=3.4990°
[[ 136.83908    -553.45593     -23.006481  ]
 [ -34.077316    129.48445      19.993519  ]
 [   0.14522684    0.03590716    0.        ]
 [   0.            0.            0.1496    ]]
Residual vector length: 180, Jacobian shape: (180, 6)
view   0 | SOD= 570.498 mm | SDD= 705.315 mm | M= 1.236 | incident=3.4990°
[[ 137.84323    -553.1164      -23.000044  ]
 [ -34.32481     129.50957      19.999956  ]
 [   0.14516078    0.03617332    0.        ]
 [   0.            0.            0.1496    ]]

iter 06 cost=6.526487 -> 1.783553 |dtheta|=1.405286e-01  lambda=1.372e-05

============================================================
Iteration 7
============================================================
Theta offsets (Unity frame):
  Source   : dSx=   0.000, dSy=   0.000, dSz=   0.000  (mm)
  Object   : dOx=  -8.004, dOy=   6.000, dOz= -24.970  (mm)
  Object offset: offset_x=  -0.006, offset_z=   0.004  (mm)
  Detector : dDx=   0.000, dDy=   0.000, dDz=   0.000  (mm)
  Obj Stage rotY :   13.993 deg
============================================================

Unity geometry (world coordinates):
  Source   : x=   0.000, y=  43.000, z=   0.000
  Object   : x=  -0.004, y=  20.000, z= 570.030
  Detector : x=  -2.000, y=   0.000, z= 704.000
  Obj rotY :   0.0000 deg
view   0 | SOD= 570.498 mm | SDD= 705.315 mm | M= 1.236 | incident=3.4990°
[[ 137.84323    -553.1164      -23.000044  ]
 [ -34.32481     129.50957      19.999956  ]
 [   0.14516078    0.03617332    0.        ]
 [   0.            0.            0.1496    ]]
Residual vector length: 180, Jacobian shape: (180, 6)
view   0 | SOD= 570.506 mm | SDD= 705.315 mm | M= 1.236 | incident=3.4990°
[[ 138.3566     -552.9967      -23.00056   ]
 [ -34.445633    129.469        19.99944   ]
 [   0.1451271     0.03630818    0.        ]
 [   0.            0.            0.1496    ]]

iter 07 cost=1.783553 -> 0.836297 |dtheta|=5.415374e-02  lambda=4.572e-06

============================================================
Iteration 8
============================================================
Theta offsets (Unity frame):
  Source   : dSx=   0.000, dSy=   0.000, dSz=   0.000  (mm)
  Object   : dOx=  -8.002, dOy=   5.999, dOz= -24.961  (mm)
  Object offset: offset_x=  -0.005, offset_z=   0.003  (mm)
  Detector : dDx=   0.000, dDy=   0.000, dDz=   0.000  (mm)
  Obj Stage rotY :   14.046 deg
============================================================

Unity geometry (world coordinates):
  Source   : x=   0.000, y=  43.000, z=   0.000
  Object   : x=  -0.002, y=  19.999, z= 570.039
  Detector : x=  -2.000, y=   0.000, z= 704.000
  Obj rotY :   0.0000 deg
view   0 | SOD= 570.506 mm | SDD= 705.315 mm | M= 1.236 | incident=3.4990°
[[ 138.3566     -552.9967      -23.00056   ]
 [ -34.445633    129.469        19.99944   ]
 [   0.1451271     0.03630818    0.        ]
 [   0.            0.            0.1496    ]]
Residual vector length: 180, Jacobian shape: (180, 6)
view   0 | SOD= 570.501 mm | SDD= 705.315 mm | M= 1.236 | incident=3.4990°
[[ 138.59534    -552.9322      -23.000996  ]
 [ -34.510075    129.45667      19.999004  ]
 [   0.14511095    0.03637265    0.        ]
 [   0.            0.            0.1496    ]]

iter 08 cost=0.836297 -> 0.599862 |dtheta|=2.619361e-02  lambda=1.524e-06

============================================================
Iteration 9
============================================================
Theta offsets (Unity frame):
  Source   : dSx=   0.000, dSy=   0.000, dSz=   0.000  (mm)
  Object   : dOx=  -8.000, dOy=   5.999, dOz= -24.964  (mm)
  Object offset: offset_x=  -0.000, offset_z=   0.002  (mm)
  Detector : dDx=   0.000, dDy=   0.000, dDz=   0.000  (mm)
  Obj Stage rotY :   14.072 deg
============================================================

Unity geometry (world coordinates):
  Source   : x=   0.000, y=  43.000, z=   0.000
  Object   : x=  -0.000, y=  19.999, z= 570.036
  Detector : x=  -2.000, y=   0.000, z= 704.000
  Obj rotY :   0.0000 deg
view   0 | SOD= 570.501 mm | SDD= 705.315 mm | M= 1.236 | incident=3.4990°
[[ 138.59534    -552.9322      -23.000996  ]
 [ -34.510075    129.45667      19.999004  ]
 [   0.14511095    0.03637265    0.        ]
 [   0.            0.            0.1496    ]]
Residual vector length: 180, Jacobian shape: (180, 6)
view   0 | SOD= 570.495 mm | SDD= 705.315 mm | M= 1.236 | incident=3.4990°
[[ 138.70842    -552.8969      -23.001204  ]
 [ -34.539207    129.45584      19.998796  ]
 [   0.14510338    0.03640289    0.        ]
 [   0.            0.            0.1496    ]]

iter 09 cost=0.599862 -> 0.544565 |dtheta|=1.519748e-02  lambda=1.000e-06

============================================================
Iteration 10
============================================================
Theta offsets (Unity frame):
  Source   : dSx=   0.000, dSy=   0.000, dSz=   0.000  (mm)
  Object   : dOx=  -8.001, dOy=   5.999, dOz= -24.973  (mm)
  Object offset: offset_x=   0.001, offset_z=   0.004  (mm)
  Detector : dDx=   0.000, dDy=   0.000, dDz=   0.000  (mm)
  Obj Stage rotY :   14.083 deg
============================================================

Unity geometry (world coordinates):
  Source   : x=   0.000, y=  43.000, z=   0.000
  Object   : x=  -0.001, y=  19.999, z= 570.026
  Detector : x=  -2.000, y=   0.000, z= 704.000
  Obj rotY :   0.0000 deg
view   0 | SOD= 570.495 mm | SDD= 705.315 mm | M= 1.236 | incident=3.4990°
[[ 138.70842    -552.8969      -23.001204  ]
 [ -34.539207    129.45584      19.998796  ]
 [   0.14510338    0.03640289    0.        ]
 [   0.            0.            0.1496    ]]
Residual vector length: 180, Jacobian shape: (180, 6)
view   0 | SOD= 570.480 mm | SDD= 705.315 mm | M= 1.236 | incident=3.4990°
[[ 138.81084    -552.8559      -23.001152  ]
 [ -34.569256    129.4632       19.998848  ]
 [   0.1450963     0.03643106    0.        ]
 [   0.            0.            0.1496    ]]

iter 10 cost=0.544565 -> 0.476583 |dtheta|=1.847102e-02  lambda=1.000e-06

============================================================
Iteration 11
============================================================
Theta offsets (Unity frame):
  Source   : dSx=   0.000, dSy=   0.000, dSz=   0.000  (mm)
  Object   : dOx=  -8.001, dOy=   5.999, dOz= -24.988  (mm)
  Object offset: offset_x=   0.002, offset_z=   0.004  (mm)
  Detector : dDx=   0.000, dDy=   0.000, dDz=   0.000  (mm)
  Obj Stage rotY :   14.095 deg
============================================================

Unity geometry (world coordinates):
  Source   : x=   0.000, y=  43.000, z=   0.000
  Object   : x=  -0.001, y=  19.999, z= 570.012
  Detector : x=  -2.000, y=   0.000, z= 704.000
  Obj rotY :   0.0000 deg
view   0 | SOD= 570.480 mm | SDD= 705.315 mm | M= 1.236 | incident=3.4990°
[[ 138.81084    -552.8559      -23.001152  ]
 [ -34.569256    129.4632       19.998848  ]
 [   0.1450963     0.03643106    0.        ]
 [   0.            0.            0.1496    ]]
Residual vector length: 180, Jacobian shape: (180, 6)
view   0 | SOD= 570.461 mm | SDD= 705.315 mm | M= 1.236 | incident=3.4990°
[[ 138.89673    -552.8154      -23.00022   ]
 [ -34.596096    129.47499      19.99978   ]
 [   0.14509028    0.03645504    0.        ]
 [   0.            0.            0.1496    ]]

iter 11 cost=0.476583 -> 0.451992 |dtheta|=1.998968e-02  lambda=1.000e-06

============================================================
Iteration 12
============================================================
Theta offsets (Unity frame):
  Source   : dSx=   0.000, dSy=   0.000, dSz=   0.000  (mm)
  Object   : dOx=  -8.001, dOy=   6.000, dOz= -25.006  (mm)
  Object offset: offset_x=   0.003, offset_z=   0.003  (mm)
  Detector : dDx=   0.000, dDy=   0.000, dDz=   0.000  (mm)
  Obj Stage rotY :   14.104 deg
============================================================

Unity geometry (world coordinates):
  Source   : x=   0.000, y=  43.000, z=   0.000
  Object   : x=  -0.001, y=  20.000, z= 569.994
  Detector : x=  -2.000, y=   0.000, z= 704.000
  Obj rotY :   0.0000 deg
view   0 | SOD= 570.461 mm | SDD= 705.315 mm | M= 1.236 | incident=3.4990°
[[ 138.89673    -552.8154      -23.00022   ]
 [ -34.596096    129.47499      19.99978   ]
 [   0.14509028    0.03645504    0.        ]
 [   0.            0.            0.1496    ]]
Residual vector length: 180, Jacobian shape: (180, 6)
view   0 | SOD= 570.456 mm | SDD= 705.315 mm | M= 1.236 | incident=3.4990°
[[ 138.93884    -552.79956     -22.999737  ]
 [ -34.60753     129.47725      20.000263  ]
 [   0.14508742    0.03646642    0.        ]
 [   0.            0.            0.1496    ]]

iter 12 cost=0.451992 -> 0.438666 |dtheta|=6.664802e-03  lambda=1.000e-06

============================================================
Iteration 13
============================================================
Theta offsets (Unity frame):
  Source   : dSx=   0.000, dSy=   0.000, dSz=   0.000  (mm)
  Object   : dOx=  -8.001, dOy=   6.000, dOz= -25.011  (mm)
  Object offset: offset_x=   0.003, offset_z=   0.003  (mm)
  Detector : dDx=   0.000, dDy=   0.000, dDz=   0.000  (mm)
  Obj Stage rotY :   14.109 deg
============================================================

Unity geometry (world coordinates):
  Source   : x=   0.000, y=  43.000, z=   0.000
  Object   : x=  -0.001, y=  20.000, z= 569.989
  Detector : x=  -2.000, y=   0.000, z= 704.000
  Obj rotY :   0.0000 deg
view   0 | SOD= 570.456 mm | SDD= 705.315 mm | M= 1.236 | incident=3.4990°
[[ 138.93884    -552.79956     -22.999737  ]
 [ -34.60753     129.47725      20.000263  ]
 [   0.14508742    0.03646642    0.        ]
 [   0.            0.            0.1496    ]]
Residual vector length: 180, Jacobian shape: (180, 6)
view   0 | SOD= 570.454 mm | SDD= 705.315 mm | M= 1.236 | incident=3.4990°
[[ 138.95432    -552.7929      -22.999733  ]
 [ -34.612938    129.47859      20.000267  ]
 [   0.1450863     0.03647086    0.        ]
 [   0.            0.            0.1496    ]]

iter 13 cost=0.438666 -> 0.431321 |dtheta|=2.792587e-03  lambda=1.000e-06

============================================================
Iteration 14
============================================================
Theta offsets (Unity frame):
  Source   : dSx=   0.000, dSy=   0.000, dSz=   0.000  (mm)
  Object   : dOx=  -8.000, dOy=   6.000, dOz= -25.013  (mm)
  Object offset: offset_x=   0.004, offset_z=   0.002  (mm)
  Detector : dDx=   0.000, dDy=   0.000, dDz=   0.000  (mm)
  Obj Stage rotY :   14.110 deg
============================================================

Unity geometry (world coordinates):
  Source   : x=   0.000, y=  43.000, z=   0.000
  Object   : x=  -0.000, y=  20.000, z= 569.987
  Detector : x=  -2.000, y=   0.000, z= 704.000
  Obj rotY :   0.0000 deg
view   0 | SOD= 570.454 mm | SDD= 705.315 mm | M= 1.236 | incident=3.4990°
[[ 138.95432    -552.7929      -22.999733  ]
 [ -34.612938    129.47859      20.000267  ]
 [   0.1450863     0.03647086    0.        ]
 [   0.            0.            0.1496    ]]
Residual vector length: 180, Jacobian shape: (180, 6)
view   0 | SOD= 570.454 mm | SDD= 705.315 mm | M= 1.236 | incident=3.4990°
[[ 138.93991    -552.797       -22.999628  ]
 [ -34.609108    129.47917      20.000372  ]
 [   0.14508729    0.03646699    0.        ]
 [   0.            0.            0.1496    ]]

iter 14 cost=0.431321 -> 0.435378 |dtheta|=1.662308e-03  lambda=1.000e-06

============================================================
Iteration 15
============================================================
Theta offsets (Unity frame):
  Source   : dSx=   0.000, dSy=   0.000, dSz=   0.000  (mm)
  Object   : dOx=  -8.000, dOy=   6.000, dOz= -25.013  (mm)
  Object offset: offset_x=   0.004, offset_z=   0.002  (mm)
  Detector : dDx=   0.000, dDy=   0.000, dDz=   0.000  (mm)
  Obj Stage rotY :   14.110 deg
============================================================

Unity geometry (world coordinates):
  Source   : x=   0.000, y=  43.000, z=   0.000
  Object   : x=  -0.000, y=  20.000, z= 569.987
  Detector : x=  -2.000, y=   0.000, z= 704.000
  Obj rotY :   0.0000 deg
view   0 | SOD= 570.454 mm | SDD= 705.315 mm | M= 1.236 | incident=3.4990°
[[ 138.95432    -552.7929      -22.999733  ]
 [ -34.612938    129.47859      20.000267  ]
 [   0.1450863     0.03647086    0.        ]
 [   0.            0.            0.1496    ]]
Residual vector length: 180, Jacobian shape: (180, 6)
view   0 | SOD= 570.454 mm | SDD= 705.315 mm | M= 1.236 | incident=3.4990°
[[ 138.93991    -552.797       -22.999628  ]
 [ -34.609108    129.47917      20.000372  ]
 [   0.14508729    0.03646699    0.        ]
 [   0.            0.            0.1496    ]]

iter 15 cost=0.431321 -> 0.435378 |dtheta|=1.662308e-03  lambda=5.000e-06

============================================================
Iteration 16
============================================================
Theta offsets (Unity frame):
  Source   : dSx=   0.000, dSy=   0.000, dSz=   0.000  (mm)
  Object   : dOx=  -8.000, dOy=   6.000, dOz= -25.013  (mm)
  Object offset: offset_x=   0.004, offset_z=   0.002  (mm)
  Detector : dDx=   0.000, dDy=   0.000, dDz=   0.000  (mm)
  Obj Stage rotY :   14.110 deg
============================================================

Unity geometry (world coordinates):
  Source   : x=   0.000, y=  43.000, z=   0.000
  Object   : x=  -0.000, y=  20.000, z= 569.987
  Detector : x=  -2.000, y=   0.000, z= 704.000
  Obj rotY :   0.0000 deg
view   0 | SOD= 570.454 mm | SDD= 705.315 mm | M= 1.236 | incident=3.4990°
[[ 138.95432    -552.7929      -22.999733  ]
 [ -34.612938    129.47859      20.000267  ]
 [   0.1450863     0.03647086    0.        ]
 [   0.            0.            0.1496    ]]
Residual vector length: 180, Jacobian shape: (180, 6)
view   0 | SOD= 570.454 mm | SDD= 705.315 mm | M= 1.236 | incident=3.4990°
[[ 138.93991    -552.797       -22.999628  ]
 [ -34.609108    129.47917      20.000372  ]
 [   0.14508729    0.03646699    0.        ]
 [   0.            0.            0.1496    ]]

iter 16 cost=0.431321 -> 0.435378 |dtheta|=1.662308e-03  lambda=2.500e-05

============================================================
Iteration 17
============================================================
Theta offsets (Unity frame):
  Source   : dSx=   0.000, dSy=   0.000, dSz=   0.000  (mm)
  Object   : dOx=  -8.000, dOy=   6.000, dOz= -25.013  (mm)
  Object offset: offset_x=   0.004, offset_z=   0.002  (mm)
  Detector : dDx=   0.000, dDy=   0.000, dDz=   0.000  (mm)
  Obj Stage rotY :   14.110 deg
============================================================

Unity geometry (world coordinates):
  Source   : x=   0.000, y=  43.000, z=   0.000
  Object   : x=  -0.000, y=  20.000, z= 569.987
  Detector : x=  -2.000, y=   0.000, z= 704.000
  Obj rotY :   0.0000 deg
view   0 | SOD= 570.454 mm | SDD= 705.315 mm | M= 1.236 | incident=3.4990°
[[ 138.95432    -552.7929      -22.999733  ]
 [ -34.612938    129.47859      20.000267  ]
 [   0.1450863     0.03647086    0.        ]
 [   0.            0.            0.1496    ]]
Residual vector length: 180, Jacobian shape: (180, 6)
view   0 | SOD= 570.454 mm | SDD= 705.315 mm | M= 1.236 | incident=3.4990°
[[ 138.93991    -552.797       -22.999628  ]
 [ -34.609108    129.47917      20.000372  ]
 [   0.14508729    0.03646699    0.        ]
 [   0.            0.            0.1496    ]]

iter 17 cost=0.431321 -> 0.435378 |dtheta|=1.662308e-03  lambda=1.250e-04

============================================================
Iteration 18
============================================================
Theta offsets (Unity frame):
  Source   : dSx=   0.000, dSy=   0.000, dSz=   0.000  (mm)
  Object   : dOx=  -8.000, dOy=   6.000, dOz= -25.013  (mm)
  Object offset: offset_x=   0.004, offset_z=   0.002  (mm)
  Detector : dDx=   0.000, dDy=   0.000, dDz=   0.000  (mm)
  Obj Stage rotY :   14.110 deg
============================================================

Unity geometry (world coordinates):
  Source   : x=   0.000, y=  43.000, z=   0.000
  Object   : x=  -0.000, y=  20.000, z= 569.987
  Detector : x=  -2.000, y=   0.000, z= 704.000
  Obj rotY :   0.0000 deg
view   0 | SOD= 570.454 mm | SDD= 705.315 mm | M= 1.236 | incident=3.4990°
[[ 138.95432    -552.7929      -22.999733  ]
 [ -34.612938    129.47859      20.000267  ]
 [   0.1450863     0.03647086    0.        ]
 [   0.            0.            0.1496    ]]
Residual vector length: 180, Jacobian shape: (180, 6)
view   0 | SOD= 570.454 mm | SDD= 705.315 mm | M= 1.236 | incident=3.4990°
[[ 138.93991    -552.797       -22.999628  ]
 [ -34.609108    129.47917      20.000372  ]
 [   0.14508729    0.03646699    0.        ]
 [   0.            0.            0.1496    ]]

iter 18 cost=0.431321 -> 0.435378 |dtheta|=1.662306e-03  lambda=6.250e-04

============================================================
Iteration 19
============================================================
Theta offsets (Unity frame):
  Source   : dSx=   0.000, dSy=   0.000, dSz=   0.000  (mm)
  Object   : dOx=  -8.000, dOy=   6.000, dOz= -25.013  (mm)
  Object offset: offset_x=   0.004, offset_z=   0.002  (mm)
  Detector : dDx=   0.000, dDy=   0.000, dDz=   0.000  (mm)
  Obj Stage rotY :   14.110 deg
============================================================

Unity geometry (world coordinates):
  Source   : x=   0.000, y=  43.000, z=   0.000
  Object   : x=  -0.000, y=  20.000, z= 569.987
  Detector : x=  -2.000, y=   0.000, z= 704.000
  Obj rotY :   0.0000 deg
view   0 | SOD= 570.454 mm | SDD= 705.315 mm | M= 1.236 | incident=3.4990°
[[ 138.95432    -552.7929      -22.999733  ]
 [ -34.612938    129.47859      20.000267  ]
 [   0.1450863     0.03647086    0.        ]
 [   0.            0.            0.1496    ]]
Residual vector length: 180, Jacobian shape: (180, 6)
view   0 | SOD= 570.454 mm | SDD= 705.315 mm | M= 1.236 | incident=3.4990°
[[ 138.93991    -552.797       -22.999628  ]
 [ -34.609108    129.47917      20.000372  ]
 [   0.14508729    0.03646699    0.        ]
 [   0.            0.            0.1496    ]]

iter 19 cost=0.431321 -> 0.435378 |dtheta|=1.662296e-03  lambda=3.125e-03

============================================================
Iteration 20
============================================================
Theta offsets (Unity frame):
  Source   : dSx=   0.000, dSy=   0.000, dSz=   0.000  (mm)
  Object   : dOx=  -8.000, dOy=   6.000, dOz= -25.013  (mm)
  Object offset: offset_x=   0.004, offset_z=   0.002  (mm)
  Detector : dDx=   0.000, dDy=   0.000, dDz=   0.000  (mm)
  Obj Stage rotY :   14.110 deg
============================================================

Unity geometry (world coordinates):
  Source   : x=   0.000, y=  43.000, z=   0.000
  Object   : x=  -0.000, y=  20.000, z= 569.987
  Detector : x=  -2.000, y=   0.000, z= 704.000
  Obj rotY :   0.0000 deg
view   0 | SOD= 570.454 mm | SDD= 705.315 mm | M= 1.236 | incident=3.4990°
[[ 138.95432    -552.7929      -22.999733  ]
 [ -34.612938    129.47859      20.000267  ]
 [   0.1450863     0.03647086    0.        ]
 [   0.            0.            0.1496    ]]
Residual vector length: 180, Jacobian shape: (180, 6)
view   0 | SOD= 570.454 mm | SDD= 705.315 mm | M= 1.236 | incident=3.4990°
[[ 138.93991    -552.797       -22.999628  ]
 [ -34.609108    129.47917      20.000372  ]
 [   0.14508729    0.03646699    0.        ]
 [   0.            0.            0.1496    ]]

iter 20 cost=0.431321 -> 0.435378 |dtheta|=1.662249e-03  lambda=1.562e-02

============================================================
Iteration 21
============================================================
Theta offsets (Unity frame):
  Source   : dSx=   0.000, dSy=   0.000, dSz=   0.000  (mm)
  Object   : dOx=  -8.000, dOy=   6.000, dOz= -25.013  (mm)
  Object offset: offset_x=   0.004, offset_z=   0.002  (mm)
  Detector : dDx=   0.000, dDy=   0.000, dDz=   0.000  (mm)
  Obj Stage rotY :   14.110 deg
============================================================

Unity geometry (world coordinates):
  Source   : x=   0.000, y=  43.000, z=   0.000
  Object   : x=  -0.000, y=  20.000, z= 569.987
  Detector : x=  -2.000, y=   0.000, z= 704.000
  Obj rotY :   0.0000 deg
view   0 | SOD= 570.454 mm | SDD= 705.315 mm | M= 1.236 | incident=3.4990°
[[ 138.95432    -552.7929      -22.999733  ]
 [ -34.612938    129.47859      20.000267  ]
 [   0.1450863     0.03647086    0.        ]
 [   0.            0.            0.1496    ]]
Residual vector length: 180, Jacobian shape: (180, 6)
view   0 | SOD= 570.454 mm | SDD= 705.315 mm | M= 1.236 | incident=3.4990°
[[ 138.93991    -552.797       -22.999628  ]
 [ -34.609108    129.47917      20.000372  ]
 [   0.14508729    0.03646699    0.        ]
 [   0.            0.            0.1496    ]]

iter 21 cost=0.431321 -> 0.435378 |dtheta|=1.662012e-03  lambda=7.812e-02

============================================================
Iteration 22
============================================================
Theta offsets (Unity frame):
  Source   : dSx=   0.000, dSy=   0.000, dSz=   0.000  (mm)
  Object   : dOx=  -8.000, dOy=   6.000, dOz= -25.013  (mm)
  Object offset: offset_x=   0.004, offset_z=   0.002  (mm)
  Detector : dDx=   0.000, dDy=   0.000, dDz=   0.000  (mm)
  Obj Stage rotY :   14.110 deg
============================================================

Unity geometry (world coordinates):
  Source   : x=   0.000, y=  43.000, z=   0.000
  Object   : x=  -0.000, y=  20.000, z= 569.987
  Detector : x=  -2.000, y=   0.000, z= 704.000
  Obj rotY :   0.0000 deg
view   0 | SOD= 570.454 mm | SDD= 705.315 mm | M= 1.236 | incident=3.4990°
[[ 138.95432    -552.7929      -22.999733  ]
 [ -34.612938    129.47859      20.000267  ]
 [   0.1450863     0.03647086    0.        ]
 [   0.            0.            0.1496    ]]
Residual vector length: 180, Jacobian shape: (180, 6)
view   0 | SOD= 570.454 mm | SDD= 705.315 mm | M= 1.236 | incident=3.4990°
[[ 138.93991    -552.797       -22.999628  ]
 [ -34.609108    129.47917      20.000372  ]
 [   0.14508727    0.03646699    0.        ]
 [   0.            0.            0.1496    ]]

iter 22 cost=0.431321 -> 0.435378 |dtheta|=1.660829e-03  lambda=3.906e-01

============================================================
Iteration 23
============================================================
Theta offsets (Unity frame):
  Source   : dSx=   0.000, dSy=   0.000, dSz=   0.000  (mm)
  Object   : dOx=  -8.000, dOy=   6.000, dOz= -25.013  (mm)
  Object offset: offset_x=   0.004, offset_z=   0.002  (mm)
  Detector : dDx=   0.000, dDy=   0.000, dDz=   0.000  (mm)
  Obj Stage rotY :   14.110 deg
============================================================

Unity geometry (world coordinates):
  Source   : x=   0.000, y=  43.000, z=   0.000
  Object   : x=  -0.000, y=  20.000, z= 569.987
  Detector : x=  -2.000, y=   0.000, z= 704.000
  Obj rotY :   0.0000 deg
view   0 | SOD= 570.454 mm | SDD= 705.315 mm | M= 1.236 | incident=3.4990°
[[ 138.95432    -552.7929      -22.999733  ]
 [ -34.612938    129.47859      20.000267  ]
 [   0.1450863     0.03647086    0.        ]
 [   0.            0.            0.1496    ]]
Residual vector length: 180, Jacobian shape: (180, 6)
view   0 | SOD= 570.454 mm | SDD= 705.315 mm | M= 1.236 | incident=3.4990°
[[ 138.93997    -552.79694     -22.999628  ]
 [ -34.609123    129.47916      20.000372  ]
 [   0.14508727    0.036467      0.        ]
 [   0.            0.            0.1496    ]]

iter 23 cost=0.431321 -> 0.435378 |dtheta|=1.654968e-03  lambda=1.953e+00

============================================================
Iteration 24
============================================================
Theta offsets (Unity frame):
  Source   : dSx=   0.000, dSy=   0.000, dSz=   0.000  (mm)
  Object   : dOx=  -8.000, dOy=   6.000, dOz= -25.013  (mm)
  Object offset: offset_x=   0.004, offset_z=   0.002  (mm)
  Detector : dDx=   0.000, dDy=   0.000, dDz=   0.000  (mm)
  Obj Stage rotY :   14.110 deg
============================================================

Unity geometry (world coordinates):
  Source   : x=   0.000, y=  43.000, z=   0.000
  Object   : x=  -0.000, y=  20.000, z= 569.987
  Detector : x=  -2.000, y=   0.000, z= 704.000
  Obj rotY :   0.0000 deg
view   0 | SOD= 570.454 mm | SDD= 705.315 mm | M= 1.236 | incident=3.4990°
[[ 138.95432    -552.7929      -22.999733  ]
 [ -34.612938    129.47859      20.000267  ]
 [   0.1450863     0.03647086    0.        ]
 [   0.            0.            0.1496    ]]
Residual vector length: 180, Jacobian shape: (180, 6)
view   0 | SOD= 570.454 mm | SDD= 705.315 mm | M= 1.236 | incident=3.4990°
[[ 138.94023    -552.7969      -22.99963   ]
 [ -34.609184    129.47914      20.00037   ]
 [   0.14508726    0.03646707    0.        ]
 [   0.            0.            0.1496    ]]

iter 24 cost=0.431321 -> 0.435378 |dtheta|=1.626836e-03  lambda=9.766e+00

============================================================
Iteration 25
============================================================
Theta offsets (Unity frame):
  Source   : dSx=   0.000, dSy=   0.000, dSz=   0.000  (mm)
  Object   : dOx=  -8.000, dOy=   6.000, dOz= -25.013  (mm)
  Object offset: offset_x=   0.004, offset_z=   0.002  (mm)
  Detector : dDx=   0.000, dDy=   0.000, dDz=   0.000  (mm)
  Obj Stage rotY :   14.110 deg
============================================================

Unity geometry (world coordinates):
  Source   : x=   0.000, y=  43.000, z=   0.000
  Object   : x=  -0.000, y=  20.000, z= 569.987
  Detector : x=  -2.000, y=   0.000, z= 704.000
  Obj rotY :   0.0000 deg
view   0 | SOD= 570.454 mm | SDD= 705.315 mm | M= 1.236 | incident=3.4990°
[[ 138.95432    -552.7929      -22.999733  ]
 [ -34.612938    129.47859      20.000267  ]
 [   0.1450863     0.03647086    0.        ]
 [   0.            0.            0.1496    ]]
Residual vector length: 180, Jacobian shape: (180, 6)
view   0 | SOD= 570.454 mm | SDD= 705.315 mm | M= 1.236 | incident=3.4990°
[[ 138.94145    -552.79663     -22.99963   ]
 [ -34.609455    129.479        20.00037   ]
 [   0.14508718    0.03646739    0.        ]
 [   0.            0.            0.1496    ]]

iter 25 cost=0.431321 -> 0.435378 |dtheta|=1.504403e-03  lambda=4.883e+01

============================================================
Iteration 26
============================================================
Theta offsets (Unity frame):
  Source   : dSx=   0.000, dSy=   0.000, dSz=   0.000  (mm)
  Object   : dOx=  -8.000, dOy=   6.000, dOz= -25.013  (mm)
  Object offset: offset_x=   0.004, offset_z=   0.002  (mm)
  Detector : dDx=   0.000, dDy=   0.000, dDz=   0.000  (mm)
  Obj Stage rotY :   14.110 deg
============================================================

Unity geometry (world coordinates):
  Source   : x=   0.000, y=  43.000, z=   0.000
  Object   : x=  -0.000, y=  20.000, z= 569.987
  Detector : x=  -2.000, y=   0.000, z= 704.000
  Obj rotY :   0.0000 deg
view   0 | SOD= 570.454 mm | SDD= 705.315 mm | M= 1.236 | incident=3.4990°
[[ 138.95432    -552.7929      -22.999733  ]
 [ -34.612938    129.47859      20.000267  ]
 [   0.1450863     0.03647086    0.        ]
 [   0.            0.            0.1496    ]]
Residual vector length: 180, Jacobian shape: (180, 6)
view   0 | SOD= 570.454 mm | SDD= 705.315 mm | M= 1.236 | incident=3.4990°
[[ 138.94533    -552.79565     -22.999634  ]
 [ -34.610386    129.47876      20.000366  ]
 [   0.14508691    0.03646841    0.        ]
 [   0.            0.            0.1496    ]]

iter 26 cost=0.431321 -> 0.435267 |dtheta|=1.115964e-03  lambda=2.441e+02

============================================================
Iteration 27
============================================================
Theta offsets (Unity frame):
  Source   : dSx=   0.000, dSy=   0.000, dSz=   0.000  (mm)
  Object   : dOx=  -8.000, dOy=   6.000, dOz= -25.013  (mm)
  Object offset: offset_x=   0.004, offset_z=   0.002  (mm)
  Detector : dDx=   0.000, dDy=   0.000, dDz=   0.000  (mm)
  Obj Stage rotY :   14.110 deg
============================================================

Unity geometry (world coordinates):
  Source   : x=   0.000, y=  43.000, z=   0.000
  Object   : x=  -0.000, y=  20.000, z= 569.987
  Detector : x=  -2.000, y=   0.000, z= 704.000
  Obj rotY :   0.0000 deg
view   0 | SOD= 570.454 mm | SDD= 705.315 mm | M= 1.236 | incident=3.4990°
[[ 138.95432    -552.7929      -22.999733  ]
 [ -34.612938    129.47859      20.000267  ]
 [   0.1450863     0.03647086    0.        ]
 [   0.            0.            0.1496    ]]
Residual vector length: 180, Jacobian shape: (180, 6)
view   0 | SOD= 570.454 mm | SDD= 705.315 mm | M= 1.236 | incident=3.4990°
[[ 138.95082    -552.7941      -22.999653  ]
 [ -34.611805    129.47858      20.000347  ]
 [   0.14508656    0.03646988    0.        ]
 [   0.            0.            0.1496    ]]

iter 27 cost=0.431321 -> 0.433908 |dtheta|=5.582017e-04  lambda=1.221e+03

============================================================
Iteration 28
============================================================
Theta offsets (Unity frame):
  Source   : dSx=   0.000, dSy=   0.000, dSz=   0.000  (mm)
  Object   : dOx=  -8.000, dOy=   6.000, dOz= -25.013  (mm)
  Object offset: offset_x=   0.004, offset_z=   0.002  (mm)
  Detector : dDx=   0.000, dDy=   0.000, dDz=   0.000  (mm)
  Obj Stage rotY :   14.110 deg
============================================================

Unity geometry (world coordinates):
  Source   : x=   0.000, y=  43.000, z=   0.000
  Object   : x=  -0.000, y=  20.000, z= 569.987
  Detector : x=  -2.000, y=   0.000, z= 704.000
  Obj rotY :   0.0000 deg
view   0 | SOD= 570.454 mm | SDD= 705.315 mm | M= 1.236 | incident=3.4990°
[[ 138.95432    -552.7929      -22.999733  ]
 [ -34.612938    129.47859      20.000267  ]
 [   0.1450863     0.03647086    0.        ]
 [   0.            0.            0.1496    ]]
Residual vector length: 180, Jacobian shape: (180, 6)
view   0 | SOD= 570.454 mm | SDD= 705.315 mm | M= 1.236 | incident=3.4990°
[[ 138.9535     -552.7933      -22.999693  ]
 [ -34.612617    129.47855      20.000307  ]
 [   0.14508636    0.03647062    0.        ]
 [   0.            0.            0.1496    ]]

iter 28 cost=0.431321 -> 0.435266 |dtheta|=2.026644e-04  lambda=6.104e+03

============================================================
Iteration 29
============================================================
Theta offsets (Unity frame):
  Source   : dSx=   0.000, dSy=   0.000, dSz=   0.000  (mm)
  Object   : dOx=  -8.000, dOy=   6.000, dOz= -25.013  (mm)
  Object offset: offset_x=   0.004, offset_z=   0.002  (mm)
  Detector : dDx=   0.000, dDy=   0.000, dDz=   0.000  (mm)
  Obj Stage rotY :   14.110 deg
============================================================

Unity geometry (world coordinates):
  Source   : x=   0.000, y=  43.000, z=   0.000
  Object   : x=  -0.000, y=  20.000, z= 569.987
  Detector : x=  -2.000, y=   0.000, z= 704.000
  Obj rotY :   0.0000 deg
view   0 | SOD= 570.454 mm | SDD= 705.315 mm | M= 1.236 | incident=3.4990°
[[ 138.95432    -552.7929      -22.999733  ]
 [ -34.612938    129.47859      20.000267  ]
 [   0.1450863     0.03647086    0.        ]
 [   0.            0.            0.1496    ]]
Residual vector length: 180, Jacobian shape: (180, 6)
view   0 | SOD= 570.454 mm | SDD= 705.315 mm | M= 1.236 | incident=3.4990°
[[ 138.95416    -552.793       -22.999722  ]
 [ -34.612858    129.47855      20.000278  ]
 [   0.14508632    0.03647082    0.        ]
 [   0.            0.            0.1496    ]]

iter 29 cost=0.431321 -> 0.431321 |dtheta|=5.183287e-05  lambda=3.052e+04

============================================================
Iteration 30
============================================================
Theta offsets (Unity frame):
  Source   : dSx=   0.000, dSy=   0.000, dSz=   0.000  (mm)
  Object   : dOx=  -8.000, dOy=   6.000, dOz= -25.013  (mm)
  Object offset: offset_x=   0.004, offset_z=   0.002  (mm)
  Detector : dDx=   0.000, dDy=   0.000, dDz=   0.000  (mm)
  Obj Stage rotY :   14.110 deg
============================================================

Unity geometry (world coordinates):
  Source   : x=   0.000, y=  43.000, z=   0.000
  Object   : x=  -0.000, y=  20.000, z= 569.987
  Detector : x=  -2.000, y=   0.000, z= 704.000
  Obj rotY :   0.0000 deg
view   0 | SOD= 570.454 mm | SDD= 705.315 mm | M= 1.236 | incident=3.4990°
[[ 138.95432    -552.7929      -22.999733  ]
 [ -34.612938    129.47859      20.000267  ]
 [   0.1450863     0.03647086    0.        ]
 [   0.            0.            0.1496    ]]
Residual vector length: 180, Jacobian shape: (180, 6)
view   0 | SOD= 570.454 mm | SDD= 705.315 mm | M= 1.236 | incident=3.4990°
[[ 138.95428    -552.7929      -22.99973   ]
 [ -34.612926    129.47859      20.00027   ]
 [   0.1450863     0.03647086    0.        ]
 [   0.            0.            0.1496    ]]

iter 30 cost=0.431321 -> 0.431321 |dtheta|=1.103006e-05  lambda=1.526e+05

============================================================
Iteration 31
============================================================
Theta offsets (Unity frame):
  Source   : dSx=   0.000, dSy=   0.000, dSz=   0.000  (mm)
  Object   : dOx=  -8.000, dOy=   6.000, dOz= -25.013  (mm)
  Object offset: offset_x=   0.004, offset_z=   0.002  (mm)
  Detector : dDx=   0.000, dDy=   0.000, dDz=   0.000  (mm)
  Obj Stage rotY :   14.110 deg
============================================================

Unity geometry (world coordinates):
  Source   : x=   0.000, y=  43.000, z=   0.000
  Object   : x=  -0.000, y=  20.000, z= 569.987
  Detector : x=  -2.000, y=   0.000, z= 704.000
  Obj rotY :   0.0000 deg
view   0 | SOD= 570.454 mm | SDD= 705.315 mm | M= 1.236 | incident=3.4990°
[[ 138.95432    -552.7929      -22.999733  ]
 [ -34.612938    129.47859      20.000267  ]
 [   0.1450863     0.03647086    0.        ]
 [   0.            0.            0.1496    ]]
Residual vector length: 180, Jacobian shape: (180, 6)
view   0 | SOD= 570.454 mm | SDD= 705.315 mm | M= 1.236 | incident=3.4990°
[[ 138.95432    -552.7929      -22.999731  ]
 [ -34.612934    129.47859      20.000269  ]
 [   0.1450863     0.03647086    0.        ]
 [   0.            0.            0.1496    ]]

iter 31 cost=0.431321 -> 0.431321 |dtheta|=2.235072e-06  lambda=7.629e+05

============================================================
Iteration 32
============================================================
Theta offsets (Unity frame):
  Source   : dSx=   0.000, dSy=   0.000, dSz=   0.000  (mm)
  Object   : dOx=  -8.000, dOy=   6.000, dOz= -25.013  (mm)
  Object offset: offset_x=   0.004, offset_z=   0.002  (mm)
  Detector : dDx=   0.000, dDy=   0.000, dDz=   0.000  (mm)
  Obj Stage rotY :   14.110 deg
============================================================

Unity geometry (world coordinates):
  Source   : x=   0.000, y=  43.000, z=   0.000
  Object   : x=  -0.000, y=  20.000, z= 569.987
  Detector : x=  -2.000, y=   0.000, z= 704.000
  Obj rotY :   0.0000 deg
view   0 | SOD= 570.454 mm | SDD= 705.315 mm | M= 1.236 | incident=3.4990°
[[ 138.95432    -552.7929      -22.999733  ]
 [ -34.612938    129.47859      20.000267  ]
 [   0.1450863     0.03647086    0.        ]
 [   0.            0.            0.1496    ]]
Residual vector length: 180, Jacobian shape: (180, 6)
view   0 | SOD= 570.454 mm | SDD= 705.315 mm | M= 1.236 | incident=3.4990°
[[ 138.95432    -552.7929      -22.999731  ]
 [ -34.612934    129.47859      20.000269  ]
 [   0.1450863     0.03647086    0.        ]
 [   0.            0.            0.1496    ]]

iter 32 cost=0.431321 -> 0.431321 |dtheta|=1.706560e-06  lambda=1.000e+06

============================================================
Iteration 33
============================================================
Theta offsets (Unity frame):
  Source   : dSx=   0.000, dSy=   0.000, dSz=   0.000  (mm)
  Object   : dOx=  -8.000, dOy=   6.000, dOz= -25.013  (mm)
  Object offset: offset_x=   0.004, offset_z=   0.002  (mm)
  Detector : dDx=   0.000, dDy=   0.000, dDz=   0.000  (mm)
  Obj Stage rotY :   14.110 deg
============================================================

Unity geometry (world coordinates):
  Source   : x=   0.000, y=  43.000, z=   0.000
  Object   : x=  -0.000, y=  20.000, z= 569.987
  Detector : x=  -2.000, y=   0.000, z= 704.000
  Obj rotY :   0.0000 deg
view   0 | SOD= 570.454 mm | SDD= 705.315 mm | M= 1.236 | incident=3.4990°
[[ 138.95432    -552.7929      -22.999733  ]
 [ -34.612938    129.47859      20.000267  ]
 [   0.1450863     0.03647086    0.        ]
 [   0.            0.            0.1496    ]]
Residual vector length: 180, Jacobian shape: (180, 6)
view   0 | SOD= 570.454 mm | SDD= 705.315 mm | M= 1.236 | incident=3.4990°
[[ 138.95432    -552.7929      -22.999731  ]
 [ -34.612934    129.47859      20.000269  ]
 [   0.1450863     0.03647086    0.        ]
 [   0.            0.            0.1496    ]]

iter 33 cost=0.431321 -> 0.431321 |dtheta|=1.706560e-06  lambda=1.000e+06

============================================================
Iteration 34
============================================================
Theta offsets (Unity frame):
  Source   : dSx=   0.000, dSy=   0.000, dSz=   0.000  (mm)
  Object   : dOx=  -8.000, dOy=   6.000, dOz= -25.013  (mm)
  Object offset: offset_x=   0.004, offset_z=   0.002  (mm)
  Detector : dDx=   0.000, dDy=   0.000, dDz=   0.000  (mm)
  Obj Stage rotY :   14.110 deg
============================================================

Unity geometry (world coordinates):
  Source   : x=   0.000, y=  43.000, z=   0.000
  Object   : x=  -0.000, y=  20.000, z= 569.987
  Detector : x=  -2.000, y=   0.000, z= 704.000
  Obj rotY :   0.0000 deg
view   0 | SOD= 570.454 mm | SDD= 705.315 mm | M= 1.236 | incident=3.4990°
[[ 138.95432    -552.7929      -22.999733  ]
 [ -34.612938    129.47859      20.000267  ]
 [   0.1450863     0.03647086    0.        ]
 [   0.            0.            0.1496    ]]
Residual vector length: 180, Jacobian shape: (180, 6)
view   0 | SOD= 570.454 mm | SDD= 705.315 mm | M= 1.236 | incident=3.4990°
[[ 138.95432    -552.7929      -22.999731  ]
 [ -34.612934    129.47859      20.000269  ]
 [   0.1450863     0.03647086    0.        ]
 [   0.            0.            0.1496    ]]

iter 34 cost=0.431321 -> 0.431321 |dtheta|=1.706560e-06  lambda=1.000e+06

============================================================
Iteration 35
============================================================
Theta offsets (Unity frame):
  Source   : dSx=   0.000, dSy=   0.000, dSz=   0.000  (mm)
  Object   : dOx=  -8.000, dOy=   6.000, dOz= -25.013  (mm)
  Object offset: offset_x=   0.004, offset_z=   0.002  (mm)
  Detector : dDx=   0.000, dDy=   0.000, dDz=   0.000  (mm)
  Obj Stage rotY :   14.110 deg
============================================================

Unity geometry (world coordinates):
  Source   : x=   0.000, y=  43.000, z=   0.000
  Object   : x=  -0.000, y=  20.000, z= 569.987
  Detector : x=  -2.000, y=   0.000, z= 704.000
  Obj rotY :   0.0000 deg
view   0 | SOD= 570.454 mm | SDD= 705.315 mm | M= 1.236 | incident=3.4990°
[[ 138.95432    -552.7929      -22.999733  ]
 [ -34.612938    129.47859      20.000267  ]
 [   0.1450863     0.03647086    0.        ]
 [   0.            0.            0.1496    ]]
Residual vector length: 180, Jacobian shape: (180, 6)
view   0 | SOD= 570.454 mm | SDD= 705.315 mm | M= 1.236 | incident=3.4990°
[[ 138.95432    -552.7929      -22.999731  ]
 [ -34.612934    129.47859      20.000269  ]
 [   0.1450863     0.03647086    0.        ]
 [   0.            0.            0.1496    ]]

iter 35 cost=0.431321 -> 0.431321 |dtheta|=1.706560e-06  lambda=1.000e+06

============================================================
Iteration 36
============================================================
Theta offsets (Unity frame):
  Source   : dSx=   0.000, dSy=   0.000, dSz=   0.000  (mm)
  Object   : dOx=  -8.000, dOy=   6.000, dOz= -25.013  (mm)
  Object offset: offset_x=   0.004, offset_z=   0.002  (mm)
  Detector : dDx=   0.000, dDy=   0.000, dDz=   0.000  (mm)
  Obj Stage rotY :   14.110 deg
============================================================

Unity geometry (world coordinates):
  Source   : x=   0.000, y=  43.000, z=   0.000
  Object   : x=  -0.000, y=  20.000, z= 569.987
  Detector : x=  -2.000, y=   0.000, z= 704.000
  Obj rotY :   0.0000 deg
view   0 | SOD= 570.454 mm | SDD= 705.315 mm | M= 1.236 | incident=3.4990°
[[ 138.95432    -552.7929      -22.999733  ]
 [ -34.612938    129.47859      20.000267  ]
 [   0.1450863     0.03647086    0.        ]
 [   0.            0.            0.1496    ]]
Residual vector length: 180, Jacobian shape: (180, 6)
view   0 | SOD= 570.454 mm | SDD= 705.315 mm | M= 1.236 | incident=3.4990°
[[ 138.95432    -552.7929      -22.999731  ]
 [ -34.612934    129.47859      20.000269  ]
 [   0.1450863     0.03647086    0.        ]
 [   0.            0.            0.1496    ]]

iter 36 cost=0.431321 -> 0.431321 |dtheta|=1.706560e-06  lambda=1.000e+06

============================================================
Iteration 37
============================================================
Theta offsets (Unity frame):
  Source   : dSx=   0.000, dSy=   0.000, dSz=   0.000  (mm)
  Object   : dOx=  -8.000, dOy=   6.000, dOz= -25.013  (mm)
  Object offset: offset_x=   0.004, offset_z=   0.002  (mm)
  Detector : dDx=   0.000, dDy=   0.000, dDz=   0.000  (mm)
  Obj Stage rotY :   14.110 deg
============================================================

Unity geometry (world coordinates):
  Source   : x=   0.000, y=  43.000, z=   0.000
  Object   : x=  -0.000, y=  20.000, z= 569.987
  Detector : x=  -2.000, y=   0.000, z= 704.000
  Obj rotY :   0.0000 deg
view   0 | SOD= 570.454 mm | SDD= 705.315 mm | M= 1.236 | incident=3.4990°
[[ 138.95432    -552.7929      -22.999733  ]
 [ -34.612938    129.47859      20.000267  ]
 [   0.1450863     0.03647086    0.        ]
 [   0.            0.            0.1496    ]]
Residual vector length: 180, Jacobian shape: (180, 6)
view   0 | SOD= 570.454 mm | SDD= 705.315 mm | M= 1.236 | incident=3.4990°
[[ 138.95432    -552.7929      -22.999731  ]
 [ -34.612934    129.47859      20.000269  ]
 [   0.1450863     0.03647086    0.        ]
 [   0.            0.            0.1496    ]]

iter 37 cost=0.431321 -> 0.431321 |dtheta|=1.706560e-06  lambda=1.000e+06

============================================================
Iteration 38
============================================================
Theta offsets (Unity frame):
  Source   : dSx=   0.000, dSy=   0.000, dSz=   0.000  (mm)
  Object   : dOx=  -8.000, dOy=   6.000, dOz= -25.013  (mm)
  Object offset: offset_x=   0.004, offset_z=   0.002  (mm)
  Detector : dDx=   0.000, dDy=   0.000, dDz=   0.000  (mm)
  Obj Stage rotY :   14.110 deg
============================================================

Unity geometry (world coordinates):
  Source   : x=   0.000, y=  43.000, z=   0.000
  Object   : x=  -0.000, y=  20.000, z= 569.987
  Detector : x=  -2.000, y=   0.000, z= 704.000
  Obj rotY :   0.0000 deg
view   0 | SOD= 570.454 mm | SDD= 705.315 mm | M= 1.236 | incident=3.4990°
[[ 138.95432    -552.7929      -22.999733  ]
 [ -34.612938    129.47859      20.000267  ]
 [   0.1450863     0.03647086    0.        ]
 [   0.            0.            0.1496    ]]
Residual vector length: 180, Jacobian shape: (180, 6)
view   0 | SOD= 570.454 mm | SDD= 705.315 mm | M= 1.236 | incident=3.4990°
[[ 138.95432    -552.7929      -22.999731  ]
 [ -34.612934    129.47859      20.000269  ]
 [   0.1450863     0.03647086    0.        ]
 [   0.            0.            0.1496    ]]

iter 38 cost=0.431321 -> 0.431321 |dtheta|=1.706560e-06  lambda=1.000e+06
Stalled.

Estimated theta:
  dSx: +0.000000
  dSy: +0.000000
  dOx: -8.000499
  dOy: +6.000268
  dOz: -25.012579
  dDx: +0.000000
  dDy: +0.000000
  dDz: +0.000000
alpha: +1.411029e+01 deg)
offset_x: +0.003622
offset_z: +0.002327

Final cost table:
Fake theta: [  0.    0.   -8.    6.  -25.    0.    0.    0.   14.1   0.    0. ]
Final estimated theta: [  0.           0.          -8.00049935   6.00026789 -25.01257931
   0.           0.           0.          14.11029086   0.00362174
   0.00232671]
Diff from Expected: [ 0.          0.         -0.00049935  0.00026789 -0.01257931  0.
  0.          0.          0.01029048  0.00362174  0.00232671]
################################################################################

