
################################################################################
Running scenario=G1 N_ANGLES=36, K=1
view   0 | SOD= 570.551 mm | SDD= 705.315 mm | M= 1.236 | incident=3.4990°
[[  81.309204  -564.17444    -25.       ]
 [ -18.649195   132.69592     18.       ]
 [   0.1481441    0.0208203    0.       ]
 [   0.           0.           0.1496   ]]
           image          x1         y1  area1
0   proj_000.png  512.712714  75.034230    818
1   proj_001.png  485.703163  75.000000    822
2   proj_002.png  458.500000  75.000000    820
3   proj_003.png  431.633129  75.042945    815
4   proj_004.png  406.332921  75.105198    808
5   proj_005.png  383.150498  75.074627    804
6   proj_006.png  363.000000  75.206983    802
7   proj_007.png  346.482933  75.308470    791
8   proj_008.png  334.000000  75.292308    780
9   proj_009.png  326.041505  75.442283    771
10  proj_010.png  322.705263  75.575000    760
11  proj_011.png  323.881491  75.584554    751
12  proj_012.png  329.617368  75.639077    737
13  proj_013.png  339.649725  75.737637    728
14  proj_014.png  353.587744  75.717270    718
15  proj_015.png  371.012517  75.878999    719
16  proj_016.png  391.440056  75.940762    709
17  proj_017.png  413.958391  76.041609    721
18  proj_018.png  438.326360  76.082287    717
19  proj_019.png  463.654646  76.059639    721
20  proj_020.png  489.250346  76.130014    723
21  proj_021.png  514.465084  76.062849    716
22  proj_022.png  538.546463  76.015257    721
23  proj_023.png  560.906977  75.920657    731
24  proj_024.png  580.867028  75.922659    737
25  proj_025.png  597.708672  75.827913    738
26  proj_026.png  611.000000  75.723490    745
27  proj_027.png  620.336449  75.708945    749
28  proj_028.png  625.218254  75.650794    756
29  proj_029.png  625.886544  75.500000    758
30  proj_030.png  621.758847  75.369594    763
31  proj_031.png  612.910156  75.292969    768
32  proj_032.png  599.821705  75.182171    774
33  proj_033.png  582.523567  75.128662    785
34  proj_034.png  561.884664  75.082383    789
35  proj_035.png  538.409653  75.095297    808

============================================================
Iteration 0
============================================================
Theta offsets (Unity frame):
  Source   : dSx=   0.000, dSy=   0.000, dSz=   0.000  (mm)
  Object   : dOx=   0.000, dOy=   0.000, dOz=   0.000  (mm)
  Object offset: offset_x=   0.000, offset_z=   0.000  (mm)
  Detector : dDx=   0.000, dDy=   0.000, dDz=   0.000  (mm)
  Obj Stage rotY :    0.000 deg
============================================================

Unity geometry (world coordinates):
  Source   : x=   2.000, y=  45.000, z=   0.000
  Object   : x=   6.000, y=  18.000, z= 585.000
  Detector : x=   0.000, y=   2.000, z= 704.000
  Obj rotY :   0.0000 deg
view   0 | SOD= 585.636 mm | SDD= 705.315 mm | M= 1.204 | incident=3.4990°
[[  -4.     -585.      -27.    ]
 [  -6.      119.       16.    ]
 [   0.1496    0.        0.    ]
 [   0.        0.        0.1496]]
Residual vector length: 72, Jacobian shape: (72, 6)
view   0 | SOD= 584.374 mm | SDD= 705.315 mm | M= 1.207 | incident=3.4990°
[[   9.154199   -583.76996     -24.940718  ]
 [   0.8331077   120.18371      18.059282  ]
 [   0.14959396    0.00134325    0.        ]
 [   0.            0.            0.1496    ]]

iter 00 cost=52316.010460 -> 37.783039 |dtheta|=7.049285e+00  lambda=1.000e-02

============================================================
Iteration 1
============================================================
Theta offsets (Unity frame):
  Source   : dSx=   0.000, dSy=   0.000, dSz=   0.000  (mm)
  Object   : dOx=  -5.940, dOy=   2.059, dOz=  -2.218  (mm)
  Object offset: offset_x=  -1.973, offset_z=   1.047  (mm)
  Detector : dDx=   0.000, dDy=   0.000, dDz=   0.000  (mm)
  Obj Stage rotY :    0.514 deg
============================================================

Unity geometry (world coordinates):
  Source   : x=   2.000, y=  45.000, z=   0.000
  Object   : x=   0.060, y=  20.059, z= 582.782
  Detector : x=   0.000, y=   2.000, z= 704.000
  Obj rotY :   0.0000 deg
view   0 | SOD= 584.374 mm | SDD= 705.315 mm | M= 1.207 | incident=3.4990°
[[   9.154199   -583.76996     -24.940718  ]
 [   0.8331077   120.18371      18.059282  ]
 [   0.14959396    0.00134325    0.        ]
 [   0.            0.            0.1496    ]]
Residual vector length: 72, Jacobian shape: (72, 6)
view   0 | SOD= 583.843 mm | SDD= 705.315 mm | M= 1.208 | incident=3.4990°
[[   8.533109   -583.2472      -24.952305  ]
 [   1.2593728   120.71809      18.047695  ]
 [   0.1495958     0.00112068    0.        ]
 [   0.            0.            0.1496    ]]

iter 01 cost=37.783039 -> 4.699878 |dtheta|=6.625186e-01  lambda=3.333e-03

============================================================
Iteration 2
============================================================
Theta offsets (Unity frame):
  Source   : dSx=   0.000, dSy=   0.000, dSz=   0.000  (mm)
  Object   : dOx=  -5.968, dOy=   2.048, dOz=  -2.831  (mm)
  Object offset: offset_x=  -2.195, offset_z=   1.125  (mm)
  Detector : dDx=   0.000, dDy=   0.000, dDz=   0.000  (mm)
  Obj Stage rotY :    0.429 deg
============================================================

Unity geometry (world coordinates):
  Source   : x=   2.000, y=  45.000, z=   0.000
  Object   : x=   0.032, y=  20.048, z= 582.169
  Detector : x=   0.000, y=   2.000, z= 704.000
  Obj rotY :   0.0000 deg
view   0 | SOD= 583.843 mm | SDD= 705.315 mm | M= 1.208 | incident=3.4990°
[[   8.533109   -583.2472      -24.952305  ]
 [   1.2593728   120.71809      18.047695  ]
 [   0.1495958     0.00112068    0.        ]
 [   0.            0.            0.1496    ]]
Residual vector length: 72, Jacobian shape: (72, 6)
view   0 | SOD= 584.339 mm | SDD= 705.315 mm | M= 1.207 | incident=3.4990°
[[   8.86036    -583.7387      -24.957829  ]
 [   1.1927649   120.22236      18.042171  ]
 [   0.14959516    0.00120438    0.        ]
 [   0.            0.            0.1496    ]]

iter 02 cost=4.699878 -> 4.510436 |dtheta|=4.814791e-01  lambda=1.111e-03

============================================================
Iteration 3
============================================================
Theta offsets (Unity frame):
  Source   : dSx=   0.000, dSy=   0.000, dSz=   0.000  (mm)
  Object   : dOx=  -5.966, dOy=   2.042, dOz=  -2.350  (mm)
  Object offset: offset_x=  -2.195, offset_z=   1.142  (mm)
  Detector : dDx=   0.000, dDy=   0.000, dDz=   0.000  (mm)
  Obj Stage rotY :    0.461 deg
============================================================

Unity geometry (world coordinates):
  Source   : x=   2.000, y=  45.000, z=   0.000
  Object   : x=   0.034, y=  20.042, z= 582.650
  Detector : x=   0.000, y=   2.000, z= 704.000
  Obj rotY :   0.0000 deg
view   0 | SOD= 584.339 mm | SDD= 705.315 mm | M= 1.207 | incident=3.4990°
[[   8.86036    -583.7387      -24.957829  ]
 [   1.1927649   120.22236      18.042171  ]
 [   0.14959516    0.00120438    0.        ]
 [   0.            0.            0.1496    ]]
Residual vector length: 72, Jacobian shape: (72, 6)
view   0 | SOD= 584.312 mm | SDD= 705.315 mm | M= 1.207 | incident=3.4990°
[[   8.878727   -583.7116      -24.951443  ]
 [   1.1829196   120.24916      18.048557  ]
 [   0.1495951     0.00121037    0.        ]
 [   0.            0.            0.1496    ]]

iter 03 cost=4.510436 -> 4.474800 |dtheta|=2.199700e-02  lambda=3.704e-04

============================================================
Iteration 4
============================================================
Theta offsets (Unity frame):
  Source   : dSx=   0.000, dSy=   0.000, dSz=   0.000  (mm)
  Object   : dOx=  -5.966, dOy=   2.049, dOz=  -2.369  (mm)
  Object offset: offset_x=  -2.190, offset_z=   1.133  (mm)
  Detector : dDx=   0.000, dDy=   0.000, dDz=   0.000  (mm)
  Obj Stage rotY :    0.464 deg
============================================================

Unity geometry (world coordinates):
  Source   : x=   2.000, y=  45.000, z=   0.000
  Object   : x=   0.034, y=  20.049, z= 582.631
  Detector : x=   0.000, y=   2.000, z= 704.000
  Obj rotY :   0.0000 deg
view   0 | SOD= 584.312 mm | SDD= 705.315 mm | M= 1.207 | incident=3.4990°
[[   8.878727   -583.7116      -24.951443  ]
 [   1.1829196   120.24916      18.048557  ]
 [   0.1495951     0.00121037    0.        ]
 [   0.            0.            0.1496    ]]
Residual vector length: 72, Jacobian shape: (72, 6)
view   0 | SOD= 584.819 mm | SDD= 705.315 mm | M= 1.206 | incident=3.4990°
[[   8.14217    -584.2297      -24.957766  ]
 [   1.361745    119.740524     18.042234  ]
 [   0.14959656    0.00101585    0.        ]
 [   0.            0.            0.1496    ]]

iter 04 cost=4.474800 -> 4.490597 |dtheta|=4.961517e-01  lambda=1.235e-04

============================================================
Iteration 5
============================================================
Theta offsets (Unity frame):
  Source   : dSx=   0.000, dSy=   0.000, dSz=   0.000  (mm)
  Object   : dOx=  -5.966, dOy=   2.049, dOz=  -2.369  (mm)
  Object offset: offset_x=  -2.190, offset_z=   1.133  (mm)
  Detector : dDx=   0.000, dDy=   0.000, dDz=   0.000  (mm)
  Obj Stage rotY :    0.464 deg
============================================================

Unity geometry (world coordinates):
  Source   : x=   2.000, y=  45.000, z=   0.000
  Object   : x=   0.034, y=  20.049, z= 582.631
  Detector : x=   0.000, y=   2.000, z= 704.000
  Obj rotY :   0.0000 deg
view   0 | SOD= 584.312 mm | SDD= 705.315 mm | M= 1.207 | incident=3.4990°
[[   8.878727   -583.7116      -24.951443  ]
 [   1.1829196   120.24916      18.048557  ]
 [   0.1495951     0.00121037    0.        ]
 [   0.            0.            0.1496    ]]
Residual vector length: 72, Jacobian shape: (72, 6)
view   0 | SOD= 584.819 mm | SDD= 705.315 mm | M= 1.206 | incident=3.4990°
[[   8.142073   -584.22925     -24.957766  ]
 [   1.3617669   119.74095      18.042234  ]
 [   0.14959656    0.00101582    0.        ]
 [   0.            0.            0.1496    ]]

iter 05 cost=4.474800 -> 4.490597 |dtheta|=4.957560e-01  lambda=6.173e-04

============================================================
Iteration 6
============================================================
Theta offsets (Unity frame):
  Source   : dSx=   0.000, dSy=   0.000, dSz=   0.000  (mm)
  Object   : dOx=  -5.966, dOy=   2.049, dOz=  -2.369  (mm)
  Object offset: offset_x=  -2.190, offset_z=   1.133  (mm)
  Detector : dDx=   0.000, dDy=   0.000, dDz=   0.000  (mm)
  Obj Stage rotY :    0.464 deg
============================================================

Unity geometry (world coordinates):
  Source   : x=   2.000, y=  45.000, z=   0.000
  Object   : x=   0.034, y=  20.049, z= 582.631
  Detector : x=   0.000, y=   2.000, z= 704.000
  Obj rotY :   0.0000 deg
view   0 | SOD= 584.312 mm | SDD= 705.315 mm | M= 1.207 | incident=3.4990°
[[   8.878727   -583.7116      -24.951443  ]
 [   1.1829196   120.24916      18.048557  ]
 [   0.1495951     0.00121037    0.        ]
 [   0.            0.            0.1496    ]]
Residual vector length: 72, Jacobian shape: (72, 6)
view   0 | SOD= 584.817 mm | SDD= 705.315 mm | M= 1.206 | incident=3.4990°
[[   8.141589   -584.2272      -24.95777   ]
 [   1.3618758   119.74303      18.04223   ]
 [   0.14959656    0.0010157     0.        ]
 [   0.            0.            0.1496    ]]

iter 06 cost=4.474800 -> 4.490597 |dtheta|=4.937879e-01  lambda=3.086e-03

============================================================
Iteration 7
============================================================
Theta offsets (Unity frame):
  Source   : dSx=   0.000, dSy=   0.000, dSz=   0.000  (mm)
  Object   : dOx=  -5.966, dOy=   2.049, dOz=  -2.369  (mm)
  Object offset: offset_x=  -2.190, offset_z=   1.133  (mm)
  Detector : dDx=   0.000, dDy=   0.000, dDz=   0.000  (mm)
  Obj Stage rotY :    0.464 deg
============================================================

Unity geometry (world coordinates):
  Source   : x=   2.000, y=  45.000, z=   0.000
  Object   : x=   0.034, y=  20.049, z= 582.631
  Detector : x=   0.000, y=   2.000, z= 704.000
  Obj rotY :   0.0000 deg
view   0 | SOD= 584.312 mm | SDD= 705.315 mm | M= 1.207 | incident=3.4990°
[[   8.878727   -583.7116      -24.951443  ]
 [   1.1829196   120.24916      18.048557  ]
 [   0.1495951     0.00121037    0.        ]
 [   0.            0.            0.1496    ]]
Residual vector length: 72, Jacobian shape: (72, 6)
view   0 | SOD= 584.807 mm | SDD= 705.315 mm | M= 1.206 | incident=3.4990°
[[   8.13924    -584.2172      -24.957792  ]
 [   1.3624074   119.75303      18.042208  ]
 [   0.14959656    0.00101509    0.        ]
 [   0.            0.            0.1496    ]]

iter 07 cost=4.474800 -> 4.490597 |dtheta|=4.841888e-01  lambda=1.543e-02

============================================================
Iteration 8
============================================================
Theta offsets (Unity frame):
  Source   : dSx=   0.000, dSy=   0.000, dSz=   0.000  (mm)
  Object   : dOx=  -5.966, dOy=   2.049, dOz=  -2.369  (mm)
  Object offset: offset_x=  -2.190, offset_z=   1.133  (mm)
  Detector : dDx=   0.000, dDy=   0.000, dDz=   0.000  (mm)
  Obj Stage rotY :    0.464 deg
============================================================

Unity geometry (world coordinates):
  Source   : x=   2.000, y=  45.000, z=   0.000
  Object   : x=   0.034, y=  20.049, z= 582.631
  Detector : x=   0.000, y=   2.000, z= 704.000
  Obj rotY :   0.0000 deg
view   0 | SOD= 584.312 mm | SDD= 705.315 mm | M= 1.207 | incident=3.4990°
[[   8.878727   -583.7116      -24.951443  ]
 [   1.1829196   120.24916      18.048557  ]
 [   0.1495951     0.00121037    0.        ]
 [   0.            0.            0.1496    ]]
Residual vector length: 72, Jacobian shape: (72, 6)
view   0 | SOD= 584.762 mm | SDD= 705.315 mm | M= 1.206 | incident=3.4990°
[[   8.128973   -584.1728      -24.957888  ]
 [   1.3647296   119.79756      18.042112  ]
 [   0.14959657    0.00101241    0.        ]
 [   0.            0.            0.1496    ]]

iter 08 cost=4.474800 -> 4.435403 |dtheta|=4.415496e-01  lambda=7.716e-02

============================================================
Iteration 9
============================================================
Theta offsets (Unity frame):
  Source   : dSx=   0.000, dSy=   0.000, dSz=   0.000  (mm)
  Object   : dOx=  -5.965, dOy=   2.042, dOz=  -1.935  (mm)
  Object offset: offset_x=  -2.210, offset_z=   1.149  (mm)
  Detector : dDx=   0.000, dDy=   0.000, dDz=   0.000  (mm)
  Obj Stage rotY :    0.388 deg
============================================================

Unity geometry (world coordinates):
  Source   : x=   2.000, y=  45.000, z=   0.000
  Object   : x=   0.035, y=  20.042, z= 583.065
  Detector : x=   0.000, y=   2.000, z= 704.000
  Obj rotY :   0.0000 deg
view   0 | SOD= 584.762 mm | SDD= 705.315 mm | M= 1.206 | incident=3.4990°
[[   8.128973   -584.1728      -24.957888  ]
 [   1.3647296   119.79756      18.042112  ]
 [   0.14959657    0.00101241    0.        ]
 [   0.            0.            0.1496    ]]
Residual vector length: 72, Jacobian shape: (72, 6)
view   0 | SOD= 584.587 mm | SDD= 705.315 mm | M= 1.207 | incident=3.4990°
[[   8.640967   -583.9899      -24.950773  ]
 [   1.2437115   119.97406      18.049227  ]
 [   0.1495956     0.00114693    0.        ]
 [   0.            0.            0.1496    ]]

iter 09 cost=4.435403 -> 4.461489 |dtheta|=1.772541e-01  lambda=2.572e-02

============================================================
Iteration 10
============================================================
Theta offsets (Unity frame):
  Source   : dSx=   0.000, dSy=   0.000, dSz=   0.000  (mm)
  Object   : dOx=  -5.965, dOy=   2.042, dOz=  -1.935  (mm)
  Object offset: offset_x=  -2.210, offset_z=   1.149  (mm)
  Detector : dDx=   0.000, dDy=   0.000, dDz=   0.000  (mm)
  Obj Stage rotY :    0.388 deg
============================================================

Unity geometry (world coordinates):
  Source   : x=   2.000, y=  45.000, z=   0.000
  Object   : x=   0.035, y=  20.042, z= 583.065
  Detector : x=   0.000, y=   2.000, z= 704.000
  Obj rotY :   0.0000 deg
view   0 | SOD= 584.762 mm | SDD= 705.315 mm | M= 1.206 | incident=3.4990°
[[   8.128973   -584.1728      -24.957888  ]
 [   1.3647296   119.79756      18.042112  ]
 [   0.14959657    0.00101241    0.        ]
 [   0.            0.            0.1496    ]]
Residual vector length: 72, Jacobian shape: (72, 6)
view   0 | SOD= 584.617 mm | SDD= 705.315 mm | M= 1.206 | incident=3.4990°
[[   8.64224    -584.02        -24.950645  ]
 [   1.2437632   119.94397      18.049355  ]
 [   0.1495956     0.00114719    0.        ]
 [   0.            0.            0.1496    ]]

iter 10 cost=4.435403 -> 4.474882 |dtheta|=1.498494e-01  lambda=1.286e-01

============================================================
Iteration 11
============================================================
Theta offsets (Unity frame):
  Source   : dSx=   0.000, dSy=   0.000, dSz=   0.000  (mm)
  Object   : dOx=  -5.965, dOy=   2.042, dOz=  -1.935  (mm)
  Object offset: offset_x=  -2.210, offset_z=   1.149  (mm)
  Detector : dDx=   0.000, dDy=   0.000, dDz=   0.000  (mm)
  Obj Stage rotY :    0.388 deg
============================================================

Unity geometry (world coordinates):
  Source   : x=   2.000, y=  45.000, z=   0.000
  Object   : x=   0.035, y=  20.042, z= 583.065
  Detector : x=   0.000, y=   2.000, z= 704.000
  Obj rotY :   0.0000 deg
view   0 | SOD= 584.762 mm | SDD= 705.315 mm | M= 1.206 | incident=3.4990°
[[   8.128973   -584.1728      -24.957888  ]
 [   1.3647296   119.79756      18.042112  ]
 [   0.14959657    0.00101241    0.        ]
 [   0.            0.            0.1496    ]]
Residual vector length: 72, Jacobian shape: (72, 6)
view   0 | SOD= 584.683 mm | SDD= 705.315 mm | M= 1.206 | incident=3.4990°
[[   8.641591   -584.0869      -24.95037   ]
 [   1.2447315   119.877075     18.04963   ]
 [   0.1495956     0.00114685    0.        ]
 [   0.            0.            0.1496    ]]

iter 11 cost=4.435403 -> 4.502439 |dtheta|=9.243866e-02  lambda=6.430e-01

============================================================
Iteration 12
============================================================
Theta offsets (Unity frame):
  Source   : dSx=   0.000, dSy=   0.000, dSz=   0.000  (mm)
  Object   : dOx=  -5.965, dOy=   2.042, dOz=  -1.935  (mm)
  Object offset: offset_x=  -2.210, offset_z=   1.149  (mm)
  Detector : dDx=   0.000, dDy=   0.000, dDz=   0.000  (mm)
  Obj Stage rotY :    0.388 deg
============================================================

Unity geometry (world coordinates):
  Source   : x=   2.000, y=  45.000, z=   0.000
  Object   : x=   0.035, y=  20.042, z= 583.065
  Detector : x=   0.000, y=   2.000, z= 704.000
  Obj rotY :   0.0000 deg
view   0 | SOD= 584.762 mm | SDD= 705.315 mm | M= 1.206 | incident=3.4990°
[[   8.128973   -584.1728      -24.957888  ]
 [   1.3647296   119.79756      18.042112  ]
 [   0.14959657    0.00101241    0.        ]
 [   0.            0.            0.1496    ]]
Residual vector length: 72, Jacobian shape: (72, 6)
view   0 | SOD= 584.738 mm | SDD= 705.315 mm | M= 1.206 | incident=3.4990°
[[   8.61679    -584.1419      -24.950191  ]
 [   1.2514766   119.8224       18.049809  ]
 [   0.14959565    0.00114014    0.        ]
 [   0.            0.            0.1496    ]]

iter 12 cost=4.435403 -> 4.512959 |dtheta|=5.589363e-02  lambda=3.215e+00

============================================================
Iteration 13
============================================================
Theta offsets (Unity frame):
  Source   : dSx=   0.000, dSy=   0.000, dSz=   0.000  (mm)
  Object   : dOx=  -5.965, dOy=   2.042, dOz=  -1.935  (mm)
  Object offset: offset_x=  -2.210, offset_z=   1.149  (mm)
  Detector : dDx=   0.000, dDy=   0.000, dDz=   0.000  (mm)
  Obj Stage rotY :    0.388 deg
============================================================

Unity geometry (world coordinates):
  Source   : x=   2.000, y=  45.000, z=   0.000
  Object   : x=   0.035, y=  20.042, z= 583.065
  Detector : x=   0.000, y=   2.000, z= 704.000
  Obj rotY :   0.0000 deg
view   0 | SOD= 584.762 mm | SDD= 705.315 mm | M= 1.206 | incident=3.4990°
[[   8.128973   -584.1728      -24.957888  ]
 [   1.3647296   119.79756      18.042112  ]
 [   0.14959657    0.00101241    0.        ]
 [   0.            0.            0.1496    ]]
Residual vector length: 72, Jacobian shape: (72, 6)
view   0 | SOD= 584.758 mm | SDD= 705.315 mm | M= 1.206 | incident=3.4990°
[[   8.511671   -584.1633      -24.950314  ]
 [   1.277486    119.80236      18.049686  ]
 [   0.14959587    0.00111228    0.        ]
 [   0.            0.            0.1496    ]]

iter 13 cost=4.435403 -> 4.561165 |dtheta|=4.033621e-02  lambda=1.608e+01

============================================================
Iteration 14
============================================================
Theta offsets (Unity frame):
  Source   : dSx=   0.000, dSy=   0.000, dSz=   0.000  (mm)
  Object   : dOx=  -5.965, dOy=   2.042, dOz=  -1.935  (mm)
  Object offset: offset_x=  -2.210, offset_z=   1.149  (mm)
  Detector : dDx=   0.000, dDy=   0.000, dDz=   0.000  (mm)
  Obj Stage rotY :    0.388 deg
============================================================

Unity geometry (world coordinates):
  Source   : x=   2.000, y=  45.000, z=   0.000
  Object   : x=   0.035, y=  20.042, z= 583.065
  Detector : x=   0.000, y=   2.000, z= 704.000
  Obj rotY :   0.0000 deg
view   0 | SOD= 584.762 mm | SDD= 705.315 mm | M= 1.206 | incident=3.4990°
[[   8.128973   -584.1728      -24.957888  ]
 [   1.3647296   119.79756      18.042112  ]
 [   0.14959657    0.00101241    0.        ]
 [   0.            0.            0.1496    ]]
Residual vector length: 72, Jacobian shape: (72, 6)
view   0 | SOD= 584.765 mm | SDD= 705.315 mm | M= 1.206 | incident=3.4990°
[[   8.319675   -584.17316     -24.950783  ]
 [   1.324458    119.794945     18.049217  ]
 [   0.14959623    0.00106149    0.        ]
 [   0.            0.            0.1496    ]]

iter 14 cost=4.435403 -> 4.545198 |dtheta|=2.086749e-02  lambda=8.038e+01

============================================================
Iteration 15
============================================================
Theta offsets (Unity frame):
  Source   : dSx=   0.000, dSy=   0.000, dSz=   0.000  (mm)
  Object   : dOx=  -5.965, dOy=   2.042, dOz=  -1.935  (mm)
  Object offset: offset_x=  -2.210, offset_z=   1.149  (mm)
  Detector : dDx=   0.000, dDy=   0.000, dDz=   0.000  (mm)
  Obj Stage rotY :    0.388 deg
============================================================

Unity geometry (world coordinates):
  Source   : x=   2.000, y=  45.000, z=   0.000
  Object   : x=   0.035, y=  20.042, z= 583.065
  Detector : x=   0.000, y=   2.000, z= 704.000
  Obj rotY :   0.0000 deg
view   0 | SOD= 584.762 mm | SDD= 705.315 mm | M= 1.206 | incident=3.4990°
[[   8.128973   -584.1728      -24.957888  ]
 [   1.3647296   119.79756      18.042112  ]
 [   0.14959657    0.00101241    0.        ]
 [   0.            0.            0.1496    ]]
Residual vector length: 72, Jacobian shape: (72, 6)
view   0 | SOD= 584.767 mm | SDD= 705.315 mm | M= 1.206 | incident=3.4990°
[[   8.193776   -584.1766      -24.951809  ]
 [   1.3542943   119.79302      18.048191  ]
 [   0.14959647    0.0010284     0.        ]
 [   0.            0.            0.1496    ]]

iter 15 cost=4.435403 -> 4.531721 |dtheta|=1.021369e-02  lambda=4.019e+02

============================================================
Iteration 16
============================================================
Theta offsets (Unity frame):
  Source   : dSx=   0.000, dSy=   0.000, dSz=   0.000  (mm)
  Object   : dOx=  -5.965, dOy=   2.042, dOz=  -1.935  (mm)
  Object offset: offset_x=  -2.210, offset_z=   1.149  (mm)
  Detector : dDx=   0.000, dDy=   0.000, dDz=   0.000  (mm)
  Obj Stage rotY :    0.388 deg
============================================================

Unity geometry (world coordinates):
  Source   : x=   2.000, y=  45.000, z=   0.000
  Object   : x=   0.035, y=  20.042, z= 583.065
  Detector : x=   0.000, y=   2.000, z= 704.000
  Obj rotY :   0.0000 deg
view   0 | SOD= 584.762 mm | SDD= 705.315 mm | M= 1.206 | incident=3.4990°
[[   8.128973   -584.1728      -24.957888  ]
 [   1.3647296   119.79756      18.042112  ]
 [   0.14959657    0.00101241    0.        ]
 [   0.            0.            0.1496    ]]
Residual vector length: 72, Jacobian shape: (72, 6)
view   0 | SOD= 584.765 mm | SDD= 705.315 mm | M= 1.206 | incident=3.4990°
[[   8.148704   -584.17535     -24.95416   ]
 [   1.3629111   119.79481      18.04584   ]
 [   0.14959654    0.00101699    0.        ]
 [   0.            0.            0.1496    ]]

iter 16 cost=4.435403 -> 4.436569 |dtheta|=5.232480e-03  lambda=2.009e+03

============================================================
Iteration 17
============================================================
Theta offsets (Unity frame):
  Source   : dSx=   0.000, dSy=   0.000, dSz=   0.000  (mm)
  Object   : dOx=  -5.965, dOy=   2.042, dOz=  -1.935  (mm)
  Object offset: offset_x=  -2.210, offset_z=   1.149  (mm)
  Detector : dDx=   0.000, dDy=   0.000, dDz=   0.000  (mm)
  Obj Stage rotY :    0.388 deg
============================================================

Unity geometry (world coordinates):
  Source   : x=   2.000, y=  45.000, z=   0.000
  Object   : x=   0.035, y=  20.042, z= 583.065
  Detector : x=   0.000, y=   2.000, z= 704.000
  Obj rotY :   0.0000 deg
view   0 | SOD= 584.762 mm | SDD= 705.315 mm | M= 1.206 | incident=3.4990°
[[   8.128973   -584.1728      -24.957888  ]
 [   1.3647296   119.79756      18.042112  ]
 [   0.14959657    0.00101241    0.        ]
 [   0.            0.            0.1496    ]]
Residual vector length: 72, Jacobian shape: (72, 6)
view   0 | SOD= 584.763 mm | SDD= 705.315 mm | M= 1.206 | incident=3.4990°
[[   8.133878   -584.17365     -24.956612  ]
 [   1.3644851   119.79666      18.043388  ]
 [   0.14959657    0.00101351    0.        ]
 [   0.            0.            0.1496    ]]

iter 17 cost=4.435403 -> 4.422482 |dtheta|=1.679120e-03  lambda=1.005e+04

============================================================
Iteration 18
============================================================
Theta offsets (Unity frame):
  Source   : dSx=   0.000, dSy=   0.000, dSz=   0.000  (mm)
  Object   : dOx=  -5.965, dOy=   2.043, dOz=  -1.935  (mm)
  Object offset: offset_x=  -2.211, offset_z=   1.150  (mm)
  Detector : dDx=   0.000, dDy=   0.000, dDz=   0.000  (mm)
  Obj Stage rotY :    0.388 deg
============================================================

Unity geometry (world coordinates):
  Source   : x=   2.000, y=  45.000, z=   0.000
  Object   : x=   0.035, y=  20.043, z= 583.065
  Detector : x=   0.000, y=   2.000, z= 704.000
  Obj rotY :   0.0000 deg
view   0 | SOD= 584.763 mm | SDD= 705.315 mm | M= 1.206 | incident=3.4990°
[[   8.133878   -584.17365     -24.956612  ]
 [   1.3644851   119.79666      18.043388  ]
 [   0.14959657    0.00101351    0.        ]
 [   0.            0.            0.1496    ]]
Residual vector length: 72, Jacobian shape: (72, 6)
view   0 | SOD= 584.764 mm | SDD= 705.315 mm | M= 1.206 | incident=3.4990°
[[   8.142412   -584.17505     -24.954327  ]
 [   1.3637444   119.79516      18.045673  ]
 [   0.14959656    0.00101548    0.        ]
 [   0.            0.            0.1496    ]]

iter 18 cost=4.422482 -> 4.420919 |dtheta|=2.943384e-03  lambda=3.349e+03

============================================================
Iteration 19
============================================================
Theta offsets (Unity frame):
  Source   : dSx=   0.000, dSy=   0.000, dSz=   0.000  (mm)
  Object   : dOx=  -5.966, dOy=   2.046, dOz=  -1.935  (mm)
  Object offset: offset_x=  -2.211, offset_z=   1.152  (mm)
  Detector : dDx=   0.000, dDy=   0.000, dDz=   0.000  (mm)
  Obj Stage rotY :    0.389 deg
============================================================

Unity geometry (world coordinates):
  Source   : x=   2.000, y=  45.000, z=   0.000
  Object   : x=   0.034, y=  20.046, z= 583.065
  Detector : x=   0.000, y=   2.000, z= 704.000
  Obj rotY :   0.0000 deg
view   0 | SOD= 584.764 mm | SDD= 705.315 mm | M= 1.206 | incident=3.4990°
[[   8.142412   -584.17505     -24.954327  ]
 [   1.3637444   119.79516      18.045673  ]
 [   0.14959656    0.00101548    0.        ]
 [   0.            0.            0.1496    ]]
Residual vector length: 72, Jacobian shape: (72, 6)
view   0 | SOD= 584.765 mm | SDD= 705.315 mm | M= 1.206 | incident=3.4990°
[[   8.128961   -584.17566     -24.954123  ]
 [   1.3672811   119.7947       18.045877  ]
 [   0.14959657    0.00101187    0.        ]
 [   0.            0.            0.1496    ]]

iter 19 cost=4.420919 -> 4.434554 |dtheta|=1.593035e-03  lambda=1.116e+03

============================================================
Iteration 20
============================================================
Theta offsets (Unity frame):
  Source   : dSx=   0.000, dSy=   0.000, dSz=   0.000  (mm)
  Object   : dOx=  -5.966, dOy=   2.046, dOz=  -1.935  (mm)
  Object offset: offset_x=  -2.211, offset_z=   1.152  (mm)
  Detector : dDx=   0.000, dDy=   0.000, dDz=   0.000  (mm)
  Obj Stage rotY :    0.389 deg
============================================================

Unity geometry (world coordinates):
  Source   : x=   2.000, y=  45.000, z=   0.000
  Object   : x=   0.034, y=  20.046, z= 583.065
  Detector : x=   0.000, y=   2.000, z= 704.000
  Obj rotY :   0.0000 deg
view   0 | SOD= 584.764 mm | SDD= 705.315 mm | M= 1.206 | incident=3.4990°
[[   8.142412   -584.17505     -24.954327  ]
 [   1.3637444   119.79516      18.045673  ]
 [   0.14959656    0.00101548    0.        ]
 [   0.            0.            0.1496    ]]
Residual vector length: 72, Jacobian shape: (72, 6)
view   0 | SOD= 584.765 mm | SDD= 705.315 mm | M= 1.206 | incident=3.4990°
[[   8.139599   -584.17523     -24.954239  ]
 [   1.3645856   119.79503      18.045761  ]
 [   0.14959656    0.0010147     0.        ]
 [   0.            0.            0.1496    ]]

iter 20 cost=4.420919 -> 4.416750 |dtheta|=4.311497e-04  lambda=5.582e+03

============================================================
Iteration 21
============================================================
Theta offsets (Unity frame):
  Source   : dSx=   0.000, dSy=   0.000, dSz=   0.000  (mm)
  Object   : dOx=  -5.966, dOy=   2.046, dOz=  -1.935  (mm)
  Object offset: offset_x=  -2.211, offset_z=   1.152  (mm)
  Detector : dDx=   0.000, dDy=   0.000, dDz=   0.000  (mm)
  Obj Stage rotY :    0.389 deg
============================================================

Unity geometry (world coordinates):
  Source   : x=   2.000, y=  45.000, z=   0.000
  Object   : x=   0.034, y=  20.046, z= 583.065
  Detector : x=   0.000, y=   2.000, z= 704.000
  Obj rotY :   0.0000 deg
view   0 | SOD= 584.765 mm | SDD= 705.315 mm | M= 1.206 | incident=3.4990°
[[   8.139599   -584.17523     -24.954239  ]
 [   1.3645856   119.79503      18.045761  ]
 [   0.14959656    0.0010147     0.        ]
 [   0.            0.            0.1496    ]]
Residual vector length: 72, Jacobian shape: (72, 6)
view   0 | SOD= 584.764 mm | SDD= 705.315 mm | M= 1.206 | incident=3.4990°
[[   8.1322775  -584.1751      -24.95433   ]
 [   1.3666797   119.7952       18.04567   ]
 [   0.14959657    0.0010127     0.        ]
 [   0.            0.            0.1496    ]]

iter 21 cost=4.416750 -> 4.424618 |dtheta|=9.044050e-04  lambda=1.861e+03

============================================================
Iteration 22
============================================================
Theta offsets (Unity frame):
  Source   : dSx=   0.000, dSy=   0.000, dSz=   0.000  (mm)
  Object   : dOx=  -5.966, dOy=   2.046, dOz=  -1.935  (mm)
  Object offset: offset_x=  -2.211, offset_z=   1.152  (mm)
  Detector : dDx=   0.000, dDy=   0.000, dDz=   0.000  (mm)
  Obj Stage rotY :    0.389 deg
============================================================

Unity geometry (world coordinates):
  Source   : x=   2.000, y=  45.000, z=   0.000
  Object   : x=   0.034, y=  20.046, z= 583.065
  Detector : x=   0.000, y=   2.000, z= 704.000
  Obj rotY :   0.0000 deg
view   0 | SOD= 584.765 mm | SDD= 705.315 mm | M= 1.206 | incident=3.4990°
[[   8.139599   -584.17523     -24.954239  ]
 [   1.3645856   119.79503      18.045761  ]
 [   0.14959656    0.0010147     0.        ]
 [   0.            0.            0.1496    ]]
Residual vector length: 72, Jacobian shape: (72, 6)
view   0 | SOD= 584.765 mm | SDD= 705.315 mm | M= 1.206 | incident=3.4990°
[[   8.138082   -584.1752      -24.954273  ]
 [   1.3650848   119.79509      18.045727  ]
 [   0.14959656    0.00101427    0.        ]
 [   0.            0.            0.1496    ]]

iter 22 cost=4.416750 -> 4.414108 |dtheta|=2.386703e-04  lambda=9.303e+03

============================================================
Iteration 23
============================================================
Theta offsets (Unity frame):
  Source   : dSx=   0.000, dSy=   0.000, dSz=   0.000  (mm)
  Object   : dOx=  -5.967, dOy=   2.046, dOz=  -1.935  (mm)
  Object offset: offset_x=  -2.211, offset_z=   1.152  (mm)
  Detector : dDx=   0.000, dDy=   0.000, dDz=   0.000  (mm)
  Obj Stage rotY :    0.388 deg
============================================================

Unity geometry (world coordinates):
  Source   : x=   2.000, y=  45.000, z=   0.000
  Object   : x=   0.033, y=  20.046, z= 583.065
  Detector : x=   0.000, y=   2.000, z= 704.000
  Obj rotY :   0.0000 deg
view   0 | SOD= 584.765 mm | SDD= 705.315 mm | M= 1.206 | incident=3.4990°
[[   8.138082   -584.1752      -24.954273  ]
 [   1.3650848   119.79509      18.045727  ]
 [   0.14959656    0.00101427    0.        ]
 [   0.            0.            0.1496    ]]
Residual vector length: 72, Jacobian shape: (72, 6)
view   0 | SOD= 584.765 mm | SDD= 705.315 mm | M= 1.206 | incident=3.4990°
[[   8.137629   -584.17523     -24.954248  ]
 [   1.3653911   119.79503      18.045752  ]
 [   0.14959656    0.00101411    0.        ]
 [   0.            0.            0.1496    ]]

iter 23 cost=4.414108 -> 4.464351 |dtheta|=3.581666e-04  lambda=3.101e+03

============================================================
Iteration 24
============================================================
Theta offsets (Unity frame):
  Source   : dSx=   0.000, dSy=   0.000, dSz=   0.000  (mm)
  Object   : dOx=  -5.967, dOy=   2.046, dOz=  -1.935  (mm)
  Object offset: offset_x=  -2.211, offset_z=   1.152  (mm)
  Detector : dDx=   0.000, dDy=   0.000, dDz=   0.000  (mm)
  Obj Stage rotY :    0.388 deg
============================================================

Unity geometry (world coordinates):
  Source   : x=   2.000, y=  45.000, z=   0.000
  Object   : x=   0.033, y=  20.046, z= 583.065
  Detector : x=   0.000, y=   2.000, z= 704.000
  Obj rotY :   0.0000 deg
view   0 | SOD= 584.765 mm | SDD= 705.315 mm | M= 1.206 | incident=3.4990°
[[   8.138082   -584.1752      -24.954273  ]
 [   1.3650848   119.79509      18.045727  ]
 [   0.14959656    0.00101427    0.        ]
 [   0.            0.            0.1496    ]]
Residual vector length: 72, Jacobian shape: (72, 6)
view   0 | SOD= 584.765 mm | SDD= 705.315 mm | M= 1.206 | incident=3.4990°
[[   8.137981   -584.1752      -24.954266  ]
 [   1.3651762   119.79509      18.045734  ]
 [   0.14959656    0.00101423    0.        ]
 [   0.            0.            0.1496    ]]

iter 24 cost=4.414108 -> 4.401721 |dtheta|=1.077057e-04  lambda=1.550e+04

============================================================
Iteration 25
============================================================
Theta offsets (Unity frame):
  Source   : dSx=   0.000, dSy=   0.000, dSz=   0.000  (mm)
  Object   : dOx=  -5.967, dOy=   2.046, dOz=  -1.935  (mm)
  Object offset: offset_x=  -2.211, offset_z=   1.152  (mm)
  Detector : dDx=   0.000, dDy=   0.000, dDz=   0.000  (mm)
  Obj Stage rotY :    0.388 deg
============================================================

Unity geometry (world coordinates):
  Source   : x=   2.000, y=  45.000, z=   0.000
  Object   : x=   0.033, y=  20.046, z= 583.065
  Detector : x=   0.000, y=   2.000, z= 704.000
  Obj rotY :   0.0000 deg
view   0 | SOD= 584.765 mm | SDD= 705.315 mm | M= 1.206 | incident=3.4990°
[[   8.137981   -584.1752      -24.954266  ]
 [   1.3651762   119.79509      18.045734  ]
 [   0.14959656    0.00101423    0.        ]
 [   0.            0.            0.1496    ]]
Residual vector length: 72, Jacobian shape: (72, 6)
view   0 | SOD= 584.765 mm | SDD= 705.315 mm | M= 1.206 | incident=3.4990°
[[   8.137497   -584.1753      -24.954216  ]
 [   1.3655255   119.79497      18.045784  ]
 [   0.14959656    0.00101405    0.        ]
 [   0.            0.            0.1496    ]]

iter 25 cost=4.401721 -> 4.430725 |dtheta|=2.169824e-04  lambda=5.168e+03

============================================================
Iteration 26
============================================================
Theta offsets (Unity frame):
  Source   : dSx=   0.000, dSy=   0.000, dSz=   0.000  (mm)
  Object   : dOx=  -5.967, dOy=   2.046, dOz=  -1.935  (mm)
  Object offset: offset_x=  -2.211, offset_z=   1.152  (mm)
  Detector : dDx=   0.000, dDy=   0.000, dDz=   0.000  (mm)
  Obj Stage rotY :    0.388 deg
============================================================

Unity geometry (world coordinates):
  Source   : x=   2.000, y=  45.000, z=   0.000
  Object   : x=   0.033, y=  20.046, z= 583.065
  Detector : x=   0.000, y=   2.000, z= 704.000
  Obj rotY :   0.0000 deg
view   0 | SOD= 584.765 mm | SDD= 705.315 mm | M= 1.206 | incident=3.4990°
[[   8.137981   -584.1752      -24.954266  ]
 [   1.3651762   119.79509      18.045734  ]
 [   0.14959656    0.00101423    0.        ]
 [   0.            0.            0.1496    ]]
Residual vector length: 72, Jacobian shape: (72, 6)
view   0 | SOD= 584.765 mm | SDD= 705.315 mm | M= 1.206 | incident=3.4990°
[[   8.137896   -584.1752      -24.954252  ]
 [   1.3652594   119.79509      18.045748  ]
 [   0.14959656    0.00101419    0.        ]
 [   0.            0.            0.1496    ]]

iter 26 cost=4.401721 -> 4.406474 |dtheta|=5.669879e-05  lambda=2.584e+04

============================================================
Iteration 27
============================================================
Theta offsets (Unity frame):
  Source   : dSx=   0.000, dSy=   0.000, dSz=   0.000  (mm)
  Object   : dOx=  -5.967, dOy=   2.046, dOz=  -1.935  (mm)
  Object offset: offset_x=  -2.211, offset_z=   1.152  (mm)
  Detector : dDx=   0.000, dDy=   0.000, dDz=   0.000  (mm)
  Obj Stage rotY :    0.388 deg
============================================================

Unity geometry (world coordinates):
  Source   : x=   2.000, y=  45.000, z=   0.000
  Object   : x=   0.033, y=  20.046, z= 583.065
  Detector : x=   0.000, y=   2.000, z= 704.000
  Obj rotY :   0.0000 deg
view   0 | SOD= 584.765 mm | SDD= 705.315 mm | M= 1.206 | incident=3.4990°
[[   8.137981   -584.1752      -24.954266  ]
 [   1.3651762   119.79509      18.045734  ]
 [   0.14959656    0.00101423    0.        ]
 [   0.            0.            0.1496    ]]
Residual vector length: 72, Jacobian shape: (72, 6)
view   0 | SOD= 584.765 mm | SDD= 705.315 mm | M= 1.206 | incident=3.4990°
[[   8.137964   -584.1752      -24.954262  ]
 [   1.3651936   119.79509      18.045738  ]
 [   0.14959656    0.00101422    0.        ]
 [   0.            0.            0.1496    ]]

iter 27 cost=4.401721 -> 4.392793 |dtheta|=1.211207e-05  lambda=1.292e+05

============================================================
Iteration 28
============================================================
Theta offsets (Unity frame):
  Source   : dSx=   0.000, dSy=   0.000, dSz=   0.000  (mm)
  Object   : dOx=  -5.967, dOy=   2.046, dOz=  -1.935  (mm)
  Object offset: offset_x=  -2.211, offset_z=   1.152  (mm)
  Detector : dDx=   0.000, dDy=   0.000, dDz=   0.000  (mm)
  Obj Stage rotY :    0.388 deg
============================================================

Unity geometry (world coordinates):
  Source   : x=   2.000, y=  45.000, z=   0.000
  Object   : x=   0.033, y=  20.046, z= 583.065
  Detector : x=   0.000, y=   2.000, z= 704.000
  Obj rotY :   0.0000 deg
view   0 | SOD= 584.765 mm | SDD= 705.315 mm | M= 1.206 | incident=3.4990°
[[   8.137964   -584.1752      -24.954262  ]
 [   1.3651936   119.79509      18.045738  ]
 [   0.14959656    0.00101422    0.        ]
 [   0.            0.            0.1496    ]]
Residual vector length: 72, Jacobian shape: (72, 6)
view   0 | SOD= 584.765 mm | SDD= 705.315 mm | M= 1.206 | incident=3.4990°
[[   8.1379175  -584.1752      -24.954256  ]
 [   1.3652384   119.79509      18.045744  ]
 [   0.14959656    0.0010142     0.        ]
 [   0.            0.            0.1496    ]]

iter 28 cost=4.392793 -> 4.392793 |dtheta|=3.175010e-05  lambda=4.307e+04

============================================================
Iteration 29
============================================================
Theta offsets (Unity frame):
  Source   : dSx=   0.000, dSy=   0.000, dSz=   0.000  (mm)
  Object   : dOx=  -5.967, dOy=   2.046, dOz=  -1.935  (mm)
  Object offset: offset_x=  -2.211, offset_z=   1.152  (mm)
  Detector : dDx=   0.000, dDy=   0.000, dDz=   0.000  (mm)
  Obj Stage rotY :    0.388 deg
============================================================

Unity geometry (world coordinates):
  Source   : x=   2.000, y=  45.000, z=   0.000
  Object   : x=   0.033, y=  20.046, z= 583.065
  Detector : x=   0.000, y=   2.000, z= 704.000
  Obj rotY :   0.0000 deg
view   0 | SOD= 584.765 mm | SDD= 705.315 mm | M= 1.206 | incident=3.4990°
[[   8.137964   -584.1752      -24.954262  ]
 [   1.3651936   119.79509      18.045738  ]
 [   0.14959656    0.00101422    0.        ]
 [   0.            0.            0.1496    ]]
Residual vector length: 72, Jacobian shape: (72, 6)
view   0 | SOD= 584.765 mm | SDD= 705.315 mm | M= 1.206 | incident=3.4990°
[[   8.137955   -584.1752      -24.954262  ]
 [   1.3652025   119.79509      18.045738  ]
 [   0.14959656    0.00101422    0.        ]
 [   0.            0.            0.1496    ]]

iter 29 cost=4.392793 -> 4.392793 |dtheta|=6.599294e-06  lambda=2.153e+05

============================================================
Iteration 30
============================================================
Theta offsets (Unity frame):
  Source   : dSx=   0.000, dSy=   0.000, dSz=   0.000  (mm)
  Object   : dOx=  -5.967, dOy=   2.046, dOz=  -1.935  (mm)
  Object offset: offset_x=  -2.211, offset_z=   1.152  (mm)
  Detector : dDx=   0.000, dDy=   0.000, dDz=   0.000  (mm)
  Obj Stage rotY :    0.388 deg
============================================================

Unity geometry (world coordinates):
  Source   : x=   2.000, y=  45.000, z=   0.000
  Object   : x=   0.033, y=  20.046, z= 583.065
  Detector : x=   0.000, y=   2.000, z= 704.000
  Obj rotY :   0.0000 deg
view   0 | SOD= 584.765 mm | SDD= 705.315 mm | M= 1.206 | incident=3.4990°
[[   8.137964   -584.1752      -24.954262  ]
 [   1.3651936   119.79509      18.045738  ]
 [   0.14959656    0.00101422    0.        ]
 [   0.            0.            0.1496    ]]
Residual vector length: 72, Jacobian shape: (72, 6)
view   0 | SOD= 584.765 mm | SDD= 705.315 mm | M= 1.206 | incident=3.4990°
[[   8.137962   -584.1752      -24.954262  ]
 [   1.3651953   119.79509      18.045738  ]
 [   0.14959656    0.00101422    0.        ]
 [   0.            0.            0.1496    ]]

iter 30 cost=4.392793 -> 4.392793 |dtheta|=1.432178e-06  lambda=1.000e+06

============================================================
Iteration 31
============================================================
Theta offsets (Unity frame):
  Source   : dSx=   0.000, dSy=   0.000, dSz=   0.000  (mm)
  Object   : dOx=  -5.967, dOy=   2.046, dOz=  -1.935  (mm)
  Object offset: offset_x=  -2.211, offset_z=   1.152  (mm)
  Detector : dDx=   0.000, dDy=   0.000, dDz=   0.000  (mm)
  Obj Stage rotY :    0.388 deg
============================================================

Unity geometry (world coordinates):
  Source   : x=   2.000, y=  45.000, z=   0.000
  Object   : x=   0.033, y=  20.046, z= 583.065
  Detector : x=   0.000, y=   2.000, z= 704.000
  Obj rotY :   0.0000 deg
view   0 | SOD= 584.765 mm | SDD= 705.315 mm | M= 1.206 | incident=3.4990°
[[   8.137964   -584.1752      -24.954262  ]
 [   1.3651936   119.79509      18.045738  ]
 [   0.14959656    0.00101422    0.        ]
 [   0.            0.            0.1496    ]]
Residual vector length: 72, Jacobian shape: (72, 6)
view   0 | SOD= 584.765 mm | SDD= 705.315 mm | M= 1.206 | incident=3.4990°
[[   8.137962   -584.1752      -24.954262  ]
 [   1.3651953   119.79509      18.045738  ]
 [   0.14959656    0.00101422    0.        ]
 [   0.            0.            0.1496    ]]

iter 31 cost=4.392793 -> 4.392793 |dtheta|=1.432178e-06  lambda=1.000e+06

============================================================
Iteration 32
============================================================
Theta offsets (Unity frame):
  Source   : dSx=   0.000, dSy=   0.000, dSz=   0.000  (mm)
  Object   : dOx=  -5.967, dOy=   2.046, dOz=  -1.935  (mm)
  Object offset: offset_x=  -2.211, offset_z=   1.152  (mm)
  Detector : dDx=   0.000, dDy=   0.000, dDz=   0.000  (mm)
  Obj Stage rotY :    0.388 deg
============================================================

Unity geometry (world coordinates):
  Source   : x=   2.000, y=  45.000, z=   0.000
  Object   : x=   0.033, y=  20.046, z= 583.065
  Detector : x=   0.000, y=   2.000, z= 704.000
  Obj rotY :   0.0000 deg
view   0 | SOD= 584.765 mm | SDD= 705.315 mm | M= 1.206 | incident=3.4990°
[[   8.137964   -584.1752      -24.954262  ]
 [   1.3651936   119.79509      18.045738  ]
 [   0.14959656    0.00101422    0.        ]
 [   0.            0.            0.1496    ]]
Residual vector length: 72, Jacobian shape: (72, 6)
view   0 | SOD= 584.765 mm | SDD= 705.315 mm | M= 1.206 | incident=3.4990°
[[   8.137962   -584.1752      -24.954262  ]
 [   1.3651953   119.79509      18.045738  ]
 [   0.14959656    0.00101422    0.        ]
 [   0.            0.            0.1496    ]]

iter 32 cost=4.392793 -> 4.392793 |dtheta|=1.432178e-06  lambda=1.000e+06

============================================================
Iteration 33
============================================================
Theta offsets (Unity frame):
  Source   : dSx=   0.000, dSy=   0.000, dSz=   0.000  (mm)
  Object   : dOx=  -5.967, dOy=   2.046, dOz=  -1.935  (mm)
  Object offset: offset_x=  -2.211, offset_z=   1.152  (mm)
  Detector : dDx=   0.000, dDy=   0.000, dDz=   0.000  (mm)
  Obj Stage rotY :    0.388 deg
============================================================

Unity geometry (world coordinates):
  Source   : x=   2.000, y=  45.000, z=   0.000
  Object   : x=   0.033, y=  20.046, z= 583.065
  Detector : x=   0.000, y=   2.000, z= 704.000
  Obj rotY :   0.0000 deg
view   0 | SOD= 584.765 mm | SDD= 705.315 mm | M= 1.206 | incident=3.4990°
[[   8.137964   -584.1752      -24.954262  ]
 [   1.3651936   119.79509      18.045738  ]
 [   0.14959656    0.00101422    0.        ]
 [   0.            0.            0.1496    ]]
Residual vector length: 72, Jacobian shape: (72, 6)
view   0 | SOD= 584.765 mm | SDD= 705.315 mm | M= 1.206 | incident=3.4990°
[[   8.137962   -584.1752      -24.954262  ]
 [   1.3651953   119.79509      18.045738  ]
 [   0.14959656    0.00101422    0.        ]
 [   0.            0.            0.1496    ]]

iter 33 cost=4.392793 -> 4.392793 |dtheta|=1.432178e-06  lambda=1.000e+06

============================================================
Iteration 34
============================================================
Theta offsets (Unity frame):
  Source   : dSx=   0.000, dSy=   0.000, dSz=   0.000  (mm)
  Object   : dOx=  -5.967, dOy=   2.046, dOz=  -1.935  (mm)
  Object offset: offset_x=  -2.211, offset_z=   1.152  (mm)
  Detector : dDx=   0.000, dDy=   0.000, dDz=   0.000  (mm)
  Obj Stage rotY :    0.388 deg
============================================================

Unity geometry (world coordinates):
  Source   : x=   2.000, y=  45.000, z=   0.000
  Object   : x=   0.033, y=  20.046, z= 583.065
  Detector : x=   0.000, y=   2.000, z= 704.000
  Obj rotY :   0.0000 deg
view   0 | SOD= 584.765 mm | SDD= 705.315 mm | M= 1.206 | incident=3.4990°
[[   8.137964   -584.1752      -24.954262  ]
 [   1.3651936   119.79509      18.045738  ]
 [   0.14959656    0.00101422    0.        ]
 [   0.            0.            0.1496    ]]
Residual vector length: 72, Jacobian shape: (72, 6)
view   0 | SOD= 584.765 mm | SDD= 705.315 mm | M= 1.206 | incident=3.4990°
[[   8.137962   -584.1752      -24.954262  ]
 [   1.3651953   119.79509      18.045738  ]
 [   0.14959656    0.00101422    0.        ]
 [   0.            0.            0.1496    ]]

iter 34 cost=4.392793 -> 4.392793 |dtheta|=1.432178e-06  lambda=1.000e+06

============================================================
Iteration 35
============================================================
Theta offsets (Unity frame):
  Source   : dSx=   0.000, dSy=   0.000, dSz=   0.000  (mm)
  Object   : dOx=  -5.967, dOy=   2.046, dOz=  -1.935  (mm)
  Object offset: offset_x=  -2.211, offset_z=   1.152  (mm)
  Detector : dDx=   0.000, dDy=   0.000, dDz=   0.000  (mm)
  Obj Stage rotY :    0.388 deg
============================================================

Unity geometry (world coordinates):
  Source   : x=   2.000, y=  45.000, z=   0.000
  Object   : x=   0.033, y=  20.046, z= 583.065
  Detector : x=   0.000, y=   2.000, z= 704.000
  Obj rotY :   0.0000 deg
view   0 | SOD= 584.765 mm | SDD= 705.315 mm | M= 1.206 | incident=3.4990°
[[   8.137964   -584.1752      -24.954262  ]
 [   1.3651936   119.79509      18.045738  ]
 [   0.14959656    0.00101422    0.        ]
 [   0.            0.            0.1496    ]]
Residual vector length: 72, Jacobian shape: (72, 6)
view   0 | SOD= 584.765 mm | SDD= 705.315 mm | M= 1.206 | incident=3.4990°
[[   8.137962   -584.1752      -24.954262  ]
 [   1.3651953   119.79509      18.045738  ]
 [   0.14959656    0.00101422    0.        ]
 [   0.            0.            0.1496    ]]

iter 35 cost=4.392793 -> 4.392793 |dtheta|=1.432178e-06  lambda=1.000e+06

============================================================
Iteration 36
============================================================
Theta offsets (Unity frame):
  Source   : dSx=   0.000, dSy=   0.000, dSz=   0.000  (mm)
  Object   : dOx=  -5.967, dOy=   2.046, dOz=  -1.935  (mm)
  Object offset: offset_x=  -2.211, offset_z=   1.152  (mm)
  Detector : dDx=   0.000, dDy=   0.000, dDz=   0.000  (mm)
  Obj Stage rotY :    0.388 deg
============================================================

Unity geometry (world coordinates):
  Source   : x=   2.000, y=  45.000, z=   0.000
  Object   : x=   0.033, y=  20.046, z= 583.065
  Detector : x=   0.000, y=   2.000, z= 704.000
  Obj rotY :   0.0000 deg
view   0 | SOD= 584.765 mm | SDD= 705.315 mm | M= 1.206 | incident=3.4990°
[[   8.137964   -584.1752      -24.954262  ]
 [   1.3651936   119.79509      18.045738  ]
 [   0.14959656    0.00101422    0.        ]
 [   0.            0.            0.1496    ]]
Residual vector length: 72, Jacobian shape: (72, 6)
view   0 | SOD= 584.765 mm | SDD= 705.315 mm | M= 1.206 | incident=3.4990°
[[   8.137962   -584.1752      -24.954262  ]
 [   1.3651953   119.79509      18.045738  ]
 [   0.14959656    0.00101422    0.        ]
 [   0.            0.            0.1496    ]]

iter 36 cost=4.392793 -> 4.392793 |dtheta|=1.432178e-06  lambda=1.000e+06
Stalled.

Estimated theta:
  dSx: +0.000000
  dSy: +0.000000
  dOx: -5.966671
  dOy: +2.045737
  dOz: -1.934794
  dDx: +0.000000
  dDy: +0.000000
  dDz: +0.000000
alpha: +3.884437e-01 deg)
offset_x: -2.210650
offset_z: +1.151749

Final cost table:
Fake theta: [  0.   0.  -6.   2. -15.   0.   0.   0.   8.   0.   0.]
Final estimated theta: [ 0.          0.         -5.96667084  2.04573723 -1.93479444  0.
  0.          0.          0.3884437  -2.21065047  1.15174942]
Diff from Expected: [ 0.          0.          0.03332916  0.04573723 13.06520556  0.
  0.          0.         -7.6115563  -2.21065047  1.15174942]
################################################################################

